[2024-04-15T13:34:07.067-0400] {local_task_job_runner.py:120} INFO - ::group::Pre task execution logs
[2024-04-15T13:34:07.091-0400] {taskinstance.py:2073} INFO - Dependencies all met for dep_context=non-requeueable deps ti=<TaskInstance: preprocessing_dag.bash_task scheduled__2024-01-04T00:00:00+00:00 [queued]>
[2024-04-15T13:34:07.093-0400] {taskinstance.py:2073} INFO - Dependencies all met for dep_context=requeueable deps ti=<TaskInstance: preprocessing_dag.bash_task scheduled__2024-01-04T00:00:00+00:00 [queued]>
[2024-04-15T13:34:07.093-0400] {taskinstance.py:2303} INFO - Starting attempt 1 of 2
[2024-04-15T13:34:07.098-0400] {taskinstance.py:2327} INFO - Executing <Task(BashOperator): bash_task> on 2024-01-04 00:00:00+00:00
[2024-04-15T13:34:07.102-0400] {standard_task_runner.py:63} INFO - Started process 47773 to run task
[2024-04-15T13:34:07.105-0400] {standard_task_runner.py:90} INFO - Running: ['airflow', 'tasks', 'run', 'preprocessing_dag', 'bash_task', 'scheduled__2024-01-04T00:00:00+00:00', '--job-id', '14', '--raw', '--subdir', 'DAGS_FOLDER/preprocessing_dag.py', '--cfg-path', '/var/folders/rf/bv8hf2w15f1f30n5rv6mfypr0000gn/T/tmpxaddgr35']
[2024-04-15T13:34:07.109-0400] {standard_task_runner.py:91} INFO - Job 14: Subtask bash_task
[2024-04-15T13:34:07.131-0400] {task_command.py:426} INFO - Running <TaskInstance: preprocessing_dag.bash_task scheduled__2024-01-04T00:00:00+00:00 [running]> on host manis-macbook-air.local
[2024-04-15T13:34:07.152-0400] {taskinstance.py:2644} INFO - Exporting env vars: AIRFLOW_CTX_DAG_OWNER='airflow' AIRFLOW_CTX_DAG_ID='preprocessing_dag' AIRFLOW_CTX_TASK_ID='bash_task' AIRFLOW_CTX_EXECUTION_DATE='2024-01-04T00:00:00+00:00' AIRFLOW_CTX_TRY_NUMBER='1' AIRFLOW_CTX_DAG_RUN_ID='scheduled__2024-01-04T00:00:00+00:00'
[2024-04-15T13:34:07.153-0400] {taskinstance.py:430} INFO - ::endgroup::
[2024-04-15T13:34:07.153-0400] {subprocess.py:63} INFO - Tmp dir root location: /var/folders/rf/bv8hf2w15f1f30n5rv6mfypr0000gn/T
[2024-04-15T13:34:07.153-0400] {subprocess.py:75} INFO - Running command: ['/bin/bash', '-c', 'cd /Users/manideepakreddyaila/Desktop/projects/Legal_Insights_Engine/cap_dbt && dbt run']
[2024-04-15T13:34:07.160-0400] {subprocess.py:86} INFO - Output:
[2024-04-15T13:34:08.286-0400] {subprocess.py:93} INFO - [0m17:34:08  Running with dbt=1.7.11
[2024-04-15T13:34:08.961-0400] {subprocess.py:93} INFO - [0m17:34:08  Registered adapter: snowflake=1.7.3
[2024-04-15T13:34:09.058-0400] {subprocess.py:93} INFO - [0m17:34:09  Found 3 models, 1 source, 0 exposures, 0 metrics, 544 macros, 0 groups, 0 semantic models
[2024-04-15T13:34:09.059-0400] {subprocess.py:93} INFO - [0m17:34:09
[2024-04-15T13:34:10.271-0400] {subprocess.py:93} INFO - [0m17:34:10  Concurrency: 1 threads (target='dev')
[2024-04-15T13:34:10.273-0400] {subprocess.py:93} INFO - [0m17:34:10
[2024-04-15T13:34:10.277-0400] {subprocess.py:93} INFO - [0m17:34:10  1 of 3 START sql view model DEV.raw_data_processing ............................ [RUN]
[2024-04-15T13:34:10.938-0400] {subprocess.py:93} INFO - [0m17:34:10  1 of 3 OK created sql view model DEV.raw_data_processing ....................... [[32mSUCCESS 1[0m in 0.66s]
[2024-04-15T13:34:10.951-0400] {subprocess.py:93} INFO - [0m17:34:10  2 of 3 START sql view model DEV.flatten ........................................ [RUN]
[2024-04-15T13:34:11.661-0400] {subprocess.py:93} INFO - [0m17:34:11  2 of 3 OK created sql view model DEV.flatten ................................... [[32mSUCCESS 1[0m in 0.71s]
[2024-04-15T13:34:11.665-0400] {subprocess.py:93} INFO - [0m17:34:11  3 of 3 START sql table model DEV.aggregation ................................... [RUN]
[2024-04-15T13:34:13.192-0400] {subprocess.py:93} INFO - [0m17:34:13  3 of 3 OK created sql table model DEV.aggregation .............................. [[32mSUCCESS 1[0m in 1.52s]
[2024-04-15T13:34:13.198-0400] {subprocess.py:93} INFO - [0m17:34:13
[2024-04-15T13:34:13.200-0400] {subprocess.py:93} INFO - [0m17:34:13  Finished running 2 view models, 1 table model in 0 hours 0 minutes and 4.14 seconds (4.14s).
[2024-04-15T13:34:13.223-0400] {subprocess.py:93} INFO - [0m17:34:13
[2024-04-15T13:34:13.224-0400] {subprocess.py:93} INFO - [0m17:34:13  [32mCompleted successfully[0m
[2024-04-15T13:34:13.225-0400] {subprocess.py:93} INFO - [0m17:34:13
[2024-04-15T13:34:13.225-0400] {subprocess.py:93} INFO - [0m17:34:13  Done. PASS=3 WARN=0 ERROR=0 SKIP=0 TOTAL=3
[2024-04-15T13:34:13.549-0400] {subprocess.py:97} INFO - Command exited with return code 0
[2024-04-15T13:34:13.550-0400] {taskinstance.py:441} INFO - ::group::Post task execution logs
[2024-04-15T13:34:13.559-0400] {taskinstance.py:1205} INFO - Marking task as SUCCESS. dag_id=preprocessing_dag, task_id=bash_task, execution_date=20240104T000000, start_date=20240415T173407, end_date=20240415T173413
[2024-04-15T13:34:13.592-0400] {local_task_job_runner.py:240} INFO - Task exited with return code 0
[2024-04-15T13:34:13.601-0400] {taskinstance.py:3482} INFO - 1 downstream tasks scheduled from follow-on schedule check
[2024-04-15T13:34:13.602-0400] {local_task_job_runner.py:222} INFO - ::endgroup::
