[2024-04-15T20:50:24.956-0400] {local_task_job_runner.py:120} INFO - ::group::Pre task execution logs
[2024-04-15T20:50:24.973-0400] {taskinstance.py:2073} INFO - Dependencies all met for dep_context=non-requeueable deps ti=<TaskInstance: preprocessing_dag.bash_task scheduled__2024-04-07T00:00:00+00:00 [queued]>
[2024-04-15T20:50:24.977-0400] {taskinstance.py:2073} INFO - Dependencies all met for dep_context=requeueable deps ti=<TaskInstance: preprocessing_dag.bash_task scheduled__2024-04-07T00:00:00+00:00 [queued]>
[2024-04-15T20:50:24.977-0400] {taskinstance.py:2303} INFO - Starting attempt 1 of 2
[2024-04-15T20:50:24.985-0400] {taskinstance.py:2327} INFO - Executing <Task(BashOperator): bash_task> on 2024-04-07 00:00:00+00:00
[2024-04-15T20:50:24.989-0400] {standard_task_runner.py:63} INFO - Started process 53529 to run task
[2024-04-15T20:50:24.993-0400] {standard_task_runner.py:90} INFO - Running: ['airflow', 'tasks', 'run', 'preprocessing_dag', 'bash_task', 'scheduled__2024-04-07T00:00:00+00:00', '--job-id', '254', '--raw', '--subdir', 'DAGS_FOLDER/preprocessing_dag.py', '--cfg-path', '/var/folders/rf/bv8hf2w15f1f30n5rv6mfypr0000gn/T/tmp546a1eu0']
[2024-04-15T20:50:24.995-0400] {standard_task_runner.py:91} INFO - Job 254: Subtask bash_task
[2024-04-15T20:50:25.026-0400] {task_command.py:426} INFO - Running <TaskInstance: preprocessing_dag.bash_task scheduled__2024-04-07T00:00:00+00:00 [running]> on host manis-macbook-air.local
[2024-04-15T20:50:25.063-0400] {taskinstance.py:2644} INFO - Exporting env vars: AIRFLOW_CTX_DAG_OWNER='airflow' AIRFLOW_CTX_DAG_ID='preprocessing_dag' AIRFLOW_CTX_TASK_ID='bash_task' AIRFLOW_CTX_EXECUTION_DATE='2024-04-07T00:00:00+00:00' AIRFLOW_CTX_TRY_NUMBER='1' AIRFLOW_CTX_DAG_RUN_ID='scheduled__2024-04-07T00:00:00+00:00'
[2024-04-15T20:50:25.064-0400] {taskinstance.py:430} INFO - ::endgroup::
[2024-04-15T20:50:25.072-0400] {subprocess.py:63} INFO - Tmp dir root location: /var/folders/rf/bv8hf2w15f1f30n5rv6mfypr0000gn/T
[2024-04-15T20:50:25.073-0400] {subprocess.py:75} INFO - Running command: ['/bin/bash', '-c', 'cd /Users/manideepakreddyaila/Desktop/projects/Legal_Insights_Engine/cap_dbt && dbt run']
[2024-04-15T20:50:25.119-0400] {subprocess.py:86} INFO - Output:
[2024-04-15T20:50:28.848-0400] {subprocess.py:93} INFO - [0m00:50:28  Running with dbt=1.7.11
[2024-04-15T20:50:30.464-0400] {subprocess.py:93} INFO - [0m00:50:30  Registered adapter: snowflake=1.7.3
[2024-04-15T20:50:30.626-0400] {subprocess.py:93} INFO - [0m00:50:30  Found 3 models, 1 source, 0 exposures, 0 metrics, 544 macros, 0 groups, 0 semantic models
[2024-04-15T20:50:30.628-0400] {subprocess.py:93} INFO - [0m00:50:30
[2024-04-15T20:50:32.018-0400] {subprocess.py:93} INFO - [0m00:50:32  Concurrency: 1 threads (target='dev')
[2024-04-15T20:50:32.020-0400] {subprocess.py:93} INFO - [0m00:50:32
[2024-04-15T20:50:32.021-0400] {subprocess.py:93} INFO - [0m00:50:32  1 of 3 START sql view model DEV.raw_data_processing ............................ [RUN]
[2024-04-15T20:50:32.508-0400] {subprocess.py:93} INFO - [0m00:50:32  1 of 3 OK created sql view model DEV.raw_data_processing ....................... [[32mSUCCESS 1[0m in 0.49s]
[2024-04-15T20:50:32.510-0400] {subprocess.py:93} INFO - [0m00:50:32  2 of 3 START sql view model DEV.flatten ........................................ [RUN]
[2024-04-15T20:50:32.981-0400] {subprocess.py:93} INFO - [0m00:50:32  2 of 3 OK created sql view model DEV.flatten ................................... [[32mSUCCESS 1[0m in 0.47s]
[2024-04-15T20:50:32.982-0400] {subprocess.py:93} INFO - [0m00:50:32  3 of 3 START sql table model DEV.aggregation ................................... [RUN]
[2024-04-15T20:50:34.328-0400] {subprocess.py:93} INFO - [0m00:50:34  3 of 3 OK created sql table model DEV.aggregation .............................. [[32mSUCCESS 1[0m in 1.34s]
[2024-04-15T20:50:34.335-0400] {subprocess.py:93} INFO - [0m00:50:34
[2024-04-15T20:50:34.335-0400] {subprocess.py:93} INFO - [0m00:50:34  Finished running 2 view models, 1 table model in 0 hours 0 minutes and 3.70 seconds (3.70s).
[2024-04-15T20:50:34.339-0400] {subprocess.py:93} INFO - [0m00:50:34
[2024-04-15T20:50:34.340-0400] {subprocess.py:93} INFO - [0m00:50:34  [32mCompleted successfully[0m
[2024-04-15T20:50:34.341-0400] {subprocess.py:93} INFO - [0m00:50:34
[2024-04-15T20:50:34.341-0400] {subprocess.py:93} INFO - [0m00:50:34  Done. PASS=3 WARN=0 ERROR=0 SKIP=0 TOTAL=3
[2024-04-15T20:50:34.790-0400] {subprocess.py:97} INFO - Command exited with return code 0
[2024-04-15T20:50:34.792-0400] {taskinstance.py:441} INFO - ::group::Post task execution logs
[2024-04-15T20:50:34.810-0400] {taskinstance.py:1205} INFO - Marking task as SUCCESS. dag_id=preprocessing_dag, task_id=bash_task, execution_date=20240407T000000, start_date=20240416T005024, end_date=20240416T005034
[2024-04-15T20:50:34.855-0400] {local_task_job_runner.py:240} INFO - Task exited with return code 0
[2024-04-15T20:50:34.868-0400] {taskinstance.py:3482} INFO - 1 downstream tasks scheduled from follow-on schedule check
[2024-04-15T20:50:34.870-0400] {local_task_job_runner.py:222} INFO - ::endgroup::
