[2024-04-15T20:32:19.542-0400] {local_task_job_runner.py:120} INFO - ::group::Pre task execution logs
[2024-04-15T20:32:19.561-0400] {taskinstance.py:2073} INFO - Dependencies all met for dep_context=non-requeueable deps ti=<TaskInstance: preprocessing_dag.bash_task scheduled__2024-03-05T00:00:00+00:00 [queued]>
[2024-04-15T20:32:19.566-0400] {taskinstance.py:2073} INFO - Dependencies all met for dep_context=requeueable deps ti=<TaskInstance: preprocessing_dag.bash_task scheduled__2024-03-05T00:00:00+00:00 [queued]>
[2024-04-15T20:32:19.566-0400] {taskinstance.py:2303} INFO - Starting attempt 1 of 2
[2024-04-15T20:32:19.573-0400] {taskinstance.py:2327} INFO - Executing <Task(BashOperator): bash_task> on 2024-03-05 00:00:00+00:00
[2024-04-15T20:32:19.577-0400] {standard_task_runner.py:63} INFO - Started process 52471 to run task
[2024-04-15T20:32:19.583-0400] {standard_task_runner.py:90} INFO - Running: ['airflow', 'tasks', 'run', 'preprocessing_dag', 'bash_task', 'scheduled__2024-03-05T00:00:00+00:00', '--job-id', '182', '--raw', '--subdir', 'DAGS_FOLDER/preprocessing_dag.py', '--cfg-path', '/var/folders/rf/bv8hf2w15f1f30n5rv6mfypr0000gn/T/tmpojcueqf0']
[2024-04-15T20:32:19.585-0400] {standard_task_runner.py:91} INFO - Job 182: Subtask bash_task
[2024-04-15T20:32:19.620-0400] {task_command.py:426} INFO - Running <TaskInstance: preprocessing_dag.bash_task scheduled__2024-03-05T00:00:00+00:00 [running]> on host manis-macbook-air.local
[2024-04-15T20:32:19.666-0400] {taskinstance.py:2644} INFO - Exporting env vars: AIRFLOW_CTX_DAG_OWNER='airflow' AIRFLOW_CTX_DAG_ID='preprocessing_dag' AIRFLOW_CTX_TASK_ID='bash_task' AIRFLOW_CTX_EXECUTION_DATE='2024-03-05T00:00:00+00:00' AIRFLOW_CTX_TRY_NUMBER='1' AIRFLOW_CTX_DAG_RUN_ID='scheduled__2024-03-05T00:00:00+00:00'
[2024-04-15T20:32:19.667-0400] {taskinstance.py:430} INFO - ::endgroup::
[2024-04-15T20:32:19.677-0400] {subprocess.py:63} INFO - Tmp dir root location: /var/folders/rf/bv8hf2w15f1f30n5rv6mfypr0000gn/T
[2024-04-15T20:32:19.678-0400] {subprocess.py:75} INFO - Running command: ['/bin/bash', '-c', 'cd /Users/manideepakreddyaila/Desktop/projects/Legal_Insights_Engine/cap_dbt && dbt run']
[2024-04-15T20:32:19.683-0400] {subprocess.py:86} INFO - Output:
[2024-04-15T20:32:21.896-0400] {subprocess.py:93} INFO - [0m00:32:21  Running with dbt=1.7.11
[2024-04-15T20:32:23.203-0400] {subprocess.py:93} INFO - [0m00:32:23  Registered adapter: snowflake=1.7.3
[2024-04-15T20:32:23.381-0400] {subprocess.py:93} INFO - [0m00:32:23  Found 3 models, 1 source, 0 exposures, 0 metrics, 544 macros, 0 groups, 0 semantic models
[2024-04-15T20:32:23.383-0400] {subprocess.py:93} INFO - [0m00:32:23
[2024-04-15T20:32:25.065-0400] {subprocess.py:93} INFO - [0m00:32:25  Concurrency: 1 threads (target='dev')
[2024-04-15T20:32:25.066-0400] {subprocess.py:93} INFO - [0m00:32:25
[2024-04-15T20:32:25.068-0400] {subprocess.py:93} INFO - [0m00:32:25  1 of 3 START sql view model DEV.raw_data_processing ............................ [RUN]
[2024-04-15T20:32:25.837-0400] {subprocess.py:93} INFO - [0m00:32:25  1 of 3 OK created sql view model DEV.raw_data_processing ....................... [[32mSUCCESS 1[0m in 0.77s]
[2024-04-15T20:32:25.844-0400] {subprocess.py:93} INFO - [0m00:32:25  2 of 3 START sql view model DEV.flatten ........................................ [RUN]
[2024-04-15T20:32:26.359-0400] {subprocess.py:93} INFO - [0m00:32:26  2 of 3 OK created sql view model DEV.flatten ................................... [[32mSUCCESS 1[0m in 0.52s]
[2024-04-15T20:32:26.362-0400] {subprocess.py:93} INFO - [0m00:32:26  3 of 3 START sql table model DEV.aggregation ................................... [RUN]
[2024-04-15T20:32:27.989-0400] {subprocess.py:93} INFO - [0m00:32:27  3 of 3 OK created sql table model DEV.aggregation .............................. [[32mSUCCESS 1[0m in 1.62s]
[2024-04-15T20:32:27.995-0400] {subprocess.py:93} INFO - [0m00:32:27
[2024-04-15T20:32:27.997-0400] {subprocess.py:93} INFO - [0m00:32:27  Finished running 2 view models, 1 table model in 0 hours 0 minutes and 4.61 seconds (4.61s).
[2024-04-15T20:32:28.027-0400] {subprocess.py:93} INFO - [0m00:32:28
[2024-04-15T20:32:28.028-0400] {subprocess.py:93} INFO - [0m00:32:28  [32mCompleted successfully[0m
[2024-04-15T20:32:28.029-0400] {subprocess.py:93} INFO - [0m00:32:28
[2024-04-15T20:32:28.030-0400] {subprocess.py:93} INFO - [0m00:32:28  Done. PASS=3 WARN=0 ERROR=0 SKIP=0 TOTAL=3
[2024-04-15T20:32:28.709-0400] {subprocess.py:97} INFO - Command exited with return code 0
[2024-04-15T20:32:28.712-0400] {taskinstance.py:441} INFO - ::group::Post task execution logs
[2024-04-15T20:32:28.733-0400] {taskinstance.py:1205} INFO - Marking task as SUCCESS. dag_id=preprocessing_dag, task_id=bash_task, execution_date=20240305T000000, start_date=20240416T003219, end_date=20240416T003228
[2024-04-15T20:32:28.767-0400] {local_task_job_runner.py:240} INFO - Task exited with return code 0
[2024-04-15T20:32:28.788-0400] {taskinstance.py:3482} INFO - 1 downstream tasks scheduled from follow-on schedule check
[2024-04-15T20:32:28.789-0400] {local_task_job_runner.py:222} INFO - ::endgroup::
