[2024-04-15T21:46:11.396-0400] {local_task_job_runner.py:120} INFO - ::group::Pre task execution logs
[2024-04-15T21:46:11.404-0400] {taskinstance.py:2073} INFO - Dependencies all met for dep_context=non-requeueable deps ti=<TaskInstance: preprocessing_dag.dbt manual__2024-04-16T01:46:03.565254+00:00 [queued]>
[2024-04-15T21:46:11.413-0400] {taskinstance.py:2073} INFO - Dependencies all met for dep_context=requeueable deps ti=<TaskInstance: preprocessing_dag.dbt manual__2024-04-16T01:46:03.565254+00:00 [queued]>
[2024-04-15T21:46:11.417-0400] {taskinstance.py:2303} INFO - Starting attempt 1 of 1
[2024-04-15T21:46:11.428-0400] {taskinstance.py:2327} INFO - Executing <Task(BashOperator): dbt> on 2024-04-16 01:46:03.565254+00:00
[2024-04-15T21:46:11.443-0400] {standard_task_runner.py:63} INFO - Started process 55337 to run task
[2024-04-15T21:46:11.452-0400] {standard_task_runner.py:90} INFO - Running: ['airflow', 'tasks', 'run', 'preprocessing_dag', 'dbt', 'manual__2024-04-16T01:46:03.565254+00:00', '--job-id', '294', '--raw', '--subdir', 'DAGS_FOLDER/preprocessing_dag.py', '--cfg-path', '/var/folders/rf/bv8hf2w15f1f30n5rv6mfypr0000gn/T/tmpxb1tw_fb']
[2024-04-15T21:46:11.463-0400] {standard_task_runner.py:91} INFO - Job 294: Subtask dbt
[2024-04-15T21:46:11.502-0400] {task_command.py:426} INFO - Running <TaskInstance: preprocessing_dag.dbt manual__2024-04-16T01:46:03.565254+00:00 [running]> on host manis-macbook-air.local
[2024-04-15T21:46:11.562-0400] {taskinstance.py:2644} INFO - Exporting env vars: AIRFLOW_CTX_DAG_OWNER='airflow' AIRFLOW_CTX_DAG_ID='preprocessing_dag' AIRFLOW_CTX_TASK_ID='dbt' AIRFLOW_CTX_EXECUTION_DATE='2024-04-16T01:46:03.565254+00:00' AIRFLOW_CTX_TRY_NUMBER='1' AIRFLOW_CTX_DAG_RUN_ID='manual__2024-04-16T01:46:03.565254+00:00'
[2024-04-15T21:46:11.563-0400] {taskinstance.py:430} INFO - ::endgroup::
[2024-04-15T21:46:11.581-0400] {subprocess.py:63} INFO - Tmp dir root location: /var/folders/rf/bv8hf2w15f1f30n5rv6mfypr0000gn/T
[2024-04-15T21:46:11.583-0400] {subprocess.py:75} INFO - Running command: ['/bin/bash', '-c', 'cd /Users/manideepakreddyaila/Desktop/projects/Legal_Insights_Engine/cap_dbt && dbt run']
[2024-04-15T21:46:11.591-0400] {subprocess.py:86} INFO - Output:
[2024-04-15T21:46:14.370-0400] {subprocess.py:93} INFO - [0m01:46:14  Running with dbt=1.7.11
[2024-04-15T21:46:15.630-0400] {subprocess.py:93} INFO - [0m01:46:15  Registered adapter: snowflake=1.7.3
[2024-04-15T21:46:15.820-0400] {subprocess.py:93} INFO - [0m01:46:15  Found 3 models, 1 source, 0 exposures, 0 metrics, 544 macros, 0 groups, 0 semantic models
[2024-04-15T21:46:15.822-0400] {subprocess.py:93} INFO - [0m01:46:15
[2024-04-15T21:46:17.302-0400] {subprocess.py:93} INFO - [0m01:46:17  Concurrency: 1 threads (target='dev')
[2024-04-15T21:46:17.304-0400] {subprocess.py:93} INFO - [0m01:46:17
[2024-04-15T21:46:17.306-0400] {subprocess.py:93} INFO - [0m01:46:17  1 of 3 START sql view model DEV.raw_data_processing ............................ [RUN]
[2024-04-15T21:46:18.176-0400] {subprocess.py:93} INFO - [0m01:46:18  1 of 3 OK created sql view model DEV.raw_data_processing ....................... [[32mSUCCESS 1[0m in 0.87s]
[2024-04-15T21:46:18.178-0400] {subprocess.py:93} INFO - [0m01:46:18  2 of 3 START sql view model DEV.flatten ........................................ [RUN]
[2024-04-15T21:46:19.154-0400] {subprocess.py:93} INFO - [0m01:46:19  2 of 3 OK created sql view model DEV.flatten ................................... [[32mSUCCESS 1[0m in 0.97s]
[2024-04-15T21:46:19.157-0400] {subprocess.py:93} INFO - [0m01:46:19  3 of 3 START sql table model DEV.aggregation ................................... [RUN]
[2024-04-15T21:46:21.252-0400] {subprocess.py:93} INFO - [0m01:46:21  3 of 3 OK created sql table model DEV.aggregation .............................. [[32mSUCCESS 1[0m in 2.09s]
[2024-04-15T21:46:21.255-0400] {subprocess.py:93} INFO - [0m01:46:21
[2024-04-15T21:46:21.256-0400] {subprocess.py:93} INFO - [0m01:46:21  Finished running 2 view models, 1 table model in 0 hours 0 minutes and 5.43 seconds (5.43s).
[2024-04-15T21:46:21.267-0400] {subprocess.py:93} INFO - [0m01:46:21
[2024-04-15T21:46:21.267-0400] {subprocess.py:93} INFO - [0m01:46:21  [32mCompleted successfully[0m
[2024-04-15T21:46:21.268-0400] {subprocess.py:93} INFO - [0m01:46:21
[2024-04-15T21:46:21.268-0400] {subprocess.py:93} INFO - [0m01:46:21  Done. PASS=3 WARN=0 ERROR=0 SKIP=0 TOTAL=3
[2024-04-15T21:46:21.814-0400] {subprocess.py:97} INFO - Command exited with return code 0
[2024-04-15T21:46:21.817-0400] {taskinstance.py:441} INFO - ::group::Post task execution logs
[2024-04-15T21:46:21.835-0400] {taskinstance.py:1205} INFO - Marking task as SUCCESS. dag_id=preprocessing_dag, task_id=dbt, execution_date=20240416T014603, start_date=20240416T014611, end_date=20240416T014621
[2024-04-15T21:46:21.885-0400] {local_task_job_runner.py:240} INFO - Task exited with return code 0
[2024-04-15T21:46:21.902-0400] {taskinstance.py:3482} INFO - 1 downstream tasks scheduled from follow-on schedule check
[2024-04-15T21:46:21.903-0400] {local_task_job_runner.py:222} INFO - ::endgroup::
