[2024-04-15T20:37:27.055-0400] {local_task_job_runner.py:120} INFO - ::group::Pre task execution logs
[2024-04-15T20:37:27.074-0400] {taskinstance.py:2073} INFO - Dependencies all met for dep_context=non-requeueable deps ti=<TaskInstance: preprocessing_dag.bash_task scheduled__2024-03-27T00:00:00+00:00 [queued]>
[2024-04-15T20:37:27.078-0400] {taskinstance.py:2073} INFO - Dependencies all met for dep_context=requeueable deps ti=<TaskInstance: preprocessing_dag.bash_task scheduled__2024-03-27T00:00:00+00:00 [queued]>
[2024-04-15T20:37:27.078-0400] {taskinstance.py:2303} INFO - Starting attempt 1 of 2
[2024-04-15T20:37:27.085-0400] {taskinstance.py:2327} INFO - Executing <Task(BashOperator): bash_task> on 2024-03-27 00:00:00+00:00
[2024-04-15T20:37:27.090-0400] {standard_task_runner.py:63} INFO - Started process 52901 to run task
[2024-04-15T20:37:27.095-0400] {standard_task_runner.py:90} INFO - Running: ['airflow', 'tasks', 'run', 'preprocessing_dag', 'bash_task', 'scheduled__2024-03-27T00:00:00+00:00', '--job-id', '228', '--raw', '--subdir', 'DAGS_FOLDER/preprocessing_dag.py', '--cfg-path', '/var/folders/rf/bv8hf2w15f1f30n5rv6mfypr0000gn/T/tmpbh5chczg']
[2024-04-15T20:37:27.097-0400] {standard_task_runner.py:91} INFO - Job 228: Subtask bash_task
[2024-04-15T20:37:27.150-0400] {task_command.py:426} INFO - Running <TaskInstance: preprocessing_dag.bash_task scheduled__2024-03-27T00:00:00+00:00 [running]> on host manis-macbook-air.local
[2024-04-15T20:37:27.213-0400] {taskinstance.py:2644} INFO - Exporting env vars: AIRFLOW_CTX_DAG_OWNER='airflow' AIRFLOW_CTX_DAG_ID='preprocessing_dag' AIRFLOW_CTX_TASK_ID='bash_task' AIRFLOW_CTX_EXECUTION_DATE='2024-03-27T00:00:00+00:00' AIRFLOW_CTX_TRY_NUMBER='1' AIRFLOW_CTX_DAG_RUN_ID='scheduled__2024-03-27T00:00:00+00:00'
[2024-04-15T20:37:27.214-0400] {taskinstance.py:430} INFO - ::endgroup::
[2024-04-15T20:37:27.226-0400] {subprocess.py:63} INFO - Tmp dir root location: /var/folders/rf/bv8hf2w15f1f30n5rv6mfypr0000gn/T
[2024-04-15T20:37:27.227-0400] {subprocess.py:75} INFO - Running command: ['/bin/bash', '-c', 'cd /Users/manideepakreddyaila/Desktop/projects/Legal_Insights_Engine/cap_dbt && dbt run']
[2024-04-15T20:37:27.234-0400] {subprocess.py:86} INFO - Output:
[2024-04-15T20:37:32.809-0400] {subprocess.py:93} INFO - [0m00:37:32  Running with dbt=1.7.11
[2024-04-15T20:37:37.922-0400] {subprocess.py:93} INFO - [0m00:37:37  Registered adapter: snowflake=1.7.3
[2024-04-15T20:37:38.599-0400] {subprocess.py:93} INFO - [0m00:37:38  Found 3 models, 1 source, 0 exposures, 0 metrics, 544 macros, 0 groups, 0 semantic models
[2024-04-15T20:37:38.616-0400] {subprocess.py:93} INFO - [0m00:37:38
[2024-04-15T20:37:40.097-0400] {subprocess.py:93} INFO - [0m00:37:40  Concurrency: 1 threads (target='dev')
[2024-04-15T20:37:40.117-0400] {subprocess.py:93} INFO - [0m00:37:40
[2024-04-15T20:37:40.119-0400] {subprocess.py:93} INFO - [0m00:37:40  1 of 3 START sql view model DEV.raw_data_processing ............................ [RUN]
[2024-04-15T20:37:41.125-0400] {subprocess.py:93} INFO - [0m00:37:41  1 of 3 OK created sql view model DEV.raw_data_processing ....................... [[32mSUCCESS 1[0m in 1.00s]
[2024-04-15T20:37:41.129-0400] {subprocess.py:93} INFO - [0m00:37:41  2 of 3 START sql view model DEV.flatten ........................................ [RUN]
[2024-04-15T20:37:41.712-0400] {subprocess.py:93} INFO - [0m00:37:41  2 of 3 OK created sql view model DEV.flatten ................................... [[32mSUCCESS 1[0m in 0.58s]
[2024-04-15T20:37:41.726-0400] {subprocess.py:93} INFO - [0m00:37:41  3 of 3 START sql table model DEV.aggregation ................................... [RUN]
[2024-04-15T20:37:43.266-0400] {subprocess.py:93} INFO - [0m00:37:43  3 of 3 OK created sql table model DEV.aggregation .............................. [[32mSUCCESS 1[0m in 1.55s]
[2024-04-15T20:37:43.270-0400] {subprocess.py:93} INFO - [0m00:37:43
[2024-04-15T20:37:43.271-0400] {subprocess.py:93} INFO - [0m00:37:43  Finished running 2 view models, 1 table model in 0 hours 0 minutes and 4.65 seconds (4.65s).
[2024-04-15T20:37:43.283-0400] {subprocess.py:93} INFO - [0m00:37:43
[2024-04-15T20:37:43.283-0400] {subprocess.py:93} INFO - [0m00:37:43  [32mCompleted successfully[0m
[2024-04-15T20:37:43.284-0400] {subprocess.py:93} INFO - [0m00:37:43
[2024-04-15T20:37:43.284-0400] {subprocess.py:93} INFO - [0m00:37:43  Done. PASS=3 WARN=0 ERROR=0 SKIP=0 TOTAL=3
[2024-04-15T20:37:43.794-0400] {subprocess.py:97} INFO - Command exited with return code 0
[2024-04-15T20:37:43.798-0400] {taskinstance.py:441} INFO - ::group::Post task execution logs
[2024-04-15T20:37:43.823-0400] {taskinstance.py:1205} INFO - Marking task as SUCCESS. dag_id=preprocessing_dag, task_id=bash_task, execution_date=20240327T000000, start_date=20240416T003727, end_date=20240416T003743
[2024-04-15T20:37:43.872-0400] {local_task_job_runner.py:240} INFO - Task exited with return code 0
[2024-04-15T20:37:43.894-0400] {taskinstance.py:3482} INFO - 1 downstream tasks scheduled from follow-on schedule check
[2024-04-15T20:37:43.895-0400] {local_task_job_runner.py:222} INFO - ::endgroup::
