[2024-04-15T19:48:53.084-0400] {local_task_job_runner.py:120} INFO - ::group::Pre task execution logs
[2024-04-15T19:48:53.168-0400] {taskinstance.py:2073} INFO - Dependencies all met for dep_context=non-requeueable deps ti=<TaskInstance: preprocessing_dag.bash_task scheduled__2024-02-19T00:00:00+00:00 [queued]>
[2024-04-15T19:48:53.173-0400] {taskinstance.py:2073} INFO - Dependencies all met for dep_context=requeueable deps ti=<TaskInstance: preprocessing_dag.bash_task scheduled__2024-02-19T00:00:00+00:00 [queued]>
[2024-04-15T19:48:53.174-0400] {taskinstance.py:2303} INFO - Starting attempt 1 of 2
[2024-04-15T19:48:53.206-0400] {taskinstance.py:2327} INFO - Executing <Task(BashOperator): bash_task> on 2024-02-19 00:00:00+00:00
[2024-04-15T19:48:53.212-0400] {standard_task_runner.py:63} INFO - Started process 50193 to run task
[2024-04-15T19:48:53.218-0400] {standard_task_runner.py:90} INFO - Running: ['airflow', 'tasks', 'run', 'preprocessing_dag', 'bash_task', 'scheduled__2024-02-19T00:00:00+00:00', '--job-id', '151', '--raw', '--subdir', 'DAGS_FOLDER/preprocessing_dag.py', '--cfg-path', '/var/folders/rf/bv8hf2w15f1f30n5rv6mfypr0000gn/T/tmpgfe758fq']
[2024-04-15T19:48:53.224-0400] {standard_task_runner.py:91} INFO - Job 151: Subtask bash_task
[2024-04-15T19:48:53.273-0400] {task_command.py:426} INFO - Running <TaskInstance: preprocessing_dag.bash_task scheduled__2024-02-19T00:00:00+00:00 [running]> on host manis-macbook-air.local
[2024-04-15T19:48:53.386-0400] {taskinstance.py:2644} INFO - Exporting env vars: AIRFLOW_CTX_DAG_OWNER='airflow' AIRFLOW_CTX_DAG_ID='preprocessing_dag' AIRFLOW_CTX_TASK_ID='bash_task' AIRFLOW_CTX_EXECUTION_DATE='2024-02-19T00:00:00+00:00' AIRFLOW_CTX_TRY_NUMBER='1' AIRFLOW_CTX_DAG_RUN_ID='scheduled__2024-02-19T00:00:00+00:00'
[2024-04-15T19:48:53.387-0400] {taskinstance.py:430} INFO - ::endgroup::
[2024-04-15T19:48:53.406-0400] {subprocess.py:63} INFO - Tmp dir root location: /var/folders/rf/bv8hf2w15f1f30n5rv6mfypr0000gn/T
[2024-04-15T19:48:53.407-0400] {subprocess.py:75} INFO - Running command: ['/bin/bash', '-c', 'cd /Users/manideepakreddyaila/Desktop/projects/Legal_Insights_Engine/cap_dbt && dbt run']
[2024-04-15T19:48:53.417-0400] {subprocess.py:86} INFO - Output:
[2024-04-15T19:48:56.329-0400] {subprocess.py:93} INFO - [0m23:48:56  Running with dbt=1.7.11
[2024-04-15T19:48:57.834-0400] {subprocess.py:93} INFO - [0m23:48:57  Registered adapter: snowflake=1.7.3
[2024-04-15T19:48:58.003-0400] {subprocess.py:93} INFO - [0m23:48:58  Found 3 models, 1 source, 0 exposures, 0 metrics, 544 macros, 0 groups, 0 semantic models
[2024-04-15T19:48:58.005-0400] {subprocess.py:93} INFO - [0m23:48:58
[2024-04-15T19:48:59.094-0400] {subprocess.py:93} INFO - [0m23:48:59  Concurrency: 1 threads (target='dev')
[2024-04-15T19:48:59.095-0400] {subprocess.py:93} INFO - [0m23:48:59
[2024-04-15T19:48:59.099-0400] {subprocess.py:93} INFO - [0m23:48:59  1 of 3 START sql view model DEV.raw_data_processing ............................ [RUN]
[2024-04-15T19:48:59.897-0400] {subprocess.py:93} INFO - [0m23:48:59  1 of 3 OK created sql view model DEV.raw_data_processing ....................... [[32mSUCCESS 1[0m in 0.80s]
[2024-04-15T19:48:59.899-0400] {subprocess.py:93} INFO - [0m23:48:59  2 of 3 START sql view model DEV.flatten ........................................ [RUN]
[2024-04-15T19:49:00.701-0400] {subprocess.py:93} INFO - [0m23:49:00  2 of 3 OK created sql view model DEV.flatten ................................... [[32mSUCCESS 1[0m in 0.80s]
[2024-04-15T19:49:00.702-0400] {subprocess.py:93} INFO - [0m23:49:00  3 of 3 START sql table model DEV.aggregation ................................... [RUN]
[2024-04-15T19:49:02.485-0400] {subprocess.py:93} INFO - [0m23:49:02  3 of 3 OK created sql table model DEV.aggregation .............................. [[32mSUCCESS 1[0m in 1.78s]
[2024-04-15T19:49:02.487-0400] {subprocess.py:93} INFO - [0m23:49:02
[2024-04-15T19:49:02.488-0400] {subprocess.py:93} INFO - [0m23:49:02  Finished running 2 view models, 1 table model in 0 hours 0 minutes and 4.48 seconds (4.48s).
[2024-04-15T19:49:02.499-0400] {subprocess.py:93} INFO - [0m23:49:02
[2024-04-15T19:49:02.500-0400] {subprocess.py:93} INFO - [0m23:49:02  [32mCompleted successfully[0m
[2024-04-15T19:49:02.500-0400] {subprocess.py:93} INFO - [0m23:49:02
[2024-04-15T19:49:02.500-0400] {subprocess.py:93} INFO - [0m23:49:02  Done. PASS=3 WARN=0 ERROR=0 SKIP=0 TOTAL=3
[2024-04-15T19:49:03.108-0400] {subprocess.py:97} INFO - Command exited with return code 0
[2024-04-15T19:49:03.111-0400] {taskinstance.py:441} INFO - ::group::Post task execution logs
[2024-04-15T19:49:03.131-0400] {taskinstance.py:1205} INFO - Marking task as SUCCESS. dag_id=preprocessing_dag, task_id=bash_task, execution_date=20240219T000000, start_date=20240415T234853, end_date=20240415T234903
[2024-04-15T19:49:03.184-0400] {local_task_job_runner.py:240} INFO - Task exited with return code 0
[2024-04-15T19:49:03.200-0400] {taskinstance.py:3482} INFO - 1 downstream tasks scheduled from follow-on schedule check
[2024-04-15T19:49:03.201-0400] {local_task_job_runner.py:222} INFO - ::endgroup::
