[2024-04-15T19:12:15.441-0400] {local_task_job_runner.py:120} INFO - ::group::Pre task execution logs
[2024-04-15T19:12:15.465-0400] {taskinstance.py:2073} INFO - Dependencies all met for dep_context=non-requeueable deps ti=<TaskInstance: preprocessing_dag.bash_task scheduled__2024-02-13T00:00:00+00:00 [queued]>
[2024-04-15T19:12:15.468-0400] {taskinstance.py:2073} INFO - Dependencies all met for dep_context=requeueable deps ti=<TaskInstance: preprocessing_dag.bash_task scheduled__2024-02-13T00:00:00+00:00 [queued]>
[2024-04-15T19:12:15.469-0400] {taskinstance.py:2303} INFO - Starting attempt 1 of 2
[2024-04-15T19:12:15.477-0400] {taskinstance.py:2327} INFO - Executing <Task(BashOperator): bash_task> on 2024-02-13 00:00:00+00:00
[2024-04-15T19:12:15.482-0400] {standard_task_runner.py:63} INFO - Started process 49794 to run task
[2024-04-15T19:12:15.488-0400] {standard_task_runner.py:90} INFO - Running: ['airflow', 'tasks', 'run', 'preprocessing_dag', 'bash_task', 'scheduled__2024-02-13T00:00:00+00:00', '--job-id', '138', '--raw', '--subdir', 'DAGS_FOLDER/preprocessing_dag.py', '--cfg-path', '/var/folders/rf/bv8hf2w15f1f30n5rv6mfypr0000gn/T/tmpc1fq6ajm']
[2024-04-15T19:12:15.502-0400] {standard_task_runner.py:91} INFO - Job 138: Subtask bash_task
[2024-04-15T19:12:15.539-0400] {task_command.py:426} INFO - Running <TaskInstance: preprocessing_dag.bash_task scheduled__2024-02-13T00:00:00+00:00 [running]> on host manis-macbook-air.local
[2024-04-15T19:12:15.587-0400] {taskinstance.py:2644} INFO - Exporting env vars: AIRFLOW_CTX_DAG_OWNER='airflow' AIRFLOW_CTX_DAG_ID='preprocessing_dag' AIRFLOW_CTX_TASK_ID='bash_task' AIRFLOW_CTX_EXECUTION_DATE='2024-02-13T00:00:00+00:00' AIRFLOW_CTX_TRY_NUMBER='1' AIRFLOW_CTX_DAG_RUN_ID='scheduled__2024-02-13T00:00:00+00:00'
[2024-04-15T19:12:15.588-0400] {taskinstance.py:430} INFO - ::endgroup::
[2024-04-15T19:12:15.589-0400] {subprocess.py:63} INFO - Tmp dir root location: /var/folders/rf/bv8hf2w15f1f30n5rv6mfypr0000gn/T
[2024-04-15T19:12:15.590-0400] {subprocess.py:75} INFO - Running command: ['/bin/bash', '-c', 'cd /Users/manideepakreddyaila/Desktop/projects/Legal_Insights_Engine/cap_dbt && dbt run']
[2024-04-15T19:12:15.596-0400] {subprocess.py:86} INFO - Output:
[2024-04-15T19:12:17.492-0400] {subprocess.py:93} INFO - [0m23:12:17  Running with dbt=1.7.11
[2024-04-15T19:12:18.612-0400] {subprocess.py:93} INFO - [0m23:12:18  Registered adapter: snowflake=1.7.3
[2024-04-15T19:12:18.759-0400] {subprocess.py:93} INFO - [0m23:12:18  Found 3 models, 1 source, 0 exposures, 0 metrics, 544 macros, 0 groups, 0 semantic models
[2024-04-15T19:12:18.761-0400] {subprocess.py:93} INFO - [0m23:12:18
[2024-04-15T19:12:19.777-0400] {subprocess.py:93} INFO - [0m23:12:19  Concurrency: 1 threads (target='dev')
[2024-04-15T19:12:19.778-0400] {subprocess.py:93} INFO - [0m23:12:19
[2024-04-15T19:12:19.780-0400] {subprocess.py:93} INFO - [0m23:12:19  1 of 3 START sql view model DEV.raw_data_processing ............................ [RUN]
[2024-04-15T19:12:20.282-0400] {subprocess.py:93} INFO - [0m23:12:20  1 of 3 OK created sql view model DEV.raw_data_processing ....................... [[32mSUCCESS 1[0m in 0.50s]
[2024-04-15T19:12:20.284-0400] {subprocess.py:93} INFO - [0m23:12:20  2 of 3 START sql view model DEV.flatten ........................................ [RUN]
[2024-04-15T19:12:21.098-0400] {subprocess.py:93} INFO - [0m23:12:21  2 of 3 OK created sql view model DEV.flatten ................................... [[32mSUCCESS 1[0m in 0.81s]
[2024-04-15T19:12:21.100-0400] {subprocess.py:93} INFO - [0m23:12:21  3 of 3 START sql table model DEV.aggregation ................................... [RUN]
[2024-04-15T19:12:22.568-0400] {subprocess.py:93} INFO - [0m23:12:22  3 of 3 OK created sql table model DEV.aggregation .............................. [[32mSUCCESS 1[0m in 1.47s]
[2024-04-15T19:12:22.571-0400] {subprocess.py:93} INFO - [0m23:12:22
[2024-04-15T19:12:22.572-0400] {subprocess.py:93} INFO - [0m23:12:22  Finished running 2 view models, 1 table model in 0 hours 0 minutes and 3.81 seconds (3.81s).
[2024-04-15T19:12:22.583-0400] {subprocess.py:93} INFO - [0m23:12:22
[2024-04-15T19:12:22.584-0400] {subprocess.py:93} INFO - [0m23:12:22  [32mCompleted successfully[0m
[2024-04-15T19:12:22.584-0400] {subprocess.py:93} INFO - [0m23:12:22
[2024-04-15T19:12:22.584-0400] {subprocess.py:93} INFO - [0m23:12:22  Done. PASS=3 WARN=0 ERROR=0 SKIP=0 TOTAL=3
[2024-04-15T19:12:23.050-0400] {subprocess.py:97} INFO - Command exited with return code 0
[2024-04-15T19:12:23.051-0400] {taskinstance.py:441} INFO - ::group::Post task execution logs
[2024-04-15T19:12:23.066-0400] {taskinstance.py:1205} INFO - Marking task as SUCCESS. dag_id=preprocessing_dag, task_id=bash_task, execution_date=20240213T000000, start_date=20240415T231215, end_date=20240415T231223
[2024-04-15T19:12:23.112-0400] {local_task_job_runner.py:240} INFO - Task exited with return code 0
[2024-04-15T19:12:23.120-0400] {taskinstance.py:3482} INFO - 1 downstream tasks scheduled from follow-on schedule check
[2024-04-15T19:12:23.121-0400] {local_task_job_runner.py:222} INFO - ::endgroup::
