[2024-04-15T20:49:49.699-0400] {local_task_job_runner.py:120} INFO - ::group::Pre task execution logs
[2024-04-15T20:49:49.744-0400] {taskinstance.py:2073} INFO - Dependencies all met for dep_context=non-requeueable deps ti=<TaskInstance: preprocessing_dag.bash_task manual__2024-04-16T00:49:19.012700+00:00 [queued]>
[2024-04-15T20:49:49.748-0400] {taskinstance.py:2073} INFO - Dependencies all met for dep_context=requeueable deps ti=<TaskInstance: preprocessing_dag.bash_task manual__2024-04-16T00:49:19.012700+00:00 [queued]>
[2024-04-15T20:49:49.748-0400] {taskinstance.py:2303} INFO - Starting attempt 1 of 2
[2024-04-15T20:49:49.755-0400] {taskinstance.py:2327} INFO - Executing <Task(BashOperator): bash_task> on 2024-04-16 00:49:19.012700+00:00
[2024-04-15T20:49:49.758-0400] {standard_task_runner.py:63} INFO - Started process 53491 to run task
[2024-04-15T20:49:49.764-0400] {standard_task_runner.py:90} INFO - Running: ['airflow', 'tasks', 'run', 'preprocessing_dag', 'bash_task', 'manual__2024-04-16T00:49:19.012700+00:00', '--job-id', '247', '--raw', '--subdir', 'DAGS_FOLDER/preprocessing_dag.py', '--cfg-path', '/var/folders/rf/bv8hf2w15f1f30n5rv6mfypr0000gn/T/tmp1qm0roj6']
[2024-04-15T20:49:49.768-0400] {standard_task_runner.py:91} INFO - Job 247: Subtask bash_task
[2024-04-15T20:49:49.802-0400] {task_command.py:426} INFO - Running <TaskInstance: preprocessing_dag.bash_task manual__2024-04-16T00:49:19.012700+00:00 [running]> on host manis-macbook-air.local
[2024-04-15T20:49:49.852-0400] {taskinstance.py:2644} INFO - Exporting env vars: AIRFLOW_CTX_DAG_OWNER='airflow' AIRFLOW_CTX_DAG_ID='preprocessing_dag' AIRFLOW_CTX_TASK_ID='bash_task' AIRFLOW_CTX_EXECUTION_DATE='2024-04-16T00:49:19.012700+00:00' AIRFLOW_CTX_TRY_NUMBER='1' AIRFLOW_CTX_DAG_RUN_ID='manual__2024-04-16T00:49:19.012700+00:00'
[2024-04-15T20:49:49.853-0400] {taskinstance.py:430} INFO - ::endgroup::
[2024-04-15T20:49:49.882-0400] {subprocess.py:63} INFO - Tmp dir root location: /var/folders/rf/bv8hf2w15f1f30n5rv6mfypr0000gn/T
[2024-04-15T20:49:49.883-0400] {subprocess.py:75} INFO - Running command: ['/bin/bash', '-c', 'cd /Users/manideepakreddyaila/Desktop/projects/Legal_Insights_Engine/cap_dbt && dbt run']
[2024-04-15T20:49:49.889-0400] {subprocess.py:86} INFO - Output:
[2024-04-15T20:49:51.913-0400] {subprocess.py:93} INFO - [0m00:49:51  Running with dbt=1.7.11
[2024-04-15T20:49:53.118-0400] {subprocess.py:93} INFO - [0m00:49:53  Registered adapter: snowflake=1.7.3
[2024-04-15T20:49:53.266-0400] {subprocess.py:93} INFO - [0m00:49:53  Found 3 models, 1 source, 0 exposures, 0 metrics, 544 macros, 0 groups, 0 semantic models
[2024-04-15T20:49:53.267-0400] {subprocess.py:93} INFO - [0m00:49:53
[2024-04-15T20:49:54.212-0400] {subprocess.py:93} INFO - [0m00:49:54  Concurrency: 1 threads (target='dev')
[2024-04-15T20:49:54.213-0400] {subprocess.py:93} INFO - [0m00:49:54
[2024-04-15T20:49:54.216-0400] {subprocess.py:93} INFO - [0m00:49:54  1 of 3 START sql view model DEV.raw_data_processing ............................ [RUN]
[2024-04-15T20:49:54.744-0400] {subprocess.py:93} INFO - [0m00:49:54  1 of 3 OK created sql view model DEV.raw_data_processing ....................... [[32mSUCCESS 1[0m in 0.53s]
[2024-04-15T20:49:54.746-0400] {subprocess.py:93} INFO - [0m00:49:54  2 of 3 START sql view model DEV.flatten ........................................ [RUN]
[2024-04-15T20:49:55.508-0400] {subprocess.py:93} INFO - [0m00:49:55  2 of 3 OK created sql view model DEV.flatten ................................... [[32mSUCCESS 1[0m in 0.76s]
[2024-04-15T20:49:55.510-0400] {subprocess.py:93} INFO - [0m00:49:55  3 of 3 START sql table model DEV.aggregation ................................... [RUN]
[2024-04-15T20:49:57.141-0400] {subprocess.py:93} INFO - [0m00:49:57  3 of 3 OK created sql table model DEV.aggregation .............................. [[32mSUCCESS 1[0m in 1.63s]
[2024-04-15T20:49:57.144-0400] {subprocess.py:93} INFO - [0m00:49:57
[2024-04-15T20:49:57.145-0400] {subprocess.py:93} INFO - [0m00:49:57  Finished running 2 view models, 1 table model in 0 hours 0 minutes and 3.88 seconds (3.88s).
[2024-04-15T20:49:57.156-0400] {subprocess.py:93} INFO - [0m00:49:57
[2024-04-15T20:49:57.157-0400] {subprocess.py:93} INFO - [0m00:49:57  [32mCompleted successfully[0m
[2024-04-15T20:49:57.158-0400] {subprocess.py:93} INFO - [0m00:49:57
[2024-04-15T20:49:57.160-0400] {subprocess.py:93} INFO - [0m00:49:57  Done. PASS=3 WARN=0 ERROR=0 SKIP=0 TOTAL=3
[2024-04-15T20:49:57.665-0400] {subprocess.py:97} INFO - Command exited with return code 0
[2024-04-15T20:49:57.666-0400] {taskinstance.py:441} INFO - ::group::Post task execution logs
[2024-04-15T20:49:57.682-0400] {taskinstance.py:1205} INFO - Marking task as SUCCESS. dag_id=preprocessing_dag, task_id=bash_task, execution_date=20240416T004919, start_date=20240416T004949, end_date=20240416T004957
[2024-04-15T20:49:57.731-0400] {local_task_job_runner.py:240} INFO - Task exited with return code 0
[2024-04-15T20:49:57.743-0400] {taskinstance.py:3482} INFO - 1 downstream tasks scheduled from follow-on schedule check
[2024-04-15T20:49:57.744-0400] {local_task_job_runner.py:222} INFO - ::endgroup::
