[2024-04-15T20:33:56.266-0400] {local_task_job_runner.py:120} INFO - ::group::Pre task execution logs
[2024-04-15T20:33:56.284-0400] {taskinstance.py:2073} INFO - Dependencies all met for dep_context=non-requeueable deps ti=<TaskInstance: preprocessing_dag.bash_task scheduled__2024-03-12T00:00:00+00:00 [queued]>
[2024-04-15T20:33:56.288-0400] {taskinstance.py:2073} INFO - Dependencies all met for dep_context=requeueable deps ti=<TaskInstance: preprocessing_dag.bash_task scheduled__2024-03-12T00:00:00+00:00 [queued]>
[2024-04-15T20:33:56.288-0400] {taskinstance.py:2303} INFO - Starting attempt 1 of 2
[2024-04-15T20:33:56.295-0400] {taskinstance.py:2327} INFO - Executing <Task(BashOperator): bash_task> on 2024-03-12 00:00:00+00:00
[2024-04-15T20:33:56.300-0400] {standard_task_runner.py:63} INFO - Started process 52631 to run task
[2024-04-15T20:33:56.304-0400] {standard_task_runner.py:90} INFO - Running: ['airflow', 'tasks', 'run', 'preprocessing_dag', 'bash_task', 'scheduled__2024-03-12T00:00:00+00:00', '--job-id', '195', '--raw', '--subdir', 'DAGS_FOLDER/preprocessing_dag.py', '--cfg-path', '/var/folders/rf/bv8hf2w15f1f30n5rv6mfypr0000gn/T/tmpyhvk94_r']
[2024-04-15T20:33:56.307-0400] {standard_task_runner.py:91} INFO - Job 195: Subtask bash_task
[2024-04-15T20:33:56.344-0400] {task_command.py:426} INFO - Running <TaskInstance: preprocessing_dag.bash_task scheduled__2024-03-12T00:00:00+00:00 [running]> on host manis-macbook-air.local
[2024-04-15T20:33:56.393-0400] {taskinstance.py:2644} INFO - Exporting env vars: AIRFLOW_CTX_DAG_OWNER='airflow' AIRFLOW_CTX_DAG_ID='preprocessing_dag' AIRFLOW_CTX_TASK_ID='bash_task' AIRFLOW_CTX_EXECUTION_DATE='2024-03-12T00:00:00+00:00' AIRFLOW_CTX_TRY_NUMBER='1' AIRFLOW_CTX_DAG_RUN_ID='scheduled__2024-03-12T00:00:00+00:00'
[2024-04-15T20:33:56.394-0400] {taskinstance.py:430} INFO - ::endgroup::
[2024-04-15T20:33:56.403-0400] {subprocess.py:63} INFO - Tmp dir root location: /var/folders/rf/bv8hf2w15f1f30n5rv6mfypr0000gn/T
[2024-04-15T20:33:56.404-0400] {subprocess.py:75} INFO - Running command: ['/bin/bash', '-c', 'cd /Users/manideepakreddyaila/Desktop/projects/Legal_Insights_Engine/cap_dbt && dbt run']
[2024-04-15T20:33:56.409-0400] {subprocess.py:86} INFO - Output:
[2024-04-15T20:33:58.663-0400] {subprocess.py:93} INFO - [0m00:33:58  Running with dbt=1.7.11
[2024-04-15T20:34:00.121-0400] {subprocess.py:93} INFO - [0m00:34:00  Registered adapter: snowflake=1.7.3
[2024-04-15T20:34:00.420-0400] {subprocess.py:93} INFO - [0m00:34:00  Found 3 models, 1 source, 0 exposures, 0 metrics, 544 macros, 0 groups, 0 semantic models
[2024-04-15T20:34:00.422-0400] {subprocess.py:93} INFO - [0m00:34:00
[2024-04-15T20:34:01.979-0400] {subprocess.py:93} INFO - [0m00:34:01  Concurrency: 1 threads (target='dev')
[2024-04-15T20:34:01.981-0400] {subprocess.py:93} INFO - [0m00:34:01
[2024-04-15T20:34:01.982-0400] {subprocess.py:93} INFO - [0m00:34:01  1 of 3 START sql view model DEV.raw_data_processing ............................ [RUN]
[2024-04-15T20:34:02.724-0400] {subprocess.py:93} INFO - [0m00:34:02  1 of 3 OK created sql view model DEV.raw_data_processing ....................... [[32mSUCCESS 1[0m in 0.74s]
[2024-04-15T20:34:02.729-0400] {subprocess.py:93} INFO - [0m00:34:02  2 of 3 START sql view model DEV.flatten ........................................ [RUN]
[2024-04-15T20:34:03.295-0400] {subprocess.py:93} INFO - [0m00:34:03  2 of 3 OK created sql view model DEV.flatten ................................... [[32mSUCCESS 1[0m in 0.57s]
[2024-04-15T20:34:03.299-0400] {subprocess.py:93} INFO - [0m00:34:03  3 of 3 START sql table model DEV.aggregation ................................... [RUN]
[2024-04-15T20:34:04.474-0400] {subprocess.py:93} INFO - [0m00:34:04  3 of 3 OK created sql table model DEV.aggregation .............................. [[32mSUCCESS 1[0m in 1.17s]
[2024-04-15T20:34:04.479-0400] {subprocess.py:93} INFO - [0m00:34:04
[2024-04-15T20:34:04.480-0400] {subprocess.py:93} INFO - [0m00:34:04  Finished running 2 view models, 1 table model in 0 hours 0 minutes and 4.06 seconds (4.06s).
[2024-04-15T20:34:04.501-0400] {subprocess.py:93} INFO - [0m00:34:04
[2024-04-15T20:34:04.507-0400] {subprocess.py:93} INFO - [0m00:34:04  [32mCompleted successfully[0m
[2024-04-15T20:34:04.508-0400] {subprocess.py:93} INFO - [0m00:34:04
[2024-04-15T20:34:04.509-0400] {subprocess.py:93} INFO - [0m00:34:04  Done. PASS=3 WARN=0 ERROR=0 SKIP=0 TOTAL=3
[2024-04-15T20:34:05.171-0400] {subprocess.py:97} INFO - Command exited with return code 0
[2024-04-15T20:34:05.172-0400] {taskinstance.py:441} INFO - ::group::Post task execution logs
[2024-04-15T20:34:05.196-0400] {taskinstance.py:1205} INFO - Marking task as SUCCESS. dag_id=preprocessing_dag, task_id=bash_task, execution_date=20240312T000000, start_date=20240416T003356, end_date=20240416T003405
[2024-04-15T20:34:05.249-0400] {local_task_job_runner.py:240} INFO - Task exited with return code 0
[2024-04-15T20:34:05.267-0400] {taskinstance.py:3482} INFO - 1 downstream tasks scheduled from follow-on schedule check
[2024-04-15T20:34:05.268-0400] {local_task_job_runner.py:222} INFO - ::endgroup::
