[2024-04-15T13:33:37.194-0400] {local_task_job_runner.py:120} INFO - ::group::Pre task execution logs
[2024-04-15T13:33:37.205-0400] {taskinstance.py:2073} INFO - Dependencies all met for dep_context=non-requeueable deps ti=<TaskInstance: preprocessing_dag.bash_task scheduled__2024-01-02T00:00:00+00:00 [queued]>
[2024-04-15T13:33:37.207-0400] {taskinstance.py:2073} INFO - Dependencies all met for dep_context=requeueable deps ti=<TaskInstance: preprocessing_dag.bash_task scheduled__2024-01-02T00:00:00+00:00 [queued]>
[2024-04-15T13:33:37.207-0400] {taskinstance.py:2303} INFO - Starting attempt 1 of 2
[2024-04-15T13:33:37.211-0400] {taskinstance.py:2327} INFO - Executing <Task(BashOperator): bash_task> on 2024-01-02 00:00:00+00:00
[2024-04-15T13:33:37.215-0400] {standard_task_runner.py:63} INFO - Started process 47734 to run task
[2024-04-15T13:33:37.217-0400] {standard_task_runner.py:90} INFO - Running: ['airflow', 'tasks', 'run', 'preprocessing_dag', 'bash_task', 'scheduled__2024-01-02T00:00:00+00:00', '--job-id', '8', '--raw', '--subdir', 'DAGS_FOLDER/preprocessing_dag.py', '--cfg-path', '/var/folders/rf/bv8hf2w15f1f30n5rv6mfypr0000gn/T/tmp9xegfkz_']
[2024-04-15T13:33:37.220-0400] {standard_task_runner.py:91} INFO - Job 8: Subtask bash_task
[2024-04-15T13:33:37.248-0400] {task_command.py:426} INFO - Running <TaskInstance: preprocessing_dag.bash_task scheduled__2024-01-02T00:00:00+00:00 [running]> on host manis-macbook-air.local
[2024-04-15T13:33:37.269-0400] {taskinstance.py:2644} INFO - Exporting env vars: AIRFLOW_CTX_DAG_OWNER='airflow' AIRFLOW_CTX_DAG_ID='preprocessing_dag' AIRFLOW_CTX_TASK_ID='bash_task' AIRFLOW_CTX_EXECUTION_DATE='2024-01-02T00:00:00+00:00' AIRFLOW_CTX_TRY_NUMBER='1' AIRFLOW_CTX_DAG_RUN_ID='scheduled__2024-01-02T00:00:00+00:00'
[2024-04-15T13:33:37.270-0400] {taskinstance.py:430} INFO - ::endgroup::
[2024-04-15T13:33:37.270-0400] {subprocess.py:63} INFO - Tmp dir root location: /var/folders/rf/bv8hf2w15f1f30n5rv6mfypr0000gn/T
[2024-04-15T13:33:37.271-0400] {subprocess.py:75} INFO - Running command: ['/bin/bash', '-c', 'cd /Users/manideepakreddyaila/Desktop/projects/Legal_Insights_Engine/cap_dbt && dbt run']
[2024-04-15T13:33:37.277-0400] {subprocess.py:86} INFO - Output:
[2024-04-15T13:33:38.339-0400] {subprocess.py:93} INFO - [0m17:33:38  Running with dbt=1.7.11
[2024-04-15T13:33:38.966-0400] {subprocess.py:93} INFO - [0m17:33:38  Registered adapter: snowflake=1.7.3
[2024-04-15T13:33:39.058-0400] {subprocess.py:93} INFO - [0m17:33:39  Found 3 models, 1 source, 0 exposures, 0 metrics, 544 macros, 0 groups, 0 semantic models
[2024-04-15T13:33:39.059-0400] {subprocess.py:93} INFO - [0m17:33:39
[2024-04-15T13:33:40.214-0400] {subprocess.py:93} INFO - [0m17:33:40  Concurrency: 1 threads (target='dev')
[2024-04-15T13:33:40.220-0400] {subprocess.py:93} INFO - [0m17:33:40
[2024-04-15T13:33:40.222-0400] {subprocess.py:93} INFO - [0m17:33:40  1 of 3 START sql view model DEV.raw_data_processing ............................ [RUN]
[2024-04-15T13:33:41.016-0400] {subprocess.py:93} INFO - [0m17:33:41  1 of 3 OK created sql view model DEV.raw_data_processing ....................... [[32mSUCCESS 1[0m in 0.79s]
[2024-04-15T13:33:41.021-0400] {subprocess.py:93} INFO - [0m17:33:41  2 of 3 START sql view model DEV.flatten ........................................ [RUN]
[2024-04-15T13:33:41.719-0400] {subprocess.py:93} INFO - [0m17:33:41  2 of 3 OK created sql view model DEV.flatten ................................... [[32mSUCCESS 1[0m in 0.69s]
[2024-04-15T13:33:41.724-0400] {subprocess.py:93} INFO - [0m17:33:41  3 of 3 START sql table model DEV.aggregation ................................... [RUN]
[2024-04-15T13:33:44.117-0400] {subprocess.py:93} INFO - [0m17:33:44  3 of 3 OK created sql table model DEV.aggregation .............................. [[32mSUCCESS 1[0m in 2.39s]
[2024-04-15T13:33:44.124-0400] {subprocess.py:93} INFO - [0m17:33:44
[2024-04-15T13:33:44.125-0400] {subprocess.py:93} INFO - [0m17:33:44  Finished running 2 view models, 1 table model in 0 hours 0 minutes and 5.06 seconds (5.06s).
[2024-04-15T13:33:44.146-0400] {subprocess.py:93} INFO - [0m17:33:44
[2024-04-15T13:33:44.147-0400] {subprocess.py:93} INFO - [0m17:33:44  [32mCompleted successfully[0m
[2024-04-15T13:33:44.148-0400] {subprocess.py:93} INFO - [0m17:33:44
[2024-04-15T13:33:44.148-0400] {subprocess.py:93} INFO - [0m17:33:44  Done. PASS=3 WARN=0 ERROR=0 SKIP=0 TOTAL=3
[2024-04-15T13:33:44.493-0400] {subprocess.py:97} INFO - Command exited with return code 0
[2024-04-15T13:33:44.495-0400] {taskinstance.py:441} INFO - ::group::Post task execution logs
[2024-04-15T13:33:44.507-0400] {taskinstance.py:1205} INFO - Marking task as SUCCESS. dag_id=preprocessing_dag, task_id=bash_task, execution_date=20240102T000000, start_date=20240415T173337, end_date=20240415T173344
[2024-04-15T13:33:44.537-0400] {local_task_job_runner.py:240} INFO - Task exited with return code 0
[2024-04-15T13:33:44.546-0400] {taskinstance.py:3482} INFO - 1 downstream tasks scheduled from follow-on schedule check
[2024-04-15T13:33:44.547-0400] {local_task_job_runner.py:222} INFO - ::endgroup::
