[2024-04-15T19:50:48.045-0400] {local_task_job_runner.py:120} INFO - ::group::Pre task execution logs
[2024-04-15T19:50:48.068-0400] {taskinstance.py:2073} INFO - Dependencies all met for dep_context=non-requeueable deps ti=<TaskInstance: preprocessing_dag.bash_task scheduled__2024-02-21T00:00:00+00:00 [queued]>
[2024-04-15T19:50:48.077-0400] {taskinstance.py:2073} INFO - Dependencies all met for dep_context=requeueable deps ti=<TaskInstance: preprocessing_dag.bash_task scheduled__2024-02-21T00:00:00+00:00 [queued]>
[2024-04-15T19:50:48.078-0400] {taskinstance.py:2303} INFO - Starting attempt 1 of 2
[2024-04-15T19:50:48.088-0400] {taskinstance.py:2327} INFO - Executing <Task(BashOperator): bash_task> on 2024-02-21 00:00:00+00:00
[2024-04-15T19:50:48.093-0400] {standard_task_runner.py:63} INFO - Started process 50282 to run task
[2024-04-15T19:50:48.096-0400] {standard_task_runner.py:90} INFO - Running: ['airflow', 'tasks', 'run', 'preprocessing_dag', 'bash_task', 'scheduled__2024-02-21T00:00:00+00:00', '--job-id', '155', '--raw', '--subdir', 'DAGS_FOLDER/preprocessing_dag.py', '--cfg-path', '/var/folders/rf/bv8hf2w15f1f30n5rv6mfypr0000gn/T/tmpjcut2aqu']
[2024-04-15T19:50:48.099-0400] {standard_task_runner.py:91} INFO - Job 155: Subtask bash_task
[2024-04-15T19:50:48.122-0400] {task_command.py:426} INFO - Running <TaskInstance: preprocessing_dag.bash_task scheduled__2024-02-21T00:00:00+00:00 [running]> on host manis-macbook-air.local
[2024-04-15T19:50:48.166-0400] {taskinstance.py:2644} INFO - Exporting env vars: AIRFLOW_CTX_DAG_OWNER='airflow' AIRFLOW_CTX_DAG_ID='preprocessing_dag' AIRFLOW_CTX_TASK_ID='bash_task' AIRFLOW_CTX_EXECUTION_DATE='2024-02-21T00:00:00+00:00' AIRFLOW_CTX_TRY_NUMBER='1' AIRFLOW_CTX_DAG_RUN_ID='scheduled__2024-02-21T00:00:00+00:00'
[2024-04-15T19:50:48.167-0400] {taskinstance.py:430} INFO - ::endgroup::
[2024-04-15T19:50:48.177-0400] {subprocess.py:63} INFO - Tmp dir root location: /var/folders/rf/bv8hf2w15f1f30n5rv6mfypr0000gn/T
[2024-04-15T19:50:48.178-0400] {subprocess.py:75} INFO - Running command: ['/bin/bash', '-c', 'cd /Users/manideepakreddyaila/Desktop/projects/Legal_Insights_Engine/cap_dbt && dbt run']
[2024-04-15T19:50:48.184-0400] {subprocess.py:86} INFO - Output:
[2024-04-15T19:50:50.756-0400] {subprocess.py:93} INFO - [0m23:50:50  Running with dbt=1.7.11
[2024-04-15T19:50:52.387-0400] {subprocess.py:93} INFO - [0m23:50:52  Registered adapter: snowflake=1.7.3
[2024-04-15T19:50:52.558-0400] {subprocess.py:93} INFO - [0m23:50:52  Found 3 models, 1 source, 0 exposures, 0 metrics, 544 macros, 0 groups, 0 semantic models
[2024-04-15T19:50:52.560-0400] {subprocess.py:93} INFO - [0m23:50:52
[2024-04-15T19:50:54.028-0400] {subprocess.py:93} INFO - [0m23:50:54  Concurrency: 1 threads (target='dev')
[2024-04-15T19:50:54.028-0400] {subprocess.py:93} INFO - [0m23:50:54
[2024-04-15T19:50:54.035-0400] {subprocess.py:93} INFO - [0m23:50:54  1 of 3 START sql view model DEV.raw_data_processing ............................ [RUN]
[2024-04-15T19:50:55.080-0400] {subprocess.py:93} INFO - [0m23:50:55  1 of 3 OK created sql view model DEV.raw_data_processing ....................... [[32mSUCCESS 1[0m in 0.98s]
[2024-04-15T19:50:55.083-0400] {subprocess.py:93} INFO - [0m23:50:55  2 of 3 START sql view model DEV.flatten ........................................ [RUN]
[2024-04-15T19:50:55.861-0400] {subprocess.py:93} INFO - [0m23:50:55  2 of 3 OK created sql view model DEV.flatten ................................... [[32mSUCCESS 1[0m in 0.78s]
[2024-04-15T19:50:55.863-0400] {subprocess.py:93} INFO - [0m23:50:55  3 of 3 START sql table model DEV.aggregation ................................... [RUN]
[2024-04-15T19:50:57.299-0400] {subprocess.py:93} INFO - [0m23:50:57  3 of 3 OK created sql table model DEV.aggregation .............................. [[32mSUCCESS 1[0m in 1.43s]
[2024-04-15T19:50:57.301-0400] {subprocess.py:93} INFO - [0m23:50:57
[2024-04-15T19:50:57.303-0400] {subprocess.py:93} INFO - [0m23:50:57  Finished running 2 view models, 1 table model in 0 hours 0 minutes and 4.74 seconds (4.74s).
[2024-04-15T19:50:57.330-0400] {subprocess.py:93} INFO - [0m23:50:57
[2024-04-15T19:50:57.330-0400] {subprocess.py:93} INFO - [0m23:50:57  [32mCompleted successfully[0m
[2024-04-15T19:50:57.331-0400] {subprocess.py:93} INFO - [0m23:50:57
[2024-04-15T19:50:57.331-0400] {subprocess.py:93} INFO - [0m23:50:57  Done. PASS=3 WARN=0 ERROR=0 SKIP=0 TOTAL=3
[2024-04-15T19:50:58.101-0400] {subprocess.py:97} INFO - Command exited with return code 0
[2024-04-15T19:50:58.103-0400] {taskinstance.py:441} INFO - ::group::Post task execution logs
[2024-04-15T19:50:58.128-0400] {taskinstance.py:1205} INFO - Marking task as SUCCESS. dag_id=preprocessing_dag, task_id=bash_task, execution_date=20240221T000000, start_date=20240415T235048, end_date=20240415T235058
[2024-04-15T19:50:58.163-0400] {local_task_job_runner.py:240} INFO - Task exited with return code 0
[2024-04-15T19:50:58.196-0400] {taskinstance.py:3482} INFO - 1 downstream tasks scheduled from follow-on schedule check
[2024-04-15T19:50:58.197-0400] {local_task_job_runner.py:222} INFO - ::endgroup::
