[2024-04-15T21:13:10.494-0400] {local_task_job_runner.py:120} INFO - ::group::Pre task execution logs
[2024-04-15T21:13:10.508-0400] {taskinstance.py:2073} INFO - Dependencies all met for dep_context=non-requeueable deps ti=<TaskInstance: preprocessing_dag.bash_task manual__2024-04-16T01:13:03.610128+00:00 [queued]>
[2024-04-15T21:13:10.512-0400] {taskinstance.py:2073} INFO - Dependencies all met for dep_context=requeueable deps ti=<TaskInstance: preprocessing_dag.bash_task manual__2024-04-16T01:13:03.610128+00:00 [queued]>
[2024-04-15T21:13:10.512-0400] {taskinstance.py:2303} INFO - Starting attempt 1 of 1
[2024-04-15T21:13:10.521-0400] {taskinstance.py:2327} INFO - Executing <Task(BashOperator): bash_task> on 2024-04-16 01:13:03.610128+00:00
[2024-04-15T21:13:10.526-0400] {standard_task_runner.py:63} INFO - Started process 54315 to run task
[2024-04-15T21:13:10.535-0400] {standard_task_runner.py:90} INFO - Running: ['airflow', 'tasks', 'run', 'preprocessing_dag', 'bash_task', 'manual__2024-04-16T01:13:03.610128+00:00', '--job-id', '282', '--raw', '--subdir', 'DAGS_FOLDER/preprocessing_dag.py', '--cfg-path', '/var/folders/rf/bv8hf2w15f1f30n5rv6mfypr0000gn/T/tmpwfuc7lcp']
[2024-04-15T21:13:10.538-0400] {standard_task_runner.py:91} INFO - Job 282: Subtask bash_task
[2024-04-15T21:13:10.571-0400] {task_command.py:426} INFO - Running <TaskInstance: preprocessing_dag.bash_task manual__2024-04-16T01:13:03.610128+00:00 [running]> on host manis-macbook-air.local
[2024-04-15T21:13:10.624-0400] {taskinstance.py:2644} INFO - Exporting env vars: AIRFLOW_CTX_DAG_OWNER='airflow' AIRFLOW_CTX_DAG_ID='preprocessing_dag' AIRFLOW_CTX_TASK_ID='bash_task' AIRFLOW_CTX_EXECUTION_DATE='2024-04-16T01:13:03.610128+00:00' AIRFLOW_CTX_TRY_NUMBER='1' AIRFLOW_CTX_DAG_RUN_ID='manual__2024-04-16T01:13:03.610128+00:00'
[2024-04-15T21:13:10.624-0400] {taskinstance.py:430} INFO - ::endgroup::
[2024-04-15T21:13:10.638-0400] {subprocess.py:63} INFO - Tmp dir root location: /var/folders/rf/bv8hf2w15f1f30n5rv6mfypr0000gn/T
[2024-04-15T21:13:10.640-0400] {subprocess.py:75} INFO - Running command: ['/bin/bash', '-c', 'cd /Users/manideepakreddyaila/Desktop/projects/Legal_Insights_Engine/cap_dbt && dbt run']
[2024-04-15T21:13:10.648-0400] {subprocess.py:86} INFO - Output:
[2024-04-15T21:13:13.388-0400] {subprocess.py:93} INFO - [0m01:13:13  Running with dbt=1.7.11
[2024-04-15T21:13:15.041-0400] {subprocess.py:93} INFO - [0m01:13:15  Registered adapter: snowflake=1.7.3
[2024-04-15T21:13:15.234-0400] {subprocess.py:93} INFO - [0m01:13:15  Found 3 models, 1 source, 0 exposures, 0 metrics, 544 macros, 0 groups, 0 semantic models
[2024-04-15T21:13:15.236-0400] {subprocess.py:93} INFO - [0m01:13:15
[2024-04-15T21:13:16.896-0400] {subprocess.py:93} INFO - [0m01:13:16  Concurrency: 1 threads (target='dev')
[2024-04-15T21:13:16.897-0400] {subprocess.py:93} INFO - [0m01:13:16
[2024-04-15T21:13:16.899-0400] {subprocess.py:93} INFO - [0m01:13:16  1 of 3 START sql view model DEV.raw_data_processing ............................ [RUN]
[2024-04-15T21:13:17.660-0400] {subprocess.py:93} INFO - [0m01:13:17  1 of 3 OK created sql view model DEV.raw_data_processing ....................... [[32mSUCCESS 1[0m in 0.76s]
[2024-04-15T21:13:17.667-0400] {subprocess.py:93} INFO - [0m01:13:17  2 of 3 START sql view model DEV.flatten ........................................ [RUN]
[2024-04-15T21:13:18.236-0400] {subprocess.py:93} INFO - [0m01:13:18  2 of 3 OK created sql view model DEV.flatten ................................... [[32mSUCCESS 1[0m in 0.57s]
[2024-04-15T21:13:18.237-0400] {subprocess.py:93} INFO - [0m01:13:18  3 of 3 START sql table model DEV.aggregation ................................... [RUN]
[2024-04-15T21:13:19.765-0400] {subprocess.py:93} INFO - [0m01:13:19  3 of 3 OK created sql table model DEV.aggregation .............................. [[32mSUCCESS 1[0m in 1.53s]
[2024-04-15T21:13:19.769-0400] {subprocess.py:93} INFO - [0m01:13:19
[2024-04-15T21:13:19.769-0400] {subprocess.py:93} INFO - [0m01:13:19  Finished running 2 view models, 1 table model in 0 hours 0 minutes and 4.53 seconds (4.53s).
[2024-04-15T21:13:19.778-0400] {subprocess.py:93} INFO - [0m01:13:19
[2024-04-15T21:13:19.778-0400] {subprocess.py:93} INFO - [0m01:13:19  [32mCompleted successfully[0m
[2024-04-15T21:13:19.779-0400] {subprocess.py:93} INFO - [0m01:13:19
[2024-04-15T21:13:19.780-0400] {subprocess.py:93} INFO - [0m01:13:19  Done. PASS=3 WARN=0 ERROR=0 SKIP=0 TOTAL=3
[2024-04-15T21:13:20.312-0400] {subprocess.py:97} INFO - Command exited with return code 0
[2024-04-15T21:13:20.314-0400] {taskinstance.py:441} INFO - ::group::Post task execution logs
[2024-04-15T21:13:20.338-0400] {taskinstance.py:1205} INFO - Marking task as SUCCESS. dag_id=preprocessing_dag, task_id=bash_task, execution_date=20240416T011303, start_date=20240416T011310, end_date=20240416T011320
[2024-04-15T21:13:20.368-0400] {local_task_job_runner.py:240} INFO - Task exited with return code 0
[2024-04-15T21:13:20.384-0400] {taskinstance.py:3482} INFO - 1 downstream tasks scheduled from follow-on schedule check
[2024-04-15T21:13:20.385-0400] {local_task_job_runner.py:222} INFO - ::endgroup::
