[2024-04-15T20:37:11.620-0400] {local_task_job_runner.py:120} INFO - ::group::Pre task execution logs
[2024-04-15T20:37:11.641-0400] {taskinstance.py:2073} INFO - Dependencies all met for dep_context=non-requeueable deps ti=<TaskInstance: preprocessing_dag.bash_task scheduled__2024-03-26T00:00:00+00:00 [queued]>
[2024-04-15T20:37:11.644-0400] {taskinstance.py:2073} INFO - Dependencies all met for dep_context=requeueable deps ti=<TaskInstance: preprocessing_dag.bash_task scheduled__2024-03-26T00:00:00+00:00 [queued]>
[2024-04-15T20:37:11.644-0400] {taskinstance.py:2303} INFO - Starting attempt 1 of 2
[2024-04-15T20:37:11.653-0400] {taskinstance.py:2327} INFO - Executing <Task(BashOperator): bash_task> on 2024-03-26 00:00:00+00:00
[2024-04-15T20:37:11.657-0400] {standard_task_runner.py:63} INFO - Started process 52883 to run task
[2024-04-15T20:37:11.661-0400] {standard_task_runner.py:90} INFO - Running: ['airflow', 'tasks', 'run', 'preprocessing_dag', 'bash_task', 'scheduled__2024-03-26T00:00:00+00:00', '--job-id', '225', '--raw', '--subdir', 'DAGS_FOLDER/preprocessing_dag.py', '--cfg-path', '/var/folders/rf/bv8hf2w15f1f30n5rv6mfypr0000gn/T/tmpxwdupzkg']
[2024-04-15T20:37:11.665-0400] {standard_task_runner.py:91} INFO - Job 225: Subtask bash_task
[2024-04-15T20:37:11.692-0400] {task_command.py:426} INFO - Running <TaskInstance: preprocessing_dag.bash_task scheduled__2024-03-26T00:00:00+00:00 [running]> on host manis-macbook-air.local
[2024-04-15T20:37:11.739-0400] {taskinstance.py:2644} INFO - Exporting env vars: AIRFLOW_CTX_DAG_OWNER='airflow' AIRFLOW_CTX_DAG_ID='preprocessing_dag' AIRFLOW_CTX_TASK_ID='bash_task' AIRFLOW_CTX_EXECUTION_DATE='2024-03-26T00:00:00+00:00' AIRFLOW_CTX_TRY_NUMBER='1' AIRFLOW_CTX_DAG_RUN_ID='scheduled__2024-03-26T00:00:00+00:00'
[2024-04-15T20:37:11.739-0400] {taskinstance.py:430} INFO - ::endgroup::
[2024-04-15T20:37:11.749-0400] {subprocess.py:63} INFO - Tmp dir root location: /var/folders/rf/bv8hf2w15f1f30n5rv6mfypr0000gn/T
[2024-04-15T20:37:11.749-0400] {subprocess.py:75} INFO - Running command: ['/bin/bash', '-c', 'cd /Users/manideepakreddyaila/Desktop/projects/Legal_Insights_Engine/cap_dbt && dbt run']
[2024-04-15T20:37:11.755-0400] {subprocess.py:86} INFO - Output:
[2024-04-15T20:37:14.013-0400] {subprocess.py:93} INFO - [0m00:37:14  Running with dbt=1.7.11
[2024-04-15T20:37:15.301-0400] {subprocess.py:93} INFO - [0m00:37:15  Registered adapter: snowflake=1.7.3
[2024-04-15T20:37:15.455-0400] {subprocess.py:93} INFO - [0m00:37:15  Found 3 models, 1 source, 0 exposures, 0 metrics, 544 macros, 0 groups, 0 semantic models
[2024-04-15T20:37:15.457-0400] {subprocess.py:93} INFO - [0m00:37:15
[2024-04-15T20:37:16.728-0400] {subprocess.py:93} INFO - [0m00:37:16  Concurrency: 1 threads (target='dev')
[2024-04-15T20:37:16.729-0400] {subprocess.py:93} INFO - [0m00:37:16
[2024-04-15T20:37:16.731-0400] {subprocess.py:93} INFO - [0m00:37:16  1 of 3 START sql view model DEV.raw_data_processing ............................ [RUN]
[2024-04-15T20:37:17.435-0400] {subprocess.py:93} INFO - [0m00:37:17  1 of 3 OK created sql view model DEV.raw_data_processing ....................... [[32mSUCCESS 1[0m in 0.70s]
[2024-04-15T20:37:17.436-0400] {subprocess.py:93} INFO - [0m00:37:17  2 of 3 START sql view model DEV.flatten ........................................ [RUN]
[2024-04-15T20:37:18.405-0400] {subprocess.py:93} INFO - [0m00:37:18  2 of 3 OK created sql view model DEV.flatten ................................... [[32mSUCCESS 1[0m in 0.97s]
[2024-04-15T20:37:18.406-0400] {subprocess.py:93} INFO - [0m00:37:18  3 of 3 START sql table model DEV.aggregation ................................... [RUN]
[2024-04-15T20:37:19.703-0400] {subprocess.py:93} INFO - [0m00:37:19  3 of 3 OK created sql table model DEV.aggregation .............................. [[32mSUCCESS 1[0m in 1.30s]
[2024-04-15T20:37:19.706-0400] {subprocess.py:93} INFO - [0m00:37:19
[2024-04-15T20:37:19.707-0400] {subprocess.py:93} INFO - [0m00:37:19  Finished running 2 view models, 1 table model in 0 hours 0 minutes and 4.25 seconds (4.25s).
[2024-04-15T20:37:19.716-0400] {subprocess.py:93} INFO - [0m00:37:19
[2024-04-15T20:37:19.717-0400] {subprocess.py:93} INFO - [0m00:37:19  [32mCompleted successfully[0m
[2024-04-15T20:37:19.717-0400] {subprocess.py:93} INFO - [0m00:37:19
[2024-04-15T20:37:19.718-0400] {subprocess.py:93} INFO - [0m00:37:19  Done. PASS=3 WARN=0 ERROR=0 SKIP=0 TOTAL=3
[2024-04-15T20:37:20.189-0400] {subprocess.py:97} INFO - Command exited with return code 0
[2024-04-15T20:37:20.190-0400] {taskinstance.py:441} INFO - ::group::Post task execution logs
[2024-04-15T20:37:20.208-0400] {taskinstance.py:1205} INFO - Marking task as SUCCESS. dag_id=preprocessing_dag, task_id=bash_task, execution_date=20240326T000000, start_date=20240416T003711, end_date=20240416T003720
[2024-04-15T20:37:20.231-0400] {local_task_job_runner.py:240} INFO - Task exited with return code 0
[2024-04-15T20:37:20.245-0400] {taskinstance.py:3482} INFO - 1 downstream tasks scheduled from follow-on schedule check
[2024-04-15T20:37:20.246-0400] {local_task_job_runner.py:222} INFO - ::endgroup::
