[2024-04-15T13:35:13.371-0400] {local_task_job_runner.py:120} INFO - ::group::Pre task execution logs
[2024-04-15T13:35:13.382-0400] {taskinstance.py:2073} INFO - Dependencies all met for dep_context=non-requeueable deps ti=<TaskInstance: preprocessing_dag.bash_task scheduled__2024-01-10T00:00:00+00:00 [queued]>
[2024-04-15T13:35:13.384-0400] {taskinstance.py:2073} INFO - Dependencies all met for dep_context=requeueable deps ti=<TaskInstance: preprocessing_dag.bash_task scheduled__2024-01-10T00:00:00+00:00 [queued]>
[2024-04-15T13:35:13.384-0400] {taskinstance.py:2303} INFO - Starting attempt 1 of 2
[2024-04-15T13:35:13.388-0400] {taskinstance.py:2327} INFO - Executing <Task(BashOperator): bash_task> on 2024-01-10 00:00:00+00:00
[2024-04-15T13:35:13.392-0400] {standard_task_runner.py:63} INFO - Started process 47862 to run task
[2024-04-15T13:35:13.395-0400] {standard_task_runner.py:90} INFO - Running: ['airflow', 'tasks', 'run', 'preprocessing_dag', 'bash_task', 'scheduled__2024-01-10T00:00:00+00:00', '--job-id', '26', '--raw', '--subdir', 'DAGS_FOLDER/preprocessing_dag.py', '--cfg-path', '/var/folders/rf/bv8hf2w15f1f30n5rv6mfypr0000gn/T/tmp1u6271jn']
[2024-04-15T13:35:13.398-0400] {standard_task_runner.py:91} INFO - Job 26: Subtask bash_task
[2024-04-15T13:35:13.415-0400] {task_command.py:426} INFO - Running <TaskInstance: preprocessing_dag.bash_task scheduled__2024-01-10T00:00:00+00:00 [running]> on host manis-macbook-air.local
[2024-04-15T13:35:13.436-0400] {taskinstance.py:2644} INFO - Exporting env vars: AIRFLOW_CTX_DAG_OWNER='airflow' AIRFLOW_CTX_DAG_ID='preprocessing_dag' AIRFLOW_CTX_TASK_ID='bash_task' AIRFLOW_CTX_EXECUTION_DATE='2024-01-10T00:00:00+00:00' AIRFLOW_CTX_TRY_NUMBER='1' AIRFLOW_CTX_DAG_RUN_ID='scheduled__2024-01-10T00:00:00+00:00'
[2024-04-15T13:35:13.437-0400] {taskinstance.py:430} INFO - ::endgroup::
[2024-04-15T13:35:13.437-0400] {subprocess.py:63} INFO - Tmp dir root location: /var/folders/rf/bv8hf2w15f1f30n5rv6mfypr0000gn/T
[2024-04-15T13:35:13.437-0400] {subprocess.py:75} INFO - Running command: ['/bin/bash', '-c', 'cd /Users/manideepakreddyaila/Desktop/projects/Legal_Insights_Engine/cap_dbt && dbt run']
[2024-04-15T13:35:13.441-0400] {subprocess.py:86} INFO - Output:
[2024-04-15T13:35:14.522-0400] {subprocess.py:93} INFO - [0m17:35:14  Running with dbt=1.7.11
[2024-04-15T13:35:15.171-0400] {subprocess.py:93} INFO - [0m17:35:15  Registered adapter: snowflake=1.7.3
[2024-04-15T13:35:15.261-0400] {subprocess.py:93} INFO - [0m17:35:15  Found 3 models, 1 source, 0 exposures, 0 metrics, 544 macros, 0 groups, 0 semantic models
[2024-04-15T13:35:15.262-0400] {subprocess.py:93} INFO - [0m17:35:15
[2024-04-15T13:35:16.148-0400] {subprocess.py:93} INFO - [0m17:35:16  Concurrency: 1 threads (target='dev')
[2024-04-15T13:35:16.150-0400] {subprocess.py:93} INFO - [0m17:35:16
[2024-04-15T13:35:16.155-0400] {subprocess.py:93} INFO - [0m17:35:16  1 of 3 START sql view model DEV.raw_data_processing ............................ [RUN]
[2024-04-15T13:35:17.072-0400] {subprocess.py:93} INFO - [0m17:35:17  1 of 3 OK created sql view model DEV.raw_data_processing ....................... [[32mSUCCESS 1[0m in 0.92s]
[2024-04-15T13:35:17.075-0400] {subprocess.py:93} INFO - [0m17:35:17  2 of 3 START sql view model DEV.flatten ........................................ [RUN]
[2024-04-15T13:35:17.568-0400] {subprocess.py:93} INFO - [0m17:35:17  2 of 3 OK created sql view model DEV.flatten ................................... [[32mSUCCESS 1[0m in 0.49s]
[2024-04-15T13:35:17.572-0400] {subprocess.py:93} INFO - [0m17:35:17  3 of 3 START sql table model DEV.aggregation ................................... [RUN]
[2024-04-15T13:35:19.934-0400] {subprocess.py:93} INFO - [0m17:35:19  3 of 3 OK created sql table model DEV.aggregation .............................. [[32mSUCCESS 1[0m in 2.36s]
[2024-04-15T13:35:19.941-0400] {subprocess.py:93} INFO - [0m17:35:19
[2024-04-15T13:35:19.943-0400] {subprocess.py:93} INFO - [0m17:35:19  Finished running 2 view models, 1 table model in 0 hours 0 minutes and 4.68 seconds (4.68s).
[2024-04-15T13:35:19.964-0400] {subprocess.py:93} INFO - [0m17:35:19
[2024-04-15T13:35:19.965-0400] {subprocess.py:93} INFO - [0m17:35:19  [32mCompleted successfully[0m
[2024-04-15T13:35:19.965-0400] {subprocess.py:93} INFO - [0m17:35:19
[2024-04-15T13:35:19.966-0400] {subprocess.py:93} INFO - [0m17:35:19  Done. PASS=3 WARN=0 ERROR=0 SKIP=0 TOTAL=3
[2024-04-15T13:35:20.291-0400] {subprocess.py:97} INFO - Command exited with return code 0
[2024-04-15T13:35:20.292-0400] {taskinstance.py:441} INFO - ::group::Post task execution logs
[2024-04-15T13:35:20.301-0400] {taskinstance.py:1205} INFO - Marking task as SUCCESS. dag_id=preprocessing_dag, task_id=bash_task, execution_date=20240110T000000, start_date=20240415T173513, end_date=20240415T173520
[2024-04-15T13:35:20.310-0400] {local_task_job_runner.py:240} INFO - Task exited with return code 0
[2024-04-15T13:35:20.316-0400] {taskinstance.py:3482} INFO - 1 downstream tasks scheduled from follow-on schedule check
[2024-04-15T13:35:20.317-0400] {local_task_job_runner.py:222} INFO - ::endgroup::
