[2024-04-15T20:36:06.756-0400] {local_task_job_runner.py:120} INFO - ::group::Pre task execution logs
[2024-04-15T20:36:06.774-0400] {taskinstance.py:2073} INFO - Dependencies all met for dep_context=non-requeueable deps ti=<TaskInstance: preprocessing_dag.bash_task scheduled__2024-03-22T00:00:00+00:00 [queued]>
[2024-04-15T20:36:06.778-0400] {taskinstance.py:2073} INFO - Dependencies all met for dep_context=requeueable deps ti=<TaskInstance: preprocessing_dag.bash_task scheduled__2024-03-22T00:00:00+00:00 [queued]>
[2024-04-15T20:36:06.778-0400] {taskinstance.py:2303} INFO - Starting attempt 1 of 2
[2024-04-15T20:36:06.788-0400] {taskinstance.py:2327} INFO - Executing <Task(BashOperator): bash_task> on 2024-03-22 00:00:00+00:00
[2024-04-15T20:36:06.792-0400] {standard_task_runner.py:63} INFO - Started process 52800 to run task
[2024-04-15T20:36:06.796-0400] {standard_task_runner.py:90} INFO - Running: ['airflow', 'tasks', 'run', 'preprocessing_dag', 'bash_task', 'scheduled__2024-03-22T00:00:00+00:00', '--job-id', '215', '--raw', '--subdir', 'DAGS_FOLDER/preprocessing_dag.py', '--cfg-path', '/var/folders/rf/bv8hf2w15f1f30n5rv6mfypr0000gn/T/tmpwogxkap5']
[2024-04-15T20:36:06.799-0400] {standard_task_runner.py:91} INFO - Job 215: Subtask bash_task
[2024-04-15T20:36:06.826-0400] {task_command.py:426} INFO - Running <TaskInstance: preprocessing_dag.bash_task scheduled__2024-03-22T00:00:00+00:00 [running]> on host manis-macbook-air.local
[2024-04-15T20:36:06.878-0400] {taskinstance.py:2644} INFO - Exporting env vars: AIRFLOW_CTX_DAG_OWNER='airflow' AIRFLOW_CTX_DAG_ID='preprocessing_dag' AIRFLOW_CTX_TASK_ID='bash_task' AIRFLOW_CTX_EXECUTION_DATE='2024-03-22T00:00:00+00:00' AIRFLOW_CTX_TRY_NUMBER='1' AIRFLOW_CTX_DAG_RUN_ID='scheduled__2024-03-22T00:00:00+00:00'
[2024-04-15T20:36:06.879-0400] {taskinstance.py:430} INFO - ::endgroup::
[2024-04-15T20:36:06.886-0400] {subprocess.py:63} INFO - Tmp dir root location: /var/folders/rf/bv8hf2w15f1f30n5rv6mfypr0000gn/T
[2024-04-15T20:36:06.886-0400] {subprocess.py:75} INFO - Running command: ['/bin/bash', '-c', 'cd /Users/manideepakreddyaila/Desktop/projects/Legal_Insights_Engine/cap_dbt && dbt run']
[2024-04-15T20:36:06.892-0400] {subprocess.py:86} INFO - Output:
[2024-04-15T20:36:08.998-0400] {subprocess.py:93} INFO - [0m00:36:08  Running with dbt=1.7.11
[2024-04-15T20:36:10.389-0400] {subprocess.py:93} INFO - [0m00:36:10  Registered adapter: snowflake=1.7.3
[2024-04-15T20:36:10.546-0400] {subprocess.py:93} INFO - [0m00:36:10  Found 3 models, 1 source, 0 exposures, 0 metrics, 544 macros, 0 groups, 0 semantic models
[2024-04-15T20:36:10.547-0400] {subprocess.py:93} INFO - [0m00:36:10
[2024-04-15T20:36:11.606-0400] {subprocess.py:93} INFO - [0m00:36:11  Concurrency: 1 threads (target='dev')
[2024-04-15T20:36:11.607-0400] {subprocess.py:93} INFO - [0m00:36:11
[2024-04-15T20:36:11.610-0400] {subprocess.py:93} INFO - [0m00:36:11  1 of 3 START sql view model DEV.raw_data_processing ............................ [RUN]
[2024-04-15T20:36:12.401-0400] {subprocess.py:93} INFO - [0m00:36:12  1 of 3 OK created sql view model DEV.raw_data_processing ....................... [[32mSUCCESS 1[0m in 0.79s]
[2024-04-15T20:36:12.403-0400] {subprocess.py:93} INFO - [0m00:36:12  2 of 3 START sql view model DEV.flatten ........................................ [RUN]
[2024-04-15T20:36:12.902-0400] {subprocess.py:93} INFO - [0m00:36:12  2 of 3 OK created sql view model DEV.flatten ................................... [[32mSUCCESS 1[0m in 0.50s]
[2024-04-15T20:36:12.903-0400] {subprocess.py:93} INFO - [0m00:36:12  3 of 3 START sql table model DEV.aggregation ................................... [RUN]
[2024-04-15T20:36:14.380-0400] {subprocess.py:93} INFO - [0m00:36:14  3 of 3 OK created sql table model DEV.aggregation .............................. [[32mSUCCESS 1[0m in 1.48s]
[2024-04-15T20:36:14.384-0400] {subprocess.py:93} INFO - [0m00:36:14
[2024-04-15T20:36:14.385-0400] {subprocess.py:93} INFO - [0m00:36:14  Finished running 2 view models, 1 table model in 0 hours 0 minutes and 3.84 seconds (3.84s).
[2024-04-15T20:36:14.397-0400] {subprocess.py:93} INFO - [0m00:36:14
[2024-04-15T20:36:14.399-0400] {subprocess.py:93} INFO - [0m00:36:14  [32mCompleted successfully[0m
[2024-04-15T20:36:14.401-0400] {subprocess.py:93} INFO - [0m00:36:14
[2024-04-15T20:36:14.402-0400] {subprocess.py:93} INFO - [0m00:36:14  Done. PASS=3 WARN=0 ERROR=0 SKIP=0 TOTAL=3
[2024-04-15T20:36:14.997-0400] {subprocess.py:97} INFO - Command exited with return code 0
[2024-04-15T20:36:14.999-0400] {taskinstance.py:441} INFO - ::group::Post task execution logs
[2024-04-15T20:36:15.019-0400] {taskinstance.py:1205} INFO - Marking task as SUCCESS. dag_id=preprocessing_dag, task_id=bash_task, execution_date=20240322T000000, start_date=20240416T003606, end_date=20240416T003615
[2024-04-15T20:36:15.036-0400] {local_task_job_runner.py:240} INFO - Task exited with return code 0
[2024-04-15T20:36:15.052-0400] {taskinstance.py:3482} INFO - 1 downstream tasks scheduled from follow-on schedule check
[2024-04-15T20:36:15.052-0400] {local_task_job_runner.py:222} INFO - ::endgroup::
