[2024-04-15T20:50:56.628-0400] {local_task_job_runner.py:120} INFO - ::group::Pre task execution logs
[2024-04-15T20:50:56.654-0400] {taskinstance.py:2073} INFO - Dependencies all met for dep_context=non-requeueable deps ti=<TaskInstance: preprocessing_dag.bash_task scheduled__2024-04-09T00:00:00+00:00 [queued]>
[2024-04-15T20:50:56.659-0400] {taskinstance.py:2073} INFO - Dependencies all met for dep_context=requeueable deps ti=<TaskInstance: preprocessing_dag.bash_task scheduled__2024-04-09T00:00:00+00:00 [queued]>
[2024-04-15T20:50:56.659-0400] {taskinstance.py:2303} INFO - Starting attempt 1 of 2
[2024-04-15T20:50:56.668-0400] {taskinstance.py:2327} INFO - Executing <Task(BashOperator): bash_task> on 2024-04-09 00:00:00+00:00
[2024-04-15T20:50:56.672-0400] {standard_task_runner.py:63} INFO - Started process 53582 to run task
[2024-04-15T20:50:56.676-0400] {standard_task_runner.py:90} INFO - Running: ['airflow', 'tasks', 'run', 'preprocessing_dag', 'bash_task', 'scheduled__2024-04-09T00:00:00+00:00', '--job-id', '257', '--raw', '--subdir', 'DAGS_FOLDER/preprocessing_dag.py', '--cfg-path', '/var/folders/rf/bv8hf2w15f1f30n5rv6mfypr0000gn/T/tmpxjvxagh1']
[2024-04-15T20:50:56.679-0400] {standard_task_runner.py:91} INFO - Job 257: Subtask bash_task
[2024-04-15T20:50:56.699-0400] {task_command.py:426} INFO - Running <TaskInstance: preprocessing_dag.bash_task scheduled__2024-04-09T00:00:00+00:00 [running]> on host manis-macbook-air.local
[2024-04-15T20:50:56.739-0400] {taskinstance.py:2644} INFO - Exporting env vars: AIRFLOW_CTX_DAG_OWNER='airflow' AIRFLOW_CTX_DAG_ID='preprocessing_dag' AIRFLOW_CTX_TASK_ID='bash_task' AIRFLOW_CTX_EXECUTION_DATE='2024-04-09T00:00:00+00:00' AIRFLOW_CTX_TRY_NUMBER='1' AIRFLOW_CTX_DAG_RUN_ID='scheduled__2024-04-09T00:00:00+00:00'
[2024-04-15T20:50:56.740-0400] {taskinstance.py:430} INFO - ::endgroup::
[2024-04-15T20:50:56.752-0400] {subprocess.py:63} INFO - Tmp dir root location: /var/folders/rf/bv8hf2w15f1f30n5rv6mfypr0000gn/T
[2024-04-15T20:50:56.753-0400] {subprocess.py:75} INFO - Running command: ['/bin/bash', '-c', 'cd /Users/manideepakreddyaila/Desktop/projects/Legal_Insights_Engine/cap_dbt && dbt run']
[2024-04-15T20:50:56.759-0400] {subprocess.py:86} INFO - Output:
[2024-04-15T20:50:59.646-0400] {subprocess.py:93} INFO - [0m00:50:59  Running with dbt=1.7.11
[2024-04-15T20:51:01.364-0400] {subprocess.py:93} INFO - [0m00:51:01  Registered adapter: snowflake=1.7.3
[2024-04-15T20:51:01.535-0400] {subprocess.py:93} INFO - [0m00:51:01  Found 3 models, 1 source, 0 exposures, 0 metrics, 544 macros, 0 groups, 0 semantic models
[2024-04-15T20:51:01.536-0400] {subprocess.py:93} INFO - [0m00:51:01
[2024-04-15T20:51:02.618-0400] {subprocess.py:93} INFO - [0m00:51:02  Concurrency: 1 threads (target='dev')
[2024-04-15T20:51:02.619-0400] {subprocess.py:93} INFO - [0m00:51:02
[2024-04-15T20:51:02.621-0400] {subprocess.py:93} INFO - [0m00:51:02  1 of 3 START sql view model DEV.raw_data_processing ............................ [RUN]
[2024-04-15T20:51:03.409-0400] {subprocess.py:93} INFO - [0m00:51:03  1 of 3 OK created sql view model DEV.raw_data_processing ....................... [[32mSUCCESS 1[0m in 0.78s]
[2024-04-15T20:51:03.412-0400] {subprocess.py:93} INFO - [0m00:51:03  2 of 3 START sql view model DEV.flatten ........................................ [RUN]
[2024-04-15T20:51:03.903-0400] {subprocess.py:93} INFO - [0m00:51:03  2 of 3 OK created sql view model DEV.flatten ................................... [[32mSUCCESS 1[0m in 0.49s]
[2024-04-15T20:51:03.904-0400] {subprocess.py:93} INFO - [0m00:51:03  3 of 3 START sql table model DEV.aggregation ................................... [RUN]
[2024-04-15T20:51:05.439-0400] {subprocess.py:93} INFO - [0m00:51:05  3 of 3 OK created sql table model DEV.aggregation .............................. [[32mSUCCESS 1[0m in 1.53s]
[2024-04-15T20:51:05.447-0400] {subprocess.py:93} INFO - [0m00:51:05
[2024-04-15T20:51:05.448-0400] {subprocess.py:93} INFO - [0m00:51:05  Finished running 2 view models, 1 table model in 0 hours 0 minutes and 3.91 seconds (3.91s).
[2024-04-15T20:51:05.450-0400] {subprocess.py:93} INFO - [0m00:51:05
[2024-04-15T20:51:05.451-0400] {subprocess.py:93} INFO - [0m00:51:05  [32mCompleted successfully[0m
[2024-04-15T20:51:05.452-0400] {subprocess.py:93} INFO - [0m00:51:05
[2024-04-15T20:51:05.452-0400] {subprocess.py:93} INFO - [0m00:51:05  Done. PASS=3 WARN=0 ERROR=0 SKIP=0 TOTAL=3
[2024-04-15T20:51:06.332-0400] {subprocess.py:97} INFO - Command exited with return code 0
[2024-04-15T20:51:06.334-0400] {taskinstance.py:441} INFO - ::group::Post task execution logs
[2024-04-15T20:51:06.356-0400] {taskinstance.py:1205} INFO - Marking task as SUCCESS. dag_id=preprocessing_dag, task_id=bash_task, execution_date=20240409T000000, start_date=20240416T005056, end_date=20240416T005106
[2024-04-15T20:51:06.375-0400] {local_task_job_runner.py:240} INFO - Task exited with return code 0
[2024-04-15T20:51:06.391-0400] {taskinstance.py:3482} INFO - 1 downstream tasks scheduled from follow-on schedule check
[2024-04-15T20:51:06.392-0400] {local_task_job_runner.py:222} INFO - ::endgroup::
