[2024-04-15T13:45:31.991-0400] {local_task_job_runner.py:120} INFO - ::group::Pre task execution logs
[2024-04-15T13:45:32.023-0400] {taskinstance.py:2073} INFO - Dependencies all met for dep_context=non-requeueable deps ti=<TaskInstance: preprocessing_dag.bash_task manual__2024-04-15T17:44:58.779596+00:00 [queued]>
[2024-04-15T13:45:32.027-0400] {taskinstance.py:2073} INFO - Dependencies all met for dep_context=requeueable deps ti=<TaskInstance: preprocessing_dag.bash_task manual__2024-04-15T17:44:58.779596+00:00 [queued]>
[2024-04-15T13:45:32.027-0400] {taskinstance.py:2303} INFO - Starting attempt 1 of 2
[2024-04-15T13:45:32.036-0400] {taskinstance.py:2327} INFO - Executing <Task(BashOperator): bash_task> on 2024-04-15 17:44:58.779596+00:00
[2024-04-15T13:45:32.044-0400] {standard_task_runner.py:63} INFO - Started process 48410 to run task
[2024-04-15T13:45:32.049-0400] {standard_task_runner.py:90} INFO - Running: ['airflow', 'tasks', 'run', 'preprocessing_dag', 'bash_task', 'manual__2024-04-15T17:44:58.779596+00:00', '--job-id', '71', '--raw', '--subdir', 'DAGS_FOLDER/preprocessing_dag.py', '--cfg-path', '/var/folders/rf/bv8hf2w15f1f30n5rv6mfypr0000gn/T/tmp3oo29vw4']
[2024-04-15T13:45:32.053-0400] {standard_task_runner.py:91} INFO - Job 71: Subtask bash_task
[2024-04-15T13:45:32.101-0400] {task_command.py:426} INFO - Running <TaskInstance: preprocessing_dag.bash_task manual__2024-04-15T17:44:58.779596+00:00 [running]> on host manis-macbook-air.local
[2024-04-15T13:45:32.154-0400] {taskinstance.py:2644} INFO - Exporting env vars: AIRFLOW_CTX_DAG_OWNER='airflow' AIRFLOW_CTX_DAG_ID='preprocessing_dag' AIRFLOW_CTX_TASK_ID='bash_task' AIRFLOW_CTX_EXECUTION_DATE='2024-04-15T17:44:58.779596+00:00' AIRFLOW_CTX_TRY_NUMBER='1' AIRFLOW_CTX_DAG_RUN_ID='manual__2024-04-15T17:44:58.779596+00:00'
[2024-04-15T13:45:32.156-0400] {taskinstance.py:430} INFO - ::endgroup::
[2024-04-15T13:45:32.157-0400] {subprocess.py:63} INFO - Tmp dir root location: /var/folders/rf/bv8hf2w15f1f30n5rv6mfypr0000gn/T
[2024-04-15T13:45:32.157-0400] {subprocess.py:75} INFO - Running command: ['/bin/bash', '-c', 'cd /Users/manideepakreddyaila/Desktop/projects/Legal_Insights_Engine/cap_dbt && dbt run']
[2024-04-15T13:45:32.163-0400] {subprocess.py:86} INFO - Output:
[2024-04-15T13:45:34.247-0400] {subprocess.py:93} INFO - [0m17:45:34  Running with dbt=1.7.11
[2024-04-15T13:45:35.517-0400] {subprocess.py:93} INFO - [0m17:45:35  Registered adapter: snowflake=1.7.3
[2024-04-15T13:45:35.674-0400] {subprocess.py:93} INFO - [0m17:45:35  Found 3 models, 1 source, 0 exposures, 0 metrics, 544 macros, 0 groups, 0 semantic models
[2024-04-15T13:45:35.675-0400] {subprocess.py:93} INFO - [0m17:45:35
[2024-04-15T13:45:37.161-0400] {subprocess.py:93} INFO - [0m17:45:37  Concurrency: 1 threads (target='dev')
[2024-04-15T13:45:37.163-0400] {subprocess.py:93} INFO - [0m17:45:37
[2024-04-15T13:45:37.164-0400] {subprocess.py:93} INFO - [0m17:45:37  1 of 3 START sql view model DEV.raw_data_processing ............................ [RUN]
[2024-04-15T13:45:37.963-0400] {subprocess.py:93} INFO - [0m17:45:37  1 of 3 OK created sql view model DEV.raw_data_processing ....................... [[32mSUCCESS 1[0m in 0.80s]
[2024-04-15T13:45:37.965-0400] {subprocess.py:93} INFO - [0m17:45:37  2 of 3 START sql view model DEV.flatten ........................................ [RUN]
[2024-04-15T13:45:38.949-0400] {subprocess.py:93} INFO - [0m17:45:38  2 of 3 OK created sql view model DEV.flatten ................................... [[32mSUCCESS 1[0m in 0.98s]
[2024-04-15T13:45:38.951-0400] {subprocess.py:93} INFO - [0m17:45:38  3 of 3 START sql table model DEV.aggregation ................................... [RUN]
[2024-04-15T13:45:40.328-0400] {subprocess.py:93} INFO - [0m17:45:40  3 of 3 OK created sql table model DEV.aggregation .............................. [[32mSUCCESS 1[0m in 1.38s]
[2024-04-15T13:45:40.331-0400] {subprocess.py:93} INFO - [0m17:45:40
[2024-04-15T13:45:40.331-0400] {subprocess.py:93} INFO - [0m17:45:40  Finished running 2 view models, 1 table model in 0 hours 0 minutes and 4.66 seconds (4.66s).
[2024-04-15T13:45:40.344-0400] {subprocess.py:93} INFO - [0m17:45:40
[2024-04-15T13:45:40.344-0400] {subprocess.py:93} INFO - [0m17:45:40  [32mCompleted successfully[0m
[2024-04-15T13:45:40.345-0400] {subprocess.py:93} INFO - [0m17:45:40
[2024-04-15T13:45:40.346-0400] {subprocess.py:93} INFO - [0m17:45:40  Done. PASS=3 WARN=0 ERROR=0 SKIP=0 TOTAL=3
[2024-04-15T13:45:40.789-0400] {subprocess.py:97} INFO - Command exited with return code 0
[2024-04-15T13:45:40.791-0400] {taskinstance.py:441} INFO - ::group::Post task execution logs
[2024-04-15T13:45:40.809-0400] {taskinstance.py:1205} INFO - Marking task as SUCCESS. dag_id=preprocessing_dag, task_id=bash_task, execution_date=20240415T174458, start_date=20240415T174532, end_date=20240415T174540
[2024-04-15T13:45:40.831-0400] {local_task_job_runner.py:240} INFO - Task exited with return code 0
[2024-04-15T13:45:40.850-0400] {taskinstance.py:3482} INFO - 1 downstream tasks scheduled from follow-on schedule check
[2024-04-15T13:45:40.851-0400] {local_task_job_runner.py:222} INFO - ::endgroup::
