[2024-04-15T20:39:24.107-0400] {local_task_job_runner.py:120} INFO - ::group::Pre task execution logs
[2024-04-15T20:39:24.122-0400] {taskinstance.py:2073} INFO - Dependencies all met for dep_context=non-requeueable deps ti=<TaskInstance: preprocessing_dag.bash_task scheduled__2024-04-03T00:00:00+00:00 [queued]>
[2024-04-15T20:39:24.126-0400] {taskinstance.py:2073} INFO - Dependencies all met for dep_context=requeueable deps ti=<TaskInstance: preprocessing_dag.bash_task scheduled__2024-04-03T00:00:00+00:00 [queued]>
[2024-04-15T20:39:24.126-0400] {taskinstance.py:2303} INFO - Starting attempt 1 of 2
[2024-04-15T20:39:24.134-0400] {taskinstance.py:2327} INFO - Executing <Task(BashOperator): bash_task> on 2024-04-03 00:00:00+00:00
[2024-04-15T20:39:24.140-0400] {standard_task_runner.py:90} INFO - Running: ['airflow', 'tasks', 'run', 'preprocessing_dag', 'bash_task', 'scheduled__2024-04-03T00:00:00+00:00', '--job-id', '242', '--raw', '--subdir', 'DAGS_FOLDER/preprocessing_dag.py', '--cfg-path', '/var/folders/rf/bv8hf2w15f1f30n5rv6mfypr0000gn/T/tmp93itm4gz']
[2024-04-15T20:39:24.142-0400] {standard_task_runner.py:91} INFO - Job 242: Subtask bash_task
[2024-04-15T20:39:24.138-0400] {standard_task_runner.py:63} INFO - Started process 53072 to run task
[2024-04-15T20:39:24.165-0400] {task_command.py:426} INFO - Running <TaskInstance: preprocessing_dag.bash_task scheduled__2024-04-03T00:00:00+00:00 [running]> on host manis-macbook-air.local
[2024-04-15T20:39:24.194-0400] {taskinstance.py:2644} INFO - Exporting env vars: AIRFLOW_CTX_DAG_OWNER='airflow' AIRFLOW_CTX_DAG_ID='preprocessing_dag' AIRFLOW_CTX_TASK_ID='bash_task' AIRFLOW_CTX_EXECUTION_DATE='2024-04-03T00:00:00+00:00' AIRFLOW_CTX_TRY_NUMBER='1' AIRFLOW_CTX_DAG_RUN_ID='scheduled__2024-04-03T00:00:00+00:00'
[2024-04-15T20:39:24.195-0400] {taskinstance.py:430} INFO - ::endgroup::
[2024-04-15T20:39:24.200-0400] {subprocess.py:63} INFO - Tmp dir root location: /var/folders/rf/bv8hf2w15f1f30n5rv6mfypr0000gn/T
[2024-04-15T20:39:24.201-0400] {subprocess.py:75} INFO - Running command: ['/bin/bash', '-c', 'cd /Users/manideepakreddyaila/Desktop/projects/Legal_Insights_Engine/cap_dbt && dbt run']
[2024-04-15T20:39:24.205-0400] {subprocess.py:86} INFO - Output:
[2024-04-15T20:39:25.994-0400] {subprocess.py:93} INFO - [0m00:39:25  Running with dbt=1.7.11
[2024-04-15T20:39:27.486-0400] {subprocess.py:93} INFO - [0m00:39:27  Registered adapter: snowflake=1.7.3
[2024-04-15T20:39:27.641-0400] {subprocess.py:93} INFO - [0m00:39:27  Found 3 models, 1 source, 0 exposures, 0 metrics, 544 macros, 0 groups, 0 semantic models
[2024-04-15T20:39:27.643-0400] {subprocess.py:93} INFO - [0m00:39:27
[2024-04-15T20:39:28.789-0400] {subprocess.py:93} INFO - [0m00:39:28  Concurrency: 1 threads (target='dev')
[2024-04-15T20:39:28.790-0400] {subprocess.py:93} INFO - [0m00:39:28
[2024-04-15T20:39:28.792-0400] {subprocess.py:93} INFO - [0m00:39:28  1 of 3 START sql view model DEV.raw_data_processing ............................ [RUN]
[2024-04-15T20:39:29.566-0400] {subprocess.py:93} INFO - [0m00:39:29  1 of 3 OK created sql view model DEV.raw_data_processing ....................... [[32mSUCCESS 1[0m in 0.77s]
[2024-04-15T20:39:29.568-0400] {subprocess.py:93} INFO - [0m00:39:29  2 of 3 START sql view model DEV.flatten ........................................ [RUN]
[2024-04-15T20:39:30.167-0400] {subprocess.py:93} INFO - [0m00:39:30  2 of 3 OK created sql view model DEV.flatten ................................... [[32mSUCCESS 1[0m in 0.60s]
[2024-04-15T20:39:30.169-0400] {subprocess.py:93} INFO - [0m00:39:30  3 of 3 START sql table model DEV.aggregation ................................... [RUN]
[2024-04-15T20:39:31.411-0400] {subprocess.py:93} INFO - [0m00:39:31  3 of 3 OK created sql table model DEV.aggregation .............................. [[32mSUCCESS 1[0m in 1.23s]
[2024-04-15T20:39:31.415-0400] {subprocess.py:93} INFO - [0m00:39:31
[2024-04-15T20:39:31.416-0400] {subprocess.py:93} INFO - [0m00:39:31  Finished running 2 view models, 1 table model in 0 hours 0 minutes and 3.77 seconds (3.77s).
[2024-04-15T20:39:31.429-0400] {subprocess.py:93} INFO - [0m00:39:31
[2024-04-15T20:39:31.430-0400] {subprocess.py:93} INFO - [0m00:39:31  [32mCompleted successfully[0m
[2024-04-15T20:39:31.431-0400] {subprocess.py:93} INFO - [0m00:39:31
[2024-04-15T20:39:31.432-0400] {subprocess.py:93} INFO - [0m00:39:31  Done. PASS=3 WARN=0 ERROR=0 SKIP=0 TOTAL=3
[2024-04-15T20:39:32.044-0400] {subprocess.py:97} INFO - Command exited with return code 0
[2024-04-15T20:39:32.046-0400] {taskinstance.py:441} INFO - ::group::Post task execution logs
[2024-04-15T20:39:32.068-0400] {taskinstance.py:1205} INFO - Marking task as SUCCESS. dag_id=preprocessing_dag, task_id=bash_task, execution_date=20240403T000000, start_date=20240416T003924, end_date=20240416T003932
[2024-04-15T20:39:32.127-0400] {local_task_job_runner.py:240} INFO - Task exited with return code 0
[2024-04-15T20:39:32.145-0400] {taskinstance.py:3482} INFO - 1 downstream tasks scheduled from follow-on schedule check
[2024-04-15T20:39:32.146-0400] {local_task_job_runner.py:222} INFO - ::endgroup::
