[2024-04-15T13:45:18.763-0400] {local_task_job_runner.py:120} INFO - ::group::Pre task execution logs
[2024-04-15T13:45:18.784-0400] {taskinstance.py:2073} INFO - Dependencies all met for dep_context=non-requeueable deps ti=<TaskInstance: preprocessing_dag.bash_task manual__2024-04-15T17:43:08.933110+00:00 [queued]>
[2024-04-15T13:45:18.787-0400] {taskinstance.py:2073} INFO - Dependencies all met for dep_context=requeueable deps ti=<TaskInstance: preprocessing_dag.bash_task manual__2024-04-15T17:43:08.933110+00:00 [queued]>
[2024-04-15T13:45:18.787-0400] {taskinstance.py:2303} INFO - Starting attempt 1 of 2
[2024-04-15T13:45:18.793-0400] {taskinstance.py:2327} INFO - Executing <Task(BashOperator): bash_task> on 2024-04-15 17:43:08.933110+00:00
[2024-04-15T13:45:18.798-0400] {standard_task_runner.py:63} INFO - Started process 48382 to run task
[2024-04-15T13:45:18.803-0400] {standard_task_runner.py:90} INFO - Running: ['airflow', 'tasks', 'run', 'preprocessing_dag', 'bash_task', 'manual__2024-04-15T17:43:08.933110+00:00', '--job-id', '70', '--raw', '--subdir', 'DAGS_FOLDER/preprocessing_dag.py', '--cfg-path', '/var/folders/rf/bv8hf2w15f1f30n5rv6mfypr0000gn/T/tmpvg_6r3zo']
[2024-04-15T13:45:18.806-0400] {standard_task_runner.py:91} INFO - Job 70: Subtask bash_task
[2024-04-15T13:45:18.834-0400] {task_command.py:426} INFO - Running <TaskInstance: preprocessing_dag.bash_task manual__2024-04-15T17:43:08.933110+00:00 [running]> on host manis-macbook-air.local
[2024-04-15T13:45:18.879-0400] {taskinstance.py:2644} INFO - Exporting env vars: AIRFLOW_CTX_DAG_OWNER='airflow' AIRFLOW_CTX_DAG_ID='preprocessing_dag' AIRFLOW_CTX_TASK_ID='bash_task' AIRFLOW_CTX_EXECUTION_DATE='2024-04-15T17:43:08.933110+00:00' AIRFLOW_CTX_TRY_NUMBER='1' AIRFLOW_CTX_DAG_RUN_ID='manual__2024-04-15T17:43:08.933110+00:00'
[2024-04-15T13:45:18.880-0400] {taskinstance.py:430} INFO - ::endgroup::
[2024-04-15T13:45:18.881-0400] {subprocess.py:63} INFO - Tmp dir root location: /var/folders/rf/bv8hf2w15f1f30n5rv6mfypr0000gn/T
[2024-04-15T13:45:18.882-0400] {subprocess.py:75} INFO - Running command: ['/bin/bash', '-c', 'cd /Users/manideepakreddyaila/Desktop/projects/Legal_Insights_Engine/cap_dbt && dbt run']
[2024-04-15T13:45:18.888-0400] {subprocess.py:86} INFO - Output:
[2024-04-15T13:45:20.897-0400] {subprocess.py:93} INFO - [0m17:45:20  Running with dbt=1.7.11
[2024-04-15T13:45:22.526-0400] {subprocess.py:93} INFO - [0m17:45:22  Registered adapter: snowflake=1.7.3
[2024-04-15T13:45:22.781-0400] {subprocess.py:93} INFO - [0m17:45:22  Found 3 models, 1 source, 0 exposures, 0 metrics, 544 macros, 0 groups, 0 semantic models
[2024-04-15T13:45:22.782-0400] {subprocess.py:93} INFO - [0m17:45:22
[2024-04-15T13:45:23.698-0400] {subprocess.py:93} INFO - [0m17:45:23  Concurrency: 1 threads (target='dev')
[2024-04-15T13:45:23.699-0400] {subprocess.py:93} INFO - [0m17:45:23
[2024-04-15T13:45:23.701-0400] {subprocess.py:93} INFO - [0m17:45:23  1 of 3 START sql view model DEV.raw_data_processing ............................ [RUN]
[2024-04-15T13:45:24.175-0400] {subprocess.py:93} INFO - [0m17:45:24  1 of 3 OK created sql view model DEV.raw_data_processing ....................... [[32mSUCCESS 1[0m in 0.47s]
[2024-04-15T13:45:24.176-0400] {subprocess.py:93} INFO - [0m17:45:24  2 of 3 START sql view model DEV.flatten ........................................ [RUN]
[2024-04-15T13:45:24.860-0400] {subprocess.py:93} INFO - [0m17:45:24  2 of 3 OK created sql view model DEV.flatten ................................... [[32mSUCCESS 1[0m in 0.68s]
[2024-04-15T13:45:24.862-0400] {subprocess.py:93} INFO - [0m17:45:24  3 of 3 START sql table model DEV.aggregation ................................... [RUN]
[2024-04-15T13:45:26.406-0400] {subprocess.py:93} INFO - [0m17:45:26  3 of 3 OK created sql table model DEV.aggregation .............................. [[32mSUCCESS 1[0m in 1.54s]
[2024-04-15T13:45:26.410-0400] {subprocess.py:93} INFO - [0m17:45:26
[2024-04-15T13:45:26.412-0400] {subprocess.py:93} INFO - [0m17:45:26  Finished running 2 view models, 1 table model in 0 hours 0 minutes and 3.63 seconds (3.63s).
[2024-04-15T13:45:26.434-0400] {subprocess.py:93} INFO - [0m17:45:26
[2024-04-15T13:45:26.435-0400] {subprocess.py:93} INFO - [0m17:45:26  [32mCompleted successfully[0m
[2024-04-15T13:45:26.436-0400] {subprocess.py:93} INFO - [0m17:45:26
[2024-04-15T13:45:26.437-0400] {subprocess.py:93} INFO - [0m17:45:26  Done. PASS=3 WARN=0 ERROR=0 SKIP=0 TOTAL=3
[2024-04-15T13:45:27.004-0400] {subprocess.py:97} INFO - Command exited with return code 0
[2024-04-15T13:45:27.007-0400] {taskinstance.py:441} INFO - ::group::Post task execution logs
[2024-04-15T13:45:27.029-0400] {taskinstance.py:1205} INFO - Marking task as SUCCESS. dag_id=preprocessing_dag, task_id=bash_task, execution_date=20240415T174308, start_date=20240415T174518, end_date=20240415T174527
[2024-04-15T13:45:27.074-0400] {local_task_job_runner.py:240} INFO - Task exited with return code 0
[2024-04-15T13:45:27.088-0400] {taskinstance.py:3482} INFO - 1 downstream tasks scheduled from follow-on schedule check
[2024-04-15T13:45:27.089-0400] {local_task_job_runner.py:222} INFO - ::endgroup::
