[2024-04-13T20:07:15.349-0400] {processor.py:161} INFO - Started process (PID=31679) to work on /Users/manideepakreddyaila/Desktop/projects/Legal_Insights_Engine/.venv/lib/python3.11/site-packages/airflow/example_dags/example_dynamic_task_mapping.py
[2024-04-13T20:07:15.350-0400] {processor.py:830} INFO - Processing file /Users/manideepakreddyaila/Desktop/projects/Legal_Insights_Engine/.venv/lib/python3.11/site-packages/airflow/example_dags/example_dynamic_task_mapping.py for tasks to queue
[2024-04-13T20:07:15.350-0400] {logging_mixin.py:188} INFO - [2024-04-13T20:07:15.350-0400] {dagbag.py:540} INFO - Filling up the DagBag from /Users/manideepakreddyaila/Desktop/projects/Legal_Insights_Engine/.venv/lib/python3.11/site-packages/airflow/example_dags/example_dynamic_task_mapping.py
[2024-04-13T20:07:15.389-0400] {processor.py:840} INFO - DAG(s) 'example_dynamic_task_mapping' retrieved from /Users/manideepakreddyaila/Desktop/projects/Legal_Insights_Engine/.venv/lib/python3.11/site-packages/airflow/example_dags/example_dynamic_task_mapping.py
[2024-04-13T20:07:15.423-0400] {logging_mixin.py:188} INFO - [2024-04-13T20:07:15.423-0400] {dag.py:3096} INFO - Sync 1 DAGs
[2024-04-13T20:07:15.429-0400] {logging_mixin.py:188} INFO - [2024-04-13T20:07:15.429-0400] {dag.py:3954} INFO - Setting next_dagrun for example_dynamic_task_mapping to 2022-03-04 00:00:00+00:00, run_after=2022-03-05 00:00:00+00:00
[2024-04-13T20:07:15.435-0400] {processor.py:183} INFO - Processing /Users/manideepakreddyaila/Desktop/projects/Legal_Insights_Engine/.venv/lib/python3.11/site-packages/airflow/example_dags/example_dynamic_task_mapping.py took 0.086 seconds
[2024-04-13T22:43:59.650-0400] {processor.py:161} INFO - Started process (PID=31911) to work on /Users/manideepakreddyaila/Desktop/projects/Legal_Insights_Engine/.venv/lib/python3.11/site-packages/airflow/example_dags/example_dynamic_task_mapping.py
[2024-04-13T22:43:59.650-0400] {processor.py:830} INFO - Processing file /Users/manideepakreddyaila/Desktop/projects/Legal_Insights_Engine/.venv/lib/python3.11/site-packages/airflow/example_dags/example_dynamic_task_mapping.py for tasks to queue
[2024-04-13T22:43:59.651-0400] {logging_mixin.py:188} INFO - [2024-04-13T22:43:59.651-0400] {dagbag.py:540} INFO - Filling up the DagBag from /Users/manideepakreddyaila/Desktop/projects/Legal_Insights_Engine/.venv/lib/python3.11/site-packages/airflow/example_dags/example_dynamic_task_mapping.py
[2024-04-13T22:43:59.690-0400] {processor.py:840} INFO - DAG(s) 'example_dynamic_task_mapping' retrieved from /Users/manideepakreddyaila/Desktop/projects/Legal_Insights_Engine/.venv/lib/python3.11/site-packages/airflow/example_dags/example_dynamic_task_mapping.py
[2024-04-13T22:43:59.724-0400] {logging_mixin.py:188} INFO - [2024-04-13T22:43:59.724-0400] {dag.py:3096} INFO - Sync 1 DAGs
[2024-04-13T22:43:59.729-0400] {logging_mixin.py:188} INFO - [2024-04-13T22:43:59.729-0400] {dag.py:3954} INFO - Setting next_dagrun for example_dynamic_task_mapping to 2022-03-04 00:00:00+00:00, run_after=2022-03-05 00:00:00+00:00
[2024-04-13T22:43:59.735-0400] {processor.py:183} INFO - Processing /Users/manideepakreddyaila/Desktop/projects/Legal_Insights_Engine/.venv/lib/python3.11/site-packages/airflow/example_dags/example_dynamic_task_mapping.py took 0.086 seconds
[2024-04-14T01:14:11.353-0400] {processor.py:161} INFO - Started process (PID=32109) to work on /Users/manideepakreddyaila/Desktop/projects/Legal_Insights_Engine/.venv/lib/python3.11/site-packages/airflow/example_dags/example_dynamic_task_mapping.py
[2024-04-14T01:14:11.353-0400] {processor.py:830} INFO - Processing file /Users/manideepakreddyaila/Desktop/projects/Legal_Insights_Engine/.venv/lib/python3.11/site-packages/airflow/example_dags/example_dynamic_task_mapping.py for tasks to queue
[2024-04-14T01:14:11.353-0400] {logging_mixin.py:188} INFO - [2024-04-14T01:14:11.353-0400] {dagbag.py:540} INFO - Filling up the DagBag from /Users/manideepakreddyaila/Desktop/projects/Legal_Insights_Engine/.venv/lib/python3.11/site-packages/airflow/example_dags/example_dynamic_task_mapping.py
[2024-04-14T01:14:11.401-0400] {processor.py:840} INFO - DAG(s) 'example_dynamic_task_mapping' retrieved from /Users/manideepakreddyaila/Desktop/projects/Legal_Insights_Engine/.venv/lib/python3.11/site-packages/airflow/example_dags/example_dynamic_task_mapping.py
[2024-04-14T01:14:11.442-0400] {logging_mixin.py:188} INFO - [2024-04-14T01:14:11.442-0400] {dag.py:3096} INFO - Sync 1 DAGs
[2024-04-14T01:14:11.450-0400] {logging_mixin.py:188} INFO - [2024-04-14T01:14:11.450-0400] {dag.py:3954} INFO - Setting next_dagrun for example_dynamic_task_mapping to 2022-03-04 00:00:00+00:00, run_after=2022-03-05 00:00:00+00:00
[2024-04-14T01:14:11.457-0400] {processor.py:183} INFO - Processing /Users/manideepakreddyaila/Desktop/projects/Legal_Insights_Engine/.venv/lib/python3.11/site-packages/airflow/example_dags/example_dynamic_task_mapping.py took 0.106 seconds
[2024-04-14T04:14:58.936-0400] {processor.py:161} INFO - Started process (PID=32386) to work on /Users/manideepakreddyaila/Desktop/projects/Legal_Insights_Engine/.venv/lib/python3.11/site-packages/airflow/example_dags/example_dynamic_task_mapping.py
[2024-04-14T04:14:58.937-0400] {processor.py:830} INFO - Processing file /Users/manideepakreddyaila/Desktop/projects/Legal_Insights_Engine/.venv/lib/python3.11/site-packages/airflow/example_dags/example_dynamic_task_mapping.py for tasks to queue
[2024-04-14T04:14:58.937-0400] {logging_mixin.py:188} INFO - [2024-04-14T04:14:58.937-0400] {dagbag.py:540} INFO - Filling up the DagBag from /Users/manideepakreddyaila/Desktop/projects/Legal_Insights_Engine/.venv/lib/python3.11/site-packages/airflow/example_dags/example_dynamic_task_mapping.py
[2024-04-14T04:14:58.975-0400] {processor.py:840} INFO - DAG(s) 'example_dynamic_task_mapping' retrieved from /Users/manideepakreddyaila/Desktop/projects/Legal_Insights_Engine/.venv/lib/python3.11/site-packages/airflow/example_dags/example_dynamic_task_mapping.py
[2024-04-14T04:14:59.009-0400] {logging_mixin.py:188} INFO - [2024-04-14T04:14:59.009-0400] {dag.py:3096} INFO - Sync 1 DAGs
[2024-04-14T04:14:59.015-0400] {logging_mixin.py:188} INFO - [2024-04-14T04:14:59.015-0400] {dag.py:3954} INFO - Setting next_dagrun for example_dynamic_task_mapping to 2022-03-04 00:00:00+00:00, run_after=2022-03-05 00:00:00+00:00
[2024-04-14T04:14:59.021-0400] {processor.py:183} INFO - Processing /Users/manideepakreddyaila/Desktop/projects/Legal_Insights_Engine/.venv/lib/python3.11/site-packages/airflow/example_dags/example_dynamic_task_mapping.py took 0.086 seconds
[2024-04-14T06:53:19.091-0400] {processor.py:161} INFO - Started process (PID=32568) to work on /Users/manideepakreddyaila/Desktop/projects/Legal_Insights_Engine/.venv/lib/python3.11/site-packages/airflow/example_dags/example_dynamic_task_mapping.py
[2024-04-14T06:53:19.091-0400] {processor.py:830} INFO - Processing file /Users/manideepakreddyaila/Desktop/projects/Legal_Insights_Engine/.venv/lib/python3.11/site-packages/airflow/example_dags/example_dynamic_task_mapping.py for tasks to queue
[2024-04-14T06:53:19.091-0400] {logging_mixin.py:188} INFO - [2024-04-14T06:53:19.091-0400] {dagbag.py:540} INFO - Filling up the DagBag from /Users/manideepakreddyaila/Desktop/projects/Legal_Insights_Engine/.venv/lib/python3.11/site-packages/airflow/example_dags/example_dynamic_task_mapping.py
[2024-04-14T06:53:19.130-0400] {processor.py:840} INFO - DAG(s) 'example_dynamic_task_mapping' retrieved from /Users/manideepakreddyaila/Desktop/projects/Legal_Insights_Engine/.venv/lib/python3.11/site-packages/airflow/example_dags/example_dynamic_task_mapping.py
[2024-04-14T06:53:19.164-0400] {logging_mixin.py:188} INFO - [2024-04-14T06:53:19.164-0400] {dag.py:3096} INFO - Sync 1 DAGs
[2024-04-14T06:53:19.170-0400] {logging_mixin.py:188} INFO - [2024-04-14T06:53:19.170-0400] {dag.py:3954} INFO - Setting next_dagrun for example_dynamic_task_mapping to 2022-03-04 00:00:00+00:00, run_after=2022-03-05 00:00:00+00:00
[2024-04-14T06:53:19.175-0400] {processor.py:183} INFO - Processing /Users/manideepakreddyaila/Desktop/projects/Legal_Insights_Engine/.venv/lib/python3.11/site-packages/airflow/example_dags/example_dynamic_task_mapping.py took 0.086 seconds
[2024-04-14T08:10:40.356-0400] {processor.py:161} INFO - Started process (PID=32741) to work on /Users/manideepakreddyaila/Desktop/projects/Legal_Insights_Engine/.venv/lib/python3.11/site-packages/airflow/example_dags/example_dynamic_task_mapping.py
[2024-04-14T08:10:40.357-0400] {processor.py:830} INFO - Processing file /Users/manideepakreddyaila/Desktop/projects/Legal_Insights_Engine/.venv/lib/python3.11/site-packages/airflow/example_dags/example_dynamic_task_mapping.py for tasks to queue
[2024-04-14T08:10:40.357-0400] {logging_mixin.py:188} INFO - [2024-04-14T08:10:40.357-0400] {dagbag.py:540} INFO - Filling up the DagBag from /Users/manideepakreddyaila/Desktop/projects/Legal_Insights_Engine/.venv/lib/python3.11/site-packages/airflow/example_dags/example_dynamic_task_mapping.py
[2024-04-14T08:10:40.397-0400] {processor.py:840} INFO - DAG(s) 'example_dynamic_task_mapping' retrieved from /Users/manideepakreddyaila/Desktop/projects/Legal_Insights_Engine/.venv/lib/python3.11/site-packages/airflow/example_dags/example_dynamic_task_mapping.py
[2024-04-14T08:10:40.432-0400] {logging_mixin.py:188} INFO - [2024-04-14T08:10:40.431-0400] {dag.py:3096} INFO - Sync 1 DAGs
[2024-04-14T08:10:40.437-0400] {logging_mixin.py:188} INFO - [2024-04-14T08:10:40.437-0400] {dag.py:3954} INFO - Setting next_dagrun for example_dynamic_task_mapping to 2022-03-04 00:00:00+00:00, run_after=2022-03-05 00:00:00+00:00
[2024-04-14T08:10:40.443-0400] {processor.py:183} INFO - Processing /Users/manideepakreddyaila/Desktop/projects/Legal_Insights_Engine/.venv/lib/python3.11/site-packages/airflow/example_dags/example_dynamic_task_mapping.py took 0.089 seconds
[2024-04-14T08:15:55.480-0400] {processor.py:161} INFO - Started process (PID=32867) to work on /Users/manideepakreddyaila/Desktop/projects/Legal_Insights_Engine/.venv/lib/python3.11/site-packages/airflow/example_dags/example_dynamic_task_mapping.py
[2024-04-14T08:15:55.481-0400] {processor.py:830} INFO - Processing file /Users/manideepakreddyaila/Desktop/projects/Legal_Insights_Engine/.venv/lib/python3.11/site-packages/airflow/example_dags/example_dynamic_task_mapping.py for tasks to queue
[2024-04-14T08:15:55.481-0400] {logging_mixin.py:188} INFO - [2024-04-14T08:15:55.481-0400] {dagbag.py:540} INFO - Filling up the DagBag from /Users/manideepakreddyaila/Desktop/projects/Legal_Insights_Engine/.venv/lib/python3.11/site-packages/airflow/example_dags/example_dynamic_task_mapping.py
[2024-04-14T08:15:55.525-0400] {processor.py:840} INFO - DAG(s) 'example_dynamic_task_mapping' retrieved from /Users/manideepakreddyaila/Desktop/projects/Legal_Insights_Engine/.venv/lib/python3.11/site-packages/airflow/example_dags/example_dynamic_task_mapping.py
[2024-04-14T08:15:55.559-0400] {logging_mixin.py:188} INFO - [2024-04-14T08:15:55.558-0400] {dag.py:3096} INFO - Sync 1 DAGs
[2024-04-14T08:15:55.564-0400] {logging_mixin.py:188} INFO - [2024-04-14T08:15:55.564-0400] {dag.py:3954} INFO - Setting next_dagrun for example_dynamic_task_mapping to 2022-03-04 00:00:00+00:00, run_after=2022-03-05 00:00:00+00:00
[2024-04-14T08:15:55.570-0400] {processor.py:183} INFO - Processing /Users/manideepakreddyaila/Desktop/projects/Legal_Insights_Engine/.venv/lib/python3.11/site-packages/airflow/example_dags/example_dynamic_task_mapping.py took 0.091 seconds
[2024-04-14T08:22:14.076-0400] {processor.py:161} INFO - Started process (PID=32972) to work on /Users/manideepakreddyaila/Desktop/projects/Legal_Insights_Engine/.venv/lib/python3.11/site-packages/airflow/example_dags/example_dynamic_task_mapping.py
[2024-04-14T08:22:14.078-0400] {processor.py:830} INFO - Processing file /Users/manideepakreddyaila/Desktop/projects/Legal_Insights_Engine/.venv/lib/python3.11/site-packages/airflow/example_dags/example_dynamic_task_mapping.py for tasks to queue
[2024-04-14T08:22:14.078-0400] {logging_mixin.py:188} INFO - [2024-04-14T08:22:14.078-0400] {dagbag.py:540} INFO - Filling up the DagBag from /Users/manideepakreddyaila/Desktop/projects/Legal_Insights_Engine/.venv/lib/python3.11/site-packages/airflow/example_dags/example_dynamic_task_mapping.py
[2024-04-14T08:22:14.115-0400] {processor.py:840} INFO - DAG(s) 'example_dynamic_task_mapping' retrieved from /Users/manideepakreddyaila/Desktop/projects/Legal_Insights_Engine/.venv/lib/python3.11/site-packages/airflow/example_dags/example_dynamic_task_mapping.py
[2024-04-14T08:22:14.149-0400] {logging_mixin.py:188} INFO - [2024-04-14T08:22:14.149-0400] {dag.py:3096} INFO - Sync 1 DAGs
[2024-04-14T08:22:14.154-0400] {logging_mixin.py:188} INFO - [2024-04-14T08:22:14.154-0400] {dag.py:3954} INFO - Setting next_dagrun for example_dynamic_task_mapping to 2022-03-04 00:00:00+00:00, run_after=2022-03-05 00:00:00+00:00
[2024-04-14T08:22:14.160-0400] {processor.py:183} INFO - Processing /Users/manideepakreddyaila/Desktop/projects/Legal_Insights_Engine/.venv/lib/python3.11/site-packages/airflow/example_dags/example_dynamic_task_mapping.py took 0.085 seconds
[2024-04-14T11:53:24.892-0400] {processor.py:161} INFO - Started process (PID=33161) to work on /Users/manideepakreddyaila/Desktop/projects/Legal_Insights_Engine/.venv/lib/python3.11/site-packages/airflow/example_dags/example_dynamic_task_mapping.py
[2024-04-14T11:53:24.893-0400] {processor.py:830} INFO - Processing file /Users/manideepakreddyaila/Desktop/projects/Legal_Insights_Engine/.venv/lib/python3.11/site-packages/airflow/example_dags/example_dynamic_task_mapping.py for tasks to queue
[2024-04-14T11:53:24.893-0400] {logging_mixin.py:188} INFO - [2024-04-14T11:53:24.893-0400] {dagbag.py:540} INFO - Filling up the DagBag from /Users/manideepakreddyaila/Desktop/projects/Legal_Insights_Engine/.venv/lib/python3.11/site-packages/airflow/example_dags/example_dynamic_task_mapping.py
[2024-04-14T11:53:24.932-0400] {processor.py:840} INFO - DAG(s) 'example_dynamic_task_mapping' retrieved from /Users/manideepakreddyaila/Desktop/projects/Legal_Insights_Engine/.venv/lib/python3.11/site-packages/airflow/example_dags/example_dynamic_task_mapping.py
[2024-04-14T11:53:24.966-0400] {logging_mixin.py:188} INFO - [2024-04-14T11:53:24.966-0400] {dag.py:3096} INFO - Sync 1 DAGs
[2024-04-14T11:53:24.972-0400] {logging_mixin.py:188} INFO - [2024-04-14T11:53:24.972-0400] {dag.py:3954} INFO - Setting next_dagrun for example_dynamic_task_mapping to 2022-03-04 00:00:00+00:00, run_after=2022-03-05 00:00:00+00:00
[2024-04-14T11:53:24.977-0400] {processor.py:183} INFO - Processing /Users/manideepakreddyaila/Desktop/projects/Legal_Insights_Engine/.venv/lib/python3.11/site-packages/airflow/example_dags/example_dynamic_task_mapping.py took 0.086 seconds
[2024-04-14T12:07:10.172-0400] {processor.py:161} INFO - Started process (PID=33276) to work on /Users/manideepakreddyaila/Desktop/projects/Legal_Insights_Engine/.venv/lib/python3.11/site-packages/airflow/example_dags/example_dynamic_task_mapping.py
[2024-04-14T12:07:10.173-0400] {processor.py:830} INFO - Processing file /Users/manideepakreddyaila/Desktop/projects/Legal_Insights_Engine/.venv/lib/python3.11/site-packages/airflow/example_dags/example_dynamic_task_mapping.py for tasks to queue
[2024-04-14T12:07:10.173-0400] {logging_mixin.py:188} INFO - [2024-04-14T12:07:10.173-0400] {dagbag.py:540} INFO - Filling up the DagBag from /Users/manideepakreddyaila/Desktop/projects/Legal_Insights_Engine/.venv/lib/python3.11/site-packages/airflow/example_dags/example_dynamic_task_mapping.py
[2024-04-14T12:07:10.211-0400] {processor.py:840} INFO - DAG(s) 'example_dynamic_task_mapping' retrieved from /Users/manideepakreddyaila/Desktop/projects/Legal_Insights_Engine/.venv/lib/python3.11/site-packages/airflow/example_dags/example_dynamic_task_mapping.py
[2024-04-14T12:07:10.245-0400] {logging_mixin.py:188} INFO - [2024-04-14T12:07:10.245-0400] {dag.py:3096} INFO - Sync 1 DAGs
[2024-04-14T12:07:10.250-0400] {logging_mixin.py:188} INFO - [2024-04-14T12:07:10.250-0400] {dag.py:3954} INFO - Setting next_dagrun for example_dynamic_task_mapping to 2022-03-04 00:00:00+00:00, run_after=2022-03-05 00:00:00+00:00
[2024-04-14T12:07:10.256-0400] {processor.py:183} INFO - Processing /Users/manideepakreddyaila/Desktop/projects/Legal_Insights_Engine/.venv/lib/python3.11/site-packages/airflow/example_dags/example_dynamic_task_mapping.py took 0.085 seconds
[2024-04-14T14:24:52.233-0400] {processor.py:161} INFO - Started process (PID=33478) to work on /Users/manideepakreddyaila/Desktop/projects/Legal_Insights_Engine/.venv/lib/python3.11/site-packages/airflow/example_dags/example_dynamic_task_mapping.py
[2024-04-14T14:24:52.233-0400] {processor.py:830} INFO - Processing file /Users/manideepakreddyaila/Desktop/projects/Legal_Insights_Engine/.venv/lib/python3.11/site-packages/airflow/example_dags/example_dynamic_task_mapping.py for tasks to queue
[2024-04-14T14:24:52.233-0400] {logging_mixin.py:188} INFO - [2024-04-14T14:24:52.233-0400] {dagbag.py:540} INFO - Filling up the DagBag from /Users/manideepakreddyaila/Desktop/projects/Legal_Insights_Engine/.venv/lib/python3.11/site-packages/airflow/example_dags/example_dynamic_task_mapping.py
[2024-04-14T14:24:52.275-0400] {processor.py:840} INFO - DAG(s) 'example_dynamic_task_mapping' retrieved from /Users/manideepakreddyaila/Desktop/projects/Legal_Insights_Engine/.venv/lib/python3.11/site-packages/airflow/example_dags/example_dynamic_task_mapping.py
[2024-04-14T14:24:52.309-0400] {logging_mixin.py:188} INFO - [2024-04-14T14:24:52.309-0400] {dag.py:3096} INFO - Sync 1 DAGs
[2024-04-14T14:24:52.315-0400] {logging_mixin.py:188} INFO - [2024-04-14T14:24:52.315-0400] {dag.py:3954} INFO - Setting next_dagrun for example_dynamic_task_mapping to 2022-03-04 00:00:00+00:00, run_after=2022-03-05 00:00:00+00:00
[2024-04-14T14:24:52.321-0400] {processor.py:183} INFO - Processing /Users/manideepakreddyaila/Desktop/projects/Legal_Insights_Engine/.venv/lib/python3.11/site-packages/airflow/example_dags/example_dynamic_task_mapping.py took 0.090 seconds
[2024-04-14T16:37:14.707-0400] {processor.py:161} INFO - Started process (PID=33778) to work on /Users/manideepakreddyaila/Desktop/projects/Legal_Insights_Engine/.venv/lib/python3.11/site-packages/airflow/example_dags/example_dynamic_task_mapping.py
[2024-04-14T16:37:14.708-0400] {processor.py:830} INFO - Processing file /Users/manideepakreddyaila/Desktop/projects/Legal_Insights_Engine/.venv/lib/python3.11/site-packages/airflow/example_dags/example_dynamic_task_mapping.py for tasks to queue
[2024-04-14T16:37:14.708-0400] {logging_mixin.py:188} INFO - [2024-04-14T16:37:14.708-0400] {dagbag.py:540} INFO - Filling up the DagBag from /Users/manideepakreddyaila/Desktop/projects/Legal_Insights_Engine/.venv/lib/python3.11/site-packages/airflow/example_dags/example_dynamic_task_mapping.py
[2024-04-14T16:37:14.747-0400] {processor.py:840} INFO - DAG(s) 'example_dynamic_task_mapping' retrieved from /Users/manideepakreddyaila/Desktop/projects/Legal_Insights_Engine/.venv/lib/python3.11/site-packages/airflow/example_dags/example_dynamic_task_mapping.py
[2024-04-14T16:37:14.781-0400] {logging_mixin.py:188} INFO - [2024-04-14T16:37:14.781-0400] {dag.py:3096} INFO - Sync 1 DAGs
[2024-04-14T16:37:14.787-0400] {logging_mixin.py:188} INFO - [2024-04-14T16:37:14.787-0400] {dag.py:3954} INFO - Setting next_dagrun for example_dynamic_task_mapping to 2022-03-04 00:00:00+00:00, run_after=2022-03-05 00:00:00+00:00
[2024-04-14T16:37:14.793-0400] {processor.py:183} INFO - Processing /Users/manideepakreddyaila/Desktop/projects/Legal_Insights_Engine/.venv/lib/python3.11/site-packages/airflow/example_dags/example_dynamic_task_mapping.py took 0.086 seconds
[2024-04-14T16:39:15.974-0400] {processor.py:161} INFO - Started process (PID=33870) to work on /Users/manideepakreddyaila/Desktop/projects/Legal_Insights_Engine/.venv/lib/python3.11/site-packages/airflow/example_dags/example_dynamic_task_mapping.py
[2024-04-14T16:39:15.974-0400] {processor.py:830} INFO - Processing file /Users/manideepakreddyaila/Desktop/projects/Legal_Insights_Engine/.venv/lib/python3.11/site-packages/airflow/example_dags/example_dynamic_task_mapping.py for tasks to queue
[2024-04-14T16:39:15.974-0400] {logging_mixin.py:188} INFO - [2024-04-14T16:39:15.974-0400] {dagbag.py:540} INFO - Filling up the DagBag from /Users/manideepakreddyaila/Desktop/projects/Legal_Insights_Engine/.venv/lib/python3.11/site-packages/airflow/example_dags/example_dynamic_task_mapping.py
[2024-04-14T16:39:16.014-0400] {processor.py:840} INFO - DAG(s) 'example_dynamic_task_mapping' retrieved from /Users/manideepakreddyaila/Desktop/projects/Legal_Insights_Engine/.venv/lib/python3.11/site-packages/airflow/example_dags/example_dynamic_task_mapping.py
[2024-04-14T16:39:16.051-0400] {logging_mixin.py:188} INFO - [2024-04-14T16:39:16.051-0400] {dag.py:3096} INFO - Sync 1 DAGs
[2024-04-14T16:39:16.056-0400] {logging_mixin.py:188} INFO - [2024-04-14T16:39:16.056-0400] {dag.py:3954} INFO - Setting next_dagrun for example_dynamic_task_mapping to 2022-03-04 00:00:00+00:00, run_after=2022-03-05 00:00:00+00:00
[2024-04-14T16:39:16.062-0400] {processor.py:183} INFO - Processing /Users/manideepakreddyaila/Desktop/projects/Legal_Insights_Engine/.venv/lib/python3.11/site-packages/airflow/example_dags/example_dynamic_task_mapping.py took 0.090 seconds
[2024-04-14T16:41:11.436-0400] {processor.py:161} INFO - Started process (PID=33969) to work on /Users/manideepakreddyaila/Desktop/projects/Legal_Insights_Engine/.venv/lib/python3.11/site-packages/airflow/example_dags/example_dynamic_task_mapping.py
[2024-04-14T16:41:11.437-0400] {processor.py:830} INFO - Processing file /Users/manideepakreddyaila/Desktop/projects/Legal_Insights_Engine/.venv/lib/python3.11/site-packages/airflow/example_dags/example_dynamic_task_mapping.py for tasks to queue
[2024-04-14T16:41:11.437-0400] {logging_mixin.py:188} INFO - [2024-04-14T16:41:11.437-0400] {dagbag.py:540} INFO - Filling up the DagBag from /Users/manideepakreddyaila/Desktop/projects/Legal_Insights_Engine/.venv/lib/python3.11/site-packages/airflow/example_dags/example_dynamic_task_mapping.py
[2024-04-14T16:41:11.476-0400] {processor.py:840} INFO - DAG(s) 'example_dynamic_task_mapping' retrieved from /Users/manideepakreddyaila/Desktop/projects/Legal_Insights_Engine/.venv/lib/python3.11/site-packages/airflow/example_dags/example_dynamic_task_mapping.py
[2024-04-14T16:41:11.510-0400] {logging_mixin.py:188} INFO - [2024-04-14T16:41:11.510-0400] {dag.py:3096} INFO - Sync 1 DAGs
[2024-04-14T16:41:11.515-0400] {logging_mixin.py:188} INFO - [2024-04-14T16:41:11.515-0400] {dag.py:3954} INFO - Setting next_dagrun for example_dynamic_task_mapping to 2022-03-04 00:00:00+00:00, run_after=2022-03-05 00:00:00+00:00
[2024-04-14T16:41:11.521-0400] {processor.py:183} INFO - Processing /Users/manideepakreddyaila/Desktop/projects/Legal_Insights_Engine/.venv/lib/python3.11/site-packages/airflow/example_dags/example_dynamic_task_mapping.py took 0.086 seconds
[2024-04-14T16:43:05.546-0400] {processor.py:161} INFO - Started process (PID=34069) to work on /Users/manideepakreddyaila/Desktop/projects/Legal_Insights_Engine/.venv/lib/python3.11/site-packages/airflow/example_dags/example_dynamic_task_mapping.py
[2024-04-14T16:43:05.547-0400] {processor.py:830} INFO - Processing file /Users/manideepakreddyaila/Desktop/projects/Legal_Insights_Engine/.venv/lib/python3.11/site-packages/airflow/example_dags/example_dynamic_task_mapping.py for tasks to queue
[2024-04-14T16:43:05.547-0400] {logging_mixin.py:188} INFO - [2024-04-14T16:43:05.547-0400] {dagbag.py:540} INFO - Filling up the DagBag from /Users/manideepakreddyaila/Desktop/projects/Legal_Insights_Engine/.venv/lib/python3.11/site-packages/airflow/example_dags/example_dynamic_task_mapping.py
[2024-04-14T16:43:05.587-0400] {processor.py:840} INFO - DAG(s) 'example_dynamic_task_mapping' retrieved from /Users/manideepakreddyaila/Desktop/projects/Legal_Insights_Engine/.venv/lib/python3.11/site-packages/airflow/example_dags/example_dynamic_task_mapping.py
[2024-04-14T16:43:05.623-0400] {logging_mixin.py:188} INFO - [2024-04-14T16:43:05.623-0400] {dag.py:3096} INFO - Sync 1 DAGs
[2024-04-14T16:43:05.629-0400] {logging_mixin.py:188} INFO - [2024-04-14T16:43:05.629-0400] {dag.py:3954} INFO - Setting next_dagrun for example_dynamic_task_mapping to 2022-03-04 00:00:00+00:00, run_after=2022-03-05 00:00:00+00:00
[2024-04-14T16:43:05.635-0400] {processor.py:183} INFO - Processing /Users/manideepakreddyaila/Desktop/projects/Legal_Insights_Engine/.venv/lib/python3.11/site-packages/airflow/example_dags/example_dynamic_task_mapping.py took 0.091 seconds
[2024-04-14T16:45:08.233-0400] {processor.py:161} INFO - Started process (PID=34170) to work on /Users/manideepakreddyaila/Desktop/projects/Legal_Insights_Engine/.venv/lib/python3.11/site-packages/airflow/example_dags/example_dynamic_task_mapping.py
[2024-04-14T16:45:08.233-0400] {processor.py:830} INFO - Processing file /Users/manideepakreddyaila/Desktop/projects/Legal_Insights_Engine/.venv/lib/python3.11/site-packages/airflow/example_dags/example_dynamic_task_mapping.py for tasks to queue
[2024-04-14T16:45:08.234-0400] {logging_mixin.py:188} INFO - [2024-04-14T16:45:08.234-0400] {dagbag.py:540} INFO - Filling up the DagBag from /Users/manideepakreddyaila/Desktop/projects/Legal_Insights_Engine/.venv/lib/python3.11/site-packages/airflow/example_dags/example_dynamic_task_mapping.py
[2024-04-14T16:45:08.273-0400] {processor.py:840} INFO - DAG(s) 'example_dynamic_task_mapping' retrieved from /Users/manideepakreddyaila/Desktop/projects/Legal_Insights_Engine/.venv/lib/python3.11/site-packages/airflow/example_dags/example_dynamic_task_mapping.py
[2024-04-14T16:45:08.308-0400] {logging_mixin.py:188} INFO - [2024-04-14T16:45:08.307-0400] {dag.py:3096} INFO - Sync 1 DAGs
[2024-04-14T16:45:08.313-0400] {logging_mixin.py:188} INFO - [2024-04-14T16:45:08.313-0400] {dag.py:3954} INFO - Setting next_dagrun for example_dynamic_task_mapping to 2022-03-04 00:00:00+00:00, run_after=2022-03-05 00:00:00+00:00
[2024-04-14T16:45:08.319-0400] {processor.py:183} INFO - Processing /Users/manideepakreddyaila/Desktop/projects/Legal_Insights_Engine/.venv/lib/python3.11/site-packages/airflow/example_dags/example_dynamic_task_mapping.py took 0.088 seconds
[2024-04-14T16:47:06.789-0400] {processor.py:161} INFO - Started process (PID=34282) to work on /Users/manideepakreddyaila/Desktop/projects/Legal_Insights_Engine/.venv/lib/python3.11/site-packages/airflow/example_dags/example_dynamic_task_mapping.py
[2024-04-14T16:47:06.790-0400] {processor.py:830} INFO - Processing file /Users/manideepakreddyaila/Desktop/projects/Legal_Insights_Engine/.venv/lib/python3.11/site-packages/airflow/example_dags/example_dynamic_task_mapping.py for tasks to queue
[2024-04-14T16:47:06.790-0400] {logging_mixin.py:188} INFO - [2024-04-14T16:47:06.790-0400] {dagbag.py:540} INFO - Filling up the DagBag from /Users/manideepakreddyaila/Desktop/projects/Legal_Insights_Engine/.venv/lib/python3.11/site-packages/airflow/example_dags/example_dynamic_task_mapping.py
[2024-04-14T16:47:06.831-0400] {processor.py:840} INFO - DAG(s) 'example_dynamic_task_mapping' retrieved from /Users/manideepakreddyaila/Desktop/projects/Legal_Insights_Engine/.venv/lib/python3.11/site-packages/airflow/example_dags/example_dynamic_task_mapping.py
[2024-04-14T16:47:06.868-0400] {logging_mixin.py:188} INFO - [2024-04-14T16:47:06.867-0400] {dag.py:3096} INFO - Sync 1 DAGs
[2024-04-14T16:47:06.874-0400] {logging_mixin.py:188} INFO - [2024-04-14T16:47:06.874-0400] {dag.py:3954} INFO - Setting next_dagrun for example_dynamic_task_mapping to 2022-03-04 00:00:00+00:00, run_after=2022-03-05 00:00:00+00:00
[2024-04-14T16:47:06.881-0400] {processor.py:183} INFO - Processing /Users/manideepakreddyaila/Desktop/projects/Legal_Insights_Engine/.venv/lib/python3.11/site-packages/airflow/example_dags/example_dynamic_task_mapping.py took 0.093 seconds
[2024-04-14T16:49:01.899-0400] {processor.py:161} INFO - Started process (PID=34379) to work on /Users/manideepakreddyaila/Desktop/projects/Legal_Insights_Engine/.venv/lib/python3.11/site-packages/airflow/example_dags/example_dynamic_task_mapping.py
[2024-04-14T16:49:01.900-0400] {processor.py:830} INFO - Processing file /Users/manideepakreddyaila/Desktop/projects/Legal_Insights_Engine/.venv/lib/python3.11/site-packages/airflow/example_dags/example_dynamic_task_mapping.py for tasks to queue
[2024-04-14T16:49:01.900-0400] {logging_mixin.py:188} INFO - [2024-04-14T16:49:01.900-0400] {dagbag.py:540} INFO - Filling up the DagBag from /Users/manideepakreddyaila/Desktop/projects/Legal_Insights_Engine/.venv/lib/python3.11/site-packages/airflow/example_dags/example_dynamic_task_mapping.py
[2024-04-14T16:49:01.940-0400] {processor.py:840} INFO - DAG(s) 'example_dynamic_task_mapping' retrieved from /Users/manideepakreddyaila/Desktop/projects/Legal_Insights_Engine/.venv/lib/python3.11/site-packages/airflow/example_dags/example_dynamic_task_mapping.py
[2024-04-14T16:49:01.975-0400] {logging_mixin.py:188} INFO - [2024-04-14T16:49:01.974-0400] {dag.py:3096} INFO - Sync 1 DAGs
[2024-04-14T16:49:01.981-0400] {logging_mixin.py:188} INFO - [2024-04-14T16:49:01.981-0400] {dag.py:3954} INFO - Setting next_dagrun for example_dynamic_task_mapping to 2022-03-04 00:00:00+00:00, run_after=2022-03-05 00:00:00+00:00
[2024-04-14T16:49:01.987-0400] {processor.py:183} INFO - Processing /Users/manideepakreddyaila/Desktop/projects/Legal_Insights_Engine/.venv/lib/python3.11/site-packages/airflow/example_dags/example_dynamic_task_mapping.py took 0.089 seconds
[2024-04-14T17:16:03.306-0400] {processor.py:161} INFO - Started process (PID=34597) to work on /Users/manideepakreddyaila/Desktop/projects/Legal_Insights_Engine/.venv/lib/python3.11/site-packages/airflow/example_dags/example_dynamic_task_mapping.py
[2024-04-14T17:16:03.307-0400] {processor.py:830} INFO - Processing file /Users/manideepakreddyaila/Desktop/projects/Legal_Insights_Engine/.venv/lib/python3.11/site-packages/airflow/example_dags/example_dynamic_task_mapping.py for tasks to queue
[2024-04-14T17:16:03.307-0400] {logging_mixin.py:188} INFO - [2024-04-14T17:16:03.307-0400] {dagbag.py:540} INFO - Filling up the DagBag from /Users/manideepakreddyaila/Desktop/projects/Legal_Insights_Engine/.venv/lib/python3.11/site-packages/airflow/example_dags/example_dynamic_task_mapping.py
[2024-04-14T17:16:03.351-0400] {processor.py:840} INFO - DAG(s) 'example_dynamic_task_mapping' retrieved from /Users/manideepakreddyaila/Desktop/projects/Legal_Insights_Engine/.venv/lib/python3.11/site-packages/airflow/example_dags/example_dynamic_task_mapping.py
[2024-04-14T17:16:03.389-0400] {logging_mixin.py:188} INFO - [2024-04-14T17:16:03.389-0400] {dag.py:3096} INFO - Sync 1 DAGs
[2024-04-14T17:16:03.395-0400] {logging_mixin.py:188} INFO - [2024-04-14T17:16:03.395-0400] {dag.py:3954} INFO - Setting next_dagrun for example_dynamic_task_mapping to 2022-03-04 00:00:00+00:00, run_after=2022-03-05 00:00:00+00:00
[2024-04-14T17:16:03.401-0400] {processor.py:183} INFO - Processing /Users/manideepakreddyaila/Desktop/projects/Legal_Insights_Engine/.venv/lib/python3.11/site-packages/airflow/example_dags/example_dynamic_task_mapping.py took 0.096 seconds
[2024-04-14T17:18:05.255-0400] {processor.py:161} INFO - Started process (PID=34797) to work on /Users/manideepakreddyaila/Desktop/projects/Legal_Insights_Engine/.venv/lib/python3.11/site-packages/airflow/example_dags/example_dynamic_task_mapping.py
[2024-04-14T17:18:05.256-0400] {processor.py:830} INFO - Processing file /Users/manideepakreddyaila/Desktop/projects/Legal_Insights_Engine/.venv/lib/python3.11/site-packages/airflow/example_dags/example_dynamic_task_mapping.py for tasks to queue
[2024-04-14T17:18:05.256-0400] {logging_mixin.py:188} INFO - [2024-04-14T17:18:05.256-0400] {dagbag.py:540} INFO - Filling up the DagBag from /Users/manideepakreddyaila/Desktop/projects/Legal_Insights_Engine/.venv/lib/python3.11/site-packages/airflow/example_dags/example_dynamic_task_mapping.py
[2024-04-14T17:18:05.295-0400] {processor.py:840} INFO - DAG(s) 'example_dynamic_task_mapping' retrieved from /Users/manideepakreddyaila/Desktop/projects/Legal_Insights_Engine/.venv/lib/python3.11/site-packages/airflow/example_dags/example_dynamic_task_mapping.py
[2024-04-14T17:18:05.330-0400] {logging_mixin.py:188} INFO - [2024-04-14T17:18:05.330-0400] {dag.py:3096} INFO - Sync 1 DAGs
[2024-04-14T17:18:05.336-0400] {logging_mixin.py:188} INFO - [2024-04-14T17:18:05.335-0400] {dag.py:3954} INFO - Setting next_dagrun for example_dynamic_task_mapping to 2022-03-04 00:00:00+00:00, run_after=2022-03-05 00:00:00+00:00
[2024-04-14T17:18:05.341-0400] {processor.py:183} INFO - Processing /Users/manideepakreddyaila/Desktop/projects/Legal_Insights_Engine/.venv/lib/python3.11/site-packages/airflow/example_dags/example_dynamic_task_mapping.py took 0.087 seconds
[2024-04-14T17:19:58.233-0400] {processor.py:161} INFO - Started process (PID=34907) to work on /Users/manideepakreddyaila/Desktop/projects/Legal_Insights_Engine/.venv/lib/python3.11/site-packages/airflow/example_dags/example_dynamic_task_mapping.py
[2024-04-14T17:19:58.234-0400] {processor.py:830} INFO - Processing file /Users/manideepakreddyaila/Desktop/projects/Legal_Insights_Engine/.venv/lib/python3.11/site-packages/airflow/example_dags/example_dynamic_task_mapping.py for tasks to queue
[2024-04-14T17:19:58.234-0400] {logging_mixin.py:188} INFO - [2024-04-14T17:19:58.234-0400] {dagbag.py:540} INFO - Filling up the DagBag from /Users/manideepakreddyaila/Desktop/projects/Legal_Insights_Engine/.venv/lib/python3.11/site-packages/airflow/example_dags/example_dynamic_task_mapping.py
[2024-04-14T17:19:58.277-0400] {processor.py:840} INFO - DAG(s) 'example_dynamic_task_mapping' retrieved from /Users/manideepakreddyaila/Desktop/projects/Legal_Insights_Engine/.venv/lib/python3.11/site-packages/airflow/example_dags/example_dynamic_task_mapping.py
[2024-04-14T17:19:58.311-0400] {logging_mixin.py:188} INFO - [2024-04-14T17:19:58.311-0400] {dag.py:3096} INFO - Sync 1 DAGs
[2024-04-14T17:19:58.317-0400] {logging_mixin.py:188} INFO - [2024-04-14T17:19:58.317-0400] {dag.py:3954} INFO - Setting next_dagrun for example_dynamic_task_mapping to 2022-03-04 00:00:00+00:00, run_after=2022-03-05 00:00:00+00:00
[2024-04-14T17:19:58.322-0400] {processor.py:183} INFO - Processing /Users/manideepakreddyaila/Desktop/projects/Legal_Insights_Engine/.venv/lib/python3.11/site-packages/airflow/example_dags/example_dynamic_task_mapping.py took 0.091 seconds
[2024-04-14T17:21:55.469-0400] {processor.py:161} INFO - Started process (PID=35001) to work on /Users/manideepakreddyaila/Desktop/projects/Legal_Insights_Engine/.venv/lib/python3.11/site-packages/airflow/example_dags/example_dynamic_task_mapping.py
[2024-04-14T17:21:55.471-0400] {processor.py:830} INFO - Processing file /Users/manideepakreddyaila/Desktop/projects/Legal_Insights_Engine/.venv/lib/python3.11/site-packages/airflow/example_dags/example_dynamic_task_mapping.py for tasks to queue
[2024-04-14T17:21:55.471-0400] {logging_mixin.py:188} INFO - [2024-04-14T17:21:55.471-0400] {dagbag.py:540} INFO - Filling up the DagBag from /Users/manideepakreddyaila/Desktop/projects/Legal_Insights_Engine/.venv/lib/python3.11/site-packages/airflow/example_dags/example_dynamic_task_mapping.py
[2024-04-14T17:21:55.510-0400] {processor.py:840} INFO - DAG(s) 'example_dynamic_task_mapping' retrieved from /Users/manideepakreddyaila/Desktop/projects/Legal_Insights_Engine/.venv/lib/python3.11/site-packages/airflow/example_dags/example_dynamic_task_mapping.py
[2024-04-14T17:21:55.544-0400] {logging_mixin.py:188} INFO - [2024-04-14T17:21:55.544-0400] {dag.py:3096} INFO - Sync 1 DAGs
[2024-04-14T17:21:55.550-0400] {logging_mixin.py:188} INFO - [2024-04-14T17:21:55.550-0400] {dag.py:3954} INFO - Setting next_dagrun for example_dynamic_task_mapping to 2022-03-04 00:00:00+00:00, run_after=2022-03-05 00:00:00+00:00
[2024-04-14T17:21:55.555-0400] {processor.py:183} INFO - Processing /Users/manideepakreddyaila/Desktop/projects/Legal_Insights_Engine/.venv/lib/python3.11/site-packages/airflow/example_dags/example_dynamic_task_mapping.py took 0.087 seconds
[2024-04-14T17:23:47.867-0400] {processor.py:161} INFO - Started process (PID=35092) to work on /Users/manideepakreddyaila/Desktop/projects/Legal_Insights_Engine/.venv/lib/python3.11/site-packages/airflow/example_dags/example_dynamic_task_mapping.py
[2024-04-14T17:23:47.868-0400] {processor.py:830} INFO - Processing file /Users/manideepakreddyaila/Desktop/projects/Legal_Insights_Engine/.venv/lib/python3.11/site-packages/airflow/example_dags/example_dynamic_task_mapping.py for tasks to queue
[2024-04-14T17:23:47.868-0400] {logging_mixin.py:188} INFO - [2024-04-14T17:23:47.868-0400] {dagbag.py:540} INFO - Filling up the DagBag from /Users/manideepakreddyaila/Desktop/projects/Legal_Insights_Engine/.venv/lib/python3.11/site-packages/airflow/example_dags/example_dynamic_task_mapping.py
[2024-04-14T17:23:47.907-0400] {processor.py:840} INFO - DAG(s) 'example_dynamic_task_mapping' retrieved from /Users/manideepakreddyaila/Desktop/projects/Legal_Insights_Engine/.venv/lib/python3.11/site-packages/airflow/example_dags/example_dynamic_task_mapping.py
[2024-04-14T17:23:47.941-0400] {logging_mixin.py:188} INFO - [2024-04-14T17:23:47.941-0400] {dag.py:3096} INFO - Sync 1 DAGs
[2024-04-14T17:23:47.947-0400] {logging_mixin.py:188} INFO - [2024-04-14T17:23:47.946-0400] {dag.py:3954} INFO - Setting next_dagrun for example_dynamic_task_mapping to 2022-03-04 00:00:00+00:00, run_after=2022-03-05 00:00:00+00:00
[2024-04-14T17:23:47.952-0400] {processor.py:183} INFO - Processing /Users/manideepakreddyaila/Desktop/projects/Legal_Insights_Engine/.venv/lib/python3.11/site-packages/airflow/example_dags/example_dynamic_task_mapping.py took 0.086 seconds
[2024-04-14T17:25:47.305-0400] {processor.py:161} INFO - Started process (PID=35203) to work on /Users/manideepakreddyaila/Desktop/projects/Legal_Insights_Engine/.venv/lib/python3.11/site-packages/airflow/example_dags/example_dynamic_task_mapping.py
[2024-04-14T17:25:47.306-0400] {processor.py:830} INFO - Processing file /Users/manideepakreddyaila/Desktop/projects/Legal_Insights_Engine/.venv/lib/python3.11/site-packages/airflow/example_dags/example_dynamic_task_mapping.py for tasks to queue
[2024-04-14T17:25:47.306-0400] {logging_mixin.py:188} INFO - [2024-04-14T17:25:47.306-0400] {dagbag.py:540} INFO - Filling up the DagBag from /Users/manideepakreddyaila/Desktop/projects/Legal_Insights_Engine/.venv/lib/python3.11/site-packages/airflow/example_dags/example_dynamic_task_mapping.py
[2024-04-14T17:25:47.346-0400] {processor.py:840} INFO - DAG(s) 'example_dynamic_task_mapping' retrieved from /Users/manideepakreddyaila/Desktop/projects/Legal_Insights_Engine/.venv/lib/python3.11/site-packages/airflow/example_dags/example_dynamic_task_mapping.py
[2024-04-14T17:25:47.384-0400] {logging_mixin.py:188} INFO - [2024-04-14T17:25:47.384-0400] {dag.py:3096} INFO - Sync 1 DAGs
[2024-04-14T17:25:47.390-0400] {logging_mixin.py:188} INFO - [2024-04-14T17:25:47.389-0400] {dag.py:3954} INFO - Setting next_dagrun for example_dynamic_task_mapping to 2022-03-04 00:00:00+00:00, run_after=2022-03-05 00:00:00+00:00
[2024-04-14T17:25:47.396-0400] {processor.py:183} INFO - Processing /Users/manideepakreddyaila/Desktop/projects/Legal_Insights_Engine/.venv/lib/python3.11/site-packages/airflow/example_dags/example_dynamic_task_mapping.py took 0.091 seconds
[2024-04-14T17:27:44.282-0400] {processor.py:161} INFO - Started process (PID=35305) to work on /Users/manideepakreddyaila/Desktop/projects/Legal_Insights_Engine/.venv/lib/python3.11/site-packages/airflow/example_dags/example_dynamic_task_mapping.py
[2024-04-14T17:27:44.283-0400] {processor.py:830} INFO - Processing file /Users/manideepakreddyaila/Desktop/projects/Legal_Insights_Engine/.venv/lib/python3.11/site-packages/airflow/example_dags/example_dynamic_task_mapping.py for tasks to queue
[2024-04-14T17:27:44.283-0400] {logging_mixin.py:188} INFO - [2024-04-14T17:27:44.283-0400] {dagbag.py:540} INFO - Filling up the DagBag from /Users/manideepakreddyaila/Desktop/projects/Legal_Insights_Engine/.venv/lib/python3.11/site-packages/airflow/example_dags/example_dynamic_task_mapping.py
[2024-04-14T17:27:44.322-0400] {processor.py:840} INFO - DAG(s) 'example_dynamic_task_mapping' retrieved from /Users/manideepakreddyaila/Desktop/projects/Legal_Insights_Engine/.venv/lib/python3.11/site-packages/airflow/example_dags/example_dynamic_task_mapping.py
[2024-04-14T17:27:44.357-0400] {logging_mixin.py:188} INFO - [2024-04-14T17:27:44.357-0400] {dag.py:3096} INFO - Sync 1 DAGs
[2024-04-14T17:27:44.363-0400] {logging_mixin.py:188} INFO - [2024-04-14T17:27:44.363-0400] {dag.py:3954} INFO - Setting next_dagrun for example_dynamic_task_mapping to 2022-03-04 00:00:00+00:00, run_after=2022-03-05 00:00:00+00:00
[2024-04-14T17:27:44.369-0400] {processor.py:183} INFO - Processing /Users/manideepakreddyaila/Desktop/projects/Legal_Insights_Engine/.venv/lib/python3.11/site-packages/airflow/example_dags/example_dynamic_task_mapping.py took 0.087 seconds
[2024-04-14T17:29:38.189-0400] {processor.py:161} INFO - Started process (PID=35407) to work on /Users/manideepakreddyaila/Desktop/projects/Legal_Insights_Engine/.venv/lib/python3.11/site-packages/airflow/example_dags/example_dynamic_task_mapping.py
[2024-04-14T17:29:38.190-0400] {processor.py:830} INFO - Processing file /Users/manideepakreddyaila/Desktop/projects/Legal_Insights_Engine/.venv/lib/python3.11/site-packages/airflow/example_dags/example_dynamic_task_mapping.py for tasks to queue
[2024-04-14T17:29:38.190-0400] {logging_mixin.py:188} INFO - [2024-04-14T17:29:38.190-0400] {dagbag.py:540} INFO - Filling up the DagBag from /Users/manideepakreddyaila/Desktop/projects/Legal_Insights_Engine/.venv/lib/python3.11/site-packages/airflow/example_dags/example_dynamic_task_mapping.py
[2024-04-14T17:29:38.229-0400] {processor.py:840} INFO - DAG(s) 'example_dynamic_task_mapping' retrieved from /Users/manideepakreddyaila/Desktop/projects/Legal_Insights_Engine/.venv/lib/python3.11/site-packages/airflow/example_dags/example_dynamic_task_mapping.py
[2024-04-14T17:29:38.265-0400] {logging_mixin.py:188} INFO - [2024-04-14T17:29:38.265-0400] {dag.py:3096} INFO - Sync 1 DAGs
[2024-04-14T17:29:38.270-0400] {logging_mixin.py:188} INFO - [2024-04-14T17:29:38.270-0400] {dag.py:3954} INFO - Setting next_dagrun for example_dynamic_task_mapping to 2022-03-04 00:00:00+00:00, run_after=2022-03-05 00:00:00+00:00
[2024-04-14T17:29:38.276-0400] {processor.py:183} INFO - Processing /Users/manideepakreddyaila/Desktop/projects/Legal_Insights_Engine/.venv/lib/python3.11/site-packages/airflow/example_dags/example_dynamic_task_mapping.py took 0.088 seconds
[2024-04-14T17:31:36.554-0400] {processor.py:161} INFO - Started process (PID=35548) to work on /Users/manideepakreddyaila/Desktop/projects/Legal_Insights_Engine/.venv/lib/python3.11/site-packages/airflow/example_dags/example_dynamic_task_mapping.py
[2024-04-14T17:31:36.555-0400] {processor.py:830} INFO - Processing file /Users/manideepakreddyaila/Desktop/projects/Legal_Insights_Engine/.venv/lib/python3.11/site-packages/airflow/example_dags/example_dynamic_task_mapping.py for tasks to queue
[2024-04-14T17:31:36.555-0400] {logging_mixin.py:188} INFO - [2024-04-14T17:31:36.555-0400] {dagbag.py:540} INFO - Filling up the DagBag from /Users/manideepakreddyaila/Desktop/projects/Legal_Insights_Engine/.venv/lib/python3.11/site-packages/airflow/example_dags/example_dynamic_task_mapping.py
[2024-04-14T17:31:36.594-0400] {processor.py:840} INFO - DAG(s) 'example_dynamic_task_mapping' retrieved from /Users/manideepakreddyaila/Desktop/projects/Legal_Insights_Engine/.venv/lib/python3.11/site-packages/airflow/example_dags/example_dynamic_task_mapping.py
[2024-04-14T17:31:36.629-0400] {logging_mixin.py:188} INFO - [2024-04-14T17:31:36.629-0400] {dag.py:3096} INFO - Sync 1 DAGs
[2024-04-14T17:31:36.635-0400] {logging_mixin.py:188} INFO - [2024-04-14T17:31:36.635-0400] {dag.py:3954} INFO - Setting next_dagrun for example_dynamic_task_mapping to 2022-03-04 00:00:00+00:00, run_after=2022-03-05 00:00:00+00:00
[2024-04-14T17:31:36.641-0400] {processor.py:183} INFO - Processing /Users/manideepakreddyaila/Desktop/projects/Legal_Insights_Engine/.venv/lib/python3.11/site-packages/airflow/example_dags/example_dynamic_task_mapping.py took 0.087 seconds
[2024-04-14T17:33:35.506-0400] {processor.py:161} INFO - Started process (PID=35653) to work on /Users/manideepakreddyaila/Desktop/projects/Legal_Insights_Engine/.venv/lib/python3.11/site-packages/airflow/example_dags/example_dynamic_task_mapping.py
[2024-04-14T17:33:35.506-0400] {processor.py:830} INFO - Processing file /Users/manideepakreddyaila/Desktop/projects/Legal_Insights_Engine/.venv/lib/python3.11/site-packages/airflow/example_dags/example_dynamic_task_mapping.py for tasks to queue
[2024-04-14T17:33:35.507-0400] {logging_mixin.py:188} INFO - [2024-04-14T17:33:35.507-0400] {dagbag.py:540} INFO - Filling up the DagBag from /Users/manideepakreddyaila/Desktop/projects/Legal_Insights_Engine/.venv/lib/python3.11/site-packages/airflow/example_dags/example_dynamic_task_mapping.py
[2024-04-14T17:33:35.553-0400] {processor.py:840} INFO - DAG(s) 'example_dynamic_task_mapping' retrieved from /Users/manideepakreddyaila/Desktop/projects/Legal_Insights_Engine/.venv/lib/python3.11/site-packages/airflow/example_dags/example_dynamic_task_mapping.py
[2024-04-14T17:33:35.594-0400] {logging_mixin.py:188} INFO - [2024-04-14T17:33:35.593-0400] {dag.py:3096} INFO - Sync 1 DAGs
[2024-04-14T17:33:35.599-0400] {logging_mixin.py:188} INFO - [2024-04-14T17:33:35.599-0400] {dag.py:3954} INFO - Setting next_dagrun for example_dynamic_task_mapping to 2022-03-04 00:00:00+00:00, run_after=2022-03-05 00:00:00+00:00
[2024-04-14T17:33:35.605-0400] {processor.py:183} INFO - Processing /Users/manideepakreddyaila/Desktop/projects/Legal_Insights_Engine/.venv/lib/python3.11/site-packages/airflow/example_dags/example_dynamic_task_mapping.py took 0.101 seconds
[2024-04-14T17:35:38.862-0400] {processor.py:161} INFO - Started process (PID=35753) to work on /Users/manideepakreddyaila/Desktop/projects/Legal_Insights_Engine/.venv/lib/python3.11/site-packages/airflow/example_dags/example_dynamic_task_mapping.py
[2024-04-14T17:35:38.863-0400] {processor.py:830} INFO - Processing file /Users/manideepakreddyaila/Desktop/projects/Legal_Insights_Engine/.venv/lib/python3.11/site-packages/airflow/example_dags/example_dynamic_task_mapping.py for tasks to queue
[2024-04-14T17:35:38.863-0400] {logging_mixin.py:188} INFO - [2024-04-14T17:35:38.863-0400] {dagbag.py:540} INFO - Filling up the DagBag from /Users/manideepakreddyaila/Desktop/projects/Legal_Insights_Engine/.venv/lib/python3.11/site-packages/airflow/example_dags/example_dynamic_task_mapping.py
[2024-04-14T17:35:38.902-0400] {processor.py:840} INFO - DAG(s) 'example_dynamic_task_mapping' retrieved from /Users/manideepakreddyaila/Desktop/projects/Legal_Insights_Engine/.venv/lib/python3.11/site-packages/airflow/example_dags/example_dynamic_task_mapping.py
[2024-04-14T17:35:38.937-0400] {logging_mixin.py:188} INFO - [2024-04-14T17:35:38.937-0400] {dag.py:3096} INFO - Sync 1 DAGs
[2024-04-14T17:35:38.943-0400] {logging_mixin.py:188} INFO - [2024-04-14T17:35:38.943-0400] {dag.py:3954} INFO - Setting next_dagrun for example_dynamic_task_mapping to 2022-03-04 00:00:00+00:00, run_after=2022-03-05 00:00:00+00:00
[2024-04-14T17:35:38.948-0400] {processor.py:183} INFO - Processing /Users/manideepakreddyaila/Desktop/projects/Legal_Insights_Engine/.venv/lib/python3.11/site-packages/airflow/example_dags/example_dynamic_task_mapping.py took 0.088 seconds
[2024-04-14T17:37:31.323-0400] {processor.py:161} INFO - Started process (PID=35841) to work on /Users/manideepakreddyaila/Desktop/projects/Legal_Insights_Engine/.venv/lib/python3.11/site-packages/airflow/example_dags/example_dynamic_task_mapping.py
[2024-04-14T17:37:31.324-0400] {processor.py:830} INFO - Processing file /Users/manideepakreddyaila/Desktop/projects/Legal_Insights_Engine/.venv/lib/python3.11/site-packages/airflow/example_dags/example_dynamic_task_mapping.py for tasks to queue
[2024-04-14T17:37:31.324-0400] {logging_mixin.py:188} INFO - [2024-04-14T17:37:31.324-0400] {dagbag.py:540} INFO - Filling up the DagBag from /Users/manideepakreddyaila/Desktop/projects/Legal_Insights_Engine/.venv/lib/python3.11/site-packages/airflow/example_dags/example_dynamic_task_mapping.py
[2024-04-14T17:37:31.363-0400] {processor.py:840} INFO - DAG(s) 'example_dynamic_task_mapping' retrieved from /Users/manideepakreddyaila/Desktop/projects/Legal_Insights_Engine/.venv/lib/python3.11/site-packages/airflow/example_dags/example_dynamic_task_mapping.py
[2024-04-14T17:37:31.398-0400] {logging_mixin.py:188} INFO - [2024-04-14T17:37:31.398-0400] {dag.py:3096} INFO - Sync 1 DAGs
[2024-04-14T17:37:31.404-0400] {logging_mixin.py:188} INFO - [2024-04-14T17:37:31.404-0400] {dag.py:3954} INFO - Setting next_dagrun for example_dynamic_task_mapping to 2022-03-04 00:00:00+00:00, run_after=2022-03-05 00:00:00+00:00
[2024-04-14T17:37:31.409-0400] {processor.py:183} INFO - Processing /Users/manideepakreddyaila/Desktop/projects/Legal_Insights_Engine/.venv/lib/python3.11/site-packages/airflow/example_dags/example_dynamic_task_mapping.py took 0.088 seconds
[2024-04-14T17:39:21.574-0400] {processor.py:161} INFO - Started process (PID=35929) to work on /Users/manideepakreddyaila/Desktop/projects/Legal_Insights_Engine/.venv/lib/python3.11/site-packages/airflow/example_dags/example_dynamic_task_mapping.py
[2024-04-14T17:39:21.574-0400] {processor.py:830} INFO - Processing file /Users/manideepakreddyaila/Desktop/projects/Legal_Insights_Engine/.venv/lib/python3.11/site-packages/airflow/example_dags/example_dynamic_task_mapping.py for tasks to queue
[2024-04-14T17:39:21.575-0400] {logging_mixin.py:188} INFO - [2024-04-14T17:39:21.575-0400] {dagbag.py:540} INFO - Filling up the DagBag from /Users/manideepakreddyaila/Desktop/projects/Legal_Insights_Engine/.venv/lib/python3.11/site-packages/airflow/example_dags/example_dynamic_task_mapping.py
[2024-04-14T17:39:21.612-0400] {processor.py:840} INFO - DAG(s) 'example_dynamic_task_mapping' retrieved from /Users/manideepakreddyaila/Desktop/projects/Legal_Insights_Engine/.venv/lib/python3.11/site-packages/airflow/example_dags/example_dynamic_task_mapping.py
[2024-04-14T17:39:21.647-0400] {logging_mixin.py:188} INFO - [2024-04-14T17:39:21.646-0400] {dag.py:3096} INFO - Sync 1 DAGs
[2024-04-14T17:39:21.652-0400] {logging_mixin.py:188} INFO - [2024-04-14T17:39:21.652-0400] {dag.py:3954} INFO - Setting next_dagrun for example_dynamic_task_mapping to 2022-03-04 00:00:00+00:00, run_after=2022-03-05 00:00:00+00:00
[2024-04-14T17:39:21.658-0400] {processor.py:183} INFO - Processing /Users/manideepakreddyaila/Desktop/projects/Legal_Insights_Engine/.venv/lib/python3.11/site-packages/airflow/example_dags/example_dynamic_task_mapping.py took 0.085 seconds
[2024-04-14T17:41:14.291-0400] {processor.py:161} INFO - Started process (PID=36016) to work on /Users/manideepakreddyaila/Desktop/projects/Legal_Insights_Engine/.venv/lib/python3.11/site-packages/airflow/example_dags/example_dynamic_task_mapping.py
[2024-04-14T17:41:14.291-0400] {processor.py:830} INFO - Processing file /Users/manideepakreddyaila/Desktop/projects/Legal_Insights_Engine/.venv/lib/python3.11/site-packages/airflow/example_dags/example_dynamic_task_mapping.py for tasks to queue
[2024-04-14T17:41:14.292-0400] {logging_mixin.py:188} INFO - [2024-04-14T17:41:14.292-0400] {dagbag.py:540} INFO - Filling up the DagBag from /Users/manideepakreddyaila/Desktop/projects/Legal_Insights_Engine/.venv/lib/python3.11/site-packages/airflow/example_dags/example_dynamic_task_mapping.py
[2024-04-14T17:41:14.336-0400] {processor.py:840} INFO - DAG(s) 'example_dynamic_task_mapping' retrieved from /Users/manideepakreddyaila/Desktop/projects/Legal_Insights_Engine/.venv/lib/python3.11/site-packages/airflow/example_dags/example_dynamic_task_mapping.py
[2024-04-14T17:41:14.372-0400] {logging_mixin.py:188} INFO - [2024-04-14T17:41:14.371-0400] {dag.py:3096} INFO - Sync 1 DAGs
[2024-04-14T17:41:14.377-0400] {logging_mixin.py:188} INFO - [2024-04-14T17:41:14.377-0400] {dag.py:3954} INFO - Setting next_dagrun for example_dynamic_task_mapping to 2022-03-04 00:00:00+00:00, run_after=2022-03-05 00:00:00+00:00
[2024-04-14T17:41:14.383-0400] {processor.py:183} INFO - Processing /Users/manideepakreddyaila/Desktop/projects/Legal_Insights_Engine/.venv/lib/python3.11/site-packages/airflow/example_dags/example_dynamic_task_mapping.py took 0.093 seconds
[2024-04-14T17:43:06.245-0400] {processor.py:161} INFO - Started process (PID=36103) to work on /Users/manideepakreddyaila/Desktop/projects/Legal_Insights_Engine/.venv/lib/python3.11/site-packages/airflow/example_dags/example_dynamic_task_mapping.py
[2024-04-14T17:43:06.245-0400] {processor.py:830} INFO - Processing file /Users/manideepakreddyaila/Desktop/projects/Legal_Insights_Engine/.venv/lib/python3.11/site-packages/airflow/example_dags/example_dynamic_task_mapping.py for tasks to queue
[2024-04-14T17:43:06.246-0400] {logging_mixin.py:188} INFO - [2024-04-14T17:43:06.246-0400] {dagbag.py:540} INFO - Filling up the DagBag from /Users/manideepakreddyaila/Desktop/projects/Legal_Insights_Engine/.venv/lib/python3.11/site-packages/airflow/example_dags/example_dynamic_task_mapping.py
[2024-04-14T17:43:06.283-0400] {processor.py:840} INFO - DAG(s) 'example_dynamic_task_mapping' retrieved from /Users/manideepakreddyaila/Desktop/projects/Legal_Insights_Engine/.venv/lib/python3.11/site-packages/airflow/example_dags/example_dynamic_task_mapping.py
[2024-04-14T17:43:06.318-0400] {logging_mixin.py:188} INFO - [2024-04-14T17:43:06.317-0400] {dag.py:3096} INFO - Sync 1 DAGs
[2024-04-14T17:43:06.323-0400] {logging_mixin.py:188} INFO - [2024-04-14T17:43:06.323-0400] {dag.py:3954} INFO - Setting next_dagrun for example_dynamic_task_mapping to 2022-03-04 00:00:00+00:00, run_after=2022-03-05 00:00:00+00:00
[2024-04-14T17:43:06.329-0400] {processor.py:183} INFO - Processing /Users/manideepakreddyaila/Desktop/projects/Legal_Insights_Engine/.venv/lib/python3.11/site-packages/airflow/example_dags/example_dynamic_task_mapping.py took 0.086 seconds
[2024-04-14T17:45:01.158-0400] {processor.py:161} INFO - Started process (PID=36191) to work on /Users/manideepakreddyaila/Desktop/projects/Legal_Insights_Engine/.venv/lib/python3.11/site-packages/airflow/example_dags/example_dynamic_task_mapping.py
[2024-04-14T17:45:01.158-0400] {processor.py:830} INFO - Processing file /Users/manideepakreddyaila/Desktop/projects/Legal_Insights_Engine/.venv/lib/python3.11/site-packages/airflow/example_dags/example_dynamic_task_mapping.py for tasks to queue
[2024-04-14T17:45:01.158-0400] {logging_mixin.py:188} INFO - [2024-04-14T17:45:01.158-0400] {dagbag.py:540} INFO - Filling up the DagBag from /Users/manideepakreddyaila/Desktop/projects/Legal_Insights_Engine/.venv/lib/python3.11/site-packages/airflow/example_dags/example_dynamic_task_mapping.py
[2024-04-14T17:45:01.197-0400] {processor.py:840} INFO - DAG(s) 'example_dynamic_task_mapping' retrieved from /Users/manideepakreddyaila/Desktop/projects/Legal_Insights_Engine/.venv/lib/python3.11/site-packages/airflow/example_dags/example_dynamic_task_mapping.py
[2024-04-14T17:45:01.232-0400] {logging_mixin.py:188} INFO - [2024-04-14T17:45:01.231-0400] {dag.py:3096} INFO - Sync 1 DAGs
[2024-04-14T17:45:01.237-0400] {logging_mixin.py:188} INFO - [2024-04-14T17:45:01.237-0400] {dag.py:3954} INFO - Setting next_dagrun for example_dynamic_task_mapping to 2022-03-04 00:00:00+00:00, run_after=2022-03-05 00:00:00+00:00
[2024-04-14T17:45:01.243-0400] {processor.py:183} INFO - Processing /Users/manideepakreddyaila/Desktop/projects/Legal_Insights_Engine/.venv/lib/python3.11/site-packages/airflow/example_dags/example_dynamic_task_mapping.py took 0.086 seconds
[2024-04-14T17:47:04.409-0400] {processor.py:161} INFO - Started process (PID=36285) to work on /Users/manideepakreddyaila/Desktop/projects/Legal_Insights_Engine/.venv/lib/python3.11/site-packages/airflow/example_dags/example_dynamic_task_mapping.py
[2024-04-14T17:47:04.410-0400] {processor.py:830} INFO - Processing file /Users/manideepakreddyaila/Desktop/projects/Legal_Insights_Engine/.venv/lib/python3.11/site-packages/airflow/example_dags/example_dynamic_task_mapping.py for tasks to queue
[2024-04-14T17:47:04.410-0400] {logging_mixin.py:188} INFO - [2024-04-14T17:47:04.410-0400] {dagbag.py:540} INFO - Filling up the DagBag from /Users/manideepakreddyaila/Desktop/projects/Legal_Insights_Engine/.venv/lib/python3.11/site-packages/airflow/example_dags/example_dynamic_task_mapping.py
[2024-04-14T17:47:04.449-0400] {processor.py:840} INFO - DAG(s) 'example_dynamic_task_mapping' retrieved from /Users/manideepakreddyaila/Desktop/projects/Legal_Insights_Engine/.venv/lib/python3.11/site-packages/airflow/example_dags/example_dynamic_task_mapping.py
[2024-04-14T17:47:04.483-0400] {logging_mixin.py:188} INFO - [2024-04-14T17:47:04.483-0400] {dag.py:3096} INFO - Sync 1 DAGs
[2024-04-14T17:47:04.489-0400] {logging_mixin.py:188} INFO - [2024-04-14T17:47:04.489-0400] {dag.py:3954} INFO - Setting next_dagrun for example_dynamic_task_mapping to 2022-03-04 00:00:00+00:00, run_after=2022-03-05 00:00:00+00:00
[2024-04-14T17:47:04.495-0400] {processor.py:183} INFO - Processing /Users/manideepakreddyaila/Desktop/projects/Legal_Insights_Engine/.venv/lib/python3.11/site-packages/airflow/example_dags/example_dynamic_task_mapping.py took 0.087 seconds
[2024-04-14T17:49:05.217-0400] {processor.py:161} INFO - Started process (PID=36376) to work on /Users/manideepakreddyaila/Desktop/projects/Legal_Insights_Engine/.venv/lib/python3.11/site-packages/airflow/example_dags/example_dynamic_task_mapping.py
[2024-04-14T17:49:05.218-0400] {processor.py:830} INFO - Processing file /Users/manideepakreddyaila/Desktop/projects/Legal_Insights_Engine/.venv/lib/python3.11/site-packages/airflow/example_dags/example_dynamic_task_mapping.py for tasks to queue
[2024-04-14T17:49:05.218-0400] {logging_mixin.py:188} INFO - [2024-04-14T17:49:05.218-0400] {dagbag.py:540} INFO - Filling up the DagBag from /Users/manideepakreddyaila/Desktop/projects/Legal_Insights_Engine/.venv/lib/python3.11/site-packages/airflow/example_dags/example_dynamic_task_mapping.py
[2024-04-14T17:49:05.256-0400] {processor.py:840} INFO - DAG(s) 'example_dynamic_task_mapping' retrieved from /Users/manideepakreddyaila/Desktop/projects/Legal_Insights_Engine/.venv/lib/python3.11/site-packages/airflow/example_dags/example_dynamic_task_mapping.py
[2024-04-14T17:49:05.290-0400] {logging_mixin.py:188} INFO - [2024-04-14T17:49:05.290-0400] {dag.py:3096} INFO - Sync 1 DAGs
[2024-04-14T17:49:05.296-0400] {logging_mixin.py:188} INFO - [2024-04-14T17:49:05.296-0400] {dag.py:3954} INFO - Setting next_dagrun for example_dynamic_task_mapping to 2022-03-04 00:00:00+00:00, run_after=2022-03-05 00:00:00+00:00
[2024-04-14T17:49:05.302-0400] {processor.py:183} INFO - Processing /Users/manideepakreddyaila/Desktop/projects/Legal_Insights_Engine/.venv/lib/python3.11/site-packages/airflow/example_dags/example_dynamic_task_mapping.py took 0.086 seconds
[2024-04-14T17:51:00.923-0400] {processor.py:161} INFO - Started process (PID=36480) to work on /Users/manideepakreddyaila/Desktop/projects/Legal_Insights_Engine/.venv/lib/python3.11/site-packages/airflow/example_dags/example_dynamic_task_mapping.py
[2024-04-14T17:51:00.924-0400] {processor.py:830} INFO - Processing file /Users/manideepakreddyaila/Desktop/projects/Legal_Insights_Engine/.venv/lib/python3.11/site-packages/airflow/example_dags/example_dynamic_task_mapping.py for tasks to queue
[2024-04-14T17:51:00.924-0400] {logging_mixin.py:188} INFO - [2024-04-14T17:51:00.924-0400] {dagbag.py:540} INFO - Filling up the DagBag from /Users/manideepakreddyaila/Desktop/projects/Legal_Insights_Engine/.venv/lib/python3.11/site-packages/airflow/example_dags/example_dynamic_task_mapping.py
[2024-04-14T17:51:00.963-0400] {processor.py:840} INFO - DAG(s) 'example_dynamic_task_mapping' retrieved from /Users/manideepakreddyaila/Desktop/projects/Legal_Insights_Engine/.venv/lib/python3.11/site-packages/airflow/example_dags/example_dynamic_task_mapping.py
[2024-04-14T17:51:00.998-0400] {logging_mixin.py:188} INFO - [2024-04-14T17:51:00.998-0400] {dag.py:3096} INFO - Sync 1 DAGs
[2024-04-14T17:51:01.004-0400] {logging_mixin.py:188} INFO - [2024-04-14T17:51:01.004-0400] {dag.py:3954} INFO - Setting next_dagrun for example_dynamic_task_mapping to 2022-03-04 00:00:00+00:00, run_after=2022-03-05 00:00:00+00:00
[2024-04-14T17:51:01.010-0400] {processor.py:183} INFO - Processing /Users/manideepakreddyaila/Desktop/projects/Legal_Insights_Engine/.venv/lib/python3.11/site-packages/airflow/example_dags/example_dynamic_task_mapping.py took 0.088 seconds
[2024-04-14T17:52:56.291-0400] {processor.py:161} INFO - Started process (PID=36560) to work on /Users/manideepakreddyaila/Desktop/projects/Legal_Insights_Engine/.venv/lib/python3.11/site-packages/airflow/example_dags/example_dynamic_task_mapping.py
[2024-04-14T17:52:56.292-0400] {processor.py:830} INFO - Processing file /Users/manideepakreddyaila/Desktop/projects/Legal_Insights_Engine/.venv/lib/python3.11/site-packages/airflow/example_dags/example_dynamic_task_mapping.py for tasks to queue
[2024-04-14T17:52:56.293-0400] {logging_mixin.py:188} INFO - [2024-04-14T17:52:56.293-0400] {dagbag.py:540} INFO - Filling up the DagBag from /Users/manideepakreddyaila/Desktop/projects/Legal_Insights_Engine/.venv/lib/python3.11/site-packages/airflow/example_dags/example_dynamic_task_mapping.py
[2024-04-14T17:52:56.331-0400] {processor.py:840} INFO - DAG(s) 'example_dynamic_task_mapping' retrieved from /Users/manideepakreddyaila/Desktop/projects/Legal_Insights_Engine/.venv/lib/python3.11/site-packages/airflow/example_dags/example_dynamic_task_mapping.py
[2024-04-14T17:52:56.365-0400] {logging_mixin.py:188} INFO - [2024-04-14T17:52:56.365-0400] {dag.py:3096} INFO - Sync 1 DAGs
[2024-04-14T17:52:56.371-0400] {logging_mixin.py:188} INFO - [2024-04-14T17:52:56.371-0400] {dag.py:3954} INFO - Setting next_dagrun for example_dynamic_task_mapping to 2022-03-04 00:00:00+00:00, run_after=2022-03-05 00:00:00+00:00
[2024-04-14T17:52:56.377-0400] {processor.py:183} INFO - Processing /Users/manideepakreddyaila/Desktop/projects/Legal_Insights_Engine/.venv/lib/python3.11/site-packages/airflow/example_dags/example_dynamic_task_mapping.py took 0.087 seconds
[2024-04-14T17:54:50.517-0400] {processor.py:161} INFO - Started process (PID=36664) to work on /Users/manideepakreddyaila/Desktop/projects/Legal_Insights_Engine/.venv/lib/python3.11/site-packages/airflow/example_dags/example_dynamic_task_mapping.py
[2024-04-14T17:54:50.517-0400] {processor.py:830} INFO - Processing file /Users/manideepakreddyaila/Desktop/projects/Legal_Insights_Engine/.venv/lib/python3.11/site-packages/airflow/example_dags/example_dynamic_task_mapping.py for tasks to queue
[2024-04-14T17:54:50.518-0400] {logging_mixin.py:188} INFO - [2024-04-14T17:54:50.518-0400] {dagbag.py:540} INFO - Filling up the DagBag from /Users/manideepakreddyaila/Desktop/projects/Legal_Insights_Engine/.venv/lib/python3.11/site-packages/airflow/example_dags/example_dynamic_task_mapping.py
[2024-04-14T17:54:50.556-0400] {processor.py:840} INFO - DAG(s) 'example_dynamic_task_mapping' retrieved from /Users/manideepakreddyaila/Desktop/projects/Legal_Insights_Engine/.venv/lib/python3.11/site-packages/airflow/example_dags/example_dynamic_task_mapping.py
[2024-04-14T17:54:50.590-0400] {logging_mixin.py:188} INFO - [2024-04-14T17:54:50.590-0400] {dag.py:3096} INFO - Sync 1 DAGs
[2024-04-14T17:54:50.596-0400] {logging_mixin.py:188} INFO - [2024-04-14T17:54:50.596-0400] {dag.py:3954} INFO - Setting next_dagrun for example_dynamic_task_mapping to 2022-03-04 00:00:00+00:00, run_after=2022-03-05 00:00:00+00:00
[2024-04-14T17:54:50.602-0400] {processor.py:183} INFO - Processing /Users/manideepakreddyaila/Desktop/projects/Legal_Insights_Engine/.venv/lib/python3.11/site-packages/airflow/example_dags/example_dynamic_task_mapping.py took 0.086 seconds
[2024-04-14T17:56:44.242-0400] {processor.py:161} INFO - Started process (PID=36802) to work on /Users/manideepakreddyaila/Desktop/projects/Legal_Insights_Engine/.venv/lib/python3.11/site-packages/airflow/example_dags/example_dynamic_task_mapping.py
[2024-04-14T17:56:44.244-0400] {processor.py:830} INFO - Processing file /Users/manideepakreddyaila/Desktop/projects/Legal_Insights_Engine/.venv/lib/python3.11/site-packages/airflow/example_dags/example_dynamic_task_mapping.py for tasks to queue
[2024-04-14T17:56:44.244-0400] {logging_mixin.py:188} INFO - [2024-04-14T17:56:44.244-0400] {dagbag.py:540} INFO - Filling up the DagBag from /Users/manideepakreddyaila/Desktop/projects/Legal_Insights_Engine/.venv/lib/python3.11/site-packages/airflow/example_dags/example_dynamic_task_mapping.py
[2024-04-14T17:56:44.282-0400] {processor.py:840} INFO - DAG(s) 'example_dynamic_task_mapping' retrieved from /Users/manideepakreddyaila/Desktop/projects/Legal_Insights_Engine/.venv/lib/python3.11/site-packages/airflow/example_dags/example_dynamic_task_mapping.py
[2024-04-14T17:56:44.317-0400] {logging_mixin.py:188} INFO - [2024-04-14T17:56:44.316-0400] {dag.py:3096} INFO - Sync 1 DAGs
[2024-04-14T17:56:44.322-0400] {logging_mixin.py:188} INFO - [2024-04-14T17:56:44.322-0400] {dag.py:3954} INFO - Setting next_dagrun for example_dynamic_task_mapping to 2022-03-04 00:00:00+00:00, run_after=2022-03-05 00:00:00+00:00
[2024-04-14T17:56:44.328-0400] {processor.py:183} INFO - Processing /Users/manideepakreddyaila/Desktop/projects/Legal_Insights_Engine/.venv/lib/python3.11/site-packages/airflow/example_dags/example_dynamic_task_mapping.py took 0.087 seconds
[2024-04-14T17:58:42.173-0400] {processor.py:161} INFO - Started process (PID=36899) to work on /Users/manideepakreddyaila/Desktop/projects/Legal_Insights_Engine/.venv/lib/python3.11/site-packages/airflow/example_dags/example_dynamic_task_mapping.py
[2024-04-14T17:58:42.174-0400] {processor.py:830} INFO - Processing file /Users/manideepakreddyaila/Desktop/projects/Legal_Insights_Engine/.venv/lib/python3.11/site-packages/airflow/example_dags/example_dynamic_task_mapping.py for tasks to queue
[2024-04-14T17:58:42.174-0400] {logging_mixin.py:188} INFO - [2024-04-14T17:58:42.174-0400] {dagbag.py:540} INFO - Filling up the DagBag from /Users/manideepakreddyaila/Desktop/projects/Legal_Insights_Engine/.venv/lib/python3.11/site-packages/airflow/example_dags/example_dynamic_task_mapping.py
[2024-04-14T17:58:42.212-0400] {processor.py:840} INFO - DAG(s) 'example_dynamic_task_mapping' retrieved from /Users/manideepakreddyaila/Desktop/projects/Legal_Insights_Engine/.venv/lib/python3.11/site-packages/airflow/example_dags/example_dynamic_task_mapping.py
[2024-04-14T17:58:42.247-0400] {logging_mixin.py:188} INFO - [2024-04-14T17:58:42.247-0400] {dag.py:3096} INFO - Sync 1 DAGs
[2024-04-14T17:58:42.253-0400] {logging_mixin.py:188} INFO - [2024-04-14T17:58:42.253-0400] {dag.py:3954} INFO - Setting next_dagrun for example_dynamic_task_mapping to 2022-03-04 00:00:00+00:00, run_after=2022-03-05 00:00:00+00:00
[2024-04-14T17:58:42.258-0400] {processor.py:183} INFO - Processing /Users/manideepakreddyaila/Desktop/projects/Legal_Insights_Engine/.venv/lib/python3.11/site-packages/airflow/example_dags/example_dynamic_task_mapping.py took 0.086 seconds
[2024-04-14T18:00:36.858-0400] {processor.py:161} INFO - Started process (PID=37005) to work on /Users/manideepakreddyaila/Desktop/projects/Legal_Insights_Engine/.venv/lib/python3.11/site-packages/airflow/example_dags/example_dynamic_task_mapping.py
[2024-04-14T18:00:36.859-0400] {processor.py:830} INFO - Processing file /Users/manideepakreddyaila/Desktop/projects/Legal_Insights_Engine/.venv/lib/python3.11/site-packages/airflow/example_dags/example_dynamic_task_mapping.py for tasks to queue
[2024-04-14T18:00:36.859-0400] {logging_mixin.py:188} INFO - [2024-04-14T18:00:36.859-0400] {dagbag.py:540} INFO - Filling up the DagBag from /Users/manideepakreddyaila/Desktop/projects/Legal_Insights_Engine/.venv/lib/python3.11/site-packages/airflow/example_dags/example_dynamic_task_mapping.py
[2024-04-14T18:00:36.899-0400] {processor.py:840} INFO - DAG(s) 'example_dynamic_task_mapping' retrieved from /Users/manideepakreddyaila/Desktop/projects/Legal_Insights_Engine/.venv/lib/python3.11/site-packages/airflow/example_dags/example_dynamic_task_mapping.py
[2024-04-14T18:00:36.935-0400] {logging_mixin.py:188} INFO - [2024-04-14T18:00:36.935-0400] {dag.py:3096} INFO - Sync 1 DAGs
[2024-04-14T18:00:36.942-0400] {logging_mixin.py:188} INFO - [2024-04-14T18:00:36.942-0400] {dag.py:3954} INFO - Setting next_dagrun for example_dynamic_task_mapping to 2022-03-04 00:00:00+00:00, run_after=2022-03-05 00:00:00+00:00
[2024-04-14T18:00:36.950-0400] {processor.py:183} INFO - Processing /Users/manideepakreddyaila/Desktop/projects/Legal_Insights_Engine/.venv/lib/python3.11/site-packages/airflow/example_dags/example_dynamic_task_mapping.py took 0.093 seconds
[2024-04-14T18:02:39.484-0400] {processor.py:161} INFO - Started process (PID=37103) to work on /Users/manideepakreddyaila/Desktop/projects/Legal_Insights_Engine/.venv/lib/python3.11/site-packages/airflow/example_dags/example_dynamic_task_mapping.py
[2024-04-14T18:02:39.485-0400] {processor.py:830} INFO - Processing file /Users/manideepakreddyaila/Desktop/projects/Legal_Insights_Engine/.venv/lib/python3.11/site-packages/airflow/example_dags/example_dynamic_task_mapping.py for tasks to queue
[2024-04-14T18:02:39.485-0400] {logging_mixin.py:188} INFO - [2024-04-14T18:02:39.485-0400] {dagbag.py:540} INFO - Filling up the DagBag from /Users/manideepakreddyaila/Desktop/projects/Legal_Insights_Engine/.venv/lib/python3.11/site-packages/airflow/example_dags/example_dynamic_task_mapping.py
[2024-04-14T18:02:39.527-0400] {processor.py:840} INFO - DAG(s) 'example_dynamic_task_mapping' retrieved from /Users/manideepakreddyaila/Desktop/projects/Legal_Insights_Engine/.venv/lib/python3.11/site-packages/airflow/example_dags/example_dynamic_task_mapping.py
[2024-04-14T18:02:39.562-0400] {logging_mixin.py:188} INFO - [2024-04-14T18:02:39.562-0400] {dag.py:3096} INFO - Sync 1 DAGs
[2024-04-14T18:02:39.568-0400] {logging_mixin.py:188} INFO - [2024-04-14T18:02:39.568-0400] {dag.py:3954} INFO - Setting next_dagrun for example_dynamic_task_mapping to 2022-03-04 00:00:00+00:00, run_after=2022-03-05 00:00:00+00:00
[2024-04-14T18:02:39.574-0400] {processor.py:183} INFO - Processing /Users/manideepakreddyaila/Desktop/projects/Legal_Insights_Engine/.venv/lib/python3.11/site-packages/airflow/example_dags/example_dynamic_task_mapping.py took 0.092 seconds
[2024-04-14T18:04:34.733-0400] {processor.py:161} INFO - Started process (PID=37186) to work on /Users/manideepakreddyaila/Desktop/projects/Legal_Insights_Engine/.venv/lib/python3.11/site-packages/airflow/example_dags/example_dynamic_task_mapping.py
[2024-04-14T18:04:34.734-0400] {processor.py:830} INFO - Processing file /Users/manideepakreddyaila/Desktop/projects/Legal_Insights_Engine/.venv/lib/python3.11/site-packages/airflow/example_dags/example_dynamic_task_mapping.py for tasks to queue
[2024-04-14T18:04:34.734-0400] {logging_mixin.py:188} INFO - [2024-04-14T18:04:34.734-0400] {dagbag.py:540} INFO - Filling up the DagBag from /Users/manideepakreddyaila/Desktop/projects/Legal_Insights_Engine/.venv/lib/python3.11/site-packages/airflow/example_dags/example_dynamic_task_mapping.py
[2024-04-14T18:04:34.773-0400] {processor.py:840} INFO - DAG(s) 'example_dynamic_task_mapping' retrieved from /Users/manideepakreddyaila/Desktop/projects/Legal_Insights_Engine/.venv/lib/python3.11/site-packages/airflow/example_dags/example_dynamic_task_mapping.py
[2024-04-14T18:04:34.808-0400] {logging_mixin.py:188} INFO - [2024-04-14T18:04:34.808-0400] {dag.py:3096} INFO - Sync 1 DAGs
[2024-04-14T18:04:34.813-0400] {logging_mixin.py:188} INFO - [2024-04-14T18:04:34.813-0400] {dag.py:3954} INFO - Setting next_dagrun for example_dynamic_task_mapping to 2022-03-04 00:00:00+00:00, run_after=2022-03-05 00:00:00+00:00
[2024-04-14T18:04:34.819-0400] {processor.py:183} INFO - Processing /Users/manideepakreddyaila/Desktop/projects/Legal_Insights_Engine/.venv/lib/python3.11/site-packages/airflow/example_dags/example_dynamic_task_mapping.py took 0.088 seconds
[2024-04-14T18:06:33.825-0400] {processor.py:161} INFO - Started process (PID=37282) to work on /Users/manideepakreddyaila/Desktop/projects/Legal_Insights_Engine/.venv/lib/python3.11/site-packages/airflow/example_dags/example_dynamic_task_mapping.py
[2024-04-14T18:06:33.827-0400] {processor.py:830} INFO - Processing file /Users/manideepakreddyaila/Desktop/projects/Legal_Insights_Engine/.venv/lib/python3.11/site-packages/airflow/example_dags/example_dynamic_task_mapping.py for tasks to queue
[2024-04-14T18:06:33.827-0400] {logging_mixin.py:188} INFO - [2024-04-14T18:06:33.827-0400] {dagbag.py:540} INFO - Filling up the DagBag from /Users/manideepakreddyaila/Desktop/projects/Legal_Insights_Engine/.venv/lib/python3.11/site-packages/airflow/example_dags/example_dynamic_task_mapping.py
[2024-04-14T18:06:33.864-0400] {processor.py:840} INFO - DAG(s) 'example_dynamic_task_mapping' retrieved from /Users/manideepakreddyaila/Desktop/projects/Legal_Insights_Engine/.venv/lib/python3.11/site-packages/airflow/example_dags/example_dynamic_task_mapping.py
[2024-04-14T18:06:33.899-0400] {logging_mixin.py:188} INFO - [2024-04-14T18:06:33.898-0400] {dag.py:3096} INFO - Sync 1 DAGs
[2024-04-14T18:06:33.904-0400] {logging_mixin.py:188} INFO - [2024-04-14T18:06:33.904-0400] {dag.py:3954} INFO - Setting next_dagrun for example_dynamic_task_mapping to 2022-03-04 00:00:00+00:00, run_after=2022-03-05 00:00:00+00:00
[2024-04-14T18:06:33.910-0400] {processor.py:183} INFO - Processing /Users/manideepakreddyaila/Desktop/projects/Legal_Insights_Engine/.venv/lib/python3.11/site-packages/airflow/example_dags/example_dynamic_task_mapping.py took 0.086 seconds
[2024-04-14T18:08:31.643-0400] {processor.py:161} INFO - Started process (PID=37386) to work on /Users/manideepakreddyaila/Desktop/projects/Legal_Insights_Engine/.venv/lib/python3.11/site-packages/airflow/example_dags/example_dynamic_task_mapping.py
[2024-04-14T18:08:31.643-0400] {processor.py:830} INFO - Processing file /Users/manideepakreddyaila/Desktop/projects/Legal_Insights_Engine/.venv/lib/python3.11/site-packages/airflow/example_dags/example_dynamic_task_mapping.py for tasks to queue
[2024-04-14T18:08:31.643-0400] {logging_mixin.py:188} INFO - [2024-04-14T18:08:31.643-0400] {dagbag.py:540} INFO - Filling up the DagBag from /Users/manideepakreddyaila/Desktop/projects/Legal_Insights_Engine/.venv/lib/python3.11/site-packages/airflow/example_dags/example_dynamic_task_mapping.py
[2024-04-14T18:08:31.681-0400] {processor.py:840} INFO - DAG(s) 'example_dynamic_task_mapping' retrieved from /Users/manideepakreddyaila/Desktop/projects/Legal_Insights_Engine/.venv/lib/python3.11/site-packages/airflow/example_dags/example_dynamic_task_mapping.py
[2024-04-14T18:08:31.717-0400] {logging_mixin.py:188} INFO - [2024-04-14T18:08:31.717-0400] {dag.py:3096} INFO - Sync 1 DAGs
[2024-04-14T18:08:31.724-0400] {logging_mixin.py:188} INFO - [2024-04-14T18:08:31.724-0400] {dag.py:3954} INFO - Setting next_dagrun for example_dynamic_task_mapping to 2022-03-04 00:00:00+00:00, run_after=2022-03-05 00:00:00+00:00
[2024-04-14T18:08:31.730-0400] {processor.py:183} INFO - Processing /Users/manideepakreddyaila/Desktop/projects/Legal_Insights_Engine/.venv/lib/python3.11/site-packages/airflow/example_dags/example_dynamic_task_mapping.py took 0.089 seconds
[2024-04-14T18:10:23.675-0400] {processor.py:161} INFO - Started process (PID=37485) to work on /Users/manideepakreddyaila/Desktop/projects/Legal_Insights_Engine/.venv/lib/python3.11/site-packages/airflow/example_dags/example_dynamic_task_mapping.py
[2024-04-14T18:10:23.676-0400] {processor.py:830} INFO - Processing file /Users/manideepakreddyaila/Desktop/projects/Legal_Insights_Engine/.venv/lib/python3.11/site-packages/airflow/example_dags/example_dynamic_task_mapping.py for tasks to queue
[2024-04-14T18:10:23.676-0400] {logging_mixin.py:188} INFO - [2024-04-14T18:10:23.676-0400] {dagbag.py:540} INFO - Filling up the DagBag from /Users/manideepakreddyaila/Desktop/projects/Legal_Insights_Engine/.venv/lib/python3.11/site-packages/airflow/example_dags/example_dynamic_task_mapping.py
[2024-04-14T18:10:23.715-0400] {processor.py:840} INFO - DAG(s) 'example_dynamic_task_mapping' retrieved from /Users/manideepakreddyaila/Desktop/projects/Legal_Insights_Engine/.venv/lib/python3.11/site-packages/airflow/example_dags/example_dynamic_task_mapping.py
[2024-04-14T18:10:23.751-0400] {logging_mixin.py:188} INFO - [2024-04-14T18:10:23.751-0400] {dag.py:3096} INFO - Sync 1 DAGs
[2024-04-14T18:10:23.757-0400] {logging_mixin.py:188} INFO - [2024-04-14T18:10:23.757-0400] {dag.py:3954} INFO - Setting next_dagrun for example_dynamic_task_mapping to 2022-03-04 00:00:00+00:00, run_after=2022-03-05 00:00:00+00:00
[2024-04-14T18:10:23.763-0400] {processor.py:183} INFO - Processing /Users/manideepakreddyaila/Desktop/projects/Legal_Insights_Engine/.venv/lib/python3.11/site-packages/airflow/example_dags/example_dynamic_task_mapping.py took 0.089 seconds
[2024-04-14T18:12:21.416-0400] {processor.py:161} INFO - Started process (PID=37600) to work on /Users/manideepakreddyaila/Desktop/projects/Legal_Insights_Engine/.venv/lib/python3.11/site-packages/airflow/example_dags/example_dynamic_task_mapping.py
[2024-04-14T18:12:21.417-0400] {processor.py:830} INFO - Processing file /Users/manideepakreddyaila/Desktop/projects/Legal_Insights_Engine/.venv/lib/python3.11/site-packages/airflow/example_dags/example_dynamic_task_mapping.py for tasks to queue
[2024-04-14T18:12:21.417-0400] {logging_mixin.py:188} INFO - [2024-04-14T18:12:21.417-0400] {dagbag.py:540} INFO - Filling up the DagBag from /Users/manideepakreddyaila/Desktop/projects/Legal_Insights_Engine/.venv/lib/python3.11/site-packages/airflow/example_dags/example_dynamic_task_mapping.py
[2024-04-14T18:12:21.455-0400] {processor.py:840} INFO - DAG(s) 'example_dynamic_task_mapping' retrieved from /Users/manideepakreddyaila/Desktop/projects/Legal_Insights_Engine/.venv/lib/python3.11/site-packages/airflow/example_dags/example_dynamic_task_mapping.py
[2024-04-14T18:12:21.490-0400] {logging_mixin.py:188} INFO - [2024-04-14T18:12:21.489-0400] {dag.py:3096} INFO - Sync 1 DAGs
[2024-04-14T18:12:21.495-0400] {logging_mixin.py:188} INFO - [2024-04-14T18:12:21.495-0400] {dag.py:3954} INFO - Setting next_dagrun for example_dynamic_task_mapping to 2022-03-04 00:00:00+00:00, run_after=2022-03-05 00:00:00+00:00
[2024-04-14T18:12:21.502-0400] {processor.py:183} INFO - Processing /Users/manideepakreddyaila/Desktop/projects/Legal_Insights_Engine/.venv/lib/python3.11/site-packages/airflow/example_dags/example_dynamic_task_mapping.py took 0.087 seconds
[2024-04-14T18:14:20.296-0400] {processor.py:161} INFO - Started process (PID=37696) to work on /Users/manideepakreddyaila/Desktop/projects/Legal_Insights_Engine/.venv/lib/python3.11/site-packages/airflow/example_dags/example_dynamic_task_mapping.py
[2024-04-14T18:14:20.297-0400] {processor.py:830} INFO - Processing file /Users/manideepakreddyaila/Desktop/projects/Legal_Insights_Engine/.venv/lib/python3.11/site-packages/airflow/example_dags/example_dynamic_task_mapping.py for tasks to queue
[2024-04-14T18:14:20.297-0400] {logging_mixin.py:188} INFO - [2024-04-14T18:14:20.297-0400] {dagbag.py:540} INFO - Filling up the DagBag from /Users/manideepakreddyaila/Desktop/projects/Legal_Insights_Engine/.venv/lib/python3.11/site-packages/airflow/example_dags/example_dynamic_task_mapping.py
[2024-04-14T18:14:20.336-0400] {processor.py:840} INFO - DAG(s) 'example_dynamic_task_mapping' retrieved from /Users/manideepakreddyaila/Desktop/projects/Legal_Insights_Engine/.venv/lib/python3.11/site-packages/airflow/example_dags/example_dynamic_task_mapping.py
[2024-04-14T18:14:20.371-0400] {logging_mixin.py:188} INFO - [2024-04-14T18:14:20.371-0400] {dag.py:3096} INFO - Sync 1 DAGs
[2024-04-14T18:14:20.377-0400] {logging_mixin.py:188} INFO - [2024-04-14T18:14:20.376-0400] {dag.py:3954} INFO - Setting next_dagrun for example_dynamic_task_mapping to 2022-03-04 00:00:00+00:00, run_after=2022-03-05 00:00:00+00:00
[2024-04-14T18:14:20.383-0400] {processor.py:183} INFO - Processing /Users/manideepakreddyaila/Desktop/projects/Legal_Insights_Engine/.venv/lib/python3.11/site-packages/airflow/example_dags/example_dynamic_task_mapping.py took 0.088 seconds
[2024-04-14T18:16:18.864-0400] {processor.py:161} INFO - Started process (PID=37798) to work on /Users/manideepakreddyaila/Desktop/projects/Legal_Insights_Engine/.venv/lib/python3.11/site-packages/airflow/example_dags/example_dynamic_task_mapping.py
[2024-04-14T18:16:18.865-0400] {processor.py:830} INFO - Processing file /Users/manideepakreddyaila/Desktop/projects/Legal_Insights_Engine/.venv/lib/python3.11/site-packages/airflow/example_dags/example_dynamic_task_mapping.py for tasks to queue
[2024-04-14T18:16:18.865-0400] {logging_mixin.py:188} INFO - [2024-04-14T18:16:18.865-0400] {dagbag.py:540} INFO - Filling up the DagBag from /Users/manideepakreddyaila/Desktop/projects/Legal_Insights_Engine/.venv/lib/python3.11/site-packages/airflow/example_dags/example_dynamic_task_mapping.py
[2024-04-14T18:16:18.904-0400] {processor.py:840} INFO - DAG(s) 'example_dynamic_task_mapping' retrieved from /Users/manideepakreddyaila/Desktop/projects/Legal_Insights_Engine/.venv/lib/python3.11/site-packages/airflow/example_dags/example_dynamic_task_mapping.py
[2024-04-14T18:16:18.939-0400] {logging_mixin.py:188} INFO - [2024-04-14T18:16:18.938-0400] {dag.py:3096} INFO - Sync 1 DAGs
[2024-04-14T18:16:18.944-0400] {logging_mixin.py:188} INFO - [2024-04-14T18:16:18.944-0400] {dag.py:3954} INFO - Setting next_dagrun for example_dynamic_task_mapping to 2022-03-04 00:00:00+00:00, run_after=2022-03-05 00:00:00+00:00
[2024-04-14T18:16:18.950-0400] {processor.py:183} INFO - Processing /Users/manideepakreddyaila/Desktop/projects/Legal_Insights_Engine/.venv/lib/python3.11/site-packages/airflow/example_dags/example_dynamic_task_mapping.py took 0.087 seconds
