[2024-04-13T20:07:17.216-0400] {processor.py:161} INFO - Started process (PID=31680) to work on /Users/manideepakreddyaila/Desktop/projects/Legal_Insights_Engine/.venv/lib/python3.11/site-packages/airflow/example_dags/example_display_name.py
[2024-04-13T20:07:17.217-0400] {processor.py:830} INFO - Processing file /Users/manideepakreddyaila/Desktop/projects/Legal_Insights_Engine/.venv/lib/python3.11/site-packages/airflow/example_dags/example_display_name.py for tasks to queue
[2024-04-13T20:07:17.217-0400] {logging_mixin.py:188} INFO - [2024-04-13T20:07:17.217-0400] {dagbag.py:540} INFO - Filling up the DagBag from /Users/manideepakreddyaila/Desktop/projects/Legal_Insights_Engine/.venv/lib/python3.11/site-packages/airflow/example_dags/example_display_name.py
[2024-04-13T20:07:17.255-0400] {processor.py:840} INFO - DAG(s) 'example_display_name' retrieved from /Users/manideepakreddyaila/Desktop/projects/Legal_Insights_Engine/.venv/lib/python3.11/site-packages/airflow/example_dags/example_display_name.py
[2024-04-13T20:07:17.294-0400] {logging_mixin.py:188} INFO - [2024-04-13T20:07:17.294-0400] {dag.py:3096} INFO - Sync 1 DAGs
[2024-04-13T20:07:17.297-0400] {logging_mixin.py:188} INFO - [2024-04-13T20:07:17.297-0400] {dag.py:3954} INFO - Setting next_dagrun for example_display_name to None, run_after=None
[2024-04-13T20:07:17.303-0400] {processor.py:183} INFO - Processing /Users/manideepakreddyaila/Desktop/projects/Legal_Insights_Engine/.venv/lib/python3.11/site-packages/airflow/example_dags/example_display_name.py took 0.088 seconds
[2024-04-13T22:44:01.527-0400] {processor.py:161} INFO - Started process (PID=31912) to work on /Users/manideepakreddyaila/Desktop/projects/Legal_Insights_Engine/.venv/lib/python3.11/site-packages/airflow/example_dags/example_display_name.py
[2024-04-13T22:44:01.528-0400] {processor.py:830} INFO - Processing file /Users/manideepakreddyaila/Desktop/projects/Legal_Insights_Engine/.venv/lib/python3.11/site-packages/airflow/example_dags/example_display_name.py for tasks to queue
[2024-04-13T22:44:01.529-0400] {logging_mixin.py:188} INFO - [2024-04-13T22:44:01.529-0400] {dagbag.py:540} INFO - Filling up the DagBag from /Users/manideepakreddyaila/Desktop/projects/Legal_Insights_Engine/.venv/lib/python3.11/site-packages/airflow/example_dags/example_display_name.py
[2024-04-13T22:44:01.566-0400] {processor.py:840} INFO - DAG(s) 'example_display_name' retrieved from /Users/manideepakreddyaila/Desktop/projects/Legal_Insights_Engine/.venv/lib/python3.11/site-packages/airflow/example_dags/example_display_name.py
[2024-04-13T22:44:01.600-0400] {logging_mixin.py:188} INFO - [2024-04-13T22:44:01.600-0400] {dag.py:3096} INFO - Sync 1 DAGs
[2024-04-13T22:44:01.604-0400] {logging_mixin.py:188} INFO - [2024-04-13T22:44:01.603-0400] {dag.py:3954} INFO - Setting next_dagrun for example_display_name to None, run_after=None
[2024-04-13T22:44:01.610-0400] {processor.py:183} INFO - Processing /Users/manideepakreddyaila/Desktop/projects/Legal_Insights_Engine/.venv/lib/python3.11/site-packages/airflow/example_dags/example_display_name.py took 0.084 seconds
[2024-04-14T01:30:39.745-0400] {processor.py:161} INFO - Started process (PID=32111) to work on /Users/manideepakreddyaila/Desktop/projects/Legal_Insights_Engine/.venv/lib/python3.11/site-packages/airflow/example_dags/example_display_name.py
[2024-04-14T01:30:39.745-0400] {processor.py:830} INFO - Processing file /Users/manideepakreddyaila/Desktop/projects/Legal_Insights_Engine/.venv/lib/python3.11/site-packages/airflow/example_dags/example_display_name.py for tasks to queue
[2024-04-14T01:30:39.745-0400] {logging_mixin.py:188} INFO - [2024-04-14T01:30:39.745-0400] {dagbag.py:540} INFO - Filling up the DagBag from /Users/manideepakreddyaila/Desktop/projects/Legal_Insights_Engine/.venv/lib/python3.11/site-packages/airflow/example_dags/example_display_name.py
[2024-04-14T01:30:39.785-0400] {processor.py:840} INFO - DAG(s) 'example_display_name' retrieved from /Users/manideepakreddyaila/Desktop/projects/Legal_Insights_Engine/.venv/lib/python3.11/site-packages/airflow/example_dags/example_display_name.py
[2024-04-14T01:30:39.821-0400] {logging_mixin.py:188} INFO - [2024-04-14T01:30:39.821-0400] {dag.py:3096} INFO - Sync 1 DAGs
[2024-04-14T01:30:39.825-0400] {logging_mixin.py:188} INFO - [2024-04-14T01:30:39.825-0400] {dag.py:3954} INFO - Setting next_dagrun for example_display_name to None, run_after=None
[2024-04-14T01:30:39.831-0400] {processor.py:183} INFO - Processing /Users/manideepakreddyaila/Desktop/projects/Legal_Insights_Engine/.venv/lib/python3.11/site-packages/airflow/example_dags/example_display_name.py took 0.088 seconds
[2024-04-14T04:15:00.794-0400] {processor.py:161} INFO - Started process (PID=32387) to work on /Users/manideepakreddyaila/Desktop/projects/Legal_Insights_Engine/.venv/lib/python3.11/site-packages/airflow/example_dags/example_display_name.py
[2024-04-14T04:15:00.795-0400] {processor.py:830} INFO - Processing file /Users/manideepakreddyaila/Desktop/projects/Legal_Insights_Engine/.venv/lib/python3.11/site-packages/airflow/example_dags/example_display_name.py for tasks to queue
[2024-04-14T04:15:00.796-0400] {logging_mixin.py:188} INFO - [2024-04-14T04:15:00.796-0400] {dagbag.py:540} INFO - Filling up the DagBag from /Users/manideepakreddyaila/Desktop/projects/Legal_Insights_Engine/.venv/lib/python3.11/site-packages/airflow/example_dags/example_display_name.py
[2024-04-14T04:15:00.833-0400] {processor.py:840} INFO - DAG(s) 'example_display_name' retrieved from /Users/manideepakreddyaila/Desktop/projects/Legal_Insights_Engine/.venv/lib/python3.11/site-packages/airflow/example_dags/example_display_name.py
[2024-04-14T04:15:00.867-0400] {logging_mixin.py:188} INFO - [2024-04-14T04:15:00.867-0400] {dag.py:3096} INFO - Sync 1 DAGs
[2024-04-14T04:15:00.870-0400] {logging_mixin.py:188} INFO - [2024-04-14T04:15:00.870-0400] {dag.py:3954} INFO - Setting next_dagrun for example_display_name to None, run_after=None
[2024-04-14T04:15:00.876-0400] {processor.py:183} INFO - Processing /Users/manideepakreddyaila/Desktop/projects/Legal_Insights_Engine/.venv/lib/python3.11/site-packages/airflow/example_dags/example_display_name.py took 0.084 seconds
[2024-04-14T06:53:19.961-0400] {processor.py:161} INFO - Started process (PID=32575) to work on /Users/manideepakreddyaila/Desktop/projects/Legal_Insights_Engine/.venv/lib/python3.11/site-packages/airflow/example_dags/example_display_name.py
[2024-04-14T06:53:19.962-0400] {processor.py:830} INFO - Processing file /Users/manideepakreddyaila/Desktop/projects/Legal_Insights_Engine/.venv/lib/python3.11/site-packages/airflow/example_dags/example_display_name.py for tasks to queue
[2024-04-14T06:53:19.962-0400] {logging_mixin.py:188} INFO - [2024-04-14T06:53:19.962-0400] {dagbag.py:540} INFO - Filling up the DagBag from /Users/manideepakreddyaila/Desktop/projects/Legal_Insights_Engine/.venv/lib/python3.11/site-packages/airflow/example_dags/example_display_name.py
[2024-04-14T06:53:20.001-0400] {processor.py:840} INFO - DAG(s) 'example_display_name' retrieved from /Users/manideepakreddyaila/Desktop/projects/Legal_Insights_Engine/.venv/lib/python3.11/site-packages/airflow/example_dags/example_display_name.py
[2024-04-14T06:53:20.035-0400] {logging_mixin.py:188} INFO - [2024-04-14T06:53:20.035-0400] {dag.py:3096} INFO - Sync 1 DAGs
[2024-04-14T06:53:20.039-0400] {logging_mixin.py:188} INFO - [2024-04-14T06:53:20.039-0400] {dag.py:3954} INFO - Setting next_dagrun for example_display_name to None, run_after=None
[2024-04-14T06:53:20.045-0400] {processor.py:183} INFO - Processing /Users/manideepakreddyaila/Desktop/projects/Legal_Insights_Engine/.venv/lib/python3.11/site-packages/airflow/example_dags/example_display_name.py took 0.084 seconds
[2024-04-14T08:10:51.565-0400] {processor.py:161} INFO - Started process (PID=32742) to work on /Users/manideepakreddyaila/Desktop/projects/Legal_Insights_Engine/.venv/lib/python3.11/site-packages/airflow/example_dags/example_display_name.py
[2024-04-14T08:10:51.566-0400] {processor.py:830} INFO - Processing file /Users/manideepakreddyaila/Desktop/projects/Legal_Insights_Engine/.venv/lib/python3.11/site-packages/airflow/example_dags/example_display_name.py for tasks to queue
[2024-04-14T08:10:51.567-0400] {logging_mixin.py:188} INFO - [2024-04-14T08:10:51.567-0400] {dagbag.py:540} INFO - Filling up the DagBag from /Users/manideepakreddyaila/Desktop/projects/Legal_Insights_Engine/.venv/lib/python3.11/site-packages/airflow/example_dags/example_display_name.py
[2024-04-14T08:10:51.622-0400] {processor.py:840} INFO - DAG(s) 'example_display_name' retrieved from /Users/manideepakreddyaila/Desktop/projects/Legal_Insights_Engine/.venv/lib/python3.11/site-packages/airflow/example_dags/example_display_name.py
[2024-04-14T08:10:51.674-0400] {logging_mixin.py:188} INFO - [2024-04-14T08:10:51.674-0400] {dag.py:3096} INFO - Sync 1 DAGs
[2024-04-14T08:10:51.679-0400] {logging_mixin.py:188} INFO - [2024-04-14T08:10:51.678-0400] {dag.py:3954} INFO - Setting next_dagrun for example_display_name to None, run_after=None
[2024-04-14T08:10:51.687-0400] {processor.py:183} INFO - Processing /Users/manideepakreddyaila/Desktop/projects/Legal_Insights_Engine/.venv/lib/python3.11/site-packages/airflow/example_dags/example_display_name.py took 0.124 seconds
[2024-04-14T08:15:57.347-0400] {processor.py:161} INFO - Started process (PID=32868) to work on /Users/manideepakreddyaila/Desktop/projects/Legal_Insights_Engine/.venv/lib/python3.11/site-packages/airflow/example_dags/example_display_name.py
[2024-04-14T08:15:57.348-0400] {processor.py:830} INFO - Processing file /Users/manideepakreddyaila/Desktop/projects/Legal_Insights_Engine/.venv/lib/python3.11/site-packages/airflow/example_dags/example_display_name.py for tasks to queue
[2024-04-14T08:15:57.348-0400] {logging_mixin.py:188} INFO - [2024-04-14T08:15:57.348-0400] {dagbag.py:540} INFO - Filling up the DagBag from /Users/manideepakreddyaila/Desktop/projects/Legal_Insights_Engine/.venv/lib/python3.11/site-packages/airflow/example_dags/example_display_name.py
[2024-04-14T08:15:57.389-0400] {processor.py:840} INFO - DAG(s) 'example_display_name' retrieved from /Users/manideepakreddyaila/Desktop/projects/Legal_Insights_Engine/.venv/lib/python3.11/site-packages/airflow/example_dags/example_display_name.py
[2024-04-14T08:15:57.423-0400] {logging_mixin.py:188} INFO - [2024-04-14T08:15:57.422-0400] {dag.py:3096} INFO - Sync 1 DAGs
[2024-04-14T08:15:57.426-0400] {logging_mixin.py:188} INFO - [2024-04-14T08:15:57.426-0400] {dag.py:3954} INFO - Setting next_dagrun for example_display_name to None, run_after=None
[2024-04-14T08:15:57.432-0400] {processor.py:183} INFO - Processing /Users/manideepakreddyaila/Desktop/projects/Legal_Insights_Engine/.venv/lib/python3.11/site-packages/airflow/example_dags/example_display_name.py took 0.086 seconds
[2024-04-14T08:39:28.517-0400] {processor.py:161} INFO - Started process (PID=32974) to work on /Users/manideepakreddyaila/Desktop/projects/Legal_Insights_Engine/.venv/lib/python3.11/site-packages/airflow/example_dags/example_display_name.py
[2024-04-14T08:39:28.517-0400] {processor.py:830} INFO - Processing file /Users/manideepakreddyaila/Desktop/projects/Legal_Insights_Engine/.venv/lib/python3.11/site-packages/airflow/example_dags/example_display_name.py for tasks to queue
[2024-04-14T08:39:28.518-0400] {logging_mixin.py:188} INFO - [2024-04-14T08:39:28.517-0400] {dagbag.py:540} INFO - Filling up the DagBag from /Users/manideepakreddyaila/Desktop/projects/Legal_Insights_Engine/.venv/lib/python3.11/site-packages/airflow/example_dags/example_display_name.py
[2024-04-14T08:39:28.558-0400] {processor.py:840} INFO - DAG(s) 'example_display_name' retrieved from /Users/manideepakreddyaila/Desktop/projects/Legal_Insights_Engine/.venv/lib/python3.11/site-packages/airflow/example_dags/example_display_name.py
[2024-04-14T08:39:28.593-0400] {logging_mixin.py:188} INFO - [2024-04-14T08:39:28.593-0400] {dag.py:3096} INFO - Sync 1 DAGs
[2024-04-14T08:39:28.596-0400] {logging_mixin.py:188} INFO - [2024-04-14T08:39:28.596-0400] {dag.py:3954} INFO - Setting next_dagrun for example_display_name to None, run_after=None
[2024-04-14T08:39:28.603-0400] {processor.py:183} INFO - Processing /Users/manideepakreddyaila/Desktop/projects/Legal_Insights_Engine/.venv/lib/python3.11/site-packages/airflow/example_dags/example_display_name.py took 0.087 seconds
[2024-04-14T12:02:29.910-0400] {processor.py:161} INFO - Started process (PID=33163) to work on /Users/manideepakreddyaila/Desktop/projects/Legal_Insights_Engine/.venv/lib/python3.11/site-packages/airflow/example_dags/example_display_name.py
[2024-04-14T12:02:29.911-0400] {processor.py:830} INFO - Processing file /Users/manideepakreddyaila/Desktop/projects/Legal_Insights_Engine/.venv/lib/python3.11/site-packages/airflow/example_dags/example_display_name.py for tasks to queue
[2024-04-14T12:02:29.911-0400] {logging_mixin.py:188} INFO - [2024-04-14T12:02:29.911-0400] {dagbag.py:540} INFO - Filling up the DagBag from /Users/manideepakreddyaila/Desktop/projects/Legal_Insights_Engine/.venv/lib/python3.11/site-packages/airflow/example_dags/example_display_name.py
[2024-04-14T12:02:29.949-0400] {processor.py:840} INFO - DAG(s) 'example_display_name' retrieved from /Users/manideepakreddyaila/Desktop/projects/Legal_Insights_Engine/.venv/lib/python3.11/site-packages/airflow/example_dags/example_display_name.py
[2024-04-14T12:02:29.983-0400] {logging_mixin.py:188} INFO - [2024-04-14T12:02:29.983-0400] {dag.py:3096} INFO - Sync 1 DAGs
[2024-04-14T12:02:29.987-0400] {logging_mixin.py:188} INFO - [2024-04-14T12:02:29.987-0400] {dag.py:3954} INFO - Setting next_dagrun for example_display_name to None, run_after=None
[2024-04-14T12:02:29.993-0400] {processor.py:183} INFO - Processing /Users/manideepakreddyaila/Desktop/projects/Legal_Insights_Engine/.venv/lib/python3.11/site-packages/airflow/example_dags/example_display_name.py took 0.084 seconds
[2024-04-14T12:07:12.051-0400] {processor.py:161} INFO - Started process (PID=33278) to work on /Users/manideepakreddyaila/Desktop/projects/Legal_Insights_Engine/.venv/lib/python3.11/site-packages/airflow/example_dags/example_display_name.py
[2024-04-14T12:07:12.052-0400] {processor.py:830} INFO - Processing file /Users/manideepakreddyaila/Desktop/projects/Legal_Insights_Engine/.venv/lib/python3.11/site-packages/airflow/example_dags/example_display_name.py for tasks to queue
[2024-04-14T12:07:12.052-0400] {logging_mixin.py:188} INFO - [2024-04-14T12:07:12.052-0400] {dagbag.py:540} INFO - Filling up the DagBag from /Users/manideepakreddyaila/Desktop/projects/Legal_Insights_Engine/.venv/lib/python3.11/site-packages/airflow/example_dags/example_display_name.py
[2024-04-14T12:07:12.090-0400] {processor.py:840} INFO - DAG(s) 'example_display_name' retrieved from /Users/manideepakreddyaila/Desktop/projects/Legal_Insights_Engine/.venv/lib/python3.11/site-packages/airflow/example_dags/example_display_name.py
[2024-04-14T12:07:12.124-0400] {logging_mixin.py:188} INFO - [2024-04-14T12:07:12.124-0400] {dag.py:3096} INFO - Sync 1 DAGs
[2024-04-14T12:07:12.127-0400] {logging_mixin.py:188} INFO - [2024-04-14T12:07:12.127-0400] {dag.py:3954} INFO - Setting next_dagrun for example_display_name to None, run_after=None
[2024-04-14T12:07:12.134-0400] {processor.py:183} INFO - Processing /Users/manideepakreddyaila/Desktop/projects/Legal_Insights_Engine/.venv/lib/python3.11/site-packages/airflow/example_dags/example_display_name.py took 0.084 seconds
[2024-04-14T14:24:54.122-0400] {processor.py:161} INFO - Started process (PID=33487) to work on /Users/manideepakreddyaila/Desktop/projects/Legal_Insights_Engine/.venv/lib/python3.11/site-packages/airflow/example_dags/example_display_name.py
[2024-04-14T14:24:54.123-0400] {processor.py:830} INFO - Processing file /Users/manideepakreddyaila/Desktop/projects/Legal_Insights_Engine/.venv/lib/python3.11/site-packages/airflow/example_dags/example_display_name.py for tasks to queue
[2024-04-14T14:24:54.123-0400] {logging_mixin.py:188} INFO - [2024-04-14T14:24:54.123-0400] {dagbag.py:540} INFO - Filling up the DagBag from /Users/manideepakreddyaila/Desktop/projects/Legal_Insights_Engine/.venv/lib/python3.11/site-packages/airflow/example_dags/example_display_name.py
[2024-04-14T14:24:54.165-0400] {processor.py:840} INFO - DAG(s) 'example_display_name' retrieved from /Users/manideepakreddyaila/Desktop/projects/Legal_Insights_Engine/.venv/lib/python3.11/site-packages/airflow/example_dags/example_display_name.py
[2024-04-14T14:24:54.203-0400] {logging_mixin.py:188} INFO - [2024-04-14T14:24:54.203-0400] {dag.py:3096} INFO - Sync 1 DAGs
[2024-04-14T14:24:54.207-0400] {logging_mixin.py:188} INFO - [2024-04-14T14:24:54.207-0400] {dag.py:3954} INFO - Setting next_dagrun for example_display_name to None, run_after=None
[2024-04-14T14:24:54.214-0400] {processor.py:183} INFO - Processing /Users/manideepakreddyaila/Desktop/projects/Legal_Insights_Engine/.venv/lib/python3.11/site-packages/airflow/example_dags/example_display_name.py took 0.092 seconds
[2024-04-14T16:37:16.122-0400] {processor.py:161} INFO - Started process (PID=33779) to work on /Users/manideepakreddyaila/Desktop/projects/Legal_Insights_Engine/.venv/lib/python3.11/site-packages/airflow/example_dags/example_display_name.py
[2024-04-14T16:37:16.123-0400] {processor.py:830} INFO - Processing file /Users/manideepakreddyaila/Desktop/projects/Legal_Insights_Engine/.venv/lib/python3.11/site-packages/airflow/example_dags/example_display_name.py for tasks to queue
[2024-04-14T16:37:16.123-0400] {logging_mixin.py:188} INFO - [2024-04-14T16:37:16.123-0400] {dagbag.py:540} INFO - Filling up the DagBag from /Users/manideepakreddyaila/Desktop/projects/Legal_Insights_Engine/.venv/lib/python3.11/site-packages/airflow/example_dags/example_display_name.py
[2024-04-14T16:37:16.162-0400] {processor.py:840} INFO - DAG(s) 'example_display_name' retrieved from /Users/manideepakreddyaila/Desktop/projects/Legal_Insights_Engine/.venv/lib/python3.11/site-packages/airflow/example_dags/example_display_name.py
[2024-04-14T16:37:16.196-0400] {logging_mixin.py:188} INFO - [2024-04-14T16:37:16.196-0400] {dag.py:3096} INFO - Sync 1 DAGs
[2024-04-14T16:37:16.199-0400] {logging_mixin.py:188} INFO - [2024-04-14T16:37:16.199-0400] {dag.py:3954} INFO - Setting next_dagrun for example_display_name to None, run_after=None
[2024-04-14T16:37:16.205-0400] {processor.py:183} INFO - Processing /Users/manideepakreddyaila/Desktop/projects/Legal_Insights_Engine/.venv/lib/python3.11/site-packages/airflow/example_dags/example_display_name.py took 0.084 seconds
[2024-04-14T16:39:17.855-0400] {processor.py:161} INFO - Started process (PID=33871) to work on /Users/manideepakreddyaila/Desktop/projects/Legal_Insights_Engine/.venv/lib/python3.11/site-packages/airflow/example_dags/example_display_name.py
[2024-04-14T16:39:17.856-0400] {processor.py:830} INFO - Processing file /Users/manideepakreddyaila/Desktop/projects/Legal_Insights_Engine/.venv/lib/python3.11/site-packages/airflow/example_dags/example_display_name.py for tasks to queue
[2024-04-14T16:39:17.856-0400] {logging_mixin.py:188} INFO - [2024-04-14T16:39:17.856-0400] {dagbag.py:540} INFO - Filling up the DagBag from /Users/manideepakreddyaila/Desktop/projects/Legal_Insights_Engine/.venv/lib/python3.11/site-packages/airflow/example_dags/example_display_name.py
[2024-04-14T16:39:17.896-0400] {processor.py:840} INFO - DAG(s) 'example_display_name' retrieved from /Users/manideepakreddyaila/Desktop/projects/Legal_Insights_Engine/.venv/lib/python3.11/site-packages/airflow/example_dags/example_display_name.py
[2024-04-14T16:39:17.930-0400] {logging_mixin.py:188} INFO - [2024-04-14T16:39:17.930-0400] {dag.py:3096} INFO - Sync 1 DAGs
[2024-04-14T16:39:17.934-0400] {logging_mixin.py:188} INFO - [2024-04-14T16:39:17.934-0400] {dag.py:3954} INFO - Setting next_dagrun for example_display_name to None, run_after=None
[2024-04-14T16:39:17.940-0400] {processor.py:183} INFO - Processing /Users/manideepakreddyaila/Desktop/projects/Legal_Insights_Engine/.venv/lib/python3.11/site-packages/airflow/example_dags/example_display_name.py took 0.086 seconds
[2024-04-14T16:41:13.023-0400] {processor.py:161} INFO - Started process (PID=33970) to work on /Users/manideepakreddyaila/Desktop/projects/Legal_Insights_Engine/.venv/lib/python3.11/site-packages/airflow/example_dags/example_display_name.py
[2024-04-14T16:41:13.023-0400] {processor.py:830} INFO - Processing file /Users/manideepakreddyaila/Desktop/projects/Legal_Insights_Engine/.venv/lib/python3.11/site-packages/airflow/example_dags/example_display_name.py for tasks to queue
[2024-04-14T16:41:13.024-0400] {logging_mixin.py:188} INFO - [2024-04-14T16:41:13.024-0400] {dagbag.py:540} INFO - Filling up the DagBag from /Users/manideepakreddyaila/Desktop/projects/Legal_Insights_Engine/.venv/lib/python3.11/site-packages/airflow/example_dags/example_display_name.py
[2024-04-14T16:41:13.069-0400] {processor.py:840} INFO - DAG(s) 'example_display_name' retrieved from /Users/manideepakreddyaila/Desktop/projects/Legal_Insights_Engine/.venv/lib/python3.11/site-packages/airflow/example_dags/example_display_name.py
[2024-04-14T16:41:13.106-0400] {logging_mixin.py:188} INFO - [2024-04-14T16:41:13.105-0400] {dag.py:3096} INFO - Sync 1 DAGs
[2024-04-14T16:41:13.109-0400] {logging_mixin.py:188} INFO - [2024-04-14T16:41:13.109-0400] {dag.py:3954} INFO - Setting next_dagrun for example_display_name to None, run_after=None
[2024-04-14T16:41:13.116-0400] {processor.py:183} INFO - Processing /Users/manideepakreddyaila/Desktop/projects/Legal_Insights_Engine/.venv/lib/python3.11/site-packages/airflow/example_dags/example_display_name.py took 0.095 seconds
[2024-04-14T16:43:07.453-0400] {processor.py:161} INFO - Started process (PID=34071) to work on /Users/manideepakreddyaila/Desktop/projects/Legal_Insights_Engine/.venv/lib/python3.11/site-packages/airflow/example_dags/example_display_name.py
[2024-04-14T16:43:07.454-0400] {processor.py:830} INFO - Processing file /Users/manideepakreddyaila/Desktop/projects/Legal_Insights_Engine/.venv/lib/python3.11/site-packages/airflow/example_dags/example_display_name.py for tasks to queue
[2024-04-14T16:43:07.454-0400] {logging_mixin.py:188} INFO - [2024-04-14T16:43:07.454-0400] {dagbag.py:540} INFO - Filling up the DagBag from /Users/manideepakreddyaila/Desktop/projects/Legal_Insights_Engine/.venv/lib/python3.11/site-packages/airflow/example_dags/example_display_name.py
[2024-04-14T16:43:07.494-0400] {processor.py:840} INFO - DAG(s) 'example_display_name' retrieved from /Users/manideepakreddyaila/Desktop/projects/Legal_Insights_Engine/.venv/lib/python3.11/site-packages/airflow/example_dags/example_display_name.py
[2024-04-14T16:43:07.529-0400] {logging_mixin.py:188} INFO - [2024-04-14T16:43:07.529-0400] {dag.py:3096} INFO - Sync 1 DAGs
[2024-04-14T16:43:07.532-0400] {logging_mixin.py:188} INFO - [2024-04-14T16:43:07.532-0400] {dag.py:3954} INFO - Setting next_dagrun for example_display_name to None, run_after=None
[2024-04-14T16:43:07.538-0400] {processor.py:183} INFO - Processing /Users/manideepakreddyaila/Desktop/projects/Legal_Insights_Engine/.venv/lib/python3.11/site-packages/airflow/example_dags/example_display_name.py took 0.086 seconds
[2024-04-14T16:45:09.105-0400] {processor.py:161} INFO - Started process (PID=34171) to work on /Users/manideepakreddyaila/Desktop/projects/Legal_Insights_Engine/.venv/lib/python3.11/site-packages/airflow/example_dags/example_display_name.py
[2024-04-14T16:45:09.106-0400] {processor.py:830} INFO - Processing file /Users/manideepakreddyaila/Desktop/projects/Legal_Insights_Engine/.venv/lib/python3.11/site-packages/airflow/example_dags/example_display_name.py for tasks to queue
[2024-04-14T16:45:09.106-0400] {logging_mixin.py:188} INFO - [2024-04-14T16:45:09.106-0400] {dagbag.py:540} INFO - Filling up the DagBag from /Users/manideepakreddyaila/Desktop/projects/Legal_Insights_Engine/.venv/lib/python3.11/site-packages/airflow/example_dags/example_display_name.py
[2024-04-14T16:45:09.147-0400] {processor.py:840} INFO - DAG(s) 'example_display_name' retrieved from /Users/manideepakreddyaila/Desktop/projects/Legal_Insights_Engine/.venv/lib/python3.11/site-packages/airflow/example_dags/example_display_name.py
[2024-04-14T16:45:09.182-0400] {logging_mixin.py:188} INFO - [2024-04-14T16:45:09.182-0400] {dag.py:3096} INFO - Sync 1 DAGs
[2024-04-14T16:45:09.185-0400] {logging_mixin.py:188} INFO - [2024-04-14T16:45:09.185-0400] {dag.py:3954} INFO - Setting next_dagrun for example_display_name to None, run_after=None
[2024-04-14T16:45:09.192-0400] {processor.py:183} INFO - Processing /Users/manideepakreddyaila/Desktop/projects/Legal_Insights_Engine/.venv/lib/python3.11/site-packages/airflow/example_dags/example_display_name.py took 0.089 seconds
[2024-04-14T16:47:08.768-0400] {processor.py:161} INFO - Started process (PID=34283) to work on /Users/manideepakreddyaila/Desktop/projects/Legal_Insights_Engine/.venv/lib/python3.11/site-packages/airflow/example_dags/example_display_name.py
[2024-04-14T16:47:08.769-0400] {processor.py:830} INFO - Processing file /Users/manideepakreddyaila/Desktop/projects/Legal_Insights_Engine/.venv/lib/python3.11/site-packages/airflow/example_dags/example_display_name.py for tasks to queue
[2024-04-14T16:47:08.769-0400] {logging_mixin.py:188} INFO - [2024-04-14T16:47:08.769-0400] {dagbag.py:540} INFO - Filling up the DagBag from /Users/manideepakreddyaila/Desktop/projects/Legal_Insights_Engine/.venv/lib/python3.11/site-packages/airflow/example_dags/example_display_name.py
[2024-04-14T16:47:08.809-0400] {processor.py:840} INFO - DAG(s) 'example_display_name' retrieved from /Users/manideepakreddyaila/Desktop/projects/Legal_Insights_Engine/.venv/lib/python3.11/site-packages/airflow/example_dags/example_display_name.py
[2024-04-14T16:47:08.845-0400] {logging_mixin.py:188} INFO - [2024-04-14T16:47:08.844-0400] {dag.py:3096} INFO - Sync 1 DAGs
[2024-04-14T16:47:08.848-0400] {logging_mixin.py:188} INFO - [2024-04-14T16:47:08.848-0400] {dag.py:3954} INFO - Setting next_dagrun for example_display_name to None, run_after=None
[2024-04-14T16:47:08.855-0400] {processor.py:183} INFO - Processing /Users/manideepakreddyaila/Desktop/projects/Legal_Insights_Engine/.venv/lib/python3.11/site-packages/airflow/example_dags/example_display_name.py took 0.088 seconds
[2024-04-14T16:49:03.794-0400] {processor.py:161} INFO - Started process (PID=34380) to work on /Users/manideepakreddyaila/Desktop/projects/Legal_Insights_Engine/.venv/lib/python3.11/site-packages/airflow/example_dags/example_display_name.py
[2024-04-14T16:49:03.794-0400] {processor.py:830} INFO - Processing file /Users/manideepakreddyaila/Desktop/projects/Legal_Insights_Engine/.venv/lib/python3.11/site-packages/airflow/example_dags/example_display_name.py for tasks to queue
[2024-04-14T16:49:03.795-0400] {logging_mixin.py:188} INFO - [2024-04-14T16:49:03.795-0400] {dagbag.py:540} INFO - Filling up the DagBag from /Users/manideepakreddyaila/Desktop/projects/Legal_Insights_Engine/.venv/lib/python3.11/site-packages/airflow/example_dags/example_display_name.py
[2024-04-14T16:49:03.833-0400] {processor.py:840} INFO - DAG(s) 'example_display_name' retrieved from /Users/manideepakreddyaila/Desktop/projects/Legal_Insights_Engine/.venv/lib/python3.11/site-packages/airflow/example_dags/example_display_name.py
[2024-04-14T16:49:03.867-0400] {logging_mixin.py:188} INFO - [2024-04-14T16:49:03.867-0400] {dag.py:3096} INFO - Sync 1 DAGs
[2024-04-14T16:49:03.870-0400] {logging_mixin.py:188} INFO - [2024-04-14T16:49:03.870-0400] {dag.py:3954} INFO - Setting next_dagrun for example_display_name to None, run_after=None
[2024-04-14T16:49:03.876-0400] {processor.py:183} INFO - Processing /Users/manideepakreddyaila/Desktop/projects/Legal_Insights_Engine/.venv/lib/python3.11/site-packages/airflow/example_dags/example_display_name.py took 0.084 seconds
[2024-04-14T17:16:05.228-0400] {processor.py:161} INFO - Started process (PID=34611) to work on /Users/manideepakreddyaila/Desktop/projects/Legal_Insights_Engine/.venv/lib/python3.11/site-packages/airflow/example_dags/example_display_name.py
[2024-04-14T17:16:05.228-0400] {processor.py:830} INFO - Processing file /Users/manideepakreddyaila/Desktop/projects/Legal_Insights_Engine/.venv/lib/python3.11/site-packages/airflow/example_dags/example_display_name.py for tasks to queue
[2024-04-14T17:16:05.229-0400] {logging_mixin.py:188} INFO - [2024-04-14T17:16:05.229-0400] {dagbag.py:540} INFO - Filling up the DagBag from /Users/manideepakreddyaila/Desktop/projects/Legal_Insights_Engine/.venv/lib/python3.11/site-packages/airflow/example_dags/example_display_name.py
[2024-04-14T17:16:05.269-0400] {processor.py:840} INFO - DAG(s) 'example_display_name' retrieved from /Users/manideepakreddyaila/Desktop/projects/Legal_Insights_Engine/.venv/lib/python3.11/site-packages/airflow/example_dags/example_display_name.py
[2024-04-14T17:16:05.307-0400] {logging_mixin.py:188} INFO - [2024-04-14T17:16:05.307-0400] {dag.py:3096} INFO - Sync 1 DAGs
[2024-04-14T17:16:05.311-0400] {logging_mixin.py:188} INFO - [2024-04-14T17:16:05.311-0400] {dag.py:3954} INFO - Setting next_dagrun for example_display_name to None, run_after=None
[2024-04-14T17:16:05.318-0400] {processor.py:183} INFO - Processing /Users/manideepakreddyaila/Desktop/projects/Legal_Insights_Engine/.venv/lib/python3.11/site-packages/airflow/example_dags/example_display_name.py took 0.091 seconds
[2024-04-14T17:18:07.135-0400] {processor.py:161} INFO - Started process (PID=34799) to work on /Users/manideepakreddyaila/Desktop/projects/Legal_Insights_Engine/.venv/lib/python3.11/site-packages/airflow/example_dags/example_display_name.py
[2024-04-14T17:18:07.135-0400] {processor.py:830} INFO - Processing file /Users/manideepakreddyaila/Desktop/projects/Legal_Insights_Engine/.venv/lib/python3.11/site-packages/airflow/example_dags/example_display_name.py for tasks to queue
[2024-04-14T17:18:07.136-0400] {logging_mixin.py:188} INFO - [2024-04-14T17:18:07.135-0400] {dagbag.py:540} INFO - Filling up the DagBag from /Users/manideepakreddyaila/Desktop/projects/Legal_Insights_Engine/.venv/lib/python3.11/site-packages/airflow/example_dags/example_display_name.py
[2024-04-14T17:18:07.175-0400] {processor.py:840} INFO - DAG(s) 'example_display_name' retrieved from /Users/manideepakreddyaila/Desktop/projects/Legal_Insights_Engine/.venv/lib/python3.11/site-packages/airflow/example_dags/example_display_name.py
[2024-04-14T17:18:07.210-0400] {logging_mixin.py:188} INFO - [2024-04-14T17:18:07.210-0400] {dag.py:3096} INFO - Sync 1 DAGs
[2024-04-14T17:18:07.213-0400] {logging_mixin.py:188} INFO - [2024-04-14T17:18:07.213-0400] {dag.py:3954} INFO - Setting next_dagrun for example_display_name to None, run_after=None
[2024-04-14T17:18:07.219-0400] {processor.py:183} INFO - Processing /Users/manideepakreddyaila/Desktop/projects/Legal_Insights_Engine/.venv/lib/python3.11/site-packages/airflow/example_dags/example_display_name.py took 0.086 seconds
[2024-04-14T17:20:00.104-0400] {processor.py:161} INFO - Started process (PID=34908) to work on /Users/manideepakreddyaila/Desktop/projects/Legal_Insights_Engine/.venv/lib/python3.11/site-packages/airflow/example_dags/example_display_name.py
[2024-04-14T17:20:00.105-0400] {processor.py:830} INFO - Processing file /Users/manideepakreddyaila/Desktop/projects/Legal_Insights_Engine/.venv/lib/python3.11/site-packages/airflow/example_dags/example_display_name.py for tasks to queue
[2024-04-14T17:20:00.105-0400] {logging_mixin.py:188} INFO - [2024-04-14T17:20:00.105-0400] {dagbag.py:540} INFO - Filling up the DagBag from /Users/manideepakreddyaila/Desktop/projects/Legal_Insights_Engine/.venv/lib/python3.11/site-packages/airflow/example_dags/example_display_name.py
[2024-04-14T17:20:00.144-0400] {processor.py:840} INFO - DAG(s) 'example_display_name' retrieved from /Users/manideepakreddyaila/Desktop/projects/Legal_Insights_Engine/.venv/lib/python3.11/site-packages/airflow/example_dags/example_display_name.py
[2024-04-14T17:20:00.178-0400] {logging_mixin.py:188} INFO - [2024-04-14T17:20:00.178-0400] {dag.py:3096} INFO - Sync 1 DAGs
[2024-04-14T17:20:00.181-0400] {logging_mixin.py:188} INFO - [2024-04-14T17:20:00.181-0400] {dag.py:3954} INFO - Setting next_dagrun for example_display_name to None, run_after=None
[2024-04-14T17:20:00.187-0400] {processor.py:183} INFO - Processing /Users/manideepakreddyaila/Desktop/projects/Legal_Insights_Engine/.venv/lib/python3.11/site-packages/airflow/example_dags/example_display_name.py took 0.084 seconds
[2024-04-14T17:21:57.336-0400] {processor.py:161} INFO - Started process (PID=35002) to work on /Users/manideepakreddyaila/Desktop/projects/Legal_Insights_Engine/.venv/lib/python3.11/site-packages/airflow/example_dags/example_display_name.py
[2024-04-14T17:21:57.337-0400] {processor.py:830} INFO - Processing file /Users/manideepakreddyaila/Desktop/projects/Legal_Insights_Engine/.venv/lib/python3.11/site-packages/airflow/example_dags/example_display_name.py for tasks to queue
[2024-04-14T17:21:57.337-0400] {logging_mixin.py:188} INFO - [2024-04-14T17:21:57.337-0400] {dagbag.py:540} INFO - Filling up the DagBag from /Users/manideepakreddyaila/Desktop/projects/Legal_Insights_Engine/.venv/lib/python3.11/site-packages/airflow/example_dags/example_display_name.py
[2024-04-14T17:21:57.382-0400] {processor.py:840} INFO - DAG(s) 'example_display_name' retrieved from /Users/manideepakreddyaila/Desktop/projects/Legal_Insights_Engine/.venv/lib/python3.11/site-packages/airflow/example_dags/example_display_name.py
[2024-04-14T17:21:57.417-0400] {logging_mixin.py:188} INFO - [2024-04-14T17:21:57.417-0400] {dag.py:3096} INFO - Sync 1 DAGs
[2024-04-14T17:21:57.421-0400] {logging_mixin.py:188} INFO - [2024-04-14T17:21:57.421-0400] {dag.py:3954} INFO - Setting next_dagrun for example_display_name to None, run_after=None
[2024-04-14T17:21:57.427-0400] {processor.py:183} INFO - Processing /Users/manideepakreddyaila/Desktop/projects/Legal_Insights_Engine/.venv/lib/python3.11/site-packages/airflow/example_dags/example_display_name.py took 0.092 seconds
[2024-04-14T17:23:49.433-0400] {processor.py:161} INFO - Started process (PID=35093) to work on /Users/manideepakreddyaila/Desktop/projects/Legal_Insights_Engine/.venv/lib/python3.11/site-packages/airflow/example_dags/example_display_name.py
[2024-04-14T17:23:49.434-0400] {processor.py:830} INFO - Processing file /Users/manideepakreddyaila/Desktop/projects/Legal_Insights_Engine/.venv/lib/python3.11/site-packages/airflow/example_dags/example_display_name.py for tasks to queue
[2024-04-14T17:23:49.434-0400] {logging_mixin.py:188} INFO - [2024-04-14T17:23:49.434-0400] {dagbag.py:540} INFO - Filling up the DagBag from /Users/manideepakreddyaila/Desktop/projects/Legal_Insights_Engine/.venv/lib/python3.11/site-packages/airflow/example_dags/example_display_name.py
[2024-04-14T17:23:49.472-0400] {processor.py:840} INFO - DAG(s) 'example_display_name' retrieved from /Users/manideepakreddyaila/Desktop/projects/Legal_Insights_Engine/.venv/lib/python3.11/site-packages/airflow/example_dags/example_display_name.py
[2024-04-14T17:23:49.506-0400] {logging_mixin.py:188} INFO - [2024-04-14T17:23:49.506-0400] {dag.py:3096} INFO - Sync 1 DAGs
[2024-04-14T17:23:49.510-0400] {logging_mixin.py:188} INFO - [2024-04-14T17:23:49.510-0400] {dag.py:3954} INFO - Setting next_dagrun for example_display_name to None, run_after=None
[2024-04-14T17:23:49.516-0400] {processor.py:183} INFO - Processing /Users/manideepakreddyaila/Desktop/projects/Legal_Insights_Engine/.venv/lib/python3.11/site-packages/airflow/example_dags/example_display_name.py took 0.084 seconds
[2024-04-14T17:25:48.777-0400] {processor.py:161} INFO - Started process (PID=35204) to work on /Users/manideepakreddyaila/Desktop/projects/Legal_Insights_Engine/.venv/lib/python3.11/site-packages/airflow/example_dags/example_display_name.py
[2024-04-14T17:25:48.778-0400] {processor.py:830} INFO - Processing file /Users/manideepakreddyaila/Desktop/projects/Legal_Insights_Engine/.venv/lib/python3.11/site-packages/airflow/example_dags/example_display_name.py for tasks to queue
[2024-04-14T17:25:48.778-0400] {logging_mixin.py:188} INFO - [2024-04-14T17:25:48.778-0400] {dagbag.py:540} INFO - Filling up the DagBag from /Users/manideepakreddyaila/Desktop/projects/Legal_Insights_Engine/.venv/lib/python3.11/site-packages/airflow/example_dags/example_display_name.py
[2024-04-14T17:25:48.817-0400] {processor.py:840} INFO - DAG(s) 'example_display_name' retrieved from /Users/manideepakreddyaila/Desktop/projects/Legal_Insights_Engine/.venv/lib/python3.11/site-packages/airflow/example_dags/example_display_name.py
[2024-04-14T17:25:48.852-0400] {logging_mixin.py:188} INFO - [2024-04-14T17:25:48.851-0400] {dag.py:3096} INFO - Sync 1 DAGs
[2024-04-14T17:25:48.855-0400] {logging_mixin.py:188} INFO - [2024-04-14T17:25:48.855-0400] {dag.py:3954} INFO - Setting next_dagrun for example_display_name to None, run_after=None
[2024-04-14T17:25:48.861-0400] {processor.py:183} INFO - Processing /Users/manideepakreddyaila/Desktop/projects/Legal_Insights_Engine/.venv/lib/python3.11/site-packages/airflow/example_dags/example_display_name.py took 0.086 seconds
[2024-04-14T17:27:46.182-0400] {processor.py:161} INFO - Started process (PID=35311) to work on /Users/manideepakreddyaila/Desktop/projects/Legal_Insights_Engine/.venv/lib/python3.11/site-packages/airflow/example_dags/example_display_name.py
[2024-04-14T17:27:46.183-0400] {processor.py:830} INFO - Processing file /Users/manideepakreddyaila/Desktop/projects/Legal_Insights_Engine/.venv/lib/python3.11/site-packages/airflow/example_dags/example_display_name.py for tasks to queue
[2024-04-14T17:27:46.183-0400] {logging_mixin.py:188} INFO - [2024-04-14T17:27:46.183-0400] {dagbag.py:540} INFO - Filling up the DagBag from /Users/manideepakreddyaila/Desktop/projects/Legal_Insights_Engine/.venv/lib/python3.11/site-packages/airflow/example_dags/example_display_name.py
[2024-04-14T17:27:46.223-0400] {processor.py:840} INFO - DAG(s) 'example_display_name' retrieved from /Users/manideepakreddyaila/Desktop/projects/Legal_Insights_Engine/.venv/lib/python3.11/site-packages/airflow/example_dags/example_display_name.py
[2024-04-14T17:27:46.258-0400] {logging_mixin.py:188} INFO - [2024-04-14T17:27:46.257-0400] {dag.py:3096} INFO - Sync 1 DAGs
[2024-04-14T17:27:46.261-0400] {logging_mixin.py:188} INFO - [2024-04-14T17:27:46.261-0400] {dag.py:3954} INFO - Setting next_dagrun for example_display_name to None, run_after=None
[2024-04-14T17:27:46.269-0400] {processor.py:183} INFO - Processing /Users/manideepakreddyaila/Desktop/projects/Legal_Insights_Engine/.venv/lib/python3.11/site-packages/airflow/example_dags/example_display_name.py took 0.088 seconds
[2024-04-14T17:29:39.453-0400] {processor.py:161} INFO - Started process (PID=35408) to work on /Users/manideepakreddyaila/Desktop/projects/Legal_Insights_Engine/.venv/lib/python3.11/site-packages/airflow/example_dags/example_display_name.py
[2024-04-14T17:29:39.454-0400] {processor.py:830} INFO - Processing file /Users/manideepakreddyaila/Desktop/projects/Legal_Insights_Engine/.venv/lib/python3.11/site-packages/airflow/example_dags/example_display_name.py for tasks to queue
[2024-04-14T17:29:39.454-0400] {logging_mixin.py:188} INFO - [2024-04-14T17:29:39.454-0400] {dagbag.py:540} INFO - Filling up the DagBag from /Users/manideepakreddyaila/Desktop/projects/Legal_Insights_Engine/.venv/lib/python3.11/site-packages/airflow/example_dags/example_display_name.py
[2024-04-14T17:29:39.492-0400] {processor.py:840} INFO - DAG(s) 'example_display_name' retrieved from /Users/manideepakreddyaila/Desktop/projects/Legal_Insights_Engine/.venv/lib/python3.11/site-packages/airflow/example_dags/example_display_name.py
[2024-04-14T17:29:39.526-0400] {logging_mixin.py:188} INFO - [2024-04-14T17:29:39.526-0400] {dag.py:3096} INFO - Sync 1 DAGs
[2024-04-14T17:29:39.530-0400] {logging_mixin.py:188} INFO - [2024-04-14T17:29:39.530-0400] {dag.py:3954} INFO - Setting next_dagrun for example_display_name to None, run_after=None
[2024-04-14T17:29:39.536-0400] {processor.py:183} INFO - Processing /Users/manideepakreddyaila/Desktop/projects/Legal_Insights_Engine/.venv/lib/python3.11/site-packages/airflow/example_dags/example_display_name.py took 0.084 seconds
[2024-04-14T17:31:38.445-0400] {processor.py:161} INFO - Started process (PID=35551) to work on /Users/manideepakreddyaila/Desktop/projects/Legal_Insights_Engine/.venv/lib/python3.11/site-packages/airflow/example_dags/example_display_name.py
[2024-04-14T17:31:38.445-0400] {processor.py:830} INFO - Processing file /Users/manideepakreddyaila/Desktop/projects/Legal_Insights_Engine/.venv/lib/python3.11/site-packages/airflow/example_dags/example_display_name.py for tasks to queue
[2024-04-14T17:31:38.446-0400] {logging_mixin.py:188} INFO - [2024-04-14T17:31:38.446-0400] {dagbag.py:540} INFO - Filling up the DagBag from /Users/manideepakreddyaila/Desktop/projects/Legal_Insights_Engine/.venv/lib/python3.11/site-packages/airflow/example_dags/example_display_name.py
[2024-04-14T17:31:38.484-0400] {processor.py:840} INFO - DAG(s) 'example_display_name' retrieved from /Users/manideepakreddyaila/Desktop/projects/Legal_Insights_Engine/.venv/lib/python3.11/site-packages/airflow/example_dags/example_display_name.py
[2024-04-14T17:31:38.520-0400] {logging_mixin.py:188} INFO - [2024-04-14T17:31:38.519-0400] {dag.py:3096} INFO - Sync 1 DAGs
[2024-04-14T17:31:38.523-0400] {logging_mixin.py:188} INFO - [2024-04-14T17:31:38.523-0400] {dag.py:3954} INFO - Setting next_dagrun for example_display_name to None, run_after=None
[2024-04-14T17:31:38.529-0400] {processor.py:183} INFO - Processing /Users/manideepakreddyaila/Desktop/projects/Legal_Insights_Engine/.venv/lib/python3.11/site-packages/airflow/example_dags/example_display_name.py took 0.086 seconds
[2024-04-14T17:33:37.494-0400] {processor.py:161} INFO - Started process (PID=35656) to work on /Users/manideepakreddyaila/Desktop/projects/Legal_Insights_Engine/.venv/lib/python3.11/site-packages/airflow/example_dags/example_display_name.py
[2024-04-14T17:33:37.494-0400] {processor.py:830} INFO - Processing file /Users/manideepakreddyaila/Desktop/projects/Legal_Insights_Engine/.venv/lib/python3.11/site-packages/airflow/example_dags/example_display_name.py for tasks to queue
[2024-04-14T17:33:37.495-0400] {logging_mixin.py:188} INFO - [2024-04-14T17:33:37.495-0400] {dagbag.py:540} INFO - Filling up the DagBag from /Users/manideepakreddyaila/Desktop/projects/Legal_Insights_Engine/.venv/lib/python3.11/site-packages/airflow/example_dags/example_display_name.py
[2024-04-14T17:33:37.535-0400] {processor.py:840} INFO - DAG(s) 'example_display_name' retrieved from /Users/manideepakreddyaila/Desktop/projects/Legal_Insights_Engine/.venv/lib/python3.11/site-packages/airflow/example_dags/example_display_name.py
[2024-04-14T17:33:37.569-0400] {logging_mixin.py:188} INFO - [2024-04-14T17:33:37.569-0400] {dag.py:3096} INFO - Sync 1 DAGs
[2024-04-14T17:33:37.573-0400] {logging_mixin.py:188} INFO - [2024-04-14T17:33:37.573-0400] {dag.py:3954} INFO - Setting next_dagrun for example_display_name to None, run_after=None
[2024-04-14T17:33:37.580-0400] {processor.py:183} INFO - Processing /Users/manideepakreddyaila/Desktop/projects/Legal_Insights_Engine/.venv/lib/python3.11/site-packages/airflow/example_dags/example_display_name.py took 0.087 seconds
[2024-04-14T17:35:40.296-0400] {processor.py:161} INFO - Started process (PID=35754) to work on /Users/manideepakreddyaila/Desktop/projects/Legal_Insights_Engine/.venv/lib/python3.11/site-packages/airflow/example_dags/example_display_name.py
[2024-04-14T17:35:40.297-0400] {processor.py:830} INFO - Processing file /Users/manideepakreddyaila/Desktop/projects/Legal_Insights_Engine/.venv/lib/python3.11/site-packages/airflow/example_dags/example_display_name.py for tasks to queue
[2024-04-14T17:35:40.297-0400] {logging_mixin.py:188} INFO - [2024-04-14T17:35:40.297-0400] {dagbag.py:540} INFO - Filling up the DagBag from /Users/manideepakreddyaila/Desktop/projects/Legal_Insights_Engine/.venv/lib/python3.11/site-packages/airflow/example_dags/example_display_name.py
[2024-04-14T17:35:40.337-0400] {processor.py:840} INFO - DAG(s) 'example_display_name' retrieved from /Users/manideepakreddyaila/Desktop/projects/Legal_Insights_Engine/.venv/lib/python3.11/site-packages/airflow/example_dags/example_display_name.py
[2024-04-14T17:35:40.371-0400] {logging_mixin.py:188} INFO - [2024-04-14T17:35:40.370-0400] {dag.py:3096} INFO - Sync 1 DAGs
[2024-04-14T17:35:40.374-0400] {logging_mixin.py:188} INFO - [2024-04-14T17:35:40.374-0400] {dag.py:3954} INFO - Setting next_dagrun for example_display_name to None, run_after=None
[2024-04-14T17:35:40.384-0400] {processor.py:183} INFO - Processing /Users/manideepakreddyaila/Desktop/projects/Legal_Insights_Engine/.venv/lib/python3.11/site-packages/airflow/example_dags/example_display_name.py took 0.089 seconds
[2024-04-14T17:37:33.200-0400] {processor.py:161} INFO - Started process (PID=35842) to work on /Users/manideepakreddyaila/Desktop/projects/Legal_Insights_Engine/.venv/lib/python3.11/site-packages/airflow/example_dags/example_display_name.py
[2024-04-14T17:37:33.202-0400] {processor.py:830} INFO - Processing file /Users/manideepakreddyaila/Desktop/projects/Legal_Insights_Engine/.venv/lib/python3.11/site-packages/airflow/example_dags/example_display_name.py for tasks to queue
[2024-04-14T17:37:33.202-0400] {logging_mixin.py:188} INFO - [2024-04-14T17:37:33.202-0400] {dagbag.py:540} INFO - Filling up the DagBag from /Users/manideepakreddyaila/Desktop/projects/Legal_Insights_Engine/.venv/lib/python3.11/site-packages/airflow/example_dags/example_display_name.py
[2024-04-14T17:37:33.241-0400] {processor.py:840} INFO - DAG(s) 'example_display_name' retrieved from /Users/manideepakreddyaila/Desktop/projects/Legal_Insights_Engine/.venv/lib/python3.11/site-packages/airflow/example_dags/example_display_name.py
[2024-04-14T17:37:33.276-0400] {logging_mixin.py:188} INFO - [2024-04-14T17:37:33.276-0400] {dag.py:3096} INFO - Sync 1 DAGs
[2024-04-14T17:37:33.279-0400] {logging_mixin.py:188} INFO - [2024-04-14T17:37:33.279-0400] {dag.py:3954} INFO - Setting next_dagrun for example_display_name to None, run_after=None
[2024-04-14T17:37:33.285-0400] {processor.py:183} INFO - Processing /Users/manideepakreddyaila/Desktop/projects/Legal_Insights_Engine/.venv/lib/python3.11/site-packages/airflow/example_dags/example_display_name.py took 0.086 seconds
[2024-04-14T17:39:23.445-0400] {processor.py:161} INFO - Started process (PID=35930) to work on /Users/manideepakreddyaila/Desktop/projects/Legal_Insights_Engine/.venv/lib/python3.11/site-packages/airflow/example_dags/example_display_name.py
[2024-04-14T17:39:23.446-0400] {processor.py:830} INFO - Processing file /Users/manideepakreddyaila/Desktop/projects/Legal_Insights_Engine/.venv/lib/python3.11/site-packages/airflow/example_dags/example_display_name.py for tasks to queue
[2024-04-14T17:39:23.446-0400] {logging_mixin.py:188} INFO - [2024-04-14T17:39:23.446-0400] {dagbag.py:540} INFO - Filling up the DagBag from /Users/manideepakreddyaila/Desktop/projects/Legal_Insights_Engine/.venv/lib/python3.11/site-packages/airflow/example_dags/example_display_name.py
[2024-04-14T17:39:23.484-0400] {processor.py:840} INFO - DAG(s) 'example_display_name' retrieved from /Users/manideepakreddyaila/Desktop/projects/Legal_Insights_Engine/.venv/lib/python3.11/site-packages/airflow/example_dags/example_display_name.py
[2024-04-14T17:39:23.518-0400] {logging_mixin.py:188} INFO - [2024-04-14T17:39:23.518-0400] {dag.py:3096} INFO - Sync 1 DAGs
[2024-04-14T17:39:23.522-0400] {logging_mixin.py:188} INFO - [2024-04-14T17:39:23.521-0400] {dag.py:3954} INFO - Setting next_dagrun for example_display_name to None, run_after=None
[2024-04-14T17:39:23.528-0400] {processor.py:183} INFO - Processing /Users/manideepakreddyaila/Desktop/projects/Legal_Insights_Engine/.venv/lib/python3.11/site-packages/airflow/example_dags/example_display_name.py took 0.084 seconds
[2024-04-14T17:41:15.960-0400] {processor.py:161} INFO - Started process (PID=36017) to work on /Users/manideepakreddyaila/Desktop/projects/Legal_Insights_Engine/.venv/lib/python3.11/site-packages/airflow/example_dags/example_display_name.py
[2024-04-14T17:41:15.961-0400] {processor.py:830} INFO - Processing file /Users/manideepakreddyaila/Desktop/projects/Legal_Insights_Engine/.venv/lib/python3.11/site-packages/airflow/example_dags/example_display_name.py for tasks to queue
[2024-04-14T17:41:15.961-0400] {logging_mixin.py:188} INFO - [2024-04-14T17:41:15.961-0400] {dagbag.py:540} INFO - Filling up the DagBag from /Users/manideepakreddyaila/Desktop/projects/Legal_Insights_Engine/.venv/lib/python3.11/site-packages/airflow/example_dags/example_display_name.py
[2024-04-14T17:41:16.000-0400] {processor.py:840} INFO - DAG(s) 'example_display_name' retrieved from /Users/manideepakreddyaila/Desktop/projects/Legal_Insights_Engine/.venv/lib/python3.11/site-packages/airflow/example_dags/example_display_name.py
[2024-04-14T17:41:16.034-0400] {logging_mixin.py:188} INFO - [2024-04-14T17:41:16.034-0400] {dag.py:3096} INFO - Sync 1 DAGs
[2024-04-14T17:41:16.038-0400] {logging_mixin.py:188} INFO - [2024-04-14T17:41:16.038-0400] {dag.py:3954} INFO - Setting next_dagrun for example_display_name to None, run_after=None
[2024-04-14T17:41:16.044-0400] {processor.py:183} INFO - Processing /Users/manideepakreddyaila/Desktop/projects/Legal_Insights_Engine/.venv/lib/python3.11/site-packages/airflow/example_dags/example_display_name.py took 0.085 seconds
[2024-04-14T17:43:08.109-0400] {processor.py:161} INFO - Started process (PID=36104) to work on /Users/manideepakreddyaila/Desktop/projects/Legal_Insights_Engine/.venv/lib/python3.11/site-packages/airflow/example_dags/example_display_name.py
[2024-04-14T17:43:08.110-0400] {processor.py:830} INFO - Processing file /Users/manideepakreddyaila/Desktop/projects/Legal_Insights_Engine/.venv/lib/python3.11/site-packages/airflow/example_dags/example_display_name.py for tasks to queue
[2024-04-14T17:43:08.110-0400] {logging_mixin.py:188} INFO - [2024-04-14T17:43:08.110-0400] {dagbag.py:540} INFO - Filling up the DagBag from /Users/manideepakreddyaila/Desktop/projects/Legal_Insights_Engine/.venv/lib/python3.11/site-packages/airflow/example_dags/example_display_name.py
[2024-04-14T17:43:08.150-0400] {processor.py:840} INFO - DAG(s) 'example_display_name' retrieved from /Users/manideepakreddyaila/Desktop/projects/Legal_Insights_Engine/.venv/lib/python3.11/site-packages/airflow/example_dags/example_display_name.py
[2024-04-14T17:43:08.184-0400] {logging_mixin.py:188} INFO - [2024-04-14T17:43:08.184-0400] {dag.py:3096} INFO - Sync 1 DAGs
[2024-04-14T17:43:08.188-0400] {logging_mixin.py:188} INFO - [2024-04-14T17:43:08.188-0400] {dag.py:3954} INFO - Setting next_dagrun for example_display_name to None, run_after=None
[2024-04-14T17:43:08.194-0400] {processor.py:183} INFO - Processing /Users/manideepakreddyaila/Desktop/projects/Legal_Insights_Engine/.venv/lib/python3.11/site-packages/airflow/example_dags/example_display_name.py took 0.086 seconds
[2024-04-14T17:45:03.035-0400] {processor.py:161} INFO - Started process (PID=36192) to work on /Users/manideepakreddyaila/Desktop/projects/Legal_Insights_Engine/.venv/lib/python3.11/site-packages/airflow/example_dags/example_display_name.py
[2024-04-14T17:45:03.036-0400] {processor.py:830} INFO - Processing file /Users/manideepakreddyaila/Desktop/projects/Legal_Insights_Engine/.venv/lib/python3.11/site-packages/airflow/example_dags/example_display_name.py for tasks to queue
[2024-04-14T17:45:03.036-0400] {logging_mixin.py:188} INFO - [2024-04-14T17:45:03.036-0400] {dagbag.py:540} INFO - Filling up the DagBag from /Users/manideepakreddyaila/Desktop/projects/Legal_Insights_Engine/.venv/lib/python3.11/site-packages/airflow/example_dags/example_display_name.py
[2024-04-14T17:45:03.074-0400] {processor.py:840} INFO - DAG(s) 'example_display_name' retrieved from /Users/manideepakreddyaila/Desktop/projects/Legal_Insights_Engine/.venv/lib/python3.11/site-packages/airflow/example_dags/example_display_name.py
[2024-04-14T17:45:03.109-0400] {logging_mixin.py:188} INFO - [2024-04-14T17:45:03.108-0400] {dag.py:3096} INFO - Sync 1 DAGs
[2024-04-14T17:45:03.112-0400] {logging_mixin.py:188} INFO - [2024-04-14T17:45:03.112-0400] {dag.py:3954} INFO - Setting next_dagrun for example_display_name to None, run_after=None
[2024-04-14T17:45:03.119-0400] {processor.py:183} INFO - Processing /Users/manideepakreddyaila/Desktop/projects/Legal_Insights_Engine/.venv/lib/python3.11/site-packages/airflow/example_dags/example_display_name.py took 0.084 seconds
[2024-04-14T17:47:06.290-0400] {processor.py:161} INFO - Started process (PID=36286) to work on /Users/manideepakreddyaila/Desktop/projects/Legal_Insights_Engine/.venv/lib/python3.11/site-packages/airflow/example_dags/example_display_name.py
[2024-04-14T17:47:06.291-0400] {processor.py:830} INFO - Processing file /Users/manideepakreddyaila/Desktop/projects/Legal_Insights_Engine/.venv/lib/python3.11/site-packages/airflow/example_dags/example_display_name.py for tasks to queue
[2024-04-14T17:47:06.291-0400] {logging_mixin.py:188} INFO - [2024-04-14T17:47:06.291-0400] {dagbag.py:540} INFO - Filling up the DagBag from /Users/manideepakreddyaila/Desktop/projects/Legal_Insights_Engine/.venv/lib/python3.11/site-packages/airflow/example_dags/example_display_name.py
[2024-04-14T17:47:06.329-0400] {processor.py:840} INFO - DAG(s) 'example_display_name' retrieved from /Users/manideepakreddyaila/Desktop/projects/Legal_Insights_Engine/.venv/lib/python3.11/site-packages/airflow/example_dags/example_display_name.py
[2024-04-14T17:47:06.363-0400] {logging_mixin.py:188} INFO - [2024-04-14T17:47:06.363-0400] {dag.py:3096} INFO - Sync 1 DAGs
[2024-04-14T17:47:06.367-0400] {logging_mixin.py:188} INFO - [2024-04-14T17:47:06.367-0400] {dag.py:3954} INFO - Setting next_dagrun for example_display_name to None, run_after=None
[2024-04-14T17:47:06.373-0400] {processor.py:183} INFO - Processing /Users/manideepakreddyaila/Desktop/projects/Legal_Insights_Engine/.venv/lib/python3.11/site-packages/airflow/example_dags/example_display_name.py took 0.084 seconds
[2024-04-14T17:49:06.408-0400] {processor.py:161} INFO - Started process (PID=36377) to work on /Users/manideepakreddyaila/Desktop/projects/Legal_Insights_Engine/.venv/lib/python3.11/site-packages/airflow/example_dags/example_display_name.py
[2024-04-14T17:49:06.408-0400] {processor.py:830} INFO - Processing file /Users/manideepakreddyaila/Desktop/projects/Legal_Insights_Engine/.venv/lib/python3.11/site-packages/airflow/example_dags/example_display_name.py for tasks to queue
[2024-04-14T17:49:06.409-0400] {logging_mixin.py:188} INFO - [2024-04-14T17:49:06.409-0400] {dagbag.py:540} INFO - Filling up the DagBag from /Users/manideepakreddyaila/Desktop/projects/Legal_Insights_Engine/.venv/lib/python3.11/site-packages/airflow/example_dags/example_display_name.py
[2024-04-14T17:49:06.447-0400] {processor.py:840} INFO - DAG(s) 'example_display_name' retrieved from /Users/manideepakreddyaila/Desktop/projects/Legal_Insights_Engine/.venv/lib/python3.11/site-packages/airflow/example_dags/example_display_name.py
[2024-04-14T17:49:06.482-0400] {logging_mixin.py:188} INFO - [2024-04-14T17:49:06.482-0400] {dag.py:3096} INFO - Sync 1 DAGs
[2024-04-14T17:49:06.485-0400] {logging_mixin.py:188} INFO - [2024-04-14T17:49:06.485-0400] {dag.py:3954} INFO - Setting next_dagrun for example_display_name to None, run_after=None
[2024-04-14T17:49:06.492-0400] {processor.py:183} INFO - Processing /Users/manideepakreddyaila/Desktop/projects/Legal_Insights_Engine/.venv/lib/python3.11/site-packages/airflow/example_dags/example_display_name.py took 0.085 seconds
[2024-04-14T17:51:02.802-0400] {processor.py:161} INFO - Started process (PID=36481) to work on /Users/manideepakreddyaila/Desktop/projects/Legal_Insights_Engine/.venv/lib/python3.11/site-packages/airflow/example_dags/example_display_name.py
[2024-04-14T17:51:02.803-0400] {processor.py:830} INFO - Processing file /Users/manideepakreddyaila/Desktop/projects/Legal_Insights_Engine/.venv/lib/python3.11/site-packages/airflow/example_dags/example_display_name.py for tasks to queue
[2024-04-14T17:51:02.804-0400] {logging_mixin.py:188} INFO - [2024-04-14T17:51:02.804-0400] {dagbag.py:540} INFO - Filling up the DagBag from /Users/manideepakreddyaila/Desktop/projects/Legal_Insights_Engine/.venv/lib/python3.11/site-packages/airflow/example_dags/example_display_name.py
[2024-04-14T17:51:02.842-0400] {processor.py:840} INFO - DAG(s) 'example_display_name' retrieved from /Users/manideepakreddyaila/Desktop/projects/Legal_Insights_Engine/.venv/lib/python3.11/site-packages/airflow/example_dags/example_display_name.py
[2024-04-14T17:51:02.877-0400] {logging_mixin.py:188} INFO - [2024-04-14T17:51:02.877-0400] {dag.py:3096} INFO - Sync 1 DAGs
[2024-04-14T17:51:02.881-0400] {logging_mixin.py:188} INFO - [2024-04-14T17:51:02.880-0400] {dag.py:3954} INFO - Setting next_dagrun for example_display_name to None, run_after=None
[2024-04-14T17:51:02.887-0400] {processor.py:183} INFO - Processing /Users/manideepakreddyaila/Desktop/projects/Legal_Insights_Engine/.venv/lib/python3.11/site-packages/airflow/example_dags/example_display_name.py took 0.085 seconds
[2024-04-14T17:52:58.159-0400] {processor.py:161} INFO - Started process (PID=36561) to work on /Users/manideepakreddyaila/Desktop/projects/Legal_Insights_Engine/.venv/lib/python3.11/site-packages/airflow/example_dags/example_display_name.py
[2024-04-14T17:52:58.159-0400] {processor.py:830} INFO - Processing file /Users/manideepakreddyaila/Desktop/projects/Legal_Insights_Engine/.venv/lib/python3.11/site-packages/airflow/example_dags/example_display_name.py for tasks to queue
[2024-04-14T17:52:58.160-0400] {logging_mixin.py:188} INFO - [2024-04-14T17:52:58.160-0400] {dagbag.py:540} INFO - Filling up the DagBag from /Users/manideepakreddyaila/Desktop/projects/Legal_Insights_Engine/.venv/lib/python3.11/site-packages/airflow/example_dags/example_display_name.py
[2024-04-14T17:52:58.198-0400] {processor.py:840} INFO - DAG(s) 'example_display_name' retrieved from /Users/manideepakreddyaila/Desktop/projects/Legal_Insights_Engine/.venv/lib/python3.11/site-packages/airflow/example_dags/example_display_name.py
[2024-04-14T17:52:58.232-0400] {logging_mixin.py:188} INFO - [2024-04-14T17:52:58.232-0400] {dag.py:3096} INFO - Sync 1 DAGs
[2024-04-14T17:52:58.236-0400] {logging_mixin.py:188} INFO - [2024-04-14T17:52:58.236-0400] {dag.py:3954} INFO - Setting next_dagrun for example_display_name to None, run_after=None
[2024-04-14T17:52:58.244-0400] {processor.py:183} INFO - Processing /Users/manideepakreddyaila/Desktop/projects/Legal_Insights_Engine/.venv/lib/python3.11/site-packages/airflow/example_dags/example_display_name.py took 0.086 seconds
[2024-04-14T17:54:52.446-0400] {processor.py:161} INFO - Started process (PID=36665) to work on /Users/manideepakreddyaila/Desktop/projects/Legal_Insights_Engine/.venv/lib/python3.11/site-packages/airflow/example_dags/example_display_name.py
[2024-04-14T17:54:52.446-0400] {processor.py:830} INFO - Processing file /Users/manideepakreddyaila/Desktop/projects/Legal_Insights_Engine/.venv/lib/python3.11/site-packages/airflow/example_dags/example_display_name.py for tasks to queue
[2024-04-14T17:54:52.446-0400] {logging_mixin.py:188} INFO - [2024-04-14T17:54:52.446-0400] {dagbag.py:540} INFO - Filling up the DagBag from /Users/manideepakreddyaila/Desktop/projects/Legal_Insights_Engine/.venv/lib/python3.11/site-packages/airflow/example_dags/example_display_name.py
[2024-04-14T17:54:52.487-0400] {processor.py:840} INFO - DAG(s) 'example_display_name' retrieved from /Users/manideepakreddyaila/Desktop/projects/Legal_Insights_Engine/.venv/lib/python3.11/site-packages/airflow/example_dags/example_display_name.py
[2024-04-14T17:54:52.522-0400] {logging_mixin.py:188} INFO - [2024-04-14T17:54:52.522-0400] {dag.py:3096} INFO - Sync 1 DAGs
[2024-04-14T17:54:52.526-0400] {logging_mixin.py:188} INFO - [2024-04-14T17:54:52.525-0400] {dag.py:3954} INFO - Setting next_dagrun for example_display_name to None, run_after=None
[2024-04-14T17:54:52.532-0400] {processor.py:183} INFO - Processing /Users/manideepakreddyaila/Desktop/projects/Legal_Insights_Engine/.venv/lib/python3.11/site-packages/airflow/example_dags/example_display_name.py took 0.087 seconds
[2024-04-14T17:56:46.113-0400] {processor.py:161} INFO - Started process (PID=36803) to work on /Users/manideepakreddyaila/Desktop/projects/Legal_Insights_Engine/.venv/lib/python3.11/site-packages/airflow/example_dags/example_display_name.py
[2024-04-14T17:56:46.115-0400] {processor.py:830} INFO - Processing file /Users/manideepakreddyaila/Desktop/projects/Legal_Insights_Engine/.venv/lib/python3.11/site-packages/airflow/example_dags/example_display_name.py for tasks to queue
[2024-04-14T17:56:46.115-0400] {logging_mixin.py:188} INFO - [2024-04-14T17:56:46.115-0400] {dagbag.py:540} INFO - Filling up the DagBag from /Users/manideepakreddyaila/Desktop/projects/Legal_Insights_Engine/.venv/lib/python3.11/site-packages/airflow/example_dags/example_display_name.py
[2024-04-14T17:56:46.153-0400] {processor.py:840} INFO - DAG(s) 'example_display_name' retrieved from /Users/manideepakreddyaila/Desktop/projects/Legal_Insights_Engine/.venv/lib/python3.11/site-packages/airflow/example_dags/example_display_name.py
[2024-04-14T17:56:46.187-0400] {logging_mixin.py:188} INFO - [2024-04-14T17:56:46.187-0400] {dag.py:3096} INFO - Sync 1 DAGs
[2024-04-14T17:56:46.191-0400] {logging_mixin.py:188} INFO - [2024-04-14T17:56:46.191-0400] {dag.py:3954} INFO - Setting next_dagrun for example_display_name to None, run_after=None
[2024-04-14T17:56:46.197-0400] {processor.py:183} INFO - Processing /Users/manideepakreddyaila/Desktop/projects/Legal_Insights_Engine/.venv/lib/python3.11/site-packages/airflow/example_dags/example_display_name.py took 0.085 seconds
[2024-04-14T17:58:44.073-0400] {processor.py:161} INFO - Started process (PID=36901) to work on /Users/manideepakreddyaila/Desktop/projects/Legal_Insights_Engine/.venv/lib/python3.11/site-packages/airflow/example_dags/example_display_name.py
[2024-04-14T17:58:44.074-0400] {processor.py:830} INFO - Processing file /Users/manideepakreddyaila/Desktop/projects/Legal_Insights_Engine/.venv/lib/python3.11/site-packages/airflow/example_dags/example_display_name.py for tasks to queue
[2024-04-14T17:58:44.074-0400] {logging_mixin.py:188} INFO - [2024-04-14T17:58:44.074-0400] {dagbag.py:540} INFO - Filling up the DagBag from /Users/manideepakreddyaila/Desktop/projects/Legal_Insights_Engine/.venv/lib/python3.11/site-packages/airflow/example_dags/example_display_name.py
[2024-04-14T17:58:44.113-0400] {processor.py:840} INFO - DAG(s) 'example_display_name' retrieved from /Users/manideepakreddyaila/Desktop/projects/Legal_Insights_Engine/.venv/lib/python3.11/site-packages/airflow/example_dags/example_display_name.py
[2024-04-14T17:58:44.148-0400] {logging_mixin.py:188} INFO - [2024-04-14T17:58:44.148-0400] {dag.py:3096} INFO - Sync 1 DAGs
[2024-04-14T17:58:44.152-0400] {logging_mixin.py:188} INFO - [2024-04-14T17:58:44.152-0400] {dag.py:3954} INFO - Setting next_dagrun for example_display_name to None, run_after=None
[2024-04-14T17:58:44.159-0400] {processor.py:183} INFO - Processing /Users/manideepakreddyaila/Desktop/projects/Legal_Insights_Engine/.venv/lib/python3.11/site-packages/airflow/example_dags/example_display_name.py took 0.087 seconds
[2024-04-14T18:00:38.228-0400] {processor.py:161} INFO - Started process (PID=37007) to work on /Users/manideepakreddyaila/Desktop/projects/Legal_Insights_Engine/.venv/lib/python3.11/site-packages/airflow/example_dags/example_display_name.py
[2024-04-14T18:00:38.229-0400] {processor.py:830} INFO - Processing file /Users/manideepakreddyaila/Desktop/projects/Legal_Insights_Engine/.venv/lib/python3.11/site-packages/airflow/example_dags/example_display_name.py for tasks to queue
[2024-04-14T18:00:38.229-0400] {logging_mixin.py:188} INFO - [2024-04-14T18:00:38.229-0400] {dagbag.py:540} INFO - Filling up the DagBag from /Users/manideepakreddyaila/Desktop/projects/Legal_Insights_Engine/.venv/lib/python3.11/site-packages/airflow/example_dags/example_display_name.py
[2024-04-14T18:00:38.268-0400] {processor.py:840} INFO - DAG(s) 'example_display_name' retrieved from /Users/manideepakreddyaila/Desktop/projects/Legal_Insights_Engine/.venv/lib/python3.11/site-packages/airflow/example_dags/example_display_name.py
[2024-04-14T18:00:38.303-0400] {logging_mixin.py:188} INFO - [2024-04-14T18:00:38.303-0400] {dag.py:3096} INFO - Sync 1 DAGs
[2024-04-14T18:00:38.307-0400] {logging_mixin.py:188} INFO - [2024-04-14T18:00:38.307-0400] {dag.py:3954} INFO - Setting next_dagrun for example_display_name to None, run_after=None
[2024-04-14T18:00:38.313-0400] {processor.py:183} INFO - Processing /Users/manideepakreddyaila/Desktop/projects/Legal_Insights_Engine/.venv/lib/python3.11/site-packages/airflow/example_dags/example_display_name.py took 0.086 seconds
[2024-04-14T18:02:41.363-0400] {processor.py:161} INFO - Started process (PID=37104) to work on /Users/manideepakreddyaila/Desktop/projects/Legal_Insights_Engine/.venv/lib/python3.11/site-packages/airflow/example_dags/example_display_name.py
[2024-04-14T18:02:41.364-0400] {processor.py:830} INFO - Processing file /Users/manideepakreddyaila/Desktop/projects/Legal_Insights_Engine/.venv/lib/python3.11/site-packages/airflow/example_dags/example_display_name.py for tasks to queue
[2024-04-14T18:02:41.364-0400] {logging_mixin.py:188} INFO - [2024-04-14T18:02:41.364-0400] {dagbag.py:540} INFO - Filling up the DagBag from /Users/manideepakreddyaila/Desktop/projects/Legal_Insights_Engine/.venv/lib/python3.11/site-packages/airflow/example_dags/example_display_name.py
[2024-04-14T18:02:41.404-0400] {processor.py:840} INFO - DAG(s) 'example_display_name' retrieved from /Users/manideepakreddyaila/Desktop/projects/Legal_Insights_Engine/.venv/lib/python3.11/site-packages/airflow/example_dags/example_display_name.py
[2024-04-14T18:02:41.438-0400] {logging_mixin.py:188} INFO - [2024-04-14T18:02:41.438-0400] {dag.py:3096} INFO - Sync 1 DAGs
[2024-04-14T18:02:41.441-0400] {logging_mixin.py:188} INFO - [2024-04-14T18:02:41.441-0400] {dag.py:3954} INFO - Setting next_dagrun for example_display_name to None, run_after=None
[2024-04-14T18:02:41.448-0400] {processor.py:183} INFO - Processing /Users/manideepakreddyaila/Desktop/projects/Legal_Insights_Engine/.venv/lib/python3.11/site-packages/airflow/example_dags/example_display_name.py took 0.086 seconds
[2024-04-14T18:04:36.668-0400] {processor.py:161} INFO - Started process (PID=37195) to work on /Users/manideepakreddyaila/Desktop/projects/Legal_Insights_Engine/.venv/lib/python3.11/site-packages/airflow/example_dags/example_display_name.py
[2024-04-14T18:04:36.670-0400] {processor.py:830} INFO - Processing file /Users/manideepakreddyaila/Desktop/projects/Legal_Insights_Engine/.venv/lib/python3.11/site-packages/airflow/example_dags/example_display_name.py for tasks to queue
[2024-04-14T18:04:36.670-0400] {logging_mixin.py:188} INFO - [2024-04-14T18:04:36.670-0400] {dagbag.py:540} INFO - Filling up the DagBag from /Users/manideepakreddyaila/Desktop/projects/Legal_Insights_Engine/.venv/lib/python3.11/site-packages/airflow/example_dags/example_display_name.py
[2024-04-14T18:04:36.709-0400] {processor.py:840} INFO - DAG(s) 'example_display_name' retrieved from /Users/manideepakreddyaila/Desktop/projects/Legal_Insights_Engine/.venv/lib/python3.11/site-packages/airflow/example_dags/example_display_name.py
[2024-04-14T18:04:36.744-0400] {logging_mixin.py:188} INFO - [2024-04-14T18:04:36.743-0400] {dag.py:3096} INFO - Sync 1 DAGs
[2024-04-14T18:04:36.747-0400] {logging_mixin.py:188} INFO - [2024-04-14T18:04:36.747-0400] {dag.py:3954} INFO - Setting next_dagrun for example_display_name to None, run_after=None
[2024-04-14T18:04:36.753-0400] {processor.py:183} INFO - Processing /Users/manideepakreddyaila/Desktop/projects/Legal_Insights_Engine/.venv/lib/python3.11/site-packages/airflow/example_dags/example_display_name.py took 0.086 seconds
[2024-04-14T18:06:35.717-0400] {processor.py:161} INFO - Started process (PID=37291) to work on /Users/manideepakreddyaila/Desktop/projects/Legal_Insights_Engine/.venv/lib/python3.11/site-packages/airflow/example_dags/example_display_name.py
[2024-04-14T18:06:35.717-0400] {processor.py:830} INFO - Processing file /Users/manideepakreddyaila/Desktop/projects/Legal_Insights_Engine/.venv/lib/python3.11/site-packages/airflow/example_dags/example_display_name.py for tasks to queue
[2024-04-14T18:06:35.717-0400] {logging_mixin.py:188} INFO - [2024-04-14T18:06:35.717-0400] {dagbag.py:540} INFO - Filling up the DagBag from /Users/manideepakreddyaila/Desktop/projects/Legal_Insights_Engine/.venv/lib/python3.11/site-packages/airflow/example_dags/example_display_name.py
[2024-04-14T18:06:35.758-0400] {processor.py:840} INFO - DAG(s) 'example_display_name' retrieved from /Users/manideepakreddyaila/Desktop/projects/Legal_Insights_Engine/.venv/lib/python3.11/site-packages/airflow/example_dags/example_display_name.py
[2024-04-14T18:06:35.794-0400] {logging_mixin.py:188} INFO - [2024-04-14T18:06:35.794-0400] {dag.py:3096} INFO - Sync 1 DAGs
[2024-04-14T18:06:35.798-0400] {logging_mixin.py:188} INFO - [2024-04-14T18:06:35.798-0400] {dag.py:3954} INFO - Setting next_dagrun for example_display_name to None, run_after=None
[2024-04-14T18:06:35.804-0400] {processor.py:183} INFO - Processing /Users/manideepakreddyaila/Desktop/projects/Legal_Insights_Engine/.venv/lib/python3.11/site-packages/airflow/example_dags/example_display_name.py took 0.089 seconds
[2024-04-14T18:08:33.561-0400] {processor.py:161} INFO - Started process (PID=37388) to work on /Users/manideepakreddyaila/Desktop/projects/Legal_Insights_Engine/.venv/lib/python3.11/site-packages/airflow/example_dags/example_display_name.py
[2024-04-14T18:08:33.562-0400] {processor.py:830} INFO - Processing file /Users/manideepakreddyaila/Desktop/projects/Legal_Insights_Engine/.venv/lib/python3.11/site-packages/airflow/example_dags/example_display_name.py for tasks to queue
[2024-04-14T18:08:33.562-0400] {logging_mixin.py:188} INFO - [2024-04-14T18:08:33.562-0400] {dagbag.py:540} INFO - Filling up the DagBag from /Users/manideepakreddyaila/Desktop/projects/Legal_Insights_Engine/.venv/lib/python3.11/site-packages/airflow/example_dags/example_display_name.py
[2024-04-14T18:08:33.603-0400] {processor.py:840} INFO - DAG(s) 'example_display_name' retrieved from /Users/manideepakreddyaila/Desktop/projects/Legal_Insights_Engine/.venv/lib/python3.11/site-packages/airflow/example_dags/example_display_name.py
[2024-04-14T18:08:33.641-0400] {logging_mixin.py:188} INFO - [2024-04-14T18:08:33.640-0400] {dag.py:3096} INFO - Sync 1 DAGs
[2024-04-14T18:08:33.644-0400] {logging_mixin.py:188} INFO - [2024-04-14T18:08:33.644-0400] {dag.py:3954} INFO - Setting next_dagrun for example_display_name to None, run_after=None
[2024-04-14T18:08:33.650-0400] {processor.py:183} INFO - Processing /Users/manideepakreddyaila/Desktop/projects/Legal_Insights_Engine/.venv/lib/python3.11/site-packages/airflow/example_dags/example_display_name.py took 0.090 seconds
[2024-04-14T18:10:25.568-0400] {processor.py:161} INFO - Started process (PID=37486) to work on /Users/manideepakreddyaila/Desktop/projects/Legal_Insights_Engine/.venv/lib/python3.11/site-packages/airflow/example_dags/example_display_name.py
[2024-04-14T18:10:25.569-0400] {processor.py:830} INFO - Processing file /Users/manideepakreddyaila/Desktop/projects/Legal_Insights_Engine/.venv/lib/python3.11/site-packages/airflow/example_dags/example_display_name.py for tasks to queue
[2024-04-14T18:10:25.569-0400] {logging_mixin.py:188} INFO - [2024-04-14T18:10:25.569-0400] {dagbag.py:540} INFO - Filling up the DagBag from /Users/manideepakreddyaila/Desktop/projects/Legal_Insights_Engine/.venv/lib/python3.11/site-packages/airflow/example_dags/example_display_name.py
[2024-04-14T18:10:25.607-0400] {processor.py:840} INFO - DAG(s) 'example_display_name' retrieved from /Users/manideepakreddyaila/Desktop/projects/Legal_Insights_Engine/.venv/lib/python3.11/site-packages/airflow/example_dags/example_display_name.py
[2024-04-14T18:10:25.642-0400] {logging_mixin.py:188} INFO - [2024-04-14T18:10:25.642-0400] {dag.py:3096} INFO - Sync 1 DAGs
[2024-04-14T18:10:25.645-0400] {logging_mixin.py:188} INFO - [2024-04-14T18:10:25.645-0400] {dag.py:3954} INFO - Setting next_dagrun for example_display_name to None, run_after=None
[2024-04-14T18:10:25.652-0400] {processor.py:183} INFO - Processing /Users/manideepakreddyaila/Desktop/projects/Legal_Insights_Engine/.venv/lib/python3.11/site-packages/airflow/example_dags/example_display_name.py took 0.085 seconds
[2024-04-14T18:12:22.699-0400] {processor.py:161} INFO - Started process (PID=37601) to work on /Users/manideepakreddyaila/Desktop/projects/Legal_Insights_Engine/.venv/lib/python3.11/site-packages/airflow/example_dags/example_display_name.py
[2024-04-14T18:12:22.700-0400] {processor.py:830} INFO - Processing file /Users/manideepakreddyaila/Desktop/projects/Legal_Insights_Engine/.venv/lib/python3.11/site-packages/airflow/example_dags/example_display_name.py for tasks to queue
[2024-04-14T18:12:22.700-0400] {logging_mixin.py:188} INFO - [2024-04-14T18:12:22.700-0400] {dagbag.py:540} INFO - Filling up the DagBag from /Users/manideepakreddyaila/Desktop/projects/Legal_Insights_Engine/.venv/lib/python3.11/site-packages/airflow/example_dags/example_display_name.py
[2024-04-14T18:12:22.738-0400] {processor.py:840} INFO - DAG(s) 'example_display_name' retrieved from /Users/manideepakreddyaila/Desktop/projects/Legal_Insights_Engine/.venv/lib/python3.11/site-packages/airflow/example_dags/example_display_name.py
[2024-04-14T18:12:22.773-0400] {logging_mixin.py:188} INFO - [2024-04-14T18:12:22.773-0400] {dag.py:3096} INFO - Sync 1 DAGs
[2024-04-14T18:12:22.777-0400] {logging_mixin.py:188} INFO - [2024-04-14T18:12:22.777-0400] {dag.py:3954} INFO - Setting next_dagrun for example_display_name to None, run_after=None
[2024-04-14T18:12:22.783-0400] {processor.py:183} INFO - Processing /Users/manideepakreddyaila/Desktop/projects/Legal_Insights_Engine/.venv/lib/python3.11/site-packages/airflow/example_dags/example_display_name.py took 0.085 seconds
[2024-04-14T18:14:22.176-0400] {processor.py:161} INFO - Started process (PID=37698) to work on /Users/manideepakreddyaila/Desktop/projects/Legal_Insights_Engine/.venv/lib/python3.11/site-packages/airflow/example_dags/example_display_name.py
[2024-04-14T18:14:22.177-0400] {processor.py:830} INFO - Processing file /Users/manideepakreddyaila/Desktop/projects/Legal_Insights_Engine/.venv/lib/python3.11/site-packages/airflow/example_dags/example_display_name.py for tasks to queue
[2024-04-14T18:14:22.177-0400] {logging_mixin.py:188} INFO - [2024-04-14T18:14:22.177-0400] {dagbag.py:540} INFO - Filling up the DagBag from /Users/manideepakreddyaila/Desktop/projects/Legal_Insights_Engine/.venv/lib/python3.11/site-packages/airflow/example_dags/example_display_name.py
[2024-04-14T18:14:22.218-0400] {processor.py:840} INFO - DAG(s) 'example_display_name' retrieved from /Users/manideepakreddyaila/Desktop/projects/Legal_Insights_Engine/.venv/lib/python3.11/site-packages/airflow/example_dags/example_display_name.py
[2024-04-14T18:14:22.254-0400] {logging_mixin.py:188} INFO - [2024-04-14T18:14:22.254-0400] {dag.py:3096} INFO - Sync 1 DAGs
[2024-04-14T18:14:22.258-0400] {logging_mixin.py:188} INFO - [2024-04-14T18:14:22.258-0400] {dag.py:3954} INFO - Setting next_dagrun for example_display_name to None, run_after=None
[2024-04-14T18:14:22.265-0400] {processor.py:183} INFO - Processing /Users/manideepakreddyaila/Desktop/projects/Legal_Insights_Engine/.venv/lib/python3.11/site-packages/airflow/example_dags/example_display_name.py took 0.089 seconds
[2024-04-14T18:16:20.810-0400] {processor.py:161} INFO - Started process (PID=37799) to work on /Users/manideepakreddyaila/Desktop/projects/Legal_Insights_Engine/.venv/lib/python3.11/site-packages/airflow/example_dags/example_display_name.py
[2024-04-14T18:16:20.810-0400] {processor.py:830} INFO - Processing file /Users/manideepakreddyaila/Desktop/projects/Legal_Insights_Engine/.venv/lib/python3.11/site-packages/airflow/example_dags/example_display_name.py for tasks to queue
[2024-04-14T18:16:20.810-0400] {logging_mixin.py:188} INFO - [2024-04-14T18:16:20.810-0400] {dagbag.py:540} INFO - Filling up the DagBag from /Users/manideepakreddyaila/Desktop/projects/Legal_Insights_Engine/.venv/lib/python3.11/site-packages/airflow/example_dags/example_display_name.py
[2024-04-14T18:16:20.864-0400] {processor.py:840} INFO - DAG(s) 'example_display_name' retrieved from /Users/manideepakreddyaila/Desktop/projects/Legal_Insights_Engine/.venv/lib/python3.11/site-packages/airflow/example_dags/example_display_name.py
[2024-04-14T18:16:20.924-0400] {logging_mixin.py:188} INFO - [2024-04-14T18:16:20.923-0400] {dag.py:3096} INFO - Sync 1 DAGs
[2024-04-14T18:16:20.930-0400] {logging_mixin.py:188} INFO - [2024-04-14T18:16:20.930-0400] {dag.py:3954} INFO - Setting next_dagrun for example_display_name to None, run_after=None
[2024-04-14T18:16:20.942-0400] {processor.py:183} INFO - Processing /Users/manideepakreddyaila/Desktop/projects/Legal_Insights_Engine/.venv/lib/python3.11/site-packages/airflow/example_dags/example_display_name.py took 0.134 seconds
