[2024-04-13T20:07:12.209-0400] {processor.py:161} INFO - Started process (PID=31677) to work on /Users/manideepakreddyaila/Desktop/projects/Legal_Insights_Engine/.venv/lib/python3.11/site-packages/airflow/example_dags/example_external_task_marker_dag.py
[2024-04-13T20:07:12.209-0400] {processor.py:830} INFO - Processing file /Users/manideepakreddyaila/Desktop/projects/Legal_Insights_Engine/.venv/lib/python3.11/site-packages/airflow/example_dags/example_external_task_marker_dag.py for tasks to queue
[2024-04-13T20:07:12.210-0400] {logging_mixin.py:188} INFO - [2024-04-13T20:07:12.210-0400] {dagbag.py:540} INFO - Filling up the DagBag from /Users/manideepakreddyaila/Desktop/projects/Legal_Insights_Engine/.venv/lib/python3.11/site-packages/airflow/example_dags/example_external_task_marker_dag.py
[2024-04-13T20:07:12.250-0400] {processor.py:840} INFO - DAG(s) 'example_external_task_marker_child', 'example_external_task_marker_parent' retrieved from /Users/manideepakreddyaila/Desktop/projects/Legal_Insights_Engine/.venv/lib/python3.11/site-packages/airflow/example_dags/example_external_task_marker_dag.py
[2024-04-13T20:07:12.291-0400] {logging_mixin.py:188} INFO - [2024-04-13T20:07:12.290-0400] {dag.py:3096} INFO - Sync 2 DAGs
[2024-04-13T20:07:12.294-0400] {logging_mixin.py:188} INFO - [2024-04-13T20:07:12.294-0400] {dag.py:3954} INFO - Setting next_dagrun for example_external_task_marker_child to None, run_after=None
[2024-04-13T20:07:12.295-0400] {logging_mixin.py:188} INFO - [2024-04-13T20:07:12.295-0400] {dag.py:3954} INFO - Setting next_dagrun for example_external_task_marker_parent to None, run_after=None
[2024-04-13T20:07:12.301-0400] {processor.py:183} INFO - Processing /Users/manideepakreddyaila/Desktop/projects/Legal_Insights_Engine/.venv/lib/python3.11/site-packages/airflow/example_dags/example_external_task_marker_dag.py took 0.094 seconds
[2024-04-13T22:26:07.033-0400] {processor.py:161} INFO - Started process (PID=31900) to work on /Users/manideepakreddyaila/Desktop/projects/Legal_Insights_Engine/.venv/lib/python3.11/site-packages/airflow/example_dags/example_external_task_marker_dag.py
[2024-04-13T22:26:07.034-0400] {processor.py:830} INFO - Processing file /Users/manideepakreddyaila/Desktop/projects/Legal_Insights_Engine/.venv/lib/python3.11/site-packages/airflow/example_dags/example_external_task_marker_dag.py for tasks to queue
[2024-04-13T22:26:07.034-0400] {logging_mixin.py:188} INFO - [2024-04-13T22:26:07.034-0400] {dagbag.py:540} INFO - Filling up the DagBag from /Users/manideepakreddyaila/Desktop/projects/Legal_Insights_Engine/.venv/lib/python3.11/site-packages/airflow/example_dags/example_external_task_marker_dag.py
[2024-04-13T22:26:07.064-0400] {processor.py:840} INFO - DAG(s) 'example_external_task_marker_child', 'example_external_task_marker_parent' retrieved from /Users/manideepakreddyaila/Desktop/projects/Legal_Insights_Engine/.venv/lib/python3.11/site-packages/airflow/example_dags/example_external_task_marker_dag.py
[2024-04-13T22:26:07.103-0400] {logging_mixin.py:188} INFO - [2024-04-13T22:26:07.103-0400] {dag.py:3096} INFO - Sync 2 DAGs
[2024-04-13T22:26:07.106-0400] {logging_mixin.py:188} INFO - [2024-04-13T22:26:07.106-0400] {dag.py:3954} INFO - Setting next_dagrun for example_external_task_marker_child to None, run_after=None
[2024-04-13T22:26:07.107-0400] {logging_mixin.py:188} INFO - [2024-04-13T22:26:07.107-0400] {dag.py:3954} INFO - Setting next_dagrun for example_external_task_marker_parent to None, run_after=None
[2024-04-13T22:26:07.112-0400] {processor.py:183} INFO - Processing /Users/manideepakreddyaila/Desktop/projects/Legal_Insights_Engine/.venv/lib/python3.11/site-packages/airflow/example_dags/example_external_task_marker_dag.py took 0.080 seconds
[2024-04-14T01:14:07.617-0400] {processor.py:161} INFO - Started process (PID=32107) to work on /Users/manideepakreddyaila/Desktop/projects/Legal_Insights_Engine/.venv/lib/python3.11/site-packages/airflow/example_dags/example_external_task_marker_dag.py
[2024-04-14T01:14:07.617-0400] {processor.py:830} INFO - Processing file /Users/manideepakreddyaila/Desktop/projects/Legal_Insights_Engine/.venv/lib/python3.11/site-packages/airflow/example_dags/example_external_task_marker_dag.py for tasks to queue
[2024-04-14T01:14:07.618-0400] {logging_mixin.py:188} INFO - [2024-04-14T01:14:07.618-0400] {dagbag.py:540} INFO - Filling up the DagBag from /Users/manideepakreddyaila/Desktop/projects/Legal_Insights_Engine/.venv/lib/python3.11/site-packages/airflow/example_dags/example_external_task_marker_dag.py
[2024-04-14T01:14:07.648-0400] {processor.py:840} INFO - DAG(s) 'example_external_task_marker_parent', 'example_external_task_marker_child' retrieved from /Users/manideepakreddyaila/Desktop/projects/Legal_Insights_Engine/.venv/lib/python3.11/site-packages/airflow/example_dags/example_external_task_marker_dag.py
[2024-04-14T01:14:07.687-0400] {logging_mixin.py:188} INFO - [2024-04-14T01:14:07.687-0400] {dag.py:3096} INFO - Sync 2 DAGs
[2024-04-14T01:14:07.691-0400] {logging_mixin.py:188} INFO - [2024-04-14T01:14:07.691-0400] {dag.py:3954} INFO - Setting next_dagrun for example_external_task_marker_child to None, run_after=None
[2024-04-14T01:14:07.692-0400] {logging_mixin.py:188} INFO - [2024-04-14T01:14:07.692-0400] {dag.py:3954} INFO - Setting next_dagrun for example_external_task_marker_parent to None, run_after=None
[2024-04-14T01:14:07.698-0400] {processor.py:183} INFO - Processing /Users/manideepakreddyaila/Desktop/projects/Legal_Insights_Engine/.venv/lib/python3.11/site-packages/airflow/example_dags/example_external_task_marker_dag.py took 0.082 seconds
[2024-04-14T04:14:56.165-0400] {processor.py:161} INFO - Started process (PID=32383) to work on /Users/manideepakreddyaila/Desktop/projects/Legal_Insights_Engine/.venv/lib/python3.11/site-packages/airflow/example_dags/example_external_task_marker_dag.py
[2024-04-14T04:14:56.168-0400] {processor.py:830} INFO - Processing file /Users/manideepakreddyaila/Desktop/projects/Legal_Insights_Engine/.venv/lib/python3.11/site-packages/airflow/example_dags/example_external_task_marker_dag.py for tasks to queue
[2024-04-14T04:14:56.168-0400] {logging_mixin.py:188} INFO - [2024-04-14T04:14:56.168-0400] {dagbag.py:540} INFO - Filling up the DagBag from /Users/manideepakreddyaila/Desktop/projects/Legal_Insights_Engine/.venv/lib/python3.11/site-packages/airflow/example_dags/example_external_task_marker_dag.py
[2024-04-14T04:14:56.199-0400] {processor.py:840} INFO - DAG(s) 'example_external_task_marker_parent', 'example_external_task_marker_child' retrieved from /Users/manideepakreddyaila/Desktop/projects/Legal_Insights_Engine/.venv/lib/python3.11/site-packages/airflow/example_dags/example_external_task_marker_dag.py
[2024-04-14T04:14:56.239-0400] {logging_mixin.py:188} INFO - [2024-04-14T04:14:56.239-0400] {dag.py:3096} INFO - Sync 2 DAGs
[2024-04-14T04:14:56.242-0400] {logging_mixin.py:188} INFO - [2024-04-14T04:14:56.242-0400] {dag.py:3954} INFO - Setting next_dagrun for example_external_task_marker_child to None, run_after=None
[2024-04-14T04:14:56.244-0400] {logging_mixin.py:188} INFO - [2024-04-14T04:14:56.244-0400] {dag.py:3954} INFO - Setting next_dagrun for example_external_task_marker_parent to None, run_after=None
[2024-04-14T04:14:56.249-0400] {processor.py:183} INFO - Processing /Users/manideepakreddyaila/Desktop/projects/Legal_Insights_Engine/.venv/lib/python3.11/site-packages/airflow/example_dags/example_external_task_marker_dag.py took 0.085 seconds
[2024-04-14T06:37:22.367-0400] {processor.py:161} INFO - Started process (PID=32558) to work on /Users/manideepakreddyaila/Desktop/projects/Legal_Insights_Engine/.venv/lib/python3.11/site-packages/airflow/example_dags/example_external_task_marker_dag.py
[2024-04-14T06:37:22.368-0400] {processor.py:830} INFO - Processing file /Users/manideepakreddyaila/Desktop/projects/Legal_Insights_Engine/.venv/lib/python3.11/site-packages/airflow/example_dags/example_external_task_marker_dag.py for tasks to queue
[2024-04-14T06:37:22.368-0400] {logging_mixin.py:188} INFO - [2024-04-14T06:37:22.368-0400] {dagbag.py:540} INFO - Filling up the DagBag from /Users/manideepakreddyaila/Desktop/projects/Legal_Insights_Engine/.venv/lib/python3.11/site-packages/airflow/example_dags/example_external_task_marker_dag.py
[2024-04-14T06:37:22.399-0400] {processor.py:840} INFO - DAG(s) 'example_external_task_marker_child', 'example_external_task_marker_parent' retrieved from /Users/manideepakreddyaila/Desktop/projects/Legal_Insights_Engine/.venv/lib/python3.11/site-packages/airflow/example_dags/example_external_task_marker_dag.py
[2024-04-14T06:37:22.439-0400] {logging_mixin.py:188} INFO - [2024-04-14T06:37:22.438-0400] {dag.py:3096} INFO - Sync 2 DAGs
[2024-04-14T06:37:22.442-0400] {logging_mixin.py:188} INFO - [2024-04-14T06:37:22.442-0400] {dag.py:3954} INFO - Setting next_dagrun for example_external_task_marker_child to None, run_after=None
[2024-04-14T06:37:22.443-0400] {logging_mixin.py:188} INFO - [2024-04-14T06:37:22.443-0400] {dag.py:3954} INFO - Setting next_dagrun for example_external_task_marker_parent to None, run_after=None
[2024-04-14T06:37:22.448-0400] {processor.py:183} INFO - Processing /Users/manideepakreddyaila/Desktop/projects/Legal_Insights_Engine/.venv/lib/python3.11/site-packages/airflow/example_dags/example_external_task_marker_dag.py took 0.082 seconds
[2024-04-14T08:10:36.358-0400] {processor.py:161} INFO - Started process (PID=32738) to work on /Users/manideepakreddyaila/Desktop/projects/Legal_Insights_Engine/.venv/lib/python3.11/site-packages/airflow/example_dags/example_external_task_marker_dag.py
[2024-04-14T08:10:36.359-0400] {processor.py:830} INFO - Processing file /Users/manideepakreddyaila/Desktop/projects/Legal_Insights_Engine/.venv/lib/python3.11/site-packages/airflow/example_dags/example_external_task_marker_dag.py for tasks to queue
[2024-04-14T08:10:36.359-0400] {logging_mixin.py:188} INFO - [2024-04-14T08:10:36.359-0400] {dagbag.py:540} INFO - Filling up the DagBag from /Users/manideepakreddyaila/Desktop/projects/Legal_Insights_Engine/.venv/lib/python3.11/site-packages/airflow/example_dags/example_external_task_marker_dag.py
[2024-04-14T08:10:36.391-0400] {processor.py:840} INFO - DAG(s) 'example_external_task_marker_child', 'example_external_task_marker_parent' retrieved from /Users/manideepakreddyaila/Desktop/projects/Legal_Insights_Engine/.venv/lib/python3.11/site-packages/airflow/example_dags/example_external_task_marker_dag.py
[2024-04-14T08:10:36.432-0400] {logging_mixin.py:188} INFO - [2024-04-14T08:10:36.432-0400] {dag.py:3096} INFO - Sync 2 DAGs
[2024-04-14T08:10:36.435-0400] {logging_mixin.py:188} INFO - [2024-04-14T08:10:36.435-0400] {dag.py:3954} INFO - Setting next_dagrun for example_external_task_marker_child to None, run_after=None
[2024-04-14T08:10:36.436-0400] {logging_mixin.py:188} INFO - [2024-04-14T08:10:36.436-0400] {dag.py:3954} INFO - Setting next_dagrun for example_external_task_marker_parent to None, run_after=None
[2024-04-14T08:10:36.442-0400] {processor.py:183} INFO - Processing /Users/manideepakreddyaila/Desktop/projects/Legal_Insights_Engine/.venv/lib/python3.11/site-packages/airflow/example_dags/example_external_task_marker_dag.py took 0.085 seconds
[2024-04-14T08:15:52.622-0400] {processor.py:161} INFO - Started process (PID=32858) to work on /Users/manideepakreddyaila/Desktop/projects/Legal_Insights_Engine/.venv/lib/python3.11/site-packages/airflow/example_dags/example_external_task_marker_dag.py
[2024-04-14T08:15:52.622-0400] {processor.py:830} INFO - Processing file /Users/manideepakreddyaila/Desktop/projects/Legal_Insights_Engine/.venv/lib/python3.11/site-packages/airflow/example_dags/example_external_task_marker_dag.py for tasks to queue
[2024-04-14T08:15:52.623-0400] {logging_mixin.py:188} INFO - [2024-04-14T08:15:52.623-0400] {dagbag.py:540} INFO - Filling up the DagBag from /Users/manideepakreddyaila/Desktop/projects/Legal_Insights_Engine/.venv/lib/python3.11/site-packages/airflow/example_dags/example_external_task_marker_dag.py
[2024-04-14T08:15:52.654-0400] {processor.py:840} INFO - DAG(s) 'example_external_task_marker_child', 'example_external_task_marker_parent' retrieved from /Users/manideepakreddyaila/Desktop/projects/Legal_Insights_Engine/.venv/lib/python3.11/site-packages/airflow/example_dags/example_external_task_marker_dag.py
[2024-04-14T08:15:52.693-0400] {logging_mixin.py:188} INFO - [2024-04-14T08:15:52.693-0400] {dag.py:3096} INFO - Sync 2 DAGs
[2024-04-14T08:15:52.696-0400] {logging_mixin.py:188} INFO - [2024-04-14T08:15:52.696-0400] {dag.py:3954} INFO - Setting next_dagrun for example_external_task_marker_child to None, run_after=None
[2024-04-14T08:15:52.697-0400] {logging_mixin.py:188} INFO - [2024-04-14T08:15:52.697-0400] {dag.py:3954} INFO - Setting next_dagrun for example_external_task_marker_parent to None, run_after=None
[2024-04-14T08:15:52.702-0400] {processor.py:183} INFO - Processing /Users/manideepakreddyaila/Desktop/projects/Legal_Insights_Engine/.venv/lib/python3.11/site-packages/airflow/example_dags/example_external_task_marker_dag.py took 0.082 seconds
[2024-04-14T08:22:10.387-0400] {processor.py:161} INFO - Started process (PID=32970) to work on /Users/manideepakreddyaila/Desktop/projects/Legal_Insights_Engine/.venv/lib/python3.11/site-packages/airflow/example_dags/example_external_task_marker_dag.py
[2024-04-14T08:22:10.388-0400] {processor.py:830} INFO - Processing file /Users/manideepakreddyaila/Desktop/projects/Legal_Insights_Engine/.venv/lib/python3.11/site-packages/airflow/example_dags/example_external_task_marker_dag.py for tasks to queue
[2024-04-14T08:22:10.388-0400] {logging_mixin.py:188} INFO - [2024-04-14T08:22:10.388-0400] {dagbag.py:540} INFO - Filling up the DagBag from /Users/manideepakreddyaila/Desktop/projects/Legal_Insights_Engine/.venv/lib/python3.11/site-packages/airflow/example_dags/example_external_task_marker_dag.py
[2024-04-14T08:22:10.418-0400] {processor.py:840} INFO - DAG(s) 'example_external_task_marker_parent', 'example_external_task_marker_child' retrieved from /Users/manideepakreddyaila/Desktop/projects/Legal_Insights_Engine/.venv/lib/python3.11/site-packages/airflow/example_dags/example_external_task_marker_dag.py
[2024-04-14T08:22:10.456-0400] {logging_mixin.py:188} INFO - [2024-04-14T08:22:10.456-0400] {dag.py:3096} INFO - Sync 2 DAGs
[2024-04-14T08:22:10.459-0400] {logging_mixin.py:188} INFO - [2024-04-14T08:22:10.459-0400] {dag.py:3954} INFO - Setting next_dagrun for example_external_task_marker_child to None, run_after=None
[2024-04-14T08:22:10.460-0400] {logging_mixin.py:188} INFO - [2024-04-14T08:22:10.460-0400] {dag.py:3954} INFO - Setting next_dagrun for example_external_task_marker_parent to None, run_after=None
[2024-04-14T08:22:10.466-0400] {processor.py:183} INFO - Processing /Users/manideepakreddyaila/Desktop/projects/Legal_Insights_Engine/.venv/lib/python3.11/site-packages/airflow/example_dags/example_external_task_marker_dag.py took 0.080 seconds
[2024-04-14T11:53:21.902-0400] {processor.py:161} INFO - Started process (PID=33149) to work on /Users/manideepakreddyaila/Desktop/projects/Legal_Insights_Engine/.venv/lib/python3.11/site-packages/airflow/example_dags/example_external_task_marker_dag.py
[2024-04-14T11:53:21.903-0400] {processor.py:830} INFO - Processing file /Users/manideepakreddyaila/Desktop/projects/Legal_Insights_Engine/.venv/lib/python3.11/site-packages/airflow/example_dags/example_external_task_marker_dag.py for tasks to queue
[2024-04-14T11:53:21.904-0400] {logging_mixin.py:188} INFO - [2024-04-14T11:53:21.904-0400] {dagbag.py:540} INFO - Filling up the DagBag from /Users/manideepakreddyaila/Desktop/projects/Legal_Insights_Engine/.venv/lib/python3.11/site-packages/airflow/example_dags/example_external_task_marker_dag.py
[2024-04-14T11:53:21.939-0400] {processor.py:840} INFO - DAG(s) 'example_external_task_marker_child', 'example_external_task_marker_parent' retrieved from /Users/manideepakreddyaila/Desktop/projects/Legal_Insights_Engine/.venv/lib/python3.11/site-packages/airflow/example_dags/example_external_task_marker_dag.py
[2024-04-14T11:53:21.984-0400] {logging_mixin.py:188} INFO - [2024-04-14T11:53:21.984-0400] {dag.py:3096} INFO - Sync 2 DAGs
[2024-04-14T11:53:21.987-0400] {logging_mixin.py:188} INFO - [2024-04-14T11:53:21.987-0400] {dag.py:3954} INFO - Setting next_dagrun for example_external_task_marker_child to None, run_after=None
[2024-04-14T11:53:21.988-0400] {logging_mixin.py:188} INFO - [2024-04-14T11:53:21.988-0400] {dag.py:3954} INFO - Setting next_dagrun for example_external_task_marker_parent to None, run_after=None
[2024-04-14T11:53:21.995-0400] {processor.py:183} INFO - Processing /Users/manideepakreddyaila/Desktop/projects/Legal_Insights_Engine/.venv/lib/python3.11/site-packages/airflow/example_dags/example_external_task_marker_dag.py took 0.095 seconds
[2024-04-14T12:07:06.761-0400] {processor.py:161} INFO - Started process (PID=33274) to work on /Users/manideepakreddyaila/Desktop/projects/Legal_Insights_Engine/.venv/lib/python3.11/site-packages/airflow/example_dags/example_external_task_marker_dag.py
[2024-04-14T12:07:06.762-0400] {processor.py:830} INFO - Processing file /Users/manideepakreddyaila/Desktop/projects/Legal_Insights_Engine/.venv/lib/python3.11/site-packages/airflow/example_dags/example_external_task_marker_dag.py for tasks to queue
[2024-04-14T12:07:06.763-0400] {logging_mixin.py:188} INFO - [2024-04-14T12:07:06.763-0400] {dagbag.py:540} INFO - Filling up the DagBag from /Users/manideepakreddyaila/Desktop/projects/Legal_Insights_Engine/.venv/lib/python3.11/site-packages/airflow/example_dags/example_external_task_marker_dag.py
[2024-04-14T12:07:06.793-0400] {processor.py:840} INFO - DAG(s) 'example_external_task_marker_child', 'example_external_task_marker_parent' retrieved from /Users/manideepakreddyaila/Desktop/projects/Legal_Insights_Engine/.venv/lib/python3.11/site-packages/airflow/example_dags/example_external_task_marker_dag.py
[2024-04-14T12:07:06.831-0400] {logging_mixin.py:188} INFO - [2024-04-14T12:07:06.831-0400] {dag.py:3096} INFO - Sync 2 DAGs
[2024-04-14T12:07:06.834-0400] {logging_mixin.py:188} INFO - [2024-04-14T12:07:06.834-0400] {dag.py:3954} INFO - Setting next_dagrun for example_external_task_marker_child to None, run_after=None
[2024-04-14T12:07:06.835-0400] {logging_mixin.py:188} INFO - [2024-04-14T12:07:06.835-0400] {dag.py:3954} INFO - Setting next_dagrun for example_external_task_marker_parent to None, run_after=None
[2024-04-14T12:07:06.841-0400] {processor.py:183} INFO - Processing /Users/manideepakreddyaila/Desktop/projects/Legal_Insights_Engine/.venv/lib/python3.11/site-packages/airflow/example_dags/example_external_task_marker_dag.py took 0.080 seconds
[2024-04-14T14:14:19.382-0400] {processor.py:161} INFO - Started process (PID=33476) to work on /Users/manideepakreddyaila/Desktop/projects/Legal_Insights_Engine/.venv/lib/python3.11/site-packages/airflow/example_dags/example_external_task_marker_dag.py
[2024-04-14T14:14:19.383-0400] {processor.py:830} INFO - Processing file /Users/manideepakreddyaila/Desktop/projects/Legal_Insights_Engine/.venv/lib/python3.11/site-packages/airflow/example_dags/example_external_task_marker_dag.py for tasks to queue
[2024-04-14T14:14:19.383-0400] {logging_mixin.py:188} INFO - [2024-04-14T14:14:19.383-0400] {dagbag.py:540} INFO - Filling up the DagBag from /Users/manideepakreddyaila/Desktop/projects/Legal_Insights_Engine/.venv/lib/python3.11/site-packages/airflow/example_dags/example_external_task_marker_dag.py
[2024-04-14T14:14:19.414-0400] {processor.py:840} INFO - DAG(s) 'example_external_task_marker_parent', 'example_external_task_marker_child' retrieved from /Users/manideepakreddyaila/Desktop/projects/Legal_Insights_Engine/.venv/lib/python3.11/site-packages/airflow/example_dags/example_external_task_marker_dag.py
[2024-04-14T14:14:19.453-0400] {logging_mixin.py:188} INFO - [2024-04-14T14:14:19.453-0400] {dag.py:3096} INFO - Sync 2 DAGs
[2024-04-14T14:14:19.457-0400] {logging_mixin.py:188} INFO - [2024-04-14T14:14:19.457-0400] {dag.py:3954} INFO - Setting next_dagrun for example_external_task_marker_child to None, run_after=None
[2024-04-14T14:14:19.458-0400] {logging_mixin.py:188} INFO - [2024-04-14T14:14:19.458-0400] {dag.py:3954} INFO - Setting next_dagrun for example_external_task_marker_parent to None, run_after=None
[2024-04-14T14:14:19.464-0400] {processor.py:183} INFO - Processing /Users/manideepakreddyaila/Desktop/projects/Legal_Insights_Engine/.venv/lib/python3.11/site-packages/airflow/example_dags/example_external_task_marker_dag.py took 0.082 seconds
[2024-04-14T16:17:16.330-0400] {processor.py:161} INFO - Started process (PID=33651) to work on /Users/manideepakreddyaila/Desktop/projects/Legal_Insights_Engine/.venv/lib/python3.11/site-packages/airflow/example_dags/example_external_task_marker_dag.py
[2024-04-14T16:17:16.331-0400] {processor.py:830} INFO - Processing file /Users/manideepakreddyaila/Desktop/projects/Legal_Insights_Engine/.venv/lib/python3.11/site-packages/airflow/example_dags/example_external_task_marker_dag.py for tasks to queue
[2024-04-14T16:17:16.331-0400] {logging_mixin.py:188} INFO - [2024-04-14T16:17:16.331-0400] {dagbag.py:540} INFO - Filling up the DagBag from /Users/manideepakreddyaila/Desktop/projects/Legal_Insights_Engine/.venv/lib/python3.11/site-packages/airflow/example_dags/example_external_task_marker_dag.py
[2024-04-14T16:17:16.364-0400] {processor.py:840} INFO - DAG(s) 'example_external_task_marker_child', 'example_external_task_marker_parent' retrieved from /Users/manideepakreddyaila/Desktop/projects/Legal_Insights_Engine/.venv/lib/python3.11/site-packages/airflow/example_dags/example_external_task_marker_dag.py
[2024-04-14T16:17:16.403-0400] {logging_mixin.py:188} INFO - [2024-04-14T16:17:16.403-0400] {dag.py:3096} INFO - Sync 2 DAGs
[2024-04-14T16:17:16.406-0400] {logging_mixin.py:188} INFO - [2024-04-14T16:17:16.406-0400] {dag.py:3954} INFO - Setting next_dagrun for example_external_task_marker_child to None, run_after=None
[2024-04-14T16:17:16.407-0400] {logging_mixin.py:188} INFO - [2024-04-14T16:17:16.407-0400] {dag.py:3954} INFO - Setting next_dagrun for example_external_task_marker_parent to None, run_after=None
[2024-04-14T16:17:16.413-0400] {processor.py:183} INFO - Processing /Users/manideepakreddyaila/Desktop/projects/Legal_Insights_Engine/.venv/lib/python3.11/site-packages/airflow/example_dags/example_external_task_marker_dag.py took 0.084 seconds
[2024-04-14T16:37:10.883-0400] {processor.py:161} INFO - Started process (PID=33776) to work on /Users/manideepakreddyaila/Desktop/projects/Legal_Insights_Engine/.venv/lib/python3.11/site-packages/airflow/example_dags/example_external_task_marker_dag.py
[2024-04-14T16:37:10.886-0400] {processor.py:830} INFO - Processing file /Users/manideepakreddyaila/Desktop/projects/Legal_Insights_Engine/.venv/lib/python3.11/site-packages/airflow/example_dags/example_external_task_marker_dag.py for tasks to queue
[2024-04-14T16:37:10.886-0400] {logging_mixin.py:188} INFO - [2024-04-14T16:37:10.886-0400] {dagbag.py:540} INFO - Filling up the DagBag from /Users/manideepakreddyaila/Desktop/projects/Legal_Insights_Engine/.venv/lib/python3.11/site-packages/airflow/example_dags/example_external_task_marker_dag.py
[2024-04-14T16:37:10.917-0400] {processor.py:840} INFO - DAG(s) 'example_external_task_marker_child', 'example_external_task_marker_parent' retrieved from /Users/manideepakreddyaila/Desktop/projects/Legal_Insights_Engine/.venv/lib/python3.11/site-packages/airflow/example_dags/example_external_task_marker_dag.py
[2024-04-14T16:37:10.956-0400] {logging_mixin.py:188} INFO - [2024-04-14T16:37:10.956-0400] {dag.py:3096} INFO - Sync 2 DAGs
[2024-04-14T16:37:10.960-0400] {logging_mixin.py:188} INFO - [2024-04-14T16:37:10.960-0400] {dag.py:3954} INFO - Setting next_dagrun for example_external_task_marker_child to None, run_after=None
[2024-04-14T16:37:10.961-0400] {logging_mixin.py:188} INFO - [2024-04-14T16:37:10.961-0400] {dag.py:3954} INFO - Setting next_dagrun for example_external_task_marker_parent to None, run_after=None
[2024-04-14T16:37:10.967-0400] {processor.py:183} INFO - Processing /Users/manideepakreddyaila/Desktop/projects/Legal_Insights_Engine/.venv/lib/python3.11/site-packages/airflow/example_dags/example_external_task_marker_dag.py took 0.085 seconds
[2024-04-14T16:39:12.259-0400] {processor.py:161} INFO - Started process (PID=33868) to work on /Users/manideepakreddyaila/Desktop/projects/Legal_Insights_Engine/.venv/lib/python3.11/site-packages/airflow/example_dags/example_external_task_marker_dag.py
[2024-04-14T16:39:12.260-0400] {processor.py:830} INFO - Processing file /Users/manideepakreddyaila/Desktop/projects/Legal_Insights_Engine/.venv/lib/python3.11/site-packages/airflow/example_dags/example_external_task_marker_dag.py for tasks to queue
[2024-04-14T16:39:12.260-0400] {logging_mixin.py:188} INFO - [2024-04-14T16:39:12.260-0400] {dagbag.py:540} INFO - Filling up the DagBag from /Users/manideepakreddyaila/Desktop/projects/Legal_Insights_Engine/.venv/lib/python3.11/site-packages/airflow/example_dags/example_external_task_marker_dag.py
[2024-04-14T16:39:12.290-0400] {processor.py:840} INFO - DAG(s) 'example_external_task_marker_child', 'example_external_task_marker_parent' retrieved from /Users/manideepakreddyaila/Desktop/projects/Legal_Insights_Engine/.venv/lib/python3.11/site-packages/airflow/example_dags/example_external_task_marker_dag.py
[2024-04-14T16:39:12.329-0400] {logging_mixin.py:188} INFO - [2024-04-14T16:39:12.329-0400] {dag.py:3096} INFO - Sync 2 DAGs
[2024-04-14T16:39:12.332-0400] {logging_mixin.py:188} INFO - [2024-04-14T16:39:12.332-0400] {dag.py:3954} INFO - Setting next_dagrun for example_external_task_marker_child to None, run_after=None
[2024-04-14T16:39:12.333-0400] {logging_mixin.py:188} INFO - [2024-04-14T16:39:12.333-0400] {dag.py:3954} INFO - Setting next_dagrun for example_external_task_marker_parent to None, run_after=None
[2024-04-14T16:39:12.339-0400] {processor.py:183} INFO - Processing /Users/manideepakreddyaila/Desktop/projects/Legal_Insights_Engine/.venv/lib/python3.11/site-packages/airflow/example_dags/example_external_task_marker_dag.py took 0.080 seconds
[2024-04-14T16:41:07.606-0400] {processor.py:161} INFO - Started process (PID=33967) to work on /Users/manideepakreddyaila/Desktop/projects/Legal_Insights_Engine/.venv/lib/python3.11/site-packages/airflow/example_dags/example_external_task_marker_dag.py
[2024-04-14T16:41:07.607-0400] {processor.py:830} INFO - Processing file /Users/manideepakreddyaila/Desktop/projects/Legal_Insights_Engine/.venv/lib/python3.11/site-packages/airflow/example_dags/example_external_task_marker_dag.py for tasks to queue
[2024-04-14T16:41:07.608-0400] {logging_mixin.py:188} INFO - [2024-04-14T16:41:07.608-0400] {dagbag.py:540} INFO - Filling up the DagBag from /Users/manideepakreddyaila/Desktop/projects/Legal_Insights_Engine/.venv/lib/python3.11/site-packages/airflow/example_dags/example_external_task_marker_dag.py
[2024-04-14T16:41:07.638-0400] {processor.py:840} INFO - DAG(s) 'example_external_task_marker_child', 'example_external_task_marker_parent' retrieved from /Users/manideepakreddyaila/Desktop/projects/Legal_Insights_Engine/.venv/lib/python3.11/site-packages/airflow/example_dags/example_external_task_marker_dag.py
[2024-04-14T16:41:07.677-0400] {logging_mixin.py:188} INFO - [2024-04-14T16:41:07.677-0400] {dag.py:3096} INFO - Sync 2 DAGs
[2024-04-14T16:41:07.680-0400] {logging_mixin.py:188} INFO - [2024-04-14T16:41:07.680-0400] {dag.py:3954} INFO - Setting next_dagrun for example_external_task_marker_child to None, run_after=None
[2024-04-14T16:41:07.681-0400] {logging_mixin.py:188} INFO - [2024-04-14T16:41:07.681-0400] {dag.py:3954} INFO - Setting next_dagrun for example_external_task_marker_parent to None, run_after=None
[2024-04-14T16:41:07.686-0400] {processor.py:183} INFO - Processing /Users/manideepakreddyaila/Desktop/projects/Legal_Insights_Engine/.venv/lib/python3.11/site-packages/airflow/example_dags/example_external_task_marker_dag.py took 0.081 seconds
[2024-04-14T16:43:02.184-0400] {processor.py:161} INFO - Started process (PID=34067) to work on /Users/manideepakreddyaila/Desktop/projects/Legal_Insights_Engine/.venv/lib/python3.11/site-packages/airflow/example_dags/example_external_task_marker_dag.py
[2024-04-14T16:43:02.184-0400] {processor.py:830} INFO - Processing file /Users/manideepakreddyaila/Desktop/projects/Legal_Insights_Engine/.venv/lib/python3.11/site-packages/airflow/example_dags/example_external_task_marker_dag.py for tasks to queue
[2024-04-14T16:43:02.185-0400] {logging_mixin.py:188} INFO - [2024-04-14T16:43:02.185-0400] {dagbag.py:540} INFO - Filling up the DagBag from /Users/manideepakreddyaila/Desktop/projects/Legal_Insights_Engine/.venv/lib/python3.11/site-packages/airflow/example_dags/example_external_task_marker_dag.py
[2024-04-14T16:43:02.218-0400] {processor.py:840} INFO - DAG(s) 'example_external_task_marker_child', 'example_external_task_marker_parent' retrieved from /Users/manideepakreddyaila/Desktop/projects/Legal_Insights_Engine/.venv/lib/python3.11/site-packages/airflow/example_dags/example_external_task_marker_dag.py
[2024-04-14T16:43:02.258-0400] {logging_mixin.py:188} INFO - [2024-04-14T16:43:02.257-0400] {dag.py:3096} INFO - Sync 2 DAGs
[2024-04-14T16:43:02.261-0400] {logging_mixin.py:188} INFO - [2024-04-14T16:43:02.261-0400] {dag.py:3954} INFO - Setting next_dagrun for example_external_task_marker_child to None, run_after=None
[2024-04-14T16:43:02.262-0400] {logging_mixin.py:188} INFO - [2024-04-14T16:43:02.262-0400] {dag.py:3954} INFO - Setting next_dagrun for example_external_task_marker_parent to None, run_after=None
[2024-04-14T16:43:02.268-0400] {processor.py:183} INFO - Processing /Users/manideepakreddyaila/Desktop/projects/Legal_Insights_Engine/.venv/lib/python3.11/site-packages/airflow/example_dags/example_external_task_marker_dag.py took 0.085 seconds
[2024-04-14T16:45:04.526-0400] {processor.py:161} INFO - Started process (PID=34168) to work on /Users/manideepakreddyaila/Desktop/projects/Legal_Insights_Engine/.venv/lib/python3.11/site-packages/airflow/example_dags/example_external_task_marker_dag.py
[2024-04-14T16:45:04.526-0400] {processor.py:830} INFO - Processing file /Users/manideepakreddyaila/Desktop/projects/Legal_Insights_Engine/.venv/lib/python3.11/site-packages/airflow/example_dags/example_external_task_marker_dag.py for tasks to queue
[2024-04-14T16:45:04.527-0400] {logging_mixin.py:188} INFO - [2024-04-14T16:45:04.527-0400] {dagbag.py:540} INFO - Filling up the DagBag from /Users/manideepakreddyaila/Desktop/projects/Legal_Insights_Engine/.venv/lib/python3.11/site-packages/airflow/example_dags/example_external_task_marker_dag.py
[2024-04-14T16:45:04.558-0400] {processor.py:840} INFO - DAG(s) 'example_external_task_marker_parent', 'example_external_task_marker_child' retrieved from /Users/manideepakreddyaila/Desktop/projects/Legal_Insights_Engine/.venv/lib/python3.11/site-packages/airflow/example_dags/example_external_task_marker_dag.py
[2024-04-14T16:45:04.598-0400] {logging_mixin.py:188} INFO - [2024-04-14T16:45:04.598-0400] {dag.py:3096} INFO - Sync 2 DAGs
[2024-04-14T16:45:04.601-0400] {logging_mixin.py:188} INFO - [2024-04-14T16:45:04.601-0400] {dag.py:3954} INFO - Setting next_dagrun for example_external_task_marker_child to None, run_after=None
[2024-04-14T16:45:04.602-0400] {logging_mixin.py:188} INFO - [2024-04-14T16:45:04.602-0400] {dag.py:3954} INFO - Setting next_dagrun for example_external_task_marker_parent to None, run_after=None
[2024-04-14T16:45:04.608-0400] {processor.py:183} INFO - Processing /Users/manideepakreddyaila/Desktop/projects/Legal_Insights_Engine/.venv/lib/python3.11/site-packages/airflow/example_dags/example_external_task_marker_dag.py took 0.083 seconds
[2024-04-14T16:47:03.011-0400] {processor.py:161} INFO - Started process (PID=34279) to work on /Users/manideepakreddyaila/Desktop/projects/Legal_Insights_Engine/.venv/lib/python3.11/site-packages/airflow/example_dags/example_external_task_marker_dag.py
[2024-04-14T16:47:03.012-0400] {processor.py:830} INFO - Processing file /Users/manideepakreddyaila/Desktop/projects/Legal_Insights_Engine/.venv/lib/python3.11/site-packages/airflow/example_dags/example_external_task_marker_dag.py for tasks to queue
[2024-04-14T16:47:03.012-0400] {logging_mixin.py:188} INFO - [2024-04-14T16:47:03.012-0400] {dagbag.py:540} INFO - Filling up the DagBag from /Users/manideepakreddyaila/Desktop/projects/Legal_Insights_Engine/.venv/lib/python3.11/site-packages/airflow/example_dags/example_external_task_marker_dag.py
[2024-04-14T16:47:03.043-0400] {processor.py:840} INFO - DAG(s) 'example_external_task_marker_child', 'example_external_task_marker_parent' retrieved from /Users/manideepakreddyaila/Desktop/projects/Legal_Insights_Engine/.venv/lib/python3.11/site-packages/airflow/example_dags/example_external_task_marker_dag.py
[2024-04-14T16:47:03.084-0400] {logging_mixin.py:188} INFO - [2024-04-14T16:47:03.084-0400] {dag.py:3096} INFO - Sync 2 DAGs
[2024-04-14T16:47:03.088-0400] {logging_mixin.py:188} INFO - [2024-04-14T16:47:03.088-0400] {dag.py:3954} INFO - Setting next_dagrun for example_external_task_marker_child to None, run_after=None
[2024-04-14T16:47:03.089-0400] {logging_mixin.py:188} INFO - [2024-04-14T16:47:03.089-0400] {dag.py:3954} INFO - Setting next_dagrun for example_external_task_marker_parent to None, run_after=None
[2024-04-14T16:47:03.094-0400] {processor.py:183} INFO - Processing /Users/manideepakreddyaila/Desktop/projects/Legal_Insights_Engine/.venv/lib/python3.11/site-packages/airflow/example_dags/example_external_task_marker_dag.py took 0.084 seconds
[2024-04-14T16:48:58.200-0400] {processor.py:161} INFO - Started process (PID=34377) to work on /Users/manideepakreddyaila/Desktop/projects/Legal_Insights_Engine/.venv/lib/python3.11/site-packages/airflow/example_dags/example_external_task_marker_dag.py
[2024-04-14T16:48:58.201-0400] {processor.py:830} INFO - Processing file /Users/manideepakreddyaila/Desktop/projects/Legal_Insights_Engine/.venv/lib/python3.11/site-packages/airflow/example_dags/example_external_task_marker_dag.py for tasks to queue
[2024-04-14T16:48:58.201-0400] {logging_mixin.py:188} INFO - [2024-04-14T16:48:58.201-0400] {dagbag.py:540} INFO - Filling up the DagBag from /Users/manideepakreddyaila/Desktop/projects/Legal_Insights_Engine/.venv/lib/python3.11/site-packages/airflow/example_dags/example_external_task_marker_dag.py
[2024-04-14T16:48:58.232-0400] {processor.py:840} INFO - DAG(s) 'example_external_task_marker_child', 'example_external_task_marker_parent' retrieved from /Users/manideepakreddyaila/Desktop/projects/Legal_Insights_Engine/.venv/lib/python3.11/site-packages/airflow/example_dags/example_external_task_marker_dag.py
[2024-04-14T16:48:58.273-0400] {logging_mixin.py:188} INFO - [2024-04-14T16:48:58.273-0400] {dag.py:3096} INFO - Sync 2 DAGs
[2024-04-14T16:48:58.277-0400] {logging_mixin.py:188} INFO - [2024-04-14T16:48:58.277-0400] {dag.py:3954} INFO - Setting next_dagrun for example_external_task_marker_child to None, run_after=None
[2024-04-14T16:48:58.278-0400] {logging_mixin.py:188} INFO - [2024-04-14T16:48:58.278-0400] {dag.py:3954} INFO - Setting next_dagrun for example_external_task_marker_parent to None, run_after=None
[2024-04-14T16:48:58.283-0400] {processor.py:183} INFO - Processing /Users/manideepakreddyaila/Desktop/projects/Legal_Insights_Engine/.venv/lib/python3.11/site-packages/airflow/example_dags/example_external_task_marker_dag.py took 0.084 seconds
[2024-04-14T17:15:59.546-0400] {processor.py:161} INFO - Started process (PID=34556) to work on /Users/manideepakreddyaila/Desktop/projects/Legal_Insights_Engine/.venv/lib/python3.11/site-packages/airflow/example_dags/example_external_task_marker_dag.py
[2024-04-14T17:15:59.546-0400] {processor.py:830} INFO - Processing file /Users/manideepakreddyaila/Desktop/projects/Legal_Insights_Engine/.venv/lib/python3.11/site-packages/airflow/example_dags/example_external_task_marker_dag.py for tasks to queue
[2024-04-14T17:15:59.547-0400] {logging_mixin.py:188} INFO - [2024-04-14T17:15:59.547-0400] {dagbag.py:540} INFO - Filling up the DagBag from /Users/manideepakreddyaila/Desktop/projects/Legal_Insights_Engine/.venv/lib/python3.11/site-packages/airflow/example_dags/example_external_task_marker_dag.py
[2024-04-14T17:15:59.578-0400] {processor.py:840} INFO - DAG(s) 'example_external_task_marker_child', 'example_external_task_marker_parent' retrieved from /Users/manideepakreddyaila/Desktop/projects/Legal_Insights_Engine/.venv/lib/python3.11/site-packages/airflow/example_dags/example_external_task_marker_dag.py
[2024-04-14T17:15:59.618-0400] {logging_mixin.py:188} INFO - [2024-04-14T17:15:59.618-0400] {dag.py:3096} INFO - Sync 2 DAGs
[2024-04-14T17:15:59.622-0400] {logging_mixin.py:188} INFO - [2024-04-14T17:15:59.622-0400] {dag.py:3954} INFO - Setting next_dagrun for example_external_task_marker_child to None, run_after=None
[2024-04-14T17:15:59.623-0400] {logging_mixin.py:188} INFO - [2024-04-14T17:15:59.623-0400] {dag.py:3954} INFO - Setting next_dagrun for example_external_task_marker_parent to None, run_after=None
[2024-04-14T17:15:59.629-0400] {processor.py:183} INFO - Processing /Users/manideepakreddyaila/Desktop/projects/Legal_Insights_Engine/.venv/lib/python3.11/site-packages/airflow/example_dags/example_external_task_marker_dag.py took 0.084 seconds
[2024-04-14T17:18:01.508-0400] {processor.py:161} INFO - Started process (PID=34795) to work on /Users/manideepakreddyaila/Desktop/projects/Legal_Insights_Engine/.venv/lib/python3.11/site-packages/airflow/example_dags/example_external_task_marker_dag.py
[2024-04-14T17:18:01.509-0400] {processor.py:830} INFO - Processing file /Users/manideepakreddyaila/Desktop/projects/Legal_Insights_Engine/.venv/lib/python3.11/site-packages/airflow/example_dags/example_external_task_marker_dag.py for tasks to queue
[2024-04-14T17:18:01.509-0400] {logging_mixin.py:188} INFO - [2024-04-14T17:18:01.509-0400] {dagbag.py:540} INFO - Filling up the DagBag from /Users/manideepakreddyaila/Desktop/projects/Legal_Insights_Engine/.venv/lib/python3.11/site-packages/airflow/example_dags/example_external_task_marker_dag.py
[2024-04-14T17:18:01.541-0400] {processor.py:840} INFO - DAG(s) 'example_external_task_marker_child', 'example_external_task_marker_parent' retrieved from /Users/manideepakreddyaila/Desktop/projects/Legal_Insights_Engine/.venv/lib/python3.11/site-packages/airflow/example_dags/example_external_task_marker_dag.py
[2024-04-14T17:18:01.581-0400] {logging_mixin.py:188} INFO - [2024-04-14T17:18:01.581-0400] {dag.py:3096} INFO - Sync 2 DAGs
[2024-04-14T17:18:01.585-0400] {logging_mixin.py:188} INFO - [2024-04-14T17:18:01.585-0400] {dag.py:3954} INFO - Setting next_dagrun for example_external_task_marker_child to None, run_after=None
[2024-04-14T17:18:01.586-0400] {logging_mixin.py:188} INFO - [2024-04-14T17:18:01.586-0400] {dag.py:3954} INFO - Setting next_dagrun for example_external_task_marker_parent to None, run_after=None
[2024-04-14T17:18:01.592-0400] {processor.py:183} INFO - Processing /Users/manideepakreddyaila/Desktop/projects/Legal_Insights_Engine/.venv/lib/python3.11/site-packages/airflow/example_dags/example_external_task_marker_dag.py took 0.084 seconds
[2024-04-14T17:19:55.088-0400] {processor.py:161} INFO - Started process (PID=34905) to work on /Users/manideepakreddyaila/Desktop/projects/Legal_Insights_Engine/.venv/lib/python3.11/site-packages/airflow/example_dags/example_external_task_marker_dag.py
[2024-04-14T17:19:55.089-0400] {processor.py:830} INFO - Processing file /Users/manideepakreddyaila/Desktop/projects/Legal_Insights_Engine/.venv/lib/python3.11/site-packages/airflow/example_dags/example_external_task_marker_dag.py for tasks to queue
[2024-04-14T17:19:55.089-0400] {logging_mixin.py:188} INFO - [2024-04-14T17:19:55.089-0400] {dagbag.py:540} INFO - Filling up the DagBag from /Users/manideepakreddyaila/Desktop/projects/Legal_Insights_Engine/.venv/lib/python3.11/site-packages/airflow/example_dags/example_external_task_marker_dag.py
[2024-04-14T17:19:55.120-0400] {processor.py:840} INFO - DAG(s) 'example_external_task_marker_parent', 'example_external_task_marker_child' retrieved from /Users/manideepakreddyaila/Desktop/projects/Legal_Insights_Engine/.venv/lib/python3.11/site-packages/airflow/example_dags/example_external_task_marker_dag.py
[2024-04-14T17:19:55.161-0400] {logging_mixin.py:188} INFO - [2024-04-14T17:19:55.161-0400] {dag.py:3096} INFO - Sync 2 DAGs
[2024-04-14T17:19:55.165-0400] {logging_mixin.py:188} INFO - [2024-04-14T17:19:55.165-0400] {dag.py:3954} INFO - Setting next_dagrun for example_external_task_marker_child to None, run_after=None
[2024-04-14T17:19:55.166-0400] {logging_mixin.py:188} INFO - [2024-04-14T17:19:55.166-0400] {dag.py:3954} INFO - Setting next_dagrun for example_external_task_marker_parent to None, run_after=None
[2024-04-14T17:19:55.172-0400] {processor.py:183} INFO - Processing /Users/manideepakreddyaila/Desktop/projects/Legal_Insights_Engine/.venv/lib/python3.11/site-packages/airflow/example_dags/example_external_task_marker_dag.py took 0.085 seconds
[2024-04-14T17:21:52.313-0400] {processor.py:161} INFO - Started process (PID=34998) to work on /Users/manideepakreddyaila/Desktop/projects/Legal_Insights_Engine/.venv/lib/python3.11/site-packages/airflow/example_dags/example_external_task_marker_dag.py
[2024-04-14T17:21:52.313-0400] {processor.py:830} INFO - Processing file /Users/manideepakreddyaila/Desktop/projects/Legal_Insights_Engine/.venv/lib/python3.11/site-packages/airflow/example_dags/example_external_task_marker_dag.py for tasks to queue
[2024-04-14T17:21:52.314-0400] {logging_mixin.py:188} INFO - [2024-04-14T17:21:52.314-0400] {dagbag.py:540} INFO - Filling up the DagBag from /Users/manideepakreddyaila/Desktop/projects/Legal_Insights_Engine/.venv/lib/python3.11/site-packages/airflow/example_dags/example_external_task_marker_dag.py
[2024-04-14T17:21:52.351-0400] {processor.py:840} INFO - DAG(s) 'example_external_task_marker_parent', 'example_external_task_marker_child' retrieved from /Users/manideepakreddyaila/Desktop/projects/Legal_Insights_Engine/.venv/lib/python3.11/site-packages/airflow/example_dags/example_external_task_marker_dag.py
[2024-04-14T17:21:52.391-0400] {logging_mixin.py:188} INFO - [2024-04-14T17:21:52.390-0400] {dag.py:3096} INFO - Sync 2 DAGs
[2024-04-14T17:21:52.394-0400] {logging_mixin.py:188} INFO - [2024-04-14T17:21:52.394-0400] {dag.py:3954} INFO - Setting next_dagrun for example_external_task_marker_child to None, run_after=None
[2024-04-14T17:21:52.395-0400] {logging_mixin.py:188} INFO - [2024-04-14T17:21:52.395-0400] {dag.py:3954} INFO - Setting next_dagrun for example_external_task_marker_parent to None, run_after=None
[2024-04-14T17:21:52.401-0400] {processor.py:183} INFO - Processing /Users/manideepakreddyaila/Desktop/projects/Legal_Insights_Engine/.venv/lib/python3.11/site-packages/airflow/example_dags/example_external_task_marker_dag.py took 0.089 seconds
[2024-04-14T17:23:44.133-0400] {processor.py:161} INFO - Started process (PID=35090) to work on /Users/manideepakreddyaila/Desktop/projects/Legal_Insights_Engine/.venv/lib/python3.11/site-packages/airflow/example_dags/example_external_task_marker_dag.py
[2024-04-14T17:23:44.134-0400] {processor.py:830} INFO - Processing file /Users/manideepakreddyaila/Desktop/projects/Legal_Insights_Engine/.venv/lib/python3.11/site-packages/airflow/example_dags/example_external_task_marker_dag.py for tasks to queue
[2024-04-14T17:23:44.134-0400] {logging_mixin.py:188} INFO - [2024-04-14T17:23:44.134-0400] {dagbag.py:540} INFO - Filling up the DagBag from /Users/manideepakreddyaila/Desktop/projects/Legal_Insights_Engine/.venv/lib/python3.11/site-packages/airflow/example_dags/example_external_task_marker_dag.py
[2024-04-14T17:23:44.166-0400] {processor.py:840} INFO - DAG(s) 'example_external_task_marker_child', 'example_external_task_marker_parent' retrieved from /Users/manideepakreddyaila/Desktop/projects/Legal_Insights_Engine/.venv/lib/python3.11/site-packages/airflow/example_dags/example_external_task_marker_dag.py
[2024-04-14T17:23:44.207-0400] {logging_mixin.py:188} INFO - [2024-04-14T17:23:44.207-0400] {dag.py:3096} INFO - Sync 2 DAGs
[2024-04-14T17:23:44.210-0400] {logging_mixin.py:188} INFO - [2024-04-14T17:23:44.210-0400] {dag.py:3954} INFO - Setting next_dagrun for example_external_task_marker_child to None, run_after=None
[2024-04-14T17:23:44.212-0400] {logging_mixin.py:188} INFO - [2024-04-14T17:23:44.212-0400] {dag.py:3954} INFO - Setting next_dagrun for example_external_task_marker_parent to None, run_after=None
[2024-04-14T17:23:44.217-0400] {processor.py:183} INFO - Processing /Users/manideepakreddyaila/Desktop/projects/Legal_Insights_Engine/.venv/lib/python3.11/site-packages/airflow/example_dags/example_external_task_marker_dag.py took 0.085 seconds
[2024-04-14T17:25:43.547-0400] {processor.py:161} INFO - Started process (PID=35201) to work on /Users/manideepakreddyaila/Desktop/projects/Legal_Insights_Engine/.venv/lib/python3.11/site-packages/airflow/example_dags/example_external_task_marker_dag.py
[2024-04-14T17:25:43.548-0400] {processor.py:830} INFO - Processing file /Users/manideepakreddyaila/Desktop/projects/Legal_Insights_Engine/.venv/lib/python3.11/site-packages/airflow/example_dags/example_external_task_marker_dag.py for tasks to queue
[2024-04-14T17:25:43.548-0400] {logging_mixin.py:188} INFO - [2024-04-14T17:25:43.548-0400] {dagbag.py:540} INFO - Filling up the DagBag from /Users/manideepakreddyaila/Desktop/projects/Legal_Insights_Engine/.venv/lib/python3.11/site-packages/airflow/example_dags/example_external_task_marker_dag.py
[2024-04-14T17:25:43.581-0400] {processor.py:840} INFO - DAG(s) 'example_external_task_marker_parent', 'example_external_task_marker_child' retrieved from /Users/manideepakreddyaila/Desktop/projects/Legal_Insights_Engine/.venv/lib/python3.11/site-packages/airflow/example_dags/example_external_task_marker_dag.py
[2024-04-14T17:25:43.621-0400] {logging_mixin.py:188} INFO - [2024-04-14T17:25:43.620-0400] {dag.py:3096} INFO - Sync 2 DAGs
[2024-04-14T17:25:43.624-0400] {logging_mixin.py:188} INFO - [2024-04-14T17:25:43.624-0400] {dag.py:3954} INFO - Setting next_dagrun for example_external_task_marker_child to None, run_after=None
[2024-04-14T17:25:43.625-0400] {logging_mixin.py:188} INFO - [2024-04-14T17:25:43.625-0400] {dag.py:3954} INFO - Setting next_dagrun for example_external_task_marker_parent to None, run_after=None
[2024-04-14T17:25:43.630-0400] {processor.py:183} INFO - Processing /Users/manideepakreddyaila/Desktop/projects/Legal_Insights_Engine/.venv/lib/python3.11/site-packages/airflow/example_dags/example_external_task_marker_dag.py took 0.084 seconds
[2024-04-14T17:27:40.536-0400] {processor.py:161} INFO - Started process (PID=35300) to work on /Users/manideepakreddyaila/Desktop/projects/Legal_Insights_Engine/.venv/lib/python3.11/site-packages/airflow/example_dags/example_external_task_marker_dag.py
[2024-04-14T17:27:40.536-0400] {processor.py:830} INFO - Processing file /Users/manideepakreddyaila/Desktop/projects/Legal_Insights_Engine/.venv/lib/python3.11/site-packages/airflow/example_dags/example_external_task_marker_dag.py for tasks to queue
[2024-04-14T17:27:40.536-0400] {logging_mixin.py:188} INFO - [2024-04-14T17:27:40.536-0400] {dagbag.py:540} INFO - Filling up the DagBag from /Users/manideepakreddyaila/Desktop/projects/Legal_Insights_Engine/.venv/lib/python3.11/site-packages/airflow/example_dags/example_external_task_marker_dag.py
[2024-04-14T17:27:40.568-0400] {processor.py:840} INFO - DAG(s) 'example_external_task_marker_child', 'example_external_task_marker_parent' retrieved from /Users/manideepakreddyaila/Desktop/projects/Legal_Insights_Engine/.venv/lib/python3.11/site-packages/airflow/example_dags/example_external_task_marker_dag.py
[2024-04-14T17:27:40.607-0400] {logging_mixin.py:188} INFO - [2024-04-14T17:27:40.607-0400] {dag.py:3096} INFO - Sync 2 DAGs
[2024-04-14T17:27:40.610-0400] {logging_mixin.py:188} INFO - [2024-04-14T17:27:40.610-0400] {dag.py:3954} INFO - Setting next_dagrun for example_external_task_marker_child to None, run_after=None
[2024-04-14T17:27:40.611-0400] {logging_mixin.py:188} INFO - [2024-04-14T17:27:40.611-0400] {dag.py:3954} INFO - Setting next_dagrun for example_external_task_marker_parent to None, run_after=None
[2024-04-14T17:27:40.617-0400] {processor.py:183} INFO - Processing /Users/manideepakreddyaila/Desktop/projects/Legal_Insights_Engine/.venv/lib/python3.11/site-packages/airflow/example_dags/example_external_task_marker_dag.py took 0.083 seconds
[2024-04-14T17:29:35.008-0400] {processor.py:161} INFO - Started process (PID=35397) to work on /Users/manideepakreddyaila/Desktop/projects/Legal_Insights_Engine/.venv/lib/python3.11/site-packages/airflow/example_dags/example_external_task_marker_dag.py
[2024-04-14T17:29:35.010-0400] {processor.py:830} INFO - Processing file /Users/manideepakreddyaila/Desktop/projects/Legal_Insights_Engine/.venv/lib/python3.11/site-packages/airflow/example_dags/example_external_task_marker_dag.py for tasks to queue
[2024-04-14T17:29:35.010-0400] {logging_mixin.py:188} INFO - [2024-04-14T17:29:35.010-0400] {dagbag.py:540} INFO - Filling up the DagBag from /Users/manideepakreddyaila/Desktop/projects/Legal_Insights_Engine/.venv/lib/python3.11/site-packages/airflow/example_dags/example_external_task_marker_dag.py
[2024-04-14T17:29:35.041-0400] {processor.py:840} INFO - DAG(s) 'example_external_task_marker_child', 'example_external_task_marker_parent' retrieved from /Users/manideepakreddyaila/Desktop/projects/Legal_Insights_Engine/.venv/lib/python3.11/site-packages/airflow/example_dags/example_external_task_marker_dag.py
[2024-04-14T17:29:35.082-0400] {logging_mixin.py:188} INFO - [2024-04-14T17:29:35.082-0400] {dag.py:3096} INFO - Sync 2 DAGs
[2024-04-14T17:29:35.085-0400] {logging_mixin.py:188} INFO - [2024-04-14T17:29:35.085-0400] {dag.py:3954} INFO - Setting next_dagrun for example_external_task_marker_child to None, run_after=None
[2024-04-14T17:29:35.086-0400] {logging_mixin.py:188} INFO - [2024-04-14T17:29:35.086-0400] {dag.py:3954} INFO - Setting next_dagrun for example_external_task_marker_parent to None, run_after=None
[2024-04-14T17:29:35.091-0400] {processor.py:183} INFO - Processing /Users/manideepakreddyaila/Desktop/projects/Legal_Insights_Engine/.venv/lib/python3.11/site-packages/airflow/example_dags/example_external_task_marker_dag.py took 0.084 seconds
[2024-04-14T17:31:33.122-0400] {processor.py:161} INFO - Started process (PID=35537) to work on /Users/manideepakreddyaila/Desktop/projects/Legal_Insights_Engine/.venv/lib/python3.11/site-packages/airflow/example_dags/example_external_task_marker_dag.py
[2024-04-14T17:31:33.123-0400] {processor.py:830} INFO - Processing file /Users/manideepakreddyaila/Desktop/projects/Legal_Insights_Engine/.venv/lib/python3.11/site-packages/airflow/example_dags/example_external_task_marker_dag.py for tasks to queue
[2024-04-14T17:31:33.123-0400] {logging_mixin.py:188} INFO - [2024-04-14T17:31:33.123-0400] {dagbag.py:540} INFO - Filling up the DagBag from /Users/manideepakreddyaila/Desktop/projects/Legal_Insights_Engine/.venv/lib/python3.11/site-packages/airflow/example_dags/example_external_task_marker_dag.py
[2024-04-14T17:31:33.154-0400] {processor.py:840} INFO - DAG(s) 'example_external_task_marker_child', 'example_external_task_marker_parent' retrieved from /Users/manideepakreddyaila/Desktop/projects/Legal_Insights_Engine/.venv/lib/python3.11/site-packages/airflow/example_dags/example_external_task_marker_dag.py
[2024-04-14T17:31:33.194-0400] {logging_mixin.py:188} INFO - [2024-04-14T17:31:33.194-0400] {dag.py:3096} INFO - Sync 2 DAGs
[2024-04-14T17:31:33.198-0400] {logging_mixin.py:188} INFO - [2024-04-14T17:31:33.198-0400] {dag.py:3954} INFO - Setting next_dagrun for example_external_task_marker_child to None, run_after=None
[2024-04-14T17:31:33.199-0400] {logging_mixin.py:188} INFO - [2024-04-14T17:31:33.199-0400] {dag.py:3954} INFO - Setting next_dagrun for example_external_task_marker_parent to None, run_after=None
[2024-04-14T17:31:33.205-0400] {processor.py:183} INFO - Processing /Users/manideepakreddyaila/Desktop/projects/Legal_Insights_Engine/.venv/lib/python3.11/site-packages/airflow/example_dags/example_external_task_marker_dag.py took 0.083 seconds
[2024-04-14T17:33:31.723-0400] {processor.py:161} INFO - Started process (PID=35644) to work on /Users/manideepakreddyaila/Desktop/projects/Legal_Insights_Engine/.venv/lib/python3.11/site-packages/airflow/example_dags/example_external_task_marker_dag.py
[2024-04-14T17:33:31.724-0400] {processor.py:830} INFO - Processing file /Users/manideepakreddyaila/Desktop/projects/Legal_Insights_Engine/.venv/lib/python3.11/site-packages/airflow/example_dags/example_external_task_marker_dag.py for tasks to queue
[2024-04-14T17:33:31.725-0400] {logging_mixin.py:188} INFO - [2024-04-14T17:33:31.725-0400] {dagbag.py:540} INFO - Filling up the DagBag from /Users/manideepakreddyaila/Desktop/projects/Legal_Insights_Engine/.venv/lib/python3.11/site-packages/airflow/example_dags/example_external_task_marker_dag.py
[2024-04-14T17:33:31.757-0400] {processor.py:840} INFO - DAG(s) 'example_external_task_marker_parent', 'example_external_task_marker_child' retrieved from /Users/manideepakreddyaila/Desktop/projects/Legal_Insights_Engine/.venv/lib/python3.11/site-packages/airflow/example_dags/example_external_task_marker_dag.py
[2024-04-14T17:33:31.798-0400] {logging_mixin.py:188} INFO - [2024-04-14T17:33:31.798-0400] {dag.py:3096} INFO - Sync 2 DAGs
[2024-04-14T17:33:31.801-0400] {logging_mixin.py:188} INFO - [2024-04-14T17:33:31.801-0400] {dag.py:3954} INFO - Setting next_dagrun for example_external_task_marker_child to None, run_after=None
[2024-04-14T17:33:31.803-0400] {logging_mixin.py:188} INFO - [2024-04-14T17:33:31.802-0400] {dag.py:3954} INFO - Setting next_dagrun for example_external_task_marker_parent to None, run_after=None
[2024-04-14T17:33:31.808-0400] {processor.py:183} INFO - Processing /Users/manideepakreddyaila/Desktop/projects/Legal_Insights_Engine/.venv/lib/python3.11/site-packages/airflow/example_dags/example_external_task_marker_dag.py took 0.086 seconds
[2024-04-14T17:35:35.034-0400] {processor.py:161} INFO - Started process (PID=35742) to work on /Users/manideepakreddyaila/Desktop/projects/Legal_Insights_Engine/.venv/lib/python3.11/site-packages/airflow/example_dags/example_external_task_marker_dag.py
[2024-04-14T17:35:35.035-0400] {processor.py:830} INFO - Processing file /Users/manideepakreddyaila/Desktop/projects/Legal_Insights_Engine/.venv/lib/python3.11/site-packages/airflow/example_dags/example_external_task_marker_dag.py for tasks to queue
[2024-04-14T17:35:35.035-0400] {logging_mixin.py:188} INFO - [2024-04-14T17:35:35.035-0400] {dagbag.py:540} INFO - Filling up the DagBag from /Users/manideepakreddyaila/Desktop/projects/Legal_Insights_Engine/.venv/lib/python3.11/site-packages/airflow/example_dags/example_external_task_marker_dag.py
[2024-04-14T17:35:35.067-0400] {processor.py:840} INFO - DAG(s) 'example_external_task_marker_child', 'example_external_task_marker_parent' retrieved from /Users/manideepakreddyaila/Desktop/projects/Legal_Insights_Engine/.venv/lib/python3.11/site-packages/airflow/example_dags/example_external_task_marker_dag.py
[2024-04-14T17:35:35.107-0400] {logging_mixin.py:188} INFO - [2024-04-14T17:35:35.107-0400] {dag.py:3096} INFO - Sync 2 DAGs
[2024-04-14T17:35:35.110-0400] {logging_mixin.py:188} INFO - [2024-04-14T17:35:35.110-0400] {dag.py:3954} INFO - Setting next_dagrun for example_external_task_marker_child to None, run_after=None
[2024-04-14T17:35:35.111-0400] {logging_mixin.py:188} INFO - [2024-04-14T17:35:35.111-0400] {dag.py:3954} INFO - Setting next_dagrun for example_external_task_marker_parent to None, run_after=None
[2024-04-14T17:35:35.117-0400] {processor.py:183} INFO - Processing /Users/manideepakreddyaila/Desktop/projects/Legal_Insights_Engine/.venv/lib/python3.11/site-packages/airflow/example_dags/example_external_task_marker_dag.py took 0.084 seconds
[2024-04-14T17:37:28.311-0400] {processor.py:161} INFO - Started process (PID=35839) to work on /Users/manideepakreddyaila/Desktop/projects/Legal_Insights_Engine/.venv/lib/python3.11/site-packages/airflow/example_dags/example_external_task_marker_dag.py
[2024-04-14T17:37:28.311-0400] {processor.py:830} INFO - Processing file /Users/manideepakreddyaila/Desktop/projects/Legal_Insights_Engine/.venv/lib/python3.11/site-packages/airflow/example_dags/example_external_task_marker_dag.py for tasks to queue
[2024-04-14T17:37:28.312-0400] {logging_mixin.py:188} INFO - [2024-04-14T17:37:28.312-0400] {dagbag.py:540} INFO - Filling up the DagBag from /Users/manideepakreddyaila/Desktop/projects/Legal_Insights_Engine/.venv/lib/python3.11/site-packages/airflow/example_dags/example_external_task_marker_dag.py
[2024-04-14T17:37:28.343-0400] {processor.py:840} INFO - DAG(s) 'example_external_task_marker_parent', 'example_external_task_marker_child' retrieved from /Users/manideepakreddyaila/Desktop/projects/Legal_Insights_Engine/.venv/lib/python3.11/site-packages/airflow/example_dags/example_external_task_marker_dag.py
[2024-04-14T17:37:28.383-0400] {logging_mixin.py:188} INFO - [2024-04-14T17:37:28.383-0400] {dag.py:3096} INFO - Sync 2 DAGs
[2024-04-14T17:37:28.387-0400] {logging_mixin.py:188} INFO - [2024-04-14T17:37:28.387-0400] {dag.py:3954} INFO - Setting next_dagrun for example_external_task_marker_child to None, run_after=None
[2024-04-14T17:37:28.388-0400] {logging_mixin.py:188} INFO - [2024-04-14T17:37:28.388-0400] {dag.py:3954} INFO - Setting next_dagrun for example_external_task_marker_parent to None, run_after=None
[2024-04-14T17:37:28.394-0400] {processor.py:183} INFO - Processing /Users/manideepakreddyaila/Desktop/projects/Legal_Insights_Engine/.venv/lib/python3.11/site-packages/airflow/example_dags/example_external_task_marker_dag.py took 0.084 seconds
[2024-04-14T17:39:17.831-0400] {processor.py:161} INFO - Started process (PID=35927) to work on /Users/manideepakreddyaila/Desktop/projects/Legal_Insights_Engine/.venv/lib/python3.11/site-packages/airflow/example_dags/example_external_task_marker_dag.py
[2024-04-14T17:39:17.832-0400] {processor.py:830} INFO - Processing file /Users/manideepakreddyaila/Desktop/projects/Legal_Insights_Engine/.venv/lib/python3.11/site-packages/airflow/example_dags/example_external_task_marker_dag.py for tasks to queue
[2024-04-14T17:39:17.832-0400] {logging_mixin.py:188} INFO - [2024-04-14T17:39:17.832-0400] {dagbag.py:540} INFO - Filling up the DagBag from /Users/manideepakreddyaila/Desktop/projects/Legal_Insights_Engine/.venv/lib/python3.11/site-packages/airflow/example_dags/example_external_task_marker_dag.py
[2024-04-14T17:39:17.865-0400] {processor.py:840} INFO - DAG(s) 'example_external_task_marker_child', 'example_external_task_marker_parent' retrieved from /Users/manideepakreddyaila/Desktop/projects/Legal_Insights_Engine/.venv/lib/python3.11/site-packages/airflow/example_dags/example_external_task_marker_dag.py
[2024-04-14T17:39:17.905-0400] {logging_mixin.py:188} INFO - [2024-04-14T17:39:17.905-0400] {dag.py:3096} INFO - Sync 2 DAGs
[2024-04-14T17:39:17.908-0400] {logging_mixin.py:188} INFO - [2024-04-14T17:39:17.908-0400] {dag.py:3954} INFO - Setting next_dagrun for example_external_task_marker_child to None, run_after=None
[2024-04-14T17:39:17.909-0400] {logging_mixin.py:188} INFO - [2024-04-14T17:39:17.909-0400] {dag.py:3954} INFO - Setting next_dagrun for example_external_task_marker_parent to None, run_after=None
[2024-04-14T17:39:17.915-0400] {processor.py:183} INFO - Processing /Users/manideepakreddyaila/Desktop/projects/Legal_Insights_Engine/.venv/lib/python3.11/site-packages/airflow/example_dags/example_external_task_marker_dag.py took 0.085 seconds
[2024-04-14T17:41:10.541-0400] {processor.py:161} INFO - Started process (PID=36014) to work on /Users/manideepakreddyaila/Desktop/projects/Legal_Insights_Engine/.venv/lib/python3.11/site-packages/airflow/example_dags/example_external_task_marker_dag.py
[2024-04-14T17:41:10.542-0400] {processor.py:830} INFO - Processing file /Users/manideepakreddyaila/Desktop/projects/Legal_Insights_Engine/.venv/lib/python3.11/site-packages/airflow/example_dags/example_external_task_marker_dag.py for tasks to queue
[2024-04-14T17:41:10.542-0400] {logging_mixin.py:188} INFO - [2024-04-14T17:41:10.542-0400] {dagbag.py:540} INFO - Filling up the DagBag from /Users/manideepakreddyaila/Desktop/projects/Legal_Insights_Engine/.venv/lib/python3.11/site-packages/airflow/example_dags/example_external_task_marker_dag.py
[2024-04-14T17:41:10.577-0400] {processor.py:840} INFO - DAG(s) 'example_external_task_marker_parent', 'example_external_task_marker_child' retrieved from /Users/manideepakreddyaila/Desktop/projects/Legal_Insights_Engine/.venv/lib/python3.11/site-packages/airflow/example_dags/example_external_task_marker_dag.py
[2024-04-14T17:41:10.618-0400] {logging_mixin.py:188} INFO - [2024-04-14T17:41:10.618-0400] {dag.py:3096} INFO - Sync 2 DAGs
[2024-04-14T17:41:10.621-0400] {logging_mixin.py:188} INFO - [2024-04-14T17:41:10.621-0400] {dag.py:3954} INFO - Setting next_dagrun for example_external_task_marker_child to None, run_after=None
[2024-04-14T17:41:10.623-0400] {logging_mixin.py:188} INFO - [2024-04-14T17:41:10.622-0400] {dag.py:3954} INFO - Setting next_dagrun for example_external_task_marker_parent to None, run_after=None
[2024-04-14T17:41:10.628-0400] {processor.py:183} INFO - Processing /Users/manideepakreddyaila/Desktop/projects/Legal_Insights_Engine/.venv/lib/python3.11/site-packages/airflow/example_dags/example_external_task_marker_dag.py took 0.088 seconds
[2024-04-14T17:43:02.502-0400] {processor.py:161} INFO - Started process (PID=36101) to work on /Users/manideepakreddyaila/Desktop/projects/Legal_Insights_Engine/.venv/lib/python3.11/site-packages/airflow/example_dags/example_external_task_marker_dag.py
[2024-04-14T17:43:02.502-0400] {processor.py:830} INFO - Processing file /Users/manideepakreddyaila/Desktop/projects/Legal_Insights_Engine/.venv/lib/python3.11/site-packages/airflow/example_dags/example_external_task_marker_dag.py for tasks to queue
[2024-04-14T17:43:02.503-0400] {logging_mixin.py:188} INFO - [2024-04-14T17:43:02.502-0400] {dagbag.py:540} INFO - Filling up the DagBag from /Users/manideepakreddyaila/Desktop/projects/Legal_Insights_Engine/.venv/lib/python3.11/site-packages/airflow/example_dags/example_external_task_marker_dag.py
[2024-04-14T17:43:02.534-0400] {processor.py:840} INFO - DAG(s) 'example_external_task_marker_parent', 'example_external_task_marker_child' retrieved from /Users/manideepakreddyaila/Desktop/projects/Legal_Insights_Engine/.venv/lib/python3.11/site-packages/airflow/example_dags/example_external_task_marker_dag.py
[2024-04-14T17:43:02.573-0400] {logging_mixin.py:188} INFO - [2024-04-14T17:43:02.573-0400] {dag.py:3096} INFO - Sync 2 DAGs
[2024-04-14T17:43:02.577-0400] {logging_mixin.py:188} INFO - [2024-04-14T17:43:02.576-0400] {dag.py:3954} INFO - Setting next_dagrun for example_external_task_marker_child to None, run_after=None
[2024-04-14T17:43:02.578-0400] {logging_mixin.py:188} INFO - [2024-04-14T17:43:02.578-0400] {dag.py:3954} INFO - Setting next_dagrun for example_external_task_marker_parent to None, run_after=None
[2024-04-14T17:43:02.583-0400] {processor.py:183} INFO - Processing /Users/manideepakreddyaila/Desktop/projects/Legal_Insights_Engine/.venv/lib/python3.11/site-packages/airflow/example_dags/example_external_task_marker_dag.py took 0.082 seconds
[2024-04-14T17:44:57.414-0400] {processor.py:161} INFO - Started process (PID=36188) to work on /Users/manideepakreddyaila/Desktop/projects/Legal_Insights_Engine/.venv/lib/python3.11/site-packages/airflow/example_dags/example_external_task_marker_dag.py
[2024-04-14T17:44:57.415-0400] {processor.py:830} INFO - Processing file /Users/manideepakreddyaila/Desktop/projects/Legal_Insights_Engine/.venv/lib/python3.11/site-packages/airflow/example_dags/example_external_task_marker_dag.py for tasks to queue
[2024-04-14T17:44:57.416-0400] {logging_mixin.py:188} INFO - [2024-04-14T17:44:57.416-0400] {dagbag.py:540} INFO - Filling up the DagBag from /Users/manideepakreddyaila/Desktop/projects/Legal_Insights_Engine/.venv/lib/python3.11/site-packages/airflow/example_dags/example_external_task_marker_dag.py
[2024-04-14T17:44:57.446-0400] {processor.py:840} INFO - DAG(s) 'example_external_task_marker_child', 'example_external_task_marker_parent' retrieved from /Users/manideepakreddyaila/Desktop/projects/Legal_Insights_Engine/.venv/lib/python3.11/site-packages/airflow/example_dags/example_external_task_marker_dag.py
[2024-04-14T17:44:57.485-0400] {logging_mixin.py:188} INFO - [2024-04-14T17:44:57.485-0400] {dag.py:3096} INFO - Sync 2 DAGs
[2024-04-14T17:44:57.488-0400] {logging_mixin.py:188} INFO - [2024-04-14T17:44:57.488-0400] {dag.py:3954} INFO - Setting next_dagrun for example_external_task_marker_child to None, run_after=None
[2024-04-14T17:44:57.489-0400] {logging_mixin.py:188} INFO - [2024-04-14T17:44:57.489-0400] {dag.py:3954} INFO - Setting next_dagrun for example_external_task_marker_parent to None, run_after=None
[2024-04-14T17:44:57.495-0400] {processor.py:183} INFO - Processing /Users/manideepakreddyaila/Desktop/projects/Legal_Insights_Engine/.venv/lib/python3.11/site-packages/airflow/example_dags/example_external_task_marker_dag.py took 0.081 seconds
[2024-04-14T17:47:00.681-0400] {processor.py:161} INFO - Started process (PID=36283) to work on /Users/manideepakreddyaila/Desktop/projects/Legal_Insights_Engine/.venv/lib/python3.11/site-packages/airflow/example_dags/example_external_task_marker_dag.py
[2024-04-14T17:47:00.682-0400] {processor.py:830} INFO - Processing file /Users/manideepakreddyaila/Desktop/projects/Legal_Insights_Engine/.venv/lib/python3.11/site-packages/airflow/example_dags/example_external_task_marker_dag.py for tasks to queue
[2024-04-14T17:47:00.682-0400] {logging_mixin.py:188} INFO - [2024-04-14T17:47:00.682-0400] {dagbag.py:540} INFO - Filling up the DagBag from /Users/manideepakreddyaila/Desktop/projects/Legal_Insights_Engine/.venv/lib/python3.11/site-packages/airflow/example_dags/example_external_task_marker_dag.py
[2024-04-14T17:47:00.713-0400] {processor.py:840} INFO - DAG(s) 'example_external_task_marker_child', 'example_external_task_marker_parent' retrieved from /Users/manideepakreddyaila/Desktop/projects/Legal_Insights_Engine/.venv/lib/python3.11/site-packages/airflow/example_dags/example_external_task_marker_dag.py
[2024-04-14T17:47:00.753-0400] {logging_mixin.py:188} INFO - [2024-04-14T17:47:00.752-0400] {dag.py:3096} INFO - Sync 2 DAGs
[2024-04-14T17:47:00.756-0400] {logging_mixin.py:188} INFO - [2024-04-14T17:47:00.756-0400] {dag.py:3954} INFO - Setting next_dagrun for example_external_task_marker_child to None, run_after=None
[2024-04-14T17:47:00.757-0400] {logging_mixin.py:188} INFO - [2024-04-14T17:47:00.757-0400] {dag.py:3954} INFO - Setting next_dagrun for example_external_task_marker_parent to None, run_after=None
[2024-04-14T17:47:00.762-0400] {processor.py:183} INFO - Processing /Users/manideepakreddyaila/Desktop/projects/Legal_Insights_Engine/.venv/lib/python3.11/site-packages/airflow/example_dags/example_external_task_marker_dag.py took 0.082 seconds
[2024-04-14T17:49:01.478-0400] {processor.py:161} INFO - Started process (PID=36374) to work on /Users/manideepakreddyaila/Desktop/projects/Legal_Insights_Engine/.venv/lib/python3.11/site-packages/airflow/example_dags/example_external_task_marker_dag.py
[2024-04-14T17:49:01.479-0400] {processor.py:830} INFO - Processing file /Users/manideepakreddyaila/Desktop/projects/Legal_Insights_Engine/.venv/lib/python3.11/site-packages/airflow/example_dags/example_external_task_marker_dag.py for tasks to queue
[2024-04-14T17:49:01.479-0400] {logging_mixin.py:188} INFO - [2024-04-14T17:49:01.479-0400] {dagbag.py:540} INFO - Filling up the DagBag from /Users/manideepakreddyaila/Desktop/projects/Legal_Insights_Engine/.venv/lib/python3.11/site-packages/airflow/example_dags/example_external_task_marker_dag.py
[2024-04-14T17:49:01.511-0400] {processor.py:840} INFO - DAG(s) 'example_external_task_marker_parent', 'example_external_task_marker_child' retrieved from /Users/manideepakreddyaila/Desktop/projects/Legal_Insights_Engine/.venv/lib/python3.11/site-packages/airflow/example_dags/example_external_task_marker_dag.py
[2024-04-14T17:49:01.551-0400] {logging_mixin.py:188} INFO - [2024-04-14T17:49:01.551-0400] {dag.py:3096} INFO - Sync 2 DAGs
[2024-04-14T17:49:01.554-0400] {logging_mixin.py:188} INFO - [2024-04-14T17:49:01.554-0400] {dag.py:3954} INFO - Setting next_dagrun for example_external_task_marker_child to None, run_after=None
[2024-04-14T17:49:01.555-0400] {logging_mixin.py:188} INFO - [2024-04-14T17:49:01.555-0400] {dag.py:3954} INFO - Setting next_dagrun for example_external_task_marker_parent to None, run_after=None
[2024-04-14T17:49:01.562-0400] {processor.py:183} INFO - Processing /Users/manideepakreddyaila/Desktop/projects/Legal_Insights_Engine/.venv/lib/python3.11/site-packages/airflow/example_dags/example_external_task_marker_dag.py took 0.085 seconds
[2024-04-14T17:50:57.180-0400] {processor.py:161} INFO - Started process (PID=36477) to work on /Users/manideepakreddyaila/Desktop/projects/Legal_Insights_Engine/.venv/lib/python3.11/site-packages/airflow/example_dags/example_external_task_marker_dag.py
[2024-04-14T17:50:57.181-0400] {processor.py:830} INFO - Processing file /Users/manideepakreddyaila/Desktop/projects/Legal_Insights_Engine/.venv/lib/python3.11/site-packages/airflow/example_dags/example_external_task_marker_dag.py for tasks to queue
[2024-04-14T17:50:57.181-0400] {logging_mixin.py:188} INFO - [2024-04-14T17:50:57.181-0400] {dagbag.py:540} INFO - Filling up the DagBag from /Users/manideepakreddyaila/Desktop/projects/Legal_Insights_Engine/.venv/lib/python3.11/site-packages/airflow/example_dags/example_external_task_marker_dag.py
[2024-04-14T17:50:57.213-0400] {processor.py:840} INFO - DAG(s) 'example_external_task_marker_parent', 'example_external_task_marker_child' retrieved from /Users/manideepakreddyaila/Desktop/projects/Legal_Insights_Engine/.venv/lib/python3.11/site-packages/airflow/example_dags/example_external_task_marker_dag.py
[2024-04-14T17:50:57.254-0400] {logging_mixin.py:188} INFO - [2024-04-14T17:50:57.253-0400] {dag.py:3096} INFO - Sync 2 DAGs
[2024-04-14T17:50:57.257-0400] {logging_mixin.py:188} INFO - [2024-04-14T17:50:57.257-0400] {dag.py:3954} INFO - Setting next_dagrun for example_external_task_marker_child to None, run_after=None
[2024-04-14T17:50:57.258-0400] {logging_mixin.py:188} INFO - [2024-04-14T17:50:57.258-0400] {dag.py:3954} INFO - Setting next_dagrun for example_external_task_marker_parent to None, run_after=None
[2024-04-14T17:50:57.264-0400] {processor.py:183} INFO - Processing /Users/manideepakreddyaila/Desktop/projects/Legal_Insights_Engine/.venv/lib/python3.11/site-packages/airflow/example_dags/example_external_task_marker_dag.py took 0.084 seconds
[2024-04-14T17:52:52.586-0400] {processor.py:161} INFO - Started process (PID=36558) to work on /Users/manideepakreddyaila/Desktop/projects/Legal_Insights_Engine/.venv/lib/python3.11/site-packages/airflow/example_dags/example_external_task_marker_dag.py
[2024-04-14T17:52:52.587-0400] {processor.py:830} INFO - Processing file /Users/manideepakreddyaila/Desktop/projects/Legal_Insights_Engine/.venv/lib/python3.11/site-packages/airflow/example_dags/example_external_task_marker_dag.py for tasks to queue
[2024-04-14T17:52:52.587-0400] {logging_mixin.py:188} INFO - [2024-04-14T17:52:52.587-0400] {dagbag.py:540} INFO - Filling up the DagBag from /Users/manideepakreddyaila/Desktop/projects/Legal_Insights_Engine/.venv/lib/python3.11/site-packages/airflow/example_dags/example_external_task_marker_dag.py
[2024-04-14T17:52:52.617-0400] {processor.py:840} INFO - DAG(s) 'example_external_task_marker_parent', 'example_external_task_marker_child' retrieved from /Users/manideepakreddyaila/Desktop/projects/Legal_Insights_Engine/.venv/lib/python3.11/site-packages/airflow/example_dags/example_external_task_marker_dag.py
[2024-04-14T17:52:52.656-0400] {logging_mixin.py:188} INFO - [2024-04-14T17:52:52.656-0400] {dag.py:3096} INFO - Sync 2 DAGs
[2024-04-14T17:52:52.659-0400] {logging_mixin.py:188} INFO - [2024-04-14T17:52:52.659-0400] {dag.py:3954} INFO - Setting next_dagrun for example_external_task_marker_child to None, run_after=None
[2024-04-14T17:52:52.660-0400] {logging_mixin.py:188} INFO - [2024-04-14T17:52:52.660-0400] {dag.py:3954} INFO - Setting next_dagrun for example_external_task_marker_parent to None, run_after=None
[2024-04-14T17:52:52.666-0400] {processor.py:183} INFO - Processing /Users/manideepakreddyaila/Desktop/projects/Legal_Insights_Engine/.venv/lib/python3.11/site-packages/airflow/example_dags/example_external_task_marker_dag.py took 0.081 seconds
[2024-04-14T17:54:47.281-0400] {processor.py:161} INFO - Started process (PID=36662) to work on /Users/manideepakreddyaila/Desktop/projects/Legal_Insights_Engine/.venv/lib/python3.11/site-packages/airflow/example_dags/example_external_task_marker_dag.py
[2024-04-14T17:54:47.282-0400] {processor.py:830} INFO - Processing file /Users/manideepakreddyaila/Desktop/projects/Legal_Insights_Engine/.venv/lib/python3.11/site-packages/airflow/example_dags/example_external_task_marker_dag.py for tasks to queue
[2024-04-14T17:54:47.282-0400] {logging_mixin.py:188} INFO - [2024-04-14T17:54:47.282-0400] {dagbag.py:540} INFO - Filling up the DagBag from /Users/manideepakreddyaila/Desktop/projects/Legal_Insights_Engine/.venv/lib/python3.11/site-packages/airflow/example_dags/example_external_task_marker_dag.py
[2024-04-14T17:54:47.312-0400] {processor.py:840} INFO - DAG(s) 'example_external_task_marker_parent', 'example_external_task_marker_child' retrieved from /Users/manideepakreddyaila/Desktop/projects/Legal_Insights_Engine/.venv/lib/python3.11/site-packages/airflow/example_dags/example_external_task_marker_dag.py
[2024-04-14T17:54:47.360-0400] {logging_mixin.py:188} INFO - [2024-04-14T17:54:47.360-0400] {dag.py:3096} INFO - Sync 2 DAGs
[2024-04-14T17:54:47.364-0400] {logging_mixin.py:188} INFO - [2024-04-14T17:54:47.363-0400] {dag.py:3954} INFO - Setting next_dagrun for example_external_task_marker_child to None, run_after=None
[2024-04-14T17:54:47.365-0400] {logging_mixin.py:188} INFO - [2024-04-14T17:54:47.365-0400] {dag.py:3954} INFO - Setting next_dagrun for example_external_task_marker_parent to None, run_after=None
[2024-04-14T17:54:47.370-0400] {processor.py:183} INFO - Processing /Users/manideepakreddyaila/Desktop/projects/Legal_Insights_Engine/.venv/lib/python3.11/site-packages/airflow/example_dags/example_external_task_marker_dag.py took 0.090 seconds
[2024-04-14T17:56:40.501-0400] {processor.py:161} INFO - Started process (PID=36800) to work on /Users/manideepakreddyaila/Desktop/projects/Legal_Insights_Engine/.venv/lib/python3.11/site-packages/airflow/example_dags/example_external_task_marker_dag.py
[2024-04-14T17:56:40.502-0400] {processor.py:830} INFO - Processing file /Users/manideepakreddyaila/Desktop/projects/Legal_Insights_Engine/.venv/lib/python3.11/site-packages/airflow/example_dags/example_external_task_marker_dag.py for tasks to queue
[2024-04-14T17:56:40.502-0400] {logging_mixin.py:188} INFO - [2024-04-14T17:56:40.502-0400] {dagbag.py:540} INFO - Filling up the DagBag from /Users/manideepakreddyaila/Desktop/projects/Legal_Insights_Engine/.venv/lib/python3.11/site-packages/airflow/example_dags/example_external_task_marker_dag.py
[2024-04-14T17:56:40.532-0400] {processor.py:840} INFO - DAG(s) 'example_external_task_marker_child', 'example_external_task_marker_parent' retrieved from /Users/manideepakreddyaila/Desktop/projects/Legal_Insights_Engine/.venv/lib/python3.11/site-packages/airflow/example_dags/example_external_task_marker_dag.py
[2024-04-14T17:56:40.572-0400] {logging_mixin.py:188} INFO - [2024-04-14T17:56:40.572-0400] {dag.py:3096} INFO - Sync 2 DAGs
[2024-04-14T17:56:40.575-0400] {logging_mixin.py:188} INFO - [2024-04-14T17:56:40.575-0400] {dag.py:3954} INFO - Setting next_dagrun for example_external_task_marker_child to None, run_after=None
[2024-04-14T17:56:40.576-0400] {logging_mixin.py:188} INFO - [2024-04-14T17:56:40.576-0400] {dag.py:3954} INFO - Setting next_dagrun for example_external_task_marker_parent to None, run_after=None
[2024-04-14T17:56:40.581-0400] {processor.py:183} INFO - Processing /Users/manideepakreddyaila/Desktop/projects/Legal_Insights_Engine/.venv/lib/python3.11/site-packages/airflow/example_dags/example_external_task_marker_dag.py took 0.081 seconds
[2024-04-14T17:58:39.450-0400] {processor.py:161} INFO - Started process (PID=36897) to work on /Users/manideepakreddyaila/Desktop/projects/Legal_Insights_Engine/.venv/lib/python3.11/site-packages/airflow/example_dags/example_external_task_marker_dag.py
[2024-04-14T17:58:39.451-0400] {processor.py:830} INFO - Processing file /Users/manideepakreddyaila/Desktop/projects/Legal_Insights_Engine/.venv/lib/python3.11/site-packages/airflow/example_dags/example_external_task_marker_dag.py for tasks to queue
[2024-04-14T17:58:39.451-0400] {logging_mixin.py:188} INFO - [2024-04-14T17:58:39.451-0400] {dagbag.py:540} INFO - Filling up the DagBag from /Users/manideepakreddyaila/Desktop/projects/Legal_Insights_Engine/.venv/lib/python3.11/site-packages/airflow/example_dags/example_external_task_marker_dag.py
[2024-04-14T17:58:39.482-0400] {processor.py:840} INFO - DAG(s) 'example_external_task_marker_child', 'example_external_task_marker_parent' retrieved from /Users/manideepakreddyaila/Desktop/projects/Legal_Insights_Engine/.venv/lib/python3.11/site-packages/airflow/example_dags/example_external_task_marker_dag.py
[2024-04-14T17:58:39.521-0400] {logging_mixin.py:188} INFO - [2024-04-14T17:58:39.521-0400] {dag.py:3096} INFO - Sync 2 DAGs
[2024-04-14T17:58:39.524-0400] {logging_mixin.py:188} INFO - [2024-04-14T17:58:39.524-0400] {dag.py:3954} INFO - Setting next_dagrun for example_external_task_marker_child to None, run_after=None
[2024-04-14T17:58:39.525-0400] {logging_mixin.py:188} INFO - [2024-04-14T17:58:39.525-0400] {dag.py:3954} INFO - Setting next_dagrun for example_external_task_marker_parent to None, run_after=None
[2024-04-14T17:58:39.531-0400] {processor.py:183} INFO - Processing /Users/manideepakreddyaila/Desktop/projects/Legal_Insights_Engine/.venv/lib/python3.11/site-packages/airflow/example_dags/example_external_task_marker_dag.py took 0.082 seconds
[2024-04-14T18:00:33.075-0400] {processor.py:161} INFO - Started process (PID=36996) to work on /Users/manideepakreddyaila/Desktop/projects/Legal_Insights_Engine/.venv/lib/python3.11/site-packages/airflow/example_dags/example_external_task_marker_dag.py
[2024-04-14T18:00:33.076-0400] {processor.py:830} INFO - Processing file /Users/manideepakreddyaila/Desktop/projects/Legal_Insights_Engine/.venv/lib/python3.11/site-packages/airflow/example_dags/example_external_task_marker_dag.py for tasks to queue
[2024-04-14T18:00:33.076-0400] {logging_mixin.py:188} INFO - [2024-04-14T18:00:33.076-0400] {dagbag.py:540} INFO - Filling up the DagBag from /Users/manideepakreddyaila/Desktop/projects/Legal_Insights_Engine/.venv/lib/python3.11/site-packages/airflow/example_dags/example_external_task_marker_dag.py
[2024-04-14T18:00:33.107-0400] {processor.py:840} INFO - DAG(s) 'example_external_task_marker_parent', 'example_external_task_marker_child' retrieved from /Users/manideepakreddyaila/Desktop/projects/Legal_Insights_Engine/.venv/lib/python3.11/site-packages/airflow/example_dags/example_external_task_marker_dag.py
[2024-04-14T18:00:33.148-0400] {logging_mixin.py:188} INFO - [2024-04-14T18:00:33.147-0400] {dag.py:3096} INFO - Sync 2 DAGs
[2024-04-14T18:00:33.151-0400] {logging_mixin.py:188} INFO - [2024-04-14T18:00:33.151-0400] {dag.py:3954} INFO - Setting next_dagrun for example_external_task_marker_child to None, run_after=None
[2024-04-14T18:00:33.152-0400] {logging_mixin.py:188} INFO - [2024-04-14T18:00:33.152-0400] {dag.py:3954} INFO - Setting next_dagrun for example_external_task_marker_parent to None, run_after=None
[2024-04-14T18:00:33.158-0400] {processor.py:183} INFO - Processing /Users/manideepakreddyaila/Desktop/projects/Legal_Insights_Engine/.venv/lib/python3.11/site-packages/airflow/example_dags/example_external_task_marker_dag.py took 0.084 seconds
[2024-04-14T18:02:36.027-0400] {processor.py:161} INFO - Started process (PID=37101) to work on /Users/manideepakreddyaila/Desktop/projects/Legal_Insights_Engine/.venv/lib/python3.11/site-packages/airflow/example_dags/example_external_task_marker_dag.py
[2024-04-14T18:02:36.028-0400] {processor.py:830} INFO - Processing file /Users/manideepakreddyaila/Desktop/projects/Legal_Insights_Engine/.venv/lib/python3.11/site-packages/airflow/example_dags/example_external_task_marker_dag.py for tasks to queue
[2024-04-14T18:02:36.028-0400] {logging_mixin.py:188} INFO - [2024-04-14T18:02:36.028-0400] {dagbag.py:540} INFO - Filling up the DagBag from /Users/manideepakreddyaila/Desktop/projects/Legal_Insights_Engine/.venv/lib/python3.11/site-packages/airflow/example_dags/example_external_task_marker_dag.py
[2024-04-14T18:02:36.066-0400] {processor.py:840} INFO - DAG(s) 'example_external_task_marker_parent', 'example_external_task_marker_child' retrieved from /Users/manideepakreddyaila/Desktop/projects/Legal_Insights_Engine/.venv/lib/python3.11/site-packages/airflow/example_dags/example_external_task_marker_dag.py
[2024-04-14T18:02:36.107-0400] {logging_mixin.py:188} INFO - [2024-04-14T18:02:36.107-0400] {dag.py:3096} INFO - Sync 2 DAGs
[2024-04-14T18:02:36.110-0400] {logging_mixin.py:188} INFO - [2024-04-14T18:02:36.110-0400] {dag.py:3954} INFO - Setting next_dagrun for example_external_task_marker_child to None, run_after=None
[2024-04-14T18:02:36.111-0400] {logging_mixin.py:188} INFO - [2024-04-14T18:02:36.111-0400] {dag.py:3954} INFO - Setting next_dagrun for example_external_task_marker_parent to None, run_after=None
[2024-04-14T18:02:36.117-0400] {processor.py:183} INFO - Processing /Users/manideepakreddyaila/Desktop/projects/Legal_Insights_Engine/.venv/lib/python3.11/site-packages/airflow/example_dags/example_external_task_marker_dag.py took 0.091 seconds
[2024-04-14T18:04:32.000-0400] {processor.py:161} INFO - Started process (PID=37184) to work on /Users/manideepakreddyaila/Desktop/projects/Legal_Insights_Engine/.venv/lib/python3.11/site-packages/airflow/example_dags/example_external_task_marker_dag.py
[2024-04-14T18:04:32.001-0400] {processor.py:830} INFO - Processing file /Users/manideepakreddyaila/Desktop/projects/Legal_Insights_Engine/.venv/lib/python3.11/site-packages/airflow/example_dags/example_external_task_marker_dag.py for tasks to queue
[2024-04-14T18:04:32.002-0400] {logging_mixin.py:188} INFO - [2024-04-14T18:04:32.002-0400] {dagbag.py:540} INFO - Filling up the DagBag from /Users/manideepakreddyaila/Desktop/projects/Legal_Insights_Engine/.venv/lib/python3.11/site-packages/airflow/example_dags/example_external_task_marker_dag.py
[2024-04-14T18:04:32.032-0400] {processor.py:840} INFO - DAG(s) 'example_external_task_marker_child', 'example_external_task_marker_parent' retrieved from /Users/manideepakreddyaila/Desktop/projects/Legal_Insights_Engine/.venv/lib/python3.11/site-packages/airflow/example_dags/example_external_task_marker_dag.py
[2024-04-14T18:04:32.076-0400] {logging_mixin.py:188} INFO - [2024-04-14T18:04:32.076-0400] {dag.py:3096} INFO - Sync 2 DAGs
[2024-04-14T18:04:32.080-0400] {logging_mixin.py:188} INFO - [2024-04-14T18:04:32.080-0400] {dag.py:3954} INFO - Setting next_dagrun for example_external_task_marker_child to None, run_after=None
[2024-04-14T18:04:32.081-0400] {logging_mixin.py:188} INFO - [2024-04-14T18:04:32.081-0400] {dag.py:3954} INFO - Setting next_dagrun for example_external_task_marker_parent to None, run_after=None
[2024-04-14T18:04:32.086-0400] {processor.py:183} INFO - Processing /Users/manideepakreddyaila/Desktop/projects/Legal_Insights_Engine/.venv/lib/python3.11/site-packages/airflow/example_dags/example_external_task_marker_dag.py took 0.087 seconds
[2024-04-14T18:06:30.392-0400] {processor.py:161} INFO - Started process (PID=37279) to work on /Users/manideepakreddyaila/Desktop/projects/Legal_Insights_Engine/.venv/lib/python3.11/site-packages/airflow/example_dags/example_external_task_marker_dag.py
[2024-04-14T18:06:30.393-0400] {processor.py:830} INFO - Processing file /Users/manideepakreddyaila/Desktop/projects/Legal_Insights_Engine/.venv/lib/python3.11/site-packages/airflow/example_dags/example_external_task_marker_dag.py for tasks to queue
[2024-04-14T18:06:30.393-0400] {logging_mixin.py:188} INFO - [2024-04-14T18:06:30.393-0400] {dagbag.py:540} INFO - Filling up the DagBag from /Users/manideepakreddyaila/Desktop/projects/Legal_Insights_Engine/.venv/lib/python3.11/site-packages/airflow/example_dags/example_external_task_marker_dag.py
[2024-04-14T18:06:30.424-0400] {processor.py:840} INFO - DAG(s) 'example_external_task_marker_child', 'example_external_task_marker_parent' retrieved from /Users/manideepakreddyaila/Desktop/projects/Legal_Insights_Engine/.venv/lib/python3.11/site-packages/airflow/example_dags/example_external_task_marker_dag.py
[2024-04-14T18:06:30.467-0400] {logging_mixin.py:188} INFO - [2024-04-14T18:06:30.467-0400] {dag.py:3096} INFO - Sync 2 DAGs
[2024-04-14T18:06:30.471-0400] {logging_mixin.py:188} INFO - [2024-04-14T18:06:30.471-0400] {dag.py:3954} INFO - Setting next_dagrun for example_external_task_marker_child to None, run_after=None
[2024-04-14T18:06:30.472-0400] {logging_mixin.py:188} INFO - [2024-04-14T18:06:30.472-0400] {dag.py:3954} INFO - Setting next_dagrun for example_external_task_marker_parent to None, run_after=None
[2024-04-14T18:06:30.478-0400] {processor.py:183} INFO - Processing /Users/manideepakreddyaila/Desktop/projects/Legal_Insights_Engine/.venv/lib/python3.11/site-packages/airflow/example_dags/example_external_task_marker_dag.py took 0.087 seconds
[2024-04-14T18:08:28.622-0400] {processor.py:161} INFO - Started process (PID=37384) to work on /Users/manideepakreddyaila/Desktop/projects/Legal_Insights_Engine/.venv/lib/python3.11/site-packages/airflow/example_dags/example_external_task_marker_dag.py
[2024-04-14T18:08:28.623-0400] {processor.py:830} INFO - Processing file /Users/manideepakreddyaila/Desktop/projects/Legal_Insights_Engine/.venv/lib/python3.11/site-packages/airflow/example_dags/example_external_task_marker_dag.py for tasks to queue
[2024-04-14T18:08:28.623-0400] {logging_mixin.py:188} INFO - [2024-04-14T18:08:28.623-0400] {dagbag.py:540} INFO - Filling up the DagBag from /Users/manideepakreddyaila/Desktop/projects/Legal_Insights_Engine/.venv/lib/python3.11/site-packages/airflow/example_dags/example_external_task_marker_dag.py
[2024-04-14T18:08:28.654-0400] {processor.py:840} INFO - DAG(s) 'example_external_task_marker_child', 'example_external_task_marker_parent' retrieved from /Users/manideepakreddyaila/Desktop/projects/Legal_Insights_Engine/.venv/lib/python3.11/site-packages/airflow/example_dags/example_external_task_marker_dag.py
[2024-04-14T18:08:28.693-0400] {logging_mixin.py:188} INFO - [2024-04-14T18:08:28.693-0400] {dag.py:3096} INFO - Sync 2 DAGs
[2024-04-14T18:08:28.697-0400] {logging_mixin.py:188} INFO - [2024-04-14T18:08:28.696-0400] {dag.py:3954} INFO - Setting next_dagrun for example_external_task_marker_child to None, run_after=None
[2024-04-14T18:08:28.698-0400] {logging_mixin.py:188} INFO - [2024-04-14T18:08:28.697-0400] {dag.py:3954} INFO - Setting next_dagrun for example_external_task_marker_parent to None, run_after=None
[2024-04-14T18:08:28.703-0400] {processor.py:183} INFO - Processing /Users/manideepakreddyaila/Desktop/projects/Legal_Insights_Engine/.venv/lib/python3.11/site-packages/airflow/example_dags/example_external_task_marker_dag.py took 0.082 seconds
[2024-04-14T18:10:19.858-0400] {processor.py:161} INFO - Started process (PID=37483) to work on /Users/manideepakreddyaila/Desktop/projects/Legal_Insights_Engine/.venv/lib/python3.11/site-packages/airflow/example_dags/example_external_task_marker_dag.py
[2024-04-14T18:10:19.858-0400] {processor.py:830} INFO - Processing file /Users/manideepakreddyaila/Desktop/projects/Legal_Insights_Engine/.venv/lib/python3.11/site-packages/airflow/example_dags/example_external_task_marker_dag.py for tasks to queue
[2024-04-14T18:10:19.858-0400] {logging_mixin.py:188} INFO - [2024-04-14T18:10:19.858-0400] {dagbag.py:540} INFO - Filling up the DagBag from /Users/manideepakreddyaila/Desktop/projects/Legal_Insights_Engine/.venv/lib/python3.11/site-packages/airflow/example_dags/example_external_task_marker_dag.py
[2024-04-14T18:10:19.889-0400] {processor.py:840} INFO - DAG(s) 'example_external_task_marker_parent', 'example_external_task_marker_child' retrieved from /Users/manideepakreddyaila/Desktop/projects/Legal_Insights_Engine/.venv/lib/python3.11/site-packages/airflow/example_dags/example_external_task_marker_dag.py
[2024-04-14T18:10:19.929-0400] {logging_mixin.py:188} INFO - [2024-04-14T18:10:19.929-0400] {dag.py:3096} INFO - Sync 2 DAGs
[2024-04-14T18:10:19.932-0400] {logging_mixin.py:188} INFO - [2024-04-14T18:10:19.932-0400] {dag.py:3954} INFO - Setting next_dagrun for example_external_task_marker_child to None, run_after=None
[2024-04-14T18:10:19.933-0400] {logging_mixin.py:188} INFO - [2024-04-14T18:10:19.933-0400] {dag.py:3954} INFO - Setting next_dagrun for example_external_task_marker_parent to None, run_after=None
[2024-04-14T18:10:19.939-0400] {processor.py:183} INFO - Processing /Users/manideepakreddyaila/Desktop/projects/Legal_Insights_Engine/.venv/lib/python3.11/site-packages/airflow/example_dags/example_external_task_marker_dag.py took 0.082 seconds
[2024-04-14T18:12:17.692-0400] {processor.py:161} INFO - Started process (PID=37595) to work on /Users/manideepakreddyaila/Desktop/projects/Legal_Insights_Engine/.venv/lib/python3.11/site-packages/airflow/example_dags/example_external_task_marker_dag.py
[2024-04-14T18:12:17.692-0400] {processor.py:830} INFO - Processing file /Users/manideepakreddyaila/Desktop/projects/Legal_Insights_Engine/.venv/lib/python3.11/site-packages/airflow/example_dags/example_external_task_marker_dag.py for tasks to queue
[2024-04-14T18:12:17.693-0400] {logging_mixin.py:188} INFO - [2024-04-14T18:12:17.693-0400] {dagbag.py:540} INFO - Filling up the DagBag from /Users/manideepakreddyaila/Desktop/projects/Legal_Insights_Engine/.venv/lib/python3.11/site-packages/airflow/example_dags/example_external_task_marker_dag.py
[2024-04-14T18:12:17.725-0400] {processor.py:840} INFO - DAG(s) 'example_external_task_marker_parent', 'example_external_task_marker_child' retrieved from /Users/manideepakreddyaila/Desktop/projects/Legal_Insights_Engine/.venv/lib/python3.11/site-packages/airflow/example_dags/example_external_task_marker_dag.py
[2024-04-14T18:12:17.764-0400] {logging_mixin.py:188} INFO - [2024-04-14T18:12:17.764-0400] {dag.py:3096} INFO - Sync 2 DAGs
[2024-04-14T18:12:17.767-0400] {logging_mixin.py:188} INFO - [2024-04-14T18:12:17.767-0400] {dag.py:3954} INFO - Setting next_dagrun for example_external_task_marker_child to None, run_after=None
[2024-04-14T18:12:17.768-0400] {logging_mixin.py:188} INFO - [2024-04-14T18:12:17.768-0400] {dag.py:3954} INFO - Setting next_dagrun for example_external_task_marker_parent to None, run_after=None
[2024-04-14T18:12:17.774-0400] {processor.py:183} INFO - Processing /Users/manideepakreddyaila/Desktop/projects/Legal_Insights_Engine/.venv/lib/python3.11/site-packages/airflow/example_dags/example_external_task_marker_dag.py took 0.083 seconds
[2024-04-14T18:14:17.580-0400] {processor.py:161} INFO - Started process (PID=37694) to work on /Users/manideepakreddyaila/Desktop/projects/Legal_Insights_Engine/.venv/lib/python3.11/site-packages/airflow/example_dags/example_external_task_marker_dag.py
[2024-04-14T18:14:17.581-0400] {processor.py:830} INFO - Processing file /Users/manideepakreddyaila/Desktop/projects/Legal_Insights_Engine/.venv/lib/python3.11/site-packages/airflow/example_dags/example_external_task_marker_dag.py for tasks to queue
[2024-04-14T18:14:17.581-0400] {logging_mixin.py:188} INFO - [2024-04-14T18:14:17.581-0400] {dagbag.py:540} INFO - Filling up the DagBag from /Users/manideepakreddyaila/Desktop/projects/Legal_Insights_Engine/.venv/lib/python3.11/site-packages/airflow/example_dags/example_external_task_marker_dag.py
[2024-04-14T18:14:17.611-0400] {processor.py:840} INFO - DAG(s) 'example_external_task_marker_parent', 'example_external_task_marker_child' retrieved from /Users/manideepakreddyaila/Desktop/projects/Legal_Insights_Engine/.venv/lib/python3.11/site-packages/airflow/example_dags/example_external_task_marker_dag.py
[2024-04-14T18:14:17.651-0400] {logging_mixin.py:188} INFO - [2024-04-14T18:14:17.651-0400] {dag.py:3096} INFO - Sync 2 DAGs
[2024-04-14T18:14:17.654-0400] {logging_mixin.py:188} INFO - [2024-04-14T18:14:17.654-0400] {dag.py:3954} INFO - Setting next_dagrun for example_external_task_marker_child to None, run_after=None
[2024-04-14T18:14:17.655-0400] {logging_mixin.py:188} INFO - [2024-04-14T18:14:17.655-0400] {dag.py:3954} INFO - Setting next_dagrun for example_external_task_marker_parent to None, run_after=None
[2024-04-14T18:14:17.661-0400] {processor.py:183} INFO - Processing /Users/manideepakreddyaila/Desktop/projects/Legal_Insights_Engine/.venv/lib/python3.11/site-packages/airflow/example_dags/example_external_task_marker_dag.py took 0.082 seconds
[2024-04-14T18:16:15.687-0400] {processor.py:161} INFO - Started process (PID=37796) to work on /Users/manideepakreddyaila/Desktop/projects/Legal_Insights_Engine/.venv/lib/python3.11/site-packages/airflow/example_dags/example_external_task_marker_dag.py
[2024-04-14T18:16:15.687-0400] {processor.py:830} INFO - Processing file /Users/manideepakreddyaila/Desktop/projects/Legal_Insights_Engine/.venv/lib/python3.11/site-packages/airflow/example_dags/example_external_task_marker_dag.py for tasks to queue
[2024-04-14T18:16:15.687-0400] {logging_mixin.py:188} INFO - [2024-04-14T18:16:15.687-0400] {dagbag.py:540} INFO - Filling up the DagBag from /Users/manideepakreddyaila/Desktop/projects/Legal_Insights_Engine/.venv/lib/python3.11/site-packages/airflow/example_dags/example_external_task_marker_dag.py
[2024-04-14T18:16:15.717-0400] {processor.py:840} INFO - DAG(s) 'example_external_task_marker_parent', 'example_external_task_marker_child' retrieved from /Users/manideepakreddyaila/Desktop/projects/Legal_Insights_Engine/.venv/lib/python3.11/site-packages/airflow/example_dags/example_external_task_marker_dag.py
[2024-04-14T18:16:15.757-0400] {logging_mixin.py:188} INFO - [2024-04-14T18:16:15.757-0400] {dag.py:3096} INFO - Sync 2 DAGs
[2024-04-14T18:16:15.760-0400] {logging_mixin.py:188} INFO - [2024-04-14T18:16:15.760-0400] {dag.py:3954} INFO - Setting next_dagrun for example_external_task_marker_child to None, run_after=None
[2024-04-14T18:16:15.762-0400] {logging_mixin.py:188} INFO - [2024-04-14T18:16:15.761-0400] {dag.py:3954} INFO - Setting next_dagrun for example_external_task_marker_parent to None, run_after=None
[2024-04-14T18:16:15.768-0400] {processor.py:183} INFO - Processing /Users/manideepakreddyaila/Desktop/projects/Legal_Insights_Engine/.venv/lib/python3.11/site-packages/airflow/example_dags/example_external_task_marker_dag.py took 0.082 seconds
