[2024-04-13T20:07:22.982-0400] {processor.py:161} INFO - Started process (PID=31683) to work on /Users/manideepakreddyaila/Desktop/projects/Legal_Insights_Engine/.venv/lib/python3.11/site-packages/airflow/example_dags/example_complex.py
[2024-04-13T20:07:22.982-0400] {processor.py:830} INFO - Processing file /Users/manideepakreddyaila/Desktop/projects/Legal_Insights_Engine/.venv/lib/python3.11/site-packages/airflow/example_dags/example_complex.py for tasks to queue
[2024-04-13T20:07:22.983-0400] {logging_mixin.py:188} INFO - [2024-04-13T20:07:22.983-0400] {dagbag.py:540} INFO - Filling up the DagBag from /Users/manideepakreddyaila/Desktop/projects/Legal_Insights_Engine/.venv/lib/python3.11/site-packages/airflow/example_dags/example_complex.py
[2024-04-13T20:07:23.013-0400] {processor.py:840} INFO - DAG(s) 'example_complex' retrieved from /Users/manideepakreddyaila/Desktop/projects/Legal_Insights_Engine/.venv/lib/python3.11/site-packages/airflow/example_dags/example_complex.py
[2024-04-13T20:07:23.052-0400] {logging_mixin.py:188} INFO - [2024-04-13T20:07:23.052-0400] {dag.py:3096} INFO - Sync 1 DAGs
[2024-04-13T20:07:23.055-0400] {logging_mixin.py:188} INFO - [2024-04-13T20:07:23.055-0400] {dag.py:3954} INFO - Setting next_dagrun for example_complex to None, run_after=None
[2024-04-13T20:07:23.061-0400] {processor.py:183} INFO - Processing /Users/manideepakreddyaila/Desktop/projects/Legal_Insights_Engine/.venv/lib/python3.11/site-packages/airflow/example_dags/example_complex.py took 0.081 seconds
[2024-04-13T22:59:14.142-0400] {processor.py:161} INFO - Started process (PID=31923) to work on /Users/manideepakreddyaila/Desktop/projects/Legal_Insights_Engine/.venv/lib/python3.11/site-packages/airflow/example_dags/example_complex.py
[2024-04-13T22:59:14.144-0400] {processor.py:830} INFO - Processing file /Users/manideepakreddyaila/Desktop/projects/Legal_Insights_Engine/.venv/lib/python3.11/site-packages/airflow/example_dags/example_complex.py for tasks to queue
[2024-04-13T22:59:14.144-0400] {logging_mixin.py:188} INFO - [2024-04-13T22:59:14.144-0400] {dagbag.py:540} INFO - Filling up the DagBag from /Users/manideepakreddyaila/Desktop/projects/Legal_Insights_Engine/.venv/lib/python3.11/site-packages/airflow/example_dags/example_complex.py
[2024-04-13T22:59:14.174-0400] {processor.py:840} INFO - DAG(s) 'example_complex' retrieved from /Users/manideepakreddyaila/Desktop/projects/Legal_Insights_Engine/.venv/lib/python3.11/site-packages/airflow/example_dags/example_complex.py
[2024-04-13T22:59:14.213-0400] {logging_mixin.py:188} INFO - [2024-04-13T22:59:14.213-0400] {dag.py:3096} INFO - Sync 1 DAGs
[2024-04-13T22:59:14.216-0400] {logging_mixin.py:188} INFO - [2024-04-13T22:59:14.216-0400] {dag.py:3954} INFO - Setting next_dagrun for example_complex to None, run_after=None
[2024-04-13T22:59:14.222-0400] {processor.py:183} INFO - Processing /Users/manideepakreddyaila/Desktop/projects/Legal_Insights_Engine/.venv/lib/python3.11/site-packages/airflow/example_dags/example_complex.py took 0.080 seconds
[2024-04-14T01:46:38.484-0400] {processor.py:161} INFO - Started process (PID=32126) to work on /Users/manideepakreddyaila/Desktop/projects/Legal_Insights_Engine/.venv/lib/python3.11/site-packages/airflow/example_dags/example_complex.py
[2024-04-14T01:46:38.485-0400] {processor.py:830} INFO - Processing file /Users/manideepakreddyaila/Desktop/projects/Legal_Insights_Engine/.venv/lib/python3.11/site-packages/airflow/example_dags/example_complex.py for tasks to queue
[2024-04-14T01:46:38.485-0400] {logging_mixin.py:188} INFO - [2024-04-14T01:46:38.485-0400] {dagbag.py:540} INFO - Filling up the DagBag from /Users/manideepakreddyaila/Desktop/projects/Legal_Insights_Engine/.venv/lib/python3.11/site-packages/airflow/example_dags/example_complex.py
[2024-04-14T01:46:38.518-0400] {processor.py:840} INFO - DAG(s) 'example_complex' retrieved from /Users/manideepakreddyaila/Desktop/projects/Legal_Insights_Engine/.venv/lib/python3.11/site-packages/airflow/example_dags/example_complex.py
[2024-04-14T01:46:38.558-0400] {logging_mixin.py:188} INFO - [2024-04-14T01:46:38.557-0400] {dag.py:3096} INFO - Sync 1 DAGs
[2024-04-14T01:46:38.561-0400] {logging_mixin.py:188} INFO - [2024-04-14T01:46:38.561-0400] {dag.py:3954} INFO - Setting next_dagrun for example_complex to None, run_after=None
[2024-04-14T01:46:38.567-0400] {processor.py:183} INFO - Processing /Users/manideepakreddyaila/Desktop/projects/Legal_Insights_Engine/.venv/lib/python3.11/site-packages/airflow/example_dags/example_complex.py took 0.083 seconds
[2024-04-14T04:18:49.131-0400] {processor.py:161} INFO - Started process (PID=32399) to work on /Users/manideepakreddyaila/Desktop/projects/Legal_Insights_Engine/.venv/lib/python3.11/site-packages/airflow/example_dags/example_complex.py
[2024-04-14T04:18:49.132-0400] {processor.py:830} INFO - Processing file /Users/manideepakreddyaila/Desktop/projects/Legal_Insights_Engine/.venv/lib/python3.11/site-packages/airflow/example_dags/example_complex.py for tasks to queue
[2024-04-14T04:18:49.132-0400] {logging_mixin.py:188} INFO - [2024-04-14T04:18:49.132-0400] {dagbag.py:540} INFO - Filling up the DagBag from /Users/manideepakreddyaila/Desktop/projects/Legal_Insights_Engine/.venv/lib/python3.11/site-packages/airflow/example_dags/example_complex.py
[2024-04-14T04:18:49.162-0400] {processor.py:840} INFO - DAG(s) 'example_complex' retrieved from /Users/manideepakreddyaila/Desktop/projects/Legal_Insights_Engine/.venv/lib/python3.11/site-packages/airflow/example_dags/example_complex.py
[2024-04-14T04:18:49.202-0400] {logging_mixin.py:188} INFO - [2024-04-14T04:18:49.202-0400] {dag.py:3096} INFO - Sync 1 DAGs
[2024-04-14T04:18:49.205-0400] {logging_mixin.py:188} INFO - [2024-04-14T04:18:49.205-0400] {dag.py:3954} INFO - Setting next_dagrun for example_complex to None, run_after=None
[2024-04-14T04:18:49.211-0400] {processor.py:183} INFO - Processing /Users/manideepakreddyaila/Desktop/projects/Legal_Insights_Engine/.venv/lib/python3.11/site-packages/airflow/example_dags/example_complex.py took 0.081 seconds
[2024-04-14T07:09:43.556-0400] {processor.py:161} INFO - Started process (PID=32591) to work on /Users/manideepakreddyaila/Desktop/projects/Legal_Insights_Engine/.venv/lib/python3.11/site-packages/airflow/example_dags/example_complex.py
[2024-04-14T07:09:43.557-0400] {processor.py:830} INFO - Processing file /Users/manideepakreddyaila/Desktop/projects/Legal_Insights_Engine/.venv/lib/python3.11/site-packages/airflow/example_dags/example_complex.py for tasks to queue
[2024-04-14T07:09:43.557-0400] {logging_mixin.py:188} INFO - [2024-04-14T07:09:43.557-0400] {dagbag.py:540} INFO - Filling up the DagBag from /Users/manideepakreddyaila/Desktop/projects/Legal_Insights_Engine/.venv/lib/python3.11/site-packages/airflow/example_dags/example_complex.py
[2024-04-14T07:09:43.587-0400] {processor.py:840} INFO - DAG(s) 'example_complex' retrieved from /Users/manideepakreddyaila/Desktop/projects/Legal_Insights_Engine/.venv/lib/python3.11/site-packages/airflow/example_dags/example_complex.py
[2024-04-14T07:09:43.627-0400] {logging_mixin.py:188} INFO - [2024-04-14T07:09:43.627-0400] {dag.py:3096} INFO - Sync 1 DAGs
[2024-04-14T07:09:43.630-0400] {logging_mixin.py:188} INFO - [2024-04-14T07:09:43.630-0400] {dag.py:3954} INFO - Setting next_dagrun for example_complex to None, run_after=None
[2024-04-14T07:09:43.636-0400] {processor.py:183} INFO - Processing /Users/manideepakreddyaila/Desktop/projects/Legal_Insights_Engine/.venv/lib/python3.11/site-packages/airflow/example_dags/example_complex.py took 0.080 seconds
[2024-04-14T08:10:56.403-0400] {processor.py:161} INFO - Started process (PID=32747) to work on /Users/manideepakreddyaila/Desktop/projects/Legal_Insights_Engine/.venv/lib/python3.11/site-packages/airflow/example_dags/example_complex.py
[2024-04-14T08:10:56.404-0400] {processor.py:830} INFO - Processing file /Users/manideepakreddyaila/Desktop/projects/Legal_Insights_Engine/.venv/lib/python3.11/site-packages/airflow/example_dags/example_complex.py for tasks to queue
[2024-04-14T08:10:56.404-0400] {logging_mixin.py:188} INFO - [2024-04-14T08:10:56.404-0400] {dagbag.py:540} INFO - Filling up the DagBag from /Users/manideepakreddyaila/Desktop/projects/Legal_Insights_Engine/.venv/lib/python3.11/site-packages/airflow/example_dags/example_complex.py
[2024-04-14T08:10:56.436-0400] {processor.py:840} INFO - DAG(s) 'example_complex' retrieved from /Users/manideepakreddyaila/Desktop/projects/Legal_Insights_Engine/.venv/lib/python3.11/site-packages/airflow/example_dags/example_complex.py
[2024-04-14T08:10:56.476-0400] {logging_mixin.py:188} INFO - [2024-04-14T08:10:56.476-0400] {dag.py:3096} INFO - Sync 1 DAGs
[2024-04-14T08:10:56.480-0400] {logging_mixin.py:188} INFO - [2024-04-14T08:10:56.480-0400] {dag.py:3954} INFO - Setting next_dagrun for example_complex to None, run_after=None
[2024-04-14T08:10:56.486-0400] {processor.py:183} INFO - Processing /Users/manideepakreddyaila/Desktop/projects/Legal_Insights_Engine/.venv/lib/python3.11/site-packages/airflow/example_dags/example_complex.py took 0.084 seconds
[2024-04-14T08:16:03.124-0400] {processor.py:161} INFO - Started process (PID=32888) to work on /Users/manideepakreddyaila/Desktop/projects/Legal_Insights_Engine/.venv/lib/python3.11/site-packages/airflow/example_dags/example_complex.py
[2024-04-14T08:16:03.125-0400] {processor.py:830} INFO - Processing file /Users/manideepakreddyaila/Desktop/projects/Legal_Insights_Engine/.venv/lib/python3.11/site-packages/airflow/example_dags/example_complex.py for tasks to queue
[2024-04-14T08:16:03.125-0400] {logging_mixin.py:188} INFO - [2024-04-14T08:16:03.125-0400] {dagbag.py:540} INFO - Filling up the DagBag from /Users/manideepakreddyaila/Desktop/projects/Legal_Insights_Engine/.venv/lib/python3.11/site-packages/airflow/example_dags/example_complex.py
[2024-04-14T08:16:03.162-0400] {processor.py:840} INFO - DAG(s) 'example_complex' retrieved from /Users/manideepakreddyaila/Desktop/projects/Legal_Insights_Engine/.venv/lib/python3.11/site-packages/airflow/example_dags/example_complex.py
[2024-04-14T08:16:03.204-0400] {logging_mixin.py:188} INFO - [2024-04-14T08:16:03.204-0400] {dag.py:3096} INFO - Sync 1 DAGs
[2024-04-14T08:16:03.207-0400] {logging_mixin.py:188} INFO - [2024-04-14T08:16:03.207-0400] {dag.py:3954} INFO - Setting next_dagrun for example_complex to None, run_after=None
[2024-04-14T08:16:03.213-0400] {processor.py:183} INFO - Processing /Users/manideepakreddyaila/Desktop/projects/Legal_Insights_Engine/.venv/lib/python3.11/site-packages/airflow/example_dags/example_complex.py took 0.091 seconds
[2024-04-14T08:57:22.400-0400] {processor.py:161} INFO - Started process (PID=32987) to work on /Users/manideepakreddyaila/Desktop/projects/Legal_Insights_Engine/.venv/lib/python3.11/site-packages/airflow/example_dags/example_complex.py
[2024-04-14T08:57:22.401-0400] {processor.py:830} INFO - Processing file /Users/manideepakreddyaila/Desktop/projects/Legal_Insights_Engine/.venv/lib/python3.11/site-packages/airflow/example_dags/example_complex.py for tasks to queue
[2024-04-14T08:57:22.401-0400] {logging_mixin.py:188} INFO - [2024-04-14T08:57:22.401-0400] {dagbag.py:540} INFO - Filling up the DagBag from /Users/manideepakreddyaila/Desktop/projects/Legal_Insights_Engine/.venv/lib/python3.11/site-packages/airflow/example_dags/example_complex.py
[2024-04-14T08:57:22.432-0400] {processor.py:840} INFO - DAG(s) 'example_complex' retrieved from /Users/manideepakreddyaila/Desktop/projects/Legal_Insights_Engine/.venv/lib/python3.11/site-packages/airflow/example_dags/example_complex.py
[2024-04-14T08:57:22.473-0400] {logging_mixin.py:188} INFO - [2024-04-14T08:57:22.473-0400] {dag.py:3096} INFO - Sync 1 DAGs
[2024-04-14T08:57:22.476-0400] {logging_mixin.py:188} INFO - [2024-04-14T08:57:22.476-0400] {dag.py:3954} INFO - Setting next_dagrun for example_complex to None, run_after=None
[2024-04-14T08:57:22.482-0400] {processor.py:183} INFO - Processing /Users/manideepakreddyaila/Desktop/projects/Legal_Insights_Engine/.venv/lib/python3.11/site-packages/airflow/example_dags/example_complex.py took 0.083 seconds
[2024-04-14T12:02:35.340-0400] {processor.py:161} INFO - Started process (PID=33175) to work on /Users/manideepakreddyaila/Desktop/projects/Legal_Insights_Engine/.venv/lib/python3.11/site-packages/airflow/example_dags/example_complex.py
[2024-04-14T12:02:35.341-0400] {processor.py:830} INFO - Processing file /Users/manideepakreddyaila/Desktop/projects/Legal_Insights_Engine/.venv/lib/python3.11/site-packages/airflow/example_dags/example_complex.py for tasks to queue
[2024-04-14T12:02:35.341-0400] {logging_mixin.py:188} INFO - [2024-04-14T12:02:35.341-0400] {dagbag.py:540} INFO - Filling up the DagBag from /Users/manideepakreddyaila/Desktop/projects/Legal_Insights_Engine/.venv/lib/python3.11/site-packages/airflow/example_dags/example_complex.py
[2024-04-14T12:02:35.372-0400] {processor.py:840} INFO - DAG(s) 'example_complex' retrieved from /Users/manideepakreddyaila/Desktop/projects/Legal_Insights_Engine/.venv/lib/python3.11/site-packages/airflow/example_dags/example_complex.py
[2024-04-14T12:02:35.411-0400] {logging_mixin.py:188} INFO - [2024-04-14T12:02:35.411-0400] {dag.py:3096} INFO - Sync 1 DAGs
[2024-04-14T12:02:35.414-0400] {logging_mixin.py:188} INFO - [2024-04-14T12:02:35.414-0400] {dag.py:3954} INFO - Setting next_dagrun for example_complex to None, run_after=None
[2024-04-14T12:02:35.421-0400] {processor.py:183} INFO - Processing /Users/manideepakreddyaila/Desktop/projects/Legal_Insights_Engine/.venv/lib/python3.11/site-packages/airflow/example_dags/example_complex.py took 0.082 seconds
[2024-04-14T12:07:58.863-0400] {processor.py:161} INFO - Started process (PID=33290) to work on /Users/manideepakreddyaila/Desktop/projects/Legal_Insights_Engine/.venv/lib/python3.11/site-packages/airflow/example_dags/example_complex.py
[2024-04-14T12:07:58.865-0400] {processor.py:830} INFO - Processing file /Users/manideepakreddyaila/Desktop/projects/Legal_Insights_Engine/.venv/lib/python3.11/site-packages/airflow/example_dags/example_complex.py for tasks to queue
[2024-04-14T12:07:58.865-0400] {logging_mixin.py:188} INFO - [2024-04-14T12:07:58.865-0400] {dagbag.py:540} INFO - Filling up the DagBag from /Users/manideepakreddyaila/Desktop/projects/Legal_Insights_Engine/.venv/lib/python3.11/site-packages/airflow/example_dags/example_complex.py
[2024-04-14T12:07:58.895-0400] {processor.py:840} INFO - DAG(s) 'example_complex' retrieved from /Users/manideepakreddyaila/Desktop/projects/Legal_Insights_Engine/.venv/lib/python3.11/site-packages/airflow/example_dags/example_complex.py
[2024-04-14T12:07:58.934-0400] {logging_mixin.py:188} INFO - [2024-04-14T12:07:58.934-0400] {dag.py:3096} INFO - Sync 1 DAGs
[2024-04-14T12:07:58.937-0400] {logging_mixin.py:188} INFO - [2024-04-14T12:07:58.937-0400] {dag.py:3954} INFO - Setting next_dagrun for example_complex to None, run_after=None
[2024-04-14T12:07:58.943-0400] {processor.py:183} INFO - Processing /Users/manideepakreddyaila/Desktop/projects/Legal_Insights_Engine/.venv/lib/python3.11/site-packages/airflow/example_dags/example_complex.py took 0.080 seconds
[2024-04-14T16:17:20.565-0400] {processor.py:161} INFO - Started process (PID=33655) to work on /Users/manideepakreddyaila/Desktop/projects/Legal_Insights_Engine/.venv/lib/python3.11/site-packages/airflow/example_dags/example_complex.py
[2024-04-14T16:17:20.566-0400] {processor.py:830} INFO - Processing file /Users/manideepakreddyaila/Desktop/projects/Legal_Insights_Engine/.venv/lib/python3.11/site-packages/airflow/example_dags/example_complex.py for tasks to queue
[2024-04-14T16:17:20.566-0400] {logging_mixin.py:188} INFO - [2024-04-14T16:17:20.566-0400] {dagbag.py:540} INFO - Filling up the DagBag from /Users/manideepakreddyaila/Desktop/projects/Legal_Insights_Engine/.venv/lib/python3.11/site-packages/airflow/example_dags/example_complex.py
[2024-04-14T16:17:20.604-0400] {processor.py:840} INFO - DAG(s) 'example_complex' retrieved from /Users/manideepakreddyaila/Desktop/projects/Legal_Insights_Engine/.venv/lib/python3.11/site-packages/airflow/example_dags/example_complex.py
[2024-04-14T16:17:20.644-0400] {logging_mixin.py:188} INFO - [2024-04-14T16:17:20.644-0400] {dag.py:3096} INFO - Sync 1 DAGs
[2024-04-14T16:17:20.647-0400] {logging_mixin.py:188} INFO - [2024-04-14T16:17:20.647-0400] {dag.py:3954} INFO - Setting next_dagrun for example_complex to None, run_after=None
[2024-04-14T16:17:20.654-0400] {processor.py:183} INFO - Processing /Users/manideepakreddyaila/Desktop/projects/Legal_Insights_Engine/.venv/lib/python3.11/site-packages/airflow/example_dags/example_complex.py took 0.090 seconds
[2024-04-14T16:37:21.915-0400] {processor.py:161} INFO - Started process (PID=33783) to work on /Users/manideepakreddyaila/Desktop/projects/Legal_Insights_Engine/.venv/lib/python3.11/site-packages/airflow/example_dags/example_complex.py
[2024-04-14T16:37:21.916-0400] {processor.py:830} INFO - Processing file /Users/manideepakreddyaila/Desktop/projects/Legal_Insights_Engine/.venv/lib/python3.11/site-packages/airflow/example_dags/example_complex.py for tasks to queue
[2024-04-14T16:37:21.916-0400] {logging_mixin.py:188} INFO - [2024-04-14T16:37:21.916-0400] {dagbag.py:540} INFO - Filling up the DagBag from /Users/manideepakreddyaila/Desktop/projects/Legal_Insights_Engine/.venv/lib/python3.11/site-packages/airflow/example_dags/example_complex.py
[2024-04-14T16:37:21.946-0400] {processor.py:840} INFO - DAG(s) 'example_complex' retrieved from /Users/manideepakreddyaila/Desktop/projects/Legal_Insights_Engine/.venv/lib/python3.11/site-packages/airflow/example_dags/example_complex.py
[2024-04-14T16:37:21.985-0400] {logging_mixin.py:188} INFO - [2024-04-14T16:37:21.985-0400] {dag.py:3096} INFO - Sync 1 DAGs
[2024-04-14T16:37:21.989-0400] {logging_mixin.py:188} INFO - [2024-04-14T16:37:21.989-0400] {dag.py:3954} INFO - Setting next_dagrun for example_complex to None, run_after=None
[2024-04-14T16:37:21.996-0400] {processor.py:183} INFO - Processing /Users/manideepakreddyaila/Desktop/projects/Legal_Insights_Engine/.venv/lib/python3.11/site-packages/airflow/example_dags/example_complex.py took 0.082 seconds
[2024-04-14T16:39:23.647-0400] {processor.py:161} INFO - Started process (PID=33875) to work on /Users/manideepakreddyaila/Desktop/projects/Legal_Insights_Engine/.venv/lib/python3.11/site-packages/airflow/example_dags/example_complex.py
[2024-04-14T16:39:23.648-0400] {processor.py:830} INFO - Processing file /Users/manideepakreddyaila/Desktop/projects/Legal_Insights_Engine/.venv/lib/python3.11/site-packages/airflow/example_dags/example_complex.py for tasks to queue
[2024-04-14T16:39:23.648-0400] {logging_mixin.py:188} INFO - [2024-04-14T16:39:23.648-0400] {dagbag.py:540} INFO - Filling up the DagBag from /Users/manideepakreddyaila/Desktop/projects/Legal_Insights_Engine/.venv/lib/python3.11/site-packages/airflow/example_dags/example_complex.py
[2024-04-14T16:39:23.682-0400] {processor.py:840} INFO - DAG(s) 'example_complex' retrieved from /Users/manideepakreddyaila/Desktop/projects/Legal_Insights_Engine/.venv/lib/python3.11/site-packages/airflow/example_dags/example_complex.py
[2024-04-14T16:39:23.722-0400] {logging_mixin.py:188} INFO - [2024-04-14T16:39:23.722-0400] {dag.py:3096} INFO - Sync 1 DAGs
[2024-04-14T16:39:23.725-0400] {logging_mixin.py:188} INFO - [2024-04-14T16:39:23.725-0400] {dag.py:3954} INFO - Setting next_dagrun for example_complex to None, run_after=None
[2024-04-14T16:39:23.731-0400] {processor.py:183} INFO - Processing /Users/manideepakreddyaila/Desktop/projects/Legal_Insights_Engine/.venv/lib/python3.11/site-packages/airflow/example_dags/example_complex.py took 0.085 seconds
[2024-04-14T16:41:19.021-0400] {processor.py:161} INFO - Started process (PID=33976) to work on /Users/manideepakreddyaila/Desktop/projects/Legal_Insights_Engine/.venv/lib/python3.11/site-packages/airflow/example_dags/example_complex.py
[2024-04-14T16:41:19.022-0400] {processor.py:830} INFO - Processing file /Users/manideepakreddyaila/Desktop/projects/Legal_Insights_Engine/.venv/lib/python3.11/site-packages/airflow/example_dags/example_complex.py for tasks to queue
[2024-04-14T16:41:19.022-0400] {logging_mixin.py:188} INFO - [2024-04-14T16:41:19.022-0400] {dagbag.py:540} INFO - Filling up the DagBag from /Users/manideepakreddyaila/Desktop/projects/Legal_Insights_Engine/.venv/lib/python3.11/site-packages/airflow/example_dags/example_complex.py
[2024-04-14T16:41:19.054-0400] {processor.py:840} INFO - DAG(s) 'example_complex' retrieved from /Users/manideepakreddyaila/Desktop/projects/Legal_Insights_Engine/.venv/lib/python3.11/site-packages/airflow/example_dags/example_complex.py
[2024-04-14T16:41:19.095-0400] {logging_mixin.py:188} INFO - [2024-04-14T16:41:19.095-0400] {dag.py:3096} INFO - Sync 1 DAGs
[2024-04-14T16:41:19.098-0400] {logging_mixin.py:188} INFO - [2024-04-14T16:41:19.098-0400] {dag.py:3954} INFO - Setting next_dagrun for example_complex to None, run_after=None
[2024-04-14T16:41:19.104-0400] {processor.py:183} INFO - Processing /Users/manideepakreddyaila/Desktop/projects/Legal_Insights_Engine/.venv/lib/python3.11/site-packages/airflow/example_dags/example_complex.py took 0.084 seconds
[2024-04-14T16:43:13.266-0400] {processor.py:161} INFO - Started process (PID=34074) to work on /Users/manideepakreddyaila/Desktop/projects/Legal_Insights_Engine/.venv/lib/python3.11/site-packages/airflow/example_dags/example_complex.py
[2024-04-14T16:43:13.267-0400] {processor.py:830} INFO - Processing file /Users/manideepakreddyaila/Desktop/projects/Legal_Insights_Engine/.venv/lib/python3.11/site-packages/airflow/example_dags/example_complex.py for tasks to queue
[2024-04-14T16:43:13.268-0400] {logging_mixin.py:188} INFO - [2024-04-14T16:43:13.268-0400] {dagbag.py:540} INFO - Filling up the DagBag from /Users/manideepakreddyaila/Desktop/projects/Legal_Insights_Engine/.venv/lib/python3.11/site-packages/airflow/example_dags/example_complex.py
[2024-04-14T16:43:13.298-0400] {processor.py:840} INFO - DAG(s) 'example_complex' retrieved from /Users/manideepakreddyaila/Desktop/projects/Legal_Insights_Engine/.venv/lib/python3.11/site-packages/airflow/example_dags/example_complex.py
[2024-04-14T16:43:13.339-0400] {logging_mixin.py:188} INFO - [2024-04-14T16:43:13.339-0400] {dag.py:3096} INFO - Sync 1 DAGs
[2024-04-14T16:43:13.342-0400] {logging_mixin.py:188} INFO - [2024-04-14T16:43:13.342-0400] {dag.py:3954} INFO - Setting next_dagrun for example_complex to None, run_after=None
[2024-04-14T16:43:13.348-0400] {processor.py:183} INFO - Processing /Users/manideepakreddyaila/Desktop/projects/Legal_Insights_Engine/.venv/lib/python3.11/site-packages/airflow/example_dags/example_complex.py took 0.083 seconds
[2024-04-14T16:45:14.252-0400] {processor.py:161} INFO - Started process (PID=34174) to work on /Users/manideepakreddyaila/Desktop/projects/Legal_Insights_Engine/.venv/lib/python3.11/site-packages/airflow/example_dags/example_complex.py
[2024-04-14T16:45:14.253-0400] {processor.py:830} INFO - Processing file /Users/manideepakreddyaila/Desktop/projects/Legal_Insights_Engine/.venv/lib/python3.11/site-packages/airflow/example_dags/example_complex.py for tasks to queue
[2024-04-14T16:45:14.254-0400] {logging_mixin.py:188} INFO - [2024-04-14T16:45:14.253-0400] {dagbag.py:540} INFO - Filling up the DagBag from /Users/manideepakreddyaila/Desktop/projects/Legal_Insights_Engine/.venv/lib/python3.11/site-packages/airflow/example_dags/example_complex.py
[2024-04-14T16:45:14.284-0400] {processor.py:840} INFO - DAG(s) 'example_complex' retrieved from /Users/manideepakreddyaila/Desktop/projects/Legal_Insights_Engine/.venv/lib/python3.11/site-packages/airflow/example_dags/example_complex.py
[2024-04-14T16:45:14.323-0400] {logging_mixin.py:188} INFO - [2024-04-14T16:45:14.323-0400] {dag.py:3096} INFO - Sync 1 DAGs
[2024-04-14T16:45:14.326-0400] {logging_mixin.py:188} INFO - [2024-04-14T16:45:14.326-0400] {dag.py:3954} INFO - Setting next_dagrun for example_complex to None, run_after=None
[2024-04-14T16:45:14.333-0400] {processor.py:183} INFO - Processing /Users/manideepakreddyaila/Desktop/projects/Legal_Insights_Engine/.venv/lib/python3.11/site-packages/airflow/example_dags/example_complex.py took 0.082 seconds
[2024-04-14T16:47:14.619-0400] {processor.py:161} INFO - Started process (PID=34286) to work on /Users/manideepakreddyaila/Desktop/projects/Legal_Insights_Engine/.venv/lib/python3.11/site-packages/airflow/example_dags/example_complex.py
[2024-04-14T16:47:14.620-0400] {processor.py:830} INFO - Processing file /Users/manideepakreddyaila/Desktop/projects/Legal_Insights_Engine/.venv/lib/python3.11/site-packages/airflow/example_dags/example_complex.py for tasks to queue
[2024-04-14T16:47:14.620-0400] {logging_mixin.py:188} INFO - [2024-04-14T16:47:14.620-0400] {dagbag.py:540} INFO - Filling up the DagBag from /Users/manideepakreddyaila/Desktop/projects/Legal_Insights_Engine/.venv/lib/python3.11/site-packages/airflow/example_dags/example_complex.py
[2024-04-14T16:47:14.650-0400] {processor.py:840} INFO - DAG(s) 'example_complex' retrieved from /Users/manideepakreddyaila/Desktop/projects/Legal_Insights_Engine/.venv/lib/python3.11/site-packages/airflow/example_dags/example_complex.py
[2024-04-14T16:47:14.691-0400] {logging_mixin.py:188} INFO - [2024-04-14T16:47:14.690-0400] {dag.py:3096} INFO - Sync 1 DAGs
[2024-04-14T16:47:14.694-0400] {logging_mixin.py:188} INFO - [2024-04-14T16:47:14.694-0400] {dag.py:3954} INFO - Setting next_dagrun for example_complex to None, run_after=None
[2024-04-14T16:47:14.701-0400] {processor.py:183} INFO - Processing /Users/manideepakreddyaila/Desktop/projects/Legal_Insights_Engine/.venv/lib/python3.11/site-packages/airflow/example_dags/example_complex.py took 0.082 seconds
[2024-04-14T16:49:09.030-0400] {processor.py:161} INFO - Started process (PID=34383) to work on /Users/manideepakreddyaila/Desktop/projects/Legal_Insights_Engine/.venv/lib/python3.11/site-packages/airflow/example_dags/example_complex.py
[2024-04-14T16:49:09.031-0400] {processor.py:830} INFO - Processing file /Users/manideepakreddyaila/Desktop/projects/Legal_Insights_Engine/.venv/lib/python3.11/site-packages/airflow/example_dags/example_complex.py for tasks to queue
[2024-04-14T16:49:09.031-0400] {logging_mixin.py:188} INFO - [2024-04-14T16:49:09.031-0400] {dagbag.py:540} INFO - Filling up the DagBag from /Users/manideepakreddyaila/Desktop/projects/Legal_Insights_Engine/.venv/lib/python3.11/site-packages/airflow/example_dags/example_complex.py
[2024-04-14T16:49:09.066-0400] {processor.py:840} INFO - DAG(s) 'example_complex' retrieved from /Users/manideepakreddyaila/Desktop/projects/Legal_Insights_Engine/.venv/lib/python3.11/site-packages/airflow/example_dags/example_complex.py
[2024-04-14T16:49:09.106-0400] {logging_mixin.py:188} INFO - [2024-04-14T16:49:09.106-0400] {dag.py:3096} INFO - Sync 1 DAGs
[2024-04-14T16:49:09.109-0400] {logging_mixin.py:188} INFO - [2024-04-14T16:49:09.109-0400] {dag.py:3954} INFO - Setting next_dagrun for example_complex to None, run_after=None
[2024-04-14T16:49:09.116-0400] {processor.py:183} INFO - Processing /Users/manideepakreddyaila/Desktop/projects/Legal_Insights_Engine/.venv/lib/python3.11/site-packages/airflow/example_dags/example_complex.py took 0.086 seconds
[2024-04-14T17:16:10.433-0400] {processor.py:161} INFO - Started process (PID=34633) to work on /Users/manideepakreddyaila/Desktop/projects/Legal_Insights_Engine/.venv/lib/python3.11/site-packages/airflow/example_dags/example_complex.py
[2024-04-14T17:16:10.434-0400] {processor.py:830} INFO - Processing file /Users/manideepakreddyaila/Desktop/projects/Legal_Insights_Engine/.venv/lib/python3.11/site-packages/airflow/example_dags/example_complex.py for tasks to queue
[2024-04-14T17:16:10.434-0400] {logging_mixin.py:188} INFO - [2024-04-14T17:16:10.434-0400] {dagbag.py:540} INFO - Filling up the DagBag from /Users/manideepakreddyaila/Desktop/projects/Legal_Insights_Engine/.venv/lib/python3.11/site-packages/airflow/example_dags/example_complex.py
[2024-04-14T17:16:10.465-0400] {processor.py:840} INFO - DAG(s) 'example_complex' retrieved from /Users/manideepakreddyaila/Desktop/projects/Legal_Insights_Engine/.venv/lib/python3.11/site-packages/airflow/example_dags/example_complex.py
[2024-04-14T17:16:10.505-0400] {logging_mixin.py:188} INFO - [2024-04-14T17:16:10.505-0400] {dag.py:3096} INFO - Sync 1 DAGs
[2024-04-14T17:16:10.509-0400] {logging_mixin.py:188} INFO - [2024-04-14T17:16:10.509-0400] {dag.py:3954} INFO - Setting next_dagrun for example_complex to None, run_after=None
[2024-04-14T17:16:10.515-0400] {processor.py:183} INFO - Processing /Users/manideepakreddyaila/Desktop/projects/Legal_Insights_Engine/.venv/lib/python3.11/site-packages/airflow/example_dags/example_complex.py took 0.083 seconds
[2024-04-14T17:18:12.239-0400] {processor.py:161} INFO - Started process (PID=34802) to work on /Users/manideepakreddyaila/Desktop/projects/Legal_Insights_Engine/.venv/lib/python3.11/site-packages/airflow/example_dags/example_complex.py
[2024-04-14T17:18:12.239-0400] {processor.py:830} INFO - Processing file /Users/manideepakreddyaila/Desktop/projects/Legal_Insights_Engine/.venv/lib/python3.11/site-packages/airflow/example_dags/example_complex.py for tasks to queue
[2024-04-14T17:18:12.240-0400] {logging_mixin.py:188} INFO - [2024-04-14T17:18:12.240-0400] {dagbag.py:540} INFO - Filling up the DagBag from /Users/manideepakreddyaila/Desktop/projects/Legal_Insights_Engine/.venv/lib/python3.11/site-packages/airflow/example_dags/example_complex.py
[2024-04-14T17:18:12.277-0400] {processor.py:840} INFO - DAG(s) 'example_complex' retrieved from /Users/manideepakreddyaila/Desktop/projects/Legal_Insights_Engine/.venv/lib/python3.11/site-packages/airflow/example_dags/example_complex.py
[2024-04-14T17:18:12.326-0400] {logging_mixin.py:188} INFO - [2024-04-14T17:18:12.326-0400] {dag.py:3096} INFO - Sync 1 DAGs
[2024-04-14T17:18:12.329-0400] {logging_mixin.py:188} INFO - [2024-04-14T17:18:12.329-0400] {dag.py:3954} INFO - Setting next_dagrun for example_complex to None, run_after=None
[2024-04-14T17:18:12.337-0400] {processor.py:183} INFO - Processing /Users/manideepakreddyaila/Desktop/projects/Legal_Insights_Engine/.venv/lib/python3.11/site-packages/airflow/example_dags/example_complex.py took 0.100 seconds
[2024-04-14T17:20:05.904-0400] {processor.py:161} INFO - Started process (PID=34911) to work on /Users/manideepakreddyaila/Desktop/projects/Legal_Insights_Engine/.venv/lib/python3.11/site-packages/airflow/example_dags/example_complex.py
[2024-04-14T17:20:05.904-0400] {processor.py:830} INFO - Processing file /Users/manideepakreddyaila/Desktop/projects/Legal_Insights_Engine/.venv/lib/python3.11/site-packages/airflow/example_dags/example_complex.py for tasks to queue
[2024-04-14T17:20:05.905-0400] {logging_mixin.py:188} INFO - [2024-04-14T17:20:05.905-0400] {dagbag.py:540} INFO - Filling up the DagBag from /Users/manideepakreddyaila/Desktop/projects/Legal_Insights_Engine/.venv/lib/python3.11/site-packages/airflow/example_dags/example_complex.py
[2024-04-14T17:20:05.935-0400] {processor.py:840} INFO - DAG(s) 'example_complex' retrieved from /Users/manideepakreddyaila/Desktop/projects/Legal_Insights_Engine/.venv/lib/python3.11/site-packages/airflow/example_dags/example_complex.py
[2024-04-14T17:20:05.975-0400] {logging_mixin.py:188} INFO - [2024-04-14T17:20:05.975-0400] {dag.py:3096} INFO - Sync 1 DAGs
[2024-04-14T17:20:05.978-0400] {logging_mixin.py:188} INFO - [2024-04-14T17:20:05.978-0400] {dag.py:3954} INFO - Setting next_dagrun for example_complex to None, run_after=None
[2024-04-14T17:20:05.984-0400] {processor.py:183} INFO - Processing /Users/manideepakreddyaila/Desktop/projects/Legal_Insights_Engine/.venv/lib/python3.11/site-packages/airflow/example_dags/example_complex.py took 0.081 seconds
[2024-04-14T17:22:03.143-0400] {processor.py:161} INFO - Started process (PID=35005) to work on /Users/manideepakreddyaila/Desktop/projects/Legal_Insights_Engine/.venv/lib/python3.11/site-packages/airflow/example_dags/example_complex.py
[2024-04-14T17:22:03.143-0400] {processor.py:830} INFO - Processing file /Users/manideepakreddyaila/Desktop/projects/Legal_Insights_Engine/.venv/lib/python3.11/site-packages/airflow/example_dags/example_complex.py for tasks to queue
[2024-04-14T17:22:03.144-0400] {logging_mixin.py:188} INFO - [2024-04-14T17:22:03.144-0400] {dagbag.py:540} INFO - Filling up the DagBag from /Users/manideepakreddyaila/Desktop/projects/Legal_Insights_Engine/.venv/lib/python3.11/site-packages/airflow/example_dags/example_complex.py
[2024-04-14T17:22:03.175-0400] {processor.py:840} INFO - DAG(s) 'example_complex' retrieved from /Users/manideepakreddyaila/Desktop/projects/Legal_Insights_Engine/.venv/lib/python3.11/site-packages/airflow/example_dags/example_complex.py
[2024-04-14T17:22:03.215-0400] {logging_mixin.py:188} INFO - [2024-04-14T17:22:03.215-0400] {dag.py:3096} INFO - Sync 1 DAGs
[2024-04-14T17:22:03.218-0400] {logging_mixin.py:188} INFO - [2024-04-14T17:22:03.218-0400] {dag.py:3954} INFO - Setting next_dagrun for example_complex to None, run_after=None
[2024-04-14T17:22:03.224-0400] {processor.py:183} INFO - Processing /Users/manideepakreddyaila/Desktop/projects/Legal_Insights_Engine/.venv/lib/python3.11/site-packages/airflow/example_dags/example_complex.py took 0.082 seconds
[2024-04-14T17:23:55.245-0400] {processor.py:161} INFO - Started process (PID=35096) to work on /Users/manideepakreddyaila/Desktop/projects/Legal_Insights_Engine/.venv/lib/python3.11/site-packages/airflow/example_dags/example_complex.py
[2024-04-14T17:23:55.246-0400] {processor.py:830} INFO - Processing file /Users/manideepakreddyaila/Desktop/projects/Legal_Insights_Engine/.venv/lib/python3.11/site-packages/airflow/example_dags/example_complex.py for tasks to queue
[2024-04-14T17:23:55.246-0400] {logging_mixin.py:188} INFO - [2024-04-14T17:23:55.246-0400] {dagbag.py:540} INFO - Filling up the DagBag from /Users/manideepakreddyaila/Desktop/projects/Legal_Insights_Engine/.venv/lib/python3.11/site-packages/airflow/example_dags/example_complex.py
[2024-04-14T17:23:55.278-0400] {processor.py:840} INFO - DAG(s) 'example_complex' retrieved from /Users/manideepakreddyaila/Desktop/projects/Legal_Insights_Engine/.venv/lib/python3.11/site-packages/airflow/example_dags/example_complex.py
[2024-04-14T17:23:55.319-0400] {logging_mixin.py:188} INFO - [2024-04-14T17:23:55.319-0400] {dag.py:3096} INFO - Sync 1 DAGs
[2024-04-14T17:23:55.322-0400] {logging_mixin.py:188} INFO - [2024-04-14T17:23:55.322-0400] {dag.py:3954} INFO - Setting next_dagrun for example_complex to None, run_after=None
[2024-04-14T17:23:55.328-0400] {processor.py:183} INFO - Processing /Users/manideepakreddyaila/Desktop/projects/Legal_Insights_Engine/.venv/lib/python3.11/site-packages/airflow/example_dags/example_complex.py took 0.084 seconds
[2024-04-14T17:25:54.278-0400] {processor.py:161} INFO - Started process (PID=35207) to work on /Users/manideepakreddyaila/Desktop/projects/Legal_Insights_Engine/.venv/lib/python3.11/site-packages/airflow/example_dags/example_complex.py
[2024-04-14T17:25:54.279-0400] {processor.py:830} INFO - Processing file /Users/manideepakreddyaila/Desktop/projects/Legal_Insights_Engine/.venv/lib/python3.11/site-packages/airflow/example_dags/example_complex.py for tasks to queue
[2024-04-14T17:25:54.279-0400] {logging_mixin.py:188} INFO - [2024-04-14T17:25:54.279-0400] {dagbag.py:540} INFO - Filling up the DagBag from /Users/manideepakreddyaila/Desktop/projects/Legal_Insights_Engine/.venv/lib/python3.11/site-packages/airflow/example_dags/example_complex.py
[2024-04-14T17:25:54.314-0400] {processor.py:840} INFO - DAG(s) 'example_complex' retrieved from /Users/manideepakreddyaila/Desktop/projects/Legal_Insights_Engine/.venv/lib/python3.11/site-packages/airflow/example_dags/example_complex.py
[2024-04-14T17:25:54.355-0400] {logging_mixin.py:188} INFO - [2024-04-14T17:25:54.355-0400] {dag.py:3096} INFO - Sync 1 DAGs
[2024-04-14T17:25:54.359-0400] {logging_mixin.py:188} INFO - [2024-04-14T17:25:54.359-0400] {dag.py:3954} INFO - Setting next_dagrun for example_complex to None, run_after=None
[2024-04-14T17:25:54.365-0400] {processor.py:183} INFO - Processing /Users/manideepakreddyaila/Desktop/projects/Legal_Insights_Engine/.venv/lib/python3.11/site-packages/airflow/example_dags/example_complex.py took 0.089 seconds
[2024-04-14T17:27:51.187-0400] {processor.py:161} INFO - Started process (PID=35314) to work on /Users/manideepakreddyaila/Desktop/projects/Legal_Insights_Engine/.venv/lib/python3.11/site-packages/airflow/example_dags/example_complex.py
[2024-04-14T17:27:51.188-0400] {processor.py:830} INFO - Processing file /Users/manideepakreddyaila/Desktop/projects/Legal_Insights_Engine/.venv/lib/python3.11/site-packages/airflow/example_dags/example_complex.py for tasks to queue
[2024-04-14T17:27:51.189-0400] {logging_mixin.py:188} INFO - [2024-04-14T17:27:51.189-0400] {dagbag.py:540} INFO - Filling up the DagBag from /Users/manideepakreddyaila/Desktop/projects/Legal_Insights_Engine/.venv/lib/python3.11/site-packages/airflow/example_dags/example_complex.py
[2024-04-14T17:27:51.219-0400] {processor.py:840} INFO - DAG(s) 'example_complex' retrieved from /Users/manideepakreddyaila/Desktop/projects/Legal_Insights_Engine/.venv/lib/python3.11/site-packages/airflow/example_dags/example_complex.py
[2024-04-14T17:27:51.259-0400] {logging_mixin.py:188} INFO - [2024-04-14T17:27:51.258-0400] {dag.py:3096} INFO - Sync 1 DAGs
[2024-04-14T17:27:51.262-0400] {logging_mixin.py:188} INFO - [2024-04-14T17:27:51.262-0400] {dag.py:3954} INFO - Setting next_dagrun for example_complex to None, run_after=None
[2024-04-14T17:27:51.268-0400] {processor.py:183} INFO - Processing /Users/manideepakreddyaila/Desktop/projects/Legal_Insights_Engine/.venv/lib/python3.11/site-packages/airflow/example_dags/example_complex.py took 0.081 seconds
[2024-04-14T17:29:45.250-0400] {processor.py:161} INFO - Started process (PID=35411) to work on /Users/manideepakreddyaila/Desktop/projects/Legal_Insights_Engine/.venv/lib/python3.11/site-packages/airflow/example_dags/example_complex.py
[2024-04-14T17:29:45.251-0400] {processor.py:830} INFO - Processing file /Users/manideepakreddyaila/Desktop/projects/Legal_Insights_Engine/.venv/lib/python3.11/site-packages/airflow/example_dags/example_complex.py for tasks to queue
[2024-04-14T17:29:45.251-0400] {logging_mixin.py:188} INFO - [2024-04-14T17:29:45.251-0400] {dagbag.py:540} INFO - Filling up the DagBag from /Users/manideepakreddyaila/Desktop/projects/Legal_Insights_Engine/.venv/lib/python3.11/site-packages/airflow/example_dags/example_complex.py
[2024-04-14T17:29:45.282-0400] {processor.py:840} INFO - DAG(s) 'example_complex' retrieved from /Users/manideepakreddyaila/Desktop/projects/Legal_Insights_Engine/.venv/lib/python3.11/site-packages/airflow/example_dags/example_complex.py
[2024-04-14T17:29:45.321-0400] {logging_mixin.py:188} INFO - [2024-04-14T17:29:45.321-0400] {dag.py:3096} INFO - Sync 1 DAGs
[2024-04-14T17:29:45.324-0400] {logging_mixin.py:188} INFO - [2024-04-14T17:29:45.324-0400] {dag.py:3954} INFO - Setting next_dagrun for example_complex to None, run_after=None
[2024-04-14T17:29:45.331-0400] {processor.py:183} INFO - Processing /Users/manideepakreddyaila/Desktop/projects/Legal_Insights_Engine/.venv/lib/python3.11/site-packages/airflow/example_dags/example_complex.py took 0.081 seconds
[2024-04-14T17:31:44.128-0400] {processor.py:161} INFO - Started process (PID=35558) to work on /Users/manideepakreddyaila/Desktop/projects/Legal_Insights_Engine/.venv/lib/python3.11/site-packages/airflow/example_dags/example_complex.py
[2024-04-14T17:31:44.128-0400] {processor.py:830} INFO - Processing file /Users/manideepakreddyaila/Desktop/projects/Legal_Insights_Engine/.venv/lib/python3.11/site-packages/airflow/example_dags/example_complex.py for tasks to queue
[2024-04-14T17:31:44.129-0400] {logging_mixin.py:188} INFO - [2024-04-14T17:31:44.129-0400] {dagbag.py:540} INFO - Filling up the DagBag from /Users/manideepakreddyaila/Desktop/projects/Legal_Insights_Engine/.venv/lib/python3.11/site-packages/airflow/example_dags/example_complex.py
[2024-04-14T17:31:44.161-0400] {processor.py:840} INFO - DAG(s) 'example_complex' retrieved from /Users/manideepakreddyaila/Desktop/projects/Legal_Insights_Engine/.venv/lib/python3.11/site-packages/airflow/example_dags/example_complex.py
[2024-04-14T17:31:44.202-0400] {logging_mixin.py:188} INFO - [2024-04-14T17:31:44.202-0400] {dag.py:3096} INFO - Sync 1 DAGs
[2024-04-14T17:31:44.205-0400] {logging_mixin.py:188} INFO - [2024-04-14T17:31:44.205-0400] {dag.py:3954} INFO - Setting next_dagrun for example_complex to None, run_after=None
[2024-04-14T17:31:44.211-0400] {processor.py:183} INFO - Processing /Users/manideepakreddyaila/Desktop/projects/Legal_Insights_Engine/.venv/lib/python3.11/site-packages/airflow/example_dags/example_complex.py took 0.085 seconds
[2024-04-14T17:33:42.754-0400] {processor.py:161} INFO - Started process (PID=35665) to work on /Users/manideepakreddyaila/Desktop/projects/Legal_Insights_Engine/.venv/lib/python3.11/site-packages/airflow/example_dags/example_complex.py
[2024-04-14T17:33:42.755-0400] {processor.py:830} INFO - Processing file /Users/manideepakreddyaila/Desktop/projects/Legal_Insights_Engine/.venv/lib/python3.11/site-packages/airflow/example_dags/example_complex.py for tasks to queue
[2024-04-14T17:33:42.755-0400] {logging_mixin.py:188} INFO - [2024-04-14T17:33:42.755-0400] {dagbag.py:540} INFO - Filling up the DagBag from /Users/manideepakreddyaila/Desktop/projects/Legal_Insights_Engine/.venv/lib/python3.11/site-packages/airflow/example_dags/example_complex.py
[2024-04-14T17:33:42.786-0400] {processor.py:840} INFO - DAG(s) 'example_complex' retrieved from /Users/manideepakreddyaila/Desktop/projects/Legal_Insights_Engine/.venv/lib/python3.11/site-packages/airflow/example_dags/example_complex.py
[2024-04-14T17:33:42.826-0400] {logging_mixin.py:188} INFO - [2024-04-14T17:33:42.826-0400] {dag.py:3096} INFO - Sync 1 DAGs
[2024-04-14T17:33:42.829-0400] {logging_mixin.py:188} INFO - [2024-04-14T17:33:42.829-0400] {dag.py:3954} INFO - Setting next_dagrun for example_complex to None, run_after=None
[2024-04-14T17:33:42.835-0400] {processor.py:183} INFO - Processing /Users/manideepakreddyaila/Desktop/projects/Legal_Insights_Engine/.venv/lib/python3.11/site-packages/airflow/example_dags/example_complex.py took 0.082 seconds
[2024-04-14T17:35:45.293-0400] {processor.py:161} INFO - Started process (PID=35757) to work on /Users/manideepakreddyaila/Desktop/projects/Legal_Insights_Engine/.venv/lib/python3.11/site-packages/airflow/example_dags/example_complex.py
[2024-04-14T17:35:45.294-0400] {processor.py:830} INFO - Processing file /Users/manideepakreddyaila/Desktop/projects/Legal_Insights_Engine/.venv/lib/python3.11/site-packages/airflow/example_dags/example_complex.py for tasks to queue
[2024-04-14T17:35:45.294-0400] {logging_mixin.py:188} INFO - [2024-04-14T17:35:45.294-0400] {dagbag.py:540} INFO - Filling up the DagBag from /Users/manideepakreddyaila/Desktop/projects/Legal_Insights_Engine/.venv/lib/python3.11/site-packages/airflow/example_dags/example_complex.py
[2024-04-14T17:35:45.324-0400] {processor.py:840} INFO - DAG(s) 'example_complex' retrieved from /Users/manideepakreddyaila/Desktop/projects/Legal_Insights_Engine/.venv/lib/python3.11/site-packages/airflow/example_dags/example_complex.py
[2024-04-14T17:35:45.363-0400] {logging_mixin.py:188} INFO - [2024-04-14T17:35:45.363-0400] {dag.py:3096} INFO - Sync 1 DAGs
[2024-04-14T17:35:45.366-0400] {logging_mixin.py:188} INFO - [2024-04-14T17:35:45.366-0400] {dag.py:3954} INFO - Setting next_dagrun for example_complex to None, run_after=None
[2024-04-14T17:35:45.372-0400] {processor.py:183} INFO - Processing /Users/manideepakreddyaila/Desktop/projects/Legal_Insights_Engine/.venv/lib/python3.11/site-packages/airflow/example_dags/example_complex.py took 0.080 seconds
[2024-04-14T17:37:38.802-0400] {processor.py:161} INFO - Started process (PID=35854) to work on /Users/manideepakreddyaila/Desktop/projects/Legal_Insights_Engine/.venv/lib/python3.11/site-packages/airflow/example_dags/example_complex.py
[2024-04-14T17:37:38.803-0400] {processor.py:830} INFO - Processing file /Users/manideepakreddyaila/Desktop/projects/Legal_Insights_Engine/.venv/lib/python3.11/site-packages/airflow/example_dags/example_complex.py for tasks to queue
[2024-04-14T17:37:38.803-0400] {logging_mixin.py:188} INFO - [2024-04-14T17:37:38.803-0400] {dagbag.py:540} INFO - Filling up the DagBag from /Users/manideepakreddyaila/Desktop/projects/Legal_Insights_Engine/.venv/lib/python3.11/site-packages/airflow/example_dags/example_complex.py
[2024-04-14T17:37:38.836-0400] {processor.py:840} INFO - DAG(s) 'example_complex' retrieved from /Users/manideepakreddyaila/Desktop/projects/Legal_Insights_Engine/.venv/lib/python3.11/site-packages/airflow/example_dags/example_complex.py
[2024-04-14T17:37:38.877-0400] {logging_mixin.py:188} INFO - [2024-04-14T17:37:38.877-0400] {dag.py:3096} INFO - Sync 1 DAGs
[2024-04-14T17:37:38.880-0400] {logging_mixin.py:188} INFO - [2024-04-14T17:37:38.880-0400] {dag.py:3954} INFO - Setting next_dagrun for example_complex to None, run_after=None
[2024-04-14T17:37:38.886-0400] {processor.py:183} INFO - Processing /Users/manideepakreddyaila/Desktop/projects/Legal_Insights_Engine/.venv/lib/python3.11/site-packages/airflow/example_dags/example_complex.py took 0.085 seconds
[2024-04-14T17:39:28.813-0400] {processor.py:161} INFO - Started process (PID=35934) to work on /Users/manideepakreddyaila/Desktop/projects/Legal_Insights_Engine/.venv/lib/python3.11/site-packages/airflow/example_dags/example_complex.py
[2024-04-14T17:39:28.814-0400] {processor.py:830} INFO - Processing file /Users/manideepakreddyaila/Desktop/projects/Legal_Insights_Engine/.venv/lib/python3.11/site-packages/airflow/example_dags/example_complex.py for tasks to queue
[2024-04-14T17:39:28.814-0400] {logging_mixin.py:188} INFO - [2024-04-14T17:39:28.814-0400] {dagbag.py:540} INFO - Filling up the DagBag from /Users/manideepakreddyaila/Desktop/projects/Legal_Insights_Engine/.venv/lib/python3.11/site-packages/airflow/example_dags/example_complex.py
[2024-04-14T17:39:28.844-0400] {processor.py:840} INFO - DAG(s) 'example_complex' retrieved from /Users/manideepakreddyaila/Desktop/projects/Legal_Insights_Engine/.venv/lib/python3.11/site-packages/airflow/example_dags/example_complex.py
[2024-04-14T17:39:28.884-0400] {logging_mixin.py:188} INFO - [2024-04-14T17:39:28.884-0400] {dag.py:3096} INFO - Sync 1 DAGs
[2024-04-14T17:39:28.887-0400] {logging_mixin.py:188} INFO - [2024-04-14T17:39:28.887-0400] {dag.py:3954} INFO - Setting next_dagrun for example_complex to None, run_after=None
[2024-04-14T17:39:28.893-0400] {processor.py:183} INFO - Processing /Users/manideepakreddyaila/Desktop/projects/Legal_Insights_Engine/.venv/lib/python3.11/site-packages/airflow/example_dags/example_complex.py took 0.081 seconds
[2024-04-14T17:41:21.752-0400] {processor.py:161} INFO - Started process (PID=36020) to work on /Users/manideepakreddyaila/Desktop/projects/Legal_Insights_Engine/.venv/lib/python3.11/site-packages/airflow/example_dags/example_complex.py
[2024-04-14T17:41:21.754-0400] {processor.py:830} INFO - Processing file /Users/manideepakreddyaila/Desktop/projects/Legal_Insights_Engine/.venv/lib/python3.11/site-packages/airflow/example_dags/example_complex.py for tasks to queue
[2024-04-14T17:41:21.754-0400] {logging_mixin.py:188} INFO - [2024-04-14T17:41:21.754-0400] {dagbag.py:540} INFO - Filling up the DagBag from /Users/manideepakreddyaila/Desktop/projects/Legal_Insights_Engine/.venv/lib/python3.11/site-packages/airflow/example_dags/example_complex.py
[2024-04-14T17:41:21.784-0400] {processor.py:840} INFO - DAG(s) 'example_complex' retrieved from /Users/manideepakreddyaila/Desktop/projects/Legal_Insights_Engine/.venv/lib/python3.11/site-packages/airflow/example_dags/example_complex.py
[2024-04-14T17:41:21.824-0400] {logging_mixin.py:188} INFO - [2024-04-14T17:41:21.824-0400] {dag.py:3096} INFO - Sync 1 DAGs
[2024-04-14T17:41:21.827-0400] {logging_mixin.py:188} INFO - [2024-04-14T17:41:21.827-0400] {dag.py:3954} INFO - Setting next_dagrun for example_complex to None, run_after=None
[2024-04-14T17:41:21.834-0400] {processor.py:183} INFO - Processing /Users/manideepakreddyaila/Desktop/projects/Legal_Insights_Engine/.venv/lib/python3.11/site-packages/airflow/example_dags/example_complex.py took 0.082 seconds
[2024-04-14T17:43:13.380-0400] {processor.py:161} INFO - Started process (PID=36107) to work on /Users/manideepakreddyaila/Desktop/projects/Legal_Insights_Engine/.venv/lib/python3.11/site-packages/airflow/example_dags/example_complex.py
[2024-04-14T17:43:13.381-0400] {processor.py:830} INFO - Processing file /Users/manideepakreddyaila/Desktop/projects/Legal_Insights_Engine/.venv/lib/python3.11/site-packages/airflow/example_dags/example_complex.py for tasks to queue
[2024-04-14T17:43:13.381-0400] {logging_mixin.py:188} INFO - [2024-04-14T17:43:13.381-0400] {dagbag.py:540} INFO - Filling up the DagBag from /Users/manideepakreddyaila/Desktop/projects/Legal_Insights_Engine/.venv/lib/python3.11/site-packages/airflow/example_dags/example_complex.py
[2024-04-14T17:43:13.412-0400] {processor.py:840} INFO - DAG(s) 'example_complex' retrieved from /Users/manideepakreddyaila/Desktop/projects/Legal_Insights_Engine/.venv/lib/python3.11/site-packages/airflow/example_dags/example_complex.py
[2024-04-14T17:43:13.454-0400] {logging_mixin.py:188} INFO - [2024-04-14T17:43:13.453-0400] {dag.py:3096} INFO - Sync 1 DAGs
[2024-04-14T17:43:13.457-0400] {logging_mixin.py:188} INFO - [2024-04-14T17:43:13.457-0400] {dag.py:3954} INFO - Setting next_dagrun for example_complex to None, run_after=None
[2024-04-14T17:43:13.463-0400] {processor.py:183} INFO - Processing /Users/manideepakreddyaila/Desktop/projects/Legal_Insights_Engine/.venv/lib/python3.11/site-packages/airflow/example_dags/example_complex.py took 0.083 seconds
[2024-04-14T17:45:08.867-0400] {processor.py:161} INFO - Started process (PID=36195) to work on /Users/manideepakreddyaila/Desktop/projects/Legal_Insights_Engine/.venv/lib/python3.11/site-packages/airflow/example_dags/example_complex.py
[2024-04-14T17:45:08.868-0400] {processor.py:830} INFO - Processing file /Users/manideepakreddyaila/Desktop/projects/Legal_Insights_Engine/.venv/lib/python3.11/site-packages/airflow/example_dags/example_complex.py for tasks to queue
[2024-04-14T17:45:08.868-0400] {logging_mixin.py:188} INFO - [2024-04-14T17:45:08.868-0400] {dagbag.py:540} INFO - Filling up the DagBag from /Users/manideepakreddyaila/Desktop/projects/Legal_Insights_Engine/.venv/lib/python3.11/site-packages/airflow/example_dags/example_complex.py
[2024-04-14T17:45:08.898-0400] {processor.py:840} INFO - DAG(s) 'example_complex' retrieved from /Users/manideepakreddyaila/Desktop/projects/Legal_Insights_Engine/.venv/lib/python3.11/site-packages/airflow/example_dags/example_complex.py
[2024-04-14T17:45:08.938-0400] {logging_mixin.py:188} INFO - [2024-04-14T17:45:08.938-0400] {dag.py:3096} INFO - Sync 1 DAGs
[2024-04-14T17:45:08.941-0400] {logging_mixin.py:188} INFO - [2024-04-14T17:45:08.941-0400] {dag.py:3954} INFO - Setting next_dagrun for example_complex to None, run_after=None
[2024-04-14T17:45:08.947-0400] {processor.py:183} INFO - Processing /Users/manideepakreddyaila/Desktop/projects/Legal_Insights_Engine/.venv/lib/python3.11/site-packages/airflow/example_dags/example_complex.py took 0.081 seconds
[2024-04-14T17:47:12.083-0400] {processor.py:161} INFO - Started process (PID=36289) to work on /Users/manideepakreddyaila/Desktop/projects/Legal_Insights_Engine/.venv/lib/python3.11/site-packages/airflow/example_dags/example_complex.py
[2024-04-14T17:47:12.085-0400] {processor.py:830} INFO - Processing file /Users/manideepakreddyaila/Desktop/projects/Legal_Insights_Engine/.venv/lib/python3.11/site-packages/airflow/example_dags/example_complex.py for tasks to queue
[2024-04-14T17:47:12.085-0400] {logging_mixin.py:188} INFO - [2024-04-14T17:47:12.085-0400] {dagbag.py:540} INFO - Filling up the DagBag from /Users/manideepakreddyaila/Desktop/projects/Legal_Insights_Engine/.venv/lib/python3.11/site-packages/airflow/example_dags/example_complex.py
[2024-04-14T17:47:12.116-0400] {processor.py:840} INFO - DAG(s) 'example_complex' retrieved from /Users/manideepakreddyaila/Desktop/projects/Legal_Insights_Engine/.venv/lib/python3.11/site-packages/airflow/example_dags/example_complex.py
[2024-04-14T17:47:12.157-0400] {logging_mixin.py:188} INFO - [2024-04-14T17:47:12.157-0400] {dag.py:3096} INFO - Sync 1 DAGs
[2024-04-14T17:47:12.160-0400] {logging_mixin.py:188} INFO - [2024-04-14T17:47:12.160-0400] {dag.py:3954} INFO - Setting next_dagrun for example_complex to None, run_after=None
[2024-04-14T17:47:12.166-0400] {processor.py:183} INFO - Processing /Users/manideepakreddyaila/Desktop/projects/Legal_Insights_Engine/.venv/lib/python3.11/site-packages/airflow/example_dags/example_complex.py took 0.084 seconds
[2024-04-14T17:49:10.616-0400] {processor.py:161} INFO - Started process (PID=36380) to work on /Users/manideepakreddyaila/Desktop/projects/Legal_Insights_Engine/.venv/lib/python3.11/site-packages/airflow/example_dags/example_complex.py
[2024-04-14T17:49:10.617-0400] {processor.py:830} INFO - Processing file /Users/manideepakreddyaila/Desktop/projects/Legal_Insights_Engine/.venv/lib/python3.11/site-packages/airflow/example_dags/example_complex.py for tasks to queue
[2024-04-14T17:49:10.617-0400] {logging_mixin.py:188} INFO - [2024-04-14T17:49:10.617-0400] {dagbag.py:540} INFO - Filling up the DagBag from /Users/manideepakreddyaila/Desktop/projects/Legal_Insights_Engine/.venv/lib/python3.11/site-packages/airflow/example_dags/example_complex.py
[2024-04-14T17:49:10.647-0400] {processor.py:840} INFO - DAG(s) 'example_complex' retrieved from /Users/manideepakreddyaila/Desktop/projects/Legal_Insights_Engine/.venv/lib/python3.11/site-packages/airflow/example_dags/example_complex.py
[2024-04-14T17:49:10.687-0400] {logging_mixin.py:188} INFO - [2024-04-14T17:49:10.686-0400] {dag.py:3096} INFO - Sync 1 DAGs
[2024-04-14T17:49:10.690-0400] {logging_mixin.py:188} INFO - [2024-04-14T17:49:10.690-0400] {dag.py:3954} INFO - Setting next_dagrun for example_complex to None, run_after=None
[2024-04-14T17:49:10.696-0400] {processor.py:183} INFO - Processing /Users/manideepakreddyaila/Desktop/projects/Legal_Insights_Engine/.venv/lib/python3.11/site-packages/airflow/example_dags/example_complex.py took 0.081 seconds
[2024-04-14T17:51:08.183-0400] {processor.py:161} INFO - Started process (PID=36484) to work on /Users/manideepakreddyaila/Desktop/projects/Legal_Insights_Engine/.venv/lib/python3.11/site-packages/airflow/example_dags/example_complex.py
[2024-04-14T17:51:08.184-0400] {processor.py:830} INFO - Processing file /Users/manideepakreddyaila/Desktop/projects/Legal_Insights_Engine/.venv/lib/python3.11/site-packages/airflow/example_dags/example_complex.py for tasks to queue
[2024-04-14T17:51:08.184-0400] {logging_mixin.py:188} INFO - [2024-04-14T17:51:08.184-0400] {dagbag.py:540} INFO - Filling up the DagBag from /Users/manideepakreddyaila/Desktop/projects/Legal_Insights_Engine/.venv/lib/python3.11/site-packages/airflow/example_dags/example_complex.py
[2024-04-14T17:51:08.214-0400] {processor.py:840} INFO - DAG(s) 'example_complex' retrieved from /Users/manideepakreddyaila/Desktop/projects/Legal_Insights_Engine/.venv/lib/python3.11/site-packages/airflow/example_dags/example_complex.py
[2024-04-14T17:51:08.254-0400] {logging_mixin.py:188} INFO - [2024-04-14T17:51:08.254-0400] {dag.py:3096} INFO - Sync 1 DAGs
[2024-04-14T17:51:08.257-0400] {logging_mixin.py:188} INFO - [2024-04-14T17:51:08.257-0400] {dag.py:3954} INFO - Setting next_dagrun for example_complex to None, run_after=None
[2024-04-14T17:51:08.263-0400] {processor.py:183} INFO - Processing /Users/manideepakreddyaila/Desktop/projects/Legal_Insights_Engine/.venv/lib/python3.11/site-packages/airflow/example_dags/example_complex.py took 0.082 seconds
[2024-04-14T17:53:03.037-0400] {processor.py:161} INFO - Started process (PID=36565) to work on /Users/manideepakreddyaila/Desktop/projects/Legal_Insights_Engine/.venv/lib/python3.11/site-packages/airflow/example_dags/example_complex.py
[2024-04-14T17:53:03.041-0400] {processor.py:830} INFO - Processing file /Users/manideepakreddyaila/Desktop/projects/Legal_Insights_Engine/.venv/lib/python3.11/site-packages/airflow/example_dags/example_complex.py for tasks to queue
[2024-04-14T17:53:03.041-0400] {logging_mixin.py:188} INFO - [2024-04-14T17:53:03.041-0400] {dagbag.py:540} INFO - Filling up the DagBag from /Users/manideepakreddyaila/Desktop/projects/Legal_Insights_Engine/.venv/lib/python3.11/site-packages/airflow/example_dags/example_complex.py
[2024-04-14T17:53:03.072-0400] {processor.py:840} INFO - DAG(s) 'example_complex' retrieved from /Users/manideepakreddyaila/Desktop/projects/Legal_Insights_Engine/.venv/lib/python3.11/site-packages/airflow/example_dags/example_complex.py
[2024-04-14T17:53:03.111-0400] {logging_mixin.py:188} INFO - [2024-04-14T17:53:03.111-0400] {dag.py:3096} INFO - Sync 1 DAGs
[2024-04-14T17:53:03.115-0400] {logging_mixin.py:188} INFO - [2024-04-14T17:53:03.115-0400] {dag.py:3954} INFO - Setting next_dagrun for example_complex to None, run_after=None
[2024-04-14T17:53:03.121-0400] {processor.py:183} INFO - Processing /Users/manideepakreddyaila/Desktop/projects/Legal_Insights_Engine/.venv/lib/python3.11/site-packages/airflow/example_dags/example_complex.py took 0.084 seconds
[2024-04-14T17:54:58.195-0400] {processor.py:161} INFO - Started process (PID=36668) to work on /Users/manideepakreddyaila/Desktop/projects/Legal_Insights_Engine/.venv/lib/python3.11/site-packages/airflow/example_dags/example_complex.py
[2024-04-14T17:54:58.196-0400] {processor.py:830} INFO - Processing file /Users/manideepakreddyaila/Desktop/projects/Legal_Insights_Engine/.venv/lib/python3.11/site-packages/airflow/example_dags/example_complex.py for tasks to queue
[2024-04-14T17:54:58.196-0400] {logging_mixin.py:188} INFO - [2024-04-14T17:54:58.196-0400] {dagbag.py:540} INFO - Filling up the DagBag from /Users/manideepakreddyaila/Desktop/projects/Legal_Insights_Engine/.venv/lib/python3.11/site-packages/airflow/example_dags/example_complex.py
[2024-04-14T17:54:58.226-0400] {processor.py:840} INFO - DAG(s) 'example_complex' retrieved from /Users/manideepakreddyaila/Desktop/projects/Legal_Insights_Engine/.venv/lib/python3.11/site-packages/airflow/example_dags/example_complex.py
[2024-04-14T17:54:58.265-0400] {logging_mixin.py:188} INFO - [2024-04-14T17:54:58.265-0400] {dag.py:3096} INFO - Sync 1 DAGs
[2024-04-14T17:54:58.268-0400] {logging_mixin.py:188} INFO - [2024-04-14T17:54:58.268-0400] {dag.py:3954} INFO - Setting next_dagrun for example_complex to None, run_after=None
[2024-04-14T17:54:58.275-0400] {processor.py:183} INFO - Processing /Users/manideepakreddyaila/Desktop/projects/Legal_Insights_Engine/.venv/lib/python3.11/site-packages/airflow/example_dags/example_complex.py took 0.081 seconds
[2024-04-14T17:56:51.368-0400] {processor.py:161} INFO - Started process (PID=36806) to work on /Users/manideepakreddyaila/Desktop/projects/Legal_Insights_Engine/.venv/lib/python3.11/site-packages/airflow/example_dags/example_complex.py
[2024-04-14T17:56:51.369-0400] {processor.py:830} INFO - Processing file /Users/manideepakreddyaila/Desktop/projects/Legal_Insights_Engine/.venv/lib/python3.11/site-packages/airflow/example_dags/example_complex.py for tasks to queue
[2024-04-14T17:56:51.370-0400] {logging_mixin.py:188} INFO - [2024-04-14T17:56:51.370-0400] {dagbag.py:540} INFO - Filling up the DagBag from /Users/manideepakreddyaila/Desktop/projects/Legal_Insights_Engine/.venv/lib/python3.11/site-packages/airflow/example_dags/example_complex.py
[2024-04-14T17:56:51.401-0400] {processor.py:840} INFO - DAG(s) 'example_complex' retrieved from /Users/manideepakreddyaila/Desktop/projects/Legal_Insights_Engine/.venv/lib/python3.11/site-packages/airflow/example_dags/example_complex.py
[2024-04-14T17:56:51.441-0400] {logging_mixin.py:188} INFO - [2024-04-14T17:56:51.441-0400] {dag.py:3096} INFO - Sync 1 DAGs
[2024-04-14T17:56:51.444-0400] {logging_mixin.py:188} INFO - [2024-04-14T17:56:51.444-0400] {dag.py:3954} INFO - Setting next_dagrun for example_complex to None, run_after=None
[2024-04-14T17:56:51.450-0400] {processor.py:183} INFO - Processing /Users/manideepakreddyaila/Desktop/projects/Legal_Insights_Engine/.venv/lib/python3.11/site-packages/airflow/example_dags/example_complex.py took 0.083 seconds
[2024-04-14T17:58:49.324-0400] {processor.py:161} INFO - Started process (PID=36905) to work on /Users/manideepakreddyaila/Desktop/projects/Legal_Insights_Engine/.venv/lib/python3.11/site-packages/airflow/example_dags/example_complex.py
[2024-04-14T17:58:49.328-0400] {processor.py:830} INFO - Processing file /Users/manideepakreddyaila/Desktop/projects/Legal_Insights_Engine/.venv/lib/python3.11/site-packages/airflow/example_dags/example_complex.py for tasks to queue
[2024-04-14T17:58:49.328-0400] {logging_mixin.py:188} INFO - [2024-04-14T17:58:49.328-0400] {dagbag.py:540} INFO - Filling up the DagBag from /Users/manideepakreddyaila/Desktop/projects/Legal_Insights_Engine/.venv/lib/python3.11/site-packages/airflow/example_dags/example_complex.py
[2024-04-14T17:58:49.359-0400] {processor.py:840} INFO - DAG(s) 'example_complex' retrieved from /Users/manideepakreddyaila/Desktop/projects/Legal_Insights_Engine/.venv/lib/python3.11/site-packages/airflow/example_dags/example_complex.py
[2024-04-14T17:58:49.400-0400] {logging_mixin.py:188} INFO - [2024-04-14T17:58:49.400-0400] {dag.py:3096} INFO - Sync 1 DAGs
[2024-04-14T17:58:49.403-0400] {logging_mixin.py:188} INFO - [2024-04-14T17:58:49.403-0400] {dag.py:3954} INFO - Setting next_dagrun for example_complex to None, run_after=None
[2024-04-14T17:58:49.411-0400] {processor.py:183} INFO - Processing /Users/manideepakreddyaila/Desktop/projects/Legal_Insights_Engine/.venv/lib/python3.11/site-packages/airflow/example_dags/example_complex.py took 0.088 seconds
[2024-04-14T18:00:42.749-0400] {processor.py:161} INFO - Started process (PID=37011) to work on /Users/manideepakreddyaila/Desktop/projects/Legal_Insights_Engine/.venv/lib/python3.11/site-packages/airflow/example_dags/example_complex.py
[2024-04-14T18:00:42.750-0400] {processor.py:830} INFO - Processing file /Users/manideepakreddyaila/Desktop/projects/Legal_Insights_Engine/.venv/lib/python3.11/site-packages/airflow/example_dags/example_complex.py for tasks to queue
[2024-04-14T18:00:42.750-0400] {logging_mixin.py:188} INFO - [2024-04-14T18:00:42.750-0400] {dagbag.py:540} INFO - Filling up the DagBag from /Users/manideepakreddyaila/Desktop/projects/Legal_Insights_Engine/.venv/lib/python3.11/site-packages/airflow/example_dags/example_complex.py
[2024-04-14T18:00:42.781-0400] {processor.py:840} INFO - DAG(s) 'example_complex' retrieved from /Users/manideepakreddyaila/Desktop/projects/Legal_Insights_Engine/.venv/lib/python3.11/site-packages/airflow/example_dags/example_complex.py
[2024-04-14T18:00:42.822-0400] {logging_mixin.py:188} INFO - [2024-04-14T18:00:42.822-0400] {dag.py:3096} INFO - Sync 1 DAGs
[2024-04-14T18:00:42.825-0400] {logging_mixin.py:188} INFO - [2024-04-14T18:00:42.825-0400] {dag.py:3954} INFO - Setting next_dagrun for example_complex to None, run_after=None
[2024-04-14T18:00:42.832-0400] {processor.py:183} INFO - Processing /Users/manideepakreddyaila/Desktop/projects/Legal_Insights_Engine/.venv/lib/python3.11/site-packages/airflow/example_dags/example_complex.py took 0.084 seconds
[2024-04-14T18:02:46.919-0400] {processor.py:161} INFO - Started process (PID=37107) to work on /Users/manideepakreddyaila/Desktop/projects/Legal_Insights_Engine/.venv/lib/python3.11/site-packages/airflow/example_dags/example_complex.py
[2024-04-14T18:02:46.920-0400] {processor.py:830} INFO - Processing file /Users/manideepakreddyaila/Desktop/projects/Legal_Insights_Engine/.venv/lib/python3.11/site-packages/airflow/example_dags/example_complex.py for tasks to queue
[2024-04-14T18:02:46.920-0400] {logging_mixin.py:188} INFO - [2024-04-14T18:02:46.920-0400] {dagbag.py:540} INFO - Filling up the DagBag from /Users/manideepakreddyaila/Desktop/projects/Legal_Insights_Engine/.venv/lib/python3.11/site-packages/airflow/example_dags/example_complex.py
[2024-04-14T18:02:46.951-0400] {processor.py:840} INFO - DAG(s) 'example_complex' retrieved from /Users/manideepakreddyaila/Desktop/projects/Legal_Insights_Engine/.venv/lib/python3.11/site-packages/airflow/example_dags/example_complex.py
[2024-04-14T18:02:46.991-0400] {logging_mixin.py:188} INFO - [2024-04-14T18:02:46.991-0400] {dag.py:3096} INFO - Sync 1 DAGs
[2024-04-14T18:02:46.994-0400] {logging_mixin.py:188} INFO - [2024-04-14T18:02:46.994-0400] {dag.py:3954} INFO - Setting next_dagrun for example_complex to None, run_after=None
[2024-04-14T18:02:47.000-0400] {processor.py:183} INFO - Processing /Users/manideepakreddyaila/Desktop/projects/Legal_Insights_Engine/.venv/lib/python3.11/site-packages/airflow/example_dags/example_complex.py took 0.083 seconds
[2024-04-14T18:04:42.456-0400] {processor.py:161} INFO - Started process (PID=37198) to work on /Users/manideepakreddyaila/Desktop/projects/Legal_Insights_Engine/.venv/lib/python3.11/site-packages/airflow/example_dags/example_complex.py
[2024-04-14T18:04:42.457-0400] {processor.py:830} INFO - Processing file /Users/manideepakreddyaila/Desktop/projects/Legal_Insights_Engine/.venv/lib/python3.11/site-packages/airflow/example_dags/example_complex.py for tasks to queue
[2024-04-14T18:04:42.457-0400] {logging_mixin.py:188} INFO - [2024-04-14T18:04:42.457-0400] {dagbag.py:540} INFO - Filling up the DagBag from /Users/manideepakreddyaila/Desktop/projects/Legal_Insights_Engine/.venv/lib/python3.11/site-packages/airflow/example_dags/example_complex.py
[2024-04-14T18:04:42.488-0400] {processor.py:840} INFO - DAG(s) 'example_complex' retrieved from /Users/manideepakreddyaila/Desktop/projects/Legal_Insights_Engine/.venv/lib/python3.11/site-packages/airflow/example_dags/example_complex.py
[2024-04-14T18:04:42.532-0400] {logging_mixin.py:188} INFO - [2024-04-14T18:04:42.531-0400] {dag.py:3096} INFO - Sync 1 DAGs
[2024-04-14T18:04:42.535-0400] {logging_mixin.py:188} INFO - [2024-04-14T18:04:42.535-0400] {dag.py:3954} INFO - Setting next_dagrun for example_complex to None, run_after=None
[2024-04-14T18:04:42.541-0400] {processor.py:183} INFO - Processing /Users/manideepakreddyaila/Desktop/projects/Legal_Insights_Engine/.venv/lib/python3.11/site-packages/airflow/example_dags/example_complex.py took 0.086 seconds
[2024-04-14T18:06:41.531-0400] {processor.py:161} INFO - Started process (PID=37295) to work on /Users/manideepakreddyaila/Desktop/projects/Legal_Insights_Engine/.venv/lib/python3.11/site-packages/airflow/example_dags/example_complex.py
[2024-04-14T18:06:41.532-0400] {processor.py:830} INFO - Processing file /Users/manideepakreddyaila/Desktop/projects/Legal_Insights_Engine/.venv/lib/python3.11/site-packages/airflow/example_dags/example_complex.py for tasks to queue
[2024-04-14T18:06:41.532-0400] {logging_mixin.py:188} INFO - [2024-04-14T18:06:41.532-0400] {dagbag.py:540} INFO - Filling up the DagBag from /Users/manideepakreddyaila/Desktop/projects/Legal_Insights_Engine/.venv/lib/python3.11/site-packages/airflow/example_dags/example_complex.py
[2024-04-14T18:06:41.563-0400] {processor.py:840} INFO - DAG(s) 'example_complex' retrieved from /Users/manideepakreddyaila/Desktop/projects/Legal_Insights_Engine/.venv/lib/python3.11/site-packages/airflow/example_dags/example_complex.py
[2024-04-14T18:06:41.606-0400] {logging_mixin.py:188} INFO - [2024-04-14T18:06:41.606-0400] {dag.py:3096} INFO - Sync 1 DAGs
[2024-04-14T18:06:41.609-0400] {logging_mixin.py:188} INFO - [2024-04-14T18:06:41.609-0400] {dag.py:3954} INFO - Setting next_dagrun for example_complex to None, run_after=None
[2024-04-14T18:06:41.615-0400] {processor.py:183} INFO - Processing /Users/manideepakreddyaila/Desktop/projects/Legal_Insights_Engine/.venv/lib/python3.11/site-packages/airflow/example_dags/example_complex.py took 0.085 seconds
[2024-04-14T18:08:38.469-0400] {processor.py:161} INFO - Started process (PID=37399) to work on /Users/manideepakreddyaila/Desktop/projects/Legal_Insights_Engine/.venv/lib/python3.11/site-packages/airflow/example_dags/example_complex.py
[2024-04-14T18:08:38.470-0400] {processor.py:830} INFO - Processing file /Users/manideepakreddyaila/Desktop/projects/Legal_Insights_Engine/.venv/lib/python3.11/site-packages/airflow/example_dags/example_complex.py for tasks to queue
[2024-04-14T18:08:38.470-0400] {logging_mixin.py:188} INFO - [2024-04-14T18:08:38.470-0400] {dagbag.py:540} INFO - Filling up the DagBag from /Users/manideepakreddyaila/Desktop/projects/Legal_Insights_Engine/.venv/lib/python3.11/site-packages/airflow/example_dags/example_complex.py
[2024-04-14T18:08:38.501-0400] {processor.py:840} INFO - DAG(s) 'example_complex' retrieved from /Users/manideepakreddyaila/Desktop/projects/Legal_Insights_Engine/.venv/lib/python3.11/site-packages/airflow/example_dags/example_complex.py
[2024-04-14T18:08:38.542-0400] {logging_mixin.py:188} INFO - [2024-04-14T18:08:38.542-0400] {dag.py:3096} INFO - Sync 1 DAGs
[2024-04-14T18:08:38.546-0400] {logging_mixin.py:188} INFO - [2024-04-14T18:08:38.546-0400] {dag.py:3954} INFO - Setting next_dagrun for example_complex to None, run_after=None
[2024-04-14T18:08:38.552-0400] {processor.py:183} INFO - Processing /Users/manideepakreddyaila/Desktop/projects/Legal_Insights_Engine/.venv/lib/python3.11/site-packages/airflow/example_dags/example_complex.py took 0.084 seconds
[2024-04-14T18:10:31.348-0400] {processor.py:161} INFO - Started process (PID=37489) to work on /Users/manideepakreddyaila/Desktop/projects/Legal_Insights_Engine/.venv/lib/python3.11/site-packages/airflow/example_dags/example_complex.py
[2024-04-14T18:10:31.349-0400] {processor.py:830} INFO - Processing file /Users/manideepakreddyaila/Desktop/projects/Legal_Insights_Engine/.venv/lib/python3.11/site-packages/airflow/example_dags/example_complex.py for tasks to queue
[2024-04-14T18:10:31.349-0400] {logging_mixin.py:188} INFO - [2024-04-14T18:10:31.349-0400] {dagbag.py:540} INFO - Filling up the DagBag from /Users/manideepakreddyaila/Desktop/projects/Legal_Insights_Engine/.venv/lib/python3.11/site-packages/airflow/example_dags/example_complex.py
[2024-04-14T18:10:31.379-0400] {processor.py:840} INFO - DAG(s) 'example_complex' retrieved from /Users/manideepakreddyaila/Desktop/projects/Legal_Insights_Engine/.venv/lib/python3.11/site-packages/airflow/example_dags/example_complex.py
[2024-04-14T18:10:31.419-0400] {logging_mixin.py:188} INFO - [2024-04-14T18:10:31.419-0400] {dag.py:3096} INFO - Sync 1 DAGs
[2024-04-14T18:10:31.422-0400] {logging_mixin.py:188} INFO - [2024-04-14T18:10:31.422-0400] {dag.py:3954} INFO - Setting next_dagrun for example_complex to None, run_after=None
[2024-04-14T18:10:31.428-0400] {processor.py:183} INFO - Processing /Users/manideepakreddyaila/Desktop/projects/Legal_Insights_Engine/.venv/lib/python3.11/site-packages/airflow/example_dags/example_complex.py took 0.082 seconds
[2024-04-14T18:12:28.605-0400] {processor.py:161} INFO - Started process (PID=37604) to work on /Users/manideepakreddyaila/Desktop/projects/Legal_Insights_Engine/.venv/lib/python3.11/site-packages/airflow/example_dags/example_complex.py
[2024-04-14T18:12:28.608-0400] {processor.py:830} INFO - Processing file /Users/manideepakreddyaila/Desktop/projects/Legal_Insights_Engine/.venv/lib/python3.11/site-packages/airflow/example_dags/example_complex.py for tasks to queue
[2024-04-14T18:12:28.608-0400] {logging_mixin.py:188} INFO - [2024-04-14T18:12:28.608-0400] {dagbag.py:540} INFO - Filling up the DagBag from /Users/manideepakreddyaila/Desktop/projects/Legal_Insights_Engine/.venv/lib/python3.11/site-packages/airflow/example_dags/example_complex.py
[2024-04-14T18:12:28.638-0400] {processor.py:840} INFO - DAG(s) 'example_complex' retrieved from /Users/manideepakreddyaila/Desktop/projects/Legal_Insights_Engine/.venv/lib/python3.11/site-packages/airflow/example_dags/example_complex.py
[2024-04-14T18:12:28.678-0400] {logging_mixin.py:188} INFO - [2024-04-14T18:12:28.678-0400] {dag.py:3096} INFO - Sync 1 DAGs
[2024-04-14T18:12:28.682-0400] {logging_mixin.py:188} INFO - [2024-04-14T18:12:28.682-0400] {dag.py:3954} INFO - Setting next_dagrun for example_complex to None, run_after=None
[2024-04-14T18:12:28.688-0400] {processor.py:183} INFO - Processing /Users/manideepakreddyaila/Desktop/projects/Legal_Insights_Engine/.venv/lib/python3.11/site-packages/airflow/example_dags/example_complex.py took 0.084 seconds
[2024-04-14T18:14:27.257-0400] {processor.py:161} INFO - Started process (PID=37701) to work on /Users/manideepakreddyaila/Desktop/projects/Legal_Insights_Engine/.venv/lib/python3.11/site-packages/airflow/example_dags/example_complex.py
[2024-04-14T18:14:27.259-0400] {processor.py:830} INFO - Processing file /Users/manideepakreddyaila/Desktop/projects/Legal_Insights_Engine/.venv/lib/python3.11/site-packages/airflow/example_dags/example_complex.py for tasks to queue
[2024-04-14T18:14:27.259-0400] {logging_mixin.py:188} INFO - [2024-04-14T18:14:27.259-0400] {dagbag.py:540} INFO - Filling up the DagBag from /Users/manideepakreddyaila/Desktop/projects/Legal_Insights_Engine/.venv/lib/python3.11/site-packages/airflow/example_dags/example_complex.py
[2024-04-14T18:14:27.289-0400] {processor.py:840} INFO - DAG(s) 'example_complex' retrieved from /Users/manideepakreddyaila/Desktop/projects/Legal_Insights_Engine/.venv/lib/python3.11/site-packages/airflow/example_dags/example_complex.py
[2024-04-14T18:14:27.328-0400] {logging_mixin.py:188} INFO - [2024-04-14T18:14:27.328-0400] {dag.py:3096} INFO - Sync 1 DAGs
[2024-04-14T18:14:27.332-0400] {logging_mixin.py:188} INFO - [2024-04-14T18:14:27.331-0400] {dag.py:3954} INFO - Setting next_dagrun for example_complex to None, run_after=None
[2024-04-14T18:14:27.337-0400] {processor.py:183} INFO - Processing /Users/manideepakreddyaila/Desktop/projects/Legal_Insights_Engine/.venv/lib/python3.11/site-packages/airflow/example_dags/example_complex.py took 0.081 seconds
[2024-04-14T18:16:27.943-0400] {processor.py:161} INFO - Started process (PID=37831) to work on /Users/manideepakreddyaila/Desktop/projects/Legal_Insights_Engine/.venv/lib/python3.11/site-packages/airflow/example_dags/example_complex.py
[2024-04-14T18:16:27.944-0400] {processor.py:830} INFO - Processing file /Users/manideepakreddyaila/Desktop/projects/Legal_Insights_Engine/.venv/lib/python3.11/site-packages/airflow/example_dags/example_complex.py for tasks to queue
[2024-04-14T18:16:27.945-0400] {logging_mixin.py:188} INFO - [2024-04-14T18:16:27.945-0400] {dagbag.py:540} INFO - Filling up the DagBag from /Users/manideepakreddyaila/Desktop/projects/Legal_Insights_Engine/.venv/lib/python3.11/site-packages/airflow/example_dags/example_complex.py
[2024-04-14T18:16:27.979-0400] {processor.py:840} INFO - DAG(s) 'example_complex' retrieved from /Users/manideepakreddyaila/Desktop/projects/Legal_Insights_Engine/.venv/lib/python3.11/site-packages/airflow/example_dags/example_complex.py
[2024-04-14T18:16:28.028-0400] {logging_mixin.py:188} INFO - [2024-04-14T18:16:28.028-0400] {dag.py:3096} INFO - Sync 1 DAGs
[2024-04-14T18:16:28.032-0400] {logging_mixin.py:188} INFO - [2024-04-14T18:16:28.032-0400] {dag.py:3954} INFO - Setting next_dagrun for example_complex to None, run_after=None
[2024-04-14T18:16:28.039-0400] {processor.py:183} INFO - Processing /Users/manideepakreddyaila/Desktop/projects/Legal_Insights_Engine/.venv/lib/python3.11/site-packages/airflow/example_dags/example_complex.py took 0.096 seconds
