[2024-04-13T20:07:20.969-0400] {processor.py:161} INFO - Started process (PID=31682) to work on /Users/manideepakreddyaila/Desktop/projects/Legal_Insights_Engine/.venv/lib/python3.11/site-packages/airflow/example_dags/example_dag_decorator.py
[2024-04-13T20:07:20.970-0400] {processor.py:830} INFO - Processing file /Users/manideepakreddyaila/Desktop/projects/Legal_Insights_Engine/.venv/lib/python3.11/site-packages/airflow/example_dags/example_dag_decorator.py for tasks to queue
[2024-04-13T20:07:20.970-0400] {logging_mixin.py:188} INFO - [2024-04-13T20:07:20.970-0400] {dagbag.py:540} INFO - Filling up the DagBag from /Users/manideepakreddyaila/Desktop/projects/Legal_Insights_Engine/.venv/lib/python3.11/site-packages/airflow/example_dags/example_dag_decorator.py
[2024-04-13T20:07:21.083-0400] {processor.py:840} INFO - DAG(s) 'example_dag_decorator' retrieved from /Users/manideepakreddyaila/Desktop/projects/Legal_Insights_Engine/.venv/lib/python3.11/site-packages/airflow/example_dags/example_dag_decorator.py
[2024-04-13T20:07:21.163-0400] {logging_mixin.py:188} INFO - [2024-04-13T20:07:21.163-0400] {dag.py:3096} INFO - Sync 1 DAGs
[2024-04-13T20:07:21.166-0400] {logging_mixin.py:188} INFO - [2024-04-13T20:07:21.166-0400] {dag.py:3954} INFO - Setting next_dagrun for example_dag_decorator to None, run_after=None
[2024-04-13T20:07:21.173-0400] {processor.py:183} INFO - Processing /Users/manideepakreddyaila/Desktop/projects/Legal_Insights_Engine/.venv/lib/python3.11/site-packages/airflow/example_dags/example_dag_decorator.py took 0.205 seconds
[2024-04-13T22:59:12.146-0400] {processor.py:161} INFO - Started process (PID=31922) to work on /Users/manideepakreddyaila/Desktop/projects/Legal_Insights_Engine/.venv/lib/python3.11/site-packages/airflow/example_dags/example_dag_decorator.py
[2024-04-13T22:59:12.148-0400] {processor.py:830} INFO - Processing file /Users/manideepakreddyaila/Desktop/projects/Legal_Insights_Engine/.venv/lib/python3.11/site-packages/airflow/example_dags/example_dag_decorator.py for tasks to queue
[2024-04-13T22:59:12.148-0400] {logging_mixin.py:188} INFO - [2024-04-13T22:59:12.148-0400] {dagbag.py:540} INFO - Filling up the DagBag from /Users/manideepakreddyaila/Desktop/projects/Legal_Insights_Engine/.venv/lib/python3.11/site-packages/airflow/example_dags/example_dag_decorator.py
[2024-04-13T22:59:12.257-0400] {processor.py:840} INFO - DAG(s) 'example_dag_decorator' retrieved from /Users/manideepakreddyaila/Desktop/projects/Legal_Insights_Engine/.venv/lib/python3.11/site-packages/airflow/example_dags/example_dag_decorator.py
[2024-04-13T22:59:12.334-0400] {logging_mixin.py:188} INFO - [2024-04-13T22:59:12.334-0400] {dag.py:3096} INFO - Sync 1 DAGs
[2024-04-13T22:59:12.337-0400] {logging_mixin.py:188} INFO - [2024-04-13T22:59:12.337-0400] {dag.py:3954} INFO - Setting next_dagrun for example_dag_decorator to None, run_after=None
[2024-04-13T22:59:12.343-0400] {processor.py:183} INFO - Processing /Users/manideepakreddyaila/Desktop/projects/Legal_Insights_Engine/.venv/lib/python3.11/site-packages/airflow/example_dags/example_dag_decorator.py took 0.198 seconds
[2024-04-14T01:30:42.522-0400] {processor.py:161} INFO - Started process (PID=32125) to work on /Users/manideepakreddyaila/Desktop/projects/Legal_Insights_Engine/.venv/lib/python3.11/site-packages/airflow/example_dags/example_dag_decorator.py
[2024-04-14T01:30:42.522-0400] {processor.py:830} INFO - Processing file /Users/manideepakreddyaila/Desktop/projects/Legal_Insights_Engine/.venv/lib/python3.11/site-packages/airflow/example_dags/example_dag_decorator.py for tasks to queue
[2024-04-14T01:30:42.523-0400] {logging_mixin.py:188} INFO - [2024-04-14T01:30:42.522-0400] {dagbag.py:540} INFO - Filling up the DagBag from /Users/manideepakreddyaila/Desktop/projects/Legal_Insights_Engine/.venv/lib/python3.11/site-packages/airflow/example_dags/example_dag_decorator.py
[2024-04-14T01:30:42.629-0400] {processor.py:840} INFO - DAG(s) 'example_dag_decorator' retrieved from /Users/manideepakreddyaila/Desktop/projects/Legal_Insights_Engine/.venv/lib/python3.11/site-packages/airflow/example_dags/example_dag_decorator.py
[2024-04-14T01:30:42.703-0400] {logging_mixin.py:188} INFO - [2024-04-14T01:30:42.703-0400] {dag.py:3096} INFO - Sync 1 DAGs
[2024-04-14T01:30:42.706-0400] {logging_mixin.py:188} INFO - [2024-04-14T01:30:42.706-0400] {dag.py:3954} INFO - Setting next_dagrun for example_dag_decorator to None, run_after=None
[2024-04-14T01:30:42.712-0400] {processor.py:183} INFO - Processing /Users/manideepakreddyaila/Desktop/projects/Legal_Insights_Engine/.venv/lib/python3.11/site-packages/airflow/example_dags/example_dag_decorator.py took 0.192 seconds
[2024-04-14T04:18:47.121-0400] {processor.py:161} INFO - Started process (PID=32397) to work on /Users/manideepakreddyaila/Desktop/projects/Legal_Insights_Engine/.venv/lib/python3.11/site-packages/airflow/example_dags/example_dag_decorator.py
[2024-04-14T04:18:47.122-0400] {processor.py:830} INFO - Processing file /Users/manideepakreddyaila/Desktop/projects/Legal_Insights_Engine/.venv/lib/python3.11/site-packages/airflow/example_dags/example_dag_decorator.py for tasks to queue
[2024-04-14T04:18:47.122-0400] {logging_mixin.py:188} INFO - [2024-04-14T04:18:47.122-0400] {dagbag.py:540} INFO - Filling up the DagBag from /Users/manideepakreddyaila/Desktop/projects/Legal_Insights_Engine/.venv/lib/python3.11/site-packages/airflow/example_dags/example_dag_decorator.py
[2024-04-14T04:18:47.232-0400] {processor.py:840} INFO - DAG(s) 'example_dag_decorator' retrieved from /Users/manideepakreddyaila/Desktop/projects/Legal_Insights_Engine/.venv/lib/python3.11/site-packages/airflow/example_dags/example_dag_decorator.py
[2024-04-14T04:18:47.310-0400] {logging_mixin.py:188} INFO - [2024-04-14T04:18:47.310-0400] {dag.py:3096} INFO - Sync 1 DAGs
[2024-04-14T04:18:47.313-0400] {logging_mixin.py:188} INFO - [2024-04-14T04:18:47.313-0400] {dag.py:3954} INFO - Setting next_dagrun for example_dag_decorator to None, run_after=None
[2024-04-14T04:18:47.320-0400] {processor.py:183} INFO - Processing /Users/manideepakreddyaila/Desktop/projects/Legal_Insights_Engine/.venv/lib/python3.11/site-packages/airflow/example_dags/example_dag_decorator.py took 0.199 seconds
[2024-04-14T07:09:41.494-0400] {processor.py:161} INFO - Started process (PID=32580) to work on /Users/manideepakreddyaila/Desktop/projects/Legal_Insights_Engine/.venv/lib/python3.11/site-packages/airflow/example_dags/example_dag_decorator.py
[2024-04-14T07:09:41.495-0400] {processor.py:830} INFO - Processing file /Users/manideepakreddyaila/Desktop/projects/Legal_Insights_Engine/.venv/lib/python3.11/site-packages/airflow/example_dags/example_dag_decorator.py for tasks to queue
[2024-04-14T07:09:41.495-0400] {logging_mixin.py:188} INFO - [2024-04-14T07:09:41.495-0400] {dagbag.py:540} INFO - Filling up the DagBag from /Users/manideepakreddyaila/Desktop/projects/Legal_Insights_Engine/.venv/lib/python3.11/site-packages/airflow/example_dags/example_dag_decorator.py
[2024-04-14T07:09:41.615-0400] {processor.py:840} INFO - DAG(s) 'example_dag_decorator' retrieved from /Users/manideepakreddyaila/Desktop/projects/Legal_Insights_Engine/.venv/lib/python3.11/site-packages/airflow/example_dags/example_dag_decorator.py
[2024-04-14T07:09:41.692-0400] {logging_mixin.py:188} INFO - [2024-04-14T07:09:41.692-0400] {dag.py:3096} INFO - Sync 1 DAGs
[2024-04-14T07:09:41.695-0400] {logging_mixin.py:188} INFO - [2024-04-14T07:09:41.695-0400] {dag.py:3954} INFO - Setting next_dagrun for example_dag_decorator to None, run_after=None
[2024-04-14T07:09:41.702-0400] {processor.py:183} INFO - Processing /Users/manideepakreddyaila/Desktop/projects/Legal_Insights_Engine/.venv/lib/python3.11/site-packages/airflow/example_dags/example_dag_decorator.py took 0.210 seconds
[2024-04-14T08:10:55.299-0400] {processor.py:161} INFO - Started process (PID=32745) to work on /Users/manideepakreddyaila/Desktop/projects/Legal_Insights_Engine/.venv/lib/python3.11/site-packages/airflow/example_dags/example_dag_decorator.py
[2024-04-14T08:10:55.300-0400] {processor.py:830} INFO - Processing file /Users/manideepakreddyaila/Desktop/projects/Legal_Insights_Engine/.venv/lib/python3.11/site-packages/airflow/example_dags/example_dag_decorator.py for tasks to queue
[2024-04-14T08:10:55.300-0400] {logging_mixin.py:188} INFO - [2024-04-14T08:10:55.300-0400] {dagbag.py:540} INFO - Filling up the DagBag from /Users/manideepakreddyaila/Desktop/projects/Legal_Insights_Engine/.venv/lib/python3.11/site-packages/airflow/example_dags/example_dag_decorator.py
[2024-04-14T08:10:55.411-0400] {processor.py:840} INFO - DAG(s) 'example_dag_decorator' retrieved from /Users/manideepakreddyaila/Desktop/projects/Legal_Insights_Engine/.venv/lib/python3.11/site-packages/airflow/example_dags/example_dag_decorator.py
[2024-04-14T08:10:55.487-0400] {logging_mixin.py:188} INFO - [2024-04-14T08:10:55.486-0400] {dag.py:3096} INFO - Sync 1 DAGs
[2024-04-14T08:10:55.490-0400] {logging_mixin.py:188} INFO - [2024-04-14T08:10:55.489-0400] {dag.py:3954} INFO - Setting next_dagrun for example_dag_decorator to None, run_after=None
[2024-04-14T08:10:55.496-0400] {processor.py:183} INFO - Processing /Users/manideepakreddyaila/Desktop/projects/Legal_Insights_Engine/.venv/lib/python3.11/site-packages/airflow/example_dags/example_dag_decorator.py took 0.198 seconds
[2024-04-14T08:16:01.129-0400] {processor.py:161} INFO - Started process (PID=32886) to work on /Users/manideepakreddyaila/Desktop/projects/Legal_Insights_Engine/.venv/lib/python3.11/site-packages/airflow/example_dags/example_dag_decorator.py
[2024-04-14T08:16:01.130-0400] {processor.py:830} INFO - Processing file /Users/manideepakreddyaila/Desktop/projects/Legal_Insights_Engine/.venv/lib/python3.11/site-packages/airflow/example_dags/example_dag_decorator.py for tasks to queue
[2024-04-14T08:16:01.131-0400] {logging_mixin.py:188} INFO - [2024-04-14T08:16:01.131-0400] {dagbag.py:540} INFO - Filling up the DagBag from /Users/manideepakreddyaila/Desktop/projects/Legal_Insights_Engine/.venv/lib/python3.11/site-packages/airflow/example_dags/example_dag_decorator.py
[2024-04-14T08:16:01.235-0400] {processor.py:840} INFO - DAG(s) 'example_dag_decorator' retrieved from /Users/manideepakreddyaila/Desktop/projects/Legal_Insights_Engine/.venv/lib/python3.11/site-packages/airflow/example_dags/example_dag_decorator.py
[2024-04-14T08:16:01.312-0400] {logging_mixin.py:188} INFO - [2024-04-14T08:16:01.312-0400] {dag.py:3096} INFO - Sync 1 DAGs
[2024-04-14T08:16:01.315-0400] {logging_mixin.py:188} INFO - [2024-04-14T08:16:01.315-0400] {dag.py:3954} INFO - Setting next_dagrun for example_dag_decorator to None, run_after=None
[2024-04-14T08:16:01.322-0400] {processor.py:183} INFO - Processing /Users/manideepakreddyaila/Desktop/projects/Legal_Insights_Engine/.venv/lib/python3.11/site-packages/airflow/example_dags/example_dag_decorator.py took 0.193 seconds
[2024-04-14T08:39:31.277-0400] {processor.py:161} INFO - Started process (PID=32984) to work on /Users/manideepakreddyaila/Desktop/projects/Legal_Insights_Engine/.venv/lib/python3.11/site-packages/airflow/example_dags/example_dag_decorator.py
[2024-04-14T08:39:31.278-0400] {processor.py:830} INFO - Processing file /Users/manideepakreddyaila/Desktop/projects/Legal_Insights_Engine/.venv/lib/python3.11/site-packages/airflow/example_dags/example_dag_decorator.py for tasks to queue
[2024-04-14T08:39:31.278-0400] {logging_mixin.py:188} INFO - [2024-04-14T08:39:31.278-0400] {dagbag.py:540} INFO - Filling up the DagBag from /Users/manideepakreddyaila/Desktop/projects/Legal_Insights_Engine/.venv/lib/python3.11/site-packages/airflow/example_dags/example_dag_decorator.py
[2024-04-14T08:39:31.387-0400] {processor.py:840} INFO - DAG(s) 'example_dag_decorator' retrieved from /Users/manideepakreddyaila/Desktop/projects/Legal_Insights_Engine/.venv/lib/python3.11/site-packages/airflow/example_dags/example_dag_decorator.py
[2024-04-14T08:39:31.464-0400] {logging_mixin.py:188} INFO - [2024-04-14T08:39:31.464-0400] {dag.py:3096} INFO - Sync 1 DAGs
[2024-04-14T08:39:31.466-0400] {logging_mixin.py:188} INFO - [2024-04-14T08:39:31.466-0400] {dag.py:3954} INFO - Setting next_dagrun for example_dag_decorator to None, run_after=None
[2024-04-14T08:39:31.473-0400] {processor.py:183} INFO - Processing /Users/manideepakreddyaila/Desktop/projects/Legal_Insights_Engine/.venv/lib/python3.11/site-packages/airflow/example_dags/example_dag_decorator.py took 0.197 seconds
[2024-04-14T12:02:33.327-0400] {processor.py:161} INFO - Started process (PID=33174) to work on /Users/manideepakreddyaila/Desktop/projects/Legal_Insights_Engine/.venv/lib/python3.11/site-packages/airflow/example_dags/example_dag_decorator.py
[2024-04-14T12:02:33.328-0400] {processor.py:830} INFO - Processing file /Users/manideepakreddyaila/Desktop/projects/Legal_Insights_Engine/.venv/lib/python3.11/site-packages/airflow/example_dags/example_dag_decorator.py for tasks to queue
[2024-04-14T12:02:33.328-0400] {logging_mixin.py:188} INFO - [2024-04-14T12:02:33.328-0400] {dagbag.py:540} INFO - Filling up the DagBag from /Users/manideepakreddyaila/Desktop/projects/Legal_Insights_Engine/.venv/lib/python3.11/site-packages/airflow/example_dags/example_dag_decorator.py
[2024-04-14T12:02:33.441-0400] {processor.py:840} INFO - DAG(s) 'example_dag_decorator' retrieved from /Users/manideepakreddyaila/Desktop/projects/Legal_Insights_Engine/.venv/lib/python3.11/site-packages/airflow/example_dags/example_dag_decorator.py
[2024-04-14T12:02:33.519-0400] {logging_mixin.py:188} INFO - [2024-04-14T12:02:33.519-0400] {dag.py:3096} INFO - Sync 1 DAGs
[2024-04-14T12:02:33.522-0400] {logging_mixin.py:188} INFO - [2024-04-14T12:02:33.522-0400] {dag.py:3954} INFO - Setting next_dagrun for example_dag_decorator to None, run_after=None
[2024-04-14T12:02:33.528-0400] {processor.py:183} INFO - Processing /Users/manideepakreddyaila/Desktop/projects/Legal_Insights_Engine/.venv/lib/python3.11/site-packages/airflow/example_dags/example_dag_decorator.py took 0.203 seconds
[2024-04-14T12:07:56.584-0400] {processor.py:161} INFO - Started process (PID=33282) to work on /Users/manideepakreddyaila/Desktop/projects/Legal_Insights_Engine/.venv/lib/python3.11/site-packages/airflow/example_dags/example_dag_decorator.py
[2024-04-14T12:07:56.585-0400] {processor.py:830} INFO - Processing file /Users/manideepakreddyaila/Desktop/projects/Legal_Insights_Engine/.venv/lib/python3.11/site-packages/airflow/example_dags/example_dag_decorator.py for tasks to queue
[2024-04-14T12:07:56.585-0400] {logging_mixin.py:188} INFO - [2024-04-14T12:07:56.585-0400] {dagbag.py:540} INFO - Filling up the DagBag from /Users/manideepakreddyaila/Desktop/projects/Legal_Insights_Engine/.venv/lib/python3.11/site-packages/airflow/example_dags/example_dag_decorator.py
[2024-04-14T12:07:56.811-0400] {processor.py:840} INFO - DAG(s) 'example_dag_decorator' retrieved from /Users/manideepakreddyaila/Desktop/projects/Legal_Insights_Engine/.venv/lib/python3.11/site-packages/airflow/example_dags/example_dag_decorator.py
[2024-04-14T12:07:56.945-0400] {logging_mixin.py:188} INFO - [2024-04-14T12:07:56.945-0400] {dag.py:3096} INFO - Sync 1 DAGs
[2024-04-14T12:07:56.950-0400] {logging_mixin.py:188} INFO - [2024-04-14T12:07:56.950-0400] {dag.py:3954} INFO - Setting next_dagrun for example_dag_decorator to None, run_after=None
[2024-04-14T12:07:56.969-0400] {processor.py:183} INFO - Processing /Users/manideepakreddyaila/Desktop/projects/Legal_Insights_Engine/.venv/lib/python3.11/site-packages/airflow/example_dags/example_dag_decorator.py took 0.387 seconds
[2024-04-14T16:17:18.451-0400] {processor.py:161} INFO - Started process (PID=33654) to work on /Users/manideepakreddyaila/Desktop/projects/Legal_Insights_Engine/.venv/lib/python3.11/site-packages/airflow/example_dags/example_dag_decorator.py
[2024-04-14T16:17:18.452-0400] {processor.py:830} INFO - Processing file /Users/manideepakreddyaila/Desktop/projects/Legal_Insights_Engine/.venv/lib/python3.11/site-packages/airflow/example_dags/example_dag_decorator.py for tasks to queue
[2024-04-14T16:17:18.452-0400] {logging_mixin.py:188} INFO - [2024-04-14T16:17:18.452-0400] {dagbag.py:540} INFO - Filling up the DagBag from /Users/manideepakreddyaila/Desktop/projects/Legal_Insights_Engine/.venv/lib/python3.11/site-packages/airflow/example_dags/example_dag_decorator.py
[2024-04-14T16:17:18.562-0400] {processor.py:840} INFO - DAG(s) 'example_dag_decorator' retrieved from /Users/manideepakreddyaila/Desktop/projects/Legal_Insights_Engine/.venv/lib/python3.11/site-packages/airflow/example_dags/example_dag_decorator.py
[2024-04-14T16:17:18.643-0400] {logging_mixin.py:188} INFO - [2024-04-14T16:17:18.643-0400] {dag.py:3096} INFO - Sync 1 DAGs
[2024-04-14T16:17:18.646-0400] {logging_mixin.py:188} INFO - [2024-04-14T16:17:18.646-0400] {dag.py:3954} INFO - Setting next_dagrun for example_dag_decorator to None, run_after=None
[2024-04-14T16:17:18.653-0400] {processor.py:183} INFO - Processing /Users/manideepakreddyaila/Desktop/projects/Legal_Insights_Engine/.venv/lib/python3.11/site-packages/airflow/example_dags/example_dag_decorator.py took 0.203 seconds
[2024-04-14T16:37:19.923-0400] {processor.py:161} INFO - Started process (PID=33782) to work on /Users/manideepakreddyaila/Desktop/projects/Legal_Insights_Engine/.venv/lib/python3.11/site-packages/airflow/example_dags/example_dag_decorator.py
[2024-04-14T16:37:19.924-0400] {processor.py:830} INFO - Processing file /Users/manideepakreddyaila/Desktop/projects/Legal_Insights_Engine/.venv/lib/python3.11/site-packages/airflow/example_dags/example_dag_decorator.py for tasks to queue
[2024-04-14T16:37:19.924-0400] {logging_mixin.py:188} INFO - [2024-04-14T16:37:19.924-0400] {dagbag.py:540} INFO - Filling up the DagBag from /Users/manideepakreddyaila/Desktop/projects/Legal_Insights_Engine/.venv/lib/python3.11/site-packages/airflow/example_dags/example_dag_decorator.py
[2024-04-14T16:37:20.034-0400] {processor.py:840} INFO - DAG(s) 'example_dag_decorator' retrieved from /Users/manideepakreddyaila/Desktop/projects/Legal_Insights_Engine/.venv/lib/python3.11/site-packages/airflow/example_dags/example_dag_decorator.py
[2024-04-14T16:37:20.107-0400] {logging_mixin.py:188} INFO - [2024-04-14T16:37:20.107-0400] {dag.py:3096} INFO - Sync 1 DAGs
[2024-04-14T16:37:20.110-0400] {logging_mixin.py:188} INFO - [2024-04-14T16:37:20.110-0400] {dag.py:3954} INFO - Setting next_dagrun for example_dag_decorator to None, run_after=None
[2024-04-14T16:37:20.116-0400] {processor.py:183} INFO - Processing /Users/manideepakreddyaila/Desktop/projects/Legal_Insights_Engine/.venv/lib/python3.11/site-packages/airflow/example_dags/example_dag_decorator.py took 0.194 seconds
[2024-04-14T16:39:21.641-0400] {processor.py:161} INFO - Started process (PID=33874) to work on /Users/manideepakreddyaila/Desktop/projects/Legal_Insights_Engine/.venv/lib/python3.11/site-packages/airflow/example_dags/example_dag_decorator.py
[2024-04-14T16:39:21.641-0400] {processor.py:830} INFO - Processing file /Users/manideepakreddyaila/Desktop/projects/Legal_Insights_Engine/.venv/lib/python3.11/site-packages/airflow/example_dags/example_dag_decorator.py for tasks to queue
[2024-04-14T16:39:21.642-0400] {logging_mixin.py:188} INFO - [2024-04-14T16:39:21.641-0400] {dagbag.py:540} INFO - Filling up the DagBag from /Users/manideepakreddyaila/Desktop/projects/Legal_Insights_Engine/.venv/lib/python3.11/site-packages/airflow/example_dags/example_dag_decorator.py
[2024-04-14T16:39:21.753-0400] {processor.py:840} INFO - DAG(s) 'example_dag_decorator' retrieved from /Users/manideepakreddyaila/Desktop/projects/Legal_Insights_Engine/.venv/lib/python3.11/site-packages/airflow/example_dags/example_dag_decorator.py
[2024-04-14T16:39:21.832-0400] {logging_mixin.py:188} INFO - [2024-04-14T16:39:21.832-0400] {dag.py:3096} INFO - Sync 1 DAGs
[2024-04-14T16:39:21.835-0400] {logging_mixin.py:188} INFO - [2024-04-14T16:39:21.835-0400] {dag.py:3954} INFO - Setting next_dagrun for example_dag_decorator to None, run_after=None
[2024-04-14T16:39:21.842-0400] {processor.py:183} INFO - Processing /Users/manideepakreddyaila/Desktop/projects/Legal_Insights_Engine/.venv/lib/python3.11/site-packages/airflow/example_dags/example_dag_decorator.py took 0.203 seconds
[2024-04-14T16:41:16.968-0400] {processor.py:161} INFO - Started process (PID=33973) to work on /Users/manideepakreddyaila/Desktop/projects/Legal_Insights_Engine/.venv/lib/python3.11/site-packages/airflow/example_dags/example_dag_decorator.py
[2024-04-14T16:41:16.969-0400] {processor.py:830} INFO - Processing file /Users/manideepakreddyaila/Desktop/projects/Legal_Insights_Engine/.venv/lib/python3.11/site-packages/airflow/example_dags/example_dag_decorator.py for tasks to queue
[2024-04-14T16:41:16.969-0400] {logging_mixin.py:188} INFO - [2024-04-14T16:41:16.969-0400] {dagbag.py:540} INFO - Filling up the DagBag from /Users/manideepakreddyaila/Desktop/projects/Legal_Insights_Engine/.venv/lib/python3.11/site-packages/airflow/example_dags/example_dag_decorator.py
[2024-04-14T16:41:17.079-0400] {processor.py:840} INFO - DAG(s) 'example_dag_decorator' retrieved from /Users/manideepakreddyaila/Desktop/projects/Legal_Insights_Engine/.venv/lib/python3.11/site-packages/airflow/example_dags/example_dag_decorator.py
[2024-04-14T16:41:17.159-0400] {logging_mixin.py:188} INFO - [2024-04-14T16:41:17.159-0400] {dag.py:3096} INFO - Sync 1 DAGs
[2024-04-14T16:41:17.162-0400] {logging_mixin.py:188} INFO - [2024-04-14T16:41:17.162-0400] {dag.py:3954} INFO - Setting next_dagrun for example_dag_decorator to None, run_after=None
[2024-04-14T16:41:17.169-0400] {processor.py:183} INFO - Processing /Users/manideepakreddyaila/Desktop/projects/Legal_Insights_Engine/.venv/lib/python3.11/site-packages/airflow/example_dags/example_dag_decorator.py took 0.202 seconds
[2024-04-14T16:43:11.215-0400] {processor.py:161} INFO - Started process (PID=34073) to work on /Users/manideepakreddyaila/Desktop/projects/Legal_Insights_Engine/.venv/lib/python3.11/site-packages/airflow/example_dags/example_dag_decorator.py
[2024-04-14T16:43:11.216-0400] {processor.py:830} INFO - Processing file /Users/manideepakreddyaila/Desktop/projects/Legal_Insights_Engine/.venv/lib/python3.11/site-packages/airflow/example_dags/example_dag_decorator.py for tasks to queue
[2024-04-14T16:43:11.216-0400] {logging_mixin.py:188} INFO - [2024-04-14T16:43:11.216-0400] {dagbag.py:540} INFO - Filling up the DagBag from /Users/manideepakreddyaila/Desktop/projects/Legal_Insights_Engine/.venv/lib/python3.11/site-packages/airflow/example_dags/example_dag_decorator.py
[2024-04-14T16:43:11.325-0400] {processor.py:840} INFO - DAG(s) 'example_dag_decorator' retrieved from /Users/manideepakreddyaila/Desktop/projects/Legal_Insights_Engine/.venv/lib/python3.11/site-packages/airflow/example_dags/example_dag_decorator.py
[2024-04-14T16:43:11.405-0400] {logging_mixin.py:188} INFO - [2024-04-14T16:43:11.404-0400] {dag.py:3096} INFO - Sync 1 DAGs
[2024-04-14T16:43:11.408-0400] {logging_mixin.py:188} INFO - [2024-04-14T16:43:11.407-0400] {dag.py:3954} INFO - Setting next_dagrun for example_dag_decorator to None, run_after=None
[2024-04-14T16:43:11.414-0400] {processor.py:183} INFO - Processing /Users/manideepakreddyaila/Desktop/projects/Legal_Insights_Engine/.venv/lib/python3.11/site-packages/airflow/example_dags/example_dag_decorator.py took 0.200 seconds
[2024-04-14T16:45:12.240-0400] {processor.py:161} INFO - Started process (PID=34173) to work on /Users/manideepakreddyaila/Desktop/projects/Legal_Insights_Engine/.venv/lib/python3.11/site-packages/airflow/example_dags/example_dag_decorator.py
[2024-04-14T16:45:12.241-0400] {processor.py:830} INFO - Processing file /Users/manideepakreddyaila/Desktop/projects/Legal_Insights_Engine/.venv/lib/python3.11/site-packages/airflow/example_dags/example_dag_decorator.py for tasks to queue
[2024-04-14T16:45:12.241-0400] {logging_mixin.py:188} INFO - [2024-04-14T16:45:12.241-0400] {dagbag.py:540} INFO - Filling up the DagBag from /Users/manideepakreddyaila/Desktop/projects/Legal_Insights_Engine/.venv/lib/python3.11/site-packages/airflow/example_dags/example_dag_decorator.py
[2024-04-14T16:45:12.351-0400] {processor.py:840} INFO - DAG(s) 'example_dag_decorator' retrieved from /Users/manideepakreddyaila/Desktop/projects/Legal_Insights_Engine/.venv/lib/python3.11/site-packages/airflow/example_dags/example_dag_decorator.py
[2024-04-14T16:45:12.428-0400] {logging_mixin.py:188} INFO - [2024-04-14T16:45:12.428-0400] {dag.py:3096} INFO - Sync 1 DAGs
[2024-04-14T16:45:12.431-0400] {logging_mixin.py:188} INFO - [2024-04-14T16:45:12.431-0400] {dag.py:3954} INFO - Setting next_dagrun for example_dag_decorator to None, run_after=None
[2024-04-14T16:45:12.438-0400] {processor.py:183} INFO - Processing /Users/manideepakreddyaila/Desktop/projects/Legal_Insights_Engine/.venv/lib/python3.11/site-packages/airflow/example_dags/example_dag_decorator.py took 0.199 seconds
[2024-04-14T16:47:12.565-0400] {processor.py:161} INFO - Started process (PID=34285) to work on /Users/manideepakreddyaila/Desktop/projects/Legal_Insights_Engine/.venv/lib/python3.11/site-packages/airflow/example_dags/example_dag_decorator.py
[2024-04-14T16:47:12.566-0400] {processor.py:830} INFO - Processing file /Users/manideepakreddyaila/Desktop/projects/Legal_Insights_Engine/.venv/lib/python3.11/site-packages/airflow/example_dags/example_dag_decorator.py for tasks to queue
[2024-04-14T16:47:12.566-0400] {logging_mixin.py:188} INFO - [2024-04-14T16:47:12.566-0400] {dagbag.py:540} INFO - Filling up the DagBag from /Users/manideepakreddyaila/Desktop/projects/Legal_Insights_Engine/.venv/lib/python3.11/site-packages/airflow/example_dags/example_dag_decorator.py
[2024-04-14T16:47:12.676-0400] {processor.py:840} INFO - DAG(s) 'example_dag_decorator' retrieved from /Users/manideepakreddyaila/Desktop/projects/Legal_Insights_Engine/.venv/lib/python3.11/site-packages/airflow/example_dags/example_dag_decorator.py
[2024-04-14T16:47:12.754-0400] {logging_mixin.py:188} INFO - [2024-04-14T16:47:12.754-0400] {dag.py:3096} INFO - Sync 1 DAGs
[2024-04-14T16:47:12.757-0400] {logging_mixin.py:188} INFO - [2024-04-14T16:47:12.757-0400] {dag.py:3954} INFO - Setting next_dagrun for example_dag_decorator to None, run_after=None
[2024-04-14T16:47:12.764-0400] {processor.py:183} INFO - Processing /Users/manideepakreddyaila/Desktop/projects/Legal_Insights_Engine/.venv/lib/python3.11/site-packages/airflow/example_dags/example_dag_decorator.py took 0.200 seconds
[2024-04-14T16:49:07.005-0400] {processor.py:161} INFO - Started process (PID=34382) to work on /Users/manideepakreddyaila/Desktop/projects/Legal_Insights_Engine/.venv/lib/python3.11/site-packages/airflow/example_dags/example_dag_decorator.py
[2024-04-14T16:49:07.006-0400] {processor.py:830} INFO - Processing file /Users/manideepakreddyaila/Desktop/projects/Legal_Insights_Engine/.venv/lib/python3.11/site-packages/airflow/example_dags/example_dag_decorator.py for tasks to queue
[2024-04-14T16:49:07.006-0400] {logging_mixin.py:188} INFO - [2024-04-14T16:49:07.006-0400] {dagbag.py:540} INFO - Filling up the DagBag from /Users/manideepakreddyaila/Desktop/projects/Legal_Insights_Engine/.venv/lib/python3.11/site-packages/airflow/example_dags/example_dag_decorator.py
[2024-04-14T16:49:07.119-0400] {processor.py:840} INFO - DAG(s) 'example_dag_decorator' retrieved from /Users/manideepakreddyaila/Desktop/projects/Legal_Insights_Engine/.venv/lib/python3.11/site-packages/airflow/example_dags/example_dag_decorator.py
[2024-04-14T16:49:07.201-0400] {logging_mixin.py:188} INFO - [2024-04-14T16:49:07.201-0400] {dag.py:3096} INFO - Sync 1 DAGs
[2024-04-14T16:49:07.204-0400] {logging_mixin.py:188} INFO - [2024-04-14T16:49:07.204-0400] {dag.py:3954} INFO - Setting next_dagrun for example_dag_decorator to None, run_after=None
[2024-04-14T16:49:07.211-0400] {processor.py:183} INFO - Processing /Users/manideepakreddyaila/Desktop/projects/Legal_Insights_Engine/.venv/lib/python3.11/site-packages/airflow/example_dags/example_dag_decorator.py took 0.207 seconds
[2024-04-14T17:16:09.044-0400] {processor.py:161} INFO - Started process (PID=34628) to work on /Users/manideepakreddyaila/Desktop/projects/Legal_Insights_Engine/.venv/lib/python3.11/site-packages/airflow/example_dags/example_dag_decorator.py
[2024-04-14T17:16:09.044-0400] {processor.py:830} INFO - Processing file /Users/manideepakreddyaila/Desktop/projects/Legal_Insights_Engine/.venv/lib/python3.11/site-packages/airflow/example_dags/example_dag_decorator.py for tasks to queue
[2024-04-14T17:16:09.045-0400] {logging_mixin.py:188} INFO - [2024-04-14T17:16:09.045-0400] {dagbag.py:540} INFO - Filling up the DagBag from /Users/manideepakreddyaila/Desktop/projects/Legal_Insights_Engine/.venv/lib/python3.11/site-packages/airflow/example_dags/example_dag_decorator.py
[2024-04-14T17:16:09.159-0400] {processor.py:840} INFO - DAG(s) 'example_dag_decorator' retrieved from /Users/manideepakreddyaila/Desktop/projects/Legal_Insights_Engine/.venv/lib/python3.11/site-packages/airflow/example_dags/example_dag_decorator.py
[2024-04-14T17:16:09.241-0400] {logging_mixin.py:188} INFO - [2024-04-14T17:16:09.241-0400] {dag.py:3096} INFO - Sync 1 DAGs
[2024-04-14T17:16:09.244-0400] {logging_mixin.py:188} INFO - [2024-04-14T17:16:09.244-0400] {dag.py:3954} INFO - Setting next_dagrun for example_dag_decorator to None, run_after=None
[2024-04-14T17:16:09.251-0400] {processor.py:183} INFO - Processing /Users/manideepakreddyaila/Desktop/projects/Legal_Insights_Engine/.venv/lib/python3.11/site-packages/airflow/example_dags/example_dag_decorator.py took 0.208 seconds
[2024-04-14T17:18:10.620-0400] {processor.py:161} INFO - Started process (PID=34801) to work on /Users/manideepakreddyaila/Desktop/projects/Legal_Insights_Engine/.venv/lib/python3.11/site-packages/airflow/example_dags/example_dag_decorator.py
[2024-04-14T17:18:10.621-0400] {processor.py:830} INFO - Processing file /Users/manideepakreddyaila/Desktop/projects/Legal_Insights_Engine/.venv/lib/python3.11/site-packages/airflow/example_dags/example_dag_decorator.py for tasks to queue
[2024-04-14T17:18:10.621-0400] {logging_mixin.py:188} INFO - [2024-04-14T17:18:10.621-0400] {dagbag.py:540} INFO - Filling up the DagBag from /Users/manideepakreddyaila/Desktop/projects/Legal_Insights_Engine/.venv/lib/python3.11/site-packages/airflow/example_dags/example_dag_decorator.py
[2024-04-14T17:18:10.733-0400] {processor.py:840} INFO - DAG(s) 'example_dag_decorator' retrieved from /Users/manideepakreddyaila/Desktop/projects/Legal_Insights_Engine/.venv/lib/python3.11/site-packages/airflow/example_dags/example_dag_decorator.py
[2024-04-14T17:18:10.809-0400] {logging_mixin.py:188} INFO - [2024-04-14T17:18:10.809-0400] {dag.py:3096} INFO - Sync 1 DAGs
[2024-04-14T17:18:10.812-0400] {logging_mixin.py:188} INFO - [2024-04-14T17:18:10.812-0400] {dag.py:3954} INFO - Setting next_dagrun for example_dag_decorator to None, run_after=None
[2024-04-14T17:18:10.819-0400] {processor.py:183} INFO - Processing /Users/manideepakreddyaila/Desktop/projects/Legal_Insights_Engine/.venv/lib/python3.11/site-packages/airflow/example_dags/example_dag_decorator.py took 0.199 seconds
[2024-04-14T17:20:03.870-0400] {processor.py:161} INFO - Started process (PID=34910) to work on /Users/manideepakreddyaila/Desktop/projects/Legal_Insights_Engine/.venv/lib/python3.11/site-packages/airflow/example_dags/example_dag_decorator.py
[2024-04-14T17:20:03.871-0400] {processor.py:830} INFO - Processing file /Users/manideepakreddyaila/Desktop/projects/Legal_Insights_Engine/.venv/lib/python3.11/site-packages/airflow/example_dags/example_dag_decorator.py for tasks to queue
[2024-04-14T17:20:03.871-0400] {logging_mixin.py:188} INFO - [2024-04-14T17:20:03.871-0400] {dagbag.py:540} INFO - Filling up the DagBag from /Users/manideepakreddyaila/Desktop/projects/Legal_Insights_Engine/.venv/lib/python3.11/site-packages/airflow/example_dags/example_dag_decorator.py
[2024-04-14T17:20:03.982-0400] {processor.py:840} INFO - DAG(s) 'example_dag_decorator' retrieved from /Users/manideepakreddyaila/Desktop/projects/Legal_Insights_Engine/.venv/lib/python3.11/site-packages/airflow/example_dags/example_dag_decorator.py
[2024-04-14T17:20:04.061-0400] {logging_mixin.py:188} INFO - [2024-04-14T17:20:04.061-0400] {dag.py:3096} INFO - Sync 1 DAGs
[2024-04-14T17:20:04.064-0400] {logging_mixin.py:188} INFO - [2024-04-14T17:20:04.064-0400] {dag.py:3954} INFO - Setting next_dagrun for example_dag_decorator to None, run_after=None
[2024-04-14T17:20:04.071-0400] {processor.py:183} INFO - Processing /Users/manideepakreddyaila/Desktop/projects/Legal_Insights_Engine/.venv/lib/python3.11/site-packages/airflow/example_dags/example_dag_decorator.py took 0.202 seconds
[2024-04-14T17:22:01.107-0400] {processor.py:161} INFO - Started process (PID=35004) to work on /Users/manideepakreddyaila/Desktop/projects/Legal_Insights_Engine/.venv/lib/python3.11/site-packages/airflow/example_dags/example_dag_decorator.py
[2024-04-14T17:22:01.107-0400] {processor.py:830} INFO - Processing file /Users/manideepakreddyaila/Desktop/projects/Legal_Insights_Engine/.venv/lib/python3.11/site-packages/airflow/example_dags/example_dag_decorator.py for tasks to queue
[2024-04-14T17:22:01.107-0400] {logging_mixin.py:188} INFO - [2024-04-14T17:22:01.107-0400] {dagbag.py:540} INFO - Filling up the DagBag from /Users/manideepakreddyaila/Desktop/projects/Legal_Insights_Engine/.venv/lib/python3.11/site-packages/airflow/example_dags/example_dag_decorator.py
[2024-04-14T17:22:01.222-0400] {processor.py:840} INFO - DAG(s) 'example_dag_decorator' retrieved from /Users/manideepakreddyaila/Desktop/projects/Legal_Insights_Engine/.venv/lib/python3.11/site-packages/airflow/example_dags/example_dag_decorator.py
[2024-04-14T17:22:01.301-0400] {logging_mixin.py:188} INFO - [2024-04-14T17:22:01.301-0400] {dag.py:3096} INFO - Sync 1 DAGs
[2024-04-14T17:22:01.304-0400] {logging_mixin.py:188} INFO - [2024-04-14T17:22:01.304-0400] {dag.py:3954} INFO - Setting next_dagrun for example_dag_decorator to None, run_after=None
[2024-04-14T17:22:01.312-0400] {processor.py:183} INFO - Processing /Users/manideepakreddyaila/Desktop/projects/Legal_Insights_Engine/.venv/lib/python3.11/site-packages/airflow/example_dags/example_dag_decorator.py took 0.207 seconds
[2024-04-14T17:23:53.206-0400] {processor.py:161} INFO - Started process (PID=35095) to work on /Users/manideepakreddyaila/Desktop/projects/Legal_Insights_Engine/.venv/lib/python3.11/site-packages/airflow/example_dags/example_dag_decorator.py
[2024-04-14T17:23:53.207-0400] {processor.py:830} INFO - Processing file /Users/manideepakreddyaila/Desktop/projects/Legal_Insights_Engine/.venv/lib/python3.11/site-packages/airflow/example_dags/example_dag_decorator.py for tasks to queue
[2024-04-14T17:23:53.207-0400] {logging_mixin.py:188} INFO - [2024-04-14T17:23:53.207-0400] {dagbag.py:540} INFO - Filling up the DagBag from /Users/manideepakreddyaila/Desktop/projects/Legal_Insights_Engine/.venv/lib/python3.11/site-packages/airflow/example_dags/example_dag_decorator.py
[2024-04-14T17:23:53.317-0400] {processor.py:840} INFO - DAG(s) 'example_dag_decorator' retrieved from /Users/manideepakreddyaila/Desktop/projects/Legal_Insights_Engine/.venv/lib/python3.11/site-packages/airflow/example_dags/example_dag_decorator.py
[2024-04-14T17:23:53.395-0400] {logging_mixin.py:188} INFO - [2024-04-14T17:23:53.395-0400] {dag.py:3096} INFO - Sync 1 DAGs
[2024-04-14T17:23:53.398-0400] {logging_mixin.py:188} INFO - [2024-04-14T17:23:53.398-0400] {dag.py:3954} INFO - Setting next_dagrun for example_dag_decorator to None, run_after=None
[2024-04-14T17:23:53.408-0400] {processor.py:183} INFO - Processing /Users/manideepakreddyaila/Desktop/projects/Legal_Insights_Engine/.venv/lib/python3.11/site-packages/airflow/example_dags/example_dag_decorator.py took 0.203 seconds
[2024-04-14T17:25:52.240-0400] {processor.py:161} INFO - Started process (PID=35206) to work on /Users/manideepakreddyaila/Desktop/projects/Legal_Insights_Engine/.venv/lib/python3.11/site-packages/airflow/example_dags/example_dag_decorator.py
[2024-04-14T17:25:52.242-0400] {processor.py:830} INFO - Processing file /Users/manideepakreddyaila/Desktop/projects/Legal_Insights_Engine/.venv/lib/python3.11/site-packages/airflow/example_dags/example_dag_decorator.py for tasks to queue
[2024-04-14T17:25:52.242-0400] {logging_mixin.py:188} INFO - [2024-04-14T17:25:52.242-0400] {dagbag.py:540} INFO - Filling up the DagBag from /Users/manideepakreddyaila/Desktop/projects/Legal_Insights_Engine/.venv/lib/python3.11/site-packages/airflow/example_dags/example_dag_decorator.py
[2024-04-14T17:25:52.356-0400] {processor.py:840} INFO - DAG(s) 'example_dag_decorator' retrieved from /Users/manideepakreddyaila/Desktop/projects/Legal_Insights_Engine/.venv/lib/python3.11/site-packages/airflow/example_dags/example_dag_decorator.py
[2024-04-14T17:25:52.436-0400] {logging_mixin.py:188} INFO - [2024-04-14T17:25:52.435-0400] {dag.py:3096} INFO - Sync 1 DAGs
[2024-04-14T17:25:52.438-0400] {logging_mixin.py:188} INFO - [2024-04-14T17:25:52.438-0400] {dag.py:3954} INFO - Setting next_dagrun for example_dag_decorator to None, run_after=None
[2024-04-14T17:25:52.445-0400] {processor.py:183} INFO - Processing /Users/manideepakreddyaila/Desktop/projects/Legal_Insights_Engine/.venv/lib/python3.11/site-packages/airflow/example_dags/example_dag_decorator.py took 0.206 seconds
[2024-04-14T17:27:49.583-0400] {processor.py:161} INFO - Started process (PID=35313) to work on /Users/manideepakreddyaila/Desktop/projects/Legal_Insights_Engine/.venv/lib/python3.11/site-packages/airflow/example_dags/example_dag_decorator.py
[2024-04-14T17:27:49.584-0400] {processor.py:830} INFO - Processing file /Users/manideepakreddyaila/Desktop/projects/Legal_Insights_Engine/.venv/lib/python3.11/site-packages/airflow/example_dags/example_dag_decorator.py for tasks to queue
[2024-04-14T17:27:49.584-0400] {logging_mixin.py:188} INFO - [2024-04-14T17:27:49.584-0400] {dagbag.py:540} INFO - Filling up the DagBag from /Users/manideepakreddyaila/Desktop/projects/Legal_Insights_Engine/.venv/lib/python3.11/site-packages/airflow/example_dags/example_dag_decorator.py
[2024-04-14T17:27:49.694-0400] {processor.py:840} INFO - DAG(s) 'example_dag_decorator' retrieved from /Users/manideepakreddyaila/Desktop/projects/Legal_Insights_Engine/.venv/lib/python3.11/site-packages/airflow/example_dags/example_dag_decorator.py
[2024-04-14T17:27:49.772-0400] {logging_mixin.py:188} INFO - [2024-04-14T17:27:49.772-0400] {dag.py:3096} INFO - Sync 1 DAGs
[2024-04-14T17:27:49.775-0400] {logging_mixin.py:188} INFO - [2024-04-14T17:27:49.775-0400] {dag.py:3954} INFO - Setting next_dagrun for example_dag_decorator to None, run_after=None
[2024-04-14T17:27:49.782-0400] {processor.py:183} INFO - Processing /Users/manideepakreddyaila/Desktop/projects/Legal_Insights_Engine/.venv/lib/python3.11/site-packages/airflow/example_dags/example_dag_decorator.py took 0.200 seconds
[2024-04-14T17:29:43.221-0400] {processor.py:161} INFO - Started process (PID=35410) to work on /Users/manideepakreddyaila/Desktop/projects/Legal_Insights_Engine/.venv/lib/python3.11/site-packages/airflow/example_dags/example_dag_decorator.py
[2024-04-14T17:29:43.221-0400] {processor.py:830} INFO - Processing file /Users/manideepakreddyaila/Desktop/projects/Legal_Insights_Engine/.venv/lib/python3.11/site-packages/airflow/example_dags/example_dag_decorator.py for tasks to queue
[2024-04-14T17:29:43.222-0400] {logging_mixin.py:188} INFO - [2024-04-14T17:29:43.221-0400] {dagbag.py:540} INFO - Filling up the DagBag from /Users/manideepakreddyaila/Desktop/projects/Legal_Insights_Engine/.venv/lib/python3.11/site-packages/airflow/example_dags/example_dag_decorator.py
[2024-04-14T17:29:43.331-0400] {processor.py:840} INFO - DAG(s) 'example_dag_decorator' retrieved from /Users/manideepakreddyaila/Desktop/projects/Legal_Insights_Engine/.venv/lib/python3.11/site-packages/airflow/example_dags/example_dag_decorator.py
[2024-04-14T17:29:43.410-0400] {logging_mixin.py:188} INFO - [2024-04-14T17:29:43.410-0400] {dag.py:3096} INFO - Sync 1 DAGs
[2024-04-14T17:29:43.414-0400] {logging_mixin.py:188} INFO - [2024-04-14T17:29:43.413-0400] {dag.py:3954} INFO - Setting next_dagrun for example_dag_decorator to None, run_after=None
[2024-04-14T17:29:43.421-0400] {processor.py:183} INFO - Processing /Users/manideepakreddyaila/Desktop/projects/Legal_Insights_Engine/.venv/lib/python3.11/site-packages/airflow/example_dags/example_dag_decorator.py took 0.201 seconds
[2024-04-14T17:31:42.112-0400] {processor.py:161} INFO - Started process (PID=35554) to work on /Users/manideepakreddyaila/Desktop/projects/Legal_Insights_Engine/.venv/lib/python3.11/site-packages/airflow/example_dags/example_dag_decorator.py
[2024-04-14T17:31:42.113-0400] {processor.py:830} INFO - Processing file /Users/manideepakreddyaila/Desktop/projects/Legal_Insights_Engine/.venv/lib/python3.11/site-packages/airflow/example_dags/example_dag_decorator.py for tasks to queue
[2024-04-14T17:31:42.114-0400] {logging_mixin.py:188} INFO - [2024-04-14T17:31:42.114-0400] {dagbag.py:540} INFO - Filling up the DagBag from /Users/manideepakreddyaila/Desktop/projects/Legal_Insights_Engine/.venv/lib/python3.11/site-packages/airflow/example_dags/example_dag_decorator.py
[2024-04-14T17:31:42.222-0400] {processor.py:840} INFO - DAG(s) 'example_dag_decorator' retrieved from /Users/manideepakreddyaila/Desktop/projects/Legal_Insights_Engine/.venv/lib/python3.11/site-packages/airflow/example_dags/example_dag_decorator.py
[2024-04-14T17:31:42.299-0400] {logging_mixin.py:188} INFO - [2024-04-14T17:31:42.298-0400] {dag.py:3096} INFO - Sync 1 DAGs
[2024-04-14T17:31:42.301-0400] {logging_mixin.py:188} INFO - [2024-04-14T17:31:42.301-0400] {dag.py:3954} INFO - Setting next_dagrun for example_dag_decorator to None, run_after=None
[2024-04-14T17:31:42.308-0400] {processor.py:183} INFO - Processing /Users/manideepakreddyaila/Desktop/projects/Legal_Insights_Engine/.venv/lib/python3.11/site-packages/airflow/example_dags/example_dag_decorator.py took 0.196 seconds
[2024-04-14T17:33:40.745-0400] {processor.py:161} INFO - Started process (PID=35660) to work on /Users/manideepakreddyaila/Desktop/projects/Legal_Insights_Engine/.venv/lib/python3.11/site-packages/airflow/example_dags/example_dag_decorator.py
[2024-04-14T17:33:40.750-0400] {processor.py:830} INFO - Processing file /Users/manideepakreddyaila/Desktop/projects/Legal_Insights_Engine/.venv/lib/python3.11/site-packages/airflow/example_dags/example_dag_decorator.py for tasks to queue
[2024-04-14T17:33:40.750-0400] {logging_mixin.py:188} INFO - [2024-04-14T17:33:40.750-0400] {dagbag.py:540} INFO - Filling up the DagBag from /Users/manideepakreddyaila/Desktop/projects/Legal_Insights_Engine/.venv/lib/python3.11/site-packages/airflow/example_dags/example_dag_decorator.py
[2024-04-14T17:33:40.861-0400] {processor.py:840} INFO - DAG(s) 'example_dag_decorator' retrieved from /Users/manideepakreddyaila/Desktop/projects/Legal_Insights_Engine/.venv/lib/python3.11/site-packages/airflow/example_dags/example_dag_decorator.py
[2024-04-14T17:33:40.940-0400] {logging_mixin.py:188} INFO - [2024-04-14T17:33:40.940-0400] {dag.py:3096} INFO - Sync 1 DAGs
[2024-04-14T17:33:40.943-0400] {logging_mixin.py:188} INFO - [2024-04-14T17:33:40.943-0400] {dag.py:3954} INFO - Setting next_dagrun for example_dag_decorator to None, run_after=None
[2024-04-14T17:33:40.950-0400] {processor.py:183} INFO - Processing /Users/manideepakreddyaila/Desktop/projects/Legal_Insights_Engine/.venv/lib/python3.11/site-packages/airflow/example_dags/example_dag_decorator.py took 0.206 seconds
[2024-04-14T17:35:44.082-0400] {processor.py:161} INFO - Started process (PID=35756) to work on /Users/manideepakreddyaila/Desktop/projects/Legal_Insights_Engine/.venv/lib/python3.11/site-packages/airflow/example_dags/example_dag_decorator.py
[2024-04-14T17:35:44.084-0400] {processor.py:830} INFO - Processing file /Users/manideepakreddyaila/Desktop/projects/Legal_Insights_Engine/.venv/lib/python3.11/site-packages/airflow/example_dags/example_dag_decorator.py for tasks to queue
[2024-04-14T17:35:44.084-0400] {logging_mixin.py:188} INFO - [2024-04-14T17:35:44.084-0400] {dagbag.py:540} INFO - Filling up the DagBag from /Users/manideepakreddyaila/Desktop/projects/Legal_Insights_Engine/.venv/lib/python3.11/site-packages/airflow/example_dags/example_dag_decorator.py
[2024-04-14T17:35:44.195-0400] {processor.py:840} INFO - DAG(s) 'example_dag_decorator' retrieved from /Users/manideepakreddyaila/Desktop/projects/Legal_Insights_Engine/.venv/lib/python3.11/site-packages/airflow/example_dags/example_dag_decorator.py
[2024-04-14T17:35:44.273-0400] {logging_mixin.py:188} INFO - [2024-04-14T17:35:44.273-0400] {dag.py:3096} INFO - Sync 1 DAGs
[2024-04-14T17:35:44.276-0400] {logging_mixin.py:188} INFO - [2024-04-14T17:35:44.276-0400] {dag.py:3954} INFO - Setting next_dagrun for example_dag_decorator to None, run_after=None
[2024-04-14T17:35:44.283-0400] {processor.py:183} INFO - Processing /Users/manideepakreddyaila/Desktop/projects/Legal_Insights_Engine/.venv/lib/python3.11/site-packages/airflow/example_dags/example_dag_decorator.py took 0.202 seconds
[2024-04-14T17:37:36.752-0400] {processor.py:161} INFO - Started process (PID=35853) to work on /Users/manideepakreddyaila/Desktop/projects/Legal_Insights_Engine/.venv/lib/python3.11/site-packages/airflow/example_dags/example_dag_decorator.py
[2024-04-14T17:37:36.752-0400] {processor.py:830} INFO - Processing file /Users/manideepakreddyaila/Desktop/projects/Legal_Insights_Engine/.venv/lib/python3.11/site-packages/airflow/example_dags/example_dag_decorator.py for tasks to queue
[2024-04-14T17:37:36.753-0400] {logging_mixin.py:188} INFO - [2024-04-14T17:37:36.753-0400] {dagbag.py:540} INFO - Filling up the DagBag from /Users/manideepakreddyaila/Desktop/projects/Legal_Insights_Engine/.venv/lib/python3.11/site-packages/airflow/example_dags/example_dag_decorator.py
[2024-04-14T17:37:36.863-0400] {processor.py:840} INFO - DAG(s) 'example_dag_decorator' retrieved from /Users/manideepakreddyaila/Desktop/projects/Legal_Insights_Engine/.venv/lib/python3.11/site-packages/airflow/example_dags/example_dag_decorator.py
[2024-04-14T17:37:36.943-0400] {logging_mixin.py:188} INFO - [2024-04-14T17:37:36.943-0400] {dag.py:3096} INFO - Sync 1 DAGs
[2024-04-14T17:37:36.946-0400] {logging_mixin.py:188} INFO - [2024-04-14T17:37:36.946-0400] {dag.py:3954} INFO - Setting next_dagrun for example_dag_decorator to None, run_after=None
[2024-04-14T17:37:36.953-0400] {processor.py:183} INFO - Processing /Users/manideepakreddyaila/Desktop/projects/Legal_Insights_Engine/.venv/lib/python3.11/site-packages/airflow/example_dags/example_dag_decorator.py took 0.202 seconds
[2024-04-14T17:39:26.762-0400] {processor.py:161} INFO - Started process (PID=35932) to work on /Users/manideepakreddyaila/Desktop/projects/Legal_Insights_Engine/.venv/lib/python3.11/site-packages/airflow/example_dags/example_dag_decorator.py
[2024-04-14T17:39:26.763-0400] {processor.py:830} INFO - Processing file /Users/manideepakreddyaila/Desktop/projects/Legal_Insights_Engine/.venv/lib/python3.11/site-packages/airflow/example_dags/example_dag_decorator.py for tasks to queue
[2024-04-14T17:39:26.763-0400] {logging_mixin.py:188} INFO - [2024-04-14T17:39:26.763-0400] {dagbag.py:540} INFO - Filling up the DagBag from /Users/manideepakreddyaila/Desktop/projects/Legal_Insights_Engine/.venv/lib/python3.11/site-packages/airflow/example_dags/example_dag_decorator.py
[2024-04-14T17:39:26.876-0400] {processor.py:840} INFO - DAG(s) 'example_dag_decorator' retrieved from /Users/manideepakreddyaila/Desktop/projects/Legal_Insights_Engine/.venv/lib/python3.11/site-packages/airflow/example_dags/example_dag_decorator.py
[2024-04-14T17:39:26.961-0400] {logging_mixin.py:188} INFO - [2024-04-14T17:39:26.961-0400] {dag.py:3096} INFO - Sync 1 DAGs
[2024-04-14T17:39:26.964-0400] {logging_mixin.py:188} INFO - [2024-04-14T17:39:26.964-0400] {dag.py:3954} INFO - Setting next_dagrun for example_dag_decorator to None, run_after=None
[2024-04-14T17:39:26.972-0400] {processor.py:183} INFO - Processing /Users/manideepakreddyaila/Desktop/projects/Legal_Insights_Engine/.venv/lib/python3.11/site-packages/airflow/example_dags/example_dag_decorator.py took 0.211 seconds
[2024-04-14T17:41:19.740-0400] {processor.py:161} INFO - Started process (PID=36019) to work on /Users/manideepakreddyaila/Desktop/projects/Legal_Insights_Engine/.venv/lib/python3.11/site-packages/airflow/example_dags/example_dag_decorator.py
[2024-04-14T17:41:19.741-0400] {processor.py:830} INFO - Processing file /Users/manideepakreddyaila/Desktop/projects/Legal_Insights_Engine/.venv/lib/python3.11/site-packages/airflow/example_dags/example_dag_decorator.py for tasks to queue
[2024-04-14T17:41:19.742-0400] {logging_mixin.py:188} INFO - [2024-04-14T17:41:19.742-0400] {dagbag.py:540} INFO - Filling up the DagBag from /Users/manideepakreddyaila/Desktop/projects/Legal_Insights_Engine/.venv/lib/python3.11/site-packages/airflow/example_dags/example_dag_decorator.py
[2024-04-14T17:41:19.851-0400] {processor.py:840} INFO - DAG(s) 'example_dag_decorator' retrieved from /Users/manideepakreddyaila/Desktop/projects/Legal_Insights_Engine/.venv/lib/python3.11/site-packages/airflow/example_dags/example_dag_decorator.py
[2024-04-14T17:41:19.930-0400] {logging_mixin.py:188} INFO - [2024-04-14T17:41:19.930-0400] {dag.py:3096} INFO - Sync 1 DAGs
[2024-04-14T17:41:19.933-0400] {logging_mixin.py:188} INFO - [2024-04-14T17:41:19.933-0400] {dag.py:3954} INFO - Setting next_dagrun for example_dag_decorator to None, run_after=None
[2024-04-14T17:41:19.939-0400] {processor.py:183} INFO - Processing /Users/manideepakreddyaila/Desktop/projects/Legal_Insights_Engine/.venv/lib/python3.11/site-packages/airflow/example_dags/example_dag_decorator.py took 0.200 seconds
[2024-04-14T17:43:11.878-0400] {processor.py:161} INFO - Started process (PID=36106) to work on /Users/manideepakreddyaila/Desktop/projects/Legal_Insights_Engine/.venv/lib/python3.11/site-packages/airflow/example_dags/example_dag_decorator.py
[2024-04-14T17:43:11.879-0400] {processor.py:830} INFO - Processing file /Users/manideepakreddyaila/Desktop/projects/Legal_Insights_Engine/.venv/lib/python3.11/site-packages/airflow/example_dags/example_dag_decorator.py for tasks to queue
[2024-04-14T17:43:11.879-0400] {logging_mixin.py:188} INFO - [2024-04-14T17:43:11.879-0400] {dagbag.py:540} INFO - Filling up the DagBag from /Users/manideepakreddyaila/Desktop/projects/Legal_Insights_Engine/.venv/lib/python3.11/site-packages/airflow/example_dags/example_dag_decorator.py
[2024-04-14T17:43:11.989-0400] {processor.py:840} INFO - DAG(s) 'example_dag_decorator' retrieved from /Users/manideepakreddyaila/Desktop/projects/Legal_Insights_Engine/.venv/lib/python3.11/site-packages/airflow/example_dags/example_dag_decorator.py
[2024-04-14T17:43:12.071-0400] {logging_mixin.py:188} INFO - [2024-04-14T17:43:12.071-0400] {dag.py:3096} INFO - Sync 1 DAGs
[2024-04-14T17:43:12.074-0400] {logging_mixin.py:188} INFO - [2024-04-14T17:43:12.074-0400] {dag.py:3954} INFO - Setting next_dagrun for example_dag_decorator to None, run_after=None
[2024-04-14T17:43:12.081-0400] {processor.py:183} INFO - Processing /Users/manideepakreddyaila/Desktop/projects/Legal_Insights_Engine/.venv/lib/python3.11/site-packages/airflow/example_dags/example_dag_decorator.py took 0.203 seconds
[2024-04-14T17:45:06.830-0400] {processor.py:161} INFO - Started process (PID=36194) to work on /Users/manideepakreddyaila/Desktop/projects/Legal_Insights_Engine/.venv/lib/python3.11/site-packages/airflow/example_dags/example_dag_decorator.py
[2024-04-14T17:45:06.831-0400] {processor.py:830} INFO - Processing file /Users/manideepakreddyaila/Desktop/projects/Legal_Insights_Engine/.venv/lib/python3.11/site-packages/airflow/example_dags/example_dag_decorator.py for tasks to queue
[2024-04-14T17:45:06.831-0400] {logging_mixin.py:188} INFO - [2024-04-14T17:45:06.831-0400] {dagbag.py:540} INFO - Filling up the DagBag from /Users/manideepakreddyaila/Desktop/projects/Legal_Insights_Engine/.venv/lib/python3.11/site-packages/airflow/example_dags/example_dag_decorator.py
[2024-04-14T17:45:06.940-0400] {processor.py:840} INFO - DAG(s) 'example_dag_decorator' retrieved from /Users/manideepakreddyaila/Desktop/projects/Legal_Insights_Engine/.venv/lib/python3.11/site-packages/airflow/example_dags/example_dag_decorator.py
[2024-04-14T17:45:07.024-0400] {logging_mixin.py:188} INFO - [2024-04-14T17:45:07.023-0400] {dag.py:3096} INFO - Sync 1 DAGs
[2024-04-14T17:45:07.026-0400] {logging_mixin.py:188} INFO - [2024-04-14T17:45:07.026-0400] {dag.py:3954} INFO - Setting next_dagrun for example_dag_decorator to None, run_after=None
[2024-04-14T17:45:07.033-0400] {processor.py:183} INFO - Processing /Users/manideepakreddyaila/Desktop/projects/Legal_Insights_Engine/.venv/lib/python3.11/site-packages/airflow/example_dags/example_dag_decorator.py took 0.204 seconds
[2024-04-14T17:47:10.067-0400] {processor.py:161} INFO - Started process (PID=36288) to work on /Users/manideepakreddyaila/Desktop/projects/Legal_Insights_Engine/.venv/lib/python3.11/site-packages/airflow/example_dags/example_dag_decorator.py
[2024-04-14T17:47:10.067-0400] {processor.py:830} INFO - Processing file /Users/manideepakreddyaila/Desktop/projects/Legal_Insights_Engine/.venv/lib/python3.11/site-packages/airflow/example_dags/example_dag_decorator.py for tasks to queue
[2024-04-14T17:47:10.068-0400] {logging_mixin.py:188} INFO - [2024-04-14T17:47:10.068-0400] {dagbag.py:540} INFO - Filling up the DagBag from /Users/manideepakreddyaila/Desktop/projects/Legal_Insights_Engine/.venv/lib/python3.11/site-packages/airflow/example_dags/example_dag_decorator.py
[2024-04-14T17:47:10.177-0400] {processor.py:840} INFO - DAG(s) 'example_dag_decorator' retrieved from /Users/manideepakreddyaila/Desktop/projects/Legal_Insights_Engine/.venv/lib/python3.11/site-packages/airflow/example_dags/example_dag_decorator.py
[2024-04-14T17:47:10.258-0400] {logging_mixin.py:188} INFO - [2024-04-14T17:47:10.258-0400] {dag.py:3096} INFO - Sync 1 DAGs
[2024-04-14T17:47:10.261-0400] {logging_mixin.py:188} INFO - [2024-04-14T17:47:10.261-0400] {dag.py:3954} INFO - Setting next_dagrun for example_dag_decorator to None, run_after=None
[2024-04-14T17:47:10.268-0400] {processor.py:183} INFO - Processing /Users/manideepakreddyaila/Desktop/projects/Legal_Insights_Engine/.venv/lib/python3.11/site-packages/airflow/example_dags/example_dag_decorator.py took 0.202 seconds
[2024-04-14T17:49:08.625-0400] {processor.py:161} INFO - Started process (PID=36379) to work on /Users/manideepakreddyaila/Desktop/projects/Legal_Insights_Engine/.venv/lib/python3.11/site-packages/airflow/example_dags/example_dag_decorator.py
[2024-04-14T17:49:08.626-0400] {processor.py:830} INFO - Processing file /Users/manideepakreddyaila/Desktop/projects/Legal_Insights_Engine/.venv/lib/python3.11/site-packages/airflow/example_dags/example_dag_decorator.py for tasks to queue
[2024-04-14T17:49:08.626-0400] {logging_mixin.py:188} INFO - [2024-04-14T17:49:08.626-0400] {dagbag.py:540} INFO - Filling up the DagBag from /Users/manideepakreddyaila/Desktop/projects/Legal_Insights_Engine/.venv/lib/python3.11/site-packages/airflow/example_dags/example_dag_decorator.py
[2024-04-14T17:49:08.733-0400] {processor.py:840} INFO - DAG(s) 'example_dag_decorator' retrieved from /Users/manideepakreddyaila/Desktop/projects/Legal_Insights_Engine/.venv/lib/python3.11/site-packages/airflow/example_dags/example_dag_decorator.py
[2024-04-14T17:49:08.807-0400] {logging_mixin.py:188} INFO - [2024-04-14T17:49:08.806-0400] {dag.py:3096} INFO - Sync 1 DAGs
[2024-04-14T17:49:08.809-0400] {logging_mixin.py:188} INFO - [2024-04-14T17:49:08.809-0400] {dag.py:3954} INFO - Setting next_dagrun for example_dag_decorator to None, run_after=None
[2024-04-14T17:49:08.816-0400] {processor.py:183} INFO - Processing /Users/manideepakreddyaila/Desktop/projects/Legal_Insights_Engine/.venv/lib/python3.11/site-packages/airflow/example_dags/example_dag_decorator.py took 0.192 seconds
[2024-04-14T17:51:06.168-0400] {processor.py:161} INFO - Started process (PID=36483) to work on /Users/manideepakreddyaila/Desktop/projects/Legal_Insights_Engine/.venv/lib/python3.11/site-packages/airflow/example_dags/example_dag_decorator.py
[2024-04-14T17:51:06.169-0400] {processor.py:830} INFO - Processing file /Users/manideepakreddyaila/Desktop/projects/Legal_Insights_Engine/.venv/lib/python3.11/site-packages/airflow/example_dags/example_dag_decorator.py for tasks to queue
[2024-04-14T17:51:06.170-0400] {logging_mixin.py:188} INFO - [2024-04-14T17:51:06.170-0400] {dagbag.py:540} INFO - Filling up the DagBag from /Users/manideepakreddyaila/Desktop/projects/Legal_Insights_Engine/.venv/lib/python3.11/site-packages/airflow/example_dags/example_dag_decorator.py
[2024-04-14T17:51:06.280-0400] {processor.py:840} INFO - DAG(s) 'example_dag_decorator' retrieved from /Users/manideepakreddyaila/Desktop/projects/Legal_Insights_Engine/.venv/lib/python3.11/site-packages/airflow/example_dags/example_dag_decorator.py
[2024-04-14T17:51:06.358-0400] {logging_mixin.py:188} INFO - [2024-04-14T17:51:06.358-0400] {dag.py:3096} INFO - Sync 1 DAGs
[2024-04-14T17:51:06.361-0400] {logging_mixin.py:188} INFO - [2024-04-14T17:51:06.361-0400] {dag.py:3954} INFO - Setting next_dagrun for example_dag_decorator to None, run_after=None
[2024-04-14T17:51:06.368-0400] {processor.py:183} INFO - Processing /Users/manideepakreddyaila/Desktop/projects/Legal_Insights_Engine/.venv/lib/python3.11/site-packages/airflow/example_dags/example_dag_decorator.py took 0.200 seconds
[2024-04-14T17:53:01.004-0400] {processor.py:161} INFO - Started process (PID=36564) to work on /Users/manideepakreddyaila/Desktop/projects/Legal_Insights_Engine/.venv/lib/python3.11/site-packages/airflow/example_dags/example_dag_decorator.py
[2024-04-14T17:53:01.005-0400] {processor.py:830} INFO - Processing file /Users/manideepakreddyaila/Desktop/projects/Legal_Insights_Engine/.venv/lib/python3.11/site-packages/airflow/example_dags/example_dag_decorator.py for tasks to queue
[2024-04-14T17:53:01.005-0400] {logging_mixin.py:188} INFO - [2024-04-14T17:53:01.005-0400] {dagbag.py:540} INFO - Filling up the DagBag from /Users/manideepakreddyaila/Desktop/projects/Legal_Insights_Engine/.venv/lib/python3.11/site-packages/airflow/example_dags/example_dag_decorator.py
[2024-04-14T17:53:01.120-0400] {processor.py:840} INFO - DAG(s) 'example_dag_decorator' retrieved from /Users/manideepakreddyaila/Desktop/projects/Legal_Insights_Engine/.venv/lib/python3.11/site-packages/airflow/example_dags/example_dag_decorator.py
[2024-04-14T17:53:01.200-0400] {logging_mixin.py:188} INFO - [2024-04-14T17:53:01.200-0400] {dag.py:3096} INFO - Sync 1 DAGs
[2024-04-14T17:53:01.203-0400] {logging_mixin.py:188} INFO - [2024-04-14T17:53:01.202-0400] {dag.py:3954} INFO - Setting next_dagrun for example_dag_decorator to None, run_after=None
[2024-04-14T17:53:01.209-0400] {processor.py:183} INFO - Processing /Users/manideepakreddyaila/Desktop/projects/Legal_Insights_Engine/.venv/lib/python3.11/site-packages/airflow/example_dags/example_dag_decorator.py took 0.207 seconds
[2024-04-14T17:54:56.201-0400] {processor.py:161} INFO - Started process (PID=36667) to work on /Users/manideepakreddyaila/Desktop/projects/Legal_Insights_Engine/.venv/lib/python3.11/site-packages/airflow/example_dags/example_dag_decorator.py
[2024-04-14T17:54:56.202-0400] {processor.py:830} INFO - Processing file /Users/manideepakreddyaila/Desktop/projects/Legal_Insights_Engine/.venv/lib/python3.11/site-packages/airflow/example_dags/example_dag_decorator.py for tasks to queue
[2024-04-14T17:54:56.202-0400] {logging_mixin.py:188} INFO - [2024-04-14T17:54:56.202-0400] {dagbag.py:540} INFO - Filling up the DagBag from /Users/manideepakreddyaila/Desktop/projects/Legal_Insights_Engine/.venv/lib/python3.11/site-packages/airflow/example_dags/example_dag_decorator.py
[2024-04-14T17:54:56.313-0400] {processor.py:840} INFO - DAG(s) 'example_dag_decorator' retrieved from /Users/manideepakreddyaila/Desktop/projects/Legal_Insights_Engine/.venv/lib/python3.11/site-packages/airflow/example_dags/example_dag_decorator.py
[2024-04-14T17:54:56.391-0400] {logging_mixin.py:188} INFO - [2024-04-14T17:54:56.391-0400] {dag.py:3096} INFO - Sync 1 DAGs
[2024-04-14T17:54:56.394-0400] {logging_mixin.py:188} INFO - [2024-04-14T17:54:56.394-0400] {dag.py:3954} INFO - Setting next_dagrun for example_dag_decorator to None, run_after=None
[2024-04-14T17:54:56.401-0400] {processor.py:183} INFO - Processing /Users/manideepakreddyaila/Desktop/projects/Legal_Insights_Engine/.venv/lib/python3.11/site-packages/airflow/example_dags/example_dag_decorator.py took 0.200 seconds
[2024-04-14T17:56:49.880-0400] {processor.py:161} INFO - Started process (PID=36805) to work on /Users/manideepakreddyaila/Desktop/projects/Legal_Insights_Engine/.venv/lib/python3.11/site-packages/airflow/example_dags/example_dag_decorator.py
[2024-04-14T17:56:49.881-0400] {processor.py:830} INFO - Processing file /Users/manideepakreddyaila/Desktop/projects/Legal_Insights_Engine/.venv/lib/python3.11/site-packages/airflow/example_dags/example_dag_decorator.py for tasks to queue
[2024-04-14T17:56:49.882-0400] {logging_mixin.py:188} INFO - [2024-04-14T17:56:49.882-0400] {dagbag.py:540} INFO - Filling up the DagBag from /Users/manideepakreddyaila/Desktop/projects/Legal_Insights_Engine/.venv/lib/python3.11/site-packages/airflow/example_dags/example_dag_decorator.py
[2024-04-14T17:56:49.990-0400] {processor.py:840} INFO - DAG(s) 'example_dag_decorator' retrieved from /Users/manideepakreddyaila/Desktop/projects/Legal_Insights_Engine/.venv/lib/python3.11/site-packages/airflow/example_dags/example_dag_decorator.py
[2024-04-14T17:56:50.065-0400] {logging_mixin.py:188} INFO - [2024-04-14T17:56:50.065-0400] {dag.py:3096} INFO - Sync 1 DAGs
[2024-04-14T17:56:50.068-0400] {logging_mixin.py:188} INFO - [2024-04-14T17:56:50.068-0400] {dag.py:3954} INFO - Setting next_dagrun for example_dag_decorator to None, run_after=None
[2024-04-14T17:56:50.075-0400] {processor.py:183} INFO - Processing /Users/manideepakreddyaila/Desktop/projects/Legal_Insights_Engine/.venv/lib/python3.11/site-packages/airflow/example_dags/example_dag_decorator.py took 0.196 seconds
[2024-04-14T17:58:47.286-0400] {processor.py:161} INFO - Started process (PID=36904) to work on /Users/manideepakreddyaila/Desktop/projects/Legal_Insights_Engine/.venv/lib/python3.11/site-packages/airflow/example_dags/example_dag_decorator.py
[2024-04-14T17:58:47.287-0400] {processor.py:830} INFO - Processing file /Users/manideepakreddyaila/Desktop/projects/Legal_Insights_Engine/.venv/lib/python3.11/site-packages/airflow/example_dags/example_dag_decorator.py for tasks to queue
[2024-04-14T17:58:47.287-0400] {logging_mixin.py:188} INFO - [2024-04-14T17:58:47.287-0400] {dagbag.py:540} INFO - Filling up the DagBag from /Users/manideepakreddyaila/Desktop/projects/Legal_Insights_Engine/.venv/lib/python3.11/site-packages/airflow/example_dags/example_dag_decorator.py
[2024-04-14T17:58:47.405-0400] {processor.py:840} INFO - DAG(s) 'example_dag_decorator' retrieved from /Users/manideepakreddyaila/Desktop/projects/Legal_Insights_Engine/.venv/lib/python3.11/site-packages/airflow/example_dags/example_dag_decorator.py
[2024-04-14T17:58:47.484-0400] {logging_mixin.py:188} INFO - [2024-04-14T17:58:47.483-0400] {dag.py:3096} INFO - Sync 1 DAGs
[2024-04-14T17:58:47.486-0400] {logging_mixin.py:188} INFO - [2024-04-14T17:58:47.486-0400] {dag.py:3954} INFO - Setting next_dagrun for example_dag_decorator to None, run_after=None
[2024-04-14T17:58:47.493-0400] {processor.py:183} INFO - Processing /Users/manideepakreddyaila/Desktop/projects/Legal_Insights_Engine/.venv/lib/python3.11/site-packages/airflow/example_dags/example_dag_decorator.py took 0.208 seconds
[2024-04-14T18:00:41.271-0400] {processor.py:161} INFO - Started process (PID=37009) to work on /Users/manideepakreddyaila/Desktop/projects/Legal_Insights_Engine/.venv/lib/python3.11/site-packages/airflow/example_dags/example_dag_decorator.py
[2024-04-14T18:00:41.272-0400] {processor.py:830} INFO - Processing file /Users/manideepakreddyaila/Desktop/projects/Legal_Insights_Engine/.venv/lib/python3.11/site-packages/airflow/example_dags/example_dag_decorator.py for tasks to queue
[2024-04-14T18:00:41.272-0400] {logging_mixin.py:188} INFO - [2024-04-14T18:00:41.272-0400] {dagbag.py:540} INFO - Filling up the DagBag from /Users/manideepakreddyaila/Desktop/projects/Legal_Insights_Engine/.venv/lib/python3.11/site-packages/airflow/example_dags/example_dag_decorator.py
[2024-04-14T18:00:41.382-0400] {processor.py:840} INFO - DAG(s) 'example_dag_decorator' retrieved from /Users/manideepakreddyaila/Desktop/projects/Legal_Insights_Engine/.venv/lib/python3.11/site-packages/airflow/example_dags/example_dag_decorator.py
[2024-04-14T18:00:41.461-0400] {logging_mixin.py:188} INFO - [2024-04-14T18:00:41.461-0400] {dag.py:3096} INFO - Sync 1 DAGs
[2024-04-14T18:00:41.464-0400] {logging_mixin.py:188} INFO - [2024-04-14T18:00:41.464-0400] {dag.py:3954} INFO - Setting next_dagrun for example_dag_decorator to None, run_after=None
[2024-04-14T18:00:41.470-0400] {processor.py:183} INFO - Processing /Users/manideepakreddyaila/Desktop/projects/Legal_Insights_Engine/.venv/lib/python3.11/site-packages/airflow/example_dags/example_dag_decorator.py took 0.200 seconds
[2024-04-14T18:02:45.150-0400] {processor.py:161} INFO - Started process (PID=37106) to work on /Users/manideepakreddyaila/Desktop/projects/Legal_Insights_Engine/.venv/lib/python3.11/site-packages/airflow/example_dags/example_dag_decorator.py
[2024-04-14T18:02:45.151-0400] {processor.py:830} INFO - Processing file /Users/manideepakreddyaila/Desktop/projects/Legal_Insights_Engine/.venv/lib/python3.11/site-packages/airflow/example_dags/example_dag_decorator.py for tasks to queue
[2024-04-14T18:02:45.151-0400] {logging_mixin.py:188} INFO - [2024-04-14T18:02:45.151-0400] {dagbag.py:540} INFO - Filling up the DagBag from /Users/manideepakreddyaila/Desktop/projects/Legal_Insights_Engine/.venv/lib/python3.11/site-packages/airflow/example_dags/example_dag_decorator.py
[2024-04-14T18:02:45.264-0400] {processor.py:840} INFO - DAG(s) 'example_dag_decorator' retrieved from /Users/manideepakreddyaila/Desktop/projects/Legal_Insights_Engine/.venv/lib/python3.11/site-packages/airflow/example_dags/example_dag_decorator.py
[2024-04-14T18:02:45.344-0400] {logging_mixin.py:188} INFO - [2024-04-14T18:02:45.344-0400] {dag.py:3096} INFO - Sync 1 DAGs
[2024-04-14T18:02:45.347-0400] {logging_mixin.py:188} INFO - [2024-04-14T18:02:45.347-0400] {dag.py:3954} INFO - Setting next_dagrun for example_dag_decorator to None, run_after=None
[2024-04-14T18:02:45.354-0400] {processor.py:183} INFO - Processing /Users/manideepakreddyaila/Desktop/projects/Legal_Insights_Engine/.venv/lib/python3.11/site-packages/airflow/example_dags/example_dag_decorator.py took 0.205 seconds
[2024-04-14T18:04:40.448-0400] {processor.py:161} INFO - Started process (PID=37197) to work on /Users/manideepakreddyaila/Desktop/projects/Legal_Insights_Engine/.venv/lib/python3.11/site-packages/airflow/example_dags/example_dag_decorator.py
[2024-04-14T18:04:40.448-0400] {processor.py:830} INFO - Processing file /Users/manideepakreddyaila/Desktop/projects/Legal_Insights_Engine/.venv/lib/python3.11/site-packages/airflow/example_dags/example_dag_decorator.py for tasks to queue
[2024-04-14T18:04:40.448-0400] {logging_mixin.py:188} INFO - [2024-04-14T18:04:40.448-0400] {dagbag.py:540} INFO - Filling up the DagBag from /Users/manideepakreddyaila/Desktop/projects/Legal_Insights_Engine/.venv/lib/python3.11/site-packages/airflow/example_dags/example_dag_decorator.py
[2024-04-14T18:04:40.559-0400] {processor.py:840} INFO - DAG(s) 'example_dag_decorator' retrieved from /Users/manideepakreddyaila/Desktop/projects/Legal_Insights_Engine/.venv/lib/python3.11/site-packages/airflow/example_dags/example_dag_decorator.py
[2024-04-14T18:04:40.637-0400] {logging_mixin.py:188} INFO - [2024-04-14T18:04:40.637-0400] {dag.py:3096} INFO - Sync 1 DAGs
[2024-04-14T18:04:40.640-0400] {logging_mixin.py:188} INFO - [2024-04-14T18:04:40.640-0400] {dag.py:3954} INFO - Setting next_dagrun for example_dag_decorator to None, run_after=None
[2024-04-14T18:04:40.647-0400] {processor.py:183} INFO - Processing /Users/manideepakreddyaila/Desktop/projects/Legal_Insights_Engine/.venv/lib/python3.11/site-packages/airflow/example_dags/example_dag_decorator.py took 0.200 seconds
[2024-04-14T18:06:39.502-0400] {processor.py:161} INFO - Started process (PID=37293) to work on /Users/manideepakreddyaila/Desktop/projects/Legal_Insights_Engine/.venv/lib/python3.11/site-packages/airflow/example_dags/example_dag_decorator.py
[2024-04-14T18:06:39.504-0400] {processor.py:830} INFO - Processing file /Users/manideepakreddyaila/Desktop/projects/Legal_Insights_Engine/.venv/lib/python3.11/site-packages/airflow/example_dags/example_dag_decorator.py for tasks to queue
[2024-04-14T18:06:39.504-0400] {logging_mixin.py:188} INFO - [2024-04-14T18:06:39.504-0400] {dagbag.py:540} INFO - Filling up the DagBag from /Users/manideepakreddyaila/Desktop/projects/Legal_Insights_Engine/.venv/lib/python3.11/site-packages/airflow/example_dags/example_dag_decorator.py
[2024-04-14T18:06:39.612-0400] {processor.py:840} INFO - DAG(s) 'example_dag_decorator' retrieved from /Users/manideepakreddyaila/Desktop/projects/Legal_Insights_Engine/.venv/lib/python3.11/site-packages/airflow/example_dags/example_dag_decorator.py
[2024-04-14T18:06:39.690-0400] {logging_mixin.py:188} INFO - [2024-04-14T18:06:39.690-0400] {dag.py:3096} INFO - Sync 1 DAGs
[2024-04-14T18:06:39.693-0400] {logging_mixin.py:188} INFO - [2024-04-14T18:06:39.693-0400] {dag.py:3954} INFO - Setting next_dagrun for example_dag_decorator to None, run_after=None
[2024-04-14T18:06:39.701-0400] {processor.py:183} INFO - Processing /Users/manideepakreddyaila/Desktop/projects/Legal_Insights_Engine/.venv/lib/python3.11/site-packages/airflow/example_dags/example_dag_decorator.py took 0.200 seconds
[2024-04-14T18:08:36.465-0400] {processor.py:161} INFO - Started process (PID=37398) to work on /Users/manideepakreddyaila/Desktop/projects/Legal_Insights_Engine/.venv/lib/python3.11/site-packages/airflow/example_dags/example_dag_decorator.py
[2024-04-14T18:08:36.466-0400] {processor.py:830} INFO - Processing file /Users/manideepakreddyaila/Desktop/projects/Legal_Insights_Engine/.venv/lib/python3.11/site-packages/airflow/example_dags/example_dag_decorator.py for tasks to queue
[2024-04-14T18:08:36.466-0400] {logging_mixin.py:188} INFO - [2024-04-14T18:08:36.466-0400] {dagbag.py:540} INFO - Filling up the DagBag from /Users/manideepakreddyaila/Desktop/projects/Legal_Insights_Engine/.venv/lib/python3.11/site-packages/airflow/example_dags/example_dag_decorator.py
[2024-04-14T18:08:36.577-0400] {processor.py:840} INFO - DAG(s) 'example_dag_decorator' retrieved from /Users/manideepakreddyaila/Desktop/projects/Legal_Insights_Engine/.venv/lib/python3.11/site-packages/airflow/example_dags/example_dag_decorator.py
[2024-04-14T18:08:36.656-0400] {logging_mixin.py:188} INFO - [2024-04-14T18:08:36.656-0400] {dag.py:3096} INFO - Sync 1 DAGs
[2024-04-14T18:08:36.659-0400] {logging_mixin.py:188} INFO - [2024-04-14T18:08:36.659-0400] {dag.py:3954} INFO - Setting next_dagrun for example_dag_decorator to None, run_after=None
[2024-04-14T18:08:36.666-0400] {processor.py:183} INFO - Processing /Users/manideepakreddyaila/Desktop/projects/Legal_Insights_Engine/.venv/lib/python3.11/site-packages/airflow/example_dags/example_dag_decorator.py took 0.202 seconds
[2024-04-14T18:10:29.344-0400] {processor.py:161} INFO - Started process (PID=37488) to work on /Users/manideepakreddyaila/Desktop/projects/Legal_Insights_Engine/.venv/lib/python3.11/site-packages/airflow/example_dags/example_dag_decorator.py
[2024-04-14T18:10:29.345-0400] {processor.py:830} INFO - Processing file /Users/manideepakreddyaila/Desktop/projects/Legal_Insights_Engine/.venv/lib/python3.11/site-packages/airflow/example_dags/example_dag_decorator.py for tasks to queue
[2024-04-14T18:10:29.345-0400] {logging_mixin.py:188} INFO - [2024-04-14T18:10:29.345-0400] {dagbag.py:540} INFO - Filling up the DagBag from /Users/manideepakreddyaila/Desktop/projects/Legal_Insights_Engine/.venv/lib/python3.11/site-packages/airflow/example_dags/example_dag_decorator.py
[2024-04-14T18:10:29.453-0400] {processor.py:840} INFO - DAG(s) 'example_dag_decorator' retrieved from /Users/manideepakreddyaila/Desktop/projects/Legal_Insights_Engine/.venv/lib/python3.11/site-packages/airflow/example_dags/example_dag_decorator.py
[2024-04-14T18:10:29.530-0400] {logging_mixin.py:188} INFO - [2024-04-14T18:10:29.529-0400] {dag.py:3096} INFO - Sync 1 DAGs
[2024-04-14T18:10:29.533-0400] {logging_mixin.py:188} INFO - [2024-04-14T18:10:29.533-0400] {dag.py:3954} INFO - Setting next_dagrun for example_dag_decorator to None, run_after=None
[2024-04-14T18:10:29.540-0400] {processor.py:183} INFO - Processing /Users/manideepakreddyaila/Desktop/projects/Legal_Insights_Engine/.venv/lib/python3.11/site-packages/airflow/example_dags/example_dag_decorator.py took 0.197 seconds
[2024-04-14T18:12:26.539-0400] {processor.py:161} INFO - Started process (PID=37603) to work on /Users/manideepakreddyaila/Desktop/projects/Legal_Insights_Engine/.venv/lib/python3.11/site-packages/airflow/example_dags/example_dag_decorator.py
[2024-04-14T18:12:26.539-0400] {processor.py:830} INFO - Processing file /Users/manideepakreddyaila/Desktop/projects/Legal_Insights_Engine/.venv/lib/python3.11/site-packages/airflow/example_dags/example_dag_decorator.py for tasks to queue
[2024-04-14T18:12:26.540-0400] {logging_mixin.py:188} INFO - [2024-04-14T18:12:26.540-0400] {dagbag.py:540} INFO - Filling up the DagBag from /Users/manideepakreddyaila/Desktop/projects/Legal_Insights_Engine/.venv/lib/python3.11/site-packages/airflow/example_dags/example_dag_decorator.py
[2024-04-14T18:12:26.666-0400] {processor.py:840} INFO - DAG(s) 'example_dag_decorator' retrieved from /Users/manideepakreddyaila/Desktop/projects/Legal_Insights_Engine/.venv/lib/python3.11/site-packages/airflow/example_dags/example_dag_decorator.py
[2024-04-14T18:12:26.748-0400] {logging_mixin.py:188} INFO - [2024-04-14T18:12:26.748-0400] {dag.py:3096} INFO - Sync 1 DAGs
[2024-04-14T18:12:26.751-0400] {logging_mixin.py:188} INFO - [2024-04-14T18:12:26.751-0400] {dag.py:3954} INFO - Setting next_dagrun for example_dag_decorator to None, run_after=None
[2024-04-14T18:12:26.758-0400] {processor.py:183} INFO - Processing /Users/manideepakreddyaila/Desktop/projects/Legal_Insights_Engine/.venv/lib/python3.11/site-packages/airflow/example_dags/example_dag_decorator.py took 0.220 seconds
[2024-04-14T18:14:25.980-0400] {processor.py:161} INFO - Started process (PID=37700) to work on /Users/manideepakreddyaila/Desktop/projects/Legal_Insights_Engine/.venv/lib/python3.11/site-packages/airflow/example_dags/example_dag_decorator.py
[2024-04-14T18:14:25.982-0400] {processor.py:830} INFO - Processing file /Users/manideepakreddyaila/Desktop/projects/Legal_Insights_Engine/.venv/lib/python3.11/site-packages/airflow/example_dags/example_dag_decorator.py for tasks to queue
[2024-04-14T18:14:25.982-0400] {logging_mixin.py:188} INFO - [2024-04-14T18:14:25.982-0400] {dagbag.py:540} INFO - Filling up the DagBag from /Users/manideepakreddyaila/Desktop/projects/Legal_Insights_Engine/.venv/lib/python3.11/site-packages/airflow/example_dags/example_dag_decorator.py
[2024-04-14T18:14:26.092-0400] {processor.py:840} INFO - DAG(s) 'example_dag_decorator' retrieved from /Users/manideepakreddyaila/Desktop/projects/Legal_Insights_Engine/.venv/lib/python3.11/site-packages/airflow/example_dags/example_dag_decorator.py
[2024-04-14T18:14:26.173-0400] {logging_mixin.py:188} INFO - [2024-04-14T18:14:26.173-0400] {dag.py:3096} INFO - Sync 1 DAGs
[2024-04-14T18:14:26.176-0400] {logging_mixin.py:188} INFO - [2024-04-14T18:14:26.176-0400] {dag.py:3954} INFO - Setting next_dagrun for example_dag_decorator to None, run_after=None
[2024-04-14T18:14:26.182-0400] {processor.py:183} INFO - Processing /Users/manideepakreddyaila/Desktop/projects/Legal_Insights_Engine/.venv/lib/python3.11/site-packages/airflow/example_dags/example_dag_decorator.py took 0.203 seconds
[2024-04-14T18:16:25.504-0400] {processor.py:161} INFO - Started process (PID=37824) to work on /Users/manideepakreddyaila/Desktop/projects/Legal_Insights_Engine/.venv/lib/python3.11/site-packages/airflow/example_dags/example_dag_decorator.py
[2024-04-14T18:16:25.507-0400] {processor.py:830} INFO - Processing file /Users/manideepakreddyaila/Desktop/projects/Legal_Insights_Engine/.venv/lib/python3.11/site-packages/airflow/example_dags/example_dag_decorator.py for tasks to queue
[2024-04-14T18:16:25.508-0400] {logging_mixin.py:188} INFO - [2024-04-14T18:16:25.508-0400] {dagbag.py:540} INFO - Filling up the DagBag from /Users/manideepakreddyaila/Desktop/projects/Legal_Insights_Engine/.venv/lib/python3.11/site-packages/airflow/example_dags/example_dag_decorator.py
[2024-04-14T18:16:25.704-0400] {processor.py:840} INFO - DAG(s) 'example_dag_decorator' retrieved from /Users/manideepakreddyaila/Desktop/projects/Legal_Insights_Engine/.venv/lib/python3.11/site-packages/airflow/example_dags/example_dag_decorator.py
[2024-04-14T18:16:25.800-0400] {logging_mixin.py:188} INFO - [2024-04-14T18:16:25.800-0400] {dag.py:3096} INFO - Sync 1 DAGs
[2024-04-14T18:16:25.803-0400] {logging_mixin.py:188} INFO - [2024-04-14T18:16:25.803-0400] {dag.py:3954} INFO - Setting next_dagrun for example_dag_decorator to None, run_after=None
[2024-04-14T18:16:25.811-0400] {processor.py:183} INFO - Processing /Users/manideepakreddyaila/Desktop/projects/Legal_Insights_Engine/.venv/lib/python3.11/site-packages/airflow/example_dags/example_dag_decorator.py took 0.309 seconds
