[2024-04-13T20:07:08.444-0400] {processor.py:161} INFO - Started process (PID=31674) to work on /Users/manideepakreddyaila/Desktop/projects/Legal_Insights_Engine/.venv/lib/python3.11/site-packages/airflow/example_dags/example_latest_only.py
[2024-04-13T20:07:08.445-0400] {processor.py:830} INFO - Processing file /Users/manideepakreddyaila/Desktop/projects/Legal_Insights_Engine/.venv/lib/python3.11/site-packages/airflow/example_dags/example_latest_only.py for tasks to queue
[2024-04-13T20:07:08.445-0400] {logging_mixin.py:188} INFO - [2024-04-13T20:07:08.445-0400] {dagbag.py:540} INFO - Filling up the DagBag from /Users/manideepakreddyaila/Desktop/projects/Legal_Insights_Engine/.venv/lib/python3.11/site-packages/airflow/example_dags/example_latest_only.py
[2024-04-13T20:07:08.473-0400] {processor.py:840} INFO - DAG(s) 'latest_only' retrieved from /Users/manideepakreddyaila/Desktop/projects/Legal_Insights_Engine/.venv/lib/python3.11/site-packages/airflow/example_dags/example_latest_only.py
[2024-04-13T20:07:08.509-0400] {logging_mixin.py:188} INFO - [2024-04-13T20:07:08.509-0400] {dag.py:3096} INFO - Sync 1 DAGs
[2024-04-13T20:07:08.514-0400] {logging_mixin.py:188} INFO - [2024-04-13T20:07:08.514-0400] {dag.py:3954} INFO - Setting next_dagrun for latest_only to 2024-04-13 20:00:00+00:00, run_after=2024-04-14 00:00:00+00:00
[2024-04-13T20:07:08.520-0400] {processor.py:183} INFO - Processing /Users/manideepakreddyaila/Desktop/projects/Legal_Insights_Engine/.venv/lib/python3.11/site-packages/airflow/example_dags/example_latest_only.py took 0.077 seconds
[2024-04-13T22:09:26.023-0400] {processor.py:161} INFO - Started process (PID=31890) to work on /Users/manideepakreddyaila/Desktop/projects/Legal_Insights_Engine/.venv/lib/python3.11/site-packages/airflow/example_dags/example_latest_only.py
[2024-04-13T22:09:26.024-0400] {processor.py:830} INFO - Processing file /Users/manideepakreddyaila/Desktop/projects/Legal_Insights_Engine/.venv/lib/python3.11/site-packages/airflow/example_dags/example_latest_only.py for tasks to queue
[2024-04-13T22:09:26.024-0400] {logging_mixin.py:188} INFO - [2024-04-13T22:09:26.024-0400] {dagbag.py:540} INFO - Filling up the DagBag from /Users/manideepakreddyaila/Desktop/projects/Legal_Insights_Engine/.venv/lib/python3.11/site-packages/airflow/example_dags/example_latest_only.py
[2024-04-13T22:09:26.053-0400] {processor.py:840} INFO - DAG(s) 'latest_only' retrieved from /Users/manideepakreddyaila/Desktop/projects/Legal_Insights_Engine/.venv/lib/python3.11/site-packages/airflow/example_dags/example_latest_only.py
[2024-04-13T22:09:26.088-0400] {logging_mixin.py:188} INFO - [2024-04-13T22:09:26.088-0400] {dag.py:3096} INFO - Sync 1 DAGs
[2024-04-13T22:09:26.093-0400] {logging_mixin.py:188} INFO - [2024-04-13T22:09:26.093-0400] {dag.py:3954} INFO - Setting next_dagrun for latest_only to 2024-04-13 20:00:00+00:00, run_after=2024-04-14 00:00:00+00:00
[2024-04-13T22:09:26.099-0400] {processor.py:183} INFO - Processing /Users/manideepakreddyaila/Desktop/projects/Legal_Insights_Engine/.venv/lib/python3.11/site-packages/airflow/example_dags/example_latest_only.py took 0.077 seconds
[2024-04-14T01:11:58.240-0400] {processor.py:161} INFO - Started process (PID=32095) to work on /Users/manideepakreddyaila/Desktop/projects/Legal_Insights_Engine/.venv/lib/python3.11/site-packages/airflow/example_dags/example_latest_only.py
[2024-04-14T01:11:58.241-0400] {processor.py:830} INFO - Processing file /Users/manideepakreddyaila/Desktop/projects/Legal_Insights_Engine/.venv/lib/python3.11/site-packages/airflow/example_dags/example_latest_only.py for tasks to queue
[2024-04-14T01:11:58.241-0400] {logging_mixin.py:188} INFO - [2024-04-14T01:11:58.241-0400] {dagbag.py:540} INFO - Filling up the DagBag from /Users/manideepakreddyaila/Desktop/projects/Legal_Insights_Engine/.venv/lib/python3.11/site-packages/airflow/example_dags/example_latest_only.py
[2024-04-14T01:11:58.269-0400] {processor.py:840} INFO - DAG(s) 'latest_only' retrieved from /Users/manideepakreddyaila/Desktop/projects/Legal_Insights_Engine/.venv/lib/python3.11/site-packages/airflow/example_dags/example_latest_only.py
[2024-04-14T01:11:58.331-0400] {logging_mixin.py:188} INFO - [2024-04-14T01:11:58.331-0400] {dag.py:3096} INFO - Sync 1 DAGs
[2024-04-14T01:11:58.337-0400] {logging_mixin.py:188} INFO - [2024-04-14T01:11:58.337-0400] {dag.py:3954} INFO - Setting next_dagrun for latest_only to 2024-04-14 00:00:00+00:00, run_after=2024-04-14 04:00:00+00:00
[2024-04-14T01:11:58.344-0400] {processor.py:183} INFO - Processing /Users/manideepakreddyaila/Desktop/projects/Legal_Insights_Engine/.venv/lib/python3.11/site-packages/airflow/example_dags/example_latest_only.py took 0.105 seconds
[2024-04-14T04:04:50.978-0400] {processor.py:161} INFO - Started process (PID=32372) to work on /Users/manideepakreddyaila/Desktop/projects/Legal_Insights_Engine/.venv/lib/python3.11/site-packages/airflow/example_dags/example_latest_only.py
[2024-04-14T04:04:50.979-0400] {processor.py:830} INFO - Processing file /Users/manideepakreddyaila/Desktop/projects/Legal_Insights_Engine/.venv/lib/python3.11/site-packages/airflow/example_dags/example_latest_only.py for tasks to queue
[2024-04-14T04:04:50.980-0400] {logging_mixin.py:188} INFO - [2024-04-14T04:04:50.980-0400] {dagbag.py:540} INFO - Filling up the DagBag from /Users/manideepakreddyaila/Desktop/projects/Legal_Insights_Engine/.venv/lib/python3.11/site-packages/airflow/example_dags/example_latest_only.py
[2024-04-14T04:04:51.008-0400] {processor.py:840} INFO - DAG(s) 'latest_only' retrieved from /Users/manideepakreddyaila/Desktop/projects/Legal_Insights_Engine/.venv/lib/python3.11/site-packages/airflow/example_dags/example_latest_only.py
[2024-04-14T04:04:51.043-0400] {logging_mixin.py:188} INFO - [2024-04-14T04:04:51.043-0400] {dag.py:3096} INFO - Sync 1 DAGs
[2024-04-14T04:04:51.048-0400] {logging_mixin.py:188} INFO - [2024-04-14T04:04:51.048-0400] {dag.py:3954} INFO - Setting next_dagrun for latest_only to 2024-04-14 04:00:00+00:00, run_after=2024-04-14 08:00:00+00:00
[2024-04-14T04:04:51.054-0400] {processor.py:183} INFO - Processing /Users/manideepakreddyaila/Desktop/projects/Legal_Insights_Engine/.venv/lib/python3.11/site-packages/airflow/example_dags/example_latest_only.py took 0.077 seconds
[2024-04-14T06:21:52.797-0400] {processor.py:161} INFO - Started process (PID=32547) to work on /Users/manideepakreddyaila/Desktop/projects/Legal_Insights_Engine/.venv/lib/python3.11/site-packages/airflow/example_dags/example_latest_only.py
[2024-04-14T06:21:52.799-0400] {processor.py:830} INFO - Processing file /Users/manideepakreddyaila/Desktop/projects/Legal_Insights_Engine/.venv/lib/python3.11/site-packages/airflow/example_dags/example_latest_only.py for tasks to queue
[2024-04-14T06:21:52.799-0400] {logging_mixin.py:188} INFO - [2024-04-14T06:21:52.799-0400] {dagbag.py:540} INFO - Filling up the DagBag from /Users/manideepakreddyaila/Desktop/projects/Legal_Insights_Engine/.venv/lib/python3.11/site-packages/airflow/example_dags/example_latest_only.py
[2024-04-14T06:21:52.827-0400] {processor.py:840} INFO - DAG(s) 'latest_only' retrieved from /Users/manideepakreddyaila/Desktop/projects/Legal_Insights_Engine/.venv/lib/python3.11/site-packages/airflow/example_dags/example_latest_only.py
[2024-04-14T06:21:52.861-0400] {logging_mixin.py:188} INFO - [2024-04-14T06:21:52.861-0400] {dag.py:3096} INFO - Sync 1 DAGs
[2024-04-14T06:21:52.867-0400] {logging_mixin.py:188} INFO - [2024-04-14T06:21:52.866-0400] {dag.py:3954} INFO - Setting next_dagrun for latest_only to 2024-04-14 04:00:00+00:00, run_after=2024-04-14 08:00:00+00:00
[2024-04-14T06:21:52.873-0400] {processor.py:183} INFO - Processing /Users/manideepakreddyaila/Desktop/projects/Legal_Insights_Engine/.venv/lib/python3.11/site-packages/airflow/example_dags/example_latest_only.py took 0.076 seconds
[2024-04-14T08:10:07.558-0400] {processor.py:161} INFO - Started process (PID=32728) to work on /Users/manideepakreddyaila/Desktop/projects/Legal_Insights_Engine/.venv/lib/python3.11/site-packages/airflow/example_dags/example_latest_only.py
[2024-04-14T08:10:07.559-0400] {processor.py:830} INFO - Processing file /Users/manideepakreddyaila/Desktop/projects/Legal_Insights_Engine/.venv/lib/python3.11/site-packages/airflow/example_dags/example_latest_only.py for tasks to queue
[2024-04-14T08:10:07.559-0400] {logging_mixin.py:188} INFO - [2024-04-14T08:10:07.559-0400] {dagbag.py:540} INFO - Filling up the DagBag from /Users/manideepakreddyaila/Desktop/projects/Legal_Insights_Engine/.venv/lib/python3.11/site-packages/airflow/example_dags/example_latest_only.py
[2024-04-14T08:10:07.588-0400] {processor.py:840} INFO - DAG(s) 'latest_only' retrieved from /Users/manideepakreddyaila/Desktop/projects/Legal_Insights_Engine/.venv/lib/python3.11/site-packages/airflow/example_dags/example_latest_only.py
[2024-04-14T08:10:07.623-0400] {logging_mixin.py:188} INFO - [2024-04-14T08:10:07.623-0400] {dag.py:3096} INFO - Sync 1 DAGs
[2024-04-14T08:10:07.628-0400] {logging_mixin.py:188} INFO - [2024-04-14T08:10:07.628-0400] {dag.py:3954} INFO - Setting next_dagrun for latest_only to 2024-04-14 08:00:00+00:00, run_after=2024-04-14 12:00:00+00:00
[2024-04-14T08:10:07.634-0400] {processor.py:183} INFO - Processing /Users/manideepakreddyaila/Desktop/projects/Legal_Insights_Engine/.venv/lib/python3.11/site-packages/airflow/example_dags/example_latest_only.py took 0.077 seconds
[2024-04-14T08:15:49.706-0400] {processor.py:161} INFO - Started process (PID=32853) to work on /Users/manideepakreddyaila/Desktop/projects/Legal_Insights_Engine/.venv/lib/python3.11/site-packages/airflow/example_dags/example_latest_only.py
[2024-04-14T08:15:49.707-0400] {processor.py:830} INFO - Processing file /Users/manideepakreddyaila/Desktop/projects/Legal_Insights_Engine/.venv/lib/python3.11/site-packages/airflow/example_dags/example_latest_only.py for tasks to queue
[2024-04-14T08:15:49.707-0400] {logging_mixin.py:188} INFO - [2024-04-14T08:15:49.707-0400] {dagbag.py:540} INFO - Filling up the DagBag from /Users/manideepakreddyaila/Desktop/projects/Legal_Insights_Engine/.venv/lib/python3.11/site-packages/airflow/example_dags/example_latest_only.py
[2024-04-14T08:15:49.735-0400] {processor.py:840} INFO - DAG(s) 'latest_only' retrieved from /Users/manideepakreddyaila/Desktop/projects/Legal_Insights_Engine/.venv/lib/python3.11/site-packages/airflow/example_dags/example_latest_only.py
[2024-04-14T08:15:49.770-0400] {logging_mixin.py:188} INFO - [2024-04-14T08:15:49.770-0400] {dag.py:3096} INFO - Sync 1 DAGs
[2024-04-14T08:15:49.776-0400] {logging_mixin.py:188} INFO - [2024-04-14T08:15:49.776-0400] {dag.py:3954} INFO - Setting next_dagrun for latest_only to 2024-04-14 08:00:00+00:00, run_after=2024-04-14 12:00:00+00:00
[2024-04-14T08:15:49.782-0400] {processor.py:183} INFO - Processing /Users/manideepakreddyaila/Desktop/projects/Legal_Insights_Engine/.venv/lib/python3.11/site-packages/airflow/example_dags/example_latest_only.py took 0.077 seconds
[2024-04-14T08:22:06.691-0400] {processor.py:161} INFO - Started process (PID=32968) to work on /Users/manideepakreddyaila/Desktop/projects/Legal_Insights_Engine/.venv/lib/python3.11/site-packages/airflow/example_dags/example_latest_only.py
[2024-04-14T08:22:06.691-0400] {processor.py:830} INFO - Processing file /Users/manideepakreddyaila/Desktop/projects/Legal_Insights_Engine/.venv/lib/python3.11/site-packages/airflow/example_dags/example_latest_only.py for tasks to queue
[2024-04-14T08:22:06.692-0400] {logging_mixin.py:188} INFO - [2024-04-14T08:22:06.692-0400] {dagbag.py:540} INFO - Filling up the DagBag from /Users/manideepakreddyaila/Desktop/projects/Legal_Insights_Engine/.venv/lib/python3.11/site-packages/airflow/example_dags/example_latest_only.py
[2024-04-14T08:22:06.720-0400] {processor.py:840} INFO - DAG(s) 'latest_only' retrieved from /Users/manideepakreddyaila/Desktop/projects/Legal_Insights_Engine/.venv/lib/python3.11/site-packages/airflow/example_dags/example_latest_only.py
[2024-04-14T08:22:06.755-0400] {logging_mixin.py:188} INFO - [2024-04-14T08:22:06.755-0400] {dag.py:3096} INFO - Sync 1 DAGs
[2024-04-14T08:22:06.761-0400] {logging_mixin.py:188} INFO - [2024-04-14T08:22:06.761-0400] {dag.py:3954} INFO - Setting next_dagrun for latest_only to 2024-04-14 08:00:00+00:00, run_after=2024-04-14 12:00:00+00:00
[2024-04-14T08:22:06.767-0400] {processor.py:183} INFO - Processing /Users/manideepakreddyaila/Desktop/projects/Legal_Insights_Engine/.venv/lib/python3.11/site-packages/airflow/example_dags/example_latest_only.py took 0.077 seconds
[2024-04-14T11:37:08.633-0400] {processor.py:161} INFO - Started process (PID=33147) to work on /Users/manideepakreddyaila/Desktop/projects/Legal_Insights_Engine/.venv/lib/python3.11/site-packages/airflow/example_dags/example_latest_only.py
[2024-04-14T11:37:08.633-0400] {processor.py:830} INFO - Processing file /Users/manideepakreddyaila/Desktop/projects/Legal_Insights_Engine/.venv/lib/python3.11/site-packages/airflow/example_dags/example_latest_only.py for tasks to queue
[2024-04-14T11:37:08.634-0400] {logging_mixin.py:188} INFO - [2024-04-14T11:37:08.634-0400] {dagbag.py:540} INFO - Filling up the DagBag from /Users/manideepakreddyaila/Desktop/projects/Legal_Insights_Engine/.venv/lib/python3.11/site-packages/airflow/example_dags/example_latest_only.py
[2024-04-14T11:37:08.662-0400] {processor.py:840} INFO - DAG(s) 'latest_only' retrieved from /Users/manideepakreddyaila/Desktop/projects/Legal_Insights_Engine/.venv/lib/python3.11/site-packages/airflow/example_dags/example_latest_only.py
[2024-04-14T11:37:08.698-0400] {logging_mixin.py:188} INFO - [2024-04-14T11:37:08.698-0400] {dag.py:3096} INFO - Sync 1 DAGs
[2024-04-14T11:37:08.704-0400] {logging_mixin.py:188} INFO - [2024-04-14T11:37:08.704-0400] {dag.py:3954} INFO - Setting next_dagrun for latest_only to 2024-04-14 08:00:00+00:00, run_after=2024-04-14 12:00:00+00:00
[2024-04-14T11:37:08.710-0400] {processor.py:183} INFO - Processing /Users/manideepakreddyaila/Desktop/projects/Legal_Insights_Engine/.venv/lib/python3.11/site-packages/airflow/example_dags/example_latest_only.py took 0.078 seconds
[2024-04-14T12:07:03.067-0400] {processor.py:161} INFO - Started process (PID=33269) to work on /Users/manideepakreddyaila/Desktop/projects/Legal_Insights_Engine/.venv/lib/python3.11/site-packages/airflow/example_dags/example_latest_only.py
[2024-04-14T12:07:03.068-0400] {processor.py:830} INFO - Processing file /Users/manideepakreddyaila/Desktop/projects/Legal_Insights_Engine/.venv/lib/python3.11/site-packages/airflow/example_dags/example_latest_only.py for tasks to queue
[2024-04-14T12:07:03.068-0400] {logging_mixin.py:188} INFO - [2024-04-14T12:07:03.068-0400] {dagbag.py:540} INFO - Filling up the DagBag from /Users/manideepakreddyaila/Desktop/projects/Legal_Insights_Engine/.venv/lib/python3.11/site-packages/airflow/example_dags/example_latest_only.py
[2024-04-14T12:07:03.097-0400] {processor.py:840} INFO - DAG(s) 'latest_only' retrieved from /Users/manideepakreddyaila/Desktop/projects/Legal_Insights_Engine/.venv/lib/python3.11/site-packages/airflow/example_dags/example_latest_only.py
[2024-04-14T12:07:03.132-0400] {logging_mixin.py:188} INFO - [2024-04-14T12:07:03.132-0400] {dag.py:3096} INFO - Sync 1 DAGs
[2024-04-14T12:07:03.137-0400] {logging_mixin.py:188} INFO - [2024-04-14T12:07:03.137-0400] {dag.py:3954} INFO - Setting next_dagrun for latest_only to 2024-04-14 12:00:00+00:00, run_after=2024-04-14 16:00:00+00:00
[2024-04-14T12:07:03.143-0400] {processor.py:183} INFO - Processing /Users/manideepakreddyaila/Desktop/projects/Legal_Insights_Engine/.venv/lib/python3.11/site-packages/airflow/example_dags/example_latest_only.py took 0.077 seconds
[2024-04-14T14:14:16.216-0400] {processor.py:161} INFO - Started process (PID=33474) to work on /Users/manideepakreddyaila/Desktop/projects/Legal_Insights_Engine/.venv/lib/python3.11/site-packages/airflow/example_dags/example_latest_only.py
[2024-04-14T14:14:16.216-0400] {processor.py:830} INFO - Processing file /Users/manideepakreddyaila/Desktop/projects/Legal_Insights_Engine/.venv/lib/python3.11/site-packages/airflow/example_dags/example_latest_only.py for tasks to queue
[2024-04-14T14:14:16.217-0400] {logging_mixin.py:188} INFO - [2024-04-14T14:14:16.217-0400] {dagbag.py:540} INFO - Filling up the DagBag from /Users/manideepakreddyaila/Desktop/projects/Legal_Insights_Engine/.venv/lib/python3.11/site-packages/airflow/example_dags/example_latest_only.py
[2024-04-14T14:14:16.244-0400] {processor.py:840} INFO - DAG(s) 'latest_only' retrieved from /Users/manideepakreddyaila/Desktop/projects/Legal_Insights_Engine/.venv/lib/python3.11/site-packages/airflow/example_dags/example_latest_only.py
[2024-04-14T14:14:16.279-0400] {logging_mixin.py:188} INFO - [2024-04-14T14:14:16.279-0400] {dag.py:3096} INFO - Sync 1 DAGs
[2024-04-14T14:14:16.284-0400] {logging_mixin.py:188} INFO - [2024-04-14T14:14:16.284-0400] {dag.py:3954} INFO - Setting next_dagrun for latest_only to 2024-04-14 12:00:00+00:00, run_after=2024-04-14 16:00:00+00:00
[2024-04-14T14:14:16.290-0400] {processor.py:183} INFO - Processing /Users/manideepakreddyaila/Desktop/projects/Legal_Insights_Engine/.venv/lib/python3.11/site-packages/airflow/example_dags/example_latest_only.py took 0.075 seconds
[2024-04-14T16:17:12.609-0400] {processor.py:161} INFO - Started process (PID=33639) to work on /Users/manideepakreddyaila/Desktop/projects/Legal_Insights_Engine/.venv/lib/python3.11/site-packages/airflow/example_dags/example_latest_only.py
[2024-04-14T16:17:12.610-0400] {processor.py:830} INFO - Processing file /Users/manideepakreddyaila/Desktop/projects/Legal_Insights_Engine/.venv/lib/python3.11/site-packages/airflow/example_dags/example_latest_only.py for tasks to queue
[2024-04-14T16:17:12.610-0400] {logging_mixin.py:188} INFO - [2024-04-14T16:17:12.610-0400] {dagbag.py:540} INFO - Filling up the DagBag from /Users/manideepakreddyaila/Desktop/projects/Legal_Insights_Engine/.venv/lib/python3.11/site-packages/airflow/example_dags/example_latest_only.py
[2024-04-14T16:17:12.640-0400] {processor.py:840} INFO - DAG(s) 'latest_only' retrieved from /Users/manideepakreddyaila/Desktop/projects/Legal_Insights_Engine/.venv/lib/python3.11/site-packages/airflow/example_dags/example_latest_only.py
[2024-04-14T16:17:12.675-0400] {logging_mixin.py:188} INFO - [2024-04-14T16:17:12.675-0400] {dag.py:3096} INFO - Sync 1 DAGs
[2024-04-14T16:17:12.681-0400] {logging_mixin.py:188} INFO - [2024-04-14T16:17:12.681-0400] {dag.py:3954} INFO - Setting next_dagrun for latest_only to 2024-04-14 16:00:00+00:00, run_after=2024-04-14 20:00:00+00:00
[2024-04-14T16:17:12.687-0400] {processor.py:183} INFO - Processing /Users/manideepakreddyaila/Desktop/projects/Legal_Insights_Engine/.venv/lib/python3.11/site-packages/airflow/example_dags/example_latest_only.py took 0.079 seconds
[2024-04-14T16:37:07.124-0400] {processor.py:161} INFO - Started process (PID=33773) to work on /Users/manideepakreddyaila/Desktop/projects/Legal_Insights_Engine/.venv/lib/python3.11/site-packages/airflow/example_dags/example_latest_only.py
[2024-04-14T16:37:07.125-0400] {processor.py:830} INFO - Processing file /Users/manideepakreddyaila/Desktop/projects/Legal_Insights_Engine/.venv/lib/python3.11/site-packages/airflow/example_dags/example_latest_only.py for tasks to queue
[2024-04-14T16:37:07.125-0400] {logging_mixin.py:188} INFO - [2024-04-14T16:37:07.125-0400] {dagbag.py:540} INFO - Filling up the DagBag from /Users/manideepakreddyaila/Desktop/projects/Legal_Insights_Engine/.venv/lib/python3.11/site-packages/airflow/example_dags/example_latest_only.py
[2024-04-14T16:37:07.154-0400] {processor.py:840} INFO - DAG(s) 'latest_only' retrieved from /Users/manideepakreddyaila/Desktop/projects/Legal_Insights_Engine/.venv/lib/python3.11/site-packages/airflow/example_dags/example_latest_only.py
[2024-04-14T16:37:07.190-0400] {logging_mixin.py:188} INFO - [2024-04-14T16:37:07.190-0400] {dag.py:3096} INFO - Sync 1 DAGs
[2024-04-14T16:37:07.195-0400] {logging_mixin.py:188} INFO - [2024-04-14T16:37:07.195-0400] {dag.py:3954} INFO - Setting next_dagrun for latest_only to 2024-04-14 16:00:00+00:00, run_after=2024-04-14 20:00:00+00:00
[2024-04-14T16:37:07.201-0400] {processor.py:183} INFO - Processing /Users/manideepakreddyaila/Desktop/projects/Legal_Insights_Engine/.venv/lib/python3.11/site-packages/airflow/example_dags/example_latest_only.py took 0.078 seconds
[2024-04-14T16:39:08.553-0400] {processor.py:161} INFO - Started process (PID=33866) to work on /Users/manideepakreddyaila/Desktop/projects/Legal_Insights_Engine/.venv/lib/python3.11/site-packages/airflow/example_dags/example_latest_only.py
[2024-04-14T16:39:08.554-0400] {processor.py:830} INFO - Processing file /Users/manideepakreddyaila/Desktop/projects/Legal_Insights_Engine/.venv/lib/python3.11/site-packages/airflow/example_dags/example_latest_only.py for tasks to queue
[2024-04-14T16:39:08.554-0400] {logging_mixin.py:188} INFO - [2024-04-14T16:39:08.554-0400] {dagbag.py:540} INFO - Filling up the DagBag from /Users/manideepakreddyaila/Desktop/projects/Legal_Insights_Engine/.venv/lib/python3.11/site-packages/airflow/example_dags/example_latest_only.py
[2024-04-14T16:39:08.583-0400] {processor.py:840} INFO - DAG(s) 'latest_only' retrieved from /Users/manideepakreddyaila/Desktop/projects/Legal_Insights_Engine/.venv/lib/python3.11/site-packages/airflow/example_dags/example_latest_only.py
[2024-04-14T16:39:08.619-0400] {logging_mixin.py:188} INFO - [2024-04-14T16:39:08.618-0400] {dag.py:3096} INFO - Sync 1 DAGs
[2024-04-14T16:39:08.624-0400] {logging_mixin.py:188} INFO - [2024-04-14T16:39:08.624-0400] {dag.py:3954} INFO - Setting next_dagrun for latest_only to 2024-04-14 16:00:00+00:00, run_after=2024-04-14 20:00:00+00:00
[2024-04-14T16:39:08.630-0400] {processor.py:183} INFO - Processing /Users/manideepakreddyaila/Desktop/projects/Legal_Insights_Engine/.venv/lib/python3.11/site-packages/airflow/example_dags/example_latest_only.py took 0.078 seconds
[2024-04-14T16:41:03.904-0400] {processor.py:161} INFO - Started process (PID=33965) to work on /Users/manideepakreddyaila/Desktop/projects/Legal_Insights_Engine/.venv/lib/python3.11/site-packages/airflow/example_dags/example_latest_only.py
[2024-04-14T16:41:03.905-0400] {processor.py:830} INFO - Processing file /Users/manideepakreddyaila/Desktop/projects/Legal_Insights_Engine/.venv/lib/python3.11/site-packages/airflow/example_dags/example_latest_only.py for tasks to queue
[2024-04-14T16:41:03.905-0400] {logging_mixin.py:188} INFO - [2024-04-14T16:41:03.905-0400] {dagbag.py:540} INFO - Filling up the DagBag from /Users/manideepakreddyaila/Desktop/projects/Legal_Insights_Engine/.venv/lib/python3.11/site-packages/airflow/example_dags/example_latest_only.py
[2024-04-14T16:41:03.934-0400] {processor.py:840} INFO - DAG(s) 'latest_only' retrieved from /Users/manideepakreddyaila/Desktop/projects/Legal_Insights_Engine/.venv/lib/python3.11/site-packages/airflow/example_dags/example_latest_only.py
[2024-04-14T16:41:03.970-0400] {logging_mixin.py:188} INFO - [2024-04-14T16:41:03.970-0400] {dag.py:3096} INFO - Sync 1 DAGs
[2024-04-14T16:41:03.976-0400] {logging_mixin.py:188} INFO - [2024-04-14T16:41:03.976-0400] {dag.py:3954} INFO - Setting next_dagrun for latest_only to 2024-04-14 16:00:00+00:00, run_after=2024-04-14 20:00:00+00:00
[2024-04-14T16:41:03.982-0400] {processor.py:183} INFO - Processing /Users/manideepakreddyaila/Desktop/projects/Legal_Insights_Engine/.venv/lib/python3.11/site-packages/airflow/example_dags/example_latest_only.py took 0.078 seconds
[2024-04-14T16:42:58.798-0400] {processor.py:161} INFO - Started process (PID=34065) to work on /Users/manideepakreddyaila/Desktop/projects/Legal_Insights_Engine/.venv/lib/python3.11/site-packages/airflow/example_dags/example_latest_only.py
[2024-04-14T16:42:58.798-0400] {processor.py:830} INFO - Processing file /Users/manideepakreddyaila/Desktop/projects/Legal_Insights_Engine/.venv/lib/python3.11/site-packages/airflow/example_dags/example_latest_only.py for tasks to queue
[2024-04-14T16:42:58.799-0400] {logging_mixin.py:188} INFO - [2024-04-14T16:42:58.799-0400] {dagbag.py:540} INFO - Filling up the DagBag from /Users/manideepakreddyaila/Desktop/projects/Legal_Insights_Engine/.venv/lib/python3.11/site-packages/airflow/example_dags/example_latest_only.py
[2024-04-14T16:42:58.827-0400] {processor.py:840} INFO - DAG(s) 'latest_only' retrieved from /Users/manideepakreddyaila/Desktop/projects/Legal_Insights_Engine/.venv/lib/python3.11/site-packages/airflow/example_dags/example_latest_only.py
[2024-04-14T16:42:58.862-0400] {logging_mixin.py:188} INFO - [2024-04-14T16:42:58.862-0400] {dag.py:3096} INFO - Sync 1 DAGs
[2024-04-14T16:42:58.867-0400] {logging_mixin.py:188} INFO - [2024-04-14T16:42:58.867-0400] {dag.py:3954} INFO - Setting next_dagrun for latest_only to 2024-04-14 16:00:00+00:00, run_after=2024-04-14 20:00:00+00:00
[2024-04-14T16:42:58.873-0400] {processor.py:183} INFO - Processing /Users/manideepakreddyaila/Desktop/projects/Legal_Insights_Engine/.venv/lib/python3.11/site-packages/airflow/example_dags/example_latest_only.py took 0.076 seconds
[2024-04-14T16:45:00.730-0400] {processor.py:161} INFO - Started process (PID=34166) to work on /Users/manideepakreddyaila/Desktop/projects/Legal_Insights_Engine/.venv/lib/python3.11/site-packages/airflow/example_dags/example_latest_only.py
[2024-04-14T16:45:00.731-0400] {processor.py:830} INFO - Processing file /Users/manideepakreddyaila/Desktop/projects/Legal_Insights_Engine/.venv/lib/python3.11/site-packages/airflow/example_dags/example_latest_only.py for tasks to queue
[2024-04-14T16:45:00.731-0400] {logging_mixin.py:188} INFO - [2024-04-14T16:45:00.731-0400] {dagbag.py:540} INFO - Filling up the DagBag from /Users/manideepakreddyaila/Desktop/projects/Legal_Insights_Engine/.venv/lib/python3.11/site-packages/airflow/example_dags/example_latest_only.py
[2024-04-14T16:45:00.764-0400] {processor.py:840} INFO - DAG(s) 'latest_only' retrieved from /Users/manideepakreddyaila/Desktop/projects/Legal_Insights_Engine/.venv/lib/python3.11/site-packages/airflow/example_dags/example_latest_only.py
[2024-04-14T16:45:00.800-0400] {logging_mixin.py:188} INFO - [2024-04-14T16:45:00.800-0400] {dag.py:3096} INFO - Sync 1 DAGs
[2024-04-14T16:45:00.806-0400] {logging_mixin.py:188} INFO - [2024-04-14T16:45:00.806-0400] {dag.py:3954} INFO - Setting next_dagrun for latest_only to 2024-04-14 16:00:00+00:00, run_after=2024-04-14 20:00:00+00:00
[2024-04-14T16:45:00.812-0400] {processor.py:183} INFO - Processing /Users/manideepakreddyaila/Desktop/projects/Legal_Insights_Engine/.venv/lib/python3.11/site-packages/airflow/example_dags/example_latest_only.py took 0.083 seconds
[2024-04-14T16:46:59.330-0400] {processor.py:161} INFO - Started process (PID=34277) to work on /Users/manideepakreddyaila/Desktop/projects/Legal_Insights_Engine/.venv/lib/python3.11/site-packages/airflow/example_dags/example_latest_only.py
[2024-04-14T16:46:59.333-0400] {processor.py:830} INFO - Processing file /Users/manideepakreddyaila/Desktop/projects/Legal_Insights_Engine/.venv/lib/python3.11/site-packages/airflow/example_dags/example_latest_only.py for tasks to queue
[2024-04-14T16:46:59.333-0400] {logging_mixin.py:188} INFO - [2024-04-14T16:46:59.333-0400] {dagbag.py:540} INFO - Filling up the DagBag from /Users/manideepakreddyaila/Desktop/projects/Legal_Insights_Engine/.venv/lib/python3.11/site-packages/airflow/example_dags/example_latest_only.py
[2024-04-14T16:46:59.361-0400] {processor.py:840} INFO - DAG(s) 'latest_only' retrieved from /Users/manideepakreddyaila/Desktop/projects/Legal_Insights_Engine/.venv/lib/python3.11/site-packages/airflow/example_dags/example_latest_only.py
[2024-04-14T16:46:59.396-0400] {logging_mixin.py:188} INFO - [2024-04-14T16:46:59.396-0400] {dag.py:3096} INFO - Sync 1 DAGs
[2024-04-14T16:46:59.401-0400] {logging_mixin.py:188} INFO - [2024-04-14T16:46:59.401-0400] {dag.py:3954} INFO - Setting next_dagrun for latest_only to 2024-04-14 16:00:00+00:00, run_after=2024-04-14 20:00:00+00:00
[2024-04-14T16:46:59.407-0400] {processor.py:183} INFO - Processing /Users/manideepakreddyaila/Desktop/projects/Legal_Insights_Engine/.venv/lib/python3.11/site-packages/airflow/example_dags/example_latest_only.py took 0.079 seconds
[2024-04-14T16:48:55.517-0400] {processor.py:161} INFO - Started process (PID=34375) to work on /Users/manideepakreddyaila/Desktop/projects/Legal_Insights_Engine/.venv/lib/python3.11/site-packages/airflow/example_dags/example_latest_only.py
[2024-04-14T16:48:55.518-0400] {processor.py:830} INFO - Processing file /Users/manideepakreddyaila/Desktop/projects/Legal_Insights_Engine/.venv/lib/python3.11/site-packages/airflow/example_dags/example_latest_only.py for tasks to queue
[2024-04-14T16:48:55.518-0400] {logging_mixin.py:188} INFO - [2024-04-14T16:48:55.518-0400] {dagbag.py:540} INFO - Filling up the DagBag from /Users/manideepakreddyaila/Desktop/projects/Legal_Insights_Engine/.venv/lib/python3.11/site-packages/airflow/example_dags/example_latest_only.py
[2024-04-14T16:48:55.547-0400] {processor.py:840} INFO - DAG(s) 'latest_only' retrieved from /Users/manideepakreddyaila/Desktop/projects/Legal_Insights_Engine/.venv/lib/python3.11/site-packages/airflow/example_dags/example_latest_only.py
[2024-04-14T16:48:55.583-0400] {logging_mixin.py:188} INFO - [2024-04-14T16:48:55.582-0400] {dag.py:3096} INFO - Sync 1 DAGs
[2024-04-14T16:48:55.588-0400] {logging_mixin.py:188} INFO - [2024-04-14T16:48:55.588-0400] {dag.py:3954} INFO - Setting next_dagrun for latest_only to 2024-04-14 16:00:00+00:00, run_after=2024-04-14 20:00:00+00:00
[2024-04-14T16:48:55.594-0400] {processor.py:183} INFO - Processing /Users/manideepakreddyaila/Desktop/projects/Legal_Insights_Engine/.venv/lib/python3.11/site-packages/airflow/example_dags/example_latest_only.py took 0.078 seconds
[2024-04-14T17:15:55.713-0400] {processor.py:161} INFO - Started process (PID=34542) to work on /Users/manideepakreddyaila/Desktop/projects/Legal_Insights_Engine/.venv/lib/python3.11/site-packages/airflow/example_dags/example_latest_only.py
[2024-04-14T17:15:55.714-0400] {processor.py:830} INFO - Processing file /Users/manideepakreddyaila/Desktop/projects/Legal_Insights_Engine/.venv/lib/python3.11/site-packages/airflow/example_dags/example_latest_only.py for tasks to queue
[2024-04-14T17:15:55.714-0400] {logging_mixin.py:188} INFO - [2024-04-14T17:15:55.714-0400] {dagbag.py:540} INFO - Filling up the DagBag from /Users/manideepakreddyaila/Desktop/projects/Legal_Insights_Engine/.venv/lib/python3.11/site-packages/airflow/example_dags/example_latest_only.py
[2024-04-14T17:15:55.748-0400] {processor.py:840} INFO - DAG(s) 'latest_only' retrieved from /Users/manideepakreddyaila/Desktop/projects/Legal_Insights_Engine/.venv/lib/python3.11/site-packages/airflow/example_dags/example_latest_only.py
[2024-04-14T17:15:55.795-0400] {logging_mixin.py:188} INFO - [2024-04-14T17:15:55.795-0400] {dag.py:3096} INFO - Sync 1 DAGs
[2024-04-14T17:15:55.801-0400] {logging_mixin.py:188} INFO - [2024-04-14T17:15:55.801-0400] {dag.py:3954} INFO - Setting next_dagrun for latest_only to 2024-04-14 16:00:00+00:00, run_after=2024-04-14 20:00:00+00:00
[2024-04-14T17:15:55.807-0400] {processor.py:183} INFO - Processing /Users/manideepakreddyaila/Desktop/projects/Legal_Insights_Engine/.venv/lib/python3.11/site-packages/airflow/example_dags/example_latest_only.py took 0.095 seconds
[2024-04-14T17:17:57.843-0400] {processor.py:161} INFO - Started process (PID=34793) to work on /Users/manideepakreddyaila/Desktop/projects/Legal_Insights_Engine/.venv/lib/python3.11/site-packages/airflow/example_dags/example_latest_only.py
[2024-04-14T17:17:57.844-0400] {processor.py:830} INFO - Processing file /Users/manideepakreddyaila/Desktop/projects/Legal_Insights_Engine/.venv/lib/python3.11/site-packages/airflow/example_dags/example_latest_only.py for tasks to queue
[2024-04-14T17:17:57.844-0400] {logging_mixin.py:188} INFO - [2024-04-14T17:17:57.844-0400] {dagbag.py:540} INFO - Filling up the DagBag from /Users/manideepakreddyaila/Desktop/projects/Legal_Insights_Engine/.venv/lib/python3.11/site-packages/airflow/example_dags/example_latest_only.py
[2024-04-14T17:17:57.873-0400] {processor.py:840} INFO - DAG(s) 'latest_only' retrieved from /Users/manideepakreddyaila/Desktop/projects/Legal_Insights_Engine/.venv/lib/python3.11/site-packages/airflow/example_dags/example_latest_only.py
[2024-04-14T17:17:57.908-0400] {logging_mixin.py:188} INFO - [2024-04-14T17:17:57.908-0400] {dag.py:3096} INFO - Sync 1 DAGs
[2024-04-14T17:17:57.914-0400] {logging_mixin.py:188} INFO - [2024-04-14T17:17:57.914-0400] {dag.py:3954} INFO - Setting next_dagrun for latest_only to 2024-04-14 16:00:00+00:00, run_after=2024-04-14 20:00:00+00:00
[2024-04-14T17:17:57.920-0400] {processor.py:183} INFO - Processing /Users/manideepakreddyaila/Desktop/projects/Legal_Insights_Engine/.venv/lib/python3.11/site-packages/airflow/example_dags/example_latest_only.py took 0.077 seconds
[2024-04-14T17:19:52.071-0400] {processor.py:161} INFO - Started process (PID=34902) to work on /Users/manideepakreddyaila/Desktop/projects/Legal_Insights_Engine/.venv/lib/python3.11/site-packages/airflow/example_dags/example_latest_only.py
[2024-04-14T17:19:52.071-0400] {processor.py:830} INFO - Processing file /Users/manideepakreddyaila/Desktop/projects/Legal_Insights_Engine/.venv/lib/python3.11/site-packages/airflow/example_dags/example_latest_only.py for tasks to queue
[2024-04-14T17:19:52.072-0400] {logging_mixin.py:188} INFO - [2024-04-14T17:19:52.072-0400] {dagbag.py:540} INFO - Filling up the DagBag from /Users/manideepakreddyaila/Desktop/projects/Legal_Insights_Engine/.venv/lib/python3.11/site-packages/airflow/example_dags/example_latest_only.py
[2024-04-14T17:19:52.100-0400] {processor.py:840} INFO - DAG(s) 'latest_only' retrieved from /Users/manideepakreddyaila/Desktop/projects/Legal_Insights_Engine/.venv/lib/python3.11/site-packages/airflow/example_dags/example_latest_only.py
[2024-04-14T17:19:52.136-0400] {logging_mixin.py:188} INFO - [2024-04-14T17:19:52.136-0400] {dag.py:3096} INFO - Sync 1 DAGs
[2024-04-14T17:19:52.141-0400] {logging_mixin.py:188} INFO - [2024-04-14T17:19:52.141-0400] {dag.py:3954} INFO - Setting next_dagrun for latest_only to 2024-04-14 16:00:00+00:00, run_after=2024-04-14 20:00:00+00:00
[2024-04-14T17:19:52.147-0400] {processor.py:183} INFO - Processing /Users/manideepakreddyaila/Desktop/projects/Legal_Insights_Engine/.venv/lib/python3.11/site-packages/airflow/example_dags/example_latest_only.py took 0.077 seconds
[2024-04-14T17:21:48.584-0400] {processor.py:161} INFO - Started process (PID=34996) to work on /Users/manideepakreddyaila/Desktop/projects/Legal_Insights_Engine/.venv/lib/python3.11/site-packages/airflow/example_dags/example_latest_only.py
[2024-04-14T17:21:48.585-0400] {processor.py:830} INFO - Processing file /Users/manideepakreddyaila/Desktop/projects/Legal_Insights_Engine/.venv/lib/python3.11/site-packages/airflow/example_dags/example_latest_only.py for tasks to queue
[2024-04-14T17:21:48.585-0400] {logging_mixin.py:188} INFO - [2024-04-14T17:21:48.585-0400] {dagbag.py:540} INFO - Filling up the DagBag from /Users/manideepakreddyaila/Desktop/projects/Legal_Insights_Engine/.venv/lib/python3.11/site-packages/airflow/example_dags/example_latest_only.py
[2024-04-14T17:21:48.614-0400] {processor.py:840} INFO - DAG(s) 'latest_only' retrieved from /Users/manideepakreddyaila/Desktop/projects/Legal_Insights_Engine/.venv/lib/python3.11/site-packages/airflow/example_dags/example_latest_only.py
[2024-04-14T17:21:48.648-0400] {logging_mixin.py:188} INFO - [2024-04-14T17:21:48.648-0400] {dag.py:3096} INFO - Sync 1 DAGs
[2024-04-14T17:21:48.654-0400] {logging_mixin.py:188} INFO - [2024-04-14T17:21:48.653-0400] {dag.py:3954} INFO - Setting next_dagrun for latest_only to 2024-04-14 16:00:00+00:00, run_after=2024-04-14 20:00:00+00:00
[2024-04-14T17:21:48.659-0400] {processor.py:183} INFO - Processing /Users/manideepakreddyaila/Desktop/projects/Legal_Insights_Engine/.venv/lib/python3.11/site-packages/airflow/example_dags/example_latest_only.py took 0.077 seconds
[2024-04-14T17:23:40.686-0400] {processor.py:161} INFO - Started process (PID=35088) to work on /Users/manideepakreddyaila/Desktop/projects/Legal_Insights_Engine/.venv/lib/python3.11/site-packages/airflow/example_dags/example_latest_only.py
[2024-04-14T17:23:40.687-0400] {processor.py:830} INFO - Processing file /Users/manideepakreddyaila/Desktop/projects/Legal_Insights_Engine/.venv/lib/python3.11/site-packages/airflow/example_dags/example_latest_only.py for tasks to queue
[2024-04-14T17:23:40.687-0400] {logging_mixin.py:188} INFO - [2024-04-14T17:23:40.687-0400] {dagbag.py:540} INFO - Filling up the DagBag from /Users/manideepakreddyaila/Desktop/projects/Legal_Insights_Engine/.venv/lib/python3.11/site-packages/airflow/example_dags/example_latest_only.py
[2024-04-14T17:23:40.718-0400] {processor.py:840} INFO - DAG(s) 'latest_only' retrieved from /Users/manideepakreddyaila/Desktop/projects/Legal_Insights_Engine/.venv/lib/python3.11/site-packages/airflow/example_dags/example_latest_only.py
[2024-04-14T17:23:40.753-0400] {logging_mixin.py:188} INFO - [2024-04-14T17:23:40.753-0400] {dag.py:3096} INFO - Sync 1 DAGs
[2024-04-14T17:23:40.758-0400] {logging_mixin.py:188} INFO - [2024-04-14T17:23:40.758-0400] {dag.py:3954} INFO - Setting next_dagrun for latest_only to 2024-04-14 16:00:00+00:00, run_after=2024-04-14 20:00:00+00:00
[2024-04-14T17:23:40.764-0400] {processor.py:183} INFO - Processing /Users/manideepakreddyaila/Desktop/projects/Legal_Insights_Engine/.venv/lib/python3.11/site-packages/airflow/example_dags/example_latest_only.py took 0.079 seconds
[2024-04-14T17:25:39.819-0400] {processor.py:161} INFO - Started process (PID=35192) to work on /Users/manideepakreddyaila/Desktop/projects/Legal_Insights_Engine/.venv/lib/python3.11/site-packages/airflow/example_dags/example_latest_only.py
[2024-04-14T17:25:39.819-0400] {processor.py:830} INFO - Processing file /Users/manideepakreddyaila/Desktop/projects/Legal_Insights_Engine/.venv/lib/python3.11/site-packages/airflow/example_dags/example_latest_only.py for tasks to queue
[2024-04-14T17:25:39.820-0400] {logging_mixin.py:188} INFO - [2024-04-14T17:25:39.819-0400] {dagbag.py:540} INFO - Filling up the DagBag from /Users/manideepakreddyaila/Desktop/projects/Legal_Insights_Engine/.venv/lib/python3.11/site-packages/airflow/example_dags/example_latest_only.py
[2024-04-14T17:25:39.849-0400] {processor.py:840} INFO - DAG(s) 'latest_only' retrieved from /Users/manideepakreddyaila/Desktop/projects/Legal_Insights_Engine/.venv/lib/python3.11/site-packages/airflow/example_dags/example_latest_only.py
[2024-04-14T17:25:39.886-0400] {logging_mixin.py:188} INFO - [2024-04-14T17:25:39.886-0400] {dag.py:3096} INFO - Sync 1 DAGs
[2024-04-14T17:25:39.892-0400] {logging_mixin.py:188} INFO - [2024-04-14T17:25:39.892-0400] {dag.py:3954} INFO - Setting next_dagrun for latest_only to 2024-04-14 16:00:00+00:00, run_after=2024-04-14 20:00:00+00:00
[2024-04-14T17:25:39.898-0400] {processor.py:183} INFO - Processing /Users/manideepakreddyaila/Desktop/projects/Legal_Insights_Engine/.venv/lib/python3.11/site-packages/airflow/example_dags/example_latest_only.py took 0.080 seconds
[2024-04-14T17:27:36.796-0400] {processor.py:161} INFO - Started process (PID=35295) to work on /Users/manideepakreddyaila/Desktop/projects/Legal_Insights_Engine/.venv/lib/python3.11/site-packages/airflow/example_dags/example_latest_only.py
[2024-04-14T17:27:36.797-0400] {processor.py:830} INFO - Processing file /Users/manideepakreddyaila/Desktop/projects/Legal_Insights_Engine/.venv/lib/python3.11/site-packages/airflow/example_dags/example_latest_only.py for tasks to queue
[2024-04-14T17:27:36.797-0400] {logging_mixin.py:188} INFO - [2024-04-14T17:27:36.797-0400] {dagbag.py:540} INFO - Filling up the DagBag from /Users/manideepakreddyaila/Desktop/projects/Legal_Insights_Engine/.venv/lib/python3.11/site-packages/airflow/example_dags/example_latest_only.py
[2024-04-14T17:27:36.827-0400] {processor.py:840} INFO - DAG(s) 'latest_only' retrieved from /Users/manideepakreddyaila/Desktop/projects/Legal_Insights_Engine/.venv/lib/python3.11/site-packages/airflow/example_dags/example_latest_only.py
[2024-04-14T17:27:36.862-0400] {logging_mixin.py:188} INFO - [2024-04-14T17:27:36.862-0400] {dag.py:3096} INFO - Sync 1 DAGs
[2024-04-14T17:27:36.868-0400] {logging_mixin.py:188} INFO - [2024-04-14T17:27:36.867-0400] {dag.py:3954} INFO - Setting next_dagrun for latest_only to 2024-04-14 16:00:00+00:00, run_after=2024-04-14 20:00:00+00:00
[2024-04-14T17:27:36.874-0400] {processor.py:183} INFO - Processing /Users/manideepakreddyaila/Desktop/projects/Legal_Insights_Engine/.venv/lib/python3.11/site-packages/airflow/example_dags/example_latest_only.py took 0.079 seconds
[2024-04-14T17:29:31.753-0400] {processor.py:161} INFO - Started process (PID=35395) to work on /Users/manideepakreddyaila/Desktop/projects/Legal_Insights_Engine/.venv/lib/python3.11/site-packages/airflow/example_dags/example_latest_only.py
[2024-04-14T17:29:31.755-0400] {processor.py:830} INFO - Processing file /Users/manideepakreddyaila/Desktop/projects/Legal_Insights_Engine/.venv/lib/python3.11/site-packages/airflow/example_dags/example_latest_only.py for tasks to queue
[2024-04-14T17:29:31.755-0400] {logging_mixin.py:188} INFO - [2024-04-14T17:29:31.755-0400] {dagbag.py:540} INFO - Filling up the DagBag from /Users/manideepakreddyaila/Desktop/projects/Legal_Insights_Engine/.venv/lib/python3.11/site-packages/airflow/example_dags/example_latest_only.py
[2024-04-14T17:29:31.784-0400] {processor.py:840} INFO - DAG(s) 'latest_only' retrieved from /Users/manideepakreddyaila/Desktop/projects/Legal_Insights_Engine/.venv/lib/python3.11/site-packages/airflow/example_dags/example_latest_only.py
[2024-04-14T17:29:31.819-0400] {logging_mixin.py:188} INFO - [2024-04-14T17:29:31.819-0400] {dag.py:3096} INFO - Sync 1 DAGs
[2024-04-14T17:29:31.825-0400] {logging_mixin.py:188} INFO - [2024-04-14T17:29:31.824-0400] {dag.py:3954} INFO - Setting next_dagrun for latest_only to 2024-04-14 16:00:00+00:00, run_after=2024-04-14 20:00:00+00:00
[2024-04-14T17:29:31.831-0400] {processor.py:183} INFO - Processing /Users/manideepakreddyaila/Desktop/projects/Legal_Insights_Engine/.venv/lib/python3.11/site-packages/airflow/example_dags/example_latest_only.py took 0.078 seconds
[2024-04-14T17:31:29.408-0400] {processor.py:161} INFO - Started process (PID=35535) to work on /Users/manideepakreddyaila/Desktop/projects/Legal_Insights_Engine/.venv/lib/python3.11/site-packages/airflow/example_dags/example_latest_only.py
[2024-04-14T17:31:29.409-0400] {processor.py:830} INFO - Processing file /Users/manideepakreddyaila/Desktop/projects/Legal_Insights_Engine/.venv/lib/python3.11/site-packages/airflow/example_dags/example_latest_only.py for tasks to queue
[2024-04-14T17:31:29.409-0400] {logging_mixin.py:188} INFO - [2024-04-14T17:31:29.409-0400] {dagbag.py:540} INFO - Filling up the DagBag from /Users/manideepakreddyaila/Desktop/projects/Legal_Insights_Engine/.venv/lib/python3.11/site-packages/airflow/example_dags/example_latest_only.py
[2024-04-14T17:31:29.437-0400] {processor.py:840} INFO - DAG(s) 'latest_only' retrieved from /Users/manideepakreddyaila/Desktop/projects/Legal_Insights_Engine/.venv/lib/python3.11/site-packages/airflow/example_dags/example_latest_only.py
[2024-04-14T17:31:29.473-0400] {logging_mixin.py:188} INFO - [2024-04-14T17:31:29.473-0400] {dag.py:3096} INFO - Sync 1 DAGs
[2024-04-14T17:31:29.478-0400] {logging_mixin.py:188} INFO - [2024-04-14T17:31:29.478-0400] {dag.py:3954} INFO - Setting next_dagrun for latest_only to 2024-04-14 16:00:00+00:00, run_after=2024-04-14 20:00:00+00:00
[2024-04-14T17:31:29.484-0400] {processor.py:183} INFO - Processing /Users/manideepakreddyaila/Desktop/projects/Legal_Insights_Engine/.venv/lib/python3.11/site-packages/airflow/example_dags/example_latest_only.py took 0.077 seconds
[2024-04-14T17:33:28.111-0400] {processor.py:161} INFO - Started process (PID=35642) to work on /Users/manideepakreddyaila/Desktop/projects/Legal_Insights_Engine/.venv/lib/python3.11/site-packages/airflow/example_dags/example_latest_only.py
[2024-04-14T17:33:28.111-0400] {processor.py:830} INFO - Processing file /Users/manideepakreddyaila/Desktop/projects/Legal_Insights_Engine/.venv/lib/python3.11/site-packages/airflow/example_dags/example_latest_only.py for tasks to queue
[2024-04-14T17:33:28.112-0400] {logging_mixin.py:188} INFO - [2024-04-14T17:33:28.112-0400] {dagbag.py:540} INFO - Filling up the DagBag from /Users/manideepakreddyaila/Desktop/projects/Legal_Insights_Engine/.venv/lib/python3.11/site-packages/airflow/example_dags/example_latest_only.py
[2024-04-14T17:33:28.141-0400] {processor.py:840} INFO - DAG(s) 'latest_only' retrieved from /Users/manideepakreddyaila/Desktop/projects/Legal_Insights_Engine/.venv/lib/python3.11/site-packages/airflow/example_dags/example_latest_only.py
[2024-04-14T17:33:28.177-0400] {logging_mixin.py:188} INFO - [2024-04-14T17:33:28.177-0400] {dag.py:3096} INFO - Sync 1 DAGs
[2024-04-14T17:33:28.183-0400] {logging_mixin.py:188} INFO - [2024-04-14T17:33:28.183-0400] {dag.py:3954} INFO - Setting next_dagrun for latest_only to 2024-04-14 16:00:00+00:00, run_after=2024-04-14 20:00:00+00:00
[2024-04-14T17:33:28.189-0400] {processor.py:183} INFO - Processing /Users/manideepakreddyaila/Desktop/projects/Legal_Insights_Engine/.venv/lib/python3.11/site-packages/airflow/example_dags/example_latest_only.py took 0.079 seconds
[2024-04-14T17:35:31.294-0400] {processor.py:161} INFO - Started process (PID=35740) to work on /Users/manideepakreddyaila/Desktop/projects/Legal_Insights_Engine/.venv/lib/python3.11/site-packages/airflow/example_dags/example_latest_only.py
[2024-04-14T17:35:31.295-0400] {processor.py:830} INFO - Processing file /Users/manideepakreddyaila/Desktop/projects/Legal_Insights_Engine/.venv/lib/python3.11/site-packages/airflow/example_dags/example_latest_only.py for tasks to queue
[2024-04-14T17:35:31.295-0400] {logging_mixin.py:188} INFO - [2024-04-14T17:35:31.295-0400] {dagbag.py:540} INFO - Filling up the DagBag from /Users/manideepakreddyaila/Desktop/projects/Legal_Insights_Engine/.venv/lib/python3.11/site-packages/airflow/example_dags/example_latest_only.py
[2024-04-14T17:35:31.324-0400] {processor.py:840} INFO - DAG(s) 'latest_only' retrieved from /Users/manideepakreddyaila/Desktop/projects/Legal_Insights_Engine/.venv/lib/python3.11/site-packages/airflow/example_dags/example_latest_only.py
[2024-04-14T17:35:31.359-0400] {logging_mixin.py:188} INFO - [2024-04-14T17:35:31.359-0400] {dag.py:3096} INFO - Sync 1 DAGs
[2024-04-14T17:35:31.364-0400] {logging_mixin.py:188} INFO - [2024-04-14T17:35:31.364-0400] {dag.py:3954} INFO - Setting next_dagrun for latest_only to 2024-04-14 16:00:00+00:00, run_after=2024-04-14 20:00:00+00:00
[2024-04-14T17:35:31.370-0400] {processor.py:183} INFO - Processing /Users/manideepakreddyaila/Desktop/projects/Legal_Insights_Engine/.venv/lib/python3.11/site-packages/airflow/example_dags/example_latest_only.py took 0.077 seconds
[2024-04-14T17:37:25.449-0400] {processor.py:161} INFO - Started process (PID=35836) to work on /Users/manideepakreddyaila/Desktop/projects/Legal_Insights_Engine/.venv/lib/python3.11/site-packages/airflow/example_dags/example_latest_only.py
[2024-04-14T17:37:25.450-0400] {processor.py:830} INFO - Processing file /Users/manideepakreddyaila/Desktop/projects/Legal_Insights_Engine/.venv/lib/python3.11/site-packages/airflow/example_dags/example_latest_only.py for tasks to queue
[2024-04-14T17:37:25.450-0400] {logging_mixin.py:188} INFO - [2024-04-14T17:37:25.450-0400] {dagbag.py:540} INFO - Filling up the DagBag from /Users/manideepakreddyaila/Desktop/projects/Legal_Insights_Engine/.venv/lib/python3.11/site-packages/airflow/example_dags/example_latest_only.py
[2024-04-14T17:37:25.479-0400] {processor.py:840} INFO - DAG(s) 'latest_only' retrieved from /Users/manideepakreddyaila/Desktop/projects/Legal_Insights_Engine/.venv/lib/python3.11/site-packages/airflow/example_dags/example_latest_only.py
[2024-04-14T17:37:25.514-0400] {logging_mixin.py:188} INFO - [2024-04-14T17:37:25.514-0400] {dag.py:3096} INFO - Sync 1 DAGs
[2024-04-14T17:37:25.520-0400] {logging_mixin.py:188} INFO - [2024-04-14T17:37:25.519-0400] {dag.py:3954} INFO - Setting next_dagrun for latest_only to 2024-04-14 16:00:00+00:00, run_after=2024-04-14 20:00:00+00:00
[2024-04-14T17:37:25.526-0400] {processor.py:183} INFO - Processing /Users/manideepakreddyaila/Desktop/projects/Legal_Insights_Engine/.venv/lib/python3.11/site-packages/airflow/example_dags/example_latest_only.py took 0.078 seconds
[2024-04-14T17:39:14.551-0400] {processor.py:161} INFO - Started process (PID=35924) to work on /Users/manideepakreddyaila/Desktop/projects/Legal_Insights_Engine/.venv/lib/python3.11/site-packages/airflow/example_dags/example_latest_only.py
[2024-04-14T17:39:14.552-0400] {processor.py:830} INFO - Processing file /Users/manideepakreddyaila/Desktop/projects/Legal_Insights_Engine/.venv/lib/python3.11/site-packages/airflow/example_dags/example_latest_only.py for tasks to queue
[2024-04-14T17:39:14.552-0400] {logging_mixin.py:188} INFO - [2024-04-14T17:39:14.552-0400] {dagbag.py:540} INFO - Filling up the DagBag from /Users/manideepakreddyaila/Desktop/projects/Legal_Insights_Engine/.venv/lib/python3.11/site-packages/airflow/example_dags/example_latest_only.py
[2024-04-14T17:39:14.582-0400] {processor.py:840} INFO - DAG(s) 'latest_only' retrieved from /Users/manideepakreddyaila/Desktop/projects/Legal_Insights_Engine/.venv/lib/python3.11/site-packages/airflow/example_dags/example_latest_only.py
[2024-04-14T17:39:14.617-0400] {logging_mixin.py:188} INFO - [2024-04-14T17:39:14.617-0400] {dag.py:3096} INFO - Sync 1 DAGs
[2024-04-14T17:39:14.622-0400] {logging_mixin.py:188} INFO - [2024-04-14T17:39:14.622-0400] {dag.py:3954} INFO - Setting next_dagrun for latest_only to 2024-04-14 16:00:00+00:00, run_after=2024-04-14 20:00:00+00:00
[2024-04-14T17:39:14.628-0400] {processor.py:183} INFO - Processing /Users/manideepakreddyaila/Desktop/projects/Legal_Insights_Engine/.venv/lib/python3.11/site-packages/airflow/example_dags/example_latest_only.py took 0.079 seconds
[2024-04-14T17:41:07.874-0400] {processor.py:161} INFO - Started process (PID=36012) to work on /Users/manideepakreddyaila/Desktop/projects/Legal_Insights_Engine/.venv/lib/python3.11/site-packages/airflow/example_dags/example_latest_only.py
[2024-04-14T17:41:07.875-0400] {processor.py:830} INFO - Processing file /Users/manideepakreddyaila/Desktop/projects/Legal_Insights_Engine/.venv/lib/python3.11/site-packages/airflow/example_dags/example_latest_only.py for tasks to queue
[2024-04-14T17:41:07.875-0400] {logging_mixin.py:188} INFO - [2024-04-14T17:41:07.875-0400] {dagbag.py:540} INFO - Filling up the DagBag from /Users/manideepakreddyaila/Desktop/projects/Legal_Insights_Engine/.venv/lib/python3.11/site-packages/airflow/example_dags/example_latest_only.py
[2024-04-14T17:41:07.904-0400] {processor.py:840} INFO - DAG(s) 'latest_only' retrieved from /Users/manideepakreddyaila/Desktop/projects/Legal_Insights_Engine/.venv/lib/python3.11/site-packages/airflow/example_dags/example_latest_only.py
[2024-04-14T17:41:07.939-0400] {logging_mixin.py:188} INFO - [2024-04-14T17:41:07.939-0400] {dag.py:3096} INFO - Sync 1 DAGs
[2024-04-14T17:41:07.945-0400] {logging_mixin.py:188} INFO - [2024-04-14T17:41:07.944-0400] {dag.py:3954} INFO - Setting next_dagrun for latest_only to 2024-04-14 16:00:00+00:00, run_after=2024-04-14 20:00:00+00:00
[2024-04-14T17:41:07.951-0400] {processor.py:183} INFO - Processing /Users/manideepakreddyaila/Desktop/projects/Legal_Insights_Engine/.venv/lib/python3.11/site-packages/airflow/example_dags/example_latest_only.py took 0.078 seconds
[2024-04-14T17:42:58.717-0400] {processor.py:161} INFO - Started process (PID=36099) to work on /Users/manideepakreddyaila/Desktop/projects/Legal_Insights_Engine/.venv/lib/python3.11/site-packages/airflow/example_dags/example_latest_only.py
[2024-04-14T17:42:58.718-0400] {processor.py:830} INFO - Processing file /Users/manideepakreddyaila/Desktop/projects/Legal_Insights_Engine/.venv/lib/python3.11/site-packages/airflow/example_dags/example_latest_only.py for tasks to queue
[2024-04-14T17:42:58.718-0400] {logging_mixin.py:188} INFO - [2024-04-14T17:42:58.718-0400] {dagbag.py:540} INFO - Filling up the DagBag from /Users/manideepakreddyaila/Desktop/projects/Legal_Insights_Engine/.venv/lib/python3.11/site-packages/airflow/example_dags/example_latest_only.py
[2024-04-14T17:42:58.747-0400] {processor.py:840} INFO - DAG(s) 'latest_only' retrieved from /Users/manideepakreddyaila/Desktop/projects/Legal_Insights_Engine/.venv/lib/python3.11/site-packages/airflow/example_dags/example_latest_only.py
[2024-04-14T17:42:58.784-0400] {logging_mixin.py:188} INFO - [2024-04-14T17:42:58.784-0400] {dag.py:3096} INFO - Sync 1 DAGs
[2024-04-14T17:42:58.789-0400] {logging_mixin.py:188} INFO - [2024-04-14T17:42:58.789-0400] {dag.py:3954} INFO - Setting next_dagrun for latest_only to 2024-04-14 16:00:00+00:00, run_after=2024-04-14 20:00:00+00:00
[2024-04-14T17:42:58.795-0400] {processor.py:183} INFO - Processing /Users/manideepakreddyaila/Desktop/projects/Legal_Insights_Engine/.venv/lib/python3.11/site-packages/airflow/example_dags/example_latest_only.py took 0.079 seconds
[2024-04-14T17:44:54.268-0400] {processor.py:161} INFO - Started process (PID=36186) to work on /Users/manideepakreddyaila/Desktop/projects/Legal_Insights_Engine/.venv/lib/python3.11/site-packages/airflow/example_dags/example_latest_only.py
[2024-04-14T17:44:54.268-0400] {processor.py:830} INFO - Processing file /Users/manideepakreddyaila/Desktop/projects/Legal_Insights_Engine/.venv/lib/python3.11/site-packages/airflow/example_dags/example_latest_only.py for tasks to queue
[2024-04-14T17:44:54.269-0400] {logging_mixin.py:188} INFO - [2024-04-14T17:44:54.269-0400] {dagbag.py:540} INFO - Filling up the DagBag from /Users/manideepakreddyaila/Desktop/projects/Legal_Insights_Engine/.venv/lib/python3.11/site-packages/airflow/example_dags/example_latest_only.py
[2024-04-14T17:44:54.298-0400] {processor.py:840} INFO - DAG(s) 'latest_only' retrieved from /Users/manideepakreddyaila/Desktop/projects/Legal_Insights_Engine/.venv/lib/python3.11/site-packages/airflow/example_dags/example_latest_only.py
[2024-04-14T17:44:54.334-0400] {logging_mixin.py:188} INFO - [2024-04-14T17:44:54.334-0400] {dag.py:3096} INFO - Sync 1 DAGs
[2024-04-14T17:44:54.339-0400] {logging_mixin.py:188} INFO - [2024-04-14T17:44:54.339-0400] {dag.py:3954} INFO - Setting next_dagrun for latest_only to 2024-04-14 16:00:00+00:00, run_after=2024-04-14 20:00:00+00:00
[2024-04-14T17:44:54.346-0400] {processor.py:183} INFO - Processing /Users/manideepakreddyaila/Desktop/projects/Legal_Insights_Engine/.venv/lib/python3.11/site-packages/airflow/example_dags/example_latest_only.py took 0.079 seconds
[2024-04-14T17:46:57.744-0400] {processor.py:161} INFO - Started process (PID=36280) to work on /Users/manideepakreddyaila/Desktop/projects/Legal_Insights_Engine/.venv/lib/python3.11/site-packages/airflow/example_dags/example_latest_only.py
[2024-04-14T17:46:57.745-0400] {processor.py:830} INFO - Processing file /Users/manideepakreddyaila/Desktop/projects/Legal_Insights_Engine/.venv/lib/python3.11/site-packages/airflow/example_dags/example_latest_only.py for tasks to queue
[2024-04-14T17:46:57.745-0400] {logging_mixin.py:188} INFO - [2024-04-14T17:46:57.745-0400] {dagbag.py:540} INFO - Filling up the DagBag from /Users/manideepakreddyaila/Desktop/projects/Legal_Insights_Engine/.venv/lib/python3.11/site-packages/airflow/example_dags/example_latest_only.py
[2024-04-14T17:46:57.774-0400] {processor.py:840} INFO - DAG(s) 'latest_only' retrieved from /Users/manideepakreddyaila/Desktop/projects/Legal_Insights_Engine/.venv/lib/python3.11/site-packages/airflow/example_dags/example_latest_only.py
[2024-04-14T17:46:57.812-0400] {logging_mixin.py:188} INFO - [2024-04-14T17:46:57.811-0400] {dag.py:3096} INFO - Sync 1 DAGs
[2024-04-14T17:46:57.817-0400] {logging_mixin.py:188} INFO - [2024-04-14T17:46:57.817-0400] {dag.py:3954} INFO - Setting next_dagrun for latest_only to 2024-04-14 16:00:00+00:00, run_after=2024-04-14 20:00:00+00:00
[2024-04-14T17:46:57.823-0400] {processor.py:183} INFO - Processing /Users/manideepakreddyaila/Desktop/projects/Legal_Insights_Engine/.venv/lib/python3.11/site-packages/airflow/example_dags/example_latest_only.py took 0.080 seconds
[2024-04-14T17:48:57.764-0400] {processor.py:161} INFO - Started process (PID=36371) to work on /Users/manideepakreddyaila/Desktop/projects/Legal_Insights_Engine/.venv/lib/python3.11/site-packages/airflow/example_dags/example_latest_only.py
[2024-04-14T17:48:57.764-0400] {processor.py:830} INFO - Processing file /Users/manideepakreddyaila/Desktop/projects/Legal_Insights_Engine/.venv/lib/python3.11/site-packages/airflow/example_dags/example_latest_only.py for tasks to queue
[2024-04-14T17:48:57.765-0400] {logging_mixin.py:188} INFO - [2024-04-14T17:48:57.765-0400] {dagbag.py:540} INFO - Filling up the DagBag from /Users/manideepakreddyaila/Desktop/projects/Legal_Insights_Engine/.venv/lib/python3.11/site-packages/airflow/example_dags/example_latest_only.py
[2024-04-14T17:48:57.794-0400] {processor.py:840} INFO - DAG(s) 'latest_only' retrieved from /Users/manideepakreddyaila/Desktop/projects/Legal_Insights_Engine/.venv/lib/python3.11/site-packages/airflow/example_dags/example_latest_only.py
[2024-04-14T17:48:57.829-0400] {logging_mixin.py:188} INFO - [2024-04-14T17:48:57.829-0400] {dag.py:3096} INFO - Sync 1 DAGs
[2024-04-14T17:48:57.834-0400] {logging_mixin.py:188} INFO - [2024-04-14T17:48:57.834-0400] {dag.py:3954} INFO - Setting next_dagrun for latest_only to 2024-04-14 16:00:00+00:00, run_after=2024-04-14 20:00:00+00:00
[2024-04-14T17:48:57.840-0400] {processor.py:183} INFO - Processing /Users/manideepakreddyaila/Desktop/projects/Legal_Insights_Engine/.venv/lib/python3.11/site-packages/airflow/example_dags/example_latest_only.py took 0.077 seconds
[2024-04-14T17:50:53.418-0400] {processor.py:161} INFO - Started process (PID=36475) to work on /Users/manideepakreddyaila/Desktop/projects/Legal_Insights_Engine/.venv/lib/python3.11/site-packages/airflow/example_dags/example_latest_only.py
[2024-04-14T17:50:53.418-0400] {processor.py:830} INFO - Processing file /Users/manideepakreddyaila/Desktop/projects/Legal_Insights_Engine/.venv/lib/python3.11/site-packages/airflow/example_dags/example_latest_only.py for tasks to queue
[2024-04-14T17:50:53.418-0400] {logging_mixin.py:188} INFO - [2024-04-14T17:50:53.418-0400] {dagbag.py:540} INFO - Filling up the DagBag from /Users/manideepakreddyaila/Desktop/projects/Legal_Insights_Engine/.venv/lib/python3.11/site-packages/airflow/example_dags/example_latest_only.py
[2024-04-14T17:50:53.448-0400] {processor.py:840} INFO - DAG(s) 'latest_only' retrieved from /Users/manideepakreddyaila/Desktop/projects/Legal_Insights_Engine/.venv/lib/python3.11/site-packages/airflow/example_dags/example_latest_only.py
[2024-04-14T17:50:53.484-0400] {logging_mixin.py:188} INFO - [2024-04-14T17:50:53.484-0400] {dag.py:3096} INFO - Sync 1 DAGs
[2024-04-14T17:50:53.489-0400] {logging_mixin.py:188} INFO - [2024-04-14T17:50:53.489-0400] {dag.py:3954} INFO - Setting next_dagrun for latest_only to 2024-04-14 16:00:00+00:00, run_after=2024-04-14 20:00:00+00:00
[2024-04-14T17:50:53.495-0400] {processor.py:183} INFO - Processing /Users/manideepakreddyaila/Desktop/projects/Legal_Insights_Engine/.venv/lib/python3.11/site-packages/airflow/example_dags/example_latest_only.py took 0.079 seconds
[2024-04-14T17:52:48.878-0400] {processor.py:161} INFO - Started process (PID=36556) to work on /Users/manideepakreddyaila/Desktop/projects/Legal_Insights_Engine/.venv/lib/python3.11/site-packages/airflow/example_dags/example_latest_only.py
[2024-04-14T17:52:48.879-0400] {processor.py:830} INFO - Processing file /Users/manideepakreddyaila/Desktop/projects/Legal_Insights_Engine/.venv/lib/python3.11/site-packages/airflow/example_dags/example_latest_only.py for tasks to queue
[2024-04-14T17:52:48.880-0400] {logging_mixin.py:188} INFO - [2024-04-14T17:52:48.880-0400] {dagbag.py:540} INFO - Filling up the DagBag from /Users/manideepakreddyaila/Desktop/projects/Legal_Insights_Engine/.venv/lib/python3.11/site-packages/airflow/example_dags/example_latest_only.py
[2024-04-14T17:52:48.908-0400] {processor.py:840} INFO - DAG(s) 'latest_only' retrieved from /Users/manideepakreddyaila/Desktop/projects/Legal_Insights_Engine/.venv/lib/python3.11/site-packages/airflow/example_dags/example_latest_only.py
[2024-04-14T17:52:48.943-0400] {logging_mixin.py:188} INFO - [2024-04-14T17:52:48.943-0400] {dag.py:3096} INFO - Sync 1 DAGs
[2024-04-14T17:52:48.948-0400] {logging_mixin.py:188} INFO - [2024-04-14T17:52:48.948-0400] {dag.py:3954} INFO - Setting next_dagrun for latest_only to 2024-04-14 16:00:00+00:00, run_after=2024-04-14 20:00:00+00:00
[2024-04-14T17:52:48.954-0400] {processor.py:183} INFO - Processing /Users/manideepakreddyaila/Desktop/projects/Legal_Insights_Engine/.venv/lib/python3.11/site-packages/airflow/example_dags/example_latest_only.py took 0.077 seconds
[2024-04-14T17:54:44.211-0400] {processor.py:161} INFO - Started process (PID=36644) to work on /Users/manideepakreddyaila/Desktop/projects/Legal_Insights_Engine/.venv/lib/python3.11/site-packages/airflow/example_dags/example_latest_only.py
[2024-04-14T17:54:44.212-0400] {processor.py:830} INFO - Processing file /Users/manideepakreddyaila/Desktop/projects/Legal_Insights_Engine/.venv/lib/python3.11/site-packages/airflow/example_dags/example_latest_only.py for tasks to queue
[2024-04-14T17:54:44.213-0400] {logging_mixin.py:188} INFO - [2024-04-14T17:54:44.212-0400] {dagbag.py:540} INFO - Filling up the DagBag from /Users/manideepakreddyaila/Desktop/projects/Legal_Insights_Engine/.venv/lib/python3.11/site-packages/airflow/example_dags/example_latest_only.py
[2024-04-14T17:54:44.241-0400] {processor.py:840} INFO - DAG(s) 'latest_only' retrieved from /Users/manideepakreddyaila/Desktop/projects/Legal_Insights_Engine/.venv/lib/python3.11/site-packages/airflow/example_dags/example_latest_only.py
[2024-04-14T17:54:44.276-0400] {logging_mixin.py:188} INFO - [2024-04-14T17:54:44.276-0400] {dag.py:3096} INFO - Sync 1 DAGs
[2024-04-14T17:54:44.281-0400] {logging_mixin.py:188} INFO - [2024-04-14T17:54:44.281-0400] {dag.py:3954} INFO - Setting next_dagrun for latest_only to 2024-04-14 16:00:00+00:00, run_after=2024-04-14 20:00:00+00:00
[2024-04-14T17:54:44.287-0400] {processor.py:183} INFO - Processing /Users/manideepakreddyaila/Desktop/projects/Legal_Insights_Engine/.venv/lib/python3.11/site-packages/airflow/example_dags/example_latest_only.py took 0.077 seconds
[2024-04-14T17:56:36.797-0400] {processor.py:161} INFO - Started process (PID=36798) to work on /Users/manideepakreddyaila/Desktop/projects/Legal_Insights_Engine/.venv/lib/python3.11/site-packages/airflow/example_dags/example_latest_only.py
[2024-04-14T17:56:36.798-0400] {processor.py:830} INFO - Processing file /Users/manideepakreddyaila/Desktop/projects/Legal_Insights_Engine/.venv/lib/python3.11/site-packages/airflow/example_dags/example_latest_only.py for tasks to queue
[2024-04-14T17:56:36.798-0400] {logging_mixin.py:188} INFO - [2024-04-14T17:56:36.798-0400] {dagbag.py:540} INFO - Filling up the DagBag from /Users/manideepakreddyaila/Desktop/projects/Legal_Insights_Engine/.venv/lib/python3.11/site-packages/airflow/example_dags/example_latest_only.py
[2024-04-14T17:56:36.827-0400] {processor.py:840} INFO - DAG(s) 'latest_only' retrieved from /Users/manideepakreddyaila/Desktop/projects/Legal_Insights_Engine/.venv/lib/python3.11/site-packages/airflow/example_dags/example_latest_only.py
[2024-04-14T17:56:36.863-0400] {logging_mixin.py:188} INFO - [2024-04-14T17:56:36.863-0400] {dag.py:3096} INFO - Sync 1 DAGs
[2024-04-14T17:56:36.869-0400] {logging_mixin.py:188} INFO - [2024-04-14T17:56:36.869-0400] {dag.py:3954} INFO - Setting next_dagrun for latest_only to 2024-04-14 16:00:00+00:00, run_after=2024-04-14 20:00:00+00:00
[2024-04-14T17:56:36.875-0400] {processor.py:183} INFO - Processing /Users/manideepakreddyaila/Desktop/projects/Legal_Insights_Engine/.venv/lib/python3.11/site-packages/airflow/example_dags/example_latest_only.py took 0.079 seconds
[2024-04-14T17:58:35.807-0400] {processor.py:161} INFO - Started process (PID=36895) to work on /Users/manideepakreddyaila/Desktop/projects/Legal_Insights_Engine/.venv/lib/python3.11/site-packages/airflow/example_dags/example_latest_only.py
[2024-04-14T17:58:35.808-0400] {processor.py:830} INFO - Processing file /Users/manideepakreddyaila/Desktop/projects/Legal_Insights_Engine/.venv/lib/python3.11/site-packages/airflow/example_dags/example_latest_only.py for tasks to queue
[2024-04-14T17:58:35.808-0400] {logging_mixin.py:188} INFO - [2024-04-14T17:58:35.808-0400] {dagbag.py:540} INFO - Filling up the DagBag from /Users/manideepakreddyaila/Desktop/projects/Legal_Insights_Engine/.venv/lib/python3.11/site-packages/airflow/example_dags/example_latest_only.py
[2024-04-14T17:58:35.837-0400] {processor.py:840} INFO - DAG(s) 'latest_only' retrieved from /Users/manideepakreddyaila/Desktop/projects/Legal_Insights_Engine/.venv/lib/python3.11/site-packages/airflow/example_dags/example_latest_only.py
[2024-04-14T17:58:35.875-0400] {logging_mixin.py:188} INFO - [2024-04-14T17:58:35.875-0400] {dag.py:3096} INFO - Sync 1 DAGs
[2024-04-14T17:58:35.881-0400] {logging_mixin.py:188} INFO - [2024-04-14T17:58:35.880-0400] {dag.py:3954} INFO - Setting next_dagrun for latest_only to 2024-04-14 16:00:00+00:00, run_after=2024-04-14 20:00:00+00:00
[2024-04-14T17:58:35.887-0400] {processor.py:183} INFO - Processing /Users/manideepakreddyaila/Desktop/projects/Legal_Insights_Engine/.venv/lib/python3.11/site-packages/airflow/example_dags/example_latest_only.py took 0.081 seconds
[2024-04-14T18:00:29.273-0400] {processor.py:161} INFO - Started process (PID=36990) to work on /Users/manideepakreddyaila/Desktop/projects/Legal_Insights_Engine/.venv/lib/python3.11/site-packages/airflow/example_dags/example_latest_only.py
[2024-04-14T18:00:29.274-0400] {processor.py:830} INFO - Processing file /Users/manideepakreddyaila/Desktop/projects/Legal_Insights_Engine/.venv/lib/python3.11/site-packages/airflow/example_dags/example_latest_only.py for tasks to queue
[2024-04-14T18:00:29.274-0400] {logging_mixin.py:188} INFO - [2024-04-14T18:00:29.274-0400] {dagbag.py:540} INFO - Filling up the DagBag from /Users/manideepakreddyaila/Desktop/projects/Legal_Insights_Engine/.venv/lib/python3.11/site-packages/airflow/example_dags/example_latest_only.py
[2024-04-14T18:00:29.308-0400] {processor.py:840} INFO - DAG(s) 'latest_only' retrieved from /Users/manideepakreddyaila/Desktop/projects/Legal_Insights_Engine/.venv/lib/python3.11/site-packages/airflow/example_dags/example_latest_only.py
[2024-04-14T18:00:29.353-0400] {logging_mixin.py:188} INFO - [2024-04-14T18:00:29.353-0400] {dag.py:3096} INFO - Sync 1 DAGs
[2024-04-14T18:00:29.361-0400] {logging_mixin.py:188} INFO - [2024-04-14T18:00:29.361-0400] {dag.py:3954} INFO - Setting next_dagrun for latest_only to 2024-04-14 16:00:00+00:00, run_after=2024-04-14 20:00:00+00:00
[2024-04-14T18:00:29.370-0400] {processor.py:183} INFO - Processing /Users/manideepakreddyaila/Desktop/projects/Legal_Insights_Engine/.venv/lib/python3.11/site-packages/airflow/example_dags/example_latest_only.py took 0.098 seconds
[2024-04-14T18:02:32.693-0400] {processor.py:161} INFO - Started process (PID=37091) to work on /Users/manideepakreddyaila/Desktop/projects/Legal_Insights_Engine/.venv/lib/python3.11/site-packages/airflow/example_dags/example_latest_only.py
[2024-04-14T18:02:32.695-0400] {processor.py:830} INFO - Processing file /Users/manideepakreddyaila/Desktop/projects/Legal_Insights_Engine/.venv/lib/python3.11/site-packages/airflow/example_dags/example_latest_only.py for tasks to queue
[2024-04-14T18:02:32.695-0400] {logging_mixin.py:188} INFO - [2024-04-14T18:02:32.695-0400] {dagbag.py:540} INFO - Filling up the DagBag from /Users/manideepakreddyaila/Desktop/projects/Legal_Insights_Engine/.venv/lib/python3.11/site-packages/airflow/example_dags/example_latest_only.py
[2024-04-14T18:02:32.724-0400] {processor.py:840} INFO - DAG(s) 'latest_only' retrieved from /Users/manideepakreddyaila/Desktop/projects/Legal_Insights_Engine/.venv/lib/python3.11/site-packages/airflow/example_dags/example_latest_only.py
[2024-04-14T18:02:32.759-0400] {logging_mixin.py:188} INFO - [2024-04-14T18:02:32.759-0400] {dag.py:3096} INFO - Sync 1 DAGs
[2024-04-14T18:02:32.764-0400] {logging_mixin.py:188} INFO - [2024-04-14T18:02:32.764-0400] {dag.py:3954} INFO - Setting next_dagrun for latest_only to 2024-04-14 16:00:00+00:00, run_after=2024-04-14 20:00:00+00:00
[2024-04-14T18:02:32.771-0400] {processor.py:183} INFO - Processing /Users/manideepakreddyaila/Desktop/projects/Legal_Insights_Engine/.venv/lib/python3.11/site-packages/airflow/example_dags/example_latest_only.py took 0.078 seconds
[2024-04-14T18:04:28.910-0400] {processor.py:161} INFO - Started process (PID=37181) to work on /Users/manideepakreddyaila/Desktop/projects/Legal_Insights_Engine/.venv/lib/python3.11/site-packages/airflow/example_dags/example_latest_only.py
[2024-04-14T18:04:28.911-0400] {processor.py:830} INFO - Processing file /Users/manideepakreddyaila/Desktop/projects/Legal_Insights_Engine/.venv/lib/python3.11/site-packages/airflow/example_dags/example_latest_only.py for tasks to queue
[2024-04-14T18:04:28.911-0400] {logging_mixin.py:188} INFO - [2024-04-14T18:04:28.911-0400] {dagbag.py:540} INFO - Filling up the DagBag from /Users/manideepakreddyaila/Desktop/projects/Legal_Insights_Engine/.venv/lib/python3.11/site-packages/airflow/example_dags/example_latest_only.py
[2024-04-14T18:04:28.940-0400] {processor.py:840} INFO - DAG(s) 'latest_only' retrieved from /Users/manideepakreddyaila/Desktop/projects/Legal_Insights_Engine/.venv/lib/python3.11/site-packages/airflow/example_dags/example_latest_only.py
[2024-04-14T18:04:28.975-0400] {logging_mixin.py:188} INFO - [2024-04-14T18:04:28.975-0400] {dag.py:3096} INFO - Sync 1 DAGs
[2024-04-14T18:04:28.980-0400] {logging_mixin.py:188} INFO - [2024-04-14T18:04:28.980-0400] {dag.py:3954} INFO - Setting next_dagrun for latest_only to 2024-04-14 16:00:00+00:00, run_after=2024-04-14 20:00:00+00:00
[2024-04-14T18:04:28.987-0400] {processor.py:183} INFO - Processing /Users/manideepakreddyaila/Desktop/projects/Legal_Insights_Engine/.venv/lib/python3.11/site-packages/airflow/example_dags/example_latest_only.py took 0.078 seconds
[2024-04-14T18:06:26.674-0400] {processor.py:161} INFO - Started process (PID=37277) to work on /Users/manideepakreddyaila/Desktop/projects/Legal_Insights_Engine/.venv/lib/python3.11/site-packages/airflow/example_dags/example_latest_only.py
[2024-04-14T18:06:26.675-0400] {processor.py:830} INFO - Processing file /Users/manideepakreddyaila/Desktop/projects/Legal_Insights_Engine/.venv/lib/python3.11/site-packages/airflow/example_dags/example_latest_only.py for tasks to queue
[2024-04-14T18:06:26.675-0400] {logging_mixin.py:188} INFO - [2024-04-14T18:06:26.675-0400] {dagbag.py:540} INFO - Filling up the DagBag from /Users/manideepakreddyaila/Desktop/projects/Legal_Insights_Engine/.venv/lib/python3.11/site-packages/airflow/example_dags/example_latest_only.py
[2024-04-14T18:06:26.703-0400] {processor.py:840} INFO - DAG(s) 'latest_only' retrieved from /Users/manideepakreddyaila/Desktop/projects/Legal_Insights_Engine/.venv/lib/python3.11/site-packages/airflow/example_dags/example_latest_only.py
[2024-04-14T18:06:26.739-0400] {logging_mixin.py:188} INFO - [2024-04-14T18:06:26.739-0400] {dag.py:3096} INFO - Sync 1 DAGs
[2024-04-14T18:06:26.744-0400] {logging_mixin.py:188} INFO - [2024-04-14T18:06:26.744-0400] {dag.py:3954} INFO - Setting next_dagrun for latest_only to 2024-04-14 16:00:00+00:00, run_after=2024-04-14 20:00:00+00:00
[2024-04-14T18:06:26.750-0400] {processor.py:183} INFO - Processing /Users/manideepakreddyaila/Desktop/projects/Legal_Insights_Engine/.venv/lib/python3.11/site-packages/airflow/example_dags/example_latest_only.py took 0.077 seconds
[2024-04-14T18:08:25.550-0400] {processor.py:161} INFO - Started process (PID=37382) to work on /Users/manideepakreddyaila/Desktop/projects/Legal_Insights_Engine/.venv/lib/python3.11/site-packages/airflow/example_dags/example_latest_only.py
[2024-04-14T18:08:25.551-0400] {processor.py:830} INFO - Processing file /Users/manideepakreddyaila/Desktop/projects/Legal_Insights_Engine/.venv/lib/python3.11/site-packages/airflow/example_dags/example_latest_only.py for tasks to queue
[2024-04-14T18:08:25.551-0400] {logging_mixin.py:188} INFO - [2024-04-14T18:08:25.551-0400] {dagbag.py:540} INFO - Filling up the DagBag from /Users/manideepakreddyaila/Desktop/projects/Legal_Insights_Engine/.venv/lib/python3.11/site-packages/airflow/example_dags/example_latest_only.py
[2024-04-14T18:08:25.583-0400] {processor.py:840} INFO - DAG(s) 'latest_only' retrieved from /Users/manideepakreddyaila/Desktop/projects/Legal_Insights_Engine/.venv/lib/python3.11/site-packages/airflow/example_dags/example_latest_only.py
[2024-04-14T18:08:25.619-0400] {logging_mixin.py:188} INFO - [2024-04-14T18:08:25.619-0400] {dag.py:3096} INFO - Sync 1 DAGs
[2024-04-14T18:08:25.625-0400] {logging_mixin.py:188} INFO - [2024-04-14T18:08:25.625-0400] {dag.py:3954} INFO - Setting next_dagrun for latest_only to 2024-04-14 16:00:00+00:00, run_after=2024-04-14 20:00:00+00:00
[2024-04-14T18:08:25.631-0400] {processor.py:183} INFO - Processing /Users/manideepakreddyaila/Desktop/projects/Legal_Insights_Engine/.venv/lib/python3.11/site-packages/airflow/example_dags/example_latest_only.py took 0.082 seconds
[2024-04-14T18:10:16.666-0400] {processor.py:161} INFO - Started process (PID=37481) to work on /Users/manideepakreddyaila/Desktop/projects/Legal_Insights_Engine/.venv/lib/python3.11/site-packages/airflow/example_dags/example_latest_only.py
[2024-04-14T18:10:16.668-0400] {processor.py:830} INFO - Processing file /Users/manideepakreddyaila/Desktop/projects/Legal_Insights_Engine/.venv/lib/python3.11/site-packages/airflow/example_dags/example_latest_only.py for tasks to queue
[2024-04-14T18:10:16.668-0400] {logging_mixin.py:188} INFO - [2024-04-14T18:10:16.668-0400] {dagbag.py:540} INFO - Filling up the DagBag from /Users/manideepakreddyaila/Desktop/projects/Legal_Insights_Engine/.venv/lib/python3.11/site-packages/airflow/example_dags/example_latest_only.py
[2024-04-14T18:10:16.696-0400] {processor.py:840} INFO - DAG(s) 'latest_only' retrieved from /Users/manideepakreddyaila/Desktop/projects/Legal_Insights_Engine/.venv/lib/python3.11/site-packages/airflow/example_dags/example_latest_only.py
[2024-04-14T18:10:16.732-0400] {logging_mixin.py:188} INFO - [2024-04-14T18:10:16.732-0400] {dag.py:3096} INFO - Sync 1 DAGs
[2024-04-14T18:10:16.737-0400] {logging_mixin.py:188} INFO - [2024-04-14T18:10:16.737-0400] {dag.py:3954} INFO - Setting next_dagrun for latest_only to 2024-04-14 16:00:00+00:00, run_after=2024-04-14 20:00:00+00:00
[2024-04-14T18:10:16.743-0400] {processor.py:183} INFO - Processing /Users/manideepakreddyaila/Desktop/projects/Legal_Insights_Engine/.venv/lib/python3.11/site-packages/airflow/example_dags/example_latest_only.py took 0.078 seconds
[2024-04-14T18:12:14.338-0400] {processor.py:161} INFO - Started process (PID=37593) to work on /Users/manideepakreddyaila/Desktop/projects/Legal_Insights_Engine/.venv/lib/python3.11/site-packages/airflow/example_dags/example_latest_only.py
[2024-04-14T18:12:14.338-0400] {processor.py:830} INFO - Processing file /Users/manideepakreddyaila/Desktop/projects/Legal_Insights_Engine/.venv/lib/python3.11/site-packages/airflow/example_dags/example_latest_only.py for tasks to queue
[2024-04-14T18:12:14.339-0400] {logging_mixin.py:188} INFO - [2024-04-14T18:12:14.339-0400] {dagbag.py:540} INFO - Filling up the DagBag from /Users/manideepakreddyaila/Desktop/projects/Legal_Insights_Engine/.venv/lib/python3.11/site-packages/airflow/example_dags/example_latest_only.py
[2024-04-14T18:12:14.367-0400] {processor.py:840} INFO - DAG(s) 'latest_only' retrieved from /Users/manideepakreddyaila/Desktop/projects/Legal_Insights_Engine/.venv/lib/python3.11/site-packages/airflow/example_dags/example_latest_only.py
[2024-04-14T18:12:14.403-0400] {logging_mixin.py:188} INFO - [2024-04-14T18:12:14.403-0400] {dag.py:3096} INFO - Sync 1 DAGs
[2024-04-14T18:12:14.409-0400] {logging_mixin.py:188} INFO - [2024-04-14T18:12:14.408-0400] {dag.py:3954} INFO - Setting next_dagrun for latest_only to 2024-04-14 16:00:00+00:00, run_after=2024-04-14 20:00:00+00:00
[2024-04-14T18:12:14.415-0400] {processor.py:183} INFO - Processing /Users/manideepakreddyaila/Desktop/projects/Legal_Insights_Engine/.venv/lib/python3.11/site-packages/airflow/example_dags/example_latest_only.py took 0.078 seconds
[2024-04-14T18:14:14.494-0400] {processor.py:161} INFO - Started process (PID=37692) to work on /Users/manideepakreddyaila/Desktop/projects/Legal_Insights_Engine/.venv/lib/python3.11/site-packages/airflow/example_dags/example_latest_only.py
[2024-04-14T18:14:14.495-0400] {processor.py:830} INFO - Processing file /Users/manideepakreddyaila/Desktop/projects/Legal_Insights_Engine/.venv/lib/python3.11/site-packages/airflow/example_dags/example_latest_only.py for tasks to queue
[2024-04-14T18:14:14.495-0400] {logging_mixin.py:188} INFO - [2024-04-14T18:14:14.495-0400] {dagbag.py:540} INFO - Filling up the DagBag from /Users/manideepakreddyaila/Desktop/projects/Legal_Insights_Engine/.venv/lib/python3.11/site-packages/airflow/example_dags/example_latest_only.py
[2024-04-14T18:14:14.524-0400] {processor.py:840} INFO - DAG(s) 'latest_only' retrieved from /Users/manideepakreddyaila/Desktop/projects/Legal_Insights_Engine/.venv/lib/python3.11/site-packages/airflow/example_dags/example_latest_only.py
[2024-04-14T18:14:14.559-0400] {logging_mixin.py:188} INFO - [2024-04-14T18:14:14.559-0400] {dag.py:3096} INFO - Sync 1 DAGs
[2024-04-14T18:14:14.565-0400] {logging_mixin.py:188} INFO - [2024-04-14T18:14:14.565-0400] {dag.py:3954} INFO - Setting next_dagrun for latest_only to 2024-04-14 16:00:00+00:00, run_after=2024-04-14 20:00:00+00:00
[2024-04-14T18:14:14.571-0400] {processor.py:183} INFO - Processing /Users/manideepakreddyaila/Desktop/projects/Legal_Insights_Engine/.venv/lib/python3.11/site-packages/airflow/example_dags/example_latest_only.py took 0.078 seconds
[2024-04-14T18:16:12.226-0400] {processor.py:161} INFO - Started process (PID=37794) to work on /Users/manideepakreddyaila/Desktop/projects/Legal_Insights_Engine/.venv/lib/python3.11/site-packages/airflow/example_dags/example_latest_only.py
[2024-04-14T18:16:12.228-0400] {processor.py:830} INFO - Processing file /Users/manideepakreddyaila/Desktop/projects/Legal_Insights_Engine/.venv/lib/python3.11/site-packages/airflow/example_dags/example_latest_only.py for tasks to queue
[2024-04-14T18:16:12.228-0400] {logging_mixin.py:188} INFO - [2024-04-14T18:16:12.228-0400] {dagbag.py:540} INFO - Filling up the DagBag from /Users/manideepakreddyaila/Desktop/projects/Legal_Insights_Engine/.venv/lib/python3.11/site-packages/airflow/example_dags/example_latest_only.py
[2024-04-14T18:16:12.256-0400] {processor.py:840} INFO - DAG(s) 'latest_only' retrieved from /Users/manideepakreddyaila/Desktop/projects/Legal_Insights_Engine/.venv/lib/python3.11/site-packages/airflow/example_dags/example_latest_only.py
[2024-04-14T18:16:12.292-0400] {logging_mixin.py:188} INFO - [2024-04-14T18:16:12.291-0400] {dag.py:3096} INFO - Sync 1 DAGs
[2024-04-14T18:16:12.297-0400] {logging_mixin.py:188} INFO - [2024-04-14T18:16:12.297-0400] {dag.py:3954} INFO - Setting next_dagrun for latest_only to 2024-04-14 16:00:00+00:00, run_after=2024-04-14 20:00:00+00:00
[2024-04-14T18:16:12.303-0400] {processor.py:183} INFO - Processing /Users/manideepakreddyaila/Desktop/projects/Legal_Insights_Engine/.venv/lib/python3.11/site-packages/airflow/example_dags/example_latest_only.py took 0.078 seconds
