[2024-04-13T20:07:02.616-0400] {processor.py:161} INFO - Started process (PID=31670) to work on /Users/manideepakreddyaila/Desktop/projects/Legal_Insights_Engine/.venv/lib/python3.11/site-packages/airflow/example_dags/example_params_trigger_ui.py
[2024-04-13T20:07:02.616-0400] {processor.py:830} INFO - Processing file /Users/manideepakreddyaila/Desktop/projects/Legal_Insights_Engine/.venv/lib/python3.11/site-packages/airflow/example_dags/example_params_trigger_ui.py for tasks to queue
[2024-04-13T20:07:02.617-0400] {logging_mixin.py:188} INFO - [2024-04-13T20:07:02.616-0400] {dagbag.py:540} INFO - Filling up the DagBag from /Users/manideepakreddyaila/Desktop/projects/Legal_Insights_Engine/.venv/lib/python3.11/site-packages/airflow/example_dags/example_params_trigger_ui.py
[2024-04-13T20:07:02.657-0400] {processor.py:840} INFO - DAG(s) 'example_params_trigger_ui' retrieved from /Users/manideepakreddyaila/Desktop/projects/Legal_Insights_Engine/.venv/lib/python3.11/site-packages/airflow/example_dags/example_params_trigger_ui.py
[2024-04-13T20:07:02.699-0400] {logging_mixin.py:188} INFO - [2024-04-13T20:07:02.699-0400] {dag.py:3096} INFO - Sync 1 DAGs
[2024-04-13T20:07:02.702-0400] {logging_mixin.py:188} INFO - [2024-04-13T20:07:02.702-0400] {dag.py:3954} INFO - Setting next_dagrun for example_params_trigger_ui to None, run_after=None
[2024-04-13T20:07:02.709-0400] {processor.py:183} INFO - Processing /Users/manideepakreddyaila/Desktop/projects/Legal_Insights_Engine/.venv/lib/python3.11/site-packages/airflow/example_dags/example_params_trigger_ui.py took 0.094 seconds
[2024-04-13T20:08:28.460-0400] {processor.py:161} INFO - Started process (PID=31750) to work on /Users/manideepakreddyaila/Desktop/projects/Legal_Insights_Engine/.venv/lib/python3.11/site-packages/airflow/example_dags/example_params_trigger_ui.py
[2024-04-13T20:08:28.461-0400] {processor.py:830} INFO - Processing file /Users/manideepakreddyaila/Desktop/projects/Legal_Insights_Engine/.venv/lib/python3.11/site-packages/airflow/example_dags/example_params_trigger_ui.py for tasks to queue
[2024-04-13T20:08:28.461-0400] {logging_mixin.py:188} INFO - [2024-04-13T20:08:28.461-0400] {dagbag.py:540} INFO - Filling up the DagBag from /Users/manideepakreddyaila/Desktop/projects/Legal_Insights_Engine/.venv/lib/python3.11/site-packages/airflow/example_dags/example_params_trigger_ui.py
[2024-04-13T20:08:28.502-0400] {processor.py:840} INFO - DAG(s) 'example_params_trigger_ui' retrieved from /Users/manideepakreddyaila/Desktop/projects/Legal_Insights_Engine/.venv/lib/python3.11/site-packages/airflow/example_dags/example_params_trigger_ui.py
[2024-04-13T20:08:28.544-0400] {logging_mixin.py:188} INFO - [2024-04-13T20:08:28.544-0400] {dag.py:3096} INFO - Sync 1 DAGs
[2024-04-13T20:08:28.548-0400] {logging_mixin.py:188} INFO - [2024-04-13T20:08:28.547-0400] {dag.py:3954} INFO - Setting next_dagrun for example_params_trigger_ui to None, run_after=None
[2024-04-13T20:08:28.554-0400] {processor.py:183} INFO - Processing /Users/manideepakreddyaila/Desktop/projects/Legal_Insights_Engine/.venv/lib/python3.11/site-packages/airflow/example_dags/example_params_trigger_ui.py took 0.095 seconds
[2024-04-14T01:02:10.229-0400] {processor.py:161} INFO - Started process (PID=32075) to work on /Users/manideepakreddyaila/Desktop/projects/Legal_Insights_Engine/.venv/lib/python3.11/site-packages/airflow/example_dags/example_params_trigger_ui.py
[2024-04-14T01:02:10.230-0400] {processor.py:830} INFO - Processing file /Users/manideepakreddyaila/Desktop/projects/Legal_Insights_Engine/.venv/lib/python3.11/site-packages/airflow/example_dags/example_params_trigger_ui.py for tasks to queue
[2024-04-14T01:02:10.230-0400] {logging_mixin.py:188} INFO - [2024-04-14T01:02:10.230-0400] {dagbag.py:540} INFO - Filling up the DagBag from /Users/manideepakreddyaila/Desktop/projects/Legal_Insights_Engine/.venv/lib/python3.11/site-packages/airflow/example_dags/example_params_trigger_ui.py
[2024-04-14T01:02:10.269-0400] {processor.py:840} INFO - DAG(s) 'example_params_trigger_ui' retrieved from /Users/manideepakreddyaila/Desktop/projects/Legal_Insights_Engine/.venv/lib/python3.11/site-packages/airflow/example_dags/example_params_trigger_ui.py
[2024-04-14T01:02:10.310-0400] {logging_mixin.py:188} INFO - [2024-04-14T01:02:10.310-0400] {dag.py:3096} INFO - Sync 1 DAGs
[2024-04-14T01:02:10.313-0400] {logging_mixin.py:188} INFO - [2024-04-14T01:02:10.313-0400] {dag.py:3954} INFO - Setting next_dagrun for example_params_trigger_ui to None, run_after=None
[2024-04-14T01:02:10.320-0400] {processor.py:183} INFO - Processing /Users/manideepakreddyaila/Desktop/projects/Legal_Insights_Engine/.venv/lib/python3.11/site-packages/airflow/example_dags/example_params_trigger_ui.py took 0.091 seconds
[2024-04-14T03:49:01.623-0400] {processor.py:161} INFO - Started process (PID=32354) to work on /Users/manideepakreddyaila/Desktop/projects/Legal_Insights_Engine/.venv/lib/python3.11/site-packages/airflow/example_dags/example_params_trigger_ui.py
[2024-04-14T03:49:01.624-0400] {processor.py:830} INFO - Processing file /Users/manideepakreddyaila/Desktop/projects/Legal_Insights_Engine/.venv/lib/python3.11/site-packages/airflow/example_dags/example_params_trigger_ui.py for tasks to queue
[2024-04-14T03:49:01.624-0400] {logging_mixin.py:188} INFO - [2024-04-14T03:49:01.624-0400] {dagbag.py:540} INFO - Filling up the DagBag from /Users/manideepakreddyaila/Desktop/projects/Legal_Insights_Engine/.venv/lib/python3.11/site-packages/airflow/example_dags/example_params_trigger_ui.py
[2024-04-14T03:49:01.664-0400] {processor.py:840} INFO - DAG(s) 'example_params_trigger_ui' retrieved from /Users/manideepakreddyaila/Desktop/projects/Legal_Insights_Engine/.venv/lib/python3.11/site-packages/airflow/example_dags/example_params_trigger_ui.py
[2024-04-14T03:49:01.705-0400] {logging_mixin.py:188} INFO - [2024-04-14T03:49:01.705-0400] {dag.py:3096} INFO - Sync 1 DAGs
[2024-04-14T03:49:01.708-0400] {logging_mixin.py:188} INFO - [2024-04-14T03:49:01.708-0400] {dag.py:3954} INFO - Setting next_dagrun for example_params_trigger_ui to None, run_after=None
[2024-04-14T03:49:01.714-0400] {processor.py:183} INFO - Processing /Users/manideepakreddyaila/Desktop/projects/Legal_Insights_Engine/.venv/lib/python3.11/site-packages/airflow/example_dags/example_params_trigger_ui.py took 0.093 seconds
[2024-04-14T06:16:59.481-0400] {processor.py:161} INFO - Started process (PID=32535) to work on /Users/manideepakreddyaila/Desktop/projects/Legal_Insights_Engine/.venv/lib/python3.11/site-packages/airflow/example_dags/example_params_trigger_ui.py
[2024-04-14T06:16:59.481-0400] {processor.py:830} INFO - Processing file /Users/manideepakreddyaila/Desktop/projects/Legal_Insights_Engine/.venv/lib/python3.11/site-packages/airflow/example_dags/example_params_trigger_ui.py for tasks to queue
[2024-04-14T06:16:59.482-0400] {logging_mixin.py:188} INFO - [2024-04-14T06:16:59.482-0400] {dagbag.py:540} INFO - Filling up the DagBag from /Users/manideepakreddyaila/Desktop/projects/Legal_Insights_Engine/.venv/lib/python3.11/site-packages/airflow/example_dags/example_params_trigger_ui.py
[2024-04-14T06:16:59.522-0400] {processor.py:840} INFO - DAG(s) 'example_params_trigger_ui' retrieved from /Users/manideepakreddyaila/Desktop/projects/Legal_Insights_Engine/.venv/lib/python3.11/site-packages/airflow/example_dags/example_params_trigger_ui.py
[2024-04-14T06:16:59.564-0400] {logging_mixin.py:188} INFO - [2024-04-14T06:16:59.563-0400] {dag.py:3096} INFO - Sync 1 DAGs
[2024-04-14T06:16:59.567-0400] {logging_mixin.py:188} INFO - [2024-04-14T06:16:59.567-0400] {dag.py:3954} INFO - Setting next_dagrun for example_params_trigger_ui to None, run_after=None
[2024-04-14T06:16:59.574-0400] {processor.py:183} INFO - Processing /Users/manideepakreddyaila/Desktop/projects/Legal_Insights_Engine/.venv/lib/python3.11/site-packages/airflow/example_dags/example_params_trigger_ui.py took 0.094 seconds
[2024-04-14T08:09:35.649-0400] {processor.py:161} INFO - Started process (PID=32720) to work on /Users/manideepakreddyaila/Desktop/projects/Legal_Insights_Engine/.venv/lib/python3.11/site-packages/airflow/example_dags/example_params_trigger_ui.py
[2024-04-14T08:09:35.649-0400] {processor.py:830} INFO - Processing file /Users/manideepakreddyaila/Desktop/projects/Legal_Insights_Engine/.venv/lib/python3.11/site-packages/airflow/example_dags/example_params_trigger_ui.py for tasks to queue
[2024-04-14T08:09:35.650-0400] {logging_mixin.py:188} INFO - [2024-04-14T08:09:35.649-0400] {dagbag.py:540} INFO - Filling up the DagBag from /Users/manideepakreddyaila/Desktop/projects/Legal_Insights_Engine/.venv/lib/python3.11/site-packages/airflow/example_dags/example_params_trigger_ui.py
[2024-04-14T08:09:35.689-0400] {processor.py:840} INFO - DAG(s) 'example_params_trigger_ui' retrieved from /Users/manideepakreddyaila/Desktop/projects/Legal_Insights_Engine/.venv/lib/python3.11/site-packages/airflow/example_dags/example_params_trigger_ui.py
[2024-04-14T08:09:35.730-0400] {logging_mixin.py:188} INFO - [2024-04-14T08:09:35.730-0400] {dag.py:3096} INFO - Sync 1 DAGs
[2024-04-14T08:09:35.734-0400] {logging_mixin.py:188} INFO - [2024-04-14T08:09:35.733-0400] {dag.py:3954} INFO - Setting next_dagrun for example_params_trigger_ui to None, run_after=None
[2024-04-14T08:09:35.741-0400] {processor.py:183} INFO - Processing /Users/manideepakreddyaila/Desktop/projects/Legal_Insights_Engine/.venv/lib/python3.11/site-packages/airflow/example_dags/example_params_trigger_ui.py took 0.093 seconds
[2024-04-14T08:14:57.915-0400] {processor.py:161} INFO - Started process (PID=32841) to work on /Users/manideepakreddyaila/Desktop/projects/Legal_Insights_Engine/.venv/lib/python3.11/site-packages/airflow/example_dags/example_params_trigger_ui.py
[2024-04-14T08:14:57.915-0400] {processor.py:830} INFO - Processing file /Users/manideepakreddyaila/Desktop/projects/Legal_Insights_Engine/.venv/lib/python3.11/site-packages/airflow/example_dags/example_params_trigger_ui.py for tasks to queue
[2024-04-14T08:14:57.916-0400] {logging_mixin.py:188} INFO - [2024-04-14T08:14:57.916-0400] {dagbag.py:540} INFO - Filling up the DagBag from /Users/manideepakreddyaila/Desktop/projects/Legal_Insights_Engine/.venv/lib/python3.11/site-packages/airflow/example_dags/example_params_trigger_ui.py
[2024-04-14T08:14:57.956-0400] {processor.py:840} INFO - DAG(s) 'example_params_trigger_ui' retrieved from /Users/manideepakreddyaila/Desktop/projects/Legal_Insights_Engine/.venv/lib/python3.11/site-packages/airflow/example_dags/example_params_trigger_ui.py
[2024-04-14T08:14:57.997-0400] {logging_mixin.py:188} INFO - [2024-04-14T08:14:57.997-0400] {dag.py:3096} INFO - Sync 1 DAGs
[2024-04-14T08:14:58.001-0400] {logging_mixin.py:188} INFO - [2024-04-14T08:14:58.001-0400] {dag.py:3954} INFO - Setting next_dagrun for example_params_trigger_ui to None, run_after=None
[2024-04-14T08:14:58.007-0400] {processor.py:183} INFO - Processing /Users/manideepakreddyaila/Desktop/projects/Legal_Insights_Engine/.venv/lib/python3.11/site-packages/airflow/example_dags/example_params_trigger_ui.py took 0.094 seconds
[2024-04-14T08:21:59.957-0400] {processor.py:161} INFO - Started process (PID=32964) to work on /Users/manideepakreddyaila/Desktop/projects/Legal_Insights_Engine/.venv/lib/python3.11/site-packages/airflow/example_dags/example_params_trigger_ui.py
[2024-04-14T08:21:59.957-0400] {processor.py:830} INFO - Processing file /Users/manideepakreddyaila/Desktop/projects/Legal_Insights_Engine/.venv/lib/python3.11/site-packages/airflow/example_dags/example_params_trigger_ui.py for tasks to queue
[2024-04-14T08:21:59.958-0400] {logging_mixin.py:188} INFO - [2024-04-14T08:21:59.958-0400] {dagbag.py:540} INFO - Filling up the DagBag from /Users/manideepakreddyaila/Desktop/projects/Legal_Insights_Engine/.venv/lib/python3.11/site-packages/airflow/example_dags/example_params_trigger_ui.py
[2024-04-14T08:21:59.998-0400] {processor.py:840} INFO - DAG(s) 'example_params_trigger_ui' retrieved from /Users/manideepakreddyaila/Desktop/projects/Legal_Insights_Engine/.venv/lib/python3.11/site-packages/airflow/example_dags/example_params_trigger_ui.py
[2024-04-14T08:22:00.041-0400] {logging_mixin.py:188} INFO - [2024-04-14T08:22:00.041-0400] {dag.py:3096} INFO - Sync 1 DAGs
[2024-04-14T08:22:00.044-0400] {logging_mixin.py:188} INFO - [2024-04-14T08:22:00.044-0400] {dag.py:3954} INFO - Setting next_dagrun for example_params_trigger_ui to None, run_after=None
[2024-04-14T08:22:00.050-0400] {processor.py:183} INFO - Processing /Users/manideepakreddyaila/Desktop/projects/Legal_Insights_Engine/.venv/lib/python3.11/site-packages/airflow/example_dags/example_params_trigger_ui.py took 0.094 seconds
[2024-04-14T11:21:58.347-0400] {processor.py:161} INFO - Started process (PID=33132) to work on /Users/manideepakreddyaila/Desktop/projects/Legal_Insights_Engine/.venv/lib/python3.11/site-packages/airflow/example_dags/example_params_trigger_ui.py
[2024-04-14T11:21:58.348-0400] {processor.py:830} INFO - Processing file /Users/manideepakreddyaila/Desktop/projects/Legal_Insights_Engine/.venv/lib/python3.11/site-packages/airflow/example_dags/example_params_trigger_ui.py for tasks to queue
[2024-04-14T11:21:58.348-0400] {logging_mixin.py:188} INFO - [2024-04-14T11:21:58.348-0400] {dagbag.py:540} INFO - Filling up the DagBag from /Users/manideepakreddyaila/Desktop/projects/Legal_Insights_Engine/.venv/lib/python3.11/site-packages/airflow/example_dags/example_params_trigger_ui.py
[2024-04-14T11:21:58.388-0400] {processor.py:840} INFO - DAG(s) 'example_params_trigger_ui' retrieved from /Users/manideepakreddyaila/Desktop/projects/Legal_Insights_Engine/.venv/lib/python3.11/site-packages/airflow/example_dags/example_params_trigger_ui.py
[2024-04-14T11:21:58.428-0400] {logging_mixin.py:188} INFO - [2024-04-14T11:21:58.428-0400] {dag.py:3096} INFO - Sync 1 DAGs
[2024-04-14T11:21:58.432-0400] {logging_mixin.py:188} INFO - [2024-04-14T11:21:58.432-0400] {dag.py:3954} INFO - Setting next_dagrun for example_params_trigger_ui to None, run_after=None
[2024-04-14T11:21:58.438-0400] {processor.py:183} INFO - Processing /Users/manideepakreddyaila/Desktop/projects/Legal_Insights_Engine/.venv/lib/python3.11/site-packages/airflow/example_dags/example_params_trigger_ui.py took 0.093 seconds
[2024-04-14T12:06:48.789-0400] {processor.py:161} INFO - Started process (PID=33261) to work on /Users/manideepakreddyaila/Desktop/projects/Legal_Insights_Engine/.venv/lib/python3.11/site-packages/airflow/example_dags/example_params_trigger_ui.py
[2024-04-14T12:06:48.790-0400] {processor.py:830} INFO - Processing file /Users/manideepakreddyaila/Desktop/projects/Legal_Insights_Engine/.venv/lib/python3.11/site-packages/airflow/example_dags/example_params_trigger_ui.py for tasks to queue
[2024-04-14T12:06:48.790-0400] {logging_mixin.py:188} INFO - [2024-04-14T12:06:48.790-0400] {dagbag.py:540} INFO - Filling up the DagBag from /Users/manideepakreddyaila/Desktop/projects/Legal_Insights_Engine/.venv/lib/python3.11/site-packages/airflow/example_dags/example_params_trigger_ui.py
[2024-04-14T12:06:48.831-0400] {processor.py:840} INFO - DAG(s) 'example_params_trigger_ui' retrieved from /Users/manideepakreddyaila/Desktop/projects/Legal_Insights_Engine/.venv/lib/python3.11/site-packages/airflow/example_dags/example_params_trigger_ui.py
[2024-04-14T12:06:48.872-0400] {logging_mixin.py:188} INFO - [2024-04-14T12:06:48.872-0400] {dag.py:3096} INFO - Sync 1 DAGs
[2024-04-14T12:06:48.876-0400] {logging_mixin.py:188} INFO - [2024-04-14T12:06:48.876-0400] {dag.py:3954} INFO - Setting next_dagrun for example_params_trigger_ui to None, run_after=None
[2024-04-14T12:06:48.882-0400] {processor.py:183} INFO - Processing /Users/manideepakreddyaila/Desktop/projects/Legal_Insights_Engine/.venv/lib/python3.11/site-packages/airflow/example_dags/example_params_trigger_ui.py took 0.095 seconds
[2024-04-14T14:14:08.884-0400] {processor.py:161} INFO - Started process (PID=33458) to work on /Users/manideepakreddyaila/Desktop/projects/Legal_Insights_Engine/.venv/lib/python3.11/site-packages/airflow/example_dags/example_params_trigger_ui.py
[2024-04-14T14:14:08.886-0400] {processor.py:830} INFO - Processing file /Users/manideepakreddyaila/Desktop/projects/Legal_Insights_Engine/.venv/lib/python3.11/site-packages/airflow/example_dags/example_params_trigger_ui.py for tasks to queue
[2024-04-14T14:14:08.887-0400] {logging_mixin.py:188} INFO - [2024-04-14T14:14:08.887-0400] {dagbag.py:540} INFO - Filling up the DagBag from /Users/manideepakreddyaila/Desktop/projects/Legal_Insights_Engine/.venv/lib/python3.11/site-packages/airflow/example_dags/example_params_trigger_ui.py
[2024-04-14T14:14:09.084-0400] {processor.py:840} INFO - DAG(s) 'example_params_trigger_ui' retrieved from /Users/manideepakreddyaila/Desktop/projects/Legal_Insights_Engine/.venv/lib/python3.11/site-packages/airflow/example_dags/example_params_trigger_ui.py
[2024-04-14T14:14:09.255-0400] {logging_mixin.py:188} INFO - [2024-04-14T14:14:09.249-0400] {dag.py:3096} INFO - Sync 1 DAGs
[2024-04-14T14:14:09.262-0400] {logging_mixin.py:188} INFO - [2024-04-14T14:14:09.262-0400] {dag.py:3954} INFO - Setting next_dagrun for example_params_trigger_ui to None, run_after=None
[2024-04-14T14:14:09.273-0400] {processor.py:183} INFO - Processing /Users/manideepakreddyaila/Desktop/projects/Legal_Insights_Engine/.venv/lib/python3.11/site-packages/airflow/example_dags/example_params_trigger_ui.py took 0.392 seconds
[2024-04-14T15:47:28.379-0400] {processor.py:161} INFO - Started process (PID=33607) to work on /Users/manideepakreddyaila/Desktop/projects/Legal_Insights_Engine/.venv/lib/python3.11/site-packages/airflow/example_dags/example_params_trigger_ui.py
[2024-04-14T15:47:28.380-0400] {processor.py:830} INFO - Processing file /Users/manideepakreddyaila/Desktop/projects/Legal_Insights_Engine/.venv/lib/python3.11/site-packages/airflow/example_dags/example_params_trigger_ui.py for tasks to queue
[2024-04-14T15:47:28.380-0400] {logging_mixin.py:188} INFO - [2024-04-14T15:47:28.380-0400] {dagbag.py:540} INFO - Filling up the DagBag from /Users/manideepakreddyaila/Desktop/projects/Legal_Insights_Engine/.venv/lib/python3.11/site-packages/airflow/example_dags/example_params_trigger_ui.py
[2024-04-14T15:47:28.419-0400] {processor.py:840} INFO - DAG(s) 'example_params_trigger_ui' retrieved from /Users/manideepakreddyaila/Desktop/projects/Legal_Insights_Engine/.venv/lib/python3.11/site-packages/airflow/example_dags/example_params_trigger_ui.py
[2024-04-14T15:47:28.460-0400] {logging_mixin.py:188} INFO - [2024-04-14T15:47:28.460-0400] {dag.py:3096} INFO - Sync 1 DAGs
[2024-04-14T15:47:28.463-0400] {logging_mixin.py:188} INFO - [2024-04-14T15:47:28.463-0400] {dag.py:3954} INFO - Setting next_dagrun for example_params_trigger_ui to None, run_after=None
[2024-04-14T15:47:28.470-0400] {processor.py:183} INFO - Processing /Users/manideepakreddyaila/Desktop/projects/Legal_Insights_Engine/.venv/lib/python3.11/site-packages/airflow/example_dags/example_params_trigger_ui.py took 0.092 seconds
[2024-04-14T16:37:01.075-0400] {processor.py:161} INFO - Started process (PID=33767) to work on /Users/manideepakreddyaila/Desktop/projects/Legal_Insights_Engine/.venv/lib/python3.11/site-packages/airflow/example_dags/example_params_trigger_ui.py
[2024-04-14T16:37:01.075-0400] {processor.py:830} INFO - Processing file /Users/manideepakreddyaila/Desktop/projects/Legal_Insights_Engine/.venv/lib/python3.11/site-packages/airflow/example_dags/example_params_trigger_ui.py for tasks to queue
[2024-04-14T16:37:01.076-0400] {logging_mixin.py:188} INFO - [2024-04-14T16:37:01.076-0400] {dagbag.py:540} INFO - Filling up the DagBag from /Users/manideepakreddyaila/Desktop/projects/Legal_Insights_Engine/.venv/lib/python3.11/site-packages/airflow/example_dags/example_params_trigger_ui.py
[2024-04-14T16:37:01.115-0400] {processor.py:840} INFO - DAG(s) 'example_params_trigger_ui' retrieved from /Users/manideepakreddyaila/Desktop/projects/Legal_Insights_Engine/.venv/lib/python3.11/site-packages/airflow/example_dags/example_params_trigger_ui.py
[2024-04-14T16:37:01.156-0400] {logging_mixin.py:188} INFO - [2024-04-14T16:37:01.155-0400] {dag.py:3096} INFO - Sync 1 DAGs
[2024-04-14T16:37:01.159-0400] {logging_mixin.py:188} INFO - [2024-04-14T16:37:01.159-0400] {dag.py:3954} INFO - Setting next_dagrun for example_params_trigger_ui to None, run_after=None
[2024-04-14T16:37:01.166-0400] {processor.py:183} INFO - Processing /Users/manideepakreddyaila/Desktop/projects/Legal_Insights_Engine/.venv/lib/python3.11/site-packages/airflow/example_dags/example_params_trigger_ui.py took 0.092 seconds
[2024-04-14T16:38:26.192-0400] {processor.py:161} INFO - Started process (PID=33830) to work on /Users/manideepakreddyaila/Desktop/projects/Legal_Insights_Engine/.venv/lib/python3.11/site-packages/airflow/example_dags/example_params_trigger_ui.py
[2024-04-14T16:38:26.193-0400] {processor.py:830} INFO - Processing file /Users/manideepakreddyaila/Desktop/projects/Legal_Insights_Engine/.venv/lib/python3.11/site-packages/airflow/example_dags/example_params_trigger_ui.py for tasks to queue
[2024-04-14T16:38:26.193-0400] {logging_mixin.py:188} INFO - [2024-04-14T16:38:26.193-0400] {dagbag.py:540} INFO - Filling up the DagBag from /Users/manideepakreddyaila/Desktop/projects/Legal_Insights_Engine/.venv/lib/python3.11/site-packages/airflow/example_dags/example_params_trigger_ui.py
[2024-04-14T16:38:26.234-0400] {processor.py:840} INFO - DAG(s) 'example_params_trigger_ui' retrieved from /Users/manideepakreddyaila/Desktop/projects/Legal_Insights_Engine/.venv/lib/python3.11/site-packages/airflow/example_dags/example_params_trigger_ui.py
[2024-04-14T16:38:26.275-0400] {logging_mixin.py:188} INFO - [2024-04-14T16:38:26.274-0400] {dag.py:3096} INFO - Sync 1 DAGs
[2024-04-14T16:38:26.278-0400] {logging_mixin.py:188} INFO - [2024-04-14T16:38:26.278-0400] {dag.py:3954} INFO - Setting next_dagrun for example_params_trigger_ui to None, run_after=None
[2024-04-14T16:38:26.284-0400] {processor.py:183} INFO - Processing /Users/manideepakreddyaila/Desktop/projects/Legal_Insights_Engine/.venv/lib/python3.11/site-packages/airflow/example_dags/example_params_trigger_ui.py took 0.093 seconds
[2024-04-14T16:40:23.957-0400] {processor.py:161} INFO - Started process (PID=33928) to work on /Users/manideepakreddyaila/Desktop/projects/Legal_Insights_Engine/.venv/lib/python3.11/site-packages/airflow/example_dags/example_params_trigger_ui.py
[2024-04-14T16:40:23.958-0400] {processor.py:830} INFO - Processing file /Users/manideepakreddyaila/Desktop/projects/Legal_Insights_Engine/.venv/lib/python3.11/site-packages/airflow/example_dags/example_params_trigger_ui.py for tasks to queue
[2024-04-14T16:40:23.958-0400] {logging_mixin.py:188} INFO - [2024-04-14T16:40:23.958-0400] {dagbag.py:540} INFO - Filling up the DagBag from /Users/manideepakreddyaila/Desktop/projects/Legal_Insights_Engine/.venv/lib/python3.11/site-packages/airflow/example_dags/example_params_trigger_ui.py
[2024-04-14T16:40:23.998-0400] {processor.py:840} INFO - DAG(s) 'example_params_trigger_ui' retrieved from /Users/manideepakreddyaila/Desktop/projects/Legal_Insights_Engine/.venv/lib/python3.11/site-packages/airflow/example_dags/example_params_trigger_ui.py
[2024-04-14T16:40:24.039-0400] {logging_mixin.py:188} INFO - [2024-04-14T16:40:24.039-0400] {dag.py:3096} INFO - Sync 1 DAGs
[2024-04-14T16:40:24.043-0400] {logging_mixin.py:188} INFO - [2024-04-14T16:40:24.042-0400] {dag.py:3954} INFO - Setting next_dagrun for example_params_trigger_ui to None, run_after=None
[2024-04-14T16:40:24.049-0400] {processor.py:183} INFO - Processing /Users/manideepakreddyaila/Desktop/projects/Legal_Insights_Engine/.venv/lib/python3.11/site-packages/airflow/example_dags/example_params_trigger_ui.py took 0.093 seconds
[2024-04-14T16:42:16.314-0400] {processor.py:161} INFO - Started process (PID=34023) to work on /Users/manideepakreddyaila/Desktop/projects/Legal_Insights_Engine/.venv/lib/python3.11/site-packages/airflow/example_dags/example_params_trigger_ui.py
[2024-04-14T16:42:16.315-0400] {processor.py:830} INFO - Processing file /Users/manideepakreddyaila/Desktop/projects/Legal_Insights_Engine/.venv/lib/python3.11/site-packages/airflow/example_dags/example_params_trigger_ui.py for tasks to queue
[2024-04-14T16:42:16.315-0400] {logging_mixin.py:188} INFO - [2024-04-14T16:42:16.315-0400] {dagbag.py:540} INFO - Filling up the DagBag from /Users/manideepakreddyaila/Desktop/projects/Legal_Insights_Engine/.venv/lib/python3.11/site-packages/airflow/example_dags/example_params_trigger_ui.py
[2024-04-14T16:42:16.355-0400] {processor.py:840} INFO - DAG(s) 'example_params_trigger_ui' retrieved from /Users/manideepakreddyaila/Desktop/projects/Legal_Insights_Engine/.venv/lib/python3.11/site-packages/airflow/example_dags/example_params_trigger_ui.py
[2024-04-14T16:42:16.398-0400] {logging_mixin.py:188} INFO - [2024-04-14T16:42:16.398-0400] {dag.py:3096} INFO - Sync 1 DAGs
[2024-04-14T16:42:16.401-0400] {logging_mixin.py:188} INFO - [2024-04-14T16:42:16.401-0400] {dag.py:3954} INFO - Setting next_dagrun for example_params_trigger_ui to None, run_after=None
[2024-04-14T16:42:16.408-0400] {processor.py:183} INFO - Processing /Users/manideepakreddyaila/Desktop/projects/Legal_Insights_Engine/.venv/lib/python3.11/site-packages/airflow/example_dags/example_params_trigger_ui.py took 0.095 seconds
[2024-04-14T16:44:17.404-0400] {processor.py:161} INFO - Started process (PID=34132) to work on /Users/manideepakreddyaila/Desktop/projects/Legal_Insights_Engine/.venv/lib/python3.11/site-packages/airflow/example_dags/example_params_trigger_ui.py
[2024-04-14T16:44:17.405-0400] {processor.py:830} INFO - Processing file /Users/manideepakreddyaila/Desktop/projects/Legal_Insights_Engine/.venv/lib/python3.11/site-packages/airflow/example_dags/example_params_trigger_ui.py for tasks to queue
[2024-04-14T16:44:17.405-0400] {logging_mixin.py:188} INFO - [2024-04-14T16:44:17.405-0400] {dagbag.py:540} INFO - Filling up the DagBag from /Users/manideepakreddyaila/Desktop/projects/Legal_Insights_Engine/.venv/lib/python3.11/site-packages/airflow/example_dags/example_params_trigger_ui.py
[2024-04-14T16:44:17.445-0400] {processor.py:840} INFO - DAG(s) 'example_params_trigger_ui' retrieved from /Users/manideepakreddyaila/Desktop/projects/Legal_Insights_Engine/.venv/lib/python3.11/site-packages/airflow/example_dags/example_params_trigger_ui.py
[2024-04-14T16:44:17.485-0400] {logging_mixin.py:188} INFO - [2024-04-14T16:44:17.485-0400] {dag.py:3096} INFO - Sync 1 DAGs
[2024-04-14T16:44:17.489-0400] {logging_mixin.py:188} INFO - [2024-04-14T16:44:17.489-0400] {dag.py:3954} INFO - Setting next_dagrun for example_params_trigger_ui to None, run_after=None
[2024-04-14T16:44:17.496-0400] {processor.py:183} INFO - Processing /Users/manideepakreddyaila/Desktop/projects/Legal_Insights_Engine/.venv/lib/python3.11/site-packages/airflow/example_dags/example_params_trigger_ui.py took 0.093 seconds
[2024-04-14T16:46:17.134-0400] {processor.py:161} INFO - Started process (PID=34235) to work on /Users/manideepakreddyaila/Desktop/projects/Legal_Insights_Engine/.venv/lib/python3.11/site-packages/airflow/example_dags/example_params_trigger_ui.py
[2024-04-14T16:46:17.135-0400] {processor.py:830} INFO - Processing file /Users/manideepakreddyaila/Desktop/projects/Legal_Insights_Engine/.venv/lib/python3.11/site-packages/airflow/example_dags/example_params_trigger_ui.py for tasks to queue
[2024-04-14T16:46:17.135-0400] {logging_mixin.py:188} INFO - [2024-04-14T16:46:17.135-0400] {dagbag.py:540} INFO - Filling up the DagBag from /Users/manideepakreddyaila/Desktop/projects/Legal_Insights_Engine/.venv/lib/python3.11/site-packages/airflow/example_dags/example_params_trigger_ui.py
[2024-04-14T16:46:17.174-0400] {processor.py:840} INFO - DAG(s) 'example_params_trigger_ui' retrieved from /Users/manideepakreddyaila/Desktop/projects/Legal_Insights_Engine/.venv/lib/python3.11/site-packages/airflow/example_dags/example_params_trigger_ui.py
[2024-04-14T16:46:17.215-0400] {logging_mixin.py:188} INFO - [2024-04-14T16:46:17.215-0400] {dag.py:3096} INFO - Sync 1 DAGs
[2024-04-14T16:46:17.219-0400] {logging_mixin.py:188} INFO - [2024-04-14T16:46:17.219-0400] {dag.py:3954} INFO - Setting next_dagrun for example_params_trigger_ui to None, run_after=None
[2024-04-14T16:46:17.225-0400] {processor.py:183} INFO - Processing /Users/manideepakreddyaila/Desktop/projects/Legal_Insights_Engine/.venv/lib/python3.11/site-packages/airflow/example_dags/example_params_trigger_ui.py took 0.092 seconds
[2024-04-14T16:48:14.528-0400] {processor.py:161} INFO - Started process (PID=34334) to work on /Users/manideepakreddyaila/Desktop/projects/Legal_Insights_Engine/.venv/lib/python3.11/site-packages/airflow/example_dags/example_params_trigger_ui.py
[2024-04-14T16:48:14.528-0400] {processor.py:830} INFO - Processing file /Users/manideepakreddyaila/Desktop/projects/Legal_Insights_Engine/.venv/lib/python3.11/site-packages/airflow/example_dags/example_params_trigger_ui.py for tasks to queue
[2024-04-14T16:48:14.528-0400] {logging_mixin.py:188} INFO - [2024-04-14T16:48:14.528-0400] {dagbag.py:540} INFO - Filling up the DagBag from /Users/manideepakreddyaila/Desktop/projects/Legal_Insights_Engine/.venv/lib/python3.11/site-packages/airflow/example_dags/example_params_trigger_ui.py
[2024-04-14T16:48:14.569-0400] {processor.py:840} INFO - DAG(s) 'example_params_trigger_ui' retrieved from /Users/manideepakreddyaila/Desktop/projects/Legal_Insights_Engine/.venv/lib/python3.11/site-packages/airflow/example_dags/example_params_trigger_ui.py
[2024-04-14T16:48:14.611-0400] {logging_mixin.py:188} INFO - [2024-04-14T16:48:14.611-0400] {dag.py:3096} INFO - Sync 1 DAGs
[2024-04-14T16:48:14.615-0400] {logging_mixin.py:188} INFO - [2024-04-14T16:48:14.615-0400] {dag.py:3954} INFO - Setting next_dagrun for example_params_trigger_ui to None, run_after=None
[2024-04-14T16:48:14.621-0400] {processor.py:183} INFO - Processing /Users/manideepakreddyaila/Desktop/projects/Legal_Insights_Engine/.venv/lib/python3.11/site-packages/airflow/example_dags/example_params_trigger_ui.py took 0.095 seconds
[2024-04-14T16:58:06.937-0400] {processor.py:161} INFO - Started process (PID=34456) to work on /Users/manideepakreddyaila/Desktop/projects/Legal_Insights_Engine/.venv/lib/python3.11/site-packages/airflow/example_dags/example_params_trigger_ui.py
[2024-04-14T16:58:06.937-0400] {processor.py:830} INFO - Processing file /Users/manideepakreddyaila/Desktop/projects/Legal_Insights_Engine/.venv/lib/python3.11/site-packages/airflow/example_dags/example_params_trigger_ui.py for tasks to queue
[2024-04-14T16:58:06.938-0400] {logging_mixin.py:188} INFO - [2024-04-14T16:58:06.938-0400] {dagbag.py:540} INFO - Filling up the DagBag from /Users/manideepakreddyaila/Desktop/projects/Legal_Insights_Engine/.venv/lib/python3.11/site-packages/airflow/example_dags/example_params_trigger_ui.py
[2024-04-14T16:58:06.977-0400] {processor.py:840} INFO - DAG(s) 'example_params_trigger_ui' retrieved from /Users/manideepakreddyaila/Desktop/projects/Legal_Insights_Engine/.venv/lib/python3.11/site-packages/airflow/example_dags/example_params_trigger_ui.py
[2024-04-14T16:58:07.018-0400] {logging_mixin.py:188} INFO - [2024-04-14T16:58:07.018-0400] {dag.py:3096} INFO - Sync 1 DAGs
[2024-04-14T16:58:07.022-0400] {logging_mixin.py:188} INFO - [2024-04-14T16:58:07.022-0400] {dag.py:3954} INFO - Setting next_dagrun for example_params_trigger_ui to None, run_after=None
[2024-04-14T16:58:07.028-0400] {processor.py:183} INFO - Processing /Users/manideepakreddyaila/Desktop/projects/Legal_Insights_Engine/.venv/lib/python3.11/site-packages/airflow/example_dags/example_params_trigger_ui.py took 0.092 seconds
[2024-04-14T17:17:14.923-0400] {processor.py:161} INFO - Started process (PID=34750) to work on /Users/manideepakreddyaila/Desktop/projects/Legal_Insights_Engine/.venv/lib/python3.11/site-packages/airflow/example_dags/example_params_trigger_ui.py
[2024-04-14T17:17:14.924-0400] {processor.py:830} INFO - Processing file /Users/manideepakreddyaila/Desktop/projects/Legal_Insights_Engine/.venv/lib/python3.11/site-packages/airflow/example_dags/example_params_trigger_ui.py for tasks to queue
[2024-04-14T17:17:14.924-0400] {logging_mixin.py:188} INFO - [2024-04-14T17:17:14.924-0400] {dagbag.py:540} INFO - Filling up the DagBag from /Users/manideepakreddyaila/Desktop/projects/Legal_Insights_Engine/.venv/lib/python3.11/site-packages/airflow/example_dags/example_params_trigger_ui.py
[2024-04-14T17:17:14.965-0400] {processor.py:840} INFO - DAG(s) 'example_params_trigger_ui' retrieved from /Users/manideepakreddyaila/Desktop/projects/Legal_Insights_Engine/.venv/lib/python3.11/site-packages/airflow/example_dags/example_params_trigger_ui.py
[2024-04-14T17:17:15.006-0400] {logging_mixin.py:188} INFO - [2024-04-14T17:17:15.006-0400] {dag.py:3096} INFO - Sync 1 DAGs
[2024-04-14T17:17:15.010-0400] {logging_mixin.py:188} INFO - [2024-04-14T17:17:15.010-0400] {dag.py:3954} INFO - Setting next_dagrun for example_params_trigger_ui to None, run_after=None
[2024-04-14T17:17:15.016-0400] {processor.py:183} INFO - Processing /Users/manideepakreddyaila/Desktop/projects/Legal_Insights_Engine/.venv/lib/python3.11/site-packages/airflow/example_dags/example_params_trigger_ui.py took 0.094 seconds
[2024-04-14T17:19:10.164-0400] {processor.py:161} INFO - Started process (PID=34857) to work on /Users/manideepakreddyaila/Desktop/projects/Legal_Insights_Engine/.venv/lib/python3.11/site-packages/airflow/example_dags/example_params_trigger_ui.py
[2024-04-14T17:19:10.165-0400] {processor.py:830} INFO - Processing file /Users/manideepakreddyaila/Desktop/projects/Legal_Insights_Engine/.venv/lib/python3.11/site-packages/airflow/example_dags/example_params_trigger_ui.py for tasks to queue
[2024-04-14T17:19:10.165-0400] {logging_mixin.py:188} INFO - [2024-04-14T17:19:10.165-0400] {dagbag.py:540} INFO - Filling up the DagBag from /Users/manideepakreddyaila/Desktop/projects/Legal_Insights_Engine/.venv/lib/python3.11/site-packages/airflow/example_dags/example_params_trigger_ui.py
[2024-04-14T17:19:10.210-0400] {processor.py:840} INFO - DAG(s) 'example_params_trigger_ui' retrieved from /Users/manideepakreddyaila/Desktop/projects/Legal_Insights_Engine/.venv/lib/python3.11/site-packages/airflow/example_dags/example_params_trigger_ui.py
[2024-04-14T17:19:10.255-0400] {logging_mixin.py:188} INFO - [2024-04-14T17:19:10.255-0400] {dag.py:3096} INFO - Sync 1 DAGs
[2024-04-14T17:19:10.260-0400] {logging_mixin.py:188} INFO - [2024-04-14T17:19:10.260-0400] {dag.py:3954} INFO - Setting next_dagrun for example_params_trigger_ui to None, run_after=None
[2024-04-14T17:19:10.266-0400] {processor.py:183} INFO - Processing /Users/manideepakreddyaila/Desktop/projects/Legal_Insights_Engine/.venv/lib/python3.11/site-packages/airflow/example_dags/example_params_trigger_ui.py took 0.104 seconds
[2024-04-14T17:21:03.707-0400] {processor.py:161} INFO - Started process (PID=34956) to work on /Users/manideepakreddyaila/Desktop/projects/Legal_Insights_Engine/.venv/lib/python3.11/site-packages/airflow/example_dags/example_params_trigger_ui.py
[2024-04-14T17:21:03.708-0400] {processor.py:830} INFO - Processing file /Users/manideepakreddyaila/Desktop/projects/Legal_Insights_Engine/.venv/lib/python3.11/site-packages/airflow/example_dags/example_params_trigger_ui.py for tasks to queue
[2024-04-14T17:21:03.708-0400] {logging_mixin.py:188} INFO - [2024-04-14T17:21:03.708-0400] {dagbag.py:540} INFO - Filling up the DagBag from /Users/manideepakreddyaila/Desktop/projects/Legal_Insights_Engine/.venv/lib/python3.11/site-packages/airflow/example_dags/example_params_trigger_ui.py
[2024-04-14T17:21:03.749-0400] {processor.py:840} INFO - DAG(s) 'example_params_trigger_ui' retrieved from /Users/manideepakreddyaila/Desktop/projects/Legal_Insights_Engine/.venv/lib/python3.11/site-packages/airflow/example_dags/example_params_trigger_ui.py
[2024-04-14T17:21:03.793-0400] {logging_mixin.py:188} INFO - [2024-04-14T17:21:03.792-0400] {dag.py:3096} INFO - Sync 1 DAGs
[2024-04-14T17:21:03.797-0400] {logging_mixin.py:188} INFO - [2024-04-14T17:21:03.797-0400] {dag.py:3954} INFO - Setting next_dagrun for example_params_trigger_ui to None, run_after=None
[2024-04-14T17:21:03.803-0400] {processor.py:183} INFO - Processing /Users/manideepakreddyaila/Desktop/projects/Legal_Insights_Engine/.venv/lib/python3.11/site-packages/airflow/example_dags/example_params_trigger_ui.py took 0.097 seconds
[2024-04-14T17:22:59.022-0400] {processor.py:161} INFO - Started process (PID=35054) to work on /Users/manideepakreddyaila/Desktop/projects/Legal_Insights_Engine/.venv/lib/python3.11/site-packages/airflow/example_dags/example_params_trigger_ui.py
[2024-04-14T17:22:59.023-0400] {processor.py:830} INFO - Processing file /Users/manideepakreddyaila/Desktop/projects/Legal_Insights_Engine/.venv/lib/python3.11/site-packages/airflow/example_dags/example_params_trigger_ui.py for tasks to queue
[2024-04-14T17:22:59.023-0400] {logging_mixin.py:188} INFO - [2024-04-14T17:22:59.023-0400] {dagbag.py:540} INFO - Filling up the DagBag from /Users/manideepakreddyaila/Desktop/projects/Legal_Insights_Engine/.venv/lib/python3.11/site-packages/airflow/example_dags/example_params_trigger_ui.py
[2024-04-14T17:22:59.064-0400] {processor.py:840} INFO - DAG(s) 'example_params_trigger_ui' retrieved from /Users/manideepakreddyaila/Desktop/projects/Legal_Insights_Engine/.venv/lib/python3.11/site-packages/airflow/example_dags/example_params_trigger_ui.py
[2024-04-14T17:22:59.105-0400] {logging_mixin.py:188} INFO - [2024-04-14T17:22:59.105-0400] {dag.py:3096} INFO - Sync 1 DAGs
[2024-04-14T17:22:59.109-0400] {logging_mixin.py:188} INFO - [2024-04-14T17:22:59.108-0400] {dag.py:3954} INFO - Setting next_dagrun for example_params_trigger_ui to None, run_after=None
[2024-04-14T17:22:59.115-0400] {processor.py:183} INFO - Processing /Users/manideepakreddyaila/Desktop/projects/Legal_Insights_Engine/.venv/lib/python3.11/site-packages/airflow/example_dags/example_params_trigger_ui.py took 0.094 seconds
[2024-04-14T17:24:56.942-0400] {processor.py:161} INFO - Started process (PID=35152) to work on /Users/manideepakreddyaila/Desktop/projects/Legal_Insights_Engine/.venv/lib/python3.11/site-packages/airflow/example_dags/example_params_trigger_ui.py
[2024-04-14T17:24:56.943-0400] {processor.py:830} INFO - Processing file /Users/manideepakreddyaila/Desktop/projects/Legal_Insights_Engine/.venv/lib/python3.11/site-packages/airflow/example_dags/example_params_trigger_ui.py for tasks to queue
[2024-04-14T17:24:56.943-0400] {logging_mixin.py:188} INFO - [2024-04-14T17:24:56.943-0400] {dagbag.py:540} INFO - Filling up the DagBag from /Users/manideepakreddyaila/Desktop/projects/Legal_Insights_Engine/.venv/lib/python3.11/site-packages/airflow/example_dags/example_params_trigger_ui.py
[2024-04-14T17:24:56.983-0400] {processor.py:840} INFO - DAG(s) 'example_params_trigger_ui' retrieved from /Users/manideepakreddyaila/Desktop/projects/Legal_Insights_Engine/.venv/lib/python3.11/site-packages/airflow/example_dags/example_params_trigger_ui.py
[2024-04-14T17:24:57.025-0400] {logging_mixin.py:188} INFO - [2024-04-14T17:24:57.024-0400] {dag.py:3096} INFO - Sync 1 DAGs
[2024-04-14T17:24:57.028-0400] {logging_mixin.py:188} INFO - [2024-04-14T17:24:57.028-0400] {dag.py:3954} INFO - Setting next_dagrun for example_params_trigger_ui to None, run_after=None
[2024-04-14T17:24:57.034-0400] {processor.py:183} INFO - Processing /Users/manideepakreddyaila/Desktop/projects/Legal_Insights_Engine/.venv/lib/python3.11/site-packages/airflow/example_dags/example_params_trigger_ui.py took 0.093 seconds
[2024-04-14T17:26:55.219-0400] {processor.py:161} INFO - Started process (PID=35256) to work on /Users/manideepakreddyaila/Desktop/projects/Legal_Insights_Engine/.venv/lib/python3.11/site-packages/airflow/example_dags/example_params_trigger_ui.py
[2024-04-14T17:26:55.221-0400] {processor.py:830} INFO - Processing file /Users/manideepakreddyaila/Desktop/projects/Legal_Insights_Engine/.venv/lib/python3.11/site-packages/airflow/example_dags/example_params_trigger_ui.py for tasks to queue
[2024-04-14T17:26:55.221-0400] {logging_mixin.py:188} INFO - [2024-04-14T17:26:55.221-0400] {dagbag.py:540} INFO - Filling up the DagBag from /Users/manideepakreddyaila/Desktop/projects/Legal_Insights_Engine/.venv/lib/python3.11/site-packages/airflow/example_dags/example_params_trigger_ui.py
[2024-04-14T17:26:55.271-0400] {processor.py:840} INFO - DAG(s) 'example_params_trigger_ui' retrieved from /Users/manideepakreddyaila/Desktop/projects/Legal_Insights_Engine/.venv/lib/python3.11/site-packages/airflow/example_dags/example_params_trigger_ui.py
[2024-04-14T17:26:55.315-0400] {logging_mixin.py:188} INFO - [2024-04-14T17:26:55.315-0400] {dag.py:3096} INFO - Sync 1 DAGs
[2024-04-14T17:26:55.319-0400] {logging_mixin.py:188} INFO - [2024-04-14T17:26:55.319-0400] {dag.py:3954} INFO - Setting next_dagrun for example_params_trigger_ui to None, run_after=None
[2024-04-14T17:26:55.326-0400] {processor.py:183} INFO - Processing /Users/manideepakreddyaila/Desktop/projects/Legal_Insights_Engine/.venv/lib/python3.11/site-packages/airflow/example_dags/example_params_trigger_ui.py took 0.107 seconds
[2024-04-14T17:28:50.165-0400] {processor.py:161} INFO - Started process (PID=35367) to work on /Users/manideepakreddyaila/Desktop/projects/Legal_Insights_Engine/.venv/lib/python3.11/site-packages/airflow/example_dags/example_params_trigger_ui.py
[2024-04-14T17:28:50.165-0400] {processor.py:830} INFO - Processing file /Users/manideepakreddyaila/Desktop/projects/Legal_Insights_Engine/.venv/lib/python3.11/site-packages/airflow/example_dags/example_params_trigger_ui.py for tasks to queue
[2024-04-14T17:28:50.165-0400] {logging_mixin.py:188} INFO - [2024-04-14T17:28:50.165-0400] {dagbag.py:540} INFO - Filling up the DagBag from /Users/manideepakreddyaila/Desktop/projects/Legal_Insights_Engine/.venv/lib/python3.11/site-packages/airflow/example_dags/example_params_trigger_ui.py
[2024-04-14T17:28:50.205-0400] {processor.py:840} INFO - DAG(s) 'example_params_trigger_ui' retrieved from /Users/manideepakreddyaila/Desktop/projects/Legal_Insights_Engine/.venv/lib/python3.11/site-packages/airflow/example_dags/example_params_trigger_ui.py
[2024-04-14T17:28:50.247-0400] {logging_mixin.py:188} INFO - [2024-04-14T17:28:50.246-0400] {dag.py:3096} INFO - Sync 1 DAGs
[2024-04-14T17:28:50.250-0400] {logging_mixin.py:188} INFO - [2024-04-14T17:28:50.250-0400] {dag.py:3954} INFO - Setting next_dagrun for example_params_trigger_ui to None, run_after=None
[2024-04-14T17:28:50.256-0400] {processor.py:183} INFO - Processing /Users/manideepakreddyaila/Desktop/projects/Legal_Insights_Engine/.venv/lib/python3.11/site-packages/airflow/example_dags/example_params_trigger_ui.py took 0.093 seconds
[2024-04-14T17:30:47.119-0400] {processor.py:161} INFO - Started process (PID=35503) to work on /Users/manideepakreddyaila/Desktop/projects/Legal_Insights_Engine/.venv/lib/python3.11/site-packages/airflow/example_dags/example_params_trigger_ui.py
[2024-04-14T17:30:47.119-0400] {processor.py:830} INFO - Processing file /Users/manideepakreddyaila/Desktop/projects/Legal_Insights_Engine/.venv/lib/python3.11/site-packages/airflow/example_dags/example_params_trigger_ui.py for tasks to queue
[2024-04-14T17:30:47.120-0400] {logging_mixin.py:188} INFO - [2024-04-14T17:30:47.119-0400] {dagbag.py:540} INFO - Filling up the DagBag from /Users/manideepakreddyaila/Desktop/projects/Legal_Insights_Engine/.venv/lib/python3.11/site-packages/airflow/example_dags/example_params_trigger_ui.py
[2024-04-14T17:30:47.160-0400] {processor.py:840} INFO - DAG(s) 'example_params_trigger_ui' retrieved from /Users/manideepakreddyaila/Desktop/projects/Legal_Insights_Engine/.venv/lib/python3.11/site-packages/airflow/example_dags/example_params_trigger_ui.py
[2024-04-14T17:30:47.202-0400] {logging_mixin.py:188} INFO - [2024-04-14T17:30:47.202-0400] {dag.py:3096} INFO - Sync 1 DAGs
[2024-04-14T17:30:47.206-0400] {logging_mixin.py:188} INFO - [2024-04-14T17:30:47.206-0400] {dag.py:3954} INFO - Setting next_dagrun for example_params_trigger_ui to None, run_after=None
[2024-04-14T17:30:47.212-0400] {processor.py:183} INFO - Processing /Users/manideepakreddyaila/Desktop/projects/Legal_Insights_Engine/.venv/lib/python3.11/site-packages/airflow/example_dags/example_params_trigger_ui.py took 0.095 seconds
[2024-04-14T17:32:46.611-0400] {processor.py:161} INFO - Started process (PID=35614) to work on /Users/manideepakreddyaila/Desktop/projects/Legal_Insights_Engine/.venv/lib/python3.11/site-packages/airflow/example_dags/example_params_trigger_ui.py
[2024-04-14T17:32:46.612-0400] {processor.py:830} INFO - Processing file /Users/manideepakreddyaila/Desktop/projects/Legal_Insights_Engine/.venv/lib/python3.11/site-packages/airflow/example_dags/example_params_trigger_ui.py for tasks to queue
[2024-04-14T17:32:46.612-0400] {logging_mixin.py:188} INFO - [2024-04-14T17:32:46.612-0400] {dagbag.py:540} INFO - Filling up the DagBag from /Users/manideepakreddyaila/Desktop/projects/Legal_Insights_Engine/.venv/lib/python3.11/site-packages/airflow/example_dags/example_params_trigger_ui.py
[2024-04-14T17:32:46.653-0400] {processor.py:840} INFO - DAG(s) 'example_params_trigger_ui' retrieved from /Users/manideepakreddyaila/Desktop/projects/Legal_Insights_Engine/.venv/lib/python3.11/site-packages/airflow/example_dags/example_params_trigger_ui.py
[2024-04-14T17:32:46.695-0400] {logging_mixin.py:188} INFO - [2024-04-14T17:32:46.695-0400] {dag.py:3096} INFO - Sync 1 DAGs
[2024-04-14T17:32:46.699-0400] {logging_mixin.py:188} INFO - [2024-04-14T17:32:46.698-0400] {dag.py:3954} INFO - Setting next_dagrun for example_params_trigger_ui to None, run_after=None
[2024-04-14T17:32:46.705-0400] {processor.py:183} INFO - Processing /Users/manideepakreddyaila/Desktop/projects/Legal_Insights_Engine/.venv/lib/python3.11/site-packages/airflow/example_dags/example_params_trigger_ui.py took 0.095 seconds
[2024-04-14T17:34:45.853-0400] {processor.py:161} INFO - Started process (PID=35711) to work on /Users/manideepakreddyaila/Desktop/projects/Legal_Insights_Engine/.venv/lib/python3.11/site-packages/airflow/example_dags/example_params_trigger_ui.py
[2024-04-14T17:34:45.854-0400] {processor.py:830} INFO - Processing file /Users/manideepakreddyaila/Desktop/projects/Legal_Insights_Engine/.venv/lib/python3.11/site-packages/airflow/example_dags/example_params_trigger_ui.py for tasks to queue
[2024-04-14T17:34:45.854-0400] {logging_mixin.py:188} INFO - [2024-04-14T17:34:45.854-0400] {dagbag.py:540} INFO - Filling up the DagBag from /Users/manideepakreddyaila/Desktop/projects/Legal_Insights_Engine/.venv/lib/python3.11/site-packages/airflow/example_dags/example_params_trigger_ui.py
[2024-04-14T17:34:45.894-0400] {processor.py:840} INFO - DAG(s) 'example_params_trigger_ui' retrieved from /Users/manideepakreddyaila/Desktop/projects/Legal_Insights_Engine/.venv/lib/python3.11/site-packages/airflow/example_dags/example_params_trigger_ui.py
[2024-04-14T17:34:45.936-0400] {logging_mixin.py:188} INFO - [2024-04-14T17:34:45.936-0400] {dag.py:3096} INFO - Sync 1 DAGs
[2024-04-14T17:34:45.940-0400] {logging_mixin.py:188} INFO - [2024-04-14T17:34:45.940-0400] {dag.py:3954} INFO - Setting next_dagrun for example_params_trigger_ui to None, run_after=None
[2024-04-14T17:34:45.946-0400] {processor.py:183} INFO - Processing /Users/manideepakreddyaila/Desktop/projects/Legal_Insights_Engine/.venv/lib/python3.11/site-packages/airflow/example_dags/example_params_trigger_ui.py took 0.094 seconds
[2024-04-14T17:36:44.818-0400] {processor.py:161} INFO - Started process (PID=35809) to work on /Users/manideepakreddyaila/Desktop/projects/Legal_Insights_Engine/.venv/lib/python3.11/site-packages/airflow/example_dags/example_params_trigger_ui.py
[2024-04-14T17:36:44.819-0400] {processor.py:830} INFO - Processing file /Users/manideepakreddyaila/Desktop/projects/Legal_Insights_Engine/.venv/lib/python3.11/site-packages/airflow/example_dags/example_params_trigger_ui.py for tasks to queue
[2024-04-14T17:36:44.819-0400] {logging_mixin.py:188} INFO - [2024-04-14T17:36:44.819-0400] {dagbag.py:540} INFO - Filling up the DagBag from /Users/manideepakreddyaila/Desktop/projects/Legal_Insights_Engine/.venv/lib/python3.11/site-packages/airflow/example_dags/example_params_trigger_ui.py
[2024-04-14T17:36:44.861-0400] {processor.py:840} INFO - DAG(s) 'example_params_trigger_ui' retrieved from /Users/manideepakreddyaila/Desktop/projects/Legal_Insights_Engine/.venv/lib/python3.11/site-packages/airflow/example_dags/example_params_trigger_ui.py
[2024-04-14T17:36:44.902-0400] {logging_mixin.py:188} INFO - [2024-04-14T17:36:44.902-0400] {dag.py:3096} INFO - Sync 1 DAGs
[2024-04-14T17:36:44.906-0400] {logging_mixin.py:188} INFO - [2024-04-14T17:36:44.905-0400] {dag.py:3954} INFO - Setting next_dagrun for example_params_trigger_ui to None, run_after=None
[2024-04-14T17:36:44.912-0400] {processor.py:183} INFO - Processing /Users/manideepakreddyaila/Desktop/projects/Legal_Insights_Engine/.venv/lib/python3.11/site-packages/airflow/example_dags/example_params_trigger_ui.py took 0.095 seconds
[2024-04-14T17:38:35.298-0400] {processor.py:161} INFO - Started process (PID=35899) to work on /Users/manideepakreddyaila/Desktop/projects/Legal_Insights_Engine/.venv/lib/python3.11/site-packages/airflow/example_dags/example_params_trigger_ui.py
[2024-04-14T17:38:35.299-0400] {processor.py:830} INFO - Processing file /Users/manideepakreddyaila/Desktop/projects/Legal_Insights_Engine/.venv/lib/python3.11/site-packages/airflow/example_dags/example_params_trigger_ui.py for tasks to queue
[2024-04-14T17:38:35.299-0400] {logging_mixin.py:188} INFO - [2024-04-14T17:38:35.299-0400] {dagbag.py:540} INFO - Filling up the DagBag from /Users/manideepakreddyaila/Desktop/projects/Legal_Insights_Engine/.venv/lib/python3.11/site-packages/airflow/example_dags/example_params_trigger_ui.py
[2024-04-14T17:38:35.341-0400] {processor.py:840} INFO - DAG(s) 'example_params_trigger_ui' retrieved from /Users/manideepakreddyaila/Desktop/projects/Legal_Insights_Engine/.venv/lib/python3.11/site-packages/airflow/example_dags/example_params_trigger_ui.py
[2024-04-14T17:38:35.383-0400] {logging_mixin.py:188} INFO - [2024-04-14T17:38:35.383-0400] {dag.py:3096} INFO - Sync 1 DAGs
[2024-04-14T17:38:35.386-0400] {logging_mixin.py:188} INFO - [2024-04-14T17:38:35.386-0400] {dag.py:3954} INFO - Setting next_dagrun for example_params_trigger_ui to None, run_after=None
[2024-04-14T17:38:35.395-0400] {processor.py:183} INFO - Processing /Users/manideepakreddyaila/Desktop/projects/Legal_Insights_Engine/.venv/lib/python3.11/site-packages/airflow/example_dags/example_params_trigger_ui.py took 0.098 seconds
[2024-04-14T17:40:28.753-0400] {processor.py:161} INFO - Started process (PID=35979) to work on /Users/manideepakreddyaila/Desktop/projects/Legal_Insights_Engine/.venv/lib/python3.11/site-packages/airflow/example_dags/example_params_trigger_ui.py
[2024-04-14T17:40:28.754-0400] {processor.py:830} INFO - Processing file /Users/manideepakreddyaila/Desktop/projects/Legal_Insights_Engine/.venv/lib/python3.11/site-packages/airflow/example_dags/example_params_trigger_ui.py for tasks to queue
[2024-04-14T17:40:28.754-0400] {logging_mixin.py:188} INFO - [2024-04-14T17:40:28.754-0400] {dagbag.py:540} INFO - Filling up the DagBag from /Users/manideepakreddyaila/Desktop/projects/Legal_Insights_Engine/.venv/lib/python3.11/site-packages/airflow/example_dags/example_params_trigger_ui.py
[2024-04-14T17:40:28.794-0400] {processor.py:840} INFO - DAG(s) 'example_params_trigger_ui' retrieved from /Users/manideepakreddyaila/Desktop/projects/Legal_Insights_Engine/.venv/lib/python3.11/site-packages/airflow/example_dags/example_params_trigger_ui.py
[2024-04-14T17:40:28.835-0400] {logging_mixin.py:188} INFO - [2024-04-14T17:40:28.835-0400] {dag.py:3096} INFO - Sync 1 DAGs
[2024-04-14T17:40:28.839-0400] {logging_mixin.py:188} INFO - [2024-04-14T17:40:28.839-0400] {dag.py:3954} INFO - Setting next_dagrun for example_params_trigger_ui to None, run_after=None
[2024-04-14T17:40:28.846-0400] {processor.py:183} INFO - Processing /Users/manideepakreddyaila/Desktop/projects/Legal_Insights_Engine/.venv/lib/python3.11/site-packages/airflow/example_dags/example_params_trigger_ui.py took 0.094 seconds
[2024-04-14T17:42:18.780-0400] {processor.py:161} INFO - Started process (PID=36065) to work on /Users/manideepakreddyaila/Desktop/projects/Legal_Insights_Engine/.venv/lib/python3.11/site-packages/airflow/example_dags/example_params_trigger_ui.py
[2024-04-14T17:42:18.781-0400] {processor.py:830} INFO - Processing file /Users/manideepakreddyaila/Desktop/projects/Legal_Insights_Engine/.venv/lib/python3.11/site-packages/airflow/example_dags/example_params_trigger_ui.py for tasks to queue
[2024-04-14T17:42:18.781-0400] {logging_mixin.py:188} INFO - [2024-04-14T17:42:18.781-0400] {dagbag.py:540} INFO - Filling up the DagBag from /Users/manideepakreddyaila/Desktop/projects/Legal_Insights_Engine/.venv/lib/python3.11/site-packages/airflow/example_dags/example_params_trigger_ui.py
[2024-04-14T17:42:18.821-0400] {processor.py:840} INFO - DAG(s) 'example_params_trigger_ui' retrieved from /Users/manideepakreddyaila/Desktop/projects/Legal_Insights_Engine/.venv/lib/python3.11/site-packages/airflow/example_dags/example_params_trigger_ui.py
[2024-04-14T17:42:18.863-0400] {logging_mixin.py:188} INFO - [2024-04-14T17:42:18.862-0400] {dag.py:3096} INFO - Sync 1 DAGs
[2024-04-14T17:42:18.866-0400] {logging_mixin.py:188} INFO - [2024-04-14T17:42:18.866-0400] {dag.py:3954} INFO - Setting next_dagrun for example_params_trigger_ui to None, run_after=None
[2024-04-14T17:42:18.873-0400] {processor.py:183} INFO - Processing /Users/manideepakreddyaila/Desktop/projects/Legal_Insights_Engine/.venv/lib/python3.11/site-packages/airflow/example_dags/example_params_trigger_ui.py took 0.093 seconds
[2024-04-14T17:44:12.490-0400] {processor.py:161} INFO - Started process (PID=36153) to work on /Users/manideepakreddyaila/Desktop/projects/Legal_Insights_Engine/.venv/lib/python3.11/site-packages/airflow/example_dags/example_params_trigger_ui.py
[2024-04-14T17:44:12.490-0400] {processor.py:830} INFO - Processing file /Users/manideepakreddyaila/Desktop/projects/Legal_Insights_Engine/.venv/lib/python3.11/site-packages/airflow/example_dags/example_params_trigger_ui.py for tasks to queue
[2024-04-14T17:44:12.491-0400] {logging_mixin.py:188} INFO - [2024-04-14T17:44:12.491-0400] {dagbag.py:540} INFO - Filling up the DagBag from /Users/manideepakreddyaila/Desktop/projects/Legal_Insights_Engine/.venv/lib/python3.11/site-packages/airflow/example_dags/example_params_trigger_ui.py
[2024-04-14T17:44:12.530-0400] {processor.py:840} INFO - DAG(s) 'example_params_trigger_ui' retrieved from /Users/manideepakreddyaila/Desktop/projects/Legal_Insights_Engine/.venv/lib/python3.11/site-packages/airflow/example_dags/example_params_trigger_ui.py
[2024-04-14T17:44:12.572-0400] {logging_mixin.py:188} INFO - [2024-04-14T17:44:12.572-0400] {dag.py:3096} INFO - Sync 1 DAGs
[2024-04-14T17:44:12.575-0400] {logging_mixin.py:188} INFO - [2024-04-14T17:44:12.575-0400] {dag.py:3954} INFO - Setting next_dagrun for example_params_trigger_ui to None, run_after=None
[2024-04-14T17:44:12.582-0400] {processor.py:183} INFO - Processing /Users/manideepakreddyaila/Desktop/projects/Legal_Insights_Engine/.venv/lib/python3.11/site-packages/airflow/example_dags/example_params_trigger_ui.py took 0.093 seconds
[2024-04-14T17:46:11.207-0400] {processor.py:161} INFO - Started process (PID=36243) to work on /Users/manideepakreddyaila/Desktop/projects/Legal_Insights_Engine/.venv/lib/python3.11/site-packages/airflow/example_dags/example_params_trigger_ui.py
[2024-04-14T17:46:11.208-0400] {processor.py:830} INFO - Processing file /Users/manideepakreddyaila/Desktop/projects/Legal_Insights_Engine/.venv/lib/python3.11/site-packages/airflow/example_dags/example_params_trigger_ui.py for tasks to queue
[2024-04-14T17:46:11.208-0400] {logging_mixin.py:188} INFO - [2024-04-14T17:46:11.208-0400] {dagbag.py:540} INFO - Filling up the DagBag from /Users/manideepakreddyaila/Desktop/projects/Legal_Insights_Engine/.venv/lib/python3.11/site-packages/airflow/example_dags/example_params_trigger_ui.py
[2024-04-14T17:46:11.248-0400] {processor.py:840} INFO - DAG(s) 'example_params_trigger_ui' retrieved from /Users/manideepakreddyaila/Desktop/projects/Legal_Insights_Engine/.venv/lib/python3.11/site-packages/airflow/example_dags/example_params_trigger_ui.py
[2024-04-14T17:46:11.289-0400] {logging_mixin.py:188} INFO - [2024-04-14T17:46:11.289-0400] {dag.py:3096} INFO - Sync 1 DAGs
[2024-04-14T17:46:11.293-0400] {logging_mixin.py:188} INFO - [2024-04-14T17:46:11.293-0400] {dag.py:3954} INFO - Setting next_dagrun for example_params_trigger_ui to None, run_after=None
[2024-04-14T17:46:11.300-0400] {processor.py:183} INFO - Processing /Users/manideepakreddyaila/Desktop/projects/Legal_Insights_Engine/.venv/lib/python3.11/site-packages/airflow/example_dags/example_params_trigger_ui.py took 0.094 seconds
[2024-04-14T17:48:14.026-0400] {processor.py:161} INFO - Started process (PID=36336) to work on /Users/manideepakreddyaila/Desktop/projects/Legal_Insights_Engine/.venv/lib/python3.11/site-packages/airflow/example_dags/example_params_trigger_ui.py
[2024-04-14T17:48:14.027-0400] {processor.py:830} INFO - Processing file /Users/manideepakreddyaila/Desktop/projects/Legal_Insights_Engine/.venv/lib/python3.11/site-packages/airflow/example_dags/example_params_trigger_ui.py for tasks to queue
[2024-04-14T17:48:14.027-0400] {logging_mixin.py:188} INFO - [2024-04-14T17:48:14.027-0400] {dagbag.py:540} INFO - Filling up the DagBag from /Users/manideepakreddyaila/Desktop/projects/Legal_Insights_Engine/.venv/lib/python3.11/site-packages/airflow/example_dags/example_params_trigger_ui.py
[2024-04-14T17:48:14.067-0400] {processor.py:840} INFO - DAG(s) 'example_params_trigger_ui' retrieved from /Users/manideepakreddyaila/Desktop/projects/Legal_Insights_Engine/.venv/lib/python3.11/site-packages/airflow/example_dags/example_params_trigger_ui.py
[2024-04-14T17:48:14.108-0400] {logging_mixin.py:188} INFO - [2024-04-14T17:48:14.108-0400] {dag.py:3096} INFO - Sync 1 DAGs
[2024-04-14T17:48:14.112-0400] {logging_mixin.py:188} INFO - [2024-04-14T17:48:14.112-0400] {dag.py:3954} INFO - Setting next_dagrun for example_params_trigger_ui to None, run_after=None
[2024-04-14T17:48:14.118-0400] {processor.py:183} INFO - Processing /Users/manideepakreddyaila/Desktop/projects/Legal_Insights_Engine/.venv/lib/python3.11/site-packages/airflow/example_dags/example_params_trigger_ui.py took 0.094 seconds
[2024-04-14T17:50:10.930-0400] {processor.py:161} INFO - Started process (PID=36433) to work on /Users/manideepakreddyaila/Desktop/projects/Legal_Insights_Engine/.venv/lib/python3.11/site-packages/airflow/example_dags/example_params_trigger_ui.py
[2024-04-14T17:50:10.931-0400] {processor.py:830} INFO - Processing file /Users/manideepakreddyaila/Desktop/projects/Legal_Insights_Engine/.venv/lib/python3.11/site-packages/airflow/example_dags/example_params_trigger_ui.py for tasks to queue
[2024-04-14T17:50:10.931-0400] {logging_mixin.py:188} INFO - [2024-04-14T17:50:10.931-0400] {dagbag.py:540} INFO - Filling up the DagBag from /Users/manideepakreddyaila/Desktop/projects/Legal_Insights_Engine/.venv/lib/python3.11/site-packages/airflow/example_dags/example_params_trigger_ui.py
[2024-04-14T17:50:10.970-0400] {processor.py:840} INFO - DAG(s) 'example_params_trigger_ui' retrieved from /Users/manideepakreddyaila/Desktop/projects/Legal_Insights_Engine/.venv/lib/python3.11/site-packages/airflow/example_dags/example_params_trigger_ui.py
[2024-04-14T17:50:11.012-0400] {logging_mixin.py:188} INFO - [2024-04-14T17:50:11.012-0400] {dag.py:3096} INFO - Sync 1 DAGs
[2024-04-14T17:50:11.015-0400] {logging_mixin.py:188} INFO - [2024-04-14T17:50:11.015-0400] {dag.py:3954} INFO - Setting next_dagrun for example_params_trigger_ui to None, run_after=None
[2024-04-14T17:50:11.022-0400] {processor.py:183} INFO - Processing /Users/manideepakreddyaila/Desktop/projects/Legal_Insights_Engine/.venv/lib/python3.11/site-packages/airflow/example_dags/example_params_trigger_ui.py took 0.093 seconds
[2024-04-14T17:52:06.337-0400] {processor.py:161} INFO - Started process (PID=36529) to work on /Users/manideepakreddyaila/Desktop/projects/Legal_Insights_Engine/.venv/lib/python3.11/site-packages/airflow/example_dags/example_params_trigger_ui.py
[2024-04-14T17:52:06.338-0400] {processor.py:830} INFO - Processing file /Users/manideepakreddyaila/Desktop/projects/Legal_Insights_Engine/.venv/lib/python3.11/site-packages/airflow/example_dags/example_params_trigger_ui.py for tasks to queue
[2024-04-14T17:52:06.338-0400] {logging_mixin.py:188} INFO - [2024-04-14T17:52:06.338-0400] {dagbag.py:540} INFO - Filling up the DagBag from /Users/manideepakreddyaila/Desktop/projects/Legal_Insights_Engine/.venv/lib/python3.11/site-packages/airflow/example_dags/example_params_trigger_ui.py
[2024-04-14T17:52:06.379-0400] {processor.py:840} INFO - DAG(s) 'example_params_trigger_ui' retrieved from /Users/manideepakreddyaila/Desktop/projects/Legal_Insights_Engine/.venv/lib/python3.11/site-packages/airflow/example_dags/example_params_trigger_ui.py
[2024-04-14T17:52:06.422-0400] {logging_mixin.py:188} INFO - [2024-04-14T17:52:06.421-0400] {dag.py:3096} INFO - Sync 1 DAGs
[2024-04-14T17:52:06.425-0400] {logging_mixin.py:188} INFO - [2024-04-14T17:52:06.425-0400] {dag.py:3954} INFO - Setting next_dagrun for example_params_trigger_ui to None, run_after=None
[2024-04-14T17:52:06.432-0400] {processor.py:183} INFO - Processing /Users/manideepakreddyaila/Desktop/projects/Legal_Insights_Engine/.venv/lib/python3.11/site-packages/airflow/example_dags/example_params_trigger_ui.py took 0.096 seconds
[2024-04-14T17:54:03.331-0400] {processor.py:161} INFO - Started process (PID=36610) to work on /Users/manideepakreddyaila/Desktop/projects/Legal_Insights_Engine/.venv/lib/python3.11/site-packages/airflow/example_dags/example_params_trigger_ui.py
[2024-04-14T17:54:03.332-0400] {processor.py:830} INFO - Processing file /Users/manideepakreddyaila/Desktop/projects/Legal_Insights_Engine/.venv/lib/python3.11/site-packages/airflow/example_dags/example_params_trigger_ui.py for tasks to queue
[2024-04-14T17:54:03.332-0400] {logging_mixin.py:188} INFO - [2024-04-14T17:54:03.332-0400] {dagbag.py:540} INFO - Filling up the DagBag from /Users/manideepakreddyaila/Desktop/projects/Legal_Insights_Engine/.venv/lib/python3.11/site-packages/airflow/example_dags/example_params_trigger_ui.py
[2024-04-14T17:54:03.373-0400] {processor.py:840} INFO - DAG(s) 'example_params_trigger_ui' retrieved from /Users/manideepakreddyaila/Desktop/projects/Legal_Insights_Engine/.venv/lib/python3.11/site-packages/airflow/example_dags/example_params_trigger_ui.py
[2024-04-14T17:54:03.415-0400] {logging_mixin.py:188} INFO - [2024-04-14T17:54:03.414-0400] {dag.py:3096} INFO - Sync 1 DAGs
[2024-04-14T17:54:03.418-0400] {logging_mixin.py:188} INFO - [2024-04-14T17:54:03.418-0400] {dag.py:3954} INFO - Setting next_dagrun for example_params_trigger_ui to None, run_after=None
[2024-04-14T17:54:03.425-0400] {processor.py:183} INFO - Processing /Users/manideepakreddyaila/Desktop/projects/Legal_Insights_Engine/.venv/lib/python3.11/site-packages/airflow/example_dags/example_params_trigger_ui.py took 0.095 seconds
[2024-04-14T17:55:55.527-0400] {processor.py:161} INFO - Started process (PID=36763) to work on /Users/manideepakreddyaila/Desktop/projects/Legal_Insights_Engine/.venv/lib/python3.11/site-packages/airflow/example_dags/example_params_trigger_ui.py
[2024-04-14T17:55:55.528-0400] {processor.py:830} INFO - Processing file /Users/manideepakreddyaila/Desktop/projects/Legal_Insights_Engine/.venv/lib/python3.11/site-packages/airflow/example_dags/example_params_trigger_ui.py for tasks to queue
[2024-04-14T17:55:55.528-0400] {logging_mixin.py:188} INFO - [2024-04-14T17:55:55.528-0400] {dagbag.py:540} INFO - Filling up the DagBag from /Users/manideepakreddyaila/Desktop/projects/Legal_Insights_Engine/.venv/lib/python3.11/site-packages/airflow/example_dags/example_params_trigger_ui.py
[2024-04-14T17:55:55.567-0400] {processor.py:840} INFO - DAG(s) 'example_params_trigger_ui' retrieved from /Users/manideepakreddyaila/Desktop/projects/Legal_Insights_Engine/.venv/lib/python3.11/site-packages/airflow/example_dags/example_params_trigger_ui.py
[2024-04-14T17:55:55.609-0400] {logging_mixin.py:188} INFO - [2024-04-14T17:55:55.609-0400] {dag.py:3096} INFO - Sync 1 DAGs
[2024-04-14T17:55:55.612-0400] {logging_mixin.py:188} INFO - [2024-04-14T17:55:55.612-0400] {dag.py:3954} INFO - Setting next_dagrun for example_params_trigger_ui to None, run_after=None
[2024-04-14T17:55:55.619-0400] {processor.py:183} INFO - Processing /Users/manideepakreddyaila/Desktop/projects/Legal_Insights_Engine/.venv/lib/python3.11/site-packages/airflow/example_dags/example_params_trigger_ui.py took 0.093 seconds
[2024-04-14T17:57:52.643-0400] {processor.py:161} INFO - Started process (PID=36860) to work on /Users/manideepakreddyaila/Desktop/projects/Legal_Insights_Engine/.venv/lib/python3.11/site-packages/airflow/example_dags/example_params_trigger_ui.py
[2024-04-14T17:57:52.644-0400] {processor.py:830} INFO - Processing file /Users/manideepakreddyaila/Desktop/projects/Legal_Insights_Engine/.venv/lib/python3.11/site-packages/airflow/example_dags/example_params_trigger_ui.py for tasks to queue
[2024-04-14T17:57:52.644-0400] {logging_mixin.py:188} INFO - [2024-04-14T17:57:52.644-0400] {dagbag.py:540} INFO - Filling up the DagBag from /Users/manideepakreddyaila/Desktop/projects/Legal_Insights_Engine/.venv/lib/python3.11/site-packages/airflow/example_dags/example_params_trigger_ui.py
[2024-04-14T17:57:52.687-0400] {processor.py:840} INFO - DAG(s) 'example_params_trigger_ui' retrieved from /Users/manideepakreddyaila/Desktop/projects/Legal_Insights_Engine/.venv/lib/python3.11/site-packages/airflow/example_dags/example_params_trigger_ui.py
[2024-04-14T17:57:52.729-0400] {logging_mixin.py:188} INFO - [2024-04-14T17:57:52.729-0400] {dag.py:3096} INFO - Sync 1 DAGs
[2024-04-14T17:57:52.733-0400] {logging_mixin.py:188} INFO - [2024-04-14T17:57:52.733-0400] {dag.py:3954} INFO - Setting next_dagrun for example_params_trigger_ui to None, run_after=None
[2024-04-14T17:57:52.739-0400] {processor.py:183} INFO - Processing /Users/manideepakreddyaila/Desktop/projects/Legal_Insights_Engine/.venv/lib/python3.11/site-packages/airflow/example_dags/example_params_trigger_ui.py took 0.098 seconds
[2024-04-14T17:59:46.397-0400] {processor.py:161} INFO - Started process (PID=36958) to work on /Users/manideepakreddyaila/Desktop/projects/Legal_Insights_Engine/.venv/lib/python3.11/site-packages/airflow/example_dags/example_params_trigger_ui.py
[2024-04-14T17:59:46.397-0400] {processor.py:830} INFO - Processing file /Users/manideepakreddyaila/Desktop/projects/Legal_Insights_Engine/.venv/lib/python3.11/site-packages/airflow/example_dags/example_params_trigger_ui.py for tasks to queue
[2024-04-14T17:59:46.397-0400] {logging_mixin.py:188} INFO - [2024-04-14T17:59:46.397-0400] {dagbag.py:540} INFO - Filling up the DagBag from /Users/manideepakreddyaila/Desktop/projects/Legal_Insights_Engine/.venv/lib/python3.11/site-packages/airflow/example_dags/example_params_trigger_ui.py
[2024-04-14T17:59:46.437-0400] {processor.py:840} INFO - DAG(s) 'example_params_trigger_ui' retrieved from /Users/manideepakreddyaila/Desktop/projects/Legal_Insights_Engine/.venv/lib/python3.11/site-packages/airflow/example_dags/example_params_trigger_ui.py
[2024-04-14T17:59:46.481-0400] {logging_mixin.py:188} INFO - [2024-04-14T17:59:46.481-0400] {dag.py:3096} INFO - Sync 1 DAGs
[2024-04-14T17:59:46.485-0400] {logging_mixin.py:188} INFO - [2024-04-14T17:59:46.484-0400] {dag.py:3954} INFO - Setting next_dagrun for example_params_trigger_ui to None, run_after=None
[2024-04-14T17:59:46.491-0400] {processor.py:183} INFO - Processing /Users/manideepakreddyaila/Desktop/projects/Legal_Insights_Engine/.venv/lib/python3.11/site-packages/airflow/example_dags/example_params_trigger_ui.py took 0.095 seconds
[2024-04-14T18:01:46.125-0400] {processor.py:161} INFO - Started process (PID=37061) to work on /Users/manideepakreddyaila/Desktop/projects/Legal_Insights_Engine/.venv/lib/python3.11/site-packages/airflow/example_dags/example_params_trigger_ui.py
[2024-04-14T18:01:46.127-0400] {processor.py:830} INFO - Processing file /Users/manideepakreddyaila/Desktop/projects/Legal_Insights_Engine/.venv/lib/python3.11/site-packages/airflow/example_dags/example_params_trigger_ui.py for tasks to queue
[2024-04-14T18:01:46.127-0400] {logging_mixin.py:188} INFO - [2024-04-14T18:01:46.127-0400] {dagbag.py:540} INFO - Filling up the DagBag from /Users/manideepakreddyaila/Desktop/projects/Legal_Insights_Engine/.venv/lib/python3.11/site-packages/airflow/example_dags/example_params_trigger_ui.py
[2024-04-14T18:01:46.168-0400] {processor.py:840} INFO - DAG(s) 'example_params_trigger_ui' retrieved from /Users/manideepakreddyaila/Desktop/projects/Legal_Insights_Engine/.venv/lib/python3.11/site-packages/airflow/example_dags/example_params_trigger_ui.py
[2024-04-14T18:01:46.211-0400] {logging_mixin.py:188} INFO - [2024-04-14T18:01:46.211-0400] {dag.py:3096} INFO - Sync 1 DAGs
[2024-04-14T18:01:46.215-0400] {logging_mixin.py:188} INFO - [2024-04-14T18:01:46.215-0400] {dag.py:3954} INFO - Setting next_dagrun for example_params_trigger_ui to None, run_after=None
[2024-04-14T18:01:46.223-0400] {processor.py:183} INFO - Processing /Users/manideepakreddyaila/Desktop/projects/Legal_Insights_Engine/.venv/lib/python3.11/site-packages/airflow/example_dags/example_params_trigger_ui.py took 0.098 seconds
[2024-04-14T18:03:47.848-0400] {processor.py:161} INFO - Started process (PID=37155) to work on /Users/manideepakreddyaila/Desktop/projects/Legal_Insights_Engine/.venv/lib/python3.11/site-packages/airflow/example_dags/example_params_trigger_ui.py
[2024-04-14T18:03:47.849-0400] {processor.py:830} INFO - Processing file /Users/manideepakreddyaila/Desktop/projects/Legal_Insights_Engine/.venv/lib/python3.11/site-packages/airflow/example_dags/example_params_trigger_ui.py for tasks to queue
[2024-04-14T18:03:47.849-0400] {logging_mixin.py:188} INFO - [2024-04-14T18:03:47.849-0400] {dagbag.py:540} INFO - Filling up the DagBag from /Users/manideepakreddyaila/Desktop/projects/Legal_Insights_Engine/.venv/lib/python3.11/site-packages/airflow/example_dags/example_params_trigger_ui.py
[2024-04-14T18:03:47.889-0400] {processor.py:840} INFO - DAG(s) 'example_params_trigger_ui' retrieved from /Users/manideepakreddyaila/Desktop/projects/Legal_Insights_Engine/.venv/lib/python3.11/site-packages/airflow/example_dags/example_params_trigger_ui.py
[2024-04-14T18:03:47.931-0400] {logging_mixin.py:188} INFO - [2024-04-14T18:03:47.931-0400] {dag.py:3096} INFO - Sync 1 DAGs
[2024-04-14T18:03:47.935-0400] {logging_mixin.py:188} INFO - [2024-04-14T18:03:47.935-0400] {dag.py:3954} INFO - Setting next_dagrun for example_params_trigger_ui to None, run_after=None
[2024-04-14T18:03:47.941-0400] {processor.py:183} INFO - Processing /Users/manideepakreddyaila/Desktop/projects/Legal_Insights_Engine/.venv/lib/python3.11/site-packages/airflow/example_dags/example_params_trigger_ui.py took 0.094 seconds
[2024-04-14T18:05:45.235-0400] {processor.py:161} INFO - Started process (PID=37248) to work on /Users/manideepakreddyaila/Desktop/projects/Legal_Insights_Engine/.venv/lib/python3.11/site-packages/airflow/example_dags/example_params_trigger_ui.py
[2024-04-14T18:05:45.236-0400] {processor.py:830} INFO - Processing file /Users/manideepakreddyaila/Desktop/projects/Legal_Insights_Engine/.venv/lib/python3.11/site-packages/airflow/example_dags/example_params_trigger_ui.py for tasks to queue
[2024-04-14T18:05:45.236-0400] {logging_mixin.py:188} INFO - [2024-04-14T18:05:45.236-0400] {dagbag.py:540} INFO - Filling up the DagBag from /Users/manideepakreddyaila/Desktop/projects/Legal_Insights_Engine/.venv/lib/python3.11/site-packages/airflow/example_dags/example_params_trigger_ui.py
[2024-04-14T18:05:45.284-0400] {processor.py:840} INFO - DAG(s) 'example_params_trigger_ui' retrieved from /Users/manideepakreddyaila/Desktop/projects/Legal_Insights_Engine/.venv/lib/python3.11/site-packages/airflow/example_dags/example_params_trigger_ui.py
[2024-04-14T18:05:45.328-0400] {logging_mixin.py:188} INFO - [2024-04-14T18:05:45.328-0400] {dag.py:3096} INFO - Sync 1 DAGs
[2024-04-14T18:05:45.331-0400] {logging_mixin.py:188} INFO - [2024-04-14T18:05:45.331-0400] {dag.py:3954} INFO - Setting next_dagrun for example_params_trigger_ui to None, run_after=None
[2024-04-14T18:05:45.337-0400] {processor.py:183} INFO - Processing /Users/manideepakreddyaila/Desktop/projects/Legal_Insights_Engine/.venv/lib/python3.11/site-packages/airflow/example_dags/example_params_trigger_ui.py took 0.103 seconds
[2024-04-14T18:07:44.191-0400] {processor.py:161} INFO - Started process (PID=37356) to work on /Users/manideepakreddyaila/Desktop/projects/Legal_Insights_Engine/.venv/lib/python3.11/site-packages/airflow/example_dags/example_params_trigger_ui.py
[2024-04-14T18:07:44.192-0400] {processor.py:830} INFO - Processing file /Users/manideepakreddyaila/Desktop/projects/Legal_Insights_Engine/.venv/lib/python3.11/site-packages/airflow/example_dags/example_params_trigger_ui.py for tasks to queue
[2024-04-14T18:07:44.192-0400] {logging_mixin.py:188} INFO - [2024-04-14T18:07:44.192-0400] {dagbag.py:540} INFO - Filling up the DagBag from /Users/manideepakreddyaila/Desktop/projects/Legal_Insights_Engine/.venv/lib/python3.11/site-packages/airflow/example_dags/example_params_trigger_ui.py
[2024-04-14T18:07:44.232-0400] {processor.py:840} INFO - DAG(s) 'example_params_trigger_ui' retrieved from /Users/manideepakreddyaila/Desktop/projects/Legal_Insights_Engine/.venv/lib/python3.11/site-packages/airflow/example_dags/example_params_trigger_ui.py
[2024-04-14T18:07:44.274-0400] {logging_mixin.py:188} INFO - [2024-04-14T18:07:44.274-0400] {dag.py:3096} INFO - Sync 1 DAGs
[2024-04-14T18:07:44.278-0400] {logging_mixin.py:188} INFO - [2024-04-14T18:07:44.278-0400] {dag.py:3954} INFO - Setting next_dagrun for example_params_trigger_ui to None, run_after=None
[2024-04-14T18:07:44.284-0400] {processor.py:183} INFO - Processing /Users/manideepakreddyaila/Desktop/projects/Legal_Insights_Engine/.venv/lib/python3.11/site-packages/airflow/example_dags/example_params_trigger_ui.py took 0.094 seconds
[2024-04-14T18:09:34.259-0400] {processor.py:161} INFO - Started process (PID=37437) to work on /Users/manideepakreddyaila/Desktop/projects/Legal_Insights_Engine/.venv/lib/python3.11/site-packages/airflow/example_dags/example_params_trigger_ui.py
[2024-04-14T18:09:34.260-0400] {processor.py:830} INFO - Processing file /Users/manideepakreddyaila/Desktop/projects/Legal_Insights_Engine/.venv/lib/python3.11/site-packages/airflow/example_dags/example_params_trigger_ui.py for tasks to queue
[2024-04-14T18:09:34.260-0400] {logging_mixin.py:188} INFO - [2024-04-14T18:09:34.260-0400] {dagbag.py:540} INFO - Filling up the DagBag from /Users/manideepakreddyaila/Desktop/projects/Legal_Insights_Engine/.venv/lib/python3.11/site-packages/airflow/example_dags/example_params_trigger_ui.py
[2024-04-14T18:09:34.305-0400] {processor.py:840} INFO - DAG(s) 'example_params_trigger_ui' retrieved from /Users/manideepakreddyaila/Desktop/projects/Legal_Insights_Engine/.venv/lib/python3.11/site-packages/airflow/example_dags/example_params_trigger_ui.py
[2024-04-14T18:09:34.347-0400] {logging_mixin.py:188} INFO - [2024-04-14T18:09:34.346-0400] {dag.py:3096} INFO - Sync 1 DAGs
[2024-04-14T18:09:34.350-0400] {logging_mixin.py:188} INFO - [2024-04-14T18:09:34.350-0400] {dag.py:3954} INFO - Setting next_dagrun for example_params_trigger_ui to None, run_after=None
[2024-04-14T18:09:34.357-0400] {processor.py:183} INFO - Processing /Users/manideepakreddyaila/Desktop/projects/Legal_Insights_Engine/.venv/lib/python3.11/site-packages/airflow/example_dags/example_params_trigger_ui.py took 0.098 seconds
[2024-04-14T18:11:33.151-0400] {processor.py:161} INFO - Started process (PID=37541) to work on /Users/manideepakreddyaila/Desktop/projects/Legal_Insights_Engine/.venv/lib/python3.11/site-packages/airflow/example_dags/example_params_trigger_ui.py
[2024-04-14T18:11:33.152-0400] {processor.py:830} INFO - Processing file /Users/manideepakreddyaila/Desktop/projects/Legal_Insights_Engine/.venv/lib/python3.11/site-packages/airflow/example_dags/example_params_trigger_ui.py for tasks to queue
[2024-04-14T18:11:33.152-0400] {logging_mixin.py:188} INFO - [2024-04-14T18:11:33.152-0400] {dagbag.py:540} INFO - Filling up the DagBag from /Users/manideepakreddyaila/Desktop/projects/Legal_Insights_Engine/.venv/lib/python3.11/site-packages/airflow/example_dags/example_params_trigger_ui.py
[2024-04-14T18:11:33.193-0400] {processor.py:840} INFO - DAG(s) 'example_params_trigger_ui' retrieved from /Users/manideepakreddyaila/Desktop/projects/Legal_Insights_Engine/.venv/lib/python3.11/site-packages/airflow/example_dags/example_params_trigger_ui.py
[2024-04-14T18:11:33.235-0400] {logging_mixin.py:188} INFO - [2024-04-14T18:11:33.234-0400] {dag.py:3096} INFO - Sync 1 DAGs
[2024-04-14T18:11:33.238-0400] {logging_mixin.py:188} INFO - [2024-04-14T18:11:33.238-0400] {dag.py:3954} INFO - Setting next_dagrun for example_params_trigger_ui to None, run_after=None
[2024-04-14T18:11:33.245-0400] {processor.py:183} INFO - Processing /Users/manideepakreddyaila/Desktop/projects/Legal_Insights_Engine/.venv/lib/python3.11/site-packages/airflow/example_dags/example_params_trigger_ui.py took 0.095 seconds
[2024-04-14T18:13:31.428-0400] {processor.py:161} INFO - Started process (PID=37650) to work on /Users/manideepakreddyaila/Desktop/projects/Legal_Insights_Engine/.venv/lib/python3.11/site-packages/airflow/example_dags/example_params_trigger_ui.py
[2024-04-14T18:13:31.429-0400] {processor.py:830} INFO - Processing file /Users/manideepakreddyaila/Desktop/projects/Legal_Insights_Engine/.venv/lib/python3.11/site-packages/airflow/example_dags/example_params_trigger_ui.py for tasks to queue
[2024-04-14T18:13:31.429-0400] {logging_mixin.py:188} INFO - [2024-04-14T18:13:31.429-0400] {dagbag.py:540} INFO - Filling up the DagBag from /Users/manideepakreddyaila/Desktop/projects/Legal_Insights_Engine/.venv/lib/python3.11/site-packages/airflow/example_dags/example_params_trigger_ui.py
[2024-04-14T18:13:31.468-0400] {processor.py:840} INFO - DAG(s) 'example_params_trigger_ui' retrieved from /Users/manideepakreddyaila/Desktop/projects/Legal_Insights_Engine/.venv/lib/python3.11/site-packages/airflow/example_dags/example_params_trigger_ui.py
[2024-04-14T18:13:31.510-0400] {logging_mixin.py:188} INFO - [2024-04-14T18:13:31.510-0400] {dag.py:3096} INFO - Sync 1 DAGs
[2024-04-14T18:13:31.513-0400] {logging_mixin.py:188} INFO - [2024-04-14T18:13:31.513-0400] {dag.py:3954} INFO - Setting next_dagrun for example_params_trigger_ui to None, run_after=None
[2024-04-14T18:13:31.520-0400] {processor.py:183} INFO - Processing /Users/manideepakreddyaila/Desktop/projects/Legal_Insights_Engine/.venv/lib/python3.11/site-packages/airflow/example_dags/example_params_trigger_ui.py took 0.093 seconds
[2024-04-14T18:15:29.395-0400] {processor.py:161} INFO - Started process (PID=37754) to work on /Users/manideepakreddyaila/Desktop/projects/Legal_Insights_Engine/.venv/lib/python3.11/site-packages/airflow/example_dags/example_params_trigger_ui.py
[2024-04-14T18:15:29.395-0400] {processor.py:830} INFO - Processing file /Users/manideepakreddyaila/Desktop/projects/Legal_Insights_Engine/.venv/lib/python3.11/site-packages/airflow/example_dags/example_params_trigger_ui.py for tasks to queue
[2024-04-14T18:15:29.396-0400] {logging_mixin.py:188} INFO - [2024-04-14T18:15:29.395-0400] {dagbag.py:540} INFO - Filling up the DagBag from /Users/manideepakreddyaila/Desktop/projects/Legal_Insights_Engine/.venv/lib/python3.11/site-packages/airflow/example_dags/example_params_trigger_ui.py
[2024-04-14T18:15:29.435-0400] {processor.py:840} INFO - DAG(s) 'example_params_trigger_ui' retrieved from /Users/manideepakreddyaila/Desktop/projects/Legal_Insights_Engine/.venv/lib/python3.11/site-packages/airflow/example_dags/example_params_trigger_ui.py
[2024-04-14T18:15:29.477-0400] {logging_mixin.py:188} INFO - [2024-04-14T18:15:29.476-0400] {dag.py:3096} INFO - Sync 1 DAGs
[2024-04-14T18:15:29.480-0400] {logging_mixin.py:188} INFO - [2024-04-14T18:15:29.480-0400] {dag.py:3954} INFO - Setting next_dagrun for example_params_trigger_ui to None, run_after=None
[2024-04-14T18:15:29.486-0400] {processor.py:183} INFO - Processing /Users/manideepakreddyaila/Desktop/projects/Legal_Insights_Engine/.venv/lib/python3.11/site-packages/airflow/example_dags/example_params_trigger_ui.py took 0.093 seconds
