[2024-04-13T20:07:07.564-0400] {processor.py:161} INFO - Started process (PID=31673) to work on /Users/manideepakreddyaila/Desktop/projects/Legal_Insights_Engine/.venv/lib/python3.11/site-packages/airflow/example_dags/example_latest_only_with_trigger.py
[2024-04-13T20:07:07.565-0400] {processor.py:830} INFO - Processing file /Users/manideepakreddyaila/Desktop/projects/Legal_Insights_Engine/.venv/lib/python3.11/site-packages/airflow/example_dags/example_latest_only_with_trigger.py for tasks to queue
[2024-04-13T20:07:07.565-0400] {logging_mixin.py:188} INFO - [2024-04-13T20:07:07.565-0400] {dagbag.py:540} INFO - Filling up the DagBag from /Users/manideepakreddyaila/Desktop/projects/Legal_Insights_Engine/.venv/lib/python3.11/site-packages/airflow/example_dags/example_latest_only_with_trigger.py
[2024-04-13T20:07:07.596-0400] {processor.py:840} INFO - DAG(s) 'latest_only_with_trigger' retrieved from /Users/manideepakreddyaila/Desktop/projects/Legal_Insights_Engine/.venv/lib/python3.11/site-packages/airflow/example_dags/example_latest_only_with_trigger.py
[2024-04-13T20:07:07.632-0400] {logging_mixin.py:188} INFO - [2024-04-13T20:07:07.632-0400] {dag.py:3096} INFO - Sync 1 DAGs
[2024-04-13T20:07:07.637-0400] {logging_mixin.py:188} INFO - [2024-04-13T20:07:07.637-0400] {dag.py:3954} INFO - Setting next_dagrun for latest_only_with_trigger to 2024-04-13 20:00:00+00:00, run_after=2024-04-14 00:00:00+00:00
[2024-04-13T20:07:07.644-0400] {processor.py:183} INFO - Processing /Users/manideepakreddyaila/Desktop/projects/Legal_Insights_Engine/.venv/lib/python3.11/site-packages/airflow/example_dags/example_latest_only_with_trigger.py took 0.081 seconds
[2024-04-13T22:09:24.151-0400] {processor.py:161} INFO - Started process (PID=31887) to work on /Users/manideepakreddyaila/Desktop/projects/Legal_Insights_Engine/.venv/lib/python3.11/site-packages/airflow/example_dags/example_latest_only_with_trigger.py
[2024-04-13T22:09:24.152-0400] {processor.py:830} INFO - Processing file /Users/manideepakreddyaila/Desktop/projects/Legal_Insights_Engine/.venv/lib/python3.11/site-packages/airflow/example_dags/example_latest_only_with_trigger.py for tasks to queue
[2024-04-13T22:09:24.152-0400] {logging_mixin.py:188} INFO - [2024-04-13T22:09:24.152-0400] {dagbag.py:540} INFO - Filling up the DagBag from /Users/manideepakreddyaila/Desktop/projects/Legal_Insights_Engine/.venv/lib/python3.11/site-packages/airflow/example_dags/example_latest_only_with_trigger.py
[2024-04-13T22:09:24.182-0400] {processor.py:840} INFO - DAG(s) 'latest_only_with_trigger' retrieved from /Users/manideepakreddyaila/Desktop/projects/Legal_Insights_Engine/.venv/lib/python3.11/site-packages/airflow/example_dags/example_latest_only_with_trigger.py
[2024-04-13T22:09:24.218-0400] {logging_mixin.py:188} INFO - [2024-04-13T22:09:24.218-0400] {dag.py:3096} INFO - Sync 1 DAGs
[2024-04-13T22:09:24.223-0400] {logging_mixin.py:188} INFO - [2024-04-13T22:09:24.223-0400] {dag.py:3954} INFO - Setting next_dagrun for latest_only_with_trigger to 2024-04-13 20:00:00+00:00, run_after=2024-04-14 00:00:00+00:00
[2024-04-13T22:09:24.230-0400] {processor.py:183} INFO - Processing /Users/manideepakreddyaila/Desktop/projects/Legal_Insights_Engine/.venv/lib/python3.11/site-packages/airflow/example_dags/example_latest_only_with_trigger.py took 0.080 seconds
[2024-04-14T01:11:56.379-0400] {processor.py:161} INFO - Started process (PID=32093) to work on /Users/manideepakreddyaila/Desktop/projects/Legal_Insights_Engine/.venv/lib/python3.11/site-packages/airflow/example_dags/example_latest_only_with_trigger.py
[2024-04-14T01:11:56.379-0400] {processor.py:830} INFO - Processing file /Users/manideepakreddyaila/Desktop/projects/Legal_Insights_Engine/.venv/lib/python3.11/site-packages/airflow/example_dags/example_latest_only_with_trigger.py for tasks to queue
[2024-04-14T01:11:56.379-0400] {logging_mixin.py:188} INFO - [2024-04-14T01:11:56.379-0400] {dagbag.py:540} INFO - Filling up the DagBag from /Users/manideepakreddyaila/Desktop/projects/Legal_Insights_Engine/.venv/lib/python3.11/site-packages/airflow/example_dags/example_latest_only_with_trigger.py
[2024-04-14T01:11:56.408-0400] {processor.py:840} INFO - DAG(s) 'latest_only_with_trigger' retrieved from /Users/manideepakreddyaila/Desktop/projects/Legal_Insights_Engine/.venv/lib/python3.11/site-packages/airflow/example_dags/example_latest_only_with_trigger.py
[2024-04-14T01:11:56.445-0400] {logging_mixin.py:188} INFO - [2024-04-14T01:11:56.445-0400] {dag.py:3096} INFO - Sync 1 DAGs
[2024-04-14T01:11:56.450-0400] {logging_mixin.py:188} INFO - [2024-04-14T01:11:56.450-0400] {dag.py:3954} INFO - Setting next_dagrun for latest_only_with_trigger to 2024-04-14 00:00:00+00:00, run_after=2024-04-14 04:00:00+00:00
[2024-04-14T01:11:56.457-0400] {processor.py:183} INFO - Processing /Users/manideepakreddyaila/Desktop/projects/Legal_Insights_Engine/.venv/lib/python3.11/site-packages/airflow/example_dags/example_latest_only_with_trigger.py took 0.079 seconds
[2024-04-14T04:04:49.127-0400] {processor.py:161} INFO - Started process (PID=32371) to work on /Users/manideepakreddyaila/Desktop/projects/Legal_Insights_Engine/.venv/lib/python3.11/site-packages/airflow/example_dags/example_latest_only_with_trigger.py
[2024-04-14T04:04:49.127-0400] {processor.py:830} INFO - Processing file /Users/manideepakreddyaila/Desktop/projects/Legal_Insights_Engine/.venv/lib/python3.11/site-packages/airflow/example_dags/example_latest_only_with_trigger.py for tasks to queue
[2024-04-14T04:04:49.128-0400] {logging_mixin.py:188} INFO - [2024-04-14T04:04:49.127-0400] {dagbag.py:540} INFO - Filling up the DagBag from /Users/manideepakreddyaila/Desktop/projects/Legal_Insights_Engine/.venv/lib/python3.11/site-packages/airflow/example_dags/example_latest_only_with_trigger.py
[2024-04-14T04:04:49.157-0400] {processor.py:840} INFO - DAG(s) 'latest_only_with_trigger' retrieved from /Users/manideepakreddyaila/Desktop/projects/Legal_Insights_Engine/.venv/lib/python3.11/site-packages/airflow/example_dags/example_latest_only_with_trigger.py
[2024-04-14T04:04:49.192-0400] {logging_mixin.py:188} INFO - [2024-04-14T04:04:49.192-0400] {dag.py:3096} INFO - Sync 1 DAGs
[2024-04-14T04:04:49.198-0400] {logging_mixin.py:188} INFO - [2024-04-14T04:04:49.198-0400] {dag.py:3954} INFO - Setting next_dagrun for latest_only_with_trigger to 2024-04-14 04:00:00+00:00, run_after=2024-04-14 08:00:00+00:00
[2024-04-14T04:04:49.204-0400] {processor.py:183} INFO - Processing /Users/manideepakreddyaila/Desktop/projects/Legal_Insights_Engine/.venv/lib/python3.11/site-packages/airflow/example_dags/example_latest_only_with_trigger.py took 0.079 seconds
[2024-04-14T06:21:50.954-0400] {processor.py:161} INFO - Started process (PID=32546) to work on /Users/manideepakreddyaila/Desktop/projects/Legal_Insights_Engine/.venv/lib/python3.11/site-packages/airflow/example_dags/example_latest_only_with_trigger.py
[2024-04-14T06:21:50.954-0400] {processor.py:830} INFO - Processing file /Users/manideepakreddyaila/Desktop/projects/Legal_Insights_Engine/.venv/lib/python3.11/site-packages/airflow/example_dags/example_latest_only_with_trigger.py for tasks to queue
[2024-04-14T06:21:50.955-0400] {logging_mixin.py:188} INFO - [2024-04-14T06:21:50.955-0400] {dagbag.py:540} INFO - Filling up the DagBag from /Users/manideepakreddyaila/Desktop/projects/Legal_Insights_Engine/.venv/lib/python3.11/site-packages/airflow/example_dags/example_latest_only_with_trigger.py
[2024-04-14T06:21:50.983-0400] {processor.py:840} INFO - DAG(s) 'latest_only_with_trigger' retrieved from /Users/manideepakreddyaila/Desktop/projects/Legal_Insights_Engine/.venv/lib/python3.11/site-packages/airflow/example_dags/example_latest_only_with_trigger.py
[2024-04-14T06:21:51.018-0400] {logging_mixin.py:188} INFO - [2024-04-14T06:21:51.018-0400] {dag.py:3096} INFO - Sync 1 DAGs
[2024-04-14T06:21:51.024-0400] {logging_mixin.py:188} INFO - [2024-04-14T06:21:51.024-0400] {dag.py:3954} INFO - Setting next_dagrun for latest_only_with_trigger to 2024-04-14 04:00:00+00:00, run_after=2024-04-14 08:00:00+00:00
[2024-04-14T06:21:51.030-0400] {processor.py:183} INFO - Processing /Users/manideepakreddyaila/Desktop/projects/Legal_Insights_Engine/.venv/lib/python3.11/site-packages/airflow/example_dags/example_latest_only_with_trigger.py took 0.077 seconds
[2024-04-14T08:10:05.693-0400] {processor.py:161} INFO - Started process (PID=32727) to work on /Users/manideepakreddyaila/Desktop/projects/Legal_Insights_Engine/.venv/lib/python3.11/site-packages/airflow/example_dags/example_latest_only_with_trigger.py
[2024-04-14T08:10:05.693-0400] {processor.py:830} INFO - Processing file /Users/manideepakreddyaila/Desktop/projects/Legal_Insights_Engine/.venv/lib/python3.11/site-packages/airflow/example_dags/example_latest_only_with_trigger.py for tasks to queue
[2024-04-14T08:10:05.694-0400] {logging_mixin.py:188} INFO - [2024-04-14T08:10:05.693-0400] {dagbag.py:540} INFO - Filling up the DagBag from /Users/manideepakreddyaila/Desktop/projects/Legal_Insights_Engine/.venv/lib/python3.11/site-packages/airflow/example_dags/example_latest_only_with_trigger.py
[2024-04-14T08:10:05.723-0400] {processor.py:840} INFO - DAG(s) 'latest_only_with_trigger' retrieved from /Users/manideepakreddyaila/Desktop/projects/Legal_Insights_Engine/.venv/lib/python3.11/site-packages/airflow/example_dags/example_latest_only_with_trigger.py
[2024-04-14T08:10:05.760-0400] {logging_mixin.py:188} INFO - [2024-04-14T08:10:05.760-0400] {dag.py:3096} INFO - Sync 1 DAGs
[2024-04-14T08:10:05.766-0400] {logging_mixin.py:188} INFO - [2024-04-14T08:10:05.766-0400] {dag.py:3954} INFO - Setting next_dagrun for latest_only_with_trigger to 2024-04-14 08:00:00+00:00, run_after=2024-04-14 12:00:00+00:00
[2024-04-14T08:10:05.772-0400] {processor.py:183} INFO - Processing /Users/manideepakreddyaila/Desktop/projects/Legal_Insights_Engine/.venv/lib/python3.11/site-packages/airflow/example_dags/example_latest_only_with_trigger.py took 0.080 seconds
[2024-04-14T08:15:47.830-0400] {processor.py:161} INFO - Started process (PID=32847) to work on /Users/manideepakreddyaila/Desktop/projects/Legal_Insights_Engine/.venv/lib/python3.11/site-packages/airflow/example_dags/example_latest_only_with_trigger.py
[2024-04-14T08:15:47.831-0400] {processor.py:830} INFO - Processing file /Users/manideepakreddyaila/Desktop/projects/Legal_Insights_Engine/.venv/lib/python3.11/site-packages/airflow/example_dags/example_latest_only_with_trigger.py for tasks to queue
[2024-04-14T08:15:47.831-0400] {logging_mixin.py:188} INFO - [2024-04-14T08:15:47.831-0400] {dagbag.py:540} INFO - Filling up the DagBag from /Users/manideepakreddyaila/Desktop/projects/Legal_Insights_Engine/.venv/lib/python3.11/site-packages/airflow/example_dags/example_latest_only_with_trigger.py
[2024-04-14T08:15:47.861-0400] {processor.py:840} INFO - DAG(s) 'latest_only_with_trigger' retrieved from /Users/manideepakreddyaila/Desktop/projects/Legal_Insights_Engine/.venv/lib/python3.11/site-packages/airflow/example_dags/example_latest_only_with_trigger.py
[2024-04-14T08:15:47.898-0400] {logging_mixin.py:188} INFO - [2024-04-14T08:15:47.898-0400] {dag.py:3096} INFO - Sync 1 DAGs
[2024-04-14T08:15:47.904-0400] {logging_mixin.py:188} INFO - [2024-04-14T08:15:47.904-0400] {dag.py:3954} INFO - Setting next_dagrun for latest_only_with_trigger to 2024-04-14 08:00:00+00:00, run_after=2024-04-14 12:00:00+00:00
[2024-04-14T08:15:47.912-0400] {processor.py:183} INFO - Processing /Users/manideepakreddyaila/Desktop/projects/Legal_Insights_Engine/.venv/lib/python3.11/site-packages/airflow/example_dags/example_latest_only_with_trigger.py took 0.082 seconds
[2024-04-14T08:22:05.072-0400] {processor.py:161} INFO - Started process (PID=32967) to work on /Users/manideepakreddyaila/Desktop/projects/Legal_Insights_Engine/.venv/lib/python3.11/site-packages/airflow/example_dags/example_latest_only_with_trigger.py
[2024-04-14T08:22:05.073-0400] {processor.py:830} INFO - Processing file /Users/manideepakreddyaila/Desktop/projects/Legal_Insights_Engine/.venv/lib/python3.11/site-packages/airflow/example_dags/example_latest_only_with_trigger.py for tasks to queue
[2024-04-14T08:22:05.073-0400] {logging_mixin.py:188} INFO - [2024-04-14T08:22:05.073-0400] {dagbag.py:540} INFO - Filling up the DagBag from /Users/manideepakreddyaila/Desktop/projects/Legal_Insights_Engine/.venv/lib/python3.11/site-packages/airflow/example_dags/example_latest_only_with_trigger.py
[2024-04-14T08:22:05.101-0400] {processor.py:840} INFO - DAG(s) 'latest_only_with_trigger' retrieved from /Users/manideepakreddyaila/Desktop/projects/Legal_Insights_Engine/.venv/lib/python3.11/site-packages/airflow/example_dags/example_latest_only_with_trigger.py
[2024-04-14T08:22:05.137-0400] {logging_mixin.py:188} INFO - [2024-04-14T08:22:05.136-0400] {dag.py:3096} INFO - Sync 1 DAGs
[2024-04-14T08:22:05.142-0400] {logging_mixin.py:188} INFO - [2024-04-14T08:22:05.142-0400] {dag.py:3954} INFO - Setting next_dagrun for latest_only_with_trigger to 2024-04-14 08:00:00+00:00, run_after=2024-04-14 12:00:00+00:00
[2024-04-14T08:22:05.148-0400] {processor.py:183} INFO - Processing /Users/manideepakreddyaila/Desktop/projects/Legal_Insights_Engine/.venv/lib/python3.11/site-packages/airflow/example_dags/example_latest_only_with_trigger.py took 0.077 seconds
[2024-04-14T11:37:06.202-0400] {processor.py:161} INFO - Started process (PID=33137) to work on /Users/manideepakreddyaila/Desktop/projects/Legal_Insights_Engine/.venv/lib/python3.11/site-packages/airflow/example_dags/example_latest_only_with_trigger.py
[2024-04-14T11:37:06.205-0400] {processor.py:830} INFO - Processing file /Users/manideepakreddyaila/Desktop/projects/Legal_Insights_Engine/.venv/lib/python3.11/site-packages/airflow/example_dags/example_latest_only_with_trigger.py for tasks to queue
[2024-04-14T11:37:06.207-0400] {logging_mixin.py:188} INFO - [2024-04-14T11:37:06.207-0400] {dagbag.py:540} INFO - Filling up the DagBag from /Users/manideepakreddyaila/Desktop/projects/Legal_Insights_Engine/.venv/lib/python3.11/site-packages/airflow/example_dags/example_latest_only_with_trigger.py
[2024-04-14T11:37:06.433-0400] {processor.py:840} INFO - DAG(s) 'latest_only_with_trigger' retrieved from /Users/manideepakreddyaila/Desktop/projects/Legal_Insights_Engine/.venv/lib/python3.11/site-packages/airflow/example_dags/example_latest_only_with_trigger.py
[2024-04-14T11:37:06.501-0400] {logging_mixin.py:188} INFO - [2024-04-14T11:37:06.501-0400] {dag.py:3096} INFO - Sync 1 DAGs
[2024-04-14T11:37:06.511-0400] {logging_mixin.py:188} INFO - [2024-04-14T11:37:06.511-0400] {dag.py:3954} INFO - Setting next_dagrun for latest_only_with_trigger to 2024-04-14 08:00:00+00:00, run_after=2024-04-14 12:00:00+00:00
[2024-04-14T11:37:06.534-0400] {processor.py:183} INFO - Processing /Users/manideepakreddyaila/Desktop/projects/Legal_Insights_Engine/.venv/lib/python3.11/site-packages/airflow/example_dags/example_latest_only_with_trigger.py took 0.346 seconds
[2024-04-14T12:07:01.234-0400] {processor.py:161} INFO - Started process (PID=33266) to work on /Users/manideepakreddyaila/Desktop/projects/Legal_Insights_Engine/.venv/lib/python3.11/site-packages/airflow/example_dags/example_latest_only_with_trigger.py
[2024-04-14T12:07:01.235-0400] {processor.py:830} INFO - Processing file /Users/manideepakreddyaila/Desktop/projects/Legal_Insights_Engine/.venv/lib/python3.11/site-packages/airflow/example_dags/example_latest_only_with_trigger.py for tasks to queue
[2024-04-14T12:07:01.235-0400] {logging_mixin.py:188} INFO - [2024-04-14T12:07:01.235-0400] {dagbag.py:540} INFO - Filling up the DagBag from /Users/manideepakreddyaila/Desktop/projects/Legal_Insights_Engine/.venv/lib/python3.11/site-packages/airflow/example_dags/example_latest_only_with_trigger.py
[2024-04-14T12:07:01.264-0400] {processor.py:840} INFO - DAG(s) 'latest_only_with_trigger' retrieved from /Users/manideepakreddyaila/Desktop/projects/Legal_Insights_Engine/.venv/lib/python3.11/site-packages/airflow/example_dags/example_latest_only_with_trigger.py
[2024-04-14T12:07:01.300-0400] {logging_mixin.py:188} INFO - [2024-04-14T12:07:01.300-0400] {dag.py:3096} INFO - Sync 1 DAGs
[2024-04-14T12:07:01.306-0400] {logging_mixin.py:188} INFO - [2024-04-14T12:07:01.306-0400] {dag.py:3954} INFO - Setting next_dagrun for latest_only_with_trigger to 2024-04-14 12:00:00+00:00, run_after=2024-04-14 16:00:00+00:00
[2024-04-14T12:07:01.315-0400] {processor.py:183} INFO - Processing /Users/manideepakreddyaila/Desktop/projects/Legal_Insights_Engine/.venv/lib/python3.11/site-packages/airflow/example_dags/example_latest_only_with_trigger.py took 0.083 seconds
[2024-04-14T14:14:14.367-0400] {processor.py:161} INFO - Started process (PID=33473) to work on /Users/manideepakreddyaila/Desktop/projects/Legal_Insights_Engine/.venv/lib/python3.11/site-packages/airflow/example_dags/example_latest_only_with_trigger.py
[2024-04-14T14:14:14.368-0400] {processor.py:830} INFO - Processing file /Users/manideepakreddyaila/Desktop/projects/Legal_Insights_Engine/.venv/lib/python3.11/site-packages/airflow/example_dags/example_latest_only_with_trigger.py for tasks to queue
[2024-04-14T14:14:14.368-0400] {logging_mixin.py:188} INFO - [2024-04-14T14:14:14.368-0400] {dagbag.py:540} INFO - Filling up the DagBag from /Users/manideepakreddyaila/Desktop/projects/Legal_Insights_Engine/.venv/lib/python3.11/site-packages/airflow/example_dags/example_latest_only_with_trigger.py
[2024-04-14T14:14:14.397-0400] {processor.py:840} INFO - DAG(s) 'latest_only_with_trigger' retrieved from /Users/manideepakreddyaila/Desktop/projects/Legal_Insights_Engine/.venv/lib/python3.11/site-packages/airflow/example_dags/example_latest_only_with_trigger.py
[2024-04-14T14:14:14.432-0400] {logging_mixin.py:188} INFO - [2024-04-14T14:14:14.432-0400] {dag.py:3096} INFO - Sync 1 DAGs
[2024-04-14T14:14:14.438-0400] {logging_mixin.py:188} INFO - [2024-04-14T14:14:14.438-0400] {dag.py:3954} INFO - Setting next_dagrun for latest_only_with_trigger to 2024-04-14 12:00:00+00:00, run_after=2024-04-14 16:00:00+00:00
[2024-04-14T14:14:14.444-0400] {processor.py:183} INFO - Processing /Users/manideepakreddyaila/Desktop/projects/Legal_Insights_Engine/.venv/lib/python3.11/site-packages/airflow/example_dags/example_latest_only_with_trigger.py took 0.078 seconds
[2024-04-14T16:05:18.946-0400] {processor.py:161} INFO - Started process (PID=33634) to work on /Users/manideepakreddyaila/Desktop/projects/Legal_Insights_Engine/.venv/lib/python3.11/site-packages/airflow/example_dags/example_latest_only_with_trigger.py
[2024-04-14T16:05:18.947-0400] {processor.py:830} INFO - Processing file /Users/manideepakreddyaila/Desktop/projects/Legal_Insights_Engine/.venv/lib/python3.11/site-packages/airflow/example_dags/example_latest_only_with_trigger.py for tasks to queue
[2024-04-14T16:05:18.947-0400] {logging_mixin.py:188} INFO - [2024-04-14T16:05:18.947-0400] {dagbag.py:540} INFO - Filling up the DagBag from /Users/manideepakreddyaila/Desktop/projects/Legal_Insights_Engine/.venv/lib/python3.11/site-packages/airflow/example_dags/example_latest_only_with_trigger.py
[2024-04-14T16:05:18.976-0400] {processor.py:840} INFO - DAG(s) 'latest_only_with_trigger' retrieved from /Users/manideepakreddyaila/Desktop/projects/Legal_Insights_Engine/.venv/lib/python3.11/site-packages/airflow/example_dags/example_latest_only_with_trigger.py
[2024-04-14T16:05:19.011-0400] {logging_mixin.py:188} INFO - [2024-04-14T16:05:19.011-0400] {dag.py:3096} INFO - Sync 1 DAGs
[2024-04-14T16:05:19.017-0400] {logging_mixin.py:188} INFO - [2024-04-14T16:05:19.017-0400] {dag.py:3954} INFO - Setting next_dagrun for latest_only_with_trigger to 2024-04-14 16:00:00+00:00, run_after=2024-04-14 20:00:00+00:00
[2024-04-14T16:05:19.023-0400] {processor.py:183} INFO - Processing /Users/manideepakreddyaila/Desktop/projects/Legal_Insights_Engine/.venv/lib/python3.11/site-packages/airflow/example_dags/example_latest_only_with_trigger.py took 0.078 seconds
[2024-04-14T16:37:05.185-0400] {processor.py:161} INFO - Started process (PID=33771) to work on /Users/manideepakreddyaila/Desktop/projects/Legal_Insights_Engine/.venv/lib/python3.11/site-packages/airflow/example_dags/example_latest_only_with_trigger.py
[2024-04-14T16:37:05.186-0400] {processor.py:830} INFO - Processing file /Users/manideepakreddyaila/Desktop/projects/Legal_Insights_Engine/.venv/lib/python3.11/site-packages/airflow/example_dags/example_latest_only_with_trigger.py for tasks to queue
[2024-04-14T16:37:05.186-0400] {logging_mixin.py:188} INFO - [2024-04-14T16:37:05.186-0400] {dagbag.py:540} INFO - Filling up the DagBag from /Users/manideepakreddyaila/Desktop/projects/Legal_Insights_Engine/.venv/lib/python3.11/site-packages/airflow/example_dags/example_latest_only_with_trigger.py
[2024-04-14T16:37:05.219-0400] {processor.py:840} INFO - DAG(s) 'latest_only_with_trigger' retrieved from /Users/manideepakreddyaila/Desktop/projects/Legal_Insights_Engine/.venv/lib/python3.11/site-packages/airflow/example_dags/example_latest_only_with_trigger.py
[2024-04-14T16:37:05.307-0400] {logging_mixin.py:188} INFO - [2024-04-14T16:37:05.307-0400] {dag.py:3096} INFO - Sync 1 DAGs
[2024-04-14T16:37:05.314-0400] {logging_mixin.py:188} INFO - [2024-04-14T16:37:05.314-0400] {dag.py:3954} INFO - Setting next_dagrun for latest_only_with_trigger to 2024-04-14 16:00:00+00:00, run_after=2024-04-14 20:00:00+00:00
[2024-04-14T16:37:05.323-0400] {processor.py:183} INFO - Processing /Users/manideepakreddyaila/Desktop/projects/Legal_Insights_Engine/.venv/lib/python3.11/site-packages/airflow/example_dags/example_latest_only_with_trigger.py took 0.139 seconds
[2024-04-14T16:39:06.681-0400] {processor.py:161} INFO - Started process (PID=33865) to work on /Users/manideepakreddyaila/Desktop/projects/Legal_Insights_Engine/.venv/lib/python3.11/site-packages/airflow/example_dags/example_latest_only_with_trigger.py
[2024-04-14T16:39:06.682-0400] {processor.py:830} INFO - Processing file /Users/manideepakreddyaila/Desktop/projects/Legal_Insights_Engine/.venv/lib/python3.11/site-packages/airflow/example_dags/example_latest_only_with_trigger.py for tasks to queue
[2024-04-14T16:39:06.682-0400] {logging_mixin.py:188} INFO - [2024-04-14T16:39:06.682-0400] {dagbag.py:540} INFO - Filling up the DagBag from /Users/manideepakreddyaila/Desktop/projects/Legal_Insights_Engine/.venv/lib/python3.11/site-packages/airflow/example_dags/example_latest_only_with_trigger.py
[2024-04-14T16:39:06.711-0400] {processor.py:840} INFO - DAG(s) 'latest_only_with_trigger' retrieved from /Users/manideepakreddyaila/Desktop/projects/Legal_Insights_Engine/.venv/lib/python3.11/site-packages/airflow/example_dags/example_latest_only_with_trigger.py
[2024-04-14T16:39:06.748-0400] {logging_mixin.py:188} INFO - [2024-04-14T16:39:06.748-0400] {dag.py:3096} INFO - Sync 1 DAGs
[2024-04-14T16:39:06.754-0400] {logging_mixin.py:188} INFO - [2024-04-14T16:39:06.754-0400] {dag.py:3954} INFO - Setting next_dagrun for latest_only_with_trigger to 2024-04-14 16:00:00+00:00, run_after=2024-04-14 20:00:00+00:00
[2024-04-14T16:39:06.760-0400] {processor.py:183} INFO - Processing /Users/manideepakreddyaila/Desktop/projects/Legal_Insights_Engine/.venv/lib/python3.11/site-packages/airflow/example_dags/example_latest_only_with_trigger.py took 0.080 seconds
[2024-04-14T16:41:03.024-0400] {processor.py:161} INFO - Started process (PID=33964) to work on /Users/manideepakreddyaila/Desktop/projects/Legal_Insights_Engine/.venv/lib/python3.11/site-packages/airflow/example_dags/example_latest_only_with_trigger.py
[2024-04-14T16:41:03.024-0400] {processor.py:830} INFO - Processing file /Users/manideepakreddyaila/Desktop/projects/Legal_Insights_Engine/.venv/lib/python3.11/site-packages/airflow/example_dags/example_latest_only_with_trigger.py for tasks to queue
[2024-04-14T16:41:03.025-0400] {logging_mixin.py:188} INFO - [2024-04-14T16:41:03.024-0400] {dagbag.py:540} INFO - Filling up the DagBag from /Users/manideepakreddyaila/Desktop/projects/Legal_Insights_Engine/.venv/lib/python3.11/site-packages/airflow/example_dags/example_latest_only_with_trigger.py
[2024-04-14T16:41:03.054-0400] {processor.py:840} INFO - DAG(s) 'latest_only_with_trigger' retrieved from /Users/manideepakreddyaila/Desktop/projects/Legal_Insights_Engine/.venv/lib/python3.11/site-packages/airflow/example_dags/example_latest_only_with_trigger.py
[2024-04-14T16:41:03.090-0400] {logging_mixin.py:188} INFO - [2024-04-14T16:41:03.090-0400] {dag.py:3096} INFO - Sync 1 DAGs
[2024-04-14T16:41:03.097-0400] {logging_mixin.py:188} INFO - [2024-04-14T16:41:03.097-0400] {dag.py:3954} INFO - Setting next_dagrun for latest_only_with_trigger to 2024-04-14 16:00:00+00:00, run_after=2024-04-14 20:00:00+00:00
[2024-04-14T16:41:03.106-0400] {processor.py:183} INFO - Processing /Users/manideepakreddyaila/Desktop/projects/Legal_Insights_Engine/.venv/lib/python3.11/site-packages/airflow/example_dags/example_latest_only_with_trigger.py took 0.083 seconds
[2024-04-14T16:42:56.950-0400] {processor.py:161} INFO - Started process (PID=34064) to work on /Users/manideepakreddyaila/Desktop/projects/Legal_Insights_Engine/.venv/lib/python3.11/site-packages/airflow/example_dags/example_latest_only_with_trigger.py
[2024-04-14T16:42:56.951-0400] {processor.py:830} INFO - Processing file /Users/manideepakreddyaila/Desktop/projects/Legal_Insights_Engine/.venv/lib/python3.11/site-packages/airflow/example_dags/example_latest_only_with_trigger.py for tasks to queue
[2024-04-14T16:42:56.951-0400] {logging_mixin.py:188} INFO - [2024-04-14T16:42:56.951-0400] {dagbag.py:540} INFO - Filling up the DagBag from /Users/manideepakreddyaila/Desktop/projects/Legal_Insights_Engine/.venv/lib/python3.11/site-packages/airflow/example_dags/example_latest_only_with_trigger.py
[2024-04-14T16:42:56.979-0400] {processor.py:840} INFO - DAG(s) 'latest_only_with_trigger' retrieved from /Users/manideepakreddyaila/Desktop/projects/Legal_Insights_Engine/.venv/lib/python3.11/site-packages/airflow/example_dags/example_latest_only_with_trigger.py
[2024-04-14T16:42:57.015-0400] {logging_mixin.py:188} INFO - [2024-04-14T16:42:57.015-0400] {dag.py:3096} INFO - Sync 1 DAGs
[2024-04-14T16:42:57.021-0400] {logging_mixin.py:188} INFO - [2024-04-14T16:42:57.021-0400] {dag.py:3954} INFO - Setting next_dagrun for latest_only_with_trigger to 2024-04-14 16:00:00+00:00, run_after=2024-04-14 20:00:00+00:00
[2024-04-14T16:42:57.027-0400] {processor.py:183} INFO - Processing /Users/manideepakreddyaila/Desktop/projects/Legal_Insights_Engine/.venv/lib/python3.11/site-packages/airflow/example_dags/example_latest_only_with_trigger.py took 0.079 seconds
[2024-04-14T16:44:58.872-0400] {processor.py:161} INFO - Started process (PID=34165) to work on /Users/manideepakreddyaila/Desktop/projects/Legal_Insights_Engine/.venv/lib/python3.11/site-packages/airflow/example_dags/example_latest_only_with_trigger.py
[2024-04-14T16:44:58.874-0400] {processor.py:830} INFO - Processing file /Users/manideepakreddyaila/Desktop/projects/Legal_Insights_Engine/.venv/lib/python3.11/site-packages/airflow/example_dags/example_latest_only_with_trigger.py for tasks to queue
[2024-04-14T16:44:58.875-0400] {logging_mixin.py:188} INFO - [2024-04-14T16:44:58.875-0400] {dagbag.py:540} INFO - Filling up the DagBag from /Users/manideepakreddyaila/Desktop/projects/Legal_Insights_Engine/.venv/lib/python3.11/site-packages/airflow/example_dags/example_latest_only_with_trigger.py
[2024-04-14T16:44:58.903-0400] {processor.py:840} INFO - DAG(s) 'latest_only_with_trigger' retrieved from /Users/manideepakreddyaila/Desktop/projects/Legal_Insights_Engine/.venv/lib/python3.11/site-packages/airflow/example_dags/example_latest_only_with_trigger.py
[2024-04-14T16:44:58.939-0400] {logging_mixin.py:188} INFO - [2024-04-14T16:44:58.938-0400] {dag.py:3096} INFO - Sync 1 DAGs
[2024-04-14T16:44:58.944-0400] {logging_mixin.py:188} INFO - [2024-04-14T16:44:58.944-0400] {dag.py:3954} INFO - Setting next_dagrun for latest_only_with_trigger to 2024-04-14 16:00:00+00:00, run_after=2024-04-14 20:00:00+00:00
[2024-04-14T16:44:58.950-0400] {processor.py:183} INFO - Processing /Users/manideepakreddyaila/Desktop/projects/Legal_Insights_Engine/.venv/lib/python3.11/site-packages/airflow/example_dags/example_latest_only_with_trigger.py took 0.079 seconds
[2024-04-14T16:46:57.929-0400] {processor.py:161} INFO - Started process (PID=34276) to work on /Users/manideepakreddyaila/Desktop/projects/Legal_Insights_Engine/.venv/lib/python3.11/site-packages/airflow/example_dags/example_latest_only_with_trigger.py
[2024-04-14T16:46:57.930-0400] {processor.py:830} INFO - Processing file /Users/manideepakreddyaila/Desktop/projects/Legal_Insights_Engine/.venv/lib/python3.11/site-packages/airflow/example_dags/example_latest_only_with_trigger.py for tasks to queue
[2024-04-14T16:46:57.930-0400] {logging_mixin.py:188} INFO - [2024-04-14T16:46:57.930-0400] {dagbag.py:540} INFO - Filling up the DagBag from /Users/manideepakreddyaila/Desktop/projects/Legal_Insights_Engine/.venv/lib/python3.11/site-packages/airflow/example_dags/example_latest_only_with_trigger.py
[2024-04-14T16:46:57.959-0400] {processor.py:840} INFO - DAG(s) 'latest_only_with_trigger' retrieved from /Users/manideepakreddyaila/Desktop/projects/Legal_Insights_Engine/.venv/lib/python3.11/site-packages/airflow/example_dags/example_latest_only_with_trigger.py
[2024-04-14T16:46:57.994-0400] {logging_mixin.py:188} INFO - [2024-04-14T16:46:57.994-0400] {dag.py:3096} INFO - Sync 1 DAGs
[2024-04-14T16:46:58.000-0400] {logging_mixin.py:188} INFO - [2024-04-14T16:46:58.000-0400] {dag.py:3954} INFO - Setting next_dagrun for latest_only_with_trigger to 2024-04-14 16:00:00+00:00, run_after=2024-04-14 20:00:00+00:00
[2024-04-14T16:46:58.006-0400] {processor.py:183} INFO - Processing /Users/manideepakreddyaila/Desktop/projects/Legal_Insights_Engine/.venv/lib/python3.11/site-packages/airflow/example_dags/example_latest_only_with_trigger.py took 0.077 seconds
[2024-04-14T16:48:53.625-0400] {processor.py:161} INFO - Started process (PID=34374) to work on /Users/manideepakreddyaila/Desktop/projects/Legal_Insights_Engine/.venv/lib/python3.11/site-packages/airflow/example_dags/example_latest_only_with_trigger.py
[2024-04-14T16:48:53.628-0400] {processor.py:830} INFO - Processing file /Users/manideepakreddyaila/Desktop/projects/Legal_Insights_Engine/.venv/lib/python3.11/site-packages/airflow/example_dags/example_latest_only_with_trigger.py for tasks to queue
[2024-04-14T16:48:53.628-0400] {logging_mixin.py:188} INFO - [2024-04-14T16:48:53.628-0400] {dagbag.py:540} INFO - Filling up the DagBag from /Users/manideepakreddyaila/Desktop/projects/Legal_Insights_Engine/.venv/lib/python3.11/site-packages/airflow/example_dags/example_latest_only_with_trigger.py
[2024-04-14T16:48:53.659-0400] {processor.py:840} INFO - DAG(s) 'latest_only_with_trigger' retrieved from /Users/manideepakreddyaila/Desktop/projects/Legal_Insights_Engine/.venv/lib/python3.11/site-packages/airflow/example_dags/example_latest_only_with_trigger.py
[2024-04-14T16:48:53.695-0400] {logging_mixin.py:188} INFO - [2024-04-14T16:48:53.695-0400] {dag.py:3096} INFO - Sync 1 DAGs
[2024-04-14T16:48:53.700-0400] {logging_mixin.py:188} INFO - [2024-04-14T16:48:53.700-0400] {dag.py:3954} INFO - Setting next_dagrun for latest_only_with_trigger to 2024-04-14 16:00:00+00:00, run_after=2024-04-14 20:00:00+00:00
[2024-04-14T16:48:53.707-0400] {processor.py:183} INFO - Processing /Users/manideepakreddyaila/Desktop/projects/Legal_Insights_Engine/.venv/lib/python3.11/site-packages/airflow/example_dags/example_latest_only_with_trigger.py took 0.083 seconds
[2024-04-14T17:15:53.769-0400] {processor.py:161} INFO - Started process (PID=34539) to work on /Users/manideepakreddyaila/Desktop/projects/Legal_Insights_Engine/.venv/lib/python3.11/site-packages/airflow/example_dags/example_latest_only_with_trigger.py
[2024-04-14T17:15:53.770-0400] {processor.py:830} INFO - Processing file /Users/manideepakreddyaila/Desktop/projects/Legal_Insights_Engine/.venv/lib/python3.11/site-packages/airflow/example_dags/example_latest_only_with_trigger.py for tasks to queue
[2024-04-14T17:15:53.770-0400] {logging_mixin.py:188} INFO - [2024-04-14T17:15:53.770-0400] {dagbag.py:540} INFO - Filling up the DagBag from /Users/manideepakreddyaila/Desktop/projects/Legal_Insights_Engine/.venv/lib/python3.11/site-packages/airflow/example_dags/example_latest_only_with_trigger.py
[2024-04-14T17:15:53.802-0400] {processor.py:840} INFO - DAG(s) 'latest_only_with_trigger' retrieved from /Users/manideepakreddyaila/Desktop/projects/Legal_Insights_Engine/.venv/lib/python3.11/site-packages/airflow/example_dags/example_latest_only_with_trigger.py
[2024-04-14T17:15:53.839-0400] {logging_mixin.py:188} INFO - [2024-04-14T17:15:53.839-0400] {dag.py:3096} INFO - Sync 1 DAGs
[2024-04-14T17:15:53.845-0400] {logging_mixin.py:188} INFO - [2024-04-14T17:15:53.844-0400] {dag.py:3954} INFO - Setting next_dagrun for latest_only_with_trigger to 2024-04-14 16:00:00+00:00, run_after=2024-04-14 20:00:00+00:00
[2024-04-14T17:15:53.852-0400] {processor.py:183} INFO - Processing /Users/manideepakreddyaila/Desktop/projects/Legal_Insights_Engine/.venv/lib/python3.11/site-packages/airflow/example_dags/example_latest_only_with_trigger.py took 0.084 seconds
[2024-04-14T17:17:55.971-0400] {processor.py:161} INFO - Started process (PID=34792) to work on /Users/manideepakreddyaila/Desktop/projects/Legal_Insights_Engine/.venv/lib/python3.11/site-packages/airflow/example_dags/example_latest_only_with_trigger.py
[2024-04-14T17:17:55.972-0400] {processor.py:830} INFO - Processing file /Users/manideepakreddyaila/Desktop/projects/Legal_Insights_Engine/.venv/lib/python3.11/site-packages/airflow/example_dags/example_latest_only_with_trigger.py for tasks to queue
[2024-04-14T17:17:55.972-0400] {logging_mixin.py:188} INFO - [2024-04-14T17:17:55.972-0400] {dagbag.py:540} INFO - Filling up the DagBag from /Users/manideepakreddyaila/Desktop/projects/Legal_Insights_Engine/.venv/lib/python3.11/site-packages/airflow/example_dags/example_latest_only_with_trigger.py
[2024-04-14T17:17:56.002-0400] {processor.py:840} INFO - DAG(s) 'latest_only_with_trigger' retrieved from /Users/manideepakreddyaila/Desktop/projects/Legal_Insights_Engine/.venv/lib/python3.11/site-packages/airflow/example_dags/example_latest_only_with_trigger.py
[2024-04-14T17:17:56.039-0400] {logging_mixin.py:188} INFO - [2024-04-14T17:17:56.039-0400] {dag.py:3096} INFO - Sync 1 DAGs
[2024-04-14T17:17:56.045-0400] {logging_mixin.py:188} INFO - [2024-04-14T17:17:56.045-0400] {dag.py:3954} INFO - Setting next_dagrun for latest_only_with_trigger to 2024-04-14 16:00:00+00:00, run_after=2024-04-14 20:00:00+00:00
[2024-04-14T17:17:56.053-0400] {processor.py:183} INFO - Processing /Users/manideepakreddyaila/Desktop/projects/Legal_Insights_Engine/.venv/lib/python3.11/site-packages/airflow/example_dags/example_latest_only_with_trigger.py took 0.082 seconds
[2024-04-14T17:19:50.212-0400] {processor.py:161} INFO - Started process (PID=34900) to work on /Users/manideepakreddyaila/Desktop/projects/Legal_Insights_Engine/.venv/lib/python3.11/site-packages/airflow/example_dags/example_latest_only_with_trigger.py
[2024-04-14T17:19:50.213-0400] {processor.py:830} INFO - Processing file /Users/manideepakreddyaila/Desktop/projects/Legal_Insights_Engine/.venv/lib/python3.11/site-packages/airflow/example_dags/example_latest_only_with_trigger.py for tasks to queue
[2024-04-14T17:19:50.213-0400] {logging_mixin.py:188} INFO - [2024-04-14T17:19:50.213-0400] {dagbag.py:540} INFO - Filling up the DagBag from /Users/manideepakreddyaila/Desktop/projects/Legal_Insights_Engine/.venv/lib/python3.11/site-packages/airflow/example_dags/example_latest_only_with_trigger.py
[2024-04-14T17:19:50.243-0400] {processor.py:840} INFO - DAG(s) 'latest_only_with_trigger' retrieved from /Users/manideepakreddyaila/Desktop/projects/Legal_Insights_Engine/.venv/lib/python3.11/site-packages/airflow/example_dags/example_latest_only_with_trigger.py
[2024-04-14T17:19:50.278-0400] {logging_mixin.py:188} INFO - [2024-04-14T17:19:50.278-0400] {dag.py:3096} INFO - Sync 1 DAGs
[2024-04-14T17:19:50.283-0400] {logging_mixin.py:188} INFO - [2024-04-14T17:19:50.283-0400] {dag.py:3954} INFO - Setting next_dagrun for latest_only_with_trigger to 2024-04-14 16:00:00+00:00, run_after=2024-04-14 20:00:00+00:00
[2024-04-14T17:19:50.290-0400] {processor.py:183} INFO - Processing /Users/manideepakreddyaila/Desktop/projects/Legal_Insights_Engine/.venv/lib/python3.11/site-packages/airflow/example_dags/example_latest_only_with_trigger.py took 0.079 seconds
[2024-04-14T17:21:46.716-0400] {processor.py:161} INFO - Started process (PID=34995) to work on /Users/manideepakreddyaila/Desktop/projects/Legal_Insights_Engine/.venv/lib/python3.11/site-packages/airflow/example_dags/example_latest_only_with_trigger.py
[2024-04-14T17:21:46.716-0400] {processor.py:830} INFO - Processing file /Users/manideepakreddyaila/Desktop/projects/Legal_Insights_Engine/.venv/lib/python3.11/site-packages/airflow/example_dags/example_latest_only_with_trigger.py for tasks to queue
[2024-04-14T17:21:46.716-0400] {logging_mixin.py:188} INFO - [2024-04-14T17:21:46.716-0400] {dagbag.py:540} INFO - Filling up the DagBag from /Users/manideepakreddyaila/Desktop/projects/Legal_Insights_Engine/.venv/lib/python3.11/site-packages/airflow/example_dags/example_latest_only_with_trigger.py
[2024-04-14T17:21:46.747-0400] {processor.py:840} INFO - DAG(s) 'latest_only_with_trigger' retrieved from /Users/manideepakreddyaila/Desktop/projects/Legal_Insights_Engine/.venv/lib/python3.11/site-packages/airflow/example_dags/example_latest_only_with_trigger.py
[2024-04-14T17:21:46.782-0400] {logging_mixin.py:188} INFO - [2024-04-14T17:21:46.782-0400] {dag.py:3096} INFO - Sync 1 DAGs
[2024-04-14T17:21:46.788-0400] {logging_mixin.py:188} INFO - [2024-04-14T17:21:46.788-0400] {dag.py:3954} INFO - Setting next_dagrun for latest_only_with_trigger to 2024-04-14 16:00:00+00:00, run_after=2024-04-14 20:00:00+00:00
[2024-04-14T17:21:46.794-0400] {processor.py:183} INFO - Processing /Users/manideepakreddyaila/Desktop/projects/Legal_Insights_Engine/.venv/lib/python3.11/site-packages/airflow/example_dags/example_latest_only_with_trigger.py took 0.079 seconds
[2024-04-14T17:23:39.128-0400] {processor.py:161} INFO - Started process (PID=35087) to work on /Users/manideepakreddyaila/Desktop/projects/Legal_Insights_Engine/.venv/lib/python3.11/site-packages/airflow/example_dags/example_latest_only_with_trigger.py
[2024-04-14T17:23:39.129-0400] {processor.py:830} INFO - Processing file /Users/manideepakreddyaila/Desktop/projects/Legal_Insights_Engine/.venv/lib/python3.11/site-packages/airflow/example_dags/example_latest_only_with_trigger.py for tasks to queue
[2024-04-14T17:23:39.129-0400] {logging_mixin.py:188} INFO - [2024-04-14T17:23:39.129-0400] {dagbag.py:540} INFO - Filling up the DagBag from /Users/manideepakreddyaila/Desktop/projects/Legal_Insights_Engine/.venv/lib/python3.11/site-packages/airflow/example_dags/example_latest_only_with_trigger.py
[2024-04-14T17:23:39.159-0400] {processor.py:840} INFO - DAG(s) 'latest_only_with_trigger' retrieved from /Users/manideepakreddyaila/Desktop/projects/Legal_Insights_Engine/.venv/lib/python3.11/site-packages/airflow/example_dags/example_latest_only_with_trigger.py
[2024-04-14T17:23:39.196-0400] {logging_mixin.py:188} INFO - [2024-04-14T17:23:39.195-0400] {dag.py:3096} INFO - Sync 1 DAGs
[2024-04-14T17:23:39.202-0400] {logging_mixin.py:188} INFO - [2024-04-14T17:23:39.202-0400] {dag.py:3954} INFO - Setting next_dagrun for latest_only_with_trigger to 2024-04-14 16:00:00+00:00, run_after=2024-04-14 20:00:00+00:00
[2024-04-14T17:23:39.208-0400] {processor.py:183} INFO - Processing /Users/manideepakreddyaila/Desktop/projects/Legal_Insights_Engine/.venv/lib/python3.11/site-packages/airflow/example_dags/example_latest_only_with_trigger.py took 0.081 seconds
[2024-04-14T17:25:37.873-0400] {processor.py:161} INFO - Started process (PID=35185) to work on /Users/manideepakreddyaila/Desktop/projects/Legal_Insights_Engine/.venv/lib/python3.11/site-packages/airflow/example_dags/example_latest_only_with_trigger.py
[2024-04-14T17:25:37.874-0400] {processor.py:830} INFO - Processing file /Users/manideepakreddyaila/Desktop/projects/Legal_Insights_Engine/.venv/lib/python3.11/site-packages/airflow/example_dags/example_latest_only_with_trigger.py for tasks to queue
[2024-04-14T17:25:37.874-0400] {logging_mixin.py:188} INFO - [2024-04-14T17:25:37.874-0400] {dagbag.py:540} INFO - Filling up the DagBag from /Users/manideepakreddyaila/Desktop/projects/Legal_Insights_Engine/.venv/lib/python3.11/site-packages/airflow/example_dags/example_latest_only_with_trigger.py
[2024-04-14T17:25:37.905-0400] {processor.py:840} INFO - DAG(s) 'latest_only_with_trigger' retrieved from /Users/manideepakreddyaila/Desktop/projects/Legal_Insights_Engine/.venv/lib/python3.11/site-packages/airflow/example_dags/example_latest_only_with_trigger.py
[2024-04-14T17:25:37.941-0400] {logging_mixin.py:188} INFO - [2024-04-14T17:25:37.940-0400] {dag.py:3096} INFO - Sync 1 DAGs
[2024-04-14T17:25:37.947-0400] {logging_mixin.py:188} INFO - [2024-04-14T17:25:37.947-0400] {dag.py:3954} INFO - Setting next_dagrun for latest_only_with_trigger to 2024-04-14 16:00:00+00:00, run_after=2024-04-14 20:00:00+00:00
[2024-04-14T17:25:37.953-0400] {processor.py:183} INFO - Processing /Users/manideepakreddyaila/Desktop/projects/Legal_Insights_Engine/.venv/lib/python3.11/site-packages/airflow/example_dags/example_latest_only_with_trigger.py took 0.081 seconds
[2024-04-14T17:27:35.237-0400] {processor.py:161} INFO - Started process (PID=35291) to work on /Users/manideepakreddyaila/Desktop/projects/Legal_Insights_Engine/.venv/lib/python3.11/site-packages/airflow/example_dags/example_latest_only_with_trigger.py
[2024-04-14T17:27:35.239-0400] {processor.py:830} INFO - Processing file /Users/manideepakreddyaila/Desktop/projects/Legal_Insights_Engine/.venv/lib/python3.11/site-packages/airflow/example_dags/example_latest_only_with_trigger.py for tasks to queue
[2024-04-14T17:27:35.239-0400] {logging_mixin.py:188} INFO - [2024-04-14T17:27:35.239-0400] {dagbag.py:540} INFO - Filling up the DagBag from /Users/manideepakreddyaila/Desktop/projects/Legal_Insights_Engine/.venv/lib/python3.11/site-packages/airflow/example_dags/example_latest_only_with_trigger.py
[2024-04-14T17:27:35.271-0400] {processor.py:840} INFO - DAG(s) 'latest_only_with_trigger' retrieved from /Users/manideepakreddyaila/Desktop/projects/Legal_Insights_Engine/.venv/lib/python3.11/site-packages/airflow/example_dags/example_latest_only_with_trigger.py
[2024-04-14T17:27:35.309-0400] {logging_mixin.py:188} INFO - [2024-04-14T17:27:35.309-0400] {dag.py:3096} INFO - Sync 1 DAGs
[2024-04-14T17:27:35.315-0400] {logging_mixin.py:188} INFO - [2024-04-14T17:27:35.314-0400] {dag.py:3954} INFO - Setting next_dagrun for latest_only_with_trigger to 2024-04-14 16:00:00+00:00, run_after=2024-04-14 20:00:00+00:00
[2024-04-14T17:27:35.321-0400] {processor.py:183} INFO - Processing /Users/manideepakreddyaila/Desktop/projects/Legal_Insights_Engine/.venv/lib/python3.11/site-packages/airflow/example_dags/example_latest_only_with_trigger.py took 0.084 seconds
[2024-04-14T17:29:29.874-0400] {processor.py:161} INFO - Started process (PID=35394) to work on /Users/manideepakreddyaila/Desktop/projects/Legal_Insights_Engine/.venv/lib/python3.11/site-packages/airflow/example_dags/example_latest_only_with_trigger.py
[2024-04-14T17:29:29.874-0400] {processor.py:830} INFO - Processing file /Users/manideepakreddyaila/Desktop/projects/Legal_Insights_Engine/.venv/lib/python3.11/site-packages/airflow/example_dags/example_latest_only_with_trigger.py for tasks to queue
[2024-04-14T17:29:29.875-0400] {logging_mixin.py:188} INFO - [2024-04-14T17:29:29.875-0400] {dagbag.py:540} INFO - Filling up the DagBag from /Users/manideepakreddyaila/Desktop/projects/Legal_Insights_Engine/.venv/lib/python3.11/site-packages/airflow/example_dags/example_latest_only_with_trigger.py
[2024-04-14T17:29:29.904-0400] {processor.py:840} INFO - DAG(s) 'latest_only_with_trigger' retrieved from /Users/manideepakreddyaila/Desktop/projects/Legal_Insights_Engine/.venv/lib/python3.11/site-packages/airflow/example_dags/example_latest_only_with_trigger.py
[2024-04-14T17:29:29.940-0400] {logging_mixin.py:188} INFO - [2024-04-14T17:29:29.940-0400] {dag.py:3096} INFO - Sync 1 DAGs
[2024-04-14T17:29:29.946-0400] {logging_mixin.py:188} INFO - [2024-04-14T17:29:29.946-0400] {dag.py:3954} INFO - Setting next_dagrun for latest_only_with_trigger to 2024-04-14 16:00:00+00:00, run_after=2024-04-14 20:00:00+00:00
[2024-04-14T17:29:29.952-0400] {processor.py:183} INFO - Processing /Users/manideepakreddyaila/Desktop/projects/Legal_Insights_Engine/.venv/lib/python3.11/site-packages/airflow/example_dags/example_latest_only_with_trigger.py took 0.079 seconds
[2024-04-14T17:31:27.545-0400] {processor.py:161} INFO - Started process (PID=35534) to work on /Users/manideepakreddyaila/Desktop/projects/Legal_Insights_Engine/.venv/lib/python3.11/site-packages/airflow/example_dags/example_latest_only_with_trigger.py
[2024-04-14T17:31:27.546-0400] {processor.py:830} INFO - Processing file /Users/manideepakreddyaila/Desktop/projects/Legal_Insights_Engine/.venv/lib/python3.11/site-packages/airflow/example_dags/example_latest_only_with_trigger.py for tasks to queue
[2024-04-14T17:31:27.547-0400] {logging_mixin.py:188} INFO - [2024-04-14T17:31:27.546-0400] {dagbag.py:540} INFO - Filling up the DagBag from /Users/manideepakreddyaila/Desktop/projects/Legal_Insights_Engine/.venv/lib/python3.11/site-packages/airflow/example_dags/example_latest_only_with_trigger.py
[2024-04-14T17:31:27.576-0400] {processor.py:840} INFO - DAG(s) 'latest_only_with_trigger' retrieved from /Users/manideepakreddyaila/Desktop/projects/Legal_Insights_Engine/.venv/lib/python3.11/site-packages/airflow/example_dags/example_latest_only_with_trigger.py
[2024-04-14T17:31:27.612-0400] {logging_mixin.py:188} INFO - [2024-04-14T17:31:27.612-0400] {dag.py:3096} INFO - Sync 1 DAGs
[2024-04-14T17:31:27.617-0400] {logging_mixin.py:188} INFO - [2024-04-14T17:31:27.617-0400] {dag.py:3954} INFO - Setting next_dagrun for latest_only_with_trigger to 2024-04-14 16:00:00+00:00, run_after=2024-04-14 20:00:00+00:00
[2024-04-14T17:31:27.623-0400] {processor.py:183} INFO - Processing /Users/manideepakreddyaila/Desktop/projects/Legal_Insights_Engine/.venv/lib/python3.11/site-packages/airflow/example_dags/example_latest_only_with_trigger.py took 0.079 seconds
[2024-04-14T17:33:26.200-0400] {processor.py:161} INFO - Started process (PID=35640) to work on /Users/manideepakreddyaila/Desktop/projects/Legal_Insights_Engine/.venv/lib/python3.11/site-packages/airflow/example_dags/example_latest_only_with_trigger.py
[2024-04-14T17:33:26.201-0400] {processor.py:830} INFO - Processing file /Users/manideepakreddyaila/Desktop/projects/Legal_Insights_Engine/.venv/lib/python3.11/site-packages/airflow/example_dags/example_latest_only_with_trigger.py for tasks to queue
[2024-04-14T17:33:26.201-0400] {logging_mixin.py:188} INFO - [2024-04-14T17:33:26.201-0400] {dagbag.py:540} INFO - Filling up the DagBag from /Users/manideepakreddyaila/Desktop/projects/Legal_Insights_Engine/.venv/lib/python3.11/site-packages/airflow/example_dags/example_latest_only_with_trigger.py
[2024-04-14T17:33:26.230-0400] {processor.py:840} INFO - DAG(s) 'latest_only_with_trigger' retrieved from /Users/manideepakreddyaila/Desktop/projects/Legal_Insights_Engine/.venv/lib/python3.11/site-packages/airflow/example_dags/example_latest_only_with_trigger.py
[2024-04-14T17:33:26.268-0400] {logging_mixin.py:188} INFO - [2024-04-14T17:33:26.267-0400] {dag.py:3096} INFO - Sync 1 DAGs
[2024-04-14T17:33:26.274-0400] {logging_mixin.py:188} INFO - [2024-04-14T17:33:26.274-0400] {dag.py:3954} INFO - Setting next_dagrun for latest_only_with_trigger to 2024-04-14 16:00:00+00:00, run_after=2024-04-14 20:00:00+00:00
[2024-04-14T17:33:26.280-0400] {processor.py:183} INFO - Processing /Users/manideepakreddyaila/Desktop/projects/Legal_Insights_Engine/.venv/lib/python3.11/site-packages/airflow/example_dags/example_latest_only_with_trigger.py took 0.081 seconds
[2024-04-14T17:35:29.406-0400] {processor.py:161} INFO - Started process (PID=35739) to work on /Users/manideepakreddyaila/Desktop/projects/Legal_Insights_Engine/.venv/lib/python3.11/site-packages/airflow/example_dags/example_latest_only_with_trigger.py
[2024-04-14T17:35:29.406-0400] {processor.py:830} INFO - Processing file /Users/manideepakreddyaila/Desktop/projects/Legal_Insights_Engine/.venv/lib/python3.11/site-packages/airflow/example_dags/example_latest_only_with_trigger.py for tasks to queue
[2024-04-14T17:35:29.406-0400] {logging_mixin.py:188} INFO - [2024-04-14T17:35:29.406-0400] {dagbag.py:540} INFO - Filling up the DagBag from /Users/manideepakreddyaila/Desktop/projects/Legal_Insights_Engine/.venv/lib/python3.11/site-packages/airflow/example_dags/example_latest_only_with_trigger.py
[2024-04-14T17:35:29.440-0400] {processor.py:840} INFO - DAG(s) 'latest_only_with_trigger' retrieved from /Users/manideepakreddyaila/Desktop/projects/Legal_Insights_Engine/.venv/lib/python3.11/site-packages/airflow/example_dags/example_latest_only_with_trigger.py
[2024-04-14T17:35:29.477-0400] {logging_mixin.py:188} INFO - [2024-04-14T17:35:29.477-0400] {dag.py:3096} INFO - Sync 1 DAGs
[2024-04-14T17:35:29.483-0400] {logging_mixin.py:188} INFO - [2024-04-14T17:35:29.483-0400] {dag.py:3954} INFO - Setting next_dagrun for latest_only_with_trigger to 2024-04-14 16:00:00+00:00, run_after=2024-04-14 20:00:00+00:00
[2024-04-14T17:35:29.489-0400] {processor.py:183} INFO - Processing /Users/manideepakreddyaila/Desktop/projects/Legal_Insights_Engine/.venv/lib/python3.11/site-packages/airflow/example_dags/example_latest_only_with_trigger.py took 0.085 seconds
[2024-04-14T17:37:23.596-0400] {processor.py:161} INFO - Started process (PID=35835) to work on /Users/manideepakreddyaila/Desktop/projects/Legal_Insights_Engine/.venv/lib/python3.11/site-packages/airflow/example_dags/example_latest_only_with_trigger.py
[2024-04-14T17:37:23.597-0400] {processor.py:830} INFO - Processing file /Users/manideepakreddyaila/Desktop/projects/Legal_Insights_Engine/.venv/lib/python3.11/site-packages/airflow/example_dags/example_latest_only_with_trigger.py for tasks to queue
[2024-04-14T17:37:23.598-0400] {logging_mixin.py:188} INFO - [2024-04-14T17:37:23.598-0400] {dagbag.py:540} INFO - Filling up the DagBag from /Users/manideepakreddyaila/Desktop/projects/Legal_Insights_Engine/.venv/lib/python3.11/site-packages/airflow/example_dags/example_latest_only_with_trigger.py
[2024-04-14T17:37:23.627-0400] {processor.py:840} INFO - DAG(s) 'latest_only_with_trigger' retrieved from /Users/manideepakreddyaila/Desktop/projects/Legal_Insights_Engine/.venv/lib/python3.11/site-packages/airflow/example_dags/example_latest_only_with_trigger.py
[2024-04-14T17:37:23.663-0400] {logging_mixin.py:188} INFO - [2024-04-14T17:37:23.662-0400] {dag.py:3096} INFO - Sync 1 DAGs
[2024-04-14T17:37:23.668-0400] {logging_mixin.py:188} INFO - [2024-04-14T17:37:23.668-0400] {dag.py:3954} INFO - Setting next_dagrun for latest_only_with_trigger to 2024-04-14 16:00:00+00:00, run_after=2024-04-14 20:00:00+00:00
[2024-04-14T17:37:23.674-0400] {processor.py:183} INFO - Processing /Users/manideepakreddyaila/Desktop/projects/Legal_Insights_Engine/.venv/lib/python3.11/site-packages/airflow/example_dags/example_latest_only_with_trigger.py took 0.079 seconds
[2024-04-14T17:39:12.671-0400] {processor.py:161} INFO - Started process (PID=35923) to work on /Users/manideepakreddyaila/Desktop/projects/Legal_Insights_Engine/.venv/lib/python3.11/site-packages/airflow/example_dags/example_latest_only_with_trigger.py
[2024-04-14T17:39:12.672-0400] {processor.py:830} INFO - Processing file /Users/manideepakreddyaila/Desktop/projects/Legal_Insights_Engine/.venv/lib/python3.11/site-packages/airflow/example_dags/example_latest_only_with_trigger.py for tasks to queue
[2024-04-14T17:39:12.672-0400] {logging_mixin.py:188} INFO - [2024-04-14T17:39:12.672-0400] {dagbag.py:540} INFO - Filling up the DagBag from /Users/manideepakreddyaila/Desktop/projects/Legal_Insights_Engine/.venv/lib/python3.11/site-packages/airflow/example_dags/example_latest_only_with_trigger.py
[2024-04-14T17:39:12.701-0400] {processor.py:840} INFO - DAG(s) 'latest_only_with_trigger' retrieved from /Users/manideepakreddyaila/Desktop/projects/Legal_Insights_Engine/.venv/lib/python3.11/site-packages/airflow/example_dags/example_latest_only_with_trigger.py
[2024-04-14T17:39:12.738-0400] {logging_mixin.py:188} INFO - [2024-04-14T17:39:12.738-0400] {dag.py:3096} INFO - Sync 1 DAGs
[2024-04-14T17:39:12.744-0400] {logging_mixin.py:188} INFO - [2024-04-14T17:39:12.744-0400] {dag.py:3954} INFO - Setting next_dagrun for latest_only_with_trigger to 2024-04-14 16:00:00+00:00, run_after=2024-04-14 20:00:00+00:00
[2024-04-14T17:39:12.750-0400] {processor.py:183} INFO - Processing /Users/manideepakreddyaila/Desktop/projects/Legal_Insights_Engine/.venv/lib/python3.11/site-packages/airflow/example_dags/example_latest_only_with_trigger.py took 0.080 seconds
[2024-04-14T17:41:05.958-0400] {processor.py:161} INFO - Started process (PID=36011) to work on /Users/manideepakreddyaila/Desktop/projects/Legal_Insights_Engine/.venv/lib/python3.11/site-packages/airflow/example_dags/example_latest_only_with_trigger.py
[2024-04-14T17:41:05.959-0400] {processor.py:830} INFO - Processing file /Users/manideepakreddyaila/Desktop/projects/Legal_Insights_Engine/.venv/lib/python3.11/site-packages/airflow/example_dags/example_latest_only_with_trigger.py for tasks to queue
[2024-04-14T17:41:05.960-0400] {logging_mixin.py:188} INFO - [2024-04-14T17:41:05.960-0400] {dagbag.py:540} INFO - Filling up the DagBag from /Users/manideepakreddyaila/Desktop/projects/Legal_Insights_Engine/.venv/lib/python3.11/site-packages/airflow/example_dags/example_latest_only_with_trigger.py
[2024-04-14T17:41:05.990-0400] {processor.py:840} INFO - DAG(s) 'latest_only_with_trigger' retrieved from /Users/manideepakreddyaila/Desktop/projects/Legal_Insights_Engine/.venv/lib/python3.11/site-packages/airflow/example_dags/example_latest_only_with_trigger.py
[2024-04-14T17:41:06.026-0400] {logging_mixin.py:188} INFO - [2024-04-14T17:41:06.025-0400] {dag.py:3096} INFO - Sync 1 DAGs
[2024-04-14T17:41:06.031-0400] {logging_mixin.py:188} INFO - [2024-04-14T17:41:06.031-0400] {dag.py:3954} INFO - Setting next_dagrun for latest_only_with_trigger to 2024-04-14 16:00:00+00:00, run_after=2024-04-14 20:00:00+00:00
[2024-04-14T17:41:06.037-0400] {processor.py:183} INFO - Processing /Users/manideepakreddyaila/Desktop/projects/Legal_Insights_Engine/.venv/lib/python3.11/site-packages/airflow/example_dags/example_latest_only_with_trigger.py took 0.080 seconds
[2024-04-14T17:42:56.832-0400] {processor.py:161} INFO - Started process (PID=36097) to work on /Users/manideepakreddyaila/Desktop/projects/Legal_Insights_Engine/.venv/lib/python3.11/site-packages/airflow/example_dags/example_latest_only_with_trigger.py
[2024-04-14T17:42:56.832-0400] {processor.py:830} INFO - Processing file /Users/manideepakreddyaila/Desktop/projects/Legal_Insights_Engine/.venv/lib/python3.11/site-packages/airflow/example_dags/example_latest_only_with_trigger.py for tasks to queue
[2024-04-14T17:42:56.833-0400] {logging_mixin.py:188} INFO - [2024-04-14T17:42:56.833-0400] {dagbag.py:540} INFO - Filling up the DagBag from /Users/manideepakreddyaila/Desktop/projects/Legal_Insights_Engine/.venv/lib/python3.11/site-packages/airflow/example_dags/example_latest_only_with_trigger.py
[2024-04-14T17:42:56.862-0400] {processor.py:840} INFO - DAG(s) 'latest_only_with_trigger' retrieved from /Users/manideepakreddyaila/Desktop/projects/Legal_Insights_Engine/.venv/lib/python3.11/site-packages/airflow/example_dags/example_latest_only_with_trigger.py
[2024-04-14T17:42:56.898-0400] {logging_mixin.py:188} INFO - [2024-04-14T17:42:56.898-0400] {dag.py:3096} INFO - Sync 1 DAGs
[2024-04-14T17:42:56.904-0400] {logging_mixin.py:188} INFO - [2024-04-14T17:42:56.904-0400] {dag.py:3954} INFO - Setting next_dagrun for latest_only_with_trigger to 2024-04-14 16:00:00+00:00, run_after=2024-04-14 20:00:00+00:00
[2024-04-14T17:42:56.910-0400] {processor.py:183} INFO - Processing /Users/manideepakreddyaila/Desktop/projects/Legal_Insights_Engine/.venv/lib/python3.11/site-packages/airflow/example_dags/example_latest_only_with_trigger.py took 0.079 seconds
[2024-04-14T17:44:52.402-0400] {processor.py:161} INFO - Started process (PID=36185) to work on /Users/manideepakreddyaila/Desktop/projects/Legal_Insights_Engine/.venv/lib/python3.11/site-packages/airflow/example_dags/example_latest_only_with_trigger.py
[2024-04-14T17:44:52.403-0400] {processor.py:830} INFO - Processing file /Users/manideepakreddyaila/Desktop/projects/Legal_Insights_Engine/.venv/lib/python3.11/site-packages/airflow/example_dags/example_latest_only_with_trigger.py for tasks to queue
[2024-04-14T17:44:52.404-0400] {logging_mixin.py:188} INFO - [2024-04-14T17:44:52.403-0400] {dagbag.py:540} INFO - Filling up the DagBag from /Users/manideepakreddyaila/Desktop/projects/Legal_Insights_Engine/.venv/lib/python3.11/site-packages/airflow/example_dags/example_latest_only_with_trigger.py
[2024-04-14T17:44:52.433-0400] {processor.py:840} INFO - DAG(s) 'latest_only_with_trigger' retrieved from /Users/manideepakreddyaila/Desktop/projects/Legal_Insights_Engine/.venv/lib/python3.11/site-packages/airflow/example_dags/example_latest_only_with_trigger.py
[2024-04-14T17:44:52.468-0400] {logging_mixin.py:188} INFO - [2024-04-14T17:44:52.468-0400] {dag.py:3096} INFO - Sync 1 DAGs
[2024-04-14T17:44:52.474-0400] {logging_mixin.py:188} INFO - [2024-04-14T17:44:52.474-0400] {dag.py:3954} INFO - Setting next_dagrun for latest_only_with_trigger to 2024-04-14 16:00:00+00:00, run_after=2024-04-14 20:00:00+00:00
[2024-04-14T17:44:52.480-0400] {processor.py:183} INFO - Processing /Users/manideepakreddyaila/Desktop/projects/Legal_Insights_Engine/.venv/lib/python3.11/site-packages/airflow/example_dags/example_latest_only_with_trigger.py took 0.079 seconds
[2024-04-14T17:46:55.882-0400] {processor.py:161} INFO - Started process (PID=36279) to work on /Users/manideepakreddyaila/Desktop/projects/Legal_Insights_Engine/.venv/lib/python3.11/site-packages/airflow/example_dags/example_latest_only_with_trigger.py
[2024-04-14T17:46:55.883-0400] {processor.py:830} INFO - Processing file /Users/manideepakreddyaila/Desktop/projects/Legal_Insights_Engine/.venv/lib/python3.11/site-packages/airflow/example_dags/example_latest_only_with_trigger.py for tasks to queue
[2024-04-14T17:46:55.883-0400] {logging_mixin.py:188} INFO - [2024-04-14T17:46:55.883-0400] {dagbag.py:540} INFO - Filling up the DagBag from /Users/manideepakreddyaila/Desktop/projects/Legal_Insights_Engine/.venv/lib/python3.11/site-packages/airflow/example_dags/example_latest_only_with_trigger.py
[2024-04-14T17:46:55.913-0400] {processor.py:840} INFO - DAG(s) 'latest_only_with_trigger' retrieved from /Users/manideepakreddyaila/Desktop/projects/Legal_Insights_Engine/.venv/lib/python3.11/site-packages/airflow/example_dags/example_latest_only_with_trigger.py
[2024-04-14T17:46:55.949-0400] {logging_mixin.py:188} INFO - [2024-04-14T17:46:55.949-0400] {dag.py:3096} INFO - Sync 1 DAGs
[2024-04-14T17:46:55.955-0400] {logging_mixin.py:188} INFO - [2024-04-14T17:46:55.955-0400] {dag.py:3954} INFO - Setting next_dagrun for latest_only_with_trigger to 2024-04-14 16:00:00+00:00, run_after=2024-04-14 20:00:00+00:00
[2024-04-14T17:46:55.962-0400] {processor.py:183} INFO - Processing /Users/manideepakreddyaila/Desktop/projects/Legal_Insights_Engine/.venv/lib/python3.11/site-packages/airflow/example_dags/example_latest_only_with_trigger.py took 0.081 seconds
[2024-04-14T17:48:56.121-0400] {processor.py:161} INFO - Started process (PID=36370) to work on /Users/manideepakreddyaila/Desktop/projects/Legal_Insights_Engine/.venv/lib/python3.11/site-packages/airflow/example_dags/example_latest_only_with_trigger.py
[2024-04-14T17:48:56.122-0400] {processor.py:830} INFO - Processing file /Users/manideepakreddyaila/Desktop/projects/Legal_Insights_Engine/.venv/lib/python3.11/site-packages/airflow/example_dags/example_latest_only_with_trigger.py for tasks to queue
[2024-04-14T17:48:56.122-0400] {logging_mixin.py:188} INFO - [2024-04-14T17:48:56.122-0400] {dagbag.py:540} INFO - Filling up the DagBag from /Users/manideepakreddyaila/Desktop/projects/Legal_Insights_Engine/.venv/lib/python3.11/site-packages/airflow/example_dags/example_latest_only_with_trigger.py
[2024-04-14T17:48:56.152-0400] {processor.py:840} INFO - DAG(s) 'latest_only_with_trigger' retrieved from /Users/manideepakreddyaila/Desktop/projects/Legal_Insights_Engine/.venv/lib/python3.11/site-packages/airflow/example_dags/example_latest_only_with_trigger.py
[2024-04-14T17:48:56.189-0400] {logging_mixin.py:188} INFO - [2024-04-14T17:48:56.188-0400] {dag.py:3096} INFO - Sync 1 DAGs
[2024-04-14T17:48:56.194-0400] {logging_mixin.py:188} INFO - [2024-04-14T17:48:56.194-0400] {dag.py:3954} INFO - Setting next_dagrun for latest_only_with_trigger to 2024-04-14 16:00:00+00:00, run_after=2024-04-14 20:00:00+00:00
[2024-04-14T17:48:56.201-0400] {processor.py:183} INFO - Processing /Users/manideepakreddyaila/Desktop/projects/Legal_Insights_Engine/.venv/lib/python3.11/site-packages/airflow/example_dags/example_latest_only_with_trigger.py took 0.081 seconds
[2024-04-14T17:50:51.541-0400] {processor.py:161} INFO - Started process (PID=36474) to work on /Users/manideepakreddyaila/Desktop/projects/Legal_Insights_Engine/.venv/lib/python3.11/site-packages/airflow/example_dags/example_latest_only_with_trigger.py
[2024-04-14T17:50:51.541-0400] {processor.py:830} INFO - Processing file /Users/manideepakreddyaila/Desktop/projects/Legal_Insights_Engine/.venv/lib/python3.11/site-packages/airflow/example_dags/example_latest_only_with_trigger.py for tasks to queue
[2024-04-14T17:50:51.542-0400] {logging_mixin.py:188} INFO - [2024-04-14T17:50:51.541-0400] {dagbag.py:540} INFO - Filling up the DagBag from /Users/manideepakreddyaila/Desktop/projects/Legal_Insights_Engine/.venv/lib/python3.11/site-packages/airflow/example_dags/example_latest_only_with_trigger.py
[2024-04-14T17:50:51.571-0400] {processor.py:840} INFO - DAG(s) 'latest_only_with_trigger' retrieved from /Users/manideepakreddyaila/Desktop/projects/Legal_Insights_Engine/.venv/lib/python3.11/site-packages/airflow/example_dags/example_latest_only_with_trigger.py
[2024-04-14T17:50:51.607-0400] {logging_mixin.py:188} INFO - [2024-04-14T17:50:51.607-0400] {dag.py:3096} INFO - Sync 1 DAGs
[2024-04-14T17:50:51.613-0400] {logging_mixin.py:188} INFO - [2024-04-14T17:50:51.613-0400] {dag.py:3954} INFO - Setting next_dagrun for latest_only_with_trigger to 2024-04-14 16:00:00+00:00, run_after=2024-04-14 20:00:00+00:00
[2024-04-14T17:50:51.619-0400] {processor.py:183} INFO - Processing /Users/manideepakreddyaila/Desktop/projects/Legal_Insights_Engine/.venv/lib/python3.11/site-packages/airflow/example_dags/example_latest_only_with_trigger.py took 0.079 seconds
[2024-04-14T17:52:47.020-0400] {processor.py:161} INFO - Started process (PID=36555) to work on /Users/manideepakreddyaila/Desktop/projects/Legal_Insights_Engine/.venv/lib/python3.11/site-packages/airflow/example_dags/example_latest_only_with_trigger.py
[2024-04-14T17:52:47.021-0400] {processor.py:830} INFO - Processing file /Users/manideepakreddyaila/Desktop/projects/Legal_Insights_Engine/.venv/lib/python3.11/site-packages/airflow/example_dags/example_latest_only_with_trigger.py for tasks to queue
[2024-04-14T17:52:47.021-0400] {logging_mixin.py:188} INFO - [2024-04-14T17:52:47.021-0400] {dagbag.py:540} INFO - Filling up the DagBag from /Users/manideepakreddyaila/Desktop/projects/Legal_Insights_Engine/.venv/lib/python3.11/site-packages/airflow/example_dags/example_latest_only_with_trigger.py
[2024-04-14T17:52:47.051-0400] {processor.py:840} INFO - DAG(s) 'latest_only_with_trigger' retrieved from /Users/manideepakreddyaila/Desktop/projects/Legal_Insights_Engine/.venv/lib/python3.11/site-packages/airflow/example_dags/example_latest_only_with_trigger.py
[2024-04-14T17:52:47.087-0400] {logging_mixin.py:188} INFO - [2024-04-14T17:52:47.087-0400] {dag.py:3096} INFO - Sync 1 DAGs
[2024-04-14T17:52:47.092-0400] {logging_mixin.py:188} INFO - [2024-04-14T17:52:47.092-0400] {dag.py:3954} INFO - Setting next_dagrun for latest_only_with_trigger to 2024-04-14 16:00:00+00:00, run_after=2024-04-14 20:00:00+00:00
[2024-04-14T17:52:47.098-0400] {processor.py:183} INFO - Processing /Users/manideepakreddyaila/Desktop/projects/Legal_Insights_Engine/.venv/lib/python3.11/site-packages/airflow/example_dags/example_latest_only_with_trigger.py took 0.079 seconds
[2024-04-14T17:54:42.356-0400] {processor.py:161} INFO - Started process (PID=36643) to work on /Users/manideepakreddyaila/Desktop/projects/Legal_Insights_Engine/.venv/lib/python3.11/site-packages/airflow/example_dags/example_latest_only_with_trigger.py
[2024-04-14T17:54:42.357-0400] {processor.py:830} INFO - Processing file /Users/manideepakreddyaila/Desktop/projects/Legal_Insights_Engine/.venv/lib/python3.11/site-packages/airflow/example_dags/example_latest_only_with_trigger.py for tasks to queue
[2024-04-14T17:54:42.358-0400] {logging_mixin.py:188} INFO - [2024-04-14T17:54:42.358-0400] {dagbag.py:540} INFO - Filling up the DagBag from /Users/manideepakreddyaila/Desktop/projects/Legal_Insights_Engine/.venv/lib/python3.11/site-packages/airflow/example_dags/example_latest_only_with_trigger.py
[2024-04-14T17:54:42.386-0400] {processor.py:840} INFO - DAG(s) 'latest_only_with_trigger' retrieved from /Users/manideepakreddyaila/Desktop/projects/Legal_Insights_Engine/.venv/lib/python3.11/site-packages/airflow/example_dags/example_latest_only_with_trigger.py
[2024-04-14T17:54:42.422-0400] {logging_mixin.py:188} INFO - [2024-04-14T17:54:42.422-0400] {dag.py:3096} INFO - Sync 1 DAGs
[2024-04-14T17:54:42.427-0400] {logging_mixin.py:188} INFO - [2024-04-14T17:54:42.427-0400] {dag.py:3954} INFO - Setting next_dagrun for latest_only_with_trigger to 2024-04-14 16:00:00+00:00, run_after=2024-04-14 20:00:00+00:00
[2024-04-14T17:54:42.433-0400] {processor.py:183} INFO - Processing /Users/manideepakreddyaila/Desktop/projects/Legal_Insights_Engine/.venv/lib/python3.11/site-packages/airflow/example_dags/example_latest_only_with_trigger.py took 0.078 seconds
[2024-04-14T17:56:34.935-0400] {processor.py:161} INFO - Started process (PID=36789) to work on /Users/manideepakreddyaila/Desktop/projects/Legal_Insights_Engine/.venv/lib/python3.11/site-packages/airflow/example_dags/example_latest_only_with_trigger.py
[2024-04-14T17:56:34.936-0400] {processor.py:830} INFO - Processing file /Users/manideepakreddyaila/Desktop/projects/Legal_Insights_Engine/.venv/lib/python3.11/site-packages/airflow/example_dags/example_latest_only_with_trigger.py for tasks to queue
[2024-04-14T17:56:34.937-0400] {logging_mixin.py:188} INFO - [2024-04-14T17:56:34.937-0400] {dagbag.py:540} INFO - Filling up the DagBag from /Users/manideepakreddyaila/Desktop/projects/Legal_Insights_Engine/.venv/lib/python3.11/site-packages/airflow/example_dags/example_latest_only_with_trigger.py
[2024-04-14T17:56:34.965-0400] {processor.py:840} INFO - DAG(s) 'latest_only_with_trigger' retrieved from /Users/manideepakreddyaila/Desktop/projects/Legal_Insights_Engine/.venv/lib/python3.11/site-packages/airflow/example_dags/example_latest_only_with_trigger.py
[2024-04-14T17:56:35.001-0400] {logging_mixin.py:188} INFO - [2024-04-14T17:56:35.001-0400] {dag.py:3096} INFO - Sync 1 DAGs
[2024-04-14T17:56:35.006-0400] {logging_mixin.py:188} INFO - [2024-04-14T17:56:35.006-0400] {dag.py:3954} INFO - Setting next_dagrun for latest_only_with_trigger to 2024-04-14 16:00:00+00:00, run_after=2024-04-14 20:00:00+00:00
[2024-04-14T17:56:35.012-0400] {processor.py:183} INFO - Processing /Users/manideepakreddyaila/Desktop/projects/Legal_Insights_Engine/.venv/lib/python3.11/site-packages/airflow/example_dags/example_latest_only_with_trigger.py took 0.078 seconds
[2024-04-14T17:58:33.940-0400] {processor.py:161} INFO - Started process (PID=36886) to work on /Users/manideepakreddyaila/Desktop/projects/Legal_Insights_Engine/.venv/lib/python3.11/site-packages/airflow/example_dags/example_latest_only_with_trigger.py
[2024-04-14T17:58:33.941-0400] {processor.py:830} INFO - Processing file /Users/manideepakreddyaila/Desktop/projects/Legal_Insights_Engine/.venv/lib/python3.11/site-packages/airflow/example_dags/example_latest_only_with_trigger.py for tasks to queue
[2024-04-14T17:58:33.941-0400] {logging_mixin.py:188} INFO - [2024-04-14T17:58:33.941-0400] {dagbag.py:540} INFO - Filling up the DagBag from /Users/manideepakreddyaila/Desktop/projects/Legal_Insights_Engine/.venv/lib/python3.11/site-packages/airflow/example_dags/example_latest_only_with_trigger.py
[2024-04-14T17:58:33.970-0400] {processor.py:840} INFO - DAG(s) 'latest_only_with_trigger' retrieved from /Users/manideepakreddyaila/Desktop/projects/Legal_Insights_Engine/.venv/lib/python3.11/site-packages/airflow/example_dags/example_latest_only_with_trigger.py
[2024-04-14T17:58:34.006-0400] {logging_mixin.py:188} INFO - [2024-04-14T17:58:34.006-0400] {dag.py:3096} INFO - Sync 1 DAGs
[2024-04-14T17:58:34.011-0400] {logging_mixin.py:188} INFO - [2024-04-14T17:58:34.011-0400] {dag.py:3954} INFO - Setting next_dagrun for latest_only_with_trigger to 2024-04-14 16:00:00+00:00, run_after=2024-04-14 20:00:00+00:00
[2024-04-14T17:58:34.017-0400] {processor.py:183} INFO - Processing /Users/manideepakreddyaila/Desktop/projects/Legal_Insights_Engine/.venv/lib/python3.11/site-packages/airflow/example_dags/example_latest_only_with_trigger.py took 0.078 seconds
[2024-04-14T18:00:27.335-0400] {processor.py:161} INFO - Started process (PID=36988) to work on /Users/manideepakreddyaila/Desktop/projects/Legal_Insights_Engine/.venv/lib/python3.11/site-packages/airflow/example_dags/example_latest_only_with_trigger.py
[2024-04-14T18:00:27.335-0400] {processor.py:830} INFO - Processing file /Users/manideepakreddyaila/Desktop/projects/Legal_Insights_Engine/.venv/lib/python3.11/site-packages/airflow/example_dags/example_latest_only_with_trigger.py for tasks to queue
[2024-04-14T18:00:27.336-0400] {logging_mixin.py:188} INFO - [2024-04-14T18:00:27.336-0400] {dagbag.py:540} INFO - Filling up the DagBag from /Users/manideepakreddyaila/Desktop/projects/Legal_Insights_Engine/.venv/lib/python3.11/site-packages/airflow/example_dags/example_latest_only_with_trigger.py
[2024-04-14T18:00:27.367-0400] {processor.py:840} INFO - DAG(s) 'latest_only_with_trigger' retrieved from /Users/manideepakreddyaila/Desktop/projects/Legal_Insights_Engine/.venv/lib/python3.11/site-packages/airflow/example_dags/example_latest_only_with_trigger.py
[2024-04-14T18:00:27.404-0400] {logging_mixin.py:188} INFO - [2024-04-14T18:00:27.404-0400] {dag.py:3096} INFO - Sync 1 DAGs
[2024-04-14T18:00:27.410-0400] {logging_mixin.py:188} INFO - [2024-04-14T18:00:27.410-0400] {dag.py:3954} INFO - Setting next_dagrun for latest_only_with_trigger to 2024-04-14 16:00:00+00:00, run_after=2024-04-14 20:00:00+00:00
[2024-04-14T18:00:27.416-0400] {processor.py:183} INFO - Processing /Users/manideepakreddyaila/Desktop/projects/Legal_Insights_Engine/.venv/lib/python3.11/site-packages/airflow/example_dags/example_latest_only_with_trigger.py took 0.083 seconds
[2024-04-14T18:02:30.818-0400] {processor.py:161} INFO - Started process (PID=37089) to work on /Users/manideepakreddyaila/Desktop/projects/Legal_Insights_Engine/.venv/lib/python3.11/site-packages/airflow/example_dags/example_latest_only_with_trigger.py
[2024-04-14T18:02:30.819-0400] {processor.py:830} INFO - Processing file /Users/manideepakreddyaila/Desktop/projects/Legal_Insights_Engine/.venv/lib/python3.11/site-packages/airflow/example_dags/example_latest_only_with_trigger.py for tasks to queue
[2024-04-14T18:02:30.819-0400] {logging_mixin.py:188} INFO - [2024-04-14T18:02:30.819-0400] {dagbag.py:540} INFO - Filling up the DagBag from /Users/manideepakreddyaila/Desktop/projects/Legal_Insights_Engine/.venv/lib/python3.11/site-packages/airflow/example_dags/example_latest_only_with_trigger.py
[2024-04-14T18:02:30.849-0400] {processor.py:840} INFO - DAG(s) 'latest_only_with_trigger' retrieved from /Users/manideepakreddyaila/Desktop/projects/Legal_Insights_Engine/.venv/lib/python3.11/site-packages/airflow/example_dags/example_latest_only_with_trigger.py
[2024-04-14T18:02:30.886-0400] {logging_mixin.py:188} INFO - [2024-04-14T18:02:30.886-0400] {dag.py:3096} INFO - Sync 1 DAGs
[2024-04-14T18:02:30.892-0400] {logging_mixin.py:188} INFO - [2024-04-14T18:02:30.892-0400] {dag.py:3954} INFO - Setting next_dagrun for latest_only_with_trigger to 2024-04-14 16:00:00+00:00, run_after=2024-04-14 20:00:00+00:00
[2024-04-14T18:02:30.900-0400] {processor.py:183} INFO - Processing /Users/manideepakreddyaila/Desktop/projects/Legal_Insights_Engine/.venv/lib/python3.11/site-packages/airflow/example_dags/example_latest_only_with_trigger.py took 0.082 seconds
[2024-04-14T18:04:27.043-0400] {processor.py:161} INFO - Started process (PID=37180) to work on /Users/manideepakreddyaila/Desktop/projects/Legal_Insights_Engine/.venv/lib/python3.11/site-packages/airflow/example_dags/example_latest_only_with_trigger.py
[2024-04-14T18:04:27.044-0400] {processor.py:830} INFO - Processing file /Users/manideepakreddyaila/Desktop/projects/Legal_Insights_Engine/.venv/lib/python3.11/site-packages/airflow/example_dags/example_latest_only_with_trigger.py for tasks to queue
[2024-04-14T18:04:27.044-0400] {logging_mixin.py:188} INFO - [2024-04-14T18:04:27.044-0400] {dagbag.py:540} INFO - Filling up the DagBag from /Users/manideepakreddyaila/Desktop/projects/Legal_Insights_Engine/.venv/lib/python3.11/site-packages/airflow/example_dags/example_latest_only_with_trigger.py
[2024-04-14T18:04:27.074-0400] {processor.py:840} INFO - DAG(s) 'latest_only_with_trigger' retrieved from /Users/manideepakreddyaila/Desktop/projects/Legal_Insights_Engine/.venv/lib/python3.11/site-packages/airflow/example_dags/example_latest_only_with_trigger.py
[2024-04-14T18:04:27.109-0400] {logging_mixin.py:188} INFO - [2024-04-14T18:04:27.109-0400] {dag.py:3096} INFO - Sync 1 DAGs
[2024-04-14T18:04:27.115-0400] {logging_mixin.py:188} INFO - [2024-04-14T18:04:27.114-0400] {dag.py:3954} INFO - Setting next_dagrun for latest_only_with_trigger to 2024-04-14 16:00:00+00:00, run_after=2024-04-14 20:00:00+00:00
[2024-04-14T18:04:27.121-0400] {processor.py:183} INFO - Processing /Users/manideepakreddyaila/Desktop/projects/Legal_Insights_Engine/.venv/lib/python3.11/site-packages/airflow/example_dags/example_latest_only_with_trigger.py took 0.079 seconds
[2024-04-14T18:06:24.807-0400] {processor.py:161} INFO - Started process (PID=37276) to work on /Users/manideepakreddyaila/Desktop/projects/Legal_Insights_Engine/.venv/lib/python3.11/site-packages/airflow/example_dags/example_latest_only_with_trigger.py
[2024-04-14T18:06:24.808-0400] {processor.py:830} INFO - Processing file /Users/manideepakreddyaila/Desktop/projects/Legal_Insights_Engine/.venv/lib/python3.11/site-packages/airflow/example_dags/example_latest_only_with_trigger.py for tasks to queue
[2024-04-14T18:06:24.809-0400] {logging_mixin.py:188} INFO - [2024-04-14T18:06:24.809-0400] {dagbag.py:540} INFO - Filling up the DagBag from /Users/manideepakreddyaila/Desktop/projects/Legal_Insights_Engine/.venv/lib/python3.11/site-packages/airflow/example_dags/example_latest_only_with_trigger.py
[2024-04-14T18:06:24.837-0400] {processor.py:840} INFO - DAG(s) 'latest_only_with_trigger' retrieved from /Users/manideepakreddyaila/Desktop/projects/Legal_Insights_Engine/.venv/lib/python3.11/site-packages/airflow/example_dags/example_latest_only_with_trigger.py
[2024-04-14T18:06:24.875-0400] {logging_mixin.py:188} INFO - [2024-04-14T18:06:24.875-0400] {dag.py:3096} INFO - Sync 1 DAGs
[2024-04-14T18:06:24.881-0400] {logging_mixin.py:188} INFO - [2024-04-14T18:06:24.881-0400] {dag.py:3954} INFO - Setting next_dagrun for latest_only_with_trigger to 2024-04-14 16:00:00+00:00, run_after=2024-04-14 20:00:00+00:00
[2024-04-14T18:06:24.888-0400] {processor.py:183} INFO - Processing /Users/manideepakreddyaila/Desktop/projects/Legal_Insights_Engine/.venv/lib/python3.11/site-packages/airflow/example_dags/example_latest_only_with_trigger.py took 0.081 seconds
[2024-04-14T18:08:24.666-0400] {processor.py:161} INFO - Started process (PID=37381) to work on /Users/manideepakreddyaila/Desktop/projects/Legal_Insights_Engine/.venv/lib/python3.11/site-packages/airflow/example_dags/example_latest_only_with_trigger.py
[2024-04-14T18:08:24.667-0400] {processor.py:830} INFO - Processing file /Users/manideepakreddyaila/Desktop/projects/Legal_Insights_Engine/.venv/lib/python3.11/site-packages/airflow/example_dags/example_latest_only_with_trigger.py for tasks to queue
[2024-04-14T18:08:24.667-0400] {logging_mixin.py:188} INFO - [2024-04-14T18:08:24.667-0400] {dagbag.py:540} INFO - Filling up the DagBag from /Users/manideepakreddyaila/Desktop/projects/Legal_Insights_Engine/.venv/lib/python3.11/site-packages/airflow/example_dags/example_latest_only_with_trigger.py
[2024-04-14T18:08:24.696-0400] {processor.py:840} INFO - DAG(s) 'latest_only_with_trigger' retrieved from /Users/manideepakreddyaila/Desktop/projects/Legal_Insights_Engine/.venv/lib/python3.11/site-packages/airflow/example_dags/example_latest_only_with_trigger.py
[2024-04-14T18:08:24.733-0400] {logging_mixin.py:188} INFO - [2024-04-14T18:08:24.733-0400] {dag.py:3096} INFO - Sync 1 DAGs
[2024-04-14T18:08:24.739-0400] {logging_mixin.py:188} INFO - [2024-04-14T18:08:24.739-0400] {dag.py:3954} INFO - Setting next_dagrun for latest_only_with_trigger to 2024-04-14 16:00:00+00:00, run_after=2024-04-14 20:00:00+00:00
[2024-04-14T18:08:24.747-0400] {processor.py:183} INFO - Processing /Users/manideepakreddyaila/Desktop/projects/Legal_Insights_Engine/.venv/lib/python3.11/site-packages/airflow/example_dags/example_latest_only_with_trigger.py took 0.082 seconds
[2024-04-14T18:10:15.853-0400] {processor.py:161} INFO - Started process (PID=37480) to work on /Users/manideepakreddyaila/Desktop/projects/Legal_Insights_Engine/.venv/lib/python3.11/site-packages/airflow/example_dags/example_latest_only_with_trigger.py
[2024-04-14T18:10:15.854-0400] {processor.py:830} INFO - Processing file /Users/manideepakreddyaila/Desktop/projects/Legal_Insights_Engine/.venv/lib/python3.11/site-packages/airflow/example_dags/example_latest_only_with_trigger.py for tasks to queue
[2024-04-14T18:10:15.854-0400] {logging_mixin.py:188} INFO - [2024-04-14T18:10:15.854-0400] {dagbag.py:540} INFO - Filling up the DagBag from /Users/manideepakreddyaila/Desktop/projects/Legal_Insights_Engine/.venv/lib/python3.11/site-packages/airflow/example_dags/example_latest_only_with_trigger.py
[2024-04-14T18:10:15.883-0400] {processor.py:840} INFO - DAG(s) 'latest_only_with_trigger' retrieved from /Users/manideepakreddyaila/Desktop/projects/Legal_Insights_Engine/.venv/lib/python3.11/site-packages/airflow/example_dags/example_latest_only_with_trigger.py
[2024-04-14T18:10:15.918-0400] {logging_mixin.py:188} INFO - [2024-04-14T18:10:15.918-0400] {dag.py:3096} INFO - Sync 1 DAGs
[2024-04-14T18:10:15.924-0400] {logging_mixin.py:188} INFO - [2024-04-14T18:10:15.924-0400] {dag.py:3954} INFO - Setting next_dagrun for latest_only_with_trigger to 2024-04-14 16:00:00+00:00, run_after=2024-04-14 20:00:00+00:00
[2024-04-14T18:10:15.930-0400] {processor.py:183} INFO - Processing /Users/manideepakreddyaila/Desktop/projects/Legal_Insights_Engine/.venv/lib/python3.11/site-packages/airflow/example_dags/example_latest_only_with_trigger.py took 0.078 seconds
[2024-04-14T18:12:12.448-0400] {processor.py:161} INFO - Started process (PID=37592) to work on /Users/manideepakreddyaila/Desktop/projects/Legal_Insights_Engine/.venv/lib/python3.11/site-packages/airflow/example_dags/example_latest_only_with_trigger.py
[2024-04-14T18:12:12.449-0400] {processor.py:830} INFO - Processing file /Users/manideepakreddyaila/Desktop/projects/Legal_Insights_Engine/.venv/lib/python3.11/site-packages/airflow/example_dags/example_latest_only_with_trigger.py for tasks to queue
[2024-04-14T18:12:12.449-0400] {logging_mixin.py:188} INFO - [2024-04-14T18:12:12.449-0400] {dagbag.py:540} INFO - Filling up the DagBag from /Users/manideepakreddyaila/Desktop/projects/Legal_Insights_Engine/.venv/lib/python3.11/site-packages/airflow/example_dags/example_latest_only_with_trigger.py
[2024-04-14T18:12:12.480-0400] {processor.py:840} INFO - DAG(s) 'latest_only_with_trigger' retrieved from /Users/manideepakreddyaila/Desktop/projects/Legal_Insights_Engine/.venv/lib/python3.11/site-packages/airflow/example_dags/example_latest_only_with_trigger.py
[2024-04-14T18:12:12.515-0400] {logging_mixin.py:188} INFO - [2024-04-14T18:12:12.515-0400] {dag.py:3096} INFO - Sync 1 DAGs
[2024-04-14T18:12:12.520-0400] {logging_mixin.py:188} INFO - [2024-04-14T18:12:12.520-0400] {dag.py:3954} INFO - Setting next_dagrun for latest_only_with_trigger to 2024-04-14 16:00:00+00:00, run_after=2024-04-14 20:00:00+00:00
[2024-04-14T18:12:12.527-0400] {processor.py:183} INFO - Processing /Users/manideepakreddyaila/Desktop/projects/Legal_Insights_Engine/.venv/lib/python3.11/site-packages/airflow/example_dags/example_latest_only_with_trigger.py took 0.080 seconds
[2024-04-14T18:14:12.610-0400] {processor.py:161} INFO - Started process (PID=37691) to work on /Users/manideepakreddyaila/Desktop/projects/Legal_Insights_Engine/.venv/lib/python3.11/site-packages/airflow/example_dags/example_latest_only_with_trigger.py
[2024-04-14T18:14:12.611-0400] {processor.py:830} INFO - Processing file /Users/manideepakreddyaila/Desktop/projects/Legal_Insights_Engine/.venv/lib/python3.11/site-packages/airflow/example_dags/example_latest_only_with_trigger.py for tasks to queue
[2024-04-14T18:14:12.611-0400] {logging_mixin.py:188} INFO - [2024-04-14T18:14:12.611-0400] {dagbag.py:540} INFO - Filling up the DagBag from /Users/manideepakreddyaila/Desktop/projects/Legal_Insights_Engine/.venv/lib/python3.11/site-packages/airflow/example_dags/example_latest_only_with_trigger.py
[2024-04-14T18:14:12.641-0400] {processor.py:840} INFO - DAG(s) 'latest_only_with_trigger' retrieved from /Users/manideepakreddyaila/Desktop/projects/Legal_Insights_Engine/.venv/lib/python3.11/site-packages/airflow/example_dags/example_latest_only_with_trigger.py
[2024-04-14T18:14:12.677-0400] {logging_mixin.py:188} INFO - [2024-04-14T18:14:12.677-0400] {dag.py:3096} INFO - Sync 1 DAGs
[2024-04-14T18:14:12.683-0400] {logging_mixin.py:188} INFO - [2024-04-14T18:14:12.683-0400] {dag.py:3954} INFO - Setting next_dagrun for latest_only_with_trigger to 2024-04-14 16:00:00+00:00, run_after=2024-04-14 20:00:00+00:00
[2024-04-14T18:14:12.689-0400] {processor.py:183} INFO - Processing /Users/manideepakreddyaila/Desktop/projects/Legal_Insights_Engine/.venv/lib/python3.11/site-packages/airflow/example_dags/example_latest_only_with_trigger.py took 0.080 seconds
[2024-04-14T18:16:10.368-0400] {processor.py:161} INFO - Started process (PID=37793) to work on /Users/manideepakreddyaila/Desktop/projects/Legal_Insights_Engine/.venv/lib/python3.11/site-packages/airflow/example_dags/example_latest_only_with_trigger.py
[2024-04-14T18:16:10.369-0400] {processor.py:830} INFO - Processing file /Users/manideepakreddyaila/Desktop/projects/Legal_Insights_Engine/.venv/lib/python3.11/site-packages/airflow/example_dags/example_latest_only_with_trigger.py for tasks to queue
[2024-04-14T18:16:10.369-0400] {logging_mixin.py:188} INFO - [2024-04-14T18:16:10.369-0400] {dagbag.py:540} INFO - Filling up the DagBag from /Users/manideepakreddyaila/Desktop/projects/Legal_Insights_Engine/.venv/lib/python3.11/site-packages/airflow/example_dags/example_latest_only_with_trigger.py
[2024-04-14T18:16:10.398-0400] {processor.py:840} INFO - DAG(s) 'latest_only_with_trigger' retrieved from /Users/manideepakreddyaila/Desktop/projects/Legal_Insights_Engine/.venv/lib/python3.11/site-packages/airflow/example_dags/example_latest_only_with_trigger.py
[2024-04-14T18:16:10.434-0400] {logging_mixin.py:188} INFO - [2024-04-14T18:16:10.434-0400] {dag.py:3096} INFO - Sync 1 DAGs
[2024-04-14T18:16:10.440-0400] {logging_mixin.py:188} INFO - [2024-04-14T18:16:10.439-0400] {dag.py:3954} INFO - Setting next_dagrun for latest_only_with_trigger to 2024-04-14 16:00:00+00:00, run_after=2024-04-14 20:00:00+00:00
[2024-04-14T18:16:10.446-0400] {processor.py:183} INFO - Processing /Users/manideepakreddyaila/Desktop/projects/Legal_Insights_Engine/.venv/lib/python3.11/site-packages/airflow/example_dags/example_latest_only_with_trigger.py took 0.079 seconds
