[2024-04-13T20:07:33.724-0400] {processor.py:161} INFO - Started process (PID=31698) to work on /Users/manideepakreddyaila/Desktop/projects/Legal_Insights_Engine/.venv/lib/python3.11/site-packages/airflow/example_dags/example_bash_decorator.py
[2024-04-13T20:07:33.725-0400] {processor.py:830} INFO - Processing file /Users/manideepakreddyaila/Desktop/projects/Legal_Insights_Engine/.venv/lib/python3.11/site-packages/airflow/example_dags/example_bash_decorator.py for tasks to queue
[2024-04-13T20:07:33.725-0400] {logging_mixin.py:188} INFO - [2024-04-13T20:07:33.725-0400] {dagbag.py:540} INFO - Filling up the DagBag from /Users/manideepakreddyaila/Desktop/projects/Legal_Insights_Engine/.venv/lib/python3.11/site-packages/airflow/example_dags/example_bash_decorator.py
[2024-04-13T20:07:33.767-0400] {processor.py:840} INFO - DAG(s) 'example_bash_decorator' retrieved from /Users/manideepakreddyaila/Desktop/projects/Legal_Insights_Engine/.venv/lib/python3.11/site-packages/airflow/example_dags/example_bash_decorator.py
[2024-04-13T20:07:33.846-0400] {logging_mixin.py:188} INFO - [2024-04-13T20:07:33.846-0400] {dag.py:3096} INFO - Sync 1 DAGs
[2024-04-13T20:07:33.849-0400] {logging_mixin.py:188} INFO - [2024-04-13T20:07:33.849-0400] {dag.py:3954} INFO - Setting next_dagrun for example_bash_decorator to None, run_after=None
[2024-04-13T20:07:33.855-0400] {processor.py:183} INFO - Processing /Users/manideepakreddyaila/Desktop/projects/Legal_Insights_Engine/.venv/lib/python3.11/site-packages/airflow/example_dags/example_bash_decorator.py took 0.131 seconds
[2024-04-13T23:10:50.830-0400] {processor.py:161} INFO - Started process (PID=31938) to work on /Users/manideepakreddyaila/Desktop/projects/Legal_Insights_Engine/.venv/lib/python3.11/site-packages/airflow/example_dags/example_bash_decorator.py
[2024-04-13T23:10:50.831-0400] {processor.py:830} INFO - Processing file /Users/manideepakreddyaila/Desktop/projects/Legal_Insights_Engine/.venv/lib/python3.11/site-packages/airflow/example_dags/example_bash_decorator.py for tasks to queue
[2024-04-13T23:10:50.831-0400] {logging_mixin.py:188} INFO - [2024-04-13T23:10:50.831-0400] {dagbag.py:540} INFO - Filling up the DagBag from /Users/manideepakreddyaila/Desktop/projects/Legal_Insights_Engine/.venv/lib/python3.11/site-packages/airflow/example_dags/example_bash_decorator.py
[2024-04-13T23:10:50.873-0400] {processor.py:840} INFO - DAG(s) 'example_bash_decorator' retrieved from /Users/manideepakreddyaila/Desktop/projects/Legal_Insights_Engine/.venv/lib/python3.11/site-packages/airflow/example_dags/example_bash_decorator.py
[2024-04-13T23:10:50.953-0400] {logging_mixin.py:188} INFO - [2024-04-13T23:10:50.953-0400] {dag.py:3096} INFO - Sync 1 DAGs
[2024-04-13T23:10:50.956-0400] {logging_mixin.py:188} INFO - [2024-04-13T23:10:50.956-0400] {dag.py:3954} INFO - Setting next_dagrun for example_bash_decorator to None, run_after=None
[2024-04-13T23:10:50.962-0400] {processor.py:183} INFO - Processing /Users/manideepakreddyaila/Desktop/projects/Legal_Insights_Engine/.venv/lib/python3.11/site-packages/airflow/example_dags/example_bash_decorator.py took 0.133 seconds
[2024-04-14T04:34:14.485-0400] {processor.py:161} INFO - Started process (PID=32415) to work on /Users/manideepakreddyaila/Desktop/projects/Legal_Insights_Engine/.venv/lib/python3.11/site-packages/airflow/example_dags/example_bash_decorator.py
[2024-04-14T04:34:14.485-0400] {processor.py:830} INFO - Processing file /Users/manideepakreddyaila/Desktop/projects/Legal_Insights_Engine/.venv/lib/python3.11/site-packages/airflow/example_dags/example_bash_decorator.py for tasks to queue
[2024-04-14T04:34:14.486-0400] {logging_mixin.py:188} INFO - [2024-04-14T04:34:14.485-0400] {dagbag.py:540} INFO - Filling up the DagBag from /Users/manideepakreddyaila/Desktop/projects/Legal_Insights_Engine/.venv/lib/python3.11/site-packages/airflow/example_dags/example_bash_decorator.py
[2024-04-14T04:34:14.526-0400] {processor.py:840} INFO - DAG(s) 'example_bash_decorator' retrieved from /Users/manideepakreddyaila/Desktop/projects/Legal_Insights_Engine/.venv/lib/python3.11/site-packages/airflow/example_dags/example_bash_decorator.py
[2024-04-14T04:34:14.605-0400] {logging_mixin.py:188} INFO - [2024-04-14T04:34:14.605-0400] {dag.py:3096} INFO - Sync 1 DAGs
[2024-04-14T04:34:14.608-0400] {logging_mixin.py:188} INFO - [2024-04-14T04:34:14.608-0400] {dag.py:3954} INFO - Setting next_dagrun for example_bash_decorator to None, run_after=None
[2024-04-14T04:34:14.614-0400] {processor.py:183} INFO - Processing /Users/manideepakreddyaila/Desktop/projects/Legal_Insights_Engine/.venv/lib/python3.11/site-packages/airflow/example_dags/example_bash_decorator.py took 0.130 seconds
[2024-04-14T08:11:35.505-0400] {processor.py:161} INFO - Started process (PID=32764) to work on /Users/manideepakreddyaila/Desktop/projects/Legal_Insights_Engine/.venv/lib/python3.11/site-packages/airflow/example_dags/example_bash_decorator.py
[2024-04-14T08:11:35.505-0400] {processor.py:830} INFO - Processing file /Users/manideepakreddyaila/Desktop/projects/Legal_Insights_Engine/.venv/lib/python3.11/site-packages/airflow/example_dags/example_bash_decorator.py for tasks to queue
[2024-04-14T08:11:35.505-0400] {logging_mixin.py:188} INFO - [2024-04-14T08:11:35.505-0400] {dagbag.py:540} INFO - Filling up the DagBag from /Users/manideepakreddyaila/Desktop/projects/Legal_Insights_Engine/.venv/lib/python3.11/site-packages/airflow/example_dags/example_bash_decorator.py
[2024-04-14T08:11:35.551-0400] {processor.py:840} INFO - DAG(s) 'example_bash_decorator' retrieved from /Users/manideepakreddyaila/Desktop/projects/Legal_Insights_Engine/.venv/lib/python3.11/site-packages/airflow/example_dags/example_bash_decorator.py
[2024-04-14T08:11:35.632-0400] {logging_mixin.py:188} INFO - [2024-04-14T08:11:35.631-0400] {dag.py:3096} INFO - Sync 1 DAGs
[2024-04-14T08:11:35.635-0400] {logging_mixin.py:188} INFO - [2024-04-14T08:11:35.634-0400] {dag.py:3954} INFO - Setting next_dagrun for example_bash_decorator to None, run_after=None
[2024-04-14T08:11:35.641-0400] {processor.py:183} INFO - Processing /Users/manideepakreddyaila/Desktop/projects/Legal_Insights_Engine/.venv/lib/python3.11/site-packages/airflow/example_dags/example_bash_decorator.py took 0.137 seconds
[2024-04-14T09:15:16.317-0400] {processor.py:161} INFO - Started process (PID=33001) to work on /Users/manideepakreddyaila/Desktop/projects/Legal_Insights_Engine/.venv/lib/python3.11/site-packages/airflow/example_dags/example_bash_decorator.py
[2024-04-14T09:15:16.317-0400] {processor.py:830} INFO - Processing file /Users/manideepakreddyaila/Desktop/projects/Legal_Insights_Engine/.venv/lib/python3.11/site-packages/airflow/example_dags/example_bash_decorator.py for tasks to queue
[2024-04-14T09:15:16.318-0400] {logging_mixin.py:188} INFO - [2024-04-14T09:15:16.318-0400] {dagbag.py:540} INFO - Filling up the DagBag from /Users/manideepakreddyaila/Desktop/projects/Legal_Insights_Engine/.venv/lib/python3.11/site-packages/airflow/example_dags/example_bash_decorator.py
[2024-04-14T09:15:16.364-0400] {processor.py:840} INFO - DAG(s) 'example_bash_decorator' retrieved from /Users/manideepakreddyaila/Desktop/projects/Legal_Insights_Engine/.venv/lib/python3.11/site-packages/airflow/example_dags/example_bash_decorator.py
[2024-04-14T09:15:16.448-0400] {logging_mixin.py:188} INFO - [2024-04-14T09:15:16.448-0400] {dag.py:3096} INFO - Sync 1 DAGs
[2024-04-14T09:15:16.451-0400] {logging_mixin.py:188} INFO - [2024-04-14T09:15:16.451-0400] {dag.py:3954} INFO - Setting next_dagrun for example_bash_decorator to None, run_after=None
[2024-04-14T09:15:16.457-0400] {processor.py:183} INFO - Processing /Users/manideepakreddyaila/Desktop/projects/Legal_Insights_Engine/.venv/lib/python3.11/site-packages/airflow/example_dags/example_bash_decorator.py took 0.142 seconds
[2024-04-14T12:08:05.917-0400] {processor.py:161} INFO - Started process (PID=33297) to work on /Users/manideepakreddyaila/Desktop/projects/Legal_Insights_Engine/.venv/lib/python3.11/site-packages/airflow/example_dags/example_bash_decorator.py
[2024-04-14T12:08:05.917-0400] {processor.py:830} INFO - Processing file /Users/manideepakreddyaila/Desktop/projects/Legal_Insights_Engine/.venv/lib/python3.11/site-packages/airflow/example_dags/example_bash_decorator.py for tasks to queue
[2024-04-14T12:08:05.918-0400] {logging_mixin.py:188} INFO - [2024-04-14T12:08:05.918-0400] {dagbag.py:540} INFO - Filling up the DagBag from /Users/manideepakreddyaila/Desktop/projects/Legal_Insights_Engine/.venv/lib/python3.11/site-packages/airflow/example_dags/example_bash_decorator.py
[2024-04-14T12:08:05.958-0400] {processor.py:840} INFO - DAG(s) 'example_bash_decorator' retrieved from /Users/manideepakreddyaila/Desktop/projects/Legal_Insights_Engine/.venv/lib/python3.11/site-packages/airflow/example_dags/example_bash_decorator.py
[2024-04-14T12:08:06.039-0400] {logging_mixin.py:188} INFO - [2024-04-14T12:08:06.039-0400] {dag.py:3096} INFO - Sync 1 DAGs
[2024-04-14T12:08:06.042-0400] {logging_mixin.py:188} INFO - [2024-04-14T12:08:06.042-0400] {dag.py:3954} INFO - Setting next_dagrun for example_bash_decorator to None, run_after=None
[2024-04-14T12:08:06.049-0400] {processor.py:183} INFO - Processing /Users/manideepakreddyaila/Desktop/projects/Legal_Insights_Engine/.venv/lib/python3.11/site-packages/airflow/example_dags/example_bash_decorator.py took 0.133 seconds
[2024-04-14T16:26:57.061-0400] {processor.py:161} INFO - Started process (PID=33669) to work on /Users/manideepakreddyaila/Desktop/projects/Legal_Insights_Engine/.venv/lib/python3.11/site-packages/airflow/example_dags/example_bash_decorator.py
[2024-04-14T16:26:57.062-0400] {processor.py:830} INFO - Processing file /Users/manideepakreddyaila/Desktop/projects/Legal_Insights_Engine/.venv/lib/python3.11/site-packages/airflow/example_dags/example_bash_decorator.py for tasks to queue
[2024-04-14T16:26:57.062-0400] {logging_mixin.py:188} INFO - [2024-04-14T16:26:57.062-0400] {dagbag.py:540} INFO - Filling up the DagBag from /Users/manideepakreddyaila/Desktop/projects/Legal_Insights_Engine/.venv/lib/python3.11/site-packages/airflow/example_dags/example_bash_decorator.py
[2024-04-14T16:26:57.106-0400] {processor.py:840} INFO - DAG(s) 'example_bash_decorator' retrieved from /Users/manideepakreddyaila/Desktop/projects/Legal_Insights_Engine/.venv/lib/python3.11/site-packages/airflow/example_dags/example_bash_decorator.py
[2024-04-14T16:26:57.187-0400] {logging_mixin.py:188} INFO - [2024-04-14T16:26:57.187-0400] {dag.py:3096} INFO - Sync 1 DAGs
[2024-04-14T16:26:57.190-0400] {logging_mixin.py:188} INFO - [2024-04-14T16:26:57.190-0400] {dag.py:3954} INFO - Setting next_dagrun for example_bash_decorator to None, run_after=None
[2024-04-14T16:26:57.196-0400] {processor.py:183} INFO - Processing /Users/manideepakreddyaila/Desktop/projects/Legal_Insights_Engine/.venv/lib/python3.11/site-packages/airflow/example_dags/example_bash_decorator.py took 0.136 seconds
[2024-04-14T16:38:31.418-0400] {processor.py:161} INFO - Started process (PID=33834) to work on /Users/manideepakreddyaila/Desktop/projects/Legal_Insights_Engine/.venv/lib/python3.11/site-packages/airflow/example_dags/example_bash_decorator.py
[2024-04-14T16:38:31.418-0400] {processor.py:830} INFO - Processing file /Users/manideepakreddyaila/Desktop/projects/Legal_Insights_Engine/.venv/lib/python3.11/site-packages/airflow/example_dags/example_bash_decorator.py for tasks to queue
[2024-04-14T16:38:31.419-0400] {logging_mixin.py:188} INFO - [2024-04-14T16:38:31.419-0400] {dagbag.py:540} INFO - Filling up the DagBag from /Users/manideepakreddyaila/Desktop/projects/Legal_Insights_Engine/.venv/lib/python3.11/site-packages/airflow/example_dags/example_bash_decorator.py
[2024-04-14T16:38:31.460-0400] {processor.py:840} INFO - DAG(s) 'example_bash_decorator' retrieved from /Users/manideepakreddyaila/Desktop/projects/Legal_Insights_Engine/.venv/lib/python3.11/site-packages/airflow/example_dags/example_bash_decorator.py
[2024-04-14T16:38:31.548-0400] {logging_mixin.py:188} INFO - [2024-04-14T16:38:31.548-0400] {dag.py:3096} INFO - Sync 1 DAGs
[2024-04-14T16:38:31.553-0400] {logging_mixin.py:188} INFO - [2024-04-14T16:38:31.553-0400] {dag.py:3954} INFO - Setting next_dagrun for example_bash_decorator to None, run_after=None
[2024-04-14T16:38:31.559-0400] {processor.py:183} INFO - Processing /Users/manideepakreddyaila/Desktop/projects/Legal_Insights_Engine/.venv/lib/python3.11/site-packages/airflow/example_dags/example_bash_decorator.py took 0.143 seconds
[2024-04-14T16:40:29.837-0400] {processor.py:161} INFO - Started process (PID=33932) to work on /Users/manideepakreddyaila/Desktop/projects/Legal_Insights_Engine/.venv/lib/python3.11/site-packages/airflow/example_dags/example_bash_decorator.py
[2024-04-14T16:40:29.838-0400] {processor.py:830} INFO - Processing file /Users/manideepakreddyaila/Desktop/projects/Legal_Insights_Engine/.venv/lib/python3.11/site-packages/airflow/example_dags/example_bash_decorator.py for tasks to queue
[2024-04-14T16:40:29.838-0400] {logging_mixin.py:188} INFO - [2024-04-14T16:40:29.838-0400] {dagbag.py:540} INFO - Filling up the DagBag from /Users/manideepakreddyaila/Desktop/projects/Legal_Insights_Engine/.venv/lib/python3.11/site-packages/airflow/example_dags/example_bash_decorator.py
[2024-04-14T16:40:29.880-0400] {processor.py:840} INFO - DAG(s) 'example_bash_decorator' retrieved from /Users/manideepakreddyaila/Desktop/projects/Legal_Insights_Engine/.venv/lib/python3.11/site-packages/airflow/example_dags/example_bash_decorator.py
[2024-04-14T16:40:29.967-0400] {logging_mixin.py:188} INFO - [2024-04-14T16:40:29.967-0400] {dag.py:3096} INFO - Sync 1 DAGs
[2024-04-14T16:40:29.970-0400] {logging_mixin.py:188} INFO - [2024-04-14T16:40:29.970-0400] {dag.py:3954} INFO - Setting next_dagrun for example_bash_decorator to None, run_after=None
[2024-04-14T16:40:29.978-0400] {processor.py:183} INFO - Processing /Users/manideepakreddyaila/Desktop/projects/Legal_Insights_Engine/.venv/lib/python3.11/site-packages/airflow/example_dags/example_bash_decorator.py took 0.142 seconds
[2024-04-14T16:42:23.900-0400] {processor.py:161} INFO - Started process (PID=34028) to work on /Users/manideepakreddyaila/Desktop/projects/Legal_Insights_Engine/.venv/lib/python3.11/site-packages/airflow/example_dags/example_bash_decorator.py
[2024-04-14T16:42:23.901-0400] {processor.py:830} INFO - Processing file /Users/manideepakreddyaila/Desktop/projects/Legal_Insights_Engine/.venv/lib/python3.11/site-packages/airflow/example_dags/example_bash_decorator.py for tasks to queue
[2024-04-14T16:42:23.901-0400] {logging_mixin.py:188} INFO - [2024-04-14T16:42:23.901-0400] {dagbag.py:540} INFO - Filling up the DagBag from /Users/manideepakreddyaila/Desktop/projects/Legal_Insights_Engine/.venv/lib/python3.11/site-packages/airflow/example_dags/example_bash_decorator.py
[2024-04-14T16:42:23.944-0400] {processor.py:840} INFO - DAG(s) 'example_bash_decorator' retrieved from /Users/manideepakreddyaila/Desktop/projects/Legal_Insights_Engine/.venv/lib/python3.11/site-packages/airflow/example_dags/example_bash_decorator.py
[2024-04-14T16:42:24.035-0400] {logging_mixin.py:188} INFO - [2024-04-14T16:42:24.035-0400] {dag.py:3096} INFO - Sync 1 DAGs
[2024-04-14T16:42:24.038-0400] {logging_mixin.py:188} INFO - [2024-04-14T16:42:24.038-0400] {dag.py:3954} INFO - Setting next_dagrun for example_bash_decorator to None, run_after=None
[2024-04-14T16:42:24.045-0400] {processor.py:183} INFO - Processing /Users/manideepakreddyaila/Desktop/projects/Legal_Insights_Engine/.venv/lib/python3.11/site-packages/airflow/example_dags/example_bash_decorator.py took 0.146 seconds
[2024-04-14T16:44:23.259-0400] {processor.py:161} INFO - Started process (PID=34137) to work on /Users/manideepakreddyaila/Desktop/projects/Legal_Insights_Engine/.venv/lib/python3.11/site-packages/airflow/example_dags/example_bash_decorator.py
[2024-04-14T16:44:23.260-0400] {processor.py:830} INFO - Processing file /Users/manideepakreddyaila/Desktop/projects/Legal_Insights_Engine/.venv/lib/python3.11/site-packages/airflow/example_dags/example_bash_decorator.py for tasks to queue
[2024-04-14T16:44:23.260-0400] {logging_mixin.py:188} INFO - [2024-04-14T16:44:23.260-0400] {dagbag.py:540} INFO - Filling up the DagBag from /Users/manideepakreddyaila/Desktop/projects/Legal_Insights_Engine/.venv/lib/python3.11/site-packages/airflow/example_dags/example_bash_decorator.py
[2024-04-14T16:44:23.301-0400] {processor.py:840} INFO - DAG(s) 'example_bash_decorator' retrieved from /Users/manideepakreddyaila/Desktop/projects/Legal_Insights_Engine/.venv/lib/python3.11/site-packages/airflow/example_dags/example_bash_decorator.py
[2024-04-14T16:44:23.386-0400] {logging_mixin.py:188} INFO - [2024-04-14T16:44:23.386-0400] {dag.py:3096} INFO - Sync 1 DAGs
[2024-04-14T16:44:23.389-0400] {logging_mixin.py:188} INFO - [2024-04-14T16:44:23.389-0400] {dag.py:3954} INFO - Setting next_dagrun for example_bash_decorator to None, run_after=None
[2024-04-14T16:44:23.395-0400] {processor.py:183} INFO - Processing /Users/manideepakreddyaila/Desktop/projects/Legal_Insights_Engine/.venv/lib/python3.11/site-packages/airflow/example_dags/example_bash_decorator.py took 0.137 seconds
[2024-04-14T16:46:24.259-0400] {processor.py:161} INFO - Started process (PID=34240) to work on /Users/manideepakreddyaila/Desktop/projects/Legal_Insights_Engine/.venv/lib/python3.11/site-packages/airflow/example_dags/example_bash_decorator.py
[2024-04-14T16:46:24.259-0400] {processor.py:830} INFO - Processing file /Users/manideepakreddyaila/Desktop/projects/Legal_Insights_Engine/.venv/lib/python3.11/site-packages/airflow/example_dags/example_bash_decorator.py for tasks to queue
[2024-04-14T16:46:24.259-0400] {logging_mixin.py:188} INFO - [2024-04-14T16:46:24.259-0400] {dagbag.py:540} INFO - Filling up the DagBag from /Users/manideepakreddyaila/Desktop/projects/Legal_Insights_Engine/.venv/lib/python3.11/site-packages/airflow/example_dags/example_bash_decorator.py
[2024-04-14T16:46:24.299-0400] {processor.py:840} INFO - DAG(s) 'example_bash_decorator' retrieved from /Users/manideepakreddyaila/Desktop/projects/Legal_Insights_Engine/.venv/lib/python3.11/site-packages/airflow/example_dags/example_bash_decorator.py
[2024-04-14T16:46:24.389-0400] {logging_mixin.py:188} INFO - [2024-04-14T16:46:24.389-0400] {dag.py:3096} INFO - Sync 1 DAGs
[2024-04-14T16:46:24.393-0400] {logging_mixin.py:188} INFO - [2024-04-14T16:46:24.393-0400] {dag.py:3954} INFO - Setting next_dagrun for example_bash_decorator to None, run_after=None
[2024-04-14T16:46:24.401-0400] {processor.py:183} INFO - Processing /Users/manideepakreddyaila/Desktop/projects/Legal_Insights_Engine/.venv/lib/python3.11/site-packages/airflow/example_dags/example_bash_decorator.py took 0.143 seconds
[2024-04-14T16:48:21.174-0400] {processor.py:161} INFO - Started process (PID=34339) to work on /Users/manideepakreddyaila/Desktop/projects/Legal_Insights_Engine/.venv/lib/python3.11/site-packages/airflow/example_dags/example_bash_decorator.py
[2024-04-14T16:48:21.175-0400] {processor.py:830} INFO - Processing file /Users/manideepakreddyaila/Desktop/projects/Legal_Insights_Engine/.venv/lib/python3.11/site-packages/airflow/example_dags/example_bash_decorator.py for tasks to queue
[2024-04-14T16:48:21.175-0400] {logging_mixin.py:188} INFO - [2024-04-14T16:48:21.175-0400] {dagbag.py:540} INFO - Filling up the DagBag from /Users/manideepakreddyaila/Desktop/projects/Legal_Insights_Engine/.venv/lib/python3.11/site-packages/airflow/example_dags/example_bash_decorator.py
[2024-04-14T16:48:21.218-0400] {processor.py:840} INFO - DAG(s) 'example_bash_decorator' retrieved from /Users/manideepakreddyaila/Desktop/projects/Legal_Insights_Engine/.venv/lib/python3.11/site-packages/airflow/example_dags/example_bash_decorator.py
[2024-04-14T16:48:21.310-0400] {logging_mixin.py:188} INFO - [2024-04-14T16:48:21.310-0400] {dag.py:3096} INFO - Sync 1 DAGs
[2024-04-14T16:48:21.313-0400] {logging_mixin.py:188} INFO - [2024-04-14T16:48:21.313-0400] {dag.py:3954} INFO - Setting next_dagrun for example_bash_decorator to None, run_after=None
[2024-04-14T16:48:21.319-0400] {processor.py:183} INFO - Processing /Users/manideepakreddyaila/Desktop/projects/Legal_Insights_Engine/.venv/lib/python3.11/site-packages/airflow/example_dags/example_bash_decorator.py took 0.146 seconds
[2024-04-14T16:58:13.414-0400] {processor.py:161} INFO - Started process (PID=34461) to work on /Users/manideepakreddyaila/Desktop/projects/Legal_Insights_Engine/.venv/lib/python3.11/site-packages/airflow/example_dags/example_bash_decorator.py
[2024-04-14T16:58:13.415-0400] {processor.py:830} INFO - Processing file /Users/manideepakreddyaila/Desktop/projects/Legal_Insights_Engine/.venv/lib/python3.11/site-packages/airflow/example_dags/example_bash_decorator.py for tasks to queue
[2024-04-14T16:58:13.415-0400] {logging_mixin.py:188} INFO - [2024-04-14T16:58:13.415-0400] {dagbag.py:540} INFO - Filling up the DagBag from /Users/manideepakreddyaila/Desktop/projects/Legal_Insights_Engine/.venv/lib/python3.11/site-packages/airflow/example_dags/example_bash_decorator.py
[2024-04-14T16:58:13.456-0400] {processor.py:840} INFO - DAG(s) 'example_bash_decorator' retrieved from /Users/manideepakreddyaila/Desktop/projects/Legal_Insights_Engine/.venv/lib/python3.11/site-packages/airflow/example_dags/example_bash_decorator.py
[2024-04-14T16:58:13.544-0400] {logging_mixin.py:188} INFO - [2024-04-14T16:58:13.543-0400] {dag.py:3096} INFO - Sync 1 DAGs
[2024-04-14T16:58:13.547-0400] {logging_mixin.py:188} INFO - [2024-04-14T16:58:13.546-0400] {dag.py:3954} INFO - Setting next_dagrun for example_bash_decorator to None, run_after=None
[2024-04-14T16:58:13.553-0400] {processor.py:183} INFO - Processing /Users/manideepakreddyaila/Desktop/projects/Legal_Insights_Engine/.venv/lib/python3.11/site-packages/airflow/example_dags/example_bash_decorator.py took 0.139 seconds
[2024-04-14T17:17:21.458-0400] {processor.py:161} INFO - Started process (PID=34757) to work on /Users/manideepakreddyaila/Desktop/projects/Legal_Insights_Engine/.venv/lib/python3.11/site-packages/airflow/example_dags/example_bash_decorator.py
[2024-04-14T17:17:21.459-0400] {processor.py:830} INFO - Processing file /Users/manideepakreddyaila/Desktop/projects/Legal_Insights_Engine/.venv/lib/python3.11/site-packages/airflow/example_dags/example_bash_decorator.py for tasks to queue
[2024-04-14T17:17:21.459-0400] {logging_mixin.py:188} INFO - [2024-04-14T17:17:21.459-0400] {dagbag.py:540} INFO - Filling up the DagBag from /Users/manideepakreddyaila/Desktop/projects/Legal_Insights_Engine/.venv/lib/python3.11/site-packages/airflow/example_dags/example_bash_decorator.py
[2024-04-14T17:17:21.510-0400] {processor.py:840} INFO - DAG(s) 'example_bash_decorator' retrieved from /Users/manideepakreddyaila/Desktop/projects/Legal_Insights_Engine/.venv/lib/python3.11/site-packages/airflow/example_dags/example_bash_decorator.py
[2024-04-14T17:17:21.611-0400] {logging_mixin.py:188} INFO - [2024-04-14T17:17:21.611-0400] {dag.py:3096} INFO - Sync 1 DAGs
[2024-04-14T17:17:21.614-0400] {logging_mixin.py:188} INFO - [2024-04-14T17:17:21.614-0400] {dag.py:3954} INFO - Setting next_dagrun for example_bash_decorator to None, run_after=None
[2024-04-14T17:17:21.621-0400] {processor.py:183} INFO - Processing /Users/manideepakreddyaila/Desktop/projects/Legal_Insights_Engine/.venv/lib/python3.11/site-packages/airflow/example_dags/example_bash_decorator.py took 0.164 seconds
[2024-04-14T17:19:15.988-0400] {processor.py:161} INFO - Started process (PID=34861) to work on /Users/manideepakreddyaila/Desktop/projects/Legal_Insights_Engine/.venv/lib/python3.11/site-packages/airflow/example_dags/example_bash_decorator.py
[2024-04-14T17:19:15.989-0400] {processor.py:830} INFO - Processing file /Users/manideepakreddyaila/Desktop/projects/Legal_Insights_Engine/.venv/lib/python3.11/site-packages/airflow/example_dags/example_bash_decorator.py for tasks to queue
[2024-04-14T17:19:15.989-0400] {logging_mixin.py:188} INFO - [2024-04-14T17:19:15.989-0400] {dagbag.py:540} INFO - Filling up the DagBag from /Users/manideepakreddyaila/Desktop/projects/Legal_Insights_Engine/.venv/lib/python3.11/site-packages/airflow/example_dags/example_bash_decorator.py
[2024-04-14T17:19:16.030-0400] {processor.py:840} INFO - DAG(s) 'example_bash_decorator' retrieved from /Users/manideepakreddyaila/Desktop/projects/Legal_Insights_Engine/.venv/lib/python3.11/site-packages/airflow/example_dags/example_bash_decorator.py
[2024-04-14T17:19:16.119-0400] {logging_mixin.py:188} INFO - [2024-04-14T17:19:16.119-0400] {dag.py:3096} INFO - Sync 1 DAGs
[2024-04-14T17:19:16.122-0400] {logging_mixin.py:188} INFO - [2024-04-14T17:19:16.122-0400] {dag.py:3954} INFO - Setting next_dagrun for example_bash_decorator to None, run_after=None
[2024-04-14T17:19:16.128-0400] {processor.py:183} INFO - Processing /Users/manideepakreddyaila/Desktop/projects/Legal_Insights_Engine/.venv/lib/python3.11/site-packages/airflow/example_dags/example_bash_decorator.py took 0.141 seconds
[2024-04-14T17:21:10.829-0400] {processor.py:161} INFO - Started process (PID=34960) to work on /Users/manideepakreddyaila/Desktop/projects/Legal_Insights_Engine/.venv/lib/python3.11/site-packages/airflow/example_dags/example_bash_decorator.py
[2024-04-14T17:21:10.830-0400] {processor.py:830} INFO - Processing file /Users/manideepakreddyaila/Desktop/projects/Legal_Insights_Engine/.venv/lib/python3.11/site-packages/airflow/example_dags/example_bash_decorator.py for tasks to queue
[2024-04-14T17:21:10.830-0400] {logging_mixin.py:188} INFO - [2024-04-14T17:21:10.830-0400] {dagbag.py:540} INFO - Filling up the DagBag from /Users/manideepakreddyaila/Desktop/projects/Legal_Insights_Engine/.venv/lib/python3.11/site-packages/airflow/example_dags/example_bash_decorator.py
[2024-04-14T17:21:10.871-0400] {processor.py:840} INFO - DAG(s) 'example_bash_decorator' retrieved from /Users/manideepakreddyaila/Desktop/projects/Legal_Insights_Engine/.venv/lib/python3.11/site-packages/airflow/example_dags/example_bash_decorator.py
[2024-04-14T17:21:10.958-0400] {logging_mixin.py:188} INFO - [2024-04-14T17:21:10.958-0400] {dag.py:3096} INFO - Sync 1 DAGs
[2024-04-14T17:21:10.961-0400] {logging_mixin.py:188} INFO - [2024-04-14T17:21:10.961-0400] {dag.py:3954} INFO - Setting next_dagrun for example_bash_decorator to None, run_after=None
[2024-04-14T17:21:10.969-0400] {processor.py:183} INFO - Processing /Users/manideepakreddyaila/Desktop/projects/Legal_Insights_Engine/.venv/lib/python3.11/site-packages/airflow/example_dags/example_bash_decorator.py took 0.141 seconds
[2024-04-14T17:23:06.494-0400] {processor.py:161} INFO - Started process (PID=35060) to work on /Users/manideepakreddyaila/Desktop/projects/Legal_Insights_Engine/.venv/lib/python3.11/site-packages/airflow/example_dags/example_bash_decorator.py
[2024-04-14T17:23:06.495-0400] {processor.py:830} INFO - Processing file /Users/manideepakreddyaila/Desktop/projects/Legal_Insights_Engine/.venv/lib/python3.11/site-packages/airflow/example_dags/example_bash_decorator.py for tasks to queue
[2024-04-14T17:23:06.495-0400] {logging_mixin.py:188} INFO - [2024-04-14T17:23:06.495-0400] {dagbag.py:540} INFO - Filling up the DagBag from /Users/manideepakreddyaila/Desktop/projects/Legal_Insights_Engine/.venv/lib/python3.11/site-packages/airflow/example_dags/example_bash_decorator.py
[2024-04-14T17:23:06.539-0400] {processor.py:840} INFO - DAG(s) 'example_bash_decorator' retrieved from /Users/manideepakreddyaila/Desktop/projects/Legal_Insights_Engine/.venv/lib/python3.11/site-packages/airflow/example_dags/example_bash_decorator.py
[2024-04-14T17:23:06.627-0400] {logging_mixin.py:188} INFO - [2024-04-14T17:23:06.627-0400] {dag.py:3096} INFO - Sync 1 DAGs
[2024-04-14T17:23:06.630-0400] {logging_mixin.py:188} INFO - [2024-04-14T17:23:06.630-0400] {dag.py:3954} INFO - Setting next_dagrun for example_bash_decorator to None, run_after=None
[2024-04-14T17:23:06.638-0400] {processor.py:183} INFO - Processing /Users/manideepakreddyaila/Desktop/projects/Legal_Insights_Engine/.venv/lib/python3.11/site-packages/airflow/example_dags/example_bash_decorator.py took 0.145 seconds
[2024-04-14T17:25:03.400-0400] {processor.py:161} INFO - Started process (PID=35156) to work on /Users/manideepakreddyaila/Desktop/projects/Legal_Insights_Engine/.venv/lib/python3.11/site-packages/airflow/example_dags/example_bash_decorator.py
[2024-04-14T17:25:03.402-0400] {processor.py:830} INFO - Processing file /Users/manideepakreddyaila/Desktop/projects/Legal_Insights_Engine/.venv/lib/python3.11/site-packages/airflow/example_dags/example_bash_decorator.py for tasks to queue
[2024-04-14T17:25:03.402-0400] {logging_mixin.py:188} INFO - [2024-04-14T17:25:03.402-0400] {dagbag.py:540} INFO - Filling up the DagBag from /Users/manideepakreddyaila/Desktop/projects/Legal_Insights_Engine/.venv/lib/python3.11/site-packages/airflow/example_dags/example_bash_decorator.py
[2024-04-14T17:25:03.443-0400] {processor.py:840} INFO - DAG(s) 'example_bash_decorator' retrieved from /Users/manideepakreddyaila/Desktop/projects/Legal_Insights_Engine/.venv/lib/python3.11/site-packages/airflow/example_dags/example_bash_decorator.py
[2024-04-14T17:25:03.535-0400] {logging_mixin.py:188} INFO - [2024-04-14T17:25:03.535-0400] {dag.py:3096} INFO - Sync 1 DAGs
[2024-04-14T17:25:03.538-0400] {logging_mixin.py:188} INFO - [2024-04-14T17:25:03.538-0400] {dag.py:3954} INFO - Setting next_dagrun for example_bash_decorator to None, run_after=None
[2024-04-14T17:25:03.544-0400] {processor.py:183} INFO - Processing /Users/manideepakreddyaila/Desktop/projects/Legal_Insights_Engine/.venv/lib/python3.11/site-packages/airflow/example_dags/example_bash_decorator.py took 0.145 seconds
[2024-04-14T17:27:02.703-0400] {processor.py:161} INFO - Started process (PID=35261) to work on /Users/manideepakreddyaila/Desktop/projects/Legal_Insights_Engine/.venv/lib/python3.11/site-packages/airflow/example_dags/example_bash_decorator.py
[2024-04-14T17:27:02.704-0400] {processor.py:830} INFO - Processing file /Users/manideepakreddyaila/Desktop/projects/Legal_Insights_Engine/.venv/lib/python3.11/site-packages/airflow/example_dags/example_bash_decorator.py for tasks to queue
[2024-04-14T17:27:02.704-0400] {logging_mixin.py:188} INFO - [2024-04-14T17:27:02.704-0400] {dagbag.py:540} INFO - Filling up the DagBag from /Users/manideepakreddyaila/Desktop/projects/Legal_Insights_Engine/.venv/lib/python3.11/site-packages/airflow/example_dags/example_bash_decorator.py
[2024-04-14T17:27:02.746-0400] {processor.py:840} INFO - DAG(s) 'example_bash_decorator' retrieved from /Users/manideepakreddyaila/Desktop/projects/Legal_Insights_Engine/.venv/lib/python3.11/site-packages/airflow/example_dags/example_bash_decorator.py
[2024-04-14T17:27:02.841-0400] {logging_mixin.py:188} INFO - [2024-04-14T17:27:02.841-0400] {dag.py:3096} INFO - Sync 1 DAGs
[2024-04-14T17:27:02.844-0400] {logging_mixin.py:188} INFO - [2024-04-14T17:27:02.844-0400] {dag.py:3954} INFO - Setting next_dagrun for example_bash_decorator to None, run_after=None
[2024-04-14T17:27:02.850-0400] {processor.py:183} INFO - Processing /Users/manideepakreddyaila/Desktop/projects/Legal_Insights_Engine/.venv/lib/python3.11/site-packages/airflow/example_dags/example_bash_decorator.py took 0.148 seconds
[2024-04-14T17:28:57.353-0400] {processor.py:161} INFO - Started process (PID=35372) to work on /Users/manideepakreddyaila/Desktop/projects/Legal_Insights_Engine/.venv/lib/python3.11/site-packages/airflow/example_dags/example_bash_decorator.py
[2024-04-14T17:28:57.354-0400] {processor.py:830} INFO - Processing file /Users/manideepakreddyaila/Desktop/projects/Legal_Insights_Engine/.venv/lib/python3.11/site-packages/airflow/example_dags/example_bash_decorator.py for tasks to queue
[2024-04-14T17:28:57.355-0400] {logging_mixin.py:188} INFO - [2024-04-14T17:28:57.355-0400] {dagbag.py:540} INFO - Filling up the DagBag from /Users/manideepakreddyaila/Desktop/projects/Legal_Insights_Engine/.venv/lib/python3.11/site-packages/airflow/example_dags/example_bash_decorator.py
[2024-04-14T17:28:57.398-0400] {processor.py:840} INFO - DAG(s) 'example_bash_decorator' retrieved from /Users/manideepakreddyaila/Desktop/projects/Legal_Insights_Engine/.venv/lib/python3.11/site-packages/airflow/example_dags/example_bash_decorator.py
[2024-04-14T17:28:57.488-0400] {logging_mixin.py:188} INFO - [2024-04-14T17:28:57.488-0400] {dag.py:3096} INFO - Sync 1 DAGs
[2024-04-14T17:28:57.491-0400] {logging_mixin.py:188} INFO - [2024-04-14T17:28:57.491-0400] {dag.py:3954} INFO - Setting next_dagrun for example_bash_decorator to None, run_after=None
[2024-04-14T17:28:57.497-0400] {processor.py:183} INFO - Processing /Users/manideepakreddyaila/Desktop/projects/Legal_Insights_Engine/.venv/lib/python3.11/site-packages/airflow/example_dags/example_bash_decorator.py took 0.145 seconds
[2024-04-14T17:30:52.949-0400] {processor.py:161} INFO - Started process (PID=35507) to work on /Users/manideepakreddyaila/Desktop/projects/Legal_Insights_Engine/.venv/lib/python3.11/site-packages/airflow/example_dags/example_bash_decorator.py
[2024-04-14T17:30:52.949-0400] {processor.py:830} INFO - Processing file /Users/manideepakreddyaila/Desktop/projects/Legal_Insights_Engine/.venv/lib/python3.11/site-packages/airflow/example_dags/example_bash_decorator.py for tasks to queue
[2024-04-14T17:30:52.949-0400] {logging_mixin.py:188} INFO - [2024-04-14T17:30:52.949-0400] {dagbag.py:540} INFO - Filling up the DagBag from /Users/manideepakreddyaila/Desktop/projects/Legal_Insights_Engine/.venv/lib/python3.11/site-packages/airflow/example_dags/example_bash_decorator.py
[2024-04-14T17:30:52.990-0400] {processor.py:840} INFO - DAG(s) 'example_bash_decorator' retrieved from /Users/manideepakreddyaila/Desktop/projects/Legal_Insights_Engine/.venv/lib/python3.11/site-packages/airflow/example_dags/example_bash_decorator.py
[2024-04-14T17:30:53.077-0400] {logging_mixin.py:188} INFO - [2024-04-14T17:30:53.077-0400] {dag.py:3096} INFO - Sync 1 DAGs
[2024-04-14T17:30:53.080-0400] {logging_mixin.py:188} INFO - [2024-04-14T17:30:53.080-0400] {dag.py:3954} INFO - Setting next_dagrun for example_bash_decorator to None, run_after=None
[2024-04-14T17:30:53.086-0400] {processor.py:183} INFO - Processing /Users/manideepakreddyaila/Desktop/projects/Legal_Insights_Engine/.venv/lib/python3.11/site-packages/airflow/example_dags/example_bash_decorator.py took 0.138 seconds
[2024-04-14T17:32:53.330-0400] {processor.py:161} INFO - Started process (PID=35618) to work on /Users/manideepakreddyaila/Desktop/projects/Legal_Insights_Engine/.venv/lib/python3.11/site-packages/airflow/example_dags/example_bash_decorator.py
[2024-04-14T17:32:53.331-0400] {processor.py:830} INFO - Processing file /Users/manideepakreddyaila/Desktop/projects/Legal_Insights_Engine/.venv/lib/python3.11/site-packages/airflow/example_dags/example_bash_decorator.py for tasks to queue
[2024-04-14T17:32:53.331-0400] {logging_mixin.py:188} INFO - [2024-04-14T17:32:53.331-0400] {dagbag.py:540} INFO - Filling up the DagBag from /Users/manideepakreddyaila/Desktop/projects/Legal_Insights_Engine/.venv/lib/python3.11/site-packages/airflow/example_dags/example_bash_decorator.py
[2024-04-14T17:32:53.374-0400] {processor.py:840} INFO - DAG(s) 'example_bash_decorator' retrieved from /Users/manideepakreddyaila/Desktop/projects/Legal_Insights_Engine/.venv/lib/python3.11/site-packages/airflow/example_dags/example_bash_decorator.py
[2024-04-14T17:32:53.462-0400] {logging_mixin.py:188} INFO - [2024-04-14T17:32:53.462-0400] {dag.py:3096} INFO - Sync 1 DAGs
[2024-04-14T17:32:53.465-0400] {logging_mixin.py:188} INFO - [2024-04-14T17:32:53.465-0400] {dag.py:3954} INFO - Setting next_dagrun for example_bash_decorator to None, run_after=None
[2024-04-14T17:32:53.471-0400] {processor.py:183} INFO - Processing /Users/manideepakreddyaila/Desktop/projects/Legal_Insights_Engine/.venv/lib/python3.11/site-packages/airflow/example_dags/example_bash_decorator.py took 0.142 seconds
[2024-04-14T17:34:53.280-0400] {processor.py:161} INFO - Started process (PID=35715) to work on /Users/manideepakreddyaila/Desktop/projects/Legal_Insights_Engine/.venv/lib/python3.11/site-packages/airflow/example_dags/example_bash_decorator.py
[2024-04-14T17:34:53.280-0400] {processor.py:830} INFO - Processing file /Users/manideepakreddyaila/Desktop/projects/Legal_Insights_Engine/.venv/lib/python3.11/site-packages/airflow/example_dags/example_bash_decorator.py for tasks to queue
[2024-04-14T17:34:53.281-0400] {logging_mixin.py:188} INFO - [2024-04-14T17:34:53.281-0400] {dagbag.py:540} INFO - Filling up the DagBag from /Users/manideepakreddyaila/Desktop/projects/Legal_Insights_Engine/.venv/lib/python3.11/site-packages/airflow/example_dags/example_bash_decorator.py
[2024-04-14T17:34:53.321-0400] {processor.py:840} INFO - DAG(s) 'example_bash_decorator' retrieved from /Users/manideepakreddyaila/Desktop/projects/Legal_Insights_Engine/.venv/lib/python3.11/site-packages/airflow/example_dags/example_bash_decorator.py
[2024-04-14T17:34:53.408-0400] {logging_mixin.py:188} INFO - [2024-04-14T17:34:53.408-0400] {dag.py:3096} INFO - Sync 1 DAGs
[2024-04-14T17:34:53.411-0400] {logging_mixin.py:188} INFO - [2024-04-14T17:34:53.411-0400] {dag.py:3954} INFO - Setting next_dagrun for example_bash_decorator to None, run_after=None
[2024-04-14T17:34:53.418-0400] {processor.py:183} INFO - Processing /Users/manideepakreddyaila/Desktop/projects/Legal_Insights_Engine/.venv/lib/python3.11/site-packages/airflow/example_dags/example_bash_decorator.py took 0.139 seconds
[2024-04-14T17:36:51.602-0400] {processor.py:161} INFO - Started process (PID=35813) to work on /Users/manideepakreddyaila/Desktop/projects/Legal_Insights_Engine/.venv/lib/python3.11/site-packages/airflow/example_dags/example_bash_decorator.py
[2024-04-14T17:36:51.602-0400] {processor.py:830} INFO - Processing file /Users/manideepakreddyaila/Desktop/projects/Legal_Insights_Engine/.venv/lib/python3.11/site-packages/airflow/example_dags/example_bash_decorator.py for tasks to queue
[2024-04-14T17:36:51.603-0400] {logging_mixin.py:188} INFO - [2024-04-14T17:36:51.603-0400] {dagbag.py:540} INFO - Filling up the DagBag from /Users/manideepakreddyaila/Desktop/projects/Legal_Insights_Engine/.venv/lib/python3.11/site-packages/airflow/example_dags/example_bash_decorator.py
[2024-04-14T17:36:51.644-0400] {processor.py:840} INFO - DAG(s) 'example_bash_decorator' retrieved from /Users/manideepakreddyaila/Desktop/projects/Legal_Insights_Engine/.venv/lib/python3.11/site-packages/airflow/example_dags/example_bash_decorator.py
[2024-04-14T17:36:51.731-0400] {logging_mixin.py:188} INFO - [2024-04-14T17:36:51.731-0400] {dag.py:3096} INFO - Sync 1 DAGs
[2024-04-14T17:36:51.734-0400] {logging_mixin.py:188} INFO - [2024-04-14T17:36:51.734-0400] {dag.py:3954} INFO - Setting next_dagrun for example_bash_decorator to None, run_after=None
[2024-04-14T17:36:51.740-0400] {processor.py:183} INFO - Processing /Users/manideepakreddyaila/Desktop/projects/Legal_Insights_Engine/.venv/lib/python3.11/site-packages/airflow/example_dags/example_bash_decorator.py took 0.139 seconds
[2024-04-14T17:38:42.366-0400] {processor.py:161} INFO - Started process (PID=35904) to work on /Users/manideepakreddyaila/Desktop/projects/Legal_Insights_Engine/.venv/lib/python3.11/site-packages/airflow/example_dags/example_bash_decorator.py
[2024-04-14T17:38:42.367-0400] {processor.py:830} INFO - Processing file /Users/manideepakreddyaila/Desktop/projects/Legal_Insights_Engine/.venv/lib/python3.11/site-packages/airflow/example_dags/example_bash_decorator.py for tasks to queue
[2024-04-14T17:38:42.367-0400] {logging_mixin.py:188} INFO - [2024-04-14T17:38:42.367-0400] {dagbag.py:540} INFO - Filling up the DagBag from /Users/manideepakreddyaila/Desktop/projects/Legal_Insights_Engine/.venv/lib/python3.11/site-packages/airflow/example_dags/example_bash_decorator.py
[2024-04-14T17:38:42.408-0400] {processor.py:840} INFO - DAG(s) 'example_bash_decorator' retrieved from /Users/manideepakreddyaila/Desktop/projects/Legal_Insights_Engine/.venv/lib/python3.11/site-packages/airflow/example_dags/example_bash_decorator.py
[2024-04-14T17:38:42.498-0400] {logging_mixin.py:188} INFO - [2024-04-14T17:38:42.497-0400] {dag.py:3096} INFO - Sync 1 DAGs
[2024-04-14T17:38:42.501-0400] {logging_mixin.py:188} INFO - [2024-04-14T17:38:42.501-0400] {dag.py:3954} INFO - Setting next_dagrun for example_bash_decorator to None, run_after=None
[2024-04-14T17:38:42.508-0400] {processor.py:183} INFO - Processing /Users/manideepakreddyaila/Desktop/projects/Legal_Insights_Engine/.venv/lib/python3.11/site-packages/airflow/example_dags/example_bash_decorator.py took 0.144 seconds
[2024-04-14T17:40:34.583-0400] {processor.py:161} INFO - Started process (PID=35983) to work on /Users/manideepakreddyaila/Desktop/projects/Legal_Insights_Engine/.venv/lib/python3.11/site-packages/airflow/example_dags/example_bash_decorator.py
[2024-04-14T17:40:34.583-0400] {processor.py:830} INFO - Processing file /Users/manideepakreddyaila/Desktop/projects/Legal_Insights_Engine/.venv/lib/python3.11/site-packages/airflow/example_dags/example_bash_decorator.py for tasks to queue
[2024-04-14T17:40:34.584-0400] {logging_mixin.py:188} INFO - [2024-04-14T17:40:34.584-0400] {dagbag.py:540} INFO - Filling up the DagBag from /Users/manideepakreddyaila/Desktop/projects/Legal_Insights_Engine/.venv/lib/python3.11/site-packages/airflow/example_dags/example_bash_decorator.py
[2024-04-14T17:40:34.626-0400] {processor.py:840} INFO - DAG(s) 'example_bash_decorator' retrieved from /Users/manideepakreddyaila/Desktop/projects/Legal_Insights_Engine/.venv/lib/python3.11/site-packages/airflow/example_dags/example_bash_decorator.py
[2024-04-14T17:40:34.713-0400] {logging_mixin.py:188} INFO - [2024-04-14T17:40:34.713-0400] {dag.py:3096} INFO - Sync 1 DAGs
[2024-04-14T17:40:34.716-0400] {logging_mixin.py:188} INFO - [2024-04-14T17:40:34.716-0400] {dag.py:3954} INFO - Setting next_dagrun for example_bash_decorator to None, run_after=None
[2024-04-14T17:40:34.724-0400] {processor.py:183} INFO - Processing /Users/manideepakreddyaila/Desktop/projects/Legal_Insights_Engine/.venv/lib/python3.11/site-packages/airflow/example_dags/example_bash_decorator.py took 0.141 seconds
[2024-04-14T17:42:26.232-0400] {processor.py:161} INFO - Started process (PID=36069) to work on /Users/manideepakreddyaila/Desktop/projects/Legal_Insights_Engine/.venv/lib/python3.11/site-packages/airflow/example_dags/example_bash_decorator.py
[2024-04-14T17:42:26.233-0400] {processor.py:830} INFO - Processing file /Users/manideepakreddyaila/Desktop/projects/Legal_Insights_Engine/.venv/lib/python3.11/site-packages/airflow/example_dags/example_bash_decorator.py for tasks to queue
[2024-04-14T17:42:26.233-0400] {logging_mixin.py:188} INFO - [2024-04-14T17:42:26.233-0400] {dagbag.py:540} INFO - Filling up the DagBag from /Users/manideepakreddyaila/Desktop/projects/Legal_Insights_Engine/.venv/lib/python3.11/site-packages/airflow/example_dags/example_bash_decorator.py
[2024-04-14T17:42:26.273-0400] {processor.py:840} INFO - DAG(s) 'example_bash_decorator' retrieved from /Users/manideepakreddyaila/Desktop/projects/Legal_Insights_Engine/.venv/lib/python3.11/site-packages/airflow/example_dags/example_bash_decorator.py
[2024-04-14T17:42:26.361-0400] {logging_mixin.py:188} INFO - [2024-04-14T17:42:26.361-0400] {dag.py:3096} INFO - Sync 1 DAGs
[2024-04-14T17:42:26.364-0400] {logging_mixin.py:188} INFO - [2024-04-14T17:42:26.364-0400] {dag.py:3954} INFO - Setting next_dagrun for example_bash_decorator to None, run_after=None
[2024-04-14T17:42:26.371-0400] {processor.py:183} INFO - Processing /Users/manideepakreddyaila/Desktop/projects/Legal_Insights_Engine/.venv/lib/python3.11/site-packages/airflow/example_dags/example_bash_decorator.py took 0.139 seconds
[2024-04-14T17:44:19.978-0400] {processor.py:161} INFO - Started process (PID=36157) to work on /Users/manideepakreddyaila/Desktop/projects/Legal_Insights_Engine/.venv/lib/python3.11/site-packages/airflow/example_dags/example_bash_decorator.py
[2024-04-14T17:44:19.979-0400] {processor.py:830} INFO - Processing file /Users/manideepakreddyaila/Desktop/projects/Legal_Insights_Engine/.venv/lib/python3.11/site-packages/airflow/example_dags/example_bash_decorator.py for tasks to queue
[2024-04-14T17:44:19.979-0400] {logging_mixin.py:188} INFO - [2024-04-14T17:44:19.979-0400] {dagbag.py:540} INFO - Filling up the DagBag from /Users/manideepakreddyaila/Desktop/projects/Legal_Insights_Engine/.venv/lib/python3.11/site-packages/airflow/example_dags/example_bash_decorator.py
[2024-04-14T17:44:20.022-0400] {processor.py:840} INFO - DAG(s) 'example_bash_decorator' retrieved from /Users/manideepakreddyaila/Desktop/projects/Legal_Insights_Engine/.venv/lib/python3.11/site-packages/airflow/example_dags/example_bash_decorator.py
[2024-04-14T17:44:20.110-0400] {logging_mixin.py:188} INFO - [2024-04-14T17:44:20.110-0400] {dag.py:3096} INFO - Sync 1 DAGs
[2024-04-14T17:44:20.113-0400] {logging_mixin.py:188} INFO - [2024-04-14T17:44:20.113-0400] {dag.py:3954} INFO - Setting next_dagrun for example_bash_decorator to None, run_after=None
[2024-04-14T17:44:20.130-0400] {processor.py:183} INFO - Processing /Users/manideepakreddyaila/Desktop/projects/Legal_Insights_Engine/.venv/lib/python3.11/site-packages/airflow/example_dags/example_bash_decorator.py took 0.152 seconds
[2024-04-14T17:46:18.283-0400] {processor.py:161} INFO - Started process (PID=36247) to work on /Users/manideepakreddyaila/Desktop/projects/Legal_Insights_Engine/.venv/lib/python3.11/site-packages/airflow/example_dags/example_bash_decorator.py
[2024-04-14T17:46:18.284-0400] {processor.py:830} INFO - Processing file /Users/manideepakreddyaila/Desktop/projects/Legal_Insights_Engine/.venv/lib/python3.11/site-packages/airflow/example_dags/example_bash_decorator.py for tasks to queue
[2024-04-14T17:46:18.284-0400] {logging_mixin.py:188} INFO - [2024-04-14T17:46:18.284-0400] {dagbag.py:540} INFO - Filling up the DagBag from /Users/manideepakreddyaila/Desktop/projects/Legal_Insights_Engine/.venv/lib/python3.11/site-packages/airflow/example_dags/example_bash_decorator.py
[2024-04-14T17:46:18.325-0400] {processor.py:840} INFO - DAG(s) 'example_bash_decorator' retrieved from /Users/manideepakreddyaila/Desktop/projects/Legal_Insights_Engine/.venv/lib/python3.11/site-packages/airflow/example_dags/example_bash_decorator.py
[2024-04-14T17:46:18.413-0400] {logging_mixin.py:188} INFO - [2024-04-14T17:46:18.413-0400] {dag.py:3096} INFO - Sync 1 DAGs
[2024-04-14T17:46:18.416-0400] {logging_mixin.py:188} INFO - [2024-04-14T17:46:18.416-0400] {dag.py:3954} INFO - Setting next_dagrun for example_bash_decorator to None, run_after=None
[2024-04-14T17:46:18.422-0400] {processor.py:183} INFO - Processing /Users/manideepakreddyaila/Desktop/projects/Legal_Insights_Engine/.venv/lib/python3.11/site-packages/airflow/example_dags/example_bash_decorator.py took 0.140 seconds
[2024-04-14T17:48:21.072-0400] {processor.py:161} INFO - Started process (PID=36340) to work on /Users/manideepakreddyaila/Desktop/projects/Legal_Insights_Engine/.venv/lib/python3.11/site-packages/airflow/example_dags/example_bash_decorator.py
[2024-04-14T17:48:21.073-0400] {processor.py:830} INFO - Processing file /Users/manideepakreddyaila/Desktop/projects/Legal_Insights_Engine/.venv/lib/python3.11/site-packages/airflow/example_dags/example_bash_decorator.py for tasks to queue
[2024-04-14T17:48:21.073-0400] {logging_mixin.py:188} INFO - [2024-04-14T17:48:21.073-0400] {dagbag.py:540} INFO - Filling up the DagBag from /Users/manideepakreddyaila/Desktop/projects/Legal_Insights_Engine/.venv/lib/python3.11/site-packages/airflow/example_dags/example_bash_decorator.py
[2024-04-14T17:48:21.116-0400] {processor.py:840} INFO - DAG(s) 'example_bash_decorator' retrieved from /Users/manideepakreddyaila/Desktop/projects/Legal_Insights_Engine/.venv/lib/python3.11/site-packages/airflow/example_dags/example_bash_decorator.py
[2024-04-14T17:48:21.203-0400] {logging_mixin.py:188} INFO - [2024-04-14T17:48:21.203-0400] {dag.py:3096} INFO - Sync 1 DAGs
[2024-04-14T17:48:21.206-0400] {logging_mixin.py:188} INFO - [2024-04-14T17:48:21.206-0400] {dag.py:3954} INFO - Setting next_dagrun for example_bash_decorator to None, run_after=None
[2024-04-14T17:48:21.212-0400] {processor.py:183} INFO - Processing /Users/manideepakreddyaila/Desktop/projects/Legal_Insights_Engine/.venv/lib/python3.11/site-packages/airflow/example_dags/example_bash_decorator.py took 0.141 seconds
[2024-04-14T17:50:17.580-0400] {processor.py:161} INFO - Started process (PID=36437) to work on /Users/manideepakreddyaila/Desktop/projects/Legal_Insights_Engine/.venv/lib/python3.11/site-packages/airflow/example_dags/example_bash_decorator.py
[2024-04-14T17:50:17.580-0400] {processor.py:830} INFO - Processing file /Users/manideepakreddyaila/Desktop/projects/Legal_Insights_Engine/.venv/lib/python3.11/site-packages/airflow/example_dags/example_bash_decorator.py for tasks to queue
[2024-04-14T17:50:17.581-0400] {logging_mixin.py:188} INFO - [2024-04-14T17:50:17.581-0400] {dagbag.py:540} INFO - Filling up the DagBag from /Users/manideepakreddyaila/Desktop/projects/Legal_Insights_Engine/.venv/lib/python3.11/site-packages/airflow/example_dags/example_bash_decorator.py
[2024-04-14T17:50:17.620-0400] {processor.py:840} INFO - DAG(s) 'example_bash_decorator' retrieved from /Users/manideepakreddyaila/Desktop/projects/Legal_Insights_Engine/.venv/lib/python3.11/site-packages/airflow/example_dags/example_bash_decorator.py
[2024-04-14T17:50:17.701-0400] {logging_mixin.py:188} INFO - [2024-04-14T17:50:17.701-0400] {dag.py:3096} INFO - Sync 1 DAGs
[2024-04-14T17:50:17.704-0400] {logging_mixin.py:188} INFO - [2024-04-14T17:50:17.704-0400] {dag.py:3954} INFO - Setting next_dagrun for example_bash_decorator to None, run_after=None
[2024-04-14T17:50:17.710-0400] {processor.py:183} INFO - Processing /Users/manideepakreddyaila/Desktop/projects/Legal_Insights_Engine/.venv/lib/python3.11/site-packages/airflow/example_dags/example_bash_decorator.py took 0.131 seconds
[2024-04-14T17:52:13.331-0400] {processor.py:161} INFO - Started process (PID=36533) to work on /Users/manideepakreddyaila/Desktop/projects/Legal_Insights_Engine/.venv/lib/python3.11/site-packages/airflow/example_dags/example_bash_decorator.py
[2024-04-14T17:52:13.332-0400] {processor.py:830} INFO - Processing file /Users/manideepakreddyaila/Desktop/projects/Legal_Insights_Engine/.venv/lib/python3.11/site-packages/airflow/example_dags/example_bash_decorator.py for tasks to queue
[2024-04-14T17:52:13.332-0400] {logging_mixin.py:188} INFO - [2024-04-14T17:52:13.332-0400] {dagbag.py:540} INFO - Filling up the DagBag from /Users/manideepakreddyaila/Desktop/projects/Legal_Insights_Engine/.venv/lib/python3.11/site-packages/airflow/example_dags/example_bash_decorator.py
[2024-04-14T17:52:13.372-0400] {processor.py:840} INFO - DAG(s) 'example_bash_decorator' retrieved from /Users/manideepakreddyaila/Desktop/projects/Legal_Insights_Engine/.venv/lib/python3.11/site-packages/airflow/example_dags/example_bash_decorator.py
[2024-04-14T17:52:13.452-0400] {logging_mixin.py:188} INFO - [2024-04-14T17:52:13.452-0400] {dag.py:3096} INFO - Sync 1 DAGs
[2024-04-14T17:52:13.455-0400] {logging_mixin.py:188} INFO - [2024-04-14T17:52:13.455-0400] {dag.py:3954} INFO - Setting next_dagrun for example_bash_decorator to None, run_after=None
[2024-04-14T17:52:13.461-0400] {processor.py:183} INFO - Processing /Users/manideepakreddyaila/Desktop/projects/Legal_Insights_Engine/.venv/lib/python3.11/site-packages/airflow/example_dags/example_bash_decorator.py took 0.131 seconds
[2024-04-14T17:54:09.871-0400] {processor.py:161} INFO - Started process (PID=36614) to work on /Users/manideepakreddyaila/Desktop/projects/Legal_Insights_Engine/.venv/lib/python3.11/site-packages/airflow/example_dags/example_bash_decorator.py
[2024-04-14T17:54:09.873-0400] {processor.py:830} INFO - Processing file /Users/manideepakreddyaila/Desktop/projects/Legal_Insights_Engine/.venv/lib/python3.11/site-packages/airflow/example_dags/example_bash_decorator.py for tasks to queue
[2024-04-14T17:54:09.873-0400] {logging_mixin.py:188} INFO - [2024-04-14T17:54:09.873-0400] {dagbag.py:540} INFO - Filling up the DagBag from /Users/manideepakreddyaila/Desktop/projects/Legal_Insights_Engine/.venv/lib/python3.11/site-packages/airflow/example_dags/example_bash_decorator.py
[2024-04-14T17:54:09.914-0400] {processor.py:840} INFO - DAG(s) 'example_bash_decorator' retrieved from /Users/manideepakreddyaila/Desktop/projects/Legal_Insights_Engine/.venv/lib/python3.11/site-packages/airflow/example_dags/example_bash_decorator.py
[2024-04-14T17:54:10.001-0400] {logging_mixin.py:188} INFO - [2024-04-14T17:54:10.001-0400] {dag.py:3096} INFO - Sync 1 DAGs
[2024-04-14T17:54:10.004-0400] {logging_mixin.py:188} INFO - [2024-04-14T17:54:10.004-0400] {dag.py:3954} INFO - Setting next_dagrun for example_bash_decorator to None, run_after=None
[2024-04-14T17:54:10.011-0400] {processor.py:183} INFO - Processing /Users/manideepakreddyaila/Desktop/projects/Legal_Insights_Engine/.venv/lib/python3.11/site-packages/airflow/example_dags/example_bash_decorator.py took 0.140 seconds
[2024-04-14T17:56:02.909-0400] {processor.py:161} INFO - Started process (PID=36768) to work on /Users/manideepakreddyaila/Desktop/projects/Legal_Insights_Engine/.venv/lib/python3.11/site-packages/airflow/example_dags/example_bash_decorator.py
[2024-04-14T17:56:02.909-0400] {processor.py:830} INFO - Processing file /Users/manideepakreddyaila/Desktop/projects/Legal_Insights_Engine/.venv/lib/python3.11/site-packages/airflow/example_dags/example_bash_decorator.py for tasks to queue
[2024-04-14T17:56:02.909-0400] {logging_mixin.py:188} INFO - [2024-04-14T17:56:02.909-0400] {dagbag.py:540} INFO - Filling up the DagBag from /Users/manideepakreddyaila/Desktop/projects/Legal_Insights_Engine/.venv/lib/python3.11/site-packages/airflow/example_dags/example_bash_decorator.py
[2024-04-14T17:56:02.951-0400] {processor.py:840} INFO - DAG(s) 'example_bash_decorator' retrieved from /Users/manideepakreddyaila/Desktop/projects/Legal_Insights_Engine/.venv/lib/python3.11/site-packages/airflow/example_dags/example_bash_decorator.py
[2024-04-14T17:56:03.038-0400] {logging_mixin.py:188} INFO - [2024-04-14T17:56:03.038-0400] {dag.py:3096} INFO - Sync 1 DAGs
[2024-04-14T17:56:03.041-0400] {logging_mixin.py:188} INFO - [2024-04-14T17:56:03.041-0400] {dag.py:3954} INFO - Setting next_dagrun for example_bash_decorator to None, run_after=None
[2024-04-14T17:56:03.047-0400] {processor.py:183} INFO - Processing /Users/manideepakreddyaila/Desktop/projects/Legal_Insights_Engine/.venv/lib/python3.11/site-packages/airflow/example_dags/example_bash_decorator.py took 0.139 seconds
[2024-04-14T17:57:59.115-0400] {processor.py:161} INFO - Started process (PID=36864) to work on /Users/manideepakreddyaila/Desktop/projects/Legal_Insights_Engine/.venv/lib/python3.11/site-packages/airflow/example_dags/example_bash_decorator.py
[2024-04-14T17:57:59.116-0400] {processor.py:830} INFO - Processing file /Users/manideepakreddyaila/Desktop/projects/Legal_Insights_Engine/.venv/lib/python3.11/site-packages/airflow/example_dags/example_bash_decorator.py for tasks to queue
[2024-04-14T17:57:59.116-0400] {logging_mixin.py:188} INFO - [2024-04-14T17:57:59.116-0400] {dagbag.py:540} INFO - Filling up the DagBag from /Users/manideepakreddyaila/Desktop/projects/Legal_Insights_Engine/.venv/lib/python3.11/site-packages/airflow/example_dags/example_bash_decorator.py
[2024-04-14T17:57:59.156-0400] {processor.py:840} INFO - DAG(s) 'example_bash_decorator' retrieved from /Users/manideepakreddyaila/Desktop/projects/Legal_Insights_Engine/.venv/lib/python3.11/site-packages/airflow/example_dags/example_bash_decorator.py
[2024-04-14T17:57:59.236-0400] {logging_mixin.py:188} INFO - [2024-04-14T17:57:59.236-0400] {dag.py:3096} INFO - Sync 1 DAGs
[2024-04-14T17:57:59.239-0400] {logging_mixin.py:188} INFO - [2024-04-14T17:57:59.239-0400] {dag.py:3954} INFO - Setting next_dagrun for example_bash_decorator to None, run_after=None
[2024-04-14T17:57:59.246-0400] {processor.py:183} INFO - Processing /Users/manideepakreddyaila/Desktop/projects/Legal_Insights_Engine/.venv/lib/python3.11/site-packages/airflow/example_dags/example_bash_decorator.py took 0.132 seconds
[2024-04-14T17:59:53.644-0400] {processor.py:161} INFO - Started process (PID=36962) to work on /Users/manideepakreddyaila/Desktop/projects/Legal_Insights_Engine/.venv/lib/python3.11/site-packages/airflow/example_dags/example_bash_decorator.py
[2024-04-14T17:59:53.645-0400] {processor.py:830} INFO - Processing file /Users/manideepakreddyaila/Desktop/projects/Legal_Insights_Engine/.venv/lib/python3.11/site-packages/airflow/example_dags/example_bash_decorator.py for tasks to queue
[2024-04-14T17:59:53.645-0400] {logging_mixin.py:188} INFO - [2024-04-14T17:59:53.645-0400] {dagbag.py:540} INFO - Filling up the DagBag from /Users/manideepakreddyaila/Desktop/projects/Legal_Insights_Engine/.venv/lib/python3.11/site-packages/airflow/example_dags/example_bash_decorator.py
[2024-04-14T17:59:53.686-0400] {processor.py:840} INFO - DAG(s) 'example_bash_decorator' retrieved from /Users/manideepakreddyaila/Desktop/projects/Legal_Insights_Engine/.venv/lib/python3.11/site-packages/airflow/example_dags/example_bash_decorator.py
[2024-04-14T17:59:53.774-0400] {logging_mixin.py:188} INFO - [2024-04-14T17:59:53.774-0400] {dag.py:3096} INFO - Sync 1 DAGs
[2024-04-14T17:59:53.777-0400] {logging_mixin.py:188} INFO - [2024-04-14T17:59:53.777-0400] {dag.py:3954} INFO - Setting next_dagrun for example_bash_decorator to None, run_after=None
[2024-04-14T17:59:53.784-0400] {processor.py:183} INFO - Processing /Users/manideepakreddyaila/Desktop/projects/Legal_Insights_Engine/.venv/lib/python3.11/site-packages/airflow/example_dags/example_bash_decorator.py took 0.140 seconds
[2024-04-14T18:01:53.043-0400] {processor.py:161} INFO - Started process (PID=37065) to work on /Users/manideepakreddyaila/Desktop/projects/Legal_Insights_Engine/.venv/lib/python3.11/site-packages/airflow/example_dags/example_bash_decorator.py
[2024-04-14T18:01:53.044-0400] {processor.py:830} INFO - Processing file /Users/manideepakreddyaila/Desktop/projects/Legal_Insights_Engine/.venv/lib/python3.11/site-packages/airflow/example_dags/example_bash_decorator.py for tasks to queue
[2024-04-14T18:01:53.044-0400] {logging_mixin.py:188} INFO - [2024-04-14T18:01:53.044-0400] {dagbag.py:540} INFO - Filling up the DagBag from /Users/manideepakreddyaila/Desktop/projects/Legal_Insights_Engine/.venv/lib/python3.11/site-packages/airflow/example_dags/example_bash_decorator.py
[2024-04-14T18:01:53.087-0400] {processor.py:840} INFO - DAG(s) 'example_bash_decorator' retrieved from /Users/manideepakreddyaila/Desktop/projects/Legal_Insights_Engine/.venv/lib/python3.11/site-packages/airflow/example_dags/example_bash_decorator.py
[2024-04-14T18:01:53.175-0400] {logging_mixin.py:188} INFO - [2024-04-14T18:01:53.175-0400] {dag.py:3096} INFO - Sync 1 DAGs
[2024-04-14T18:01:53.178-0400] {logging_mixin.py:188} INFO - [2024-04-14T18:01:53.178-0400] {dag.py:3954} INFO - Setting next_dagrun for example_bash_decorator to None, run_after=None
[2024-04-14T18:01:53.186-0400] {processor.py:183} INFO - Processing /Users/manideepakreddyaila/Desktop/projects/Legal_Insights_Engine/.venv/lib/python3.11/site-packages/airflow/example_dags/example_bash_decorator.py took 0.144 seconds
[2024-04-14T18:03:54.865-0400] {processor.py:161} INFO - Started process (PID=37159) to work on /Users/manideepakreddyaila/Desktop/projects/Legal_Insights_Engine/.venv/lib/python3.11/site-packages/airflow/example_dags/example_bash_decorator.py
[2024-04-14T18:03:54.866-0400] {processor.py:830} INFO - Processing file /Users/manideepakreddyaila/Desktop/projects/Legal_Insights_Engine/.venv/lib/python3.11/site-packages/airflow/example_dags/example_bash_decorator.py for tasks to queue
[2024-04-14T18:03:54.866-0400] {logging_mixin.py:188} INFO - [2024-04-14T18:03:54.866-0400] {dagbag.py:540} INFO - Filling up the DagBag from /Users/manideepakreddyaila/Desktop/projects/Legal_Insights_Engine/.venv/lib/python3.11/site-packages/airflow/example_dags/example_bash_decorator.py
[2024-04-14T18:03:54.908-0400] {processor.py:840} INFO - DAG(s) 'example_bash_decorator' retrieved from /Users/manideepakreddyaila/Desktop/projects/Legal_Insights_Engine/.venv/lib/python3.11/site-packages/airflow/example_dags/example_bash_decorator.py
[2024-04-14T18:03:54.995-0400] {logging_mixin.py:188} INFO - [2024-04-14T18:03:54.995-0400] {dag.py:3096} INFO - Sync 1 DAGs
[2024-04-14T18:03:54.998-0400] {logging_mixin.py:188} INFO - [2024-04-14T18:03:54.998-0400] {dag.py:3954} INFO - Setting next_dagrun for example_bash_decorator to None, run_after=None
[2024-04-14T18:03:55.006-0400] {processor.py:183} INFO - Processing /Users/manideepakreddyaila/Desktop/projects/Legal_Insights_Engine/.venv/lib/python3.11/site-packages/airflow/example_dags/example_bash_decorator.py took 0.142 seconds
[2024-04-14T18:05:52.377-0400] {processor.py:161} INFO - Started process (PID=37253) to work on /Users/manideepakreddyaila/Desktop/projects/Legal_Insights_Engine/.venv/lib/python3.11/site-packages/airflow/example_dags/example_bash_decorator.py
[2024-04-14T18:05:52.378-0400] {processor.py:830} INFO - Processing file /Users/manideepakreddyaila/Desktop/projects/Legal_Insights_Engine/.venv/lib/python3.11/site-packages/airflow/example_dags/example_bash_decorator.py for tasks to queue
[2024-04-14T18:05:52.379-0400] {logging_mixin.py:188} INFO - [2024-04-14T18:05:52.378-0400] {dagbag.py:540} INFO - Filling up the DagBag from /Users/manideepakreddyaila/Desktop/projects/Legal_Insights_Engine/.venv/lib/python3.11/site-packages/airflow/example_dags/example_bash_decorator.py
[2024-04-14T18:05:52.419-0400] {processor.py:840} INFO - DAG(s) 'example_bash_decorator' retrieved from /Users/manideepakreddyaila/Desktop/projects/Legal_Insights_Engine/.venv/lib/python3.11/site-packages/airflow/example_dags/example_bash_decorator.py
[2024-04-14T18:05:52.506-0400] {logging_mixin.py:188} INFO - [2024-04-14T18:05:52.506-0400] {dag.py:3096} INFO - Sync 1 DAGs
[2024-04-14T18:05:52.509-0400] {logging_mixin.py:188} INFO - [2024-04-14T18:05:52.509-0400] {dag.py:3954} INFO - Setting next_dagrun for example_bash_decorator to None, run_after=None
[2024-04-14T18:05:52.515-0400] {processor.py:183} INFO - Processing /Users/manideepakreddyaila/Desktop/projects/Legal_Insights_Engine/.venv/lib/python3.11/site-packages/airflow/example_dags/example_bash_decorator.py took 0.139 seconds
[2024-04-14T18:07:50.025-0400] {processor.py:161} INFO - Started process (PID=37361) to work on /Users/manideepakreddyaila/Desktop/projects/Legal_Insights_Engine/.venv/lib/python3.11/site-packages/airflow/example_dags/example_bash_decorator.py
[2024-04-14T18:07:50.026-0400] {processor.py:830} INFO - Processing file /Users/manideepakreddyaila/Desktop/projects/Legal_Insights_Engine/.venv/lib/python3.11/site-packages/airflow/example_dags/example_bash_decorator.py for tasks to queue
[2024-04-14T18:07:50.026-0400] {logging_mixin.py:188} INFO - [2024-04-14T18:07:50.026-0400] {dagbag.py:540} INFO - Filling up the DagBag from /Users/manideepakreddyaila/Desktop/projects/Legal_Insights_Engine/.venv/lib/python3.11/site-packages/airflow/example_dags/example_bash_decorator.py
[2024-04-14T18:07:50.068-0400] {processor.py:840} INFO - DAG(s) 'example_bash_decorator' retrieved from /Users/manideepakreddyaila/Desktop/projects/Legal_Insights_Engine/.venv/lib/python3.11/site-packages/airflow/example_dags/example_bash_decorator.py
[2024-04-14T18:07:50.156-0400] {logging_mixin.py:188} INFO - [2024-04-14T18:07:50.156-0400] {dag.py:3096} INFO - Sync 1 DAGs
[2024-04-14T18:07:50.159-0400] {logging_mixin.py:188} INFO - [2024-04-14T18:07:50.159-0400] {dag.py:3954} INFO - Setting next_dagrun for example_bash_decorator to None, run_after=None
[2024-04-14T18:07:50.166-0400] {processor.py:183} INFO - Processing /Users/manideepakreddyaila/Desktop/projects/Legal_Insights_Engine/.venv/lib/python3.11/site-packages/airflow/example_dags/example_bash_decorator.py took 0.142 seconds
[2024-04-14T18:09:41.458-0400] {processor.py:161} INFO - Started process (PID=37458) to work on /Users/manideepakreddyaila/Desktop/projects/Legal_Insights_Engine/.venv/lib/python3.11/site-packages/airflow/example_dags/example_bash_decorator.py
[2024-04-14T18:09:41.458-0400] {processor.py:830} INFO - Processing file /Users/manideepakreddyaila/Desktop/projects/Legal_Insights_Engine/.venv/lib/python3.11/site-packages/airflow/example_dags/example_bash_decorator.py for tasks to queue
[2024-04-14T18:09:41.459-0400] {logging_mixin.py:188} INFO - [2024-04-14T18:09:41.459-0400] {dagbag.py:540} INFO - Filling up the DagBag from /Users/manideepakreddyaila/Desktop/projects/Legal_Insights_Engine/.venv/lib/python3.11/site-packages/airflow/example_dags/example_bash_decorator.py
[2024-04-14T18:09:41.499-0400] {processor.py:840} INFO - DAG(s) 'example_bash_decorator' retrieved from /Users/manideepakreddyaila/Desktop/projects/Legal_Insights_Engine/.venv/lib/python3.11/site-packages/airflow/example_dags/example_bash_decorator.py
[2024-04-14T18:09:41.586-0400] {logging_mixin.py:188} INFO - [2024-04-14T18:09:41.586-0400] {dag.py:3096} INFO - Sync 1 DAGs
[2024-04-14T18:09:41.589-0400] {logging_mixin.py:188} INFO - [2024-04-14T18:09:41.589-0400] {dag.py:3954} INFO - Setting next_dagrun for example_bash_decorator to None, run_after=None
[2024-04-14T18:09:41.596-0400] {processor.py:183} INFO - Processing /Users/manideepakreddyaila/Desktop/projects/Legal_Insights_Engine/.venv/lib/python3.11/site-packages/airflow/example_dags/example_bash_decorator.py took 0.139 seconds
[2024-04-14T18:11:39.104-0400] {processor.py:161} INFO - Started process (PID=37563) to work on /Users/manideepakreddyaila/Desktop/projects/Legal_Insights_Engine/.venv/lib/python3.11/site-packages/airflow/example_dags/example_bash_decorator.py
[2024-04-14T18:11:39.105-0400] {processor.py:830} INFO - Processing file /Users/manideepakreddyaila/Desktop/projects/Legal_Insights_Engine/.venv/lib/python3.11/site-packages/airflow/example_dags/example_bash_decorator.py for tasks to queue
[2024-04-14T18:11:39.105-0400] {logging_mixin.py:188} INFO - [2024-04-14T18:11:39.105-0400] {dagbag.py:540} INFO - Filling up the DagBag from /Users/manideepakreddyaila/Desktop/projects/Legal_Insights_Engine/.venv/lib/python3.11/site-packages/airflow/example_dags/example_bash_decorator.py
[2024-04-14T18:11:39.146-0400] {processor.py:840} INFO - DAG(s) 'example_bash_decorator' retrieved from /Users/manideepakreddyaila/Desktop/projects/Legal_Insights_Engine/.venv/lib/python3.11/site-packages/airflow/example_dags/example_bash_decorator.py
[2024-04-14T18:11:39.236-0400] {logging_mixin.py:188} INFO - [2024-04-14T18:11:39.236-0400] {dag.py:3096} INFO - Sync 1 DAGs
[2024-04-14T18:11:39.239-0400] {logging_mixin.py:188} INFO - [2024-04-14T18:11:39.239-0400] {dag.py:3954} INFO - Setting next_dagrun for example_bash_decorator to None, run_after=None
[2024-04-14T18:11:39.247-0400] {processor.py:183} INFO - Processing /Users/manideepakreddyaila/Desktop/projects/Legal_Insights_Engine/.venv/lib/python3.11/site-packages/airflow/example_dags/example_bash_decorator.py took 0.144 seconds
[2024-04-14T18:13:38.776-0400] {processor.py:161} INFO - Started process (PID=37663) to work on /Users/manideepakreddyaila/Desktop/projects/Legal_Insights_Engine/.venv/lib/python3.11/site-packages/airflow/example_dags/example_bash_decorator.py
[2024-04-14T18:13:38.777-0400] {processor.py:830} INFO - Processing file /Users/manideepakreddyaila/Desktop/projects/Legal_Insights_Engine/.venv/lib/python3.11/site-packages/airflow/example_dags/example_bash_decorator.py for tasks to queue
[2024-04-14T18:13:38.777-0400] {logging_mixin.py:188} INFO - [2024-04-14T18:13:38.777-0400] {dagbag.py:540} INFO - Filling up the DagBag from /Users/manideepakreddyaila/Desktop/projects/Legal_Insights_Engine/.venv/lib/python3.11/site-packages/airflow/example_dags/example_bash_decorator.py
[2024-04-14T18:13:38.818-0400] {processor.py:840} INFO - DAG(s) 'example_bash_decorator' retrieved from /Users/manideepakreddyaila/Desktop/projects/Legal_Insights_Engine/.venv/lib/python3.11/site-packages/airflow/example_dags/example_bash_decorator.py
[2024-04-14T18:13:38.906-0400] {logging_mixin.py:188} INFO - [2024-04-14T18:13:38.906-0400] {dag.py:3096} INFO - Sync 1 DAGs
[2024-04-14T18:13:38.909-0400] {logging_mixin.py:188} INFO - [2024-04-14T18:13:38.909-0400] {dag.py:3954} INFO - Setting next_dagrun for example_bash_decorator to None, run_after=None
[2024-04-14T18:13:38.915-0400] {processor.py:183} INFO - Processing /Users/manideepakreddyaila/Desktop/projects/Legal_Insights_Engine/.venv/lib/python3.11/site-packages/airflow/example_dags/example_bash_decorator.py took 0.140 seconds
[2024-04-14T18:15:36.438-0400] {processor.py:161} INFO - Started process (PID=37768) to work on /Users/manideepakreddyaila/Desktop/projects/Legal_Insights_Engine/.venv/lib/python3.11/site-packages/airflow/example_dags/example_bash_decorator.py
[2024-04-14T18:15:36.439-0400] {processor.py:830} INFO - Processing file /Users/manideepakreddyaila/Desktop/projects/Legal_Insights_Engine/.venv/lib/python3.11/site-packages/airflow/example_dags/example_bash_decorator.py for tasks to queue
[2024-04-14T18:15:36.439-0400] {logging_mixin.py:188} INFO - [2024-04-14T18:15:36.439-0400] {dagbag.py:540} INFO - Filling up the DagBag from /Users/manideepakreddyaila/Desktop/projects/Legal_Insights_Engine/.venv/lib/python3.11/site-packages/airflow/example_dags/example_bash_decorator.py
[2024-04-14T18:15:36.479-0400] {processor.py:840} INFO - DAG(s) 'example_bash_decorator' retrieved from /Users/manideepakreddyaila/Desktop/projects/Legal_Insights_Engine/.venv/lib/python3.11/site-packages/airflow/example_dags/example_bash_decorator.py
[2024-04-14T18:15:36.559-0400] {logging_mixin.py:188} INFO - [2024-04-14T18:15:36.559-0400] {dag.py:3096} INFO - Sync 1 DAGs
[2024-04-14T18:15:36.562-0400] {logging_mixin.py:188} INFO - [2024-04-14T18:15:36.562-0400] {dag.py:3954} INFO - Setting next_dagrun for example_bash_decorator to None, run_after=None
[2024-04-14T18:15:36.568-0400] {processor.py:183} INFO - Processing /Users/manideepakreddyaila/Desktop/projects/Legal_Insights_Engine/.venv/lib/python3.11/site-packages/airflow/example_dags/example_bash_decorator.py took 0.131 seconds
