[2024-04-13T20:06:53.599-0400] {processor.py:161} INFO - Started process (PID=31664) to work on /Users/manideepakreddyaila/Desktop/projects/Legal_Insights_Engine/.venv/lib/python3.11/site-packages/airflow/example_dags/example_sensor_decorator.py
[2024-04-13T20:06:53.601-0400] {processor.py:830} INFO - Processing file /Users/manideepakreddyaila/Desktop/projects/Legal_Insights_Engine/.venv/lib/python3.11/site-packages/airflow/example_dags/example_sensor_decorator.py for tasks to queue
[2024-04-13T20:06:53.601-0400] {logging_mixin.py:188} INFO - [2024-04-13T20:06:53.601-0400] {dagbag.py:540} INFO - Filling up the DagBag from /Users/manideepakreddyaila/Desktop/projects/Legal_Insights_Engine/.venv/lib/python3.11/site-packages/airflow/example_dags/example_sensor_decorator.py
[2024-04-13T20:06:53.640-0400] {processor.py:840} INFO - DAG(s) 'example_sensor_decorator' retrieved from /Users/manideepakreddyaila/Desktop/projects/Legal_Insights_Engine/.venv/lib/python3.11/site-packages/airflow/example_dags/example_sensor_decorator.py
[2024-04-13T20:06:53.679-0400] {logging_mixin.py:188} INFO - [2024-04-13T20:06:53.679-0400] {dag.py:3096} INFO - Sync 1 DAGs
[2024-04-13T20:06:53.683-0400] {logging_mixin.py:188} INFO - [2024-04-13T20:06:53.683-0400] {dag.py:3954} INFO - Setting next_dagrun for example_sensor_decorator to None, run_after=None
[2024-04-13T20:06:53.690-0400] {processor.py:183} INFO - Processing /Users/manideepakreddyaila/Desktop/projects/Legal_Insights_Engine/.venv/lib/python3.11/site-packages/airflow/example_dags/example_sensor_decorator.py took 0.091 seconds
[2024-04-13T20:08:19.551-0400] {processor.py:161} INFO - Started process (PID=31729) to work on /Users/manideepakreddyaila/Desktop/projects/Legal_Insights_Engine/.venv/lib/python3.11/site-packages/airflow/example_dags/example_sensor_decorator.py
[2024-04-13T20:08:19.552-0400] {processor.py:830} INFO - Processing file /Users/manideepakreddyaila/Desktop/projects/Legal_Insights_Engine/.venv/lib/python3.11/site-packages/airflow/example_dags/example_sensor_decorator.py for tasks to queue
[2024-04-13T20:08:19.552-0400] {logging_mixin.py:188} INFO - [2024-04-13T20:08:19.552-0400] {dagbag.py:540} INFO - Filling up the DagBag from /Users/manideepakreddyaila/Desktop/projects/Legal_Insights_Engine/.venv/lib/python3.11/site-packages/airflow/example_dags/example_sensor_decorator.py
[2024-04-13T20:08:19.591-0400] {processor.py:840} INFO - DAG(s) 'example_sensor_decorator' retrieved from /Users/manideepakreddyaila/Desktop/projects/Legal_Insights_Engine/.venv/lib/python3.11/site-packages/airflow/example_dags/example_sensor_decorator.py
[2024-04-13T20:08:19.630-0400] {logging_mixin.py:188} INFO - [2024-04-13T20:08:19.630-0400] {dag.py:3096} INFO - Sync 1 DAGs
[2024-04-13T20:08:19.634-0400] {logging_mixin.py:188} INFO - [2024-04-13T20:08:19.634-0400] {dag.py:3954} INFO - Setting next_dagrun for example_sensor_decorator to None, run_after=None
[2024-04-13T20:08:19.640-0400] {processor.py:183} INFO - Processing /Users/manideepakreddyaila/Desktop/projects/Legal_Insights_Engine/.venv/lib/python3.11/site-packages/airflow/example_dags/example_sensor_decorator.py took 0.090 seconds
[2024-04-13T22:09:17.627-0400] {processor.py:161} INFO - Started process (PID=31875) to work on /Users/manideepakreddyaila/Desktop/projects/Legal_Insights_Engine/.venv/lib/python3.11/site-packages/airflow/example_dags/example_sensor_decorator.py
[2024-04-13T22:09:17.628-0400] {processor.py:830} INFO - Processing file /Users/manideepakreddyaila/Desktop/projects/Legal_Insights_Engine/.venv/lib/python3.11/site-packages/airflow/example_dags/example_sensor_decorator.py for tasks to queue
[2024-04-13T22:09:17.628-0400] {logging_mixin.py:188} INFO - [2024-04-13T22:09:17.628-0400] {dagbag.py:540} INFO - Filling up the DagBag from /Users/manideepakreddyaila/Desktop/projects/Legal_Insights_Engine/.venv/lib/python3.11/site-packages/airflow/example_dags/example_sensor_decorator.py
[2024-04-13T22:09:17.668-0400] {processor.py:840} INFO - DAG(s) 'example_sensor_decorator' retrieved from /Users/manideepakreddyaila/Desktop/projects/Legal_Insights_Engine/.venv/lib/python3.11/site-packages/airflow/example_dags/example_sensor_decorator.py
[2024-04-13T22:09:17.709-0400] {logging_mixin.py:188} INFO - [2024-04-13T22:09:17.708-0400] {dag.py:3096} INFO - Sync 1 DAGs
[2024-04-13T22:09:17.712-0400] {logging_mixin.py:188} INFO - [2024-04-13T22:09:17.712-0400] {dag.py:3954} INFO - Setting next_dagrun for example_sensor_decorator to None, run_after=None
[2024-04-13T22:09:17.719-0400] {processor.py:183} INFO - Processing /Users/manideepakreddyaila/Desktop/projects/Legal_Insights_Engine/.venv/lib/python3.11/site-packages/airflow/example_dags/example_sensor_decorator.py took 0.093 seconds
[2024-04-14T00:28:57.948-0400] {processor.py:161} INFO - Started process (PID=32050) to work on /Users/manideepakreddyaila/Desktop/projects/Legal_Insights_Engine/.venv/lib/python3.11/site-packages/airflow/example_dags/example_sensor_decorator.py
[2024-04-14T00:28:57.949-0400] {processor.py:830} INFO - Processing file /Users/manideepakreddyaila/Desktop/projects/Legal_Insights_Engine/.venv/lib/python3.11/site-packages/airflow/example_dags/example_sensor_decorator.py for tasks to queue
[2024-04-14T00:28:57.949-0400] {logging_mixin.py:188} INFO - [2024-04-14T00:28:57.949-0400] {dagbag.py:540} INFO - Filling up the DagBag from /Users/manideepakreddyaila/Desktop/projects/Legal_Insights_Engine/.venv/lib/python3.11/site-packages/airflow/example_dags/example_sensor_decorator.py
[2024-04-14T00:28:57.991-0400] {processor.py:840} INFO - DAG(s) 'example_sensor_decorator' retrieved from /Users/manideepakreddyaila/Desktop/projects/Legal_Insights_Engine/.venv/lib/python3.11/site-packages/airflow/example_dags/example_sensor_decorator.py
[2024-04-14T00:28:58.030-0400] {logging_mixin.py:188} INFO - [2024-04-14T00:28:58.030-0400] {dag.py:3096} INFO - Sync 1 DAGs
[2024-04-14T00:28:58.033-0400] {logging_mixin.py:188} INFO - [2024-04-14T00:28:58.033-0400] {dag.py:3954} INFO - Setting next_dagrun for example_sensor_decorator to None, run_after=None
[2024-04-14T00:28:58.039-0400] {processor.py:183} INFO - Processing /Users/manideepakreddyaila/Desktop/projects/Legal_Insights_Engine/.venv/lib/python3.11/site-packages/airflow/example_dags/example_sensor_decorator.py took 0.092 seconds
[2024-04-14T03:17:23.790-0400] {processor.py:161} INFO - Started process (PID=32287) to work on /Users/manideepakreddyaila/Desktop/projects/Legal_Insights_Engine/.venv/lib/python3.11/site-packages/airflow/example_dags/example_sensor_decorator.py
[2024-04-14T03:17:23.791-0400] {processor.py:830} INFO - Processing file /Users/manideepakreddyaila/Desktop/projects/Legal_Insights_Engine/.venv/lib/python3.11/site-packages/airflow/example_dags/example_sensor_decorator.py for tasks to queue
[2024-04-14T03:17:23.791-0400] {logging_mixin.py:188} INFO - [2024-04-14T03:17:23.791-0400] {dagbag.py:540} INFO - Filling up the DagBag from /Users/manideepakreddyaila/Desktop/projects/Legal_Insights_Engine/.venv/lib/python3.11/site-packages/airflow/example_dags/example_sensor_decorator.py
[2024-04-14T03:17:23.829-0400] {processor.py:840} INFO - DAG(s) 'example_sensor_decorator' retrieved from /Users/manideepakreddyaila/Desktop/projects/Legal_Insights_Engine/.venv/lib/python3.11/site-packages/airflow/example_dags/example_sensor_decorator.py
[2024-04-14T03:17:23.874-0400] {logging_mixin.py:188} INFO - [2024-04-14T03:17:23.874-0400] {dag.py:3096} INFO - Sync 1 DAGs
[2024-04-14T03:17:23.878-0400] {logging_mixin.py:188} INFO - [2024-04-14T03:17:23.878-0400] {dag.py:3954} INFO - Setting next_dagrun for example_sensor_decorator to None, run_after=None
[2024-04-14T03:17:23.884-0400] {processor.py:183} INFO - Processing /Users/manideepakreddyaila/Desktop/projects/Legal_Insights_Engine/.venv/lib/python3.11/site-packages/airflow/example_dags/example_sensor_decorator.py took 0.095 seconds
[2024-04-14T06:15:22.799-0400] {processor.py:161} INFO - Started process (PID=32524) to work on /Users/manideepakreddyaila/Desktop/projects/Legal_Insights_Engine/.venv/lib/python3.11/site-packages/airflow/example_dags/example_sensor_decorator.py
[2024-04-14T06:15:22.800-0400] {processor.py:830} INFO - Processing file /Users/manideepakreddyaila/Desktop/projects/Legal_Insights_Engine/.venv/lib/python3.11/site-packages/airflow/example_dags/example_sensor_decorator.py for tasks to queue
[2024-04-14T06:15:22.800-0400] {logging_mixin.py:188} INFO - [2024-04-14T06:15:22.800-0400] {dagbag.py:540} INFO - Filling up the DagBag from /Users/manideepakreddyaila/Desktop/projects/Legal_Insights_Engine/.venv/lib/python3.11/site-packages/airflow/example_dags/example_sensor_decorator.py
[2024-04-14T06:15:22.838-0400] {processor.py:840} INFO - DAG(s) 'example_sensor_decorator' retrieved from /Users/manideepakreddyaila/Desktop/projects/Legal_Insights_Engine/.venv/lib/python3.11/site-packages/airflow/example_dags/example_sensor_decorator.py
[2024-04-14T06:15:22.876-0400] {logging_mixin.py:188} INFO - [2024-04-14T06:15:22.876-0400] {dag.py:3096} INFO - Sync 1 DAGs
[2024-04-14T06:15:22.880-0400] {logging_mixin.py:188} INFO - [2024-04-14T06:15:22.880-0400] {dag.py:3954} INFO - Setting next_dagrun for example_sensor_decorator to None, run_after=None
[2024-04-14T06:15:22.886-0400] {processor.py:183} INFO - Processing /Users/manideepakreddyaila/Desktop/projects/Legal_Insights_Engine/.venv/lib/python3.11/site-packages/airflow/example_dags/example_sensor_decorator.py took 0.088 seconds
[2024-04-14T08:09:01.805-0400] {processor.py:161} INFO - Started process (PID=32708) to work on /Users/manideepakreddyaila/Desktop/projects/Legal_Insights_Engine/.venv/lib/python3.11/site-packages/airflow/example_dags/example_sensor_decorator.py
[2024-04-14T08:09:01.806-0400] {processor.py:830} INFO - Processing file /Users/manideepakreddyaila/Desktop/projects/Legal_Insights_Engine/.venv/lib/python3.11/site-packages/airflow/example_dags/example_sensor_decorator.py for tasks to queue
[2024-04-14T08:09:01.807-0400] {logging_mixin.py:188} INFO - [2024-04-14T08:09:01.807-0400] {dagbag.py:540} INFO - Filling up the DagBag from /Users/manideepakreddyaila/Desktop/projects/Legal_Insights_Engine/.venv/lib/python3.11/site-packages/airflow/example_dags/example_sensor_decorator.py
[2024-04-14T08:09:01.852-0400] {processor.py:840} INFO - DAG(s) 'example_sensor_decorator' retrieved from /Users/manideepakreddyaila/Desktop/projects/Legal_Insights_Engine/.venv/lib/python3.11/site-packages/airflow/example_dags/example_sensor_decorator.py
[2024-04-14T08:09:01.918-0400] {logging_mixin.py:188} INFO - [2024-04-14T08:09:01.917-0400] {dag.py:3096} INFO - Sync 1 DAGs
[2024-04-14T08:09:01.923-0400] {logging_mixin.py:188} INFO - [2024-04-14T08:09:01.923-0400] {dag.py:3954} INFO - Setting next_dagrun for example_sensor_decorator to None, run_after=None
[2024-04-14T08:09:01.930-0400] {processor.py:183} INFO - Processing /Users/manideepakreddyaila/Desktop/projects/Legal_Insights_Engine/.venv/lib/python3.11/site-packages/airflow/example_dags/example_sensor_decorator.py took 0.126 seconds
[2024-04-14T08:14:06.618-0400] {processor.py:161} INFO - Started process (PID=32824) to work on /Users/manideepakreddyaila/Desktop/projects/Legal_Insights_Engine/.venv/lib/python3.11/site-packages/airflow/example_dags/example_sensor_decorator.py
[2024-04-14T08:14:06.619-0400] {processor.py:830} INFO - Processing file /Users/manideepakreddyaila/Desktop/projects/Legal_Insights_Engine/.venv/lib/python3.11/site-packages/airflow/example_dags/example_sensor_decorator.py for tasks to queue
[2024-04-14T08:14:06.619-0400] {logging_mixin.py:188} INFO - [2024-04-14T08:14:06.619-0400] {dagbag.py:540} INFO - Filling up the DagBag from /Users/manideepakreddyaila/Desktop/projects/Legal_Insights_Engine/.venv/lib/python3.11/site-packages/airflow/example_dags/example_sensor_decorator.py
[2024-04-14T08:14:06.657-0400] {processor.py:840} INFO - DAG(s) 'example_sensor_decorator' retrieved from /Users/manideepakreddyaila/Desktop/projects/Legal_Insights_Engine/.venv/lib/python3.11/site-packages/airflow/example_dags/example_sensor_decorator.py
[2024-04-14T08:14:06.696-0400] {logging_mixin.py:188} INFO - [2024-04-14T08:14:06.696-0400] {dag.py:3096} INFO - Sync 1 DAGs
[2024-04-14T08:14:06.700-0400] {logging_mixin.py:188} INFO - [2024-04-14T08:14:06.700-0400] {dag.py:3954} INFO - Setting next_dagrun for example_sensor_decorator to None, run_after=None
[2024-04-14T08:14:06.707-0400] {processor.py:183} INFO - Processing /Users/manideepakreddyaila/Desktop/projects/Legal_Insights_Engine/.venv/lib/python3.11/site-packages/airflow/example_dags/example_sensor_decorator.py took 0.090 seconds
[2024-04-14T08:21:46.871-0400] {processor.py:161} INFO - Started process (PID=32949) to work on /Users/manideepakreddyaila/Desktop/projects/Legal_Insights_Engine/.venv/lib/python3.11/site-packages/airflow/example_dags/example_sensor_decorator.py
[2024-04-14T08:21:46.872-0400] {processor.py:830} INFO - Processing file /Users/manideepakreddyaila/Desktop/projects/Legal_Insights_Engine/.venv/lib/python3.11/site-packages/airflow/example_dags/example_sensor_decorator.py for tasks to queue
[2024-04-14T08:21:46.872-0400] {logging_mixin.py:188} INFO - [2024-04-14T08:21:46.872-0400] {dagbag.py:540} INFO - Filling up the DagBag from /Users/manideepakreddyaila/Desktop/projects/Legal_Insights_Engine/.venv/lib/python3.11/site-packages/airflow/example_dags/example_sensor_decorator.py
[2024-04-14T08:21:46.910-0400] {processor.py:840} INFO - DAG(s) 'example_sensor_decorator' retrieved from /Users/manideepakreddyaila/Desktop/projects/Legal_Insights_Engine/.venv/lib/python3.11/site-packages/airflow/example_dags/example_sensor_decorator.py
[2024-04-14T08:21:46.952-0400] {logging_mixin.py:188} INFO - [2024-04-14T08:21:46.951-0400] {dag.py:3096} INFO - Sync 1 DAGs
[2024-04-14T08:21:46.955-0400] {logging_mixin.py:188} INFO - [2024-04-14T08:21:46.955-0400] {dag.py:3954} INFO - Setting next_dagrun for example_sensor_decorator to None, run_after=None
[2024-04-14T08:21:46.961-0400] {processor.py:183} INFO - Processing /Users/manideepakreddyaila/Desktop/projects/Legal_Insights_Engine/.venv/lib/python3.11/site-packages/airflow/example_dags/example_sensor_decorator.py took 0.091 seconds
[2024-04-14T11:09:59.867-0400] {processor.py:161} INFO - Started process (PID=33117) to work on /Users/manideepakreddyaila/Desktop/projects/Legal_Insights_Engine/.venv/lib/python3.11/site-packages/airflow/example_dags/example_sensor_decorator.py
[2024-04-14T11:09:59.869-0400] {processor.py:830} INFO - Processing file /Users/manideepakreddyaila/Desktop/projects/Legal_Insights_Engine/.venv/lib/python3.11/site-packages/airflow/example_dags/example_sensor_decorator.py for tasks to queue
[2024-04-14T11:09:59.869-0400] {logging_mixin.py:188} INFO - [2024-04-14T11:09:59.869-0400] {dagbag.py:540} INFO - Filling up the DagBag from /Users/manideepakreddyaila/Desktop/projects/Legal_Insights_Engine/.venv/lib/python3.11/site-packages/airflow/example_dags/example_sensor_decorator.py
[2024-04-14T11:09:59.907-0400] {processor.py:840} INFO - DAG(s) 'example_sensor_decorator' retrieved from /Users/manideepakreddyaila/Desktop/projects/Legal_Insights_Engine/.venv/lib/python3.11/site-packages/airflow/example_dags/example_sensor_decorator.py
[2024-04-14T11:09:59.946-0400] {logging_mixin.py:188} INFO - [2024-04-14T11:09:59.945-0400] {dag.py:3096} INFO - Sync 1 DAGs
[2024-04-14T11:09:59.949-0400] {logging_mixin.py:188} INFO - [2024-04-14T11:09:59.949-0400] {dag.py:3954} INFO - Setting next_dagrun for example_sensor_decorator to None, run_after=None
[2024-04-14T11:09:59.955-0400] {processor.py:183} INFO - Processing /Users/manideepakreddyaila/Desktop/projects/Legal_Insights_Engine/.venv/lib/python3.11/site-packages/airflow/example_dags/example_sensor_decorator.py took 0.089 seconds
[2024-04-14T12:06:39.723-0400] {processor.py:161} INFO - Started process (PID=33247) to work on /Users/manideepakreddyaila/Desktop/projects/Legal_Insights_Engine/.venv/lib/python3.11/site-packages/airflow/example_dags/example_sensor_decorator.py
[2024-04-14T12:06:39.724-0400] {processor.py:830} INFO - Processing file /Users/manideepakreddyaila/Desktop/projects/Legal_Insights_Engine/.venv/lib/python3.11/site-packages/airflow/example_dags/example_sensor_decorator.py for tasks to queue
[2024-04-14T12:06:39.724-0400] {logging_mixin.py:188} INFO - [2024-04-14T12:06:39.724-0400] {dagbag.py:540} INFO - Filling up the DagBag from /Users/manideepakreddyaila/Desktop/projects/Legal_Insights_Engine/.venv/lib/python3.11/site-packages/airflow/example_dags/example_sensor_decorator.py
[2024-04-14T12:06:39.765-0400] {processor.py:840} INFO - DAG(s) 'example_sensor_decorator' retrieved from /Users/manideepakreddyaila/Desktop/projects/Legal_Insights_Engine/.venv/lib/python3.11/site-packages/airflow/example_dags/example_sensor_decorator.py
[2024-04-14T12:06:39.805-0400] {logging_mixin.py:188} INFO - [2024-04-14T12:06:39.805-0400] {dag.py:3096} INFO - Sync 1 DAGs
[2024-04-14T12:06:39.809-0400] {logging_mixin.py:188} INFO - [2024-04-14T12:06:39.809-0400] {dag.py:3954} INFO - Setting next_dagrun for example_sensor_decorator to None, run_after=None
[2024-04-14T12:06:39.815-0400] {processor.py:183} INFO - Processing /Users/manideepakreddyaila/Desktop/projects/Legal_Insights_Engine/.venv/lib/python3.11/site-packages/airflow/example_dags/example_sensor_decorator.py took 0.093 seconds
[2024-04-14T13:56:18.457-0400] {processor.py:161} INFO - Started process (PID=33409) to work on /Users/manideepakreddyaila/Desktop/projects/Legal_Insights_Engine/.venv/lib/python3.11/site-packages/airflow/example_dags/example_sensor_decorator.py
[2024-04-14T13:56:18.457-0400] {processor.py:830} INFO - Processing file /Users/manideepakreddyaila/Desktop/projects/Legal_Insights_Engine/.venv/lib/python3.11/site-packages/airflow/example_dags/example_sensor_decorator.py for tasks to queue
[2024-04-14T13:56:18.457-0400] {logging_mixin.py:188} INFO - [2024-04-14T13:56:18.457-0400] {dagbag.py:540} INFO - Filling up the DagBag from /Users/manideepakreddyaila/Desktop/projects/Legal_Insights_Engine/.venv/lib/python3.11/site-packages/airflow/example_dags/example_sensor_decorator.py
[2024-04-14T13:56:18.496-0400] {processor.py:840} INFO - DAG(s) 'example_sensor_decorator' retrieved from /Users/manideepakreddyaila/Desktop/projects/Legal_Insights_Engine/.venv/lib/python3.11/site-packages/airflow/example_dags/example_sensor_decorator.py
[2024-04-14T13:56:18.535-0400] {logging_mixin.py:188} INFO - [2024-04-14T13:56:18.534-0400] {dag.py:3096} INFO - Sync 1 DAGs
[2024-04-14T13:56:18.538-0400] {logging_mixin.py:188} INFO - [2024-04-14T13:56:18.538-0400] {dag.py:3954} INFO - Setting next_dagrun for example_sensor_decorator to None, run_after=None
[2024-04-14T13:56:18.544-0400] {processor.py:183} INFO - Processing /Users/manideepakreddyaila/Desktop/projects/Legal_Insights_Engine/.venv/lib/python3.11/site-packages/airflow/example_dags/example_sensor_decorator.py took 0.089 seconds
[2024-04-14T15:42:32.132-0400] {processor.py:161} INFO - Started process (PID=33594) to work on /Users/manideepakreddyaila/Desktop/projects/Legal_Insights_Engine/.venv/lib/python3.11/site-packages/airflow/example_dags/example_sensor_decorator.py
[2024-04-14T15:42:32.132-0400] {processor.py:830} INFO - Processing file /Users/manideepakreddyaila/Desktop/projects/Legal_Insights_Engine/.venv/lib/python3.11/site-packages/airflow/example_dags/example_sensor_decorator.py for tasks to queue
[2024-04-14T15:42:32.132-0400] {logging_mixin.py:188} INFO - [2024-04-14T15:42:32.132-0400] {dagbag.py:540} INFO - Filling up the DagBag from /Users/manideepakreddyaila/Desktop/projects/Legal_Insights_Engine/.venv/lib/python3.11/site-packages/airflow/example_dags/example_sensor_decorator.py
[2024-04-14T15:42:32.171-0400] {processor.py:840} INFO - DAG(s) 'example_sensor_decorator' retrieved from /Users/manideepakreddyaila/Desktop/projects/Legal_Insights_Engine/.venv/lib/python3.11/site-packages/airflow/example_dags/example_sensor_decorator.py
[2024-04-14T15:42:32.209-0400] {logging_mixin.py:188} INFO - [2024-04-14T15:42:32.209-0400] {dag.py:3096} INFO - Sync 1 DAGs
[2024-04-14T15:42:32.213-0400] {logging_mixin.py:188} INFO - [2024-04-14T15:42:32.213-0400] {dag.py:3954} INFO - Setting next_dagrun for example_sensor_decorator to None, run_after=None
[2024-04-14T15:42:32.219-0400] {processor.py:183} INFO - Processing /Users/manideepakreddyaila/Desktop/projects/Legal_Insights_Engine/.venv/lib/python3.11/site-packages/airflow/example_dags/example_sensor_decorator.py took 0.088 seconds
[2024-04-14T16:36:52.270-0400] {processor.py:161} INFO - Started process (PID=33762) to work on /Users/manideepakreddyaila/Desktop/projects/Legal_Insights_Engine/.venv/lib/python3.11/site-packages/airflow/example_dags/example_sensor_decorator.py
[2024-04-14T16:36:52.271-0400] {processor.py:830} INFO - Processing file /Users/manideepakreddyaila/Desktop/projects/Legal_Insights_Engine/.venv/lib/python3.11/site-packages/airflow/example_dags/example_sensor_decorator.py for tasks to queue
[2024-04-14T16:36:52.271-0400] {logging_mixin.py:188} INFO - [2024-04-14T16:36:52.271-0400] {dagbag.py:540} INFO - Filling up the DagBag from /Users/manideepakreddyaila/Desktop/projects/Legal_Insights_Engine/.venv/lib/python3.11/site-packages/airflow/example_dags/example_sensor_decorator.py
[2024-04-14T16:36:52.311-0400] {processor.py:840} INFO - DAG(s) 'example_sensor_decorator' retrieved from /Users/manideepakreddyaila/Desktop/projects/Legal_Insights_Engine/.venv/lib/python3.11/site-packages/airflow/example_dags/example_sensor_decorator.py
[2024-04-14T16:36:52.351-0400] {logging_mixin.py:188} INFO - [2024-04-14T16:36:52.351-0400] {dag.py:3096} INFO - Sync 1 DAGs
[2024-04-14T16:36:52.355-0400] {logging_mixin.py:188} INFO - [2024-04-14T16:36:52.354-0400] {dag.py:3954} INFO - Setting next_dagrun for example_sensor_decorator to None, run_after=None
[2024-04-14T16:36:52.361-0400] {processor.py:183} INFO - Processing /Users/manideepakreddyaila/Desktop/projects/Legal_Insights_Engine/.venv/lib/python3.11/site-packages/airflow/example_dags/example_sensor_decorator.py took 0.092 seconds
[2024-04-14T16:38:17.139-0400] {processor.py:161} INFO - Started process (PID=33824) to work on /Users/manideepakreddyaila/Desktop/projects/Legal_Insights_Engine/.venv/lib/python3.11/site-packages/airflow/example_dags/example_sensor_decorator.py
[2024-04-14T16:38:17.140-0400] {processor.py:830} INFO - Processing file /Users/manideepakreddyaila/Desktop/projects/Legal_Insights_Engine/.venv/lib/python3.11/site-packages/airflow/example_dags/example_sensor_decorator.py for tasks to queue
[2024-04-14T16:38:17.140-0400] {logging_mixin.py:188} INFO - [2024-04-14T16:38:17.140-0400] {dagbag.py:540} INFO - Filling up the DagBag from /Users/manideepakreddyaila/Desktop/projects/Legal_Insights_Engine/.venv/lib/python3.11/site-packages/airflow/example_dags/example_sensor_decorator.py
[2024-04-14T16:38:17.179-0400] {processor.py:840} INFO - DAG(s) 'example_sensor_decorator' retrieved from /Users/manideepakreddyaila/Desktop/projects/Legal_Insights_Engine/.venv/lib/python3.11/site-packages/airflow/example_dags/example_sensor_decorator.py
[2024-04-14T16:38:17.218-0400] {logging_mixin.py:188} INFO - [2024-04-14T16:38:17.218-0400] {dag.py:3096} INFO - Sync 1 DAGs
[2024-04-14T16:38:17.222-0400] {logging_mixin.py:188} INFO - [2024-04-14T16:38:17.222-0400] {dag.py:3954} INFO - Setting next_dagrun for example_sensor_decorator to None, run_after=None
[2024-04-14T16:38:17.229-0400] {processor.py:183} INFO - Processing /Users/manideepakreddyaila/Desktop/projects/Legal_Insights_Engine/.venv/lib/python3.11/site-packages/airflow/example_dags/example_sensor_decorator.py took 0.091 seconds
[2024-04-14T16:40:14.645-0400] {processor.py:161} INFO - Started process (PID=33922) to work on /Users/manideepakreddyaila/Desktop/projects/Legal_Insights_Engine/.venv/lib/python3.11/site-packages/airflow/example_dags/example_sensor_decorator.py
[2024-04-14T16:40:14.645-0400] {processor.py:830} INFO - Processing file /Users/manideepakreddyaila/Desktop/projects/Legal_Insights_Engine/.venv/lib/python3.11/site-packages/airflow/example_dags/example_sensor_decorator.py for tasks to queue
[2024-04-14T16:40:14.645-0400] {logging_mixin.py:188} INFO - [2024-04-14T16:40:14.645-0400] {dagbag.py:540} INFO - Filling up the DagBag from /Users/manideepakreddyaila/Desktop/projects/Legal_Insights_Engine/.venv/lib/python3.11/site-packages/airflow/example_dags/example_sensor_decorator.py
[2024-04-14T16:40:14.685-0400] {processor.py:840} INFO - DAG(s) 'example_sensor_decorator' retrieved from /Users/manideepakreddyaila/Desktop/projects/Legal_Insights_Engine/.venv/lib/python3.11/site-packages/airflow/example_dags/example_sensor_decorator.py
[2024-04-14T16:40:14.725-0400] {logging_mixin.py:188} INFO - [2024-04-14T16:40:14.725-0400] {dag.py:3096} INFO - Sync 1 DAGs
[2024-04-14T16:40:14.729-0400] {logging_mixin.py:188} INFO - [2024-04-14T16:40:14.728-0400] {dag.py:3954} INFO - Setting next_dagrun for example_sensor_decorator to None, run_after=None
[2024-04-14T16:40:14.735-0400] {processor.py:183} INFO - Processing /Users/manideepakreddyaila/Desktop/projects/Legal_Insights_Engine/.venv/lib/python3.11/site-packages/airflow/example_dags/example_sensor_decorator.py took 0.091 seconds
[2024-04-14T16:42:08.452-0400] {processor.py:161} INFO - Started process (PID=34018) to work on /Users/manideepakreddyaila/Desktop/projects/Legal_Insights_Engine/.venv/lib/python3.11/site-packages/airflow/example_dags/example_sensor_decorator.py
[2024-04-14T16:42:08.452-0400] {processor.py:830} INFO - Processing file /Users/manideepakreddyaila/Desktop/projects/Legal_Insights_Engine/.venv/lib/python3.11/site-packages/airflow/example_dags/example_sensor_decorator.py for tasks to queue
[2024-04-14T16:42:08.453-0400] {logging_mixin.py:188} INFO - [2024-04-14T16:42:08.452-0400] {dagbag.py:540} INFO - Filling up the DagBag from /Users/manideepakreddyaila/Desktop/projects/Legal_Insights_Engine/.venv/lib/python3.11/site-packages/airflow/example_dags/example_sensor_decorator.py
[2024-04-14T16:42:08.491-0400] {processor.py:840} INFO - DAG(s) 'example_sensor_decorator' retrieved from /Users/manideepakreddyaila/Desktop/projects/Legal_Insights_Engine/.venv/lib/python3.11/site-packages/airflow/example_dags/example_sensor_decorator.py
[2024-04-14T16:42:08.529-0400] {logging_mixin.py:188} INFO - [2024-04-14T16:42:08.529-0400] {dag.py:3096} INFO - Sync 1 DAGs
[2024-04-14T16:42:08.533-0400] {logging_mixin.py:188} INFO - [2024-04-14T16:42:08.533-0400] {dag.py:3954} INFO - Setting next_dagrun for example_sensor_decorator to None, run_after=None
[2024-04-14T16:42:08.539-0400] {processor.py:183} INFO - Processing /Users/manideepakreddyaila/Desktop/projects/Legal_Insights_Engine/.venv/lib/python3.11/site-packages/airflow/example_dags/example_sensor_decorator.py took 0.088 seconds
[2024-04-14T16:44:08.263-0400] {processor.py:161} INFO - Started process (PID=34127) to work on /Users/manideepakreddyaila/Desktop/projects/Legal_Insights_Engine/.venv/lib/python3.11/site-packages/airflow/example_dags/example_sensor_decorator.py
[2024-04-14T16:44:08.264-0400] {processor.py:830} INFO - Processing file /Users/manideepakreddyaila/Desktop/projects/Legal_Insights_Engine/.venv/lib/python3.11/site-packages/airflow/example_dags/example_sensor_decorator.py for tasks to queue
[2024-04-14T16:44:08.264-0400] {logging_mixin.py:188} INFO - [2024-04-14T16:44:08.264-0400] {dagbag.py:540} INFO - Filling up the DagBag from /Users/manideepakreddyaila/Desktop/projects/Legal_Insights_Engine/.venv/lib/python3.11/site-packages/airflow/example_dags/example_sensor_decorator.py
[2024-04-14T16:44:08.302-0400] {processor.py:840} INFO - DAG(s) 'example_sensor_decorator' retrieved from /Users/manideepakreddyaila/Desktop/projects/Legal_Insights_Engine/.venv/lib/python3.11/site-packages/airflow/example_dags/example_sensor_decorator.py
[2024-04-14T16:44:08.341-0400] {logging_mixin.py:188} INFO - [2024-04-14T16:44:08.341-0400] {dag.py:3096} INFO - Sync 1 DAGs
[2024-04-14T16:44:08.344-0400] {logging_mixin.py:188} INFO - [2024-04-14T16:44:08.344-0400] {dag.py:3954} INFO - Setting next_dagrun for example_sensor_decorator to None, run_after=None
[2024-04-14T16:44:08.350-0400] {processor.py:183} INFO - Processing /Users/manideepakreddyaila/Desktop/projects/Legal_Insights_Engine/.venv/lib/python3.11/site-packages/airflow/example_dags/example_sensor_decorator.py took 0.089 seconds
[2024-04-14T16:46:08.259-0400] {processor.py:161} INFO - Started process (PID=34230) to work on /Users/manideepakreddyaila/Desktop/projects/Legal_Insights_Engine/.venv/lib/python3.11/site-packages/airflow/example_dags/example_sensor_decorator.py
[2024-04-14T16:46:08.260-0400] {processor.py:830} INFO - Processing file /Users/manideepakreddyaila/Desktop/projects/Legal_Insights_Engine/.venv/lib/python3.11/site-packages/airflow/example_dags/example_sensor_decorator.py for tasks to queue
[2024-04-14T16:46:08.260-0400] {logging_mixin.py:188} INFO - [2024-04-14T16:46:08.260-0400] {dagbag.py:540} INFO - Filling up the DagBag from /Users/manideepakreddyaila/Desktop/projects/Legal_Insights_Engine/.venv/lib/python3.11/site-packages/airflow/example_dags/example_sensor_decorator.py
[2024-04-14T16:46:08.299-0400] {processor.py:840} INFO - DAG(s) 'example_sensor_decorator' retrieved from /Users/manideepakreddyaila/Desktop/projects/Legal_Insights_Engine/.venv/lib/python3.11/site-packages/airflow/example_dags/example_sensor_decorator.py
[2024-04-14T16:46:08.341-0400] {logging_mixin.py:188} INFO - [2024-04-14T16:46:08.341-0400] {dag.py:3096} INFO - Sync 1 DAGs
[2024-04-14T16:46:08.345-0400] {logging_mixin.py:188} INFO - [2024-04-14T16:46:08.345-0400] {dag.py:3954} INFO - Setting next_dagrun for example_sensor_decorator to None, run_after=None
[2024-04-14T16:46:08.354-0400] {processor.py:183} INFO - Processing /Users/manideepakreddyaila/Desktop/projects/Legal_Insights_Engine/.venv/lib/python3.11/site-packages/airflow/example_dags/example_sensor_decorator.py took 0.096 seconds
[2024-04-14T16:48:05.112-0400] {processor.py:161} INFO - Started process (PID=34329) to work on /Users/manideepakreddyaila/Desktop/projects/Legal_Insights_Engine/.venv/lib/python3.11/site-packages/airflow/example_dags/example_sensor_decorator.py
[2024-04-14T16:48:05.113-0400] {processor.py:830} INFO - Processing file /Users/manideepakreddyaila/Desktop/projects/Legal_Insights_Engine/.venv/lib/python3.11/site-packages/airflow/example_dags/example_sensor_decorator.py for tasks to queue
[2024-04-14T16:48:05.113-0400] {logging_mixin.py:188} INFO - [2024-04-14T16:48:05.113-0400] {dagbag.py:540} INFO - Filling up the DagBag from /Users/manideepakreddyaila/Desktop/projects/Legal_Insights_Engine/.venv/lib/python3.11/site-packages/airflow/example_dags/example_sensor_decorator.py
[2024-04-14T16:48:05.152-0400] {processor.py:840} INFO - DAG(s) 'example_sensor_decorator' retrieved from /Users/manideepakreddyaila/Desktop/projects/Legal_Insights_Engine/.venv/lib/python3.11/site-packages/airflow/example_dags/example_sensor_decorator.py
[2024-04-14T16:48:05.193-0400] {logging_mixin.py:188} INFO - [2024-04-14T16:48:05.193-0400] {dag.py:3096} INFO - Sync 1 DAGs
[2024-04-14T16:48:05.197-0400] {logging_mixin.py:188} INFO - [2024-04-14T16:48:05.197-0400] {dag.py:3954} INFO - Setting next_dagrun for example_sensor_decorator to None, run_after=None
[2024-04-14T16:48:05.203-0400] {processor.py:183} INFO - Processing /Users/manideepakreddyaila/Desktop/projects/Legal_Insights_Engine/.venv/lib/python3.11/site-packages/airflow/example_dags/example_sensor_decorator.py took 0.092 seconds
[2024-04-14T16:57:59.811-0400] {processor.py:161} INFO - Started process (PID=34445) to work on /Users/manideepakreddyaila/Desktop/projects/Legal_Insights_Engine/.venv/lib/python3.11/site-packages/airflow/example_dags/example_sensor_decorator.py
[2024-04-14T16:57:59.814-0400] {processor.py:830} INFO - Processing file /Users/manideepakreddyaila/Desktop/projects/Legal_Insights_Engine/.venv/lib/python3.11/site-packages/airflow/example_dags/example_sensor_decorator.py for tasks to queue
[2024-04-14T16:57:59.814-0400] {logging_mixin.py:188} INFO - [2024-04-14T16:57:59.814-0400] {dagbag.py:540} INFO - Filling up the DagBag from /Users/manideepakreddyaila/Desktop/projects/Legal_Insights_Engine/.venv/lib/python3.11/site-packages/airflow/example_dags/example_sensor_decorator.py
[2024-04-14T16:57:59.855-0400] {processor.py:840} INFO - DAG(s) 'example_sensor_decorator' retrieved from /Users/manideepakreddyaila/Desktop/projects/Legal_Insights_Engine/.venv/lib/python3.11/site-packages/airflow/example_dags/example_sensor_decorator.py
[2024-04-14T16:57:59.897-0400] {logging_mixin.py:188} INFO - [2024-04-14T16:57:59.897-0400] {dag.py:3096} INFO - Sync 1 DAGs
[2024-04-14T16:57:59.901-0400] {logging_mixin.py:188} INFO - [2024-04-14T16:57:59.901-0400] {dag.py:3954} INFO - Setting next_dagrun for example_sensor_decorator to None, run_after=None
[2024-04-14T16:57:59.907-0400] {processor.py:183} INFO - Processing /Users/manideepakreddyaila/Desktop/projects/Legal_Insights_Engine/.venv/lib/python3.11/site-packages/airflow/example_dags/example_sensor_decorator.py took 0.097 seconds
[2024-04-14T17:17:07.899-0400] {processor.py:161} INFO - Started process (PID=34738) to work on /Users/manideepakreddyaila/Desktop/projects/Legal_Insights_Engine/.venv/lib/python3.11/site-packages/airflow/example_dags/example_sensor_decorator.py
[2024-04-14T17:17:07.901-0400] {processor.py:830} INFO - Processing file /Users/manideepakreddyaila/Desktop/projects/Legal_Insights_Engine/.venv/lib/python3.11/site-packages/airflow/example_dags/example_sensor_decorator.py for tasks to queue
[2024-04-14T17:17:07.901-0400] {logging_mixin.py:188} INFO - [2024-04-14T17:17:07.901-0400] {dagbag.py:540} INFO - Filling up the DagBag from /Users/manideepakreddyaila/Desktop/projects/Legal_Insights_Engine/.venv/lib/python3.11/site-packages/airflow/example_dags/example_sensor_decorator.py
[2024-04-14T17:17:07.942-0400] {processor.py:840} INFO - DAG(s) 'example_sensor_decorator' retrieved from /Users/manideepakreddyaila/Desktop/projects/Legal_Insights_Engine/.venv/lib/python3.11/site-packages/airflow/example_dags/example_sensor_decorator.py
[2024-04-14T17:17:07.984-0400] {logging_mixin.py:188} INFO - [2024-04-14T17:17:07.983-0400] {dag.py:3096} INFO - Sync 1 DAGs
[2024-04-14T17:17:07.987-0400] {logging_mixin.py:188} INFO - [2024-04-14T17:17:07.987-0400] {dag.py:3954} INFO - Setting next_dagrun for example_sensor_decorator to None, run_after=None
[2024-04-14T17:17:07.994-0400] {processor.py:183} INFO - Processing /Users/manideepakreddyaila/Desktop/projects/Legal_Insights_Engine/.venv/lib/python3.11/site-packages/airflow/example_dags/example_sensor_decorator.py took 0.096 seconds
[2024-04-14T17:19:00.777-0400] {processor.py:161} INFO - Started process (PID=34851) to work on /Users/manideepakreddyaila/Desktop/projects/Legal_Insights_Engine/.venv/lib/python3.11/site-packages/airflow/example_dags/example_sensor_decorator.py
[2024-04-14T17:19:00.778-0400] {processor.py:830} INFO - Processing file /Users/manideepakreddyaila/Desktop/projects/Legal_Insights_Engine/.venv/lib/python3.11/site-packages/airflow/example_dags/example_sensor_decorator.py for tasks to queue
[2024-04-14T17:19:00.778-0400] {logging_mixin.py:188} INFO - [2024-04-14T17:19:00.778-0400] {dagbag.py:540} INFO - Filling up the DagBag from /Users/manideepakreddyaila/Desktop/projects/Legal_Insights_Engine/.venv/lib/python3.11/site-packages/airflow/example_dags/example_sensor_decorator.py
[2024-04-14T17:19:00.820-0400] {processor.py:840} INFO - DAG(s) 'example_sensor_decorator' retrieved from /Users/manideepakreddyaila/Desktop/projects/Legal_Insights_Engine/.venv/lib/python3.11/site-packages/airflow/example_dags/example_sensor_decorator.py
[2024-04-14T17:19:00.860-0400] {logging_mixin.py:188} INFO - [2024-04-14T17:19:00.860-0400] {dag.py:3096} INFO - Sync 1 DAGs
[2024-04-14T17:19:00.864-0400] {logging_mixin.py:188} INFO - [2024-04-14T17:19:00.864-0400] {dag.py:3954} INFO - Setting next_dagrun for example_sensor_decorator to None, run_after=None
[2024-04-14T17:19:00.870-0400] {processor.py:183} INFO - Processing /Users/manideepakreddyaila/Desktop/projects/Legal_Insights_Engine/.venv/lib/python3.11/site-packages/airflow/example_dags/example_sensor_decorator.py took 0.094 seconds
[2024-04-14T17:20:54.308-0400] {processor.py:161} INFO - Started process (PID=34949) to work on /Users/manideepakreddyaila/Desktop/projects/Legal_Insights_Engine/.venv/lib/python3.11/site-packages/airflow/example_dags/example_sensor_decorator.py
[2024-04-14T17:20:54.309-0400] {processor.py:830} INFO - Processing file /Users/manideepakreddyaila/Desktop/projects/Legal_Insights_Engine/.venv/lib/python3.11/site-packages/airflow/example_dags/example_sensor_decorator.py for tasks to queue
[2024-04-14T17:20:54.309-0400] {logging_mixin.py:188} INFO - [2024-04-14T17:20:54.309-0400] {dagbag.py:540} INFO - Filling up the DagBag from /Users/manideepakreddyaila/Desktop/projects/Legal_Insights_Engine/.venv/lib/python3.11/site-packages/airflow/example_dags/example_sensor_decorator.py
[2024-04-14T17:20:54.348-0400] {processor.py:840} INFO - DAG(s) 'example_sensor_decorator' retrieved from /Users/manideepakreddyaila/Desktop/projects/Legal_Insights_Engine/.venv/lib/python3.11/site-packages/airflow/example_dags/example_sensor_decorator.py
[2024-04-14T17:20:54.389-0400] {logging_mixin.py:188} INFO - [2024-04-14T17:20:54.389-0400] {dag.py:3096} INFO - Sync 1 DAGs
[2024-04-14T17:20:54.393-0400] {logging_mixin.py:188} INFO - [2024-04-14T17:20:54.393-0400] {dag.py:3954} INFO - Setting next_dagrun for example_sensor_decorator to None, run_after=None
[2024-04-14T17:20:54.400-0400] {processor.py:183} INFO - Processing /Users/manideepakreddyaila/Desktop/projects/Legal_Insights_Engine/.venv/lib/python3.11/site-packages/airflow/example_dags/example_sensor_decorator.py took 0.093 seconds
[2024-04-14T17:22:50.860-0400] {processor.py:161} INFO - Started process (PID=35048) to work on /Users/manideepakreddyaila/Desktop/projects/Legal_Insights_Engine/.venv/lib/python3.11/site-packages/airflow/example_dags/example_sensor_decorator.py
[2024-04-14T17:22:50.860-0400] {processor.py:830} INFO - Processing file /Users/manideepakreddyaila/Desktop/projects/Legal_Insights_Engine/.venv/lib/python3.11/site-packages/airflow/example_dags/example_sensor_decorator.py for tasks to queue
[2024-04-14T17:22:50.860-0400] {logging_mixin.py:188} INFO - [2024-04-14T17:22:50.860-0400] {dagbag.py:540} INFO - Filling up the DagBag from /Users/manideepakreddyaila/Desktop/projects/Legal_Insights_Engine/.venv/lib/python3.11/site-packages/airflow/example_dags/example_sensor_decorator.py
[2024-04-14T17:22:50.900-0400] {processor.py:840} INFO - DAG(s) 'example_sensor_decorator' retrieved from /Users/manideepakreddyaila/Desktop/projects/Legal_Insights_Engine/.venv/lib/python3.11/site-packages/airflow/example_dags/example_sensor_decorator.py
[2024-04-14T17:22:50.940-0400] {logging_mixin.py:188} INFO - [2024-04-14T17:22:50.939-0400] {dag.py:3096} INFO - Sync 1 DAGs
[2024-04-14T17:22:50.943-0400] {logging_mixin.py:188} INFO - [2024-04-14T17:22:50.943-0400] {dag.py:3954} INFO - Setting next_dagrun for example_sensor_decorator to None, run_after=None
[2024-04-14T17:22:50.949-0400] {processor.py:183} INFO - Processing /Users/manideepakreddyaila/Desktop/projects/Legal_Insights_Engine/.venv/lib/python3.11/site-packages/airflow/example_dags/example_sensor_decorator.py took 0.090 seconds
[2024-04-14T17:24:47.557-0400] {processor.py:161} INFO - Started process (PID=35146) to work on /Users/manideepakreddyaila/Desktop/projects/Legal_Insights_Engine/.venv/lib/python3.11/site-packages/airflow/example_dags/example_sensor_decorator.py
[2024-04-14T17:24:47.558-0400] {processor.py:830} INFO - Processing file /Users/manideepakreddyaila/Desktop/projects/Legal_Insights_Engine/.venv/lib/python3.11/site-packages/airflow/example_dags/example_sensor_decorator.py for tasks to queue
[2024-04-14T17:24:47.558-0400] {logging_mixin.py:188} INFO - [2024-04-14T17:24:47.558-0400] {dagbag.py:540} INFO - Filling up the DagBag from /Users/manideepakreddyaila/Desktop/projects/Legal_Insights_Engine/.venv/lib/python3.11/site-packages/airflow/example_dags/example_sensor_decorator.py
[2024-04-14T17:24:47.597-0400] {processor.py:840} INFO - DAG(s) 'example_sensor_decorator' retrieved from /Users/manideepakreddyaila/Desktop/projects/Legal_Insights_Engine/.venv/lib/python3.11/site-packages/airflow/example_dags/example_sensor_decorator.py
[2024-04-14T17:24:47.636-0400] {logging_mixin.py:188} INFO - [2024-04-14T17:24:47.635-0400] {dag.py:3096} INFO - Sync 1 DAGs
[2024-04-14T17:24:47.639-0400] {logging_mixin.py:188} INFO - [2024-04-14T17:24:47.639-0400] {dag.py:3954} INFO - Setting next_dagrun for example_sensor_decorator to None, run_after=None
[2024-04-14T17:24:47.645-0400] {processor.py:183} INFO - Processing /Users/manideepakreddyaila/Desktop/projects/Legal_Insights_Engine/.venv/lib/python3.11/site-packages/airflow/example_dags/example_sensor_decorator.py took 0.089 seconds
[2024-04-14T17:26:46.393-0400] {processor.py:161} INFO - Started process (PID=35251) to work on /Users/manideepakreddyaila/Desktop/projects/Legal_Insights_Engine/.venv/lib/python3.11/site-packages/airflow/example_dags/example_sensor_decorator.py
[2024-04-14T17:26:46.394-0400] {processor.py:830} INFO - Processing file /Users/manideepakreddyaila/Desktop/projects/Legal_Insights_Engine/.venv/lib/python3.11/site-packages/airflow/example_dags/example_sensor_decorator.py for tasks to queue
[2024-04-14T17:26:46.394-0400] {logging_mixin.py:188} INFO - [2024-04-14T17:26:46.394-0400] {dagbag.py:540} INFO - Filling up the DagBag from /Users/manideepakreddyaila/Desktop/projects/Legal_Insights_Engine/.venv/lib/python3.11/site-packages/airflow/example_dags/example_sensor_decorator.py
[2024-04-14T17:26:46.432-0400] {processor.py:840} INFO - DAG(s) 'example_sensor_decorator' retrieved from /Users/manideepakreddyaila/Desktop/projects/Legal_Insights_Engine/.venv/lib/python3.11/site-packages/airflow/example_dags/example_sensor_decorator.py
[2024-04-14T17:26:46.472-0400] {logging_mixin.py:188} INFO - [2024-04-14T17:26:46.472-0400] {dag.py:3096} INFO - Sync 1 DAGs
[2024-04-14T17:26:46.476-0400] {logging_mixin.py:188} INFO - [2024-04-14T17:26:46.476-0400] {dag.py:3954} INFO - Setting next_dagrun for example_sensor_decorator to None, run_after=None
[2024-04-14T17:26:46.482-0400] {processor.py:183} INFO - Processing /Users/manideepakreddyaila/Desktop/projects/Legal_Insights_Engine/.venv/lib/python3.11/site-packages/airflow/example_dags/example_sensor_decorator.py took 0.090 seconds
[2024-04-14T17:28:40.894-0400] {processor.py:161} INFO - Started process (PID=35355) to work on /Users/manideepakreddyaila/Desktop/projects/Legal_Insights_Engine/.venv/lib/python3.11/site-packages/airflow/example_dags/example_sensor_decorator.py
[2024-04-14T17:28:40.895-0400] {processor.py:830} INFO - Processing file /Users/manideepakreddyaila/Desktop/projects/Legal_Insights_Engine/.venv/lib/python3.11/site-packages/airflow/example_dags/example_sensor_decorator.py for tasks to queue
[2024-04-14T17:28:40.895-0400] {logging_mixin.py:188} INFO - [2024-04-14T17:28:40.895-0400] {dagbag.py:540} INFO - Filling up the DagBag from /Users/manideepakreddyaila/Desktop/projects/Legal_Insights_Engine/.venv/lib/python3.11/site-packages/airflow/example_dags/example_sensor_decorator.py
[2024-04-14T17:28:40.934-0400] {processor.py:840} INFO - DAG(s) 'example_sensor_decorator' retrieved from /Users/manideepakreddyaila/Desktop/projects/Legal_Insights_Engine/.venv/lib/python3.11/site-packages/airflow/example_dags/example_sensor_decorator.py
[2024-04-14T17:28:40.973-0400] {logging_mixin.py:188} INFO - [2024-04-14T17:28:40.973-0400] {dag.py:3096} INFO - Sync 1 DAGs
[2024-04-14T17:28:40.976-0400] {logging_mixin.py:188} INFO - [2024-04-14T17:28:40.976-0400] {dag.py:3954} INFO - Setting next_dagrun for example_sensor_decorator to None, run_after=None
[2024-04-14T17:28:40.983-0400] {processor.py:183} INFO - Processing /Users/manideepakreddyaila/Desktop/projects/Legal_Insights_Engine/.venv/lib/python3.11/site-packages/airflow/example_dags/example_sensor_decorator.py took 0.089 seconds
[2024-04-14T17:30:38.358-0400] {processor.py:161} INFO - Started process (PID=35498) to work on /Users/manideepakreddyaila/Desktop/projects/Legal_Insights_Engine/.venv/lib/python3.11/site-packages/airflow/example_dags/example_sensor_decorator.py
[2024-04-14T17:30:38.359-0400] {processor.py:830} INFO - Processing file /Users/manideepakreddyaila/Desktop/projects/Legal_Insights_Engine/.venv/lib/python3.11/site-packages/airflow/example_dags/example_sensor_decorator.py for tasks to queue
[2024-04-14T17:30:38.359-0400] {logging_mixin.py:188} INFO - [2024-04-14T17:30:38.359-0400] {dagbag.py:540} INFO - Filling up the DagBag from /Users/manideepakreddyaila/Desktop/projects/Legal_Insights_Engine/.venv/lib/python3.11/site-packages/airflow/example_dags/example_sensor_decorator.py
[2024-04-14T17:30:38.400-0400] {processor.py:840} INFO - DAG(s) 'example_sensor_decorator' retrieved from /Users/manideepakreddyaila/Desktop/projects/Legal_Insights_Engine/.venv/lib/python3.11/site-packages/airflow/example_dags/example_sensor_decorator.py
[2024-04-14T17:30:38.440-0400] {logging_mixin.py:188} INFO - [2024-04-14T17:30:38.440-0400] {dag.py:3096} INFO - Sync 1 DAGs
[2024-04-14T17:30:38.444-0400] {logging_mixin.py:188} INFO - [2024-04-14T17:30:38.443-0400] {dag.py:3954} INFO - Setting next_dagrun for example_sensor_decorator to None, run_after=None
[2024-04-14T17:30:38.450-0400] {processor.py:183} INFO - Processing /Users/manideepakreddyaila/Desktop/projects/Legal_Insights_Engine/.venv/lib/python3.11/site-packages/airflow/example_dags/example_sensor_decorator.py took 0.093 seconds
[2024-04-14T17:32:37.455-0400] {processor.py:161} INFO - Started process (PID=35609) to work on /Users/manideepakreddyaila/Desktop/projects/Legal_Insights_Engine/.venv/lib/python3.11/site-packages/airflow/example_dags/example_sensor_decorator.py
[2024-04-14T17:32:37.456-0400] {processor.py:830} INFO - Processing file /Users/manideepakreddyaila/Desktop/projects/Legal_Insights_Engine/.venv/lib/python3.11/site-packages/airflow/example_dags/example_sensor_decorator.py for tasks to queue
[2024-04-14T17:32:37.456-0400] {logging_mixin.py:188} INFO - [2024-04-14T17:32:37.456-0400] {dagbag.py:540} INFO - Filling up the DagBag from /Users/manideepakreddyaila/Desktop/projects/Legal_Insights_Engine/.venv/lib/python3.11/site-packages/airflow/example_dags/example_sensor_decorator.py
[2024-04-14T17:32:37.496-0400] {processor.py:840} INFO - DAG(s) 'example_sensor_decorator' retrieved from /Users/manideepakreddyaila/Desktop/projects/Legal_Insights_Engine/.venv/lib/python3.11/site-packages/airflow/example_dags/example_sensor_decorator.py
[2024-04-14T17:32:37.536-0400] {logging_mixin.py:188} INFO - [2024-04-14T17:32:37.536-0400] {dag.py:3096} INFO - Sync 1 DAGs
[2024-04-14T17:32:37.540-0400] {logging_mixin.py:188} INFO - [2024-04-14T17:32:37.540-0400] {dag.py:3954} INFO - Setting next_dagrun for example_sensor_decorator to None, run_after=None
[2024-04-14T17:32:37.546-0400] {processor.py:183} INFO - Processing /Users/manideepakreddyaila/Desktop/projects/Legal_Insights_Engine/.venv/lib/python3.11/site-packages/airflow/example_dags/example_sensor_decorator.py took 0.093 seconds
[2024-04-14T17:34:36.873-0400] {processor.py:161} INFO - Started process (PID=35706) to work on /Users/manideepakreddyaila/Desktop/projects/Legal_Insights_Engine/.venv/lib/python3.11/site-packages/airflow/example_dags/example_sensor_decorator.py
[2024-04-14T17:34:36.873-0400] {processor.py:830} INFO - Processing file /Users/manideepakreddyaila/Desktop/projects/Legal_Insights_Engine/.venv/lib/python3.11/site-packages/airflow/example_dags/example_sensor_decorator.py for tasks to queue
[2024-04-14T17:34:36.874-0400] {logging_mixin.py:188} INFO - [2024-04-14T17:34:36.874-0400] {dagbag.py:540} INFO - Filling up the DagBag from /Users/manideepakreddyaila/Desktop/projects/Legal_Insights_Engine/.venv/lib/python3.11/site-packages/airflow/example_dags/example_sensor_decorator.py
[2024-04-14T17:34:36.912-0400] {processor.py:840} INFO - DAG(s) 'example_sensor_decorator' retrieved from /Users/manideepakreddyaila/Desktop/projects/Legal_Insights_Engine/.venv/lib/python3.11/site-packages/airflow/example_dags/example_sensor_decorator.py
[2024-04-14T17:34:36.952-0400] {logging_mixin.py:188} INFO - [2024-04-14T17:34:36.952-0400] {dag.py:3096} INFO - Sync 1 DAGs
[2024-04-14T17:34:36.956-0400] {logging_mixin.py:188} INFO - [2024-04-14T17:34:36.956-0400] {dag.py:3954} INFO - Setting next_dagrun for example_sensor_decorator to None, run_after=None
[2024-04-14T17:34:36.962-0400] {processor.py:183} INFO - Processing /Users/manideepakreddyaila/Desktop/projects/Legal_Insights_Engine/.venv/lib/python3.11/site-packages/airflow/example_dags/example_sensor_decorator.py took 0.090 seconds
[2024-04-14T17:36:35.830-0400] {processor.py:161} INFO - Started process (PID=35797) to work on /Users/manideepakreddyaila/Desktop/projects/Legal_Insights_Engine/.venv/lib/python3.11/site-packages/airflow/example_dags/example_sensor_decorator.py
[2024-04-14T17:36:35.831-0400] {processor.py:830} INFO - Processing file /Users/manideepakreddyaila/Desktop/projects/Legal_Insights_Engine/.venv/lib/python3.11/site-packages/airflow/example_dags/example_sensor_decorator.py for tasks to queue
[2024-04-14T17:36:35.831-0400] {logging_mixin.py:188} INFO - [2024-04-14T17:36:35.831-0400] {dagbag.py:540} INFO - Filling up the DagBag from /Users/manideepakreddyaila/Desktop/projects/Legal_Insights_Engine/.venv/lib/python3.11/site-packages/airflow/example_dags/example_sensor_decorator.py
[2024-04-14T17:36:35.870-0400] {processor.py:840} INFO - DAG(s) 'example_sensor_decorator' retrieved from /Users/manideepakreddyaila/Desktop/projects/Legal_Insights_Engine/.venv/lib/python3.11/site-packages/airflow/example_dags/example_sensor_decorator.py
[2024-04-14T17:36:35.909-0400] {logging_mixin.py:188} INFO - [2024-04-14T17:36:35.909-0400] {dag.py:3096} INFO - Sync 1 DAGs
[2024-04-14T17:36:35.913-0400] {logging_mixin.py:188} INFO - [2024-04-14T17:36:35.913-0400] {dag.py:3954} INFO - Setting next_dagrun for example_sensor_decorator to None, run_after=None
[2024-04-14T17:36:35.919-0400] {processor.py:183} INFO - Processing /Users/manideepakreddyaila/Desktop/projects/Legal_Insights_Engine/.venv/lib/python3.11/site-packages/airflow/example_dags/example_sensor_decorator.py took 0.090 seconds
[2024-04-14T17:38:27.515-0400] {processor.py:161} INFO - Started process (PID=35886) to work on /Users/manideepakreddyaila/Desktop/projects/Legal_Insights_Engine/.venv/lib/python3.11/site-packages/airflow/example_dags/example_sensor_decorator.py
[2024-04-14T17:38:27.516-0400] {processor.py:830} INFO - Processing file /Users/manideepakreddyaila/Desktop/projects/Legal_Insights_Engine/.venv/lib/python3.11/site-packages/airflow/example_dags/example_sensor_decorator.py for tasks to queue
[2024-04-14T17:38:27.517-0400] {logging_mixin.py:188} INFO - [2024-04-14T17:38:27.517-0400] {dagbag.py:540} INFO - Filling up the DagBag from /Users/manideepakreddyaila/Desktop/projects/Legal_Insights_Engine/.venv/lib/python3.11/site-packages/airflow/example_dags/example_sensor_decorator.py
[2024-04-14T17:38:27.558-0400] {processor.py:840} INFO - DAG(s) 'example_sensor_decorator' retrieved from /Users/manideepakreddyaila/Desktop/projects/Legal_Insights_Engine/.venv/lib/python3.11/site-packages/airflow/example_dags/example_sensor_decorator.py
[2024-04-14T17:38:27.599-0400] {logging_mixin.py:188} INFO - [2024-04-14T17:38:27.599-0400] {dag.py:3096} INFO - Sync 1 DAGs
[2024-04-14T17:38:27.603-0400] {logging_mixin.py:188} INFO - [2024-04-14T17:38:27.602-0400] {dag.py:3954} INFO - Setting next_dagrun for example_sensor_decorator to None, run_after=None
[2024-04-14T17:38:27.609-0400] {processor.py:183} INFO - Processing /Users/manideepakreddyaila/Desktop/projects/Legal_Insights_Engine/.venv/lib/python3.11/site-packages/airflow/example_dags/example_sensor_decorator.py took 0.095 seconds
[2024-04-14T17:40:21.062-0400] {processor.py:161} INFO - Started process (PID=35973) to work on /Users/manideepakreddyaila/Desktop/projects/Legal_Insights_Engine/.venv/lib/python3.11/site-packages/airflow/example_dags/example_sensor_decorator.py
[2024-04-14T17:40:21.063-0400] {processor.py:830} INFO - Processing file /Users/manideepakreddyaila/Desktop/projects/Legal_Insights_Engine/.venv/lib/python3.11/site-packages/airflow/example_dags/example_sensor_decorator.py for tasks to queue
[2024-04-14T17:40:21.063-0400] {logging_mixin.py:188} INFO - [2024-04-14T17:40:21.063-0400] {dagbag.py:540} INFO - Filling up the DagBag from /Users/manideepakreddyaila/Desktop/projects/Legal_Insights_Engine/.venv/lib/python3.11/site-packages/airflow/example_dags/example_sensor_decorator.py
[2024-04-14T17:40:21.102-0400] {processor.py:840} INFO - DAG(s) 'example_sensor_decorator' retrieved from /Users/manideepakreddyaila/Desktop/projects/Legal_Insights_Engine/.venv/lib/python3.11/site-packages/airflow/example_dags/example_sensor_decorator.py
[2024-04-14T17:40:21.141-0400] {logging_mixin.py:188} INFO - [2024-04-14T17:40:21.141-0400] {dag.py:3096} INFO - Sync 1 DAGs
[2024-04-14T17:40:21.145-0400] {logging_mixin.py:188} INFO - [2024-04-14T17:40:21.145-0400] {dag.py:3954} INFO - Setting next_dagrun for example_sensor_decorator to None, run_after=None
[2024-04-14T17:40:21.151-0400] {processor.py:183} INFO - Processing /Users/manideepakreddyaila/Desktop/projects/Legal_Insights_Engine/.venv/lib/python3.11/site-packages/airflow/example_dags/example_sensor_decorator.py took 0.089 seconds
[2024-04-14T17:42:09.318-0400] {processor.py:161} INFO - Started process (PID=36060) to work on /Users/manideepakreddyaila/Desktop/projects/Legal_Insights_Engine/.venv/lib/python3.11/site-packages/airflow/example_dags/example_sensor_decorator.py
[2024-04-14T17:42:09.319-0400] {processor.py:830} INFO - Processing file /Users/manideepakreddyaila/Desktop/projects/Legal_Insights_Engine/.venv/lib/python3.11/site-packages/airflow/example_dags/example_sensor_decorator.py for tasks to queue
[2024-04-14T17:42:09.319-0400] {logging_mixin.py:188} INFO - [2024-04-14T17:42:09.319-0400] {dagbag.py:540} INFO - Filling up the DagBag from /Users/manideepakreddyaila/Desktop/projects/Legal_Insights_Engine/.venv/lib/python3.11/site-packages/airflow/example_dags/example_sensor_decorator.py
[2024-04-14T17:42:09.356-0400] {processor.py:840} INFO - DAG(s) 'example_sensor_decorator' retrieved from /Users/manideepakreddyaila/Desktop/projects/Legal_Insights_Engine/.venv/lib/python3.11/site-packages/airflow/example_dags/example_sensor_decorator.py
[2024-04-14T17:42:09.396-0400] {logging_mixin.py:188} INFO - [2024-04-14T17:42:09.396-0400] {dag.py:3096} INFO - Sync 1 DAGs
[2024-04-14T17:42:09.400-0400] {logging_mixin.py:188} INFO - [2024-04-14T17:42:09.400-0400] {dag.py:3954} INFO - Setting next_dagrun for example_sensor_decorator to None, run_after=None
[2024-04-14T17:42:09.406-0400] {processor.py:183} INFO - Processing /Users/manideepakreddyaila/Desktop/projects/Legal_Insights_Engine/.venv/lib/python3.11/site-packages/airflow/example_dags/example_sensor_decorator.py took 0.089 seconds
[2024-04-14T17:44:04.747-0400] {processor.py:161} INFO - Started process (PID=36147) to work on /Users/manideepakreddyaila/Desktop/projects/Legal_Insights_Engine/.venv/lib/python3.11/site-packages/airflow/example_dags/example_sensor_decorator.py
[2024-04-14T17:44:04.748-0400] {processor.py:830} INFO - Processing file /Users/manideepakreddyaila/Desktop/projects/Legal_Insights_Engine/.venv/lib/python3.11/site-packages/airflow/example_dags/example_sensor_decorator.py for tasks to queue
[2024-04-14T17:44:04.748-0400] {logging_mixin.py:188} INFO - [2024-04-14T17:44:04.748-0400] {dagbag.py:540} INFO - Filling up the DagBag from /Users/manideepakreddyaila/Desktop/projects/Legal_Insights_Engine/.venv/lib/python3.11/site-packages/airflow/example_dags/example_sensor_decorator.py
[2024-04-14T17:44:04.787-0400] {processor.py:840} INFO - DAG(s) 'example_sensor_decorator' retrieved from /Users/manideepakreddyaila/Desktop/projects/Legal_Insights_Engine/.venv/lib/python3.11/site-packages/airflow/example_dags/example_sensor_decorator.py
[2024-04-14T17:44:04.829-0400] {logging_mixin.py:188} INFO - [2024-04-14T17:44:04.828-0400] {dag.py:3096} INFO - Sync 1 DAGs
[2024-04-14T17:44:04.832-0400] {logging_mixin.py:188} INFO - [2024-04-14T17:44:04.832-0400] {dag.py:3954} INFO - Setting next_dagrun for example_sensor_decorator to None, run_after=None
[2024-04-14T17:44:04.838-0400] {processor.py:183} INFO - Processing /Users/manideepakreddyaila/Desktop/projects/Legal_Insights_Engine/.venv/lib/python3.11/site-packages/airflow/example_dags/example_sensor_decorator.py took 0.093 seconds
[2024-04-14T17:46:01.828-0400] {processor.py:161} INFO - Started process (PID=36238) to work on /Users/manideepakreddyaila/Desktop/projects/Legal_Insights_Engine/.venv/lib/python3.11/site-packages/airflow/example_dags/example_sensor_decorator.py
[2024-04-14T17:46:01.829-0400] {processor.py:830} INFO - Processing file /Users/manideepakreddyaila/Desktop/projects/Legal_Insights_Engine/.venv/lib/python3.11/site-packages/airflow/example_dags/example_sensor_decorator.py for tasks to queue
[2024-04-14T17:46:01.830-0400] {logging_mixin.py:188} INFO - [2024-04-14T17:46:01.829-0400] {dagbag.py:540} INFO - Filling up the DagBag from /Users/manideepakreddyaila/Desktop/projects/Legal_Insights_Engine/.venv/lib/python3.11/site-packages/airflow/example_dags/example_sensor_decorator.py
[2024-04-14T17:46:01.868-0400] {processor.py:840} INFO - DAG(s) 'example_sensor_decorator' retrieved from /Users/manideepakreddyaila/Desktop/projects/Legal_Insights_Engine/.venv/lib/python3.11/site-packages/airflow/example_dags/example_sensor_decorator.py
[2024-04-14T17:46:01.908-0400] {logging_mixin.py:188} INFO - [2024-04-14T17:46:01.908-0400] {dag.py:3096} INFO - Sync 1 DAGs
[2024-04-14T17:46:01.911-0400] {logging_mixin.py:188} INFO - [2024-04-14T17:46:01.911-0400] {dag.py:3954} INFO - Setting next_dagrun for example_sensor_decorator to None, run_after=None
[2024-04-14T17:46:01.917-0400] {processor.py:183} INFO - Processing /Users/manideepakreddyaila/Desktop/projects/Legal_Insights_Engine/.venv/lib/python3.11/site-packages/airflow/example_dags/example_sensor_decorator.py took 0.090 seconds
[2024-04-14T17:48:05.236-0400] {processor.py:161} INFO - Started process (PID=36330) to work on /Users/manideepakreddyaila/Desktop/projects/Legal_Insights_Engine/.venv/lib/python3.11/site-packages/airflow/example_dags/example_sensor_decorator.py
[2024-04-14T17:48:05.237-0400] {processor.py:830} INFO - Processing file /Users/manideepakreddyaila/Desktop/projects/Legal_Insights_Engine/.venv/lib/python3.11/site-packages/airflow/example_dags/example_sensor_decorator.py for tasks to queue
[2024-04-14T17:48:05.238-0400] {logging_mixin.py:188} INFO - [2024-04-14T17:48:05.238-0400] {dagbag.py:540} INFO - Filling up the DagBag from /Users/manideepakreddyaila/Desktop/projects/Legal_Insights_Engine/.venv/lib/python3.11/site-packages/airflow/example_dags/example_sensor_decorator.py
[2024-04-14T17:48:05.276-0400] {processor.py:840} INFO - DAG(s) 'example_sensor_decorator' retrieved from /Users/manideepakreddyaila/Desktop/projects/Legal_Insights_Engine/.venv/lib/python3.11/site-packages/airflow/example_dags/example_sensor_decorator.py
[2024-04-14T17:48:05.315-0400] {logging_mixin.py:188} INFO - [2024-04-14T17:48:05.315-0400] {dag.py:3096} INFO - Sync 1 DAGs
[2024-04-14T17:48:05.319-0400] {logging_mixin.py:188} INFO - [2024-04-14T17:48:05.319-0400] {dag.py:3954} INFO - Setting next_dagrun for example_sensor_decorator to None, run_after=None
[2024-04-14T17:48:05.325-0400] {processor.py:183} INFO - Processing /Users/manideepakreddyaila/Desktop/projects/Legal_Insights_Engine/.venv/lib/python3.11/site-packages/airflow/example_dags/example_sensor_decorator.py took 0.090 seconds
[2024-04-14T17:50:02.407-0400] {processor.py:161} INFO - Started process (PID=36428) to work on /Users/manideepakreddyaila/Desktop/projects/Legal_Insights_Engine/.venv/lib/python3.11/site-packages/airflow/example_dags/example_sensor_decorator.py
[2024-04-14T17:50:02.409-0400] {processor.py:830} INFO - Processing file /Users/manideepakreddyaila/Desktop/projects/Legal_Insights_Engine/.venv/lib/python3.11/site-packages/airflow/example_dags/example_sensor_decorator.py for tasks to queue
[2024-04-14T17:50:02.409-0400] {logging_mixin.py:188} INFO - [2024-04-14T17:50:02.409-0400] {dagbag.py:540} INFO - Filling up the DagBag from /Users/manideepakreddyaila/Desktop/projects/Legal_Insights_Engine/.venv/lib/python3.11/site-packages/airflow/example_dags/example_sensor_decorator.py
[2024-04-14T17:50:02.448-0400] {processor.py:840} INFO - DAG(s) 'example_sensor_decorator' retrieved from /Users/manideepakreddyaila/Desktop/projects/Legal_Insights_Engine/.venv/lib/python3.11/site-packages/airflow/example_dags/example_sensor_decorator.py
[2024-04-14T17:50:02.487-0400] {logging_mixin.py:188} INFO - [2024-04-14T17:50:02.487-0400] {dag.py:3096} INFO - Sync 1 DAGs
[2024-04-14T17:50:02.490-0400] {logging_mixin.py:188} INFO - [2024-04-14T17:50:02.490-0400] {dag.py:3954} INFO - Setting next_dagrun for example_sensor_decorator to None, run_after=None
[2024-04-14T17:50:02.496-0400] {processor.py:183} INFO - Processing /Users/manideepakreddyaila/Desktop/projects/Legal_Insights_Engine/.venv/lib/python3.11/site-packages/airflow/example_dags/example_sensor_decorator.py took 0.090 seconds
[2024-04-14T17:51:58.445-0400] {processor.py:161} INFO - Started process (PID=36522) to work on /Users/manideepakreddyaila/Desktop/projects/Legal_Insights_Engine/.venv/lib/python3.11/site-packages/airflow/example_dags/example_sensor_decorator.py
[2024-04-14T17:51:58.446-0400] {processor.py:830} INFO - Processing file /Users/manideepakreddyaila/Desktop/projects/Legal_Insights_Engine/.venv/lib/python3.11/site-packages/airflow/example_dags/example_sensor_decorator.py for tasks to queue
[2024-04-14T17:51:58.446-0400] {logging_mixin.py:188} INFO - [2024-04-14T17:51:58.446-0400] {dagbag.py:540} INFO - Filling up the DagBag from /Users/manideepakreddyaila/Desktop/projects/Legal_Insights_Engine/.venv/lib/python3.11/site-packages/airflow/example_dags/example_sensor_decorator.py
[2024-04-14T17:51:58.484-0400] {processor.py:840} INFO - DAG(s) 'example_sensor_decorator' retrieved from /Users/manideepakreddyaila/Desktop/projects/Legal_Insights_Engine/.venv/lib/python3.11/site-packages/airflow/example_dags/example_sensor_decorator.py
[2024-04-14T17:51:58.524-0400] {logging_mixin.py:188} INFO - [2024-04-14T17:51:58.524-0400] {dag.py:3096} INFO - Sync 1 DAGs
[2024-04-14T17:51:58.528-0400] {logging_mixin.py:188} INFO - [2024-04-14T17:51:58.527-0400] {dag.py:3954} INFO - Setting next_dagrun for example_sensor_decorator to None, run_after=None
[2024-04-14T17:51:58.534-0400] {processor.py:183} INFO - Processing /Users/manideepakreddyaila/Desktop/projects/Legal_Insights_Engine/.venv/lib/python3.11/site-packages/airflow/example_dags/example_sensor_decorator.py took 0.090 seconds
[2024-04-14T17:53:55.582-0400] {processor.py:161} INFO - Started process (PID=36604) to work on /Users/manideepakreddyaila/Desktop/projects/Legal_Insights_Engine/.venv/lib/python3.11/site-packages/airflow/example_dags/example_sensor_decorator.py
[2024-04-14T17:53:55.583-0400] {processor.py:830} INFO - Processing file /Users/manideepakreddyaila/Desktop/projects/Legal_Insights_Engine/.venv/lib/python3.11/site-packages/airflow/example_dags/example_sensor_decorator.py for tasks to queue
[2024-04-14T17:53:55.583-0400] {logging_mixin.py:188} INFO - [2024-04-14T17:53:55.583-0400] {dagbag.py:540} INFO - Filling up the DagBag from /Users/manideepakreddyaila/Desktop/projects/Legal_Insights_Engine/.venv/lib/python3.11/site-packages/airflow/example_dags/example_sensor_decorator.py
[2024-04-14T17:53:55.621-0400] {processor.py:840} INFO - DAG(s) 'example_sensor_decorator' retrieved from /Users/manideepakreddyaila/Desktop/projects/Legal_Insights_Engine/.venv/lib/python3.11/site-packages/airflow/example_dags/example_sensor_decorator.py
[2024-04-14T17:53:55.660-0400] {logging_mixin.py:188} INFO - [2024-04-14T17:53:55.660-0400] {dag.py:3096} INFO - Sync 1 DAGs
[2024-04-14T17:53:55.663-0400] {logging_mixin.py:188} INFO - [2024-04-14T17:53:55.663-0400] {dag.py:3954} INFO - Setting next_dagrun for example_sensor_decorator to None, run_after=None
[2024-04-14T17:53:55.670-0400] {processor.py:183} INFO - Processing /Users/manideepakreddyaila/Desktop/projects/Legal_Insights_Engine/.venv/lib/python3.11/site-packages/airflow/example_dags/example_sensor_decorator.py took 0.088 seconds
[2024-04-14T17:55:46.752-0400] {processor.py:161} INFO - Started process (PID=36758) to work on /Users/manideepakreddyaila/Desktop/projects/Legal_Insights_Engine/.venv/lib/python3.11/site-packages/airflow/example_dags/example_sensor_decorator.py
[2024-04-14T17:55:46.753-0400] {processor.py:830} INFO - Processing file /Users/manideepakreddyaila/Desktop/projects/Legal_Insights_Engine/.venv/lib/python3.11/site-packages/airflow/example_dags/example_sensor_decorator.py for tasks to queue
[2024-04-14T17:55:46.754-0400] {logging_mixin.py:188} INFO - [2024-04-14T17:55:46.753-0400] {dagbag.py:540} INFO - Filling up the DagBag from /Users/manideepakreddyaila/Desktop/projects/Legal_Insights_Engine/.venv/lib/python3.11/site-packages/airflow/example_dags/example_sensor_decorator.py
[2024-04-14T17:55:46.797-0400] {processor.py:840} INFO - DAG(s) 'example_sensor_decorator' retrieved from /Users/manideepakreddyaila/Desktop/projects/Legal_Insights_Engine/.venv/lib/python3.11/site-packages/airflow/example_dags/example_sensor_decorator.py
[2024-04-14T17:55:46.837-0400] {logging_mixin.py:188} INFO - [2024-04-14T17:55:46.837-0400] {dag.py:3096} INFO - Sync 1 DAGs
[2024-04-14T17:55:46.841-0400] {logging_mixin.py:188} INFO - [2024-04-14T17:55:46.840-0400] {dag.py:3954} INFO - Setting next_dagrun for example_sensor_decorator to None, run_after=None
[2024-04-14T17:55:46.847-0400] {processor.py:183} INFO - Processing /Users/manideepakreddyaila/Desktop/projects/Legal_Insights_Engine/.venv/lib/python3.11/site-packages/airflow/example_dags/example_sensor_decorator.py took 0.096 seconds
[2024-04-14T17:57:43.256-0400] {processor.py:161} INFO - Started process (PID=36855) to work on /Users/manideepakreddyaila/Desktop/projects/Legal_Insights_Engine/.venv/lib/python3.11/site-packages/airflow/example_dags/example_sensor_decorator.py
[2024-04-14T17:57:43.256-0400] {processor.py:830} INFO - Processing file /Users/manideepakreddyaila/Desktop/projects/Legal_Insights_Engine/.venv/lib/python3.11/site-packages/airflow/example_dags/example_sensor_decorator.py for tasks to queue
[2024-04-14T17:57:43.257-0400] {logging_mixin.py:188} INFO - [2024-04-14T17:57:43.257-0400] {dagbag.py:540} INFO - Filling up the DagBag from /Users/manideepakreddyaila/Desktop/projects/Legal_Insights_Engine/.venv/lib/python3.11/site-packages/airflow/example_dags/example_sensor_decorator.py
[2024-04-14T17:57:43.295-0400] {processor.py:840} INFO - DAG(s) 'example_sensor_decorator' retrieved from /Users/manideepakreddyaila/Desktop/projects/Legal_Insights_Engine/.venv/lib/python3.11/site-packages/airflow/example_dags/example_sensor_decorator.py
[2024-04-14T17:57:43.335-0400] {logging_mixin.py:188} INFO - [2024-04-14T17:57:43.334-0400] {dag.py:3096} INFO - Sync 1 DAGs
[2024-04-14T17:57:43.338-0400] {logging_mixin.py:188} INFO - [2024-04-14T17:57:43.338-0400] {dag.py:3954} INFO - Setting next_dagrun for example_sensor_decorator to None, run_after=None
[2024-04-14T17:57:43.344-0400] {processor.py:183} INFO - Processing /Users/manideepakreddyaila/Desktop/projects/Legal_Insights_Engine/.venv/lib/python3.11/site-packages/airflow/example_dags/example_sensor_decorator.py took 0.089 seconds
[2024-04-14T17:59:39.235-0400] {processor.py:161} INFO - Started process (PID=36947) to work on /Users/manideepakreddyaila/Desktop/projects/Legal_Insights_Engine/.venv/lib/python3.11/site-packages/airflow/example_dags/example_sensor_decorator.py
[2024-04-14T17:59:39.236-0400] {processor.py:830} INFO - Processing file /Users/manideepakreddyaila/Desktop/projects/Legal_Insights_Engine/.venv/lib/python3.11/site-packages/airflow/example_dags/example_sensor_decorator.py for tasks to queue
[2024-04-14T17:59:39.236-0400] {logging_mixin.py:188} INFO - [2024-04-14T17:59:39.236-0400] {dagbag.py:540} INFO - Filling up the DagBag from /Users/manideepakreddyaila/Desktop/projects/Legal_Insights_Engine/.venv/lib/python3.11/site-packages/airflow/example_dags/example_sensor_decorator.py
[2024-04-14T17:59:39.277-0400] {processor.py:840} INFO - DAG(s) 'example_sensor_decorator' retrieved from /Users/manideepakreddyaila/Desktop/projects/Legal_Insights_Engine/.venv/lib/python3.11/site-packages/airflow/example_dags/example_sensor_decorator.py
[2024-04-14T17:59:39.320-0400] {logging_mixin.py:188} INFO - [2024-04-14T17:59:39.320-0400] {dag.py:3096} INFO - Sync 1 DAGs
[2024-04-14T17:59:39.324-0400] {logging_mixin.py:188} INFO - [2024-04-14T17:59:39.323-0400] {dag.py:3954} INFO - Setting next_dagrun for example_sensor_decorator to None, run_after=None
[2024-04-14T17:59:39.330-0400] {processor.py:183} INFO - Processing /Users/manideepakreddyaila/Desktop/projects/Legal_Insights_Engine/.venv/lib/python3.11/site-packages/airflow/example_dags/example_sensor_decorator.py took 0.096 seconds
[2024-04-14T18:01:37.155-0400] {processor.py:161} INFO - Started process (PID=37056) to work on /Users/manideepakreddyaila/Desktop/projects/Legal_Insights_Engine/.venv/lib/python3.11/site-packages/airflow/example_dags/example_sensor_decorator.py
[2024-04-14T18:01:37.156-0400] {processor.py:830} INFO - Processing file /Users/manideepakreddyaila/Desktop/projects/Legal_Insights_Engine/.venv/lib/python3.11/site-packages/airflow/example_dags/example_sensor_decorator.py for tasks to queue
[2024-04-14T18:01:37.156-0400] {logging_mixin.py:188} INFO - [2024-04-14T18:01:37.156-0400] {dagbag.py:540} INFO - Filling up the DagBag from /Users/manideepakreddyaila/Desktop/projects/Legal_Insights_Engine/.venv/lib/python3.11/site-packages/airflow/example_dags/example_sensor_decorator.py
[2024-04-14T18:01:37.195-0400] {processor.py:840} INFO - DAG(s) 'example_sensor_decorator' retrieved from /Users/manideepakreddyaila/Desktop/projects/Legal_Insights_Engine/.venv/lib/python3.11/site-packages/airflow/example_dags/example_sensor_decorator.py
[2024-04-14T18:01:37.235-0400] {logging_mixin.py:188} INFO - [2024-04-14T18:01:37.235-0400] {dag.py:3096} INFO - Sync 1 DAGs
[2024-04-14T18:01:37.239-0400] {logging_mixin.py:188} INFO - [2024-04-14T18:01:37.239-0400] {dag.py:3954} INFO - Setting next_dagrun for example_sensor_decorator to None, run_after=None
[2024-04-14T18:01:37.246-0400] {processor.py:183} INFO - Processing /Users/manideepakreddyaila/Desktop/projects/Legal_Insights_Engine/.venv/lib/python3.11/site-packages/airflow/example_dags/example_sensor_decorator.py took 0.092 seconds
[2024-04-14T18:03:38.828-0400] {processor.py:161} INFO - Started process (PID=37150) to work on /Users/manideepakreddyaila/Desktop/projects/Legal_Insights_Engine/.venv/lib/python3.11/site-packages/airflow/example_dags/example_sensor_decorator.py
[2024-04-14T18:03:38.829-0400] {processor.py:830} INFO - Processing file /Users/manideepakreddyaila/Desktop/projects/Legal_Insights_Engine/.venv/lib/python3.11/site-packages/airflow/example_dags/example_sensor_decorator.py for tasks to queue
[2024-04-14T18:03:38.829-0400] {logging_mixin.py:188} INFO - [2024-04-14T18:03:38.829-0400] {dagbag.py:540} INFO - Filling up the DagBag from /Users/manideepakreddyaila/Desktop/projects/Legal_Insights_Engine/.venv/lib/python3.11/site-packages/airflow/example_dags/example_sensor_decorator.py
[2024-04-14T18:03:38.868-0400] {processor.py:840} INFO - DAG(s) 'example_sensor_decorator' retrieved from /Users/manideepakreddyaila/Desktop/projects/Legal_Insights_Engine/.venv/lib/python3.11/site-packages/airflow/example_dags/example_sensor_decorator.py
[2024-04-14T18:03:38.911-0400] {logging_mixin.py:188} INFO - [2024-04-14T18:03:38.910-0400] {dag.py:3096} INFO - Sync 1 DAGs
[2024-04-14T18:03:38.914-0400] {logging_mixin.py:188} INFO - [2024-04-14T18:03:38.914-0400] {dag.py:3954} INFO - Setting next_dagrun for example_sensor_decorator to None, run_after=None
[2024-04-14T18:03:38.920-0400] {processor.py:183} INFO - Processing /Users/manideepakreddyaila/Desktop/projects/Legal_Insights_Engine/.venv/lib/python3.11/site-packages/airflow/example_dags/example_sensor_decorator.py took 0.093 seconds
[2024-04-14T18:05:36.595-0400] {processor.py:161} INFO - Started process (PID=37241) to work on /Users/manideepakreddyaila/Desktop/projects/Legal_Insights_Engine/.venv/lib/python3.11/site-packages/airflow/example_dags/example_sensor_decorator.py
[2024-04-14T18:05:36.596-0400] {processor.py:830} INFO - Processing file /Users/manideepakreddyaila/Desktop/projects/Legal_Insights_Engine/.venv/lib/python3.11/site-packages/airflow/example_dags/example_sensor_decorator.py for tasks to queue
[2024-04-14T18:05:36.597-0400] {logging_mixin.py:188} INFO - [2024-04-14T18:05:36.597-0400] {dagbag.py:540} INFO - Filling up the DagBag from /Users/manideepakreddyaila/Desktop/projects/Legal_Insights_Engine/.venv/lib/python3.11/site-packages/airflow/example_dags/example_sensor_decorator.py
[2024-04-14T18:05:36.635-0400] {processor.py:840} INFO - DAG(s) 'example_sensor_decorator' retrieved from /Users/manideepakreddyaila/Desktop/projects/Legal_Insights_Engine/.venv/lib/python3.11/site-packages/airflow/example_dags/example_sensor_decorator.py
[2024-04-14T18:05:36.681-0400] {logging_mixin.py:188} INFO - [2024-04-14T18:05:36.681-0400] {dag.py:3096} INFO - Sync 1 DAGs
[2024-04-14T18:05:36.685-0400] {logging_mixin.py:188} INFO - [2024-04-14T18:05:36.685-0400] {dag.py:3954} INFO - Setting next_dagrun for example_sensor_decorator to None, run_after=None
[2024-04-14T18:05:36.691-0400] {processor.py:183} INFO - Processing /Users/manideepakreddyaila/Desktop/projects/Legal_Insights_Engine/.venv/lib/python3.11/site-packages/airflow/example_dags/example_sensor_decorator.py took 0.097 seconds
[2024-04-14T18:07:35.859-0400] {processor.py:161} INFO - Started process (PID=37343) to work on /Users/manideepakreddyaila/Desktop/projects/Legal_Insights_Engine/.venv/lib/python3.11/site-packages/airflow/example_dags/example_sensor_decorator.py
[2024-04-14T18:07:35.859-0400] {processor.py:830} INFO - Processing file /Users/manideepakreddyaila/Desktop/projects/Legal_Insights_Engine/.venv/lib/python3.11/site-packages/airflow/example_dags/example_sensor_decorator.py for tasks to queue
[2024-04-14T18:07:35.860-0400] {logging_mixin.py:188} INFO - [2024-04-14T18:07:35.860-0400] {dagbag.py:540} INFO - Filling up the DagBag from /Users/manideepakreddyaila/Desktop/projects/Legal_Insights_Engine/.venv/lib/python3.11/site-packages/airflow/example_dags/example_sensor_decorator.py
[2024-04-14T18:07:35.899-0400] {processor.py:840} INFO - DAG(s) 'example_sensor_decorator' retrieved from /Users/manideepakreddyaila/Desktop/projects/Legal_Insights_Engine/.venv/lib/python3.11/site-packages/airflow/example_dags/example_sensor_decorator.py
[2024-04-14T18:07:35.939-0400] {logging_mixin.py:188} INFO - [2024-04-14T18:07:35.939-0400] {dag.py:3096} INFO - Sync 1 DAGs
[2024-04-14T18:07:35.943-0400] {logging_mixin.py:188} INFO - [2024-04-14T18:07:35.943-0400] {dag.py:3954} INFO - Setting next_dagrun for example_sensor_decorator to None, run_after=None
[2024-04-14T18:07:35.951-0400] {processor.py:183} INFO - Processing /Users/manideepakreddyaila/Desktop/projects/Legal_Insights_Engine/.venv/lib/python3.11/site-packages/airflow/example_dags/example_sensor_decorator.py took 0.093 seconds
[2024-04-14T18:09:26.023-0400] {processor.py:161} INFO - Started process (PID=37430) to work on /Users/manideepakreddyaila/Desktop/projects/Legal_Insights_Engine/.venv/lib/python3.11/site-packages/airflow/example_dags/example_sensor_decorator.py
[2024-04-14T18:09:26.024-0400] {processor.py:830} INFO - Processing file /Users/manideepakreddyaila/Desktop/projects/Legal_Insights_Engine/.venv/lib/python3.11/site-packages/airflow/example_dags/example_sensor_decorator.py for tasks to queue
[2024-04-14T18:09:26.024-0400] {logging_mixin.py:188} INFO - [2024-04-14T18:09:26.024-0400] {dagbag.py:540} INFO - Filling up the DagBag from /Users/manideepakreddyaila/Desktop/projects/Legal_Insights_Engine/.venv/lib/python3.11/site-packages/airflow/example_dags/example_sensor_decorator.py
[2024-04-14T18:09:26.062-0400] {processor.py:840} INFO - DAG(s) 'example_sensor_decorator' retrieved from /Users/manideepakreddyaila/Desktop/projects/Legal_Insights_Engine/.venv/lib/python3.11/site-packages/airflow/example_dags/example_sensor_decorator.py
[2024-04-14T18:09:26.102-0400] {logging_mixin.py:188} INFO - [2024-04-14T18:09:26.102-0400] {dag.py:3096} INFO - Sync 1 DAGs
[2024-04-14T18:09:26.106-0400] {logging_mixin.py:188} INFO - [2024-04-14T18:09:26.105-0400] {dag.py:3954} INFO - Setting next_dagrun for example_sensor_decorator to None, run_after=None
[2024-04-14T18:09:26.112-0400] {processor.py:183} INFO - Processing /Users/manideepakreddyaila/Desktop/projects/Legal_Insights_Engine/.venv/lib/python3.11/site-packages/airflow/example_dags/example_sensor_decorator.py took 0.090 seconds
[2024-04-14T18:11:23.702-0400] {processor.py:161} INFO - Started process (PID=37535) to work on /Users/manideepakreddyaila/Desktop/projects/Legal_Insights_Engine/.venv/lib/python3.11/site-packages/airflow/example_dags/example_sensor_decorator.py
[2024-04-14T18:11:23.703-0400] {processor.py:830} INFO - Processing file /Users/manideepakreddyaila/Desktop/projects/Legal_Insights_Engine/.venv/lib/python3.11/site-packages/airflow/example_dags/example_sensor_decorator.py for tasks to queue
[2024-04-14T18:11:23.704-0400] {logging_mixin.py:188} INFO - [2024-04-14T18:11:23.703-0400] {dagbag.py:540} INFO - Filling up the DagBag from /Users/manideepakreddyaila/Desktop/projects/Legal_Insights_Engine/.venv/lib/python3.11/site-packages/airflow/example_dags/example_sensor_decorator.py
[2024-04-14T18:11:23.742-0400] {processor.py:840} INFO - DAG(s) 'example_sensor_decorator' retrieved from /Users/manideepakreddyaila/Desktop/projects/Legal_Insights_Engine/.venv/lib/python3.11/site-packages/airflow/example_dags/example_sensor_decorator.py
[2024-04-14T18:11:23.781-0400] {logging_mixin.py:188} INFO - [2024-04-14T18:11:23.781-0400] {dag.py:3096} INFO - Sync 1 DAGs
[2024-04-14T18:11:23.784-0400] {logging_mixin.py:188} INFO - [2024-04-14T18:11:23.784-0400] {dag.py:3954} INFO - Setting next_dagrun for example_sensor_decorator to None, run_after=None
[2024-04-14T18:11:23.791-0400] {processor.py:183} INFO - Processing /Users/manideepakreddyaila/Desktop/projects/Legal_Insights_Engine/.venv/lib/python3.11/site-packages/airflow/example_dags/example_sensor_decorator.py took 0.090 seconds
[2024-04-14T18:13:22.268-0400] {processor.py:161} INFO - Started process (PID=37645) to work on /Users/manideepakreddyaila/Desktop/projects/Legal_Insights_Engine/.venv/lib/python3.11/site-packages/airflow/example_dags/example_sensor_decorator.py
[2024-04-14T18:13:22.269-0400] {processor.py:830} INFO - Processing file /Users/manideepakreddyaila/Desktop/projects/Legal_Insights_Engine/.venv/lib/python3.11/site-packages/airflow/example_dags/example_sensor_decorator.py for tasks to queue
[2024-04-14T18:13:22.269-0400] {logging_mixin.py:188} INFO - [2024-04-14T18:13:22.269-0400] {dagbag.py:540} INFO - Filling up the DagBag from /Users/manideepakreddyaila/Desktop/projects/Legal_Insights_Engine/.venv/lib/python3.11/site-packages/airflow/example_dags/example_sensor_decorator.py
[2024-04-14T18:13:22.309-0400] {processor.py:840} INFO - DAG(s) 'example_sensor_decorator' retrieved from /Users/manideepakreddyaila/Desktop/projects/Legal_Insights_Engine/.venv/lib/python3.11/site-packages/airflow/example_dags/example_sensor_decorator.py
[2024-04-14T18:13:22.349-0400] {logging_mixin.py:188} INFO - [2024-04-14T18:13:22.348-0400] {dag.py:3096} INFO - Sync 1 DAGs
[2024-04-14T18:13:22.352-0400] {logging_mixin.py:188} INFO - [2024-04-14T18:13:22.352-0400] {dag.py:3954} INFO - Setting next_dagrun for example_sensor_decorator to None, run_after=None
[2024-04-14T18:13:22.359-0400] {processor.py:183} INFO - Processing /Users/manideepakreddyaila/Desktop/projects/Legal_Insights_Engine/.venv/lib/python3.11/site-packages/airflow/example_dags/example_sensor_decorator.py took 0.092 seconds
[2024-04-14T18:15:20.011-0400] {processor.py:161} INFO - Started process (PID=37749) to work on /Users/manideepakreddyaila/Desktop/projects/Legal_Insights_Engine/.venv/lib/python3.11/site-packages/airflow/example_dags/example_sensor_decorator.py
[2024-04-14T18:15:20.012-0400] {processor.py:830} INFO - Processing file /Users/manideepakreddyaila/Desktop/projects/Legal_Insights_Engine/.venv/lib/python3.11/site-packages/airflow/example_dags/example_sensor_decorator.py for tasks to queue
[2024-04-14T18:15:20.012-0400] {logging_mixin.py:188} INFO - [2024-04-14T18:15:20.012-0400] {dagbag.py:540} INFO - Filling up the DagBag from /Users/manideepakreddyaila/Desktop/projects/Legal_Insights_Engine/.venv/lib/python3.11/site-packages/airflow/example_dags/example_sensor_decorator.py
[2024-04-14T18:15:20.050-0400] {processor.py:840} INFO - DAG(s) 'example_sensor_decorator' retrieved from /Users/manideepakreddyaila/Desktop/projects/Legal_Insights_Engine/.venv/lib/python3.11/site-packages/airflow/example_dags/example_sensor_decorator.py
[2024-04-14T18:15:20.090-0400] {logging_mixin.py:188} INFO - [2024-04-14T18:15:20.090-0400] {dag.py:3096} INFO - Sync 1 DAGs
[2024-04-14T18:15:20.093-0400] {logging_mixin.py:188} INFO - [2024-04-14T18:15:20.093-0400] {dag.py:3954} INFO - Setting next_dagrun for example_sensor_decorator to None, run_after=None
[2024-04-14T18:15:20.100-0400] {processor.py:183} INFO - Processing /Users/manideepakreddyaila/Desktop/projects/Legal_Insights_Engine/.venv/lib/python3.11/site-packages/airflow/example_dags/example_sensor_decorator.py took 0.089 seconds
