[2024-04-13T20:06:50.118-0400] {processor.py:161} INFO - Started process (PID=31662) to work on /Users/manideepakreddyaila/Desktop/projects/Legal_Insights_Engine/.venv/lib/python3.11/site-packages/airflow/example_dags/example_setup_teardown.py
[2024-04-13T20:06:50.118-0400] {processor.py:830} INFO - Processing file /Users/manideepakreddyaila/Desktop/projects/Legal_Insights_Engine/.venv/lib/python3.11/site-packages/airflow/example_dags/example_setup_teardown.py for tasks to queue
[2024-04-13T20:06:50.119-0400] {logging_mixin.py:188} INFO - [2024-04-13T20:06:50.118-0400] {dagbag.py:540} INFO - Filling up the DagBag from /Users/manideepakreddyaila/Desktop/projects/Legal_Insights_Engine/.venv/lib/python3.11/site-packages/airflow/example_dags/example_setup_teardown.py
[2024-04-13T20:06:50.159-0400] {processor.py:840} INFO - DAG(s) 'example_setup_teardown' retrieved from /Users/manideepakreddyaila/Desktop/projects/Legal_Insights_Engine/.venv/lib/python3.11/site-packages/airflow/example_dags/example_setup_teardown.py
[2024-04-13T20:06:50.201-0400] {logging_mixin.py:188} INFO - [2024-04-13T20:06:50.201-0400] {dag.py:3096} INFO - Sync 1 DAGs
[2024-04-13T20:06:50.206-0400] {logging_mixin.py:188} INFO - [2024-04-13T20:06:50.206-0400] {dag.py:3954} INFO - Setting next_dagrun for example_setup_teardown to 2024-04-13 00:00:00+00:00, run_after=2024-04-14 00:00:00+00:00
[2024-04-13T20:06:50.212-0400] {processor.py:183} INFO - Processing /Users/manideepakreddyaila/Desktop/projects/Legal_Insights_Engine/.venv/lib/python3.11/site-packages/airflow/example_dags/example_setup_teardown.py took 0.096 seconds
[2024-04-13T20:08:16.224-0400] {processor.py:161} INFO - Started process (PID=31725) to work on /Users/manideepakreddyaila/Desktop/projects/Legal_Insights_Engine/.venv/lib/python3.11/site-packages/airflow/example_dags/example_setup_teardown.py
[2024-04-13T20:08:16.224-0400] {processor.py:830} INFO - Processing file /Users/manideepakreddyaila/Desktop/projects/Legal_Insights_Engine/.venv/lib/python3.11/site-packages/airflow/example_dags/example_setup_teardown.py for tasks to queue
[2024-04-13T20:08:16.225-0400] {logging_mixin.py:188} INFO - [2024-04-13T20:08:16.225-0400] {dagbag.py:540} INFO - Filling up the DagBag from /Users/manideepakreddyaila/Desktop/projects/Legal_Insights_Engine/.venv/lib/python3.11/site-packages/airflow/example_dags/example_setup_teardown.py
[2024-04-13T20:08:16.254-0400] {processor.py:840} INFO - DAG(s) 'example_setup_teardown' retrieved from /Users/manideepakreddyaila/Desktop/projects/Legal_Insights_Engine/.venv/lib/python3.11/site-packages/airflow/example_dags/example_setup_teardown.py
[2024-04-13T20:08:16.291-0400] {logging_mixin.py:188} INFO - [2024-04-13T20:08:16.291-0400] {dag.py:3096} INFO - Sync 1 DAGs
[2024-04-13T20:08:16.296-0400] {logging_mixin.py:188} INFO - [2024-04-13T20:08:16.296-0400] {dag.py:3954} INFO - Setting next_dagrun for example_setup_teardown to 2024-04-13 00:00:00+00:00, run_after=2024-04-14 00:00:00+00:00
[2024-04-13T20:08:16.303-0400] {processor.py:183} INFO - Processing /Users/manideepakreddyaila/Desktop/projects/Legal_Insights_Engine/.venv/lib/python3.11/site-packages/airflow/example_dags/example_setup_teardown.py took 0.080 seconds
[2024-04-13T22:09:14.583-0400] {processor.py:161} INFO - Started process (PID=31857) to work on /Users/manideepakreddyaila/Desktop/projects/Legal_Insights_Engine/.venv/lib/python3.11/site-packages/airflow/example_dags/example_setup_teardown.py
[2024-04-13T22:09:14.584-0400] {processor.py:830} INFO - Processing file /Users/manideepakreddyaila/Desktop/projects/Legal_Insights_Engine/.venv/lib/python3.11/site-packages/airflow/example_dags/example_setup_teardown.py for tasks to queue
[2024-04-13T22:09:14.584-0400] {logging_mixin.py:188} INFO - [2024-04-13T22:09:14.584-0400] {dagbag.py:540} INFO - Filling up the DagBag from /Users/manideepakreddyaila/Desktop/projects/Legal_Insights_Engine/.venv/lib/python3.11/site-packages/airflow/example_dags/example_setup_teardown.py
[2024-04-13T22:09:14.613-0400] {processor.py:840} INFO - DAG(s) 'example_setup_teardown' retrieved from /Users/manideepakreddyaila/Desktop/projects/Legal_Insights_Engine/.venv/lib/python3.11/site-packages/airflow/example_dags/example_setup_teardown.py
[2024-04-13T22:09:14.649-0400] {logging_mixin.py:188} INFO - [2024-04-13T22:09:14.648-0400] {dag.py:3096} INFO - Sync 1 DAGs
[2024-04-13T22:09:14.654-0400] {logging_mixin.py:188} INFO - [2024-04-13T22:09:14.654-0400] {dag.py:3954} INFO - Setting next_dagrun for example_setup_teardown to 2024-04-13 00:00:00+00:00, run_after=2024-04-14 00:00:00+00:00
[2024-04-13T22:09:14.660-0400] {processor.py:183} INFO - Processing /Users/manideepakreddyaila/Desktop/projects/Legal_Insights_Engine/.venv/lib/python3.11/site-packages/airflow/example_dags/example_setup_teardown.py took 0.078 seconds
[2024-04-14T00:28:54.181-0400] {processor.py:161} INFO - Started process (PID=32038) to work on /Users/manideepakreddyaila/Desktop/projects/Legal_Insights_Engine/.venv/lib/python3.11/site-packages/airflow/example_dags/example_setup_teardown.py
[2024-04-14T00:28:54.183-0400] {processor.py:830} INFO - Processing file /Users/manideepakreddyaila/Desktop/projects/Legal_Insights_Engine/.venv/lib/python3.11/site-packages/airflow/example_dags/example_setup_teardown.py for tasks to queue
[2024-04-14T00:28:54.184-0400] {logging_mixin.py:188} INFO - [2024-04-14T00:28:54.184-0400] {dagbag.py:540} INFO - Filling up the DagBag from /Users/manideepakreddyaila/Desktop/projects/Legal_Insights_Engine/.venv/lib/python3.11/site-packages/airflow/example_dags/example_setup_teardown.py
[2024-04-14T00:28:54.358-0400] {processor.py:840} INFO - DAG(s) 'example_setup_teardown' retrieved from /Users/manideepakreddyaila/Desktop/projects/Legal_Insights_Engine/.venv/lib/python3.11/site-packages/airflow/example_dags/example_setup_teardown.py
[2024-04-14T00:28:54.408-0400] {logging_mixin.py:188} INFO - [2024-04-14T00:28:54.408-0400] {dag.py:3096} INFO - Sync 1 DAGs
[2024-04-14T00:28:54.417-0400] {logging_mixin.py:188} INFO - [2024-04-14T00:28:54.416-0400] {dag.py:3954} INFO - Setting next_dagrun for example_setup_teardown to 2024-04-13 00:00:00+00:00, run_after=2024-04-14 00:00:00+00:00
[2024-04-14T00:28:54.429-0400] {processor.py:183} INFO - Processing /Users/manideepakreddyaila/Desktop/projects/Legal_Insights_Engine/.venv/lib/python3.11/site-packages/airflow/example_dags/example_setup_teardown.py took 0.250 seconds
[2024-04-14T03:17:21.088-0400] {processor.py:161} INFO - Started process (PID=32283) to work on /Users/manideepakreddyaila/Desktop/projects/Legal_Insights_Engine/.venv/lib/python3.11/site-packages/airflow/example_dags/example_setup_teardown.py
[2024-04-14T03:17:21.089-0400] {processor.py:830} INFO - Processing file /Users/manideepakreddyaila/Desktop/projects/Legal_Insights_Engine/.venv/lib/python3.11/site-packages/airflow/example_dags/example_setup_teardown.py for tasks to queue
[2024-04-14T03:17:21.089-0400] {logging_mixin.py:188} INFO - [2024-04-14T03:17:21.089-0400] {dagbag.py:540} INFO - Filling up the DagBag from /Users/manideepakreddyaila/Desktop/projects/Legal_Insights_Engine/.venv/lib/python3.11/site-packages/airflow/example_dags/example_setup_teardown.py
[2024-04-14T03:17:21.118-0400] {processor.py:840} INFO - DAG(s) 'example_setup_teardown' retrieved from /Users/manideepakreddyaila/Desktop/projects/Legal_Insights_Engine/.venv/lib/python3.11/site-packages/airflow/example_dags/example_setup_teardown.py
[2024-04-14T03:17:21.156-0400] {logging_mixin.py:188} INFO - [2024-04-14T03:17:21.156-0400] {dag.py:3096} INFO - Sync 1 DAGs
[2024-04-14T03:17:21.162-0400] {logging_mixin.py:188} INFO - [2024-04-14T03:17:21.162-0400] {dag.py:3954} INFO - Setting next_dagrun for example_setup_teardown to 2024-04-13 00:00:00+00:00, run_after=2024-04-14 00:00:00+00:00
[2024-04-14T03:17:21.168-0400] {processor.py:183} INFO - Processing /Users/manideepakreddyaila/Desktop/projects/Legal_Insights_Engine/.venv/lib/python3.11/site-packages/airflow/example_dags/example_setup_teardown.py took 0.081 seconds
[2024-04-14T06:15:19.080-0400] {processor.py:161} INFO - Started process (PID=32516) to work on /Users/manideepakreddyaila/Desktop/projects/Legal_Insights_Engine/.venv/lib/python3.11/site-packages/airflow/example_dags/example_setup_teardown.py
[2024-04-14T06:15:19.081-0400] {processor.py:830} INFO - Processing file /Users/manideepakreddyaila/Desktop/projects/Legal_Insights_Engine/.venv/lib/python3.11/site-packages/airflow/example_dags/example_setup_teardown.py for tasks to queue
[2024-04-14T06:15:19.081-0400] {logging_mixin.py:188} INFO - [2024-04-14T06:15:19.081-0400] {dagbag.py:540} INFO - Filling up the DagBag from /Users/manideepakreddyaila/Desktop/projects/Legal_Insights_Engine/.venv/lib/python3.11/site-packages/airflow/example_dags/example_setup_teardown.py
[2024-04-14T06:15:19.110-0400] {processor.py:840} INFO - DAG(s) 'example_setup_teardown' retrieved from /Users/manideepakreddyaila/Desktop/projects/Legal_Insights_Engine/.venv/lib/python3.11/site-packages/airflow/example_dags/example_setup_teardown.py
[2024-04-14T06:15:19.147-0400] {logging_mixin.py:188} INFO - [2024-04-14T06:15:19.147-0400] {dag.py:3096} INFO - Sync 1 DAGs
[2024-04-14T06:15:19.152-0400] {logging_mixin.py:188} INFO - [2024-04-14T06:15:19.152-0400] {dag.py:3954} INFO - Setting next_dagrun for example_setup_teardown to 2024-04-13 00:00:00+00:00, run_after=2024-04-14 00:00:00+00:00
[2024-04-14T06:15:19.158-0400] {processor.py:183} INFO - Processing /Users/manideepakreddyaila/Desktop/projects/Legal_Insights_Engine/.venv/lib/python3.11/site-packages/airflow/example_dags/example_setup_teardown.py took 0.078 seconds
[2024-04-14T08:08:59.035-0400] {processor.py:161} INFO - Started process (PID=32706) to work on /Users/manideepakreddyaila/Desktop/projects/Legal_Insights_Engine/.venv/lib/python3.11/site-packages/airflow/example_dags/example_setup_teardown.py
[2024-04-14T08:08:59.036-0400] {processor.py:830} INFO - Processing file /Users/manideepakreddyaila/Desktop/projects/Legal_Insights_Engine/.venv/lib/python3.11/site-packages/airflow/example_dags/example_setup_teardown.py for tasks to queue
[2024-04-14T08:08:59.036-0400] {logging_mixin.py:188} INFO - [2024-04-14T08:08:59.036-0400] {dagbag.py:540} INFO - Filling up the DagBag from /Users/manideepakreddyaila/Desktop/projects/Legal_Insights_Engine/.venv/lib/python3.11/site-packages/airflow/example_dags/example_setup_teardown.py
[2024-04-14T08:08:59.065-0400] {processor.py:840} INFO - DAG(s) 'example_setup_teardown' retrieved from /Users/manideepakreddyaila/Desktop/projects/Legal_Insights_Engine/.venv/lib/python3.11/site-packages/airflow/example_dags/example_setup_teardown.py
[2024-04-14T08:08:59.101-0400] {logging_mixin.py:188} INFO - [2024-04-14T08:08:59.101-0400] {dag.py:3096} INFO - Sync 1 DAGs
[2024-04-14T08:08:59.107-0400] {logging_mixin.py:188} INFO - [2024-04-14T08:08:59.107-0400] {dag.py:3954} INFO - Setting next_dagrun for example_setup_teardown to 2024-04-13 00:00:00+00:00, run_after=2024-04-14 00:00:00+00:00
[2024-04-14T08:08:59.113-0400] {processor.py:183} INFO - Processing /Users/manideepakreddyaila/Desktop/projects/Legal_Insights_Engine/.venv/lib/python3.11/site-packages/airflow/example_dags/example_setup_teardown.py took 0.078 seconds
[2024-04-14T08:14:02.882-0400] {processor.py:161} INFO - Started process (PID=32821) to work on /Users/manideepakreddyaila/Desktop/projects/Legal_Insights_Engine/.venv/lib/python3.11/site-packages/airflow/example_dags/example_setup_teardown.py
[2024-04-14T08:14:02.883-0400] {processor.py:830} INFO - Processing file /Users/manideepakreddyaila/Desktop/projects/Legal_Insights_Engine/.venv/lib/python3.11/site-packages/airflow/example_dags/example_setup_teardown.py for tasks to queue
[2024-04-14T08:14:02.884-0400] {logging_mixin.py:188} INFO - [2024-04-14T08:14:02.884-0400] {dagbag.py:540} INFO - Filling up the DagBag from /Users/manideepakreddyaila/Desktop/projects/Legal_Insights_Engine/.venv/lib/python3.11/site-packages/airflow/example_dags/example_setup_teardown.py
[2024-04-14T08:14:02.912-0400] {processor.py:840} INFO - DAG(s) 'example_setup_teardown' retrieved from /Users/manideepakreddyaila/Desktop/projects/Legal_Insights_Engine/.venv/lib/python3.11/site-packages/airflow/example_dags/example_setup_teardown.py
[2024-04-14T08:14:02.949-0400] {logging_mixin.py:188} INFO - [2024-04-14T08:14:02.949-0400] {dag.py:3096} INFO - Sync 1 DAGs
[2024-04-14T08:14:02.954-0400] {logging_mixin.py:188} INFO - [2024-04-14T08:14:02.954-0400] {dag.py:3954} INFO - Setting next_dagrun for example_setup_teardown to 2024-04-13 00:00:00+00:00, run_after=2024-04-14 00:00:00+00:00
[2024-04-14T08:14:02.960-0400] {processor.py:183} INFO - Processing /Users/manideepakreddyaila/Desktop/projects/Legal_Insights_Engine/.venv/lib/python3.11/site-packages/airflow/example_dags/example_setup_teardown.py took 0.079 seconds
[2024-04-14T08:21:43.907-0400] {processor.py:161} INFO - Started process (PID=32945) to work on /Users/manideepakreddyaila/Desktop/projects/Legal_Insights_Engine/.venv/lib/python3.11/site-packages/airflow/example_dags/example_setup_teardown.py
[2024-04-14T08:21:43.908-0400] {processor.py:830} INFO - Processing file /Users/manideepakreddyaila/Desktop/projects/Legal_Insights_Engine/.venv/lib/python3.11/site-packages/airflow/example_dags/example_setup_teardown.py for tasks to queue
[2024-04-14T08:21:43.908-0400] {logging_mixin.py:188} INFO - [2024-04-14T08:21:43.908-0400] {dagbag.py:540} INFO - Filling up the DagBag from /Users/manideepakreddyaila/Desktop/projects/Legal_Insights_Engine/.venv/lib/python3.11/site-packages/airflow/example_dags/example_setup_teardown.py
[2024-04-14T08:21:43.937-0400] {processor.py:840} INFO - DAG(s) 'example_setup_teardown' retrieved from /Users/manideepakreddyaila/Desktop/projects/Legal_Insights_Engine/.venv/lib/python3.11/site-packages/airflow/example_dags/example_setup_teardown.py
[2024-04-14T08:21:43.974-0400] {logging_mixin.py:188} INFO - [2024-04-14T08:21:43.973-0400] {dag.py:3096} INFO - Sync 1 DAGs
[2024-04-14T08:21:43.979-0400] {logging_mixin.py:188} INFO - [2024-04-14T08:21:43.979-0400] {dag.py:3954} INFO - Setting next_dagrun for example_setup_teardown to 2024-04-13 00:00:00+00:00, run_after=2024-04-14 00:00:00+00:00
[2024-04-14T08:21:43.985-0400] {processor.py:183} INFO - Processing /Users/manideepakreddyaila/Desktop/projects/Legal_Insights_Engine/.venv/lib/python3.11/site-packages/airflow/example_dags/example_setup_teardown.py took 0.079 seconds
[2024-04-14T10:54:26.103-0400] {processor.py:161} INFO - Started process (PID=33105) to work on /Users/manideepakreddyaila/Desktop/projects/Legal_Insights_Engine/.venv/lib/python3.11/site-packages/airflow/example_dags/example_setup_teardown.py
[2024-04-14T10:54:26.104-0400] {processor.py:830} INFO - Processing file /Users/manideepakreddyaila/Desktop/projects/Legal_Insights_Engine/.venv/lib/python3.11/site-packages/airflow/example_dags/example_setup_teardown.py for tasks to queue
[2024-04-14T10:54:26.104-0400] {logging_mixin.py:188} INFO - [2024-04-14T10:54:26.104-0400] {dagbag.py:540} INFO - Filling up the DagBag from /Users/manideepakreddyaila/Desktop/projects/Legal_Insights_Engine/.venv/lib/python3.11/site-packages/airflow/example_dags/example_setup_teardown.py
[2024-04-14T10:54:26.133-0400] {processor.py:840} INFO - DAG(s) 'example_setup_teardown' retrieved from /Users/manideepakreddyaila/Desktop/projects/Legal_Insights_Engine/.venv/lib/python3.11/site-packages/airflow/example_dags/example_setup_teardown.py
[2024-04-14T10:54:26.169-0400] {logging_mixin.py:188} INFO - [2024-04-14T10:54:26.169-0400] {dag.py:3096} INFO - Sync 1 DAGs
[2024-04-14T10:54:26.174-0400] {logging_mixin.py:188} INFO - [2024-04-14T10:54:26.174-0400] {dag.py:3954} INFO - Setting next_dagrun for example_setup_teardown to 2024-04-13 00:00:00+00:00, run_after=2024-04-14 00:00:00+00:00
[2024-04-14T10:54:26.180-0400] {processor.py:183} INFO - Processing /Users/manideepakreddyaila/Desktop/projects/Legal_Insights_Engine/.venv/lib/python3.11/site-packages/airflow/example_dags/example_setup_teardown.py took 0.078 seconds
[2024-04-14T12:06:36.349-0400] {processor.py:161} INFO - Started process (PID=33245) to work on /Users/manideepakreddyaila/Desktop/projects/Legal_Insights_Engine/.venv/lib/python3.11/site-packages/airflow/example_dags/example_setup_teardown.py
[2024-04-14T12:06:36.350-0400] {processor.py:830} INFO - Processing file /Users/manideepakreddyaila/Desktop/projects/Legal_Insights_Engine/.venv/lib/python3.11/site-packages/airflow/example_dags/example_setup_teardown.py for tasks to queue
[2024-04-14T12:06:36.350-0400] {logging_mixin.py:188} INFO - [2024-04-14T12:06:36.350-0400] {dagbag.py:540} INFO - Filling up the DagBag from /Users/manideepakreddyaila/Desktop/projects/Legal_Insights_Engine/.venv/lib/python3.11/site-packages/airflow/example_dags/example_setup_teardown.py
[2024-04-14T12:06:36.378-0400] {processor.py:840} INFO - DAG(s) 'example_setup_teardown' retrieved from /Users/manideepakreddyaila/Desktop/projects/Legal_Insights_Engine/.venv/lib/python3.11/site-packages/airflow/example_dags/example_setup_teardown.py
[2024-04-14T12:06:36.414-0400] {logging_mixin.py:188} INFO - [2024-04-14T12:06:36.413-0400] {dag.py:3096} INFO - Sync 1 DAGs
[2024-04-14T12:06:36.419-0400] {logging_mixin.py:188} INFO - [2024-04-14T12:06:36.419-0400] {dag.py:3954} INFO - Setting next_dagrun for example_setup_teardown to 2024-04-13 00:00:00+00:00, run_after=2024-04-14 00:00:00+00:00
[2024-04-14T12:06:36.425-0400] {processor.py:183} INFO - Processing /Users/manideepakreddyaila/Desktop/projects/Legal_Insights_Engine/.venv/lib/python3.11/site-packages/airflow/example_dags/example_setup_teardown.py took 0.077 seconds
[2024-04-14T13:40:04.293-0400] {processor.py:161} INFO - Started process (PID=33406) to work on /Users/manideepakreddyaila/Desktop/projects/Legal_Insights_Engine/.venv/lib/python3.11/site-packages/airflow/example_dags/example_setup_teardown.py
[2024-04-14T13:40:04.294-0400] {processor.py:830} INFO - Processing file /Users/manideepakreddyaila/Desktop/projects/Legal_Insights_Engine/.venv/lib/python3.11/site-packages/airflow/example_dags/example_setup_teardown.py for tasks to queue
[2024-04-14T13:40:04.294-0400] {logging_mixin.py:188} INFO - [2024-04-14T13:40:04.294-0400] {dagbag.py:540} INFO - Filling up the DagBag from /Users/manideepakreddyaila/Desktop/projects/Legal_Insights_Engine/.venv/lib/python3.11/site-packages/airflow/example_dags/example_setup_teardown.py
[2024-04-14T13:40:04.323-0400] {processor.py:840} INFO - DAG(s) 'example_setup_teardown' retrieved from /Users/manideepakreddyaila/Desktop/projects/Legal_Insights_Engine/.venv/lib/python3.11/site-packages/airflow/example_dags/example_setup_teardown.py
[2024-04-14T13:40:04.360-0400] {logging_mixin.py:188} INFO - [2024-04-14T13:40:04.360-0400] {dag.py:3096} INFO - Sync 1 DAGs
[2024-04-14T13:40:04.365-0400] {logging_mixin.py:188} INFO - [2024-04-14T13:40:04.365-0400] {dag.py:3954} INFO - Setting next_dagrun for example_setup_teardown to 2024-04-13 00:00:00+00:00, run_after=2024-04-14 00:00:00+00:00
[2024-04-14T13:40:04.373-0400] {processor.py:183} INFO - Processing /Users/manideepakreddyaila/Desktop/projects/Legal_Insights_Engine/.venv/lib/python3.11/site-packages/airflow/example_dags/example_setup_teardown.py took 0.081 seconds
[2024-04-14T15:25:57.584-0400] {processor.py:161} INFO - Started process (PID=33583) to work on /Users/manideepakreddyaila/Desktop/projects/Legal_Insights_Engine/.venv/lib/python3.11/site-packages/airflow/example_dags/example_setup_teardown.py
[2024-04-14T15:25:57.585-0400] {processor.py:830} INFO - Processing file /Users/manideepakreddyaila/Desktop/projects/Legal_Insights_Engine/.venv/lib/python3.11/site-packages/airflow/example_dags/example_setup_teardown.py for tasks to queue
[2024-04-14T15:25:57.585-0400] {logging_mixin.py:188} INFO - [2024-04-14T15:25:57.585-0400] {dagbag.py:540} INFO - Filling up the DagBag from /Users/manideepakreddyaila/Desktop/projects/Legal_Insights_Engine/.venv/lib/python3.11/site-packages/airflow/example_dags/example_setup_teardown.py
[2024-04-14T15:25:57.614-0400] {processor.py:840} INFO - DAG(s) 'example_setup_teardown' retrieved from /Users/manideepakreddyaila/Desktop/projects/Legal_Insights_Engine/.venv/lib/python3.11/site-packages/airflow/example_dags/example_setup_teardown.py
[2024-04-14T15:25:57.649-0400] {logging_mixin.py:188} INFO - [2024-04-14T15:25:57.648-0400] {dag.py:3096} INFO - Sync 1 DAGs
[2024-04-14T15:25:57.654-0400] {logging_mixin.py:188} INFO - [2024-04-14T15:25:57.654-0400] {dag.py:3954} INFO - Setting next_dagrun for example_setup_teardown to 2024-04-13 00:00:00+00:00, run_after=2024-04-14 00:00:00+00:00
[2024-04-14T15:25:57.660-0400] {processor.py:183} INFO - Processing /Users/manideepakreddyaila/Desktop/projects/Legal_Insights_Engine/.venv/lib/python3.11/site-packages/airflow/example_dags/example_setup_teardown.py took 0.076 seconds
[2024-04-14T16:36:48.510-0400] {processor.py:161} INFO - Started process (PID=33760) to work on /Users/manideepakreddyaila/Desktop/projects/Legal_Insights_Engine/.venv/lib/python3.11/site-packages/airflow/example_dags/example_setup_teardown.py
[2024-04-14T16:36:48.511-0400] {processor.py:830} INFO - Processing file /Users/manideepakreddyaila/Desktop/projects/Legal_Insights_Engine/.venv/lib/python3.11/site-packages/airflow/example_dags/example_setup_teardown.py for tasks to queue
[2024-04-14T16:36:48.511-0400] {logging_mixin.py:188} INFO - [2024-04-14T16:36:48.511-0400] {dagbag.py:540} INFO - Filling up the DagBag from /Users/manideepakreddyaila/Desktop/projects/Legal_Insights_Engine/.venv/lib/python3.11/site-packages/airflow/example_dags/example_setup_teardown.py
[2024-04-14T16:36:48.539-0400] {processor.py:840} INFO - DAG(s) 'example_setup_teardown' retrieved from /Users/manideepakreddyaila/Desktop/projects/Legal_Insights_Engine/.venv/lib/python3.11/site-packages/airflow/example_dags/example_setup_teardown.py
[2024-04-14T16:36:48.575-0400] {logging_mixin.py:188} INFO - [2024-04-14T16:36:48.575-0400] {dag.py:3096} INFO - Sync 1 DAGs
[2024-04-14T16:36:48.581-0400] {logging_mixin.py:188} INFO - [2024-04-14T16:36:48.581-0400] {dag.py:3954} INFO - Setting next_dagrun for example_setup_teardown to 2024-04-13 00:00:00+00:00, run_after=2024-04-14 00:00:00+00:00
[2024-04-14T16:36:48.587-0400] {processor.py:183} INFO - Processing /Users/manideepakreddyaila/Desktop/projects/Legal_Insights_Engine/.venv/lib/python3.11/site-packages/airflow/example_dags/example_setup_teardown.py took 0.078 seconds
[2024-04-14T16:38:13.379-0400] {processor.py:161} INFO - Started process (PID=33822) to work on /Users/manideepakreddyaila/Desktop/projects/Legal_Insights_Engine/.venv/lib/python3.11/site-packages/airflow/example_dags/example_setup_teardown.py
[2024-04-14T16:38:13.380-0400] {processor.py:830} INFO - Processing file /Users/manideepakreddyaila/Desktop/projects/Legal_Insights_Engine/.venv/lib/python3.11/site-packages/airflow/example_dags/example_setup_teardown.py for tasks to queue
[2024-04-14T16:38:13.380-0400] {logging_mixin.py:188} INFO - [2024-04-14T16:38:13.380-0400] {dagbag.py:540} INFO - Filling up the DagBag from /Users/manideepakreddyaila/Desktop/projects/Legal_Insights_Engine/.venv/lib/python3.11/site-packages/airflow/example_dags/example_setup_teardown.py
[2024-04-14T16:38:13.409-0400] {processor.py:840} INFO - DAG(s) 'example_setup_teardown' retrieved from /Users/manideepakreddyaila/Desktop/projects/Legal_Insights_Engine/.venv/lib/python3.11/site-packages/airflow/example_dags/example_setup_teardown.py
[2024-04-14T16:38:13.445-0400] {logging_mixin.py:188} INFO - [2024-04-14T16:38:13.445-0400] {dag.py:3096} INFO - Sync 1 DAGs
[2024-04-14T16:38:13.451-0400] {logging_mixin.py:188} INFO - [2024-04-14T16:38:13.451-0400] {dag.py:3954} INFO - Setting next_dagrun for example_setup_teardown to 2024-04-13 00:00:00+00:00, run_after=2024-04-14 00:00:00+00:00
[2024-04-14T16:38:13.457-0400] {processor.py:183} INFO - Processing /Users/manideepakreddyaila/Desktop/projects/Legal_Insights_Engine/.venv/lib/python3.11/site-packages/airflow/example_dags/example_setup_teardown.py took 0.079 seconds
[2024-04-14T16:40:11.237-0400] {processor.py:161} INFO - Started process (PID=33920) to work on /Users/manideepakreddyaila/Desktop/projects/Legal_Insights_Engine/.venv/lib/python3.11/site-packages/airflow/example_dags/example_setup_teardown.py
[2024-04-14T16:40:11.237-0400] {processor.py:830} INFO - Processing file /Users/manideepakreddyaila/Desktop/projects/Legal_Insights_Engine/.venv/lib/python3.11/site-packages/airflow/example_dags/example_setup_teardown.py for tasks to queue
[2024-04-14T16:40:11.237-0400] {logging_mixin.py:188} INFO - [2024-04-14T16:40:11.237-0400] {dagbag.py:540} INFO - Filling up the DagBag from /Users/manideepakreddyaila/Desktop/projects/Legal_Insights_Engine/.venv/lib/python3.11/site-packages/airflow/example_dags/example_setup_teardown.py
[2024-04-14T16:40:11.266-0400] {processor.py:840} INFO - DAG(s) 'example_setup_teardown' retrieved from /Users/manideepakreddyaila/Desktop/projects/Legal_Insights_Engine/.venv/lib/python3.11/site-packages/airflow/example_dags/example_setup_teardown.py
[2024-04-14T16:40:11.302-0400] {logging_mixin.py:188} INFO - [2024-04-14T16:40:11.302-0400] {dag.py:3096} INFO - Sync 1 DAGs
[2024-04-14T16:40:11.308-0400] {logging_mixin.py:188} INFO - [2024-04-14T16:40:11.308-0400] {dag.py:3954} INFO - Setting next_dagrun for example_setup_teardown to 2024-04-13 00:00:00+00:00, run_after=2024-04-14 00:00:00+00:00
[2024-04-14T16:40:11.314-0400] {processor.py:183} INFO - Processing /Users/manideepakreddyaila/Desktop/projects/Legal_Insights_Engine/.venv/lib/python3.11/site-packages/airflow/example_dags/example_setup_teardown.py took 0.079 seconds
[2024-04-14T16:42:05.445-0400] {processor.py:161} INFO - Started process (PID=34016) to work on /Users/manideepakreddyaila/Desktop/projects/Legal_Insights_Engine/.venv/lib/python3.11/site-packages/airflow/example_dags/example_setup_teardown.py
[2024-04-14T16:42:05.446-0400] {processor.py:830} INFO - Processing file /Users/manideepakreddyaila/Desktop/projects/Legal_Insights_Engine/.venv/lib/python3.11/site-packages/airflow/example_dags/example_setup_teardown.py for tasks to queue
[2024-04-14T16:42:05.446-0400] {logging_mixin.py:188} INFO - [2024-04-14T16:42:05.446-0400] {dagbag.py:540} INFO - Filling up the DagBag from /Users/manideepakreddyaila/Desktop/projects/Legal_Insights_Engine/.venv/lib/python3.11/site-packages/airflow/example_dags/example_setup_teardown.py
[2024-04-14T16:42:05.475-0400] {processor.py:840} INFO - DAG(s) 'example_setup_teardown' retrieved from /Users/manideepakreddyaila/Desktop/projects/Legal_Insights_Engine/.venv/lib/python3.11/site-packages/airflow/example_dags/example_setup_teardown.py
[2024-04-14T16:42:05.510-0400] {logging_mixin.py:188} INFO - [2024-04-14T16:42:05.510-0400] {dag.py:3096} INFO - Sync 1 DAGs
[2024-04-14T16:42:05.516-0400] {logging_mixin.py:188} INFO - [2024-04-14T16:42:05.515-0400] {dag.py:3954} INFO - Setting next_dagrun for example_setup_teardown to 2024-04-13 00:00:00+00:00, run_after=2024-04-14 00:00:00+00:00
[2024-04-14T16:42:05.521-0400] {processor.py:183} INFO - Processing /Users/manideepakreddyaila/Desktop/projects/Legal_Insights_Engine/.venv/lib/python3.11/site-packages/airflow/example_dags/example_setup_teardown.py took 0.077 seconds
[2024-04-14T16:44:04.681-0400] {processor.py:161} INFO - Started process (PID=34125) to work on /Users/manideepakreddyaila/Desktop/projects/Legal_Insights_Engine/.venv/lib/python3.11/site-packages/airflow/example_dags/example_setup_teardown.py
[2024-04-14T16:44:04.684-0400] {processor.py:830} INFO - Processing file /Users/manideepakreddyaila/Desktop/projects/Legal_Insights_Engine/.venv/lib/python3.11/site-packages/airflow/example_dags/example_setup_teardown.py for tasks to queue
[2024-04-14T16:44:04.684-0400] {logging_mixin.py:188} INFO - [2024-04-14T16:44:04.684-0400] {dagbag.py:540} INFO - Filling up the DagBag from /Users/manideepakreddyaila/Desktop/projects/Legal_Insights_Engine/.venv/lib/python3.11/site-packages/airflow/example_dags/example_setup_teardown.py
[2024-04-14T16:44:04.712-0400] {processor.py:840} INFO - DAG(s) 'example_setup_teardown' retrieved from /Users/manideepakreddyaila/Desktop/projects/Legal_Insights_Engine/.venv/lib/python3.11/site-packages/airflow/example_dags/example_setup_teardown.py
[2024-04-14T16:44:04.748-0400] {logging_mixin.py:188} INFO - [2024-04-14T16:44:04.748-0400] {dag.py:3096} INFO - Sync 1 DAGs
[2024-04-14T16:44:04.753-0400] {logging_mixin.py:188} INFO - [2024-04-14T16:44:04.753-0400] {dag.py:3954} INFO - Setting next_dagrun for example_setup_teardown to 2024-04-13 00:00:00+00:00, run_after=2024-04-14 00:00:00+00:00
[2024-04-14T16:44:04.759-0400] {processor.py:183} INFO - Processing /Users/manideepakreddyaila/Desktop/projects/Legal_Insights_Engine/.venv/lib/python3.11/site-packages/airflow/example_dags/example_setup_teardown.py took 0.078 seconds
[2024-04-14T16:46:04.550-0400] {processor.py:161} INFO - Started process (PID=34228) to work on /Users/manideepakreddyaila/Desktop/projects/Legal_Insights_Engine/.venv/lib/python3.11/site-packages/airflow/example_dags/example_setup_teardown.py
[2024-04-14T16:46:04.552-0400] {processor.py:830} INFO - Processing file /Users/manideepakreddyaila/Desktop/projects/Legal_Insights_Engine/.venv/lib/python3.11/site-packages/airflow/example_dags/example_setup_teardown.py for tasks to queue
[2024-04-14T16:46:04.552-0400] {logging_mixin.py:188} INFO - [2024-04-14T16:46:04.552-0400] {dagbag.py:540} INFO - Filling up the DagBag from /Users/manideepakreddyaila/Desktop/projects/Legal_Insights_Engine/.venv/lib/python3.11/site-packages/airflow/example_dags/example_setup_teardown.py
[2024-04-14T16:46:04.580-0400] {processor.py:840} INFO - DAG(s) 'example_setup_teardown' retrieved from /Users/manideepakreddyaila/Desktop/projects/Legal_Insights_Engine/.venv/lib/python3.11/site-packages/airflow/example_dags/example_setup_teardown.py
[2024-04-14T16:46:04.616-0400] {logging_mixin.py:188} INFO - [2024-04-14T16:46:04.616-0400] {dag.py:3096} INFO - Sync 1 DAGs
[2024-04-14T16:46:04.621-0400] {logging_mixin.py:188} INFO - [2024-04-14T16:46:04.621-0400] {dag.py:3954} INFO - Setting next_dagrun for example_setup_teardown to 2024-04-13 00:00:00+00:00, run_after=2024-04-14 00:00:00+00:00
[2024-04-14T16:46:04.627-0400] {processor.py:183} INFO - Processing /Users/manideepakreddyaila/Desktop/projects/Legal_Insights_Engine/.venv/lib/python3.11/site-packages/airflow/example_dags/example_setup_teardown.py took 0.078 seconds
[2024-04-14T16:48:01.629-0400] {processor.py:161} INFO - Started process (PID=34326) to work on /Users/manideepakreddyaila/Desktop/projects/Legal_Insights_Engine/.venv/lib/python3.11/site-packages/airflow/example_dags/example_setup_teardown.py
[2024-04-14T16:48:01.631-0400] {processor.py:830} INFO - Processing file /Users/manideepakreddyaila/Desktop/projects/Legal_Insights_Engine/.venv/lib/python3.11/site-packages/airflow/example_dags/example_setup_teardown.py for tasks to queue
[2024-04-14T16:48:01.631-0400] {logging_mixin.py:188} INFO - [2024-04-14T16:48:01.631-0400] {dagbag.py:540} INFO - Filling up the DagBag from /Users/manideepakreddyaila/Desktop/projects/Legal_Insights_Engine/.venv/lib/python3.11/site-packages/airflow/example_dags/example_setup_teardown.py
[2024-04-14T16:48:01.659-0400] {processor.py:840} INFO - DAG(s) 'example_setup_teardown' retrieved from /Users/manideepakreddyaila/Desktop/projects/Legal_Insights_Engine/.venv/lib/python3.11/site-packages/airflow/example_dags/example_setup_teardown.py
[2024-04-14T16:48:01.695-0400] {logging_mixin.py:188} INFO - [2024-04-14T16:48:01.694-0400] {dag.py:3096} INFO - Sync 1 DAGs
[2024-04-14T16:48:01.700-0400] {logging_mixin.py:188} INFO - [2024-04-14T16:48:01.700-0400] {dag.py:3954} INFO - Setting next_dagrun for example_setup_teardown to 2024-04-13 00:00:00+00:00, run_after=2024-04-14 00:00:00+00:00
[2024-04-14T16:48:01.705-0400] {processor.py:183} INFO - Processing /Users/manideepakreddyaila/Desktop/projects/Legal_Insights_Engine/.venv/lib/python3.11/site-packages/airflow/example_dags/example_setup_teardown.py took 0.078 seconds
[2024-04-14T16:57:55.973-0400] {processor.py:161} INFO - Started process (PID=34439) to work on /Users/manideepakreddyaila/Desktop/projects/Legal_Insights_Engine/.venv/lib/python3.11/site-packages/airflow/example_dags/example_setup_teardown.py
[2024-04-14T16:57:55.976-0400] {processor.py:830} INFO - Processing file /Users/manideepakreddyaila/Desktop/projects/Legal_Insights_Engine/.venv/lib/python3.11/site-packages/airflow/example_dags/example_setup_teardown.py for tasks to queue
[2024-04-14T16:57:55.977-0400] {logging_mixin.py:188} INFO - [2024-04-14T16:57:55.976-0400] {dagbag.py:540} INFO - Filling up the DagBag from /Users/manideepakreddyaila/Desktop/projects/Legal_Insights_Engine/.venv/lib/python3.11/site-packages/airflow/example_dags/example_setup_teardown.py
[2024-04-14T16:57:56.015-0400] {processor.py:840} INFO - DAG(s) 'example_setup_teardown' retrieved from /Users/manideepakreddyaila/Desktop/projects/Legal_Insights_Engine/.venv/lib/python3.11/site-packages/airflow/example_dags/example_setup_teardown.py
[2024-04-14T16:57:56.054-0400] {logging_mixin.py:188} INFO - [2024-04-14T16:57:56.054-0400] {dag.py:3096} INFO - Sync 1 DAGs
[2024-04-14T16:57:56.060-0400] {logging_mixin.py:188} INFO - [2024-04-14T16:57:56.060-0400] {dag.py:3954} INFO - Setting next_dagrun for example_setup_teardown to 2024-04-13 00:00:00+00:00, run_after=2024-04-14 00:00:00+00:00
[2024-04-14T16:57:56.067-0400] {processor.py:183} INFO - Processing /Users/manideepakreddyaila/Desktop/projects/Legal_Insights_Engine/.venv/lib/python3.11/site-packages/airflow/example_dags/example_setup_teardown.py took 0.095 seconds
[2024-04-14T17:17:04.058-0400] {processor.py:161} INFO - Started process (PID=34736) to work on /Users/manideepakreddyaila/Desktop/projects/Legal_Insights_Engine/.venv/lib/python3.11/site-packages/airflow/example_dags/example_setup_teardown.py
[2024-04-14T17:17:04.059-0400] {processor.py:830} INFO - Processing file /Users/manideepakreddyaila/Desktop/projects/Legal_Insights_Engine/.venv/lib/python3.11/site-packages/airflow/example_dags/example_setup_teardown.py for tasks to queue
[2024-04-14T17:17:04.059-0400] {logging_mixin.py:188} INFO - [2024-04-14T17:17:04.059-0400] {dagbag.py:540} INFO - Filling up the DagBag from /Users/manideepakreddyaila/Desktop/projects/Legal_Insights_Engine/.venv/lib/python3.11/site-packages/airflow/example_dags/example_setup_teardown.py
[2024-04-14T17:17:04.089-0400] {processor.py:840} INFO - DAG(s) 'example_setup_teardown' retrieved from /Users/manideepakreddyaila/Desktop/projects/Legal_Insights_Engine/.venv/lib/python3.11/site-packages/airflow/example_dags/example_setup_teardown.py
[2024-04-14T17:17:04.126-0400] {logging_mixin.py:188} INFO - [2024-04-14T17:17:04.126-0400] {dag.py:3096} INFO - Sync 1 DAGs
[2024-04-14T17:17:04.131-0400] {logging_mixin.py:188} INFO - [2024-04-14T17:17:04.131-0400] {dag.py:3954} INFO - Setting next_dagrun for example_setup_teardown to 2024-04-13 00:00:00+00:00, run_after=2024-04-14 00:00:00+00:00
[2024-04-14T17:17:04.139-0400] {processor.py:183} INFO - Processing /Users/manideepakreddyaila/Desktop/projects/Legal_Insights_Engine/.venv/lib/python3.11/site-packages/airflow/example_dags/example_setup_teardown.py took 0.082 seconds
[2024-04-14T17:18:56.978-0400] {processor.py:161} INFO - Started process (PID=34849) to work on /Users/manideepakreddyaila/Desktop/projects/Legal_Insights_Engine/.venv/lib/python3.11/site-packages/airflow/example_dags/example_setup_teardown.py
[2024-04-14T17:18:56.979-0400] {processor.py:830} INFO - Processing file /Users/manideepakreddyaila/Desktop/projects/Legal_Insights_Engine/.venv/lib/python3.11/site-packages/airflow/example_dags/example_setup_teardown.py for tasks to queue
[2024-04-14T17:18:56.979-0400] {logging_mixin.py:188} INFO - [2024-04-14T17:18:56.979-0400] {dagbag.py:540} INFO - Filling up the DagBag from /Users/manideepakreddyaila/Desktop/projects/Legal_Insights_Engine/.venv/lib/python3.11/site-packages/airflow/example_dags/example_setup_teardown.py
[2024-04-14T17:18:57.011-0400] {processor.py:840} INFO - DAG(s) 'example_setup_teardown' retrieved from /Users/manideepakreddyaila/Desktop/projects/Legal_Insights_Engine/.venv/lib/python3.11/site-packages/airflow/example_dags/example_setup_teardown.py
[2024-04-14T17:18:57.047-0400] {logging_mixin.py:188} INFO - [2024-04-14T17:18:57.047-0400] {dag.py:3096} INFO - Sync 1 DAGs
[2024-04-14T17:18:57.053-0400] {logging_mixin.py:188} INFO - [2024-04-14T17:18:57.053-0400] {dag.py:3954} INFO - Setting next_dagrun for example_setup_teardown to 2024-04-13 00:00:00+00:00, run_after=2024-04-14 00:00:00+00:00
[2024-04-14T17:18:57.060-0400] {processor.py:183} INFO - Processing /Users/manideepakreddyaila/Desktop/projects/Legal_Insights_Engine/.venv/lib/python3.11/site-packages/airflow/example_dags/example_setup_teardown.py took 0.083 seconds
[2024-04-14T17:20:51.520-0400] {processor.py:161} INFO - Started process (PID=34947) to work on /Users/manideepakreddyaila/Desktop/projects/Legal_Insights_Engine/.venv/lib/python3.11/site-packages/airflow/example_dags/example_setup_teardown.py
[2024-04-14T17:20:51.521-0400] {processor.py:830} INFO - Processing file /Users/manideepakreddyaila/Desktop/projects/Legal_Insights_Engine/.venv/lib/python3.11/site-packages/airflow/example_dags/example_setup_teardown.py for tasks to queue
[2024-04-14T17:20:51.521-0400] {logging_mixin.py:188} INFO - [2024-04-14T17:20:51.521-0400] {dagbag.py:540} INFO - Filling up the DagBag from /Users/manideepakreddyaila/Desktop/projects/Legal_Insights_Engine/.venv/lib/python3.11/site-packages/airflow/example_dags/example_setup_teardown.py
[2024-04-14T17:20:51.555-0400] {processor.py:840} INFO - DAG(s) 'example_setup_teardown' retrieved from /Users/manideepakreddyaila/Desktop/projects/Legal_Insights_Engine/.venv/lib/python3.11/site-packages/airflow/example_dags/example_setup_teardown.py
[2024-04-14T17:20:51.590-0400] {logging_mixin.py:188} INFO - [2024-04-14T17:20:51.590-0400] {dag.py:3096} INFO - Sync 1 DAGs
[2024-04-14T17:20:51.596-0400] {logging_mixin.py:188} INFO - [2024-04-14T17:20:51.595-0400] {dag.py:3954} INFO - Setting next_dagrun for example_setup_teardown to 2024-04-13 00:00:00+00:00, run_after=2024-04-14 00:00:00+00:00
[2024-04-14T17:20:51.601-0400] {processor.py:183} INFO - Processing /Users/manideepakreddyaila/Desktop/projects/Legal_Insights_Engine/.venv/lib/python3.11/site-packages/airflow/example_dags/example_setup_teardown.py took 0.082 seconds
[2024-04-14T17:22:47.105-0400] {processor.py:161} INFO - Started process (PID=35045) to work on /Users/manideepakreddyaila/Desktop/projects/Legal_Insights_Engine/.venv/lib/python3.11/site-packages/airflow/example_dags/example_setup_teardown.py
[2024-04-14T17:22:47.106-0400] {processor.py:830} INFO - Processing file /Users/manideepakreddyaila/Desktop/projects/Legal_Insights_Engine/.venv/lib/python3.11/site-packages/airflow/example_dags/example_setup_teardown.py for tasks to queue
[2024-04-14T17:22:47.107-0400] {logging_mixin.py:188} INFO - [2024-04-14T17:22:47.107-0400] {dagbag.py:540} INFO - Filling up the DagBag from /Users/manideepakreddyaila/Desktop/projects/Legal_Insights_Engine/.venv/lib/python3.11/site-packages/airflow/example_dags/example_setup_teardown.py
[2024-04-14T17:22:47.135-0400] {processor.py:840} INFO - DAG(s) 'example_setup_teardown' retrieved from /Users/manideepakreddyaila/Desktop/projects/Legal_Insights_Engine/.venv/lib/python3.11/site-packages/airflow/example_dags/example_setup_teardown.py
[2024-04-14T17:22:47.172-0400] {logging_mixin.py:188} INFO - [2024-04-14T17:22:47.171-0400] {dag.py:3096} INFO - Sync 1 DAGs
[2024-04-14T17:22:47.177-0400] {logging_mixin.py:188} INFO - [2024-04-14T17:22:47.177-0400] {dag.py:3954} INFO - Setting next_dagrun for example_setup_teardown to 2024-04-13 00:00:00+00:00, run_after=2024-04-14 00:00:00+00:00
[2024-04-14T17:22:47.183-0400] {processor.py:183} INFO - Processing /Users/manideepakreddyaila/Desktop/projects/Legal_Insights_Engine/.venv/lib/python3.11/site-packages/airflow/example_dags/example_setup_teardown.py took 0.078 seconds
[2024-04-14T17:24:44.211-0400] {processor.py:161} INFO - Started process (PID=35144) to work on /Users/manideepakreddyaila/Desktop/projects/Legal_Insights_Engine/.venv/lib/python3.11/site-packages/airflow/example_dags/example_setup_teardown.py
[2024-04-14T17:24:44.212-0400] {processor.py:830} INFO - Processing file /Users/manideepakreddyaila/Desktop/projects/Legal_Insights_Engine/.venv/lib/python3.11/site-packages/airflow/example_dags/example_setup_teardown.py for tasks to queue
[2024-04-14T17:24:44.212-0400] {logging_mixin.py:188} INFO - [2024-04-14T17:24:44.212-0400] {dagbag.py:540} INFO - Filling up the DagBag from /Users/manideepakreddyaila/Desktop/projects/Legal_Insights_Engine/.venv/lib/python3.11/site-packages/airflow/example_dags/example_setup_teardown.py
[2024-04-14T17:24:44.240-0400] {processor.py:840} INFO - DAG(s) 'example_setup_teardown' retrieved from /Users/manideepakreddyaila/Desktop/projects/Legal_Insights_Engine/.venv/lib/python3.11/site-packages/airflow/example_dags/example_setup_teardown.py
[2024-04-14T17:24:44.276-0400] {logging_mixin.py:188} INFO - [2024-04-14T17:24:44.276-0400] {dag.py:3096} INFO - Sync 1 DAGs
[2024-04-14T17:24:44.281-0400] {logging_mixin.py:188} INFO - [2024-04-14T17:24:44.281-0400] {dag.py:3954} INFO - Setting next_dagrun for example_setup_teardown to 2024-04-13 00:00:00+00:00, run_after=2024-04-14 00:00:00+00:00
[2024-04-14T17:24:44.287-0400] {processor.py:183} INFO - Processing /Users/manideepakreddyaila/Desktop/projects/Legal_Insights_Engine/.venv/lib/python3.11/site-packages/airflow/example_dags/example_setup_teardown.py took 0.078 seconds
[2024-04-14T17:26:42.660-0400] {processor.py:161} INFO - Started process (PID=35249) to work on /Users/manideepakreddyaila/Desktop/projects/Legal_Insights_Engine/.venv/lib/python3.11/site-packages/airflow/example_dags/example_setup_teardown.py
[2024-04-14T17:26:42.661-0400] {processor.py:830} INFO - Processing file /Users/manideepakreddyaila/Desktop/projects/Legal_Insights_Engine/.venv/lib/python3.11/site-packages/airflow/example_dags/example_setup_teardown.py for tasks to queue
[2024-04-14T17:26:42.662-0400] {logging_mixin.py:188} INFO - [2024-04-14T17:26:42.662-0400] {dagbag.py:540} INFO - Filling up the DagBag from /Users/manideepakreddyaila/Desktop/projects/Legal_Insights_Engine/.venv/lib/python3.11/site-packages/airflow/example_dags/example_setup_teardown.py
[2024-04-14T17:26:42.690-0400] {processor.py:840} INFO - DAG(s) 'example_setup_teardown' retrieved from /Users/manideepakreddyaila/Desktop/projects/Legal_Insights_Engine/.venv/lib/python3.11/site-packages/airflow/example_dags/example_setup_teardown.py
[2024-04-14T17:26:42.726-0400] {logging_mixin.py:188} INFO - [2024-04-14T17:26:42.726-0400] {dag.py:3096} INFO - Sync 1 DAGs
[2024-04-14T17:26:42.731-0400] {logging_mixin.py:188} INFO - [2024-04-14T17:26:42.731-0400] {dag.py:3954} INFO - Setting next_dagrun for example_setup_teardown to 2024-04-13 00:00:00+00:00, run_after=2024-04-14 00:00:00+00:00
[2024-04-14T17:26:42.737-0400] {processor.py:183} INFO - Processing /Users/manideepakreddyaila/Desktop/projects/Legal_Insights_Engine/.venv/lib/python3.11/site-packages/airflow/example_dags/example_setup_teardown.py took 0.078 seconds
[2024-04-14T17:28:37.107-0400] {processor.py:161} INFO - Started process (PID=35353) to work on /Users/manideepakreddyaila/Desktop/projects/Legal_Insights_Engine/.venv/lib/python3.11/site-packages/airflow/example_dags/example_setup_teardown.py
[2024-04-14T17:28:37.108-0400] {processor.py:830} INFO - Processing file /Users/manideepakreddyaila/Desktop/projects/Legal_Insights_Engine/.venv/lib/python3.11/site-packages/airflow/example_dags/example_setup_teardown.py for tasks to queue
[2024-04-14T17:28:37.108-0400] {logging_mixin.py:188} INFO - [2024-04-14T17:28:37.108-0400] {dagbag.py:540} INFO - Filling up the DagBag from /Users/manideepakreddyaila/Desktop/projects/Legal_Insights_Engine/.venv/lib/python3.11/site-packages/airflow/example_dags/example_setup_teardown.py
[2024-04-14T17:28:37.139-0400] {processor.py:840} INFO - DAG(s) 'example_setup_teardown' retrieved from /Users/manideepakreddyaila/Desktop/projects/Legal_Insights_Engine/.venv/lib/python3.11/site-packages/airflow/example_dags/example_setup_teardown.py
[2024-04-14T17:28:37.179-0400] {logging_mixin.py:188} INFO - [2024-04-14T17:28:37.179-0400] {dag.py:3096} INFO - Sync 1 DAGs
[2024-04-14T17:28:37.185-0400] {logging_mixin.py:188} INFO - [2024-04-14T17:28:37.185-0400] {dag.py:3954} INFO - Setting next_dagrun for example_setup_teardown to 2024-04-13 00:00:00+00:00, run_after=2024-04-14 00:00:00+00:00
[2024-04-14T17:28:37.191-0400] {processor.py:183} INFO - Processing /Users/manideepakreddyaila/Desktop/projects/Legal_Insights_Engine/.venv/lib/python3.11/site-packages/airflow/example_dags/example_setup_teardown.py took 0.085 seconds
[2024-04-14T17:30:35.081-0400] {processor.py:161} INFO - Started process (PID=35490) to work on /Users/manideepakreddyaila/Desktop/projects/Legal_Insights_Engine/.venv/lib/python3.11/site-packages/airflow/example_dags/example_setup_teardown.py
[2024-04-14T17:30:35.081-0400] {processor.py:830} INFO - Processing file /Users/manideepakreddyaila/Desktop/projects/Legal_Insights_Engine/.venv/lib/python3.11/site-packages/airflow/example_dags/example_setup_teardown.py for tasks to queue
[2024-04-14T17:30:35.082-0400] {logging_mixin.py:188} INFO - [2024-04-14T17:30:35.082-0400] {dagbag.py:540} INFO - Filling up the DagBag from /Users/manideepakreddyaila/Desktop/projects/Legal_Insights_Engine/.venv/lib/python3.11/site-packages/airflow/example_dags/example_setup_teardown.py
[2024-04-14T17:30:35.115-0400] {processor.py:840} INFO - DAG(s) 'example_setup_teardown' retrieved from /Users/manideepakreddyaila/Desktop/projects/Legal_Insights_Engine/.venv/lib/python3.11/site-packages/airflow/example_dags/example_setup_teardown.py
[2024-04-14T17:30:35.154-0400] {logging_mixin.py:188} INFO - [2024-04-14T17:30:35.154-0400] {dag.py:3096} INFO - Sync 1 DAGs
[2024-04-14T17:30:35.160-0400] {logging_mixin.py:188} INFO - [2024-04-14T17:30:35.159-0400] {dag.py:3954} INFO - Setting next_dagrun for example_setup_teardown to 2024-04-13 00:00:00+00:00, run_after=2024-04-14 00:00:00+00:00
[2024-04-14T17:30:35.165-0400] {processor.py:183} INFO - Processing /Users/manideepakreddyaila/Desktop/projects/Legal_Insights_Engine/.venv/lib/python3.11/site-packages/airflow/example_dags/example_setup_teardown.py took 0.086 seconds
[2024-04-14T17:32:35.081-0400] {processor.py:161} INFO - Started process (PID=35604) to work on /Users/manideepakreddyaila/Desktop/projects/Legal_Insights_Engine/.venv/lib/python3.11/site-packages/airflow/example_dags/example_setup_teardown.py
[2024-04-14T17:32:35.082-0400] {processor.py:830} INFO - Processing file /Users/manideepakreddyaila/Desktop/projects/Legal_Insights_Engine/.venv/lib/python3.11/site-packages/airflow/example_dags/example_setup_teardown.py for tasks to queue
[2024-04-14T17:32:35.082-0400] {logging_mixin.py:188} INFO - [2024-04-14T17:32:35.082-0400] {dagbag.py:540} INFO - Filling up the DagBag from /Users/manideepakreddyaila/Desktop/projects/Legal_Insights_Engine/.venv/lib/python3.11/site-packages/airflow/example_dags/example_setup_teardown.py
[2024-04-14T17:32:35.111-0400] {processor.py:840} INFO - DAG(s) 'example_setup_teardown' retrieved from /Users/manideepakreddyaila/Desktop/projects/Legal_Insights_Engine/.venv/lib/python3.11/site-packages/airflow/example_dags/example_setup_teardown.py
[2024-04-14T17:32:35.147-0400] {logging_mixin.py:188} INFO - [2024-04-14T17:32:35.147-0400] {dag.py:3096} INFO - Sync 1 DAGs
[2024-04-14T17:32:35.152-0400] {logging_mixin.py:188} INFO - [2024-04-14T17:32:35.152-0400] {dag.py:3954} INFO - Setting next_dagrun for example_setup_teardown to 2024-04-13 00:00:00+00:00, run_after=2024-04-14 00:00:00+00:00
[2024-04-14T17:32:35.158-0400] {processor.py:183} INFO - Processing /Users/manideepakreddyaila/Desktop/projects/Legal_Insights_Engine/.venv/lib/python3.11/site-packages/airflow/example_dags/example_setup_teardown.py took 0.078 seconds
[2024-04-14T17:34:33.086-0400] {processor.py:161} INFO - Started process (PID=35696) to work on /Users/manideepakreddyaila/Desktop/projects/Legal_Insights_Engine/.venv/lib/python3.11/site-packages/airflow/example_dags/example_setup_teardown.py
[2024-04-14T17:34:33.086-0400] {processor.py:830} INFO - Processing file /Users/manideepakreddyaila/Desktop/projects/Legal_Insights_Engine/.venv/lib/python3.11/site-packages/airflow/example_dags/example_setup_teardown.py for tasks to queue
[2024-04-14T17:34:33.087-0400] {logging_mixin.py:188} INFO - [2024-04-14T17:34:33.087-0400] {dagbag.py:540} INFO - Filling up the DagBag from /Users/manideepakreddyaila/Desktop/projects/Legal_Insights_Engine/.venv/lib/python3.11/site-packages/airflow/example_dags/example_setup_teardown.py
[2024-04-14T17:34:33.115-0400] {processor.py:840} INFO - DAG(s) 'example_setup_teardown' retrieved from /Users/manideepakreddyaila/Desktop/projects/Legal_Insights_Engine/.venv/lib/python3.11/site-packages/airflow/example_dags/example_setup_teardown.py
[2024-04-14T17:34:33.154-0400] {logging_mixin.py:188} INFO - [2024-04-14T17:34:33.153-0400] {dag.py:3096} INFO - Sync 1 DAGs
[2024-04-14T17:34:33.159-0400] {logging_mixin.py:188} INFO - [2024-04-14T17:34:33.159-0400] {dag.py:3954} INFO - Setting next_dagrun for example_setup_teardown to 2024-04-13 00:00:00+00:00, run_after=2024-04-14 00:00:00+00:00
[2024-04-14T17:34:33.165-0400] {processor.py:183} INFO - Processing /Users/manideepakreddyaila/Desktop/projects/Legal_Insights_Engine/.venv/lib/python3.11/site-packages/airflow/example_dags/example_setup_teardown.py took 0.081 seconds
[2024-04-14T17:36:32.058-0400] {processor.py:161} INFO - Started process (PID=35787) to work on /Users/manideepakreddyaila/Desktop/projects/Legal_Insights_Engine/.venv/lib/python3.11/site-packages/airflow/example_dags/example_setup_teardown.py
[2024-04-14T17:36:32.059-0400] {processor.py:830} INFO - Processing file /Users/manideepakreddyaila/Desktop/projects/Legal_Insights_Engine/.venv/lib/python3.11/site-packages/airflow/example_dags/example_setup_teardown.py for tasks to queue
[2024-04-14T17:36:32.059-0400] {logging_mixin.py:188} INFO - [2024-04-14T17:36:32.059-0400] {dagbag.py:540} INFO - Filling up the DagBag from /Users/manideepakreddyaila/Desktop/projects/Legal_Insights_Engine/.venv/lib/python3.11/site-packages/airflow/example_dags/example_setup_teardown.py
[2024-04-14T17:36:32.088-0400] {processor.py:840} INFO - DAG(s) 'example_setup_teardown' retrieved from /Users/manideepakreddyaila/Desktop/projects/Legal_Insights_Engine/.venv/lib/python3.11/site-packages/airflow/example_dags/example_setup_teardown.py
[2024-04-14T17:36:32.126-0400] {logging_mixin.py:188} INFO - [2024-04-14T17:36:32.125-0400] {dag.py:3096} INFO - Sync 1 DAGs
[2024-04-14T17:36:32.131-0400] {logging_mixin.py:188} INFO - [2024-04-14T17:36:32.131-0400] {dag.py:3954} INFO - Setting next_dagrun for example_setup_teardown to 2024-04-13 00:00:00+00:00, run_after=2024-04-14 00:00:00+00:00
[2024-04-14T17:36:32.137-0400] {processor.py:183} INFO - Processing /Users/manideepakreddyaila/Desktop/projects/Legal_Insights_Engine/.venv/lib/python3.11/site-packages/airflow/example_dags/example_setup_teardown.py took 0.081 seconds
[2024-04-14T17:38:24.686-0400] {processor.py:161} INFO - Started process (PID=35883) to work on /Users/manideepakreddyaila/Desktop/projects/Legal_Insights_Engine/.venv/lib/python3.11/site-packages/airflow/example_dags/example_setup_teardown.py
[2024-04-14T17:38:24.687-0400] {processor.py:830} INFO - Processing file /Users/manideepakreddyaila/Desktop/projects/Legal_Insights_Engine/.venv/lib/python3.11/site-packages/airflow/example_dags/example_setup_teardown.py for tasks to queue
[2024-04-14T17:38:24.687-0400] {logging_mixin.py:188} INFO - [2024-04-14T17:38:24.687-0400] {dagbag.py:540} INFO - Filling up the DagBag from /Users/manideepakreddyaila/Desktop/projects/Legal_Insights_Engine/.venv/lib/python3.11/site-packages/airflow/example_dags/example_setup_teardown.py
[2024-04-14T17:38:24.715-0400] {processor.py:840} INFO - DAG(s) 'example_setup_teardown' retrieved from /Users/manideepakreddyaila/Desktop/projects/Legal_Insights_Engine/.venv/lib/python3.11/site-packages/airflow/example_dags/example_setup_teardown.py
[2024-04-14T17:38:24.752-0400] {logging_mixin.py:188} INFO - [2024-04-14T17:38:24.751-0400] {dag.py:3096} INFO - Sync 1 DAGs
[2024-04-14T17:38:24.757-0400] {logging_mixin.py:188} INFO - [2024-04-14T17:38:24.757-0400] {dag.py:3954} INFO - Setting next_dagrun for example_setup_teardown to 2024-04-13 00:00:00+00:00, run_after=2024-04-14 00:00:00+00:00
[2024-04-14T17:38:24.763-0400] {processor.py:183} INFO - Processing /Users/manideepakreddyaila/Desktop/projects/Legal_Insights_Engine/.venv/lib/python3.11/site-packages/airflow/example_dags/example_setup_teardown.py took 0.077 seconds
[2024-04-14T17:40:17.881-0400] {processor.py:161} INFO - Started process (PID=35970) to work on /Users/manideepakreddyaila/Desktop/projects/Legal_Insights_Engine/.venv/lib/python3.11/site-packages/airflow/example_dags/example_setup_teardown.py
[2024-04-14T17:40:17.881-0400] {processor.py:830} INFO - Processing file /Users/manideepakreddyaila/Desktop/projects/Legal_Insights_Engine/.venv/lib/python3.11/site-packages/airflow/example_dags/example_setup_teardown.py for tasks to queue
[2024-04-14T17:40:17.882-0400] {logging_mixin.py:188} INFO - [2024-04-14T17:40:17.881-0400] {dagbag.py:540} INFO - Filling up the DagBag from /Users/manideepakreddyaila/Desktop/projects/Legal_Insights_Engine/.venv/lib/python3.11/site-packages/airflow/example_dags/example_setup_teardown.py
[2024-04-14T17:40:17.911-0400] {processor.py:840} INFO - DAG(s) 'example_setup_teardown' retrieved from /Users/manideepakreddyaila/Desktop/projects/Legal_Insights_Engine/.venv/lib/python3.11/site-packages/airflow/example_dags/example_setup_teardown.py
[2024-04-14T17:40:17.948-0400] {logging_mixin.py:188} INFO - [2024-04-14T17:40:17.948-0400] {dag.py:3096} INFO - Sync 1 DAGs
[2024-04-14T17:40:17.955-0400] {logging_mixin.py:188} INFO - [2024-04-14T17:40:17.954-0400] {dag.py:3954} INFO - Setting next_dagrun for example_setup_teardown to 2024-04-13 00:00:00+00:00, run_after=2024-04-14 00:00:00+00:00
[2024-04-14T17:40:17.964-0400] {processor.py:183} INFO - Processing /Users/manideepakreddyaila/Desktop/projects/Legal_Insights_Engine/.venv/lib/python3.11/site-packages/airflow/example_dags/example_setup_teardown.py took 0.085 seconds
[2024-04-14T17:42:07.231-0400] {processor.py:161} INFO - Started process (PID=36058) to work on /Users/manideepakreddyaila/Desktop/projects/Legal_Insights_Engine/.venv/lib/python3.11/site-packages/airflow/example_dags/example_setup_teardown.py
[2024-04-14T17:42:07.232-0400] {processor.py:830} INFO - Processing file /Users/manideepakreddyaila/Desktop/projects/Legal_Insights_Engine/.venv/lib/python3.11/site-packages/airflow/example_dags/example_setup_teardown.py for tasks to queue
[2024-04-14T17:42:07.232-0400] {logging_mixin.py:188} INFO - [2024-04-14T17:42:07.232-0400] {dagbag.py:540} INFO - Filling up the DagBag from /Users/manideepakreddyaila/Desktop/projects/Legal_Insights_Engine/.venv/lib/python3.11/site-packages/airflow/example_dags/example_setup_teardown.py
[2024-04-14T17:42:07.260-0400] {processor.py:840} INFO - DAG(s) 'example_setup_teardown' retrieved from /Users/manideepakreddyaila/Desktop/projects/Legal_Insights_Engine/.venv/lib/python3.11/site-packages/airflow/example_dags/example_setup_teardown.py
[2024-04-14T17:42:07.297-0400] {logging_mixin.py:188} INFO - [2024-04-14T17:42:07.296-0400] {dag.py:3096} INFO - Sync 1 DAGs
[2024-04-14T17:42:07.302-0400] {logging_mixin.py:188} INFO - [2024-04-14T17:42:07.302-0400] {dag.py:3954} INFO - Setting next_dagrun for example_setup_teardown to 2024-04-13 00:00:00+00:00, run_after=2024-04-14 00:00:00+00:00
[2024-04-14T17:42:07.308-0400] {processor.py:183} INFO - Processing /Users/manideepakreddyaila/Desktop/projects/Legal_Insights_Engine/.venv/lib/python3.11/site-packages/airflow/example_dags/example_setup_teardown.py took 0.077 seconds
[2024-04-14T17:44:00.969-0400] {processor.py:161} INFO - Started process (PID=36145) to work on /Users/manideepakreddyaila/Desktop/projects/Legal_Insights_Engine/.venv/lib/python3.11/site-packages/airflow/example_dags/example_setup_teardown.py
[2024-04-14T17:44:00.970-0400] {processor.py:830} INFO - Processing file /Users/manideepakreddyaila/Desktop/projects/Legal_Insights_Engine/.venv/lib/python3.11/site-packages/airflow/example_dags/example_setup_teardown.py for tasks to queue
[2024-04-14T17:44:00.970-0400] {logging_mixin.py:188} INFO - [2024-04-14T17:44:00.970-0400] {dagbag.py:540} INFO - Filling up the DagBag from /Users/manideepakreddyaila/Desktop/projects/Legal_Insights_Engine/.venv/lib/python3.11/site-packages/airflow/example_dags/example_setup_teardown.py
[2024-04-14T17:44:00.999-0400] {processor.py:840} INFO - DAG(s) 'example_setup_teardown' retrieved from /Users/manideepakreddyaila/Desktop/projects/Legal_Insights_Engine/.venv/lib/python3.11/site-packages/airflow/example_dags/example_setup_teardown.py
[2024-04-14T17:44:01.035-0400] {logging_mixin.py:188} INFO - [2024-04-14T17:44:01.035-0400] {dag.py:3096} INFO - Sync 1 DAGs
[2024-04-14T17:44:01.040-0400] {logging_mixin.py:188} INFO - [2024-04-14T17:44:01.040-0400] {dag.py:3954} INFO - Setting next_dagrun for example_setup_teardown to 2024-04-13 00:00:00+00:00, run_after=2024-04-14 00:00:00+00:00
[2024-04-14T17:44:01.046-0400] {processor.py:183} INFO - Processing /Users/manideepakreddyaila/Desktop/projects/Legal_Insights_Engine/.venv/lib/python3.11/site-packages/airflow/example_dags/example_setup_teardown.py took 0.078 seconds
[2024-04-14T17:45:58.086-0400] {processor.py:161} INFO - Started process (PID=36235) to work on /Users/manideepakreddyaila/Desktop/projects/Legal_Insights_Engine/.venv/lib/python3.11/site-packages/airflow/example_dags/example_setup_teardown.py
[2024-04-14T17:45:58.087-0400] {processor.py:830} INFO - Processing file /Users/manideepakreddyaila/Desktop/projects/Legal_Insights_Engine/.venv/lib/python3.11/site-packages/airflow/example_dags/example_setup_teardown.py for tasks to queue
[2024-04-14T17:45:58.087-0400] {logging_mixin.py:188} INFO - [2024-04-14T17:45:58.087-0400] {dagbag.py:540} INFO - Filling up the DagBag from /Users/manideepakreddyaila/Desktop/projects/Legal_Insights_Engine/.venv/lib/python3.11/site-packages/airflow/example_dags/example_setup_teardown.py
[2024-04-14T17:45:58.116-0400] {processor.py:840} INFO - DAG(s) 'example_setup_teardown' retrieved from /Users/manideepakreddyaila/Desktop/projects/Legal_Insights_Engine/.venv/lib/python3.11/site-packages/airflow/example_dags/example_setup_teardown.py
[2024-04-14T17:45:58.152-0400] {logging_mixin.py:188} INFO - [2024-04-14T17:45:58.152-0400] {dag.py:3096} INFO - Sync 1 DAGs
[2024-04-14T17:45:58.157-0400] {logging_mixin.py:188} INFO - [2024-04-14T17:45:58.157-0400] {dag.py:3954} INFO - Setting next_dagrun for example_setup_teardown to 2024-04-13 00:00:00+00:00, run_after=2024-04-14 00:00:00+00:00
[2024-04-14T17:45:58.163-0400] {processor.py:183} INFO - Processing /Users/manideepakreddyaila/Desktop/projects/Legal_Insights_Engine/.venv/lib/python3.11/site-packages/airflow/example_dags/example_setup_teardown.py took 0.078 seconds
[2024-04-14T17:48:02.485-0400] {processor.py:161} INFO - Started process (PID=36328) to work on /Users/manideepakreddyaila/Desktop/projects/Legal_Insights_Engine/.venv/lib/python3.11/site-packages/airflow/example_dags/example_setup_teardown.py
[2024-04-14T17:48:02.487-0400] {processor.py:830} INFO - Processing file /Users/manideepakreddyaila/Desktop/projects/Legal_Insights_Engine/.venv/lib/python3.11/site-packages/airflow/example_dags/example_setup_teardown.py for tasks to queue
[2024-04-14T17:48:02.487-0400] {logging_mixin.py:188} INFO - [2024-04-14T17:48:02.487-0400] {dagbag.py:540} INFO - Filling up the DagBag from /Users/manideepakreddyaila/Desktop/projects/Legal_Insights_Engine/.venv/lib/python3.11/site-packages/airflow/example_dags/example_setup_teardown.py
[2024-04-14T17:48:02.516-0400] {processor.py:840} INFO - DAG(s) 'example_setup_teardown' retrieved from /Users/manideepakreddyaila/Desktop/projects/Legal_Insights_Engine/.venv/lib/python3.11/site-packages/airflow/example_dags/example_setup_teardown.py
[2024-04-14T17:48:02.552-0400] {logging_mixin.py:188} INFO - [2024-04-14T17:48:02.551-0400] {dag.py:3096} INFO - Sync 1 DAGs
[2024-04-14T17:48:02.557-0400] {logging_mixin.py:188} INFO - [2024-04-14T17:48:02.557-0400] {dag.py:3954} INFO - Setting next_dagrun for example_setup_teardown to 2024-04-13 00:00:00+00:00, run_after=2024-04-14 00:00:00+00:00
[2024-04-14T17:48:02.563-0400] {processor.py:183} INFO - Processing /Users/manideepakreddyaila/Desktop/projects/Legal_Insights_Engine/.venv/lib/python3.11/site-packages/airflow/example_dags/example_setup_teardown.py took 0.078 seconds
[2024-04-14T17:49:58.790-0400] {processor.py:161} INFO - Started process (PID=36425) to work on /Users/manideepakreddyaila/Desktop/projects/Legal_Insights_Engine/.venv/lib/python3.11/site-packages/airflow/example_dags/example_setup_teardown.py
[2024-04-14T17:49:58.791-0400] {processor.py:830} INFO - Processing file /Users/manideepakreddyaila/Desktop/projects/Legal_Insights_Engine/.venv/lib/python3.11/site-packages/airflow/example_dags/example_setup_teardown.py for tasks to queue
[2024-04-14T17:49:58.791-0400] {logging_mixin.py:188} INFO - [2024-04-14T17:49:58.791-0400] {dagbag.py:540} INFO - Filling up the DagBag from /Users/manideepakreddyaila/Desktop/projects/Legal_Insights_Engine/.venv/lib/python3.11/site-packages/airflow/example_dags/example_setup_teardown.py
[2024-04-14T17:49:58.819-0400] {processor.py:840} INFO - DAG(s) 'example_setup_teardown' retrieved from /Users/manideepakreddyaila/Desktop/projects/Legal_Insights_Engine/.venv/lib/python3.11/site-packages/airflow/example_dags/example_setup_teardown.py
[2024-04-14T17:49:58.856-0400] {logging_mixin.py:188} INFO - [2024-04-14T17:49:58.856-0400] {dag.py:3096} INFO - Sync 1 DAGs
[2024-04-14T17:49:58.861-0400] {logging_mixin.py:188} INFO - [2024-04-14T17:49:58.861-0400] {dag.py:3954} INFO - Setting next_dagrun for example_setup_teardown to 2024-04-13 00:00:00+00:00, run_after=2024-04-14 00:00:00+00:00
[2024-04-14T17:49:58.867-0400] {processor.py:183} INFO - Processing /Users/manideepakreddyaila/Desktop/projects/Legal_Insights_Engine/.venv/lib/python3.11/site-packages/airflow/example_dags/example_setup_teardown.py took 0.078 seconds
[2024-04-14T17:51:55.354-0400] {processor.py:161} INFO - Started process (PID=36520) to work on /Users/manideepakreddyaila/Desktop/projects/Legal_Insights_Engine/.venv/lib/python3.11/site-packages/airflow/example_dags/example_setup_teardown.py
[2024-04-14T17:51:55.355-0400] {processor.py:830} INFO - Processing file /Users/manideepakreddyaila/Desktop/projects/Legal_Insights_Engine/.venv/lib/python3.11/site-packages/airflow/example_dags/example_setup_teardown.py for tasks to queue
[2024-04-14T17:51:55.355-0400] {logging_mixin.py:188} INFO - [2024-04-14T17:51:55.355-0400] {dagbag.py:540} INFO - Filling up the DagBag from /Users/manideepakreddyaila/Desktop/projects/Legal_Insights_Engine/.venv/lib/python3.11/site-packages/airflow/example_dags/example_setup_teardown.py
[2024-04-14T17:51:55.386-0400] {processor.py:840} INFO - DAG(s) 'example_setup_teardown' retrieved from /Users/manideepakreddyaila/Desktop/projects/Legal_Insights_Engine/.venv/lib/python3.11/site-packages/airflow/example_dags/example_setup_teardown.py
[2024-04-14T17:51:55.422-0400] {logging_mixin.py:188} INFO - [2024-04-14T17:51:55.421-0400] {dag.py:3096} INFO - Sync 1 DAGs
[2024-04-14T17:51:55.427-0400] {logging_mixin.py:188} INFO - [2024-04-14T17:51:55.427-0400] {dag.py:3954} INFO - Setting next_dagrun for example_setup_teardown to 2024-04-13 00:00:00+00:00, run_after=2024-04-14 00:00:00+00:00
[2024-04-14T17:51:55.433-0400] {processor.py:183} INFO - Processing /Users/manideepakreddyaila/Desktop/projects/Legal_Insights_Engine/.venv/lib/python3.11/site-packages/airflow/example_dags/example_setup_teardown.py took 0.079 seconds
[2024-04-14T17:53:51.859-0400] {processor.py:161} INFO - Started process (PID=36602) to work on /Users/manideepakreddyaila/Desktop/projects/Legal_Insights_Engine/.venv/lib/python3.11/site-packages/airflow/example_dags/example_setup_teardown.py
[2024-04-14T17:53:51.860-0400] {processor.py:830} INFO - Processing file /Users/manideepakreddyaila/Desktop/projects/Legal_Insights_Engine/.venv/lib/python3.11/site-packages/airflow/example_dags/example_setup_teardown.py for tasks to queue
[2024-04-14T17:53:51.860-0400] {logging_mixin.py:188} INFO - [2024-04-14T17:53:51.860-0400] {dagbag.py:540} INFO - Filling up the DagBag from /Users/manideepakreddyaila/Desktop/projects/Legal_Insights_Engine/.venv/lib/python3.11/site-packages/airflow/example_dags/example_setup_teardown.py
[2024-04-14T17:53:51.889-0400] {processor.py:840} INFO - DAG(s) 'example_setup_teardown' retrieved from /Users/manideepakreddyaila/Desktop/projects/Legal_Insights_Engine/.venv/lib/python3.11/site-packages/airflow/example_dags/example_setup_teardown.py
[2024-04-14T17:53:51.925-0400] {logging_mixin.py:188} INFO - [2024-04-14T17:53:51.925-0400] {dag.py:3096} INFO - Sync 1 DAGs
[2024-04-14T17:53:51.931-0400] {logging_mixin.py:188} INFO - [2024-04-14T17:53:51.931-0400] {dag.py:3954} INFO - Setting next_dagrun for example_setup_teardown to 2024-04-13 00:00:00+00:00, run_after=2024-04-14 00:00:00+00:00
[2024-04-14T17:53:51.936-0400] {processor.py:183} INFO - Processing /Users/manideepakreddyaila/Desktop/projects/Legal_Insights_Engine/.venv/lib/python3.11/site-packages/airflow/example_dags/example_setup_teardown.py took 0.078 seconds
[2024-04-14T17:55:43.443-0400] {processor.py:161} INFO - Started process (PID=36754) to work on /Users/manideepakreddyaila/Desktop/projects/Legal_Insights_Engine/.venv/lib/python3.11/site-packages/airflow/example_dags/example_setup_teardown.py
[2024-04-14T17:55:43.443-0400] {processor.py:830} INFO - Processing file /Users/manideepakreddyaila/Desktop/projects/Legal_Insights_Engine/.venv/lib/python3.11/site-packages/airflow/example_dags/example_setup_teardown.py for tasks to queue
[2024-04-14T17:55:43.443-0400] {logging_mixin.py:188} INFO - [2024-04-14T17:55:43.443-0400] {dagbag.py:540} INFO - Filling up the DagBag from /Users/manideepakreddyaila/Desktop/projects/Legal_Insights_Engine/.venv/lib/python3.11/site-packages/airflow/example_dags/example_setup_teardown.py
[2024-04-14T17:55:43.474-0400] {processor.py:840} INFO - DAG(s) 'example_setup_teardown' retrieved from /Users/manideepakreddyaila/Desktop/projects/Legal_Insights_Engine/.venv/lib/python3.11/site-packages/airflow/example_dags/example_setup_teardown.py
[2024-04-14T17:55:43.512-0400] {logging_mixin.py:188} INFO - [2024-04-14T17:55:43.512-0400] {dag.py:3096} INFO - Sync 1 DAGs
[2024-04-14T17:55:43.517-0400] {logging_mixin.py:188} INFO - [2024-04-14T17:55:43.517-0400] {dag.py:3954} INFO - Setting next_dagrun for example_setup_teardown to 2024-04-13 00:00:00+00:00, run_after=2024-04-14 00:00:00+00:00
[2024-04-14T17:55:43.523-0400] {processor.py:183} INFO - Processing /Users/manideepakreddyaila/Desktop/projects/Legal_Insights_Engine/.venv/lib/python3.11/site-packages/airflow/example_dags/example_setup_teardown.py took 0.082 seconds
[2024-04-14T17:57:39.497-0400] {processor.py:161} INFO - Started process (PID=36853) to work on /Users/manideepakreddyaila/Desktop/projects/Legal_Insights_Engine/.venv/lib/python3.11/site-packages/airflow/example_dags/example_setup_teardown.py
[2024-04-14T17:57:39.497-0400] {processor.py:830} INFO - Processing file /Users/manideepakreddyaila/Desktop/projects/Legal_Insights_Engine/.venv/lib/python3.11/site-packages/airflow/example_dags/example_setup_teardown.py for tasks to queue
[2024-04-14T17:57:39.498-0400] {logging_mixin.py:188} INFO - [2024-04-14T17:57:39.497-0400] {dagbag.py:540} INFO - Filling up the DagBag from /Users/manideepakreddyaila/Desktop/projects/Legal_Insights_Engine/.venv/lib/python3.11/site-packages/airflow/example_dags/example_setup_teardown.py
[2024-04-14T17:57:39.526-0400] {processor.py:840} INFO - DAG(s) 'example_setup_teardown' retrieved from /Users/manideepakreddyaila/Desktop/projects/Legal_Insights_Engine/.venv/lib/python3.11/site-packages/airflow/example_dags/example_setup_teardown.py
[2024-04-14T17:57:39.561-0400] {logging_mixin.py:188} INFO - [2024-04-14T17:57:39.561-0400] {dag.py:3096} INFO - Sync 1 DAGs
[2024-04-14T17:57:39.567-0400] {logging_mixin.py:188} INFO - [2024-04-14T17:57:39.567-0400] {dag.py:3954} INFO - Setting next_dagrun for example_setup_teardown to 2024-04-13 00:00:00+00:00, run_after=2024-04-14 00:00:00+00:00
[2024-04-14T17:57:39.574-0400] {processor.py:183} INFO - Processing /Users/manideepakreddyaila/Desktop/projects/Legal_Insights_Engine/.venv/lib/python3.11/site-packages/airflow/example_dags/example_setup_teardown.py took 0.078 seconds
[2024-04-14T17:59:35.473-0400] {processor.py:161} INFO - Started process (PID=36942) to work on /Users/manideepakreddyaila/Desktop/projects/Legal_Insights_Engine/.venv/lib/python3.11/site-packages/airflow/example_dags/example_setup_teardown.py
[2024-04-14T17:59:35.473-0400] {processor.py:830} INFO - Processing file /Users/manideepakreddyaila/Desktop/projects/Legal_Insights_Engine/.venv/lib/python3.11/site-packages/airflow/example_dags/example_setup_teardown.py for tasks to queue
[2024-04-14T17:59:35.474-0400] {logging_mixin.py:188} INFO - [2024-04-14T17:59:35.474-0400] {dagbag.py:540} INFO - Filling up the DagBag from /Users/manideepakreddyaila/Desktop/projects/Legal_Insights_Engine/.venv/lib/python3.11/site-packages/airflow/example_dags/example_setup_teardown.py
[2024-04-14T17:59:35.505-0400] {processor.py:840} INFO - DAG(s) 'example_setup_teardown' retrieved from /Users/manideepakreddyaila/Desktop/projects/Legal_Insights_Engine/.venv/lib/python3.11/site-packages/airflow/example_dags/example_setup_teardown.py
[2024-04-14T17:59:35.541-0400] {logging_mixin.py:188} INFO - [2024-04-14T17:59:35.541-0400] {dag.py:3096} INFO - Sync 1 DAGs
[2024-04-14T17:59:35.546-0400] {logging_mixin.py:188} INFO - [2024-04-14T17:59:35.546-0400] {dag.py:3954} INFO - Setting next_dagrun for example_setup_teardown to 2024-04-13 00:00:00+00:00, run_after=2024-04-14 00:00:00+00:00
[2024-04-14T17:59:35.552-0400] {processor.py:183} INFO - Processing /Users/manideepakreddyaila/Desktop/projects/Legal_Insights_Engine/.venv/lib/python3.11/site-packages/airflow/example_dags/example_setup_teardown.py took 0.082 seconds
[2024-04-14T18:01:33.374-0400] {processor.py:161} INFO - Started process (PID=37048) to work on /Users/manideepakreddyaila/Desktop/projects/Legal_Insights_Engine/.venv/lib/python3.11/site-packages/airflow/example_dags/example_setup_teardown.py
[2024-04-14T18:01:33.375-0400] {processor.py:830} INFO - Processing file /Users/manideepakreddyaila/Desktop/projects/Legal_Insights_Engine/.venv/lib/python3.11/site-packages/airflow/example_dags/example_setup_teardown.py for tasks to queue
[2024-04-14T18:01:33.375-0400] {logging_mixin.py:188} INFO - [2024-04-14T18:01:33.375-0400] {dagbag.py:540} INFO - Filling up the DagBag from /Users/manideepakreddyaila/Desktop/projects/Legal_Insights_Engine/.venv/lib/python3.11/site-packages/airflow/example_dags/example_setup_teardown.py
[2024-04-14T18:01:33.404-0400] {processor.py:840} INFO - DAG(s) 'example_setup_teardown' retrieved from /Users/manideepakreddyaila/Desktop/projects/Legal_Insights_Engine/.venv/lib/python3.11/site-packages/airflow/example_dags/example_setup_teardown.py
[2024-04-14T18:01:33.441-0400] {logging_mixin.py:188} INFO - [2024-04-14T18:01:33.441-0400] {dag.py:3096} INFO - Sync 1 DAGs
[2024-04-14T18:01:33.446-0400] {logging_mixin.py:188} INFO - [2024-04-14T18:01:33.446-0400] {dag.py:3954} INFO - Setting next_dagrun for example_setup_teardown to 2024-04-13 00:00:00+00:00, run_after=2024-04-14 00:00:00+00:00
[2024-04-14T18:01:33.452-0400] {processor.py:183} INFO - Processing /Users/manideepakreddyaila/Desktop/projects/Legal_Insights_Engine/.venv/lib/python3.11/site-packages/airflow/example_dags/example_setup_teardown.py took 0.079 seconds
[2024-04-14T18:03:35.061-0400] {processor.py:161} INFO - Started process (PID=37145) to work on /Users/manideepakreddyaila/Desktop/projects/Legal_Insights_Engine/.venv/lib/python3.11/site-packages/airflow/example_dags/example_setup_teardown.py
[2024-04-14T18:03:35.062-0400] {processor.py:830} INFO - Processing file /Users/manideepakreddyaila/Desktop/projects/Legal_Insights_Engine/.venv/lib/python3.11/site-packages/airflow/example_dags/example_setup_teardown.py for tasks to queue
[2024-04-14T18:03:35.062-0400] {logging_mixin.py:188} INFO - [2024-04-14T18:03:35.062-0400] {dagbag.py:540} INFO - Filling up the DagBag from /Users/manideepakreddyaila/Desktop/projects/Legal_Insights_Engine/.venv/lib/python3.11/site-packages/airflow/example_dags/example_setup_teardown.py
[2024-04-14T18:03:35.092-0400] {processor.py:840} INFO - DAG(s) 'example_setup_teardown' retrieved from /Users/manideepakreddyaila/Desktop/projects/Legal_Insights_Engine/.venv/lib/python3.11/site-packages/airflow/example_dags/example_setup_teardown.py
[2024-04-14T18:03:35.130-0400] {logging_mixin.py:188} INFO - [2024-04-14T18:03:35.130-0400] {dag.py:3096} INFO - Sync 1 DAGs
[2024-04-14T18:03:35.136-0400] {logging_mixin.py:188} INFO - [2024-04-14T18:03:35.136-0400] {dag.py:3954} INFO - Setting next_dagrun for example_setup_teardown to 2024-04-13 00:00:00+00:00, run_after=2024-04-14 00:00:00+00:00
[2024-04-14T18:03:35.142-0400] {processor.py:183} INFO - Processing /Users/manideepakreddyaila/Desktop/projects/Legal_Insights_Engine/.venv/lib/python3.11/site-packages/airflow/example_dags/example_setup_teardown.py took 0.082 seconds
[2024-04-14T18:05:32.835-0400] {processor.py:161} INFO - Started process (PID=37229) to work on /Users/manideepakreddyaila/Desktop/projects/Legal_Insights_Engine/.venv/lib/python3.11/site-packages/airflow/example_dags/example_setup_teardown.py
[2024-04-14T18:05:32.836-0400] {processor.py:830} INFO - Processing file /Users/manideepakreddyaila/Desktop/projects/Legal_Insights_Engine/.venv/lib/python3.11/site-packages/airflow/example_dags/example_setup_teardown.py for tasks to queue
[2024-04-14T18:05:32.836-0400] {logging_mixin.py:188} INFO - [2024-04-14T18:05:32.836-0400] {dagbag.py:540} INFO - Filling up the DagBag from /Users/manideepakreddyaila/Desktop/projects/Legal_Insights_Engine/.venv/lib/python3.11/site-packages/airflow/example_dags/example_setup_teardown.py
[2024-04-14T18:05:32.865-0400] {processor.py:840} INFO - DAG(s) 'example_setup_teardown' retrieved from /Users/manideepakreddyaila/Desktop/projects/Legal_Insights_Engine/.venv/lib/python3.11/site-packages/airflow/example_dags/example_setup_teardown.py
[2024-04-14T18:05:32.902-0400] {logging_mixin.py:188} INFO - [2024-04-14T18:05:32.902-0400] {dag.py:3096} INFO - Sync 1 DAGs
[2024-04-14T18:05:32.907-0400] {logging_mixin.py:188} INFO - [2024-04-14T18:05:32.907-0400] {dag.py:3954} INFO - Setting next_dagrun for example_setup_teardown to 2024-04-13 00:00:00+00:00, run_after=2024-04-14 00:00:00+00:00
[2024-04-14T18:05:32.913-0400] {processor.py:183} INFO - Processing /Users/manideepakreddyaila/Desktop/projects/Legal_Insights_Engine/.venv/lib/python3.11/site-packages/airflow/example_dags/example_setup_teardown.py took 0.080 seconds
[2024-04-14T18:07:32.077-0400] {processor.py:161} INFO - Started process (PID=37333) to work on /Users/manideepakreddyaila/Desktop/projects/Legal_Insights_Engine/.venv/lib/python3.11/site-packages/airflow/example_dags/example_setup_teardown.py
[2024-04-14T18:07:32.078-0400] {processor.py:830} INFO - Processing file /Users/manideepakreddyaila/Desktop/projects/Legal_Insights_Engine/.venv/lib/python3.11/site-packages/airflow/example_dags/example_setup_teardown.py for tasks to queue
[2024-04-14T18:07:32.078-0400] {logging_mixin.py:188} INFO - [2024-04-14T18:07:32.078-0400] {dagbag.py:540} INFO - Filling up the DagBag from /Users/manideepakreddyaila/Desktop/projects/Legal_Insights_Engine/.venv/lib/python3.11/site-packages/airflow/example_dags/example_setup_teardown.py
[2024-04-14T18:07:32.107-0400] {processor.py:840} INFO - DAG(s) 'example_setup_teardown' retrieved from /Users/manideepakreddyaila/Desktop/projects/Legal_Insights_Engine/.venv/lib/python3.11/site-packages/airflow/example_dags/example_setup_teardown.py
[2024-04-14T18:07:32.143-0400] {logging_mixin.py:188} INFO - [2024-04-14T18:07:32.143-0400] {dag.py:3096} INFO - Sync 1 DAGs
[2024-04-14T18:07:32.148-0400] {logging_mixin.py:188} INFO - [2024-04-14T18:07:32.148-0400] {dag.py:3954} INFO - Setting next_dagrun for example_setup_teardown to 2024-04-13 00:00:00+00:00, run_after=2024-04-14 00:00:00+00:00
[2024-04-14T18:07:32.154-0400] {processor.py:183} INFO - Processing /Users/manideepakreddyaila/Desktop/projects/Legal_Insights_Engine/.venv/lib/python3.11/site-packages/airflow/example_dags/example_setup_teardown.py took 0.078 seconds
[2024-04-14T18:09:22.701-0400] {processor.py:161} INFO - Started process (PID=37428) to work on /Users/manideepakreddyaila/Desktop/projects/Legal_Insights_Engine/.venv/lib/python3.11/site-packages/airflow/example_dags/example_setup_teardown.py
[2024-04-14T18:09:22.701-0400] {processor.py:830} INFO - Processing file /Users/manideepakreddyaila/Desktop/projects/Legal_Insights_Engine/.venv/lib/python3.11/site-packages/airflow/example_dags/example_setup_teardown.py for tasks to queue
[2024-04-14T18:09:22.702-0400] {logging_mixin.py:188} INFO - [2024-04-14T18:09:22.702-0400] {dagbag.py:540} INFO - Filling up the DagBag from /Users/manideepakreddyaila/Desktop/projects/Legal_Insights_Engine/.venv/lib/python3.11/site-packages/airflow/example_dags/example_setup_teardown.py
[2024-04-14T18:09:22.730-0400] {processor.py:840} INFO - DAG(s) 'example_setup_teardown' retrieved from /Users/manideepakreddyaila/Desktop/projects/Legal_Insights_Engine/.venv/lib/python3.11/site-packages/airflow/example_dags/example_setup_teardown.py
[2024-04-14T18:09:22.767-0400] {logging_mixin.py:188} INFO - [2024-04-14T18:09:22.767-0400] {dag.py:3096} INFO - Sync 1 DAGs
[2024-04-14T18:09:22.772-0400] {logging_mixin.py:188} INFO - [2024-04-14T18:09:22.772-0400] {dag.py:3954} INFO - Setting next_dagrun for example_setup_teardown to 2024-04-13 00:00:00+00:00, run_after=2024-04-14 00:00:00+00:00
[2024-04-14T18:09:22.779-0400] {processor.py:183} INFO - Processing /Users/manideepakreddyaila/Desktop/projects/Legal_Insights_Engine/.venv/lib/python3.11/site-packages/airflow/example_dags/example_setup_teardown.py took 0.079 seconds
[2024-04-14T18:11:20.522-0400] {processor.py:161} INFO - Started process (PID=37533) to work on /Users/manideepakreddyaila/Desktop/projects/Legal_Insights_Engine/.venv/lib/python3.11/site-packages/airflow/example_dags/example_setup_teardown.py
[2024-04-14T18:11:20.523-0400] {processor.py:830} INFO - Processing file /Users/manideepakreddyaila/Desktop/projects/Legal_Insights_Engine/.venv/lib/python3.11/site-packages/airflow/example_dags/example_setup_teardown.py for tasks to queue
[2024-04-14T18:11:20.523-0400] {logging_mixin.py:188} INFO - [2024-04-14T18:11:20.523-0400] {dagbag.py:540} INFO - Filling up the DagBag from /Users/manideepakreddyaila/Desktop/projects/Legal_Insights_Engine/.venv/lib/python3.11/site-packages/airflow/example_dags/example_setup_teardown.py
[2024-04-14T18:11:20.551-0400] {processor.py:840} INFO - DAG(s) 'example_setup_teardown' retrieved from /Users/manideepakreddyaila/Desktop/projects/Legal_Insights_Engine/.venv/lib/python3.11/site-packages/airflow/example_dags/example_setup_teardown.py
[2024-04-14T18:11:20.587-0400] {logging_mixin.py:188} INFO - [2024-04-14T18:11:20.587-0400] {dag.py:3096} INFO - Sync 1 DAGs
[2024-04-14T18:11:20.592-0400] {logging_mixin.py:188} INFO - [2024-04-14T18:11:20.592-0400] {dag.py:3954} INFO - Setting next_dagrun for example_setup_teardown to 2024-04-13 00:00:00+00:00, run_after=2024-04-14 00:00:00+00:00
[2024-04-14T18:11:20.598-0400] {processor.py:183} INFO - Processing /Users/manideepakreddyaila/Desktop/projects/Legal_Insights_Engine/.venv/lib/python3.11/site-packages/airflow/example_dags/example_setup_teardown.py took 0.078 seconds
[2024-04-14T18:13:18.892-0400] {processor.py:161} INFO - Started process (PID=37643) to work on /Users/manideepakreddyaila/Desktop/projects/Legal_Insights_Engine/.venv/lib/python3.11/site-packages/airflow/example_dags/example_setup_teardown.py
[2024-04-14T18:13:18.894-0400] {processor.py:830} INFO - Processing file /Users/manideepakreddyaila/Desktop/projects/Legal_Insights_Engine/.venv/lib/python3.11/site-packages/airflow/example_dags/example_setup_teardown.py for tasks to queue
[2024-04-14T18:13:18.894-0400] {logging_mixin.py:188} INFO - [2024-04-14T18:13:18.894-0400] {dagbag.py:540} INFO - Filling up the DagBag from /Users/manideepakreddyaila/Desktop/projects/Legal_Insights_Engine/.venv/lib/python3.11/site-packages/airflow/example_dags/example_setup_teardown.py
[2024-04-14T18:13:18.923-0400] {processor.py:840} INFO - DAG(s) 'example_setup_teardown' retrieved from /Users/manideepakreddyaila/Desktop/projects/Legal_Insights_Engine/.venv/lib/python3.11/site-packages/airflow/example_dags/example_setup_teardown.py
[2024-04-14T18:13:18.959-0400] {logging_mixin.py:188} INFO - [2024-04-14T18:13:18.959-0400] {dag.py:3096} INFO - Sync 1 DAGs
[2024-04-14T18:13:18.965-0400] {logging_mixin.py:188} INFO - [2024-04-14T18:13:18.965-0400] {dag.py:3954} INFO - Setting next_dagrun for example_setup_teardown to 2024-04-13 00:00:00+00:00, run_after=2024-04-14 00:00:00+00:00
[2024-04-14T18:13:18.971-0400] {processor.py:183} INFO - Processing /Users/manideepakreddyaila/Desktop/projects/Legal_Insights_Engine/.venv/lib/python3.11/site-packages/airflow/example_dags/example_setup_teardown.py took 0.079 seconds
[2024-04-14T18:15:17.883-0400] {processor.py:161} INFO - Started process (PID=37747) to work on /Users/manideepakreddyaila/Desktop/projects/Legal_Insights_Engine/.venv/lib/python3.11/site-packages/airflow/example_dags/example_setup_teardown.py
[2024-04-14T18:15:17.884-0400] {processor.py:830} INFO - Processing file /Users/manideepakreddyaila/Desktop/projects/Legal_Insights_Engine/.venv/lib/python3.11/site-packages/airflow/example_dags/example_setup_teardown.py for tasks to queue
[2024-04-14T18:15:17.884-0400] {logging_mixin.py:188} INFO - [2024-04-14T18:15:17.884-0400] {dagbag.py:540} INFO - Filling up the DagBag from /Users/manideepakreddyaila/Desktop/projects/Legal_Insights_Engine/.venv/lib/python3.11/site-packages/airflow/example_dags/example_setup_teardown.py
[2024-04-14T18:15:17.912-0400] {processor.py:840} INFO - DAG(s) 'example_setup_teardown' retrieved from /Users/manideepakreddyaila/Desktop/projects/Legal_Insights_Engine/.venv/lib/python3.11/site-packages/airflow/example_dags/example_setup_teardown.py
[2024-04-14T18:15:17.948-0400] {logging_mixin.py:188} INFO - [2024-04-14T18:15:17.948-0400] {dag.py:3096} INFO - Sync 1 DAGs
[2024-04-14T18:15:17.953-0400] {logging_mixin.py:188} INFO - [2024-04-14T18:15:17.953-0400] {dag.py:3954} INFO - Setting next_dagrun for example_setup_teardown to 2024-04-13 00:00:00+00:00, run_after=2024-04-14 00:00:00+00:00
[2024-04-14T18:15:17.959-0400] {processor.py:183} INFO - Processing /Users/manideepakreddyaila/Desktop/projects/Legal_Insights_Engine/.venv/lib/python3.11/site-packages/airflow/example_dags/example_setup_teardown.py took 0.078 seconds
[2024-04-14T19:50:42.560-0400] {processor.py:161} INFO - Started process (PID=37971) to work on /Users/manideepakreddyaila/Desktop/projects/Legal_Insights_Engine/.venv/lib/python3.11/site-packages/airflow/example_dags/example_setup_teardown.py
[2024-04-14T19:50:42.560-0400] {processor.py:830} INFO - Processing file /Users/manideepakreddyaila/Desktop/projects/Legal_Insights_Engine/.venv/lib/python3.11/site-packages/airflow/example_dags/example_setup_teardown.py for tasks to queue
[2024-04-14T19:50:42.561-0400] {logging_mixin.py:188} INFO - [2024-04-14T19:50:42.560-0400] {dagbag.py:540} INFO - Filling up the DagBag from /Users/manideepakreddyaila/Desktop/projects/Legal_Insights_Engine/.venv/lib/python3.11/site-packages/airflow/example_dags/example_setup_teardown.py
[2024-04-14T19:50:42.589-0400] {processor.py:840} INFO - DAG(s) 'example_setup_teardown' retrieved from /Users/manideepakreddyaila/Desktop/projects/Legal_Insights_Engine/.venv/lib/python3.11/site-packages/airflow/example_dags/example_setup_teardown.py
[2024-04-14T19:50:42.625-0400] {logging_mixin.py:188} INFO - [2024-04-14T19:50:42.625-0400] {dag.py:3096} INFO - Sync 1 DAGs
[2024-04-14T19:50:42.630-0400] {logging_mixin.py:188} INFO - [2024-04-14T19:50:42.630-0400] {dag.py:3954} INFO - Setting next_dagrun for example_setup_teardown to 2024-04-13 00:00:00+00:00, run_after=2024-04-14 00:00:00+00:00
[2024-04-14T19:50:42.636-0400] {processor.py:183} INFO - Processing /Users/manideepakreddyaila/Desktop/projects/Legal_Insights_Engine/.venv/lib/python3.11/site-packages/airflow/example_dags/example_setup_teardown.py took 0.078 seconds
