[2024-04-13T20:07:10.331-0400] {processor.py:161} INFO - Started process (PID=31675) to work on /Users/manideepakreddyaila/Desktop/projects/Legal_Insights_Engine/.venv/lib/python3.11/site-packages/airflow/example_dags/example_kubernetes_executor.py
[2024-04-13T20:07:10.332-0400] {processor.py:830} INFO - Processing file /Users/manideepakreddyaila/Desktop/projects/Legal_Insights_Engine/.venv/lib/python3.11/site-packages/airflow/example_dags/example_kubernetes_executor.py for tasks to queue
[2024-04-13T20:07:10.332-0400] {logging_mixin.py:188} INFO - [2024-04-13T20:07:10.332-0400] {dagbag.py:540} INFO - Filling up the DagBag from /Users/manideepakreddyaila/Desktop/projects/Legal_Insights_Engine/.venv/lib/python3.11/site-packages/airflow/example_dags/example_kubernetes_executor.py
[2024-04-13T20:07:10.370-0400] {logging_mixin.py:188} INFO - [2024-04-13T20:07:10.370-0400] {example_kubernetes_executor.py:39} WARNING - The example_kubernetes_executor example DAG requires the kubernetes provider. Please install it with: pip install apache-airflow[cncf.kubernetes]
[2024-04-13T20:07:10.371-0400] {processor.py:842} WARNING - No viable dags retrieved from /Users/manideepakreddyaila/Desktop/projects/Legal_Insights_Engine/.venv/lib/python3.11/site-packages/airflow/example_dags/example_kubernetes_executor.py
[2024-04-13T20:07:10.396-0400] {processor.py:183} INFO - Processing /Users/manideepakreddyaila/Desktop/projects/Legal_Insights_Engine/.venv/lib/python3.11/site-packages/airflow/example_dags/example_kubernetes_executor.py took 0.066 seconds
[2024-04-13T22:26:05.178-0400] {processor.py:161} INFO - Started process (PID=31891) to work on /Users/manideepakreddyaila/Desktop/projects/Legal_Insights_Engine/.venv/lib/python3.11/site-packages/airflow/example_dags/example_kubernetes_executor.py
[2024-04-13T22:26:05.179-0400] {processor.py:830} INFO - Processing file /Users/manideepakreddyaila/Desktop/projects/Legal_Insights_Engine/.venv/lib/python3.11/site-packages/airflow/example_dags/example_kubernetes_executor.py for tasks to queue
[2024-04-13T22:26:05.179-0400] {logging_mixin.py:188} INFO - [2024-04-13T22:26:05.179-0400] {dagbag.py:540} INFO - Filling up the DagBag from /Users/manideepakreddyaila/Desktop/projects/Legal_Insights_Engine/.venv/lib/python3.11/site-packages/airflow/example_dags/example_kubernetes_executor.py
[2024-04-13T22:26:05.217-0400] {logging_mixin.py:188} INFO - [2024-04-13T22:26:05.217-0400] {example_kubernetes_executor.py:39} WARNING - The example_kubernetes_executor example DAG requires the kubernetes provider. Please install it with: pip install apache-airflow[cncf.kubernetes]
[2024-04-13T22:26:05.217-0400] {processor.py:842} WARNING - No viable dags retrieved from /Users/manideepakreddyaila/Desktop/projects/Legal_Insights_Engine/.venv/lib/python3.11/site-packages/airflow/example_dags/example_kubernetes_executor.py
[2024-04-13T22:26:05.243-0400] {processor.py:183} INFO - Processing /Users/manideepakreddyaila/Desktop/projects/Legal_Insights_Engine/.venv/lib/python3.11/site-packages/airflow/example_dags/example_kubernetes_executor.py took 0.065 seconds
[2024-04-14T01:14:05.727-0400] {processor.py:161} INFO - Started process (PID=32098) to work on /Users/manideepakreddyaila/Desktop/projects/Legal_Insights_Engine/.venv/lib/python3.11/site-packages/airflow/example_dags/example_kubernetes_executor.py
[2024-04-14T01:14:05.728-0400] {processor.py:830} INFO - Processing file /Users/manideepakreddyaila/Desktop/projects/Legal_Insights_Engine/.venv/lib/python3.11/site-packages/airflow/example_dags/example_kubernetes_executor.py for tasks to queue
[2024-04-14T01:14:05.728-0400] {logging_mixin.py:188} INFO - [2024-04-14T01:14:05.728-0400] {dagbag.py:540} INFO - Filling up the DagBag from /Users/manideepakreddyaila/Desktop/projects/Legal_Insights_Engine/.venv/lib/python3.11/site-packages/airflow/example_dags/example_kubernetes_executor.py
[2024-04-14T01:14:05.770-0400] {logging_mixin.py:188} INFO - [2024-04-14T01:14:05.770-0400] {example_kubernetes_executor.py:39} WARNING - The example_kubernetes_executor example DAG requires the kubernetes provider. Please install it with: pip install apache-airflow[cncf.kubernetes]
[2024-04-14T01:14:05.770-0400] {processor.py:842} WARNING - No viable dags retrieved from /Users/manideepakreddyaila/Desktop/projects/Legal_Insights_Engine/.venv/lib/python3.11/site-packages/airflow/example_dags/example_kubernetes_executor.py
[2024-04-14T01:14:05.798-0400] {processor.py:183} INFO - Processing /Users/manideepakreddyaila/Desktop/projects/Legal_Insights_Engine/.venv/lib/python3.11/site-packages/airflow/example_dags/example_kubernetes_executor.py took 0.072 seconds
[2024-04-14T04:14:54.878-0400] {processor.py:161} INFO - Started process (PID=32374) to work on /Users/manideepakreddyaila/Desktop/projects/Legal_Insights_Engine/.venv/lib/python3.11/site-packages/airflow/example_dags/example_kubernetes_executor.py
[2024-04-14T04:14:54.879-0400] {processor.py:830} INFO - Processing file /Users/manideepakreddyaila/Desktop/projects/Legal_Insights_Engine/.venv/lib/python3.11/site-packages/airflow/example_dags/example_kubernetes_executor.py for tasks to queue
[2024-04-14T04:14:54.879-0400] {logging_mixin.py:188} INFO - [2024-04-14T04:14:54.879-0400] {dagbag.py:540} INFO - Filling up the DagBag from /Users/manideepakreddyaila/Desktop/projects/Legal_Insights_Engine/.venv/lib/python3.11/site-packages/airflow/example_dags/example_kubernetes_executor.py
[2024-04-14T04:14:54.941-0400] {logging_mixin.py:188} INFO - [2024-04-14T04:14:54.940-0400] {example_kubernetes_executor.py:39} WARNING - The example_kubernetes_executor example DAG requires the kubernetes provider. Please install it with: pip install apache-airflow[cncf.kubernetes]
[2024-04-14T04:14:54.941-0400] {processor.py:842} WARNING - No viable dags retrieved from /Users/manideepakreddyaila/Desktop/projects/Legal_Insights_Engine/.venv/lib/python3.11/site-packages/airflow/example_dags/example_kubernetes_executor.py
[2024-04-14T04:14:54.973-0400] {processor.py:183} INFO - Processing /Users/manideepakreddyaila/Desktop/projects/Legal_Insights_Engine/.venv/lib/python3.11/site-packages/airflow/example_dags/example_kubernetes_executor.py took 0.097 seconds
[2024-04-14T06:37:20.579-0400] {processor.py:161} INFO - Started process (PID=32549) to work on /Users/manideepakreddyaila/Desktop/projects/Legal_Insights_Engine/.venv/lib/python3.11/site-packages/airflow/example_dags/example_kubernetes_executor.py
[2024-04-14T06:37:20.580-0400] {processor.py:830} INFO - Processing file /Users/manideepakreddyaila/Desktop/projects/Legal_Insights_Engine/.venv/lib/python3.11/site-packages/airflow/example_dags/example_kubernetes_executor.py for tasks to queue
[2024-04-14T06:37:20.580-0400] {logging_mixin.py:188} INFO - [2024-04-14T06:37:20.580-0400] {dagbag.py:540} INFO - Filling up the DagBag from /Users/manideepakreddyaila/Desktop/projects/Legal_Insights_Engine/.venv/lib/python3.11/site-packages/airflow/example_dags/example_kubernetes_executor.py
[2024-04-14T06:37:20.617-0400] {logging_mixin.py:188} INFO - [2024-04-14T06:37:20.617-0400] {example_kubernetes_executor.py:39} WARNING - The example_kubernetes_executor example DAG requires the kubernetes provider. Please install it with: pip install apache-airflow[cncf.kubernetes]
[2024-04-14T06:37:20.617-0400] {processor.py:842} WARNING - No viable dags retrieved from /Users/manideepakreddyaila/Desktop/projects/Legal_Insights_Engine/.venv/lib/python3.11/site-packages/airflow/example_dags/example_kubernetes_executor.py
[2024-04-14T06:37:20.642-0400] {processor.py:183} INFO - Processing /Users/manideepakreddyaila/Desktop/projects/Legal_Insights_Engine/.venv/lib/python3.11/site-packages/airflow/example_dags/example_kubernetes_executor.py took 0.064 seconds
[2024-04-14T08:10:35.134-0400] {processor.py:161} INFO - Started process (PID=32729) to work on /Users/manideepakreddyaila/Desktop/projects/Legal_Insights_Engine/.venv/lib/python3.11/site-packages/airflow/example_dags/example_kubernetes_executor.py
[2024-04-14T08:10:35.135-0400] {processor.py:830} INFO - Processing file /Users/manideepakreddyaila/Desktop/projects/Legal_Insights_Engine/.venv/lib/python3.11/site-packages/airflow/example_dags/example_kubernetes_executor.py for tasks to queue
[2024-04-14T08:10:35.135-0400] {logging_mixin.py:188} INFO - [2024-04-14T08:10:35.135-0400] {dagbag.py:540} INFO - Filling up the DagBag from /Users/manideepakreddyaila/Desktop/projects/Legal_Insights_Engine/.venv/lib/python3.11/site-packages/airflow/example_dags/example_kubernetes_executor.py
[2024-04-14T08:10:35.177-0400] {logging_mixin.py:188} INFO - [2024-04-14T08:10:35.177-0400] {example_kubernetes_executor.py:39} WARNING - The example_kubernetes_executor example DAG requires the kubernetes provider. Please install it with: pip install apache-airflow[cncf.kubernetes]
[2024-04-14T08:10:35.177-0400] {processor.py:842} WARNING - No viable dags retrieved from /Users/manideepakreddyaila/Desktop/projects/Legal_Insights_Engine/.venv/lib/python3.11/site-packages/airflow/example_dags/example_kubernetes_executor.py
[2024-04-14T08:10:35.203-0400] {processor.py:183} INFO - Processing /Users/manideepakreddyaila/Desktop/projects/Legal_Insights_Engine/.venv/lib/python3.11/site-packages/airflow/example_dags/example_kubernetes_executor.py took 0.070 seconds
[2024-04-14T08:15:50.773-0400] {processor.py:161} INFO - Started process (PID=32855) to work on /Users/manideepakreddyaila/Desktop/projects/Legal_Insights_Engine/.venv/lib/python3.11/site-packages/airflow/example_dags/example_kubernetes_executor.py
[2024-04-14T08:15:50.773-0400] {processor.py:830} INFO - Processing file /Users/manideepakreddyaila/Desktop/projects/Legal_Insights_Engine/.venv/lib/python3.11/site-packages/airflow/example_dags/example_kubernetes_executor.py for tasks to queue
[2024-04-14T08:15:50.774-0400] {logging_mixin.py:188} INFO - [2024-04-14T08:15:50.774-0400] {dagbag.py:540} INFO - Filling up the DagBag from /Users/manideepakreddyaila/Desktop/projects/Legal_Insights_Engine/.venv/lib/python3.11/site-packages/airflow/example_dags/example_kubernetes_executor.py
[2024-04-14T08:15:50.811-0400] {logging_mixin.py:188} INFO - [2024-04-14T08:15:50.811-0400] {example_kubernetes_executor.py:39} WARNING - The example_kubernetes_executor example DAG requires the kubernetes provider. Please install it with: pip install apache-airflow[cncf.kubernetes]
[2024-04-14T08:15:50.811-0400] {processor.py:842} WARNING - No viable dags retrieved from /Users/manideepakreddyaila/Desktop/projects/Legal_Insights_Engine/.venv/lib/python3.11/site-packages/airflow/example_dags/example_kubernetes_executor.py
[2024-04-14T08:15:50.836-0400] {processor.py:183} INFO - Processing /Users/manideepakreddyaila/Desktop/projects/Legal_Insights_Engine/.venv/lib/python3.11/site-packages/airflow/example_dags/example_kubernetes_executor.py took 0.064 seconds
[2024-04-14T08:22:08.559-0400] {processor.py:161} INFO - Started process (PID=32969) to work on /Users/manideepakreddyaila/Desktop/projects/Legal_Insights_Engine/.venv/lib/python3.11/site-packages/airflow/example_dags/example_kubernetes_executor.py
[2024-04-14T08:22:08.560-0400] {processor.py:830} INFO - Processing file /Users/manideepakreddyaila/Desktop/projects/Legal_Insights_Engine/.venv/lib/python3.11/site-packages/airflow/example_dags/example_kubernetes_executor.py for tasks to queue
[2024-04-14T08:22:08.560-0400] {logging_mixin.py:188} INFO - [2024-04-14T08:22:08.560-0400] {dagbag.py:540} INFO - Filling up the DagBag from /Users/manideepakreddyaila/Desktop/projects/Legal_Insights_Engine/.venv/lib/python3.11/site-packages/airflow/example_dags/example_kubernetes_executor.py
[2024-04-14T08:22:08.597-0400] {logging_mixin.py:188} INFO - [2024-04-14T08:22:08.597-0400] {example_kubernetes_executor.py:39} WARNING - The example_kubernetes_executor example DAG requires the kubernetes provider. Please install it with: pip install apache-airflow[cncf.kubernetes]
[2024-04-14T08:22:08.597-0400] {processor.py:842} WARNING - No viable dags retrieved from /Users/manideepakreddyaila/Desktop/projects/Legal_Insights_Engine/.venv/lib/python3.11/site-packages/airflow/example_dags/example_kubernetes_executor.py
[2024-04-14T08:22:08.622-0400] {processor.py:183} INFO - Processing /Users/manideepakreddyaila/Desktop/projects/Legal_Insights_Engine/.venv/lib/python3.11/site-packages/airflow/example_dags/example_kubernetes_executor.py took 0.064 seconds
[2024-04-14T11:37:09.485-0400] {processor.py:161} INFO - Started process (PID=33148) to work on /Users/manideepakreddyaila/Desktop/projects/Legal_Insights_Engine/.venv/lib/python3.11/site-packages/airflow/example_dags/example_kubernetes_executor.py
[2024-04-14T11:37:09.486-0400] {processor.py:830} INFO - Processing file /Users/manideepakreddyaila/Desktop/projects/Legal_Insights_Engine/.venv/lib/python3.11/site-packages/airflow/example_dags/example_kubernetes_executor.py for tasks to queue
[2024-04-14T11:37:09.486-0400] {logging_mixin.py:188} INFO - [2024-04-14T11:37:09.486-0400] {dagbag.py:540} INFO - Filling up the DagBag from /Users/manideepakreddyaila/Desktop/projects/Legal_Insights_Engine/.venv/lib/python3.11/site-packages/airflow/example_dags/example_kubernetes_executor.py
[2024-04-14T11:37:09.525-0400] {logging_mixin.py:188} INFO - [2024-04-14T11:37:09.525-0400] {example_kubernetes_executor.py:39} WARNING - The example_kubernetes_executor example DAG requires the kubernetes provider. Please install it with: pip install apache-airflow[cncf.kubernetes]
[2024-04-14T11:37:09.525-0400] {processor.py:842} WARNING - No viable dags retrieved from /Users/manideepakreddyaila/Desktop/projects/Legal_Insights_Engine/.venv/lib/python3.11/site-packages/airflow/example_dags/example_kubernetes_executor.py
[2024-04-14T11:37:09.551-0400] {processor.py:183} INFO - Processing /Users/manideepakreddyaila/Desktop/projects/Legal_Insights_Engine/.venv/lib/python3.11/site-packages/airflow/example_dags/example_kubernetes_executor.py took 0.067 seconds
[2024-04-14T12:07:04.935-0400] {processor.py:161} INFO - Started process (PID=33273) to work on /Users/manideepakreddyaila/Desktop/projects/Legal_Insights_Engine/.venv/lib/python3.11/site-packages/airflow/example_dags/example_kubernetes_executor.py
[2024-04-14T12:07:04.936-0400] {processor.py:830} INFO - Processing file /Users/manideepakreddyaila/Desktop/projects/Legal_Insights_Engine/.venv/lib/python3.11/site-packages/airflow/example_dags/example_kubernetes_executor.py for tasks to queue
[2024-04-14T12:07:04.936-0400] {logging_mixin.py:188} INFO - [2024-04-14T12:07:04.936-0400] {dagbag.py:540} INFO - Filling up the DagBag from /Users/manideepakreddyaila/Desktop/projects/Legal_Insights_Engine/.venv/lib/python3.11/site-packages/airflow/example_dags/example_kubernetes_executor.py
[2024-04-14T12:07:04.974-0400] {logging_mixin.py:188} INFO - [2024-04-14T12:07:04.974-0400] {example_kubernetes_executor.py:39} WARNING - The example_kubernetes_executor example DAG requires the kubernetes provider. Please install it with: pip install apache-airflow[cncf.kubernetes]
[2024-04-14T12:07:04.974-0400] {processor.py:842} WARNING - No viable dags retrieved from /Users/manideepakreddyaila/Desktop/projects/Legal_Insights_Engine/.venv/lib/python3.11/site-packages/airflow/example_dags/example_kubernetes_executor.py
[2024-04-14T12:07:04.999-0400] {processor.py:183} INFO - Processing /Users/manideepakreddyaila/Desktop/projects/Legal_Insights_Engine/.venv/lib/python3.11/site-packages/airflow/example_dags/example_kubernetes_executor.py took 0.065 seconds
[2024-04-14T14:14:17.533-0400] {processor.py:161} INFO - Started process (PID=33475) to work on /Users/manideepakreddyaila/Desktop/projects/Legal_Insights_Engine/.venv/lib/python3.11/site-packages/airflow/example_dags/example_kubernetes_executor.py
[2024-04-14T14:14:17.534-0400] {processor.py:830} INFO - Processing file /Users/manideepakreddyaila/Desktop/projects/Legal_Insights_Engine/.venv/lib/python3.11/site-packages/airflow/example_dags/example_kubernetes_executor.py for tasks to queue
[2024-04-14T14:14:17.534-0400] {logging_mixin.py:188} INFO - [2024-04-14T14:14:17.534-0400] {dagbag.py:540} INFO - Filling up the DagBag from /Users/manideepakreddyaila/Desktop/projects/Legal_Insights_Engine/.venv/lib/python3.11/site-packages/airflow/example_dags/example_kubernetes_executor.py
[2024-04-14T14:14:17.572-0400] {logging_mixin.py:188} INFO - [2024-04-14T14:14:17.572-0400] {example_kubernetes_executor.py:39} WARNING - The example_kubernetes_executor example DAG requires the kubernetes provider. Please install it with: pip install apache-airflow[cncf.kubernetes]
[2024-04-14T14:14:17.572-0400] {processor.py:842} WARNING - No viable dags retrieved from /Users/manideepakreddyaila/Desktop/projects/Legal_Insights_Engine/.venv/lib/python3.11/site-packages/airflow/example_dags/example_kubernetes_executor.py
[2024-04-14T14:14:17.598-0400] {processor.py:183} INFO - Processing /Users/manideepakreddyaila/Desktop/projects/Legal_Insights_Engine/.venv/lib/python3.11/site-packages/airflow/example_dags/example_kubernetes_executor.py took 0.065 seconds
[2024-04-14T16:17:14.474-0400] {processor.py:161} INFO - Started process (PID=33649) to work on /Users/manideepakreddyaila/Desktop/projects/Legal_Insights_Engine/.venv/lib/python3.11/site-packages/airflow/example_dags/example_kubernetes_executor.py
[2024-04-14T16:17:14.475-0400] {processor.py:830} INFO - Processing file /Users/manideepakreddyaila/Desktop/projects/Legal_Insights_Engine/.venv/lib/python3.11/site-packages/airflow/example_dags/example_kubernetes_executor.py for tasks to queue
[2024-04-14T16:17:14.476-0400] {logging_mixin.py:188} INFO - [2024-04-14T16:17:14.476-0400] {dagbag.py:540} INFO - Filling up the DagBag from /Users/manideepakreddyaila/Desktop/projects/Legal_Insights_Engine/.venv/lib/python3.11/site-packages/airflow/example_dags/example_kubernetes_executor.py
[2024-04-14T16:17:14.513-0400] {logging_mixin.py:188} INFO - [2024-04-14T16:17:14.513-0400] {example_kubernetes_executor.py:39} WARNING - The example_kubernetes_executor example DAG requires the kubernetes provider. Please install it with: pip install apache-airflow[cncf.kubernetes]
[2024-04-14T16:17:14.513-0400] {processor.py:842} WARNING - No viable dags retrieved from /Users/manideepakreddyaila/Desktop/projects/Legal_Insights_Engine/.venv/lib/python3.11/site-packages/airflow/example_dags/example_kubernetes_executor.py
[2024-04-14T16:17:14.538-0400] {processor.py:183} INFO - Processing /Users/manideepakreddyaila/Desktop/projects/Legal_Insights_Engine/.venv/lib/python3.11/site-packages/airflow/example_dags/example_kubernetes_executor.py took 0.064 seconds
[2024-04-14T16:37:08.993-0400] {processor.py:161} INFO - Started process (PID=33775) to work on /Users/manideepakreddyaila/Desktop/projects/Legal_Insights_Engine/.venv/lib/python3.11/site-packages/airflow/example_dags/example_kubernetes_executor.py
[2024-04-14T16:37:08.993-0400] {processor.py:830} INFO - Processing file /Users/manideepakreddyaila/Desktop/projects/Legal_Insights_Engine/.venv/lib/python3.11/site-packages/airflow/example_dags/example_kubernetes_executor.py for tasks to queue
[2024-04-14T16:37:08.994-0400] {logging_mixin.py:188} INFO - [2024-04-14T16:37:08.994-0400] {dagbag.py:540} INFO - Filling up the DagBag from /Users/manideepakreddyaila/Desktop/projects/Legal_Insights_Engine/.venv/lib/python3.11/site-packages/airflow/example_dags/example_kubernetes_executor.py
[2024-04-14T16:37:09.032-0400] {logging_mixin.py:188} INFO - [2024-04-14T16:37:09.032-0400] {example_kubernetes_executor.py:39} WARNING - The example_kubernetes_executor example DAG requires the kubernetes provider. Please install it with: pip install apache-airflow[cncf.kubernetes]
[2024-04-14T16:37:09.032-0400] {processor.py:842} WARNING - No viable dags retrieved from /Users/manideepakreddyaila/Desktop/projects/Legal_Insights_Engine/.venv/lib/python3.11/site-packages/airflow/example_dags/example_kubernetes_executor.py
[2024-04-14T16:37:09.059-0400] {processor.py:183} INFO - Processing /Users/manideepakreddyaila/Desktop/projects/Legal_Insights_Engine/.venv/lib/python3.11/site-packages/airflow/example_dags/example_kubernetes_executor.py took 0.067 seconds
[2024-04-14T16:39:10.420-0400] {processor.py:161} INFO - Started process (PID=33867) to work on /Users/manideepakreddyaila/Desktop/projects/Legal_Insights_Engine/.venv/lib/python3.11/site-packages/airflow/example_dags/example_kubernetes_executor.py
[2024-04-14T16:39:10.423-0400] {processor.py:830} INFO - Processing file /Users/manideepakreddyaila/Desktop/projects/Legal_Insights_Engine/.venv/lib/python3.11/site-packages/airflow/example_dags/example_kubernetes_executor.py for tasks to queue
[2024-04-14T16:39:10.423-0400] {logging_mixin.py:188} INFO - [2024-04-14T16:39:10.423-0400] {dagbag.py:540} INFO - Filling up the DagBag from /Users/manideepakreddyaila/Desktop/projects/Legal_Insights_Engine/.venv/lib/python3.11/site-packages/airflow/example_dags/example_kubernetes_executor.py
[2024-04-14T16:39:10.461-0400] {logging_mixin.py:188} INFO - [2024-04-14T16:39:10.461-0400] {example_kubernetes_executor.py:39} WARNING - The example_kubernetes_executor example DAG requires the kubernetes provider. Please install it with: pip install apache-airflow[cncf.kubernetes]
[2024-04-14T16:39:10.461-0400] {processor.py:842} WARNING - No viable dags retrieved from /Users/manideepakreddyaila/Desktop/projects/Legal_Insights_Engine/.venv/lib/python3.11/site-packages/airflow/example_dags/example_kubernetes_executor.py
[2024-04-14T16:39:10.489-0400] {processor.py:183} INFO - Processing /Users/manideepakreddyaila/Desktop/projects/Legal_Insights_Engine/.venv/lib/python3.11/site-packages/airflow/example_dags/example_kubernetes_executor.py took 0.071 seconds
[2024-04-14T16:41:05.773-0400] {processor.py:161} INFO - Started process (PID=33966) to work on /Users/manideepakreddyaila/Desktop/projects/Legal_Insights_Engine/.venv/lib/python3.11/site-packages/airflow/example_dags/example_kubernetes_executor.py
[2024-04-14T16:41:05.774-0400] {processor.py:830} INFO - Processing file /Users/manideepakreddyaila/Desktop/projects/Legal_Insights_Engine/.venv/lib/python3.11/site-packages/airflow/example_dags/example_kubernetes_executor.py for tasks to queue
[2024-04-14T16:41:05.774-0400] {logging_mixin.py:188} INFO - [2024-04-14T16:41:05.774-0400] {dagbag.py:540} INFO - Filling up the DagBag from /Users/manideepakreddyaila/Desktop/projects/Legal_Insights_Engine/.venv/lib/python3.11/site-packages/airflow/example_dags/example_kubernetes_executor.py
[2024-04-14T16:41:05.812-0400] {logging_mixin.py:188} INFO - [2024-04-14T16:41:05.812-0400] {example_kubernetes_executor.py:39} WARNING - The example_kubernetes_executor example DAG requires the kubernetes provider. Please install it with: pip install apache-airflow[cncf.kubernetes]
[2024-04-14T16:41:05.812-0400] {processor.py:842} WARNING - No viable dags retrieved from /Users/manideepakreddyaila/Desktop/projects/Legal_Insights_Engine/.venv/lib/python3.11/site-packages/airflow/example_dags/example_kubernetes_executor.py
[2024-04-14T16:41:05.837-0400] {processor.py:183} INFO - Processing /Users/manideepakreddyaila/Desktop/projects/Legal_Insights_Engine/.venv/lib/python3.11/site-packages/airflow/example_dags/example_kubernetes_executor.py took 0.065 seconds
[2024-04-14T16:43:00.349-0400] {processor.py:161} INFO - Started process (PID=34066) to work on /Users/manideepakreddyaila/Desktop/projects/Legal_Insights_Engine/.venv/lib/python3.11/site-packages/airflow/example_dags/example_kubernetes_executor.py
[2024-04-14T16:43:00.349-0400] {processor.py:830} INFO - Processing file /Users/manideepakreddyaila/Desktop/projects/Legal_Insights_Engine/.venv/lib/python3.11/site-packages/airflow/example_dags/example_kubernetes_executor.py for tasks to queue
[2024-04-14T16:43:00.350-0400] {logging_mixin.py:188} INFO - [2024-04-14T16:43:00.350-0400] {dagbag.py:540} INFO - Filling up the DagBag from /Users/manideepakreddyaila/Desktop/projects/Legal_Insights_Engine/.venv/lib/python3.11/site-packages/airflow/example_dags/example_kubernetes_executor.py
[2024-04-14T16:43:00.388-0400] {logging_mixin.py:188} INFO - [2024-04-14T16:43:00.388-0400] {example_kubernetes_executor.py:39} WARNING - The example_kubernetes_executor example DAG requires the kubernetes provider. Please install it with: pip install apache-airflow[cncf.kubernetes]
[2024-04-14T16:43:00.388-0400] {processor.py:842} WARNING - No viable dags retrieved from /Users/manideepakreddyaila/Desktop/projects/Legal_Insights_Engine/.venv/lib/python3.11/site-packages/airflow/example_dags/example_kubernetes_executor.py
[2024-04-14T16:43:00.415-0400] {processor.py:183} INFO - Processing /Users/manideepakreddyaila/Desktop/projects/Legal_Insights_Engine/.venv/lib/python3.11/site-packages/airflow/example_dags/example_kubernetes_executor.py took 0.067 seconds
[2024-04-14T16:45:02.607-0400] {processor.py:161} INFO - Started process (PID=34167) to work on /Users/manideepakreddyaila/Desktop/projects/Legal_Insights_Engine/.venv/lib/python3.11/site-packages/airflow/example_dags/example_kubernetes_executor.py
[2024-04-14T16:45:02.609-0400] {processor.py:830} INFO - Processing file /Users/manideepakreddyaila/Desktop/projects/Legal_Insights_Engine/.venv/lib/python3.11/site-packages/airflow/example_dags/example_kubernetes_executor.py for tasks to queue
[2024-04-14T16:45:02.609-0400] {logging_mixin.py:188} INFO - [2024-04-14T16:45:02.609-0400] {dagbag.py:540} INFO - Filling up the DagBag from /Users/manideepakreddyaila/Desktop/projects/Legal_Insights_Engine/.venv/lib/python3.11/site-packages/airflow/example_dags/example_kubernetes_executor.py
[2024-04-14T16:45:02.649-0400] {logging_mixin.py:188} INFO - [2024-04-14T16:45:02.649-0400] {example_kubernetes_executor.py:39} WARNING - The example_kubernetes_executor example DAG requires the kubernetes provider. Please install it with: pip install apache-airflow[cncf.kubernetes]
[2024-04-14T16:45:02.649-0400] {processor.py:842} WARNING - No viable dags retrieved from /Users/manideepakreddyaila/Desktop/projects/Legal_Insights_Engine/.venv/lib/python3.11/site-packages/airflow/example_dags/example_kubernetes_executor.py
[2024-04-14T16:45:02.678-0400] {processor.py:183} INFO - Processing /Users/manideepakreddyaila/Desktop/projects/Legal_Insights_Engine/.venv/lib/python3.11/site-packages/airflow/example_dags/example_kubernetes_executor.py took 0.072 seconds
[2024-04-14T16:47:01.178-0400] {processor.py:161} INFO - Started process (PID=34278) to work on /Users/manideepakreddyaila/Desktop/projects/Legal_Insights_Engine/.venv/lib/python3.11/site-packages/airflow/example_dags/example_kubernetes_executor.py
[2024-04-14T16:47:01.178-0400] {processor.py:830} INFO - Processing file /Users/manideepakreddyaila/Desktop/projects/Legal_Insights_Engine/.venv/lib/python3.11/site-packages/airflow/example_dags/example_kubernetes_executor.py for tasks to queue
[2024-04-14T16:47:01.179-0400] {logging_mixin.py:188} INFO - [2024-04-14T16:47:01.178-0400] {dagbag.py:540} INFO - Filling up the DagBag from /Users/manideepakreddyaila/Desktop/projects/Legal_Insights_Engine/.venv/lib/python3.11/site-packages/airflow/example_dags/example_kubernetes_executor.py
[2024-04-14T16:47:01.216-0400] {logging_mixin.py:188} INFO - [2024-04-14T16:47:01.216-0400] {example_kubernetes_executor.py:39} WARNING - The example_kubernetes_executor example DAG requires the kubernetes provider. Please install it with: pip install apache-airflow[cncf.kubernetes]
[2024-04-14T16:47:01.216-0400] {processor.py:842} WARNING - No viable dags retrieved from /Users/manideepakreddyaila/Desktop/projects/Legal_Insights_Engine/.venv/lib/python3.11/site-packages/airflow/example_dags/example_kubernetes_executor.py
[2024-04-14T16:47:01.241-0400] {processor.py:183} INFO - Processing /Users/manideepakreddyaila/Desktop/projects/Legal_Insights_Engine/.venv/lib/python3.11/site-packages/airflow/example_dags/example_kubernetes_executor.py took 0.064 seconds
[2024-04-14T16:48:56.354-0400] {processor.py:161} INFO - Started process (PID=34376) to work on /Users/manideepakreddyaila/Desktop/projects/Legal_Insights_Engine/.venv/lib/python3.11/site-packages/airflow/example_dags/example_kubernetes_executor.py
[2024-04-14T16:48:56.355-0400] {processor.py:830} INFO - Processing file /Users/manideepakreddyaila/Desktop/projects/Legal_Insights_Engine/.venv/lib/python3.11/site-packages/airflow/example_dags/example_kubernetes_executor.py for tasks to queue
[2024-04-14T16:48:56.356-0400] {logging_mixin.py:188} INFO - [2024-04-14T16:48:56.355-0400] {dagbag.py:540} INFO - Filling up the DagBag from /Users/manideepakreddyaila/Desktop/projects/Legal_Insights_Engine/.venv/lib/python3.11/site-packages/airflow/example_dags/example_kubernetes_executor.py
[2024-04-14T16:48:56.394-0400] {logging_mixin.py:188} INFO - [2024-04-14T16:48:56.394-0400] {example_kubernetes_executor.py:39} WARNING - The example_kubernetes_executor example DAG requires the kubernetes provider. Please install it with: pip install apache-airflow[cncf.kubernetes]
[2024-04-14T16:48:56.394-0400] {processor.py:842} WARNING - No viable dags retrieved from /Users/manideepakreddyaila/Desktop/projects/Legal_Insights_Engine/.venv/lib/python3.11/site-packages/airflow/example_dags/example_kubernetes_executor.py
[2024-04-14T16:48:56.420-0400] {processor.py:183} INFO - Processing /Users/manideepakreddyaila/Desktop/projects/Legal_Insights_Engine/.venv/lib/python3.11/site-packages/airflow/example_dags/example_kubernetes_executor.py took 0.067 seconds
[2024-04-14T17:15:57.691-0400] {processor.py:161} INFO - Started process (PID=34551) to work on /Users/manideepakreddyaila/Desktop/projects/Legal_Insights_Engine/.venv/lib/python3.11/site-packages/airflow/example_dags/example_kubernetes_executor.py
[2024-04-14T17:15:57.691-0400] {processor.py:830} INFO - Processing file /Users/manideepakreddyaila/Desktop/projects/Legal_Insights_Engine/.venv/lib/python3.11/site-packages/airflow/example_dags/example_kubernetes_executor.py for tasks to queue
[2024-04-14T17:15:57.692-0400] {logging_mixin.py:188} INFO - [2024-04-14T17:15:57.692-0400] {dagbag.py:540} INFO - Filling up the DagBag from /Users/manideepakreddyaila/Desktop/projects/Legal_Insights_Engine/.venv/lib/python3.11/site-packages/airflow/example_dags/example_kubernetes_executor.py
[2024-04-14T17:15:57.734-0400] {logging_mixin.py:188} INFO - [2024-04-14T17:15:57.733-0400] {example_kubernetes_executor.py:39} WARNING - The example_kubernetes_executor example DAG requires the kubernetes provider. Please install it with: pip install apache-airflow[cncf.kubernetes]
[2024-04-14T17:15:57.734-0400] {processor.py:842} WARNING - No viable dags retrieved from /Users/manideepakreddyaila/Desktop/projects/Legal_Insights_Engine/.venv/lib/python3.11/site-packages/airflow/example_dags/example_kubernetes_executor.py
[2024-04-14T17:15:57.759-0400] {processor.py:183} INFO - Processing /Users/manideepakreddyaila/Desktop/projects/Legal_Insights_Engine/.venv/lib/python3.11/site-packages/airflow/example_dags/example_kubernetes_executor.py took 0.070 seconds
[2024-04-14T17:17:59.646-0400] {processor.py:161} INFO - Started process (PID=34794) to work on /Users/manideepakreddyaila/Desktop/projects/Legal_Insights_Engine/.venv/lib/python3.11/site-packages/airflow/example_dags/example_kubernetes_executor.py
[2024-04-14T17:17:59.646-0400] {processor.py:830} INFO - Processing file /Users/manideepakreddyaila/Desktop/projects/Legal_Insights_Engine/.venv/lib/python3.11/site-packages/airflow/example_dags/example_kubernetes_executor.py for tasks to queue
[2024-04-14T17:17:59.647-0400] {logging_mixin.py:188} INFO - [2024-04-14T17:17:59.647-0400] {dagbag.py:540} INFO - Filling up the DagBag from /Users/manideepakreddyaila/Desktop/projects/Legal_Insights_Engine/.venv/lib/python3.11/site-packages/airflow/example_dags/example_kubernetes_executor.py
[2024-04-14T17:17:59.686-0400] {logging_mixin.py:188} INFO - [2024-04-14T17:17:59.686-0400] {example_kubernetes_executor.py:39} WARNING - The example_kubernetes_executor example DAG requires the kubernetes provider. Please install it with: pip install apache-airflow[cncf.kubernetes]
[2024-04-14T17:17:59.686-0400] {processor.py:842} WARNING - No viable dags retrieved from /Users/manideepakreddyaila/Desktop/projects/Legal_Insights_Engine/.venv/lib/python3.11/site-packages/airflow/example_dags/example_kubernetes_executor.py
[2024-04-14T17:17:59.713-0400] {processor.py:183} INFO - Processing /Users/manideepakreddyaila/Desktop/projects/Legal_Insights_Engine/.venv/lib/python3.11/site-packages/airflow/example_dags/example_kubernetes_executor.py took 0.068 seconds
[2024-04-14T17:19:53.232-0400] {processor.py:161} INFO - Started process (PID=34903) to work on /Users/manideepakreddyaila/Desktop/projects/Legal_Insights_Engine/.venv/lib/python3.11/site-packages/airflow/example_dags/example_kubernetes_executor.py
[2024-04-14T17:19:53.233-0400] {processor.py:830} INFO - Processing file /Users/manideepakreddyaila/Desktop/projects/Legal_Insights_Engine/.venv/lib/python3.11/site-packages/airflow/example_dags/example_kubernetes_executor.py for tasks to queue
[2024-04-14T17:19:53.233-0400] {logging_mixin.py:188} INFO - [2024-04-14T17:19:53.233-0400] {dagbag.py:540} INFO - Filling up the DagBag from /Users/manideepakreddyaila/Desktop/projects/Legal_Insights_Engine/.venv/lib/python3.11/site-packages/airflow/example_dags/example_kubernetes_executor.py
[2024-04-14T17:19:53.270-0400] {logging_mixin.py:188} INFO - [2024-04-14T17:19:53.270-0400] {example_kubernetes_executor.py:39} WARNING - The example_kubernetes_executor example DAG requires the kubernetes provider. Please install it with: pip install apache-airflow[cncf.kubernetes]
[2024-04-14T17:19:53.270-0400] {processor.py:842} WARNING - No viable dags retrieved from /Users/manideepakreddyaila/Desktop/projects/Legal_Insights_Engine/.venv/lib/python3.11/site-packages/airflow/example_dags/example_kubernetes_executor.py
[2024-04-14T17:19:53.296-0400] {processor.py:183} INFO - Processing /Users/manideepakreddyaila/Desktop/projects/Legal_Insights_Engine/.venv/lib/python3.11/site-packages/airflow/example_dags/example_kubernetes_executor.py took 0.064 seconds
[2024-04-14T17:21:50.432-0400] {processor.py:161} INFO - Started process (PID=34997) to work on /Users/manideepakreddyaila/Desktop/projects/Legal_Insights_Engine/.venv/lib/python3.11/site-packages/airflow/example_dags/example_kubernetes_executor.py
[2024-04-14T17:21:50.432-0400] {processor.py:830} INFO - Processing file /Users/manideepakreddyaila/Desktop/projects/Legal_Insights_Engine/.venv/lib/python3.11/site-packages/airflow/example_dags/example_kubernetes_executor.py for tasks to queue
[2024-04-14T17:21:50.432-0400] {logging_mixin.py:188} INFO - [2024-04-14T17:21:50.432-0400] {dagbag.py:540} INFO - Filling up the DagBag from /Users/manideepakreddyaila/Desktop/projects/Legal_Insights_Engine/.venv/lib/python3.11/site-packages/airflow/example_dags/example_kubernetes_executor.py
[2024-04-14T17:21:50.488-0400] {logging_mixin.py:188} INFO - [2024-04-14T17:21:50.488-0400] {example_kubernetes_executor.py:39} WARNING - The example_kubernetes_executor example DAG requires the kubernetes provider. Please install it with: pip install apache-airflow[cncf.kubernetes]
[2024-04-14T17:21:50.488-0400] {processor.py:842} WARNING - No viable dags retrieved from /Users/manideepakreddyaila/Desktop/projects/Legal_Insights_Engine/.venv/lib/python3.11/site-packages/airflow/example_dags/example_kubernetes_executor.py
[2024-04-14T17:21:50.519-0400] {processor.py:183} INFO - Processing /Users/manideepakreddyaila/Desktop/projects/Legal_Insights_Engine/.venv/lib/python3.11/site-packages/airflow/example_dags/example_kubernetes_executor.py took 0.088 seconds
[2024-04-14T17:23:42.549-0400] {processor.py:161} INFO - Started process (PID=35089) to work on /Users/manideepakreddyaila/Desktop/projects/Legal_Insights_Engine/.venv/lib/python3.11/site-packages/airflow/example_dags/example_kubernetes_executor.py
[2024-04-14T17:23:42.550-0400] {processor.py:830} INFO - Processing file /Users/manideepakreddyaila/Desktop/projects/Legal_Insights_Engine/.venv/lib/python3.11/site-packages/airflow/example_dags/example_kubernetes_executor.py for tasks to queue
[2024-04-14T17:23:42.550-0400] {logging_mixin.py:188} INFO - [2024-04-14T17:23:42.550-0400] {dagbag.py:540} INFO - Filling up the DagBag from /Users/manideepakreddyaila/Desktop/projects/Legal_Insights_Engine/.venv/lib/python3.11/site-packages/airflow/example_dags/example_kubernetes_executor.py
[2024-04-14T17:23:42.588-0400] {logging_mixin.py:188} INFO - [2024-04-14T17:23:42.588-0400] {example_kubernetes_executor.py:39} WARNING - The example_kubernetes_executor example DAG requires the kubernetes provider. Please install it with: pip install apache-airflow[cncf.kubernetes]
[2024-04-14T17:23:42.588-0400] {processor.py:842} WARNING - No viable dags retrieved from /Users/manideepakreddyaila/Desktop/projects/Legal_Insights_Engine/.venv/lib/python3.11/site-packages/airflow/example_dags/example_kubernetes_executor.py
[2024-04-14T17:23:42.613-0400] {processor.py:183} INFO - Processing /Users/manideepakreddyaila/Desktop/projects/Legal_Insights_Engine/.venv/lib/python3.11/site-packages/airflow/example_dags/example_kubernetes_executor.py took 0.065 seconds
[2024-04-14T17:25:41.698-0400] {processor.py:161} INFO - Started process (PID=35200) to work on /Users/manideepakreddyaila/Desktop/projects/Legal_Insights_Engine/.venv/lib/python3.11/site-packages/airflow/example_dags/example_kubernetes_executor.py
[2024-04-14T17:25:41.700-0400] {processor.py:830} INFO - Processing file /Users/manideepakreddyaila/Desktop/projects/Legal_Insights_Engine/.venv/lib/python3.11/site-packages/airflow/example_dags/example_kubernetes_executor.py for tasks to queue
[2024-04-14T17:25:41.700-0400] {logging_mixin.py:188} INFO - [2024-04-14T17:25:41.700-0400] {dagbag.py:540} INFO - Filling up the DagBag from /Users/manideepakreddyaila/Desktop/projects/Legal_Insights_Engine/.venv/lib/python3.11/site-packages/airflow/example_dags/example_kubernetes_executor.py
[2024-04-14T17:25:41.739-0400] {logging_mixin.py:188} INFO - [2024-04-14T17:25:41.739-0400] {example_kubernetes_executor.py:39} WARNING - The example_kubernetes_executor example DAG requires the kubernetes provider. Please install it with: pip install apache-airflow[cncf.kubernetes]
[2024-04-14T17:25:41.739-0400] {processor.py:842} WARNING - No viable dags retrieved from /Users/manideepakreddyaila/Desktop/projects/Legal_Insights_Engine/.venv/lib/python3.11/site-packages/airflow/example_dags/example_kubernetes_executor.py
[2024-04-14T17:25:41.765-0400] {processor.py:183} INFO - Processing /Users/manideepakreddyaila/Desktop/projects/Legal_Insights_Engine/.venv/lib/python3.11/site-packages/airflow/example_dags/example_kubernetes_executor.py took 0.067 seconds
[2024-04-14T17:27:38.683-0400] {processor.py:161} INFO - Started process (PID=35298) to work on /Users/manideepakreddyaila/Desktop/projects/Legal_Insights_Engine/.venv/lib/python3.11/site-packages/airflow/example_dags/example_kubernetes_executor.py
[2024-04-14T17:27:38.684-0400] {processor.py:830} INFO - Processing file /Users/manideepakreddyaila/Desktop/projects/Legal_Insights_Engine/.venv/lib/python3.11/site-packages/airflow/example_dags/example_kubernetes_executor.py for tasks to queue
[2024-04-14T17:27:38.685-0400] {logging_mixin.py:188} INFO - [2024-04-14T17:27:38.685-0400] {dagbag.py:540} INFO - Filling up the DagBag from /Users/manideepakreddyaila/Desktop/projects/Legal_Insights_Engine/.venv/lib/python3.11/site-packages/airflow/example_dags/example_kubernetes_executor.py
[2024-04-14T17:27:38.723-0400] {logging_mixin.py:188} INFO - [2024-04-14T17:27:38.723-0400] {example_kubernetes_executor.py:39} WARNING - The example_kubernetes_executor example DAG requires the kubernetes provider. Please install it with: pip install apache-airflow[cncf.kubernetes]
[2024-04-14T17:27:38.723-0400] {processor.py:842} WARNING - No viable dags retrieved from /Users/manideepakreddyaila/Desktop/projects/Legal_Insights_Engine/.venv/lib/python3.11/site-packages/airflow/example_dags/example_kubernetes_executor.py
[2024-04-14T17:27:38.749-0400] {processor.py:183} INFO - Processing /Users/manideepakreddyaila/Desktop/projects/Legal_Insights_Engine/.venv/lib/python3.11/site-packages/airflow/example_dags/example_kubernetes_executor.py took 0.067 seconds
[2024-04-14T17:29:33.611-0400] {processor.py:161} INFO - Started process (PID=35396) to work on /Users/manideepakreddyaila/Desktop/projects/Legal_Insights_Engine/.venv/lib/python3.11/site-packages/airflow/example_dags/example_kubernetes_executor.py
[2024-04-14T17:29:33.612-0400] {processor.py:830} INFO - Processing file /Users/manideepakreddyaila/Desktop/projects/Legal_Insights_Engine/.venv/lib/python3.11/site-packages/airflow/example_dags/example_kubernetes_executor.py for tasks to queue
[2024-04-14T17:29:33.612-0400] {logging_mixin.py:188} INFO - [2024-04-14T17:29:33.612-0400] {dagbag.py:540} INFO - Filling up the DagBag from /Users/manideepakreddyaila/Desktop/projects/Legal_Insights_Engine/.venv/lib/python3.11/site-packages/airflow/example_dags/example_kubernetes_executor.py
[2024-04-14T17:29:33.650-0400] {logging_mixin.py:188} INFO - [2024-04-14T17:29:33.650-0400] {example_kubernetes_executor.py:39} WARNING - The example_kubernetes_executor example DAG requires the kubernetes provider. Please install it with: pip install apache-airflow[cncf.kubernetes]
[2024-04-14T17:29:33.650-0400] {processor.py:842} WARNING - No viable dags retrieved from /Users/manideepakreddyaila/Desktop/projects/Legal_Insights_Engine/.venv/lib/python3.11/site-packages/airflow/example_dags/example_kubernetes_executor.py
[2024-04-14T17:29:33.676-0400] {processor.py:183} INFO - Processing /Users/manideepakreddyaila/Desktop/projects/Legal_Insights_Engine/.venv/lib/python3.11/site-packages/airflow/example_dags/example_kubernetes_executor.py took 0.065 seconds
[2024-04-14T17:31:31.269-0400] {processor.py:161} INFO - Started process (PID=35536) to work on /Users/manideepakreddyaila/Desktop/projects/Legal_Insights_Engine/.venv/lib/python3.11/site-packages/airflow/example_dags/example_kubernetes_executor.py
[2024-04-14T17:31:31.270-0400] {processor.py:830} INFO - Processing file /Users/manideepakreddyaila/Desktop/projects/Legal_Insights_Engine/.venv/lib/python3.11/site-packages/airflow/example_dags/example_kubernetes_executor.py for tasks to queue
[2024-04-14T17:31:31.270-0400] {logging_mixin.py:188} INFO - [2024-04-14T17:31:31.270-0400] {dagbag.py:540} INFO - Filling up the DagBag from /Users/manideepakreddyaila/Desktop/projects/Legal_Insights_Engine/.venv/lib/python3.11/site-packages/airflow/example_dags/example_kubernetes_executor.py
[2024-04-14T17:31:31.308-0400] {logging_mixin.py:188} INFO - [2024-04-14T17:31:31.308-0400] {example_kubernetes_executor.py:39} WARNING - The example_kubernetes_executor example DAG requires the kubernetes provider. Please install it with: pip install apache-airflow[cncf.kubernetes]
[2024-04-14T17:31:31.308-0400] {processor.py:842} WARNING - No viable dags retrieved from /Users/manideepakreddyaila/Desktop/projects/Legal_Insights_Engine/.venv/lib/python3.11/site-packages/airflow/example_dags/example_kubernetes_executor.py
[2024-04-14T17:31:31.335-0400] {processor.py:183} INFO - Processing /Users/manideepakreddyaila/Desktop/projects/Legal_Insights_Engine/.venv/lib/python3.11/site-packages/airflow/example_dags/example_kubernetes_executor.py took 0.066 seconds
[2024-04-14T17:33:29.879-0400] {processor.py:161} INFO - Started process (PID=35643) to work on /Users/manideepakreddyaila/Desktop/projects/Legal_Insights_Engine/.venv/lib/python3.11/site-packages/airflow/example_dags/example_kubernetes_executor.py
[2024-04-14T17:33:29.880-0400] {processor.py:830} INFO - Processing file /Users/manideepakreddyaila/Desktop/projects/Legal_Insights_Engine/.venv/lib/python3.11/site-packages/airflow/example_dags/example_kubernetes_executor.py for tasks to queue
[2024-04-14T17:33:29.880-0400] {logging_mixin.py:188} INFO - [2024-04-14T17:33:29.880-0400] {dagbag.py:540} INFO - Filling up the DagBag from /Users/manideepakreddyaila/Desktop/projects/Legal_Insights_Engine/.venv/lib/python3.11/site-packages/airflow/example_dags/example_kubernetes_executor.py
[2024-04-14T17:33:29.918-0400] {logging_mixin.py:188} INFO - [2024-04-14T17:33:29.918-0400] {example_kubernetes_executor.py:39} WARNING - The example_kubernetes_executor example DAG requires the kubernetes provider. Please install it with: pip install apache-airflow[cncf.kubernetes]
[2024-04-14T17:33:29.918-0400] {processor.py:842} WARNING - No viable dags retrieved from /Users/manideepakreddyaila/Desktop/projects/Legal_Insights_Engine/.venv/lib/python3.11/site-packages/airflow/example_dags/example_kubernetes_executor.py
[2024-04-14T17:33:29.944-0400] {processor.py:183} INFO - Processing /Users/manideepakreddyaila/Desktop/projects/Legal_Insights_Engine/.venv/lib/python3.11/site-packages/airflow/example_dags/example_kubernetes_executor.py took 0.066 seconds
[2024-04-14T17:35:33.182-0400] {processor.py:161} INFO - Started process (PID=35741) to work on /Users/manideepakreddyaila/Desktop/projects/Legal_Insights_Engine/.venv/lib/python3.11/site-packages/airflow/example_dags/example_kubernetes_executor.py
[2024-04-14T17:35:33.182-0400] {processor.py:830} INFO - Processing file /Users/manideepakreddyaila/Desktop/projects/Legal_Insights_Engine/.venv/lib/python3.11/site-packages/airflow/example_dags/example_kubernetes_executor.py for tasks to queue
[2024-04-14T17:35:33.182-0400] {logging_mixin.py:188} INFO - [2024-04-14T17:35:33.182-0400] {dagbag.py:540} INFO - Filling up the DagBag from /Users/manideepakreddyaila/Desktop/projects/Legal_Insights_Engine/.venv/lib/python3.11/site-packages/airflow/example_dags/example_kubernetes_executor.py
[2024-04-14T17:35:33.220-0400] {logging_mixin.py:188} INFO - [2024-04-14T17:35:33.220-0400] {example_kubernetes_executor.py:39} WARNING - The example_kubernetes_executor example DAG requires the kubernetes provider. Please install it with: pip install apache-airflow[cncf.kubernetes]
[2024-04-14T17:35:33.220-0400] {processor.py:842} WARNING - No viable dags retrieved from /Users/manideepakreddyaila/Desktop/projects/Legal_Insights_Engine/.venv/lib/python3.11/site-packages/airflow/example_dags/example_kubernetes_executor.py
[2024-04-14T17:35:33.246-0400] {processor.py:183} INFO - Processing /Users/manideepakreddyaila/Desktop/projects/Legal_Insights_Engine/.venv/lib/python3.11/site-packages/airflow/example_dags/example_kubernetes_executor.py took 0.065 seconds
[2024-04-14T17:37:27.297-0400] {processor.py:161} INFO - Started process (PID=35838) to work on /Users/manideepakreddyaila/Desktop/projects/Legal_Insights_Engine/.venv/lib/python3.11/site-packages/airflow/example_dags/example_kubernetes_executor.py
[2024-04-14T17:37:27.298-0400] {processor.py:830} INFO - Processing file /Users/manideepakreddyaila/Desktop/projects/Legal_Insights_Engine/.venv/lib/python3.11/site-packages/airflow/example_dags/example_kubernetes_executor.py for tasks to queue
[2024-04-14T17:37:27.298-0400] {logging_mixin.py:188} INFO - [2024-04-14T17:37:27.298-0400] {dagbag.py:540} INFO - Filling up the DagBag from /Users/manideepakreddyaila/Desktop/projects/Legal_Insights_Engine/.venv/lib/python3.11/site-packages/airflow/example_dags/example_kubernetes_executor.py
[2024-04-14T17:37:27.335-0400] {logging_mixin.py:188} INFO - [2024-04-14T17:37:27.335-0400] {example_kubernetes_executor.py:39} WARNING - The example_kubernetes_executor example DAG requires the kubernetes provider. Please install it with: pip install apache-airflow[cncf.kubernetes]
[2024-04-14T17:37:27.335-0400] {processor.py:842} WARNING - No viable dags retrieved from /Users/manideepakreddyaila/Desktop/projects/Legal_Insights_Engine/.venv/lib/python3.11/site-packages/airflow/example_dags/example_kubernetes_executor.py
[2024-04-14T17:37:27.360-0400] {processor.py:183} INFO - Processing /Users/manideepakreddyaila/Desktop/projects/Legal_Insights_Engine/.venv/lib/python3.11/site-packages/airflow/example_dags/example_kubernetes_executor.py took 0.064 seconds
[2024-04-14T17:39:15.916-0400] {processor.py:161} INFO - Started process (PID=35926) to work on /Users/manideepakreddyaila/Desktop/projects/Legal_Insights_Engine/.venv/lib/python3.11/site-packages/airflow/example_dags/example_kubernetes_executor.py
[2024-04-14T17:39:15.917-0400] {processor.py:830} INFO - Processing file /Users/manideepakreddyaila/Desktop/projects/Legal_Insights_Engine/.venv/lib/python3.11/site-packages/airflow/example_dags/example_kubernetes_executor.py for tasks to queue
[2024-04-14T17:39:15.917-0400] {logging_mixin.py:188} INFO - [2024-04-14T17:39:15.917-0400] {dagbag.py:540} INFO - Filling up the DagBag from /Users/manideepakreddyaila/Desktop/projects/Legal_Insights_Engine/.venv/lib/python3.11/site-packages/airflow/example_dags/example_kubernetes_executor.py
[2024-04-14T17:39:15.954-0400] {logging_mixin.py:188} INFO - [2024-04-14T17:39:15.954-0400] {example_kubernetes_executor.py:39} WARNING - The example_kubernetes_executor example DAG requires the kubernetes provider. Please install it with: pip install apache-airflow[cncf.kubernetes]
[2024-04-14T17:39:15.955-0400] {processor.py:842} WARNING - No viable dags retrieved from /Users/manideepakreddyaila/Desktop/projects/Legal_Insights_Engine/.venv/lib/python3.11/site-packages/airflow/example_dags/example_kubernetes_executor.py
[2024-04-14T17:39:15.980-0400] {processor.py:183} INFO - Processing /Users/manideepakreddyaila/Desktop/projects/Legal_Insights_Engine/.venv/lib/python3.11/site-packages/airflow/example_dags/example_kubernetes_executor.py took 0.065 seconds
[2024-04-14T17:41:08.689-0400] {processor.py:161} INFO - Started process (PID=36013) to work on /Users/manideepakreddyaila/Desktop/projects/Legal_Insights_Engine/.venv/lib/python3.11/site-packages/airflow/example_dags/example_kubernetes_executor.py
[2024-04-14T17:41:08.690-0400] {processor.py:830} INFO - Processing file /Users/manideepakreddyaila/Desktop/projects/Legal_Insights_Engine/.venv/lib/python3.11/site-packages/airflow/example_dags/example_kubernetes_executor.py for tasks to queue
[2024-04-14T17:41:08.690-0400] {logging_mixin.py:188} INFO - [2024-04-14T17:41:08.690-0400] {dagbag.py:540} INFO - Filling up the DagBag from /Users/manideepakreddyaila/Desktop/projects/Legal_Insights_Engine/.venv/lib/python3.11/site-packages/airflow/example_dags/example_kubernetes_executor.py
[2024-04-14T17:41:08.728-0400] {logging_mixin.py:188} INFO - [2024-04-14T17:41:08.728-0400] {example_kubernetes_executor.py:39} WARNING - The example_kubernetes_executor example DAG requires the kubernetes provider. Please install it with: pip install apache-airflow[cncf.kubernetes]
[2024-04-14T17:41:08.728-0400] {processor.py:842} WARNING - No viable dags retrieved from /Users/manideepakreddyaila/Desktop/projects/Legal_Insights_Engine/.venv/lib/python3.11/site-packages/airflow/example_dags/example_kubernetes_executor.py
[2024-04-14T17:41:08.753-0400] {processor.py:183} INFO - Processing /Users/manideepakreddyaila/Desktop/projects/Legal_Insights_Engine/.venv/lib/python3.11/site-packages/airflow/example_dags/example_kubernetes_executor.py took 0.065 seconds
[2024-04-14T17:43:00.640-0400] {processor.py:161} INFO - Started process (PID=36100) to work on /Users/manideepakreddyaila/Desktop/projects/Legal_Insights_Engine/.venv/lib/python3.11/site-packages/airflow/example_dags/example_kubernetes_executor.py
[2024-04-14T17:43:00.641-0400] {processor.py:830} INFO - Processing file /Users/manideepakreddyaila/Desktop/projects/Legal_Insights_Engine/.venv/lib/python3.11/site-packages/airflow/example_dags/example_kubernetes_executor.py for tasks to queue
[2024-04-14T17:43:00.641-0400] {logging_mixin.py:188} INFO - [2024-04-14T17:43:00.641-0400] {dagbag.py:540} INFO - Filling up the DagBag from /Users/manideepakreddyaila/Desktop/projects/Legal_Insights_Engine/.venv/lib/python3.11/site-packages/airflow/example_dags/example_kubernetes_executor.py
[2024-04-14T17:43:00.680-0400] {logging_mixin.py:188} INFO - [2024-04-14T17:43:00.680-0400] {example_kubernetes_executor.py:39} WARNING - The example_kubernetes_executor example DAG requires the kubernetes provider. Please install it with: pip install apache-airflow[cncf.kubernetes]
[2024-04-14T17:43:00.680-0400] {processor.py:842} WARNING - No viable dags retrieved from /Users/manideepakreddyaila/Desktop/projects/Legal_Insights_Engine/.venv/lib/python3.11/site-packages/airflow/example_dags/example_kubernetes_executor.py
[2024-04-14T17:43:00.706-0400] {processor.py:183} INFO - Processing /Users/manideepakreddyaila/Desktop/projects/Legal_Insights_Engine/.venv/lib/python3.11/site-packages/airflow/example_dags/example_kubernetes_executor.py took 0.067 seconds
[2024-04-14T17:44:55.559-0400] {processor.py:161} INFO - Started process (PID=36187) to work on /Users/manideepakreddyaila/Desktop/projects/Legal_Insights_Engine/.venv/lib/python3.11/site-packages/airflow/example_dags/example_kubernetes_executor.py
[2024-04-14T17:44:55.561-0400] {processor.py:830} INFO - Processing file /Users/manideepakreddyaila/Desktop/projects/Legal_Insights_Engine/.venv/lib/python3.11/site-packages/airflow/example_dags/example_kubernetes_executor.py for tasks to queue
[2024-04-14T17:44:55.561-0400] {logging_mixin.py:188} INFO - [2024-04-14T17:44:55.561-0400] {dagbag.py:540} INFO - Filling up the DagBag from /Users/manideepakreddyaila/Desktop/projects/Legal_Insights_Engine/.venv/lib/python3.11/site-packages/airflow/example_dags/example_kubernetes_executor.py
[2024-04-14T17:44:55.598-0400] {logging_mixin.py:188} INFO - [2024-04-14T17:44:55.598-0400] {example_kubernetes_executor.py:39} WARNING - The example_kubernetes_executor example DAG requires the kubernetes provider. Please install it with: pip install apache-airflow[cncf.kubernetes]
[2024-04-14T17:44:55.598-0400] {processor.py:842} WARNING - No viable dags retrieved from /Users/manideepakreddyaila/Desktop/projects/Legal_Insights_Engine/.venv/lib/python3.11/site-packages/airflow/example_dags/example_kubernetes_executor.py
[2024-04-14T17:44:55.623-0400] {processor.py:183} INFO - Processing /Users/manideepakreddyaila/Desktop/projects/Legal_Insights_Engine/.venv/lib/python3.11/site-packages/airflow/example_dags/example_kubernetes_executor.py took 0.065 seconds
[2024-04-14T17:46:59.270-0400] {processor.py:161} INFO - Started process (PID=36282) to work on /Users/manideepakreddyaila/Desktop/projects/Legal_Insights_Engine/.venv/lib/python3.11/site-packages/airflow/example_dags/example_kubernetes_executor.py
[2024-04-14T17:46:59.270-0400] {processor.py:830} INFO - Processing file /Users/manideepakreddyaila/Desktop/projects/Legal_Insights_Engine/.venv/lib/python3.11/site-packages/airflow/example_dags/example_kubernetes_executor.py for tasks to queue
[2024-04-14T17:46:59.270-0400] {logging_mixin.py:188} INFO - [2024-04-14T17:46:59.270-0400] {dagbag.py:540} INFO - Filling up the DagBag from /Users/manideepakreddyaila/Desktop/projects/Legal_Insights_Engine/.venv/lib/python3.11/site-packages/airflow/example_dags/example_kubernetes_executor.py
[2024-04-14T17:46:59.309-0400] {logging_mixin.py:188} INFO - [2024-04-14T17:46:59.308-0400] {example_kubernetes_executor.py:39} WARNING - The example_kubernetes_executor example DAG requires the kubernetes provider. Please install it with: pip install apache-airflow[cncf.kubernetes]
[2024-04-14T17:46:59.309-0400] {processor.py:842} WARNING - No viable dags retrieved from /Users/manideepakreddyaila/Desktop/projects/Legal_Insights_Engine/.venv/lib/python3.11/site-packages/airflow/example_dags/example_kubernetes_executor.py
[2024-04-14T17:46:59.335-0400] {processor.py:183} INFO - Processing /Users/manideepakreddyaila/Desktop/projects/Legal_Insights_Engine/.venv/lib/python3.11/site-packages/airflow/example_dags/example_kubernetes_executor.py took 0.066 seconds
[2024-04-14T17:48:59.633-0400] {processor.py:161} INFO - Started process (PID=36373) to work on /Users/manideepakreddyaila/Desktop/projects/Legal_Insights_Engine/.venv/lib/python3.11/site-packages/airflow/example_dags/example_kubernetes_executor.py
[2024-04-14T17:48:59.634-0400] {processor.py:830} INFO - Processing file /Users/manideepakreddyaila/Desktop/projects/Legal_Insights_Engine/.venv/lib/python3.11/site-packages/airflow/example_dags/example_kubernetes_executor.py for tasks to queue
[2024-04-14T17:48:59.634-0400] {logging_mixin.py:188} INFO - [2024-04-14T17:48:59.634-0400] {dagbag.py:540} INFO - Filling up the DagBag from /Users/manideepakreddyaila/Desktop/projects/Legal_Insights_Engine/.venv/lib/python3.11/site-packages/airflow/example_dags/example_kubernetes_executor.py
[2024-04-14T17:48:59.672-0400] {logging_mixin.py:188} INFO - [2024-04-14T17:48:59.672-0400] {example_kubernetes_executor.py:39} WARNING - The example_kubernetes_executor example DAG requires the kubernetes provider. Please install it with: pip install apache-airflow[cncf.kubernetes]
[2024-04-14T17:48:59.672-0400] {processor.py:842} WARNING - No viable dags retrieved from /Users/manideepakreddyaila/Desktop/projects/Legal_Insights_Engine/.venv/lib/python3.11/site-packages/airflow/example_dags/example_kubernetes_executor.py
[2024-04-14T17:48:59.697-0400] {processor.py:183} INFO - Processing /Users/manideepakreddyaila/Desktop/projects/Legal_Insights_Engine/.venv/lib/python3.11/site-packages/airflow/example_dags/example_kubernetes_executor.py took 0.065 seconds
[2024-04-14T17:50:55.303-0400] {processor.py:161} INFO - Started process (PID=36476) to work on /Users/manideepakreddyaila/Desktop/projects/Legal_Insights_Engine/.venv/lib/python3.11/site-packages/airflow/example_dags/example_kubernetes_executor.py
[2024-04-14T17:50:55.303-0400] {processor.py:830} INFO - Processing file /Users/manideepakreddyaila/Desktop/projects/Legal_Insights_Engine/.venv/lib/python3.11/site-packages/airflow/example_dags/example_kubernetes_executor.py for tasks to queue
[2024-04-14T17:50:55.304-0400] {logging_mixin.py:188} INFO - [2024-04-14T17:50:55.304-0400] {dagbag.py:540} INFO - Filling up the DagBag from /Users/manideepakreddyaila/Desktop/projects/Legal_Insights_Engine/.venv/lib/python3.11/site-packages/airflow/example_dags/example_kubernetes_executor.py
[2024-04-14T17:50:55.341-0400] {logging_mixin.py:188} INFO - [2024-04-14T17:50:55.341-0400] {example_kubernetes_executor.py:39} WARNING - The example_kubernetes_executor example DAG requires the kubernetes provider. Please install it with: pip install apache-airflow[cncf.kubernetes]
[2024-04-14T17:50:55.341-0400] {processor.py:842} WARNING - No viable dags retrieved from /Users/manideepakreddyaila/Desktop/projects/Legal_Insights_Engine/.venv/lib/python3.11/site-packages/airflow/example_dags/example_kubernetes_executor.py
[2024-04-14T17:50:55.367-0400] {processor.py:183} INFO - Processing /Users/manideepakreddyaila/Desktop/projects/Legal_Insights_Engine/.venv/lib/python3.11/site-packages/airflow/example_dags/example_kubernetes_executor.py took 0.065 seconds
[2024-04-14T17:52:50.745-0400] {processor.py:161} INFO - Started process (PID=36557) to work on /Users/manideepakreddyaila/Desktop/projects/Legal_Insights_Engine/.venv/lib/python3.11/site-packages/airflow/example_dags/example_kubernetes_executor.py
[2024-04-14T17:52:50.746-0400] {processor.py:830} INFO - Processing file /Users/manideepakreddyaila/Desktop/projects/Legal_Insights_Engine/.venv/lib/python3.11/site-packages/airflow/example_dags/example_kubernetes_executor.py for tasks to queue
[2024-04-14T17:52:50.746-0400] {logging_mixin.py:188} INFO - [2024-04-14T17:52:50.746-0400] {dagbag.py:540} INFO - Filling up the DagBag from /Users/manideepakreddyaila/Desktop/projects/Legal_Insights_Engine/.venv/lib/python3.11/site-packages/airflow/example_dags/example_kubernetes_executor.py
[2024-04-14T17:52:50.784-0400] {logging_mixin.py:188} INFO - [2024-04-14T17:52:50.784-0400] {example_kubernetes_executor.py:39} WARNING - The example_kubernetes_executor example DAG requires the kubernetes provider. Please install it with: pip install apache-airflow[cncf.kubernetes]
[2024-04-14T17:52:50.784-0400] {processor.py:842} WARNING - No viable dags retrieved from /Users/manideepakreddyaila/Desktop/projects/Legal_Insights_Engine/.venv/lib/python3.11/site-packages/airflow/example_dags/example_kubernetes_executor.py
[2024-04-14T17:52:50.809-0400] {processor.py:183} INFO - Processing /Users/manideepakreddyaila/Desktop/projects/Legal_Insights_Engine/.venv/lib/python3.11/site-packages/airflow/example_dags/example_kubernetes_executor.py took 0.065 seconds
[2024-04-14T17:54:46.155-0400] {processor.py:161} INFO - Started process (PID=36661) to work on /Users/manideepakreddyaila/Desktop/projects/Legal_Insights_Engine/.venv/lib/python3.11/site-packages/airflow/example_dags/example_kubernetes_executor.py
[2024-04-14T17:54:46.155-0400] {processor.py:830} INFO - Processing file /Users/manideepakreddyaila/Desktop/projects/Legal_Insights_Engine/.venv/lib/python3.11/site-packages/airflow/example_dags/example_kubernetes_executor.py for tasks to queue
[2024-04-14T17:54:46.156-0400] {logging_mixin.py:188} INFO - [2024-04-14T17:54:46.156-0400] {dagbag.py:540} INFO - Filling up the DagBag from /Users/manideepakreddyaila/Desktop/projects/Legal_Insights_Engine/.venv/lib/python3.11/site-packages/airflow/example_dags/example_kubernetes_executor.py
[2024-04-14T17:54:46.194-0400] {logging_mixin.py:188} INFO - [2024-04-14T17:54:46.194-0400] {example_kubernetes_executor.py:39} WARNING - The example_kubernetes_executor example DAG requires the kubernetes provider. Please install it with: pip install apache-airflow[cncf.kubernetes]
[2024-04-14T17:54:46.194-0400] {processor.py:842} WARNING - No viable dags retrieved from /Users/manideepakreddyaila/Desktop/projects/Legal_Insights_Engine/.venv/lib/python3.11/site-packages/airflow/example_dags/example_kubernetes_executor.py
[2024-04-14T17:54:46.220-0400] {processor.py:183} INFO - Processing /Users/manideepakreddyaila/Desktop/projects/Legal_Insights_Engine/.venv/lib/python3.11/site-packages/airflow/example_dags/example_kubernetes_executor.py took 0.066 seconds
[2024-04-14T17:56:38.653-0400] {processor.py:161} INFO - Started process (PID=36799) to work on /Users/manideepakreddyaila/Desktop/projects/Legal_Insights_Engine/.venv/lib/python3.11/site-packages/airflow/example_dags/example_kubernetes_executor.py
[2024-04-14T17:56:38.653-0400] {processor.py:830} INFO - Processing file /Users/manideepakreddyaila/Desktop/projects/Legal_Insights_Engine/.venv/lib/python3.11/site-packages/airflow/example_dags/example_kubernetes_executor.py for tasks to queue
[2024-04-14T17:56:38.654-0400] {logging_mixin.py:188} INFO - [2024-04-14T17:56:38.654-0400] {dagbag.py:540} INFO - Filling up the DagBag from /Users/manideepakreddyaila/Desktop/projects/Legal_Insights_Engine/.venv/lib/python3.11/site-packages/airflow/example_dags/example_kubernetes_executor.py
[2024-04-14T17:56:38.692-0400] {logging_mixin.py:188} INFO - [2024-04-14T17:56:38.692-0400] {example_kubernetes_executor.py:39} WARNING - The example_kubernetes_executor example DAG requires the kubernetes provider. Please install it with: pip install apache-airflow[cncf.kubernetes]
[2024-04-14T17:56:38.692-0400] {processor.py:842} WARNING - No viable dags retrieved from /Users/manideepakreddyaila/Desktop/projects/Legal_Insights_Engine/.venv/lib/python3.11/site-packages/airflow/example_dags/example_kubernetes_executor.py
[2024-04-14T17:56:38.718-0400] {processor.py:183} INFO - Processing /Users/manideepakreddyaila/Desktop/projects/Legal_Insights_Engine/.venv/lib/python3.11/site-packages/airflow/example_dags/example_kubernetes_executor.py took 0.066 seconds
[2024-04-14T17:58:37.682-0400] {processor.py:161} INFO - Started process (PID=36896) to work on /Users/manideepakreddyaila/Desktop/projects/Legal_Insights_Engine/.venv/lib/python3.11/site-packages/airflow/example_dags/example_kubernetes_executor.py
[2024-04-14T17:58:37.682-0400] {processor.py:830} INFO - Processing file /Users/manideepakreddyaila/Desktop/projects/Legal_Insights_Engine/.venv/lib/python3.11/site-packages/airflow/example_dags/example_kubernetes_executor.py for tasks to queue
[2024-04-14T17:58:37.683-0400] {logging_mixin.py:188} INFO - [2024-04-14T17:58:37.683-0400] {dagbag.py:540} INFO - Filling up the DagBag from /Users/manideepakreddyaila/Desktop/projects/Legal_Insights_Engine/.venv/lib/python3.11/site-packages/airflow/example_dags/example_kubernetes_executor.py
[2024-04-14T17:58:37.722-0400] {logging_mixin.py:188} INFO - [2024-04-14T17:58:37.722-0400] {example_kubernetes_executor.py:39} WARNING - The example_kubernetes_executor example DAG requires the kubernetes provider. Please install it with: pip install apache-airflow[cncf.kubernetes]
[2024-04-14T17:58:37.722-0400] {processor.py:842} WARNING - No viable dags retrieved from /Users/manideepakreddyaila/Desktop/projects/Legal_Insights_Engine/.venv/lib/python3.11/site-packages/airflow/example_dags/example_kubernetes_executor.py
[2024-04-14T17:58:37.748-0400] {processor.py:183} INFO - Processing /Users/manideepakreddyaila/Desktop/projects/Legal_Insights_Engine/.venv/lib/python3.11/site-packages/airflow/example_dags/example_kubernetes_executor.py took 0.067 seconds
[2024-04-14T18:00:31.198-0400] {processor.py:161} INFO - Started process (PID=36993) to work on /Users/manideepakreddyaila/Desktop/projects/Legal_Insights_Engine/.venv/lib/python3.11/site-packages/airflow/example_dags/example_kubernetes_executor.py
[2024-04-14T18:00:31.199-0400] {processor.py:830} INFO - Processing file /Users/manideepakreddyaila/Desktop/projects/Legal_Insights_Engine/.venv/lib/python3.11/site-packages/airflow/example_dags/example_kubernetes_executor.py for tasks to queue
[2024-04-14T18:00:31.200-0400] {logging_mixin.py:188} INFO - [2024-04-14T18:00:31.199-0400] {dagbag.py:540} INFO - Filling up the DagBag from /Users/manideepakreddyaila/Desktop/projects/Legal_Insights_Engine/.venv/lib/python3.11/site-packages/airflow/example_dags/example_kubernetes_executor.py
[2024-04-14T18:00:31.241-0400] {logging_mixin.py:188} INFO - [2024-04-14T18:00:31.240-0400] {example_kubernetes_executor.py:39} WARNING - The example_kubernetes_executor example DAG requires the kubernetes provider. Please install it with: pip install apache-airflow[cncf.kubernetes]
[2024-04-14T18:00:31.241-0400] {processor.py:842} WARNING - No viable dags retrieved from /Users/manideepakreddyaila/Desktop/projects/Legal_Insights_Engine/.venv/lib/python3.11/site-packages/airflow/example_dags/example_kubernetes_executor.py
[2024-04-14T18:00:31.271-0400] {processor.py:183} INFO - Processing /Users/manideepakreddyaila/Desktop/projects/Legal_Insights_Engine/.venv/lib/python3.11/site-packages/airflow/example_dags/example_kubernetes_executor.py took 0.073 seconds
[2024-04-14T18:02:34.561-0400] {processor.py:161} INFO - Started process (PID=37092) to work on /Users/manideepakreddyaila/Desktop/projects/Legal_Insights_Engine/.venv/lib/python3.11/site-packages/airflow/example_dags/example_kubernetes_executor.py
[2024-04-14T18:02:34.561-0400] {processor.py:830} INFO - Processing file /Users/manideepakreddyaila/Desktop/projects/Legal_Insights_Engine/.venv/lib/python3.11/site-packages/airflow/example_dags/example_kubernetes_executor.py for tasks to queue
[2024-04-14T18:02:34.562-0400] {logging_mixin.py:188} INFO - [2024-04-14T18:02:34.562-0400] {dagbag.py:540} INFO - Filling up the DagBag from /Users/manideepakreddyaila/Desktop/projects/Legal_Insights_Engine/.venv/lib/python3.11/site-packages/airflow/example_dags/example_kubernetes_executor.py
[2024-04-14T18:02:34.602-0400] {logging_mixin.py:188} INFO - [2024-04-14T18:02:34.601-0400] {example_kubernetes_executor.py:39} WARNING - The example_kubernetes_executor example DAG requires the kubernetes provider. Please install it with: pip install apache-airflow[cncf.kubernetes]
[2024-04-14T18:02:34.602-0400] {processor.py:842} WARNING - No viable dags retrieved from /Users/manideepakreddyaila/Desktop/projects/Legal_Insights_Engine/.venv/lib/python3.11/site-packages/airflow/example_dags/example_kubernetes_executor.py
[2024-04-14T18:02:34.627-0400] {processor.py:183} INFO - Processing /Users/manideepakreddyaila/Desktop/projects/Legal_Insights_Engine/.venv/lib/python3.11/site-packages/airflow/example_dags/example_kubernetes_executor.py took 0.067 seconds
[2024-04-14T18:04:30.140-0400] {processor.py:161} INFO - Started process (PID=37182) to work on /Users/manideepakreddyaila/Desktop/projects/Legal_Insights_Engine/.venv/lib/python3.11/site-packages/airflow/example_dags/example_kubernetes_executor.py
[2024-04-14T18:04:30.140-0400] {processor.py:830} INFO - Processing file /Users/manideepakreddyaila/Desktop/projects/Legal_Insights_Engine/.venv/lib/python3.11/site-packages/airflow/example_dags/example_kubernetes_executor.py for tasks to queue
[2024-04-14T18:04:30.140-0400] {logging_mixin.py:188} INFO - [2024-04-14T18:04:30.140-0400] {dagbag.py:540} INFO - Filling up the DagBag from /Users/manideepakreddyaila/Desktop/projects/Legal_Insights_Engine/.venv/lib/python3.11/site-packages/airflow/example_dags/example_kubernetes_executor.py
[2024-04-14T18:04:30.178-0400] {logging_mixin.py:188} INFO - [2024-04-14T18:04:30.178-0400] {example_kubernetes_executor.py:39} WARNING - The example_kubernetes_executor example DAG requires the kubernetes provider. Please install it with: pip install apache-airflow[cncf.kubernetes]
[2024-04-14T18:04:30.178-0400] {processor.py:842} WARNING - No viable dags retrieved from /Users/manideepakreddyaila/Desktop/projects/Legal_Insights_Engine/.venv/lib/python3.11/site-packages/airflow/example_dags/example_kubernetes_executor.py
[2024-04-14T18:04:30.203-0400] {processor.py:183} INFO - Processing /Users/manideepakreddyaila/Desktop/projects/Legal_Insights_Engine/.venv/lib/python3.11/site-packages/airflow/example_dags/example_kubernetes_executor.py took 0.065 seconds
[2024-04-14T18:06:28.541-0400] {processor.py:161} INFO - Started process (PID=37278) to work on /Users/manideepakreddyaila/Desktop/projects/Legal_Insights_Engine/.venv/lib/python3.11/site-packages/airflow/example_dags/example_kubernetes_executor.py
[2024-04-14T18:06:28.542-0400] {processor.py:830} INFO - Processing file /Users/manideepakreddyaila/Desktop/projects/Legal_Insights_Engine/.venv/lib/python3.11/site-packages/airflow/example_dags/example_kubernetes_executor.py for tasks to queue
[2024-04-14T18:06:28.542-0400] {logging_mixin.py:188} INFO - [2024-04-14T18:06:28.542-0400] {dagbag.py:540} INFO - Filling up the DagBag from /Users/manideepakreddyaila/Desktop/projects/Legal_Insights_Engine/.venv/lib/python3.11/site-packages/airflow/example_dags/example_kubernetes_executor.py
[2024-04-14T18:06:28.580-0400] {logging_mixin.py:188} INFO - [2024-04-14T18:06:28.580-0400] {example_kubernetes_executor.py:39} WARNING - The example_kubernetes_executor example DAG requires the kubernetes provider. Please install it with: pip install apache-airflow[cncf.kubernetes]
[2024-04-14T18:06:28.580-0400] {processor.py:842} WARNING - No viable dags retrieved from /Users/manideepakreddyaila/Desktop/projects/Legal_Insights_Engine/.venv/lib/python3.11/site-packages/airflow/example_dags/example_kubernetes_executor.py
[2024-04-14T18:06:28.606-0400] {processor.py:183} INFO - Processing /Users/manideepakreddyaila/Desktop/projects/Legal_Insights_Engine/.venv/lib/python3.11/site-packages/airflow/example_dags/example_kubernetes_executor.py took 0.066 seconds
[2024-04-14T18:08:27.443-0400] {processor.py:161} INFO - Started process (PID=37383) to work on /Users/manideepakreddyaila/Desktop/projects/Legal_Insights_Engine/.venv/lib/python3.11/site-packages/airflow/example_dags/example_kubernetes_executor.py
[2024-04-14T18:08:27.444-0400] {processor.py:830} INFO - Processing file /Users/manideepakreddyaila/Desktop/projects/Legal_Insights_Engine/.venv/lib/python3.11/site-packages/airflow/example_dags/example_kubernetes_executor.py for tasks to queue
[2024-04-14T18:08:27.444-0400] {logging_mixin.py:188} INFO - [2024-04-14T18:08:27.444-0400] {dagbag.py:540} INFO - Filling up the DagBag from /Users/manideepakreddyaila/Desktop/projects/Legal_Insights_Engine/.venv/lib/python3.11/site-packages/airflow/example_dags/example_kubernetes_executor.py
[2024-04-14T18:08:27.482-0400] {logging_mixin.py:188} INFO - [2024-04-14T18:08:27.482-0400] {example_kubernetes_executor.py:39} WARNING - The example_kubernetes_executor example DAG requires the kubernetes provider. Please install it with: pip install apache-airflow[cncf.kubernetes]
[2024-04-14T18:08:27.482-0400] {processor.py:842} WARNING - No viable dags retrieved from /Users/manideepakreddyaila/Desktop/projects/Legal_Insights_Engine/.venv/lib/python3.11/site-packages/airflow/example_dags/example_kubernetes_executor.py
[2024-04-14T18:08:27.509-0400] {processor.py:183} INFO - Processing /Users/manideepakreddyaila/Desktop/projects/Legal_Insights_Engine/.venv/lib/python3.11/site-packages/airflow/example_dags/example_kubernetes_executor.py took 0.067 seconds
[2024-04-14T18:10:18.531-0400] {processor.py:161} INFO - Started process (PID=37482) to work on /Users/manideepakreddyaila/Desktop/projects/Legal_Insights_Engine/.venv/lib/python3.11/site-packages/airflow/example_dags/example_kubernetes_executor.py
[2024-04-14T18:10:18.532-0400] {processor.py:830} INFO - Processing file /Users/manideepakreddyaila/Desktop/projects/Legal_Insights_Engine/.venv/lib/python3.11/site-packages/airflow/example_dags/example_kubernetes_executor.py for tasks to queue
[2024-04-14T18:10:18.532-0400] {logging_mixin.py:188} INFO - [2024-04-14T18:10:18.532-0400] {dagbag.py:540} INFO - Filling up the DagBag from /Users/manideepakreddyaila/Desktop/projects/Legal_Insights_Engine/.venv/lib/python3.11/site-packages/airflow/example_dags/example_kubernetes_executor.py
[2024-04-14T18:10:18.570-0400] {logging_mixin.py:188} INFO - [2024-04-14T18:10:18.570-0400] {example_kubernetes_executor.py:39} WARNING - The example_kubernetes_executor example DAG requires the kubernetes provider. Please install it with: pip install apache-airflow[cncf.kubernetes]
[2024-04-14T18:10:18.570-0400] {processor.py:842} WARNING - No viable dags retrieved from /Users/manideepakreddyaila/Desktop/projects/Legal_Insights_Engine/.venv/lib/python3.11/site-packages/airflow/example_dags/example_kubernetes_executor.py
[2024-04-14T18:10:18.595-0400] {processor.py:183} INFO - Processing /Users/manideepakreddyaila/Desktop/projects/Legal_Insights_Engine/.venv/lib/python3.11/site-packages/airflow/example_dags/example_kubernetes_executor.py took 0.066 seconds
[2024-04-14T18:12:16.216-0400] {processor.py:161} INFO - Started process (PID=37594) to work on /Users/manideepakreddyaila/Desktop/projects/Legal_Insights_Engine/.venv/lib/python3.11/site-packages/airflow/example_dags/example_kubernetes_executor.py
[2024-04-14T18:12:16.217-0400] {processor.py:830} INFO - Processing file /Users/manideepakreddyaila/Desktop/projects/Legal_Insights_Engine/.venv/lib/python3.11/site-packages/airflow/example_dags/example_kubernetes_executor.py for tasks to queue
[2024-04-14T18:12:16.217-0400] {logging_mixin.py:188} INFO - [2024-04-14T18:12:16.217-0400] {dagbag.py:540} INFO - Filling up the DagBag from /Users/manideepakreddyaila/Desktop/projects/Legal_Insights_Engine/.venv/lib/python3.11/site-packages/airflow/example_dags/example_kubernetes_executor.py
[2024-04-14T18:12:16.255-0400] {logging_mixin.py:188} INFO - [2024-04-14T18:12:16.255-0400] {example_kubernetes_executor.py:39} WARNING - The example_kubernetes_executor example DAG requires the kubernetes provider. Please install it with: pip install apache-airflow[cncf.kubernetes]
[2024-04-14T18:12:16.255-0400] {processor.py:842} WARNING - No viable dags retrieved from /Users/manideepakreddyaila/Desktop/projects/Legal_Insights_Engine/.venv/lib/python3.11/site-packages/airflow/example_dags/example_kubernetes_executor.py
[2024-04-14T18:12:16.281-0400] {processor.py:183} INFO - Processing /Users/manideepakreddyaila/Desktop/projects/Legal_Insights_Engine/.venv/lib/python3.11/site-packages/airflow/example_dags/example_kubernetes_executor.py took 0.066 seconds
[2024-04-14T18:14:15.723-0400] {processor.py:161} INFO - Started process (PID=37693) to work on /Users/manideepakreddyaila/Desktop/projects/Legal_Insights_Engine/.venv/lib/python3.11/site-packages/airflow/example_dags/example_kubernetes_executor.py
[2024-04-14T18:14:15.724-0400] {processor.py:830} INFO - Processing file /Users/manideepakreddyaila/Desktop/projects/Legal_Insights_Engine/.venv/lib/python3.11/site-packages/airflow/example_dags/example_kubernetes_executor.py for tasks to queue
[2024-04-14T18:14:15.724-0400] {logging_mixin.py:188} INFO - [2024-04-14T18:14:15.724-0400] {dagbag.py:540} INFO - Filling up the DagBag from /Users/manideepakreddyaila/Desktop/projects/Legal_Insights_Engine/.venv/lib/python3.11/site-packages/airflow/example_dags/example_kubernetes_executor.py
[2024-04-14T18:14:15.763-0400] {logging_mixin.py:188} INFO - [2024-04-14T18:14:15.763-0400] {example_kubernetes_executor.py:39} WARNING - The example_kubernetes_executor example DAG requires the kubernetes provider. Please install it with: pip install apache-airflow[cncf.kubernetes]
[2024-04-14T18:14:15.763-0400] {processor.py:842} WARNING - No viable dags retrieved from /Users/manideepakreddyaila/Desktop/projects/Legal_Insights_Engine/.venv/lib/python3.11/site-packages/airflow/example_dags/example_kubernetes_executor.py
[2024-04-14T18:14:15.788-0400] {processor.py:183} INFO - Processing /Users/manideepakreddyaila/Desktop/projects/Legal_Insights_Engine/.venv/lib/python3.11/site-packages/airflow/example_dags/example_kubernetes_executor.py took 0.066 seconds
[2024-04-14T18:16:13.822-0400] {processor.py:161} INFO - Started process (PID=37795) to work on /Users/manideepakreddyaila/Desktop/projects/Legal_Insights_Engine/.venv/lib/python3.11/site-packages/airflow/example_dags/example_kubernetes_executor.py
[2024-04-14T18:16:13.823-0400] {processor.py:830} INFO - Processing file /Users/manideepakreddyaila/Desktop/projects/Legal_Insights_Engine/.venv/lib/python3.11/site-packages/airflow/example_dags/example_kubernetes_executor.py for tasks to queue
[2024-04-14T18:16:13.823-0400] {logging_mixin.py:188} INFO - [2024-04-14T18:16:13.823-0400] {dagbag.py:540} INFO - Filling up the DagBag from /Users/manideepakreddyaila/Desktop/projects/Legal_Insights_Engine/.venv/lib/python3.11/site-packages/airflow/example_dags/example_kubernetes_executor.py
[2024-04-14T18:16:13.869-0400] {logging_mixin.py:188} INFO - [2024-04-14T18:16:13.869-0400] {example_kubernetes_executor.py:39} WARNING - The example_kubernetes_executor example DAG requires the kubernetes provider. Please install it with: pip install apache-airflow[cncf.kubernetes]
[2024-04-14T18:16:13.869-0400] {processor.py:842} WARNING - No viable dags retrieved from /Users/manideepakreddyaila/Desktop/projects/Legal_Insights_Engine/.venv/lib/python3.11/site-packages/airflow/example_dags/example_kubernetes_executor.py
[2024-04-14T18:16:13.895-0400] {processor.py:183} INFO - Processing /Users/manideepakreddyaila/Desktop/projects/Legal_Insights_Engine/.venv/lib/python3.11/site-packages/airflow/example_dags/example_kubernetes_executor.py took 0.074 seconds
