[2024-04-13T20:06:55.479-0400] {processor.py:161} INFO - Started process (PID=31665) to work on /Users/manideepakreddyaila/Desktop/projects/Legal_Insights_Engine/.venv/lib/python3.11/site-packages/airflow/example_dags/example_python_operator.py
[2024-04-13T20:06:55.480-0400] {processor.py:830} INFO - Processing file /Users/manideepakreddyaila/Desktop/projects/Legal_Insights_Engine/.venv/lib/python3.11/site-packages/airflow/example_dags/example_python_operator.py for tasks to queue
[2024-04-13T20:06:55.480-0400] {logging_mixin.py:188} INFO - [2024-04-13T20:06:55.480-0400] {dagbag.py:540} INFO - Filling up the DagBag from /Users/manideepakreddyaila/Desktop/projects/Legal_Insights_Engine/.venv/lib/python3.11/site-packages/airflow/example_dags/example_python_operator.py
[2024-04-13T20:06:55.515-0400] {logging_mixin.py:188} INFO - [2024-04-13T20:06:55.515-0400] {example_python_operator.py:93} WARNING - The virtalenv_python example task requires virtualenv, please install it.
[2024-04-13T20:06:55.516-0400] {processor.py:840} INFO - DAG(s) 'example_python_operator' retrieved from /Users/manideepakreddyaila/Desktop/projects/Legal_Insights_Engine/.venv/lib/python3.11/site-packages/airflow/example_dags/example_python_operator.py
[2024-04-13T20:06:55.552-0400] {logging_mixin.py:188} INFO - [2024-04-13T20:06:55.552-0400] {dag.py:3096} INFO - Sync 1 DAGs
[2024-04-13T20:06:55.555-0400] {logging_mixin.py:188} INFO - [2024-04-13T20:06:55.555-0400] {dag.py:3954} INFO - Setting next_dagrun for example_python_operator to None, run_after=None
[2024-04-13T20:06:55.561-0400] {processor.py:183} INFO - Processing /Users/manideepakreddyaila/Desktop/projects/Legal_Insights_Engine/.venv/lib/python3.11/site-packages/airflow/example_dags/example_python_operator.py took 0.083 seconds
[2024-04-13T20:08:21.416-0400] {processor.py:161} INFO - Started process (PID=31731) to work on /Users/manideepakreddyaila/Desktop/projects/Legal_Insights_Engine/.venv/lib/python3.11/site-packages/airflow/example_dags/example_python_operator.py
[2024-04-13T20:08:21.417-0400] {processor.py:830} INFO - Processing file /Users/manideepakreddyaila/Desktop/projects/Legal_Insights_Engine/.venv/lib/python3.11/site-packages/airflow/example_dags/example_python_operator.py for tasks to queue
[2024-04-13T20:08:21.418-0400] {logging_mixin.py:188} INFO - [2024-04-13T20:08:21.418-0400] {dagbag.py:540} INFO - Filling up the DagBag from /Users/manideepakreddyaila/Desktop/projects/Legal_Insights_Engine/.venv/lib/python3.11/site-packages/airflow/example_dags/example_python_operator.py
[2024-04-13T20:08:21.451-0400] {logging_mixin.py:188} INFO - [2024-04-13T20:08:21.451-0400] {example_python_operator.py:93} WARNING - The virtalenv_python example task requires virtualenv, please install it.
[2024-04-13T20:08:21.453-0400] {processor.py:840} INFO - DAG(s) 'example_python_operator' retrieved from /Users/manideepakreddyaila/Desktop/projects/Legal_Insights_Engine/.venv/lib/python3.11/site-packages/airflow/example_dags/example_python_operator.py
[2024-04-13T20:08:21.487-0400] {logging_mixin.py:188} INFO - [2024-04-13T20:08:21.487-0400] {dag.py:3096} INFO - Sync 1 DAGs
[2024-04-13T20:08:21.490-0400] {logging_mixin.py:188} INFO - [2024-04-13T20:08:21.490-0400] {dag.py:3954} INFO - Setting next_dagrun for example_python_operator to None, run_after=None
[2024-04-13T20:08:21.496-0400] {processor.py:183} INFO - Processing /Users/manideepakreddyaila/Desktop/projects/Legal_Insights_Engine/.venv/lib/python3.11/site-packages/airflow/example_dags/example_python_operator.py took 0.081 seconds
[2024-04-13T22:09:19.547-0400] {processor.py:161} INFO - Started process (PID=31878) to work on /Users/manideepakreddyaila/Desktop/projects/Legal_Insights_Engine/.venv/lib/python3.11/site-packages/airflow/example_dags/example_python_operator.py
[2024-04-13T22:09:19.548-0400] {processor.py:830} INFO - Processing file /Users/manideepakreddyaila/Desktop/projects/Legal_Insights_Engine/.venv/lib/python3.11/site-packages/airflow/example_dags/example_python_operator.py for tasks to queue
[2024-04-13T22:09:19.548-0400] {logging_mixin.py:188} INFO - [2024-04-13T22:09:19.548-0400] {dagbag.py:540} INFO - Filling up the DagBag from /Users/manideepakreddyaila/Desktop/projects/Legal_Insights_Engine/.venv/lib/python3.11/site-packages/airflow/example_dags/example_python_operator.py
[2024-04-13T22:09:19.584-0400] {logging_mixin.py:188} INFO - [2024-04-13T22:09:19.584-0400] {example_python_operator.py:93} WARNING - The virtalenv_python example task requires virtualenv, please install it.
[2024-04-13T22:09:19.585-0400] {processor.py:840} INFO - DAG(s) 'example_python_operator' retrieved from /Users/manideepakreddyaila/Desktop/projects/Legal_Insights_Engine/.venv/lib/python3.11/site-packages/airflow/example_dags/example_python_operator.py
[2024-04-13T22:09:19.620-0400] {logging_mixin.py:188} INFO - [2024-04-13T22:09:19.620-0400] {dag.py:3096} INFO - Sync 1 DAGs
[2024-04-13T22:09:19.623-0400] {logging_mixin.py:188} INFO - [2024-04-13T22:09:19.623-0400] {dag.py:3954} INFO - Setting next_dagrun for example_python_operator to None, run_after=None
[2024-04-13T22:09:19.630-0400] {processor.py:183} INFO - Processing /Users/manideepakreddyaila/Desktop/projects/Legal_Insights_Engine/.venv/lib/python3.11/site-packages/airflow/example_dags/example_python_operator.py took 0.083 seconds
[2024-04-14T00:46:46.805-0400] {processor.py:161} INFO - Started process (PID=32052) to work on /Users/manideepakreddyaila/Desktop/projects/Legal_Insights_Engine/.venv/lib/python3.11/site-packages/airflow/example_dags/example_python_operator.py
[2024-04-14T00:46:46.805-0400] {processor.py:830} INFO - Processing file /Users/manideepakreddyaila/Desktop/projects/Legal_Insights_Engine/.venv/lib/python3.11/site-packages/airflow/example_dags/example_python_operator.py for tasks to queue
[2024-04-14T00:46:46.806-0400] {logging_mixin.py:188} INFO - [2024-04-14T00:46:46.805-0400] {dagbag.py:540} INFO - Filling up the DagBag from /Users/manideepakreddyaila/Desktop/projects/Legal_Insights_Engine/.venv/lib/python3.11/site-packages/airflow/example_dags/example_python_operator.py
[2024-04-14T00:46:46.843-0400] {logging_mixin.py:188} INFO - [2024-04-14T00:46:46.843-0400] {example_python_operator.py:93} WARNING - The virtalenv_python example task requires virtualenv, please install it.
[2024-04-14T00:46:46.844-0400] {processor.py:840} INFO - DAG(s) 'example_python_operator' retrieved from /Users/manideepakreddyaila/Desktop/projects/Legal_Insights_Engine/.venv/lib/python3.11/site-packages/airflow/example_dags/example_python_operator.py
[2024-04-14T00:46:46.882-0400] {logging_mixin.py:188} INFO - [2024-04-14T00:46:46.882-0400] {dag.py:3096} INFO - Sync 1 DAGs
[2024-04-14T00:46:46.885-0400] {logging_mixin.py:188} INFO - [2024-04-14T00:46:46.885-0400] {dag.py:3954} INFO - Setting next_dagrun for example_python_operator to None, run_after=None
[2024-04-14T00:46:46.891-0400] {processor.py:183} INFO - Processing /Users/manideepakreddyaila/Desktop/projects/Legal_Insights_Engine/.venv/lib/python3.11/site-packages/airflow/example_dags/example_python_operator.py took 0.087 seconds
[2024-04-14T03:33:48.106-0400] {processor.py:161} INFO - Started process (PID=32290) to work on /Users/manideepakreddyaila/Desktop/projects/Legal_Insights_Engine/.venv/lib/python3.11/site-packages/airflow/example_dags/example_python_operator.py
[2024-04-14T03:33:48.106-0400] {processor.py:830} INFO - Processing file /Users/manideepakreddyaila/Desktop/projects/Legal_Insights_Engine/.venv/lib/python3.11/site-packages/airflow/example_dags/example_python_operator.py for tasks to queue
[2024-04-14T03:33:48.106-0400] {logging_mixin.py:188} INFO - [2024-04-14T03:33:48.106-0400] {dagbag.py:540} INFO - Filling up the DagBag from /Users/manideepakreddyaila/Desktop/projects/Legal_Insights_Engine/.venv/lib/python3.11/site-packages/airflow/example_dags/example_python_operator.py
[2024-04-14T03:33:48.142-0400] {logging_mixin.py:188} INFO - [2024-04-14T03:33:48.142-0400] {example_python_operator.py:93} WARNING - The virtalenv_python example task requires virtualenv, please install it.
[2024-04-14T03:33:48.143-0400] {processor.py:840} INFO - DAG(s) 'example_python_operator' retrieved from /Users/manideepakreddyaila/Desktop/projects/Legal_Insights_Engine/.venv/lib/python3.11/site-packages/airflow/example_dags/example_python_operator.py
[2024-04-14T03:33:48.178-0400] {logging_mixin.py:188} INFO - [2024-04-14T03:33:48.178-0400] {dag.py:3096} INFO - Sync 1 DAGs
[2024-04-14T03:33:48.181-0400] {logging_mixin.py:188} INFO - [2024-04-14T03:33:48.181-0400] {dag.py:3954} INFO - Setting next_dagrun for example_python_operator to None, run_after=None
[2024-04-14T03:33:48.187-0400] {processor.py:183} INFO - Processing /Users/manideepakreddyaila/Desktop/projects/Legal_Insights_Engine/.venv/lib/python3.11/site-packages/airflow/example_dags/example_python_operator.py took 0.083 seconds
[2024-04-14T06:15:24.670-0400] {processor.py:161} INFO - Started process (PID=32525) to work on /Users/manideepakreddyaila/Desktop/projects/Legal_Insights_Engine/.venv/lib/python3.11/site-packages/airflow/example_dags/example_python_operator.py
[2024-04-14T06:15:24.672-0400] {processor.py:830} INFO - Processing file /Users/manideepakreddyaila/Desktop/projects/Legal_Insights_Engine/.venv/lib/python3.11/site-packages/airflow/example_dags/example_python_operator.py for tasks to queue
[2024-04-14T06:15:24.672-0400] {logging_mixin.py:188} INFO - [2024-04-14T06:15:24.672-0400] {dagbag.py:540} INFO - Filling up the DagBag from /Users/manideepakreddyaila/Desktop/projects/Legal_Insights_Engine/.venv/lib/python3.11/site-packages/airflow/example_dags/example_python_operator.py
[2024-04-14T06:16:53.496-0400] {logging_mixin.py:188} INFO - [2024-04-14T06:16:53.496-0400] {example_python_operator.py:93} WARNING - The virtalenv_python example task requires virtualenv, please install it.
[2024-04-14T06:16:53.499-0400] {processor.py:840} INFO - DAG(s) 'example_python_operator' retrieved from /Users/manideepakreddyaila/Desktop/projects/Legal_Insights_Engine/.venv/lib/python3.11/site-packages/airflow/example_dags/example_python_operator.py
[2024-04-14T06:16:53.548-0400] {logging_mixin.py:188} INFO - [2024-04-14T06:16:53.548-0400] {dag.py:3096} INFO - Sync 1 DAGs
[2024-04-14T06:16:53.554-0400] {logging_mixin.py:188} INFO - [2024-04-14T06:16:53.553-0400] {dag.py:3954} INFO - Setting next_dagrun for example_python_operator to None, run_after=None
[2024-04-14T06:16:53.566-0400] {processor.py:183} INFO - Processing /Users/manideepakreddyaila/Desktop/projects/Legal_Insights_Engine/.venv/lib/python3.11/site-packages/airflow/example_dags/example_python_operator.py took 0.434 seconds
[2024-04-14T08:09:29.280-0400] {processor.py:161} INFO - Started process (PID=32710) to work on /Users/manideepakreddyaila/Desktop/projects/Legal_Insights_Engine/.venv/lib/python3.11/site-packages/airflow/example_dags/example_python_operator.py
[2024-04-14T08:09:29.282-0400] {processor.py:830} INFO - Processing file /Users/manideepakreddyaila/Desktop/projects/Legal_Insights_Engine/.venv/lib/python3.11/site-packages/airflow/example_dags/example_python_operator.py for tasks to queue
[2024-04-14T08:09:29.282-0400] {logging_mixin.py:188} INFO - [2024-04-14T08:09:29.282-0400] {dagbag.py:540} INFO - Filling up the DagBag from /Users/manideepakreddyaila/Desktop/projects/Legal_Insights_Engine/.venv/lib/python3.11/site-packages/airflow/example_dags/example_python_operator.py
[2024-04-14T08:09:29.329-0400] {logging_mixin.py:188} INFO - [2024-04-14T08:09:29.329-0400] {example_python_operator.py:93} WARNING - The virtalenv_python example task requires virtualenv, please install it.
[2024-04-14T08:09:29.331-0400] {processor.py:840} INFO - DAG(s) 'example_python_operator' retrieved from /Users/manideepakreddyaila/Desktop/projects/Legal_Insights_Engine/.venv/lib/python3.11/site-packages/airflow/example_dags/example_python_operator.py
[2024-04-14T08:09:29.376-0400] {logging_mixin.py:188} INFO - [2024-04-14T08:09:29.376-0400] {dag.py:3096} INFO - Sync 1 DAGs
[2024-04-14T08:09:29.380-0400] {logging_mixin.py:188} INFO - [2024-04-14T08:09:29.380-0400] {dag.py:3954} INFO - Setting next_dagrun for example_python_operator to None, run_after=None
[2024-04-14T08:09:29.387-0400] {processor.py:183} INFO - Processing /Users/manideepakreddyaila/Desktop/projects/Legal_Insights_Engine/.venv/lib/python3.11/site-packages/airflow/example_dags/example_python_operator.py took 0.108 seconds
[2024-04-14T08:14:51.318-0400] {processor.py:161} INFO - Started process (PID=32825) to work on /Users/manideepakreddyaila/Desktop/projects/Legal_Insights_Engine/.venv/lib/python3.11/site-packages/airflow/example_dags/example_python_operator.py
[2024-04-14T08:14:51.319-0400] {processor.py:830} INFO - Processing file /Users/manideepakreddyaila/Desktop/projects/Legal_Insights_Engine/.venv/lib/python3.11/site-packages/airflow/example_dags/example_python_operator.py for tasks to queue
[2024-04-14T08:14:51.319-0400] {logging_mixin.py:188} INFO - [2024-04-14T08:14:51.319-0400] {dagbag.py:540} INFO - Filling up the DagBag from /Users/manideepakreddyaila/Desktop/projects/Legal_Insights_Engine/.venv/lib/python3.11/site-packages/airflow/example_dags/example_python_operator.py
[2024-04-14T08:14:51.357-0400] {logging_mixin.py:188} INFO - [2024-04-14T08:14:51.357-0400] {example_python_operator.py:93} WARNING - The virtalenv_python example task requires virtualenv, please install it.
[2024-04-14T08:14:51.358-0400] {processor.py:840} INFO - DAG(s) 'example_python_operator' retrieved from /Users/manideepakreddyaila/Desktop/projects/Legal_Insights_Engine/.venv/lib/python3.11/site-packages/airflow/example_dags/example_python_operator.py
[2024-04-14T08:14:51.393-0400] {logging_mixin.py:188} INFO - [2024-04-14T08:14:51.393-0400] {dag.py:3096} INFO - Sync 1 DAGs
[2024-04-14T08:14:51.396-0400] {logging_mixin.py:188} INFO - [2024-04-14T08:14:51.396-0400] {dag.py:3954} INFO - Setting next_dagrun for example_python_operator to None, run_after=None
[2024-04-14T08:14:51.403-0400] {processor.py:183} INFO - Processing /Users/manideepakreddyaila/Desktop/projects/Legal_Insights_Engine/.venv/lib/python3.11/site-packages/airflow/example_dags/example_python_operator.py took 0.086 seconds
[2024-04-14T08:21:48.626-0400] {processor.py:161} INFO - Started process (PID=32951) to work on /Users/manideepakreddyaila/Desktop/projects/Legal_Insights_Engine/.venv/lib/python3.11/site-packages/airflow/example_dags/example_python_operator.py
[2024-04-14T08:21:48.627-0400] {processor.py:830} INFO - Processing file /Users/manideepakreddyaila/Desktop/projects/Legal_Insights_Engine/.venv/lib/python3.11/site-packages/airflow/example_dags/example_python_operator.py for tasks to queue
[2024-04-14T08:21:48.627-0400] {logging_mixin.py:188} INFO - [2024-04-14T08:21:48.627-0400] {dagbag.py:540} INFO - Filling up the DagBag from /Users/manideepakreddyaila/Desktop/projects/Legal_Insights_Engine/.venv/lib/python3.11/site-packages/airflow/example_dags/example_python_operator.py
[2024-04-14T08:21:48.664-0400] {logging_mixin.py:188} INFO - [2024-04-14T08:21:48.664-0400] {example_python_operator.py:93} WARNING - The virtalenv_python example task requires virtualenv, please install it.
[2024-04-14T08:21:48.666-0400] {processor.py:840} INFO - DAG(s) 'example_python_operator' retrieved from /Users/manideepakreddyaila/Desktop/projects/Legal_Insights_Engine/.venv/lib/python3.11/site-packages/airflow/example_dags/example_python_operator.py
[2024-04-14T08:21:48.702-0400] {logging_mixin.py:188} INFO - [2024-04-14T08:21:48.701-0400] {dag.py:3096} INFO - Sync 1 DAGs
[2024-04-14T08:21:48.704-0400] {logging_mixin.py:188} INFO - [2024-04-14T08:21:48.704-0400] {dag.py:3954} INFO - Setting next_dagrun for example_python_operator to None, run_after=None
[2024-04-14T08:21:48.710-0400] {processor.py:183} INFO - Processing /Users/manideepakreddyaila/Desktop/projects/Legal_Insights_Engine/.venv/lib/python3.11/site-packages/airflow/example_dags/example_python_operator.py took 0.085 seconds
[2024-04-14T11:21:51.922-0400] {processor.py:161} INFO - Started process (PID=33118) to work on /Users/manideepakreddyaila/Desktop/projects/Legal_Insights_Engine/.venv/lib/python3.11/site-packages/airflow/example_dags/example_python_operator.py
[2024-04-14T11:21:51.928-0400] {processor.py:830} INFO - Processing file /Users/manideepakreddyaila/Desktop/projects/Legal_Insights_Engine/.venv/lib/python3.11/site-packages/airflow/example_dags/example_python_operator.py for tasks to queue
[2024-04-14T11:21:51.931-0400] {logging_mixin.py:188} INFO - [2024-04-14T11:21:51.930-0400] {dagbag.py:540} INFO - Filling up the DagBag from /Users/manideepakreddyaila/Desktop/projects/Legal_Insights_Engine/.venv/lib/python3.11/site-packages/airflow/example_dags/example_python_operator.py
[2024-04-14T11:21:52.072-0400] {logging_mixin.py:188} INFO - [2024-04-14T11:21:52.071-0400] {example_python_operator.py:93} WARNING - The virtalenv_python example task requires virtualenv, please install it.
[2024-04-14T11:21:52.081-0400] {processor.py:840} INFO - DAG(s) 'example_python_operator' retrieved from /Users/manideepakreddyaila/Desktop/projects/Legal_Insights_Engine/.venv/lib/python3.11/site-packages/airflow/example_dags/example_python_operator.py
[2024-04-14T11:21:52.237-0400] {logging_mixin.py:188} INFO - [2024-04-14T11:21:52.237-0400] {dag.py:3096} INFO - Sync 1 DAGs
[2024-04-14T11:21:52.250-0400] {logging_mixin.py:188} INFO - [2024-04-14T11:21:52.250-0400] {dag.py:3954} INFO - Setting next_dagrun for example_python_operator to None, run_after=None
[2024-04-14T11:21:52.260-0400] {processor.py:183} INFO - Processing /Users/manideepakreddyaila/Desktop/projects/Legal_Insights_Engine/.venv/lib/python3.11/site-packages/airflow/example_dags/example_python_operator.py took 0.344 seconds
[2024-04-14T12:06:41.608-0400] {processor.py:161} INFO - Started process (PID=33257) to work on /Users/manideepakreddyaila/Desktop/projects/Legal_Insights_Engine/.venv/lib/python3.11/site-packages/airflow/example_dags/example_python_operator.py
[2024-04-14T12:06:41.609-0400] {processor.py:830} INFO - Processing file /Users/manideepakreddyaila/Desktop/projects/Legal_Insights_Engine/.venv/lib/python3.11/site-packages/airflow/example_dags/example_python_operator.py for tasks to queue
[2024-04-14T12:06:41.609-0400] {logging_mixin.py:188} INFO - [2024-04-14T12:06:41.609-0400] {dagbag.py:540} INFO - Filling up the DagBag from /Users/manideepakreddyaila/Desktop/projects/Legal_Insights_Engine/.venv/lib/python3.11/site-packages/airflow/example_dags/example_python_operator.py
[2024-04-14T12:06:41.643-0400] {logging_mixin.py:188} INFO - [2024-04-14T12:06:41.643-0400] {example_python_operator.py:93} WARNING - The virtalenv_python example task requires virtualenv, please install it.
[2024-04-14T12:06:41.644-0400] {processor.py:840} INFO - DAG(s) 'example_python_operator' retrieved from /Users/manideepakreddyaila/Desktop/projects/Legal_Insights_Engine/.venv/lib/python3.11/site-packages/airflow/example_dags/example_python_operator.py
[2024-04-14T12:06:41.678-0400] {logging_mixin.py:188} INFO - [2024-04-14T12:06:41.678-0400] {dag.py:3096} INFO - Sync 1 DAGs
[2024-04-14T12:06:41.681-0400] {logging_mixin.py:188} INFO - [2024-04-14T12:06:41.681-0400] {dag.py:3954} INFO - Setting next_dagrun for example_python_operator to None, run_after=None
[2024-04-14T12:06:41.687-0400] {processor.py:183} INFO - Processing /Users/manideepakreddyaila/Desktop/projects/Legal_Insights_Engine/.venv/lib/python3.11/site-packages/airflow/example_dags/example_python_operator.py took 0.080 seconds
[2024-04-14T13:56:19.783-0400] {processor.py:161} INFO - Started process (PID=33421) to work on /Users/manideepakreddyaila/Desktop/projects/Legal_Insights_Engine/.venv/lib/python3.11/site-packages/airflow/example_dags/example_python_operator.py
[2024-04-14T13:56:19.783-0400] {processor.py:830} INFO - Processing file /Users/manideepakreddyaila/Desktop/projects/Legal_Insights_Engine/.venv/lib/python3.11/site-packages/airflow/example_dags/example_python_operator.py for tasks to queue
[2024-04-14T13:56:19.783-0400] {logging_mixin.py:188} INFO - [2024-04-14T13:56:19.783-0400] {dagbag.py:540} INFO - Filling up the DagBag from /Users/manideepakreddyaila/Desktop/projects/Legal_Insights_Engine/.venv/lib/python3.11/site-packages/airflow/example_dags/example_python_operator.py
[2024-04-14T13:56:19.818-0400] {logging_mixin.py:188} INFO - [2024-04-14T13:56:19.818-0400] {example_python_operator.py:93} WARNING - The virtalenv_python example task requires virtualenv, please install it.
[2024-04-14T13:56:19.819-0400] {processor.py:840} INFO - DAG(s) 'example_python_operator' retrieved from /Users/manideepakreddyaila/Desktop/projects/Legal_Insights_Engine/.venv/lib/python3.11/site-packages/airflow/example_dags/example_python_operator.py
[2024-04-14T13:56:19.855-0400] {logging_mixin.py:188} INFO - [2024-04-14T13:56:19.855-0400] {dag.py:3096} INFO - Sync 1 DAGs
[2024-04-14T13:56:19.858-0400] {logging_mixin.py:188} INFO - [2024-04-14T13:56:19.858-0400] {dag.py:3954} INFO - Setting next_dagrun for example_python_operator to None, run_after=None
[2024-04-14T13:56:19.864-0400] {processor.py:183} INFO - Processing /Users/manideepakreddyaila/Desktop/projects/Legal_Insights_Engine/.venv/lib/python3.11/site-packages/airflow/example_dags/example_python_operator.py took 0.082 seconds
[2024-04-14T15:42:33.992-0400] {processor.py:161} INFO - Started process (PID=33595) to work on /Users/manideepakreddyaila/Desktop/projects/Legal_Insights_Engine/.venv/lib/python3.11/site-packages/airflow/example_dags/example_python_operator.py
[2024-04-14T15:42:33.993-0400] {processor.py:830} INFO - Processing file /Users/manideepakreddyaila/Desktop/projects/Legal_Insights_Engine/.venv/lib/python3.11/site-packages/airflow/example_dags/example_python_operator.py for tasks to queue
[2024-04-14T15:42:33.994-0400] {logging_mixin.py:188} INFO - [2024-04-14T15:42:33.993-0400] {dagbag.py:540} INFO - Filling up the DagBag from /Users/manideepakreddyaila/Desktop/projects/Legal_Insights_Engine/.venv/lib/python3.11/site-packages/airflow/example_dags/example_python_operator.py
[2024-04-14T15:42:34.027-0400] {logging_mixin.py:188} INFO - [2024-04-14T15:42:34.027-0400] {example_python_operator.py:93} WARNING - The virtalenv_python example task requires virtualenv, please install it.
[2024-04-14T15:42:34.028-0400] {processor.py:840} INFO - DAG(s) 'example_python_operator' retrieved from /Users/manideepakreddyaila/Desktop/projects/Legal_Insights_Engine/.venv/lib/python3.11/site-packages/airflow/example_dags/example_python_operator.py
[2024-04-14T15:42:34.062-0400] {logging_mixin.py:188} INFO - [2024-04-14T15:42:34.062-0400] {dag.py:3096} INFO - Sync 1 DAGs
[2024-04-14T15:42:34.065-0400] {logging_mixin.py:188} INFO - [2024-04-14T15:42:34.065-0400] {dag.py:3954} INFO - Setting next_dagrun for example_python_operator to None, run_after=None
[2024-04-14T15:42:34.071-0400] {processor.py:183} INFO - Processing /Users/manideepakreddyaila/Desktop/projects/Legal_Insights_Engine/.venv/lib/python3.11/site-packages/airflow/example_dags/example_python_operator.py took 0.080 seconds
[2024-04-14T16:36:54.289-0400] {processor.py:161} INFO - Started process (PID=33763) to work on /Users/manideepakreddyaila/Desktop/projects/Legal_Insights_Engine/.venv/lib/python3.11/site-packages/airflow/example_dags/example_python_operator.py
[2024-04-14T16:36:54.290-0400] {processor.py:830} INFO - Processing file /Users/manideepakreddyaila/Desktop/projects/Legal_Insights_Engine/.venv/lib/python3.11/site-packages/airflow/example_dags/example_python_operator.py for tasks to queue
[2024-04-14T16:36:54.290-0400] {logging_mixin.py:188} INFO - [2024-04-14T16:36:54.290-0400] {dagbag.py:540} INFO - Filling up the DagBag from /Users/manideepakreddyaila/Desktop/projects/Legal_Insights_Engine/.venv/lib/python3.11/site-packages/airflow/example_dags/example_python_operator.py
[2024-04-14T16:36:54.325-0400] {logging_mixin.py:188} INFO - [2024-04-14T16:36:54.325-0400] {example_python_operator.py:93} WARNING - The virtalenv_python example task requires virtualenv, please install it.
[2024-04-14T16:36:54.326-0400] {processor.py:840} INFO - DAG(s) 'example_python_operator' retrieved from /Users/manideepakreddyaila/Desktop/projects/Legal_Insights_Engine/.venv/lib/python3.11/site-packages/airflow/example_dags/example_python_operator.py
[2024-04-14T16:36:54.361-0400] {logging_mixin.py:188} INFO - [2024-04-14T16:36:54.361-0400] {dag.py:3096} INFO - Sync 1 DAGs
[2024-04-14T16:36:54.365-0400] {logging_mixin.py:188} INFO - [2024-04-14T16:36:54.365-0400] {dag.py:3954} INFO - Setting next_dagrun for example_python_operator to None, run_after=None
[2024-04-14T16:36:54.371-0400] {processor.py:183} INFO - Processing /Users/manideepakreddyaila/Desktop/projects/Legal_Insights_Engine/.venv/lib/python3.11/site-packages/airflow/example_dags/example_python_operator.py took 0.082 seconds
[2024-04-14T16:38:18.803-0400] {processor.py:161} INFO - Started process (PID=33825) to work on /Users/manideepakreddyaila/Desktop/projects/Legal_Insights_Engine/.venv/lib/python3.11/site-packages/airflow/example_dags/example_python_operator.py
[2024-04-14T16:38:18.804-0400] {processor.py:830} INFO - Processing file /Users/manideepakreddyaila/Desktop/projects/Legal_Insights_Engine/.venv/lib/python3.11/site-packages/airflow/example_dags/example_python_operator.py for tasks to queue
[2024-04-14T16:38:18.804-0400] {logging_mixin.py:188} INFO - [2024-04-14T16:38:18.804-0400] {dagbag.py:540} INFO - Filling up the DagBag from /Users/manideepakreddyaila/Desktop/projects/Legal_Insights_Engine/.venv/lib/python3.11/site-packages/airflow/example_dags/example_python_operator.py
[2024-04-14T16:38:18.839-0400] {logging_mixin.py:188} INFO - [2024-04-14T16:38:18.839-0400] {example_python_operator.py:93} WARNING - The virtalenv_python example task requires virtualenv, please install it.
[2024-04-14T16:38:18.841-0400] {processor.py:840} INFO - DAG(s) 'example_python_operator' retrieved from /Users/manideepakreddyaila/Desktop/projects/Legal_Insights_Engine/.venv/lib/python3.11/site-packages/airflow/example_dags/example_python_operator.py
[2024-04-14T16:38:18.877-0400] {logging_mixin.py:188} INFO - [2024-04-14T16:38:18.877-0400] {dag.py:3096} INFO - Sync 1 DAGs
[2024-04-14T16:38:18.880-0400] {logging_mixin.py:188} INFO - [2024-04-14T16:38:18.880-0400] {dag.py:3954} INFO - Setting next_dagrun for example_python_operator to None, run_after=None
[2024-04-14T16:38:18.886-0400] {processor.py:183} INFO - Processing /Users/manideepakreddyaila/Desktop/projects/Legal_Insights_Engine/.venv/lib/python3.11/site-packages/airflow/example_dags/example_python_operator.py took 0.084 seconds
[2024-04-14T16:40:16.495-0400] {processor.py:161} INFO - Started process (PID=33923) to work on /Users/manideepakreddyaila/Desktop/projects/Legal_Insights_Engine/.venv/lib/python3.11/site-packages/airflow/example_dags/example_python_operator.py
[2024-04-14T16:40:16.496-0400] {processor.py:830} INFO - Processing file /Users/manideepakreddyaila/Desktop/projects/Legal_Insights_Engine/.venv/lib/python3.11/site-packages/airflow/example_dags/example_python_operator.py for tasks to queue
[2024-04-14T16:40:16.497-0400] {logging_mixin.py:188} INFO - [2024-04-14T16:40:16.497-0400] {dagbag.py:540} INFO - Filling up the DagBag from /Users/manideepakreddyaila/Desktop/projects/Legal_Insights_Engine/.venv/lib/python3.11/site-packages/airflow/example_dags/example_python_operator.py
[2024-04-14T16:40:16.530-0400] {logging_mixin.py:188} INFO - [2024-04-14T16:40:16.530-0400] {example_python_operator.py:93} WARNING - The virtalenv_python example task requires virtualenv, please install it.
[2024-04-14T16:40:16.531-0400] {processor.py:840} INFO - DAG(s) 'example_python_operator' retrieved from /Users/manideepakreddyaila/Desktop/projects/Legal_Insights_Engine/.venv/lib/python3.11/site-packages/airflow/example_dags/example_python_operator.py
[2024-04-14T16:40:16.566-0400] {logging_mixin.py:188} INFO - [2024-04-14T16:40:16.566-0400] {dag.py:3096} INFO - Sync 1 DAGs
[2024-04-14T16:40:16.569-0400] {logging_mixin.py:188} INFO - [2024-04-14T16:40:16.569-0400] {dag.py:3954} INFO - Setting next_dagrun for example_python_operator to None, run_after=None
[2024-04-14T16:40:16.575-0400] {processor.py:183} INFO - Processing /Users/manideepakreddyaila/Desktop/projects/Legal_Insights_Engine/.venv/lib/python3.11/site-packages/airflow/example_dags/example_python_operator.py took 0.081 seconds
[2024-04-14T16:42:10.335-0400] {processor.py:161} INFO - Started process (PID=34019) to work on /Users/manideepakreddyaila/Desktop/projects/Legal_Insights_Engine/.venv/lib/python3.11/site-packages/airflow/example_dags/example_python_operator.py
[2024-04-14T16:42:10.338-0400] {processor.py:830} INFO - Processing file /Users/manideepakreddyaila/Desktop/projects/Legal_Insights_Engine/.venv/lib/python3.11/site-packages/airflow/example_dags/example_python_operator.py for tasks to queue
[2024-04-14T16:42:10.338-0400] {logging_mixin.py:188} INFO - [2024-04-14T16:42:10.338-0400] {dagbag.py:540} INFO - Filling up the DagBag from /Users/manideepakreddyaila/Desktop/projects/Legal_Insights_Engine/.venv/lib/python3.11/site-packages/airflow/example_dags/example_python_operator.py
[2024-04-14T16:42:10.373-0400] {logging_mixin.py:188} INFO - [2024-04-14T16:42:10.372-0400] {example_python_operator.py:93} WARNING - The virtalenv_python example task requires virtualenv, please install it.
[2024-04-14T16:42:10.374-0400] {processor.py:840} INFO - DAG(s) 'example_python_operator' retrieved from /Users/manideepakreddyaila/Desktop/projects/Legal_Insights_Engine/.venv/lib/python3.11/site-packages/airflow/example_dags/example_python_operator.py
[2024-04-14T16:42:10.411-0400] {logging_mixin.py:188} INFO - [2024-04-14T16:42:10.411-0400] {dag.py:3096} INFO - Sync 1 DAGs
[2024-04-14T16:42:10.415-0400] {logging_mixin.py:188} INFO - [2024-04-14T16:42:10.414-0400] {dag.py:3954} INFO - Setting next_dagrun for example_python_operator to None, run_after=None
[2024-04-14T16:42:10.421-0400] {processor.py:183} INFO - Processing /Users/manideepakreddyaila/Desktop/projects/Legal_Insights_Engine/.venv/lib/python3.11/site-packages/airflow/example_dags/example_python_operator.py took 0.087 seconds
[2024-04-14T16:44:10.125-0400] {processor.py:161} INFO - Started process (PID=34128) to work on /Users/manideepakreddyaila/Desktop/projects/Legal_Insights_Engine/.venv/lib/python3.11/site-packages/airflow/example_dags/example_python_operator.py
[2024-04-14T16:44:10.126-0400] {processor.py:830} INFO - Processing file /Users/manideepakreddyaila/Desktop/projects/Legal_Insights_Engine/.venv/lib/python3.11/site-packages/airflow/example_dags/example_python_operator.py for tasks to queue
[2024-04-14T16:44:10.126-0400] {logging_mixin.py:188} INFO - [2024-04-14T16:44:10.126-0400] {dagbag.py:540} INFO - Filling up the DagBag from /Users/manideepakreddyaila/Desktop/projects/Legal_Insights_Engine/.venv/lib/python3.11/site-packages/airflow/example_dags/example_python_operator.py
[2024-04-14T16:44:10.160-0400] {logging_mixin.py:188} INFO - [2024-04-14T16:44:10.160-0400] {example_python_operator.py:93} WARNING - The virtalenv_python example task requires virtualenv, please install it.
[2024-04-14T16:44:10.162-0400] {processor.py:840} INFO - DAG(s) 'example_python_operator' retrieved from /Users/manideepakreddyaila/Desktop/projects/Legal_Insights_Engine/.venv/lib/python3.11/site-packages/airflow/example_dags/example_python_operator.py
[2024-04-14T16:44:10.196-0400] {logging_mixin.py:188} INFO - [2024-04-14T16:44:10.196-0400] {dag.py:3096} INFO - Sync 1 DAGs
[2024-04-14T16:44:10.199-0400] {logging_mixin.py:188} INFO - [2024-04-14T16:44:10.199-0400] {dag.py:3954} INFO - Setting next_dagrun for example_python_operator to None, run_after=None
[2024-04-14T16:44:10.206-0400] {processor.py:183} INFO - Processing /Users/manideepakreddyaila/Desktop/projects/Legal_Insights_Engine/.venv/lib/python3.11/site-packages/airflow/example_dags/example_python_operator.py took 0.082 seconds
[2024-04-14T16:46:09.981-0400] {processor.py:161} INFO - Started process (PID=34231) to work on /Users/manideepakreddyaila/Desktop/projects/Legal_Insights_Engine/.venv/lib/python3.11/site-packages/airflow/example_dags/example_python_operator.py
[2024-04-14T16:46:09.982-0400] {processor.py:830} INFO - Processing file /Users/manideepakreddyaila/Desktop/projects/Legal_Insights_Engine/.venv/lib/python3.11/site-packages/airflow/example_dags/example_python_operator.py for tasks to queue
[2024-04-14T16:46:09.982-0400] {logging_mixin.py:188} INFO - [2024-04-14T16:46:09.982-0400] {dagbag.py:540} INFO - Filling up the DagBag from /Users/manideepakreddyaila/Desktop/projects/Legal_Insights_Engine/.venv/lib/python3.11/site-packages/airflow/example_dags/example_python_operator.py
[2024-04-14T16:46:10.017-0400] {logging_mixin.py:188} INFO - [2024-04-14T16:46:10.017-0400] {example_python_operator.py:93} WARNING - The virtalenv_python example task requires virtualenv, please install it.
[2024-04-14T16:46:10.018-0400] {processor.py:840} INFO - DAG(s) 'example_python_operator' retrieved from /Users/manideepakreddyaila/Desktop/projects/Legal_Insights_Engine/.venv/lib/python3.11/site-packages/airflow/example_dags/example_python_operator.py
[2024-04-14T16:46:10.054-0400] {logging_mixin.py:188} INFO - [2024-04-14T16:46:10.054-0400] {dag.py:3096} INFO - Sync 1 DAGs
[2024-04-14T16:46:10.057-0400] {logging_mixin.py:188} INFO - [2024-04-14T16:46:10.057-0400] {dag.py:3954} INFO - Setting next_dagrun for example_python_operator to None, run_after=None
[2024-04-14T16:46:10.063-0400] {processor.py:183} INFO - Processing /Users/manideepakreddyaila/Desktop/projects/Legal_Insights_Engine/.venv/lib/python3.11/site-packages/airflow/example_dags/example_python_operator.py took 0.083 seconds
[2024-04-14T16:48:06.990-0400] {processor.py:161} INFO - Started process (PID=34330) to work on /Users/manideepakreddyaila/Desktop/projects/Legal_Insights_Engine/.venv/lib/python3.11/site-packages/airflow/example_dags/example_python_operator.py
[2024-04-14T16:48:06.991-0400] {processor.py:830} INFO - Processing file /Users/manideepakreddyaila/Desktop/projects/Legal_Insights_Engine/.venv/lib/python3.11/site-packages/airflow/example_dags/example_python_operator.py for tasks to queue
[2024-04-14T16:48:06.991-0400] {logging_mixin.py:188} INFO - [2024-04-14T16:48:06.991-0400] {dagbag.py:540} INFO - Filling up the DagBag from /Users/manideepakreddyaila/Desktop/projects/Legal_Insights_Engine/.venv/lib/python3.11/site-packages/airflow/example_dags/example_python_operator.py
[2024-04-14T16:48:07.025-0400] {logging_mixin.py:188} INFO - [2024-04-14T16:48:07.025-0400] {example_python_operator.py:93} WARNING - The virtalenv_python example task requires virtualenv, please install it.
[2024-04-14T16:48:07.026-0400] {processor.py:840} INFO - DAG(s) 'example_python_operator' retrieved from /Users/manideepakreddyaila/Desktop/projects/Legal_Insights_Engine/.venv/lib/python3.11/site-packages/airflow/example_dags/example_python_operator.py
[2024-04-14T16:48:07.061-0400] {logging_mixin.py:188} INFO - [2024-04-14T16:48:07.061-0400] {dag.py:3096} INFO - Sync 1 DAGs
[2024-04-14T16:48:07.064-0400] {logging_mixin.py:188} INFO - [2024-04-14T16:48:07.064-0400] {dag.py:3954} INFO - Setting next_dagrun for example_python_operator to None, run_after=None
[2024-04-14T16:48:07.071-0400] {processor.py:183} INFO - Processing /Users/manideepakreddyaila/Desktop/projects/Legal_Insights_Engine/.venv/lib/python3.11/site-packages/airflow/example_dags/example_python_operator.py took 0.082 seconds
[2024-04-14T16:58:01.736-0400] {processor.py:161} INFO - Started process (PID=34449) to work on /Users/manideepakreddyaila/Desktop/projects/Legal_Insights_Engine/.venv/lib/python3.11/site-packages/airflow/example_dags/example_python_operator.py
[2024-04-14T16:58:01.737-0400] {processor.py:830} INFO - Processing file /Users/manideepakreddyaila/Desktop/projects/Legal_Insights_Engine/.venv/lib/python3.11/site-packages/airflow/example_dags/example_python_operator.py for tasks to queue
[2024-04-14T16:58:01.737-0400] {logging_mixin.py:188} INFO - [2024-04-14T16:58:01.737-0400] {dagbag.py:540} INFO - Filling up the DagBag from /Users/manideepakreddyaila/Desktop/projects/Legal_Insights_Engine/.venv/lib/python3.11/site-packages/airflow/example_dags/example_python_operator.py
[2024-04-14T16:58:01.772-0400] {logging_mixin.py:188} INFO - [2024-04-14T16:58:01.772-0400] {example_python_operator.py:93} WARNING - The virtalenv_python example task requires virtualenv, please install it.
[2024-04-14T16:58:01.774-0400] {processor.py:840} INFO - DAG(s) 'example_python_operator' retrieved from /Users/manideepakreddyaila/Desktop/projects/Legal_Insights_Engine/.venv/lib/python3.11/site-packages/airflow/example_dags/example_python_operator.py
[2024-04-14T16:58:01.812-0400] {logging_mixin.py:188} INFO - [2024-04-14T16:58:01.811-0400] {dag.py:3096} INFO - Sync 1 DAGs
[2024-04-14T16:58:01.815-0400] {logging_mixin.py:188} INFO - [2024-04-14T16:58:01.815-0400] {dag.py:3954} INFO - Setting next_dagrun for example_python_operator to None, run_after=None
[2024-04-14T16:58:01.825-0400] {processor.py:183} INFO - Processing /Users/manideepakreddyaila/Desktop/projects/Legal_Insights_Engine/.venv/lib/python3.11/site-packages/airflow/example_dags/example_python_operator.py took 0.090 seconds
[2024-04-14T17:17:09.874-0400] {processor.py:161} INFO - Started process (PID=34739) to work on /Users/manideepakreddyaila/Desktop/projects/Legal_Insights_Engine/.venv/lib/python3.11/site-packages/airflow/example_dags/example_python_operator.py
[2024-04-14T17:17:09.875-0400] {processor.py:830} INFO - Processing file /Users/manideepakreddyaila/Desktop/projects/Legal_Insights_Engine/.venv/lib/python3.11/site-packages/airflow/example_dags/example_python_operator.py for tasks to queue
[2024-04-14T17:17:09.876-0400] {logging_mixin.py:188} INFO - [2024-04-14T17:17:09.876-0400] {dagbag.py:540} INFO - Filling up the DagBag from /Users/manideepakreddyaila/Desktop/projects/Legal_Insights_Engine/.venv/lib/python3.11/site-packages/airflow/example_dags/example_python_operator.py
[2024-04-14T17:17:09.916-0400] {logging_mixin.py:188} INFO - [2024-04-14T17:17:09.916-0400] {example_python_operator.py:93} WARNING - The virtalenv_python example task requires virtualenv, please install it.
[2024-04-14T17:17:09.917-0400] {processor.py:840} INFO - DAG(s) 'example_python_operator' retrieved from /Users/manideepakreddyaila/Desktop/projects/Legal_Insights_Engine/.venv/lib/python3.11/site-packages/airflow/example_dags/example_python_operator.py
[2024-04-14T17:17:09.955-0400] {logging_mixin.py:188} INFO - [2024-04-14T17:17:09.955-0400] {dag.py:3096} INFO - Sync 1 DAGs
[2024-04-14T17:17:09.958-0400] {logging_mixin.py:188} INFO - [2024-04-14T17:17:09.958-0400] {dag.py:3954} INFO - Setting next_dagrun for example_python_operator to None, run_after=None
[2024-04-14T17:17:09.964-0400] {processor.py:183} INFO - Processing /Users/manideepakreddyaila/Desktop/projects/Legal_Insights_Engine/.venv/lib/python3.11/site-packages/airflow/example_dags/example_python_operator.py took 0.092 seconds
[2024-04-14T17:19:02.656-0400] {processor.py:161} INFO - Started process (PID=34852) to work on /Users/manideepakreddyaila/Desktop/projects/Legal_Insights_Engine/.venv/lib/python3.11/site-packages/airflow/example_dags/example_python_operator.py
[2024-04-14T17:19:02.657-0400] {processor.py:830} INFO - Processing file /Users/manideepakreddyaila/Desktop/projects/Legal_Insights_Engine/.venv/lib/python3.11/site-packages/airflow/example_dags/example_python_operator.py for tasks to queue
[2024-04-14T17:19:02.658-0400] {logging_mixin.py:188} INFO - [2024-04-14T17:19:02.657-0400] {dagbag.py:540} INFO - Filling up the DagBag from /Users/manideepakreddyaila/Desktop/projects/Legal_Insights_Engine/.venv/lib/python3.11/site-packages/airflow/example_dags/example_python_operator.py
[2024-04-14T17:19:02.693-0400] {logging_mixin.py:188} INFO - [2024-04-14T17:19:02.693-0400] {example_python_operator.py:93} WARNING - The virtalenv_python example task requires virtualenv, please install it.
[2024-04-14T17:19:02.695-0400] {processor.py:840} INFO - DAG(s) 'example_python_operator' retrieved from /Users/manideepakreddyaila/Desktop/projects/Legal_Insights_Engine/.venv/lib/python3.11/site-packages/airflow/example_dags/example_python_operator.py
[2024-04-14T17:19:02.731-0400] {logging_mixin.py:188} INFO - [2024-04-14T17:19:02.731-0400] {dag.py:3096} INFO - Sync 1 DAGs
[2024-04-14T17:19:02.734-0400] {logging_mixin.py:188} INFO - [2024-04-14T17:19:02.734-0400] {dag.py:3954} INFO - Setting next_dagrun for example_python_operator to None, run_after=None
[2024-04-14T17:19:02.741-0400] {processor.py:183} INFO - Processing /Users/manideepakreddyaila/Desktop/projects/Legal_Insights_Engine/.venv/lib/python3.11/site-packages/airflow/example_dags/example_python_operator.py took 0.085 seconds
[2024-04-14T17:20:56.211-0400] {processor.py:161} INFO - Started process (PID=34951) to work on /Users/manideepakreddyaila/Desktop/projects/Legal_Insights_Engine/.venv/lib/python3.11/site-packages/airflow/example_dags/example_python_operator.py
[2024-04-14T17:20:56.211-0400] {processor.py:830} INFO - Processing file /Users/manideepakreddyaila/Desktop/projects/Legal_Insights_Engine/.venv/lib/python3.11/site-packages/airflow/example_dags/example_python_operator.py for tasks to queue
[2024-04-14T17:20:56.212-0400] {logging_mixin.py:188} INFO - [2024-04-14T17:20:56.212-0400] {dagbag.py:540} INFO - Filling up the DagBag from /Users/manideepakreddyaila/Desktop/projects/Legal_Insights_Engine/.venv/lib/python3.11/site-packages/airflow/example_dags/example_python_operator.py
[2024-04-14T17:20:56.246-0400] {logging_mixin.py:188} INFO - [2024-04-14T17:20:56.246-0400] {example_python_operator.py:93} WARNING - The virtalenv_python example task requires virtualenv, please install it.
[2024-04-14T17:20:56.247-0400] {processor.py:840} INFO - DAG(s) 'example_python_operator' retrieved from /Users/manideepakreddyaila/Desktop/projects/Legal_Insights_Engine/.venv/lib/python3.11/site-packages/airflow/example_dags/example_python_operator.py
[2024-04-14T17:20:56.282-0400] {logging_mixin.py:188} INFO - [2024-04-14T17:20:56.282-0400] {dag.py:3096} INFO - Sync 1 DAGs
[2024-04-14T17:20:56.285-0400] {logging_mixin.py:188} INFO - [2024-04-14T17:20:56.285-0400] {dag.py:3954} INFO - Setting next_dagrun for example_python_operator to None, run_after=None
[2024-04-14T17:20:56.291-0400] {processor.py:183} INFO - Processing /Users/manideepakreddyaila/Desktop/projects/Legal_Insights_Engine/.venv/lib/python3.11/site-packages/airflow/example_dags/example_python_operator.py took 0.082 seconds
[2024-04-14T17:22:51.729-0400] {processor.py:161} INFO - Started process (PID=35049) to work on /Users/manideepakreddyaila/Desktop/projects/Legal_Insights_Engine/.venv/lib/python3.11/site-packages/airflow/example_dags/example_python_operator.py
[2024-04-14T17:22:51.730-0400] {processor.py:830} INFO - Processing file /Users/manideepakreddyaila/Desktop/projects/Legal_Insights_Engine/.venv/lib/python3.11/site-packages/airflow/example_dags/example_python_operator.py for tasks to queue
[2024-04-14T17:22:51.731-0400] {logging_mixin.py:188} INFO - [2024-04-14T17:22:51.730-0400] {dagbag.py:540} INFO - Filling up the DagBag from /Users/manideepakreddyaila/Desktop/projects/Legal_Insights_Engine/.venv/lib/python3.11/site-packages/airflow/example_dags/example_python_operator.py
[2024-04-14T17:22:51.765-0400] {logging_mixin.py:188} INFO - [2024-04-14T17:22:51.765-0400] {example_python_operator.py:93} WARNING - The virtalenv_python example task requires virtualenv, please install it.
[2024-04-14T17:22:51.766-0400] {processor.py:840} INFO - DAG(s) 'example_python_operator' retrieved from /Users/manideepakreddyaila/Desktop/projects/Legal_Insights_Engine/.venv/lib/python3.11/site-packages/airflow/example_dags/example_python_operator.py
[2024-04-14T17:22:51.802-0400] {logging_mixin.py:188} INFO - [2024-04-14T17:22:51.801-0400] {dag.py:3096} INFO - Sync 1 DAGs
[2024-04-14T17:22:51.805-0400] {logging_mixin.py:188} INFO - [2024-04-14T17:22:51.805-0400] {dag.py:3954} INFO - Setting next_dagrun for example_python_operator to None, run_after=None
[2024-04-14T17:22:51.811-0400] {processor.py:183} INFO - Processing /Users/manideepakreddyaila/Desktop/projects/Legal_Insights_Engine/.venv/lib/python3.11/site-packages/airflow/example_dags/example_python_operator.py took 0.082 seconds
[2024-04-14T17:24:49.434-0400] {processor.py:161} INFO - Started process (PID=35147) to work on /Users/manideepakreddyaila/Desktop/projects/Legal_Insights_Engine/.venv/lib/python3.11/site-packages/airflow/example_dags/example_python_operator.py
[2024-04-14T17:24:49.435-0400] {processor.py:830} INFO - Processing file /Users/manideepakreddyaila/Desktop/projects/Legal_Insights_Engine/.venv/lib/python3.11/site-packages/airflow/example_dags/example_python_operator.py for tasks to queue
[2024-04-14T17:24:49.435-0400] {logging_mixin.py:188} INFO - [2024-04-14T17:24:49.435-0400] {dagbag.py:540} INFO - Filling up the DagBag from /Users/manideepakreddyaila/Desktop/projects/Legal_Insights_Engine/.venv/lib/python3.11/site-packages/airflow/example_dags/example_python_operator.py
[2024-04-14T17:24:49.470-0400] {logging_mixin.py:188} INFO - [2024-04-14T17:24:49.470-0400] {example_python_operator.py:93} WARNING - The virtalenv_python example task requires virtualenv, please install it.
[2024-04-14T17:24:49.471-0400] {processor.py:840} INFO - DAG(s) 'example_python_operator' retrieved from /Users/manideepakreddyaila/Desktop/projects/Legal_Insights_Engine/.venv/lib/python3.11/site-packages/airflow/example_dags/example_python_operator.py
[2024-04-14T17:24:49.506-0400] {logging_mixin.py:188} INFO - [2024-04-14T17:24:49.506-0400] {dag.py:3096} INFO - Sync 1 DAGs
[2024-04-14T17:24:49.509-0400] {logging_mixin.py:188} INFO - [2024-04-14T17:24:49.509-0400] {dag.py:3954} INFO - Setting next_dagrun for example_python_operator to None, run_after=None
[2024-04-14T17:24:49.515-0400] {processor.py:183} INFO - Processing /Users/manideepakreddyaila/Desktop/projects/Legal_Insights_Engine/.venv/lib/python3.11/site-packages/airflow/example_dags/example_python_operator.py took 0.082 seconds
[2024-04-14T17:26:48.268-0400] {processor.py:161} INFO - Started process (PID=35252) to work on /Users/manideepakreddyaila/Desktop/projects/Legal_Insights_Engine/.venv/lib/python3.11/site-packages/airflow/example_dags/example_python_operator.py
[2024-04-14T17:26:48.269-0400] {processor.py:830} INFO - Processing file /Users/manideepakreddyaila/Desktop/projects/Legal_Insights_Engine/.venv/lib/python3.11/site-packages/airflow/example_dags/example_python_operator.py for tasks to queue
[2024-04-14T17:26:48.269-0400] {logging_mixin.py:188} INFO - [2024-04-14T17:26:48.269-0400] {dagbag.py:540} INFO - Filling up the DagBag from /Users/manideepakreddyaila/Desktop/projects/Legal_Insights_Engine/.venv/lib/python3.11/site-packages/airflow/example_dags/example_python_operator.py
[2024-04-14T17:26:48.303-0400] {logging_mixin.py:188} INFO - [2024-04-14T17:26:48.303-0400] {example_python_operator.py:93} WARNING - The virtalenv_python example task requires virtualenv, please install it.
[2024-04-14T17:26:48.305-0400] {processor.py:840} INFO - DAG(s) 'example_python_operator' retrieved from /Users/manideepakreddyaila/Desktop/projects/Legal_Insights_Engine/.venv/lib/python3.11/site-packages/airflow/example_dags/example_python_operator.py
[2024-04-14T17:26:48.339-0400] {logging_mixin.py:188} INFO - [2024-04-14T17:26:48.339-0400] {dag.py:3096} INFO - Sync 1 DAGs
[2024-04-14T17:26:48.342-0400] {logging_mixin.py:188} INFO - [2024-04-14T17:26:48.342-0400] {dag.py:3954} INFO - Setting next_dagrun for example_python_operator to None, run_after=None
[2024-04-14T17:26:48.349-0400] {processor.py:183} INFO - Processing /Users/manideepakreddyaila/Desktop/projects/Legal_Insights_Engine/.venv/lib/python3.11/site-packages/airflow/example_dags/example_python_operator.py took 0.081 seconds
[2024-04-14T17:28:42.593-0400] {processor.py:161} INFO - Started process (PID=35356) to work on /Users/manideepakreddyaila/Desktop/projects/Legal_Insights_Engine/.venv/lib/python3.11/site-packages/airflow/example_dags/example_python_operator.py
[2024-04-14T17:28:42.594-0400] {processor.py:830} INFO - Processing file /Users/manideepakreddyaila/Desktop/projects/Legal_Insights_Engine/.venv/lib/python3.11/site-packages/airflow/example_dags/example_python_operator.py for tasks to queue
[2024-04-14T17:28:42.595-0400] {logging_mixin.py:188} INFO - [2024-04-14T17:28:42.595-0400] {dagbag.py:540} INFO - Filling up the DagBag from /Users/manideepakreddyaila/Desktop/projects/Legal_Insights_Engine/.venv/lib/python3.11/site-packages/airflow/example_dags/example_python_operator.py
[2024-04-14T17:28:42.628-0400] {logging_mixin.py:188} INFO - [2024-04-14T17:28:42.628-0400] {example_python_operator.py:93} WARNING - The virtalenv_python example task requires virtualenv, please install it.
[2024-04-14T17:28:42.630-0400] {processor.py:840} INFO - DAG(s) 'example_python_operator' retrieved from /Users/manideepakreddyaila/Desktop/projects/Legal_Insights_Engine/.venv/lib/python3.11/site-packages/airflow/example_dags/example_python_operator.py
[2024-04-14T17:28:42.665-0400] {logging_mixin.py:188} INFO - [2024-04-14T17:28:42.665-0400] {dag.py:3096} INFO - Sync 1 DAGs
[2024-04-14T17:28:42.668-0400] {logging_mixin.py:188} INFO - [2024-04-14T17:28:42.668-0400] {dag.py:3954} INFO - Setting next_dagrun for example_python_operator to None, run_after=None
[2024-04-14T17:28:42.676-0400] {processor.py:183} INFO - Processing /Users/manideepakreddyaila/Desktop/projects/Legal_Insights_Engine/.venv/lib/python3.11/site-packages/airflow/example_dags/example_python_operator.py took 0.084 seconds
[2024-04-14T17:30:40.256-0400] {processor.py:161} INFO - Started process (PID=35499) to work on /Users/manideepakreddyaila/Desktop/projects/Legal_Insights_Engine/.venv/lib/python3.11/site-packages/airflow/example_dags/example_python_operator.py
[2024-04-14T17:30:40.257-0400] {processor.py:830} INFO - Processing file /Users/manideepakreddyaila/Desktop/projects/Legal_Insights_Engine/.venv/lib/python3.11/site-packages/airflow/example_dags/example_python_operator.py for tasks to queue
[2024-04-14T17:30:40.257-0400] {logging_mixin.py:188} INFO - [2024-04-14T17:30:40.257-0400] {dagbag.py:540} INFO - Filling up the DagBag from /Users/manideepakreddyaila/Desktop/projects/Legal_Insights_Engine/.venv/lib/python3.11/site-packages/airflow/example_dags/example_python_operator.py
[2024-04-14T17:30:40.292-0400] {logging_mixin.py:188} INFO - [2024-04-14T17:30:40.292-0400] {example_python_operator.py:93} WARNING - The virtalenv_python example task requires virtualenv, please install it.
[2024-04-14T17:30:40.293-0400] {processor.py:840} INFO - DAG(s) 'example_python_operator' retrieved from /Users/manideepakreddyaila/Desktop/projects/Legal_Insights_Engine/.venv/lib/python3.11/site-packages/airflow/example_dags/example_python_operator.py
[2024-04-14T17:30:40.329-0400] {logging_mixin.py:188} INFO - [2024-04-14T17:30:40.328-0400] {dag.py:3096} INFO - Sync 1 DAGs
[2024-04-14T17:30:40.332-0400] {logging_mixin.py:188} INFO - [2024-04-14T17:30:40.332-0400] {dag.py:3954} INFO - Setting next_dagrun for example_python_operator to None, run_after=None
[2024-04-14T17:30:40.338-0400] {processor.py:183} INFO - Processing /Users/manideepakreddyaila/Desktop/projects/Legal_Insights_Engine/.venv/lib/python3.11/site-packages/airflow/example_dags/example_python_operator.py took 0.083 seconds
[2024-04-14T17:32:39.076-0400] {processor.py:161} INFO - Started process (PID=35610) to work on /Users/manideepakreddyaila/Desktop/projects/Legal_Insights_Engine/.venv/lib/python3.11/site-packages/airflow/example_dags/example_python_operator.py
[2024-04-14T17:32:39.077-0400] {processor.py:830} INFO - Processing file /Users/manideepakreddyaila/Desktop/projects/Legal_Insights_Engine/.venv/lib/python3.11/site-packages/airflow/example_dags/example_python_operator.py for tasks to queue
[2024-04-14T17:32:39.077-0400] {logging_mixin.py:188} INFO - [2024-04-14T17:32:39.077-0400] {dagbag.py:540} INFO - Filling up the DagBag from /Users/manideepakreddyaila/Desktop/projects/Legal_Insights_Engine/.venv/lib/python3.11/site-packages/airflow/example_dags/example_python_operator.py
[2024-04-14T17:32:39.110-0400] {logging_mixin.py:188} INFO - [2024-04-14T17:32:39.110-0400] {example_python_operator.py:93} WARNING - The virtalenv_python example task requires virtualenv, please install it.
[2024-04-14T17:32:39.112-0400] {processor.py:840} INFO - DAG(s) 'example_python_operator' retrieved from /Users/manideepakreddyaila/Desktop/projects/Legal_Insights_Engine/.venv/lib/python3.11/site-packages/airflow/example_dags/example_python_operator.py
[2024-04-14T17:32:39.149-0400] {logging_mixin.py:188} INFO - [2024-04-14T17:32:39.148-0400] {dag.py:3096} INFO - Sync 1 DAGs
[2024-04-14T17:32:39.152-0400] {logging_mixin.py:188} INFO - [2024-04-14T17:32:39.152-0400] {dag.py:3954} INFO - Setting next_dagrun for example_python_operator to None, run_after=None
[2024-04-14T17:32:39.158-0400] {processor.py:183} INFO - Processing /Users/manideepakreddyaila/Desktop/projects/Legal_Insights_Engine/.venv/lib/python3.11/site-packages/airflow/example_dags/example_python_operator.py took 0.083 seconds
[2024-04-14T17:34:38.764-0400] {processor.py:161} INFO - Started process (PID=35707) to work on /Users/manideepakreddyaila/Desktop/projects/Legal_Insights_Engine/.venv/lib/python3.11/site-packages/airflow/example_dags/example_python_operator.py
[2024-04-14T17:34:38.765-0400] {processor.py:830} INFO - Processing file /Users/manideepakreddyaila/Desktop/projects/Legal_Insights_Engine/.venv/lib/python3.11/site-packages/airflow/example_dags/example_python_operator.py for tasks to queue
[2024-04-14T17:34:38.765-0400] {logging_mixin.py:188} INFO - [2024-04-14T17:34:38.765-0400] {dagbag.py:540} INFO - Filling up the DagBag from /Users/manideepakreddyaila/Desktop/projects/Legal_Insights_Engine/.venv/lib/python3.11/site-packages/airflow/example_dags/example_python_operator.py
[2024-04-14T17:34:38.802-0400] {logging_mixin.py:188} INFO - [2024-04-14T17:34:38.802-0400] {example_python_operator.py:93} WARNING - The virtalenv_python example task requires virtualenv, please install it.
[2024-04-14T17:34:38.804-0400] {processor.py:840} INFO - DAG(s) 'example_python_operator' retrieved from /Users/manideepakreddyaila/Desktop/projects/Legal_Insights_Engine/.venv/lib/python3.11/site-packages/airflow/example_dags/example_python_operator.py
[2024-04-14T17:34:38.842-0400] {logging_mixin.py:188} INFO - [2024-04-14T17:34:38.842-0400] {dag.py:3096} INFO - Sync 1 DAGs
[2024-04-14T17:34:38.845-0400] {logging_mixin.py:188} INFO - [2024-04-14T17:34:38.845-0400] {dag.py:3954} INFO - Setting next_dagrun for example_python_operator to None, run_after=None
[2024-04-14T17:34:38.851-0400] {processor.py:183} INFO - Processing /Users/manideepakreddyaila/Desktop/projects/Legal_Insights_Engine/.venv/lib/python3.11/site-packages/airflow/example_dags/example_python_operator.py took 0.088 seconds
[2024-04-14T17:36:37.735-0400] {processor.py:161} INFO - Started process (PID=35799) to work on /Users/manideepakreddyaila/Desktop/projects/Legal_Insights_Engine/.venv/lib/python3.11/site-packages/airflow/example_dags/example_python_operator.py
[2024-04-14T17:36:37.736-0400] {processor.py:830} INFO - Processing file /Users/manideepakreddyaila/Desktop/projects/Legal_Insights_Engine/.venv/lib/python3.11/site-packages/airflow/example_dags/example_python_operator.py for tasks to queue
[2024-04-14T17:36:37.736-0400] {logging_mixin.py:188} INFO - [2024-04-14T17:36:37.736-0400] {dagbag.py:540} INFO - Filling up the DagBag from /Users/manideepakreddyaila/Desktop/projects/Legal_Insights_Engine/.venv/lib/python3.11/site-packages/airflow/example_dags/example_python_operator.py
[2024-04-14T17:36:37.770-0400] {logging_mixin.py:188} INFO - [2024-04-14T17:36:37.770-0400] {example_python_operator.py:93} WARNING - The virtalenv_python example task requires virtualenv, please install it.
[2024-04-14T17:36:37.772-0400] {processor.py:840} INFO - DAG(s) 'example_python_operator' retrieved from /Users/manideepakreddyaila/Desktop/projects/Legal_Insights_Engine/.venv/lib/python3.11/site-packages/airflow/example_dags/example_python_operator.py
[2024-04-14T17:36:37.809-0400] {logging_mixin.py:188} INFO - [2024-04-14T17:36:37.809-0400] {dag.py:3096} INFO - Sync 1 DAGs
[2024-04-14T17:36:37.812-0400] {logging_mixin.py:188} INFO - [2024-04-14T17:36:37.812-0400] {dag.py:3954} INFO - Setting next_dagrun for example_python_operator to None, run_after=None
[2024-04-14T17:36:37.818-0400] {processor.py:183} INFO - Processing /Users/manideepakreddyaila/Desktop/projects/Legal_Insights_Engine/.venv/lib/python3.11/site-packages/airflow/example_dags/example_python_operator.py took 0.084 seconds
[2024-04-14T17:38:29.404-0400] {processor.py:161} INFO - Started process (PID=35887) to work on /Users/manideepakreddyaila/Desktop/projects/Legal_Insights_Engine/.venv/lib/python3.11/site-packages/airflow/example_dags/example_python_operator.py
[2024-04-14T17:38:29.405-0400] {processor.py:830} INFO - Processing file /Users/manideepakreddyaila/Desktop/projects/Legal_Insights_Engine/.venv/lib/python3.11/site-packages/airflow/example_dags/example_python_operator.py for tasks to queue
[2024-04-14T17:38:29.405-0400] {logging_mixin.py:188} INFO - [2024-04-14T17:38:29.405-0400] {dagbag.py:540} INFO - Filling up the DagBag from /Users/manideepakreddyaila/Desktop/projects/Legal_Insights_Engine/.venv/lib/python3.11/site-packages/airflow/example_dags/example_python_operator.py
[2024-04-14T17:38:29.440-0400] {logging_mixin.py:188} INFO - [2024-04-14T17:38:29.440-0400] {example_python_operator.py:93} WARNING - The virtalenv_python example task requires virtualenv, please install it.
[2024-04-14T17:38:29.441-0400] {processor.py:840} INFO - DAG(s) 'example_python_operator' retrieved from /Users/manideepakreddyaila/Desktop/projects/Legal_Insights_Engine/.venv/lib/python3.11/site-packages/airflow/example_dags/example_python_operator.py
[2024-04-14T17:38:29.476-0400] {logging_mixin.py:188} INFO - [2024-04-14T17:38:29.476-0400] {dag.py:3096} INFO - Sync 1 DAGs
[2024-04-14T17:38:29.479-0400] {logging_mixin.py:188} INFO - [2024-04-14T17:38:29.479-0400] {dag.py:3954} INFO - Setting next_dagrun for example_python_operator to None, run_after=None
[2024-04-14T17:38:29.485-0400] {processor.py:183} INFO - Processing /Users/manideepakreddyaila/Desktop/projects/Legal_Insights_Engine/.venv/lib/python3.11/site-packages/airflow/example_dags/example_python_operator.py took 0.082 seconds
[2024-04-14T17:40:22.915-0400] {processor.py:161} INFO - Started process (PID=35974) to work on /Users/manideepakreddyaila/Desktop/projects/Legal_Insights_Engine/.venv/lib/python3.11/site-packages/airflow/example_dags/example_python_operator.py
[2024-04-14T17:40:22.916-0400] {processor.py:830} INFO - Processing file /Users/manideepakreddyaila/Desktop/projects/Legal_Insights_Engine/.venv/lib/python3.11/site-packages/airflow/example_dags/example_python_operator.py for tasks to queue
[2024-04-14T17:40:22.916-0400] {logging_mixin.py:188} INFO - [2024-04-14T17:40:22.916-0400] {dagbag.py:540} INFO - Filling up the DagBag from /Users/manideepakreddyaila/Desktop/projects/Legal_Insights_Engine/.venv/lib/python3.11/site-packages/airflow/example_dags/example_python_operator.py
[2024-04-14T17:40:22.949-0400] {logging_mixin.py:188} INFO - [2024-04-14T17:40:22.949-0400] {example_python_operator.py:93} WARNING - The virtalenv_python example task requires virtualenv, please install it.
[2024-04-14T17:40:22.950-0400] {processor.py:840} INFO - DAG(s) 'example_python_operator' retrieved from /Users/manideepakreddyaila/Desktop/projects/Legal_Insights_Engine/.venv/lib/python3.11/site-packages/airflow/example_dags/example_python_operator.py
[2024-04-14T17:40:22.985-0400] {logging_mixin.py:188} INFO - [2024-04-14T17:40:22.985-0400] {dag.py:3096} INFO - Sync 1 DAGs
[2024-04-14T17:40:22.988-0400] {logging_mixin.py:188} INFO - [2024-04-14T17:40:22.988-0400] {dag.py:3954} INFO - Setting next_dagrun for example_python_operator to None, run_after=None
[2024-04-14T17:40:22.995-0400] {processor.py:183} INFO - Processing /Users/manideepakreddyaila/Desktop/projects/Legal_Insights_Engine/.venv/lib/python3.11/site-packages/airflow/example_dags/example_python_operator.py took 0.081 seconds
[2024-04-14T17:42:11.194-0400] {processor.py:161} INFO - Started process (PID=36061) to work on /Users/manideepakreddyaila/Desktop/projects/Legal_Insights_Engine/.venv/lib/python3.11/site-packages/airflow/example_dags/example_python_operator.py
[2024-04-14T17:42:11.195-0400] {processor.py:830} INFO - Processing file /Users/manideepakreddyaila/Desktop/projects/Legal_Insights_Engine/.venv/lib/python3.11/site-packages/airflow/example_dags/example_python_operator.py for tasks to queue
[2024-04-14T17:42:11.195-0400] {logging_mixin.py:188} INFO - [2024-04-14T17:42:11.195-0400] {dagbag.py:540} INFO - Filling up the DagBag from /Users/manideepakreddyaila/Desktop/projects/Legal_Insights_Engine/.venv/lib/python3.11/site-packages/airflow/example_dags/example_python_operator.py
[2024-04-14T17:42:11.228-0400] {logging_mixin.py:188} INFO - [2024-04-14T17:42:11.228-0400] {example_python_operator.py:93} WARNING - The virtalenv_python example task requires virtualenv, please install it.
[2024-04-14T17:42:11.230-0400] {processor.py:840} INFO - DAG(s) 'example_python_operator' retrieved from /Users/manideepakreddyaila/Desktop/projects/Legal_Insights_Engine/.venv/lib/python3.11/site-packages/airflow/example_dags/example_python_operator.py
[2024-04-14T17:42:11.265-0400] {logging_mixin.py:188} INFO - [2024-04-14T17:42:11.265-0400] {dag.py:3096} INFO - Sync 1 DAGs
[2024-04-14T17:42:11.268-0400] {logging_mixin.py:188} INFO - [2024-04-14T17:42:11.268-0400] {dag.py:3954} INFO - Setting next_dagrun for example_python_operator to None, run_after=None
[2024-04-14T17:42:11.274-0400] {processor.py:183} INFO - Processing /Users/manideepakreddyaila/Desktop/projects/Legal_Insights_Engine/.venv/lib/python3.11/site-packages/airflow/example_dags/example_python_operator.py took 0.081 seconds
[2024-04-14T17:44:06.630-0400] {processor.py:161} INFO - Started process (PID=36148) to work on /Users/manideepakreddyaila/Desktop/projects/Legal_Insights_Engine/.venv/lib/python3.11/site-packages/airflow/example_dags/example_python_operator.py
[2024-04-14T17:44:06.631-0400] {processor.py:830} INFO - Processing file /Users/manideepakreddyaila/Desktop/projects/Legal_Insights_Engine/.venv/lib/python3.11/site-packages/airflow/example_dags/example_python_operator.py for tasks to queue
[2024-04-14T17:44:06.631-0400] {logging_mixin.py:188} INFO - [2024-04-14T17:44:06.631-0400] {dagbag.py:540} INFO - Filling up the DagBag from /Users/manideepakreddyaila/Desktop/projects/Legal_Insights_Engine/.venv/lib/python3.11/site-packages/airflow/example_dags/example_python_operator.py
[2024-04-14T17:44:06.664-0400] {logging_mixin.py:188} INFO - [2024-04-14T17:44:06.664-0400] {example_python_operator.py:93} WARNING - The virtalenv_python example task requires virtualenv, please install it.
[2024-04-14T17:44:06.665-0400] {processor.py:840} INFO - DAG(s) 'example_python_operator' retrieved from /Users/manideepakreddyaila/Desktop/projects/Legal_Insights_Engine/.venv/lib/python3.11/site-packages/airflow/example_dags/example_python_operator.py
[2024-04-14T17:44:06.700-0400] {logging_mixin.py:188} INFO - [2024-04-14T17:44:06.700-0400] {dag.py:3096} INFO - Sync 1 DAGs
[2024-04-14T17:44:06.703-0400] {logging_mixin.py:188} INFO - [2024-04-14T17:44:06.703-0400] {dag.py:3954} INFO - Setting next_dagrun for example_python_operator to None, run_after=None
[2024-04-14T17:44:06.709-0400] {processor.py:183} INFO - Processing /Users/manideepakreddyaila/Desktop/projects/Legal_Insights_Engine/.venv/lib/python3.11/site-packages/airflow/example_dags/example_python_operator.py took 0.081 seconds
[2024-04-14T17:46:03.706-0400] {processor.py:161} INFO - Started process (PID=36239) to work on /Users/manideepakreddyaila/Desktop/projects/Legal_Insights_Engine/.venv/lib/python3.11/site-packages/airflow/example_dags/example_python_operator.py
[2024-04-14T17:46:03.708-0400] {processor.py:830} INFO - Processing file /Users/manideepakreddyaila/Desktop/projects/Legal_Insights_Engine/.venv/lib/python3.11/site-packages/airflow/example_dags/example_python_operator.py for tasks to queue
[2024-04-14T17:46:03.708-0400] {logging_mixin.py:188} INFO - [2024-04-14T17:46:03.708-0400] {dagbag.py:540} INFO - Filling up the DagBag from /Users/manideepakreddyaila/Desktop/projects/Legal_Insights_Engine/.venv/lib/python3.11/site-packages/airflow/example_dags/example_python_operator.py
[2024-04-14T17:46:03.743-0400] {logging_mixin.py:188} INFO - [2024-04-14T17:46:03.743-0400] {example_python_operator.py:93} WARNING - The virtalenv_python example task requires virtualenv, please install it.
[2024-04-14T17:46:03.744-0400] {processor.py:840} INFO - DAG(s) 'example_python_operator' retrieved from /Users/manideepakreddyaila/Desktop/projects/Legal_Insights_Engine/.venv/lib/python3.11/site-packages/airflow/example_dags/example_python_operator.py
[2024-04-14T17:46:03.779-0400] {logging_mixin.py:188} INFO - [2024-04-14T17:46:03.779-0400] {dag.py:3096} INFO - Sync 1 DAGs
[2024-04-14T17:46:03.782-0400] {logging_mixin.py:188} INFO - [2024-04-14T17:46:03.782-0400] {dag.py:3954} INFO - Setting next_dagrun for example_python_operator to None, run_after=None
[2024-04-14T17:46:03.789-0400] {processor.py:183} INFO - Processing /Users/manideepakreddyaila/Desktop/projects/Legal_Insights_Engine/.venv/lib/python3.11/site-packages/airflow/example_dags/example_python_operator.py took 0.083 seconds
[2024-04-14T17:48:06.490-0400] {processor.py:161} INFO - Started process (PID=36332) to work on /Users/manideepakreddyaila/Desktop/projects/Legal_Insights_Engine/.venv/lib/python3.11/site-packages/airflow/example_dags/example_python_operator.py
[2024-04-14T17:48:06.491-0400] {processor.py:830} INFO - Processing file /Users/manideepakreddyaila/Desktop/projects/Legal_Insights_Engine/.venv/lib/python3.11/site-packages/airflow/example_dags/example_python_operator.py for tasks to queue
[2024-04-14T17:48:06.491-0400] {logging_mixin.py:188} INFO - [2024-04-14T17:48:06.491-0400] {dagbag.py:540} INFO - Filling up the DagBag from /Users/manideepakreddyaila/Desktop/projects/Legal_Insights_Engine/.venv/lib/python3.11/site-packages/airflow/example_dags/example_python_operator.py
[2024-04-14T17:48:06.525-0400] {logging_mixin.py:188} INFO - [2024-04-14T17:48:06.525-0400] {example_python_operator.py:93} WARNING - The virtalenv_python example task requires virtualenv, please install it.
[2024-04-14T17:48:06.526-0400] {processor.py:840} INFO - DAG(s) 'example_python_operator' retrieved from /Users/manideepakreddyaila/Desktop/projects/Legal_Insights_Engine/.venv/lib/python3.11/site-packages/airflow/example_dags/example_python_operator.py
[2024-04-14T17:48:06.561-0400] {logging_mixin.py:188} INFO - [2024-04-14T17:48:06.561-0400] {dag.py:3096} INFO - Sync 1 DAGs
[2024-04-14T17:48:06.564-0400] {logging_mixin.py:188} INFO - [2024-04-14T17:48:06.564-0400] {dag.py:3954} INFO - Setting next_dagrun for example_python_operator to None, run_after=None
[2024-04-14T17:48:06.570-0400] {processor.py:183} INFO - Processing /Users/manideepakreddyaila/Desktop/projects/Legal_Insights_Engine/.venv/lib/python3.11/site-packages/airflow/example_dags/example_python_operator.py took 0.082 seconds
[2024-04-14T17:50:04.281-0400] {processor.py:161} INFO - Started process (PID=36429) to work on /Users/manideepakreddyaila/Desktop/projects/Legal_Insights_Engine/.venv/lib/python3.11/site-packages/airflow/example_dags/example_python_operator.py
[2024-04-14T17:50:04.282-0400] {processor.py:830} INFO - Processing file /Users/manideepakreddyaila/Desktop/projects/Legal_Insights_Engine/.venv/lib/python3.11/site-packages/airflow/example_dags/example_python_operator.py for tasks to queue
[2024-04-14T17:50:04.283-0400] {logging_mixin.py:188} INFO - [2024-04-14T17:50:04.283-0400] {dagbag.py:540} INFO - Filling up the DagBag from /Users/manideepakreddyaila/Desktop/projects/Legal_Insights_Engine/.venv/lib/python3.11/site-packages/airflow/example_dags/example_python_operator.py
[2024-04-14T17:50:04.316-0400] {logging_mixin.py:188} INFO - [2024-04-14T17:50:04.316-0400] {example_python_operator.py:93} WARNING - The virtalenv_python example task requires virtualenv, please install it.
[2024-04-14T17:50:04.317-0400] {processor.py:840} INFO - DAG(s) 'example_python_operator' retrieved from /Users/manideepakreddyaila/Desktop/projects/Legal_Insights_Engine/.venv/lib/python3.11/site-packages/airflow/example_dags/example_python_operator.py
[2024-04-14T17:50:04.352-0400] {logging_mixin.py:188} INFO - [2024-04-14T17:50:04.352-0400] {dag.py:3096} INFO - Sync 1 DAGs
[2024-04-14T17:50:04.355-0400] {logging_mixin.py:188} INFO - [2024-04-14T17:50:04.355-0400] {dag.py:3954} INFO - Setting next_dagrun for example_python_operator to None, run_after=None
[2024-04-14T17:50:04.361-0400] {processor.py:183} INFO - Processing /Users/manideepakreddyaila/Desktop/projects/Legal_Insights_Engine/.venv/lib/python3.11/site-packages/airflow/example_dags/example_python_operator.py took 0.081 seconds
[2024-04-14T17:51:59.325-0400] {processor.py:161} INFO - Started process (PID=36524) to work on /Users/manideepakreddyaila/Desktop/projects/Legal_Insights_Engine/.venv/lib/python3.11/site-packages/airflow/example_dags/example_python_operator.py
[2024-04-14T17:51:59.326-0400] {processor.py:830} INFO - Processing file /Users/manideepakreddyaila/Desktop/projects/Legal_Insights_Engine/.venv/lib/python3.11/site-packages/airflow/example_dags/example_python_operator.py for tasks to queue
[2024-04-14T17:51:59.326-0400] {logging_mixin.py:188} INFO - [2024-04-14T17:51:59.326-0400] {dagbag.py:540} INFO - Filling up the DagBag from /Users/manideepakreddyaila/Desktop/projects/Legal_Insights_Engine/.venv/lib/python3.11/site-packages/airflow/example_dags/example_python_operator.py
[2024-04-14T17:51:59.360-0400] {logging_mixin.py:188} INFO - [2024-04-14T17:51:59.360-0400] {example_python_operator.py:93} WARNING - The virtalenv_python example task requires virtualenv, please install it.
[2024-04-14T17:51:59.361-0400] {processor.py:840} INFO - DAG(s) 'example_python_operator' retrieved from /Users/manideepakreddyaila/Desktop/projects/Legal_Insights_Engine/.venv/lib/python3.11/site-packages/airflow/example_dags/example_python_operator.py
[2024-04-14T17:51:59.396-0400] {logging_mixin.py:188} INFO - [2024-04-14T17:51:59.396-0400] {dag.py:3096} INFO - Sync 1 DAGs
[2024-04-14T17:51:59.399-0400] {logging_mixin.py:188} INFO - [2024-04-14T17:51:59.399-0400] {dag.py:3954} INFO - Setting next_dagrun for example_python_operator to None, run_after=None
[2024-04-14T17:51:59.406-0400] {processor.py:183} INFO - Processing /Users/manideepakreddyaila/Desktop/projects/Legal_Insights_Engine/.venv/lib/python3.11/site-packages/airflow/example_dags/example_python_operator.py took 0.081 seconds
[2024-04-14T17:53:57.459-0400] {processor.py:161} INFO - Started process (PID=36605) to work on /Users/manideepakreddyaila/Desktop/projects/Legal_Insights_Engine/.venv/lib/python3.11/site-packages/airflow/example_dags/example_python_operator.py
[2024-04-14T17:53:57.461-0400] {processor.py:830} INFO - Processing file /Users/manideepakreddyaila/Desktop/projects/Legal_Insights_Engine/.venv/lib/python3.11/site-packages/airflow/example_dags/example_python_operator.py for tasks to queue
[2024-04-14T17:53:57.461-0400] {logging_mixin.py:188} INFO - [2024-04-14T17:53:57.461-0400] {dagbag.py:540} INFO - Filling up the DagBag from /Users/manideepakreddyaila/Desktop/projects/Legal_Insights_Engine/.venv/lib/python3.11/site-packages/airflow/example_dags/example_python_operator.py
[2024-04-14T17:53:57.495-0400] {logging_mixin.py:188} INFO - [2024-04-14T17:53:57.495-0400] {example_python_operator.py:93} WARNING - The virtalenv_python example task requires virtualenv, please install it.
[2024-04-14T17:53:57.496-0400] {processor.py:840} INFO - DAG(s) 'example_python_operator' retrieved from /Users/manideepakreddyaila/Desktop/projects/Legal_Insights_Engine/.venv/lib/python3.11/site-packages/airflow/example_dags/example_python_operator.py
[2024-04-14T17:53:57.533-0400] {logging_mixin.py:188} INFO - [2024-04-14T17:53:57.533-0400] {dag.py:3096} INFO - Sync 1 DAGs
[2024-04-14T17:53:57.536-0400] {logging_mixin.py:188} INFO - [2024-04-14T17:53:57.536-0400] {dag.py:3954} INFO - Setting next_dagrun for example_python_operator to None, run_after=None
[2024-04-14T17:53:57.542-0400] {processor.py:183} INFO - Processing /Users/manideepakreddyaila/Desktop/projects/Legal_Insights_Engine/.venv/lib/python3.11/site-packages/airflow/example_dags/example_python_operator.py took 0.084 seconds
[2024-04-14T17:55:48.637-0400] {processor.py:161} INFO - Started process (PID=36759) to work on /Users/manideepakreddyaila/Desktop/projects/Legal_Insights_Engine/.venv/lib/python3.11/site-packages/airflow/example_dags/example_python_operator.py
[2024-04-14T17:55:48.638-0400] {processor.py:830} INFO - Processing file /Users/manideepakreddyaila/Desktop/projects/Legal_Insights_Engine/.venv/lib/python3.11/site-packages/airflow/example_dags/example_python_operator.py for tasks to queue
[2024-04-14T17:55:48.639-0400] {logging_mixin.py:188} INFO - [2024-04-14T17:55:48.639-0400] {dagbag.py:540} INFO - Filling up the DagBag from /Users/manideepakreddyaila/Desktop/projects/Legal_Insights_Engine/.venv/lib/python3.11/site-packages/airflow/example_dags/example_python_operator.py
[2024-04-14T17:55:48.673-0400] {logging_mixin.py:188} INFO - [2024-04-14T17:55:48.673-0400] {example_python_operator.py:93} WARNING - The virtalenv_python example task requires virtualenv, please install it.
[2024-04-14T17:55:48.674-0400] {processor.py:840} INFO - DAG(s) 'example_python_operator' retrieved from /Users/manideepakreddyaila/Desktop/projects/Legal_Insights_Engine/.venv/lib/python3.11/site-packages/airflow/example_dags/example_python_operator.py
[2024-04-14T17:55:48.709-0400] {logging_mixin.py:188} INFO - [2024-04-14T17:55:48.709-0400] {dag.py:3096} INFO - Sync 1 DAGs
[2024-04-14T17:55:48.712-0400] {logging_mixin.py:188} INFO - [2024-04-14T17:55:48.712-0400] {dag.py:3954} INFO - Setting next_dagrun for example_python_operator to None, run_after=None
[2024-04-14T17:55:48.719-0400] {processor.py:183} INFO - Processing /Users/manideepakreddyaila/Desktop/projects/Legal_Insights_Engine/.venv/lib/python3.11/site-packages/airflow/example_dags/example_python_operator.py took 0.082 seconds
[2024-04-14T17:57:45.135-0400] {processor.py:161} INFO - Started process (PID=36856) to work on /Users/manideepakreddyaila/Desktop/projects/Legal_Insights_Engine/.venv/lib/python3.11/site-packages/airflow/example_dags/example_python_operator.py
[2024-04-14T17:57:45.136-0400] {processor.py:830} INFO - Processing file /Users/manideepakreddyaila/Desktop/projects/Legal_Insights_Engine/.venv/lib/python3.11/site-packages/airflow/example_dags/example_python_operator.py for tasks to queue
[2024-04-14T17:57:45.136-0400] {logging_mixin.py:188} INFO - [2024-04-14T17:57:45.136-0400] {dagbag.py:540} INFO - Filling up the DagBag from /Users/manideepakreddyaila/Desktop/projects/Legal_Insights_Engine/.venv/lib/python3.11/site-packages/airflow/example_dags/example_python_operator.py
[2024-04-14T17:57:45.170-0400] {logging_mixin.py:188} INFO - [2024-04-14T17:57:45.170-0400] {example_python_operator.py:93} WARNING - The virtalenv_python example task requires virtualenv, please install it.
[2024-04-14T17:57:45.172-0400] {processor.py:840} INFO - DAG(s) 'example_python_operator' retrieved from /Users/manideepakreddyaila/Desktop/projects/Legal_Insights_Engine/.venv/lib/python3.11/site-packages/airflow/example_dags/example_python_operator.py
[2024-04-14T17:57:45.207-0400] {logging_mixin.py:188} INFO - [2024-04-14T17:57:45.207-0400] {dag.py:3096} INFO - Sync 1 DAGs
[2024-04-14T17:57:45.210-0400] {logging_mixin.py:188} INFO - [2024-04-14T17:57:45.210-0400] {dag.py:3954} INFO - Setting next_dagrun for example_python_operator to None, run_after=None
[2024-04-14T17:57:45.216-0400] {processor.py:183} INFO - Processing /Users/manideepakreddyaila/Desktop/projects/Legal_Insights_Engine/.venv/lib/python3.11/site-packages/airflow/example_dags/example_python_operator.py took 0.082 seconds
[2024-04-14T17:59:40.409-0400] {processor.py:161} INFO - Started process (PID=36949) to work on /Users/manideepakreddyaila/Desktop/projects/Legal_Insights_Engine/.venv/lib/python3.11/site-packages/airflow/example_dags/example_python_operator.py
[2024-04-14T17:59:40.410-0400] {processor.py:830} INFO - Processing file /Users/manideepakreddyaila/Desktop/projects/Legal_Insights_Engine/.venv/lib/python3.11/site-packages/airflow/example_dags/example_python_operator.py for tasks to queue
[2024-04-14T17:59:40.410-0400] {logging_mixin.py:188} INFO - [2024-04-14T17:59:40.410-0400] {dagbag.py:540} INFO - Filling up the DagBag from /Users/manideepakreddyaila/Desktop/projects/Legal_Insights_Engine/.venv/lib/python3.11/site-packages/airflow/example_dags/example_python_operator.py
[2024-04-14T17:59:40.444-0400] {logging_mixin.py:188} INFO - [2024-04-14T17:59:40.444-0400] {example_python_operator.py:93} WARNING - The virtalenv_python example task requires virtualenv, please install it.
[2024-04-14T17:59:40.445-0400] {processor.py:840} INFO - DAG(s) 'example_python_operator' retrieved from /Users/manideepakreddyaila/Desktop/projects/Legal_Insights_Engine/.venv/lib/python3.11/site-packages/airflow/example_dags/example_python_operator.py
[2024-04-14T17:59:40.480-0400] {logging_mixin.py:188} INFO - [2024-04-14T17:59:40.480-0400] {dag.py:3096} INFO - Sync 1 DAGs
[2024-04-14T17:59:40.483-0400] {logging_mixin.py:188} INFO - [2024-04-14T17:59:40.483-0400] {dag.py:3954} INFO - Setting next_dagrun for example_python_operator to None, run_after=None
[2024-04-14T17:59:40.489-0400] {processor.py:183} INFO - Processing /Users/manideepakreddyaila/Desktop/projects/Legal_Insights_Engine/.venv/lib/python3.11/site-packages/airflow/example_dags/example_python_operator.py took 0.081 seconds
[2024-04-14T18:01:39.057-0400] {processor.py:161} INFO - Started process (PID=37057) to work on /Users/manideepakreddyaila/Desktop/projects/Legal_Insights_Engine/.venv/lib/python3.11/site-packages/airflow/example_dags/example_python_operator.py
[2024-04-14T18:01:39.057-0400] {processor.py:830} INFO - Processing file /Users/manideepakreddyaila/Desktop/projects/Legal_Insights_Engine/.venv/lib/python3.11/site-packages/airflow/example_dags/example_python_operator.py for tasks to queue
[2024-04-14T18:01:39.057-0400] {logging_mixin.py:188} INFO - [2024-04-14T18:01:39.057-0400] {dagbag.py:540} INFO - Filling up the DagBag from /Users/manideepakreddyaila/Desktop/projects/Legal_Insights_Engine/.venv/lib/python3.11/site-packages/airflow/example_dags/example_python_operator.py
[2024-04-14T18:01:39.092-0400] {logging_mixin.py:188} INFO - [2024-04-14T18:01:39.092-0400] {example_python_operator.py:93} WARNING - The virtalenv_python example task requires virtualenv, please install it.
[2024-04-14T18:01:39.093-0400] {processor.py:840} INFO - DAG(s) 'example_python_operator' retrieved from /Users/manideepakreddyaila/Desktop/projects/Legal_Insights_Engine/.venv/lib/python3.11/site-packages/airflow/example_dags/example_python_operator.py
[2024-04-14T18:01:39.128-0400] {logging_mixin.py:188} INFO - [2024-04-14T18:01:39.128-0400] {dag.py:3096} INFO - Sync 1 DAGs
[2024-04-14T18:01:39.131-0400] {logging_mixin.py:188} INFO - [2024-04-14T18:01:39.131-0400] {dag.py:3954} INFO - Setting next_dagrun for example_python_operator to None, run_after=None
[2024-04-14T18:01:39.137-0400] {processor.py:183} INFO - Processing /Users/manideepakreddyaila/Desktop/projects/Legal_Insights_Engine/.venv/lib/python3.11/site-packages/airflow/example_dags/example_python_operator.py took 0.081 seconds
[2024-04-14T18:03:40.299-0400] {processor.py:161} INFO - Started process (PID=37151) to work on /Users/manideepakreddyaila/Desktop/projects/Legal_Insights_Engine/.venv/lib/python3.11/site-packages/airflow/example_dags/example_python_operator.py
[2024-04-14T18:03:40.300-0400] {processor.py:830} INFO - Processing file /Users/manideepakreddyaila/Desktop/projects/Legal_Insights_Engine/.venv/lib/python3.11/site-packages/airflow/example_dags/example_python_operator.py for tasks to queue
[2024-04-14T18:03:40.300-0400] {logging_mixin.py:188} INFO - [2024-04-14T18:03:40.300-0400] {dagbag.py:540} INFO - Filling up the DagBag from /Users/manideepakreddyaila/Desktop/projects/Legal_Insights_Engine/.venv/lib/python3.11/site-packages/airflow/example_dags/example_python_operator.py
[2024-04-14T18:03:40.335-0400] {logging_mixin.py:188} INFO - [2024-04-14T18:03:40.335-0400] {example_python_operator.py:93} WARNING - The virtalenv_python example task requires virtualenv, please install it.
[2024-04-14T18:03:40.336-0400] {processor.py:840} INFO - DAG(s) 'example_python_operator' retrieved from /Users/manideepakreddyaila/Desktop/projects/Legal_Insights_Engine/.venv/lib/python3.11/site-packages/airflow/example_dags/example_python_operator.py
[2024-04-14T18:03:40.372-0400] {logging_mixin.py:188} INFO - [2024-04-14T18:03:40.371-0400] {dag.py:3096} INFO - Sync 1 DAGs
[2024-04-14T18:03:40.375-0400] {logging_mixin.py:188} INFO - [2024-04-14T18:03:40.375-0400] {dag.py:3954} INFO - Setting next_dagrun for example_python_operator to None, run_after=None
[2024-04-14T18:03:40.381-0400] {processor.py:183} INFO - Processing /Users/manideepakreddyaila/Desktop/projects/Legal_Insights_Engine/.venv/lib/python3.11/site-packages/airflow/example_dags/example_python_operator.py took 0.083 seconds
[2024-04-14T18:05:38.203-0400] {processor.py:161} INFO - Started process (PID=37242) to work on /Users/manideepakreddyaila/Desktop/projects/Legal_Insights_Engine/.venv/lib/python3.11/site-packages/airflow/example_dags/example_python_operator.py
[2024-04-14T18:05:38.203-0400] {processor.py:830} INFO - Processing file /Users/manideepakreddyaila/Desktop/projects/Legal_Insights_Engine/.venv/lib/python3.11/site-packages/airflow/example_dags/example_python_operator.py for tasks to queue
[2024-04-14T18:05:38.204-0400] {logging_mixin.py:188} INFO - [2024-04-14T18:05:38.204-0400] {dagbag.py:540} INFO - Filling up the DagBag from /Users/manideepakreddyaila/Desktop/projects/Legal_Insights_Engine/.venv/lib/python3.11/site-packages/airflow/example_dags/example_python_operator.py
[2024-04-14T18:05:38.241-0400] {logging_mixin.py:188} INFO - [2024-04-14T18:05:38.240-0400] {example_python_operator.py:93} WARNING - The virtalenv_python example task requires virtualenv, please install it.
[2024-04-14T18:05:38.242-0400] {processor.py:840} INFO - DAG(s) 'example_python_operator' retrieved from /Users/manideepakreddyaila/Desktop/projects/Legal_Insights_Engine/.venv/lib/python3.11/site-packages/airflow/example_dags/example_python_operator.py
[2024-04-14T18:05:38.277-0400] {logging_mixin.py:188} INFO - [2024-04-14T18:05:38.277-0400] {dag.py:3096} INFO - Sync 1 DAGs
[2024-04-14T18:05:38.280-0400] {logging_mixin.py:188} INFO - [2024-04-14T18:05:38.280-0400] {dag.py:3954} INFO - Setting next_dagrun for example_python_operator to None, run_after=None
[2024-04-14T18:05:38.287-0400] {processor.py:183} INFO - Processing /Users/manideepakreddyaila/Desktop/projects/Legal_Insights_Engine/.venv/lib/python3.11/site-packages/airflow/example_dags/example_python_operator.py took 0.085 seconds
[2024-04-14T18:07:37.279-0400] {processor.py:161} INFO - Started process (PID=37344) to work on /Users/manideepakreddyaila/Desktop/projects/Legal_Insights_Engine/.venv/lib/python3.11/site-packages/airflow/example_dags/example_python_operator.py
[2024-04-14T18:07:37.280-0400] {processor.py:830} INFO - Processing file /Users/manideepakreddyaila/Desktop/projects/Legal_Insights_Engine/.venv/lib/python3.11/site-packages/airflow/example_dags/example_python_operator.py for tasks to queue
[2024-04-14T18:07:37.280-0400] {logging_mixin.py:188} INFO - [2024-04-14T18:07:37.280-0400] {dagbag.py:540} INFO - Filling up the DagBag from /Users/manideepakreddyaila/Desktop/projects/Legal_Insights_Engine/.venv/lib/python3.11/site-packages/airflow/example_dags/example_python_operator.py
[2024-04-14T18:07:37.316-0400] {logging_mixin.py:188} INFO - [2024-04-14T18:07:37.316-0400] {example_python_operator.py:93} WARNING - The virtalenv_python example task requires virtualenv, please install it.
[2024-04-14T18:07:37.317-0400] {processor.py:840} INFO - DAG(s) 'example_python_operator' retrieved from /Users/manideepakreddyaila/Desktop/projects/Legal_Insights_Engine/.venv/lib/python3.11/site-packages/airflow/example_dags/example_python_operator.py
[2024-04-14T18:07:37.352-0400] {logging_mixin.py:188} INFO - [2024-04-14T18:07:37.352-0400] {dag.py:3096} INFO - Sync 1 DAGs
[2024-04-14T18:07:37.355-0400] {logging_mixin.py:188} INFO - [2024-04-14T18:07:37.355-0400] {dag.py:3954} INFO - Setting next_dagrun for example_python_operator to None, run_after=None
[2024-04-14T18:07:37.362-0400] {processor.py:183} INFO - Processing /Users/manideepakreddyaila/Desktop/projects/Legal_Insights_Engine/.venv/lib/python3.11/site-packages/airflow/example_dags/example_python_operator.py took 0.083 seconds
[2024-04-14T18:09:27.905-0400] {processor.py:161} INFO - Started process (PID=37431) to work on /Users/manideepakreddyaila/Desktop/projects/Legal_Insights_Engine/.venv/lib/python3.11/site-packages/airflow/example_dags/example_python_operator.py
[2024-04-14T18:09:27.906-0400] {processor.py:830} INFO - Processing file /Users/manideepakreddyaila/Desktop/projects/Legal_Insights_Engine/.venv/lib/python3.11/site-packages/airflow/example_dags/example_python_operator.py for tasks to queue
[2024-04-14T18:09:27.906-0400] {logging_mixin.py:188} INFO - [2024-04-14T18:09:27.906-0400] {dagbag.py:540} INFO - Filling up the DagBag from /Users/manideepakreddyaila/Desktop/projects/Legal_Insights_Engine/.venv/lib/python3.11/site-packages/airflow/example_dags/example_python_operator.py
[2024-04-14T18:09:27.941-0400] {logging_mixin.py:188} INFO - [2024-04-14T18:09:27.941-0400] {example_python_operator.py:93} WARNING - The virtalenv_python example task requires virtualenv, please install it.
[2024-04-14T18:09:27.942-0400] {processor.py:840} INFO - DAG(s) 'example_python_operator' retrieved from /Users/manideepakreddyaila/Desktop/projects/Legal_Insights_Engine/.venv/lib/python3.11/site-packages/airflow/example_dags/example_python_operator.py
[2024-04-14T18:09:27.977-0400] {logging_mixin.py:188} INFO - [2024-04-14T18:09:27.977-0400] {dag.py:3096} INFO - Sync 1 DAGs
[2024-04-14T18:09:27.980-0400] {logging_mixin.py:188} INFO - [2024-04-14T18:09:27.980-0400] {dag.py:3954} INFO - Setting next_dagrun for example_python_operator to None, run_after=None
[2024-04-14T18:09:27.986-0400] {processor.py:183} INFO - Processing /Users/manideepakreddyaila/Desktop/projects/Legal_Insights_Engine/.venv/lib/python3.11/site-packages/airflow/example_dags/example_python_operator.py took 0.082 seconds
[2024-04-14T18:11:25.582-0400] {processor.py:161} INFO - Started process (PID=37536) to work on /Users/manideepakreddyaila/Desktop/projects/Legal_Insights_Engine/.venv/lib/python3.11/site-packages/airflow/example_dags/example_python_operator.py
[2024-04-14T18:11:25.583-0400] {processor.py:830} INFO - Processing file /Users/manideepakreddyaila/Desktop/projects/Legal_Insights_Engine/.venv/lib/python3.11/site-packages/airflow/example_dags/example_python_operator.py for tasks to queue
[2024-04-14T18:11:25.583-0400] {logging_mixin.py:188} INFO - [2024-04-14T18:11:25.583-0400] {dagbag.py:540} INFO - Filling up the DagBag from /Users/manideepakreddyaila/Desktop/projects/Legal_Insights_Engine/.venv/lib/python3.11/site-packages/airflow/example_dags/example_python_operator.py
[2024-04-14T18:11:25.617-0400] {logging_mixin.py:188} INFO - [2024-04-14T18:11:25.617-0400] {example_python_operator.py:93} WARNING - The virtalenv_python example task requires virtualenv, please install it.
[2024-04-14T18:11:25.618-0400] {processor.py:840} INFO - DAG(s) 'example_python_operator' retrieved from /Users/manideepakreddyaila/Desktop/projects/Legal_Insights_Engine/.venv/lib/python3.11/site-packages/airflow/example_dags/example_python_operator.py
[2024-04-14T18:11:25.653-0400] {logging_mixin.py:188} INFO - [2024-04-14T18:11:25.653-0400] {dag.py:3096} INFO - Sync 1 DAGs
[2024-04-14T18:11:25.656-0400] {logging_mixin.py:188} INFO - [2024-04-14T18:11:25.656-0400] {dag.py:3954} INFO - Setting next_dagrun for example_python_operator to None, run_after=None
[2024-04-14T18:11:25.663-0400] {processor.py:183} INFO - Processing /Users/manideepakreddyaila/Desktop/projects/Legal_Insights_Engine/.venv/lib/python3.11/site-packages/airflow/example_dags/example_python_operator.py took 0.082 seconds
[2024-04-14T18:13:23.925-0400] {processor.py:161} INFO - Started process (PID=37646) to work on /Users/manideepakreddyaila/Desktop/projects/Legal_Insights_Engine/.venv/lib/python3.11/site-packages/airflow/example_dags/example_python_operator.py
[2024-04-14T18:13:23.925-0400] {processor.py:830} INFO - Processing file /Users/manideepakreddyaila/Desktop/projects/Legal_Insights_Engine/.venv/lib/python3.11/site-packages/airflow/example_dags/example_python_operator.py for tasks to queue
[2024-04-14T18:13:23.926-0400] {logging_mixin.py:188} INFO - [2024-04-14T18:13:23.926-0400] {dagbag.py:540} INFO - Filling up the DagBag from /Users/manideepakreddyaila/Desktop/projects/Legal_Insights_Engine/.venv/lib/python3.11/site-packages/airflow/example_dags/example_python_operator.py
[2024-04-14T18:13:23.959-0400] {logging_mixin.py:188} INFO - [2024-04-14T18:13:23.959-0400] {example_python_operator.py:93} WARNING - The virtalenv_python example task requires virtualenv, please install it.
[2024-04-14T18:13:23.960-0400] {processor.py:840} INFO - DAG(s) 'example_python_operator' retrieved from /Users/manideepakreddyaila/Desktop/projects/Legal_Insights_Engine/.venv/lib/python3.11/site-packages/airflow/example_dags/example_python_operator.py
[2024-04-14T18:13:23.995-0400] {logging_mixin.py:188} INFO - [2024-04-14T18:13:23.995-0400] {dag.py:3096} INFO - Sync 1 DAGs
[2024-04-14T18:13:23.998-0400] {logging_mixin.py:188} INFO - [2024-04-14T18:13:23.998-0400] {dag.py:3954} INFO - Setting next_dagrun for example_python_operator to None, run_after=None
[2024-04-14T18:13:24.005-0400] {processor.py:183} INFO - Processing /Users/manideepakreddyaila/Desktop/projects/Legal_Insights_Engine/.venv/lib/python3.11/site-packages/airflow/example_dags/example_python_operator.py took 0.081 seconds
[2024-04-14T18:15:21.892-0400] {processor.py:161} INFO - Started process (PID=37750) to work on /Users/manideepakreddyaila/Desktop/projects/Legal_Insights_Engine/.venv/lib/python3.11/site-packages/airflow/example_dags/example_python_operator.py
[2024-04-14T18:15:21.893-0400] {processor.py:830} INFO - Processing file /Users/manideepakreddyaila/Desktop/projects/Legal_Insights_Engine/.venv/lib/python3.11/site-packages/airflow/example_dags/example_python_operator.py for tasks to queue
[2024-04-14T18:15:21.894-0400] {logging_mixin.py:188} INFO - [2024-04-14T18:15:21.894-0400] {dagbag.py:540} INFO - Filling up the DagBag from /Users/manideepakreddyaila/Desktop/projects/Legal_Insights_Engine/.venv/lib/python3.11/site-packages/airflow/example_dags/example_python_operator.py
[2024-04-14T18:15:21.928-0400] {logging_mixin.py:188} INFO - [2024-04-14T18:15:21.928-0400] {example_python_operator.py:93} WARNING - The virtalenv_python example task requires virtualenv, please install it.
[2024-04-14T18:15:21.929-0400] {processor.py:840} INFO - DAG(s) 'example_python_operator' retrieved from /Users/manideepakreddyaila/Desktop/projects/Legal_Insights_Engine/.venv/lib/python3.11/site-packages/airflow/example_dags/example_python_operator.py
[2024-04-14T18:15:21.964-0400] {logging_mixin.py:188} INFO - [2024-04-14T18:15:21.964-0400] {dag.py:3096} INFO - Sync 1 DAGs
[2024-04-14T18:15:21.967-0400] {logging_mixin.py:188} INFO - [2024-04-14T18:15:21.967-0400] {dag.py:3954} INFO - Setting next_dagrun for example_python_operator to None, run_after=None
[2024-04-14T18:15:21.973-0400] {processor.py:183} INFO - Processing /Users/manideepakreddyaila/Desktop/projects/Legal_Insights_Engine/.venv/lib/python3.11/site-packages/airflow/example_dags/example_python_operator.py took 0.081 seconds
