[2024-04-13T20:06:44.504-0400] {processor.py:161} INFO - Started process (PID=31659) to work on /Users/manideepakreddyaila/Desktop/projects/Legal_Insights_Engine/.venv/lib/python3.11/site-packages/airflow/example_dags/example_short_circuit_operator.py
[2024-04-13T20:06:44.505-0400] {processor.py:830} INFO - Processing file /Users/manideepakreddyaila/Desktop/projects/Legal_Insights_Engine/.venv/lib/python3.11/site-packages/airflow/example_dags/example_short_circuit_operator.py for tasks to queue
[2024-04-13T20:06:44.505-0400] {logging_mixin.py:188} INFO - [2024-04-13T20:06:44.505-0400] {dagbag.py:540} INFO - Filling up the DagBag from /Users/manideepakreddyaila/Desktop/projects/Legal_Insights_Engine/.venv/lib/python3.11/site-packages/airflow/example_dags/example_short_circuit_operator.py
[2024-04-13T20:06:44.540-0400] {processor.py:840} INFO - DAG(s) 'example_short_circuit_operator' retrieved from /Users/manideepakreddyaila/Desktop/projects/Legal_Insights_Engine/.venv/lib/python3.11/site-packages/airflow/example_dags/example_short_circuit_operator.py
[2024-04-13T20:06:44.575-0400] {logging_mixin.py:188} INFO - [2024-04-13T20:06:44.575-0400] {dag.py:3096} INFO - Sync 1 DAGs
[2024-04-13T20:06:44.580-0400] {logging_mixin.py:188} INFO - [2024-04-13T20:06:44.580-0400] {dag.py:3954} INFO - Setting next_dagrun for example_short_circuit_operator to 2024-04-13 00:00:00+00:00, run_after=2024-04-14 00:00:00+00:00
[2024-04-13T20:06:44.587-0400] {processor.py:183} INFO - Processing /Users/manideepakreddyaila/Desktop/projects/Legal_Insights_Engine/.venv/lib/python3.11/site-packages/airflow/example_dags/example_short_circuit_operator.py took 0.084 seconds
[2024-04-13T20:08:10.546-0400] {processor.py:161} INFO - Started process (PID=31721) to work on /Users/manideepakreddyaila/Desktop/projects/Legal_Insights_Engine/.venv/lib/python3.11/site-packages/airflow/example_dags/example_short_circuit_operator.py
[2024-04-13T20:08:10.547-0400] {processor.py:830} INFO - Processing file /Users/manideepakreddyaila/Desktop/projects/Legal_Insights_Engine/.venv/lib/python3.11/site-packages/airflow/example_dags/example_short_circuit_operator.py for tasks to queue
[2024-04-13T20:08:10.548-0400] {logging_mixin.py:188} INFO - [2024-04-13T20:08:10.548-0400] {dagbag.py:540} INFO - Filling up the DagBag from /Users/manideepakreddyaila/Desktop/projects/Legal_Insights_Engine/.venv/lib/python3.11/site-packages/airflow/example_dags/example_short_circuit_operator.py
[2024-04-13T20:08:10.584-0400] {processor.py:840} INFO - DAG(s) 'example_short_circuit_operator' retrieved from /Users/manideepakreddyaila/Desktop/projects/Legal_Insights_Engine/.venv/lib/python3.11/site-packages/airflow/example_dags/example_short_circuit_operator.py
[2024-04-13T20:08:10.620-0400] {logging_mixin.py:188} INFO - [2024-04-13T20:08:10.620-0400] {dag.py:3096} INFO - Sync 1 DAGs
[2024-04-13T20:08:10.625-0400] {logging_mixin.py:188} INFO - [2024-04-13T20:08:10.625-0400] {dag.py:3954} INFO - Setting next_dagrun for example_short_circuit_operator to 2024-04-13 00:00:00+00:00, run_after=2024-04-14 00:00:00+00:00
[2024-04-13T20:08:10.632-0400] {processor.py:183} INFO - Processing /Users/manideepakreddyaila/Desktop/projects/Legal_Insights_Engine/.venv/lib/python3.11/site-packages/airflow/example_dags/example_short_circuit_operator.py took 0.087 seconds
[2024-04-13T21:57:07.077-0400] {processor.py:161} INFO - Started process (PID=31846) to work on /Users/manideepakreddyaila/Desktop/projects/Legal_Insights_Engine/.venv/lib/python3.11/site-packages/airflow/example_dags/example_short_circuit_operator.py
[2024-04-13T21:57:07.078-0400] {processor.py:830} INFO - Processing file /Users/manideepakreddyaila/Desktop/projects/Legal_Insights_Engine/.venv/lib/python3.11/site-packages/airflow/example_dags/example_short_circuit_operator.py for tasks to queue
[2024-04-13T21:57:07.078-0400] {logging_mixin.py:188} INFO - [2024-04-13T21:57:07.078-0400] {dagbag.py:540} INFO - Filling up the DagBag from /Users/manideepakreddyaila/Desktop/projects/Legal_Insights_Engine/.venv/lib/python3.11/site-packages/airflow/example_dags/example_short_circuit_operator.py
[2024-04-13T21:57:07.114-0400] {processor.py:840} INFO - DAG(s) 'example_short_circuit_operator' retrieved from /Users/manideepakreddyaila/Desktop/projects/Legal_Insights_Engine/.venv/lib/python3.11/site-packages/airflow/example_dags/example_short_circuit_operator.py
[2024-04-13T21:57:07.150-0400] {logging_mixin.py:188} INFO - [2024-04-13T21:57:07.149-0400] {dag.py:3096} INFO - Sync 1 DAGs
[2024-04-13T21:57:07.156-0400] {logging_mixin.py:188} INFO - [2024-04-13T21:57:07.155-0400] {dag.py:3954} INFO - Setting next_dagrun for example_short_circuit_operator to 2024-04-13 00:00:00+00:00, run_after=2024-04-14 00:00:00+00:00
[2024-04-13T21:57:07.163-0400] {processor.py:183} INFO - Processing /Users/manideepakreddyaila/Desktop/projects/Legal_Insights_Engine/.venv/lib/python3.11/site-packages/airflow/example_dags/example_short_circuit_operator.py took 0.086 seconds
[2024-04-14T00:12:35.663-0400] {processor.py:161} INFO - Started process (PID=32034) to work on /Users/manideepakreddyaila/Desktop/projects/Legal_Insights_Engine/.venv/lib/python3.11/site-packages/airflow/example_dags/example_short_circuit_operator.py
[2024-04-14T00:12:35.664-0400] {processor.py:830} INFO - Processing file /Users/manideepakreddyaila/Desktop/projects/Legal_Insights_Engine/.venv/lib/python3.11/site-packages/airflow/example_dags/example_short_circuit_operator.py for tasks to queue
[2024-04-14T00:12:35.664-0400] {logging_mixin.py:188} INFO - [2024-04-14T00:12:35.664-0400] {dagbag.py:540} INFO - Filling up the DagBag from /Users/manideepakreddyaila/Desktop/projects/Legal_Insights_Engine/.venv/lib/python3.11/site-packages/airflow/example_dags/example_short_circuit_operator.py
[2024-04-14T00:12:35.699-0400] {processor.py:840} INFO - DAG(s) 'example_short_circuit_operator' retrieved from /Users/manideepakreddyaila/Desktop/projects/Legal_Insights_Engine/.venv/lib/python3.11/site-packages/airflow/example_dags/example_short_circuit_operator.py
[2024-04-14T00:12:35.734-0400] {logging_mixin.py:188} INFO - [2024-04-14T00:12:35.734-0400] {dag.py:3096} INFO - Sync 1 DAGs
[2024-04-14T00:12:35.739-0400] {logging_mixin.py:188} INFO - [2024-04-14T00:12:35.739-0400] {dag.py:3954} INFO - Setting next_dagrun for example_short_circuit_operator to 2024-04-13 00:00:00+00:00, run_after=2024-04-14 00:00:00+00:00
[2024-04-14T00:12:35.746-0400] {processor.py:183} INFO - Processing /Users/manideepakreddyaila/Desktop/projects/Legal_Insights_Engine/.venv/lib/python3.11/site-packages/airflow/example_dags/example_short_circuit_operator.py took 0.084 seconds
[2024-04-14T03:17:15.368-0400] {processor.py:161} INFO - Started process (PID=32269) to work on /Users/manideepakreddyaila/Desktop/projects/Legal_Insights_Engine/.venv/lib/python3.11/site-packages/airflow/example_dags/example_short_circuit_operator.py
[2024-04-14T03:17:15.369-0400] {processor.py:830} INFO - Processing file /Users/manideepakreddyaila/Desktop/projects/Legal_Insights_Engine/.venv/lib/python3.11/site-packages/airflow/example_dags/example_short_circuit_operator.py for tasks to queue
[2024-04-14T03:17:15.369-0400] {logging_mixin.py:188} INFO - [2024-04-14T03:17:15.369-0400] {dagbag.py:540} INFO - Filling up the DagBag from /Users/manideepakreddyaila/Desktop/projects/Legal_Insights_Engine/.venv/lib/python3.11/site-packages/airflow/example_dags/example_short_circuit_operator.py
[2024-04-14T03:17:15.405-0400] {processor.py:840} INFO - DAG(s) 'example_short_circuit_operator' retrieved from /Users/manideepakreddyaila/Desktop/projects/Legal_Insights_Engine/.venv/lib/python3.11/site-packages/airflow/example_dags/example_short_circuit_operator.py
[2024-04-14T03:17:15.440-0400] {logging_mixin.py:188} INFO - [2024-04-14T03:17:15.440-0400] {dag.py:3096} INFO - Sync 1 DAGs
[2024-04-14T03:17:15.446-0400] {logging_mixin.py:188} INFO - [2024-04-14T03:17:15.446-0400] {dag.py:3954} INFO - Setting next_dagrun for example_short_circuit_operator to 2024-04-13 00:00:00+00:00, run_after=2024-04-14 00:00:00+00:00
[2024-04-14T03:17:15.452-0400] {processor.py:183} INFO - Processing /Users/manideepakreddyaila/Desktop/projects/Legal_Insights_Engine/.venv/lib/python3.11/site-packages/airflow/example_dags/example_short_circuit_operator.py took 0.085 seconds
[2024-04-14T06:10:35.229-0400] {processor.py:161} INFO - Started process (PID=32507) to work on /Users/manideepakreddyaila/Desktop/projects/Legal_Insights_Engine/.venv/lib/python3.11/site-packages/airflow/example_dags/example_short_circuit_operator.py
[2024-04-14T06:10:35.230-0400] {processor.py:830} INFO - Processing file /Users/manideepakreddyaila/Desktop/projects/Legal_Insights_Engine/.venv/lib/python3.11/site-packages/airflow/example_dags/example_short_circuit_operator.py for tasks to queue
[2024-04-14T06:10:35.230-0400] {logging_mixin.py:188} INFO - [2024-04-14T06:10:35.230-0400] {dagbag.py:540} INFO - Filling up the DagBag from /Users/manideepakreddyaila/Desktop/projects/Legal_Insights_Engine/.venv/lib/python3.11/site-packages/airflow/example_dags/example_short_circuit_operator.py
[2024-04-14T06:10:35.266-0400] {processor.py:840} INFO - DAG(s) 'example_short_circuit_operator' retrieved from /Users/manideepakreddyaila/Desktop/projects/Legal_Insights_Engine/.venv/lib/python3.11/site-packages/airflow/example_dags/example_short_circuit_operator.py
[2024-04-14T06:10:35.301-0400] {logging_mixin.py:188} INFO - [2024-04-14T06:10:35.301-0400] {dag.py:3096} INFO - Sync 1 DAGs
[2024-04-14T06:10:35.306-0400] {logging_mixin.py:188} INFO - [2024-04-14T06:10:35.306-0400] {dag.py:3954} INFO - Setting next_dagrun for example_short_circuit_operator to 2024-04-13 00:00:00+00:00, run_after=2024-04-14 00:00:00+00:00
[2024-04-14T06:10:35.313-0400] {processor.py:183} INFO - Processing /Users/manideepakreddyaila/Desktop/projects/Legal_Insights_Engine/.venv/lib/python3.11/site-packages/airflow/example_dags/example_short_circuit_operator.py took 0.085 seconds
[2024-04-14T08:08:27.959-0400] {processor.py:161} INFO - Started process (PID=32694) to work on /Users/manideepakreddyaila/Desktop/projects/Legal_Insights_Engine/.venv/lib/python3.11/site-packages/airflow/example_dags/example_short_circuit_operator.py
[2024-04-14T08:08:27.961-0400] {processor.py:830} INFO - Processing file /Users/manideepakreddyaila/Desktop/projects/Legal_Insights_Engine/.venv/lib/python3.11/site-packages/airflow/example_dags/example_short_circuit_operator.py for tasks to queue
[2024-04-14T08:08:27.961-0400] {logging_mixin.py:188} INFO - [2024-04-14T08:08:27.961-0400] {dagbag.py:540} INFO - Filling up the DagBag from /Users/manideepakreddyaila/Desktop/projects/Legal_Insights_Engine/.venv/lib/python3.11/site-packages/airflow/example_dags/example_short_circuit_operator.py
[2024-04-14T08:08:27.997-0400] {processor.py:840} INFO - DAG(s) 'example_short_circuit_operator' retrieved from /Users/manideepakreddyaila/Desktop/projects/Legal_Insights_Engine/.venv/lib/python3.11/site-packages/airflow/example_dags/example_short_circuit_operator.py
[2024-04-14T08:08:28.034-0400] {logging_mixin.py:188} INFO - [2024-04-14T08:08:28.034-0400] {dag.py:3096} INFO - Sync 1 DAGs
[2024-04-14T08:08:28.040-0400] {logging_mixin.py:188} INFO - [2024-04-14T08:08:28.039-0400] {dag.py:3954} INFO - Setting next_dagrun for example_short_circuit_operator to 2024-04-13 00:00:00+00:00, run_after=2024-04-14 00:00:00+00:00
[2024-04-14T08:08:28.046-0400] {processor.py:183} INFO - Processing /Users/manideepakreddyaila/Desktop/projects/Legal_Insights_Engine/.venv/lib/python3.11/site-packages/airflow/example_dags/example_short_circuit_operator.py took 0.089 seconds
[2024-04-14T08:13:57.593-0400] {processor.py:161} INFO - Started process (PID=32816) to work on /Users/manideepakreddyaila/Desktop/projects/Legal_Insights_Engine/.venv/lib/python3.11/site-packages/airflow/example_dags/example_short_circuit_operator.py
[2024-04-14T08:13:57.593-0400] {processor.py:830} INFO - Processing file /Users/manideepakreddyaila/Desktop/projects/Legal_Insights_Engine/.venv/lib/python3.11/site-packages/airflow/example_dags/example_short_circuit_operator.py for tasks to queue
[2024-04-14T08:13:57.594-0400] {logging_mixin.py:188} INFO - [2024-04-14T08:13:57.593-0400] {dagbag.py:540} INFO - Filling up the DagBag from /Users/manideepakreddyaila/Desktop/projects/Legal_Insights_Engine/.venv/lib/python3.11/site-packages/airflow/example_dags/example_short_circuit_operator.py
[2024-04-14T08:13:57.629-0400] {processor.py:840} INFO - DAG(s) 'example_short_circuit_operator' retrieved from /Users/manideepakreddyaila/Desktop/projects/Legal_Insights_Engine/.venv/lib/python3.11/site-packages/airflow/example_dags/example_short_circuit_operator.py
[2024-04-14T08:13:57.664-0400] {logging_mixin.py:188} INFO - [2024-04-14T08:13:57.664-0400] {dag.py:3096} INFO - Sync 1 DAGs
[2024-04-14T08:13:57.669-0400] {logging_mixin.py:188} INFO - [2024-04-14T08:13:57.669-0400] {dag.py:3954} INFO - Setting next_dagrun for example_short_circuit_operator to 2024-04-13 00:00:00+00:00, run_after=2024-04-14 00:00:00+00:00
[2024-04-14T08:13:57.676-0400] {processor.py:183} INFO - Processing /Users/manideepakreddyaila/Desktop/projects/Legal_Insights_Engine/.venv/lib/python3.11/site-packages/airflow/example_dags/example_short_circuit_operator.py took 0.084 seconds
[2024-04-14T08:21:39.168-0400] {processor.py:161} INFO - Started process (PID=32934) to work on /Users/manideepakreddyaila/Desktop/projects/Legal_Insights_Engine/.venv/lib/python3.11/site-packages/airflow/example_dags/example_short_circuit_operator.py
[2024-04-14T08:21:39.169-0400] {processor.py:830} INFO - Processing file /Users/manideepakreddyaila/Desktop/projects/Legal_Insights_Engine/.venv/lib/python3.11/site-packages/airflow/example_dags/example_short_circuit_operator.py for tasks to queue
[2024-04-14T08:21:39.169-0400] {logging_mixin.py:188} INFO - [2024-04-14T08:21:39.169-0400] {dagbag.py:540} INFO - Filling up the DagBag from /Users/manideepakreddyaila/Desktop/projects/Legal_Insights_Engine/.venv/lib/python3.11/site-packages/airflow/example_dags/example_short_circuit_operator.py
[2024-04-14T08:21:39.205-0400] {processor.py:840} INFO - DAG(s) 'example_short_circuit_operator' retrieved from /Users/manideepakreddyaila/Desktop/projects/Legal_Insights_Engine/.venv/lib/python3.11/site-packages/airflow/example_dags/example_short_circuit_operator.py
[2024-04-14T08:21:39.240-0400] {logging_mixin.py:188} INFO - [2024-04-14T08:21:39.240-0400] {dag.py:3096} INFO - Sync 1 DAGs
[2024-04-14T08:21:39.246-0400] {logging_mixin.py:188} INFO - [2024-04-14T08:21:39.245-0400] {dag.py:3954} INFO - Setting next_dagrun for example_short_circuit_operator to 2024-04-13 00:00:00+00:00, run_after=2024-04-14 00:00:00+00:00
[2024-04-14T08:21:39.252-0400] {processor.py:183} INFO - Processing /Users/manideepakreddyaila/Desktop/projects/Legal_Insights_Engine/.venv/lib/python3.11/site-packages/airflow/example_dags/example_short_circuit_operator.py took 0.085 seconds
[2024-04-14T10:38:15.379-0400] {processor.py:161} INFO - Started process (PID=33094) to work on /Users/manideepakreddyaila/Desktop/projects/Legal_Insights_Engine/.venv/lib/python3.11/site-packages/airflow/example_dags/example_short_circuit_operator.py
[2024-04-14T10:38:15.380-0400] {processor.py:830} INFO - Processing file /Users/manideepakreddyaila/Desktop/projects/Legal_Insights_Engine/.venv/lib/python3.11/site-packages/airflow/example_dags/example_short_circuit_operator.py for tasks to queue
[2024-04-14T10:38:15.380-0400] {logging_mixin.py:188} INFO - [2024-04-14T10:38:15.380-0400] {dagbag.py:540} INFO - Filling up the DagBag from /Users/manideepakreddyaila/Desktop/projects/Legal_Insights_Engine/.venv/lib/python3.11/site-packages/airflow/example_dags/example_short_circuit_operator.py
[2024-04-14T10:38:15.414-0400] {processor.py:840} INFO - DAG(s) 'example_short_circuit_operator' retrieved from /Users/manideepakreddyaila/Desktop/projects/Legal_Insights_Engine/.venv/lib/python3.11/site-packages/airflow/example_dags/example_short_circuit_operator.py
[2024-04-14T10:38:15.449-0400] {logging_mixin.py:188} INFO - [2024-04-14T10:38:15.449-0400] {dag.py:3096} INFO - Sync 1 DAGs
[2024-04-14T10:38:15.454-0400] {logging_mixin.py:188} INFO - [2024-04-14T10:38:15.454-0400] {dag.py:3954} INFO - Setting next_dagrun for example_short_circuit_operator to 2024-04-13 00:00:00+00:00, run_after=2024-04-14 00:00:00+00:00
[2024-04-14T10:38:15.461-0400] {processor.py:183} INFO - Processing /Users/manideepakreddyaila/Desktop/projects/Legal_Insights_Engine/.venv/lib/python3.11/site-packages/airflow/example_dags/example_short_circuit_operator.py took 0.084 seconds
[2024-04-14T12:06:30.722-0400] {processor.py:161} INFO - Started process (PID=33242) to work on /Users/manideepakreddyaila/Desktop/projects/Legal_Insights_Engine/.venv/lib/python3.11/site-packages/airflow/example_dags/example_short_circuit_operator.py
[2024-04-14T12:06:30.723-0400] {processor.py:830} INFO - Processing file /Users/manideepakreddyaila/Desktop/projects/Legal_Insights_Engine/.venv/lib/python3.11/site-packages/airflow/example_dags/example_short_circuit_operator.py for tasks to queue
[2024-04-14T12:06:30.723-0400] {logging_mixin.py:188} INFO - [2024-04-14T12:06:30.723-0400] {dagbag.py:540} INFO - Filling up the DagBag from /Users/manideepakreddyaila/Desktop/projects/Legal_Insights_Engine/.venv/lib/python3.11/site-packages/airflow/example_dags/example_short_circuit_operator.py
[2024-04-14T12:06:30.758-0400] {processor.py:840} INFO - DAG(s) 'example_short_circuit_operator' retrieved from /Users/manideepakreddyaila/Desktop/projects/Legal_Insights_Engine/.venv/lib/python3.11/site-packages/airflow/example_dags/example_short_circuit_operator.py
[2024-04-14T12:06:30.793-0400] {logging_mixin.py:188} INFO - [2024-04-14T12:06:30.792-0400] {dag.py:3096} INFO - Sync 1 DAGs
[2024-04-14T12:06:30.798-0400] {logging_mixin.py:188} INFO - [2024-04-14T12:06:30.798-0400] {dag.py:3954} INFO - Setting next_dagrun for example_short_circuit_operator to 2024-04-13 00:00:00+00:00, run_after=2024-04-14 00:00:00+00:00
[2024-04-14T12:06:30.804-0400] {processor.py:183} INFO - Processing /Users/manideepakreddyaila/Desktop/projects/Legal_Insights_Engine/.venv/lib/python3.11/site-packages/airflow/example_dags/example_short_circuit_operator.py took 0.084 seconds
[2024-04-14T13:23:55.951-0400] {processor.py:161} INFO - Started process (PID=33392) to work on /Users/manideepakreddyaila/Desktop/projects/Legal_Insights_Engine/.venv/lib/python3.11/site-packages/airflow/example_dags/example_short_circuit_operator.py
[2024-04-14T13:23:55.952-0400] {processor.py:830} INFO - Processing file /Users/manideepakreddyaila/Desktop/projects/Legal_Insights_Engine/.venv/lib/python3.11/site-packages/airflow/example_dags/example_short_circuit_operator.py for tasks to queue
[2024-04-14T13:23:55.952-0400] {logging_mixin.py:188} INFO - [2024-04-14T13:23:55.952-0400] {dagbag.py:540} INFO - Filling up the DagBag from /Users/manideepakreddyaila/Desktop/projects/Legal_Insights_Engine/.venv/lib/python3.11/site-packages/airflow/example_dags/example_short_circuit_operator.py
[2024-04-14T13:23:55.987-0400] {processor.py:840} INFO - DAG(s) 'example_short_circuit_operator' retrieved from /Users/manideepakreddyaila/Desktop/projects/Legal_Insights_Engine/.venv/lib/python3.11/site-packages/airflow/example_dags/example_short_circuit_operator.py
[2024-04-14T13:23:56.022-0400] {logging_mixin.py:188} INFO - [2024-04-14T13:23:56.022-0400] {dag.py:3096} INFO - Sync 1 DAGs
[2024-04-14T13:23:56.027-0400] {logging_mixin.py:188} INFO - [2024-04-14T13:23:56.027-0400] {dag.py:3954} INFO - Setting next_dagrun for example_short_circuit_operator to 2024-04-13 00:00:00+00:00, run_after=2024-04-14 00:00:00+00:00
[2024-04-14T13:23:56.034-0400] {processor.py:183} INFO - Processing /Users/manideepakreddyaila/Desktop/projects/Legal_Insights_Engine/.venv/lib/python3.11/site-packages/airflow/example_dags/example_short_circuit_operator.py took 0.084 seconds
[2024-04-14T15:25:52.186-0400] {processor.py:161} INFO - Started process (PID=33576) to work on /Users/manideepakreddyaila/Desktop/projects/Legal_Insights_Engine/.venv/lib/python3.11/site-packages/airflow/example_dags/example_short_circuit_operator.py
[2024-04-14T15:25:52.187-0400] {processor.py:830} INFO - Processing file /Users/manideepakreddyaila/Desktop/projects/Legal_Insights_Engine/.venv/lib/python3.11/site-packages/airflow/example_dags/example_short_circuit_operator.py for tasks to queue
[2024-04-14T15:25:52.189-0400] {logging_mixin.py:188} INFO - [2024-04-14T15:25:52.189-0400] {dagbag.py:540} INFO - Filling up the DagBag from /Users/manideepakreddyaila/Desktop/projects/Legal_Insights_Engine/.venv/lib/python3.11/site-packages/airflow/example_dags/example_short_circuit_operator.py
[2024-04-14T15:25:52.319-0400] {processor.py:840} INFO - DAG(s) 'example_short_circuit_operator' retrieved from /Users/manideepakreddyaila/Desktop/projects/Legal_Insights_Engine/.venv/lib/python3.11/site-packages/airflow/example_dags/example_short_circuit_operator.py
[2024-04-14T15:25:52.386-0400] {logging_mixin.py:188} INFO - [2024-04-14T15:25:52.385-0400] {dag.py:3096} INFO - Sync 1 DAGs
[2024-04-14T15:25:52.398-0400] {logging_mixin.py:188} INFO - [2024-04-14T15:25:52.398-0400] {dag.py:3954} INFO - Setting next_dagrun for example_short_circuit_operator to 2024-04-13 00:00:00+00:00, run_after=2024-04-14 00:00:00+00:00
[2024-04-14T15:25:52.427-0400] {processor.py:183} INFO - Processing /Users/manideepakreddyaila/Desktop/projects/Legal_Insights_Engine/.venv/lib/python3.11/site-packages/airflow/example_dags/example_short_circuit_operator.py took 0.243 seconds
[2024-04-14T16:36:43.746-0400] {processor.py:161} INFO - Started process (PID=33747) to work on /Users/manideepakreddyaila/Desktop/projects/Legal_Insights_Engine/.venv/lib/python3.11/site-packages/airflow/example_dags/example_short_circuit_operator.py
[2024-04-14T16:36:43.746-0400] {processor.py:830} INFO - Processing file /Users/manideepakreddyaila/Desktop/projects/Legal_Insights_Engine/.venv/lib/python3.11/site-packages/airflow/example_dags/example_short_circuit_operator.py for tasks to queue
[2024-04-14T16:36:43.746-0400] {logging_mixin.py:188} INFO - [2024-04-14T16:36:43.746-0400] {dagbag.py:540} INFO - Filling up the DagBag from /Users/manideepakreddyaila/Desktop/projects/Legal_Insights_Engine/.venv/lib/python3.11/site-packages/airflow/example_dags/example_short_circuit_operator.py
[2024-04-14T16:36:43.781-0400] {processor.py:840} INFO - DAG(s) 'example_short_circuit_operator' retrieved from /Users/manideepakreddyaila/Desktop/projects/Legal_Insights_Engine/.venv/lib/python3.11/site-packages/airflow/example_dags/example_short_circuit_operator.py
[2024-04-14T16:36:43.816-0400] {logging_mixin.py:188} INFO - [2024-04-14T16:36:43.816-0400] {dag.py:3096} INFO - Sync 1 DAGs
[2024-04-14T16:36:43.821-0400] {logging_mixin.py:188} INFO - [2024-04-14T16:36:43.821-0400] {dag.py:3954} INFO - Setting next_dagrun for example_short_circuit_operator to 2024-04-13 00:00:00+00:00, run_after=2024-04-14 00:00:00+00:00
[2024-04-14T16:36:43.828-0400] {processor.py:183} INFO - Processing /Users/manideepakreddyaila/Desktop/projects/Legal_Insights_Engine/.venv/lib/python3.11/site-packages/airflow/example_dags/example_short_circuit_operator.py took 0.083 seconds
[2024-04-14T16:38:07.717-0400] {processor.py:161} INFO - Started process (PID=33819) to work on /Users/manideepakreddyaila/Desktop/projects/Legal_Insights_Engine/.venv/lib/python3.11/site-packages/airflow/example_dags/example_short_circuit_operator.py
[2024-04-14T16:38:07.718-0400] {processor.py:830} INFO - Processing file /Users/manideepakreddyaila/Desktop/projects/Legal_Insights_Engine/.venv/lib/python3.11/site-packages/airflow/example_dags/example_short_circuit_operator.py for tasks to queue
[2024-04-14T16:38:07.718-0400] {logging_mixin.py:188} INFO - [2024-04-14T16:38:07.718-0400] {dagbag.py:540} INFO - Filling up the DagBag from /Users/manideepakreddyaila/Desktop/projects/Legal_Insights_Engine/.venv/lib/python3.11/site-packages/airflow/example_dags/example_short_circuit_operator.py
[2024-04-14T16:38:07.754-0400] {processor.py:840} INFO - DAG(s) 'example_short_circuit_operator' retrieved from /Users/manideepakreddyaila/Desktop/projects/Legal_Insights_Engine/.venv/lib/python3.11/site-packages/airflow/example_dags/example_short_circuit_operator.py
[2024-04-14T16:38:07.790-0400] {logging_mixin.py:188} INFO - [2024-04-14T16:38:07.789-0400] {dag.py:3096} INFO - Sync 1 DAGs
[2024-04-14T16:38:07.795-0400] {logging_mixin.py:188} INFO - [2024-04-14T16:38:07.795-0400] {dag.py:3954} INFO - Setting next_dagrun for example_short_circuit_operator to 2024-04-13 00:00:00+00:00, run_after=2024-04-14 00:00:00+00:00
[2024-04-14T16:38:07.801-0400] {processor.py:183} INFO - Processing /Users/manideepakreddyaila/Desktop/projects/Legal_Insights_Engine/.venv/lib/python3.11/site-packages/airflow/example_dags/example_short_circuit_operator.py took 0.085 seconds
[2024-04-14T16:40:06.795-0400] {processor.py:161} INFO - Started process (PID=33917) to work on /Users/manideepakreddyaila/Desktop/projects/Legal_Insights_Engine/.venv/lib/python3.11/site-packages/airflow/example_dags/example_short_circuit_operator.py
[2024-04-14T16:40:06.795-0400] {processor.py:830} INFO - Processing file /Users/manideepakreddyaila/Desktop/projects/Legal_Insights_Engine/.venv/lib/python3.11/site-packages/airflow/example_dags/example_short_circuit_operator.py for tasks to queue
[2024-04-14T16:40:06.796-0400] {logging_mixin.py:188} INFO - [2024-04-14T16:40:06.796-0400] {dagbag.py:540} INFO - Filling up the DagBag from /Users/manideepakreddyaila/Desktop/projects/Legal_Insights_Engine/.venv/lib/python3.11/site-packages/airflow/example_dags/example_short_circuit_operator.py
[2024-04-14T16:40:06.831-0400] {processor.py:840} INFO - DAG(s) 'example_short_circuit_operator' retrieved from /Users/manideepakreddyaila/Desktop/projects/Legal_Insights_Engine/.venv/lib/python3.11/site-packages/airflow/example_dags/example_short_circuit_operator.py
[2024-04-14T16:40:06.866-0400] {logging_mixin.py:188} INFO - [2024-04-14T16:40:06.865-0400] {dag.py:3096} INFO - Sync 1 DAGs
[2024-04-14T16:40:06.871-0400] {logging_mixin.py:188} INFO - [2024-04-14T16:40:06.871-0400] {dag.py:3954} INFO - Setting next_dagrun for example_short_circuit_operator to 2024-04-13 00:00:00+00:00, run_after=2024-04-14 00:00:00+00:00
[2024-04-14T16:40:06.877-0400] {processor.py:183} INFO - Processing /Users/manideepakreddyaila/Desktop/projects/Legal_Insights_Engine/.venv/lib/python3.11/site-packages/airflow/example_dags/example_short_circuit_operator.py took 0.084 seconds
[2024-04-14T16:42:00.598-0400] {processor.py:161} INFO - Started process (PID=34012) to work on /Users/manideepakreddyaila/Desktop/projects/Legal_Insights_Engine/.venv/lib/python3.11/site-packages/airflow/example_dags/example_short_circuit_operator.py
[2024-04-14T16:42:00.599-0400] {processor.py:830} INFO - Processing file /Users/manideepakreddyaila/Desktop/projects/Legal_Insights_Engine/.venv/lib/python3.11/site-packages/airflow/example_dags/example_short_circuit_operator.py for tasks to queue
[2024-04-14T16:42:00.599-0400] {logging_mixin.py:188} INFO - [2024-04-14T16:42:00.599-0400] {dagbag.py:540} INFO - Filling up the DagBag from /Users/manideepakreddyaila/Desktop/projects/Legal_Insights_Engine/.venv/lib/python3.11/site-packages/airflow/example_dags/example_short_circuit_operator.py
[2024-04-14T16:42:00.635-0400] {processor.py:840} INFO - DAG(s) 'example_short_circuit_operator' retrieved from /Users/manideepakreddyaila/Desktop/projects/Legal_Insights_Engine/.venv/lib/python3.11/site-packages/airflow/example_dags/example_short_circuit_operator.py
[2024-04-14T16:42:00.679-0400] {logging_mixin.py:188} INFO - [2024-04-14T16:42:00.678-0400] {dag.py:3096} INFO - Sync 1 DAGs
[2024-04-14T16:42:00.685-0400] {logging_mixin.py:188} INFO - [2024-04-14T16:42:00.685-0400] {dag.py:3954} INFO - Setting next_dagrun for example_short_circuit_operator to 2024-04-13 00:00:00+00:00, run_after=2024-04-14 00:00:00+00:00
[2024-04-14T16:42:00.693-0400] {processor.py:183} INFO - Processing /Users/manideepakreddyaila/Desktop/projects/Legal_Insights_Engine/.venv/lib/python3.11/site-packages/airflow/example_dags/example_short_circuit_operator.py took 0.095 seconds
[2024-04-14T16:43:59.104-0400] {processor.py:161} INFO - Started process (PID=34122) to work on /Users/manideepakreddyaila/Desktop/projects/Legal_Insights_Engine/.venv/lib/python3.11/site-packages/airflow/example_dags/example_short_circuit_operator.py
[2024-04-14T16:43:59.105-0400] {processor.py:830} INFO - Processing file /Users/manideepakreddyaila/Desktop/projects/Legal_Insights_Engine/.venv/lib/python3.11/site-packages/airflow/example_dags/example_short_circuit_operator.py for tasks to queue
[2024-04-14T16:43:59.106-0400] {logging_mixin.py:188} INFO - [2024-04-14T16:43:59.106-0400] {dagbag.py:540} INFO - Filling up the DagBag from /Users/manideepakreddyaila/Desktop/projects/Legal_Insights_Engine/.venv/lib/python3.11/site-packages/airflow/example_dags/example_short_circuit_operator.py
[2024-04-14T16:43:59.141-0400] {processor.py:840} INFO - DAG(s) 'example_short_circuit_operator' retrieved from /Users/manideepakreddyaila/Desktop/projects/Legal_Insights_Engine/.venv/lib/python3.11/site-packages/airflow/example_dags/example_short_circuit_operator.py
[2024-04-14T16:43:59.176-0400] {logging_mixin.py:188} INFO - [2024-04-14T16:43:59.176-0400] {dag.py:3096} INFO - Sync 1 DAGs
[2024-04-14T16:43:59.181-0400] {logging_mixin.py:188} INFO - [2024-04-14T16:43:59.181-0400] {dag.py:3954} INFO - Setting next_dagrun for example_short_circuit_operator to 2024-04-13 00:00:00+00:00, run_after=2024-04-14 00:00:00+00:00
[2024-04-14T16:43:59.188-0400] {processor.py:183} INFO - Processing /Users/manideepakreddyaila/Desktop/projects/Legal_Insights_Engine/.venv/lib/python3.11/site-packages/airflow/example_dags/example_short_circuit_operator.py took 0.085 seconds
[2024-04-14T16:45:59.301-0400] {processor.py:161} INFO - Started process (PID=34225) to work on /Users/manideepakreddyaila/Desktop/projects/Legal_Insights_Engine/.venv/lib/python3.11/site-packages/airflow/example_dags/example_short_circuit_operator.py
[2024-04-14T16:45:59.303-0400] {processor.py:830} INFO - Processing file /Users/manideepakreddyaila/Desktop/projects/Legal_Insights_Engine/.venv/lib/python3.11/site-packages/airflow/example_dags/example_short_circuit_operator.py for tasks to queue
[2024-04-14T16:45:59.303-0400] {logging_mixin.py:188} INFO - [2024-04-14T16:45:59.303-0400] {dagbag.py:540} INFO - Filling up the DagBag from /Users/manideepakreddyaila/Desktop/projects/Legal_Insights_Engine/.venv/lib/python3.11/site-packages/airflow/example_dags/example_short_circuit_operator.py
[2024-04-14T16:45:59.338-0400] {processor.py:840} INFO - DAG(s) 'example_short_circuit_operator' retrieved from /Users/manideepakreddyaila/Desktop/projects/Legal_Insights_Engine/.venv/lib/python3.11/site-packages/airflow/example_dags/example_short_circuit_operator.py
[2024-04-14T16:45:59.373-0400] {logging_mixin.py:188} INFO - [2024-04-14T16:45:59.373-0400] {dag.py:3096} INFO - Sync 1 DAGs
[2024-04-14T16:45:59.378-0400] {logging_mixin.py:188} INFO - [2024-04-14T16:45:59.378-0400] {dag.py:3954} INFO - Setting next_dagrun for example_short_circuit_operator to 2024-04-13 00:00:00+00:00, run_after=2024-04-14 00:00:00+00:00
[2024-04-14T16:45:59.385-0400] {processor.py:183} INFO - Processing /Users/manideepakreddyaila/Desktop/projects/Legal_Insights_Engine/.venv/lib/python3.11/site-packages/airflow/example_dags/example_short_circuit_operator.py took 0.085 seconds
[2024-04-14T16:47:57.367-0400] {processor.py:161} INFO - Started process (PID=34323) to work on /Users/manideepakreddyaila/Desktop/projects/Legal_Insights_Engine/.venv/lib/python3.11/site-packages/airflow/example_dags/example_short_circuit_operator.py
[2024-04-14T16:47:57.369-0400] {processor.py:830} INFO - Processing file /Users/manideepakreddyaila/Desktop/projects/Legal_Insights_Engine/.venv/lib/python3.11/site-packages/airflow/example_dags/example_short_circuit_operator.py for tasks to queue
[2024-04-14T16:47:57.370-0400] {logging_mixin.py:188} INFO - [2024-04-14T16:47:57.370-0400] {dagbag.py:540} INFO - Filling up the DagBag from /Users/manideepakreddyaila/Desktop/projects/Legal_Insights_Engine/.venv/lib/python3.11/site-packages/airflow/example_dags/example_short_circuit_operator.py
[2024-04-14T16:47:57.409-0400] {processor.py:840} INFO - DAG(s) 'example_short_circuit_operator' retrieved from /Users/manideepakreddyaila/Desktop/projects/Legal_Insights_Engine/.venv/lib/python3.11/site-packages/airflow/example_dags/example_short_circuit_operator.py
[2024-04-14T16:47:57.447-0400] {logging_mixin.py:188} INFO - [2024-04-14T16:47:57.447-0400] {dag.py:3096} INFO - Sync 1 DAGs
[2024-04-14T16:47:57.452-0400] {logging_mixin.py:188} INFO - [2024-04-14T16:47:57.452-0400] {dag.py:3954} INFO - Setting next_dagrun for example_short_circuit_operator to 2024-04-13 00:00:00+00:00, run_after=2024-04-14 00:00:00+00:00
[2024-04-14T16:47:57.459-0400] {processor.py:183} INFO - Processing /Users/manideepakreddyaila/Desktop/projects/Legal_Insights_Engine/.venv/lib/python3.11/site-packages/airflow/example_dags/example_short_circuit_operator.py took 0.094 seconds
[2024-04-14T16:57:50.206-0400] {processor.py:161} INFO - Started process (PID=34434) to work on /Users/manideepakreddyaila/Desktop/projects/Legal_Insights_Engine/.venv/lib/python3.11/site-packages/airflow/example_dags/example_short_circuit_operator.py
[2024-04-14T16:57:50.209-0400] {processor.py:830} INFO - Processing file /Users/manideepakreddyaila/Desktop/projects/Legal_Insights_Engine/.venv/lib/python3.11/site-packages/airflow/example_dags/example_short_circuit_operator.py for tasks to queue
[2024-04-14T16:57:50.209-0400] {logging_mixin.py:188} INFO - [2024-04-14T16:57:50.209-0400] {dagbag.py:540} INFO - Filling up the DagBag from /Users/manideepakreddyaila/Desktop/projects/Legal_Insights_Engine/.venv/lib/python3.11/site-packages/airflow/example_dags/example_short_circuit_operator.py
[2024-04-14T16:57:50.250-0400] {processor.py:840} INFO - DAG(s) 'example_short_circuit_operator' retrieved from /Users/manideepakreddyaila/Desktop/projects/Legal_Insights_Engine/.venv/lib/python3.11/site-packages/airflow/example_dags/example_short_circuit_operator.py
[2024-04-14T16:57:50.288-0400] {logging_mixin.py:188} INFO - [2024-04-14T16:57:50.288-0400] {dag.py:3096} INFO - Sync 1 DAGs
[2024-04-14T16:57:50.293-0400] {logging_mixin.py:188} INFO - [2024-04-14T16:57:50.293-0400] {dag.py:3954} INFO - Setting next_dagrun for example_short_circuit_operator to 2024-04-13 00:00:00+00:00, run_after=2024-04-14 00:00:00+00:00
[2024-04-14T16:57:50.300-0400] {processor.py:183} INFO - Processing /Users/manideepakreddyaila/Desktop/projects/Legal_Insights_Engine/.venv/lib/python3.11/site-packages/airflow/example_dags/example_short_circuit_operator.py took 0.095 seconds
[2024-04-14T17:16:58.781-0400] {processor.py:161} INFO - Started process (PID=34733) to work on /Users/manideepakreddyaila/Desktop/projects/Legal_Insights_Engine/.venv/lib/python3.11/site-packages/airflow/example_dags/example_short_circuit_operator.py
[2024-04-14T17:16:58.782-0400] {processor.py:830} INFO - Processing file /Users/manideepakreddyaila/Desktop/projects/Legal_Insights_Engine/.venv/lib/python3.11/site-packages/airflow/example_dags/example_short_circuit_operator.py for tasks to queue
[2024-04-14T17:16:58.782-0400] {logging_mixin.py:188} INFO - [2024-04-14T17:16:58.782-0400] {dagbag.py:540} INFO - Filling up the DagBag from /Users/manideepakreddyaila/Desktop/projects/Legal_Insights_Engine/.venv/lib/python3.11/site-packages/airflow/example_dags/example_short_circuit_operator.py
[2024-04-14T17:16:58.823-0400] {processor.py:840} INFO - DAG(s) 'example_short_circuit_operator' retrieved from /Users/manideepakreddyaila/Desktop/projects/Legal_Insights_Engine/.venv/lib/python3.11/site-packages/airflow/example_dags/example_short_circuit_operator.py
[2024-04-14T17:16:58.859-0400] {logging_mixin.py:188} INFO - [2024-04-14T17:16:58.859-0400] {dag.py:3096} INFO - Sync 1 DAGs
[2024-04-14T17:16:58.864-0400] {logging_mixin.py:188} INFO - [2024-04-14T17:16:58.864-0400] {dag.py:3954} INFO - Setting next_dagrun for example_short_circuit_operator to 2024-04-13 00:00:00+00:00, run_after=2024-04-14 00:00:00+00:00
[2024-04-14T17:16:58.871-0400] {processor.py:183} INFO - Processing /Users/manideepakreddyaila/Desktop/projects/Legal_Insights_Engine/.venv/lib/python3.11/site-packages/airflow/example_dags/example_short_circuit_operator.py took 0.091 seconds
[2024-04-14T17:18:51.963-0400] {processor.py:161} INFO - Started process (PID=34845) to work on /Users/manideepakreddyaila/Desktop/projects/Legal_Insights_Engine/.venv/lib/python3.11/site-packages/airflow/example_dags/example_short_circuit_operator.py
[2024-04-14T17:18:51.964-0400] {processor.py:830} INFO - Processing file /Users/manideepakreddyaila/Desktop/projects/Legal_Insights_Engine/.venv/lib/python3.11/site-packages/airflow/example_dags/example_short_circuit_operator.py for tasks to queue
[2024-04-14T17:18:51.964-0400] {logging_mixin.py:188} INFO - [2024-04-14T17:18:51.964-0400] {dagbag.py:540} INFO - Filling up the DagBag from /Users/manideepakreddyaila/Desktop/projects/Legal_Insights_Engine/.venv/lib/python3.11/site-packages/airflow/example_dags/example_short_circuit_operator.py
[2024-04-14T17:18:52.000-0400] {processor.py:840} INFO - DAG(s) 'example_short_circuit_operator' retrieved from /Users/manideepakreddyaila/Desktop/projects/Legal_Insights_Engine/.venv/lib/python3.11/site-packages/airflow/example_dags/example_short_circuit_operator.py
[2024-04-14T17:18:52.036-0400] {logging_mixin.py:188} INFO - [2024-04-14T17:18:52.036-0400] {dag.py:3096} INFO - Sync 1 DAGs
[2024-04-14T17:18:52.041-0400] {logging_mixin.py:188} INFO - [2024-04-14T17:18:52.041-0400] {dag.py:3954} INFO - Setting next_dagrun for example_short_circuit_operator to 2024-04-13 00:00:00+00:00, run_after=2024-04-14 00:00:00+00:00
[2024-04-14T17:18:52.048-0400] {processor.py:183} INFO - Processing /Users/manideepakreddyaila/Desktop/projects/Legal_Insights_Engine/.venv/lib/python3.11/site-packages/airflow/example_dags/example_short_circuit_operator.py took 0.086 seconds
[2024-04-14T17:20:46.535-0400] {processor.py:161} INFO - Started process (PID=34944) to work on /Users/manideepakreddyaila/Desktop/projects/Legal_Insights_Engine/.venv/lib/python3.11/site-packages/airflow/example_dags/example_short_circuit_operator.py
[2024-04-14T17:20:46.537-0400] {processor.py:830} INFO - Processing file /Users/manideepakreddyaila/Desktop/projects/Legal_Insights_Engine/.venv/lib/python3.11/site-packages/airflow/example_dags/example_short_circuit_operator.py for tasks to queue
[2024-04-14T17:20:46.537-0400] {logging_mixin.py:188} INFO - [2024-04-14T17:20:46.537-0400] {dagbag.py:540} INFO - Filling up the DagBag from /Users/manideepakreddyaila/Desktop/projects/Legal_Insights_Engine/.venv/lib/python3.11/site-packages/airflow/example_dags/example_short_circuit_operator.py
[2024-04-14T17:20:46.572-0400] {processor.py:840} INFO - DAG(s) 'example_short_circuit_operator' retrieved from /Users/manideepakreddyaila/Desktop/projects/Legal_Insights_Engine/.venv/lib/python3.11/site-packages/airflow/example_dags/example_short_circuit_operator.py
[2024-04-14T17:20:46.608-0400] {logging_mixin.py:188} INFO - [2024-04-14T17:20:46.608-0400] {dag.py:3096} INFO - Sync 1 DAGs
[2024-04-14T17:20:46.614-0400] {logging_mixin.py:188} INFO - [2024-04-14T17:20:46.614-0400] {dag.py:3954} INFO - Setting next_dagrun for example_short_circuit_operator to 2024-04-13 00:00:00+00:00, run_after=2024-04-14 00:00:00+00:00
[2024-04-14T17:20:46.621-0400] {processor.py:183} INFO - Processing /Users/manideepakreddyaila/Desktop/projects/Legal_Insights_Engine/.venv/lib/python3.11/site-packages/airflow/example_dags/example_short_circuit_operator.py took 0.087 seconds
[2024-04-14T17:22:43.064-0400] {processor.py:161} INFO - Started process (PID=35040) to work on /Users/manideepakreddyaila/Desktop/projects/Legal_Insights_Engine/.venv/lib/python3.11/site-packages/airflow/example_dags/example_short_circuit_operator.py
[2024-04-14T17:22:43.065-0400] {processor.py:830} INFO - Processing file /Users/manideepakreddyaila/Desktop/projects/Legal_Insights_Engine/.venv/lib/python3.11/site-packages/airflow/example_dags/example_short_circuit_operator.py for tasks to queue
[2024-04-14T17:22:43.065-0400] {logging_mixin.py:188} INFO - [2024-04-14T17:22:43.065-0400] {dagbag.py:540} INFO - Filling up the DagBag from /Users/manideepakreddyaila/Desktop/projects/Legal_Insights_Engine/.venv/lib/python3.11/site-packages/airflow/example_dags/example_short_circuit_operator.py
[2024-04-14T17:22:43.100-0400] {processor.py:840} INFO - DAG(s) 'example_short_circuit_operator' retrieved from /Users/manideepakreddyaila/Desktop/projects/Legal_Insights_Engine/.venv/lib/python3.11/site-packages/airflow/example_dags/example_short_circuit_operator.py
[2024-04-14T17:22:43.135-0400] {logging_mixin.py:188} INFO - [2024-04-14T17:22:43.135-0400] {dag.py:3096} INFO - Sync 1 DAGs
[2024-04-14T17:22:43.140-0400] {logging_mixin.py:188} INFO - [2024-04-14T17:22:43.140-0400] {dag.py:3954} INFO - Setting next_dagrun for example_short_circuit_operator to 2024-04-13 00:00:00+00:00, run_after=2024-04-14 00:00:00+00:00
[2024-04-14T17:22:43.147-0400] {processor.py:183} INFO - Processing /Users/manideepakreddyaila/Desktop/projects/Legal_Insights_Engine/.venv/lib/python3.11/site-packages/airflow/example_dags/example_short_circuit_operator.py took 0.084 seconds
[2024-04-14T17:24:38.599-0400] {processor.py:161} INFO - Started process (PID=35141) to work on /Users/manideepakreddyaila/Desktop/projects/Legal_Insights_Engine/.venv/lib/python3.11/site-packages/airflow/example_dags/example_short_circuit_operator.py
[2024-04-14T17:24:38.599-0400] {processor.py:830} INFO - Processing file /Users/manideepakreddyaila/Desktop/projects/Legal_Insights_Engine/.venv/lib/python3.11/site-packages/airflow/example_dags/example_short_circuit_operator.py for tasks to queue
[2024-04-14T17:24:38.600-0400] {logging_mixin.py:188} INFO - [2024-04-14T17:24:38.600-0400] {dagbag.py:540} INFO - Filling up the DagBag from /Users/manideepakreddyaila/Desktop/projects/Legal_Insights_Engine/.venv/lib/python3.11/site-packages/airflow/example_dags/example_short_circuit_operator.py
[2024-04-14T17:24:38.635-0400] {processor.py:840} INFO - DAG(s) 'example_short_circuit_operator' retrieved from /Users/manideepakreddyaila/Desktop/projects/Legal_Insights_Engine/.venv/lib/python3.11/site-packages/airflow/example_dags/example_short_circuit_operator.py
[2024-04-14T17:24:38.671-0400] {logging_mixin.py:188} INFO - [2024-04-14T17:24:38.671-0400] {dag.py:3096} INFO - Sync 1 DAGs
[2024-04-14T17:24:38.677-0400] {logging_mixin.py:188} INFO - [2024-04-14T17:24:38.676-0400] {dag.py:3954} INFO - Setting next_dagrun for example_short_circuit_operator to 2024-04-13 00:00:00+00:00, run_after=2024-04-14 00:00:00+00:00
[2024-04-14T17:24:38.683-0400] {processor.py:183} INFO - Processing /Users/manideepakreddyaila/Desktop/projects/Legal_Insights_Engine/.venv/lib/python3.11/site-packages/airflow/example_dags/example_short_circuit_operator.py took 0.086 seconds
[2024-04-14T17:26:37.439-0400] {processor.py:161} INFO - Started process (PID=35246) to work on /Users/manideepakreddyaila/Desktop/projects/Legal_Insights_Engine/.venv/lib/python3.11/site-packages/airflow/example_dags/example_short_circuit_operator.py
[2024-04-14T17:26:37.439-0400] {processor.py:830} INFO - Processing file /Users/manideepakreddyaila/Desktop/projects/Legal_Insights_Engine/.venv/lib/python3.11/site-packages/airflow/example_dags/example_short_circuit_operator.py for tasks to queue
[2024-04-14T17:26:37.439-0400] {logging_mixin.py:188} INFO - [2024-04-14T17:26:37.439-0400] {dagbag.py:540} INFO - Filling up the DagBag from /Users/manideepakreddyaila/Desktop/projects/Legal_Insights_Engine/.venv/lib/python3.11/site-packages/airflow/example_dags/example_short_circuit_operator.py
[2024-04-14T17:26:37.476-0400] {processor.py:840} INFO - DAG(s) 'example_short_circuit_operator' retrieved from /Users/manideepakreddyaila/Desktop/projects/Legal_Insights_Engine/.venv/lib/python3.11/site-packages/airflow/example_dags/example_short_circuit_operator.py
[2024-04-14T17:26:37.512-0400] {logging_mixin.py:188} INFO - [2024-04-14T17:26:37.512-0400] {dag.py:3096} INFO - Sync 1 DAGs
[2024-04-14T17:26:37.517-0400] {logging_mixin.py:188} INFO - [2024-04-14T17:26:37.517-0400] {dag.py:3954} INFO - Setting next_dagrun for example_short_circuit_operator to 2024-04-13 00:00:00+00:00, run_after=2024-04-14 00:00:00+00:00
[2024-04-14T17:26:37.524-0400] {processor.py:183} INFO - Processing /Users/manideepakreddyaila/Desktop/projects/Legal_Insights_Engine/.venv/lib/python3.11/site-packages/airflow/example_dags/example_short_circuit_operator.py took 0.086 seconds
[2024-04-14T17:28:31.420-0400] {processor.py:161} INFO - Started process (PID=35342) to work on /Users/manideepakreddyaila/Desktop/projects/Legal_Insights_Engine/.venv/lib/python3.11/site-packages/airflow/example_dags/example_short_circuit_operator.py
[2024-04-14T17:28:31.421-0400] {processor.py:830} INFO - Processing file /Users/manideepakreddyaila/Desktop/projects/Legal_Insights_Engine/.venv/lib/python3.11/site-packages/airflow/example_dags/example_short_circuit_operator.py for tasks to queue
[2024-04-14T17:28:31.421-0400] {logging_mixin.py:188} INFO - [2024-04-14T17:28:31.421-0400] {dagbag.py:540} INFO - Filling up the DagBag from /Users/manideepakreddyaila/Desktop/projects/Legal_Insights_Engine/.venv/lib/python3.11/site-packages/airflow/example_dags/example_short_circuit_operator.py
[2024-04-14T17:28:31.456-0400] {processor.py:840} INFO - DAG(s) 'example_short_circuit_operator' retrieved from /Users/manideepakreddyaila/Desktop/projects/Legal_Insights_Engine/.venv/lib/python3.11/site-packages/airflow/example_dags/example_short_circuit_operator.py
[2024-04-14T17:28:31.492-0400] {logging_mixin.py:188} INFO - [2024-04-14T17:28:31.492-0400] {dag.py:3096} INFO - Sync 1 DAGs
[2024-04-14T17:28:31.497-0400] {logging_mixin.py:188} INFO - [2024-04-14T17:28:31.497-0400] {dag.py:3954} INFO - Setting next_dagrun for example_short_circuit_operator to 2024-04-13 00:00:00+00:00, run_after=2024-04-14 00:00:00+00:00
[2024-04-14T17:28:31.504-0400] {processor.py:183} INFO - Processing /Users/manideepakreddyaila/Desktop/projects/Legal_Insights_Engine/.venv/lib/python3.11/site-packages/airflow/example_dags/example_short_circuit_operator.py took 0.085 seconds
[2024-04-14T17:30:29.340-0400] {processor.py:161} INFO - Started process (PID=35487) to work on /Users/manideepakreddyaila/Desktop/projects/Legal_Insights_Engine/.venv/lib/python3.11/site-packages/airflow/example_dags/example_short_circuit_operator.py
[2024-04-14T17:30:29.341-0400] {processor.py:830} INFO - Processing file /Users/manideepakreddyaila/Desktop/projects/Legal_Insights_Engine/.venv/lib/python3.11/site-packages/airflow/example_dags/example_short_circuit_operator.py for tasks to queue
[2024-04-14T17:30:29.342-0400] {logging_mixin.py:188} INFO - [2024-04-14T17:30:29.342-0400] {dagbag.py:540} INFO - Filling up the DagBag from /Users/manideepakreddyaila/Desktop/projects/Legal_Insights_Engine/.venv/lib/python3.11/site-packages/airflow/example_dags/example_short_circuit_operator.py
[2024-04-14T17:30:29.377-0400] {processor.py:840} INFO - DAG(s) 'example_short_circuit_operator' retrieved from /Users/manideepakreddyaila/Desktop/projects/Legal_Insights_Engine/.venv/lib/python3.11/site-packages/airflow/example_dags/example_short_circuit_operator.py
[2024-04-14T17:30:29.412-0400] {logging_mixin.py:188} INFO - [2024-04-14T17:30:29.412-0400] {dag.py:3096} INFO - Sync 1 DAGs
[2024-04-14T17:30:29.418-0400] {logging_mixin.py:188} INFO - [2024-04-14T17:30:29.418-0400] {dag.py:3954} INFO - Setting next_dagrun for example_short_circuit_operator to 2024-04-13 00:00:00+00:00, run_after=2024-04-14 00:00:00+00:00
[2024-04-14T17:30:29.424-0400] {processor.py:183} INFO - Processing /Users/manideepakreddyaila/Desktop/projects/Legal_Insights_Engine/.venv/lib/python3.11/site-packages/airflow/example_dags/example_short_circuit_operator.py took 0.085 seconds
[2024-04-14T17:32:29.415-0400] {processor.py:161} INFO - Started process (PID=35595) to work on /Users/manideepakreddyaila/Desktop/projects/Legal_Insights_Engine/.venv/lib/python3.11/site-packages/airflow/example_dags/example_short_circuit_operator.py
[2024-04-14T17:32:29.416-0400] {processor.py:830} INFO - Processing file /Users/manideepakreddyaila/Desktop/projects/Legal_Insights_Engine/.venv/lib/python3.11/site-packages/airflow/example_dags/example_short_circuit_operator.py for tasks to queue
[2024-04-14T17:32:29.416-0400] {logging_mixin.py:188} INFO - [2024-04-14T17:32:29.416-0400] {dagbag.py:540} INFO - Filling up the DagBag from /Users/manideepakreddyaila/Desktop/projects/Legal_Insights_Engine/.venv/lib/python3.11/site-packages/airflow/example_dags/example_short_circuit_operator.py
[2024-04-14T17:32:29.452-0400] {processor.py:840} INFO - DAG(s) 'example_short_circuit_operator' retrieved from /Users/manideepakreddyaila/Desktop/projects/Legal_Insights_Engine/.venv/lib/python3.11/site-packages/airflow/example_dags/example_short_circuit_operator.py
[2024-04-14T17:32:29.488-0400] {logging_mixin.py:188} INFO - [2024-04-14T17:32:29.488-0400] {dag.py:3096} INFO - Sync 1 DAGs
[2024-04-14T17:32:29.493-0400] {logging_mixin.py:188} INFO - [2024-04-14T17:32:29.493-0400] {dag.py:3954} INFO - Setting next_dagrun for example_short_circuit_operator to 2024-04-13 00:00:00+00:00, run_after=2024-04-14 00:00:00+00:00
[2024-04-14T17:32:29.500-0400] {processor.py:183} INFO - Processing /Users/manideepakreddyaila/Desktop/projects/Legal_Insights_Engine/.venv/lib/python3.11/site-packages/airflow/example_dags/example_short_circuit_operator.py took 0.085 seconds
[2024-04-14T17:34:27.420-0400] {processor.py:161} INFO - Started process (PID=35693) to work on /Users/manideepakreddyaila/Desktop/projects/Legal_Insights_Engine/.venv/lib/python3.11/site-packages/airflow/example_dags/example_short_circuit_operator.py
[2024-04-14T17:34:27.420-0400] {processor.py:830} INFO - Processing file /Users/manideepakreddyaila/Desktop/projects/Legal_Insights_Engine/.venv/lib/python3.11/site-packages/airflow/example_dags/example_short_circuit_operator.py for tasks to queue
[2024-04-14T17:34:27.421-0400] {logging_mixin.py:188} INFO - [2024-04-14T17:34:27.421-0400] {dagbag.py:540} INFO - Filling up the DagBag from /Users/manideepakreddyaila/Desktop/projects/Legal_Insights_Engine/.venv/lib/python3.11/site-packages/airflow/example_dags/example_short_circuit_operator.py
[2024-04-14T17:34:27.457-0400] {processor.py:840} INFO - DAG(s) 'example_short_circuit_operator' retrieved from /Users/manideepakreddyaila/Desktop/projects/Legal_Insights_Engine/.venv/lib/python3.11/site-packages/airflow/example_dags/example_short_circuit_operator.py
[2024-04-14T17:34:27.495-0400] {logging_mixin.py:188} INFO - [2024-04-14T17:34:27.494-0400] {dag.py:3096} INFO - Sync 1 DAGs
[2024-04-14T17:34:27.500-0400] {logging_mixin.py:188} INFO - [2024-04-14T17:34:27.500-0400] {dag.py:3954} INFO - Setting next_dagrun for example_short_circuit_operator to 2024-04-13 00:00:00+00:00, run_after=2024-04-14 00:00:00+00:00
[2024-04-14T17:34:27.507-0400] {processor.py:183} INFO - Processing /Users/manideepakreddyaila/Desktop/projects/Legal_Insights_Engine/.venv/lib/python3.11/site-packages/airflow/example_dags/example_short_circuit_operator.py took 0.089 seconds
[2024-04-14T17:36:26.960-0400] {processor.py:161} INFO - Started process (PID=35783) to work on /Users/manideepakreddyaila/Desktop/projects/Legal_Insights_Engine/.venv/lib/python3.11/site-packages/airflow/example_dags/example_short_circuit_operator.py
[2024-04-14T17:36:26.962-0400] {processor.py:830} INFO - Processing file /Users/manideepakreddyaila/Desktop/projects/Legal_Insights_Engine/.venv/lib/python3.11/site-packages/airflow/example_dags/example_short_circuit_operator.py for tasks to queue
[2024-04-14T17:36:26.963-0400] {logging_mixin.py:188} INFO - [2024-04-14T17:36:26.963-0400] {dagbag.py:540} INFO - Filling up the DagBag from /Users/manideepakreddyaila/Desktop/projects/Legal_Insights_Engine/.venv/lib/python3.11/site-packages/airflow/example_dags/example_short_circuit_operator.py
[2024-04-14T17:36:26.999-0400] {processor.py:840} INFO - DAG(s) 'example_short_circuit_operator' retrieved from /Users/manideepakreddyaila/Desktop/projects/Legal_Insights_Engine/.venv/lib/python3.11/site-packages/airflow/example_dags/example_short_circuit_operator.py
[2024-04-14T17:36:27.036-0400] {logging_mixin.py:188} INFO - [2024-04-14T17:36:27.036-0400] {dag.py:3096} INFO - Sync 1 DAGs
[2024-04-14T17:36:27.041-0400] {logging_mixin.py:188} INFO - [2024-04-14T17:36:27.041-0400] {dag.py:3954} INFO - Setting next_dagrun for example_short_circuit_operator to 2024-04-13 00:00:00+00:00, run_after=2024-04-14 00:00:00+00:00
[2024-04-14T17:36:27.049-0400] {processor.py:183} INFO - Processing /Users/manideepakreddyaila/Desktop/projects/Legal_Insights_Engine/.venv/lib/python3.11/site-packages/airflow/example_dags/example_short_circuit_operator.py took 0.090 seconds
[2024-04-14T17:38:20.160-0400] {processor.py:161} INFO - Started process (PID=35880) to work on /Users/manideepakreddyaila/Desktop/projects/Legal_Insights_Engine/.venv/lib/python3.11/site-packages/airflow/example_dags/example_short_circuit_operator.py
[2024-04-14T17:38:20.161-0400] {processor.py:830} INFO - Processing file /Users/manideepakreddyaila/Desktop/projects/Legal_Insights_Engine/.venv/lib/python3.11/site-packages/airflow/example_dags/example_short_circuit_operator.py for tasks to queue
[2024-04-14T17:38:20.161-0400] {logging_mixin.py:188} INFO - [2024-04-14T17:38:20.161-0400] {dagbag.py:540} INFO - Filling up the DagBag from /Users/manideepakreddyaila/Desktop/projects/Legal_Insights_Engine/.venv/lib/python3.11/site-packages/airflow/example_dags/example_short_circuit_operator.py
[2024-04-14T17:38:20.197-0400] {processor.py:840} INFO - DAG(s) 'example_short_circuit_operator' retrieved from /Users/manideepakreddyaila/Desktop/projects/Legal_Insights_Engine/.venv/lib/python3.11/site-packages/airflow/example_dags/example_short_circuit_operator.py
[2024-04-14T17:38:20.235-0400] {logging_mixin.py:188} INFO - [2024-04-14T17:38:20.234-0400] {dag.py:3096} INFO - Sync 1 DAGs
[2024-04-14T17:38:20.240-0400] {logging_mixin.py:188} INFO - [2024-04-14T17:38:20.240-0400] {dag.py:3954} INFO - Setting next_dagrun for example_short_circuit_operator to 2024-04-13 00:00:00+00:00, run_after=2024-04-14 00:00:00+00:00
[2024-04-14T17:38:20.247-0400] {processor.py:183} INFO - Processing /Users/manideepakreddyaila/Desktop/projects/Legal_Insights_Engine/.venv/lib/python3.11/site-packages/airflow/example_dags/example_short_circuit_operator.py took 0.088 seconds
[2024-04-14T17:40:13.304-0400] {processor.py:161} INFO - Started process (PID=35967) to work on /Users/manideepakreddyaila/Desktop/projects/Legal_Insights_Engine/.venv/lib/python3.11/site-packages/airflow/example_dags/example_short_circuit_operator.py
[2024-04-14T17:40:13.305-0400] {processor.py:830} INFO - Processing file /Users/manideepakreddyaila/Desktop/projects/Legal_Insights_Engine/.venv/lib/python3.11/site-packages/airflow/example_dags/example_short_circuit_operator.py for tasks to queue
[2024-04-14T17:40:13.305-0400] {logging_mixin.py:188} INFO - [2024-04-14T17:40:13.305-0400] {dagbag.py:540} INFO - Filling up the DagBag from /Users/manideepakreddyaila/Desktop/projects/Legal_Insights_Engine/.venv/lib/python3.11/site-packages/airflow/example_dags/example_short_circuit_operator.py
[2024-04-14T17:40:13.340-0400] {processor.py:840} INFO - DAG(s) 'example_short_circuit_operator' retrieved from /Users/manideepakreddyaila/Desktop/projects/Legal_Insights_Engine/.venv/lib/python3.11/site-packages/airflow/example_dags/example_short_circuit_operator.py
[2024-04-14T17:40:13.376-0400] {logging_mixin.py:188} INFO - [2024-04-14T17:40:13.376-0400] {dag.py:3096} INFO - Sync 1 DAGs
[2024-04-14T17:40:13.382-0400] {logging_mixin.py:188} INFO - [2024-04-14T17:40:13.381-0400] {dag.py:3954} INFO - Setting next_dagrun for example_short_circuit_operator to 2024-04-13 00:00:00+00:00, run_after=2024-04-14 00:00:00+00:00
[2024-04-14T17:40:13.388-0400] {processor.py:183} INFO - Processing /Users/manideepakreddyaila/Desktop/projects/Legal_Insights_Engine/.venv/lib/python3.11/site-packages/airflow/example_dags/example_short_circuit_operator.py took 0.085 seconds
[2024-04-14T17:42:02.173-0400] {processor.py:161} INFO - Started process (PID=36055) to work on /Users/manideepakreddyaila/Desktop/projects/Legal_Insights_Engine/.venv/lib/python3.11/site-packages/airflow/example_dags/example_short_circuit_operator.py
[2024-04-14T17:42:02.174-0400] {processor.py:830} INFO - Processing file /Users/manideepakreddyaila/Desktop/projects/Legal_Insights_Engine/.venv/lib/python3.11/site-packages/airflow/example_dags/example_short_circuit_operator.py for tasks to queue
[2024-04-14T17:42:02.174-0400] {logging_mixin.py:188} INFO - [2024-04-14T17:42:02.174-0400] {dagbag.py:540} INFO - Filling up the DagBag from /Users/manideepakreddyaila/Desktop/projects/Legal_Insights_Engine/.venv/lib/python3.11/site-packages/airflow/example_dags/example_short_circuit_operator.py
[2024-04-14T17:42:02.210-0400] {processor.py:840} INFO - DAG(s) 'example_short_circuit_operator' retrieved from /Users/manideepakreddyaila/Desktop/projects/Legal_Insights_Engine/.venv/lib/python3.11/site-packages/airflow/example_dags/example_short_circuit_operator.py
[2024-04-14T17:42:02.245-0400] {logging_mixin.py:188} INFO - [2024-04-14T17:42:02.245-0400] {dag.py:3096} INFO - Sync 1 DAGs
[2024-04-14T17:42:02.250-0400] {logging_mixin.py:188} INFO - [2024-04-14T17:42:02.250-0400] {dag.py:3954} INFO - Setting next_dagrun for example_short_circuit_operator to 2024-04-13 00:00:00+00:00, run_after=2024-04-14 00:00:00+00:00
[2024-04-14T17:42:02.257-0400] {processor.py:183} INFO - Processing /Users/manideepakreddyaila/Desktop/projects/Legal_Insights_Engine/.venv/lib/python3.11/site-packages/airflow/example_dags/example_short_circuit_operator.py took 0.085 seconds
[2024-04-14T17:43:55.939-0400] {processor.py:161} INFO - Started process (PID=36141) to work on /Users/manideepakreddyaila/Desktop/projects/Legal_Insights_Engine/.venv/lib/python3.11/site-packages/airflow/example_dags/example_short_circuit_operator.py
[2024-04-14T17:43:55.940-0400] {processor.py:830} INFO - Processing file /Users/manideepakreddyaila/Desktop/projects/Legal_Insights_Engine/.venv/lib/python3.11/site-packages/airflow/example_dags/example_short_circuit_operator.py for tasks to queue
[2024-04-14T17:43:55.940-0400] {logging_mixin.py:188} INFO - [2024-04-14T17:43:55.940-0400] {dagbag.py:540} INFO - Filling up the DagBag from /Users/manideepakreddyaila/Desktop/projects/Legal_Insights_Engine/.venv/lib/python3.11/site-packages/airflow/example_dags/example_short_circuit_operator.py
[2024-04-14T17:43:55.975-0400] {processor.py:840} INFO - DAG(s) 'example_short_circuit_operator' retrieved from /Users/manideepakreddyaila/Desktop/projects/Legal_Insights_Engine/.venv/lib/python3.11/site-packages/airflow/example_dags/example_short_circuit_operator.py
[2024-04-14T17:43:56.010-0400] {logging_mixin.py:188} INFO - [2024-04-14T17:43:56.010-0400] {dag.py:3096} INFO - Sync 1 DAGs
[2024-04-14T17:43:56.016-0400] {logging_mixin.py:188} INFO - [2024-04-14T17:43:56.016-0400] {dag.py:3954} INFO - Setting next_dagrun for example_short_circuit_operator to 2024-04-13 00:00:00+00:00, run_after=2024-04-14 00:00:00+00:00
[2024-04-14T17:43:56.022-0400] {processor.py:183} INFO - Processing /Users/manideepakreddyaila/Desktop/projects/Legal_Insights_Engine/.venv/lib/python3.11/site-packages/airflow/example_dags/example_short_circuit_operator.py took 0.085 seconds
[2024-04-14T17:45:52.923-0400] {processor.py:161} INFO - Started process (PID=36232) to work on /Users/manideepakreddyaila/Desktop/projects/Legal_Insights_Engine/.venv/lib/python3.11/site-packages/airflow/example_dags/example_short_circuit_operator.py
[2024-04-14T17:45:52.926-0400] {processor.py:830} INFO - Processing file /Users/manideepakreddyaila/Desktop/projects/Legal_Insights_Engine/.venv/lib/python3.11/site-packages/airflow/example_dags/example_short_circuit_operator.py for tasks to queue
[2024-04-14T17:45:52.926-0400] {logging_mixin.py:188} INFO - [2024-04-14T17:45:52.926-0400] {dagbag.py:540} INFO - Filling up the DagBag from /Users/manideepakreddyaila/Desktop/projects/Legal_Insights_Engine/.venv/lib/python3.11/site-packages/airflow/example_dags/example_short_circuit_operator.py
[2024-04-14T17:45:52.964-0400] {processor.py:840} INFO - DAG(s) 'example_short_circuit_operator' retrieved from /Users/manideepakreddyaila/Desktop/projects/Legal_Insights_Engine/.venv/lib/python3.11/site-packages/airflow/example_dags/example_short_circuit_operator.py
[2024-04-14T17:45:53.001-0400] {logging_mixin.py:188} INFO - [2024-04-14T17:45:53.001-0400] {dag.py:3096} INFO - Sync 1 DAGs
[2024-04-14T17:45:53.008-0400] {logging_mixin.py:188} INFO - [2024-04-14T17:45:53.008-0400] {dag.py:3954} INFO - Setting next_dagrun for example_short_circuit_operator to 2024-04-13 00:00:00+00:00, run_after=2024-04-14 00:00:00+00:00
[2024-04-14T17:45:53.016-0400] {processor.py:183} INFO - Processing /Users/manideepakreddyaila/Desktop/projects/Legal_Insights_Engine/.venv/lib/python3.11/site-packages/airflow/example_dags/example_short_circuit_operator.py took 0.094 seconds
[2024-04-14T17:47:56.826-0400] {processor.py:161} INFO - Started process (PID=36324) to work on /Users/manideepakreddyaila/Desktop/projects/Legal_Insights_Engine/.venv/lib/python3.11/site-packages/airflow/example_dags/example_short_circuit_operator.py
[2024-04-14T17:47:56.828-0400] {processor.py:830} INFO - Processing file /Users/manideepakreddyaila/Desktop/projects/Legal_Insights_Engine/.venv/lib/python3.11/site-packages/airflow/example_dags/example_short_circuit_operator.py for tasks to queue
[2024-04-14T17:47:56.828-0400] {logging_mixin.py:188} INFO - [2024-04-14T17:47:56.828-0400] {dagbag.py:540} INFO - Filling up the DagBag from /Users/manideepakreddyaila/Desktop/projects/Legal_Insights_Engine/.venv/lib/python3.11/site-packages/airflow/example_dags/example_short_circuit_operator.py
[2024-04-14T17:47:56.863-0400] {processor.py:840} INFO - DAG(s) 'example_short_circuit_operator' retrieved from /Users/manideepakreddyaila/Desktop/projects/Legal_Insights_Engine/.venv/lib/python3.11/site-packages/airflow/example_dags/example_short_circuit_operator.py
[2024-04-14T17:47:56.898-0400] {logging_mixin.py:188} INFO - [2024-04-14T17:47:56.898-0400] {dag.py:3096} INFO - Sync 1 DAGs
[2024-04-14T17:47:56.903-0400] {logging_mixin.py:188} INFO - [2024-04-14T17:47:56.903-0400] {dag.py:3954} INFO - Setting next_dagrun for example_short_circuit_operator to 2024-04-13 00:00:00+00:00, run_after=2024-04-14 00:00:00+00:00
[2024-04-14T17:47:56.910-0400] {processor.py:183} INFO - Processing /Users/manideepakreddyaila/Desktop/projects/Legal_Insights_Engine/.venv/lib/python3.11/site-packages/airflow/example_dags/example_short_circuit_operator.py took 0.085 seconds
[2024-04-14T17:49:53.187-0400] {processor.py:161} INFO - Started process (PID=36422) to work on /Users/manideepakreddyaila/Desktop/projects/Legal_Insights_Engine/.venv/lib/python3.11/site-packages/airflow/example_dags/example_short_circuit_operator.py
[2024-04-14T17:49:53.188-0400] {processor.py:830} INFO - Processing file /Users/manideepakreddyaila/Desktop/projects/Legal_Insights_Engine/.venv/lib/python3.11/site-packages/airflow/example_dags/example_short_circuit_operator.py for tasks to queue
[2024-04-14T17:49:53.189-0400] {logging_mixin.py:188} INFO - [2024-04-14T17:49:53.189-0400] {dagbag.py:540} INFO - Filling up the DagBag from /Users/manideepakreddyaila/Desktop/projects/Legal_Insights_Engine/.venv/lib/python3.11/site-packages/airflow/example_dags/example_short_circuit_operator.py
[2024-04-14T17:49:53.224-0400] {processor.py:840} INFO - DAG(s) 'example_short_circuit_operator' retrieved from /Users/manideepakreddyaila/Desktop/projects/Legal_Insights_Engine/.venv/lib/python3.11/site-packages/airflow/example_dags/example_short_circuit_operator.py
[2024-04-14T17:49:53.260-0400] {logging_mixin.py:188} INFO - [2024-04-14T17:49:53.259-0400] {dag.py:3096} INFO - Sync 1 DAGs
[2024-04-14T17:49:53.265-0400] {logging_mixin.py:188} INFO - [2024-04-14T17:49:53.265-0400] {dag.py:3954} INFO - Setting next_dagrun for example_short_circuit_operator to 2024-04-13 00:00:00+00:00, run_after=2024-04-14 00:00:00+00:00
[2024-04-14T17:49:53.271-0400] {processor.py:183} INFO - Processing /Users/manideepakreddyaila/Desktop/projects/Legal_Insights_Engine/.venv/lib/python3.11/site-packages/airflow/example_dags/example_short_circuit_operator.py took 0.085 seconds
[2024-04-14T17:51:49.750-0400] {processor.py:161} INFO - Started process (PID=36517) to work on /Users/manideepakreddyaila/Desktop/projects/Legal_Insights_Engine/.venv/lib/python3.11/site-packages/airflow/example_dags/example_short_circuit_operator.py
[2024-04-14T17:51:49.752-0400] {processor.py:830} INFO - Processing file /Users/manideepakreddyaila/Desktop/projects/Legal_Insights_Engine/.venv/lib/python3.11/site-packages/airflow/example_dags/example_short_circuit_operator.py for tasks to queue
[2024-04-14T17:51:49.752-0400] {logging_mixin.py:188} INFO - [2024-04-14T17:51:49.752-0400] {dagbag.py:540} INFO - Filling up the DagBag from /Users/manideepakreddyaila/Desktop/projects/Legal_Insights_Engine/.venv/lib/python3.11/site-packages/airflow/example_dags/example_short_circuit_operator.py
[2024-04-14T17:51:49.788-0400] {processor.py:840} INFO - DAG(s) 'example_short_circuit_operator' retrieved from /Users/manideepakreddyaila/Desktop/projects/Legal_Insights_Engine/.venv/lib/python3.11/site-packages/airflow/example_dags/example_short_circuit_operator.py
[2024-04-14T17:51:49.824-0400] {logging_mixin.py:188} INFO - [2024-04-14T17:51:49.824-0400] {dag.py:3096} INFO - Sync 1 DAGs
[2024-04-14T17:51:49.829-0400] {logging_mixin.py:188} INFO - [2024-04-14T17:51:49.829-0400] {dag.py:3954} INFO - Setting next_dagrun for example_short_circuit_operator to 2024-04-13 00:00:00+00:00, run_after=2024-04-14 00:00:00+00:00
[2024-04-14T17:51:49.836-0400] {processor.py:183} INFO - Processing /Users/manideepakreddyaila/Desktop/projects/Legal_Insights_Engine/.venv/lib/python3.11/site-packages/airflow/example_dags/example_short_circuit_operator.py took 0.087 seconds
[2024-04-14T17:53:46.632-0400] {processor.py:161} INFO - Started process (PID=36599) to work on /Users/manideepakreddyaila/Desktop/projects/Legal_Insights_Engine/.venv/lib/python3.11/site-packages/airflow/example_dags/example_short_circuit_operator.py
[2024-04-14T17:53:46.633-0400] {processor.py:830} INFO - Processing file /Users/manideepakreddyaila/Desktop/projects/Legal_Insights_Engine/.venv/lib/python3.11/site-packages/airflow/example_dags/example_short_circuit_operator.py for tasks to queue
[2024-04-14T17:53:46.633-0400] {logging_mixin.py:188} INFO - [2024-04-14T17:53:46.633-0400] {dagbag.py:540} INFO - Filling up the DagBag from /Users/manideepakreddyaila/Desktop/projects/Legal_Insights_Engine/.venv/lib/python3.11/site-packages/airflow/example_dags/example_short_circuit_operator.py
[2024-04-14T17:53:46.669-0400] {processor.py:840} INFO - DAG(s) 'example_short_circuit_operator' retrieved from /Users/manideepakreddyaila/Desktop/projects/Legal_Insights_Engine/.venv/lib/python3.11/site-packages/airflow/example_dags/example_short_circuit_operator.py
[2024-04-14T17:53:46.704-0400] {logging_mixin.py:188} INFO - [2024-04-14T17:53:46.704-0400] {dag.py:3096} INFO - Sync 1 DAGs
[2024-04-14T17:53:46.710-0400] {logging_mixin.py:188} INFO - [2024-04-14T17:53:46.710-0400] {dag.py:3954} INFO - Setting next_dagrun for example_short_circuit_operator to 2024-04-13 00:00:00+00:00, run_after=2024-04-14 00:00:00+00:00
[2024-04-14T17:53:46.716-0400] {processor.py:183} INFO - Processing /Users/manideepakreddyaila/Desktop/projects/Legal_Insights_Engine/.venv/lib/python3.11/site-packages/airflow/example_dags/example_short_circuit_operator.py took 0.085 seconds
[2024-04-14T17:55:37.767-0400] {processor.py:161} INFO - Started process (PID=36750) to work on /Users/manideepakreddyaila/Desktop/projects/Legal_Insights_Engine/.venv/lib/python3.11/site-packages/airflow/example_dags/example_short_circuit_operator.py
[2024-04-14T17:55:37.768-0400] {processor.py:830} INFO - Processing file /Users/manideepakreddyaila/Desktop/projects/Legal_Insights_Engine/.venv/lib/python3.11/site-packages/airflow/example_dags/example_short_circuit_operator.py for tasks to queue
[2024-04-14T17:55:37.768-0400] {logging_mixin.py:188} INFO - [2024-04-14T17:55:37.768-0400] {dagbag.py:540} INFO - Filling up the DagBag from /Users/manideepakreddyaila/Desktop/projects/Legal_Insights_Engine/.venv/lib/python3.11/site-packages/airflow/example_dags/example_short_circuit_operator.py
[2024-04-14T17:55:37.804-0400] {processor.py:840} INFO - DAG(s) 'example_short_circuit_operator' retrieved from /Users/manideepakreddyaila/Desktop/projects/Legal_Insights_Engine/.venv/lib/python3.11/site-packages/airflow/example_dags/example_short_circuit_operator.py
[2024-04-14T17:55:37.841-0400] {logging_mixin.py:188} INFO - [2024-04-14T17:55:37.841-0400] {dag.py:3096} INFO - Sync 1 DAGs
[2024-04-14T17:55:37.847-0400] {logging_mixin.py:188} INFO - [2024-04-14T17:55:37.847-0400] {dag.py:3954} INFO - Setting next_dagrun for example_short_circuit_operator to 2024-04-13 00:00:00+00:00, run_after=2024-04-14 00:00:00+00:00
[2024-04-14T17:55:37.854-0400] {processor.py:183} INFO - Processing /Users/manideepakreddyaila/Desktop/projects/Legal_Insights_Engine/.venv/lib/python3.11/site-packages/airflow/example_dags/example_short_circuit_operator.py took 0.088 seconds
[2024-04-14T17:57:34.409-0400] {processor.py:161} INFO - Started process (PID=36839) to work on /Users/manideepakreddyaila/Desktop/projects/Legal_Insights_Engine/.venv/lib/python3.11/site-packages/airflow/example_dags/example_short_circuit_operator.py
[2024-04-14T17:57:34.410-0400] {processor.py:830} INFO - Processing file /Users/manideepakreddyaila/Desktop/projects/Legal_Insights_Engine/.venv/lib/python3.11/site-packages/airflow/example_dags/example_short_circuit_operator.py for tasks to queue
[2024-04-14T17:57:34.410-0400] {logging_mixin.py:188} INFO - [2024-04-14T17:57:34.410-0400] {dagbag.py:540} INFO - Filling up the DagBag from /Users/manideepakreddyaila/Desktop/projects/Legal_Insights_Engine/.venv/lib/python3.11/site-packages/airflow/example_dags/example_short_circuit_operator.py
[2024-04-14T17:57:34.448-0400] {processor.py:840} INFO - DAG(s) 'example_short_circuit_operator' retrieved from /Users/manideepakreddyaila/Desktop/projects/Legal_Insights_Engine/.venv/lib/python3.11/site-packages/airflow/example_dags/example_short_circuit_operator.py
[2024-04-14T17:57:34.484-0400] {logging_mixin.py:188} INFO - [2024-04-14T17:57:34.484-0400] {dag.py:3096} INFO - Sync 1 DAGs
[2024-04-14T17:57:34.490-0400] {logging_mixin.py:188} INFO - [2024-04-14T17:57:34.490-0400] {dag.py:3954} INFO - Setting next_dagrun for example_short_circuit_operator to 2024-04-13 00:00:00+00:00, run_after=2024-04-14 00:00:00+00:00
[2024-04-14T17:57:34.496-0400] {processor.py:183} INFO - Processing /Users/manideepakreddyaila/Desktop/projects/Legal_Insights_Engine/.venv/lib/python3.11/site-packages/airflow/example_dags/example_short_circuit_operator.py took 0.088 seconds
[2024-04-14T17:59:30.270-0400] {processor.py:161} INFO - Started process (PID=36931) to work on /Users/manideepakreddyaila/Desktop/projects/Legal_Insights_Engine/.venv/lib/python3.11/site-packages/airflow/example_dags/example_short_circuit_operator.py
[2024-04-14T17:59:30.271-0400] {processor.py:830} INFO - Processing file /Users/manideepakreddyaila/Desktop/projects/Legal_Insights_Engine/.venv/lib/python3.11/site-packages/airflow/example_dags/example_short_circuit_operator.py for tasks to queue
[2024-04-14T17:59:30.271-0400] {logging_mixin.py:188} INFO - [2024-04-14T17:59:30.271-0400] {dagbag.py:540} INFO - Filling up the DagBag from /Users/manideepakreddyaila/Desktop/projects/Legal_Insights_Engine/.venv/lib/python3.11/site-packages/airflow/example_dags/example_short_circuit_operator.py
[2024-04-14T17:59:30.308-0400] {processor.py:840} INFO - DAG(s) 'example_short_circuit_operator' retrieved from /Users/manideepakreddyaila/Desktop/projects/Legal_Insights_Engine/.venv/lib/python3.11/site-packages/airflow/example_dags/example_short_circuit_operator.py
[2024-04-14T17:59:30.343-0400] {logging_mixin.py:188} INFO - [2024-04-14T17:59:30.343-0400] {dag.py:3096} INFO - Sync 1 DAGs
[2024-04-14T17:59:30.349-0400] {logging_mixin.py:188} INFO - [2024-04-14T17:59:30.349-0400] {dag.py:3954} INFO - Setting next_dagrun for example_short_circuit_operator to 2024-04-13 00:00:00+00:00, run_after=2024-04-14 00:00:00+00:00
[2024-04-14T17:59:30.355-0400] {processor.py:183} INFO - Processing /Users/manideepakreddyaila/Desktop/projects/Legal_Insights_Engine/.venv/lib/python3.11/site-packages/airflow/example_dags/example_short_circuit_operator.py took 0.086 seconds
[2024-04-14T18:01:27.689-0400] {processor.py:161} INFO - Started process (PID=37042) to work on /Users/manideepakreddyaila/Desktop/projects/Legal_Insights_Engine/.venv/lib/python3.11/site-packages/airflow/example_dags/example_short_circuit_operator.py
[2024-04-14T18:01:27.689-0400] {processor.py:830} INFO - Processing file /Users/manideepakreddyaila/Desktop/projects/Legal_Insights_Engine/.venv/lib/python3.11/site-packages/airflow/example_dags/example_short_circuit_operator.py for tasks to queue
[2024-04-14T18:01:27.689-0400] {logging_mixin.py:188} INFO - [2024-04-14T18:01:27.689-0400] {dagbag.py:540} INFO - Filling up the DagBag from /Users/manideepakreddyaila/Desktop/projects/Legal_Insights_Engine/.venv/lib/python3.11/site-packages/airflow/example_dags/example_short_circuit_operator.py
[2024-04-14T18:01:27.726-0400] {processor.py:840} INFO - DAG(s) 'example_short_circuit_operator' retrieved from /Users/manideepakreddyaila/Desktop/projects/Legal_Insights_Engine/.venv/lib/python3.11/site-packages/airflow/example_dags/example_short_circuit_operator.py
[2024-04-14T18:01:27.762-0400] {logging_mixin.py:188} INFO - [2024-04-14T18:01:27.762-0400] {dag.py:3096} INFO - Sync 1 DAGs
[2024-04-14T18:01:27.767-0400] {logging_mixin.py:188} INFO - [2024-04-14T18:01:27.767-0400] {dag.py:3954} INFO - Setting next_dagrun for example_short_circuit_operator to 2024-04-13 00:00:00+00:00, run_after=2024-04-14 00:00:00+00:00
[2024-04-14T18:01:27.774-0400] {processor.py:183} INFO - Processing /Users/manideepakreddyaila/Desktop/projects/Legal_Insights_Engine/.venv/lib/python3.11/site-packages/airflow/example_dags/example_short_circuit_operator.py took 0.086 seconds
[2024-04-14T18:03:29.408-0400] {processor.py:161} INFO - Started process (PID=37136) to work on /Users/manideepakreddyaila/Desktop/projects/Legal_Insights_Engine/.venv/lib/python3.11/site-packages/airflow/example_dags/example_short_circuit_operator.py
[2024-04-14T18:03:29.409-0400] {processor.py:830} INFO - Processing file /Users/manideepakreddyaila/Desktop/projects/Legal_Insights_Engine/.venv/lib/python3.11/site-packages/airflow/example_dags/example_short_circuit_operator.py for tasks to queue
[2024-04-14T18:03:29.409-0400] {logging_mixin.py:188} INFO - [2024-04-14T18:03:29.409-0400] {dagbag.py:540} INFO - Filling up the DagBag from /Users/manideepakreddyaila/Desktop/projects/Legal_Insights_Engine/.venv/lib/python3.11/site-packages/airflow/example_dags/example_short_circuit_operator.py
[2024-04-14T18:03:29.446-0400] {processor.py:840} INFO - DAG(s) 'example_short_circuit_operator' retrieved from /Users/manideepakreddyaila/Desktop/projects/Legal_Insights_Engine/.venv/lib/python3.11/site-packages/airflow/example_dags/example_short_circuit_operator.py
[2024-04-14T18:03:29.483-0400] {logging_mixin.py:188} INFO - [2024-04-14T18:03:29.482-0400] {dag.py:3096} INFO - Sync 1 DAGs
[2024-04-14T18:03:29.488-0400] {logging_mixin.py:188} INFO - [2024-04-14T18:03:29.488-0400] {dag.py:3954} INFO - Setting next_dagrun for example_short_circuit_operator to 2024-04-13 00:00:00+00:00, run_after=2024-04-14 00:00:00+00:00
[2024-04-14T18:03:29.495-0400] {processor.py:183} INFO - Processing /Users/manideepakreddyaila/Desktop/projects/Legal_Insights_Engine/.venv/lib/python3.11/site-packages/airflow/example_dags/example_short_circuit_operator.py took 0.088 seconds
[2024-04-14T18:05:27.289-0400] {processor.py:161} INFO - Started process (PID=37225) to work on /Users/manideepakreddyaila/Desktop/projects/Legal_Insights_Engine/.venv/lib/python3.11/site-packages/airflow/example_dags/example_short_circuit_operator.py
[2024-04-14T18:05:27.290-0400] {processor.py:830} INFO - Processing file /Users/manideepakreddyaila/Desktop/projects/Legal_Insights_Engine/.venv/lib/python3.11/site-packages/airflow/example_dags/example_short_circuit_operator.py for tasks to queue
[2024-04-14T18:05:27.290-0400] {logging_mixin.py:188} INFO - [2024-04-14T18:05:27.290-0400] {dagbag.py:540} INFO - Filling up the DagBag from /Users/manideepakreddyaila/Desktop/projects/Legal_Insights_Engine/.venv/lib/python3.11/site-packages/airflow/example_dags/example_short_circuit_operator.py
[2024-04-14T18:05:27.326-0400] {processor.py:840} INFO - DAG(s) 'example_short_circuit_operator' retrieved from /Users/manideepakreddyaila/Desktop/projects/Legal_Insights_Engine/.venv/lib/python3.11/site-packages/airflow/example_dags/example_short_circuit_operator.py
[2024-04-14T18:05:27.365-0400] {logging_mixin.py:188} INFO - [2024-04-14T18:05:27.364-0400] {dag.py:3096} INFO - Sync 1 DAGs
[2024-04-14T18:05:27.370-0400] {logging_mixin.py:188} INFO - [2024-04-14T18:05:27.370-0400] {dag.py:3954} INFO - Setting next_dagrun for example_short_circuit_operator to 2024-04-13 00:00:00+00:00, run_after=2024-04-14 00:00:00+00:00
[2024-04-14T18:05:27.377-0400] {processor.py:183} INFO - Processing /Users/manideepakreddyaila/Desktop/projects/Legal_Insights_Engine/.venv/lib/python3.11/site-packages/airflow/example_dags/example_short_circuit_operator.py took 0.089 seconds
[2024-04-14T18:07:26.393-0400] {processor.py:161} INFO - Started process (PID=37329) to work on /Users/manideepakreddyaila/Desktop/projects/Legal_Insights_Engine/.venv/lib/python3.11/site-packages/airflow/example_dags/example_short_circuit_operator.py
[2024-04-14T18:07:26.393-0400] {processor.py:830} INFO - Processing file /Users/manideepakreddyaila/Desktop/projects/Legal_Insights_Engine/.venv/lib/python3.11/site-packages/airflow/example_dags/example_short_circuit_operator.py for tasks to queue
[2024-04-14T18:07:26.394-0400] {logging_mixin.py:188} INFO - [2024-04-14T18:07:26.394-0400] {dagbag.py:540} INFO - Filling up the DagBag from /Users/manideepakreddyaila/Desktop/projects/Legal_Insights_Engine/.venv/lib/python3.11/site-packages/airflow/example_dags/example_short_circuit_operator.py
[2024-04-14T18:07:26.430-0400] {processor.py:840} INFO - DAG(s) 'example_short_circuit_operator' retrieved from /Users/manideepakreddyaila/Desktop/projects/Legal_Insights_Engine/.venv/lib/python3.11/site-packages/airflow/example_dags/example_short_circuit_operator.py
[2024-04-14T18:07:26.467-0400] {logging_mixin.py:188} INFO - [2024-04-14T18:07:26.467-0400] {dag.py:3096} INFO - Sync 1 DAGs
[2024-04-14T18:07:26.473-0400] {logging_mixin.py:188} INFO - [2024-04-14T18:07:26.473-0400] {dag.py:3954} INFO - Setting next_dagrun for example_short_circuit_operator to 2024-04-13 00:00:00+00:00, run_after=2024-04-14 00:00:00+00:00
[2024-04-14T18:07:26.480-0400] {processor.py:183} INFO - Processing /Users/manideepakreddyaila/Desktop/projects/Legal_Insights_Engine/.venv/lib/python3.11/site-packages/airflow/example_dags/example_short_circuit_operator.py took 0.088 seconds
[2024-04-14T18:09:17.032-0400] {processor.py:161} INFO - Started process (PID=37425) to work on /Users/manideepakreddyaila/Desktop/projects/Legal_Insights_Engine/.venv/lib/python3.11/site-packages/airflow/example_dags/example_short_circuit_operator.py
[2024-04-14T18:09:17.032-0400] {processor.py:830} INFO - Processing file /Users/manideepakreddyaila/Desktop/projects/Legal_Insights_Engine/.venv/lib/python3.11/site-packages/airflow/example_dags/example_short_circuit_operator.py for tasks to queue
[2024-04-14T18:09:17.033-0400] {logging_mixin.py:188} INFO - [2024-04-14T18:09:17.033-0400] {dagbag.py:540} INFO - Filling up the DagBag from /Users/manideepakreddyaila/Desktop/projects/Legal_Insights_Engine/.venv/lib/python3.11/site-packages/airflow/example_dags/example_short_circuit_operator.py
[2024-04-14T18:09:17.068-0400] {processor.py:840} INFO - DAG(s) 'example_short_circuit_operator' retrieved from /Users/manideepakreddyaila/Desktop/projects/Legal_Insights_Engine/.venv/lib/python3.11/site-packages/airflow/example_dags/example_short_circuit_operator.py
[2024-04-14T18:09:17.107-0400] {logging_mixin.py:188} INFO - [2024-04-14T18:09:17.107-0400] {dag.py:3096} INFO - Sync 1 DAGs
[2024-04-14T18:09:17.112-0400] {logging_mixin.py:188} INFO - [2024-04-14T18:09:17.112-0400] {dag.py:3954} INFO - Setting next_dagrun for example_short_circuit_operator to 2024-04-13 00:00:00+00:00, run_after=2024-04-14 00:00:00+00:00
[2024-04-14T18:09:17.119-0400] {processor.py:183} INFO - Processing /Users/manideepakreddyaila/Desktop/projects/Legal_Insights_Engine/.venv/lib/python3.11/site-packages/airflow/example_dags/example_short_circuit_operator.py took 0.088 seconds
[2024-04-14T18:11:16.563-0400] {processor.py:161} INFO - Started process (PID=37530) to work on /Users/manideepakreddyaila/Desktop/projects/Legal_Insights_Engine/.venv/lib/python3.11/site-packages/airflow/example_dags/example_short_circuit_operator.py
[2024-04-14T18:11:16.564-0400] {processor.py:830} INFO - Processing file /Users/manideepakreddyaila/Desktop/projects/Legal_Insights_Engine/.venv/lib/python3.11/site-packages/airflow/example_dags/example_short_circuit_operator.py for tasks to queue
[2024-04-14T18:11:16.564-0400] {logging_mixin.py:188} INFO - [2024-04-14T18:11:16.564-0400] {dagbag.py:540} INFO - Filling up the DagBag from /Users/manideepakreddyaila/Desktop/projects/Legal_Insights_Engine/.venv/lib/python3.11/site-packages/airflow/example_dags/example_short_circuit_operator.py
[2024-04-14T18:11:16.601-0400] {processor.py:840} INFO - DAG(s) 'example_short_circuit_operator' retrieved from /Users/manideepakreddyaila/Desktop/projects/Legal_Insights_Engine/.venv/lib/python3.11/site-packages/airflow/example_dags/example_short_circuit_operator.py
[2024-04-14T18:11:16.639-0400] {logging_mixin.py:188} INFO - [2024-04-14T18:11:16.639-0400] {dag.py:3096} INFO - Sync 1 DAGs
[2024-04-14T18:11:16.644-0400] {logging_mixin.py:188} INFO - [2024-04-14T18:11:16.644-0400] {dag.py:3954} INFO - Setting next_dagrun for example_short_circuit_operator to 2024-04-13 00:00:00+00:00, run_after=2024-04-14 00:00:00+00:00
[2024-04-14T18:11:16.651-0400] {processor.py:183} INFO - Processing /Users/manideepakreddyaila/Desktop/projects/Legal_Insights_Engine/.venv/lib/python3.11/site-packages/airflow/example_dags/example_short_circuit_operator.py took 0.089 seconds
[2024-04-14T18:13:13.264-0400] {processor.py:161} INFO - Started process (PID=37640) to work on /Users/manideepakreddyaila/Desktop/projects/Legal_Insights_Engine/.venv/lib/python3.11/site-packages/airflow/example_dags/example_short_circuit_operator.py
[2024-04-14T18:13:13.265-0400] {processor.py:830} INFO - Processing file /Users/manideepakreddyaila/Desktop/projects/Legal_Insights_Engine/.venv/lib/python3.11/site-packages/airflow/example_dags/example_short_circuit_operator.py for tasks to queue
[2024-04-14T18:13:13.265-0400] {logging_mixin.py:188} INFO - [2024-04-14T18:13:13.265-0400] {dagbag.py:540} INFO - Filling up the DagBag from /Users/manideepakreddyaila/Desktop/projects/Legal_Insights_Engine/.venv/lib/python3.11/site-packages/airflow/example_dags/example_short_circuit_operator.py
[2024-04-14T18:13:13.301-0400] {processor.py:840} INFO - DAG(s) 'example_short_circuit_operator' retrieved from /Users/manideepakreddyaila/Desktop/projects/Legal_Insights_Engine/.venv/lib/python3.11/site-packages/airflow/example_dags/example_short_circuit_operator.py
[2024-04-14T18:13:13.337-0400] {logging_mixin.py:188} INFO - [2024-04-14T18:13:13.337-0400] {dag.py:3096} INFO - Sync 1 DAGs
[2024-04-14T18:13:13.342-0400] {logging_mixin.py:188} INFO - [2024-04-14T18:13:13.342-0400] {dag.py:3954} INFO - Setting next_dagrun for example_short_circuit_operator to 2024-04-13 00:00:00+00:00, run_after=2024-04-14 00:00:00+00:00
[2024-04-14T18:13:13.349-0400] {processor.py:183} INFO - Processing /Users/manideepakreddyaila/Desktop/projects/Legal_Insights_Engine/.venv/lib/python3.11/site-packages/airflow/example_dags/example_short_circuit_operator.py took 0.086 seconds
[2024-04-14T18:15:12.913-0400] {processor.py:161} INFO - Started process (PID=37744) to work on /Users/manideepakreddyaila/Desktop/projects/Legal_Insights_Engine/.venv/lib/python3.11/site-packages/airflow/example_dags/example_short_circuit_operator.py
[2024-04-14T18:15:12.914-0400] {processor.py:830} INFO - Processing file /Users/manideepakreddyaila/Desktop/projects/Legal_Insights_Engine/.venv/lib/python3.11/site-packages/airflow/example_dags/example_short_circuit_operator.py for tasks to queue
[2024-04-14T18:15:12.914-0400] {logging_mixin.py:188} INFO - [2024-04-14T18:15:12.914-0400] {dagbag.py:540} INFO - Filling up the DagBag from /Users/manideepakreddyaila/Desktop/projects/Legal_Insights_Engine/.venv/lib/python3.11/site-packages/airflow/example_dags/example_short_circuit_operator.py
[2024-04-14T18:15:12.949-0400] {processor.py:840} INFO - DAG(s) 'example_short_circuit_operator' retrieved from /Users/manideepakreddyaila/Desktop/projects/Legal_Insights_Engine/.venv/lib/python3.11/site-packages/airflow/example_dags/example_short_circuit_operator.py
[2024-04-14T18:15:12.984-0400] {logging_mixin.py:188} INFO - [2024-04-14T18:15:12.984-0400] {dag.py:3096} INFO - Sync 1 DAGs
[2024-04-14T18:15:12.989-0400] {logging_mixin.py:188} INFO - [2024-04-14T18:15:12.989-0400] {dag.py:3954} INFO - Setting next_dagrun for example_short_circuit_operator to 2024-04-13 00:00:00+00:00, run_after=2024-04-14 00:00:00+00:00
[2024-04-14T18:15:12.996-0400] {processor.py:183} INFO - Processing /Users/manideepakreddyaila/Desktop/projects/Legal_Insights_Engine/.venv/lib/python3.11/site-packages/airflow/example_dags/example_short_circuit_operator.py took 0.084 seconds
[2024-04-14T19:33:21.892-0400] {processor.py:161} INFO - Started process (PID=37955) to work on /Users/manideepakreddyaila/Desktop/projects/Legal_Insights_Engine/.venv/lib/python3.11/site-packages/airflow/example_dags/example_short_circuit_operator.py
[2024-04-14T19:33:21.893-0400] {processor.py:830} INFO - Processing file /Users/manideepakreddyaila/Desktop/projects/Legal_Insights_Engine/.venv/lib/python3.11/site-packages/airflow/example_dags/example_short_circuit_operator.py for tasks to queue
[2024-04-14T19:33:21.894-0400] {logging_mixin.py:188} INFO - [2024-04-14T19:33:21.894-0400] {dagbag.py:540} INFO - Filling up the DagBag from /Users/manideepakreddyaila/Desktop/projects/Legal_Insights_Engine/.venv/lib/python3.11/site-packages/airflow/example_dags/example_short_circuit_operator.py
[2024-04-14T19:33:21.928-0400] {processor.py:840} INFO - DAG(s) 'example_short_circuit_operator' retrieved from /Users/manideepakreddyaila/Desktop/projects/Legal_Insights_Engine/.venv/lib/python3.11/site-packages/airflow/example_dags/example_short_circuit_operator.py
[2024-04-14T19:33:22.013-0400] {logging_mixin.py:188} INFO - [2024-04-14T19:33:22.012-0400] {dag.py:3096} INFO - Sync 1 DAGs
[2024-04-14T19:33:22.019-0400] {logging_mixin.py:188} INFO - [2024-04-14T19:33:22.019-0400] {dag.py:3954} INFO - Setting next_dagrun for example_short_circuit_operator to 2024-04-13 00:00:00+00:00, run_after=2024-04-14 00:00:00+00:00
[2024-04-14T19:33:22.027-0400] {processor.py:183} INFO - Processing /Users/manideepakreddyaila/Desktop/projects/Legal_Insights_Engine/.venv/lib/python3.11/site-packages/airflow/example_dags/example_short_circuit_operator.py took 0.136 seconds
