[2024-04-13T20:06:51.705-0400] {processor.py:161} INFO - Started process (PID=31663) to work on /Users/manideepakreddyaila/Desktop/projects/Legal_Insights_Engine/.venv/lib/python3.11/site-packages/airflow/example_dags/example_sensors.py
[2024-04-13T20:06:51.706-0400] {processor.py:830} INFO - Processing file /Users/manideepakreddyaila/Desktop/projects/Legal_Insights_Engine/.venv/lib/python3.11/site-packages/airflow/example_dags/example_sensors.py for tasks to queue
[2024-04-13T20:06:51.706-0400] {logging_mixin.py:188} INFO - [2024-04-13T20:06:51.706-0400] {dagbag.py:540} INFO - Filling up the DagBag from /Users/manideepakreddyaila/Desktop/projects/Legal_Insights_Engine/.venv/lib/python3.11/site-packages/airflow/example_dags/example_sensors.py
[2024-04-13T20:06:51.738-0400] {processor.py:840} INFO - DAG(s) 'example_sensors' retrieved from /Users/manideepakreddyaila/Desktop/projects/Legal_Insights_Engine/.venv/lib/python3.11/site-packages/airflow/example_dags/example_sensors.py
[2024-04-13T20:06:51.782-0400] {logging_mixin.py:188} INFO - [2024-04-13T20:06:51.782-0400] {dag.py:3096} INFO - Sync 1 DAGs
[2024-04-13T20:06:51.785-0400] {logging_mixin.py:188} INFO - [2024-04-13T20:06:51.785-0400] {dag.py:3954} INFO - Setting next_dagrun for example_sensors to None, run_after=None
[2024-04-13T20:06:51.791-0400] {processor.py:183} INFO - Processing /Users/manideepakreddyaila/Desktop/projects/Legal_Insights_Engine/.venv/lib/python3.11/site-packages/airflow/example_dags/example_sensors.py took 0.088 seconds
[2024-04-13T20:08:17.685-0400] {processor.py:161} INFO - Started process (PID=31727) to work on /Users/manideepakreddyaila/Desktop/projects/Legal_Insights_Engine/.venv/lib/python3.11/site-packages/airflow/example_dags/example_sensors.py
[2024-04-13T20:08:17.686-0400] {processor.py:830} INFO - Processing file /Users/manideepakreddyaila/Desktop/projects/Legal_Insights_Engine/.venv/lib/python3.11/site-packages/airflow/example_dags/example_sensors.py for tasks to queue
[2024-04-13T20:08:17.686-0400] {logging_mixin.py:188} INFO - [2024-04-13T20:08:17.686-0400] {dagbag.py:540} INFO - Filling up the DagBag from /Users/manideepakreddyaila/Desktop/projects/Legal_Insights_Engine/.venv/lib/python3.11/site-packages/airflow/example_dags/example_sensors.py
[2024-04-13T20:08:17.719-0400] {processor.py:840} INFO - DAG(s) 'example_sensors' retrieved from /Users/manideepakreddyaila/Desktop/projects/Legal_Insights_Engine/.venv/lib/python3.11/site-packages/airflow/example_dags/example_sensors.py
[2024-04-13T20:08:17.763-0400] {logging_mixin.py:188} INFO - [2024-04-13T20:08:17.763-0400] {dag.py:3096} INFO - Sync 1 DAGs
[2024-04-13T20:08:17.766-0400] {logging_mixin.py:188} INFO - [2024-04-13T20:08:17.766-0400] {dag.py:3954} INFO - Setting next_dagrun for example_sensors to None, run_after=None
[2024-04-13T20:08:17.772-0400] {processor.py:183} INFO - Processing /Users/manideepakreddyaila/Desktop/projects/Legal_Insights_Engine/.venv/lib/python3.11/site-packages/airflow/example_dags/example_sensors.py took 0.088 seconds
[2024-04-13T22:09:15.739-0400] {processor.py:161} INFO - Started process (PID=31867) to work on /Users/manideepakreddyaila/Desktop/projects/Legal_Insights_Engine/.venv/lib/python3.11/site-packages/airflow/example_dags/example_sensors.py
[2024-04-13T22:09:15.740-0400] {processor.py:830} INFO - Processing file /Users/manideepakreddyaila/Desktop/projects/Legal_Insights_Engine/.venv/lib/python3.11/site-packages/airflow/example_dags/example_sensors.py for tasks to queue
[2024-04-13T22:09:15.740-0400] {logging_mixin.py:188} INFO - [2024-04-13T22:09:15.740-0400] {dagbag.py:540} INFO - Filling up the DagBag from /Users/manideepakreddyaila/Desktop/projects/Legal_Insights_Engine/.venv/lib/python3.11/site-packages/airflow/example_dags/example_sensors.py
[2024-04-13T22:09:15.781-0400] {processor.py:840} INFO - DAG(s) 'example_sensors' retrieved from /Users/manideepakreddyaila/Desktop/projects/Legal_Insights_Engine/.venv/lib/python3.11/site-packages/airflow/example_dags/example_sensors.py
[2024-04-13T22:09:15.826-0400] {logging_mixin.py:188} INFO - [2024-04-13T22:09:15.826-0400] {dag.py:3096} INFO - Sync 1 DAGs
[2024-04-13T22:09:15.829-0400] {logging_mixin.py:188} INFO - [2024-04-13T22:09:15.829-0400] {dag.py:3954} INFO - Setting next_dagrun for example_sensors to None, run_after=None
[2024-04-13T22:09:15.835-0400] {processor.py:183} INFO - Processing /Users/manideepakreddyaila/Desktop/projects/Legal_Insights_Engine/.venv/lib/python3.11/site-packages/airflow/example_dags/example_sensors.py took 0.097 seconds
[2024-04-14T00:28:56.333-0400] {processor.py:161} INFO - Started process (PID=32049) to work on /Users/manideepakreddyaila/Desktop/projects/Legal_Insights_Engine/.venv/lib/python3.11/site-packages/airflow/example_dags/example_sensors.py
[2024-04-14T00:28:56.334-0400] {processor.py:830} INFO - Processing file /Users/manideepakreddyaila/Desktop/projects/Legal_Insights_Engine/.venv/lib/python3.11/site-packages/airflow/example_dags/example_sensors.py for tasks to queue
[2024-04-14T00:28:56.334-0400] {logging_mixin.py:188} INFO - [2024-04-14T00:28:56.334-0400] {dagbag.py:540} INFO - Filling up the DagBag from /Users/manideepakreddyaila/Desktop/projects/Legal_Insights_Engine/.venv/lib/python3.11/site-packages/airflow/example_dags/example_sensors.py
[2024-04-14T00:28:56.368-0400] {processor.py:840} INFO - DAG(s) 'example_sensors' retrieved from /Users/manideepakreddyaila/Desktop/projects/Legal_Insights_Engine/.venv/lib/python3.11/site-packages/airflow/example_dags/example_sensors.py
[2024-04-14T00:28:56.410-0400] {logging_mixin.py:188} INFO - [2024-04-14T00:28:56.410-0400] {dag.py:3096} INFO - Sync 1 DAGs
[2024-04-14T00:28:56.413-0400] {logging_mixin.py:188} INFO - [2024-04-14T00:28:56.413-0400] {dag.py:3954} INFO - Setting next_dagrun for example_sensors to None, run_after=None
[2024-04-14T00:28:56.419-0400] {processor.py:183} INFO - Processing /Users/manideepakreddyaila/Desktop/projects/Legal_Insights_Engine/.venv/lib/python3.11/site-packages/airflow/example_dags/example_sensors.py took 0.087 seconds
[2024-04-14T03:17:21.910-0400] {processor.py:161} INFO - Started process (PID=32284) to work on /Users/manideepakreddyaila/Desktop/projects/Legal_Insights_Engine/.venv/lib/python3.11/site-packages/airflow/example_dags/example_sensors.py
[2024-04-14T03:17:21.911-0400] {processor.py:830} INFO - Processing file /Users/manideepakreddyaila/Desktop/projects/Legal_Insights_Engine/.venv/lib/python3.11/site-packages/airflow/example_dags/example_sensors.py for tasks to queue
[2024-04-14T03:17:21.911-0400] {logging_mixin.py:188} INFO - [2024-04-14T03:17:21.911-0400] {dagbag.py:540} INFO - Filling up the DagBag from /Users/manideepakreddyaila/Desktop/projects/Legal_Insights_Engine/.venv/lib/python3.11/site-packages/airflow/example_dags/example_sensors.py
[2024-04-14T03:17:21.944-0400] {processor.py:840} INFO - DAG(s) 'example_sensors' retrieved from /Users/manideepakreddyaila/Desktop/projects/Legal_Insights_Engine/.venv/lib/python3.11/site-packages/airflow/example_dags/example_sensors.py
[2024-04-14T03:17:21.987-0400] {logging_mixin.py:188} INFO - [2024-04-14T03:17:21.987-0400] {dag.py:3096} INFO - Sync 1 DAGs
[2024-04-14T03:17:21.990-0400] {logging_mixin.py:188} INFO - [2024-04-14T03:17:21.990-0400] {dag.py:3954} INFO - Setting next_dagrun for example_sensors to None, run_after=None
[2024-04-14T03:17:21.996-0400] {processor.py:183} INFO - Processing /Users/manideepakreddyaila/Desktop/projects/Legal_Insights_Engine/.venv/lib/python3.11/site-packages/airflow/example_dags/example_sensors.py took 0.087 seconds
[2024-04-14T06:15:20.950-0400] {processor.py:161} INFO - Started process (PID=32523) to work on /Users/manideepakreddyaila/Desktop/projects/Legal_Insights_Engine/.venv/lib/python3.11/site-packages/airflow/example_dags/example_sensors.py
[2024-04-14T06:15:20.951-0400] {processor.py:830} INFO - Processing file /Users/manideepakreddyaila/Desktop/projects/Legal_Insights_Engine/.venv/lib/python3.11/site-packages/airflow/example_dags/example_sensors.py for tasks to queue
[2024-04-14T06:15:20.951-0400] {logging_mixin.py:188} INFO - [2024-04-14T06:15:20.951-0400] {dagbag.py:540} INFO - Filling up the DagBag from /Users/manideepakreddyaila/Desktop/projects/Legal_Insights_Engine/.venv/lib/python3.11/site-packages/airflow/example_dags/example_sensors.py
[2024-04-14T06:15:20.984-0400] {processor.py:840} INFO - DAG(s) 'example_sensors' retrieved from /Users/manideepakreddyaila/Desktop/projects/Legal_Insights_Engine/.venv/lib/python3.11/site-packages/airflow/example_dags/example_sensors.py
[2024-04-14T06:15:21.025-0400] {logging_mixin.py:188} INFO - [2024-04-14T06:15:21.025-0400] {dag.py:3096} INFO - Sync 1 DAGs
[2024-04-14T06:15:21.028-0400] {logging_mixin.py:188} INFO - [2024-04-14T06:15:21.028-0400] {dag.py:3954} INFO - Setting next_dagrun for example_sensors to None, run_after=None
[2024-04-14T06:15:21.034-0400] {processor.py:183} INFO - Processing /Users/manideepakreddyaila/Desktop/projects/Legal_Insights_Engine/.venv/lib/python3.11/site-packages/airflow/example_dags/example_sensors.py took 0.086 seconds
[2024-04-14T08:08:59.881-0400] {processor.py:161} INFO - Started process (PID=32707) to work on /Users/manideepakreddyaila/Desktop/projects/Legal_Insights_Engine/.venv/lib/python3.11/site-packages/airflow/example_dags/example_sensors.py
[2024-04-14T08:08:59.882-0400] {processor.py:830} INFO - Processing file /Users/manideepakreddyaila/Desktop/projects/Legal_Insights_Engine/.venv/lib/python3.11/site-packages/airflow/example_dags/example_sensors.py for tasks to queue
[2024-04-14T08:08:59.882-0400] {logging_mixin.py:188} INFO - [2024-04-14T08:08:59.882-0400] {dagbag.py:540} INFO - Filling up the DagBag from /Users/manideepakreddyaila/Desktop/projects/Legal_Insights_Engine/.venv/lib/python3.11/site-packages/airflow/example_dags/example_sensors.py
[2024-04-14T08:08:59.916-0400] {processor.py:840} INFO - DAG(s) 'example_sensors' retrieved from /Users/manideepakreddyaila/Desktop/projects/Legal_Insights_Engine/.venv/lib/python3.11/site-packages/airflow/example_dags/example_sensors.py
[2024-04-14T08:08:59.958-0400] {logging_mixin.py:188} INFO - [2024-04-14T08:08:59.958-0400] {dag.py:3096} INFO - Sync 1 DAGs
[2024-04-14T08:08:59.961-0400] {logging_mixin.py:188} INFO - [2024-04-14T08:08:59.961-0400] {dag.py:3954} INFO - Setting next_dagrun for example_sensors to None, run_after=None
[2024-04-14T08:08:59.967-0400] {processor.py:183} INFO - Processing /Users/manideepakreddyaila/Desktop/projects/Legal_Insights_Engine/.venv/lib/python3.11/site-packages/airflow/example_dags/example_sensors.py took 0.088 seconds
[2024-04-14T08:14:04.743-0400] {processor.py:161} INFO - Started process (PID=32822) to work on /Users/manideepakreddyaila/Desktop/projects/Legal_Insights_Engine/.venv/lib/python3.11/site-packages/airflow/example_dags/example_sensors.py
[2024-04-14T08:14:04.744-0400] {processor.py:830} INFO - Processing file /Users/manideepakreddyaila/Desktop/projects/Legal_Insights_Engine/.venv/lib/python3.11/site-packages/airflow/example_dags/example_sensors.py for tasks to queue
[2024-04-14T08:14:04.744-0400] {logging_mixin.py:188} INFO - [2024-04-14T08:14:04.744-0400] {dagbag.py:540} INFO - Filling up the DagBag from /Users/manideepakreddyaila/Desktop/projects/Legal_Insights_Engine/.venv/lib/python3.11/site-packages/airflow/example_dags/example_sensors.py
[2024-04-14T08:14:04.776-0400] {processor.py:840} INFO - DAG(s) 'example_sensors' retrieved from /Users/manideepakreddyaila/Desktop/projects/Legal_Insights_Engine/.venv/lib/python3.11/site-packages/airflow/example_dags/example_sensors.py
[2024-04-14T08:14:04.818-0400] {logging_mixin.py:188} INFO - [2024-04-14T08:14:04.818-0400] {dag.py:3096} INFO - Sync 1 DAGs
[2024-04-14T08:14:04.821-0400] {logging_mixin.py:188} INFO - [2024-04-14T08:14:04.821-0400] {dag.py:3954} INFO - Setting next_dagrun for example_sensors to None, run_after=None
[2024-04-14T08:14:04.827-0400] {processor.py:183} INFO - Processing /Users/manideepakreddyaila/Desktop/projects/Legal_Insights_Engine/.venv/lib/python3.11/site-packages/airflow/example_dags/example_sensors.py took 0.085 seconds
[2024-04-14T08:21:45.021-0400] {processor.py:161} INFO - Started process (PID=32948) to work on /Users/manideepakreddyaila/Desktop/projects/Legal_Insights_Engine/.venv/lib/python3.11/site-packages/airflow/example_dags/example_sensors.py
[2024-04-14T08:21:45.022-0400] {processor.py:830} INFO - Processing file /Users/manideepakreddyaila/Desktop/projects/Legal_Insights_Engine/.venv/lib/python3.11/site-packages/airflow/example_dags/example_sensors.py for tasks to queue
[2024-04-14T08:21:45.023-0400] {logging_mixin.py:188} INFO - [2024-04-14T08:21:45.022-0400] {dagbag.py:540} INFO - Filling up the DagBag from /Users/manideepakreddyaila/Desktop/projects/Legal_Insights_Engine/.venv/lib/python3.11/site-packages/airflow/example_dags/example_sensors.py
[2024-04-14T08:21:45.054-0400] {processor.py:840} INFO - DAG(s) 'example_sensors' retrieved from /Users/manideepakreddyaila/Desktop/projects/Legal_Insights_Engine/.venv/lib/python3.11/site-packages/airflow/example_dags/example_sensors.py
[2024-04-14T08:21:45.095-0400] {logging_mixin.py:188} INFO - [2024-04-14T08:21:45.095-0400] {dag.py:3096} INFO - Sync 1 DAGs
[2024-04-14T08:21:45.098-0400] {logging_mixin.py:188} INFO - [2024-04-14T08:21:45.098-0400] {dag.py:3954} INFO - Setting next_dagrun for example_sensors to None, run_after=None
[2024-04-14T08:21:45.104-0400] {processor.py:183} INFO - Processing /Users/manideepakreddyaila/Desktop/projects/Legal_Insights_Engine/.venv/lib/python3.11/site-packages/airflow/example_dags/example_sensors.py took 0.084 seconds
[2024-04-14T11:09:58.026-0400] {processor.py:161} INFO - Started process (PID=33107) to work on /Users/manideepakreddyaila/Desktop/projects/Legal_Insights_Engine/.venv/lib/python3.11/site-packages/airflow/example_dags/example_sensors.py
[2024-04-14T11:09:58.027-0400] {processor.py:830} INFO - Processing file /Users/manideepakreddyaila/Desktop/projects/Legal_Insights_Engine/.venv/lib/python3.11/site-packages/airflow/example_dags/example_sensors.py for tasks to queue
[2024-04-14T11:09:58.027-0400] {logging_mixin.py:188} INFO - [2024-04-14T11:09:58.027-0400] {dagbag.py:540} INFO - Filling up the DagBag from /Users/manideepakreddyaila/Desktop/projects/Legal_Insights_Engine/.venv/lib/python3.11/site-packages/airflow/example_dags/example_sensors.py
[2024-04-14T11:09:58.061-0400] {processor.py:840} INFO - DAG(s) 'example_sensors' retrieved from /Users/manideepakreddyaila/Desktop/projects/Legal_Insights_Engine/.venv/lib/python3.11/site-packages/airflow/example_dags/example_sensors.py
[2024-04-14T11:09:58.102-0400] {logging_mixin.py:188} INFO - [2024-04-14T11:09:58.102-0400] {dag.py:3096} INFO - Sync 1 DAGs
[2024-04-14T11:09:58.105-0400] {logging_mixin.py:188} INFO - [2024-04-14T11:09:58.105-0400] {dag.py:3954} INFO - Setting next_dagrun for example_sensors to None, run_after=None
[2024-04-14T11:09:58.111-0400] {processor.py:183} INFO - Processing /Users/manideepakreddyaila/Desktop/projects/Legal_Insights_Engine/.venv/lib/python3.11/site-packages/airflow/example_dags/example_sensors.py took 0.087 seconds
[2024-04-14T12:06:38.196-0400] {processor.py:161} INFO - Started process (PID=33246) to work on /Users/manideepakreddyaila/Desktop/projects/Legal_Insights_Engine/.venv/lib/python3.11/site-packages/airflow/example_dags/example_sensors.py
[2024-04-14T12:06:38.198-0400] {processor.py:830} INFO - Processing file /Users/manideepakreddyaila/Desktop/projects/Legal_Insights_Engine/.venv/lib/python3.11/site-packages/airflow/example_dags/example_sensors.py for tasks to queue
[2024-04-14T12:06:38.198-0400] {logging_mixin.py:188} INFO - [2024-04-14T12:06:38.198-0400] {dagbag.py:540} INFO - Filling up the DagBag from /Users/manideepakreddyaila/Desktop/projects/Legal_Insights_Engine/.venv/lib/python3.11/site-packages/airflow/example_dags/example_sensors.py
[2024-04-14T12:06:38.229-0400] {processor.py:840} INFO - DAG(s) 'example_sensors' retrieved from /Users/manideepakreddyaila/Desktop/projects/Legal_Insights_Engine/.venv/lib/python3.11/site-packages/airflow/example_dags/example_sensors.py
[2024-04-14T12:06:38.271-0400] {logging_mixin.py:188} INFO - [2024-04-14T12:06:38.271-0400] {dag.py:3096} INFO - Sync 1 DAGs
[2024-04-14T12:06:38.274-0400] {logging_mixin.py:188} INFO - [2024-04-14T12:06:38.274-0400] {dag.py:3954} INFO - Setting next_dagrun for example_sensors to None, run_after=None
[2024-04-14T12:06:38.280-0400] {processor.py:183} INFO - Processing /Users/manideepakreddyaila/Desktop/projects/Legal_Insights_Engine/.venv/lib/python3.11/site-packages/airflow/example_dags/example_sensors.py took 0.084 seconds
[2024-04-14T13:40:06.174-0400] {processor.py:161} INFO - Started process (PID=33408) to work on /Users/manideepakreddyaila/Desktop/projects/Legal_Insights_Engine/.venv/lib/python3.11/site-packages/airflow/example_dags/example_sensors.py
[2024-04-14T13:40:06.175-0400] {processor.py:830} INFO - Processing file /Users/manideepakreddyaila/Desktop/projects/Legal_Insights_Engine/.venv/lib/python3.11/site-packages/airflow/example_dags/example_sensors.py for tasks to queue
[2024-04-14T13:40:06.175-0400] {logging_mixin.py:188} INFO - [2024-04-14T13:40:06.175-0400] {dagbag.py:540} INFO - Filling up the DagBag from /Users/manideepakreddyaila/Desktop/projects/Legal_Insights_Engine/.venv/lib/python3.11/site-packages/airflow/example_dags/example_sensors.py
[2024-04-14T13:40:06.207-0400] {processor.py:840} INFO - DAG(s) 'example_sensors' retrieved from /Users/manideepakreddyaila/Desktop/projects/Legal_Insights_Engine/.venv/lib/python3.11/site-packages/airflow/example_dags/example_sensors.py
[2024-04-14T13:40:06.249-0400] {logging_mixin.py:188} INFO - [2024-04-14T13:40:06.249-0400] {dag.py:3096} INFO - Sync 1 DAGs
[2024-04-14T13:40:06.252-0400] {logging_mixin.py:188} INFO - [2024-04-14T13:40:06.252-0400] {dag.py:3954} INFO - Setting next_dagrun for example_sensors to None, run_after=None
[2024-04-14T13:40:06.258-0400] {processor.py:183} INFO - Processing /Users/manideepakreddyaila/Desktop/projects/Legal_Insights_Engine/.venv/lib/python3.11/site-packages/airflow/example_dags/example_sensors.py took 0.085 seconds
[2024-04-14T15:42:31.070-0400] {processor.py:161} INFO - Started process (PID=33584) to work on /Users/manideepakreddyaila/Desktop/projects/Legal_Insights_Engine/.venv/lib/python3.11/site-packages/airflow/example_dags/example_sensors.py
[2024-04-14T15:42:31.071-0400] {processor.py:830} INFO - Processing file /Users/manideepakreddyaila/Desktop/projects/Legal_Insights_Engine/.venv/lib/python3.11/site-packages/airflow/example_dags/example_sensors.py for tasks to queue
[2024-04-14T15:42:31.071-0400] {logging_mixin.py:188} INFO - [2024-04-14T15:42:31.071-0400] {dagbag.py:540} INFO - Filling up the DagBag from /Users/manideepakreddyaila/Desktop/projects/Legal_Insights_Engine/.venv/lib/python3.11/site-packages/airflow/example_dags/example_sensors.py
[2024-04-14T15:42:31.105-0400] {processor.py:840} INFO - DAG(s) 'example_sensors' retrieved from /Users/manideepakreddyaila/Desktop/projects/Legal_Insights_Engine/.venv/lib/python3.11/site-packages/airflow/example_dags/example_sensors.py
[2024-04-14T15:42:31.149-0400] {logging_mixin.py:188} INFO - [2024-04-14T15:42:31.149-0400] {dag.py:3096} INFO - Sync 1 DAGs
[2024-04-14T15:42:31.152-0400] {logging_mixin.py:188} INFO - [2024-04-14T15:42:31.152-0400] {dag.py:3954} INFO - Setting next_dagrun for example_sensors to None, run_after=None
[2024-04-14T15:42:31.159-0400] {processor.py:183} INFO - Processing /Users/manideepakreddyaila/Desktop/projects/Legal_Insights_Engine/.venv/lib/python3.11/site-packages/airflow/example_dags/example_sensors.py took 0.091 seconds
[2024-04-14T16:36:50.353-0400] {processor.py:161} INFO - Started process (PID=33761) to work on /Users/manideepakreddyaila/Desktop/projects/Legal_Insights_Engine/.venv/lib/python3.11/site-packages/airflow/example_dags/example_sensors.py
[2024-04-14T16:36:50.354-0400] {processor.py:830} INFO - Processing file /Users/manideepakreddyaila/Desktop/projects/Legal_Insights_Engine/.venv/lib/python3.11/site-packages/airflow/example_dags/example_sensors.py for tasks to queue
[2024-04-14T16:36:50.354-0400] {logging_mixin.py:188} INFO - [2024-04-14T16:36:50.354-0400] {dagbag.py:540} INFO - Filling up the DagBag from /Users/manideepakreddyaila/Desktop/projects/Legal_Insights_Engine/.venv/lib/python3.11/site-packages/airflow/example_dags/example_sensors.py
[2024-04-14T16:36:50.387-0400] {processor.py:840} INFO - DAG(s) 'example_sensors' retrieved from /Users/manideepakreddyaila/Desktop/projects/Legal_Insights_Engine/.venv/lib/python3.11/site-packages/airflow/example_dags/example_sensors.py
[2024-04-14T16:36:50.428-0400] {logging_mixin.py:188} INFO - [2024-04-14T16:36:50.428-0400] {dag.py:3096} INFO - Sync 1 DAGs
[2024-04-14T16:36:50.431-0400] {logging_mixin.py:188} INFO - [2024-04-14T16:36:50.431-0400] {dag.py:3954} INFO - Setting next_dagrun for example_sensors to None, run_after=None
[2024-04-14T16:36:50.437-0400] {processor.py:183} INFO - Processing /Users/manideepakreddyaila/Desktop/projects/Legal_Insights_Engine/.venv/lib/python3.11/site-packages/airflow/example_dags/example_sensors.py took 0.085 seconds
[2024-04-14T16:38:15.257-0400] {processor.py:161} INFO - Started process (PID=33823) to work on /Users/manideepakreddyaila/Desktop/projects/Legal_Insights_Engine/.venv/lib/python3.11/site-packages/airflow/example_dags/example_sensors.py
[2024-04-14T16:38:15.257-0400] {processor.py:830} INFO - Processing file /Users/manideepakreddyaila/Desktop/projects/Legal_Insights_Engine/.venv/lib/python3.11/site-packages/airflow/example_dags/example_sensors.py for tasks to queue
[2024-04-14T16:38:15.258-0400] {logging_mixin.py:188} INFO - [2024-04-14T16:38:15.258-0400] {dagbag.py:540} INFO - Filling up the DagBag from /Users/manideepakreddyaila/Desktop/projects/Legal_Insights_Engine/.venv/lib/python3.11/site-packages/airflow/example_dags/example_sensors.py
[2024-04-14T16:38:15.291-0400] {processor.py:840} INFO - DAG(s) 'example_sensors' retrieved from /Users/manideepakreddyaila/Desktop/projects/Legal_Insights_Engine/.venv/lib/python3.11/site-packages/airflow/example_dags/example_sensors.py
[2024-04-14T16:38:15.334-0400] {logging_mixin.py:188} INFO - [2024-04-14T16:38:15.334-0400] {dag.py:3096} INFO - Sync 1 DAGs
[2024-04-14T16:38:15.337-0400] {logging_mixin.py:188} INFO - [2024-04-14T16:38:15.337-0400] {dag.py:3954} INFO - Setting next_dagrun for example_sensors to None, run_after=None
[2024-04-14T16:38:15.343-0400] {processor.py:183} INFO - Processing /Users/manideepakreddyaila/Desktop/projects/Legal_Insights_Engine/.venv/lib/python3.11/site-packages/airflow/example_dags/example_sensors.py took 0.088 seconds
[2024-04-14T16:40:12.747-0400] {processor.py:161} INFO - Started process (PID=33921) to work on /Users/manideepakreddyaila/Desktop/projects/Legal_Insights_Engine/.venv/lib/python3.11/site-packages/airflow/example_dags/example_sensors.py
[2024-04-14T16:40:12.748-0400] {processor.py:830} INFO - Processing file /Users/manideepakreddyaila/Desktop/projects/Legal_Insights_Engine/.venv/lib/python3.11/site-packages/airflow/example_dags/example_sensors.py for tasks to queue
[2024-04-14T16:40:12.748-0400] {logging_mixin.py:188} INFO - [2024-04-14T16:40:12.748-0400] {dagbag.py:540} INFO - Filling up the DagBag from /Users/manideepakreddyaila/Desktop/projects/Legal_Insights_Engine/.venv/lib/python3.11/site-packages/airflow/example_dags/example_sensors.py
[2024-04-14T16:40:12.802-0400] {processor.py:840} INFO - DAG(s) 'example_sensors' retrieved from /Users/manideepakreddyaila/Desktop/projects/Legal_Insights_Engine/.venv/lib/python3.11/site-packages/airflow/example_dags/example_sensors.py
[2024-04-14T16:40:12.845-0400] {logging_mixin.py:188} INFO - [2024-04-14T16:40:12.845-0400] {dag.py:3096} INFO - Sync 1 DAGs
[2024-04-14T16:40:12.848-0400] {logging_mixin.py:188} INFO - [2024-04-14T16:40:12.848-0400] {dag.py:3954} INFO - Setting next_dagrun for example_sensors to None, run_after=None
[2024-04-14T16:40:12.855-0400] {processor.py:183} INFO - Processing /Users/manideepakreddyaila/Desktop/projects/Legal_Insights_Engine/.venv/lib/python3.11/site-packages/airflow/example_dags/example_sensors.py took 0.109 seconds
[2024-04-14T16:42:06.599-0400] {processor.py:161} INFO - Started process (PID=34017) to work on /Users/manideepakreddyaila/Desktop/projects/Legal_Insights_Engine/.venv/lib/python3.11/site-packages/airflow/example_dags/example_sensors.py
[2024-04-14T16:42:06.600-0400] {processor.py:830} INFO - Processing file /Users/manideepakreddyaila/Desktop/projects/Legal_Insights_Engine/.venv/lib/python3.11/site-packages/airflow/example_dags/example_sensors.py for tasks to queue
[2024-04-14T16:42:06.600-0400] {logging_mixin.py:188} INFO - [2024-04-14T16:42:06.600-0400] {dagbag.py:540} INFO - Filling up the DagBag from /Users/manideepakreddyaila/Desktop/projects/Legal_Insights_Engine/.venv/lib/python3.11/site-packages/airflow/example_dags/example_sensors.py
[2024-04-14T16:42:06.632-0400] {processor.py:840} INFO - DAG(s) 'example_sensors' retrieved from /Users/manideepakreddyaila/Desktop/projects/Legal_Insights_Engine/.venv/lib/python3.11/site-packages/airflow/example_dags/example_sensors.py
[2024-04-14T16:42:06.674-0400] {logging_mixin.py:188} INFO - [2024-04-14T16:42:06.674-0400] {dag.py:3096} INFO - Sync 1 DAGs
[2024-04-14T16:42:06.677-0400] {logging_mixin.py:188} INFO - [2024-04-14T16:42:06.677-0400] {dag.py:3954} INFO - Setting next_dagrun for example_sensors to None, run_after=None
[2024-04-14T16:42:06.683-0400] {processor.py:183} INFO - Processing /Users/manideepakreddyaila/Desktop/projects/Legal_Insights_Engine/.venv/lib/python3.11/site-packages/airflow/example_dags/example_sensors.py took 0.085 seconds
[2024-04-14T16:44:06.428-0400] {processor.py:161} INFO - Started process (PID=34126) to work on /Users/manideepakreddyaila/Desktop/projects/Legal_Insights_Engine/.venv/lib/python3.11/site-packages/airflow/example_dags/example_sensors.py
[2024-04-14T16:44:06.429-0400] {processor.py:830} INFO - Processing file /Users/manideepakreddyaila/Desktop/projects/Legal_Insights_Engine/.venv/lib/python3.11/site-packages/airflow/example_dags/example_sensors.py for tasks to queue
[2024-04-14T16:44:06.429-0400] {logging_mixin.py:188} INFO - [2024-04-14T16:44:06.429-0400] {dagbag.py:540} INFO - Filling up the DagBag from /Users/manideepakreddyaila/Desktop/projects/Legal_Insights_Engine/.venv/lib/python3.11/site-packages/airflow/example_dags/example_sensors.py
[2024-04-14T16:44:06.461-0400] {processor.py:840} INFO - DAG(s) 'example_sensors' retrieved from /Users/manideepakreddyaila/Desktop/projects/Legal_Insights_Engine/.venv/lib/python3.11/site-packages/airflow/example_dags/example_sensors.py
[2024-04-14T16:44:06.503-0400] {logging_mixin.py:188} INFO - [2024-04-14T16:44:06.503-0400] {dag.py:3096} INFO - Sync 1 DAGs
[2024-04-14T16:44:06.506-0400] {logging_mixin.py:188} INFO - [2024-04-14T16:44:06.506-0400] {dag.py:3954} INFO - Setting next_dagrun for example_sensors to None, run_after=None
[2024-04-14T16:44:06.512-0400] {processor.py:183} INFO - Processing /Users/manideepakreddyaila/Desktop/projects/Legal_Insights_Engine/.venv/lib/python3.11/site-packages/airflow/example_dags/example_sensors.py took 0.085 seconds
[2024-04-14T16:46:06.415-0400] {processor.py:161} INFO - Started process (PID=34229) to work on /Users/manideepakreddyaila/Desktop/projects/Legal_Insights_Engine/.venv/lib/python3.11/site-packages/airflow/example_dags/example_sensors.py
[2024-04-14T16:46:06.416-0400] {processor.py:830} INFO - Processing file /Users/manideepakreddyaila/Desktop/projects/Legal_Insights_Engine/.venv/lib/python3.11/site-packages/airflow/example_dags/example_sensors.py for tasks to queue
[2024-04-14T16:46:06.416-0400] {logging_mixin.py:188} INFO - [2024-04-14T16:46:06.416-0400] {dagbag.py:540} INFO - Filling up the DagBag from /Users/manideepakreddyaila/Desktop/projects/Legal_Insights_Engine/.venv/lib/python3.11/site-packages/airflow/example_dags/example_sensors.py
[2024-04-14T16:46:06.448-0400] {processor.py:840} INFO - DAG(s) 'example_sensors' retrieved from /Users/manideepakreddyaila/Desktop/projects/Legal_Insights_Engine/.venv/lib/python3.11/site-packages/airflow/example_dags/example_sensors.py
[2024-04-14T16:46:06.491-0400] {logging_mixin.py:188} INFO - [2024-04-14T16:46:06.491-0400] {dag.py:3096} INFO - Sync 1 DAGs
[2024-04-14T16:46:06.494-0400] {logging_mixin.py:188} INFO - [2024-04-14T16:46:06.494-0400] {dag.py:3954} INFO - Setting next_dagrun for example_sensors to None, run_after=None
[2024-04-14T16:46:06.501-0400] {processor.py:183} INFO - Processing /Users/manideepakreddyaila/Desktop/projects/Legal_Insights_Engine/.venv/lib/python3.11/site-packages/airflow/example_dags/example_sensors.py took 0.087 seconds
[2024-04-14T16:48:03.475-0400] {processor.py:161} INFO - Started process (PID=34327) to work on /Users/manideepakreddyaila/Desktop/projects/Legal_Insights_Engine/.venv/lib/python3.11/site-packages/airflow/example_dags/example_sensors.py
[2024-04-14T16:48:03.476-0400] {processor.py:830} INFO - Processing file /Users/manideepakreddyaila/Desktop/projects/Legal_Insights_Engine/.venv/lib/python3.11/site-packages/airflow/example_dags/example_sensors.py for tasks to queue
[2024-04-14T16:48:03.476-0400] {logging_mixin.py:188} INFO - [2024-04-14T16:48:03.476-0400] {dagbag.py:540} INFO - Filling up the DagBag from /Users/manideepakreddyaila/Desktop/projects/Legal_Insights_Engine/.venv/lib/python3.11/site-packages/airflow/example_dags/example_sensors.py
[2024-04-14T16:48:03.509-0400] {processor.py:840} INFO - DAG(s) 'example_sensors' retrieved from /Users/manideepakreddyaila/Desktop/projects/Legal_Insights_Engine/.venv/lib/python3.11/site-packages/airflow/example_dags/example_sensors.py
[2024-04-14T16:48:03.551-0400] {logging_mixin.py:188} INFO - [2024-04-14T16:48:03.551-0400] {dag.py:3096} INFO - Sync 1 DAGs
[2024-04-14T16:48:03.554-0400] {logging_mixin.py:188} INFO - [2024-04-14T16:48:03.554-0400] {dag.py:3954} INFO - Setting next_dagrun for example_sensors to None, run_after=None
[2024-04-14T16:48:03.560-0400] {processor.py:183} INFO - Processing /Users/manideepakreddyaila/Desktop/projects/Legal_Insights_Engine/.venv/lib/python3.11/site-packages/airflow/example_dags/example_sensors.py took 0.086 seconds
[2024-04-14T16:57:57.913-0400] {processor.py:161} INFO - Started process (PID=34442) to work on /Users/manideepakreddyaila/Desktop/projects/Legal_Insights_Engine/.venv/lib/python3.11/site-packages/airflow/example_dags/example_sensors.py
[2024-04-14T16:57:57.913-0400] {processor.py:830} INFO - Processing file /Users/manideepakreddyaila/Desktop/projects/Legal_Insights_Engine/.venv/lib/python3.11/site-packages/airflow/example_dags/example_sensors.py for tasks to queue
[2024-04-14T16:57:57.914-0400] {logging_mixin.py:188} INFO - [2024-04-14T16:57:57.914-0400] {dagbag.py:540} INFO - Filling up the DagBag from /Users/manideepakreddyaila/Desktop/projects/Legal_Insights_Engine/.venv/lib/python3.11/site-packages/airflow/example_dags/example_sensors.py
[2024-04-14T16:57:57.949-0400] {processor.py:840} INFO - DAG(s) 'example_sensors' retrieved from /Users/manideepakreddyaila/Desktop/projects/Legal_Insights_Engine/.venv/lib/python3.11/site-packages/airflow/example_dags/example_sensors.py
[2024-04-14T16:57:57.992-0400] {logging_mixin.py:188} INFO - [2024-04-14T16:57:57.992-0400] {dag.py:3096} INFO - Sync 1 DAGs
[2024-04-14T16:57:57.995-0400] {logging_mixin.py:188} INFO - [2024-04-14T16:57:57.995-0400] {dag.py:3954} INFO - Setting next_dagrun for example_sensors to None, run_after=None
[2024-04-14T16:57:58.002-0400] {processor.py:183} INFO - Processing /Users/manideepakreddyaila/Desktop/projects/Legal_Insights_Engine/.venv/lib/python3.11/site-packages/airflow/example_dags/example_sensors.py took 0.090 seconds
[2024-04-14T17:17:05.965-0400] {processor.py:161} INFO - Started process (PID=34737) to work on /Users/manideepakreddyaila/Desktop/projects/Legal_Insights_Engine/.venv/lib/python3.11/site-packages/airflow/example_dags/example_sensors.py
[2024-04-14T17:17:05.966-0400] {processor.py:830} INFO - Processing file /Users/manideepakreddyaila/Desktop/projects/Legal_Insights_Engine/.venv/lib/python3.11/site-packages/airflow/example_dags/example_sensors.py for tasks to queue
[2024-04-14T17:17:05.966-0400] {logging_mixin.py:188} INFO - [2024-04-14T17:17:05.966-0400] {dagbag.py:540} INFO - Filling up the DagBag from /Users/manideepakreddyaila/Desktop/projects/Legal_Insights_Engine/.venv/lib/python3.11/site-packages/airflow/example_dags/example_sensors.py
[2024-04-14T17:17:06.001-0400] {processor.py:840} INFO - DAG(s) 'example_sensors' retrieved from /Users/manideepakreddyaila/Desktop/projects/Legal_Insights_Engine/.venv/lib/python3.11/site-packages/airflow/example_dags/example_sensors.py
[2024-04-14T17:17:06.046-0400] {logging_mixin.py:188} INFO - [2024-04-14T17:17:06.045-0400] {dag.py:3096} INFO - Sync 1 DAGs
[2024-04-14T17:17:06.049-0400] {logging_mixin.py:188} INFO - [2024-04-14T17:17:06.049-0400] {dag.py:3954} INFO - Setting next_dagrun for example_sensors to None, run_after=None
[2024-04-14T17:17:06.056-0400] {processor.py:183} INFO - Processing /Users/manideepakreddyaila/Desktop/projects/Legal_Insights_Engine/.venv/lib/python3.11/site-packages/airflow/example_dags/example_sensors.py took 0.092 seconds
[2024-04-14T17:18:58.877-0400] {processor.py:161} INFO - Started process (PID=34850) to work on /Users/manideepakreddyaila/Desktop/projects/Legal_Insights_Engine/.venv/lib/python3.11/site-packages/airflow/example_dags/example_sensors.py
[2024-04-14T17:18:58.878-0400] {processor.py:830} INFO - Processing file /Users/manideepakreddyaila/Desktop/projects/Legal_Insights_Engine/.venv/lib/python3.11/site-packages/airflow/example_dags/example_sensors.py for tasks to queue
[2024-04-14T17:18:58.878-0400] {logging_mixin.py:188} INFO - [2024-04-14T17:18:58.878-0400] {dagbag.py:540} INFO - Filling up the DagBag from /Users/manideepakreddyaila/Desktop/projects/Legal_Insights_Engine/.venv/lib/python3.11/site-packages/airflow/example_dags/example_sensors.py
[2024-04-14T17:18:58.911-0400] {processor.py:840} INFO - DAG(s) 'example_sensors' retrieved from /Users/manideepakreddyaila/Desktop/projects/Legal_Insights_Engine/.venv/lib/python3.11/site-packages/airflow/example_dags/example_sensors.py
[2024-04-14T17:18:58.954-0400] {logging_mixin.py:188} INFO - [2024-04-14T17:18:58.954-0400] {dag.py:3096} INFO - Sync 1 DAGs
[2024-04-14T17:18:58.958-0400] {logging_mixin.py:188} INFO - [2024-04-14T17:18:58.958-0400] {dag.py:3954} INFO - Setting next_dagrun for example_sensors to None, run_after=None
[2024-04-14T17:18:58.964-0400] {processor.py:183} INFO - Processing /Users/manideepakreddyaila/Desktop/projects/Legal_Insights_Engine/.venv/lib/python3.11/site-packages/airflow/example_dags/example_sensors.py took 0.088 seconds
[2024-04-14T17:20:53.377-0400] {processor.py:161} INFO - Started process (PID=34948) to work on /Users/manideepakreddyaila/Desktop/projects/Legal_Insights_Engine/.venv/lib/python3.11/site-packages/airflow/example_dags/example_sensors.py
[2024-04-14T17:20:53.378-0400] {processor.py:830} INFO - Processing file /Users/manideepakreddyaila/Desktop/projects/Legal_Insights_Engine/.venv/lib/python3.11/site-packages/airflow/example_dags/example_sensors.py for tasks to queue
[2024-04-14T17:20:53.378-0400] {logging_mixin.py:188} INFO - [2024-04-14T17:20:53.378-0400] {dagbag.py:540} INFO - Filling up the DagBag from /Users/manideepakreddyaila/Desktop/projects/Legal_Insights_Engine/.venv/lib/python3.11/site-packages/airflow/example_dags/example_sensors.py
[2024-04-14T17:20:53.410-0400] {processor.py:840} INFO - DAG(s) 'example_sensors' retrieved from /Users/manideepakreddyaila/Desktop/projects/Legal_Insights_Engine/.venv/lib/python3.11/site-packages/airflow/example_dags/example_sensors.py
[2024-04-14T17:20:53.452-0400] {logging_mixin.py:188} INFO - [2024-04-14T17:20:53.451-0400] {dag.py:3096} INFO - Sync 1 DAGs
[2024-04-14T17:20:53.455-0400] {logging_mixin.py:188} INFO - [2024-04-14T17:20:53.455-0400] {dag.py:3954} INFO - Setting next_dagrun for example_sensors to None, run_after=None
[2024-04-14T17:20:53.461-0400] {processor.py:183} INFO - Processing /Users/manideepakreddyaila/Desktop/projects/Legal_Insights_Engine/.venv/lib/python3.11/site-packages/airflow/example_dags/example_sensors.py took 0.085 seconds
[2024-04-14T17:22:48.973-0400] {processor.py:161} INFO - Started process (PID=35046) to work on /Users/manideepakreddyaila/Desktop/projects/Legal_Insights_Engine/.venv/lib/python3.11/site-packages/airflow/example_dags/example_sensors.py
[2024-04-14T17:22:48.974-0400] {processor.py:830} INFO - Processing file /Users/manideepakreddyaila/Desktop/projects/Legal_Insights_Engine/.venv/lib/python3.11/site-packages/airflow/example_dags/example_sensors.py for tasks to queue
[2024-04-14T17:22:48.974-0400] {logging_mixin.py:188} INFO - [2024-04-14T17:22:48.974-0400] {dagbag.py:540} INFO - Filling up the DagBag from /Users/manideepakreddyaila/Desktop/projects/Legal_Insights_Engine/.venv/lib/python3.11/site-packages/airflow/example_dags/example_sensors.py
[2024-04-14T17:22:49.008-0400] {processor.py:840} INFO - DAG(s) 'example_sensors' retrieved from /Users/manideepakreddyaila/Desktop/projects/Legal_Insights_Engine/.venv/lib/python3.11/site-packages/airflow/example_dags/example_sensors.py
[2024-04-14T17:22:49.050-0400] {logging_mixin.py:188} INFO - [2024-04-14T17:22:49.050-0400] {dag.py:3096} INFO - Sync 1 DAGs
[2024-04-14T17:22:49.053-0400] {logging_mixin.py:188} INFO - [2024-04-14T17:22:49.053-0400] {dag.py:3954} INFO - Setting next_dagrun for example_sensors to None, run_after=None
[2024-04-14T17:22:49.059-0400] {processor.py:183} INFO - Processing /Users/manideepakreddyaila/Desktop/projects/Legal_Insights_Engine/.venv/lib/python3.11/site-packages/airflow/example_dags/example_sensors.py took 0.087 seconds
[2024-04-14T17:24:46.156-0400] {processor.py:161} INFO - Started process (PID=35145) to work on /Users/manideepakreddyaila/Desktop/projects/Legal_Insights_Engine/.venv/lib/python3.11/site-packages/airflow/example_dags/example_sensors.py
[2024-04-14T17:24:46.157-0400] {processor.py:830} INFO - Processing file /Users/manideepakreddyaila/Desktop/projects/Legal_Insights_Engine/.venv/lib/python3.11/site-packages/airflow/example_dags/example_sensors.py for tasks to queue
[2024-04-14T17:24:46.157-0400] {logging_mixin.py:188} INFO - [2024-04-14T17:24:46.157-0400] {dagbag.py:540} INFO - Filling up the DagBag from /Users/manideepakreddyaila/Desktop/projects/Legal_Insights_Engine/.venv/lib/python3.11/site-packages/airflow/example_dags/example_sensors.py
[2024-04-14T17:24:46.190-0400] {processor.py:840} INFO - DAG(s) 'example_sensors' retrieved from /Users/manideepakreddyaila/Desktop/projects/Legal_Insights_Engine/.venv/lib/python3.11/site-packages/airflow/example_dags/example_sensors.py
[2024-04-14T17:24:46.233-0400] {logging_mixin.py:188} INFO - [2024-04-14T17:24:46.233-0400] {dag.py:3096} INFO - Sync 1 DAGs
[2024-04-14T17:24:46.236-0400] {logging_mixin.py:188} INFO - [2024-04-14T17:24:46.236-0400] {dag.py:3954} INFO - Setting next_dagrun for example_sensors to None, run_after=None
[2024-04-14T17:24:46.242-0400] {processor.py:183} INFO - Processing /Users/manideepakreddyaila/Desktop/projects/Legal_Insights_Engine/.venv/lib/python3.11/site-packages/airflow/example_dags/example_sensors.py took 0.088 seconds
[2024-04-14T17:26:44.524-0400] {processor.py:161} INFO - Started process (PID=35250) to work on /Users/manideepakreddyaila/Desktop/projects/Legal_Insights_Engine/.venv/lib/python3.11/site-packages/airflow/example_dags/example_sensors.py
[2024-04-14T17:26:44.525-0400] {processor.py:830} INFO - Processing file /Users/manideepakreddyaila/Desktop/projects/Legal_Insights_Engine/.venv/lib/python3.11/site-packages/airflow/example_dags/example_sensors.py for tasks to queue
[2024-04-14T17:26:44.525-0400] {logging_mixin.py:188} INFO - [2024-04-14T17:26:44.525-0400] {dagbag.py:540} INFO - Filling up the DagBag from /Users/manideepakreddyaila/Desktop/projects/Legal_Insights_Engine/.venv/lib/python3.11/site-packages/airflow/example_dags/example_sensors.py
[2024-04-14T17:26:44.557-0400] {processor.py:840} INFO - DAG(s) 'example_sensors' retrieved from /Users/manideepakreddyaila/Desktop/projects/Legal_Insights_Engine/.venv/lib/python3.11/site-packages/airflow/example_dags/example_sensors.py
[2024-04-14T17:26:44.599-0400] {logging_mixin.py:188} INFO - [2024-04-14T17:26:44.599-0400] {dag.py:3096} INFO - Sync 1 DAGs
[2024-04-14T17:26:44.602-0400] {logging_mixin.py:188} INFO - [2024-04-14T17:26:44.602-0400] {dag.py:3954} INFO - Setting next_dagrun for example_sensors to None, run_after=None
[2024-04-14T17:26:44.608-0400] {processor.py:183} INFO - Processing /Users/manideepakreddyaila/Desktop/projects/Legal_Insights_Engine/.venv/lib/python3.11/site-packages/airflow/example_dags/example_sensors.py took 0.085 seconds
[2024-04-14T17:28:39.002-0400] {processor.py:161} INFO - Started process (PID=35354) to work on /Users/manideepakreddyaila/Desktop/projects/Legal_Insights_Engine/.venv/lib/python3.11/site-packages/airflow/example_dags/example_sensors.py
[2024-04-14T17:28:39.003-0400] {processor.py:830} INFO - Processing file /Users/manideepakreddyaila/Desktop/projects/Legal_Insights_Engine/.venv/lib/python3.11/site-packages/airflow/example_dags/example_sensors.py for tasks to queue
[2024-04-14T17:28:39.003-0400] {logging_mixin.py:188} INFO - [2024-04-14T17:28:39.003-0400] {dagbag.py:540} INFO - Filling up the DagBag from /Users/manideepakreddyaila/Desktop/projects/Legal_Insights_Engine/.venv/lib/python3.11/site-packages/airflow/example_dags/example_sensors.py
[2024-04-14T17:28:39.038-0400] {processor.py:840} INFO - DAG(s) 'example_sensors' retrieved from /Users/manideepakreddyaila/Desktop/projects/Legal_Insights_Engine/.venv/lib/python3.11/site-packages/airflow/example_dags/example_sensors.py
[2024-04-14T17:28:39.082-0400] {logging_mixin.py:188} INFO - [2024-04-14T17:28:39.082-0400] {dag.py:3096} INFO - Sync 1 DAGs
[2024-04-14T17:28:39.085-0400] {logging_mixin.py:188} INFO - [2024-04-14T17:28:39.085-0400] {dag.py:3954} INFO - Setting next_dagrun for example_sensors to None, run_after=None
[2024-04-14T17:28:39.092-0400] {processor.py:183} INFO - Processing /Users/manideepakreddyaila/Desktop/projects/Legal_Insights_Engine/.venv/lib/python3.11/site-packages/airflow/example_dags/example_sensors.py took 0.090 seconds
[2024-04-14T17:30:36.976-0400] {processor.py:161} INFO - Started process (PID=35497) to work on /Users/manideepakreddyaila/Desktop/projects/Legal_Insights_Engine/.venv/lib/python3.11/site-packages/airflow/example_dags/example_sensors.py
[2024-04-14T17:30:36.977-0400] {processor.py:830} INFO - Processing file /Users/manideepakreddyaila/Desktop/projects/Legal_Insights_Engine/.venv/lib/python3.11/site-packages/airflow/example_dags/example_sensors.py for tasks to queue
[2024-04-14T17:30:36.977-0400] {logging_mixin.py:188} INFO - [2024-04-14T17:30:36.977-0400] {dagbag.py:540} INFO - Filling up the DagBag from /Users/manideepakreddyaila/Desktop/projects/Legal_Insights_Engine/.venv/lib/python3.11/site-packages/airflow/example_dags/example_sensors.py
[2024-04-14T17:30:37.013-0400] {processor.py:840} INFO - DAG(s) 'example_sensors' retrieved from /Users/manideepakreddyaila/Desktop/projects/Legal_Insights_Engine/.venv/lib/python3.11/site-packages/airflow/example_dags/example_sensors.py
[2024-04-14T17:30:37.056-0400] {logging_mixin.py:188} INFO - [2024-04-14T17:30:37.056-0400] {dag.py:3096} INFO - Sync 1 DAGs
[2024-04-14T17:30:37.059-0400] {logging_mixin.py:188} INFO - [2024-04-14T17:30:37.059-0400] {dag.py:3954} INFO - Setting next_dagrun for example_sensors to None, run_after=None
[2024-04-14T17:30:37.065-0400] {processor.py:183} INFO - Processing /Users/manideepakreddyaila/Desktop/projects/Legal_Insights_Engine/.venv/lib/python3.11/site-packages/airflow/example_dags/example_sensors.py took 0.090 seconds
[2024-04-14T17:32:36.505-0400] {processor.py:161} INFO - Started process (PID=35608) to work on /Users/manideepakreddyaila/Desktop/projects/Legal_Insights_Engine/.venv/lib/python3.11/site-packages/airflow/example_dags/example_sensors.py
[2024-04-14T17:32:36.505-0400] {processor.py:830} INFO - Processing file /Users/manideepakreddyaila/Desktop/projects/Legal_Insights_Engine/.venv/lib/python3.11/site-packages/airflow/example_dags/example_sensors.py for tasks to queue
[2024-04-14T17:32:36.505-0400] {logging_mixin.py:188} INFO - [2024-04-14T17:32:36.505-0400] {dagbag.py:540} INFO - Filling up the DagBag from /Users/manideepakreddyaila/Desktop/projects/Legal_Insights_Engine/.venv/lib/python3.11/site-packages/airflow/example_dags/example_sensors.py
[2024-04-14T17:32:36.538-0400] {processor.py:840} INFO - DAG(s) 'example_sensors' retrieved from /Users/manideepakreddyaila/Desktop/projects/Legal_Insights_Engine/.venv/lib/python3.11/site-packages/airflow/example_dags/example_sensors.py
[2024-04-14T17:32:36.580-0400] {logging_mixin.py:188} INFO - [2024-04-14T17:32:36.580-0400] {dag.py:3096} INFO - Sync 1 DAGs
[2024-04-14T17:32:36.583-0400] {logging_mixin.py:188} INFO - [2024-04-14T17:32:36.583-0400] {dag.py:3954} INFO - Setting next_dagrun for example_sensors to None, run_after=None
[2024-04-14T17:32:36.589-0400] {processor.py:183} INFO - Processing /Users/manideepakreddyaila/Desktop/projects/Legal_Insights_Engine/.venv/lib/python3.11/site-packages/airflow/example_dags/example_sensors.py took 0.085 seconds
[2024-04-14T17:34:34.968-0400] {processor.py:161} INFO - Started process (PID=35697) to work on /Users/manideepakreddyaila/Desktop/projects/Legal_Insights_Engine/.venv/lib/python3.11/site-packages/airflow/example_dags/example_sensors.py
[2024-04-14T17:34:34.969-0400] {processor.py:830} INFO - Processing file /Users/manideepakreddyaila/Desktop/projects/Legal_Insights_Engine/.venv/lib/python3.11/site-packages/airflow/example_dags/example_sensors.py for tasks to queue
[2024-04-14T17:34:34.969-0400] {logging_mixin.py:188} INFO - [2024-04-14T17:34:34.969-0400] {dagbag.py:540} INFO - Filling up the DagBag from /Users/manideepakreddyaila/Desktop/projects/Legal_Insights_Engine/.venv/lib/python3.11/site-packages/airflow/example_dags/example_sensors.py
[2024-04-14T17:34:35.002-0400] {processor.py:840} INFO - DAG(s) 'example_sensors' retrieved from /Users/manideepakreddyaila/Desktop/projects/Legal_Insights_Engine/.venv/lib/python3.11/site-packages/airflow/example_dags/example_sensors.py
[2024-04-14T17:34:35.044-0400] {logging_mixin.py:188} INFO - [2024-04-14T17:34:35.043-0400] {dag.py:3096} INFO - Sync 1 DAGs
[2024-04-14T17:34:35.047-0400] {logging_mixin.py:188} INFO - [2024-04-14T17:34:35.047-0400] {dag.py:3954} INFO - Setting next_dagrun for example_sensors to None, run_after=None
[2024-04-14T17:34:35.053-0400] {processor.py:183} INFO - Processing /Users/manideepakreddyaila/Desktop/projects/Legal_Insights_Engine/.venv/lib/python3.11/site-packages/airflow/example_dags/example_sensors.py took 0.086 seconds
[2024-04-14T17:36:33.945-0400] {processor.py:161} INFO - Started process (PID=35788) to work on /Users/manideepakreddyaila/Desktop/projects/Legal_Insights_Engine/.venv/lib/python3.11/site-packages/airflow/example_dags/example_sensors.py
[2024-04-14T17:36:33.946-0400] {processor.py:830} INFO - Processing file /Users/manideepakreddyaila/Desktop/projects/Legal_Insights_Engine/.venv/lib/python3.11/site-packages/airflow/example_dags/example_sensors.py for tasks to queue
[2024-04-14T17:36:33.946-0400] {logging_mixin.py:188} INFO - [2024-04-14T17:36:33.946-0400] {dagbag.py:540} INFO - Filling up the DagBag from /Users/manideepakreddyaila/Desktop/projects/Legal_Insights_Engine/.venv/lib/python3.11/site-packages/airflow/example_dags/example_sensors.py
[2024-04-14T17:36:33.978-0400] {processor.py:840} INFO - DAG(s) 'example_sensors' retrieved from /Users/manideepakreddyaila/Desktop/projects/Legal_Insights_Engine/.venv/lib/python3.11/site-packages/airflow/example_dags/example_sensors.py
[2024-04-14T17:36:34.020-0400] {logging_mixin.py:188} INFO - [2024-04-14T17:36:34.020-0400] {dag.py:3096} INFO - Sync 1 DAGs
[2024-04-14T17:36:34.023-0400] {logging_mixin.py:188} INFO - [2024-04-14T17:36:34.023-0400] {dag.py:3954} INFO - Setting next_dagrun for example_sensors to None, run_after=None
[2024-04-14T17:36:34.029-0400] {processor.py:183} INFO - Processing /Users/manideepakreddyaila/Desktop/projects/Legal_Insights_Engine/.venv/lib/python3.11/site-packages/airflow/example_dags/example_sensors.py took 0.086 seconds
[2024-04-14T17:38:26.301-0400] {processor.py:161} INFO - Started process (PID=35884) to work on /Users/manideepakreddyaila/Desktop/projects/Legal_Insights_Engine/.venv/lib/python3.11/site-packages/airflow/example_dags/example_sensors.py
[2024-04-14T17:38:26.302-0400] {processor.py:830} INFO - Processing file /Users/manideepakreddyaila/Desktop/projects/Legal_Insights_Engine/.venv/lib/python3.11/site-packages/airflow/example_dags/example_sensors.py for tasks to queue
[2024-04-14T17:38:26.303-0400] {logging_mixin.py:188} INFO - [2024-04-14T17:38:26.303-0400] {dagbag.py:540} INFO - Filling up the DagBag from /Users/manideepakreddyaila/Desktop/projects/Legal_Insights_Engine/.venv/lib/python3.11/site-packages/airflow/example_dags/example_sensors.py
[2024-04-14T17:38:26.335-0400] {processor.py:840} INFO - DAG(s) 'example_sensors' retrieved from /Users/manideepakreddyaila/Desktop/projects/Legal_Insights_Engine/.venv/lib/python3.11/site-packages/airflow/example_dags/example_sensors.py
[2024-04-14T17:38:26.377-0400] {logging_mixin.py:188} INFO - [2024-04-14T17:38:26.377-0400] {dag.py:3096} INFO - Sync 1 DAGs
[2024-04-14T17:38:26.381-0400] {logging_mixin.py:188} INFO - [2024-04-14T17:38:26.380-0400] {dag.py:3954} INFO - Setting next_dagrun for example_sensors to None, run_after=None
[2024-04-14T17:38:26.387-0400] {processor.py:183} INFO - Processing /Users/manideepakreddyaila/Desktop/projects/Legal_Insights_Engine/.venv/lib/python3.11/site-packages/airflow/example_dags/example_sensors.py took 0.087 seconds
[2024-04-14T17:40:19.754-0400] {processor.py:161} INFO - Started process (PID=35971) to work on /Users/manideepakreddyaila/Desktop/projects/Legal_Insights_Engine/.venv/lib/python3.11/site-packages/airflow/example_dags/example_sensors.py
[2024-04-14T17:40:19.754-0400] {processor.py:830} INFO - Processing file /Users/manideepakreddyaila/Desktop/projects/Legal_Insights_Engine/.venv/lib/python3.11/site-packages/airflow/example_dags/example_sensors.py for tasks to queue
[2024-04-14T17:40:19.755-0400] {logging_mixin.py:188} INFO - [2024-04-14T17:40:19.755-0400] {dagbag.py:540} INFO - Filling up the DagBag from /Users/manideepakreddyaila/Desktop/projects/Legal_Insights_Engine/.venv/lib/python3.11/site-packages/airflow/example_dags/example_sensors.py
[2024-04-14T17:40:19.787-0400] {processor.py:840} INFO - DAG(s) 'example_sensors' retrieved from /Users/manideepakreddyaila/Desktop/projects/Legal_Insights_Engine/.venv/lib/python3.11/site-packages/airflow/example_dags/example_sensors.py
[2024-04-14T17:40:19.829-0400] {logging_mixin.py:188} INFO - [2024-04-14T17:40:19.829-0400] {dag.py:3096} INFO - Sync 1 DAGs
[2024-04-14T17:40:19.832-0400] {logging_mixin.py:188} INFO - [2024-04-14T17:40:19.832-0400] {dag.py:3954} INFO - Setting next_dagrun for example_sensors to None, run_after=None
[2024-04-14T17:40:19.838-0400] {processor.py:183} INFO - Processing /Users/manideepakreddyaila/Desktop/projects/Legal_Insights_Engine/.venv/lib/python3.11/site-packages/airflow/example_dags/example_sensors.py took 0.086 seconds
[2024-04-14T17:42:08.461-0400] {processor.py:161} INFO - Started process (PID=36059) to work on /Users/manideepakreddyaila/Desktop/projects/Legal_Insights_Engine/.venv/lib/python3.11/site-packages/airflow/example_dags/example_sensors.py
[2024-04-14T17:42:08.462-0400] {processor.py:830} INFO - Processing file /Users/manideepakreddyaila/Desktop/projects/Legal_Insights_Engine/.venv/lib/python3.11/site-packages/airflow/example_dags/example_sensors.py for tasks to queue
[2024-04-14T17:42:08.462-0400] {logging_mixin.py:188} INFO - [2024-04-14T17:42:08.462-0400] {dagbag.py:540} INFO - Filling up the DagBag from /Users/manideepakreddyaila/Desktop/projects/Legal_Insights_Engine/.venv/lib/python3.11/site-packages/airflow/example_dags/example_sensors.py
[2024-04-14T17:42:08.494-0400] {processor.py:840} INFO - DAG(s) 'example_sensors' retrieved from /Users/manideepakreddyaila/Desktop/projects/Legal_Insights_Engine/.venv/lib/python3.11/site-packages/airflow/example_dags/example_sensors.py
[2024-04-14T17:42:08.536-0400] {logging_mixin.py:188} INFO - [2024-04-14T17:42:08.536-0400] {dag.py:3096} INFO - Sync 1 DAGs
[2024-04-14T17:42:08.539-0400] {logging_mixin.py:188} INFO - [2024-04-14T17:42:08.539-0400] {dag.py:3954} INFO - Setting next_dagrun for example_sensors to None, run_after=None
[2024-04-14T17:42:08.545-0400] {processor.py:183} INFO - Processing /Users/manideepakreddyaila/Desktop/projects/Legal_Insights_Engine/.venv/lib/python3.11/site-packages/airflow/example_dags/example_sensors.py took 0.085 seconds
[2024-04-14T17:44:02.866-0400] {processor.py:161} INFO - Started process (PID=36146) to work on /Users/manideepakreddyaila/Desktop/projects/Legal_Insights_Engine/.venv/lib/python3.11/site-packages/airflow/example_dags/example_sensors.py
[2024-04-14T17:44:02.867-0400] {processor.py:830} INFO - Processing file /Users/manideepakreddyaila/Desktop/projects/Legal_Insights_Engine/.venv/lib/python3.11/site-packages/airflow/example_dags/example_sensors.py for tasks to queue
[2024-04-14T17:44:02.867-0400] {logging_mixin.py:188} INFO - [2024-04-14T17:44:02.867-0400] {dagbag.py:540} INFO - Filling up the DagBag from /Users/manideepakreddyaila/Desktop/projects/Legal_Insights_Engine/.venv/lib/python3.11/site-packages/airflow/example_dags/example_sensors.py
[2024-04-14T17:44:02.900-0400] {processor.py:840} INFO - DAG(s) 'example_sensors' retrieved from /Users/manideepakreddyaila/Desktop/projects/Legal_Insights_Engine/.venv/lib/python3.11/site-packages/airflow/example_dags/example_sensors.py
[2024-04-14T17:44:02.942-0400] {logging_mixin.py:188} INFO - [2024-04-14T17:44:02.942-0400] {dag.py:3096} INFO - Sync 1 DAGs
[2024-04-14T17:44:02.946-0400] {logging_mixin.py:188} INFO - [2024-04-14T17:44:02.946-0400] {dag.py:3954} INFO - Setting next_dagrun for example_sensors to None, run_after=None
[2024-04-14T17:44:02.952-0400] {processor.py:183} INFO - Processing /Users/manideepakreddyaila/Desktop/projects/Legal_Insights_Engine/.venv/lib/python3.11/site-packages/airflow/example_dags/example_sensors.py took 0.087 seconds
[2024-04-14T17:45:59.956-0400] {processor.py:161} INFO - Started process (PID=36237) to work on /Users/manideepakreddyaila/Desktop/projects/Legal_Insights_Engine/.venv/lib/python3.11/site-packages/airflow/example_dags/example_sensors.py
[2024-04-14T17:45:59.958-0400] {processor.py:830} INFO - Processing file /Users/manideepakreddyaila/Desktop/projects/Legal_Insights_Engine/.venv/lib/python3.11/site-packages/airflow/example_dags/example_sensors.py for tasks to queue
[2024-04-14T17:45:59.958-0400] {logging_mixin.py:188} INFO - [2024-04-14T17:45:59.958-0400] {dagbag.py:540} INFO - Filling up the DagBag from /Users/manideepakreddyaila/Desktop/projects/Legal_Insights_Engine/.venv/lib/python3.11/site-packages/airflow/example_dags/example_sensors.py
[2024-04-14T17:45:59.990-0400] {processor.py:840} INFO - DAG(s) 'example_sensors' retrieved from /Users/manideepakreddyaila/Desktop/projects/Legal_Insights_Engine/.venv/lib/python3.11/site-packages/airflow/example_dags/example_sensors.py
[2024-04-14T17:46:00.032-0400] {logging_mixin.py:188} INFO - [2024-04-14T17:46:00.032-0400] {dag.py:3096} INFO - Sync 1 DAGs
[2024-04-14T17:46:00.036-0400] {logging_mixin.py:188} INFO - [2024-04-14T17:46:00.036-0400] {dag.py:3954} INFO - Setting next_dagrun for example_sensors to None, run_after=None
[2024-04-14T17:46:00.042-0400] {processor.py:183} INFO - Processing /Users/manideepakreddyaila/Desktop/projects/Legal_Insights_Engine/.venv/lib/python3.11/site-packages/airflow/example_dags/example_sensors.py took 0.087 seconds
[2024-04-14T17:48:03.374-0400] {processor.py:161} INFO - Started process (PID=36329) to work on /Users/manideepakreddyaila/Desktop/projects/Legal_Insights_Engine/.venv/lib/python3.11/site-packages/airflow/example_dags/example_sensors.py
[2024-04-14T17:48:03.375-0400] {processor.py:830} INFO - Processing file /Users/manideepakreddyaila/Desktop/projects/Legal_Insights_Engine/.venv/lib/python3.11/site-packages/airflow/example_dags/example_sensors.py for tasks to queue
[2024-04-14T17:48:03.375-0400] {logging_mixin.py:188} INFO - [2024-04-14T17:48:03.375-0400] {dagbag.py:540} INFO - Filling up the DagBag from /Users/manideepakreddyaila/Desktop/projects/Legal_Insights_Engine/.venv/lib/python3.11/site-packages/airflow/example_dags/example_sensors.py
[2024-04-14T17:48:03.407-0400] {processor.py:840} INFO - DAG(s) 'example_sensors' retrieved from /Users/manideepakreddyaila/Desktop/projects/Legal_Insights_Engine/.venv/lib/python3.11/site-packages/airflow/example_dags/example_sensors.py
[2024-04-14T17:48:03.450-0400] {logging_mixin.py:188} INFO - [2024-04-14T17:48:03.450-0400] {dag.py:3096} INFO - Sync 1 DAGs
[2024-04-14T17:48:03.453-0400] {logging_mixin.py:188} INFO - [2024-04-14T17:48:03.453-0400] {dag.py:3954} INFO - Setting next_dagrun for example_sensors to None, run_after=None
[2024-04-14T17:48:03.459-0400] {processor.py:183} INFO - Processing /Users/manideepakreddyaila/Desktop/projects/Legal_Insights_Engine/.venv/lib/python3.11/site-packages/airflow/example_dags/example_sensors.py took 0.086 seconds
[2024-04-14T17:50:00.650-0400] {processor.py:161} INFO - Started process (PID=36427) to work on /Users/manideepakreddyaila/Desktop/projects/Legal_Insights_Engine/.venv/lib/python3.11/site-packages/airflow/example_dags/example_sensors.py
[2024-04-14T17:50:00.651-0400] {processor.py:830} INFO - Processing file /Users/manideepakreddyaila/Desktop/projects/Legal_Insights_Engine/.venv/lib/python3.11/site-packages/airflow/example_dags/example_sensors.py for tasks to queue
[2024-04-14T17:50:00.651-0400] {logging_mixin.py:188} INFO - [2024-04-14T17:50:00.651-0400] {dagbag.py:540} INFO - Filling up the DagBag from /Users/manideepakreddyaila/Desktop/projects/Legal_Insights_Engine/.venv/lib/python3.11/site-packages/airflow/example_dags/example_sensors.py
[2024-04-14T17:50:00.682-0400] {processor.py:840} INFO - DAG(s) 'example_sensors' retrieved from /Users/manideepakreddyaila/Desktop/projects/Legal_Insights_Engine/.venv/lib/python3.11/site-packages/airflow/example_dags/example_sensors.py
[2024-04-14T17:50:00.725-0400] {logging_mixin.py:188} INFO - [2024-04-14T17:50:00.725-0400] {dag.py:3096} INFO - Sync 1 DAGs
[2024-04-14T17:50:00.728-0400] {logging_mixin.py:188} INFO - [2024-04-14T17:50:00.728-0400] {dag.py:3954} INFO - Setting next_dagrun for example_sensors to None, run_after=None
[2024-04-14T17:50:00.734-0400] {processor.py:183} INFO - Processing /Users/manideepakreddyaila/Desktop/projects/Legal_Insights_Engine/.venv/lib/python3.11/site-packages/airflow/example_dags/example_sensors.py took 0.085 seconds
[2024-04-14T17:51:57.216-0400] {processor.py:161} INFO - Started process (PID=36521) to work on /Users/manideepakreddyaila/Desktop/projects/Legal_Insights_Engine/.venv/lib/python3.11/site-packages/airflow/example_dags/example_sensors.py
[2024-04-14T17:51:57.217-0400] {processor.py:830} INFO - Processing file /Users/manideepakreddyaila/Desktop/projects/Legal_Insights_Engine/.venv/lib/python3.11/site-packages/airflow/example_dags/example_sensors.py for tasks to queue
[2024-04-14T17:51:57.217-0400] {logging_mixin.py:188} INFO - [2024-04-14T17:51:57.217-0400] {dagbag.py:540} INFO - Filling up the DagBag from /Users/manideepakreddyaila/Desktop/projects/Legal_Insights_Engine/.venv/lib/python3.11/site-packages/airflow/example_dags/example_sensors.py
[2024-04-14T17:51:57.249-0400] {processor.py:840} INFO - DAG(s) 'example_sensors' retrieved from /Users/manideepakreddyaila/Desktop/projects/Legal_Insights_Engine/.venv/lib/python3.11/site-packages/airflow/example_dags/example_sensors.py
[2024-04-14T17:51:57.292-0400] {logging_mixin.py:188} INFO - [2024-04-14T17:51:57.292-0400] {dag.py:3096} INFO - Sync 1 DAGs
[2024-04-14T17:51:57.295-0400] {logging_mixin.py:188} INFO - [2024-04-14T17:51:57.295-0400] {dag.py:3954} INFO - Setting next_dagrun for example_sensors to None, run_after=None
[2024-04-14T17:51:57.301-0400] {processor.py:183} INFO - Processing /Users/manideepakreddyaila/Desktop/projects/Legal_Insights_Engine/.venv/lib/python3.11/site-packages/airflow/example_dags/example_sensors.py took 0.086 seconds
[2024-04-14T17:53:53.722-0400] {processor.py:161} INFO - Started process (PID=36603) to work on /Users/manideepakreddyaila/Desktop/projects/Legal_Insights_Engine/.venv/lib/python3.11/site-packages/airflow/example_dags/example_sensors.py
[2024-04-14T17:53:53.724-0400] {processor.py:830} INFO - Processing file /Users/manideepakreddyaila/Desktop/projects/Legal_Insights_Engine/.venv/lib/python3.11/site-packages/airflow/example_dags/example_sensors.py for tasks to queue
[2024-04-14T17:53:53.724-0400] {logging_mixin.py:188} INFO - [2024-04-14T17:53:53.724-0400] {dagbag.py:540} INFO - Filling up the DagBag from /Users/manideepakreddyaila/Desktop/projects/Legal_Insights_Engine/.venv/lib/python3.11/site-packages/airflow/example_dags/example_sensors.py
[2024-04-14T17:53:53.756-0400] {processor.py:840} INFO - DAG(s) 'example_sensors' retrieved from /Users/manideepakreddyaila/Desktop/projects/Legal_Insights_Engine/.venv/lib/python3.11/site-packages/airflow/example_dags/example_sensors.py
[2024-04-14T17:53:53.798-0400] {logging_mixin.py:188} INFO - [2024-04-14T17:53:53.798-0400] {dag.py:3096} INFO - Sync 1 DAGs
[2024-04-14T17:53:53.801-0400] {logging_mixin.py:188} INFO - [2024-04-14T17:53:53.801-0400] {dag.py:3954} INFO - Setting next_dagrun for example_sensors to None, run_after=None
[2024-04-14T17:53:53.807-0400] {processor.py:183} INFO - Processing /Users/manideepakreddyaila/Desktop/projects/Legal_Insights_Engine/.venv/lib/python3.11/site-packages/airflow/example_dags/example_sensors.py took 0.086 seconds
[2024-04-14T17:55:45.314-0400] {processor.py:161} INFO - Started process (PID=36755) to work on /Users/manideepakreddyaila/Desktop/projects/Legal_Insights_Engine/.venv/lib/python3.11/site-packages/airflow/example_dags/example_sensors.py
[2024-04-14T17:55:45.315-0400] {processor.py:830} INFO - Processing file /Users/manideepakreddyaila/Desktop/projects/Legal_Insights_Engine/.venv/lib/python3.11/site-packages/airflow/example_dags/example_sensors.py for tasks to queue
[2024-04-14T17:55:45.316-0400] {logging_mixin.py:188} INFO - [2024-04-14T17:55:45.316-0400] {dagbag.py:540} INFO - Filling up the DagBag from /Users/manideepakreddyaila/Desktop/projects/Legal_Insights_Engine/.venv/lib/python3.11/site-packages/airflow/example_dags/example_sensors.py
[2024-04-14T17:55:45.348-0400] {processor.py:840} INFO - DAG(s) 'example_sensors' retrieved from /Users/manideepakreddyaila/Desktop/projects/Legal_Insights_Engine/.venv/lib/python3.11/site-packages/airflow/example_dags/example_sensors.py
[2024-04-14T17:55:45.390-0400] {logging_mixin.py:188} INFO - [2024-04-14T17:55:45.390-0400] {dag.py:3096} INFO - Sync 1 DAGs
[2024-04-14T17:55:45.393-0400] {logging_mixin.py:188} INFO - [2024-04-14T17:55:45.393-0400] {dag.py:3954} INFO - Setting next_dagrun for example_sensors to None, run_after=None
[2024-04-14T17:55:45.399-0400] {processor.py:183} INFO - Processing /Users/manideepakreddyaila/Desktop/projects/Legal_Insights_Engine/.venv/lib/python3.11/site-packages/airflow/example_dags/example_sensors.py took 0.086 seconds
[2024-04-14T17:57:41.363-0400] {processor.py:161} INFO - Started process (PID=36854) to work on /Users/manideepakreddyaila/Desktop/projects/Legal_Insights_Engine/.venv/lib/python3.11/site-packages/airflow/example_dags/example_sensors.py
[2024-04-14T17:57:41.365-0400] {processor.py:830} INFO - Processing file /Users/manideepakreddyaila/Desktop/projects/Legal_Insights_Engine/.venv/lib/python3.11/site-packages/airflow/example_dags/example_sensors.py for tasks to queue
[2024-04-14T17:57:41.365-0400] {logging_mixin.py:188} INFO - [2024-04-14T17:57:41.365-0400] {dagbag.py:540} INFO - Filling up the DagBag from /Users/manideepakreddyaila/Desktop/projects/Legal_Insights_Engine/.venv/lib/python3.11/site-packages/airflow/example_dags/example_sensors.py
[2024-04-14T17:57:41.397-0400] {processor.py:840} INFO - DAG(s) 'example_sensors' retrieved from /Users/manideepakreddyaila/Desktop/projects/Legal_Insights_Engine/.venv/lib/python3.11/site-packages/airflow/example_dags/example_sensors.py
[2024-04-14T17:57:41.439-0400] {logging_mixin.py:188} INFO - [2024-04-14T17:57:41.439-0400] {dag.py:3096} INFO - Sync 1 DAGs
[2024-04-14T17:57:41.442-0400] {logging_mixin.py:188} INFO - [2024-04-14T17:57:41.442-0400] {dag.py:3954} INFO - Setting next_dagrun for example_sensors to None, run_after=None
[2024-04-14T17:57:41.448-0400] {processor.py:183} INFO - Processing /Users/manideepakreddyaila/Desktop/projects/Legal_Insights_Engine/.venv/lib/python3.11/site-packages/airflow/example_dags/example_sensors.py took 0.085 seconds
[2024-04-14T17:59:37.333-0400] {processor.py:161} INFO - Started process (PID=36945) to work on /Users/manideepakreddyaila/Desktop/projects/Legal_Insights_Engine/.venv/lib/python3.11/site-packages/airflow/example_dags/example_sensors.py
[2024-04-14T17:59:37.335-0400] {processor.py:830} INFO - Processing file /Users/manideepakreddyaila/Desktop/projects/Legal_Insights_Engine/.venv/lib/python3.11/site-packages/airflow/example_dags/example_sensors.py for tasks to queue
[2024-04-14T17:59:37.335-0400] {logging_mixin.py:188} INFO - [2024-04-14T17:59:37.335-0400] {dagbag.py:540} INFO - Filling up the DagBag from /Users/manideepakreddyaila/Desktop/projects/Legal_Insights_Engine/.venv/lib/python3.11/site-packages/airflow/example_dags/example_sensors.py
[2024-04-14T17:59:37.368-0400] {processor.py:840} INFO - DAG(s) 'example_sensors' retrieved from /Users/manideepakreddyaila/Desktop/projects/Legal_Insights_Engine/.venv/lib/python3.11/site-packages/airflow/example_dags/example_sensors.py
[2024-04-14T17:59:37.410-0400] {logging_mixin.py:188} INFO - [2024-04-14T17:59:37.409-0400] {dag.py:3096} INFO - Sync 1 DAGs
[2024-04-14T17:59:37.413-0400] {logging_mixin.py:188} INFO - [2024-04-14T17:59:37.413-0400] {dag.py:3954} INFO - Setting next_dagrun for example_sensors to None, run_after=None
[2024-04-14T17:59:37.419-0400] {processor.py:183} INFO - Processing /Users/manideepakreddyaila/Desktop/projects/Legal_Insights_Engine/.venv/lib/python3.11/site-packages/airflow/example_dags/example_sensors.py took 0.087 seconds
[2024-04-14T18:01:35.254-0400] {processor.py:161} INFO - Started process (PID=37054) to work on /Users/manideepakreddyaila/Desktop/projects/Legal_Insights_Engine/.venv/lib/python3.11/site-packages/airflow/example_dags/example_sensors.py
[2024-04-14T18:01:35.255-0400] {processor.py:830} INFO - Processing file /Users/manideepakreddyaila/Desktop/projects/Legal_Insights_Engine/.venv/lib/python3.11/site-packages/airflow/example_dags/example_sensors.py for tasks to queue
[2024-04-14T18:01:35.255-0400] {logging_mixin.py:188} INFO - [2024-04-14T18:01:35.255-0400] {dagbag.py:540} INFO - Filling up the DagBag from /Users/manideepakreddyaila/Desktop/projects/Legal_Insights_Engine/.venv/lib/python3.11/site-packages/airflow/example_dags/example_sensors.py
[2024-04-14T18:01:35.289-0400] {processor.py:840} INFO - DAG(s) 'example_sensors' retrieved from /Users/manideepakreddyaila/Desktop/projects/Legal_Insights_Engine/.venv/lib/python3.11/site-packages/airflow/example_dags/example_sensors.py
[2024-04-14T18:01:35.331-0400] {logging_mixin.py:188} INFO - [2024-04-14T18:01:35.331-0400] {dag.py:3096} INFO - Sync 1 DAGs
[2024-04-14T18:01:35.335-0400] {logging_mixin.py:188} INFO - [2024-04-14T18:01:35.334-0400] {dag.py:3954} INFO - Setting next_dagrun for example_sensors to None, run_after=None
[2024-04-14T18:01:35.341-0400] {processor.py:183} INFO - Processing /Users/manideepakreddyaila/Desktop/projects/Legal_Insights_Engine/.venv/lib/python3.11/site-packages/airflow/example_dags/example_sensors.py took 0.088 seconds
[2024-04-14T18:03:36.943-0400] {processor.py:161} INFO - Started process (PID=37149) to work on /Users/manideepakreddyaila/Desktop/projects/Legal_Insights_Engine/.venv/lib/python3.11/site-packages/airflow/example_dags/example_sensors.py
[2024-04-14T18:03:36.943-0400] {processor.py:830} INFO - Processing file /Users/manideepakreddyaila/Desktop/projects/Legal_Insights_Engine/.venv/lib/python3.11/site-packages/airflow/example_dags/example_sensors.py for tasks to queue
[2024-04-14T18:03:36.944-0400] {logging_mixin.py:188} INFO - [2024-04-14T18:03:36.944-0400] {dagbag.py:540} INFO - Filling up the DagBag from /Users/manideepakreddyaila/Desktop/projects/Legal_Insights_Engine/.venv/lib/python3.11/site-packages/airflow/example_dags/example_sensors.py
[2024-04-14T18:03:36.977-0400] {processor.py:840} INFO - DAG(s) 'example_sensors' retrieved from /Users/manideepakreddyaila/Desktop/projects/Legal_Insights_Engine/.venv/lib/python3.11/site-packages/airflow/example_dags/example_sensors.py
[2024-04-14T18:03:37.024-0400] {logging_mixin.py:188} INFO - [2024-04-14T18:03:37.024-0400] {dag.py:3096} INFO - Sync 1 DAGs
[2024-04-14T18:03:37.027-0400] {logging_mixin.py:188} INFO - [2024-04-14T18:03:37.027-0400] {dag.py:3954} INFO - Setting next_dagrun for example_sensors to None, run_after=None
[2024-04-14T18:03:37.033-0400] {processor.py:183} INFO - Processing /Users/manideepakreddyaila/Desktop/projects/Legal_Insights_Engine/.venv/lib/python3.11/site-packages/airflow/example_dags/example_sensors.py took 0.091 seconds
[2024-04-14T18:05:34.720-0400] {processor.py:161} INFO - Started process (PID=37231) to work on /Users/manideepakreddyaila/Desktop/projects/Legal_Insights_Engine/.venv/lib/python3.11/site-packages/airflow/example_dags/example_sensors.py
[2024-04-14T18:05:34.721-0400] {processor.py:830} INFO - Processing file /Users/manideepakreddyaila/Desktop/projects/Legal_Insights_Engine/.venv/lib/python3.11/site-packages/airflow/example_dags/example_sensors.py for tasks to queue
[2024-04-14T18:05:34.721-0400] {logging_mixin.py:188} INFO - [2024-04-14T18:05:34.721-0400] {dagbag.py:540} INFO - Filling up the DagBag from /Users/manideepakreddyaila/Desktop/projects/Legal_Insights_Engine/.venv/lib/python3.11/site-packages/airflow/example_dags/example_sensors.py
[2024-04-14T18:05:34.753-0400] {processor.py:840} INFO - DAG(s) 'example_sensors' retrieved from /Users/manideepakreddyaila/Desktop/projects/Legal_Insights_Engine/.venv/lib/python3.11/site-packages/airflow/example_dags/example_sensors.py
[2024-04-14T18:05:34.797-0400] {logging_mixin.py:188} INFO - [2024-04-14T18:05:34.797-0400] {dag.py:3096} INFO - Sync 1 DAGs
[2024-04-14T18:05:34.800-0400] {logging_mixin.py:188} INFO - [2024-04-14T18:05:34.800-0400] {dag.py:3954} INFO - Setting next_dagrun for example_sensors to None, run_after=None
[2024-04-14T18:05:34.807-0400] {processor.py:183} INFO - Processing /Users/manideepakreddyaila/Desktop/projects/Legal_Insights_Engine/.venv/lib/python3.11/site-packages/airflow/example_dags/example_sensors.py took 0.088 seconds
[2024-04-14T18:07:33.962-0400] {processor.py:161} INFO - Started process (PID=37334) to work on /Users/manideepakreddyaila/Desktop/projects/Legal_Insights_Engine/.venv/lib/python3.11/site-packages/airflow/example_dags/example_sensors.py
[2024-04-14T18:07:33.963-0400] {processor.py:830} INFO - Processing file /Users/manideepakreddyaila/Desktop/projects/Legal_Insights_Engine/.venv/lib/python3.11/site-packages/airflow/example_dags/example_sensors.py for tasks to queue
[2024-04-14T18:07:33.963-0400] {logging_mixin.py:188} INFO - [2024-04-14T18:07:33.963-0400] {dagbag.py:540} INFO - Filling up the DagBag from /Users/manideepakreddyaila/Desktop/projects/Legal_Insights_Engine/.venv/lib/python3.11/site-packages/airflow/example_dags/example_sensors.py
[2024-04-14T18:07:33.996-0400] {processor.py:840} INFO - DAG(s) 'example_sensors' retrieved from /Users/manideepakreddyaila/Desktop/projects/Legal_Insights_Engine/.venv/lib/python3.11/site-packages/airflow/example_dags/example_sensors.py
[2024-04-14T18:07:34.040-0400] {logging_mixin.py:188} INFO - [2024-04-14T18:07:34.040-0400] {dag.py:3096} INFO - Sync 1 DAGs
[2024-04-14T18:07:34.043-0400] {logging_mixin.py:188} INFO - [2024-04-14T18:07:34.043-0400] {dag.py:3954} INFO - Setting next_dagrun for example_sensors to None, run_after=None
[2024-04-14T18:07:34.050-0400] {processor.py:183} INFO - Processing /Users/manideepakreddyaila/Desktop/projects/Legal_Insights_Engine/.venv/lib/python3.11/site-packages/airflow/example_dags/example_sensors.py took 0.088 seconds
[2024-04-14T18:09:24.572-0400] {processor.py:161} INFO - Started process (PID=37429) to work on /Users/manideepakreddyaila/Desktop/projects/Legal_Insights_Engine/.venv/lib/python3.11/site-packages/airflow/example_dags/example_sensors.py
[2024-04-14T18:09:24.573-0400] {processor.py:830} INFO - Processing file /Users/manideepakreddyaila/Desktop/projects/Legal_Insights_Engine/.venv/lib/python3.11/site-packages/airflow/example_dags/example_sensors.py for tasks to queue
[2024-04-14T18:09:24.573-0400] {logging_mixin.py:188} INFO - [2024-04-14T18:09:24.573-0400] {dagbag.py:540} INFO - Filling up the DagBag from /Users/manideepakreddyaila/Desktop/projects/Legal_Insights_Engine/.venv/lib/python3.11/site-packages/airflow/example_dags/example_sensors.py
[2024-04-14T18:09:24.606-0400] {processor.py:840} INFO - DAG(s) 'example_sensors' retrieved from /Users/manideepakreddyaila/Desktop/projects/Legal_Insights_Engine/.venv/lib/python3.11/site-packages/airflow/example_dags/example_sensors.py
[2024-04-14T18:09:24.650-0400] {logging_mixin.py:188} INFO - [2024-04-14T18:09:24.650-0400] {dag.py:3096} INFO - Sync 1 DAGs
[2024-04-14T18:09:24.653-0400] {logging_mixin.py:188} INFO - [2024-04-14T18:09:24.653-0400] {dag.py:3954} INFO - Setting next_dagrun for example_sensors to None, run_after=None
[2024-04-14T18:09:24.659-0400] {processor.py:183} INFO - Processing /Users/manideepakreddyaila/Desktop/projects/Legal_Insights_Engine/.venv/lib/python3.11/site-packages/airflow/example_dags/example_sensors.py took 0.088 seconds
[2024-04-14T18:11:22.387-0400] {processor.py:161} INFO - Started process (PID=37534) to work on /Users/manideepakreddyaila/Desktop/projects/Legal_Insights_Engine/.venv/lib/python3.11/site-packages/airflow/example_dags/example_sensors.py
[2024-04-14T18:11:22.388-0400] {processor.py:830} INFO - Processing file /Users/manideepakreddyaila/Desktop/projects/Legal_Insights_Engine/.venv/lib/python3.11/site-packages/airflow/example_dags/example_sensors.py for tasks to queue
[2024-04-14T18:11:22.389-0400] {logging_mixin.py:188} INFO - [2024-04-14T18:11:22.389-0400] {dagbag.py:540} INFO - Filling up the DagBag from /Users/manideepakreddyaila/Desktop/projects/Legal_Insights_Engine/.venv/lib/python3.11/site-packages/airflow/example_dags/example_sensors.py
[2024-04-14T18:11:22.420-0400] {processor.py:840} INFO - DAG(s) 'example_sensors' retrieved from /Users/manideepakreddyaila/Desktop/projects/Legal_Insights_Engine/.venv/lib/python3.11/site-packages/airflow/example_dags/example_sensors.py
[2024-04-14T18:11:22.462-0400] {logging_mixin.py:188} INFO - [2024-04-14T18:11:22.462-0400] {dag.py:3096} INFO - Sync 1 DAGs
[2024-04-14T18:11:22.466-0400] {logging_mixin.py:188} INFO - [2024-04-14T18:11:22.465-0400] {dag.py:3954} INFO - Setting next_dagrun for example_sensors to None, run_after=None
[2024-04-14T18:11:22.472-0400] {processor.py:183} INFO - Processing /Users/manideepakreddyaila/Desktop/projects/Legal_Insights_Engine/.venv/lib/python3.11/site-packages/airflow/example_dags/example_sensors.py took 0.085 seconds
[2024-04-14T18:13:20.769-0400] {processor.py:161} INFO - Started process (PID=37644) to work on /Users/manideepakreddyaila/Desktop/projects/Legal_Insights_Engine/.venv/lib/python3.11/site-packages/airflow/example_dags/example_sensors.py
[2024-04-14T18:13:20.770-0400] {processor.py:830} INFO - Processing file /Users/manideepakreddyaila/Desktop/projects/Legal_Insights_Engine/.venv/lib/python3.11/site-packages/airflow/example_dags/example_sensors.py for tasks to queue
[2024-04-14T18:13:20.770-0400] {logging_mixin.py:188} INFO - [2024-04-14T18:13:20.770-0400] {dagbag.py:540} INFO - Filling up the DagBag from /Users/manideepakreddyaila/Desktop/projects/Legal_Insights_Engine/.venv/lib/python3.11/site-packages/airflow/example_dags/example_sensors.py
[2024-04-14T18:13:20.802-0400] {processor.py:840} INFO - DAG(s) 'example_sensors' retrieved from /Users/manideepakreddyaila/Desktop/projects/Legal_Insights_Engine/.venv/lib/python3.11/site-packages/airflow/example_dags/example_sensors.py
[2024-04-14T18:13:20.845-0400] {logging_mixin.py:188} INFO - [2024-04-14T18:13:20.845-0400] {dag.py:3096} INFO - Sync 1 DAGs
[2024-04-14T18:13:20.848-0400] {logging_mixin.py:188} INFO - [2024-04-14T18:13:20.848-0400] {dag.py:3954} INFO - Setting next_dagrun for example_sensors to None, run_after=None
[2024-04-14T18:13:20.855-0400] {processor.py:183} INFO - Processing /Users/manideepakreddyaila/Desktop/projects/Legal_Insights_Engine/.venv/lib/python3.11/site-packages/airflow/example_dags/example_sensors.py took 0.087 seconds
[2024-04-14T18:15:18.743-0400] {processor.py:161} INFO - Started process (PID=37748) to work on /Users/manideepakreddyaila/Desktop/projects/Legal_Insights_Engine/.venv/lib/python3.11/site-packages/airflow/example_dags/example_sensors.py
[2024-04-14T18:15:18.744-0400] {processor.py:830} INFO - Processing file /Users/manideepakreddyaila/Desktop/projects/Legal_Insights_Engine/.venv/lib/python3.11/site-packages/airflow/example_dags/example_sensors.py for tasks to queue
[2024-04-14T18:15:18.744-0400] {logging_mixin.py:188} INFO - [2024-04-14T18:15:18.744-0400] {dagbag.py:540} INFO - Filling up the DagBag from /Users/manideepakreddyaila/Desktop/projects/Legal_Insights_Engine/.venv/lib/python3.11/site-packages/airflow/example_dags/example_sensors.py
[2024-04-14T18:15:18.776-0400] {processor.py:840} INFO - DAG(s) 'example_sensors' retrieved from /Users/manideepakreddyaila/Desktop/projects/Legal_Insights_Engine/.venv/lib/python3.11/site-packages/airflow/example_dags/example_sensors.py
[2024-04-14T18:15:18.818-0400] {logging_mixin.py:188} INFO - [2024-04-14T18:15:18.818-0400] {dag.py:3096} INFO - Sync 1 DAGs
[2024-04-14T18:15:18.821-0400] {logging_mixin.py:188} INFO - [2024-04-14T18:15:18.821-0400] {dag.py:3954} INFO - Setting next_dagrun for example_sensors to None, run_after=None
[2024-04-14T18:15:18.827-0400] {processor.py:183} INFO - Processing /Users/manideepakreddyaila/Desktop/projects/Legal_Insights_Engine/.venv/lib/python3.11/site-packages/airflow/example_dags/example_sensors.py took 0.085 seconds
[2024-04-14T19:50:44.437-0400] {processor.py:161} INFO - Started process (PID=37973) to work on /Users/manideepakreddyaila/Desktop/projects/Legal_Insights_Engine/.venv/lib/python3.11/site-packages/airflow/example_dags/example_sensors.py
[2024-04-14T19:50:44.437-0400] {processor.py:830} INFO - Processing file /Users/manideepakreddyaila/Desktop/projects/Legal_Insights_Engine/.venv/lib/python3.11/site-packages/airflow/example_dags/example_sensors.py for tasks to queue
[2024-04-14T19:50:44.438-0400] {logging_mixin.py:188} INFO - [2024-04-14T19:50:44.438-0400] {dagbag.py:540} INFO - Filling up the DagBag from /Users/manideepakreddyaila/Desktop/projects/Legal_Insights_Engine/.venv/lib/python3.11/site-packages/airflow/example_dags/example_sensors.py
[2024-04-14T19:50:44.477-0400] {processor.py:840} INFO - DAG(s) 'example_sensors' retrieved from /Users/manideepakreddyaila/Desktop/projects/Legal_Insights_Engine/.venv/lib/python3.11/site-packages/airflow/example_dags/example_sensors.py
[2024-04-14T20:06:22.420-0400] {logging_mixin.py:188} INFO - [2024-04-14T20:06:22.420-0400] {dag.py:3096} INFO - Sync 1 DAGs
[2024-04-14T20:06:22.437-0400] {logging_mixin.py:188} INFO - [2024-04-14T20:06:22.437-0400] {dag.py:3954} INFO - Setting next_dagrun for example_sensors to None, run_after=None
[2024-04-14T20:06:22.453-0400] {processor.py:183} INFO - Processing /Users/manideepakreddyaila/Desktop/projects/Legal_Insights_Engine/.venv/lib/python3.11/site-packages/airflow/example_dags/example_sensors.py took 0.319 seconds
