[2024-04-13T20:06:46.363-0400] {processor.py:161} INFO - Started process (PID=31660) to work on /Users/manideepakreddyaila/Desktop/projects/Legal_Insights_Engine/.venv/lib/python3.11/site-packages/airflow/example_dags/example_short_circuit_decorator.py
[2024-04-13T20:06:46.363-0400] {processor.py:830} INFO - Processing file /Users/manideepakreddyaila/Desktop/projects/Legal_Insights_Engine/.venv/lib/python3.11/site-packages/airflow/example_dags/example_short_circuit_decorator.py for tasks to queue
[2024-04-13T20:06:46.363-0400] {logging_mixin.py:188} INFO - [2024-04-13T20:06:46.363-0400] {dagbag.py:540} INFO - Filling up the DagBag from /Users/manideepakreddyaila/Desktop/projects/Legal_Insights_Engine/.venv/lib/python3.11/site-packages/airflow/example_dags/example_short_circuit_decorator.py
[2024-04-13T20:06:46.403-0400] {processor.py:840} INFO - DAG(s) 'example_short_circuit_decorator' retrieved from /Users/manideepakreddyaila/Desktop/projects/Legal_Insights_Engine/.venv/lib/python3.11/site-packages/airflow/example_dags/example_short_circuit_decorator.py
[2024-04-13T20:06:46.439-0400] {logging_mixin.py:188} INFO - [2024-04-13T20:06:46.439-0400] {dag.py:3096} INFO - Sync 1 DAGs
[2024-04-13T20:06:46.445-0400] {logging_mixin.py:188} INFO - [2024-04-13T20:06:46.444-0400] {dag.py:3954} INFO - Setting next_dagrun for example_short_circuit_decorator to 2024-04-13 00:00:00+00:00, run_after=2024-04-14 00:00:00+00:00
[2024-04-13T20:06:46.451-0400] {processor.py:183} INFO - Processing /Users/manideepakreddyaila/Desktop/projects/Legal_Insights_Engine/.venv/lib/python3.11/site-packages/airflow/example_dags/example_short_circuit_decorator.py took 0.089 seconds
[2024-04-13T20:08:12.473-0400] {processor.py:161} INFO - Started process (PID=31722) to work on /Users/manideepakreddyaila/Desktop/projects/Legal_Insights_Engine/.venv/lib/python3.11/site-packages/airflow/example_dags/example_short_circuit_decorator.py
[2024-04-13T20:08:12.473-0400] {processor.py:830} INFO - Processing file /Users/manideepakreddyaila/Desktop/projects/Legal_Insights_Engine/.venv/lib/python3.11/site-packages/airflow/example_dags/example_short_circuit_decorator.py for tasks to queue
[2024-04-13T20:08:12.474-0400] {logging_mixin.py:188} INFO - [2024-04-13T20:08:12.473-0400] {dagbag.py:540} INFO - Filling up the DagBag from /Users/manideepakreddyaila/Desktop/projects/Legal_Insights_Engine/.venv/lib/python3.11/site-packages/airflow/example_dags/example_short_circuit_decorator.py
[2024-04-13T20:08:12.516-0400] {processor.py:840} INFO - DAG(s) 'example_short_circuit_decorator' retrieved from /Users/manideepakreddyaila/Desktop/projects/Legal_Insights_Engine/.venv/lib/python3.11/site-packages/airflow/example_dags/example_short_circuit_decorator.py
[2024-04-13T20:08:12.552-0400] {logging_mixin.py:188} INFO - [2024-04-13T20:08:12.551-0400] {dag.py:3096} INFO - Sync 1 DAGs
[2024-04-13T20:08:12.557-0400] {logging_mixin.py:188} INFO - [2024-04-13T20:08:12.557-0400] {dag.py:3954} INFO - Setting next_dagrun for example_short_circuit_decorator to 2024-04-13 00:00:00+00:00, run_after=2024-04-14 00:00:00+00:00
[2024-04-13T20:08:12.563-0400] {processor.py:183} INFO - Processing /Users/manideepakreddyaila/Desktop/projects/Legal_Insights_Engine/.venv/lib/python3.11/site-packages/airflow/example_dags/example_short_circuit_decorator.py took 0.092 seconds
[2024-04-13T21:57:08.323-0400] {processor.py:161} INFO - Started process (PID=31855) to work on /Users/manideepakreddyaila/Desktop/projects/Legal_Insights_Engine/.venv/lib/python3.11/site-packages/airflow/example_dags/example_short_circuit_decorator.py
[2024-04-13T21:57:08.324-0400] {processor.py:830} INFO - Processing file /Users/manideepakreddyaila/Desktop/projects/Legal_Insights_Engine/.venv/lib/python3.11/site-packages/airflow/example_dags/example_short_circuit_decorator.py for tasks to queue
[2024-04-13T21:57:08.324-0400] {logging_mixin.py:188} INFO - [2024-04-13T21:57:08.324-0400] {dagbag.py:540} INFO - Filling up the DagBag from /Users/manideepakreddyaila/Desktop/projects/Legal_Insights_Engine/.venv/lib/python3.11/site-packages/airflow/example_dags/example_short_circuit_decorator.py
[2024-04-13T21:57:08.363-0400] {processor.py:840} INFO - DAG(s) 'example_short_circuit_decorator' retrieved from /Users/manideepakreddyaila/Desktop/projects/Legal_Insights_Engine/.venv/lib/python3.11/site-packages/airflow/example_dags/example_short_circuit_decorator.py
[2024-04-13T21:57:08.399-0400] {logging_mixin.py:188} INFO - [2024-04-13T21:57:08.398-0400] {dag.py:3096} INFO - Sync 1 DAGs
[2024-04-13T21:57:08.404-0400] {logging_mixin.py:188} INFO - [2024-04-13T21:57:08.404-0400] {dag.py:3954} INFO - Setting next_dagrun for example_short_circuit_decorator to 2024-04-13 00:00:00+00:00, run_after=2024-04-14 00:00:00+00:00
[2024-04-13T21:57:08.410-0400] {processor.py:183} INFO - Processing /Users/manideepakreddyaila/Desktop/projects/Legal_Insights_Engine/.venv/lib/python3.11/site-packages/airflow/example_dags/example_short_circuit_decorator.py took 0.088 seconds
[2024-04-14T00:12:36.764-0400] {processor.py:161} INFO - Started process (PID=32036) to work on /Users/manideepakreddyaila/Desktop/projects/Legal_Insights_Engine/.venv/lib/python3.11/site-packages/airflow/example_dags/example_short_circuit_decorator.py
[2024-04-14T00:12:36.765-0400] {processor.py:830} INFO - Processing file /Users/manideepakreddyaila/Desktop/projects/Legal_Insights_Engine/.venv/lib/python3.11/site-packages/airflow/example_dags/example_short_circuit_decorator.py for tasks to queue
[2024-04-14T00:12:36.765-0400] {logging_mixin.py:188} INFO - [2024-04-14T00:12:36.765-0400] {dagbag.py:540} INFO - Filling up the DagBag from /Users/manideepakreddyaila/Desktop/projects/Legal_Insights_Engine/.venv/lib/python3.11/site-packages/airflow/example_dags/example_short_circuit_decorator.py
[2024-04-14T00:12:36.804-0400] {processor.py:840} INFO - DAG(s) 'example_short_circuit_decorator' retrieved from /Users/manideepakreddyaila/Desktop/projects/Legal_Insights_Engine/.venv/lib/python3.11/site-packages/airflow/example_dags/example_short_circuit_decorator.py
[2024-04-14T00:12:36.840-0400] {logging_mixin.py:188} INFO - [2024-04-14T00:12:36.840-0400] {dag.py:3096} INFO - Sync 1 DAGs
[2024-04-14T00:12:36.846-0400] {logging_mixin.py:188} INFO - [2024-04-14T00:12:36.846-0400] {dag.py:3954} INFO - Setting next_dagrun for example_short_circuit_decorator to 2024-04-13 00:00:00+00:00, run_after=2024-04-14 00:00:00+00:00
[2024-04-14T00:12:36.852-0400] {processor.py:183} INFO - Processing /Users/manideepakreddyaila/Desktop/projects/Legal_Insights_Engine/.venv/lib/python3.11/site-packages/airflow/example_dags/example_short_circuit_decorator.py took 0.088 seconds
[2024-04-14T03:17:17.263-0400] {processor.py:161} INFO - Started process (PID=32271) to work on /Users/manideepakreddyaila/Desktop/projects/Legal_Insights_Engine/.venv/lib/python3.11/site-packages/airflow/example_dags/example_short_circuit_decorator.py
[2024-04-14T03:17:17.264-0400] {processor.py:830} INFO - Processing file /Users/manideepakreddyaila/Desktop/projects/Legal_Insights_Engine/.venv/lib/python3.11/site-packages/airflow/example_dags/example_short_circuit_decorator.py for tasks to queue
[2024-04-14T03:17:17.264-0400] {logging_mixin.py:188} INFO - [2024-04-14T03:17:17.264-0400] {dagbag.py:540} INFO - Filling up the DagBag from /Users/manideepakreddyaila/Desktop/projects/Legal_Insights_Engine/.venv/lib/python3.11/site-packages/airflow/example_dags/example_short_circuit_decorator.py
[2024-04-14T03:17:17.303-0400] {processor.py:840} INFO - DAG(s) 'example_short_circuit_decorator' retrieved from /Users/manideepakreddyaila/Desktop/projects/Legal_Insights_Engine/.venv/lib/python3.11/site-packages/airflow/example_dags/example_short_circuit_decorator.py
[2024-04-14T03:17:17.339-0400] {logging_mixin.py:188} INFO - [2024-04-14T03:17:17.338-0400] {dag.py:3096} INFO - Sync 1 DAGs
[2024-04-14T03:17:17.344-0400] {logging_mixin.py:188} INFO - [2024-04-14T03:17:17.344-0400] {dag.py:3954} INFO - Setting next_dagrun for example_short_circuit_decorator to 2024-04-13 00:00:00+00:00, run_after=2024-04-14 00:00:00+00:00
[2024-04-14T03:17:17.350-0400] {processor.py:183} INFO - Processing /Users/manideepakreddyaila/Desktop/projects/Legal_Insights_Engine/.venv/lib/python3.11/site-packages/airflow/example_dags/example_short_circuit_decorator.py took 0.088 seconds
[2024-04-14T06:10:37.100-0400] {processor.py:161} INFO - Started process (PID=32511) to work on /Users/manideepakreddyaila/Desktop/projects/Legal_Insights_Engine/.venv/lib/python3.11/site-packages/airflow/example_dags/example_short_circuit_decorator.py
[2024-04-14T06:10:37.102-0400] {processor.py:830} INFO - Processing file /Users/manideepakreddyaila/Desktop/projects/Legal_Insights_Engine/.venv/lib/python3.11/site-packages/airflow/example_dags/example_short_circuit_decorator.py for tasks to queue
[2024-04-14T06:10:37.102-0400] {logging_mixin.py:188} INFO - [2024-04-14T06:10:37.102-0400] {dagbag.py:540} INFO - Filling up the DagBag from /Users/manideepakreddyaila/Desktop/projects/Legal_Insights_Engine/.venv/lib/python3.11/site-packages/airflow/example_dags/example_short_circuit_decorator.py
[2024-04-14T06:10:37.141-0400] {processor.py:840} INFO - DAG(s) 'example_short_circuit_decorator' retrieved from /Users/manideepakreddyaila/Desktop/projects/Legal_Insights_Engine/.venv/lib/python3.11/site-packages/airflow/example_dags/example_short_circuit_decorator.py
[2024-04-14T06:10:37.176-0400] {logging_mixin.py:188} INFO - [2024-04-14T06:10:37.176-0400] {dag.py:3096} INFO - Sync 1 DAGs
[2024-04-14T06:10:37.181-0400] {logging_mixin.py:188} INFO - [2024-04-14T06:10:37.181-0400] {dag.py:3954} INFO - Setting next_dagrun for example_short_circuit_decorator to 2024-04-13 00:00:00+00:00, run_after=2024-04-14 00:00:00+00:00
[2024-04-14T06:10:37.187-0400] {processor.py:183} INFO - Processing /Users/manideepakreddyaila/Desktop/projects/Legal_Insights_Engine/.venv/lib/python3.11/site-packages/airflow/example_dags/example_short_circuit_decorator.py took 0.088 seconds
[2024-04-14T08:08:29.871-0400] {processor.py:161} INFO - Started process (PID=32696) to work on /Users/manideepakreddyaila/Desktop/projects/Legal_Insights_Engine/.venv/lib/python3.11/site-packages/airflow/example_dags/example_short_circuit_decorator.py
[2024-04-14T08:08:29.872-0400] {processor.py:830} INFO - Processing file /Users/manideepakreddyaila/Desktop/projects/Legal_Insights_Engine/.venv/lib/python3.11/site-packages/airflow/example_dags/example_short_circuit_decorator.py for tasks to queue
[2024-04-14T08:08:29.872-0400] {logging_mixin.py:188} INFO - [2024-04-14T08:08:29.872-0400] {dagbag.py:540} INFO - Filling up the DagBag from /Users/manideepakreddyaila/Desktop/projects/Legal_Insights_Engine/.venv/lib/python3.11/site-packages/airflow/example_dags/example_short_circuit_decorator.py
[2024-04-14T08:08:29.917-0400] {processor.py:840} INFO - DAG(s) 'example_short_circuit_decorator' retrieved from /Users/manideepakreddyaila/Desktop/projects/Legal_Insights_Engine/.venv/lib/python3.11/site-packages/airflow/example_dags/example_short_circuit_decorator.py
[2024-04-14T08:08:29.953-0400] {logging_mixin.py:188} INFO - [2024-04-14T08:08:29.953-0400] {dag.py:3096} INFO - Sync 1 DAGs
[2024-04-14T08:08:29.959-0400] {logging_mixin.py:188} INFO - [2024-04-14T08:08:29.958-0400] {dag.py:3954} INFO - Setting next_dagrun for example_short_circuit_decorator to 2024-04-13 00:00:00+00:00, run_after=2024-04-14 00:00:00+00:00
[2024-04-14T08:08:29.965-0400] {processor.py:183} INFO - Processing /Users/manideepakreddyaila/Desktop/projects/Legal_Insights_Engine/.venv/lib/python3.11/site-packages/airflow/example_dags/example_short_circuit_decorator.py took 0.095 seconds
[2024-04-14T08:13:59.074-0400] {processor.py:161} INFO - Started process (PID=32817) to work on /Users/manideepakreddyaila/Desktop/projects/Legal_Insights_Engine/.venv/lib/python3.11/site-packages/airflow/example_dags/example_short_circuit_decorator.py
[2024-04-14T08:13:59.077-0400] {processor.py:830} INFO - Processing file /Users/manideepakreddyaila/Desktop/projects/Legal_Insights_Engine/.venv/lib/python3.11/site-packages/airflow/example_dags/example_short_circuit_decorator.py for tasks to queue
[2024-04-14T08:13:59.077-0400] {logging_mixin.py:188} INFO - [2024-04-14T08:13:59.077-0400] {dagbag.py:540} INFO - Filling up the DagBag from /Users/manideepakreddyaila/Desktop/projects/Legal_Insights_Engine/.venv/lib/python3.11/site-packages/airflow/example_dags/example_short_circuit_decorator.py
[2024-04-14T08:13:59.116-0400] {processor.py:840} INFO - DAG(s) 'example_short_circuit_decorator' retrieved from /Users/manideepakreddyaila/Desktop/projects/Legal_Insights_Engine/.venv/lib/python3.11/site-packages/airflow/example_dags/example_short_circuit_decorator.py
[2024-04-14T08:13:59.151-0400] {logging_mixin.py:188} INFO - [2024-04-14T08:13:59.151-0400] {dag.py:3096} INFO - Sync 1 DAGs
[2024-04-14T08:13:59.157-0400] {logging_mixin.py:188} INFO - [2024-04-14T08:13:59.157-0400] {dag.py:3954} INFO - Setting next_dagrun for example_short_circuit_decorator to 2024-04-13 00:00:00+00:00, run_after=2024-04-14 00:00:00+00:00
[2024-04-14T08:13:59.163-0400] {processor.py:183} INFO - Processing /Users/manideepakreddyaila/Desktop/projects/Legal_Insights_Engine/.venv/lib/python3.11/site-packages/airflow/example_dags/example_short_circuit_decorator.py took 0.089 seconds
[2024-04-14T08:21:41.048-0400] {processor.py:161} INFO - Started process (PID=32936) to work on /Users/manideepakreddyaila/Desktop/projects/Legal_Insights_Engine/.venv/lib/python3.11/site-packages/airflow/example_dags/example_short_circuit_decorator.py
[2024-04-14T08:21:41.049-0400] {processor.py:830} INFO - Processing file /Users/manideepakreddyaila/Desktop/projects/Legal_Insights_Engine/.venv/lib/python3.11/site-packages/airflow/example_dags/example_short_circuit_decorator.py for tasks to queue
[2024-04-14T08:21:41.049-0400] {logging_mixin.py:188} INFO - [2024-04-14T08:21:41.049-0400] {dagbag.py:540} INFO - Filling up the DagBag from /Users/manideepakreddyaila/Desktop/projects/Legal_Insights_Engine/.venv/lib/python3.11/site-packages/airflow/example_dags/example_short_circuit_decorator.py
[2024-04-14T08:21:41.090-0400] {processor.py:840} INFO - DAG(s) 'example_short_circuit_decorator' retrieved from /Users/manideepakreddyaila/Desktop/projects/Legal_Insights_Engine/.venv/lib/python3.11/site-packages/airflow/example_dags/example_short_circuit_decorator.py
[2024-04-14T08:21:41.126-0400] {logging_mixin.py:188} INFO - [2024-04-14T08:21:41.126-0400] {dag.py:3096} INFO - Sync 1 DAGs
[2024-04-14T08:21:41.132-0400] {logging_mixin.py:188} INFO - [2024-04-14T08:21:41.132-0400] {dag.py:3954} INFO - Setting next_dagrun for example_short_circuit_decorator to 2024-04-13 00:00:00+00:00, run_after=2024-04-14 00:00:00+00:00
[2024-04-14T08:21:41.138-0400] {processor.py:183} INFO - Processing /Users/manideepakreddyaila/Desktop/projects/Legal_Insights_Engine/.venv/lib/python3.11/site-packages/airflow/example_dags/example_short_circuit_decorator.py took 0.091 seconds
[2024-04-14T10:54:23.216-0400] {processor.py:161} INFO - Started process (PID=33101) to work on /Users/manideepakreddyaila/Desktop/projects/Legal_Insights_Engine/.venv/lib/python3.11/site-packages/airflow/example_dags/example_short_circuit_decorator.py
[2024-04-14T10:54:23.216-0400] {processor.py:830} INFO - Processing file /Users/manideepakreddyaila/Desktop/projects/Legal_Insights_Engine/.venv/lib/python3.11/site-packages/airflow/example_dags/example_short_circuit_decorator.py for tasks to queue
[2024-04-14T10:54:23.216-0400] {logging_mixin.py:188} INFO - [2024-04-14T10:54:23.216-0400] {dagbag.py:540} INFO - Filling up the DagBag from /Users/manideepakreddyaila/Desktop/projects/Legal_Insights_Engine/.venv/lib/python3.11/site-packages/airflow/example_dags/example_short_circuit_decorator.py
[2024-04-14T10:54:23.257-0400] {processor.py:840} INFO - DAG(s) 'example_short_circuit_decorator' retrieved from /Users/manideepakreddyaila/Desktop/projects/Legal_Insights_Engine/.venv/lib/python3.11/site-packages/airflow/example_dags/example_short_circuit_decorator.py
[2024-04-14T10:54:23.293-0400] {logging_mixin.py:188} INFO - [2024-04-14T10:54:23.293-0400] {dag.py:3096} INFO - Sync 1 DAGs
[2024-04-14T10:54:23.299-0400] {logging_mixin.py:188} INFO - [2024-04-14T10:54:23.299-0400] {dag.py:3954} INFO - Setting next_dagrun for example_short_circuit_decorator to 2024-04-13 00:00:00+00:00, run_after=2024-04-14 00:00:00+00:00
[2024-04-14T10:54:23.305-0400] {processor.py:183} INFO - Processing /Users/manideepakreddyaila/Desktop/projects/Legal_Insights_Engine/.venv/lib/python3.11/site-packages/airflow/example_dags/example_short_circuit_decorator.py took 0.091 seconds
[2024-04-14T12:06:32.621-0400] {processor.py:161} INFO - Started process (PID=33243) to work on /Users/manideepakreddyaila/Desktop/projects/Legal_Insights_Engine/.venv/lib/python3.11/site-packages/airflow/example_dags/example_short_circuit_decorator.py
[2024-04-14T12:06:32.622-0400] {processor.py:830} INFO - Processing file /Users/manideepakreddyaila/Desktop/projects/Legal_Insights_Engine/.venv/lib/python3.11/site-packages/airflow/example_dags/example_short_circuit_decorator.py for tasks to queue
[2024-04-14T12:06:32.622-0400] {logging_mixin.py:188} INFO - [2024-04-14T12:06:32.622-0400] {dagbag.py:540} INFO - Filling up the DagBag from /Users/manideepakreddyaila/Desktop/projects/Legal_Insights_Engine/.venv/lib/python3.11/site-packages/airflow/example_dags/example_short_circuit_decorator.py
[2024-04-14T12:06:32.665-0400] {processor.py:840} INFO - DAG(s) 'example_short_circuit_decorator' retrieved from /Users/manideepakreddyaila/Desktop/projects/Legal_Insights_Engine/.venv/lib/python3.11/site-packages/airflow/example_dags/example_short_circuit_decorator.py
[2024-04-14T12:06:32.701-0400] {logging_mixin.py:188} INFO - [2024-04-14T12:06:32.701-0400] {dag.py:3096} INFO - Sync 1 DAGs
[2024-04-14T12:06:32.707-0400] {logging_mixin.py:188} INFO - [2024-04-14T12:06:32.707-0400] {dag.py:3954} INFO - Setting next_dagrun for example_short_circuit_decorator to 2024-04-13 00:00:00+00:00, run_after=2024-04-14 00:00:00+00:00
[2024-04-14T12:06:32.714-0400] {processor.py:183} INFO - Processing /Users/manideepakreddyaila/Desktop/projects/Legal_Insights_Engine/.venv/lib/python3.11/site-packages/airflow/example_dags/example_short_circuit_decorator.py took 0.094 seconds
[2024-04-14T13:23:57.816-0400] {processor.py:161} INFO - Started process (PID=33394) to work on /Users/manideepakreddyaila/Desktop/projects/Legal_Insights_Engine/.venv/lib/python3.11/site-packages/airflow/example_dags/example_short_circuit_decorator.py
[2024-04-14T13:23:57.817-0400] {processor.py:830} INFO - Processing file /Users/manideepakreddyaila/Desktop/projects/Legal_Insights_Engine/.venv/lib/python3.11/site-packages/airflow/example_dags/example_short_circuit_decorator.py for tasks to queue
[2024-04-14T13:23:57.817-0400] {logging_mixin.py:188} INFO - [2024-04-14T13:23:57.817-0400] {dagbag.py:540} INFO - Filling up the DagBag from /Users/manideepakreddyaila/Desktop/projects/Legal_Insights_Engine/.venv/lib/python3.11/site-packages/airflow/example_dags/example_short_circuit_decorator.py
[2024-04-14T13:23:57.861-0400] {processor.py:840} INFO - DAG(s) 'example_short_circuit_decorator' retrieved from /Users/manideepakreddyaila/Desktop/projects/Legal_Insights_Engine/.venv/lib/python3.11/site-packages/airflow/example_dags/example_short_circuit_decorator.py
[2024-04-14T13:23:57.898-0400] {logging_mixin.py:188} INFO - [2024-04-14T13:23:57.898-0400] {dag.py:3096} INFO - Sync 1 DAGs
[2024-04-14T13:23:57.904-0400] {logging_mixin.py:188} INFO - [2024-04-14T13:23:57.904-0400] {dag.py:3954} INFO - Setting next_dagrun for example_short_circuit_decorator to 2024-04-13 00:00:00+00:00, run_after=2024-04-14 00:00:00+00:00
[2024-04-14T13:23:57.910-0400] {processor.py:183} INFO - Processing /Users/manideepakreddyaila/Desktop/projects/Legal_Insights_Engine/.venv/lib/python3.11/site-packages/airflow/example_dags/example_short_circuit_decorator.py took 0.095 seconds
[2024-04-14T15:25:54.506-0400] {processor.py:161} INFO - Started process (PID=33581) to work on /Users/manideepakreddyaila/Desktop/projects/Legal_Insights_Engine/.venv/lib/python3.11/site-packages/airflow/example_dags/example_short_circuit_decorator.py
[2024-04-14T15:25:54.507-0400] {processor.py:830} INFO - Processing file /Users/manideepakreddyaila/Desktop/projects/Legal_Insights_Engine/.venv/lib/python3.11/site-packages/airflow/example_dags/example_short_circuit_decorator.py for tasks to queue
[2024-04-14T15:25:54.507-0400] {logging_mixin.py:188} INFO - [2024-04-14T15:25:54.507-0400] {dagbag.py:540} INFO - Filling up the DagBag from /Users/manideepakreddyaila/Desktop/projects/Legal_Insights_Engine/.venv/lib/python3.11/site-packages/airflow/example_dags/example_short_circuit_decorator.py
[2024-04-14T15:25:54.546-0400] {processor.py:840} INFO - DAG(s) 'example_short_circuit_decorator' retrieved from /Users/manideepakreddyaila/Desktop/projects/Legal_Insights_Engine/.venv/lib/python3.11/site-packages/airflow/example_dags/example_short_circuit_decorator.py
[2024-04-14T15:25:54.582-0400] {logging_mixin.py:188} INFO - [2024-04-14T15:25:54.582-0400] {dag.py:3096} INFO - Sync 1 DAGs
[2024-04-14T15:25:54.587-0400] {logging_mixin.py:188} INFO - [2024-04-14T15:25:54.587-0400] {dag.py:3954} INFO - Setting next_dagrun for example_short_circuit_decorator to 2024-04-13 00:00:00+00:00, run_after=2024-04-14 00:00:00+00:00
[2024-04-14T15:25:54.593-0400] {processor.py:183} INFO - Processing /Users/manideepakreddyaila/Desktop/projects/Legal_Insights_Engine/.venv/lib/python3.11/site-packages/airflow/example_dags/example_short_circuit_decorator.py took 0.088 seconds
[2024-04-14T16:36:45.205-0400] {processor.py:161} INFO - Started process (PID=33751) to work on /Users/manideepakreddyaila/Desktop/projects/Legal_Insights_Engine/.venv/lib/python3.11/site-packages/airflow/example_dags/example_short_circuit_decorator.py
[2024-04-14T16:36:45.206-0400] {processor.py:830} INFO - Processing file /Users/manideepakreddyaila/Desktop/projects/Legal_Insights_Engine/.venv/lib/python3.11/site-packages/airflow/example_dags/example_short_circuit_decorator.py for tasks to queue
[2024-04-14T16:36:45.206-0400] {logging_mixin.py:188} INFO - [2024-04-14T16:36:45.206-0400] {dagbag.py:540} INFO - Filling up the DagBag from /Users/manideepakreddyaila/Desktop/projects/Legal_Insights_Engine/.venv/lib/python3.11/site-packages/airflow/example_dags/example_short_circuit_decorator.py
[2024-04-14T16:36:45.247-0400] {processor.py:840} INFO - DAG(s) 'example_short_circuit_decorator' retrieved from /Users/manideepakreddyaila/Desktop/projects/Legal_Insights_Engine/.venv/lib/python3.11/site-packages/airflow/example_dags/example_short_circuit_decorator.py
[2024-04-14T16:36:45.283-0400] {logging_mixin.py:188} INFO - [2024-04-14T16:36:45.283-0400] {dag.py:3096} INFO - Sync 1 DAGs
[2024-04-14T16:36:45.289-0400] {logging_mixin.py:188} INFO - [2024-04-14T16:36:45.289-0400] {dag.py:3954} INFO - Setting next_dagrun for example_short_circuit_decorator to 2024-04-13 00:00:00+00:00, run_after=2024-04-14 00:00:00+00:00
[2024-04-14T16:36:45.295-0400] {processor.py:183} INFO - Processing /Users/manideepakreddyaila/Desktop/projects/Legal_Insights_Engine/.venv/lib/python3.11/site-packages/airflow/example_dags/example_short_circuit_decorator.py took 0.091 seconds
[2024-04-14T16:38:09.605-0400] {processor.py:161} INFO - Started process (PID=33820) to work on /Users/manideepakreddyaila/Desktop/projects/Legal_Insights_Engine/.venv/lib/python3.11/site-packages/airflow/example_dags/example_short_circuit_decorator.py
[2024-04-14T16:38:09.606-0400] {processor.py:830} INFO - Processing file /Users/manideepakreddyaila/Desktop/projects/Legal_Insights_Engine/.venv/lib/python3.11/site-packages/airflow/example_dags/example_short_circuit_decorator.py for tasks to queue
[2024-04-14T16:38:09.606-0400] {logging_mixin.py:188} INFO - [2024-04-14T16:38:09.606-0400] {dagbag.py:540} INFO - Filling up the DagBag from /Users/manideepakreddyaila/Desktop/projects/Legal_Insights_Engine/.venv/lib/python3.11/site-packages/airflow/example_dags/example_short_circuit_decorator.py
[2024-04-14T16:38:09.648-0400] {processor.py:840} INFO - DAG(s) 'example_short_circuit_decorator' retrieved from /Users/manideepakreddyaila/Desktop/projects/Legal_Insights_Engine/.venv/lib/python3.11/site-packages/airflow/example_dags/example_short_circuit_decorator.py
[2024-04-14T16:38:09.690-0400] {logging_mixin.py:188} INFO - [2024-04-14T16:38:09.690-0400] {dag.py:3096} INFO - Sync 1 DAGs
[2024-04-14T16:38:09.696-0400] {logging_mixin.py:188} INFO - [2024-04-14T16:38:09.696-0400] {dag.py:3954} INFO - Setting next_dagrun for example_short_circuit_decorator to 2024-04-13 00:00:00+00:00, run_after=2024-04-14 00:00:00+00:00
[2024-04-14T16:38:09.702-0400] {processor.py:183} INFO - Processing /Users/manideepakreddyaila/Desktop/projects/Legal_Insights_Engine/.venv/lib/python3.11/site-packages/airflow/example_dags/example_short_circuit_decorator.py took 0.098 seconds
[2024-04-14T16:40:08.056-0400] {processor.py:161} INFO - Started process (PID=33918) to work on /Users/manideepakreddyaila/Desktop/projects/Legal_Insights_Engine/.venv/lib/python3.11/site-packages/airflow/example_dags/example_short_circuit_decorator.py
[2024-04-14T16:40:08.057-0400] {processor.py:830} INFO - Processing file /Users/manideepakreddyaila/Desktop/projects/Legal_Insights_Engine/.venv/lib/python3.11/site-packages/airflow/example_dags/example_short_circuit_decorator.py for tasks to queue
[2024-04-14T16:40:08.057-0400] {logging_mixin.py:188} INFO - [2024-04-14T16:40:08.057-0400] {dagbag.py:540} INFO - Filling up the DagBag from /Users/manideepakreddyaila/Desktop/projects/Legal_Insights_Engine/.venv/lib/python3.11/site-packages/airflow/example_dags/example_short_circuit_decorator.py
[2024-04-14T16:40:08.096-0400] {processor.py:840} INFO - DAG(s) 'example_short_circuit_decorator' retrieved from /Users/manideepakreddyaila/Desktop/projects/Legal_Insights_Engine/.venv/lib/python3.11/site-packages/airflow/example_dags/example_short_circuit_decorator.py
[2024-04-14T16:40:08.132-0400] {logging_mixin.py:188} INFO - [2024-04-14T16:40:08.132-0400] {dag.py:3096} INFO - Sync 1 DAGs
[2024-04-14T16:40:08.138-0400] {logging_mixin.py:188} INFO - [2024-04-14T16:40:08.138-0400] {dag.py:3954} INFO - Setting next_dagrun for example_short_circuit_decorator to 2024-04-13 00:00:00+00:00, run_after=2024-04-14 00:00:00+00:00
[2024-04-14T16:40:08.144-0400] {processor.py:183} INFO - Processing /Users/manideepakreddyaila/Desktop/projects/Legal_Insights_Engine/.venv/lib/python3.11/site-packages/airflow/example_dags/example_short_circuit_decorator.py took 0.089 seconds
[2024-04-14T16:42:02.549-0400] {processor.py:161} INFO - Started process (PID=34013) to work on /Users/manideepakreddyaila/Desktop/projects/Legal_Insights_Engine/.venv/lib/python3.11/site-packages/airflow/example_dags/example_short_circuit_decorator.py
[2024-04-14T16:42:02.549-0400] {processor.py:830} INFO - Processing file /Users/manideepakreddyaila/Desktop/projects/Legal_Insights_Engine/.venv/lib/python3.11/site-packages/airflow/example_dags/example_short_circuit_decorator.py for tasks to queue
[2024-04-14T16:42:02.549-0400] {logging_mixin.py:188} INFO - [2024-04-14T16:42:02.549-0400] {dagbag.py:540} INFO - Filling up the DagBag from /Users/manideepakreddyaila/Desktop/projects/Legal_Insights_Engine/.venv/lib/python3.11/site-packages/airflow/example_dags/example_short_circuit_decorator.py
[2024-04-14T16:42:02.589-0400] {processor.py:840} INFO - DAG(s) 'example_short_circuit_decorator' retrieved from /Users/manideepakreddyaila/Desktop/projects/Legal_Insights_Engine/.venv/lib/python3.11/site-packages/airflow/example_dags/example_short_circuit_decorator.py
[2024-04-14T16:42:02.626-0400] {logging_mixin.py:188} INFO - [2024-04-14T16:42:02.626-0400] {dag.py:3096} INFO - Sync 1 DAGs
[2024-04-14T16:42:02.632-0400] {logging_mixin.py:188} INFO - [2024-04-14T16:42:02.632-0400] {dag.py:3954} INFO - Setting next_dagrun for example_short_circuit_decorator to 2024-04-13 00:00:00+00:00, run_after=2024-04-14 00:00:00+00:00
[2024-04-14T16:42:02.638-0400] {processor.py:183} INFO - Processing /Users/manideepakreddyaila/Desktop/projects/Legal_Insights_Engine/.venv/lib/python3.11/site-packages/airflow/example_dags/example_short_circuit_decorator.py took 0.090 seconds
[2024-04-14T16:44:00.968-0400] {processor.py:161} INFO - Started process (PID=34123) to work on /Users/manideepakreddyaila/Desktop/projects/Legal_Insights_Engine/.venv/lib/python3.11/site-packages/airflow/example_dags/example_short_circuit_decorator.py
[2024-04-14T16:44:00.970-0400] {processor.py:830} INFO - Processing file /Users/manideepakreddyaila/Desktop/projects/Legal_Insights_Engine/.venv/lib/python3.11/site-packages/airflow/example_dags/example_short_circuit_decorator.py for tasks to queue
[2024-04-14T16:44:00.970-0400] {logging_mixin.py:188} INFO - [2024-04-14T16:44:00.970-0400] {dagbag.py:540} INFO - Filling up the DagBag from /Users/manideepakreddyaila/Desktop/projects/Legal_Insights_Engine/.venv/lib/python3.11/site-packages/airflow/example_dags/example_short_circuit_decorator.py
[2024-04-14T16:44:01.009-0400] {processor.py:840} INFO - DAG(s) 'example_short_circuit_decorator' retrieved from /Users/manideepakreddyaila/Desktop/projects/Legal_Insights_Engine/.venv/lib/python3.11/site-packages/airflow/example_dags/example_short_circuit_decorator.py
[2024-04-14T16:44:01.044-0400] {logging_mixin.py:188} INFO - [2024-04-14T16:44:01.044-0400] {dag.py:3096} INFO - Sync 1 DAGs
[2024-04-14T16:44:01.051-0400] {logging_mixin.py:188} INFO - [2024-04-14T16:44:01.051-0400] {dag.py:3954} INFO - Setting next_dagrun for example_short_circuit_decorator to 2024-04-13 00:00:00+00:00, run_after=2024-04-14 00:00:00+00:00
[2024-04-14T16:44:01.057-0400] {processor.py:183} INFO - Processing /Users/manideepakreddyaila/Desktop/projects/Legal_Insights_Engine/.venv/lib/python3.11/site-packages/airflow/example_dags/example_short_circuit_decorator.py took 0.090 seconds
[2024-04-14T16:46:01.156-0400] {processor.py:161} INFO - Started process (PID=34226) to work on /Users/manideepakreddyaila/Desktop/projects/Legal_Insights_Engine/.venv/lib/python3.11/site-packages/airflow/example_dags/example_short_circuit_decorator.py
[2024-04-14T16:46:01.157-0400] {processor.py:830} INFO - Processing file /Users/manideepakreddyaila/Desktop/projects/Legal_Insights_Engine/.venv/lib/python3.11/site-packages/airflow/example_dags/example_short_circuit_decorator.py for tasks to queue
[2024-04-14T16:46:01.157-0400] {logging_mixin.py:188} INFO - [2024-04-14T16:46:01.157-0400] {dagbag.py:540} INFO - Filling up the DagBag from /Users/manideepakreddyaila/Desktop/projects/Legal_Insights_Engine/.venv/lib/python3.11/site-packages/airflow/example_dags/example_short_circuit_decorator.py
[2024-04-14T16:46:01.196-0400] {processor.py:840} INFO - DAG(s) 'example_short_circuit_decorator' retrieved from /Users/manideepakreddyaila/Desktop/projects/Legal_Insights_Engine/.venv/lib/python3.11/site-packages/airflow/example_dags/example_short_circuit_decorator.py
[2024-04-14T16:46:01.232-0400] {logging_mixin.py:188} INFO - [2024-04-14T16:46:01.231-0400] {dag.py:3096} INFO - Sync 1 DAGs
[2024-04-14T16:46:01.237-0400] {logging_mixin.py:188} INFO - [2024-04-14T16:46:01.237-0400] {dag.py:3954} INFO - Setting next_dagrun for example_short_circuit_decorator to 2024-04-13 00:00:00+00:00, run_after=2024-04-14 00:00:00+00:00
[2024-04-14T16:46:01.243-0400] {processor.py:183} INFO - Processing /Users/manideepakreddyaila/Desktop/projects/Legal_Insights_Engine/.venv/lib/python3.11/site-packages/airflow/example_dags/example_short_circuit_decorator.py took 0.088 seconds
[2024-04-14T16:47:59.240-0400] {processor.py:161} INFO - Started process (PID=34324) to work on /Users/manideepakreddyaila/Desktop/projects/Legal_Insights_Engine/.venv/lib/python3.11/site-packages/airflow/example_dags/example_short_circuit_decorator.py
[2024-04-14T16:47:59.240-0400] {processor.py:830} INFO - Processing file /Users/manideepakreddyaila/Desktop/projects/Legal_Insights_Engine/.venv/lib/python3.11/site-packages/airflow/example_dags/example_short_circuit_decorator.py for tasks to queue
[2024-04-14T16:47:59.240-0400] {logging_mixin.py:188} INFO - [2024-04-14T16:47:59.240-0400] {dagbag.py:540} INFO - Filling up the DagBag from /Users/manideepakreddyaila/Desktop/projects/Legal_Insights_Engine/.venv/lib/python3.11/site-packages/airflow/example_dags/example_short_circuit_decorator.py
[2024-04-14T16:47:59.279-0400] {processor.py:840} INFO - DAG(s) 'example_short_circuit_decorator' retrieved from /Users/manideepakreddyaila/Desktop/projects/Legal_Insights_Engine/.venv/lib/python3.11/site-packages/airflow/example_dags/example_short_circuit_decorator.py
[2024-04-14T16:47:59.315-0400] {logging_mixin.py:188} INFO - [2024-04-14T16:47:59.314-0400] {dag.py:3096} INFO - Sync 1 DAGs
[2024-04-14T16:47:59.320-0400] {logging_mixin.py:188} INFO - [2024-04-14T16:47:59.320-0400] {dag.py:3954} INFO - Setting next_dagrun for example_short_circuit_decorator to 2024-04-13 00:00:00+00:00, run_after=2024-04-14 00:00:00+00:00
[2024-04-14T16:47:59.326-0400] {processor.py:183} INFO - Processing /Users/manideepakreddyaila/Desktop/projects/Legal_Insights_Engine/.venv/lib/python3.11/site-packages/airflow/example_dags/example_short_circuit_decorator.py took 0.088 seconds
[2024-04-14T16:57:52.117-0400] {processor.py:161} INFO - Started process (PID=34435) to work on /Users/manideepakreddyaila/Desktop/projects/Legal_Insights_Engine/.venv/lib/python3.11/site-packages/airflow/example_dags/example_short_circuit_decorator.py
[2024-04-14T16:57:52.118-0400] {processor.py:830} INFO - Processing file /Users/manideepakreddyaila/Desktop/projects/Legal_Insights_Engine/.venv/lib/python3.11/site-packages/airflow/example_dags/example_short_circuit_decorator.py for tasks to queue
[2024-04-14T16:57:52.118-0400] {logging_mixin.py:188} INFO - [2024-04-14T16:57:52.118-0400] {dagbag.py:540} INFO - Filling up the DagBag from /Users/manideepakreddyaila/Desktop/projects/Legal_Insights_Engine/.venv/lib/python3.11/site-packages/airflow/example_dags/example_short_circuit_decorator.py
[2024-04-14T16:57:52.157-0400] {processor.py:840} INFO - DAG(s) 'example_short_circuit_decorator' retrieved from /Users/manideepakreddyaila/Desktop/projects/Legal_Insights_Engine/.venv/lib/python3.11/site-packages/airflow/example_dags/example_short_circuit_decorator.py
[2024-04-14T16:57:52.193-0400] {logging_mixin.py:188} INFO - [2024-04-14T16:57:52.193-0400] {dag.py:3096} INFO - Sync 1 DAGs
[2024-04-14T16:57:52.198-0400] {logging_mixin.py:188} INFO - [2024-04-14T16:57:52.198-0400] {dag.py:3954} INFO - Setting next_dagrun for example_short_circuit_decorator to 2024-04-13 00:00:00+00:00, run_after=2024-04-14 00:00:00+00:00
[2024-04-14T16:57:52.205-0400] {processor.py:183} INFO - Processing /Users/manideepakreddyaila/Desktop/projects/Legal_Insights_Engine/.venv/lib/python3.11/site-packages/airflow/example_dags/example_short_circuit_decorator.py took 0.088 seconds
[2024-04-14T17:17:00.703-0400] {processor.py:161} INFO - Started process (PID=34734) to work on /Users/manideepakreddyaila/Desktop/projects/Legal_Insights_Engine/.venv/lib/python3.11/site-packages/airflow/example_dags/example_short_circuit_decorator.py
[2024-04-14T17:17:00.703-0400] {processor.py:830} INFO - Processing file /Users/manideepakreddyaila/Desktop/projects/Legal_Insights_Engine/.venv/lib/python3.11/site-packages/airflow/example_dags/example_short_circuit_decorator.py for tasks to queue
[2024-04-14T17:17:00.703-0400] {logging_mixin.py:188} INFO - [2024-04-14T17:17:00.703-0400] {dagbag.py:540} INFO - Filling up the DagBag from /Users/manideepakreddyaila/Desktop/projects/Legal_Insights_Engine/.venv/lib/python3.11/site-packages/airflow/example_dags/example_short_circuit_decorator.py
[2024-04-14T17:17:00.747-0400] {processor.py:840} INFO - DAG(s) 'example_short_circuit_decorator' retrieved from /Users/manideepakreddyaila/Desktop/projects/Legal_Insights_Engine/.venv/lib/python3.11/site-packages/airflow/example_dags/example_short_circuit_decorator.py
[2024-04-14T17:17:00.784-0400] {logging_mixin.py:188} INFO - [2024-04-14T17:17:00.784-0400] {dag.py:3096} INFO - Sync 1 DAGs
[2024-04-14T17:17:00.790-0400] {logging_mixin.py:188} INFO - [2024-04-14T17:17:00.789-0400] {dag.py:3954} INFO - Setting next_dagrun for example_short_circuit_decorator to 2024-04-13 00:00:00+00:00, run_after=2024-04-14 00:00:00+00:00
[2024-04-14T17:17:00.796-0400] {processor.py:183} INFO - Processing /Users/manideepakreddyaila/Desktop/projects/Legal_Insights_Engine/.venv/lib/python3.11/site-packages/airflow/example_dags/example_short_circuit_decorator.py took 0.095 seconds
[2024-04-14T17:18:53.862-0400] {processor.py:161} INFO - Started process (PID=34846) to work on /Users/manideepakreddyaila/Desktop/projects/Legal_Insights_Engine/.venv/lib/python3.11/site-packages/airflow/example_dags/example_short_circuit_decorator.py
[2024-04-14T17:18:53.863-0400] {processor.py:830} INFO - Processing file /Users/manideepakreddyaila/Desktop/projects/Legal_Insights_Engine/.venv/lib/python3.11/site-packages/airflow/example_dags/example_short_circuit_decorator.py for tasks to queue
[2024-04-14T17:18:53.863-0400] {logging_mixin.py:188} INFO - [2024-04-14T17:18:53.863-0400] {dagbag.py:540} INFO - Filling up the DagBag from /Users/manideepakreddyaila/Desktop/projects/Legal_Insights_Engine/.venv/lib/python3.11/site-packages/airflow/example_dags/example_short_circuit_decorator.py
[2024-04-14T17:18:53.902-0400] {processor.py:840} INFO - DAG(s) 'example_short_circuit_decorator' retrieved from /Users/manideepakreddyaila/Desktop/projects/Legal_Insights_Engine/.venv/lib/python3.11/site-packages/airflow/example_dags/example_short_circuit_decorator.py
[2024-04-14T17:18:53.938-0400] {logging_mixin.py:188} INFO - [2024-04-14T17:18:53.938-0400] {dag.py:3096} INFO - Sync 1 DAGs
[2024-04-14T17:18:53.944-0400] {logging_mixin.py:188} INFO - [2024-04-14T17:18:53.944-0400] {dag.py:3954} INFO - Setting next_dagrun for example_short_circuit_decorator to 2024-04-13 00:00:00+00:00, run_after=2024-04-14 00:00:00+00:00
[2024-04-14T17:18:53.950-0400] {processor.py:183} INFO - Processing /Users/manideepakreddyaila/Desktop/projects/Legal_Insights_Engine/.venv/lib/python3.11/site-packages/airflow/example_dags/example_short_circuit_decorator.py took 0.088 seconds
[2024-04-14T17:20:48.447-0400] {processor.py:161} INFO - Started process (PID=34945) to work on /Users/manideepakreddyaila/Desktop/projects/Legal_Insights_Engine/.venv/lib/python3.11/site-packages/airflow/example_dags/example_short_circuit_decorator.py
[2024-04-14T17:20:48.448-0400] {processor.py:830} INFO - Processing file /Users/manideepakreddyaila/Desktop/projects/Legal_Insights_Engine/.venv/lib/python3.11/site-packages/airflow/example_dags/example_short_circuit_decorator.py for tasks to queue
[2024-04-14T17:20:48.449-0400] {logging_mixin.py:188} INFO - [2024-04-14T17:20:48.449-0400] {dagbag.py:540} INFO - Filling up the DagBag from /Users/manideepakreddyaila/Desktop/projects/Legal_Insights_Engine/.venv/lib/python3.11/site-packages/airflow/example_dags/example_short_circuit_decorator.py
[2024-04-14T17:20:48.495-0400] {processor.py:840} INFO - DAG(s) 'example_short_circuit_decorator' retrieved from /Users/manideepakreddyaila/Desktop/projects/Legal_Insights_Engine/.venv/lib/python3.11/site-packages/airflow/example_dags/example_short_circuit_decorator.py
[2024-04-14T17:20:48.531-0400] {logging_mixin.py:188} INFO - [2024-04-14T17:20:48.531-0400] {dag.py:3096} INFO - Sync 1 DAGs
[2024-04-14T17:20:48.537-0400] {logging_mixin.py:188} INFO - [2024-04-14T17:20:48.537-0400] {dag.py:3954} INFO - Setting next_dagrun for example_short_circuit_decorator to 2024-04-13 00:00:00+00:00, run_after=2024-04-14 00:00:00+00:00
[2024-04-14T17:20:48.543-0400] {processor.py:183} INFO - Processing /Users/manideepakreddyaila/Desktop/projects/Legal_Insights_Engine/.venv/lib/python3.11/site-packages/airflow/example_dags/example_short_circuit_decorator.py took 0.098 seconds
[2024-04-14T17:22:44.931-0400] {processor.py:161} INFO - Started process (PID=35043) to work on /Users/manideepakreddyaila/Desktop/projects/Legal_Insights_Engine/.venv/lib/python3.11/site-packages/airflow/example_dags/example_short_circuit_decorator.py
[2024-04-14T17:22:44.932-0400] {processor.py:830} INFO - Processing file /Users/manideepakreddyaila/Desktop/projects/Legal_Insights_Engine/.venv/lib/python3.11/site-packages/airflow/example_dags/example_short_circuit_decorator.py for tasks to queue
[2024-04-14T17:22:44.932-0400] {logging_mixin.py:188} INFO - [2024-04-14T17:22:44.932-0400] {dagbag.py:540} INFO - Filling up the DagBag from /Users/manideepakreddyaila/Desktop/projects/Legal_Insights_Engine/.venv/lib/python3.11/site-packages/airflow/example_dags/example_short_circuit_decorator.py
[2024-04-14T17:22:44.971-0400] {processor.py:840} INFO - DAG(s) 'example_short_circuit_decorator' retrieved from /Users/manideepakreddyaila/Desktop/projects/Legal_Insights_Engine/.venv/lib/python3.11/site-packages/airflow/example_dags/example_short_circuit_decorator.py
[2024-04-14T17:22:45.006-0400] {logging_mixin.py:188} INFO - [2024-04-14T17:22:45.006-0400] {dag.py:3096} INFO - Sync 1 DAGs
[2024-04-14T17:22:45.012-0400] {logging_mixin.py:188} INFO - [2024-04-14T17:22:45.012-0400] {dag.py:3954} INFO - Setting next_dagrun for example_short_circuit_decorator to 2024-04-13 00:00:00+00:00, run_after=2024-04-14 00:00:00+00:00
[2024-04-14T17:22:45.018-0400] {processor.py:183} INFO - Processing /Users/manideepakreddyaila/Desktop/projects/Legal_Insights_Engine/.venv/lib/python3.11/site-packages/airflow/example_dags/example_short_circuit_decorator.py took 0.088 seconds
[2024-04-14T17:24:40.466-0400] {processor.py:161} INFO - Started process (PID=35142) to work on /Users/manideepakreddyaila/Desktop/projects/Legal_Insights_Engine/.venv/lib/python3.11/site-packages/airflow/example_dags/example_short_circuit_decorator.py
[2024-04-14T17:24:40.467-0400] {processor.py:830} INFO - Processing file /Users/manideepakreddyaila/Desktop/projects/Legal_Insights_Engine/.venv/lib/python3.11/site-packages/airflow/example_dags/example_short_circuit_decorator.py for tasks to queue
[2024-04-14T17:24:40.467-0400] {logging_mixin.py:188} INFO - [2024-04-14T17:24:40.467-0400] {dagbag.py:540} INFO - Filling up the DagBag from /Users/manideepakreddyaila/Desktop/projects/Legal_Insights_Engine/.venv/lib/python3.11/site-packages/airflow/example_dags/example_short_circuit_decorator.py
[2024-04-14T17:24:40.507-0400] {processor.py:840} INFO - DAG(s) 'example_short_circuit_decorator' retrieved from /Users/manideepakreddyaila/Desktop/projects/Legal_Insights_Engine/.venv/lib/python3.11/site-packages/airflow/example_dags/example_short_circuit_decorator.py
[2024-04-14T17:24:40.542-0400] {logging_mixin.py:188} INFO - [2024-04-14T17:24:40.542-0400] {dag.py:3096} INFO - Sync 1 DAGs
[2024-04-14T17:24:40.548-0400] {logging_mixin.py:188} INFO - [2024-04-14T17:24:40.548-0400] {dag.py:3954} INFO - Setting next_dagrun for example_short_circuit_decorator to 2024-04-13 00:00:00+00:00, run_after=2024-04-14 00:00:00+00:00
[2024-04-14T17:24:40.554-0400] {processor.py:183} INFO - Processing /Users/manideepakreddyaila/Desktop/projects/Legal_Insights_Engine/.venv/lib/python3.11/site-packages/airflow/example_dags/example_short_circuit_decorator.py took 0.089 seconds
[2024-04-14T17:26:39.320-0400] {processor.py:161} INFO - Started process (PID=35247) to work on /Users/manideepakreddyaila/Desktop/projects/Legal_Insights_Engine/.venv/lib/python3.11/site-packages/airflow/example_dags/example_short_circuit_decorator.py
[2024-04-14T17:26:39.321-0400] {processor.py:830} INFO - Processing file /Users/manideepakreddyaila/Desktop/projects/Legal_Insights_Engine/.venv/lib/python3.11/site-packages/airflow/example_dags/example_short_circuit_decorator.py for tasks to queue
[2024-04-14T17:26:39.321-0400] {logging_mixin.py:188} INFO - [2024-04-14T17:26:39.321-0400] {dagbag.py:540} INFO - Filling up the DagBag from /Users/manideepakreddyaila/Desktop/projects/Legal_Insights_Engine/.venv/lib/python3.11/site-packages/airflow/example_dags/example_short_circuit_decorator.py
[2024-04-14T17:26:39.361-0400] {processor.py:840} INFO - DAG(s) 'example_short_circuit_decorator' retrieved from /Users/manideepakreddyaila/Desktop/projects/Legal_Insights_Engine/.venv/lib/python3.11/site-packages/airflow/example_dags/example_short_circuit_decorator.py
[2024-04-14T17:26:39.397-0400] {logging_mixin.py:188} INFO - [2024-04-14T17:26:39.397-0400] {dag.py:3096} INFO - Sync 1 DAGs
[2024-04-14T17:26:39.403-0400] {logging_mixin.py:188} INFO - [2024-04-14T17:26:39.403-0400] {dag.py:3954} INFO - Setting next_dagrun for example_short_circuit_decorator to 2024-04-13 00:00:00+00:00, run_after=2024-04-14 00:00:00+00:00
[2024-04-14T17:26:39.411-0400] {processor.py:183} INFO - Processing /Users/manideepakreddyaila/Desktop/projects/Legal_Insights_Engine/.venv/lib/python3.11/site-packages/airflow/example_dags/example_short_circuit_decorator.py took 0.092 seconds
[2024-04-14T17:28:33.298-0400] {processor.py:161} INFO - Started process (PID=35343) to work on /Users/manideepakreddyaila/Desktop/projects/Legal_Insights_Engine/.venv/lib/python3.11/site-packages/airflow/example_dags/example_short_circuit_decorator.py
[2024-04-14T17:28:33.299-0400] {processor.py:830} INFO - Processing file /Users/manideepakreddyaila/Desktop/projects/Legal_Insights_Engine/.venv/lib/python3.11/site-packages/airflow/example_dags/example_short_circuit_decorator.py for tasks to queue
[2024-04-14T17:28:33.299-0400] {logging_mixin.py:188} INFO - [2024-04-14T17:28:33.299-0400] {dagbag.py:540} INFO - Filling up the DagBag from /Users/manideepakreddyaila/Desktop/projects/Legal_Insights_Engine/.venv/lib/python3.11/site-packages/airflow/example_dags/example_short_circuit_decorator.py
[2024-04-14T17:28:33.340-0400] {processor.py:840} INFO - DAG(s) 'example_short_circuit_decorator' retrieved from /Users/manideepakreddyaila/Desktop/projects/Legal_Insights_Engine/.venv/lib/python3.11/site-packages/airflow/example_dags/example_short_circuit_decorator.py
[2024-04-14T17:28:33.376-0400] {logging_mixin.py:188} INFO - [2024-04-14T17:28:33.376-0400] {dag.py:3096} INFO - Sync 1 DAGs
[2024-04-14T17:28:33.382-0400] {logging_mixin.py:188} INFO - [2024-04-14T17:28:33.382-0400] {dag.py:3954} INFO - Setting next_dagrun for example_short_circuit_decorator to 2024-04-13 00:00:00+00:00, run_after=2024-04-14 00:00:00+00:00
[2024-04-14T17:28:33.388-0400] {processor.py:183} INFO - Processing /Users/manideepakreddyaila/Desktop/projects/Legal_Insights_Engine/.venv/lib/python3.11/site-packages/airflow/example_dags/example_short_circuit_decorator.py took 0.091 seconds
[2024-04-14T17:30:31.236-0400] {processor.py:161} INFO - Started process (PID=35488) to work on /Users/manideepakreddyaila/Desktop/projects/Legal_Insights_Engine/.venv/lib/python3.11/site-packages/airflow/example_dags/example_short_circuit_decorator.py
[2024-04-14T17:30:31.236-0400] {processor.py:830} INFO - Processing file /Users/manideepakreddyaila/Desktop/projects/Legal_Insights_Engine/.venv/lib/python3.11/site-packages/airflow/example_dags/example_short_circuit_decorator.py for tasks to queue
[2024-04-14T17:30:31.236-0400] {logging_mixin.py:188} INFO - [2024-04-14T17:30:31.236-0400] {dagbag.py:540} INFO - Filling up the DagBag from /Users/manideepakreddyaila/Desktop/projects/Legal_Insights_Engine/.venv/lib/python3.11/site-packages/airflow/example_dags/example_short_circuit_decorator.py
[2024-04-14T17:30:31.277-0400] {processor.py:840} INFO - DAG(s) 'example_short_circuit_decorator' retrieved from /Users/manideepakreddyaila/Desktop/projects/Legal_Insights_Engine/.venv/lib/python3.11/site-packages/airflow/example_dags/example_short_circuit_decorator.py
[2024-04-14T17:30:31.313-0400] {logging_mixin.py:188} INFO - [2024-04-14T17:30:31.313-0400] {dag.py:3096} INFO - Sync 1 DAGs
[2024-04-14T17:30:31.319-0400] {logging_mixin.py:188} INFO - [2024-04-14T17:30:31.319-0400] {dag.py:3954} INFO - Setting next_dagrun for example_short_circuit_decorator to 2024-04-13 00:00:00+00:00, run_after=2024-04-14 00:00:00+00:00
[2024-04-14T17:30:31.325-0400] {processor.py:183} INFO - Processing /Users/manideepakreddyaila/Desktop/projects/Legal_Insights_Engine/.venv/lib/python3.11/site-packages/airflow/example_dags/example_short_circuit_decorator.py took 0.091 seconds
[2024-04-14T17:32:31.284-0400] {processor.py:161} INFO - Started process (PID=35601) to work on /Users/manideepakreddyaila/Desktop/projects/Legal_Insights_Engine/.venv/lib/python3.11/site-packages/airflow/example_dags/example_short_circuit_decorator.py
[2024-04-14T17:32:31.284-0400] {processor.py:830} INFO - Processing file /Users/manideepakreddyaila/Desktop/projects/Legal_Insights_Engine/.venv/lib/python3.11/site-packages/airflow/example_dags/example_short_circuit_decorator.py for tasks to queue
[2024-04-14T17:32:31.285-0400] {logging_mixin.py:188} INFO - [2024-04-14T17:32:31.284-0400] {dagbag.py:540} INFO - Filling up the DagBag from /Users/manideepakreddyaila/Desktop/projects/Legal_Insights_Engine/.venv/lib/python3.11/site-packages/airflow/example_dags/example_short_circuit_decorator.py
[2024-04-14T17:32:31.324-0400] {processor.py:840} INFO - DAG(s) 'example_short_circuit_decorator' retrieved from /Users/manideepakreddyaila/Desktop/projects/Legal_Insights_Engine/.venv/lib/python3.11/site-packages/airflow/example_dags/example_short_circuit_decorator.py
[2024-04-14T17:32:31.360-0400] {logging_mixin.py:188} INFO - [2024-04-14T17:32:31.360-0400] {dag.py:3096} INFO - Sync 1 DAGs
[2024-04-14T17:32:31.366-0400] {logging_mixin.py:188} INFO - [2024-04-14T17:32:31.366-0400] {dag.py:3954} INFO - Setting next_dagrun for example_short_circuit_decorator to 2024-04-13 00:00:00+00:00, run_after=2024-04-14 00:00:00+00:00
[2024-04-14T17:32:31.372-0400] {processor.py:183} INFO - Processing /Users/manideepakreddyaila/Desktop/projects/Legal_Insights_Engine/.venv/lib/python3.11/site-packages/airflow/example_dags/example_short_circuit_decorator.py took 0.089 seconds
[2024-04-14T17:34:29.302-0400] {processor.py:161} INFO - Started process (PID=35694) to work on /Users/manideepakreddyaila/Desktop/projects/Legal_Insights_Engine/.venv/lib/python3.11/site-packages/airflow/example_dags/example_short_circuit_decorator.py
[2024-04-14T17:34:29.303-0400] {processor.py:830} INFO - Processing file /Users/manideepakreddyaila/Desktop/projects/Legal_Insights_Engine/.venv/lib/python3.11/site-packages/airflow/example_dags/example_short_circuit_decorator.py for tasks to queue
[2024-04-14T17:34:29.303-0400] {logging_mixin.py:188} INFO - [2024-04-14T17:34:29.303-0400] {dagbag.py:540} INFO - Filling up the DagBag from /Users/manideepakreddyaila/Desktop/projects/Legal_Insights_Engine/.venv/lib/python3.11/site-packages/airflow/example_dags/example_short_circuit_decorator.py
[2024-04-14T17:34:29.343-0400] {processor.py:840} INFO - DAG(s) 'example_short_circuit_decorator' retrieved from /Users/manideepakreddyaila/Desktop/projects/Legal_Insights_Engine/.venv/lib/python3.11/site-packages/airflow/example_dags/example_short_circuit_decorator.py
[2024-04-14T17:34:29.378-0400] {logging_mixin.py:188} INFO - [2024-04-14T17:34:29.378-0400] {dag.py:3096} INFO - Sync 1 DAGs
[2024-04-14T17:34:29.384-0400] {logging_mixin.py:188} INFO - [2024-04-14T17:34:29.384-0400] {dag.py:3954} INFO - Setting next_dagrun for example_short_circuit_decorator to 2024-04-13 00:00:00+00:00, run_after=2024-04-14 00:00:00+00:00
[2024-04-14T17:34:29.390-0400] {processor.py:183} INFO - Processing /Users/manideepakreddyaila/Desktop/projects/Legal_Insights_Engine/.venv/lib/python3.11/site-packages/airflow/example_dags/example_short_circuit_decorator.py took 0.089 seconds
[2024-04-14T17:36:28.842-0400] {processor.py:161} INFO - Started process (PID=35785) to work on /Users/manideepakreddyaila/Desktop/projects/Legal_Insights_Engine/.venv/lib/python3.11/site-packages/airflow/example_dags/example_short_circuit_decorator.py
[2024-04-14T17:36:28.843-0400] {processor.py:830} INFO - Processing file /Users/manideepakreddyaila/Desktop/projects/Legal_Insights_Engine/.venv/lib/python3.11/site-packages/airflow/example_dags/example_short_circuit_decorator.py for tasks to queue
[2024-04-14T17:36:28.843-0400] {logging_mixin.py:188} INFO - [2024-04-14T17:36:28.843-0400] {dagbag.py:540} INFO - Filling up the DagBag from /Users/manideepakreddyaila/Desktop/projects/Legal_Insights_Engine/.venv/lib/python3.11/site-packages/airflow/example_dags/example_short_circuit_decorator.py
[2024-04-14T17:36:28.882-0400] {processor.py:840} INFO - DAG(s) 'example_short_circuit_decorator' retrieved from /Users/manideepakreddyaila/Desktop/projects/Legal_Insights_Engine/.venv/lib/python3.11/site-packages/airflow/example_dags/example_short_circuit_decorator.py
[2024-04-14T17:36:28.918-0400] {logging_mixin.py:188} INFO - [2024-04-14T17:36:28.918-0400] {dag.py:3096} INFO - Sync 1 DAGs
[2024-04-14T17:36:28.924-0400] {logging_mixin.py:188} INFO - [2024-04-14T17:36:28.924-0400] {dag.py:3954} INFO - Setting next_dagrun for example_short_circuit_decorator to 2024-04-13 00:00:00+00:00, run_after=2024-04-14 00:00:00+00:00
[2024-04-14T17:36:28.930-0400] {processor.py:183} INFO - Processing /Users/manideepakreddyaila/Desktop/projects/Legal_Insights_Engine/.venv/lib/python3.11/site-packages/airflow/example_dags/example_short_circuit_decorator.py took 0.088 seconds
[2024-04-14T17:38:21.639-0400] {processor.py:161} INFO - Started process (PID=35881) to work on /Users/manideepakreddyaila/Desktop/projects/Legal_Insights_Engine/.venv/lib/python3.11/site-packages/airflow/example_dags/example_short_circuit_decorator.py
[2024-04-14T17:38:21.640-0400] {processor.py:830} INFO - Processing file /Users/manideepakreddyaila/Desktop/projects/Legal_Insights_Engine/.venv/lib/python3.11/site-packages/airflow/example_dags/example_short_circuit_decorator.py for tasks to queue
[2024-04-14T17:38:21.640-0400] {logging_mixin.py:188} INFO - [2024-04-14T17:38:21.640-0400] {dagbag.py:540} INFO - Filling up the DagBag from /Users/manideepakreddyaila/Desktop/projects/Legal_Insights_Engine/.venv/lib/python3.11/site-packages/airflow/example_dags/example_short_circuit_decorator.py
[2024-04-14T17:38:21.680-0400] {processor.py:840} INFO - DAG(s) 'example_short_circuit_decorator' retrieved from /Users/manideepakreddyaila/Desktop/projects/Legal_Insights_Engine/.venv/lib/python3.11/site-packages/airflow/example_dags/example_short_circuit_decorator.py
[2024-04-14T17:38:21.715-0400] {logging_mixin.py:188} INFO - [2024-04-14T17:38:21.715-0400] {dag.py:3096} INFO - Sync 1 DAGs
[2024-04-14T17:38:21.721-0400] {logging_mixin.py:188} INFO - [2024-04-14T17:38:21.721-0400] {dag.py:3954} INFO - Setting next_dagrun for example_short_circuit_decorator to 2024-04-13 00:00:00+00:00, run_after=2024-04-14 00:00:00+00:00
[2024-04-14T17:38:21.727-0400] {processor.py:183} INFO - Processing /Users/manideepakreddyaila/Desktop/projects/Legal_Insights_Engine/.venv/lib/python3.11/site-packages/airflow/example_dags/example_short_circuit_decorator.py took 0.089 seconds
[2024-04-14T17:40:15.175-0400] {processor.py:161} INFO - Started process (PID=35968) to work on /Users/manideepakreddyaila/Desktop/projects/Legal_Insights_Engine/.venv/lib/python3.11/site-packages/airflow/example_dags/example_short_circuit_decorator.py
[2024-04-14T17:40:15.175-0400] {processor.py:830} INFO - Processing file /Users/manideepakreddyaila/Desktop/projects/Legal_Insights_Engine/.venv/lib/python3.11/site-packages/airflow/example_dags/example_short_circuit_decorator.py for tasks to queue
[2024-04-14T17:40:15.175-0400] {logging_mixin.py:188} INFO - [2024-04-14T17:40:15.175-0400] {dagbag.py:540} INFO - Filling up the DagBag from /Users/manideepakreddyaila/Desktop/projects/Legal_Insights_Engine/.venv/lib/python3.11/site-packages/airflow/example_dags/example_short_circuit_decorator.py
[2024-04-14T17:40:15.215-0400] {processor.py:840} INFO - DAG(s) 'example_short_circuit_decorator' retrieved from /Users/manideepakreddyaila/Desktop/projects/Legal_Insights_Engine/.venv/lib/python3.11/site-packages/airflow/example_dags/example_short_circuit_decorator.py
[2024-04-14T17:40:15.251-0400] {logging_mixin.py:188} INFO - [2024-04-14T17:40:15.250-0400] {dag.py:3096} INFO - Sync 1 DAGs
[2024-04-14T17:40:15.256-0400] {logging_mixin.py:188} INFO - [2024-04-14T17:40:15.256-0400] {dag.py:3954} INFO - Setting next_dagrun for example_short_circuit_decorator to 2024-04-13 00:00:00+00:00, run_after=2024-04-14 00:00:00+00:00
[2024-04-14T17:40:15.262-0400] {processor.py:183} INFO - Processing /Users/manideepakreddyaila/Desktop/projects/Legal_Insights_Engine/.venv/lib/python3.11/site-packages/airflow/example_dags/example_short_circuit_decorator.py took 0.089 seconds
[2024-04-14T17:42:03.488-0400] {processor.py:161} INFO - Started process (PID=36056) to work on /Users/manideepakreddyaila/Desktop/projects/Legal_Insights_Engine/.venv/lib/python3.11/site-packages/airflow/example_dags/example_short_circuit_decorator.py
[2024-04-14T17:42:03.489-0400] {processor.py:830} INFO - Processing file /Users/manideepakreddyaila/Desktop/projects/Legal_Insights_Engine/.venv/lib/python3.11/site-packages/airflow/example_dags/example_short_circuit_decorator.py for tasks to queue
[2024-04-14T17:42:03.489-0400] {logging_mixin.py:188} INFO - [2024-04-14T17:42:03.489-0400] {dagbag.py:540} INFO - Filling up the DagBag from /Users/manideepakreddyaila/Desktop/projects/Legal_Insights_Engine/.venv/lib/python3.11/site-packages/airflow/example_dags/example_short_circuit_decorator.py
[2024-04-14T17:42:03.528-0400] {processor.py:840} INFO - DAG(s) 'example_short_circuit_decorator' retrieved from /Users/manideepakreddyaila/Desktop/projects/Legal_Insights_Engine/.venv/lib/python3.11/site-packages/airflow/example_dags/example_short_circuit_decorator.py
[2024-04-14T17:42:03.563-0400] {logging_mixin.py:188} INFO - [2024-04-14T17:42:03.563-0400] {dag.py:3096} INFO - Sync 1 DAGs
[2024-04-14T17:42:03.569-0400] {logging_mixin.py:188} INFO - [2024-04-14T17:42:03.569-0400] {dag.py:3954} INFO - Setting next_dagrun for example_short_circuit_decorator to 2024-04-13 00:00:00+00:00, run_after=2024-04-14 00:00:00+00:00
[2024-04-14T17:42:03.575-0400] {processor.py:183} INFO - Processing /Users/manideepakreddyaila/Desktop/projects/Legal_Insights_Engine/.venv/lib/python3.11/site-packages/airflow/example_dags/example_short_circuit_decorator.py took 0.088 seconds
[2024-04-14T17:43:57.205-0400] {processor.py:161} INFO - Started process (PID=36142) to work on /Users/manideepakreddyaila/Desktop/projects/Legal_Insights_Engine/.venv/lib/python3.11/site-packages/airflow/example_dags/example_short_circuit_decorator.py
[2024-04-14T17:43:57.208-0400] {processor.py:830} INFO - Processing file /Users/manideepakreddyaila/Desktop/projects/Legal_Insights_Engine/.venv/lib/python3.11/site-packages/airflow/example_dags/example_short_circuit_decorator.py for tasks to queue
[2024-04-14T17:43:57.208-0400] {logging_mixin.py:188} INFO - [2024-04-14T17:43:57.208-0400] {dagbag.py:540} INFO - Filling up the DagBag from /Users/manideepakreddyaila/Desktop/projects/Legal_Insights_Engine/.venv/lib/python3.11/site-packages/airflow/example_dags/example_short_circuit_decorator.py
[2024-04-14T17:43:57.247-0400] {processor.py:840} INFO - DAG(s) 'example_short_circuit_decorator' retrieved from /Users/manideepakreddyaila/Desktop/projects/Legal_Insights_Engine/.venv/lib/python3.11/site-packages/airflow/example_dags/example_short_circuit_decorator.py
[2024-04-14T17:43:57.283-0400] {logging_mixin.py:188} INFO - [2024-04-14T17:43:57.282-0400] {dag.py:3096} INFO - Sync 1 DAGs
[2024-04-14T17:43:57.288-0400] {logging_mixin.py:188} INFO - [2024-04-14T17:43:57.288-0400] {dag.py:3954} INFO - Setting next_dagrun for example_short_circuit_decorator to 2024-04-13 00:00:00+00:00, run_after=2024-04-14 00:00:00+00:00
[2024-04-14T17:43:57.294-0400] {processor.py:183} INFO - Processing /Users/manideepakreddyaila/Desktop/projects/Legal_Insights_Engine/.venv/lib/python3.11/site-packages/airflow/example_dags/example_short_circuit_decorator.py took 0.090 seconds
[2024-04-14T17:45:54.900-0400] {processor.py:161} INFO - Started process (PID=36233) to work on /Users/manideepakreddyaila/Desktop/projects/Legal_Insights_Engine/.venv/lib/python3.11/site-packages/airflow/example_dags/example_short_circuit_decorator.py
[2024-04-14T17:45:54.900-0400] {processor.py:830} INFO - Processing file /Users/manideepakreddyaila/Desktop/projects/Legal_Insights_Engine/.venv/lib/python3.11/site-packages/airflow/example_dags/example_short_circuit_decorator.py for tasks to queue
[2024-04-14T17:45:54.901-0400] {logging_mixin.py:188} INFO - [2024-04-14T17:45:54.901-0400] {dagbag.py:540} INFO - Filling up the DagBag from /Users/manideepakreddyaila/Desktop/projects/Legal_Insights_Engine/.venv/lib/python3.11/site-packages/airflow/example_dags/example_short_circuit_decorator.py
[2024-04-14T17:45:54.941-0400] {processor.py:840} INFO - DAG(s) 'example_short_circuit_decorator' retrieved from /Users/manideepakreddyaila/Desktop/projects/Legal_Insights_Engine/.venv/lib/python3.11/site-packages/airflow/example_dags/example_short_circuit_decorator.py
[2024-04-14T17:45:54.978-0400] {logging_mixin.py:188} INFO - [2024-04-14T17:45:54.978-0400] {dag.py:3096} INFO - Sync 1 DAGs
[2024-04-14T17:45:54.985-0400] {logging_mixin.py:188} INFO - [2024-04-14T17:45:54.985-0400] {dag.py:3954} INFO - Setting next_dagrun for example_short_circuit_decorator to 2024-04-13 00:00:00+00:00, run_after=2024-04-14 00:00:00+00:00
[2024-04-14T17:45:54.993-0400] {processor.py:183} INFO - Processing /Users/manideepakreddyaila/Desktop/projects/Legal_Insights_Engine/.venv/lib/python3.11/site-packages/airflow/example_dags/example_short_circuit_decorator.py took 0.094 seconds
[2024-04-14T17:47:58.702-0400] {processor.py:161} INFO - Started process (PID=36325) to work on /Users/manideepakreddyaila/Desktop/projects/Legal_Insights_Engine/.venv/lib/python3.11/site-packages/airflow/example_dags/example_short_circuit_decorator.py
[2024-04-14T17:47:58.703-0400] {processor.py:830} INFO - Processing file /Users/manideepakreddyaila/Desktop/projects/Legal_Insights_Engine/.venv/lib/python3.11/site-packages/airflow/example_dags/example_short_circuit_decorator.py for tasks to queue
[2024-04-14T17:47:58.703-0400] {logging_mixin.py:188} INFO - [2024-04-14T17:47:58.703-0400] {dagbag.py:540} INFO - Filling up the DagBag from /Users/manideepakreddyaila/Desktop/projects/Legal_Insights_Engine/.venv/lib/python3.11/site-packages/airflow/example_dags/example_short_circuit_decorator.py
[2024-04-14T17:47:58.743-0400] {processor.py:840} INFO - DAG(s) 'example_short_circuit_decorator' retrieved from /Users/manideepakreddyaila/Desktop/projects/Legal_Insights_Engine/.venv/lib/python3.11/site-packages/airflow/example_dags/example_short_circuit_decorator.py
[2024-04-14T17:47:58.781-0400] {logging_mixin.py:188} INFO - [2024-04-14T17:47:58.781-0400] {dag.py:3096} INFO - Sync 1 DAGs
[2024-04-14T17:47:58.787-0400] {logging_mixin.py:188} INFO - [2024-04-14T17:47:58.786-0400] {dag.py:3954} INFO - Setting next_dagrun for example_short_circuit_decorator to 2024-04-13 00:00:00+00:00, run_after=2024-04-14 00:00:00+00:00
[2024-04-14T17:47:58.792-0400] {processor.py:183} INFO - Processing /Users/manideepakreddyaila/Desktop/projects/Legal_Insights_Engine/.venv/lib/python3.11/site-packages/airflow/example_dags/example_short_circuit_decorator.py took 0.091 seconds
[2024-04-14T17:49:55.045-0400] {processor.py:161} INFO - Started process (PID=36423) to work on /Users/manideepakreddyaila/Desktop/projects/Legal_Insights_Engine/.venv/lib/python3.11/site-packages/airflow/example_dags/example_short_circuit_decorator.py
[2024-04-14T17:49:55.046-0400] {processor.py:830} INFO - Processing file /Users/manideepakreddyaila/Desktop/projects/Legal_Insights_Engine/.venv/lib/python3.11/site-packages/airflow/example_dags/example_short_circuit_decorator.py for tasks to queue
[2024-04-14T17:49:55.046-0400] {logging_mixin.py:188} INFO - [2024-04-14T17:49:55.046-0400] {dagbag.py:540} INFO - Filling up the DagBag from /Users/manideepakreddyaila/Desktop/projects/Legal_Insights_Engine/.venv/lib/python3.11/site-packages/airflow/example_dags/example_short_circuit_decorator.py
[2024-04-14T17:49:55.085-0400] {processor.py:840} INFO - DAG(s) 'example_short_circuit_decorator' retrieved from /Users/manideepakreddyaila/Desktop/projects/Legal_Insights_Engine/.venv/lib/python3.11/site-packages/airflow/example_dags/example_short_circuit_decorator.py
[2024-04-14T17:49:55.120-0400] {logging_mixin.py:188} INFO - [2024-04-14T17:49:55.120-0400] {dag.py:3096} INFO - Sync 1 DAGs
[2024-04-14T17:49:55.126-0400] {logging_mixin.py:188} INFO - [2024-04-14T17:49:55.126-0400] {dag.py:3954} INFO - Setting next_dagrun for example_short_circuit_decorator to 2024-04-13 00:00:00+00:00, run_after=2024-04-14 00:00:00+00:00
[2024-04-14T17:49:55.132-0400] {processor.py:183} INFO - Processing /Users/manideepakreddyaila/Desktop/projects/Legal_Insights_Engine/.venv/lib/python3.11/site-packages/airflow/example_dags/example_short_circuit_decorator.py took 0.089 seconds
[2024-04-14T17:51:51.614-0400] {processor.py:161} INFO - Started process (PID=36518) to work on /Users/manideepakreddyaila/Desktop/projects/Legal_Insights_Engine/.venv/lib/python3.11/site-packages/airflow/example_dags/example_short_circuit_decorator.py
[2024-04-14T17:51:51.615-0400] {processor.py:830} INFO - Processing file /Users/manideepakreddyaila/Desktop/projects/Legal_Insights_Engine/.venv/lib/python3.11/site-packages/airflow/example_dags/example_short_circuit_decorator.py for tasks to queue
[2024-04-14T17:51:51.615-0400] {logging_mixin.py:188} INFO - [2024-04-14T17:51:51.615-0400] {dagbag.py:540} INFO - Filling up the DagBag from /Users/manideepakreddyaila/Desktop/projects/Legal_Insights_Engine/.venv/lib/python3.11/site-packages/airflow/example_dags/example_short_circuit_decorator.py
[2024-04-14T17:51:51.654-0400] {processor.py:840} INFO - DAG(s) 'example_short_circuit_decorator' retrieved from /Users/manideepakreddyaila/Desktop/projects/Legal_Insights_Engine/.venv/lib/python3.11/site-packages/airflow/example_dags/example_short_circuit_decorator.py
[2024-04-14T17:51:51.689-0400] {logging_mixin.py:188} INFO - [2024-04-14T17:51:51.689-0400] {dag.py:3096} INFO - Sync 1 DAGs
[2024-04-14T17:51:51.695-0400] {logging_mixin.py:188} INFO - [2024-04-14T17:51:51.695-0400] {dag.py:3954} INFO - Setting next_dagrun for example_short_circuit_decorator to 2024-04-13 00:00:00+00:00, run_after=2024-04-14 00:00:00+00:00
[2024-04-14T17:51:51.701-0400] {processor.py:183} INFO - Processing /Users/manideepakreddyaila/Desktop/projects/Legal_Insights_Engine/.venv/lib/python3.11/site-packages/airflow/example_dags/example_short_circuit_decorator.py took 0.088 seconds
[2024-04-14T17:53:48.120-0400] {processor.py:161} INFO - Started process (PID=36600) to work on /Users/manideepakreddyaila/Desktop/projects/Legal_Insights_Engine/.venv/lib/python3.11/site-packages/airflow/example_dags/example_short_circuit_decorator.py
[2024-04-14T17:53:48.121-0400] {processor.py:830} INFO - Processing file /Users/manideepakreddyaila/Desktop/projects/Legal_Insights_Engine/.venv/lib/python3.11/site-packages/airflow/example_dags/example_short_circuit_decorator.py for tasks to queue
[2024-04-14T17:53:48.121-0400] {logging_mixin.py:188} INFO - [2024-04-14T17:53:48.121-0400] {dagbag.py:540} INFO - Filling up the DagBag from /Users/manideepakreddyaila/Desktop/projects/Legal_Insights_Engine/.venv/lib/python3.11/site-packages/airflow/example_dags/example_short_circuit_decorator.py
[2024-04-14T17:53:48.161-0400] {processor.py:840} INFO - DAG(s) 'example_short_circuit_decorator' retrieved from /Users/manideepakreddyaila/Desktop/projects/Legal_Insights_Engine/.venv/lib/python3.11/site-packages/airflow/example_dags/example_short_circuit_decorator.py
[2024-04-14T17:53:48.198-0400] {logging_mixin.py:188} INFO - [2024-04-14T17:53:48.198-0400] {dag.py:3096} INFO - Sync 1 DAGs
[2024-04-14T17:53:48.204-0400] {logging_mixin.py:188} INFO - [2024-04-14T17:53:48.204-0400] {dag.py:3954} INFO - Setting next_dagrun for example_short_circuit_decorator to 2024-04-13 00:00:00+00:00, run_after=2024-04-14 00:00:00+00:00
[2024-04-14T17:53:48.210-0400] {processor.py:183} INFO - Processing /Users/manideepakreddyaila/Desktop/projects/Legal_Insights_Engine/.venv/lib/python3.11/site-packages/airflow/example_dags/example_short_circuit_decorator.py took 0.091 seconds
[2024-04-14T17:55:39.652-0400] {processor.py:161} INFO - Started process (PID=36751) to work on /Users/manideepakreddyaila/Desktop/projects/Legal_Insights_Engine/.venv/lib/python3.11/site-packages/airflow/example_dags/example_short_circuit_decorator.py
[2024-04-14T17:55:39.653-0400] {processor.py:830} INFO - Processing file /Users/manideepakreddyaila/Desktop/projects/Legal_Insights_Engine/.venv/lib/python3.11/site-packages/airflow/example_dags/example_short_circuit_decorator.py for tasks to queue
[2024-04-14T17:55:39.653-0400] {logging_mixin.py:188} INFO - [2024-04-14T17:55:39.653-0400] {dagbag.py:540} INFO - Filling up the DagBag from /Users/manideepakreddyaila/Desktop/projects/Legal_Insights_Engine/.venv/lib/python3.11/site-packages/airflow/example_dags/example_short_circuit_decorator.py
[2024-04-14T17:55:39.696-0400] {processor.py:840} INFO - DAG(s) 'example_short_circuit_decorator' retrieved from /Users/manideepakreddyaila/Desktop/projects/Legal_Insights_Engine/.venv/lib/python3.11/site-packages/airflow/example_dags/example_short_circuit_decorator.py
[2024-04-14T17:55:39.732-0400] {logging_mixin.py:188} INFO - [2024-04-14T17:55:39.732-0400] {dag.py:3096} INFO - Sync 1 DAGs
[2024-04-14T17:55:39.738-0400] {logging_mixin.py:188} INFO - [2024-04-14T17:55:39.738-0400] {dag.py:3954} INFO - Setting next_dagrun for example_short_circuit_decorator to 2024-04-13 00:00:00+00:00, run_after=2024-04-14 00:00:00+00:00
[2024-04-14T17:55:39.744-0400] {processor.py:183} INFO - Processing /Users/manideepakreddyaila/Desktop/projects/Legal_Insights_Engine/.venv/lib/python3.11/site-packages/airflow/example_dags/example_short_circuit_decorator.py took 0.093 seconds
[2024-04-14T17:57:36.344-0400] {processor.py:161} INFO - Started process (PID=36849) to work on /Users/manideepakreddyaila/Desktop/projects/Legal_Insights_Engine/.venv/lib/python3.11/site-packages/airflow/example_dags/example_short_circuit_decorator.py
[2024-04-14T17:57:36.344-0400] {processor.py:830} INFO - Processing file /Users/manideepakreddyaila/Desktop/projects/Legal_Insights_Engine/.venv/lib/python3.11/site-packages/airflow/example_dags/example_short_circuit_decorator.py for tasks to queue
[2024-04-14T17:57:36.345-0400] {logging_mixin.py:188} INFO - [2024-04-14T17:57:36.345-0400] {dagbag.py:540} INFO - Filling up the DagBag from /Users/manideepakreddyaila/Desktop/projects/Legal_Insights_Engine/.venv/lib/python3.11/site-packages/airflow/example_dags/example_short_circuit_decorator.py
[2024-04-14T17:57:36.385-0400] {processor.py:840} INFO - DAG(s) 'example_short_circuit_decorator' retrieved from /Users/manideepakreddyaila/Desktop/projects/Legal_Insights_Engine/.venv/lib/python3.11/site-packages/airflow/example_dags/example_short_circuit_decorator.py
[2024-04-14T17:57:36.421-0400] {logging_mixin.py:188} INFO - [2024-04-14T17:57:36.421-0400] {dag.py:3096} INFO - Sync 1 DAGs
[2024-04-14T17:57:36.427-0400] {logging_mixin.py:188} INFO - [2024-04-14T17:57:36.427-0400] {dag.py:3954} INFO - Setting next_dagrun for example_short_circuit_decorator to 2024-04-13 00:00:00+00:00, run_after=2024-04-14 00:00:00+00:00
[2024-04-14T17:57:36.433-0400] {processor.py:183} INFO - Processing /Users/manideepakreddyaila/Desktop/projects/Legal_Insights_Engine/.venv/lib/python3.11/site-packages/airflow/example_dags/example_short_circuit_decorator.py took 0.090 seconds
[2024-04-14T17:59:32.181-0400] {processor.py:161} INFO - Started process (PID=36933) to work on /Users/manideepakreddyaila/Desktop/projects/Legal_Insights_Engine/.venv/lib/python3.11/site-packages/airflow/example_dags/example_short_circuit_decorator.py
[2024-04-14T17:59:32.182-0400] {processor.py:830} INFO - Processing file /Users/manideepakreddyaila/Desktop/projects/Legal_Insights_Engine/.venv/lib/python3.11/site-packages/airflow/example_dags/example_short_circuit_decorator.py for tasks to queue
[2024-04-14T17:59:32.182-0400] {logging_mixin.py:188} INFO - [2024-04-14T17:59:32.182-0400] {dagbag.py:540} INFO - Filling up the DagBag from /Users/manideepakreddyaila/Desktop/projects/Legal_Insights_Engine/.venv/lib/python3.11/site-packages/airflow/example_dags/example_short_circuit_decorator.py
[2024-04-14T17:59:32.223-0400] {processor.py:840} INFO - DAG(s) 'example_short_circuit_decorator' retrieved from /Users/manideepakreddyaila/Desktop/projects/Legal_Insights_Engine/.venv/lib/python3.11/site-packages/airflow/example_dags/example_short_circuit_decorator.py
[2024-04-14T17:59:32.261-0400] {logging_mixin.py:188} INFO - [2024-04-14T17:59:32.261-0400] {dag.py:3096} INFO - Sync 1 DAGs
[2024-04-14T17:59:32.267-0400] {logging_mixin.py:188} INFO - [2024-04-14T17:59:32.267-0400] {dag.py:3954} INFO - Setting next_dagrun for example_short_circuit_decorator to 2024-04-13 00:00:00+00:00, run_after=2024-04-14 00:00:00+00:00
[2024-04-14T17:59:32.273-0400] {processor.py:183} INFO - Processing /Users/manideepakreddyaila/Desktop/projects/Legal_Insights_Engine/.venv/lib/python3.11/site-packages/airflow/example_dags/example_short_circuit_decorator.py took 0.093 seconds
[2024-04-14T18:01:29.587-0400] {processor.py:161} INFO - Started process (PID=37044) to work on /Users/manideepakreddyaila/Desktop/projects/Legal_Insights_Engine/.venv/lib/python3.11/site-packages/airflow/example_dags/example_short_circuit_decorator.py
[2024-04-14T18:01:29.588-0400] {processor.py:830} INFO - Processing file /Users/manideepakreddyaila/Desktop/projects/Legal_Insights_Engine/.venv/lib/python3.11/site-packages/airflow/example_dags/example_short_circuit_decorator.py for tasks to queue
[2024-04-14T18:01:29.588-0400] {logging_mixin.py:188} INFO - [2024-04-14T18:01:29.588-0400] {dagbag.py:540} INFO - Filling up the DagBag from /Users/manideepakreddyaila/Desktop/projects/Legal_Insights_Engine/.venv/lib/python3.11/site-packages/airflow/example_dags/example_short_circuit_decorator.py
[2024-04-14T18:01:29.628-0400] {processor.py:840} INFO - DAG(s) 'example_short_circuit_decorator' retrieved from /Users/manideepakreddyaila/Desktop/projects/Legal_Insights_Engine/.venv/lib/python3.11/site-packages/airflow/example_dags/example_short_circuit_decorator.py
[2024-04-14T18:01:29.664-0400] {logging_mixin.py:188} INFO - [2024-04-14T18:01:29.664-0400] {dag.py:3096} INFO - Sync 1 DAGs
[2024-04-14T18:01:29.670-0400] {logging_mixin.py:188} INFO - [2024-04-14T18:01:29.670-0400] {dag.py:3954} INFO - Setting next_dagrun for example_short_circuit_decorator to 2024-04-13 00:00:00+00:00, run_after=2024-04-14 00:00:00+00:00
[2024-04-14T18:01:29.677-0400] {processor.py:183} INFO - Processing /Users/manideepakreddyaila/Desktop/projects/Legal_Insights_Engine/.venv/lib/python3.11/site-packages/airflow/example_dags/example_short_circuit_decorator.py took 0.090 seconds
[2024-04-14T18:03:31.289-0400] {processor.py:161} INFO - Started process (PID=37138) to work on /Users/manideepakreddyaila/Desktop/projects/Legal_Insights_Engine/.venv/lib/python3.11/site-packages/airflow/example_dags/example_short_circuit_decorator.py
[2024-04-14T18:03:31.290-0400] {processor.py:830} INFO - Processing file /Users/manideepakreddyaila/Desktop/projects/Legal_Insights_Engine/.venv/lib/python3.11/site-packages/airflow/example_dags/example_short_circuit_decorator.py for tasks to queue
[2024-04-14T18:03:31.290-0400] {logging_mixin.py:188} INFO - [2024-04-14T18:03:31.290-0400] {dagbag.py:540} INFO - Filling up the DagBag from /Users/manideepakreddyaila/Desktop/projects/Legal_Insights_Engine/.venv/lib/python3.11/site-packages/airflow/example_dags/example_short_circuit_decorator.py
[2024-04-14T18:03:31.330-0400] {processor.py:840} INFO - DAG(s) 'example_short_circuit_decorator' retrieved from /Users/manideepakreddyaila/Desktop/projects/Legal_Insights_Engine/.venv/lib/python3.11/site-packages/airflow/example_dags/example_short_circuit_decorator.py
[2024-04-14T18:03:31.366-0400] {logging_mixin.py:188} INFO - [2024-04-14T18:03:31.366-0400] {dag.py:3096} INFO - Sync 1 DAGs
[2024-04-14T18:03:31.372-0400] {logging_mixin.py:188} INFO - [2024-04-14T18:03:31.372-0400] {dag.py:3954} INFO - Setting next_dagrun for example_short_circuit_decorator to 2024-04-13 00:00:00+00:00, run_after=2024-04-14 00:00:00+00:00
[2024-04-14T18:03:31.378-0400] {processor.py:183} INFO - Processing /Users/manideepakreddyaila/Desktop/projects/Legal_Insights_Engine/.venv/lib/python3.11/site-packages/airflow/example_dags/example_short_circuit_decorator.py took 0.090 seconds
[2024-04-14T18:05:29.200-0400] {processor.py:161} INFO - Started process (PID=37226) to work on /Users/manideepakreddyaila/Desktop/projects/Legal_Insights_Engine/.venv/lib/python3.11/site-packages/airflow/example_dags/example_short_circuit_decorator.py
[2024-04-14T18:05:29.201-0400] {processor.py:830} INFO - Processing file /Users/manideepakreddyaila/Desktop/projects/Legal_Insights_Engine/.venv/lib/python3.11/site-packages/airflow/example_dags/example_short_circuit_decorator.py for tasks to queue
[2024-04-14T18:05:29.202-0400] {logging_mixin.py:188} INFO - [2024-04-14T18:05:29.202-0400] {dagbag.py:540} INFO - Filling up the DagBag from /Users/manideepakreddyaila/Desktop/projects/Legal_Insights_Engine/.venv/lib/python3.11/site-packages/airflow/example_dags/example_short_circuit_decorator.py
[2024-04-14T18:05:29.241-0400] {processor.py:840} INFO - DAG(s) 'example_short_circuit_decorator' retrieved from /Users/manideepakreddyaila/Desktop/projects/Legal_Insights_Engine/.venv/lib/python3.11/site-packages/airflow/example_dags/example_short_circuit_decorator.py
[2024-04-14T18:05:29.277-0400] {logging_mixin.py:188} INFO - [2024-04-14T18:05:29.277-0400] {dag.py:3096} INFO - Sync 1 DAGs
[2024-04-14T18:05:29.283-0400] {logging_mixin.py:188} INFO - [2024-04-14T18:05:29.282-0400] {dag.py:3954} INFO - Setting next_dagrun for example_short_circuit_decorator to 2024-04-13 00:00:00+00:00, run_after=2024-04-14 00:00:00+00:00
[2024-04-14T18:05:29.290-0400] {processor.py:183} INFO - Processing /Users/manideepakreddyaila/Desktop/projects/Legal_Insights_Engine/.venv/lib/python3.11/site-packages/airflow/example_dags/example_short_circuit_decorator.py took 0.091 seconds
[2024-04-14T18:07:28.299-0400] {processor.py:161} INFO - Started process (PID=37330) to work on /Users/manideepakreddyaila/Desktop/projects/Legal_Insights_Engine/.venv/lib/python3.11/site-packages/airflow/example_dags/example_short_circuit_decorator.py
[2024-04-14T18:07:28.300-0400] {processor.py:830} INFO - Processing file /Users/manideepakreddyaila/Desktop/projects/Legal_Insights_Engine/.venv/lib/python3.11/site-packages/airflow/example_dags/example_short_circuit_decorator.py for tasks to queue
[2024-04-14T18:07:28.300-0400] {logging_mixin.py:188} INFO - [2024-04-14T18:07:28.300-0400] {dagbag.py:540} INFO - Filling up the DagBag from /Users/manideepakreddyaila/Desktop/projects/Legal_Insights_Engine/.venv/lib/python3.11/site-packages/airflow/example_dags/example_short_circuit_decorator.py
[2024-04-14T18:07:28.344-0400] {processor.py:840} INFO - DAG(s) 'example_short_circuit_decorator' retrieved from /Users/manideepakreddyaila/Desktop/projects/Legal_Insights_Engine/.venv/lib/python3.11/site-packages/airflow/example_dags/example_short_circuit_decorator.py
[2024-04-14T18:07:28.382-0400] {logging_mixin.py:188} INFO - [2024-04-14T18:07:28.382-0400] {dag.py:3096} INFO - Sync 1 DAGs
[2024-04-14T18:07:28.388-0400] {logging_mixin.py:188} INFO - [2024-04-14T18:07:28.388-0400] {dag.py:3954} INFO - Setting next_dagrun for example_short_circuit_decorator to 2024-04-13 00:00:00+00:00, run_after=2024-04-14 00:00:00+00:00
[2024-04-14T18:07:28.394-0400] {processor.py:183} INFO - Processing /Users/manideepakreddyaila/Desktop/projects/Legal_Insights_Engine/.venv/lib/python3.11/site-packages/airflow/example_dags/example_short_circuit_decorator.py took 0.096 seconds
[2024-04-14T18:09:18.923-0400] {processor.py:161} INFO - Started process (PID=37426) to work on /Users/manideepakreddyaila/Desktop/projects/Legal_Insights_Engine/.venv/lib/python3.11/site-packages/airflow/example_dags/example_short_circuit_decorator.py
[2024-04-14T18:09:18.924-0400] {processor.py:830} INFO - Processing file /Users/manideepakreddyaila/Desktop/projects/Legal_Insights_Engine/.venv/lib/python3.11/site-packages/airflow/example_dags/example_short_circuit_decorator.py for tasks to queue
[2024-04-14T18:09:18.924-0400] {logging_mixin.py:188} INFO - [2024-04-14T18:09:18.924-0400] {dagbag.py:540} INFO - Filling up the DagBag from /Users/manideepakreddyaila/Desktop/projects/Legal_Insights_Engine/.venv/lib/python3.11/site-packages/airflow/example_dags/example_short_circuit_decorator.py
[2024-04-14T18:09:18.963-0400] {processor.py:840} INFO - DAG(s) 'example_short_circuit_decorator' retrieved from /Users/manideepakreddyaila/Desktop/projects/Legal_Insights_Engine/.venv/lib/python3.11/site-packages/airflow/example_dags/example_short_circuit_decorator.py
[2024-04-14T18:09:19.002-0400] {logging_mixin.py:188} INFO - [2024-04-14T18:09:19.001-0400] {dag.py:3096} INFO - Sync 1 DAGs
[2024-04-14T18:09:19.008-0400] {logging_mixin.py:188} INFO - [2024-04-14T18:09:19.008-0400] {dag.py:3954} INFO - Setting next_dagrun for example_short_circuit_decorator to 2024-04-13 00:00:00+00:00, run_after=2024-04-14 00:00:00+00:00
[2024-04-14T18:09:19.014-0400] {processor.py:183} INFO - Processing /Users/manideepakreddyaila/Desktop/projects/Legal_Insights_Engine/.venv/lib/python3.11/site-packages/airflow/example_dags/example_short_circuit_decorator.py took 0.092 seconds
[2024-04-14T18:11:18.447-0400] {processor.py:161} INFO - Started process (PID=37531) to work on /Users/manideepakreddyaila/Desktop/projects/Legal_Insights_Engine/.venv/lib/python3.11/site-packages/airflow/example_dags/example_short_circuit_decorator.py
[2024-04-14T18:11:18.447-0400] {processor.py:830} INFO - Processing file /Users/manideepakreddyaila/Desktop/projects/Legal_Insights_Engine/.venv/lib/python3.11/site-packages/airflow/example_dags/example_short_circuit_decorator.py for tasks to queue
[2024-04-14T18:11:18.448-0400] {logging_mixin.py:188} INFO - [2024-04-14T18:11:18.448-0400] {dagbag.py:540} INFO - Filling up the DagBag from /Users/manideepakreddyaila/Desktop/projects/Legal_Insights_Engine/.venv/lib/python3.11/site-packages/airflow/example_dags/example_short_circuit_decorator.py
[2024-04-14T18:11:18.487-0400] {processor.py:840} INFO - DAG(s) 'example_short_circuit_decorator' retrieved from /Users/manideepakreddyaila/Desktop/projects/Legal_Insights_Engine/.venv/lib/python3.11/site-packages/airflow/example_dags/example_short_circuit_decorator.py
[2024-04-14T18:11:18.523-0400] {logging_mixin.py:188} INFO - [2024-04-14T18:11:18.523-0400] {dag.py:3096} INFO - Sync 1 DAGs
[2024-04-14T18:11:18.529-0400] {logging_mixin.py:188} INFO - [2024-04-14T18:11:18.529-0400] {dag.py:3954} INFO - Setting next_dagrun for example_short_circuit_decorator to 2024-04-13 00:00:00+00:00, run_after=2024-04-14 00:00:00+00:00
[2024-04-14T18:11:18.535-0400] {processor.py:183} INFO - Processing /Users/manideepakreddyaila/Desktop/projects/Legal_Insights_Engine/.venv/lib/python3.11/site-packages/airflow/example_dags/example_short_circuit_decorator.py took 0.090 seconds
[2024-04-14T18:13:15.158-0400] {processor.py:161} INFO - Started process (PID=37641) to work on /Users/manideepakreddyaila/Desktop/projects/Legal_Insights_Engine/.venv/lib/python3.11/site-packages/airflow/example_dags/example_short_circuit_decorator.py
[2024-04-14T18:13:15.161-0400] {processor.py:830} INFO - Processing file /Users/manideepakreddyaila/Desktop/projects/Legal_Insights_Engine/.venv/lib/python3.11/site-packages/airflow/example_dags/example_short_circuit_decorator.py for tasks to queue
[2024-04-14T18:13:15.161-0400] {logging_mixin.py:188} INFO - [2024-04-14T18:13:15.161-0400] {dagbag.py:540} INFO - Filling up the DagBag from /Users/manideepakreddyaila/Desktop/projects/Legal_Insights_Engine/.venv/lib/python3.11/site-packages/airflow/example_dags/example_short_circuit_decorator.py
[2024-04-14T18:13:15.200-0400] {processor.py:840} INFO - DAG(s) 'example_short_circuit_decorator' retrieved from /Users/manideepakreddyaila/Desktop/projects/Legal_Insights_Engine/.venv/lib/python3.11/site-packages/airflow/example_dags/example_short_circuit_decorator.py
[2024-04-14T18:13:15.236-0400] {logging_mixin.py:188} INFO - [2024-04-14T18:13:15.235-0400] {dag.py:3096} INFO - Sync 1 DAGs
[2024-04-14T18:13:15.241-0400] {logging_mixin.py:188} INFO - [2024-04-14T18:13:15.241-0400] {dag.py:3954} INFO - Setting next_dagrun for example_short_circuit_decorator to 2024-04-13 00:00:00+00:00, run_after=2024-04-14 00:00:00+00:00
[2024-04-14T18:13:15.247-0400] {processor.py:183} INFO - Processing /Users/manideepakreddyaila/Desktop/projects/Legal_Insights_Engine/.venv/lib/python3.11/site-packages/airflow/example_dags/example_short_circuit_decorator.py took 0.091 seconds
[2024-04-14T18:15:14.132-0400] {processor.py:161} INFO - Started process (PID=37745) to work on /Users/manideepakreddyaila/Desktop/projects/Legal_Insights_Engine/.venv/lib/python3.11/site-packages/airflow/example_dags/example_short_circuit_decorator.py
[2024-04-14T18:15:14.133-0400] {processor.py:830} INFO - Processing file /Users/manideepakreddyaila/Desktop/projects/Legal_Insights_Engine/.venv/lib/python3.11/site-packages/airflow/example_dags/example_short_circuit_decorator.py for tasks to queue
[2024-04-14T18:15:14.133-0400] {logging_mixin.py:188} INFO - [2024-04-14T18:15:14.133-0400] {dagbag.py:540} INFO - Filling up the DagBag from /Users/manideepakreddyaila/Desktop/projects/Legal_Insights_Engine/.venv/lib/python3.11/site-packages/airflow/example_dags/example_short_circuit_decorator.py
[2024-04-14T18:15:14.174-0400] {processor.py:840} INFO - DAG(s) 'example_short_circuit_decorator' retrieved from /Users/manideepakreddyaila/Desktop/projects/Legal_Insights_Engine/.venv/lib/python3.11/site-packages/airflow/example_dags/example_short_circuit_decorator.py
[2024-04-14T18:15:14.209-0400] {logging_mixin.py:188} INFO - [2024-04-14T18:15:14.209-0400] {dag.py:3096} INFO - Sync 1 DAGs
[2024-04-14T18:15:14.216-0400] {logging_mixin.py:188} INFO - [2024-04-14T18:15:14.216-0400] {dag.py:3954} INFO - Setting next_dagrun for example_short_circuit_decorator to 2024-04-13 00:00:00+00:00, run_after=2024-04-14 00:00:00+00:00
[2024-04-14T18:15:14.222-0400] {processor.py:183} INFO - Processing /Users/manideepakreddyaila/Desktop/projects/Legal_Insights_Engine/.venv/lib/python3.11/site-packages/airflow/example_dags/example_short_circuit_decorator.py took 0.091 seconds
[2024-04-14T19:33:23.223-0400] {processor.py:161} INFO - Started process (PID=37957) to work on /Users/manideepakreddyaila/Desktop/projects/Legal_Insights_Engine/.venv/lib/python3.11/site-packages/airflow/example_dags/example_short_circuit_decorator.py
[2024-04-14T19:33:23.224-0400] {processor.py:830} INFO - Processing file /Users/manideepakreddyaila/Desktop/projects/Legal_Insights_Engine/.venv/lib/python3.11/site-packages/airflow/example_dags/example_short_circuit_decorator.py for tasks to queue
[2024-04-14T19:33:23.224-0400] {logging_mixin.py:188} INFO - [2024-04-14T19:33:23.224-0400] {dagbag.py:540} INFO - Filling up the DagBag from /Users/manideepakreddyaila/Desktop/projects/Legal_Insights_Engine/.venv/lib/python3.11/site-packages/airflow/example_dags/example_short_circuit_decorator.py
[2024-04-14T19:33:23.263-0400] {processor.py:840} INFO - DAG(s) 'example_short_circuit_decorator' retrieved from /Users/manideepakreddyaila/Desktop/projects/Legal_Insights_Engine/.venv/lib/python3.11/site-packages/airflow/example_dags/example_short_circuit_decorator.py
[2024-04-14T19:33:23.299-0400] {logging_mixin.py:188} INFO - [2024-04-14T19:33:23.298-0400] {dag.py:3096} INFO - Sync 1 DAGs
[2024-04-14T19:33:23.305-0400] {logging_mixin.py:188} INFO - [2024-04-14T19:33:23.304-0400] {dag.py:3954} INFO - Setting next_dagrun for example_short_circuit_decorator to 2024-04-13 00:00:00+00:00, run_after=2024-04-14 00:00:00+00:00
[2024-04-14T19:33:23.310-0400] {processor.py:183} INFO - Processing /Users/manideepakreddyaila/Desktop/projects/Legal_Insights_Engine/.venv/lib/python3.11/site-packages/airflow/example_dags/example_short_circuit_decorator.py took 0.089 seconds
