[2024-04-13T20:06:42.653-0400] {processor.py:161} INFO - Started process (PID=31658) to work on /Users/manideepakreddyaila/Desktop/projects/Legal_Insights_Engine/.venv/lib/python3.11/site-packages/airflow/example_dags/example_skip_dag.py
[2024-04-13T20:06:42.654-0400] {processor.py:830} INFO - Processing file /Users/manideepakreddyaila/Desktop/projects/Legal_Insights_Engine/.venv/lib/python3.11/site-packages/airflow/example_dags/example_skip_dag.py for tasks to queue
[2024-04-13T20:06:42.654-0400] {logging_mixin.py:188} INFO - [2024-04-13T20:06:42.654-0400] {dagbag.py:540} INFO - Filling up the DagBag from /Users/manideepakreddyaila/Desktop/projects/Legal_Insights_Engine/.venv/lib/python3.11/site-packages/airflow/example_dags/example_skip_dag.py
[2024-04-13T20:06:42.684-0400] {processor.py:840} INFO - DAG(s) 'example_skip_dag' retrieved from /Users/manideepakreddyaila/Desktop/projects/Legal_Insights_Engine/.venv/lib/python3.11/site-packages/airflow/example_dags/example_skip_dag.py
[2024-04-13T20:06:42.719-0400] {logging_mixin.py:188} INFO - [2024-04-13T20:06:42.719-0400] {dag.py:3096} INFO - Sync 1 DAGs
[2024-04-13T20:06:42.724-0400] {logging_mixin.py:188} INFO - [2024-04-13T20:06:42.724-0400] {dag.py:3954} INFO - Setting next_dagrun for example_skip_dag to 2024-04-13 00:00:00+00:00, run_after=2024-04-14 00:00:00+00:00
[2024-04-13T20:06:42.730-0400] {processor.py:183} INFO - Processing /Users/manideepakreddyaila/Desktop/projects/Legal_Insights_Engine/.venv/lib/python3.11/site-packages/airflow/example_dags/example_skip_dag.py took 0.079 seconds
[2024-04-13T20:08:08.675-0400] {processor.py:161} INFO - Started process (PID=31720) to work on /Users/manideepakreddyaila/Desktop/projects/Legal_Insights_Engine/.venv/lib/python3.11/site-packages/airflow/example_dags/example_skip_dag.py
[2024-04-13T20:08:08.676-0400] {processor.py:830} INFO - Processing file /Users/manideepakreddyaila/Desktop/projects/Legal_Insights_Engine/.venv/lib/python3.11/site-packages/airflow/example_dags/example_skip_dag.py for tasks to queue
[2024-04-13T20:08:08.676-0400] {logging_mixin.py:188} INFO - [2024-04-13T20:08:08.676-0400] {dagbag.py:540} INFO - Filling up the DagBag from /Users/manideepakreddyaila/Desktop/projects/Legal_Insights_Engine/.venv/lib/python3.11/site-packages/airflow/example_dags/example_skip_dag.py
[2024-04-13T20:08:08.704-0400] {processor.py:840} INFO - DAG(s) 'example_skip_dag' retrieved from /Users/manideepakreddyaila/Desktop/projects/Legal_Insights_Engine/.venv/lib/python3.11/site-packages/airflow/example_dags/example_skip_dag.py
[2024-04-13T20:08:08.740-0400] {logging_mixin.py:188} INFO - [2024-04-13T20:08:08.740-0400] {dag.py:3096} INFO - Sync 1 DAGs
[2024-04-13T20:08:08.745-0400] {logging_mixin.py:188} INFO - [2024-04-13T20:08:08.745-0400] {dag.py:3954} INFO - Setting next_dagrun for example_skip_dag to 2024-04-13 00:00:00+00:00, run_after=2024-04-14 00:00:00+00:00
[2024-04-13T20:08:08.751-0400] {processor.py:183} INFO - Processing /Users/manideepakreddyaila/Desktop/projects/Legal_Insights_Engine/.venv/lib/python3.11/site-packages/airflow/example_dags/example_skip_dag.py took 0.077 seconds
[2024-04-13T21:40:33.750-0400] {processor.py:161} INFO - Started process (PID=31845) to work on /Users/manideepakreddyaila/Desktop/projects/Legal_Insights_Engine/.venv/lib/python3.11/site-packages/airflow/example_dags/example_skip_dag.py
[2024-04-13T21:40:33.751-0400] {processor.py:830} INFO - Processing file /Users/manideepakreddyaila/Desktop/projects/Legal_Insights_Engine/.venv/lib/python3.11/site-packages/airflow/example_dags/example_skip_dag.py for tasks to queue
[2024-04-13T21:40:33.751-0400] {logging_mixin.py:188} INFO - [2024-04-13T21:40:33.751-0400] {dagbag.py:540} INFO - Filling up the DagBag from /Users/manideepakreddyaila/Desktop/projects/Legal_Insights_Engine/.venv/lib/python3.11/site-packages/airflow/example_dags/example_skip_dag.py
[2024-04-13T21:40:33.779-0400] {processor.py:840} INFO - DAG(s) 'example_skip_dag' retrieved from /Users/manideepakreddyaila/Desktop/projects/Legal_Insights_Engine/.venv/lib/python3.11/site-packages/airflow/example_dags/example_skip_dag.py
[2024-04-13T21:40:33.815-0400] {logging_mixin.py:188} INFO - [2024-04-13T21:40:33.815-0400] {dag.py:3096} INFO - Sync 1 DAGs
[2024-04-13T21:40:33.820-0400] {logging_mixin.py:188} INFO - [2024-04-13T21:40:33.820-0400] {dag.py:3954} INFO - Setting next_dagrun for example_skip_dag to 2024-04-13 00:00:00+00:00, run_after=2024-04-14 00:00:00+00:00
[2024-04-13T21:40:33.827-0400] {processor.py:183} INFO - Processing /Users/manideepakreddyaila/Desktop/projects/Legal_Insights_Engine/.venv/lib/python3.11/site-packages/airflow/example_dags/example_skip_dag.py took 0.077 seconds
[2024-04-14T00:12:34.503-0400] {processor.py:161} INFO - Started process (PID=32032) to work on /Users/manideepakreddyaila/Desktop/projects/Legal_Insights_Engine/.venv/lib/python3.11/site-packages/airflow/example_dags/example_skip_dag.py
[2024-04-14T00:12:34.504-0400] {processor.py:830} INFO - Processing file /Users/manideepakreddyaila/Desktop/projects/Legal_Insights_Engine/.venv/lib/python3.11/site-packages/airflow/example_dags/example_skip_dag.py for tasks to queue
[2024-04-14T00:12:34.504-0400] {logging_mixin.py:188} INFO - [2024-04-14T00:12:34.504-0400] {dagbag.py:540} INFO - Filling up the DagBag from /Users/manideepakreddyaila/Desktop/projects/Legal_Insights_Engine/.venv/lib/python3.11/site-packages/airflow/example_dags/example_skip_dag.py
[2024-04-14T00:12:34.534-0400] {processor.py:840} INFO - DAG(s) 'example_skip_dag' retrieved from /Users/manideepakreddyaila/Desktop/projects/Legal_Insights_Engine/.venv/lib/python3.11/site-packages/airflow/example_dags/example_skip_dag.py
[2024-04-14T00:12:34.571-0400] {logging_mixin.py:188} INFO - [2024-04-14T00:12:34.571-0400] {dag.py:3096} INFO - Sync 1 DAGs
[2024-04-14T00:12:34.576-0400] {logging_mixin.py:188} INFO - [2024-04-14T00:12:34.576-0400] {dag.py:3954} INFO - Setting next_dagrun for example_skip_dag to 2024-04-13 00:00:00+00:00, run_after=2024-04-14 00:00:00+00:00
[2024-04-14T00:12:34.582-0400] {processor.py:183} INFO - Processing /Users/manideepakreddyaila/Desktop/projects/Legal_Insights_Engine/.venv/lib/python3.11/site-packages/airflow/example_dags/example_skip_dag.py took 0.081 seconds
[2024-04-14T03:17:13.391-0400] {processor.py:161} INFO - Started process (PID=32258) to work on /Users/manideepakreddyaila/Desktop/projects/Legal_Insights_Engine/.venv/lib/python3.11/site-packages/airflow/example_dags/example_skip_dag.py
[2024-04-14T03:17:13.392-0400] {processor.py:830} INFO - Processing file /Users/manideepakreddyaila/Desktop/projects/Legal_Insights_Engine/.venv/lib/python3.11/site-packages/airflow/example_dags/example_skip_dag.py for tasks to queue
[2024-04-14T03:17:13.392-0400] {logging_mixin.py:188} INFO - [2024-04-14T03:17:13.392-0400] {dagbag.py:540} INFO - Filling up the DagBag from /Users/manideepakreddyaila/Desktop/projects/Legal_Insights_Engine/.venv/lib/python3.11/site-packages/airflow/example_dags/example_skip_dag.py
[2024-04-14T03:17:13.429-0400] {processor.py:840} INFO - DAG(s) 'example_skip_dag' retrieved from /Users/manideepakreddyaila/Desktop/projects/Legal_Insights_Engine/.venv/lib/python3.11/site-packages/airflow/example_dags/example_skip_dag.py
[2024-04-14T03:17:13.466-0400] {logging_mixin.py:188} INFO - [2024-04-14T03:17:13.466-0400] {dag.py:3096} INFO - Sync 1 DAGs
[2024-04-14T03:17:13.472-0400] {logging_mixin.py:188} INFO - [2024-04-14T03:17:13.472-0400] {dag.py:3954} INFO - Setting next_dagrun for example_skip_dag to 2024-04-13 00:00:00+00:00, run_after=2024-04-14 00:00:00+00:00
[2024-04-14T03:17:13.479-0400] {processor.py:183} INFO - Processing /Users/manideepakreddyaila/Desktop/projects/Legal_Insights_Engine/.venv/lib/python3.11/site-packages/airflow/example_dags/example_skip_dag.py took 0.089 seconds
[2024-04-14T05:55:34.584-0400] {processor.py:161} INFO - Started process (PID=32500) to work on /Users/manideepakreddyaila/Desktop/projects/Legal_Insights_Engine/.venv/lib/python3.11/site-packages/airflow/example_dags/example_skip_dag.py
[2024-04-14T05:55:34.584-0400] {processor.py:830} INFO - Processing file /Users/manideepakreddyaila/Desktop/projects/Legal_Insights_Engine/.venv/lib/python3.11/site-packages/airflow/example_dags/example_skip_dag.py for tasks to queue
[2024-04-14T05:55:34.585-0400] {logging_mixin.py:188} INFO - [2024-04-14T05:55:34.584-0400] {dagbag.py:540} INFO - Filling up the DagBag from /Users/manideepakreddyaila/Desktop/projects/Legal_Insights_Engine/.venv/lib/python3.11/site-packages/airflow/example_dags/example_skip_dag.py
[2024-04-14T06:10:33.484-0400] {processor.py:840} INFO - DAG(s) 'example_skip_dag' retrieved from /Users/manideepakreddyaila/Desktop/projects/Legal_Insights_Engine/.venv/lib/python3.11/site-packages/airflow/example_dags/example_skip_dag.py
[2024-04-14T06:10:33.726-0400] {logging_mixin.py:188} INFO - [2024-04-14T06:10:33.726-0400] {dag.py:3096} INFO - Sync 1 DAGs
[2024-04-14T06:10:33.752-0400] {logging_mixin.py:188} INFO - [2024-04-14T06:10:33.752-0400] {dag.py:3954} INFO - Setting next_dagrun for example_skip_dag to 2024-04-13 00:00:00+00:00, run_after=2024-04-14 00:00:00+00:00
[2024-04-14T06:10:33.774-0400] {processor.py:183} INFO - Processing /Users/manideepakreddyaila/Desktop/projects/Legal_Insights_Engine/.venv/lib/python3.11/site-packages/airflow/example_dags/example_skip_dag.py took 0.591 seconds
[2024-04-14T08:08:26.050-0400] {processor.py:161} INFO - Started process (PID=32693) to work on /Users/manideepakreddyaila/Desktop/projects/Legal_Insights_Engine/.venv/lib/python3.11/site-packages/airflow/example_dags/example_skip_dag.py
[2024-04-14T08:08:26.051-0400] {processor.py:830} INFO - Processing file /Users/manideepakreddyaila/Desktop/projects/Legal_Insights_Engine/.venv/lib/python3.11/site-packages/airflow/example_dags/example_skip_dag.py for tasks to queue
[2024-04-14T08:08:26.052-0400] {logging_mixin.py:188} INFO - [2024-04-14T08:08:26.051-0400] {dagbag.py:540} INFO - Filling up the DagBag from /Users/manideepakreddyaila/Desktop/projects/Legal_Insights_Engine/.venv/lib/python3.11/site-packages/airflow/example_dags/example_skip_dag.py
[2024-04-14T08:08:26.082-0400] {processor.py:840} INFO - DAG(s) 'example_skip_dag' retrieved from /Users/manideepakreddyaila/Desktop/projects/Legal_Insights_Engine/.venv/lib/python3.11/site-packages/airflow/example_dags/example_skip_dag.py
[2024-04-14T08:08:26.120-0400] {logging_mixin.py:188} INFO - [2024-04-14T08:08:26.120-0400] {dag.py:3096} INFO - Sync 1 DAGs
[2024-04-14T08:08:26.126-0400] {logging_mixin.py:188} INFO - [2024-04-14T08:08:26.126-0400] {dag.py:3954} INFO - Setting next_dagrun for example_skip_dag to 2024-04-13 00:00:00+00:00, run_after=2024-04-14 00:00:00+00:00
[2024-04-14T08:08:26.132-0400] {processor.py:183} INFO - Processing /Users/manideepakreddyaila/Desktop/projects/Legal_Insights_Engine/.venv/lib/python3.11/site-packages/airflow/example_dags/example_skip_dag.py took 0.083 seconds
[2024-04-14T08:13:55.588-0400] {processor.py:161} INFO - Started process (PID=32813) to work on /Users/manideepakreddyaila/Desktop/projects/Legal_Insights_Engine/.venv/lib/python3.11/site-packages/airflow/example_dags/example_skip_dag.py
[2024-04-14T08:13:55.589-0400] {processor.py:830} INFO - Processing file /Users/manideepakreddyaila/Desktop/projects/Legal_Insights_Engine/.venv/lib/python3.11/site-packages/airflow/example_dags/example_skip_dag.py for tasks to queue
[2024-04-14T08:13:55.589-0400] {logging_mixin.py:188} INFO - [2024-04-14T08:13:55.589-0400] {dagbag.py:540} INFO - Filling up the DagBag from /Users/manideepakreddyaila/Desktop/projects/Legal_Insights_Engine/.venv/lib/python3.11/site-packages/airflow/example_dags/example_skip_dag.py
[2024-04-14T08:13:55.619-0400] {processor.py:840} INFO - DAG(s) 'example_skip_dag' retrieved from /Users/manideepakreddyaila/Desktop/projects/Legal_Insights_Engine/.venv/lib/python3.11/site-packages/airflow/example_dags/example_skip_dag.py
[2024-04-14T08:13:55.655-0400] {logging_mixin.py:188} INFO - [2024-04-14T08:13:55.655-0400] {dag.py:3096} INFO - Sync 1 DAGs
[2024-04-14T08:13:55.662-0400] {logging_mixin.py:188} INFO - [2024-04-14T08:13:55.662-0400] {dag.py:3954} INFO - Setting next_dagrun for example_skip_dag to 2024-04-13 00:00:00+00:00, run_after=2024-04-14 00:00:00+00:00
[2024-04-14T08:13:55.670-0400] {processor.py:183} INFO - Processing /Users/manideepakreddyaila/Desktop/projects/Legal_Insights_Engine/.venv/lib/python3.11/site-packages/airflow/example_dags/example_skip_dag.py took 0.084 seconds
[2024-04-14T08:21:37.742-0400] {processor.py:161} INFO - Started process (PID=32925) to work on /Users/manideepakreddyaila/Desktop/projects/Legal_Insights_Engine/.venv/lib/python3.11/site-packages/airflow/example_dags/example_skip_dag.py
[2024-04-14T08:21:37.744-0400] {processor.py:830} INFO - Processing file /Users/manideepakreddyaila/Desktop/projects/Legal_Insights_Engine/.venv/lib/python3.11/site-packages/airflow/example_dags/example_skip_dag.py for tasks to queue
[2024-04-14T08:21:37.744-0400] {logging_mixin.py:188} INFO - [2024-04-14T08:21:37.744-0400] {dagbag.py:540} INFO - Filling up the DagBag from /Users/manideepakreddyaila/Desktop/projects/Legal_Insights_Engine/.venv/lib/python3.11/site-packages/airflow/example_dags/example_skip_dag.py
[2024-04-14T08:21:37.775-0400] {processor.py:840} INFO - DAG(s) 'example_skip_dag' retrieved from /Users/manideepakreddyaila/Desktop/projects/Legal_Insights_Engine/.venv/lib/python3.11/site-packages/airflow/example_dags/example_skip_dag.py
[2024-04-14T08:21:37.811-0400] {logging_mixin.py:188} INFO - [2024-04-14T08:21:37.811-0400] {dag.py:3096} INFO - Sync 1 DAGs
[2024-04-14T08:21:37.817-0400] {logging_mixin.py:188} INFO - [2024-04-14T08:21:37.817-0400] {dag.py:3954} INFO - Setting next_dagrun for example_skip_dag to 2024-04-13 00:00:00+00:00, run_after=2024-04-14 00:00:00+00:00
[2024-04-14T08:21:37.823-0400] {processor.py:183} INFO - Processing /Users/manideepakreddyaila/Desktop/projects/Legal_Insights_Engine/.venv/lib/python3.11/site-packages/airflow/example_dags/example_skip_dag.py took 0.082 seconds
[2024-04-14T10:38:14.502-0400] {processor.py:161} INFO - Started process (PID=33093) to work on /Users/manideepakreddyaila/Desktop/projects/Legal_Insights_Engine/.venv/lib/python3.11/site-packages/airflow/example_dags/example_skip_dag.py
[2024-04-14T10:38:14.503-0400] {processor.py:830} INFO - Processing file /Users/manideepakreddyaila/Desktop/projects/Legal_Insights_Engine/.venv/lib/python3.11/site-packages/airflow/example_dags/example_skip_dag.py for tasks to queue
[2024-04-14T10:38:14.504-0400] {logging_mixin.py:188} INFO - [2024-04-14T10:38:14.504-0400] {dagbag.py:540} INFO - Filling up the DagBag from /Users/manideepakreddyaila/Desktop/projects/Legal_Insights_Engine/.venv/lib/python3.11/site-packages/airflow/example_dags/example_skip_dag.py
[2024-04-14T10:38:14.532-0400] {processor.py:840} INFO - DAG(s) 'example_skip_dag' retrieved from /Users/manideepakreddyaila/Desktop/projects/Legal_Insights_Engine/.venv/lib/python3.11/site-packages/airflow/example_dags/example_skip_dag.py
[2024-04-14T10:38:14.567-0400] {logging_mixin.py:188} INFO - [2024-04-14T10:38:14.566-0400] {dag.py:3096} INFO - Sync 1 DAGs
[2024-04-14T10:38:14.572-0400] {logging_mixin.py:188} INFO - [2024-04-14T10:38:14.572-0400] {dag.py:3954} INFO - Setting next_dagrun for example_skip_dag to 2024-04-13 00:00:00+00:00, run_after=2024-04-14 00:00:00+00:00
[2024-04-14T10:38:14.578-0400] {processor.py:183} INFO - Processing /Users/manideepakreddyaila/Desktop/projects/Legal_Insights_Engine/.venv/lib/python3.11/site-packages/airflow/example_dags/example_skip_dag.py took 0.077 seconds
[2024-04-14T12:06:28.873-0400] {processor.py:161} INFO - Started process (PID=33241) to work on /Users/manideepakreddyaila/Desktop/projects/Legal_Insights_Engine/.venv/lib/python3.11/site-packages/airflow/example_dags/example_skip_dag.py
[2024-04-14T12:06:28.874-0400] {processor.py:830} INFO - Processing file /Users/manideepakreddyaila/Desktop/projects/Legal_Insights_Engine/.venv/lib/python3.11/site-packages/airflow/example_dags/example_skip_dag.py for tasks to queue
[2024-04-14T12:06:28.874-0400] {logging_mixin.py:188} INFO - [2024-04-14T12:06:28.874-0400] {dagbag.py:540} INFO - Filling up the DagBag from /Users/manideepakreddyaila/Desktop/projects/Legal_Insights_Engine/.venv/lib/python3.11/site-packages/airflow/example_dags/example_skip_dag.py
[2024-04-14T12:06:28.902-0400] {processor.py:840} INFO - DAG(s) 'example_skip_dag' retrieved from /Users/manideepakreddyaila/Desktop/projects/Legal_Insights_Engine/.venv/lib/python3.11/site-packages/airflow/example_dags/example_skip_dag.py
[2024-04-14T12:06:28.937-0400] {logging_mixin.py:188} INFO - [2024-04-14T12:06:28.937-0400] {dag.py:3096} INFO - Sync 1 DAGs
[2024-04-14T12:06:28.942-0400] {logging_mixin.py:188} INFO - [2024-04-14T12:06:28.942-0400] {dag.py:3954} INFO - Setting next_dagrun for example_skip_dag to 2024-04-13 00:00:00+00:00, run_after=2024-04-14 00:00:00+00:00
[2024-04-14T12:06:28.949-0400] {processor.py:183} INFO - Processing /Users/manideepakreddyaila/Desktop/projects/Legal_Insights_Engine/.venv/lib/python3.11/site-packages/airflow/example_dags/example_skip_dag.py took 0.077 seconds
[2024-04-14T13:23:54.699-0400] {processor.py:161} INFO - Started process (PID=33391) to work on /Users/manideepakreddyaila/Desktop/projects/Legal_Insights_Engine/.venv/lib/python3.11/site-packages/airflow/example_dags/example_skip_dag.py
[2024-04-14T13:23:54.700-0400] {processor.py:830} INFO - Processing file /Users/manideepakreddyaila/Desktop/projects/Legal_Insights_Engine/.venv/lib/python3.11/site-packages/airflow/example_dags/example_skip_dag.py for tasks to queue
[2024-04-14T13:23:54.700-0400] {logging_mixin.py:188} INFO - [2024-04-14T13:23:54.700-0400] {dagbag.py:540} INFO - Filling up the DagBag from /Users/manideepakreddyaila/Desktop/projects/Legal_Insights_Engine/.venv/lib/python3.11/site-packages/airflow/example_dags/example_skip_dag.py
[2024-04-14T13:23:54.728-0400] {processor.py:840} INFO - DAG(s) 'example_skip_dag' retrieved from /Users/manideepakreddyaila/Desktop/projects/Legal_Insights_Engine/.venv/lib/python3.11/site-packages/airflow/example_dags/example_skip_dag.py
[2024-04-14T13:23:54.764-0400] {logging_mixin.py:188} INFO - [2024-04-14T13:23:54.763-0400] {dag.py:3096} INFO - Sync 1 DAGs
[2024-04-14T13:23:54.769-0400] {logging_mixin.py:188} INFO - [2024-04-14T13:23:54.769-0400] {dag.py:3954} INFO - Setting next_dagrun for example_skip_dag to 2024-04-13 00:00:00+00:00, run_after=2024-04-14 00:00:00+00:00
[2024-04-14T13:23:54.775-0400] {processor.py:183} INFO - Processing /Users/manideepakreddyaila/Desktop/projects/Legal_Insights_Engine/.venv/lib/python3.11/site-packages/airflow/example_dags/example_skip_dag.py took 0.077 seconds
[2024-04-14T15:15:48.441-0400] {processor.py:161} INFO - Started process (PID=33574) to work on /Users/manideepakreddyaila/Desktop/projects/Legal_Insights_Engine/.venv/lib/python3.11/site-packages/airflow/example_dags/example_skip_dag.py
[2024-04-14T15:15:48.442-0400] {processor.py:830} INFO - Processing file /Users/manideepakreddyaila/Desktop/projects/Legal_Insights_Engine/.venv/lib/python3.11/site-packages/airflow/example_dags/example_skip_dag.py for tasks to queue
[2024-04-14T15:15:48.442-0400] {logging_mixin.py:188} INFO - [2024-04-14T15:15:48.442-0400] {dagbag.py:540} INFO - Filling up the DagBag from /Users/manideepakreddyaila/Desktop/projects/Legal_Insights_Engine/.venv/lib/python3.11/site-packages/airflow/example_dags/example_skip_dag.py
[2024-04-14T15:15:48.471-0400] {processor.py:840} INFO - DAG(s) 'example_skip_dag' retrieved from /Users/manideepakreddyaila/Desktop/projects/Legal_Insights_Engine/.venv/lib/python3.11/site-packages/airflow/example_dags/example_skip_dag.py
[2024-04-14T15:15:48.506-0400] {logging_mixin.py:188} INFO - [2024-04-14T15:15:48.506-0400] {dag.py:3096} INFO - Sync 1 DAGs
[2024-04-14T15:15:48.511-0400] {logging_mixin.py:188} INFO - [2024-04-14T15:15:48.511-0400] {dag.py:3954} INFO - Setting next_dagrun for example_skip_dag to 2024-04-13 00:00:00+00:00, run_after=2024-04-14 00:00:00+00:00
[2024-04-14T15:15:48.517-0400] {processor.py:183} INFO - Processing /Users/manideepakreddyaila/Desktop/projects/Legal_Insights_Engine/.venv/lib/python3.11/site-packages/airflow/example_dags/example_skip_dag.py took 0.077 seconds
[2024-04-14T16:36:42.640-0400] {processor.py:161} INFO - Started process (PID=33746) to work on /Users/manideepakreddyaila/Desktop/projects/Legal_Insights_Engine/.venv/lib/python3.11/site-packages/airflow/example_dags/example_skip_dag.py
[2024-04-14T16:36:42.641-0400] {processor.py:830} INFO - Processing file /Users/manideepakreddyaila/Desktop/projects/Legal_Insights_Engine/.venv/lib/python3.11/site-packages/airflow/example_dags/example_skip_dag.py for tasks to queue
[2024-04-14T16:36:42.641-0400] {logging_mixin.py:188} INFO - [2024-04-14T16:36:42.641-0400] {dagbag.py:540} INFO - Filling up the DagBag from /Users/manideepakreddyaila/Desktop/projects/Legal_Insights_Engine/.venv/lib/python3.11/site-packages/airflow/example_dags/example_skip_dag.py
[2024-04-14T16:36:42.672-0400] {processor.py:840} INFO - DAG(s) 'example_skip_dag' retrieved from /Users/manideepakreddyaila/Desktop/projects/Legal_Insights_Engine/.venv/lib/python3.11/site-packages/airflow/example_dags/example_skip_dag.py
[2024-04-14T16:36:42.708-0400] {logging_mixin.py:188} INFO - [2024-04-14T16:36:42.708-0400] {dag.py:3096} INFO - Sync 1 DAGs
[2024-04-14T16:36:42.714-0400] {logging_mixin.py:188} INFO - [2024-04-14T16:36:42.714-0400] {dag.py:3954} INFO - Setting next_dagrun for example_skip_dag to 2024-04-13 00:00:00+00:00, run_after=2024-04-14 00:00:00+00:00
[2024-04-14T16:36:42.720-0400] {processor.py:183} INFO - Processing /Users/manideepakreddyaila/Desktop/projects/Legal_Insights_Engine/.venv/lib/python3.11/site-packages/airflow/example_dags/example_skip_dag.py took 0.081 seconds
[2024-04-14T16:38:05.856-0400] {processor.py:161} INFO - Started process (PID=33818) to work on /Users/manideepakreddyaila/Desktop/projects/Legal_Insights_Engine/.venv/lib/python3.11/site-packages/airflow/example_dags/example_skip_dag.py
[2024-04-14T16:38:05.856-0400] {processor.py:830} INFO - Processing file /Users/manideepakreddyaila/Desktop/projects/Legal_Insights_Engine/.venv/lib/python3.11/site-packages/airflow/example_dags/example_skip_dag.py for tasks to queue
[2024-04-14T16:38:05.857-0400] {logging_mixin.py:188} INFO - [2024-04-14T16:38:05.856-0400] {dagbag.py:540} INFO - Filling up the DagBag from /Users/manideepakreddyaila/Desktop/projects/Legal_Insights_Engine/.venv/lib/python3.11/site-packages/airflow/example_dags/example_skip_dag.py
[2024-04-14T16:38:05.886-0400] {processor.py:840} INFO - DAG(s) 'example_skip_dag' retrieved from /Users/manideepakreddyaila/Desktop/projects/Legal_Insights_Engine/.venv/lib/python3.11/site-packages/airflow/example_dags/example_skip_dag.py
[2024-04-14T16:38:05.922-0400] {logging_mixin.py:188} INFO - [2024-04-14T16:38:05.922-0400] {dag.py:3096} INFO - Sync 1 DAGs
[2024-04-14T16:38:05.927-0400] {logging_mixin.py:188} INFO - [2024-04-14T16:38:05.927-0400] {dag.py:3954} INFO - Setting next_dagrun for example_skip_dag to 2024-04-13 00:00:00+00:00, run_after=2024-04-14 00:00:00+00:00
[2024-04-14T16:38:05.934-0400] {processor.py:183} INFO - Processing /Users/manideepakreddyaila/Desktop/projects/Legal_Insights_Engine/.venv/lib/python3.11/site-packages/airflow/example_dags/example_skip_dag.py took 0.079 seconds
[2024-04-14T16:40:05.655-0400] {processor.py:161} INFO - Started process (PID=33916) to work on /Users/manideepakreddyaila/Desktop/projects/Legal_Insights_Engine/.venv/lib/python3.11/site-packages/airflow/example_dags/example_skip_dag.py
[2024-04-14T16:40:05.655-0400] {processor.py:830} INFO - Processing file /Users/manideepakreddyaila/Desktop/projects/Legal_Insights_Engine/.venv/lib/python3.11/site-packages/airflow/example_dags/example_skip_dag.py for tasks to queue
[2024-04-14T16:40:05.655-0400] {logging_mixin.py:188} INFO - [2024-04-14T16:40:05.655-0400] {dagbag.py:540} INFO - Filling up the DagBag from /Users/manideepakreddyaila/Desktop/projects/Legal_Insights_Engine/.venv/lib/python3.11/site-packages/airflow/example_dags/example_skip_dag.py
[2024-04-14T16:40:05.684-0400] {processor.py:840} INFO - DAG(s) 'example_skip_dag' retrieved from /Users/manideepakreddyaila/Desktop/projects/Legal_Insights_Engine/.venv/lib/python3.11/site-packages/airflow/example_dags/example_skip_dag.py
[2024-04-14T16:40:05.720-0400] {logging_mixin.py:188} INFO - [2024-04-14T16:40:05.719-0400] {dag.py:3096} INFO - Sync 1 DAGs
[2024-04-14T16:40:05.725-0400] {logging_mixin.py:188} INFO - [2024-04-14T16:40:05.725-0400] {dag.py:3954} INFO - Setting next_dagrun for example_skip_dag to 2024-04-13 00:00:00+00:00, run_after=2024-04-14 00:00:00+00:00
[2024-04-14T16:40:05.731-0400] {processor.py:183} INFO - Processing /Users/manideepakreddyaila/Desktop/projects/Legal_Insights_Engine/.venv/lib/python3.11/site-packages/airflow/example_dags/example_skip_dag.py took 0.078 seconds
[2024-04-14T16:41:59.608-0400] {processor.py:161} INFO - Started process (PID=34011) to work on /Users/manideepakreddyaila/Desktop/projects/Legal_Insights_Engine/.venv/lib/python3.11/site-packages/airflow/example_dags/example_skip_dag.py
[2024-04-14T16:41:59.609-0400] {processor.py:830} INFO - Processing file /Users/manideepakreddyaila/Desktop/projects/Legal_Insights_Engine/.venv/lib/python3.11/site-packages/airflow/example_dags/example_skip_dag.py for tasks to queue
[2024-04-14T16:41:59.609-0400] {logging_mixin.py:188} INFO - [2024-04-14T16:41:59.609-0400] {dagbag.py:540} INFO - Filling up the DagBag from /Users/manideepakreddyaila/Desktop/projects/Legal_Insights_Engine/.venv/lib/python3.11/site-packages/airflow/example_dags/example_skip_dag.py
[2024-04-14T16:41:59.638-0400] {processor.py:840} INFO - DAG(s) 'example_skip_dag' retrieved from /Users/manideepakreddyaila/Desktop/projects/Legal_Insights_Engine/.venv/lib/python3.11/site-packages/airflow/example_dags/example_skip_dag.py
[2024-04-14T16:41:59.673-0400] {logging_mixin.py:188} INFO - [2024-04-14T16:41:59.673-0400] {dag.py:3096} INFO - Sync 1 DAGs
[2024-04-14T16:41:59.679-0400] {logging_mixin.py:188} INFO - [2024-04-14T16:41:59.679-0400] {dag.py:3954} INFO - Setting next_dagrun for example_skip_dag to 2024-04-13 00:00:00+00:00, run_after=2024-04-14 00:00:00+00:00
[2024-04-14T16:41:59.685-0400] {processor.py:183} INFO - Processing /Users/manideepakreddyaila/Desktop/projects/Legal_Insights_Engine/.venv/lib/python3.11/site-packages/airflow/example_dags/example_skip_dag.py took 0.078 seconds
[2024-04-14T16:43:57.259-0400] {processor.py:161} INFO - Started process (PID=34121) to work on /Users/manideepakreddyaila/Desktop/projects/Legal_Insights_Engine/.venv/lib/python3.11/site-packages/airflow/example_dags/example_skip_dag.py
[2024-04-14T16:43:57.259-0400] {processor.py:830} INFO - Processing file /Users/manideepakreddyaila/Desktop/projects/Legal_Insights_Engine/.venv/lib/python3.11/site-packages/airflow/example_dags/example_skip_dag.py for tasks to queue
[2024-04-14T16:43:57.260-0400] {logging_mixin.py:188} INFO - [2024-04-14T16:43:57.259-0400] {dagbag.py:540} INFO - Filling up the DagBag from /Users/manideepakreddyaila/Desktop/projects/Legal_Insights_Engine/.venv/lib/python3.11/site-packages/airflow/example_dags/example_skip_dag.py
[2024-04-14T16:43:57.288-0400] {processor.py:840} INFO - DAG(s) 'example_skip_dag' retrieved from /Users/manideepakreddyaila/Desktop/projects/Legal_Insights_Engine/.venv/lib/python3.11/site-packages/airflow/example_dags/example_skip_dag.py
[2024-04-14T16:43:57.323-0400] {logging_mixin.py:188} INFO - [2024-04-14T16:43:57.323-0400] {dag.py:3096} INFO - Sync 1 DAGs
[2024-04-14T16:43:57.328-0400] {logging_mixin.py:188} INFO - [2024-04-14T16:43:57.328-0400] {dag.py:3954} INFO - Setting next_dagrun for example_skip_dag to 2024-04-13 00:00:00+00:00, run_after=2024-04-14 00:00:00+00:00
[2024-04-14T16:43:57.335-0400] {processor.py:183} INFO - Processing /Users/manideepakreddyaila/Desktop/projects/Legal_Insights_Engine/.venv/lib/python3.11/site-packages/airflow/example_dags/example_skip_dag.py took 0.077 seconds
[2024-04-14T16:45:57.449-0400] {processor.py:161} INFO - Started process (PID=34224) to work on /Users/manideepakreddyaila/Desktop/projects/Legal_Insights_Engine/.venv/lib/python3.11/site-packages/airflow/example_dags/example_skip_dag.py
[2024-04-14T16:45:57.449-0400] {processor.py:830} INFO - Processing file /Users/manideepakreddyaila/Desktop/projects/Legal_Insights_Engine/.venv/lib/python3.11/site-packages/airflow/example_dags/example_skip_dag.py for tasks to queue
[2024-04-14T16:45:57.450-0400] {logging_mixin.py:188} INFO - [2024-04-14T16:45:57.449-0400] {dagbag.py:540} INFO - Filling up the DagBag from /Users/manideepakreddyaila/Desktop/projects/Legal_Insights_Engine/.venv/lib/python3.11/site-packages/airflow/example_dags/example_skip_dag.py
[2024-04-14T16:45:57.478-0400] {processor.py:840} INFO - DAG(s) 'example_skip_dag' retrieved from /Users/manideepakreddyaila/Desktop/projects/Legal_Insights_Engine/.venv/lib/python3.11/site-packages/airflow/example_dags/example_skip_dag.py
[2024-04-14T16:45:57.514-0400] {logging_mixin.py:188} INFO - [2024-04-14T16:45:57.514-0400] {dag.py:3096} INFO - Sync 1 DAGs
[2024-04-14T16:45:57.519-0400] {logging_mixin.py:188} INFO - [2024-04-14T16:45:57.519-0400] {dag.py:3954} INFO - Setting next_dagrun for example_skip_dag to 2024-04-13 00:00:00+00:00, run_after=2024-04-14 00:00:00+00:00
[2024-04-14T16:45:57.525-0400] {processor.py:183} INFO - Processing /Users/manideepakreddyaila/Desktop/projects/Legal_Insights_Engine/.venv/lib/python3.11/site-packages/airflow/example_dags/example_skip_dag.py took 0.078 seconds
[2024-04-14T16:47:55.521-0400] {processor.py:161} INFO - Started process (PID=34322) to work on /Users/manideepakreddyaila/Desktop/projects/Legal_Insights_Engine/.venv/lib/python3.11/site-packages/airflow/example_dags/example_skip_dag.py
[2024-04-14T16:47:55.522-0400] {processor.py:830} INFO - Processing file /Users/manideepakreddyaila/Desktop/projects/Legal_Insights_Engine/.venv/lib/python3.11/site-packages/airflow/example_dags/example_skip_dag.py for tasks to queue
[2024-04-14T16:47:55.522-0400] {logging_mixin.py:188} INFO - [2024-04-14T16:47:55.522-0400] {dagbag.py:540} INFO - Filling up the DagBag from /Users/manideepakreddyaila/Desktop/projects/Legal_Insights_Engine/.venv/lib/python3.11/site-packages/airflow/example_dags/example_skip_dag.py
[2024-04-14T16:47:55.551-0400] {processor.py:840} INFO - DAG(s) 'example_skip_dag' retrieved from /Users/manideepakreddyaila/Desktop/projects/Legal_Insights_Engine/.venv/lib/python3.11/site-packages/airflow/example_dags/example_skip_dag.py
[2024-04-14T16:47:55.586-0400] {logging_mixin.py:188} INFO - [2024-04-14T16:47:55.586-0400] {dag.py:3096} INFO - Sync 1 DAGs
[2024-04-14T16:47:55.591-0400] {logging_mixin.py:188} INFO - [2024-04-14T16:47:55.591-0400] {dag.py:3954} INFO - Setting next_dagrun for example_skip_dag to 2024-04-13 00:00:00+00:00, run_after=2024-04-14 00:00:00+00:00
[2024-04-14T16:47:55.598-0400] {processor.py:183} INFO - Processing /Users/manideepakreddyaila/Desktop/projects/Legal_Insights_Engine/.venv/lib/python3.11/site-packages/airflow/example_dags/example_skip_dag.py took 0.078 seconds
[2024-04-14T16:57:47.991-0400] {processor.py:161} INFO - Started process (PID=34423) to work on /Users/manideepakreddyaila/Desktop/projects/Legal_Insights_Engine/.venv/lib/python3.11/site-packages/airflow/example_dags/example_skip_dag.py
[2024-04-14T16:57:47.994-0400] {processor.py:830} INFO - Processing file /Users/manideepakreddyaila/Desktop/projects/Legal_Insights_Engine/.venv/lib/python3.11/site-packages/airflow/example_dags/example_skip_dag.py for tasks to queue
[2024-04-14T16:57:47.995-0400] {logging_mixin.py:188} INFO - [2024-04-14T16:57:47.995-0400] {dagbag.py:540} INFO - Filling up the DagBag from /Users/manideepakreddyaila/Desktop/projects/Legal_Insights_Engine/.venv/lib/python3.11/site-packages/airflow/example_dags/example_skip_dag.py
[2024-04-14T16:57:48.027-0400] {processor.py:840} INFO - DAG(s) 'example_skip_dag' retrieved from /Users/manideepakreddyaila/Desktop/projects/Legal_Insights_Engine/.venv/lib/python3.11/site-packages/airflow/example_dags/example_skip_dag.py
[2024-04-14T16:57:48.090-0400] {logging_mixin.py:188} INFO - [2024-04-14T16:57:48.090-0400] {dag.py:3096} INFO - Sync 1 DAGs
[2024-04-14T16:57:48.098-0400] {logging_mixin.py:188} INFO - [2024-04-14T16:57:48.098-0400] {dag.py:3954} INFO - Setting next_dagrun for example_skip_dag to 2024-04-13 00:00:00+00:00, run_after=2024-04-14 00:00:00+00:00
[2024-04-14T16:57:48.108-0400] {processor.py:183} INFO - Processing /Users/manideepakreddyaila/Desktop/projects/Legal_Insights_Engine/.venv/lib/python3.11/site-packages/airflow/example_dags/example_skip_dag.py took 0.118 seconds
[2024-04-14T17:16:56.888-0400] {processor.py:161} INFO - Started process (PID=34728) to work on /Users/manideepakreddyaila/Desktop/projects/Legal_Insights_Engine/.venv/lib/python3.11/site-packages/airflow/example_dags/example_skip_dag.py
[2024-04-14T17:16:56.889-0400] {processor.py:830} INFO - Processing file /Users/manideepakreddyaila/Desktop/projects/Legal_Insights_Engine/.venv/lib/python3.11/site-packages/airflow/example_dags/example_skip_dag.py for tasks to queue
[2024-04-14T17:16:56.889-0400] {logging_mixin.py:188} INFO - [2024-04-14T17:16:56.889-0400] {dagbag.py:540} INFO - Filling up the DagBag from /Users/manideepakreddyaila/Desktop/projects/Legal_Insights_Engine/.venv/lib/python3.11/site-packages/airflow/example_dags/example_skip_dag.py
[2024-04-14T17:16:56.924-0400] {processor.py:840} INFO - DAG(s) 'example_skip_dag' retrieved from /Users/manideepakreddyaila/Desktop/projects/Legal_Insights_Engine/.venv/lib/python3.11/site-packages/airflow/example_dags/example_skip_dag.py
[2024-04-14T17:16:56.963-0400] {logging_mixin.py:188} INFO - [2024-04-14T17:16:56.963-0400] {dag.py:3096} INFO - Sync 1 DAGs
[2024-04-14T17:16:56.969-0400] {logging_mixin.py:188} INFO - [2024-04-14T17:16:56.969-0400] {dag.py:3954} INFO - Setting next_dagrun for example_skip_dag to 2024-04-13 00:00:00+00:00, run_after=2024-04-14 00:00:00+00:00
[2024-04-14T17:16:56.975-0400] {processor.py:183} INFO - Processing /Users/manideepakreddyaila/Desktop/projects/Legal_Insights_Engine/.venv/lib/python3.11/site-packages/airflow/example_dags/example_skip_dag.py took 0.088 seconds
[2024-04-14T17:18:51.096-0400] {processor.py:161} INFO - Started process (PID=34844) to work on /Users/manideepakreddyaila/Desktop/projects/Legal_Insights_Engine/.venv/lib/python3.11/site-packages/airflow/example_dags/example_skip_dag.py
[2024-04-14T17:18:51.096-0400] {processor.py:830} INFO - Processing file /Users/manideepakreddyaila/Desktop/projects/Legal_Insights_Engine/.venv/lib/python3.11/site-packages/airflow/example_dags/example_skip_dag.py for tasks to queue
[2024-04-14T17:18:51.096-0400] {logging_mixin.py:188} INFO - [2024-04-14T17:18:51.096-0400] {dagbag.py:540} INFO - Filling up the DagBag from /Users/manideepakreddyaila/Desktop/projects/Legal_Insights_Engine/.venv/lib/python3.11/site-packages/airflow/example_dags/example_skip_dag.py
[2024-04-14T17:18:51.125-0400] {processor.py:840} INFO - DAG(s) 'example_skip_dag' retrieved from /Users/manideepakreddyaila/Desktop/projects/Legal_Insights_Engine/.venv/lib/python3.11/site-packages/airflow/example_dags/example_skip_dag.py
[2024-04-14T17:18:51.161-0400] {logging_mixin.py:188} INFO - [2024-04-14T17:18:51.161-0400] {dag.py:3096} INFO - Sync 1 DAGs
[2024-04-14T17:18:51.167-0400] {logging_mixin.py:188} INFO - [2024-04-14T17:18:51.166-0400] {dag.py:3954} INFO - Setting next_dagrun for example_skip_dag to 2024-04-13 00:00:00+00:00, run_after=2024-04-14 00:00:00+00:00
[2024-04-14T17:18:51.172-0400] {processor.py:183} INFO - Processing /Users/manideepakreddyaila/Desktop/projects/Legal_Insights_Engine/.venv/lib/python3.11/site-packages/airflow/example_dags/example_skip_dag.py took 0.078 seconds
[2024-04-14T17:20:44.670-0400] {processor.py:161} INFO - Started process (PID=34943) to work on /Users/manideepakreddyaila/Desktop/projects/Legal_Insights_Engine/.venv/lib/python3.11/site-packages/airflow/example_dags/example_skip_dag.py
[2024-04-14T17:20:44.671-0400] {processor.py:830} INFO - Processing file /Users/manideepakreddyaila/Desktop/projects/Legal_Insights_Engine/.venv/lib/python3.11/site-packages/airflow/example_dags/example_skip_dag.py for tasks to queue
[2024-04-14T17:20:44.671-0400] {logging_mixin.py:188} INFO - [2024-04-14T17:20:44.671-0400] {dagbag.py:540} INFO - Filling up the DagBag from /Users/manideepakreddyaila/Desktop/projects/Legal_Insights_Engine/.venv/lib/python3.11/site-packages/airflow/example_dags/example_skip_dag.py
[2024-04-14T17:20:44.699-0400] {processor.py:840} INFO - DAG(s) 'example_skip_dag' retrieved from /Users/manideepakreddyaila/Desktop/projects/Legal_Insights_Engine/.venv/lib/python3.11/site-packages/airflow/example_dags/example_skip_dag.py
[2024-04-14T17:20:44.735-0400] {logging_mixin.py:188} INFO - [2024-04-14T17:20:44.735-0400] {dag.py:3096} INFO - Sync 1 DAGs
[2024-04-14T17:20:44.740-0400] {logging_mixin.py:188} INFO - [2024-04-14T17:20:44.740-0400] {dag.py:3954} INFO - Setting next_dagrun for example_skip_dag to 2024-04-13 00:00:00+00:00, run_after=2024-04-14 00:00:00+00:00
[2024-04-14T17:20:44.746-0400] {processor.py:183} INFO - Processing /Users/manideepakreddyaila/Desktop/projects/Legal_Insights_Engine/.venv/lib/python3.11/site-packages/airflow/example_dags/example_skip_dag.py took 0.078 seconds
[2024-04-14T17:22:41.205-0400] {processor.py:161} INFO - Started process (PID=35039) to work on /Users/manideepakreddyaila/Desktop/projects/Legal_Insights_Engine/.venv/lib/python3.11/site-packages/airflow/example_dags/example_skip_dag.py
[2024-04-14T17:22:41.206-0400] {processor.py:830} INFO - Processing file /Users/manideepakreddyaila/Desktop/projects/Legal_Insights_Engine/.venv/lib/python3.11/site-packages/airflow/example_dags/example_skip_dag.py for tasks to queue
[2024-04-14T17:22:41.206-0400] {logging_mixin.py:188} INFO - [2024-04-14T17:22:41.206-0400] {dagbag.py:540} INFO - Filling up the DagBag from /Users/manideepakreddyaila/Desktop/projects/Legal_Insights_Engine/.venv/lib/python3.11/site-packages/airflow/example_dags/example_skip_dag.py
[2024-04-14T17:22:41.235-0400] {processor.py:840} INFO - DAG(s) 'example_skip_dag' retrieved from /Users/manideepakreddyaila/Desktop/projects/Legal_Insights_Engine/.venv/lib/python3.11/site-packages/airflow/example_dags/example_skip_dag.py
[2024-04-14T17:22:41.271-0400] {logging_mixin.py:188} INFO - [2024-04-14T17:22:41.270-0400] {dag.py:3096} INFO - Sync 1 DAGs
[2024-04-14T17:22:41.276-0400] {logging_mixin.py:188} INFO - [2024-04-14T17:22:41.276-0400] {dag.py:3954} INFO - Setting next_dagrun for example_skip_dag to 2024-04-13 00:00:00+00:00, run_after=2024-04-14 00:00:00+00:00
[2024-04-14T17:22:41.283-0400] {processor.py:183} INFO - Processing /Users/manideepakreddyaila/Desktop/projects/Legal_Insights_Engine/.venv/lib/python3.11/site-packages/airflow/example_dags/example_skip_dag.py took 0.079 seconds
[2024-04-14T17:24:36.724-0400] {processor.py:161} INFO - Started process (PID=35140) to work on /Users/manideepakreddyaila/Desktop/projects/Legal_Insights_Engine/.venv/lib/python3.11/site-packages/airflow/example_dags/example_skip_dag.py
[2024-04-14T17:24:36.725-0400] {processor.py:830} INFO - Processing file /Users/manideepakreddyaila/Desktop/projects/Legal_Insights_Engine/.venv/lib/python3.11/site-packages/airflow/example_dags/example_skip_dag.py for tasks to queue
[2024-04-14T17:24:36.725-0400] {logging_mixin.py:188} INFO - [2024-04-14T17:24:36.725-0400] {dagbag.py:540} INFO - Filling up the DagBag from /Users/manideepakreddyaila/Desktop/projects/Legal_Insights_Engine/.venv/lib/python3.11/site-packages/airflow/example_dags/example_skip_dag.py
[2024-04-14T17:24:36.755-0400] {processor.py:840} INFO - DAG(s) 'example_skip_dag' retrieved from /Users/manideepakreddyaila/Desktop/projects/Legal_Insights_Engine/.venv/lib/python3.11/site-packages/airflow/example_dags/example_skip_dag.py
[2024-04-14T17:24:36.792-0400] {logging_mixin.py:188} INFO - [2024-04-14T17:24:36.792-0400] {dag.py:3096} INFO - Sync 1 DAGs
[2024-04-14T17:24:36.797-0400] {logging_mixin.py:188} INFO - [2024-04-14T17:24:36.797-0400] {dag.py:3954} INFO - Setting next_dagrun for example_skip_dag to 2024-04-13 00:00:00+00:00, run_after=2024-04-14 00:00:00+00:00
[2024-04-14T17:24:36.803-0400] {processor.py:183} INFO - Processing /Users/manideepakreddyaila/Desktop/projects/Legal_Insights_Engine/.venv/lib/python3.11/site-packages/airflow/example_dags/example_skip_dag.py took 0.079 seconds
[2024-04-14T17:26:35.561-0400] {processor.py:161} INFO - Started process (PID=35244) to work on /Users/manideepakreddyaila/Desktop/projects/Legal_Insights_Engine/.venv/lib/python3.11/site-packages/airflow/example_dags/example_skip_dag.py
[2024-04-14T17:26:35.562-0400] {processor.py:830} INFO - Processing file /Users/manideepakreddyaila/Desktop/projects/Legal_Insights_Engine/.venv/lib/python3.11/site-packages/airflow/example_dags/example_skip_dag.py for tasks to queue
[2024-04-14T17:26:35.562-0400] {logging_mixin.py:188} INFO - [2024-04-14T17:26:35.562-0400] {dagbag.py:540} INFO - Filling up the DagBag from /Users/manideepakreddyaila/Desktop/projects/Legal_Insights_Engine/.venv/lib/python3.11/site-packages/airflow/example_dags/example_skip_dag.py
[2024-04-14T17:26:35.591-0400] {processor.py:840} INFO - DAG(s) 'example_skip_dag' retrieved from /Users/manideepakreddyaila/Desktop/projects/Legal_Insights_Engine/.venv/lib/python3.11/site-packages/airflow/example_dags/example_skip_dag.py
[2024-04-14T17:26:35.629-0400] {logging_mixin.py:188} INFO - [2024-04-14T17:26:35.628-0400] {dag.py:3096} INFO - Sync 1 DAGs
[2024-04-14T17:26:35.634-0400] {logging_mixin.py:188} INFO - [2024-04-14T17:26:35.634-0400] {dag.py:3954} INFO - Setting next_dagrun for example_skip_dag to 2024-04-13 00:00:00+00:00, run_after=2024-04-14 00:00:00+00:00
[2024-04-14T17:26:35.640-0400] {processor.py:183} INFO - Processing /Users/manideepakreddyaila/Desktop/projects/Legal_Insights_Engine/.venv/lib/python3.11/site-packages/airflow/example_dags/example_skip_dag.py took 0.080 seconds
[2024-04-14T17:28:30.520-0400] {processor.py:161} INFO - Started process (PID=35341) to work on /Users/manideepakreddyaila/Desktop/projects/Legal_Insights_Engine/.venv/lib/python3.11/site-packages/airflow/example_dags/example_skip_dag.py
[2024-04-14T17:28:30.521-0400] {processor.py:830} INFO - Processing file /Users/manideepakreddyaila/Desktop/projects/Legal_Insights_Engine/.venv/lib/python3.11/site-packages/airflow/example_dags/example_skip_dag.py for tasks to queue
[2024-04-14T17:28:30.521-0400] {logging_mixin.py:188} INFO - [2024-04-14T17:28:30.521-0400] {dagbag.py:540} INFO - Filling up the DagBag from /Users/manideepakreddyaila/Desktop/projects/Legal_Insights_Engine/.venv/lib/python3.11/site-packages/airflow/example_dags/example_skip_dag.py
[2024-04-14T17:28:30.551-0400] {processor.py:840} INFO - DAG(s) 'example_skip_dag' retrieved from /Users/manideepakreddyaila/Desktop/projects/Legal_Insights_Engine/.venv/lib/python3.11/site-packages/airflow/example_dags/example_skip_dag.py
[2024-04-14T17:28:30.588-0400] {logging_mixin.py:188} INFO - [2024-04-14T17:28:30.587-0400] {dag.py:3096} INFO - Sync 1 DAGs
[2024-04-14T17:28:30.593-0400] {logging_mixin.py:188} INFO - [2024-04-14T17:28:30.593-0400] {dag.py:3954} INFO - Setting next_dagrun for example_skip_dag to 2024-04-13 00:00:00+00:00, run_after=2024-04-14 00:00:00+00:00
[2024-04-14T17:28:30.600-0400] {processor.py:183} INFO - Processing /Users/manideepakreddyaila/Desktop/projects/Legal_Insights_Engine/.venv/lib/python3.11/site-packages/airflow/example_dags/example_skip_dag.py took 0.081 seconds
[2024-04-14T17:30:27.470-0400] {processor.py:161} INFO - Started process (PID=35486) to work on /Users/manideepakreddyaila/Desktop/projects/Legal_Insights_Engine/.venv/lib/python3.11/site-packages/airflow/example_dags/example_skip_dag.py
[2024-04-14T17:30:27.470-0400] {processor.py:830} INFO - Processing file /Users/manideepakreddyaila/Desktop/projects/Legal_Insights_Engine/.venv/lib/python3.11/site-packages/airflow/example_dags/example_skip_dag.py for tasks to queue
[2024-04-14T17:30:27.470-0400] {logging_mixin.py:188} INFO - [2024-04-14T17:30:27.470-0400] {dagbag.py:540} INFO - Filling up the DagBag from /Users/manideepakreddyaila/Desktop/projects/Legal_Insights_Engine/.venv/lib/python3.11/site-packages/airflow/example_dags/example_skip_dag.py
[2024-04-14T17:30:27.499-0400] {processor.py:840} INFO - DAG(s) 'example_skip_dag' retrieved from /Users/manideepakreddyaila/Desktop/projects/Legal_Insights_Engine/.venv/lib/python3.11/site-packages/airflow/example_dags/example_skip_dag.py
[2024-04-14T17:30:27.537-0400] {logging_mixin.py:188} INFO - [2024-04-14T17:30:27.536-0400] {dag.py:3096} INFO - Sync 1 DAGs
[2024-04-14T17:30:27.542-0400] {logging_mixin.py:188} INFO - [2024-04-14T17:30:27.542-0400] {dag.py:3954} INFO - Setting next_dagrun for example_skip_dag to 2024-04-13 00:00:00+00:00, run_after=2024-04-14 00:00:00+00:00
[2024-04-14T17:30:27.548-0400] {processor.py:183} INFO - Processing /Users/manideepakreddyaila/Desktop/projects/Legal_Insights_Engine/.venv/lib/python3.11/site-packages/airflow/example_dags/example_skip_dag.py took 0.080 seconds
[2024-04-14T17:32:27.506-0400] {processor.py:161} INFO - Started process (PID=35592) to work on /Users/manideepakreddyaila/Desktop/projects/Legal_Insights_Engine/.venv/lib/python3.11/site-packages/airflow/example_dags/example_skip_dag.py
[2024-04-14T17:32:27.507-0400] {processor.py:830} INFO - Processing file /Users/manideepakreddyaila/Desktop/projects/Legal_Insights_Engine/.venv/lib/python3.11/site-packages/airflow/example_dags/example_skip_dag.py for tasks to queue
[2024-04-14T17:32:27.508-0400] {logging_mixin.py:188} INFO - [2024-04-14T17:32:27.507-0400] {dagbag.py:540} INFO - Filling up the DagBag from /Users/manideepakreddyaila/Desktop/projects/Legal_Insights_Engine/.venv/lib/python3.11/site-packages/airflow/example_dags/example_skip_dag.py
[2024-04-14T17:32:27.538-0400] {processor.py:840} INFO - DAG(s) 'example_skip_dag' retrieved from /Users/manideepakreddyaila/Desktop/projects/Legal_Insights_Engine/.venv/lib/python3.11/site-packages/airflow/example_dags/example_skip_dag.py
[2024-04-14T17:32:27.577-0400] {logging_mixin.py:188} INFO - [2024-04-14T17:32:27.577-0400] {dag.py:3096} INFO - Sync 1 DAGs
[2024-04-14T17:32:27.583-0400] {logging_mixin.py:188} INFO - [2024-04-14T17:32:27.583-0400] {dag.py:3954} INFO - Setting next_dagrun for example_skip_dag to 2024-04-13 00:00:00+00:00, run_after=2024-04-14 00:00:00+00:00
[2024-04-14T17:32:27.590-0400] {processor.py:183} INFO - Processing /Users/manideepakreddyaila/Desktop/projects/Legal_Insights_Engine/.venv/lib/python3.11/site-packages/airflow/example_dags/example_skip_dag.py took 0.085 seconds
[2024-04-14T17:34:25.757-0400] {processor.py:161} INFO - Started process (PID=35691) to work on /Users/manideepakreddyaila/Desktop/projects/Legal_Insights_Engine/.venv/lib/python3.11/site-packages/airflow/example_dags/example_skip_dag.py
[2024-04-14T17:34:25.758-0400] {processor.py:830} INFO - Processing file /Users/manideepakreddyaila/Desktop/projects/Legal_Insights_Engine/.venv/lib/python3.11/site-packages/airflow/example_dags/example_skip_dag.py for tasks to queue
[2024-04-14T17:34:25.758-0400] {logging_mixin.py:188} INFO - [2024-04-14T17:34:25.758-0400] {dagbag.py:540} INFO - Filling up the DagBag from /Users/manideepakreddyaila/Desktop/projects/Legal_Insights_Engine/.venv/lib/python3.11/site-packages/airflow/example_dags/example_skip_dag.py
[2024-04-14T17:34:25.787-0400] {processor.py:840} INFO - DAG(s) 'example_skip_dag' retrieved from /Users/manideepakreddyaila/Desktop/projects/Legal_Insights_Engine/.venv/lib/python3.11/site-packages/airflow/example_dags/example_skip_dag.py
[2024-04-14T17:34:25.823-0400] {logging_mixin.py:188} INFO - [2024-04-14T17:34:25.822-0400] {dag.py:3096} INFO - Sync 1 DAGs
[2024-04-14T17:34:25.828-0400] {logging_mixin.py:188} INFO - [2024-04-14T17:34:25.828-0400] {dag.py:3954} INFO - Setting next_dagrun for example_skip_dag to 2024-04-13 00:00:00+00:00, run_after=2024-04-14 00:00:00+00:00
[2024-04-14T17:34:25.834-0400] {processor.py:183} INFO - Processing /Users/manideepakreddyaila/Desktop/projects/Legal_Insights_Engine/.venv/lib/python3.11/site-packages/airflow/example_dags/example_skip_dag.py took 0.078 seconds
[2024-04-14T17:36:25.032-0400] {processor.py:161} INFO - Started process (PID=35782) to work on /Users/manideepakreddyaila/Desktop/projects/Legal_Insights_Engine/.venv/lib/python3.11/site-packages/airflow/example_dags/example_skip_dag.py
[2024-04-14T17:36:25.034-0400] {processor.py:830} INFO - Processing file /Users/manideepakreddyaila/Desktop/projects/Legal_Insights_Engine/.venv/lib/python3.11/site-packages/airflow/example_dags/example_skip_dag.py for tasks to queue
[2024-04-14T17:36:25.034-0400] {logging_mixin.py:188} INFO - [2024-04-14T17:36:25.034-0400] {dagbag.py:540} INFO - Filling up the DagBag from /Users/manideepakreddyaila/Desktop/projects/Legal_Insights_Engine/.venv/lib/python3.11/site-packages/airflow/example_dags/example_skip_dag.py
[2024-04-14T17:36:25.065-0400] {processor.py:840} INFO - DAG(s) 'example_skip_dag' retrieved from /Users/manideepakreddyaila/Desktop/projects/Legal_Insights_Engine/.venv/lib/python3.11/site-packages/airflow/example_dags/example_skip_dag.py
[2024-04-14T17:36:25.104-0400] {logging_mixin.py:188} INFO - [2024-04-14T17:36:25.104-0400] {dag.py:3096} INFO - Sync 1 DAGs
[2024-04-14T17:36:25.109-0400] {logging_mixin.py:188} INFO - [2024-04-14T17:36:25.109-0400] {dag.py:3954} INFO - Setting next_dagrun for example_skip_dag to 2024-04-13 00:00:00+00:00, run_after=2024-04-14 00:00:00+00:00
[2024-04-14T17:36:25.116-0400] {processor.py:183} INFO - Processing /Users/manideepakreddyaila/Desktop/projects/Legal_Insights_Engine/.venv/lib/python3.11/site-packages/airflow/example_dags/example_skip_dag.py took 0.085 seconds
[2024-04-14T17:38:18.303-0400] {processor.py:161} INFO - Started process (PID=35879) to work on /Users/manideepakreddyaila/Desktop/projects/Legal_Insights_Engine/.venv/lib/python3.11/site-packages/airflow/example_dags/example_skip_dag.py
[2024-04-14T17:38:18.304-0400] {processor.py:830} INFO - Processing file /Users/manideepakreddyaila/Desktop/projects/Legal_Insights_Engine/.venv/lib/python3.11/site-packages/airflow/example_dags/example_skip_dag.py for tasks to queue
[2024-04-14T17:38:18.304-0400] {logging_mixin.py:188} INFO - [2024-04-14T17:38:18.304-0400] {dagbag.py:540} INFO - Filling up the DagBag from /Users/manideepakreddyaila/Desktop/projects/Legal_Insights_Engine/.venv/lib/python3.11/site-packages/airflow/example_dags/example_skip_dag.py
[2024-04-14T17:38:18.334-0400] {processor.py:840} INFO - DAG(s) 'example_skip_dag' retrieved from /Users/manideepakreddyaila/Desktop/projects/Legal_Insights_Engine/.venv/lib/python3.11/site-packages/airflow/example_dags/example_skip_dag.py
[2024-04-14T17:38:18.369-0400] {logging_mixin.py:188} INFO - [2024-04-14T17:38:18.369-0400] {dag.py:3096} INFO - Sync 1 DAGs
[2024-04-14T17:38:18.375-0400] {logging_mixin.py:188} INFO - [2024-04-14T17:38:18.375-0400] {dag.py:3954} INFO - Setting next_dagrun for example_skip_dag to 2024-04-13 00:00:00+00:00, run_after=2024-04-14 00:00:00+00:00
[2024-04-14T17:38:18.381-0400] {processor.py:183} INFO - Processing /Users/manideepakreddyaila/Desktop/projects/Legal_Insights_Engine/.venv/lib/python3.11/site-packages/airflow/example_dags/example_skip_dag.py took 0.079 seconds
[2024-04-14T17:40:12.063-0400] {processor.py:161} INFO - Started process (PID=35966) to work on /Users/manideepakreddyaila/Desktop/projects/Legal_Insights_Engine/.venv/lib/python3.11/site-packages/airflow/example_dags/example_skip_dag.py
[2024-04-14T17:40:12.063-0400] {processor.py:830} INFO - Processing file /Users/manideepakreddyaila/Desktop/projects/Legal_Insights_Engine/.venv/lib/python3.11/site-packages/airflow/example_dags/example_skip_dag.py for tasks to queue
[2024-04-14T17:40:12.064-0400] {logging_mixin.py:188} INFO - [2024-04-14T17:40:12.063-0400] {dagbag.py:540} INFO - Filling up the DagBag from /Users/manideepakreddyaila/Desktop/projects/Legal_Insights_Engine/.venv/lib/python3.11/site-packages/airflow/example_dags/example_skip_dag.py
[2024-04-14T17:40:12.093-0400] {processor.py:840} INFO - DAG(s) 'example_skip_dag' retrieved from /Users/manideepakreddyaila/Desktop/projects/Legal_Insights_Engine/.venv/lib/python3.11/site-packages/airflow/example_dags/example_skip_dag.py
[2024-04-14T17:40:12.129-0400] {logging_mixin.py:188} INFO - [2024-04-14T17:40:12.129-0400] {dag.py:3096} INFO - Sync 1 DAGs
[2024-04-14T17:40:12.135-0400] {logging_mixin.py:188} INFO - [2024-04-14T17:40:12.135-0400] {dag.py:3954} INFO - Setting next_dagrun for example_skip_dag to 2024-04-13 00:00:00+00:00, run_after=2024-04-14 00:00:00+00:00
[2024-04-14T17:40:12.141-0400] {processor.py:183} INFO - Processing /Users/manideepakreddyaila/Desktop/projects/Legal_Insights_Engine/.venv/lib/python3.11/site-packages/airflow/example_dags/example_skip_dag.py took 0.079 seconds
[2024-04-14T17:42:00.310-0400] {processor.py:161} INFO - Started process (PID=36054) to work on /Users/manideepakreddyaila/Desktop/projects/Legal_Insights_Engine/.venv/lib/python3.11/site-packages/airflow/example_dags/example_skip_dag.py
[2024-04-14T17:42:00.311-0400] {processor.py:830} INFO - Processing file /Users/manideepakreddyaila/Desktop/projects/Legal_Insights_Engine/.venv/lib/python3.11/site-packages/airflow/example_dags/example_skip_dag.py for tasks to queue
[2024-04-14T17:42:00.311-0400] {logging_mixin.py:188} INFO - [2024-04-14T17:42:00.311-0400] {dagbag.py:540} INFO - Filling up the DagBag from /Users/manideepakreddyaila/Desktop/projects/Legal_Insights_Engine/.venv/lib/python3.11/site-packages/airflow/example_dags/example_skip_dag.py
[2024-04-14T17:42:00.339-0400] {processor.py:840} INFO - DAG(s) 'example_skip_dag' retrieved from /Users/manideepakreddyaila/Desktop/projects/Legal_Insights_Engine/.venv/lib/python3.11/site-packages/airflow/example_dags/example_skip_dag.py
[2024-04-14T17:42:00.375-0400] {logging_mixin.py:188} INFO - [2024-04-14T17:42:00.375-0400] {dag.py:3096} INFO - Sync 1 DAGs
[2024-04-14T17:42:00.380-0400] {logging_mixin.py:188} INFO - [2024-04-14T17:42:00.380-0400] {dag.py:3954} INFO - Setting next_dagrun for example_skip_dag to 2024-04-13 00:00:00+00:00, run_after=2024-04-14 00:00:00+00:00
[2024-04-14T17:42:00.387-0400] {processor.py:183} INFO - Processing /Users/manideepakreddyaila/Desktop/projects/Legal_Insights_Engine/.venv/lib/python3.11/site-packages/airflow/example_dags/example_skip_dag.py took 0.078 seconds
[2024-04-14T17:43:55.105-0400] {processor.py:161} INFO - Started process (PID=36140) to work on /Users/manideepakreddyaila/Desktop/projects/Legal_Insights_Engine/.venv/lib/python3.11/site-packages/airflow/example_dags/example_skip_dag.py
[2024-04-14T17:43:55.107-0400] {processor.py:830} INFO - Processing file /Users/manideepakreddyaila/Desktop/projects/Legal_Insights_Engine/.venv/lib/python3.11/site-packages/airflow/example_dags/example_skip_dag.py for tasks to queue
[2024-04-14T17:43:55.107-0400] {logging_mixin.py:188} INFO - [2024-04-14T17:43:55.107-0400] {dagbag.py:540} INFO - Filling up the DagBag from /Users/manideepakreddyaila/Desktop/projects/Legal_Insights_Engine/.venv/lib/python3.11/site-packages/airflow/example_dags/example_skip_dag.py
[2024-04-14T17:43:55.136-0400] {processor.py:840} INFO - DAG(s) 'example_skip_dag' retrieved from /Users/manideepakreddyaila/Desktop/projects/Legal_Insights_Engine/.venv/lib/python3.11/site-packages/airflow/example_dags/example_skip_dag.py
[2024-04-14T17:43:55.172-0400] {logging_mixin.py:188} INFO - [2024-04-14T17:43:55.172-0400] {dag.py:3096} INFO - Sync 1 DAGs
[2024-04-14T17:43:55.177-0400] {logging_mixin.py:188} INFO - [2024-04-14T17:43:55.177-0400] {dag.py:3954} INFO - Setting next_dagrun for example_skip_dag to 2024-04-13 00:00:00+00:00, run_after=2024-04-14 00:00:00+00:00
[2024-04-14T17:43:55.183-0400] {processor.py:183} INFO - Processing /Users/manideepakreddyaila/Desktop/projects/Legal_Insights_Engine/.venv/lib/python3.11/site-packages/airflow/example_dags/example_skip_dag.py took 0.079 seconds
[2024-04-14T17:45:50.936-0400] {processor.py:161} INFO - Started process (PID=36231) to work on /Users/manideepakreddyaila/Desktop/projects/Legal_Insights_Engine/.venv/lib/python3.11/site-packages/airflow/example_dags/example_skip_dag.py
[2024-04-14T17:45:50.937-0400] {processor.py:830} INFO - Processing file /Users/manideepakreddyaila/Desktop/projects/Legal_Insights_Engine/.venv/lib/python3.11/site-packages/airflow/example_dags/example_skip_dag.py for tasks to queue
[2024-04-14T17:45:50.937-0400] {logging_mixin.py:188} INFO - [2024-04-14T17:45:50.937-0400] {dagbag.py:540} INFO - Filling up the DagBag from /Users/manideepakreddyaila/Desktop/projects/Legal_Insights_Engine/.venv/lib/python3.11/site-packages/airflow/example_dags/example_skip_dag.py
[2024-04-14T17:45:50.967-0400] {processor.py:840} INFO - DAG(s) 'example_skip_dag' retrieved from /Users/manideepakreddyaila/Desktop/projects/Legal_Insights_Engine/.venv/lib/python3.11/site-packages/airflow/example_dags/example_skip_dag.py
[2024-04-14T17:45:51.003-0400] {logging_mixin.py:188} INFO - [2024-04-14T17:45:51.003-0400] {dag.py:3096} INFO - Sync 1 DAGs
[2024-04-14T17:45:51.009-0400] {logging_mixin.py:188} INFO - [2024-04-14T17:45:51.008-0400] {dag.py:3954} INFO - Setting next_dagrun for example_skip_dag to 2024-04-13 00:00:00+00:00, run_after=2024-04-14 00:00:00+00:00
[2024-04-14T17:45:51.014-0400] {processor.py:183} INFO - Processing /Users/manideepakreddyaila/Desktop/projects/Legal_Insights_Engine/.venv/lib/python3.11/site-packages/airflow/example_dags/example_skip_dag.py took 0.079 seconds
[2024-04-14T17:47:54.962-0400] {processor.py:161} INFO - Started process (PID=36323) to work on /Users/manideepakreddyaila/Desktop/projects/Legal_Insights_Engine/.venv/lib/python3.11/site-packages/airflow/example_dags/example_skip_dag.py
[2024-04-14T17:47:54.964-0400] {processor.py:830} INFO - Processing file /Users/manideepakreddyaila/Desktop/projects/Legal_Insights_Engine/.venv/lib/python3.11/site-packages/airflow/example_dags/example_skip_dag.py for tasks to queue
[2024-04-14T17:47:54.964-0400] {logging_mixin.py:188} INFO - [2024-04-14T17:47:54.964-0400] {dagbag.py:540} INFO - Filling up the DagBag from /Users/manideepakreddyaila/Desktop/projects/Legal_Insights_Engine/.venv/lib/python3.11/site-packages/airflow/example_dags/example_skip_dag.py
[2024-04-14T17:47:54.993-0400] {processor.py:840} INFO - DAG(s) 'example_skip_dag' retrieved from /Users/manideepakreddyaila/Desktop/projects/Legal_Insights_Engine/.venv/lib/python3.11/site-packages/airflow/example_dags/example_skip_dag.py
[2024-04-14T17:47:55.029-0400] {logging_mixin.py:188} INFO - [2024-04-14T17:47:55.029-0400] {dag.py:3096} INFO - Sync 1 DAGs
[2024-04-14T17:47:55.035-0400] {logging_mixin.py:188} INFO - [2024-04-14T17:47:55.034-0400] {dag.py:3954} INFO - Setting next_dagrun for example_skip_dag to 2024-04-13 00:00:00+00:00, run_after=2024-04-14 00:00:00+00:00
[2024-04-14T17:47:55.041-0400] {processor.py:183} INFO - Processing /Users/manideepakreddyaila/Desktop/projects/Legal_Insights_Engine/.venv/lib/python3.11/site-packages/airflow/example_dags/example_skip_dag.py took 0.079 seconds
[2024-04-14T17:49:51.543-0400] {processor.py:161} INFO - Started process (PID=36421) to work on /Users/manideepakreddyaila/Desktop/projects/Legal_Insights_Engine/.venv/lib/python3.11/site-packages/airflow/example_dags/example_skip_dag.py
[2024-04-14T17:49:51.545-0400] {processor.py:830} INFO - Processing file /Users/manideepakreddyaila/Desktop/projects/Legal_Insights_Engine/.venv/lib/python3.11/site-packages/airflow/example_dags/example_skip_dag.py for tasks to queue
[2024-04-14T17:49:51.545-0400] {logging_mixin.py:188} INFO - [2024-04-14T17:49:51.545-0400] {dagbag.py:540} INFO - Filling up the DagBag from /Users/manideepakreddyaila/Desktop/projects/Legal_Insights_Engine/.venv/lib/python3.11/site-packages/airflow/example_dags/example_skip_dag.py
[2024-04-14T17:49:51.574-0400] {processor.py:840} INFO - DAG(s) 'example_skip_dag' retrieved from /Users/manideepakreddyaila/Desktop/projects/Legal_Insights_Engine/.venv/lib/python3.11/site-packages/airflow/example_dags/example_skip_dag.py
[2024-04-14T17:49:51.609-0400] {logging_mixin.py:188} INFO - [2024-04-14T17:49:51.609-0400] {dag.py:3096} INFO - Sync 1 DAGs
[2024-04-14T17:49:51.614-0400] {logging_mixin.py:188} INFO - [2024-04-14T17:49:51.614-0400] {dag.py:3954} INFO - Setting next_dagrun for example_skip_dag to 2024-04-13 00:00:00+00:00, run_after=2024-04-14 00:00:00+00:00
[2024-04-14T17:49:51.621-0400] {processor.py:183} INFO - Processing /Users/manideepakreddyaila/Desktop/projects/Legal_Insights_Engine/.venv/lib/python3.11/site-packages/airflow/example_dags/example_skip_dag.py took 0.078 seconds
[2024-04-14T17:51:48.169-0400] {processor.py:161} INFO - Started process (PID=36516) to work on /Users/manideepakreddyaila/Desktop/projects/Legal_Insights_Engine/.venv/lib/python3.11/site-packages/airflow/example_dags/example_skip_dag.py
[2024-04-14T17:51:48.170-0400] {processor.py:830} INFO - Processing file /Users/manideepakreddyaila/Desktop/projects/Legal_Insights_Engine/.venv/lib/python3.11/site-packages/airflow/example_dags/example_skip_dag.py for tasks to queue
[2024-04-14T17:51:48.170-0400] {logging_mixin.py:188} INFO - [2024-04-14T17:51:48.170-0400] {dagbag.py:540} INFO - Filling up the DagBag from /Users/manideepakreddyaila/Desktop/projects/Legal_Insights_Engine/.venv/lib/python3.11/site-packages/airflow/example_dags/example_skip_dag.py
[2024-04-14T17:51:48.199-0400] {processor.py:840} INFO - DAG(s) 'example_skip_dag' retrieved from /Users/manideepakreddyaila/Desktop/projects/Legal_Insights_Engine/.venv/lib/python3.11/site-packages/airflow/example_dags/example_skip_dag.py
[2024-04-14T17:51:48.235-0400] {logging_mixin.py:188} INFO - [2024-04-14T17:51:48.235-0400] {dag.py:3096} INFO - Sync 1 DAGs
[2024-04-14T17:51:48.241-0400] {logging_mixin.py:188} INFO - [2024-04-14T17:51:48.241-0400] {dag.py:3954} INFO - Setting next_dagrun for example_skip_dag to 2024-04-13 00:00:00+00:00, run_after=2024-04-14 00:00:00+00:00
[2024-04-14T17:51:48.247-0400] {processor.py:183} INFO - Processing /Users/manideepakreddyaila/Desktop/projects/Legal_Insights_Engine/.venv/lib/python3.11/site-packages/airflow/example_dags/example_skip_dag.py took 0.079 seconds
[2024-04-14T17:53:44.767-0400] {processor.py:161} INFO - Started process (PID=36598) to work on /Users/manideepakreddyaila/Desktop/projects/Legal_Insights_Engine/.venv/lib/python3.11/site-packages/airflow/example_dags/example_skip_dag.py
[2024-04-14T17:53:44.767-0400] {processor.py:830} INFO - Processing file /Users/manideepakreddyaila/Desktop/projects/Legal_Insights_Engine/.venv/lib/python3.11/site-packages/airflow/example_dags/example_skip_dag.py for tasks to queue
[2024-04-14T17:53:44.768-0400] {logging_mixin.py:188} INFO - [2024-04-14T17:53:44.768-0400] {dagbag.py:540} INFO - Filling up the DagBag from /Users/manideepakreddyaila/Desktop/projects/Legal_Insights_Engine/.venv/lib/python3.11/site-packages/airflow/example_dags/example_skip_dag.py
[2024-04-14T17:53:44.796-0400] {processor.py:840} INFO - DAG(s) 'example_skip_dag' retrieved from /Users/manideepakreddyaila/Desktop/projects/Legal_Insights_Engine/.venv/lib/python3.11/site-packages/airflow/example_dags/example_skip_dag.py
[2024-04-14T17:53:44.833-0400] {logging_mixin.py:188} INFO - [2024-04-14T17:53:44.833-0400] {dag.py:3096} INFO - Sync 1 DAGs
[2024-04-14T17:53:44.839-0400] {logging_mixin.py:188} INFO - [2024-04-14T17:53:44.838-0400] {dag.py:3954} INFO - Setting next_dagrun for example_skip_dag to 2024-04-13 00:00:00+00:00, run_after=2024-04-14 00:00:00+00:00
[2024-04-14T17:53:44.844-0400] {processor.py:183} INFO - Processing /Users/manideepakreddyaila/Desktop/projects/Legal_Insights_Engine/.venv/lib/python3.11/site-packages/airflow/example_dags/example_skip_dag.py took 0.079 seconds
[2024-04-14T17:55:35.867-0400] {processor.py:161} INFO - Started process (PID=36743) to work on /Users/manideepakreddyaila/Desktop/projects/Legal_Insights_Engine/.venv/lib/python3.11/site-packages/airflow/example_dags/example_skip_dag.py
[2024-04-14T17:55:35.868-0400] {processor.py:830} INFO - Processing file /Users/manideepakreddyaila/Desktop/projects/Legal_Insights_Engine/.venv/lib/python3.11/site-packages/airflow/example_dags/example_skip_dag.py for tasks to queue
[2024-04-14T17:55:35.869-0400] {logging_mixin.py:188} INFO - [2024-04-14T17:55:35.869-0400] {dagbag.py:540} INFO - Filling up the DagBag from /Users/manideepakreddyaila/Desktop/projects/Legal_Insights_Engine/.venv/lib/python3.11/site-packages/airflow/example_dags/example_skip_dag.py
[2024-04-14T17:55:35.898-0400] {processor.py:840} INFO - DAG(s) 'example_skip_dag' retrieved from /Users/manideepakreddyaila/Desktop/projects/Legal_Insights_Engine/.venv/lib/python3.11/site-packages/airflow/example_dags/example_skip_dag.py
[2024-04-14T17:55:35.935-0400] {logging_mixin.py:188} INFO - [2024-04-14T17:55:35.935-0400] {dag.py:3096} INFO - Sync 1 DAGs
[2024-04-14T17:55:35.940-0400] {logging_mixin.py:188} INFO - [2024-04-14T17:55:35.940-0400] {dag.py:3954} INFO - Setting next_dagrun for example_skip_dag to 2024-04-13 00:00:00+00:00, run_after=2024-04-14 00:00:00+00:00
[2024-04-14T17:55:35.946-0400] {processor.py:183} INFO - Processing /Users/manideepakreddyaila/Desktop/projects/Legal_Insights_Engine/.venv/lib/python3.11/site-packages/airflow/example_dags/example_skip_dag.py took 0.080 seconds
[2024-04-14T17:57:32.520-0400] {processor.py:161} INFO - Started process (PID=36837) to work on /Users/manideepakreddyaila/Desktop/projects/Legal_Insights_Engine/.venv/lib/python3.11/site-packages/airflow/example_dags/example_skip_dag.py
[2024-04-14T17:57:32.520-0400] {processor.py:830} INFO - Processing file /Users/manideepakreddyaila/Desktop/projects/Legal_Insights_Engine/.venv/lib/python3.11/site-packages/airflow/example_dags/example_skip_dag.py for tasks to queue
[2024-04-14T17:57:32.521-0400] {logging_mixin.py:188} INFO - [2024-04-14T17:57:32.521-0400] {dagbag.py:540} INFO - Filling up the DagBag from /Users/manideepakreddyaila/Desktop/projects/Legal_Insights_Engine/.venv/lib/python3.11/site-packages/airflow/example_dags/example_skip_dag.py
[2024-04-14T17:57:32.550-0400] {processor.py:840} INFO - DAG(s) 'example_skip_dag' retrieved from /Users/manideepakreddyaila/Desktop/projects/Legal_Insights_Engine/.venv/lib/python3.11/site-packages/airflow/example_dags/example_skip_dag.py
[2024-04-14T17:57:32.586-0400] {logging_mixin.py:188} INFO - [2024-04-14T17:57:32.586-0400] {dag.py:3096} INFO - Sync 1 DAGs
[2024-04-14T17:57:32.591-0400] {logging_mixin.py:188} INFO - [2024-04-14T17:57:32.591-0400] {dag.py:3954} INFO - Setting next_dagrun for example_skip_dag to 2024-04-13 00:00:00+00:00, run_after=2024-04-14 00:00:00+00:00
[2024-04-14T17:57:32.597-0400] {processor.py:183} INFO - Processing /Users/manideepakreddyaila/Desktop/projects/Legal_Insights_Engine/.venv/lib/python3.11/site-packages/airflow/example_dags/example_skip_dag.py took 0.079 seconds
[2024-04-14T17:59:28.396-0400] {processor.py:161} INFO - Started process (PID=36930) to work on /Users/manideepakreddyaila/Desktop/projects/Legal_Insights_Engine/.venv/lib/python3.11/site-packages/airflow/example_dags/example_skip_dag.py
[2024-04-14T17:59:28.397-0400] {processor.py:830} INFO - Processing file /Users/manideepakreddyaila/Desktop/projects/Legal_Insights_Engine/.venv/lib/python3.11/site-packages/airflow/example_dags/example_skip_dag.py for tasks to queue
[2024-04-14T17:59:28.397-0400] {logging_mixin.py:188} INFO - [2024-04-14T17:59:28.397-0400] {dagbag.py:540} INFO - Filling up the DagBag from /Users/manideepakreddyaila/Desktop/projects/Legal_Insights_Engine/.venv/lib/python3.11/site-packages/airflow/example_dags/example_skip_dag.py
[2024-04-14T17:59:28.426-0400] {processor.py:840} INFO - DAG(s) 'example_skip_dag' retrieved from /Users/manideepakreddyaila/Desktop/projects/Legal_Insights_Engine/.venv/lib/python3.11/site-packages/airflow/example_dags/example_skip_dag.py
[2024-04-14T17:59:28.464-0400] {logging_mixin.py:188} INFO - [2024-04-14T17:59:28.464-0400] {dag.py:3096} INFO - Sync 1 DAGs
[2024-04-14T17:59:28.469-0400] {logging_mixin.py:188} INFO - [2024-04-14T17:59:28.469-0400] {dag.py:3954} INFO - Setting next_dagrun for example_skip_dag to 2024-04-13 00:00:00+00:00, run_after=2024-04-14 00:00:00+00:00
[2024-04-14T17:59:28.475-0400] {processor.py:183} INFO - Processing /Users/manideepakreddyaila/Desktop/projects/Legal_Insights_Engine/.venv/lib/python3.11/site-packages/airflow/example_dags/example_skip_dag.py took 0.080 seconds
[2024-04-14T18:01:25.807-0400] {processor.py:161} INFO - Started process (PID=37040) to work on /Users/manideepakreddyaila/Desktop/projects/Legal_Insights_Engine/.venv/lib/python3.11/site-packages/airflow/example_dags/example_skip_dag.py
[2024-04-14T18:01:25.808-0400] {processor.py:830} INFO - Processing file /Users/manideepakreddyaila/Desktop/projects/Legal_Insights_Engine/.venv/lib/python3.11/site-packages/airflow/example_dags/example_skip_dag.py for tasks to queue
[2024-04-14T18:01:25.808-0400] {logging_mixin.py:188} INFO - [2024-04-14T18:01:25.808-0400] {dagbag.py:540} INFO - Filling up the DagBag from /Users/manideepakreddyaila/Desktop/projects/Legal_Insights_Engine/.venv/lib/python3.11/site-packages/airflow/example_dags/example_skip_dag.py
[2024-04-14T18:01:25.837-0400] {processor.py:840} INFO - DAG(s) 'example_skip_dag' retrieved from /Users/manideepakreddyaila/Desktop/projects/Legal_Insights_Engine/.venv/lib/python3.11/site-packages/airflow/example_dags/example_skip_dag.py
[2024-04-14T18:01:25.875-0400] {logging_mixin.py:188} INFO - [2024-04-14T18:01:25.875-0400] {dag.py:3096} INFO - Sync 1 DAGs
[2024-04-14T18:01:25.880-0400] {logging_mixin.py:188} INFO - [2024-04-14T18:01:25.880-0400] {dag.py:3954} INFO - Setting next_dagrun for example_skip_dag to 2024-04-13 00:00:00+00:00, run_after=2024-04-14 00:00:00+00:00
[2024-04-14T18:01:25.887-0400] {processor.py:183} INFO - Processing /Users/manideepakreddyaila/Desktop/projects/Legal_Insights_Engine/.venv/lib/python3.11/site-packages/airflow/example_dags/example_skip_dag.py took 0.081 seconds
[2024-04-14T18:03:28.139-0400] {processor.py:161} INFO - Started process (PID=37135) to work on /Users/manideepakreddyaila/Desktop/projects/Legal_Insights_Engine/.venv/lib/python3.11/site-packages/airflow/example_dags/example_skip_dag.py
[2024-04-14T18:03:28.140-0400] {processor.py:830} INFO - Processing file /Users/manideepakreddyaila/Desktop/projects/Legal_Insights_Engine/.venv/lib/python3.11/site-packages/airflow/example_dags/example_skip_dag.py for tasks to queue
[2024-04-14T18:03:28.140-0400] {logging_mixin.py:188} INFO - [2024-04-14T18:03:28.140-0400] {dagbag.py:540} INFO - Filling up the DagBag from /Users/manideepakreddyaila/Desktop/projects/Legal_Insights_Engine/.venv/lib/python3.11/site-packages/airflow/example_dags/example_skip_dag.py
[2024-04-14T18:03:28.169-0400] {processor.py:840} INFO - DAG(s) 'example_skip_dag' retrieved from /Users/manideepakreddyaila/Desktop/projects/Legal_Insights_Engine/.venv/lib/python3.11/site-packages/airflow/example_dags/example_skip_dag.py
[2024-04-14T18:03:28.208-0400] {logging_mixin.py:188} INFO - [2024-04-14T18:03:28.208-0400] {dag.py:3096} INFO - Sync 1 DAGs
[2024-04-14T18:03:28.214-0400] {logging_mixin.py:188} INFO - [2024-04-14T18:03:28.214-0400] {dag.py:3954} INFO - Setting next_dagrun for example_skip_dag to 2024-04-13 00:00:00+00:00, run_after=2024-04-14 00:00:00+00:00
[2024-04-14T18:03:28.220-0400] {processor.py:183} INFO - Processing /Users/manideepakreddyaila/Desktop/projects/Legal_Insights_Engine/.venv/lib/python3.11/site-packages/airflow/example_dags/example_skip_dag.py took 0.082 seconds
[2024-04-14T18:05:25.385-0400] {processor.py:161} INFO - Started process (PID=37224) to work on /Users/manideepakreddyaila/Desktop/projects/Legal_Insights_Engine/.venv/lib/python3.11/site-packages/airflow/example_dags/example_skip_dag.py
[2024-04-14T18:05:25.385-0400] {processor.py:830} INFO - Processing file /Users/manideepakreddyaila/Desktop/projects/Legal_Insights_Engine/.venv/lib/python3.11/site-packages/airflow/example_dags/example_skip_dag.py for tasks to queue
[2024-04-14T18:05:25.386-0400] {logging_mixin.py:188} INFO - [2024-04-14T18:05:25.385-0400] {dagbag.py:540} INFO - Filling up the DagBag from /Users/manideepakreddyaila/Desktop/projects/Legal_Insights_Engine/.venv/lib/python3.11/site-packages/airflow/example_dags/example_skip_dag.py
[2024-04-14T18:05:25.414-0400] {processor.py:840} INFO - DAG(s) 'example_skip_dag' retrieved from /Users/manideepakreddyaila/Desktop/projects/Legal_Insights_Engine/.venv/lib/python3.11/site-packages/airflow/example_dags/example_skip_dag.py
[2024-04-14T18:05:25.450-0400] {logging_mixin.py:188} INFO - [2024-04-14T18:05:25.450-0400] {dag.py:3096} INFO - Sync 1 DAGs
[2024-04-14T18:05:25.455-0400] {logging_mixin.py:188} INFO - [2024-04-14T18:05:25.455-0400] {dag.py:3954} INFO - Setting next_dagrun for example_skip_dag to 2024-04-13 00:00:00+00:00, run_after=2024-04-14 00:00:00+00:00
[2024-04-14T18:05:25.461-0400] {processor.py:183} INFO - Processing /Users/manideepakreddyaila/Desktop/projects/Legal_Insights_Engine/.venv/lib/python3.11/site-packages/airflow/example_dags/example_skip_dag.py took 0.077 seconds
[2024-04-14T18:07:24.499-0400] {processor.py:161} INFO - Started process (PID=37328) to work on /Users/manideepakreddyaila/Desktop/projects/Legal_Insights_Engine/.venv/lib/python3.11/site-packages/airflow/example_dags/example_skip_dag.py
[2024-04-14T18:07:24.499-0400] {processor.py:830} INFO - Processing file /Users/manideepakreddyaila/Desktop/projects/Legal_Insights_Engine/.venv/lib/python3.11/site-packages/airflow/example_dags/example_skip_dag.py for tasks to queue
[2024-04-14T18:07:24.500-0400] {logging_mixin.py:188} INFO - [2024-04-14T18:07:24.500-0400] {dagbag.py:540} INFO - Filling up the DagBag from /Users/manideepakreddyaila/Desktop/projects/Legal_Insights_Engine/.venv/lib/python3.11/site-packages/airflow/example_dags/example_skip_dag.py
[2024-04-14T18:07:24.529-0400] {processor.py:840} INFO - DAG(s) 'example_skip_dag' retrieved from /Users/manideepakreddyaila/Desktop/projects/Legal_Insights_Engine/.venv/lib/python3.11/site-packages/airflow/example_dags/example_skip_dag.py
[2024-04-14T18:07:24.565-0400] {logging_mixin.py:188} INFO - [2024-04-14T18:07:24.565-0400] {dag.py:3096} INFO - Sync 1 DAGs
[2024-04-14T18:07:24.570-0400] {logging_mixin.py:188} INFO - [2024-04-14T18:07:24.570-0400] {dag.py:3954} INFO - Setting next_dagrun for example_skip_dag to 2024-04-13 00:00:00+00:00, run_after=2024-04-14 00:00:00+00:00
[2024-04-14T18:07:24.576-0400] {processor.py:183} INFO - Processing /Users/manideepakreddyaila/Desktop/projects/Legal_Insights_Engine/.venv/lib/python3.11/site-packages/airflow/example_dags/example_skip_dag.py took 0.078 seconds
[2024-04-14T18:09:15.154-0400] {processor.py:161} INFO - Started process (PID=37424) to work on /Users/manideepakreddyaila/Desktop/projects/Legal_Insights_Engine/.venv/lib/python3.11/site-packages/airflow/example_dags/example_skip_dag.py
[2024-04-14T18:09:15.154-0400] {processor.py:830} INFO - Processing file /Users/manideepakreddyaila/Desktop/projects/Legal_Insights_Engine/.venv/lib/python3.11/site-packages/airflow/example_dags/example_skip_dag.py for tasks to queue
[2024-04-14T18:09:15.155-0400] {logging_mixin.py:188} INFO - [2024-04-14T18:09:15.154-0400] {dagbag.py:540} INFO - Filling up the DagBag from /Users/manideepakreddyaila/Desktop/projects/Legal_Insights_Engine/.venv/lib/python3.11/site-packages/airflow/example_dags/example_skip_dag.py
[2024-04-14T18:09:15.184-0400] {processor.py:840} INFO - DAG(s) 'example_skip_dag' retrieved from /Users/manideepakreddyaila/Desktop/projects/Legal_Insights_Engine/.venv/lib/python3.11/site-packages/airflow/example_dags/example_skip_dag.py
[2024-04-14T18:09:15.221-0400] {logging_mixin.py:188} INFO - [2024-04-14T18:09:15.221-0400] {dag.py:3096} INFO - Sync 1 DAGs
[2024-04-14T18:09:15.226-0400] {logging_mixin.py:188} INFO - [2024-04-14T18:09:15.226-0400] {dag.py:3954} INFO - Setting next_dagrun for example_skip_dag to 2024-04-13 00:00:00+00:00, run_after=2024-04-14 00:00:00+00:00
[2024-04-14T18:09:15.233-0400] {processor.py:183} INFO - Processing /Users/manideepakreddyaila/Desktop/projects/Legal_Insights_Engine/.venv/lib/python3.11/site-packages/airflow/example_dags/example_skip_dag.py took 0.080 seconds
[2024-04-14T18:11:14.700-0400] {processor.py:161} INFO - Started process (PID=37529) to work on /Users/manideepakreddyaila/Desktop/projects/Legal_Insights_Engine/.venv/lib/python3.11/site-packages/airflow/example_dags/example_skip_dag.py
[2024-04-14T18:11:14.700-0400] {processor.py:830} INFO - Processing file /Users/manideepakreddyaila/Desktop/projects/Legal_Insights_Engine/.venv/lib/python3.11/site-packages/airflow/example_dags/example_skip_dag.py for tasks to queue
[2024-04-14T18:11:14.701-0400] {logging_mixin.py:188} INFO - [2024-04-14T18:11:14.701-0400] {dagbag.py:540} INFO - Filling up the DagBag from /Users/manideepakreddyaila/Desktop/projects/Legal_Insights_Engine/.venv/lib/python3.11/site-packages/airflow/example_dags/example_skip_dag.py
[2024-04-14T18:11:14.729-0400] {processor.py:840} INFO - DAG(s) 'example_skip_dag' retrieved from /Users/manideepakreddyaila/Desktop/projects/Legal_Insights_Engine/.venv/lib/python3.11/site-packages/airflow/example_dags/example_skip_dag.py
[2024-04-14T18:11:14.765-0400] {logging_mixin.py:188} INFO - [2024-04-14T18:11:14.765-0400] {dag.py:3096} INFO - Sync 1 DAGs
[2024-04-14T18:11:14.770-0400] {logging_mixin.py:188} INFO - [2024-04-14T18:11:14.770-0400] {dag.py:3954} INFO - Setting next_dagrun for example_skip_dag to 2024-04-13 00:00:00+00:00, run_after=2024-04-14 00:00:00+00:00
[2024-04-14T18:11:14.776-0400] {processor.py:183} INFO - Processing /Users/manideepakreddyaila/Desktop/projects/Legal_Insights_Engine/.venv/lib/python3.11/site-packages/airflow/example_dags/example_skip_dag.py took 0.077 seconds
[2024-04-14T18:13:11.392-0400] {processor.py:161} INFO - Started process (PID=37639) to work on /Users/manideepakreddyaila/Desktop/projects/Legal_Insights_Engine/.venv/lib/python3.11/site-packages/airflow/example_dags/example_skip_dag.py
[2024-04-14T18:13:11.394-0400] {processor.py:830} INFO - Processing file /Users/manideepakreddyaila/Desktop/projects/Legal_Insights_Engine/.venv/lib/python3.11/site-packages/airflow/example_dags/example_skip_dag.py for tasks to queue
[2024-04-14T18:13:11.394-0400] {logging_mixin.py:188} INFO - [2024-04-14T18:13:11.394-0400] {dagbag.py:540} INFO - Filling up the DagBag from /Users/manideepakreddyaila/Desktop/projects/Legal_Insights_Engine/.venv/lib/python3.11/site-packages/airflow/example_dags/example_skip_dag.py
[2024-04-14T18:13:11.422-0400] {processor.py:840} INFO - DAG(s) 'example_skip_dag' retrieved from /Users/manideepakreddyaila/Desktop/projects/Legal_Insights_Engine/.venv/lib/python3.11/site-packages/airflow/example_dags/example_skip_dag.py
[2024-04-14T18:13:11.458-0400] {logging_mixin.py:188} INFO - [2024-04-14T18:13:11.458-0400] {dag.py:3096} INFO - Sync 1 DAGs
[2024-04-14T18:13:11.464-0400] {logging_mixin.py:188} INFO - [2024-04-14T18:13:11.464-0400] {dag.py:3954} INFO - Setting next_dagrun for example_skip_dag to 2024-04-13 00:00:00+00:00, run_after=2024-04-14 00:00:00+00:00
[2024-04-14T18:13:11.470-0400] {processor.py:183} INFO - Processing /Users/manideepakreddyaila/Desktop/projects/Legal_Insights_Engine/.venv/lib/python3.11/site-packages/airflow/example_dags/example_skip_dag.py took 0.079 seconds
[2024-04-14T18:15:11.047-0400] {processor.py:161} INFO - Started process (PID=37743) to work on /Users/manideepakreddyaila/Desktop/projects/Legal_Insights_Engine/.venv/lib/python3.11/site-packages/airflow/example_dags/example_skip_dag.py
[2024-04-14T18:15:11.048-0400] {processor.py:830} INFO - Processing file /Users/manideepakreddyaila/Desktop/projects/Legal_Insights_Engine/.venv/lib/python3.11/site-packages/airflow/example_dags/example_skip_dag.py for tasks to queue
[2024-04-14T18:15:11.048-0400] {logging_mixin.py:188} INFO - [2024-04-14T18:15:11.048-0400] {dagbag.py:540} INFO - Filling up the DagBag from /Users/manideepakreddyaila/Desktop/projects/Legal_Insights_Engine/.venv/lib/python3.11/site-packages/airflow/example_dags/example_skip_dag.py
[2024-04-14T18:15:11.076-0400] {processor.py:840} INFO - DAG(s) 'example_skip_dag' retrieved from /Users/manideepakreddyaila/Desktop/projects/Legal_Insights_Engine/.venv/lib/python3.11/site-packages/airflow/example_dags/example_skip_dag.py
[2024-04-14T18:15:11.113-0400] {logging_mixin.py:188} INFO - [2024-04-14T18:15:11.113-0400] {dag.py:3096} INFO - Sync 1 DAGs
[2024-04-14T18:15:11.118-0400] {logging_mixin.py:188} INFO - [2024-04-14T18:15:11.118-0400] {dag.py:3954} INFO - Setting next_dagrun for example_skip_dag to 2024-04-13 00:00:00+00:00, run_after=2024-04-14 00:00:00+00:00
[2024-04-14T18:15:11.124-0400] {processor.py:183} INFO - Processing /Users/manideepakreddyaila/Desktop/projects/Legal_Insights_Engine/.venv/lib/python3.11/site-packages/airflow/example_dags/example_skip_dag.py took 0.078 seconds
[2024-04-14T19:33:20.037-0400] {processor.py:161} INFO - Started process (PID=37954) to work on /Users/manideepakreddyaila/Desktop/projects/Legal_Insights_Engine/.venv/lib/python3.11/site-packages/airflow/example_dags/example_skip_dag.py
[2024-04-14T19:33:20.037-0400] {processor.py:830} INFO - Processing file /Users/manideepakreddyaila/Desktop/projects/Legal_Insights_Engine/.venv/lib/python3.11/site-packages/airflow/example_dags/example_skip_dag.py for tasks to queue
[2024-04-14T19:33:20.038-0400] {logging_mixin.py:188} INFO - [2024-04-14T19:33:20.038-0400] {dagbag.py:540} INFO - Filling up the DagBag from /Users/manideepakreddyaila/Desktop/projects/Legal_Insights_Engine/.venv/lib/python3.11/site-packages/airflow/example_dags/example_skip_dag.py
[2024-04-14T19:33:20.066-0400] {processor.py:840} INFO - DAG(s) 'example_skip_dag' retrieved from /Users/manideepakreddyaila/Desktop/projects/Legal_Insights_Engine/.venv/lib/python3.11/site-packages/airflow/example_dags/example_skip_dag.py
[2024-04-14T19:33:20.102-0400] {logging_mixin.py:188} INFO - [2024-04-14T19:33:20.102-0400] {dag.py:3096} INFO - Sync 1 DAGs
[2024-04-14T19:33:20.107-0400] {logging_mixin.py:188} INFO - [2024-04-14T19:33:20.107-0400] {dag.py:3954} INFO - Setting next_dagrun for example_skip_dag to 2024-04-13 00:00:00+00:00, run_after=2024-04-14 00:00:00+00:00
[2024-04-14T19:33:20.113-0400] {processor.py:183} INFO - Processing /Users/manideepakreddyaila/Desktop/projects/Legal_Insights_Engine/.venv/lib/python3.11/site-packages/airflow/example_dags/example_skip_dag.py took 0.077 seconds
