[2024-04-13T20:07:01.082-0400] {processor.py:161} INFO - Started process (PID=31668) to work on /Users/manideepakreddyaila/Desktop/projects/Legal_Insights_Engine/.venv/lib/python3.11/site-packages/airflow/example_dags/example_params_ui_tutorial.py
[2024-04-13T20:07:01.083-0400] {processor.py:830} INFO - Processing file /Users/manideepakreddyaila/Desktop/projects/Legal_Insights_Engine/.venv/lib/python3.11/site-packages/airflow/example_dags/example_params_ui_tutorial.py for tasks to queue
[2024-04-13T20:07:01.083-0400] {logging_mixin.py:188} INFO - [2024-04-13T20:07:01.083-0400] {dagbag.py:540} INFO - Filling up the DagBag from /Users/manideepakreddyaila/Desktop/projects/Legal_Insights_Engine/.venv/lib/python3.11/site-packages/airflow/example_dags/example_params_ui_tutorial.py
[2024-04-13T20:07:01.124-0400] {processor.py:840} INFO - DAG(s) 'example_params_ui_tutorial' retrieved from /Users/manideepakreddyaila/Desktop/projects/Legal_Insights_Engine/.venv/lib/python3.11/site-packages/airflow/example_dags/example_params_ui_tutorial.py
[2024-04-13T20:07:01.166-0400] {logging_mixin.py:188} INFO - [2024-04-13T20:07:01.166-0400] {dag.py:3096} INFO - Sync 1 DAGs
[2024-04-13T20:07:01.170-0400] {logging_mixin.py:188} INFO - [2024-04-13T20:07:01.170-0400] {dag.py:3954} INFO - Setting next_dagrun for example_params_ui_tutorial to None, run_after=None
[2024-04-13T20:07:01.176-0400] {processor.py:183} INFO - Processing /Users/manideepakreddyaila/Desktop/projects/Legal_Insights_Engine/.venv/lib/python3.11/site-packages/airflow/example_dags/example_params_ui_tutorial.py took 0.094 seconds
[2024-04-13T20:08:27.568-0400] {processor.py:161} INFO - Started process (PID=31744) to work on /Users/manideepakreddyaila/Desktop/projects/Legal_Insights_Engine/.venv/lib/python3.11/site-packages/airflow/example_dags/example_params_ui_tutorial.py
[2024-04-13T20:08:27.569-0400] {processor.py:830} INFO - Processing file /Users/manideepakreddyaila/Desktop/projects/Legal_Insights_Engine/.venv/lib/python3.11/site-packages/airflow/example_dags/example_params_ui_tutorial.py for tasks to queue
[2024-04-13T20:08:27.569-0400] {logging_mixin.py:188} INFO - [2024-04-13T20:08:27.569-0400] {dagbag.py:540} INFO - Filling up the DagBag from /Users/manideepakreddyaila/Desktop/projects/Legal_Insights_Engine/.venv/lib/python3.11/site-packages/airflow/example_dags/example_params_ui_tutorial.py
[2024-04-13T20:08:27.611-0400] {processor.py:840} INFO - DAG(s) 'example_params_ui_tutorial' retrieved from /Users/manideepakreddyaila/Desktop/projects/Legal_Insights_Engine/.venv/lib/python3.11/site-packages/airflow/example_dags/example_params_ui_tutorial.py
[2024-04-13T20:08:27.654-0400] {logging_mixin.py:188} INFO - [2024-04-13T20:08:27.654-0400] {dag.py:3096} INFO - Sync 1 DAGs
[2024-04-13T20:08:27.658-0400] {logging_mixin.py:188} INFO - [2024-04-13T20:08:27.658-0400] {dag.py:3954} INFO - Setting next_dagrun for example_params_ui_tutorial to None, run_after=None
[2024-04-13T20:08:27.664-0400] {processor.py:183} INFO - Processing /Users/manideepakreddyaila/Desktop/projects/Legal_Insights_Engine/.venv/lib/python3.11/site-packages/airflow/example_dags/example_params_ui_tutorial.py took 0.097 seconds
[2024-04-14T01:02:08.295-0400] {processor.py:161} INFO - Started process (PID=32073) to work on /Users/manideepakreddyaila/Desktop/projects/Legal_Insights_Engine/.venv/lib/python3.11/site-packages/airflow/example_dags/example_params_ui_tutorial.py
[2024-04-14T01:02:08.296-0400] {processor.py:830} INFO - Processing file /Users/manideepakreddyaila/Desktop/projects/Legal_Insights_Engine/.venv/lib/python3.11/site-packages/airflow/example_dags/example_params_ui_tutorial.py for tasks to queue
[2024-04-14T01:02:08.296-0400] {logging_mixin.py:188} INFO - [2024-04-14T01:02:08.296-0400] {dagbag.py:540} INFO - Filling up the DagBag from /Users/manideepakreddyaila/Desktop/projects/Legal_Insights_Engine/.venv/lib/python3.11/site-packages/airflow/example_dags/example_params_ui_tutorial.py
[2024-04-14T01:02:08.336-0400] {processor.py:840} INFO - DAG(s) 'example_params_ui_tutorial' retrieved from /Users/manideepakreddyaila/Desktop/projects/Legal_Insights_Engine/.venv/lib/python3.11/site-packages/airflow/example_dags/example_params_ui_tutorial.py
[2024-04-14T01:02:08.429-0400] {logging_mixin.py:188} INFO - [2024-04-14T01:02:08.429-0400] {dag.py:3096} INFO - Sync 1 DAGs
[2024-04-14T01:02:08.432-0400] {logging_mixin.py:188} INFO - [2024-04-14T01:02:08.432-0400] {dag.py:3954} INFO - Setting next_dagrun for example_params_ui_tutorial to None, run_after=None
[2024-04-14T01:02:08.438-0400] {processor.py:183} INFO - Processing /Users/manideepakreddyaila/Desktop/projects/Legal_Insights_Engine/.venv/lib/python3.11/site-packages/airflow/example_dags/example_params_ui_tutorial.py took 0.144 seconds
[2024-04-14T03:49:00.629-0400] {processor.py:161} INFO - Started process (PID=32318) to work on /Users/manideepakreddyaila/Desktop/projects/Legal_Insights_Engine/.venv/lib/python3.11/site-packages/airflow/example_dags/example_params_ui_tutorial.py
[2024-04-14T03:49:00.629-0400] {processor.py:830} INFO - Processing file /Users/manideepakreddyaila/Desktop/projects/Legal_Insights_Engine/.venv/lib/python3.11/site-packages/airflow/example_dags/example_params_ui_tutorial.py for tasks to queue
[2024-04-14T03:49:00.630-0400] {logging_mixin.py:188} INFO - [2024-04-14T03:49:00.629-0400] {dagbag.py:540} INFO - Filling up the DagBag from /Users/manideepakreddyaila/Desktop/projects/Legal_Insights_Engine/.venv/lib/python3.11/site-packages/airflow/example_dags/example_params_ui_tutorial.py
[2024-04-14T03:49:00.670-0400] {processor.py:840} INFO - DAG(s) 'example_params_ui_tutorial' retrieved from /Users/manideepakreddyaila/Desktop/projects/Legal_Insights_Engine/.venv/lib/python3.11/site-packages/airflow/example_dags/example_params_ui_tutorial.py
[2024-04-14T03:49:00.713-0400] {logging_mixin.py:188} INFO - [2024-04-14T03:49:00.713-0400] {dag.py:3096} INFO - Sync 1 DAGs
[2024-04-14T03:49:00.716-0400] {logging_mixin.py:188} INFO - [2024-04-14T03:49:00.716-0400] {dag.py:3954} INFO - Setting next_dagrun for example_params_ui_tutorial to None, run_after=None
[2024-04-14T03:49:00.722-0400] {processor.py:183} INFO - Processing /Users/manideepakreddyaila/Desktop/projects/Legal_Insights_Engine/.venv/lib/python3.11/site-packages/airflow/example_dags/example_params_ui_tutorial.py took 0.095 seconds
[2024-04-14T06:16:58.358-0400] {processor.py:161} INFO - Started process (PID=32534) to work on /Users/manideepakreddyaila/Desktop/projects/Legal_Insights_Engine/.venv/lib/python3.11/site-packages/airflow/example_dags/example_params_ui_tutorial.py
[2024-04-14T06:16:58.359-0400] {processor.py:830} INFO - Processing file /Users/manideepakreddyaila/Desktop/projects/Legal_Insights_Engine/.venv/lib/python3.11/site-packages/airflow/example_dags/example_params_ui_tutorial.py for tasks to queue
[2024-04-14T06:16:58.359-0400] {logging_mixin.py:188} INFO - [2024-04-14T06:16:58.359-0400] {dagbag.py:540} INFO - Filling up the DagBag from /Users/manideepakreddyaila/Desktop/projects/Legal_Insights_Engine/.venv/lib/python3.11/site-packages/airflow/example_dags/example_params_ui_tutorial.py
[2024-04-14T06:16:58.398-0400] {processor.py:840} INFO - DAG(s) 'example_params_ui_tutorial' retrieved from /Users/manideepakreddyaila/Desktop/projects/Legal_Insights_Engine/.venv/lib/python3.11/site-packages/airflow/example_dags/example_params_ui_tutorial.py
[2024-04-14T06:16:58.440-0400] {logging_mixin.py:188} INFO - [2024-04-14T06:16:58.440-0400] {dag.py:3096} INFO - Sync 1 DAGs
[2024-04-14T06:16:58.444-0400] {logging_mixin.py:188} INFO - [2024-04-14T06:16:58.444-0400] {dag.py:3954} INFO - Setting next_dagrun for example_params_ui_tutorial to None, run_after=None
[2024-04-14T06:16:58.450-0400] {processor.py:183} INFO - Processing /Users/manideepakreddyaila/Desktop/projects/Legal_Insights_Engine/.venv/lib/python3.11/site-packages/airflow/example_dags/example_params_ui_tutorial.py took 0.093 seconds
[2024-04-14T08:09:34.462-0400] {processor.py:161} INFO - Started process (PID=32719) to work on /Users/manideepakreddyaila/Desktop/projects/Legal_Insights_Engine/.venv/lib/python3.11/site-packages/airflow/example_dags/example_params_ui_tutorial.py
[2024-04-14T08:09:34.463-0400] {processor.py:830} INFO - Processing file /Users/manideepakreddyaila/Desktop/projects/Legal_Insights_Engine/.venv/lib/python3.11/site-packages/airflow/example_dags/example_params_ui_tutorial.py for tasks to queue
[2024-04-14T08:09:34.463-0400] {logging_mixin.py:188} INFO - [2024-04-14T08:09:34.463-0400] {dagbag.py:540} INFO - Filling up the DagBag from /Users/manideepakreddyaila/Desktop/projects/Legal_Insights_Engine/.venv/lib/python3.11/site-packages/airflow/example_dags/example_params_ui_tutorial.py
[2024-04-14T08:09:34.504-0400] {processor.py:840} INFO - DAG(s) 'example_params_ui_tutorial' retrieved from /Users/manideepakreddyaila/Desktop/projects/Legal_Insights_Engine/.venv/lib/python3.11/site-packages/airflow/example_dags/example_params_ui_tutorial.py
[2024-04-14T08:09:34.547-0400] {logging_mixin.py:188} INFO - [2024-04-14T08:09:34.546-0400] {dag.py:3096} INFO - Sync 1 DAGs
[2024-04-14T08:09:34.550-0400] {logging_mixin.py:188} INFO - [2024-04-14T08:09:34.550-0400] {dag.py:3954} INFO - Setting next_dagrun for example_params_ui_tutorial to None, run_after=None
[2024-04-14T08:09:34.559-0400] {processor.py:183} INFO - Processing /Users/manideepakreddyaila/Desktop/projects/Legal_Insights_Engine/.venv/lib/python3.11/site-packages/airflow/example_dags/example_params_ui_tutorial.py took 0.097 seconds
[2024-04-14T08:14:56.042-0400] {processor.py:161} INFO - Started process (PID=32838) to work on /Users/manideepakreddyaila/Desktop/projects/Legal_Insights_Engine/.venv/lib/python3.11/site-packages/airflow/example_dags/example_params_ui_tutorial.py
[2024-04-14T08:14:56.043-0400] {processor.py:830} INFO - Processing file /Users/manideepakreddyaila/Desktop/projects/Legal_Insights_Engine/.venv/lib/python3.11/site-packages/airflow/example_dags/example_params_ui_tutorial.py for tasks to queue
[2024-04-14T08:14:56.043-0400] {logging_mixin.py:188} INFO - [2024-04-14T08:14:56.043-0400] {dagbag.py:540} INFO - Filling up the DagBag from /Users/manideepakreddyaila/Desktop/projects/Legal_Insights_Engine/.venv/lib/python3.11/site-packages/airflow/example_dags/example_params_ui_tutorial.py
[2024-04-14T08:14:56.084-0400] {processor.py:840} INFO - DAG(s) 'example_params_ui_tutorial' retrieved from /Users/manideepakreddyaila/Desktop/projects/Legal_Insights_Engine/.venv/lib/python3.11/site-packages/airflow/example_dags/example_params_ui_tutorial.py
[2024-04-14T08:14:56.126-0400] {logging_mixin.py:188} INFO - [2024-04-14T08:14:56.126-0400] {dag.py:3096} INFO - Sync 1 DAGs
[2024-04-14T08:14:56.130-0400] {logging_mixin.py:188} INFO - [2024-04-14T08:14:56.130-0400] {dag.py:3954} INFO - Setting next_dagrun for example_params_ui_tutorial to None, run_after=None
[2024-04-14T08:14:56.136-0400] {processor.py:183} INFO - Processing /Users/manideepakreddyaila/Desktop/projects/Legal_Insights_Engine/.venv/lib/python3.11/site-packages/airflow/example_dags/example_params_ui_tutorial.py took 0.095 seconds
[2024-04-14T08:21:58.071-0400] {processor.py:161} INFO - Started process (PID=32963) to work on /Users/manideepakreddyaila/Desktop/projects/Legal_Insights_Engine/.venv/lib/python3.11/site-packages/airflow/example_dags/example_params_ui_tutorial.py
[2024-04-14T08:21:58.072-0400] {processor.py:830} INFO - Processing file /Users/manideepakreddyaila/Desktop/projects/Legal_Insights_Engine/.venv/lib/python3.11/site-packages/airflow/example_dags/example_params_ui_tutorial.py for tasks to queue
[2024-04-14T08:21:58.072-0400] {logging_mixin.py:188} INFO - [2024-04-14T08:21:58.072-0400] {dagbag.py:540} INFO - Filling up the DagBag from /Users/manideepakreddyaila/Desktop/projects/Legal_Insights_Engine/.venv/lib/python3.11/site-packages/airflow/example_dags/example_params_ui_tutorial.py
[2024-04-14T08:21:58.112-0400] {processor.py:840} INFO - DAG(s) 'example_params_ui_tutorial' retrieved from /Users/manideepakreddyaila/Desktop/projects/Legal_Insights_Engine/.venv/lib/python3.11/site-packages/airflow/example_dags/example_params_ui_tutorial.py
[2024-04-14T08:21:58.155-0400] {logging_mixin.py:188} INFO - [2024-04-14T08:21:58.155-0400] {dag.py:3096} INFO - Sync 1 DAGs
[2024-04-14T08:21:58.159-0400] {logging_mixin.py:188} INFO - [2024-04-14T08:21:58.159-0400] {dag.py:3954} INFO - Setting next_dagrun for example_params_ui_tutorial to None, run_after=None
[2024-04-14T08:21:58.165-0400] {processor.py:183} INFO - Processing /Users/manideepakreddyaila/Desktop/projects/Legal_Insights_Engine/.venv/lib/python3.11/site-packages/airflow/example_dags/example_params_ui_tutorial.py took 0.095 seconds
[2024-04-14T11:21:56.471-0400] {processor.py:161} INFO - Started process (PID=33131) to work on /Users/manideepakreddyaila/Desktop/projects/Legal_Insights_Engine/.venv/lib/python3.11/site-packages/airflow/example_dags/example_params_ui_tutorial.py
[2024-04-14T11:21:56.472-0400] {processor.py:830} INFO - Processing file /Users/manideepakreddyaila/Desktop/projects/Legal_Insights_Engine/.venv/lib/python3.11/site-packages/airflow/example_dags/example_params_ui_tutorial.py for tasks to queue
[2024-04-14T11:21:56.472-0400] {logging_mixin.py:188} INFO - [2024-04-14T11:21:56.472-0400] {dagbag.py:540} INFO - Filling up the DagBag from /Users/manideepakreddyaila/Desktop/projects/Legal_Insights_Engine/.venv/lib/python3.11/site-packages/airflow/example_dags/example_params_ui_tutorial.py
[2024-04-14T11:21:56.512-0400] {processor.py:840} INFO - DAG(s) 'example_params_ui_tutorial' retrieved from /Users/manideepakreddyaila/Desktop/projects/Legal_Insights_Engine/.venv/lib/python3.11/site-packages/airflow/example_dags/example_params_ui_tutorial.py
[2024-04-14T11:21:56.554-0400] {logging_mixin.py:188} INFO - [2024-04-14T11:21:56.554-0400] {dag.py:3096} INFO - Sync 1 DAGs
[2024-04-14T11:21:56.558-0400] {logging_mixin.py:188} INFO - [2024-04-14T11:21:56.558-0400] {dag.py:3954} INFO - Setting next_dagrun for example_params_ui_tutorial to None, run_after=None
[2024-04-14T11:21:56.564-0400] {processor.py:183} INFO - Processing /Users/manideepakreddyaila/Desktop/projects/Legal_Insights_Engine/.venv/lib/python3.11/site-packages/airflow/example_dags/example_params_ui_tutorial.py took 0.094 seconds
[2024-04-14T12:06:46.906-0400] {processor.py:161} INFO - Started process (PID=33260) to work on /Users/manideepakreddyaila/Desktop/projects/Legal_Insights_Engine/.venv/lib/python3.11/site-packages/airflow/example_dags/example_params_ui_tutorial.py
[2024-04-14T12:06:46.907-0400] {processor.py:830} INFO - Processing file /Users/manideepakreddyaila/Desktop/projects/Legal_Insights_Engine/.venv/lib/python3.11/site-packages/airflow/example_dags/example_params_ui_tutorial.py for tasks to queue
[2024-04-14T12:06:46.907-0400] {logging_mixin.py:188} INFO - [2024-04-14T12:06:46.907-0400] {dagbag.py:540} INFO - Filling up the DagBag from /Users/manideepakreddyaila/Desktop/projects/Legal_Insights_Engine/.venv/lib/python3.11/site-packages/airflow/example_dags/example_params_ui_tutorial.py
[2024-04-14T12:06:46.946-0400] {processor.py:840} INFO - DAG(s) 'example_params_ui_tutorial' retrieved from /Users/manideepakreddyaila/Desktop/projects/Legal_Insights_Engine/.venv/lib/python3.11/site-packages/airflow/example_dags/example_params_ui_tutorial.py
[2024-04-14T12:06:46.990-0400] {logging_mixin.py:188} INFO - [2024-04-14T12:06:46.990-0400] {dag.py:3096} INFO - Sync 1 DAGs
[2024-04-14T12:06:46.994-0400] {logging_mixin.py:188} INFO - [2024-04-14T12:06:46.994-0400] {dag.py:3954} INFO - Setting next_dagrun for example_params_ui_tutorial to None, run_after=None
[2024-04-14T12:06:47.001-0400] {processor.py:183} INFO - Processing /Users/manideepakreddyaila/Desktop/projects/Legal_Insights_Engine/.venv/lib/python3.11/site-packages/airflow/example_dags/example_params_ui_tutorial.py took 0.096 seconds
[2024-04-14T14:12:00.370-0400] {processor.py:161} INFO - Started process (PID=33450) to work on /Users/manideepakreddyaila/Desktop/projects/Legal_Insights_Engine/.venv/lib/python3.11/site-packages/airflow/example_dags/example_params_ui_tutorial.py
[2024-04-14T14:12:00.371-0400] {processor.py:830} INFO - Processing file /Users/manideepakreddyaila/Desktop/projects/Legal_Insights_Engine/.venv/lib/python3.11/site-packages/airflow/example_dags/example_params_ui_tutorial.py for tasks to queue
[2024-04-14T14:12:00.371-0400] {logging_mixin.py:188} INFO - [2024-04-14T14:12:00.371-0400] {dagbag.py:540} INFO - Filling up the DagBag from /Users/manideepakreddyaila/Desktop/projects/Legal_Insights_Engine/.venv/lib/python3.11/site-packages/airflow/example_dags/example_params_ui_tutorial.py
[2024-04-14T14:12:00.413-0400] {processor.py:840} INFO - DAG(s) 'example_params_ui_tutorial' retrieved from /Users/manideepakreddyaila/Desktop/projects/Legal_Insights_Engine/.venv/lib/python3.11/site-packages/airflow/example_dags/example_params_ui_tutorial.py
[2024-04-14T14:12:00.456-0400] {logging_mixin.py:188} INFO - [2024-04-14T14:12:00.456-0400] {dag.py:3096} INFO - Sync 1 DAGs
[2024-04-14T14:12:00.460-0400] {logging_mixin.py:188} INFO - [2024-04-14T14:12:00.460-0400] {dag.py:3954} INFO - Setting next_dagrun for example_params_ui_tutorial to None, run_after=None
[2024-04-14T14:12:00.471-0400] {processor.py:183} INFO - Processing /Users/manideepakreddyaila/Desktop/projects/Legal_Insights_Engine/.venv/lib/python3.11/site-packages/airflow/example_dags/example_params_ui_tutorial.py took 0.101 seconds
[2024-04-14T15:47:26.489-0400] {processor.py:161} INFO - Started process (PID=33606) to work on /Users/manideepakreddyaila/Desktop/projects/Legal_Insights_Engine/.venv/lib/python3.11/site-packages/airflow/example_dags/example_params_ui_tutorial.py
[2024-04-14T15:47:26.490-0400] {processor.py:830} INFO - Processing file /Users/manideepakreddyaila/Desktop/projects/Legal_Insights_Engine/.venv/lib/python3.11/site-packages/airflow/example_dags/example_params_ui_tutorial.py for tasks to queue
[2024-04-14T15:47:26.490-0400] {logging_mixin.py:188} INFO - [2024-04-14T15:47:26.490-0400] {dagbag.py:540} INFO - Filling up the DagBag from /Users/manideepakreddyaila/Desktop/projects/Legal_Insights_Engine/.venv/lib/python3.11/site-packages/airflow/example_dags/example_params_ui_tutorial.py
[2024-04-14T15:47:26.529-0400] {processor.py:840} INFO - DAG(s) 'example_params_ui_tutorial' retrieved from /Users/manideepakreddyaila/Desktop/projects/Legal_Insights_Engine/.venv/lib/python3.11/site-packages/airflow/example_dags/example_params_ui_tutorial.py
[2024-04-14T15:47:26.572-0400] {logging_mixin.py:188} INFO - [2024-04-14T15:47:26.572-0400] {dag.py:3096} INFO - Sync 1 DAGs
[2024-04-14T15:47:26.576-0400] {logging_mixin.py:188} INFO - [2024-04-14T15:47:26.576-0400] {dag.py:3954} INFO - Setting next_dagrun for example_params_ui_tutorial to None, run_after=None
[2024-04-14T15:47:26.582-0400] {processor.py:183} INFO - Processing /Users/manideepakreddyaila/Desktop/projects/Legal_Insights_Engine/.venv/lib/python3.11/site-packages/airflow/example_dags/example_params_ui_tutorial.py took 0.094 seconds
[2024-04-14T16:36:59.891-0400] {processor.py:161} INFO - Started process (PID=33766) to work on /Users/manideepakreddyaila/Desktop/projects/Legal_Insights_Engine/.venv/lib/python3.11/site-packages/airflow/example_dags/example_params_ui_tutorial.py
[2024-04-14T16:36:59.892-0400] {processor.py:830} INFO - Processing file /Users/manideepakreddyaila/Desktop/projects/Legal_Insights_Engine/.venv/lib/python3.11/site-packages/airflow/example_dags/example_params_ui_tutorial.py for tasks to queue
[2024-04-14T16:36:59.892-0400] {logging_mixin.py:188} INFO - [2024-04-14T16:36:59.892-0400] {dagbag.py:540} INFO - Filling up the DagBag from /Users/manideepakreddyaila/Desktop/projects/Legal_Insights_Engine/.venv/lib/python3.11/site-packages/airflow/example_dags/example_params_ui_tutorial.py
[2024-04-14T16:36:59.934-0400] {processor.py:840} INFO - DAG(s) 'example_params_ui_tutorial' retrieved from /Users/manideepakreddyaila/Desktop/projects/Legal_Insights_Engine/.venv/lib/python3.11/site-packages/airflow/example_dags/example_params_ui_tutorial.py
[2024-04-14T16:36:59.976-0400] {logging_mixin.py:188} INFO - [2024-04-14T16:36:59.976-0400] {dag.py:3096} INFO - Sync 1 DAGs
[2024-04-14T16:36:59.981-0400] {logging_mixin.py:188} INFO - [2024-04-14T16:36:59.980-0400] {dag.py:3954} INFO - Setting next_dagrun for example_params_ui_tutorial to None, run_after=None
[2024-04-14T16:36:59.987-0400] {processor.py:183} INFO - Processing /Users/manideepakreddyaila/Desktop/projects/Legal_Insights_Engine/.venv/lib/python3.11/site-packages/airflow/example_dags/example_params_ui_tutorial.py took 0.097 seconds
[2024-04-14T16:38:24.322-0400] {processor.py:161} INFO - Started process (PID=33829) to work on /Users/manideepakreddyaila/Desktop/projects/Legal_Insights_Engine/.venv/lib/python3.11/site-packages/airflow/example_dags/example_params_ui_tutorial.py
[2024-04-14T16:38:24.323-0400] {processor.py:830} INFO - Processing file /Users/manideepakreddyaila/Desktop/projects/Legal_Insights_Engine/.venv/lib/python3.11/site-packages/airflow/example_dags/example_params_ui_tutorial.py for tasks to queue
[2024-04-14T16:38:24.323-0400] {logging_mixin.py:188} INFO - [2024-04-14T16:38:24.323-0400] {dagbag.py:540} INFO - Filling up the DagBag from /Users/manideepakreddyaila/Desktop/projects/Legal_Insights_Engine/.venv/lib/python3.11/site-packages/airflow/example_dags/example_params_ui_tutorial.py
[2024-04-14T16:38:24.363-0400] {processor.py:840} INFO - DAG(s) 'example_params_ui_tutorial' retrieved from /Users/manideepakreddyaila/Desktop/projects/Legal_Insights_Engine/.venv/lib/python3.11/site-packages/airflow/example_dags/example_params_ui_tutorial.py
[2024-04-14T16:38:24.406-0400] {logging_mixin.py:188} INFO - [2024-04-14T16:38:24.406-0400] {dag.py:3096} INFO - Sync 1 DAGs
[2024-04-14T16:38:24.410-0400] {logging_mixin.py:188} INFO - [2024-04-14T16:38:24.410-0400] {dag.py:3954} INFO - Setting next_dagrun for example_params_ui_tutorial to None, run_after=None
[2024-04-14T16:38:24.417-0400] {processor.py:183} INFO - Processing /Users/manideepakreddyaila/Desktop/projects/Legal_Insights_Engine/.venv/lib/python3.11/site-packages/airflow/example_dags/example_params_ui_tutorial.py took 0.096 seconds
[2024-04-14T16:40:22.093-0400] {processor.py:161} INFO - Started process (PID=33927) to work on /Users/manideepakreddyaila/Desktop/projects/Legal_Insights_Engine/.venv/lib/python3.11/site-packages/airflow/example_dags/example_params_ui_tutorial.py
[2024-04-14T16:40:22.094-0400] {processor.py:830} INFO - Processing file /Users/manideepakreddyaila/Desktop/projects/Legal_Insights_Engine/.venv/lib/python3.11/site-packages/airflow/example_dags/example_params_ui_tutorial.py for tasks to queue
[2024-04-14T16:40:22.094-0400] {logging_mixin.py:188} INFO - [2024-04-14T16:40:22.094-0400] {dagbag.py:540} INFO - Filling up the DagBag from /Users/manideepakreddyaila/Desktop/projects/Legal_Insights_Engine/.venv/lib/python3.11/site-packages/airflow/example_dags/example_params_ui_tutorial.py
[2024-04-14T16:40:22.134-0400] {processor.py:840} INFO - DAG(s) 'example_params_ui_tutorial' retrieved from /Users/manideepakreddyaila/Desktop/projects/Legal_Insights_Engine/.venv/lib/python3.11/site-packages/airflow/example_dags/example_params_ui_tutorial.py
[2024-04-14T16:40:22.176-0400] {logging_mixin.py:188} INFO - [2024-04-14T16:40:22.176-0400] {dag.py:3096} INFO - Sync 1 DAGs
[2024-04-14T16:40:22.180-0400] {logging_mixin.py:188} INFO - [2024-04-14T16:40:22.180-0400] {dag.py:3954} INFO - Setting next_dagrun for example_params_ui_tutorial to None, run_after=None
[2024-04-14T16:40:22.186-0400] {processor.py:183} INFO - Processing /Users/manideepakreddyaila/Desktop/projects/Legal_Insights_Engine/.venv/lib/python3.11/site-packages/airflow/example_dags/example_params_ui_tutorial.py took 0.094 seconds
[2024-04-14T16:42:15.120-0400] {processor.py:161} INFO - Started process (PID=34022) to work on /Users/manideepakreddyaila/Desktop/projects/Legal_Insights_Engine/.venv/lib/python3.11/site-packages/airflow/example_dags/example_params_ui_tutorial.py
[2024-04-14T16:42:15.121-0400] {processor.py:830} INFO - Processing file /Users/manideepakreddyaila/Desktop/projects/Legal_Insights_Engine/.venv/lib/python3.11/site-packages/airflow/example_dags/example_params_ui_tutorial.py for tasks to queue
[2024-04-14T16:42:15.121-0400] {logging_mixin.py:188} INFO - [2024-04-14T16:42:15.121-0400] {dagbag.py:540} INFO - Filling up the DagBag from /Users/manideepakreddyaila/Desktop/projects/Legal_Insights_Engine/.venv/lib/python3.11/site-packages/airflow/example_dags/example_params_ui_tutorial.py
[2024-04-14T16:42:15.163-0400] {processor.py:840} INFO - DAG(s) 'example_params_ui_tutorial' retrieved from /Users/manideepakreddyaila/Desktop/projects/Legal_Insights_Engine/.venv/lib/python3.11/site-packages/airflow/example_dags/example_params_ui_tutorial.py
[2024-04-14T16:42:15.205-0400] {logging_mixin.py:188} INFO - [2024-04-14T16:42:15.205-0400] {dag.py:3096} INFO - Sync 1 DAGs
[2024-04-14T16:42:15.209-0400] {logging_mixin.py:188} INFO - [2024-04-14T16:42:15.209-0400] {dag.py:3954} INFO - Setting next_dagrun for example_params_ui_tutorial to None, run_after=None
[2024-04-14T16:42:15.215-0400] {processor.py:183} INFO - Processing /Users/manideepakreddyaila/Desktop/projects/Legal_Insights_Engine/.venv/lib/python3.11/site-packages/airflow/example_dags/example_params_ui_tutorial.py took 0.096 seconds
[2024-04-14T16:44:15.557-0400] {processor.py:161} INFO - Started process (PID=34131) to work on /Users/manideepakreddyaila/Desktop/projects/Legal_Insights_Engine/.venv/lib/python3.11/site-packages/airflow/example_dags/example_params_ui_tutorial.py
[2024-04-14T16:44:15.557-0400] {processor.py:830} INFO - Processing file /Users/manideepakreddyaila/Desktop/projects/Legal_Insights_Engine/.venv/lib/python3.11/site-packages/airflow/example_dags/example_params_ui_tutorial.py for tasks to queue
[2024-04-14T16:44:15.558-0400] {logging_mixin.py:188} INFO - [2024-04-14T16:44:15.558-0400] {dagbag.py:540} INFO - Filling up the DagBag from /Users/manideepakreddyaila/Desktop/projects/Legal_Insights_Engine/.venv/lib/python3.11/site-packages/airflow/example_dags/example_params_ui_tutorial.py
[2024-04-14T16:44:15.598-0400] {processor.py:840} INFO - DAG(s) 'example_params_ui_tutorial' retrieved from /Users/manideepakreddyaila/Desktop/projects/Legal_Insights_Engine/.venv/lib/python3.11/site-packages/airflow/example_dags/example_params_ui_tutorial.py
[2024-04-14T16:44:15.640-0400] {logging_mixin.py:188} INFO - [2024-04-14T16:44:15.640-0400] {dag.py:3096} INFO - Sync 1 DAGs
[2024-04-14T16:44:15.644-0400] {logging_mixin.py:188} INFO - [2024-04-14T16:44:15.644-0400] {dag.py:3954} INFO - Setting next_dagrun for example_params_ui_tutorial to None, run_after=None
[2024-04-14T16:44:15.650-0400] {processor.py:183} INFO - Processing /Users/manideepakreddyaila/Desktop/projects/Legal_Insights_Engine/.venv/lib/python3.11/site-packages/airflow/example_dags/example_params_ui_tutorial.py took 0.094 seconds
[2024-04-14T16:46:15.274-0400] {processor.py:161} INFO - Started process (PID=34234) to work on /Users/manideepakreddyaila/Desktop/projects/Legal_Insights_Engine/.venv/lib/python3.11/site-packages/airflow/example_dags/example_params_ui_tutorial.py
[2024-04-14T16:46:15.276-0400] {processor.py:830} INFO - Processing file /Users/manideepakreddyaila/Desktop/projects/Legal_Insights_Engine/.venv/lib/python3.11/site-packages/airflow/example_dags/example_params_ui_tutorial.py for tasks to queue
[2024-04-14T16:46:15.276-0400] {logging_mixin.py:188} INFO - [2024-04-14T16:46:15.276-0400] {dagbag.py:540} INFO - Filling up the DagBag from /Users/manideepakreddyaila/Desktop/projects/Legal_Insights_Engine/.venv/lib/python3.11/site-packages/airflow/example_dags/example_params_ui_tutorial.py
[2024-04-14T16:46:15.316-0400] {processor.py:840} INFO - DAG(s) 'example_params_ui_tutorial' retrieved from /Users/manideepakreddyaila/Desktop/projects/Legal_Insights_Engine/.venv/lib/python3.11/site-packages/airflow/example_dags/example_params_ui_tutorial.py
[2024-04-14T16:46:15.359-0400] {logging_mixin.py:188} INFO - [2024-04-14T16:46:15.359-0400] {dag.py:3096} INFO - Sync 1 DAGs
[2024-04-14T16:46:15.362-0400] {logging_mixin.py:188} INFO - [2024-04-14T16:46:15.362-0400] {dag.py:3954} INFO - Setting next_dagrun for example_params_ui_tutorial to None, run_after=None
[2024-04-14T16:46:15.368-0400] {processor.py:183} INFO - Processing /Users/manideepakreddyaila/Desktop/projects/Legal_Insights_Engine/.venv/lib/python3.11/site-packages/airflow/example_dags/example_params_ui_tutorial.py took 0.096 seconds
[2024-04-14T16:48:12.628-0400] {processor.py:161} INFO - Started process (PID=34333) to work on /Users/manideepakreddyaila/Desktop/projects/Legal_Insights_Engine/.venv/lib/python3.11/site-packages/airflow/example_dags/example_params_ui_tutorial.py
[2024-04-14T16:48:12.628-0400] {processor.py:830} INFO - Processing file /Users/manideepakreddyaila/Desktop/projects/Legal_Insights_Engine/.venv/lib/python3.11/site-packages/airflow/example_dags/example_params_ui_tutorial.py for tasks to queue
[2024-04-14T16:48:12.628-0400] {logging_mixin.py:188} INFO - [2024-04-14T16:48:12.628-0400] {dagbag.py:540} INFO - Filling up the DagBag from /Users/manideepakreddyaila/Desktop/projects/Legal_Insights_Engine/.venv/lib/python3.11/site-packages/airflow/example_dags/example_params_ui_tutorial.py
[2024-04-14T16:48:12.669-0400] {processor.py:840} INFO - DAG(s) 'example_params_ui_tutorial' retrieved from /Users/manideepakreddyaila/Desktop/projects/Legal_Insights_Engine/.venv/lib/python3.11/site-packages/airflow/example_dags/example_params_ui_tutorial.py
[2024-04-14T16:48:12.712-0400] {logging_mixin.py:188} INFO - [2024-04-14T16:48:12.712-0400] {dag.py:3096} INFO - Sync 1 DAGs
[2024-04-14T16:48:12.715-0400] {logging_mixin.py:188} INFO - [2024-04-14T16:48:12.715-0400] {dag.py:3954} INFO - Setting next_dagrun for example_params_ui_tutorial to None, run_after=None
[2024-04-14T16:48:12.723-0400] {processor.py:183} INFO - Processing /Users/manideepakreddyaila/Desktop/projects/Legal_Insights_Engine/.venv/lib/python3.11/site-packages/airflow/example_dags/example_params_ui_tutorial.py took 0.096 seconds
[2024-04-14T16:58:05.708-0400] {processor.py:161} INFO - Started process (PID=34454) to work on /Users/manideepakreddyaila/Desktop/projects/Legal_Insights_Engine/.venv/lib/python3.11/site-packages/airflow/example_dags/example_params_ui_tutorial.py
[2024-04-14T16:58:05.708-0400] {processor.py:830} INFO - Processing file /Users/manideepakreddyaila/Desktop/projects/Legal_Insights_Engine/.venv/lib/python3.11/site-packages/airflow/example_dags/example_params_ui_tutorial.py for tasks to queue
[2024-04-14T16:58:05.709-0400] {logging_mixin.py:188} INFO - [2024-04-14T16:58:05.709-0400] {dagbag.py:540} INFO - Filling up the DagBag from /Users/manideepakreddyaila/Desktop/projects/Legal_Insights_Engine/.venv/lib/python3.11/site-packages/airflow/example_dags/example_params_ui_tutorial.py
[2024-04-14T16:58:05.750-0400] {processor.py:840} INFO - DAG(s) 'example_params_ui_tutorial' retrieved from /Users/manideepakreddyaila/Desktop/projects/Legal_Insights_Engine/.venv/lib/python3.11/site-packages/airflow/example_dags/example_params_ui_tutorial.py
[2024-04-14T16:58:05.793-0400] {logging_mixin.py:188} INFO - [2024-04-14T16:58:05.793-0400] {dag.py:3096} INFO - Sync 1 DAGs
[2024-04-14T16:58:05.796-0400] {logging_mixin.py:188} INFO - [2024-04-14T16:58:05.796-0400] {dag.py:3954} INFO - Setting next_dagrun for example_params_ui_tutorial to None, run_after=None
[2024-04-14T16:58:05.802-0400] {processor.py:183} INFO - Processing /Users/manideepakreddyaila/Desktop/projects/Legal_Insights_Engine/.venv/lib/python3.11/site-packages/airflow/example_dags/example_params_ui_tutorial.py took 0.096 seconds
[2024-04-14T17:17:13.757-0400] {processor.py:161} INFO - Started process (PID=34748) to work on /Users/manideepakreddyaila/Desktop/projects/Legal_Insights_Engine/.venv/lib/python3.11/site-packages/airflow/example_dags/example_params_ui_tutorial.py
[2024-04-14T17:17:13.757-0400] {processor.py:830} INFO - Processing file /Users/manideepakreddyaila/Desktop/projects/Legal_Insights_Engine/.venv/lib/python3.11/site-packages/airflow/example_dags/example_params_ui_tutorial.py for tasks to queue
[2024-04-14T17:17:13.758-0400] {logging_mixin.py:188} INFO - [2024-04-14T17:17:13.758-0400] {dagbag.py:540} INFO - Filling up the DagBag from /Users/manideepakreddyaila/Desktop/projects/Legal_Insights_Engine/.venv/lib/python3.11/site-packages/airflow/example_dags/example_params_ui_tutorial.py
[2024-04-14T17:17:13.800-0400] {processor.py:840} INFO - DAG(s) 'example_params_ui_tutorial' retrieved from /Users/manideepakreddyaila/Desktop/projects/Legal_Insights_Engine/.venv/lib/python3.11/site-packages/airflow/example_dags/example_params_ui_tutorial.py
[2024-04-14T17:17:13.843-0400] {logging_mixin.py:188} INFO - [2024-04-14T17:17:13.843-0400] {dag.py:3096} INFO - Sync 1 DAGs
[2024-04-14T17:17:13.847-0400] {logging_mixin.py:188} INFO - [2024-04-14T17:17:13.847-0400] {dag.py:3954} INFO - Setting next_dagrun for example_params_ui_tutorial to None, run_after=None
[2024-04-14T17:17:13.853-0400] {processor.py:183} INFO - Processing /Users/manideepakreddyaila/Desktop/projects/Legal_Insights_Engine/.venv/lib/python3.11/site-packages/airflow/example_dags/example_params_ui_tutorial.py took 0.097 seconds
[2024-04-14T17:19:08.276-0400] {processor.py:161} INFO - Started process (PID=34856) to work on /Users/manideepakreddyaila/Desktop/projects/Legal_Insights_Engine/.venv/lib/python3.11/site-packages/airflow/example_dags/example_params_ui_tutorial.py
[2024-04-14T17:19:08.278-0400] {processor.py:830} INFO - Processing file /Users/manideepakreddyaila/Desktop/projects/Legal_Insights_Engine/.venv/lib/python3.11/site-packages/airflow/example_dags/example_params_ui_tutorial.py for tasks to queue
[2024-04-14T17:19:08.278-0400] {logging_mixin.py:188} INFO - [2024-04-14T17:19:08.278-0400] {dagbag.py:540} INFO - Filling up the DagBag from /Users/manideepakreddyaila/Desktop/projects/Legal_Insights_Engine/.venv/lib/python3.11/site-packages/airflow/example_dags/example_params_ui_tutorial.py
[2024-04-14T17:19:08.318-0400] {processor.py:840} INFO - DAG(s) 'example_params_ui_tutorial' retrieved from /Users/manideepakreddyaila/Desktop/projects/Legal_Insights_Engine/.venv/lib/python3.11/site-packages/airflow/example_dags/example_params_ui_tutorial.py
[2024-04-14T17:19:08.361-0400] {logging_mixin.py:188} INFO - [2024-04-14T17:19:08.361-0400] {dag.py:3096} INFO - Sync 1 DAGs
[2024-04-14T17:19:08.364-0400] {logging_mixin.py:188} INFO - [2024-04-14T17:19:08.364-0400] {dag.py:3954} INFO - Setting next_dagrun for example_params_ui_tutorial to None, run_after=None
[2024-04-14T17:19:08.371-0400] {processor.py:183} INFO - Processing /Users/manideepakreddyaila/Desktop/projects/Legal_Insights_Engine/.venv/lib/python3.11/site-packages/airflow/example_dags/example_params_ui_tutorial.py took 0.096 seconds
[2024-04-14T17:21:01.818-0400] {processor.py:161} INFO - Started process (PID=34955) to work on /Users/manideepakreddyaila/Desktop/projects/Legal_Insights_Engine/.venv/lib/python3.11/site-packages/airflow/example_dags/example_params_ui_tutorial.py
[2024-04-14T17:21:01.819-0400] {processor.py:830} INFO - Processing file /Users/manideepakreddyaila/Desktop/projects/Legal_Insights_Engine/.venv/lib/python3.11/site-packages/airflow/example_dags/example_params_ui_tutorial.py for tasks to queue
[2024-04-14T17:21:01.819-0400] {logging_mixin.py:188} INFO - [2024-04-14T17:21:01.819-0400] {dagbag.py:540} INFO - Filling up the DagBag from /Users/manideepakreddyaila/Desktop/projects/Legal_Insights_Engine/.venv/lib/python3.11/site-packages/airflow/example_dags/example_params_ui_tutorial.py
[2024-04-14T17:21:01.860-0400] {processor.py:840} INFO - DAG(s) 'example_params_ui_tutorial' retrieved from /Users/manideepakreddyaila/Desktop/projects/Legal_Insights_Engine/.venv/lib/python3.11/site-packages/airflow/example_dags/example_params_ui_tutorial.py
[2024-04-14T17:21:01.902-0400] {logging_mixin.py:188} INFO - [2024-04-14T17:21:01.902-0400] {dag.py:3096} INFO - Sync 1 DAGs
[2024-04-14T17:21:01.906-0400] {logging_mixin.py:188} INFO - [2024-04-14T17:21:01.906-0400] {dag.py:3954} INFO - Setting next_dagrun for example_params_ui_tutorial to None, run_after=None
[2024-04-14T17:21:01.912-0400] {processor.py:183} INFO - Processing /Users/manideepakreddyaila/Desktop/projects/Legal_Insights_Engine/.venv/lib/python3.11/site-packages/airflow/example_dags/example_params_ui_tutorial.py took 0.095 seconds
[2024-04-14T17:22:57.116-0400] {processor.py:161} INFO - Started process (PID=35053) to work on /Users/manideepakreddyaila/Desktop/projects/Legal_Insights_Engine/.venv/lib/python3.11/site-packages/airflow/example_dags/example_params_ui_tutorial.py
[2024-04-14T17:22:57.117-0400] {processor.py:830} INFO - Processing file /Users/manideepakreddyaila/Desktop/projects/Legal_Insights_Engine/.venv/lib/python3.11/site-packages/airflow/example_dags/example_params_ui_tutorial.py for tasks to queue
[2024-04-14T17:22:57.117-0400] {logging_mixin.py:188} INFO - [2024-04-14T17:22:57.117-0400] {dagbag.py:540} INFO - Filling up the DagBag from /Users/manideepakreddyaila/Desktop/projects/Legal_Insights_Engine/.venv/lib/python3.11/site-packages/airflow/example_dags/example_params_ui_tutorial.py
[2024-04-14T17:22:57.159-0400] {processor.py:840} INFO - DAG(s) 'example_params_ui_tutorial' retrieved from /Users/manideepakreddyaila/Desktop/projects/Legal_Insights_Engine/.venv/lib/python3.11/site-packages/airflow/example_dags/example_params_ui_tutorial.py
[2024-04-14T17:22:57.202-0400] {logging_mixin.py:188} INFO - [2024-04-14T17:22:57.202-0400] {dag.py:3096} INFO - Sync 1 DAGs
[2024-04-14T17:22:57.205-0400] {logging_mixin.py:188} INFO - [2024-04-14T17:22:57.205-0400] {dag.py:3954} INFO - Setting next_dagrun for example_params_ui_tutorial to None, run_after=None
[2024-04-14T17:22:57.212-0400] {processor.py:183} INFO - Processing /Users/manideepakreddyaila/Desktop/projects/Legal_Insights_Engine/.venv/lib/python3.11/site-packages/airflow/example_dags/example_params_ui_tutorial.py took 0.097 seconds
[2024-04-14T17:24:55.039-0400] {processor.py:161} INFO - Started process (PID=35150) to work on /Users/manideepakreddyaila/Desktop/projects/Legal_Insights_Engine/.venv/lib/python3.11/site-packages/airflow/example_dags/example_params_ui_tutorial.py
[2024-04-14T17:24:55.040-0400] {processor.py:830} INFO - Processing file /Users/manideepakreddyaila/Desktop/projects/Legal_Insights_Engine/.venv/lib/python3.11/site-packages/airflow/example_dags/example_params_ui_tutorial.py for tasks to queue
[2024-04-14T17:24:55.041-0400] {logging_mixin.py:188} INFO - [2024-04-14T17:24:55.041-0400] {dagbag.py:540} INFO - Filling up the DagBag from /Users/manideepakreddyaila/Desktop/projects/Legal_Insights_Engine/.venv/lib/python3.11/site-packages/airflow/example_dags/example_params_ui_tutorial.py
[2024-04-14T17:24:55.088-0400] {processor.py:840} INFO - DAG(s) 'example_params_ui_tutorial' retrieved from /Users/manideepakreddyaila/Desktop/projects/Legal_Insights_Engine/.venv/lib/python3.11/site-packages/airflow/example_dags/example_params_ui_tutorial.py
[2024-04-14T17:24:55.133-0400] {logging_mixin.py:188} INFO - [2024-04-14T17:24:55.132-0400] {dag.py:3096} INFO - Sync 1 DAGs
[2024-04-14T17:24:55.136-0400] {logging_mixin.py:188} INFO - [2024-04-14T17:24:55.136-0400] {dag.py:3954} INFO - Setting next_dagrun for example_params_ui_tutorial to None, run_after=None
[2024-04-14T17:24:55.142-0400] {processor.py:183} INFO - Processing /Users/manideepakreddyaila/Desktop/projects/Legal_Insights_Engine/.venv/lib/python3.11/site-packages/airflow/example_dags/example_params_ui_tutorial.py took 0.104 seconds
[2024-04-14T17:26:53.312-0400] {processor.py:161} INFO - Started process (PID=35255) to work on /Users/manideepakreddyaila/Desktop/projects/Legal_Insights_Engine/.venv/lib/python3.11/site-packages/airflow/example_dags/example_params_ui_tutorial.py
[2024-04-14T17:26:53.313-0400] {processor.py:830} INFO - Processing file /Users/manideepakreddyaila/Desktop/projects/Legal_Insights_Engine/.venv/lib/python3.11/site-packages/airflow/example_dags/example_params_ui_tutorial.py for tasks to queue
[2024-04-14T17:26:53.313-0400] {logging_mixin.py:188} INFO - [2024-04-14T17:26:53.313-0400] {dagbag.py:540} INFO - Filling up the DagBag from /Users/manideepakreddyaila/Desktop/projects/Legal_Insights_Engine/.venv/lib/python3.11/site-packages/airflow/example_dags/example_params_ui_tutorial.py
[2024-04-14T17:26:53.354-0400] {processor.py:840} INFO - DAG(s) 'example_params_ui_tutorial' retrieved from /Users/manideepakreddyaila/Desktop/projects/Legal_Insights_Engine/.venv/lib/python3.11/site-packages/airflow/example_dags/example_params_ui_tutorial.py
[2024-04-14T17:26:53.397-0400] {logging_mixin.py:188} INFO - [2024-04-14T17:26:53.397-0400] {dag.py:3096} INFO - Sync 1 DAGs
[2024-04-14T17:26:53.401-0400] {logging_mixin.py:188} INFO - [2024-04-14T17:26:53.401-0400] {dag.py:3954} INFO - Setting next_dagrun for example_params_ui_tutorial to None, run_after=None
[2024-04-14T17:26:53.407-0400] {processor.py:183} INFO - Processing /Users/manideepakreddyaila/Desktop/projects/Legal_Insights_Engine/.venv/lib/python3.11/site-packages/airflow/example_dags/example_params_ui_tutorial.py took 0.096 seconds
[2024-04-14T17:28:48.283-0400] {processor.py:161} INFO - Started process (PID=35366) to work on /Users/manideepakreddyaila/Desktop/projects/Legal_Insights_Engine/.venv/lib/python3.11/site-packages/airflow/example_dags/example_params_ui_tutorial.py
[2024-04-14T17:28:48.284-0400] {processor.py:830} INFO - Processing file /Users/manideepakreddyaila/Desktop/projects/Legal_Insights_Engine/.venv/lib/python3.11/site-packages/airflow/example_dags/example_params_ui_tutorial.py for tasks to queue
[2024-04-14T17:28:48.285-0400] {logging_mixin.py:188} INFO - [2024-04-14T17:28:48.284-0400] {dagbag.py:540} INFO - Filling up the DagBag from /Users/manideepakreddyaila/Desktop/projects/Legal_Insights_Engine/.venv/lib/python3.11/site-packages/airflow/example_dags/example_params_ui_tutorial.py
[2024-04-14T17:28:48.324-0400] {processor.py:840} INFO - DAG(s) 'example_params_ui_tutorial' retrieved from /Users/manideepakreddyaila/Desktop/projects/Legal_Insights_Engine/.venv/lib/python3.11/site-packages/airflow/example_dags/example_params_ui_tutorial.py
[2024-04-14T17:28:48.367-0400] {logging_mixin.py:188} INFO - [2024-04-14T17:28:48.367-0400] {dag.py:3096} INFO - Sync 1 DAGs
[2024-04-14T17:28:48.371-0400] {logging_mixin.py:188} INFO - [2024-04-14T17:28:48.371-0400] {dag.py:3954} INFO - Setting next_dagrun for example_params_ui_tutorial to None, run_after=None
[2024-04-14T17:28:48.377-0400] {processor.py:183} INFO - Processing /Users/manideepakreddyaila/Desktop/projects/Legal_Insights_Engine/.venv/lib/python3.11/site-packages/airflow/example_dags/example_params_ui_tutorial.py took 0.095 seconds
[2024-04-14T17:30:45.907-0400] {processor.py:161} INFO - Started process (PID=35502) to work on /Users/manideepakreddyaila/Desktop/projects/Legal_Insights_Engine/.venv/lib/python3.11/site-packages/airflow/example_dags/example_params_ui_tutorial.py
[2024-04-14T17:30:45.907-0400] {processor.py:830} INFO - Processing file /Users/manideepakreddyaila/Desktop/projects/Legal_Insights_Engine/.venv/lib/python3.11/site-packages/airflow/example_dags/example_params_ui_tutorial.py for tasks to queue
[2024-04-14T17:30:45.908-0400] {logging_mixin.py:188} INFO - [2024-04-14T17:30:45.908-0400] {dagbag.py:540} INFO - Filling up the DagBag from /Users/manideepakreddyaila/Desktop/projects/Legal_Insights_Engine/.venv/lib/python3.11/site-packages/airflow/example_dags/example_params_ui_tutorial.py
[2024-04-14T17:30:45.948-0400] {processor.py:840} INFO - DAG(s) 'example_params_ui_tutorial' retrieved from /Users/manideepakreddyaila/Desktop/projects/Legal_Insights_Engine/.venv/lib/python3.11/site-packages/airflow/example_dags/example_params_ui_tutorial.py
[2024-04-14T17:30:45.993-0400] {logging_mixin.py:188} INFO - [2024-04-14T17:30:45.993-0400] {dag.py:3096} INFO - Sync 1 DAGs
[2024-04-14T17:30:45.997-0400] {logging_mixin.py:188} INFO - [2024-04-14T17:30:45.997-0400] {dag.py:3954} INFO - Setting next_dagrun for example_params_ui_tutorial to None, run_after=None
[2024-04-14T17:30:46.003-0400] {processor.py:183} INFO - Processing /Users/manideepakreddyaila/Desktop/projects/Legal_Insights_Engine/.venv/lib/python3.11/site-packages/airflow/example_dags/example_params_ui_tutorial.py took 0.097 seconds
[2024-04-14T17:32:44.721-0400] {processor.py:161} INFO - Started process (PID=35613) to work on /Users/manideepakreddyaila/Desktop/projects/Legal_Insights_Engine/.venv/lib/python3.11/site-packages/airflow/example_dags/example_params_ui_tutorial.py
[2024-04-14T17:32:44.722-0400] {processor.py:830} INFO - Processing file /Users/manideepakreddyaila/Desktop/projects/Legal_Insights_Engine/.venv/lib/python3.11/site-packages/airflow/example_dags/example_params_ui_tutorial.py for tasks to queue
[2024-04-14T17:32:44.722-0400] {logging_mixin.py:188} INFO - [2024-04-14T17:32:44.722-0400] {dagbag.py:540} INFO - Filling up the DagBag from /Users/manideepakreddyaila/Desktop/projects/Legal_Insights_Engine/.venv/lib/python3.11/site-packages/airflow/example_dags/example_params_ui_tutorial.py
[2024-04-14T17:32:44.764-0400] {processor.py:840} INFO - DAG(s) 'example_params_ui_tutorial' retrieved from /Users/manideepakreddyaila/Desktop/projects/Legal_Insights_Engine/.venv/lib/python3.11/site-packages/airflow/example_dags/example_params_ui_tutorial.py
[2024-04-14T17:32:44.807-0400] {logging_mixin.py:188} INFO - [2024-04-14T17:32:44.807-0400] {dag.py:3096} INFO - Sync 1 DAGs
[2024-04-14T17:32:44.810-0400] {logging_mixin.py:188} INFO - [2024-04-14T17:32:44.810-0400] {dag.py:3954} INFO - Setting next_dagrun for example_params_ui_tutorial to None, run_after=None
[2024-04-14T17:32:44.816-0400] {processor.py:183} INFO - Processing /Users/manideepakreddyaila/Desktop/projects/Legal_Insights_Engine/.venv/lib/python3.11/site-packages/airflow/example_dags/example_params_ui_tutorial.py took 0.096 seconds
[2024-04-14T17:34:44.414-0400] {processor.py:161} INFO - Started process (PID=35710) to work on /Users/manideepakreddyaila/Desktop/projects/Legal_Insights_Engine/.venv/lib/python3.11/site-packages/airflow/example_dags/example_params_ui_tutorial.py
[2024-04-14T17:34:44.415-0400] {processor.py:830} INFO - Processing file /Users/manideepakreddyaila/Desktop/projects/Legal_Insights_Engine/.venv/lib/python3.11/site-packages/airflow/example_dags/example_params_ui_tutorial.py for tasks to queue
[2024-04-14T17:34:44.415-0400] {logging_mixin.py:188} INFO - [2024-04-14T17:34:44.415-0400] {dagbag.py:540} INFO - Filling up the DagBag from /Users/manideepakreddyaila/Desktop/projects/Legal_Insights_Engine/.venv/lib/python3.11/site-packages/airflow/example_dags/example_params_ui_tutorial.py
[2024-04-14T17:34:44.456-0400] {processor.py:840} INFO - DAG(s) 'example_params_ui_tutorial' retrieved from /Users/manideepakreddyaila/Desktop/projects/Legal_Insights_Engine/.venv/lib/python3.11/site-packages/airflow/example_dags/example_params_ui_tutorial.py
[2024-04-14T17:34:44.498-0400] {logging_mixin.py:188} INFO - [2024-04-14T17:34:44.498-0400] {dag.py:3096} INFO - Sync 1 DAGs
[2024-04-14T17:34:44.502-0400] {logging_mixin.py:188} INFO - [2024-04-14T17:34:44.502-0400] {dag.py:3954} INFO - Setting next_dagrun for example_params_ui_tutorial to None, run_after=None
[2024-04-14T17:34:44.508-0400] {processor.py:183} INFO - Processing /Users/manideepakreddyaila/Desktop/projects/Legal_Insights_Engine/.venv/lib/python3.11/site-packages/airflow/example_dags/example_params_ui_tutorial.py took 0.095 seconds
[2024-04-14T17:36:43.383-0400] {processor.py:161} INFO - Started process (PID=35808) to work on /Users/manideepakreddyaila/Desktop/projects/Legal_Insights_Engine/.venv/lib/python3.11/site-packages/airflow/example_dags/example_params_ui_tutorial.py
[2024-04-14T17:36:43.384-0400] {processor.py:830} INFO - Processing file /Users/manideepakreddyaila/Desktop/projects/Legal_Insights_Engine/.venv/lib/python3.11/site-packages/airflow/example_dags/example_params_ui_tutorial.py for tasks to queue
[2024-04-14T17:36:43.384-0400] {logging_mixin.py:188} INFO - [2024-04-14T17:36:43.384-0400] {dagbag.py:540} INFO - Filling up the DagBag from /Users/manideepakreddyaila/Desktop/projects/Legal_Insights_Engine/.venv/lib/python3.11/site-packages/airflow/example_dags/example_params_ui_tutorial.py
[2024-04-14T17:36:43.425-0400] {processor.py:840} INFO - DAG(s) 'example_params_ui_tutorial' retrieved from /Users/manideepakreddyaila/Desktop/projects/Legal_Insights_Engine/.venv/lib/python3.11/site-packages/airflow/example_dags/example_params_ui_tutorial.py
[2024-04-14T17:36:43.469-0400] {logging_mixin.py:188} INFO - [2024-04-14T17:36:43.468-0400] {dag.py:3096} INFO - Sync 1 DAGs
[2024-04-14T17:36:43.472-0400] {logging_mixin.py:188} INFO - [2024-04-14T17:36:43.472-0400] {dag.py:3954} INFO - Setting next_dagrun for example_params_ui_tutorial to None, run_after=None
[2024-04-14T17:36:43.479-0400] {processor.py:183} INFO - Processing /Users/manideepakreddyaila/Desktop/projects/Legal_Insights_Engine/.venv/lib/python3.11/site-packages/airflow/example_dags/example_params_ui_tutorial.py took 0.097 seconds
[2024-04-14T17:38:33.365-0400] {processor.py:161} INFO - Started process (PID=35891) to work on /Users/manideepakreddyaila/Desktop/projects/Legal_Insights_Engine/.venv/lib/python3.11/site-packages/airflow/example_dags/example_params_ui_tutorial.py
[2024-04-14T17:38:33.366-0400] {processor.py:830} INFO - Processing file /Users/manideepakreddyaila/Desktop/projects/Legal_Insights_Engine/.venv/lib/python3.11/site-packages/airflow/example_dags/example_params_ui_tutorial.py for tasks to queue
[2024-04-14T17:38:33.366-0400] {logging_mixin.py:188} INFO - [2024-04-14T17:38:33.366-0400] {dagbag.py:540} INFO - Filling up the DagBag from /Users/manideepakreddyaila/Desktop/projects/Legal_Insights_Engine/.venv/lib/python3.11/site-packages/airflow/example_dags/example_params_ui_tutorial.py
[2024-04-14T17:38:33.414-0400] {processor.py:840} INFO - DAG(s) 'example_params_ui_tutorial' retrieved from /Users/manideepakreddyaila/Desktop/projects/Legal_Insights_Engine/.venv/lib/python3.11/site-packages/airflow/example_dags/example_params_ui_tutorial.py
[2024-04-14T17:38:33.466-0400] {logging_mixin.py:188} INFO - [2024-04-14T17:38:33.466-0400] {dag.py:3096} INFO - Sync 1 DAGs
[2024-04-14T17:38:33.470-0400] {logging_mixin.py:188} INFO - [2024-04-14T17:38:33.470-0400] {dag.py:3954} INFO - Setting next_dagrun for example_params_ui_tutorial to None, run_after=None
[2024-04-14T17:38:33.477-0400] {processor.py:183} INFO - Processing /Users/manideepakreddyaila/Desktop/projects/Legal_Insights_Engine/.venv/lib/python3.11/site-packages/airflow/example_dags/example_params_ui_tutorial.py took 0.113 seconds
[2024-04-14T17:40:27.794-0400] {processor.py:161} INFO - Started process (PID=35978) to work on /Users/manideepakreddyaila/Desktop/projects/Legal_Insights_Engine/.venv/lib/python3.11/site-packages/airflow/example_dags/example_params_ui_tutorial.py
[2024-04-14T17:40:27.795-0400] {processor.py:830} INFO - Processing file /Users/manideepakreddyaila/Desktop/projects/Legal_Insights_Engine/.venv/lib/python3.11/site-packages/airflow/example_dags/example_params_ui_tutorial.py for tasks to queue
[2024-04-14T17:40:27.795-0400] {logging_mixin.py:188} INFO - [2024-04-14T17:40:27.795-0400] {dagbag.py:540} INFO - Filling up the DagBag from /Users/manideepakreddyaila/Desktop/projects/Legal_Insights_Engine/.venv/lib/python3.11/site-packages/airflow/example_dags/example_params_ui_tutorial.py
[2024-04-14T17:40:27.835-0400] {processor.py:840} INFO - DAG(s) 'example_params_ui_tutorial' retrieved from /Users/manideepakreddyaila/Desktop/projects/Legal_Insights_Engine/.venv/lib/python3.11/site-packages/airflow/example_dags/example_params_ui_tutorial.py
[2024-04-14T17:40:27.880-0400] {logging_mixin.py:188} INFO - [2024-04-14T17:40:27.880-0400] {dag.py:3096} INFO - Sync 1 DAGs
[2024-04-14T17:40:27.884-0400] {logging_mixin.py:188} INFO - [2024-04-14T17:40:27.884-0400] {dag.py:3954} INFO - Setting next_dagrun for example_params_ui_tutorial to None, run_after=None
[2024-04-14T17:40:27.891-0400] {processor.py:183} INFO - Processing /Users/manideepakreddyaila/Desktop/projects/Legal_Insights_Engine/.venv/lib/python3.11/site-packages/airflow/example_dags/example_params_ui_tutorial.py took 0.097 seconds
[2024-04-14T17:42:16.889-0400] {processor.py:161} INFO - Started process (PID=36064) to work on /Users/manideepakreddyaila/Desktop/projects/Legal_Insights_Engine/.venv/lib/python3.11/site-packages/airflow/example_dags/example_params_ui_tutorial.py
[2024-04-14T17:42:16.890-0400] {processor.py:830} INFO - Processing file /Users/manideepakreddyaila/Desktop/projects/Legal_Insights_Engine/.venv/lib/python3.11/site-packages/airflow/example_dags/example_params_ui_tutorial.py for tasks to queue
[2024-04-14T17:42:16.890-0400] {logging_mixin.py:188} INFO - [2024-04-14T17:42:16.890-0400] {dagbag.py:540} INFO - Filling up the DagBag from /Users/manideepakreddyaila/Desktop/projects/Legal_Insights_Engine/.venv/lib/python3.11/site-packages/airflow/example_dags/example_params_ui_tutorial.py
[2024-04-14T17:42:16.933-0400] {processor.py:840} INFO - DAG(s) 'example_params_ui_tutorial' retrieved from /Users/manideepakreddyaila/Desktop/projects/Legal_Insights_Engine/.venv/lib/python3.11/site-packages/airflow/example_dags/example_params_ui_tutorial.py
[2024-04-14T17:42:16.976-0400] {logging_mixin.py:188} INFO - [2024-04-14T17:42:16.976-0400] {dag.py:3096} INFO - Sync 1 DAGs
[2024-04-14T17:42:16.980-0400] {logging_mixin.py:188} INFO - [2024-04-14T17:42:16.979-0400] {dag.py:3954} INFO - Setting next_dagrun for example_params_ui_tutorial to None, run_after=None
[2024-04-14T17:42:16.986-0400] {processor.py:183} INFO - Processing /Users/manideepakreddyaila/Desktop/projects/Legal_Insights_Engine/.venv/lib/python3.11/site-packages/airflow/example_dags/example_params_ui_tutorial.py took 0.098 seconds
[2024-04-14T17:44:10.957-0400] {processor.py:161} INFO - Started process (PID=36151) to work on /Users/manideepakreddyaila/Desktop/projects/Legal_Insights_Engine/.venv/lib/python3.11/site-packages/airflow/example_dags/example_params_ui_tutorial.py
[2024-04-14T17:44:10.958-0400] {processor.py:830} INFO - Processing file /Users/manideepakreddyaila/Desktop/projects/Legal_Insights_Engine/.venv/lib/python3.11/site-packages/airflow/example_dags/example_params_ui_tutorial.py for tasks to queue
[2024-04-14T17:44:10.958-0400] {logging_mixin.py:188} INFO - [2024-04-14T17:44:10.958-0400] {dagbag.py:540} INFO - Filling up the DagBag from /Users/manideepakreddyaila/Desktop/projects/Legal_Insights_Engine/.venv/lib/python3.11/site-packages/airflow/example_dags/example_params_ui_tutorial.py
[2024-04-14T17:44:10.998-0400] {processor.py:840} INFO - DAG(s) 'example_params_ui_tutorial' retrieved from /Users/manideepakreddyaila/Desktop/projects/Legal_Insights_Engine/.venv/lib/python3.11/site-packages/airflow/example_dags/example_params_ui_tutorial.py
[2024-04-14T17:44:11.040-0400] {logging_mixin.py:188} INFO - [2024-04-14T17:44:11.040-0400] {dag.py:3096} INFO - Sync 1 DAGs
[2024-04-14T17:44:11.044-0400] {logging_mixin.py:188} INFO - [2024-04-14T17:44:11.044-0400] {dag.py:3954} INFO - Setting next_dagrun for example_params_ui_tutorial to None, run_after=None
[2024-04-14T17:44:11.050-0400] {processor.py:183} INFO - Processing /Users/manideepakreddyaila/Desktop/projects/Legal_Insights_Engine/.venv/lib/python3.11/site-packages/airflow/example_dags/example_params_ui_tutorial.py took 0.094 seconds
[2024-04-14T17:46:09.322-0400] {processor.py:161} INFO - Started process (PID=36242) to work on /Users/manideepakreddyaila/Desktop/projects/Legal_Insights_Engine/.venv/lib/python3.11/site-packages/airflow/example_dags/example_params_ui_tutorial.py
[2024-04-14T17:46:09.324-0400] {processor.py:830} INFO - Processing file /Users/manideepakreddyaila/Desktop/projects/Legal_Insights_Engine/.venv/lib/python3.11/site-packages/airflow/example_dags/example_params_ui_tutorial.py for tasks to queue
[2024-04-14T17:46:09.324-0400] {logging_mixin.py:188} INFO - [2024-04-14T17:46:09.324-0400] {dagbag.py:540} INFO - Filling up the DagBag from /Users/manideepakreddyaila/Desktop/projects/Legal_Insights_Engine/.venv/lib/python3.11/site-packages/airflow/example_dags/example_params_ui_tutorial.py
[2024-04-14T17:46:09.364-0400] {processor.py:840} INFO - DAG(s) 'example_params_ui_tutorial' retrieved from /Users/manideepakreddyaila/Desktop/projects/Legal_Insights_Engine/.venv/lib/python3.11/site-packages/airflow/example_dags/example_params_ui_tutorial.py
[2024-04-14T17:46:09.407-0400] {logging_mixin.py:188} INFO - [2024-04-14T17:46:09.407-0400] {dag.py:3096} INFO - Sync 1 DAGs
[2024-04-14T17:46:09.411-0400] {logging_mixin.py:188} INFO - [2024-04-14T17:46:09.411-0400] {dag.py:3954} INFO - Setting next_dagrun for example_params_ui_tutorial to None, run_after=None
[2024-04-14T17:46:09.417-0400] {processor.py:183} INFO - Processing /Users/manideepakreddyaila/Desktop/projects/Legal_Insights_Engine/.venv/lib/python3.11/site-packages/airflow/example_dags/example_params_ui_tutorial.py took 0.095 seconds
[2024-04-14T17:48:12.147-0400] {processor.py:161} INFO - Started process (PID=36335) to work on /Users/manideepakreddyaila/Desktop/projects/Legal_Insights_Engine/.venv/lib/python3.11/site-packages/airflow/example_dags/example_params_ui_tutorial.py
[2024-04-14T17:48:12.148-0400] {processor.py:830} INFO - Processing file /Users/manideepakreddyaila/Desktop/projects/Legal_Insights_Engine/.venv/lib/python3.11/site-packages/airflow/example_dags/example_params_ui_tutorial.py for tasks to queue
[2024-04-14T17:48:12.148-0400] {logging_mixin.py:188} INFO - [2024-04-14T17:48:12.148-0400] {dagbag.py:540} INFO - Filling up the DagBag from /Users/manideepakreddyaila/Desktop/projects/Legal_Insights_Engine/.venv/lib/python3.11/site-packages/airflow/example_dags/example_params_ui_tutorial.py
[2024-04-14T17:48:12.188-0400] {processor.py:840} INFO - DAG(s) 'example_params_ui_tutorial' retrieved from /Users/manideepakreddyaila/Desktop/projects/Legal_Insights_Engine/.venv/lib/python3.11/site-packages/airflow/example_dags/example_params_ui_tutorial.py
[2024-04-14T17:48:12.231-0400] {logging_mixin.py:188} INFO - [2024-04-14T17:48:12.231-0400] {dag.py:3096} INFO - Sync 1 DAGs
[2024-04-14T17:48:12.235-0400] {logging_mixin.py:188} INFO - [2024-04-14T17:48:12.235-0400] {dag.py:3954} INFO - Setting next_dagrun for example_params_ui_tutorial to None, run_after=None
[2024-04-14T17:48:12.241-0400] {processor.py:183} INFO - Processing /Users/manideepakreddyaila/Desktop/projects/Legal_Insights_Engine/.venv/lib/python3.11/site-packages/airflow/example_dags/example_params_ui_tutorial.py took 0.095 seconds
[2024-04-14T17:50:09.047-0400] {processor.py:161} INFO - Started process (PID=36432) to work on /Users/manideepakreddyaila/Desktop/projects/Legal_Insights_Engine/.venv/lib/python3.11/site-packages/airflow/example_dags/example_params_ui_tutorial.py
[2024-04-14T17:50:09.048-0400] {processor.py:830} INFO - Processing file /Users/manideepakreddyaila/Desktop/projects/Legal_Insights_Engine/.venv/lib/python3.11/site-packages/airflow/example_dags/example_params_ui_tutorial.py for tasks to queue
[2024-04-14T17:50:09.048-0400] {logging_mixin.py:188} INFO - [2024-04-14T17:50:09.048-0400] {dagbag.py:540} INFO - Filling up the DagBag from /Users/manideepakreddyaila/Desktop/projects/Legal_Insights_Engine/.venv/lib/python3.11/site-packages/airflow/example_dags/example_params_ui_tutorial.py
[2024-04-14T17:50:09.088-0400] {processor.py:840} INFO - DAG(s) 'example_params_ui_tutorial' retrieved from /Users/manideepakreddyaila/Desktop/projects/Legal_Insights_Engine/.venv/lib/python3.11/site-packages/airflow/example_dags/example_params_ui_tutorial.py
[2024-04-14T17:50:09.131-0400] {logging_mixin.py:188} INFO - [2024-04-14T17:50:09.131-0400] {dag.py:3096} INFO - Sync 1 DAGs
[2024-04-14T17:50:09.134-0400] {logging_mixin.py:188} INFO - [2024-04-14T17:50:09.134-0400] {dag.py:3954} INFO - Setting next_dagrun for example_params_ui_tutorial to None, run_after=None
[2024-04-14T17:50:09.140-0400] {processor.py:183} INFO - Processing /Users/manideepakreddyaila/Desktop/projects/Legal_Insights_Engine/.venv/lib/python3.11/site-packages/airflow/example_dags/example_params_ui_tutorial.py took 0.095 seconds
[2024-04-14T17:52:04.425-0400] {processor.py:161} INFO - Started process (PID=36528) to work on /Users/manideepakreddyaila/Desktop/projects/Legal_Insights_Engine/.venv/lib/python3.11/site-packages/airflow/example_dags/example_params_ui_tutorial.py
[2024-04-14T17:52:04.426-0400] {processor.py:830} INFO - Processing file /Users/manideepakreddyaila/Desktop/projects/Legal_Insights_Engine/.venv/lib/python3.11/site-packages/airflow/example_dags/example_params_ui_tutorial.py for tasks to queue
[2024-04-14T17:52:04.426-0400] {logging_mixin.py:188} INFO - [2024-04-14T17:52:04.426-0400] {dagbag.py:540} INFO - Filling up the DagBag from /Users/manideepakreddyaila/Desktop/projects/Legal_Insights_Engine/.venv/lib/python3.11/site-packages/airflow/example_dags/example_params_ui_tutorial.py
[2024-04-14T17:52:04.467-0400] {processor.py:840} INFO - DAG(s) 'example_params_ui_tutorial' retrieved from /Users/manideepakreddyaila/Desktop/projects/Legal_Insights_Engine/.venv/lib/python3.11/site-packages/airflow/example_dags/example_params_ui_tutorial.py
[2024-04-14T17:52:04.510-0400] {logging_mixin.py:188} INFO - [2024-04-14T17:52:04.510-0400] {dag.py:3096} INFO - Sync 1 DAGs
[2024-04-14T17:52:04.514-0400] {logging_mixin.py:188} INFO - [2024-04-14T17:52:04.514-0400] {dag.py:3954} INFO - Setting next_dagrun for example_params_ui_tutorial to None, run_after=None
[2024-04-14T17:52:04.521-0400] {processor.py:183} INFO - Processing /Users/manideepakreddyaila/Desktop/projects/Legal_Insights_Engine/.venv/lib/python3.11/site-packages/airflow/example_dags/example_params_ui_tutorial.py took 0.097 seconds
[2024-04-14T17:54:01.452-0400] {processor.py:161} INFO - Started process (PID=36609) to work on /Users/manideepakreddyaila/Desktop/projects/Legal_Insights_Engine/.venv/lib/python3.11/site-packages/airflow/example_dags/example_params_ui_tutorial.py
[2024-04-14T17:54:01.453-0400] {processor.py:830} INFO - Processing file /Users/manideepakreddyaila/Desktop/projects/Legal_Insights_Engine/.venv/lib/python3.11/site-packages/airflow/example_dags/example_params_ui_tutorial.py for tasks to queue
[2024-04-14T17:54:01.453-0400] {logging_mixin.py:188} INFO - [2024-04-14T17:54:01.453-0400] {dagbag.py:540} INFO - Filling up the DagBag from /Users/manideepakreddyaila/Desktop/projects/Legal_Insights_Engine/.venv/lib/python3.11/site-packages/airflow/example_dags/example_params_ui_tutorial.py
[2024-04-14T17:54:01.494-0400] {processor.py:840} INFO - DAG(s) 'example_params_ui_tutorial' retrieved from /Users/manideepakreddyaila/Desktop/projects/Legal_Insights_Engine/.venv/lib/python3.11/site-packages/airflow/example_dags/example_params_ui_tutorial.py
[2024-04-14T17:54:01.537-0400] {logging_mixin.py:188} INFO - [2024-04-14T17:54:01.537-0400] {dag.py:3096} INFO - Sync 1 DAGs
[2024-04-14T17:54:01.540-0400] {logging_mixin.py:188} INFO - [2024-04-14T17:54:01.540-0400] {dag.py:3954} INFO - Setting next_dagrun for example_params_ui_tutorial to None, run_after=None
[2024-04-14T17:54:01.546-0400] {processor.py:183} INFO - Processing /Users/manideepakreddyaila/Desktop/projects/Legal_Insights_Engine/.venv/lib/python3.11/site-packages/airflow/example_dags/example_params_ui_tutorial.py took 0.096 seconds
[2024-04-14T17:55:53.636-0400] {processor.py:161} INFO - Started process (PID=36762) to work on /Users/manideepakreddyaila/Desktop/projects/Legal_Insights_Engine/.venv/lib/python3.11/site-packages/airflow/example_dags/example_params_ui_tutorial.py
[2024-04-14T17:55:53.638-0400] {processor.py:830} INFO - Processing file /Users/manideepakreddyaila/Desktop/projects/Legal_Insights_Engine/.venv/lib/python3.11/site-packages/airflow/example_dags/example_params_ui_tutorial.py for tasks to queue
[2024-04-14T17:55:53.638-0400] {logging_mixin.py:188} INFO - [2024-04-14T17:55:53.638-0400] {dagbag.py:540} INFO - Filling up the DagBag from /Users/manideepakreddyaila/Desktop/projects/Legal_Insights_Engine/.venv/lib/python3.11/site-packages/airflow/example_dags/example_params_ui_tutorial.py
[2024-04-14T17:55:53.678-0400] {processor.py:840} INFO - DAG(s) 'example_params_ui_tutorial' retrieved from /Users/manideepakreddyaila/Desktop/projects/Legal_Insights_Engine/.venv/lib/python3.11/site-packages/airflow/example_dags/example_params_ui_tutorial.py
[2024-04-14T17:55:53.720-0400] {logging_mixin.py:188} INFO - [2024-04-14T17:55:53.720-0400] {dag.py:3096} INFO - Sync 1 DAGs
[2024-04-14T17:55:53.724-0400] {logging_mixin.py:188} INFO - [2024-04-14T17:55:53.724-0400] {dag.py:3954} INFO - Setting next_dagrun for example_params_ui_tutorial to None, run_after=None
[2024-04-14T17:55:53.730-0400] {processor.py:183} INFO - Processing /Users/manideepakreddyaila/Desktop/projects/Legal_Insights_Engine/.venv/lib/python3.11/site-packages/airflow/example_dags/example_params_ui_tutorial.py took 0.094 seconds
[2024-04-14T17:57:50.764-0400] {processor.py:161} INFO - Started process (PID=36859) to work on /Users/manideepakreddyaila/Desktop/projects/Legal_Insights_Engine/.venv/lib/python3.11/site-packages/airflow/example_dags/example_params_ui_tutorial.py
[2024-04-14T17:57:50.765-0400] {processor.py:830} INFO - Processing file /Users/manideepakreddyaila/Desktop/projects/Legal_Insights_Engine/.venv/lib/python3.11/site-packages/airflow/example_dags/example_params_ui_tutorial.py for tasks to queue
[2024-04-14T17:57:50.765-0400] {logging_mixin.py:188} INFO - [2024-04-14T17:57:50.765-0400] {dagbag.py:540} INFO - Filling up the DagBag from /Users/manideepakreddyaila/Desktop/projects/Legal_Insights_Engine/.venv/lib/python3.11/site-packages/airflow/example_dags/example_params_ui_tutorial.py
[2024-04-14T17:57:50.805-0400] {processor.py:840} INFO - DAG(s) 'example_params_ui_tutorial' retrieved from /Users/manideepakreddyaila/Desktop/projects/Legal_Insights_Engine/.venv/lib/python3.11/site-packages/airflow/example_dags/example_params_ui_tutorial.py
[2024-04-14T17:57:50.848-0400] {logging_mixin.py:188} INFO - [2024-04-14T17:57:50.848-0400] {dag.py:3096} INFO - Sync 1 DAGs
[2024-04-14T17:57:50.852-0400] {logging_mixin.py:188} INFO - [2024-04-14T17:57:50.852-0400] {dag.py:3954} INFO - Setting next_dagrun for example_params_ui_tutorial to None, run_after=None
[2024-04-14T17:57:50.858-0400] {processor.py:183} INFO - Processing /Users/manideepakreddyaila/Desktop/projects/Legal_Insights_Engine/.venv/lib/python3.11/site-packages/airflow/example_dags/example_params_ui_tutorial.py took 0.094 seconds
[2024-04-14T17:59:44.454-0400] {processor.py:161} INFO - Started process (PID=36957) to work on /Users/manideepakreddyaila/Desktop/projects/Legal_Insights_Engine/.venv/lib/python3.11/site-packages/airflow/example_dags/example_params_ui_tutorial.py
[2024-04-14T17:59:44.455-0400] {processor.py:830} INFO - Processing file /Users/manideepakreddyaila/Desktop/projects/Legal_Insights_Engine/.venv/lib/python3.11/site-packages/airflow/example_dags/example_params_ui_tutorial.py for tasks to queue
[2024-04-14T17:59:44.455-0400] {logging_mixin.py:188} INFO - [2024-04-14T17:59:44.455-0400] {dagbag.py:540} INFO - Filling up the DagBag from /Users/manideepakreddyaila/Desktop/projects/Legal_Insights_Engine/.venv/lib/python3.11/site-packages/airflow/example_dags/example_params_ui_tutorial.py
[2024-04-14T17:59:44.496-0400] {processor.py:840} INFO - DAG(s) 'example_params_ui_tutorial' retrieved from /Users/manideepakreddyaila/Desktop/projects/Legal_Insights_Engine/.venv/lib/python3.11/site-packages/airflow/example_dags/example_params_ui_tutorial.py
[2024-04-14T17:59:44.539-0400] {logging_mixin.py:188} INFO - [2024-04-14T17:59:44.539-0400] {dag.py:3096} INFO - Sync 1 DAGs
[2024-04-14T17:59:44.543-0400] {logging_mixin.py:188} INFO - [2024-04-14T17:59:44.543-0400] {dag.py:3954} INFO - Setting next_dagrun for example_params_ui_tutorial to None, run_after=None
[2024-04-14T17:59:44.549-0400] {processor.py:183} INFO - Processing /Users/manideepakreddyaila/Desktop/projects/Legal_Insights_Engine/.venv/lib/python3.11/site-packages/airflow/example_dags/example_params_ui_tutorial.py took 0.096 seconds
[2024-04-14T18:01:44.204-0400] {processor.py:161} INFO - Started process (PID=37060) to work on /Users/manideepakreddyaila/Desktop/projects/Legal_Insights_Engine/.venv/lib/python3.11/site-packages/airflow/example_dags/example_params_ui_tutorial.py
[2024-04-14T18:01:44.205-0400] {processor.py:830} INFO - Processing file /Users/manideepakreddyaila/Desktop/projects/Legal_Insights_Engine/.venv/lib/python3.11/site-packages/airflow/example_dags/example_params_ui_tutorial.py for tasks to queue
[2024-04-14T18:01:44.205-0400] {logging_mixin.py:188} INFO - [2024-04-14T18:01:44.205-0400] {dagbag.py:540} INFO - Filling up the DagBag from /Users/manideepakreddyaila/Desktop/projects/Legal_Insights_Engine/.venv/lib/python3.11/site-packages/airflow/example_dags/example_params_ui_tutorial.py
[2024-04-14T18:01:44.246-0400] {processor.py:840} INFO - DAG(s) 'example_params_ui_tutorial' retrieved from /Users/manideepakreddyaila/Desktop/projects/Legal_Insights_Engine/.venv/lib/python3.11/site-packages/airflow/example_dags/example_params_ui_tutorial.py
[2024-04-14T18:01:44.290-0400] {logging_mixin.py:188} INFO - [2024-04-14T18:01:44.290-0400] {dag.py:3096} INFO - Sync 1 DAGs
[2024-04-14T18:01:44.294-0400] {logging_mixin.py:188} INFO - [2024-04-14T18:01:44.294-0400] {dag.py:3954} INFO - Setting next_dagrun for example_params_ui_tutorial to None, run_after=None
[2024-04-14T18:01:44.300-0400] {processor.py:183} INFO - Processing /Users/manideepakreddyaila/Desktop/projects/Legal_Insights_Engine/.venv/lib/python3.11/site-packages/airflow/example_dags/example_params_ui_tutorial.py took 0.097 seconds
[2024-04-14T18:03:45.961-0400] {processor.py:161} INFO - Started process (PID=37154) to work on /Users/manideepakreddyaila/Desktop/projects/Legal_Insights_Engine/.venv/lib/python3.11/site-packages/airflow/example_dags/example_params_ui_tutorial.py
[2024-04-14T18:03:45.963-0400] {processor.py:830} INFO - Processing file /Users/manideepakreddyaila/Desktop/projects/Legal_Insights_Engine/.venv/lib/python3.11/site-packages/airflow/example_dags/example_params_ui_tutorial.py for tasks to queue
[2024-04-14T18:03:45.963-0400] {logging_mixin.py:188} INFO - [2024-04-14T18:03:45.963-0400] {dagbag.py:540} INFO - Filling up the DagBag from /Users/manideepakreddyaila/Desktop/projects/Legal_Insights_Engine/.venv/lib/python3.11/site-packages/airflow/example_dags/example_params_ui_tutorial.py
[2024-04-14T18:03:46.003-0400] {processor.py:840} INFO - DAG(s) 'example_params_ui_tutorial' retrieved from /Users/manideepakreddyaila/Desktop/projects/Legal_Insights_Engine/.venv/lib/python3.11/site-packages/airflow/example_dags/example_params_ui_tutorial.py
[2024-04-14T18:03:46.045-0400] {logging_mixin.py:188} INFO - [2024-04-14T18:03:46.045-0400] {dag.py:3096} INFO - Sync 1 DAGs
[2024-04-14T18:03:46.049-0400] {logging_mixin.py:188} INFO - [2024-04-14T18:03:46.049-0400] {dag.py:3954} INFO - Setting next_dagrun for example_params_ui_tutorial to None, run_after=None
[2024-04-14T18:03:46.055-0400] {processor.py:183} INFO - Processing /Users/manideepakreddyaila/Desktop/projects/Legal_Insights_Engine/.venv/lib/python3.11/site-packages/airflow/example_dags/example_params_ui_tutorial.py took 0.095 seconds
[2024-04-14T18:05:43.886-0400] {processor.py:161} INFO - Started process (PID=37245) to work on /Users/manideepakreddyaila/Desktop/projects/Legal_Insights_Engine/.venv/lib/python3.11/site-packages/airflow/example_dags/example_params_ui_tutorial.py
[2024-04-14T18:05:43.888-0400] {processor.py:830} INFO - Processing file /Users/manideepakreddyaila/Desktop/projects/Legal_Insights_Engine/.venv/lib/python3.11/site-packages/airflow/example_dags/example_params_ui_tutorial.py for tasks to queue
[2024-04-14T18:05:43.888-0400] {logging_mixin.py:188} INFO - [2024-04-14T18:05:43.888-0400] {dagbag.py:540} INFO - Filling up the DagBag from /Users/manideepakreddyaila/Desktop/projects/Legal_Insights_Engine/.venv/lib/python3.11/site-packages/airflow/example_dags/example_params_ui_tutorial.py
[2024-04-14T18:05:43.928-0400] {processor.py:840} INFO - DAG(s) 'example_params_ui_tutorial' retrieved from /Users/manideepakreddyaila/Desktop/projects/Legal_Insights_Engine/.venv/lib/python3.11/site-packages/airflow/example_dags/example_params_ui_tutorial.py
[2024-04-14T18:05:43.971-0400] {logging_mixin.py:188} INFO - [2024-04-14T18:05:43.971-0400] {dag.py:3096} INFO - Sync 1 DAGs
[2024-04-14T18:05:43.975-0400] {logging_mixin.py:188} INFO - [2024-04-14T18:05:43.975-0400] {dag.py:3954} INFO - Setting next_dagrun for example_params_ui_tutorial to None, run_after=None
[2024-04-14T18:05:43.981-0400] {processor.py:183} INFO - Processing /Users/manideepakreddyaila/Desktop/projects/Legal_Insights_Engine/.venv/lib/python3.11/site-packages/airflow/example_dags/example_params_ui_tutorial.py took 0.096 seconds
[2024-04-14T18:07:42.284-0400] {processor.py:161} INFO - Started process (PID=37349) to work on /Users/manideepakreddyaila/Desktop/projects/Legal_Insights_Engine/.venv/lib/python3.11/site-packages/airflow/example_dags/example_params_ui_tutorial.py
[2024-04-14T18:07:42.285-0400] {processor.py:830} INFO - Processing file /Users/manideepakreddyaila/Desktop/projects/Legal_Insights_Engine/.venv/lib/python3.11/site-packages/airflow/example_dags/example_params_ui_tutorial.py for tasks to queue
[2024-04-14T18:07:42.285-0400] {logging_mixin.py:188} INFO - [2024-04-14T18:07:42.285-0400] {dagbag.py:540} INFO - Filling up the DagBag from /Users/manideepakreddyaila/Desktop/projects/Legal_Insights_Engine/.venv/lib/python3.11/site-packages/airflow/example_dags/example_params_ui_tutorial.py
[2024-04-14T18:07:42.326-0400] {processor.py:840} INFO - DAG(s) 'example_params_ui_tutorial' retrieved from /Users/manideepakreddyaila/Desktop/projects/Legal_Insights_Engine/.venv/lib/python3.11/site-packages/airflow/example_dags/example_params_ui_tutorial.py
[2024-04-14T18:07:42.371-0400] {logging_mixin.py:188} INFO - [2024-04-14T18:07:42.371-0400] {dag.py:3096} INFO - Sync 1 DAGs
[2024-04-14T18:07:42.375-0400] {logging_mixin.py:188} INFO - [2024-04-14T18:07:42.375-0400] {dag.py:3954} INFO - Setting next_dagrun for example_params_ui_tutorial to None, run_after=None
[2024-04-14T18:07:42.381-0400] {processor.py:183} INFO - Processing /Users/manideepakreddyaila/Desktop/projects/Legal_Insights_Engine/.venv/lib/python3.11/site-packages/airflow/example_dags/example_params_ui_tutorial.py took 0.098 seconds
[2024-04-14T18:09:32.332-0400] {processor.py:161} INFO - Started process (PID=37435) to work on /Users/manideepakreddyaila/Desktop/projects/Legal_Insights_Engine/.venv/lib/python3.11/site-packages/airflow/example_dags/example_params_ui_tutorial.py
[2024-04-14T18:09:32.333-0400] {processor.py:830} INFO - Processing file /Users/manideepakreddyaila/Desktop/projects/Legal_Insights_Engine/.venv/lib/python3.11/site-packages/airflow/example_dags/example_params_ui_tutorial.py for tasks to queue
[2024-04-14T18:09:32.333-0400] {logging_mixin.py:188} INFO - [2024-04-14T18:09:32.333-0400] {dagbag.py:540} INFO - Filling up the DagBag from /Users/manideepakreddyaila/Desktop/projects/Legal_Insights_Engine/.venv/lib/python3.11/site-packages/airflow/example_dags/example_params_ui_tutorial.py
[2024-04-14T18:09:32.372-0400] {processor.py:840} INFO - DAG(s) 'example_params_ui_tutorial' retrieved from /Users/manideepakreddyaila/Desktop/projects/Legal_Insights_Engine/.venv/lib/python3.11/site-packages/airflow/example_dags/example_params_ui_tutorial.py
[2024-04-14T18:09:32.419-0400] {logging_mixin.py:188} INFO - [2024-04-14T18:09:32.419-0400] {dag.py:3096} INFO - Sync 1 DAGs
[2024-04-14T18:09:32.423-0400] {logging_mixin.py:188} INFO - [2024-04-14T18:09:32.423-0400] {dag.py:3954} INFO - Setting next_dagrun for example_params_ui_tutorial to None, run_after=None
[2024-04-14T18:09:32.430-0400] {processor.py:183} INFO - Processing /Users/manideepakreddyaila/Desktop/projects/Legal_Insights_Engine/.venv/lib/python3.11/site-packages/airflow/example_dags/example_params_ui_tutorial.py took 0.099 seconds
[2024-04-14T18:11:31.265-0400] {processor.py:161} INFO - Started process (PID=37539) to work on /Users/manideepakreddyaila/Desktop/projects/Legal_Insights_Engine/.venv/lib/python3.11/site-packages/airflow/example_dags/example_params_ui_tutorial.py
[2024-04-14T18:11:31.266-0400] {processor.py:830} INFO - Processing file /Users/manideepakreddyaila/Desktop/projects/Legal_Insights_Engine/.venv/lib/python3.11/site-packages/airflow/example_dags/example_params_ui_tutorial.py for tasks to queue
[2024-04-14T18:11:31.266-0400] {logging_mixin.py:188} INFO - [2024-04-14T18:11:31.266-0400] {dagbag.py:540} INFO - Filling up the DagBag from /Users/manideepakreddyaila/Desktop/projects/Legal_Insights_Engine/.venv/lib/python3.11/site-packages/airflow/example_dags/example_params_ui_tutorial.py
[2024-04-14T18:11:31.307-0400] {processor.py:840} INFO - DAG(s) 'example_params_ui_tutorial' retrieved from /Users/manideepakreddyaila/Desktop/projects/Legal_Insights_Engine/.venv/lib/python3.11/site-packages/airflow/example_dags/example_params_ui_tutorial.py
[2024-04-14T18:11:31.350-0400] {logging_mixin.py:188} INFO - [2024-04-14T18:11:31.350-0400] {dag.py:3096} INFO - Sync 1 DAGs
[2024-04-14T18:11:31.353-0400] {logging_mixin.py:188} INFO - [2024-04-14T18:11:31.353-0400] {dag.py:3954} INFO - Setting next_dagrun for example_params_ui_tutorial to None, run_after=None
[2024-04-14T18:11:31.360-0400] {processor.py:183} INFO - Processing /Users/manideepakreddyaila/Desktop/projects/Legal_Insights_Engine/.venv/lib/python3.11/site-packages/airflow/example_dags/example_params_ui_tutorial.py took 0.096 seconds
[2024-04-14T18:13:29.542-0400] {processor.py:161} INFO - Started process (PID=37649) to work on /Users/manideepakreddyaila/Desktop/projects/Legal_Insights_Engine/.venv/lib/python3.11/site-packages/airflow/example_dags/example_params_ui_tutorial.py
[2024-04-14T18:13:29.543-0400] {processor.py:830} INFO - Processing file /Users/manideepakreddyaila/Desktop/projects/Legal_Insights_Engine/.venv/lib/python3.11/site-packages/airflow/example_dags/example_params_ui_tutorial.py for tasks to queue
[2024-04-14T18:13:29.543-0400] {logging_mixin.py:188} INFO - [2024-04-14T18:13:29.543-0400] {dagbag.py:540} INFO - Filling up the DagBag from /Users/manideepakreddyaila/Desktop/projects/Legal_Insights_Engine/.venv/lib/python3.11/site-packages/airflow/example_dags/example_params_ui_tutorial.py
[2024-04-14T18:13:29.583-0400] {processor.py:840} INFO - DAG(s) 'example_params_ui_tutorial' retrieved from /Users/manideepakreddyaila/Desktop/projects/Legal_Insights_Engine/.venv/lib/python3.11/site-packages/airflow/example_dags/example_params_ui_tutorial.py
[2024-04-14T18:13:29.626-0400] {logging_mixin.py:188} INFO - [2024-04-14T18:13:29.626-0400] {dag.py:3096} INFO - Sync 1 DAGs
[2024-04-14T18:13:29.629-0400] {logging_mixin.py:188} INFO - [2024-04-14T18:13:29.629-0400] {dag.py:3954} INFO - Setting next_dagrun for example_params_ui_tutorial to None, run_after=None
[2024-04-14T18:13:29.636-0400] {processor.py:183} INFO - Processing /Users/manideepakreddyaila/Desktop/projects/Legal_Insights_Engine/.venv/lib/python3.11/site-packages/airflow/example_dags/example_params_ui_tutorial.py took 0.095 seconds
[2024-04-14T18:15:27.513-0400] {processor.py:161} INFO - Started process (PID=37753) to work on /Users/manideepakreddyaila/Desktop/projects/Legal_Insights_Engine/.venv/lib/python3.11/site-packages/airflow/example_dags/example_params_ui_tutorial.py
[2024-04-14T18:15:27.514-0400] {processor.py:830} INFO - Processing file /Users/manideepakreddyaila/Desktop/projects/Legal_Insights_Engine/.venv/lib/python3.11/site-packages/airflow/example_dags/example_params_ui_tutorial.py for tasks to queue
[2024-04-14T18:15:27.514-0400] {logging_mixin.py:188} INFO - [2024-04-14T18:15:27.514-0400] {dagbag.py:540} INFO - Filling up the DagBag from /Users/manideepakreddyaila/Desktop/projects/Legal_Insights_Engine/.venv/lib/python3.11/site-packages/airflow/example_dags/example_params_ui_tutorial.py
[2024-04-14T18:15:27.553-0400] {processor.py:840} INFO - DAG(s) 'example_params_ui_tutorial' retrieved from /Users/manideepakreddyaila/Desktop/projects/Legal_Insights_Engine/.venv/lib/python3.11/site-packages/airflow/example_dags/example_params_ui_tutorial.py
[2024-04-14T18:15:27.596-0400] {logging_mixin.py:188} INFO - [2024-04-14T18:15:27.596-0400] {dag.py:3096} INFO - Sync 1 DAGs
[2024-04-14T18:15:27.599-0400] {logging_mixin.py:188} INFO - [2024-04-14T18:15:27.599-0400] {dag.py:3954} INFO - Setting next_dagrun for example_params_ui_tutorial to None, run_after=None
[2024-04-14T18:15:27.605-0400] {processor.py:183} INFO - Processing /Users/manideepakreddyaila/Desktop/projects/Legal_Insights_Engine/.venv/lib/python3.11/site-packages/airflow/example_dags/example_params_ui_tutorial.py took 0.093 seconds
