[2024-04-13T20:07:24.334-0400] {processor.py:161} INFO - Started process (PID=31684) to work on /Users/manideepakreddyaila/Desktop/projects/Legal_Insights_Engine/.venv/lib/python3.11/site-packages/airflow/example_dags/example_branch_python_dop_operator_3.py
[2024-04-13T20:07:24.334-0400] {processor.py:830} INFO - Processing file /Users/manideepakreddyaila/Desktop/projects/Legal_Insights_Engine/.venv/lib/python3.11/site-packages/airflow/example_dags/example_branch_python_dop_operator_3.py for tasks to queue
[2024-04-13T20:07:24.335-0400] {logging_mixin.py:188} INFO - [2024-04-13T20:07:24.335-0400] {dagbag.py:540} INFO - Filling up the DagBag from /Users/manideepakreddyaila/Desktop/projects/Legal_Insights_Engine/.venv/lib/python3.11/site-packages/airflow/example_dags/example_branch_python_dop_operator_3.py
[2024-04-13T20:07:24.374-0400] {processor.py:840} INFO - DAG(s) 'example_branch_dop_operator_v3' retrieved from /Users/manideepakreddyaila/Desktop/projects/Legal_Insights_Engine/.venv/lib/python3.11/site-packages/airflow/example_dags/example_branch_python_dop_operator_3.py
[2024-04-13T20:07:24.408-0400] {logging_mixin.py:188} INFO - [2024-04-13T20:07:24.408-0400] {dag.py:3096} INFO - Sync 1 DAGs
[2024-04-13T20:07:24.416-0400] {logging_mixin.py:188} INFO - [2024-04-13T20:07:24.415-0400] {dag.py:3954} INFO - Setting next_dagrun for example_branch_dop_operator_v3 to 2024-04-14 00:06:00+00:00, run_after=2024-04-14 00:07:00+00:00
[2024-04-13T20:07:24.422-0400] {processor.py:183} INFO - Processing /Users/manideepakreddyaila/Desktop/projects/Legal_Insights_Engine/.venv/lib/python3.11/site-packages/airflow/example_dags/example_branch_python_dop_operator_3.py took 0.089 seconds
[2024-04-13T23:10:15.112-0400] {processor.py:161} INFO - Started process (PID=31924) to work on /Users/manideepakreddyaila/Desktop/projects/Legal_Insights_Engine/.venv/lib/python3.11/site-packages/airflow/example_dags/example_branch_python_dop_operator_3.py
[2024-04-13T23:10:15.112-0400] {processor.py:830} INFO - Processing file /Users/manideepakreddyaila/Desktop/projects/Legal_Insights_Engine/.venv/lib/python3.11/site-packages/airflow/example_dags/example_branch_python_dop_operator_3.py for tasks to queue
[2024-04-13T23:10:15.113-0400] {logging_mixin.py:188} INFO - [2024-04-13T23:10:15.112-0400] {dagbag.py:540} INFO - Filling up the DagBag from /Users/manideepakreddyaila/Desktop/projects/Legal_Insights_Engine/.venv/lib/python3.11/site-packages/airflow/example_dags/example_branch_python_dop_operator_3.py
[2024-04-13T23:10:15.152-0400] {processor.py:840} INFO - DAG(s) 'example_branch_dop_operator_v3' retrieved from /Users/manideepakreddyaila/Desktop/projects/Legal_Insights_Engine/.venv/lib/python3.11/site-packages/airflow/example_dags/example_branch_python_dop_operator_3.py
[2024-04-13T23:10:15.186-0400] {logging_mixin.py:188} INFO - [2024-04-13T23:10:15.186-0400] {dag.py:3096} INFO - Sync 1 DAGs
[2024-04-13T23:10:15.193-0400] {logging_mixin.py:188} INFO - [2024-04-13T23:10:15.193-0400] {dag.py:3954} INFO - Setting next_dagrun for example_branch_dop_operator_v3 to 2024-04-14 03:09:00+00:00, run_after=2024-04-14 03:10:00+00:00
[2024-04-13T23:10:15.200-0400] {processor.py:183} INFO - Processing /Users/manideepakreddyaila/Desktop/projects/Legal_Insights_Engine/.venv/lib/python3.11/site-packages/airflow/example_dags/example_branch_python_dop_operator_3.py took 0.089 seconds
[2024-04-14T01:46:40.367-0400] {processor.py:161} INFO - Started process (PID=32145) to work on /Users/manideepakreddyaila/Desktop/projects/Legal_Insights_Engine/.venv/lib/python3.11/site-packages/airflow/example_dags/example_branch_python_dop_operator_3.py
[2024-04-14T01:46:40.368-0400] {processor.py:830} INFO - Processing file /Users/manideepakreddyaila/Desktop/projects/Legal_Insights_Engine/.venv/lib/python3.11/site-packages/airflow/example_dags/example_branch_python_dop_operator_3.py for tasks to queue
[2024-04-14T01:46:40.369-0400] {logging_mixin.py:188} INFO - [2024-04-14T01:46:40.368-0400] {dagbag.py:540} INFO - Filling up the DagBag from /Users/manideepakreddyaila/Desktop/projects/Legal_Insights_Engine/.venv/lib/python3.11/site-packages/airflow/example_dags/example_branch_python_dop_operator_3.py
[2024-04-14T01:46:40.407-0400] {processor.py:840} INFO - DAG(s) 'example_branch_dop_operator_v3' retrieved from /Users/manideepakreddyaila/Desktop/projects/Legal_Insights_Engine/.venv/lib/python3.11/site-packages/airflow/example_dags/example_branch_python_dop_operator_3.py
[2024-04-14T01:46:40.441-0400] {logging_mixin.py:188} INFO - [2024-04-14T01:46:40.441-0400] {dag.py:3096} INFO - Sync 1 DAGs
[2024-04-14T01:46:40.448-0400] {logging_mixin.py:188} INFO - [2024-04-14T01:46:40.448-0400] {dag.py:3954} INFO - Setting next_dagrun for example_branch_dop_operator_v3 to 2024-04-14 05:45:00+00:00, run_after=2024-04-14 05:46:00+00:00
[2024-04-14T01:46:40.454-0400] {processor.py:183} INFO - Processing /Users/manideepakreddyaila/Desktop/projects/Legal_Insights_Engine/.venv/lib/python3.11/site-packages/airflow/example_dags/example_branch_python_dop_operator_3.py took 0.088 seconds
[2024-04-14T04:18:51.049-0400] {processor.py:161} INFO - Started process (PID=32401) to work on /Users/manideepakreddyaila/Desktop/projects/Legal_Insights_Engine/.venv/lib/python3.11/site-packages/airflow/example_dags/example_branch_python_dop_operator_3.py
[2024-04-14T04:18:51.049-0400] {processor.py:830} INFO - Processing file /Users/manideepakreddyaila/Desktop/projects/Legal_Insights_Engine/.venv/lib/python3.11/site-packages/airflow/example_dags/example_branch_python_dop_operator_3.py for tasks to queue
[2024-04-14T04:18:51.050-0400] {logging_mixin.py:188} INFO - [2024-04-14T04:18:51.050-0400] {dagbag.py:540} INFO - Filling up the DagBag from /Users/manideepakreddyaila/Desktop/projects/Legal_Insights_Engine/.venv/lib/python3.11/site-packages/airflow/example_dags/example_branch_python_dop_operator_3.py
[2024-04-14T04:18:51.089-0400] {processor.py:840} INFO - DAG(s) 'example_branch_dop_operator_v3' retrieved from /Users/manideepakreddyaila/Desktop/projects/Legal_Insights_Engine/.venv/lib/python3.11/site-packages/airflow/example_dags/example_branch_python_dop_operator_3.py
[2024-04-14T04:18:51.124-0400] {logging_mixin.py:188} INFO - [2024-04-14T04:18:51.124-0400] {dag.py:3096} INFO - Sync 1 DAGs
[2024-04-14T04:18:51.131-0400] {logging_mixin.py:188} INFO - [2024-04-14T04:18:51.131-0400] {dag.py:3954} INFO - Setting next_dagrun for example_branch_dop_operator_v3 to 2024-04-14 08:17:00+00:00, run_after=2024-04-14 08:18:00+00:00
[2024-04-14T04:18:51.137-0400] {processor.py:183} INFO - Processing /Users/manideepakreddyaila/Desktop/projects/Legal_Insights_Engine/.venv/lib/python3.11/site-packages/airflow/example_dags/example_branch_python_dop_operator_3.py took 0.090 seconds
[2024-04-14T07:09:45.416-0400] {processor.py:161} INFO - Started process (PID=32593) to work on /Users/manideepakreddyaila/Desktop/projects/Legal_Insights_Engine/.venv/lib/python3.11/site-packages/airflow/example_dags/example_branch_python_dop_operator_3.py
[2024-04-14T07:09:45.416-0400] {processor.py:830} INFO - Processing file /Users/manideepakreddyaila/Desktop/projects/Legal_Insights_Engine/.venv/lib/python3.11/site-packages/airflow/example_dags/example_branch_python_dop_operator_3.py for tasks to queue
[2024-04-14T07:09:45.416-0400] {logging_mixin.py:188} INFO - [2024-04-14T07:09:45.416-0400] {dagbag.py:540} INFO - Filling up the DagBag from /Users/manideepakreddyaila/Desktop/projects/Legal_Insights_Engine/.venv/lib/python3.11/site-packages/airflow/example_dags/example_branch_python_dop_operator_3.py
[2024-04-14T07:09:45.456-0400] {processor.py:840} INFO - DAG(s) 'example_branch_dop_operator_v3' retrieved from /Users/manideepakreddyaila/Desktop/projects/Legal_Insights_Engine/.venv/lib/python3.11/site-packages/airflow/example_dags/example_branch_python_dop_operator_3.py
[2024-04-14T07:09:45.492-0400] {logging_mixin.py:188} INFO - [2024-04-14T07:09:45.491-0400] {dag.py:3096} INFO - Sync 1 DAGs
[2024-04-14T07:09:45.499-0400] {logging_mixin.py:188} INFO - [2024-04-14T07:09:45.499-0400] {dag.py:3954} INFO - Setting next_dagrun for example_branch_dop_operator_v3 to 2024-04-14 11:08:00+00:00, run_after=2024-04-14 11:09:00+00:00
[2024-04-14T07:09:45.505-0400] {processor.py:183} INFO - Processing /Users/manideepakreddyaila/Desktop/projects/Legal_Insights_Engine/.venv/lib/python3.11/site-packages/airflow/example_dags/example_branch_python_dop_operator_3.py took 0.091 seconds
[2024-04-14T08:10:57.490-0400] {processor.py:161} INFO - Started process (PID=32749) to work on /Users/manideepakreddyaila/Desktop/projects/Legal_Insights_Engine/.venv/lib/python3.11/site-packages/airflow/example_dags/example_branch_python_dop_operator_3.py
[2024-04-14T08:10:57.491-0400] {processor.py:830} INFO - Processing file /Users/manideepakreddyaila/Desktop/projects/Legal_Insights_Engine/.venv/lib/python3.11/site-packages/airflow/example_dags/example_branch_python_dop_operator_3.py for tasks to queue
[2024-04-14T08:10:57.491-0400] {logging_mixin.py:188} INFO - [2024-04-14T08:10:57.491-0400] {dagbag.py:540} INFO - Filling up the DagBag from /Users/manideepakreddyaila/Desktop/projects/Legal_Insights_Engine/.venv/lib/python3.11/site-packages/airflow/example_dags/example_branch_python_dop_operator_3.py
[2024-04-14T08:10:57.531-0400] {processor.py:840} INFO - DAG(s) 'example_branch_dop_operator_v3' retrieved from /Users/manideepakreddyaila/Desktop/projects/Legal_Insights_Engine/.venv/lib/python3.11/site-packages/airflow/example_dags/example_branch_python_dop_operator_3.py
[2024-04-14T08:10:57.565-0400] {logging_mixin.py:188} INFO - [2024-04-14T08:10:57.564-0400] {dag.py:3096} INFO - Sync 1 DAGs
[2024-04-14T08:10:57.572-0400] {logging_mixin.py:188} INFO - [2024-04-14T08:10:57.572-0400] {dag.py:3954} INFO - Setting next_dagrun for example_branch_dop_operator_v3 to 2024-04-14 12:09:00+00:00, run_after=2024-04-14 12:10:00+00:00
[2024-04-14T08:10:57.579-0400] {processor.py:183} INFO - Processing /Users/manideepakreddyaila/Desktop/projects/Legal_Insights_Engine/.venv/lib/python3.11/site-packages/airflow/example_dags/example_branch_python_dop_operator_3.py took 0.090 seconds
[2024-04-14T08:18:54.137-0400] {processor.py:161} INFO - Started process (PID=32890) to work on /Users/manideepakreddyaila/Desktop/projects/Legal_Insights_Engine/.venv/lib/python3.11/site-packages/airflow/example_dags/example_branch_python_dop_operator_3.py
[2024-04-14T08:18:54.140-0400] {processor.py:830} INFO - Processing file /Users/manideepakreddyaila/Desktop/projects/Legal_Insights_Engine/.venv/lib/python3.11/site-packages/airflow/example_dags/example_branch_python_dop_operator_3.py for tasks to queue
[2024-04-14T08:18:54.141-0400] {logging_mixin.py:188} INFO - [2024-04-14T08:18:54.141-0400] {dagbag.py:540} INFO - Filling up the DagBag from /Users/manideepakreddyaila/Desktop/projects/Legal_Insights_Engine/.venv/lib/python3.11/site-packages/airflow/example_dags/example_branch_python_dop_operator_3.py
[2024-04-14T08:18:54.225-0400] {processor.py:840} INFO - DAG(s) 'example_branch_dop_operator_v3' retrieved from /Users/manideepakreddyaila/Desktop/projects/Legal_Insights_Engine/.venv/lib/python3.11/site-packages/airflow/example_dags/example_branch_python_dop_operator_3.py
[2024-04-14T08:18:54.273-0400] {logging_mixin.py:188} INFO - [2024-04-14T08:18:54.273-0400] {dag.py:3096} INFO - Sync 1 DAGs
[2024-04-14T08:18:54.283-0400] {logging_mixin.py:188} INFO - [2024-04-14T08:18:54.283-0400] {dag.py:3954} INFO - Setting next_dagrun for example_branch_dop_operator_v3 to 2024-04-14 12:17:00+00:00, run_after=2024-04-14 12:18:00+00:00
[2024-04-14T08:18:54.291-0400] {processor.py:183} INFO - Processing /Users/manideepakreddyaila/Desktop/projects/Legal_Insights_Engine/.venv/lib/python3.11/site-packages/airflow/example_dags/example_branch_python_dop_operator_3.py took 0.155 seconds
[2024-04-14T12:02:37.209-0400] {processor.py:161} INFO - Started process (PID=33183) to work on /Users/manideepakreddyaila/Desktop/projects/Legal_Insights_Engine/.venv/lib/python3.11/site-packages/airflow/example_dags/example_branch_python_dop_operator_3.py
[2024-04-14T12:02:37.210-0400] {processor.py:830} INFO - Processing file /Users/manideepakreddyaila/Desktop/projects/Legal_Insights_Engine/.venv/lib/python3.11/site-packages/airflow/example_dags/example_branch_python_dop_operator_3.py for tasks to queue
[2024-04-14T12:02:37.210-0400] {logging_mixin.py:188} INFO - [2024-04-14T12:02:37.210-0400] {dagbag.py:540} INFO - Filling up the DagBag from /Users/manideepakreddyaila/Desktop/projects/Legal_Insights_Engine/.venv/lib/python3.11/site-packages/airflow/example_dags/example_branch_python_dop_operator_3.py
[2024-04-14T12:02:37.249-0400] {processor.py:840} INFO - DAG(s) 'example_branch_dop_operator_v3' retrieved from /Users/manideepakreddyaila/Desktop/projects/Legal_Insights_Engine/.venv/lib/python3.11/site-packages/airflow/example_dags/example_branch_python_dop_operator_3.py
[2024-04-14T12:02:37.284-0400] {logging_mixin.py:188} INFO - [2024-04-14T12:02:37.284-0400] {dag.py:3096} INFO - Sync 1 DAGs
[2024-04-14T12:02:37.291-0400] {logging_mixin.py:188} INFO - [2024-04-14T12:02:37.291-0400] {dag.py:3954} INFO - Setting next_dagrun for example_branch_dop_operator_v3 to 2024-04-14 16:01:00+00:00, run_after=2024-04-14 16:02:00+00:00
[2024-04-14T12:02:37.297-0400] {processor.py:183} INFO - Processing /Users/manideepakreddyaila/Desktop/projects/Legal_Insights_Engine/.venv/lib/python3.11/site-packages/airflow/example_dags/example_branch_python_dop_operator_3.py took 0.089 seconds
[2024-04-14T12:08:00.324-0400] {processor.py:161} INFO - Started process (PID=33291) to work on /Users/manideepakreddyaila/Desktop/projects/Legal_Insights_Engine/.venv/lib/python3.11/site-packages/airflow/example_dags/example_branch_python_dop_operator_3.py
[2024-04-14T12:08:00.324-0400] {processor.py:830} INFO - Processing file /Users/manideepakreddyaila/Desktop/projects/Legal_Insights_Engine/.venv/lib/python3.11/site-packages/airflow/example_dags/example_branch_python_dop_operator_3.py for tasks to queue
[2024-04-14T12:08:00.325-0400] {logging_mixin.py:188} INFO - [2024-04-14T12:08:00.324-0400] {dagbag.py:540} INFO - Filling up the DagBag from /Users/manideepakreddyaila/Desktop/projects/Legal_Insights_Engine/.venv/lib/python3.11/site-packages/airflow/example_dags/example_branch_python_dop_operator_3.py
[2024-04-14T12:08:00.373-0400] {processor.py:840} INFO - DAG(s) 'example_branch_dop_operator_v3' retrieved from /Users/manideepakreddyaila/Desktop/projects/Legal_Insights_Engine/.venv/lib/python3.11/site-packages/airflow/example_dags/example_branch_python_dop_operator_3.py
[2024-04-14T12:08:00.410-0400] {logging_mixin.py:188} INFO - [2024-04-14T12:08:00.410-0400] {dag.py:3096} INFO - Sync 1 DAGs
[2024-04-14T12:08:00.418-0400] {logging_mixin.py:188} INFO - [2024-04-14T12:08:00.418-0400] {dag.py:3954} INFO - Setting next_dagrun for example_branch_dop_operator_v3 to 2024-04-14 16:07:00+00:00, run_after=2024-04-14 16:08:00+00:00
[2024-04-14T12:08:00.425-0400] {processor.py:183} INFO - Processing /Users/manideepakreddyaila/Desktop/projects/Legal_Insights_Engine/.venv/lib/python3.11/site-packages/airflow/example_dags/example_branch_python_dop_operator_3.py took 0.102 seconds
[2024-04-14T16:17:22.532-0400] {processor.py:161} INFO - Started process (PID=33657) to work on /Users/manideepakreddyaila/Desktop/projects/Legal_Insights_Engine/.venv/lib/python3.11/site-packages/airflow/example_dags/example_branch_python_dop_operator_3.py
[2024-04-14T16:17:22.532-0400] {processor.py:830} INFO - Processing file /Users/manideepakreddyaila/Desktop/projects/Legal_Insights_Engine/.venv/lib/python3.11/site-packages/airflow/example_dags/example_branch_python_dop_operator_3.py for tasks to queue
[2024-04-14T16:17:22.533-0400] {logging_mixin.py:188} INFO - [2024-04-14T16:17:22.533-0400] {dagbag.py:540} INFO - Filling up the DagBag from /Users/manideepakreddyaila/Desktop/projects/Legal_Insights_Engine/.venv/lib/python3.11/site-packages/airflow/example_dags/example_branch_python_dop_operator_3.py
[2024-04-14T16:17:22.573-0400] {processor.py:840} INFO - DAG(s) 'example_branch_dop_operator_v3' retrieved from /Users/manideepakreddyaila/Desktop/projects/Legal_Insights_Engine/.venv/lib/python3.11/site-packages/airflow/example_dags/example_branch_python_dop_operator_3.py
[2024-04-14T16:17:22.611-0400] {logging_mixin.py:188} INFO - [2024-04-14T16:17:22.611-0400] {dag.py:3096} INFO - Sync 1 DAGs
[2024-04-14T16:17:22.618-0400] {logging_mixin.py:188} INFO - [2024-04-14T16:17:22.618-0400] {dag.py:3954} INFO - Setting next_dagrun for example_branch_dop_operator_v3 to 2024-04-14 20:16:00+00:00, run_after=2024-04-14 20:17:00+00:00
[2024-04-14T16:17:22.624-0400] {processor.py:183} INFO - Processing /Users/manideepakreddyaila/Desktop/projects/Legal_Insights_Engine/.venv/lib/python3.11/site-packages/airflow/example_dags/example_branch_python_dop_operator_3.py took 0.093 seconds
[2024-04-14T16:37:23.763-0400] {processor.py:161} INFO - Started process (PID=33784) to work on /Users/manideepakreddyaila/Desktop/projects/Legal_Insights_Engine/.venv/lib/python3.11/site-packages/airflow/example_dags/example_branch_python_dop_operator_3.py
[2024-04-14T16:37:23.764-0400] {processor.py:830} INFO - Processing file /Users/manideepakreddyaila/Desktop/projects/Legal_Insights_Engine/.venv/lib/python3.11/site-packages/airflow/example_dags/example_branch_python_dop_operator_3.py for tasks to queue
[2024-04-14T16:37:23.764-0400] {logging_mixin.py:188} INFO - [2024-04-14T16:37:23.764-0400] {dagbag.py:540} INFO - Filling up the DagBag from /Users/manideepakreddyaila/Desktop/projects/Legal_Insights_Engine/.venv/lib/python3.11/site-packages/airflow/example_dags/example_branch_python_dop_operator_3.py
[2024-04-14T16:37:23.804-0400] {processor.py:840} INFO - DAG(s) 'example_branch_dop_operator_v3' retrieved from /Users/manideepakreddyaila/Desktop/projects/Legal_Insights_Engine/.venv/lib/python3.11/site-packages/airflow/example_dags/example_branch_python_dop_operator_3.py
[2024-04-14T16:37:23.838-0400] {logging_mixin.py:188} INFO - [2024-04-14T16:37:23.838-0400] {dag.py:3096} INFO - Sync 1 DAGs
[2024-04-14T16:37:23.845-0400] {logging_mixin.py:188} INFO - [2024-04-14T16:37:23.845-0400] {dag.py:3954} INFO - Setting next_dagrun for example_branch_dop_operator_v3 to 2024-04-14 20:36:00+00:00, run_after=2024-04-14 20:37:00+00:00
[2024-04-14T16:37:23.851-0400] {processor.py:183} INFO - Processing /Users/manideepakreddyaila/Desktop/projects/Legal_Insights_Engine/.venv/lib/python3.11/site-packages/airflow/example_dags/example_branch_python_dop_operator_3.py took 0.089 seconds
[2024-04-14T16:39:24.975-0400] {processor.py:161} INFO - Started process (PID=33876) to work on /Users/manideepakreddyaila/Desktop/projects/Legal_Insights_Engine/.venv/lib/python3.11/site-packages/airflow/example_dags/example_branch_python_dop_operator_3.py
[2024-04-14T16:39:24.976-0400] {processor.py:830} INFO - Processing file /Users/manideepakreddyaila/Desktop/projects/Legal_Insights_Engine/.venv/lib/python3.11/site-packages/airflow/example_dags/example_branch_python_dop_operator_3.py for tasks to queue
[2024-04-14T16:39:24.976-0400] {logging_mixin.py:188} INFO - [2024-04-14T16:39:24.976-0400] {dagbag.py:540} INFO - Filling up the DagBag from /Users/manideepakreddyaila/Desktop/projects/Legal_Insights_Engine/.venv/lib/python3.11/site-packages/airflow/example_dags/example_branch_python_dop_operator_3.py
[2024-04-14T16:39:25.016-0400] {processor.py:840} INFO - DAG(s) 'example_branch_dop_operator_v3' retrieved from /Users/manideepakreddyaila/Desktop/projects/Legal_Insights_Engine/.venv/lib/python3.11/site-packages/airflow/example_dags/example_branch_python_dop_operator_3.py
[2024-04-14T16:39:25.051-0400] {logging_mixin.py:188} INFO - [2024-04-14T16:39:25.051-0400] {dag.py:3096} INFO - Sync 1 DAGs
[2024-04-14T16:39:25.059-0400] {logging_mixin.py:188} INFO - [2024-04-14T16:39:25.059-0400] {dag.py:3954} INFO - Setting next_dagrun for example_branch_dop_operator_v3 to 2024-04-14 20:38:00+00:00, run_after=2024-04-14 20:39:00+00:00
[2024-04-14T16:39:25.065-0400] {processor.py:183} INFO - Processing /Users/manideepakreddyaila/Desktop/projects/Legal_Insights_Engine/.venv/lib/python3.11/site-packages/airflow/example_dags/example_branch_python_dop_operator_3.py took 0.090 seconds
[2024-04-14T16:41:20.927-0400] {processor.py:161} INFO - Started process (PID=33978) to work on /Users/manideepakreddyaila/Desktop/projects/Legal_Insights_Engine/.venv/lib/python3.11/site-packages/airflow/example_dags/example_branch_python_dop_operator_3.py
[2024-04-14T16:41:20.928-0400] {processor.py:830} INFO - Processing file /Users/manideepakreddyaila/Desktop/projects/Legal_Insights_Engine/.venv/lib/python3.11/site-packages/airflow/example_dags/example_branch_python_dop_operator_3.py for tasks to queue
[2024-04-14T16:41:20.928-0400] {logging_mixin.py:188} INFO - [2024-04-14T16:41:20.928-0400] {dagbag.py:540} INFO - Filling up the DagBag from /Users/manideepakreddyaila/Desktop/projects/Legal_Insights_Engine/.venv/lib/python3.11/site-packages/airflow/example_dags/example_branch_python_dop_operator_3.py
[2024-04-14T16:41:20.968-0400] {processor.py:840} INFO - DAG(s) 'example_branch_dop_operator_v3' retrieved from /Users/manideepakreddyaila/Desktop/projects/Legal_Insights_Engine/.venv/lib/python3.11/site-packages/airflow/example_dags/example_branch_python_dop_operator_3.py
[2024-04-14T16:41:21.003-0400] {logging_mixin.py:188} INFO - [2024-04-14T16:41:21.003-0400] {dag.py:3096} INFO - Sync 1 DAGs
[2024-04-14T16:41:21.011-0400] {logging_mixin.py:188} INFO - [2024-04-14T16:41:21.010-0400] {dag.py:3954} INFO - Setting next_dagrun for example_branch_dop_operator_v3 to 2024-04-14 20:40:00+00:00, run_after=2024-04-14 20:41:00+00:00
[2024-04-14T16:41:21.017-0400] {processor.py:183} INFO - Processing /Users/manideepakreddyaila/Desktop/projects/Legal_Insights_Engine/.venv/lib/python3.11/site-packages/airflow/example_dags/example_branch_python_dop_operator_3.py took 0.091 seconds
[2024-04-14T16:43:15.137-0400] {processor.py:161} INFO - Started process (PID=34075) to work on /Users/manideepakreddyaila/Desktop/projects/Legal_Insights_Engine/.venv/lib/python3.11/site-packages/airflow/example_dags/example_branch_python_dop_operator_3.py
[2024-04-14T16:43:15.138-0400] {processor.py:830} INFO - Processing file /Users/manideepakreddyaila/Desktop/projects/Legal_Insights_Engine/.venv/lib/python3.11/site-packages/airflow/example_dags/example_branch_python_dop_operator_3.py for tasks to queue
[2024-04-14T16:43:15.138-0400] {logging_mixin.py:188} INFO - [2024-04-14T16:43:15.138-0400] {dagbag.py:540} INFO - Filling up the DagBag from /Users/manideepakreddyaila/Desktop/projects/Legal_Insights_Engine/.venv/lib/python3.11/site-packages/airflow/example_dags/example_branch_python_dop_operator_3.py
[2024-04-14T16:43:15.178-0400] {processor.py:840} INFO - DAG(s) 'example_branch_dop_operator_v3' retrieved from /Users/manideepakreddyaila/Desktop/projects/Legal_Insights_Engine/.venv/lib/python3.11/site-packages/airflow/example_dags/example_branch_python_dop_operator_3.py
[2024-04-14T16:43:15.214-0400] {logging_mixin.py:188} INFO - [2024-04-14T16:43:15.214-0400] {dag.py:3096} INFO - Sync 1 DAGs
[2024-04-14T16:43:15.221-0400] {logging_mixin.py:188} INFO - [2024-04-14T16:43:15.221-0400] {dag.py:3954} INFO - Setting next_dagrun for example_branch_dop_operator_v3 to 2024-04-14 20:42:00+00:00, run_after=2024-04-14 20:43:00+00:00
[2024-04-14T16:43:15.230-0400] {processor.py:183} INFO - Processing /Users/manideepakreddyaila/Desktop/projects/Legal_Insights_Engine/.venv/lib/python3.11/site-packages/airflow/example_dags/example_branch_python_dop_operator_3.py took 0.094 seconds
[2024-04-14T16:45:16.117-0400] {processor.py:161} INFO - Started process (PID=34175) to work on /Users/manideepakreddyaila/Desktop/projects/Legal_Insights_Engine/.venv/lib/python3.11/site-packages/airflow/example_dags/example_branch_python_dop_operator_3.py
[2024-04-14T16:45:16.118-0400] {processor.py:830} INFO - Processing file /Users/manideepakreddyaila/Desktop/projects/Legal_Insights_Engine/.venv/lib/python3.11/site-packages/airflow/example_dags/example_branch_python_dop_operator_3.py for tasks to queue
[2024-04-14T16:45:16.118-0400] {logging_mixin.py:188} INFO - [2024-04-14T16:45:16.118-0400] {dagbag.py:540} INFO - Filling up the DagBag from /Users/manideepakreddyaila/Desktop/projects/Legal_Insights_Engine/.venv/lib/python3.11/site-packages/airflow/example_dags/example_branch_python_dop_operator_3.py
[2024-04-14T16:45:16.159-0400] {processor.py:840} INFO - DAG(s) 'example_branch_dop_operator_v3' retrieved from /Users/manideepakreddyaila/Desktop/projects/Legal_Insights_Engine/.venv/lib/python3.11/site-packages/airflow/example_dags/example_branch_python_dop_operator_3.py
[2024-04-14T16:45:16.193-0400] {logging_mixin.py:188} INFO - [2024-04-14T16:45:16.193-0400] {dag.py:3096} INFO - Sync 1 DAGs
[2024-04-14T16:45:16.201-0400] {logging_mixin.py:188} INFO - [2024-04-14T16:45:16.201-0400] {dag.py:3954} INFO - Setting next_dagrun for example_branch_dop_operator_v3 to 2024-04-14 20:44:00+00:00, run_after=2024-04-14 20:45:00+00:00
[2024-04-14T16:45:16.207-0400] {processor.py:183} INFO - Processing /Users/manideepakreddyaila/Desktop/projects/Legal_Insights_Engine/.venv/lib/python3.11/site-packages/airflow/example_dags/example_branch_python_dop_operator_3.py took 0.092 seconds
[2024-04-14T16:47:16.473-0400] {processor.py:161} INFO - Started process (PID=34287) to work on /Users/manideepakreddyaila/Desktop/projects/Legal_Insights_Engine/.venv/lib/python3.11/site-packages/airflow/example_dags/example_branch_python_dop_operator_3.py
[2024-04-14T16:47:16.474-0400] {processor.py:830} INFO - Processing file /Users/manideepakreddyaila/Desktop/projects/Legal_Insights_Engine/.venv/lib/python3.11/site-packages/airflow/example_dags/example_branch_python_dop_operator_3.py for tasks to queue
[2024-04-14T16:47:16.474-0400] {logging_mixin.py:188} INFO - [2024-04-14T16:47:16.474-0400] {dagbag.py:540} INFO - Filling up the DagBag from /Users/manideepakreddyaila/Desktop/projects/Legal_Insights_Engine/.venv/lib/python3.11/site-packages/airflow/example_dags/example_branch_python_dop_operator_3.py
[2024-04-14T16:47:16.514-0400] {processor.py:840} INFO - DAG(s) 'example_branch_dop_operator_v3' retrieved from /Users/manideepakreddyaila/Desktop/projects/Legal_Insights_Engine/.venv/lib/python3.11/site-packages/airflow/example_dags/example_branch_python_dop_operator_3.py
[2024-04-14T16:47:16.548-0400] {logging_mixin.py:188} INFO - [2024-04-14T16:47:16.548-0400] {dag.py:3096} INFO - Sync 1 DAGs
[2024-04-14T16:47:16.555-0400] {logging_mixin.py:188} INFO - [2024-04-14T16:47:16.555-0400] {dag.py:3954} INFO - Setting next_dagrun for example_branch_dop_operator_v3 to 2024-04-14 20:46:00+00:00, run_after=2024-04-14 20:47:00+00:00
[2024-04-14T16:47:16.561-0400] {processor.py:183} INFO - Processing /Users/manideepakreddyaila/Desktop/projects/Legal_Insights_Engine/.venv/lib/python3.11/site-packages/airflow/example_dags/example_branch_python_dop_operator_3.py took 0.089 seconds
[2024-04-14T16:49:10.916-0400] {processor.py:161} INFO - Started process (PID=34384) to work on /Users/manideepakreddyaila/Desktop/projects/Legal_Insights_Engine/.venv/lib/python3.11/site-packages/airflow/example_dags/example_branch_python_dop_operator_3.py
[2024-04-14T16:49:10.917-0400] {processor.py:830} INFO - Processing file /Users/manideepakreddyaila/Desktop/projects/Legal_Insights_Engine/.venv/lib/python3.11/site-packages/airflow/example_dags/example_branch_python_dop_operator_3.py for tasks to queue
[2024-04-14T16:49:10.917-0400] {logging_mixin.py:188} INFO - [2024-04-14T16:49:10.917-0400] {dagbag.py:540} INFO - Filling up the DagBag from /Users/manideepakreddyaila/Desktop/projects/Legal_Insights_Engine/.venv/lib/python3.11/site-packages/airflow/example_dags/example_branch_python_dop_operator_3.py
[2024-04-14T16:49:10.957-0400] {processor.py:840} INFO - DAG(s) 'example_branch_dop_operator_v3' retrieved from /Users/manideepakreddyaila/Desktop/projects/Legal_Insights_Engine/.venv/lib/python3.11/site-packages/airflow/example_dags/example_branch_python_dop_operator_3.py
[2024-04-14T16:49:10.992-0400] {logging_mixin.py:188} INFO - [2024-04-14T16:49:10.991-0400] {dag.py:3096} INFO - Sync 1 DAGs
[2024-04-14T16:49:10.999-0400] {logging_mixin.py:188} INFO - [2024-04-14T16:49:10.999-0400] {dag.py:3954} INFO - Setting next_dagrun for example_branch_dop_operator_v3 to 2024-04-14 20:48:00+00:00, run_after=2024-04-14 20:49:00+00:00
[2024-04-14T16:49:11.005-0400] {processor.py:183} INFO - Processing /Users/manideepakreddyaila/Desktop/projects/Legal_Insights_Engine/.venv/lib/python3.11/site-packages/airflow/example_dags/example_branch_python_dop_operator_3.py took 0.090 seconds
[2024-04-14T17:16:12.301-0400] {processor.py:161} INFO - Started process (PID=34634) to work on /Users/manideepakreddyaila/Desktop/projects/Legal_Insights_Engine/.venv/lib/python3.11/site-packages/airflow/example_dags/example_branch_python_dop_operator_3.py
[2024-04-14T17:16:12.302-0400] {processor.py:830} INFO - Processing file /Users/manideepakreddyaila/Desktop/projects/Legal_Insights_Engine/.venv/lib/python3.11/site-packages/airflow/example_dags/example_branch_python_dop_operator_3.py for tasks to queue
[2024-04-14T17:16:12.302-0400] {logging_mixin.py:188} INFO - [2024-04-14T17:16:12.302-0400] {dagbag.py:540} INFO - Filling up the DagBag from /Users/manideepakreddyaila/Desktop/projects/Legal_Insights_Engine/.venv/lib/python3.11/site-packages/airflow/example_dags/example_branch_python_dop_operator_3.py
[2024-04-14T17:16:12.342-0400] {processor.py:840} INFO - DAG(s) 'example_branch_dop_operator_v3' retrieved from /Users/manideepakreddyaila/Desktop/projects/Legal_Insights_Engine/.venv/lib/python3.11/site-packages/airflow/example_dags/example_branch_python_dop_operator_3.py
[2024-04-14T17:16:12.378-0400] {logging_mixin.py:188} INFO - [2024-04-14T17:16:12.378-0400] {dag.py:3096} INFO - Sync 1 DAGs
[2024-04-14T17:16:12.385-0400] {logging_mixin.py:188} INFO - [2024-04-14T17:16:12.385-0400] {dag.py:3954} INFO - Setting next_dagrun for example_branch_dop_operator_v3 to 2024-04-14 21:15:00+00:00, run_after=2024-04-14 21:16:00+00:00
[2024-04-14T17:16:12.391-0400] {processor.py:183} INFO - Processing /Users/manideepakreddyaila/Desktop/projects/Legal_Insights_Engine/.venv/lib/python3.11/site-packages/airflow/example_dags/example_branch_python_dop_operator_3.py took 0.091 seconds
[2024-04-14T17:18:14.164-0400] {processor.py:161} INFO - Started process (PID=34803) to work on /Users/manideepakreddyaila/Desktop/projects/Legal_Insights_Engine/.venv/lib/python3.11/site-packages/airflow/example_dags/example_branch_python_dop_operator_3.py
[2024-04-14T17:18:14.165-0400] {processor.py:830} INFO - Processing file /Users/manideepakreddyaila/Desktop/projects/Legal_Insights_Engine/.venv/lib/python3.11/site-packages/airflow/example_dags/example_branch_python_dop_operator_3.py for tasks to queue
[2024-04-14T17:18:14.165-0400] {logging_mixin.py:188} INFO - [2024-04-14T17:18:14.165-0400] {dagbag.py:540} INFO - Filling up the DagBag from /Users/manideepakreddyaila/Desktop/projects/Legal_Insights_Engine/.venv/lib/python3.11/site-packages/airflow/example_dags/example_branch_python_dop_operator_3.py
[2024-04-14T17:18:14.208-0400] {processor.py:840} INFO - DAG(s) 'example_branch_dop_operator_v3' retrieved from /Users/manideepakreddyaila/Desktop/projects/Legal_Insights_Engine/.venv/lib/python3.11/site-packages/airflow/example_dags/example_branch_python_dop_operator_3.py
[2024-04-14T17:18:14.245-0400] {logging_mixin.py:188} INFO - [2024-04-14T17:18:14.245-0400] {dag.py:3096} INFO - Sync 1 DAGs
[2024-04-14T17:18:14.253-0400] {logging_mixin.py:188} INFO - [2024-04-14T17:18:14.253-0400] {dag.py:3954} INFO - Setting next_dagrun for example_branch_dop_operator_v3 to 2024-04-14 21:17:00+00:00, run_after=2024-04-14 21:18:00+00:00
[2024-04-14T17:18:14.260-0400] {processor.py:183} INFO - Processing /Users/manideepakreddyaila/Desktop/projects/Legal_Insights_Engine/.venv/lib/python3.11/site-packages/airflow/example_dags/example_branch_python_dop_operator_3.py took 0.097 seconds
[2024-04-14T17:20:07.226-0400] {processor.py:161} INFO - Started process (PID=34912) to work on /Users/manideepakreddyaila/Desktop/projects/Legal_Insights_Engine/.venv/lib/python3.11/site-packages/airflow/example_dags/example_branch_python_dop_operator_3.py
[2024-04-14T17:20:07.227-0400] {processor.py:830} INFO - Processing file /Users/manideepakreddyaila/Desktop/projects/Legal_Insights_Engine/.venv/lib/python3.11/site-packages/airflow/example_dags/example_branch_python_dop_operator_3.py for tasks to queue
[2024-04-14T17:20:07.227-0400] {logging_mixin.py:188} INFO - [2024-04-14T17:20:07.227-0400] {dagbag.py:540} INFO - Filling up the DagBag from /Users/manideepakreddyaila/Desktop/projects/Legal_Insights_Engine/.venv/lib/python3.11/site-packages/airflow/example_dags/example_branch_python_dop_operator_3.py
[2024-04-14T17:20:07.266-0400] {processor.py:840} INFO - DAG(s) 'example_branch_dop_operator_v3' retrieved from /Users/manideepakreddyaila/Desktop/projects/Legal_Insights_Engine/.venv/lib/python3.11/site-packages/airflow/example_dags/example_branch_python_dop_operator_3.py
[2024-04-14T17:20:07.303-0400] {logging_mixin.py:188} INFO - [2024-04-14T17:20:07.303-0400] {dag.py:3096} INFO - Sync 1 DAGs
[2024-04-14T17:20:07.311-0400] {logging_mixin.py:188} INFO - [2024-04-14T17:20:07.311-0400] {dag.py:3954} INFO - Setting next_dagrun for example_branch_dop_operator_v3 to 2024-04-14 21:19:00+00:00, run_after=2024-04-14 21:20:00+00:00
[2024-04-14T17:20:07.317-0400] {processor.py:183} INFO - Processing /Users/manideepakreddyaila/Desktop/projects/Legal_Insights_Engine/.venv/lib/python3.11/site-packages/airflow/example_dags/example_branch_python_dop_operator_3.py took 0.092 seconds
[2024-04-14T17:22:04.468-0400] {processor.py:161} INFO - Started process (PID=35006) to work on /Users/manideepakreddyaila/Desktop/projects/Legal_Insights_Engine/.venv/lib/python3.11/site-packages/airflow/example_dags/example_branch_python_dop_operator_3.py
[2024-04-14T17:22:04.470-0400] {processor.py:830} INFO - Processing file /Users/manideepakreddyaila/Desktop/projects/Legal_Insights_Engine/.venv/lib/python3.11/site-packages/airflow/example_dags/example_branch_python_dop_operator_3.py for tasks to queue
[2024-04-14T17:22:04.470-0400] {logging_mixin.py:188} INFO - [2024-04-14T17:22:04.470-0400] {dagbag.py:540} INFO - Filling up the DagBag from /Users/manideepakreddyaila/Desktop/projects/Legal_Insights_Engine/.venv/lib/python3.11/site-packages/airflow/example_dags/example_branch_python_dop_operator_3.py
[2024-04-14T17:22:04.510-0400] {processor.py:840} INFO - DAG(s) 'example_branch_dop_operator_v3' retrieved from /Users/manideepakreddyaila/Desktop/projects/Legal_Insights_Engine/.venv/lib/python3.11/site-packages/airflow/example_dags/example_branch_python_dop_operator_3.py
[2024-04-14T17:22:04.545-0400] {logging_mixin.py:188} INFO - [2024-04-14T17:22:04.545-0400] {dag.py:3096} INFO - Sync 1 DAGs
[2024-04-14T17:22:04.552-0400] {logging_mixin.py:188} INFO - [2024-04-14T17:22:04.552-0400] {dag.py:3954} INFO - Setting next_dagrun for example_branch_dop_operator_v3 to 2024-04-14 21:21:00+00:00, run_after=2024-04-14 21:22:00+00:00
[2024-04-14T17:22:04.558-0400] {processor.py:183} INFO - Processing /Users/manideepakreddyaila/Desktop/projects/Legal_Insights_Engine/.venv/lib/python3.11/site-packages/airflow/example_dags/example_branch_python_dop_operator_3.py took 0.091 seconds
[2024-04-14T17:23:57.108-0400] {processor.py:161} INFO - Started process (PID=35098) to work on /Users/manideepakreddyaila/Desktop/projects/Legal_Insights_Engine/.venv/lib/python3.11/site-packages/airflow/example_dags/example_branch_python_dop_operator_3.py
[2024-04-14T17:23:57.108-0400] {processor.py:830} INFO - Processing file /Users/manideepakreddyaila/Desktop/projects/Legal_Insights_Engine/.venv/lib/python3.11/site-packages/airflow/example_dags/example_branch_python_dop_operator_3.py for tasks to queue
[2024-04-14T17:23:57.109-0400] {logging_mixin.py:188} INFO - [2024-04-14T17:23:57.109-0400] {dagbag.py:540} INFO - Filling up the DagBag from /Users/manideepakreddyaila/Desktop/projects/Legal_Insights_Engine/.venv/lib/python3.11/site-packages/airflow/example_dags/example_branch_python_dop_operator_3.py
[2024-04-14T17:23:57.148-0400] {processor.py:840} INFO - DAG(s) 'example_branch_dop_operator_v3' retrieved from /Users/manideepakreddyaila/Desktop/projects/Legal_Insights_Engine/.venv/lib/python3.11/site-packages/airflow/example_dags/example_branch_python_dop_operator_3.py
[2024-04-14T17:23:57.183-0400] {logging_mixin.py:188} INFO - [2024-04-14T17:23:57.183-0400] {dag.py:3096} INFO - Sync 1 DAGs
[2024-04-14T17:23:57.190-0400] {logging_mixin.py:188} INFO - [2024-04-14T17:23:57.190-0400] {dag.py:3954} INFO - Setting next_dagrun for example_branch_dop_operator_v3 to 2024-04-14 21:22:00+00:00, run_after=2024-04-14 21:23:00+00:00
[2024-04-14T17:23:57.196-0400] {processor.py:183} INFO - Processing /Users/manideepakreddyaila/Desktop/projects/Legal_Insights_Engine/.venv/lib/python3.11/site-packages/airflow/example_dags/example_branch_python_dop_operator_3.py took 0.089 seconds
[2024-04-14T17:25:56.151-0400] {processor.py:161} INFO - Started process (PID=35211) to work on /Users/manideepakreddyaila/Desktop/projects/Legal_Insights_Engine/.venv/lib/python3.11/site-packages/airflow/example_dags/example_branch_python_dop_operator_3.py
[2024-04-14T17:25:56.151-0400] {processor.py:830} INFO - Processing file /Users/manideepakreddyaila/Desktop/projects/Legal_Insights_Engine/.venv/lib/python3.11/site-packages/airflow/example_dags/example_branch_python_dop_operator_3.py for tasks to queue
[2024-04-14T17:25:56.152-0400] {logging_mixin.py:188} INFO - [2024-04-14T17:25:56.152-0400] {dagbag.py:540} INFO - Filling up the DagBag from /Users/manideepakreddyaila/Desktop/projects/Legal_Insights_Engine/.venv/lib/python3.11/site-packages/airflow/example_dags/example_branch_python_dop_operator_3.py
[2024-04-14T17:25:56.191-0400] {processor.py:840} INFO - DAG(s) 'example_branch_dop_operator_v3' retrieved from /Users/manideepakreddyaila/Desktop/projects/Legal_Insights_Engine/.venv/lib/python3.11/site-packages/airflow/example_dags/example_branch_python_dop_operator_3.py
[2024-04-14T17:25:56.225-0400] {logging_mixin.py:188} INFO - [2024-04-14T17:25:56.225-0400] {dag.py:3096} INFO - Sync 1 DAGs
[2024-04-14T17:25:56.233-0400] {logging_mixin.py:188} INFO - [2024-04-14T17:25:56.233-0400] {dag.py:3954} INFO - Setting next_dagrun for example_branch_dop_operator_v3 to 2024-04-14 21:24:00+00:00, run_after=2024-04-14 21:25:00+00:00
[2024-04-14T17:25:56.239-0400] {processor.py:183} INFO - Processing /Users/manideepakreddyaila/Desktop/projects/Legal_Insights_Engine/.venv/lib/python3.11/site-packages/airflow/example_dags/example_branch_python_dop_operator_3.py took 0.089 seconds
[2024-04-14T17:27:51.998-0400] {processor.py:161} INFO - Started process (PID=35315) to work on /Users/manideepakreddyaila/Desktop/projects/Legal_Insights_Engine/.venv/lib/python3.11/site-packages/airflow/example_dags/example_branch_python_dop_operator_3.py
[2024-04-14T17:27:52.000-0400] {processor.py:830} INFO - Processing file /Users/manideepakreddyaila/Desktop/projects/Legal_Insights_Engine/.venv/lib/python3.11/site-packages/airflow/example_dags/example_branch_python_dop_operator_3.py for tasks to queue
[2024-04-14T17:27:52.000-0400] {logging_mixin.py:188} INFO - [2024-04-14T17:27:52.000-0400] {dagbag.py:540} INFO - Filling up the DagBag from /Users/manideepakreddyaila/Desktop/projects/Legal_Insights_Engine/.venv/lib/python3.11/site-packages/airflow/example_dags/example_branch_python_dop_operator_3.py
[2024-04-14T17:27:52.039-0400] {processor.py:840} INFO - DAG(s) 'example_branch_dop_operator_v3' retrieved from /Users/manideepakreddyaila/Desktop/projects/Legal_Insights_Engine/.venv/lib/python3.11/site-packages/airflow/example_dags/example_branch_python_dop_operator_3.py
[2024-04-14T17:27:52.073-0400] {logging_mixin.py:188} INFO - [2024-04-14T17:27:52.073-0400] {dag.py:3096} INFO - Sync 1 DAGs
[2024-04-14T17:27:52.081-0400] {logging_mixin.py:188} INFO - [2024-04-14T17:27:52.081-0400] {dag.py:3954} INFO - Setting next_dagrun for example_branch_dop_operator_v3 to 2024-04-14 21:26:00+00:00, run_after=2024-04-14 21:27:00+00:00
[2024-04-14T17:27:52.087-0400] {processor.py:183} INFO - Processing /Users/manideepakreddyaila/Desktop/projects/Legal_Insights_Engine/.venv/lib/python3.11/site-packages/airflow/example_dags/example_branch_python_dop_operator_3.py took 0.090 seconds
[2024-04-14T17:29:47.123-0400] {processor.py:161} INFO - Started process (PID=35412) to work on /Users/manideepakreddyaila/Desktop/projects/Legal_Insights_Engine/.venv/lib/python3.11/site-packages/airflow/example_dags/example_branch_python_dop_operator_3.py
[2024-04-14T17:29:47.124-0400] {processor.py:830} INFO - Processing file /Users/manideepakreddyaila/Desktop/projects/Legal_Insights_Engine/.venv/lib/python3.11/site-packages/airflow/example_dags/example_branch_python_dop_operator_3.py for tasks to queue
[2024-04-14T17:29:47.124-0400] {logging_mixin.py:188} INFO - [2024-04-14T17:29:47.124-0400] {dagbag.py:540} INFO - Filling up the DagBag from /Users/manideepakreddyaila/Desktop/projects/Legal_Insights_Engine/.venv/lib/python3.11/site-packages/airflow/example_dags/example_branch_python_dop_operator_3.py
[2024-04-14T17:29:47.163-0400] {processor.py:840} INFO - DAG(s) 'example_branch_dop_operator_v3' retrieved from /Users/manideepakreddyaila/Desktop/projects/Legal_Insights_Engine/.venv/lib/python3.11/site-packages/airflow/example_dags/example_branch_python_dop_operator_3.py
[2024-04-14T17:29:47.199-0400] {logging_mixin.py:188} INFO - [2024-04-14T17:29:47.199-0400] {dag.py:3096} INFO - Sync 1 DAGs
[2024-04-14T17:29:47.206-0400] {logging_mixin.py:188} INFO - [2024-04-14T17:29:47.206-0400] {dag.py:3954} INFO - Setting next_dagrun for example_branch_dop_operator_v3 to 2024-04-14 21:28:00+00:00, run_after=2024-04-14 21:29:00+00:00
[2024-04-14T17:29:47.212-0400] {processor.py:183} INFO - Processing /Users/manideepakreddyaila/Desktop/projects/Legal_Insights_Engine/.venv/lib/python3.11/site-packages/airflow/example_dags/example_branch_python_dop_operator_3.py took 0.090 seconds
[2024-04-14T17:31:46.021-0400] {processor.py:161} INFO - Started process (PID=35560) to work on /Users/manideepakreddyaila/Desktop/projects/Legal_Insights_Engine/.venv/lib/python3.11/site-packages/airflow/example_dags/example_branch_python_dop_operator_3.py
[2024-04-14T17:31:46.021-0400] {processor.py:830} INFO - Processing file /Users/manideepakreddyaila/Desktop/projects/Legal_Insights_Engine/.venv/lib/python3.11/site-packages/airflow/example_dags/example_branch_python_dop_operator_3.py for tasks to queue
[2024-04-14T17:31:46.021-0400] {logging_mixin.py:188} INFO - [2024-04-14T17:31:46.021-0400] {dagbag.py:540} INFO - Filling up the DagBag from /Users/manideepakreddyaila/Desktop/projects/Legal_Insights_Engine/.venv/lib/python3.11/site-packages/airflow/example_dags/example_branch_python_dop_operator_3.py
[2024-04-14T17:31:46.065-0400] {processor.py:840} INFO - DAG(s) 'example_branch_dop_operator_v3' retrieved from /Users/manideepakreddyaila/Desktop/projects/Legal_Insights_Engine/.venv/lib/python3.11/site-packages/airflow/example_dags/example_branch_python_dop_operator_3.py
[2024-04-14T17:31:46.101-0400] {logging_mixin.py:188} INFO - [2024-04-14T17:31:46.100-0400] {dag.py:3096} INFO - Sync 1 DAGs
[2024-04-14T17:31:46.108-0400] {logging_mixin.py:188} INFO - [2024-04-14T17:31:46.108-0400] {dag.py:3954} INFO - Setting next_dagrun for example_branch_dop_operator_v3 to 2024-04-14 21:30:00+00:00, run_after=2024-04-14 21:31:00+00:00
[2024-04-14T17:31:46.114-0400] {processor.py:183} INFO - Processing /Users/manideepakreddyaila/Desktop/projects/Legal_Insights_Engine/.venv/lib/python3.11/site-packages/airflow/example_dags/example_branch_python_dop_operator_3.py took 0.095 seconds
[2024-04-14T17:33:44.626-0400] {processor.py:161} INFO - Started process (PID=35666) to work on /Users/manideepakreddyaila/Desktop/projects/Legal_Insights_Engine/.venv/lib/python3.11/site-packages/airflow/example_dags/example_branch_python_dop_operator_3.py
[2024-04-14T17:33:44.627-0400] {processor.py:830} INFO - Processing file /Users/manideepakreddyaila/Desktop/projects/Legal_Insights_Engine/.venv/lib/python3.11/site-packages/airflow/example_dags/example_branch_python_dop_operator_3.py for tasks to queue
[2024-04-14T17:33:44.627-0400] {logging_mixin.py:188} INFO - [2024-04-14T17:33:44.627-0400] {dagbag.py:540} INFO - Filling up the DagBag from /Users/manideepakreddyaila/Desktop/projects/Legal_Insights_Engine/.venv/lib/python3.11/site-packages/airflow/example_dags/example_branch_python_dop_operator_3.py
[2024-04-14T17:33:44.667-0400] {processor.py:840} INFO - DAG(s) 'example_branch_dop_operator_v3' retrieved from /Users/manideepakreddyaila/Desktop/projects/Legal_Insights_Engine/.venv/lib/python3.11/site-packages/airflow/example_dags/example_branch_python_dop_operator_3.py
[2024-04-14T17:33:44.703-0400] {logging_mixin.py:188} INFO - [2024-04-14T17:33:44.703-0400] {dag.py:3096} INFO - Sync 1 DAGs
[2024-04-14T17:33:44.711-0400] {logging_mixin.py:188} INFO - [2024-04-14T17:33:44.711-0400] {dag.py:3954} INFO - Setting next_dagrun for example_branch_dop_operator_v3 to 2024-04-14 21:32:00+00:00, run_after=2024-04-14 21:33:00+00:00
[2024-04-14T17:33:44.718-0400] {processor.py:183} INFO - Processing /Users/manideepakreddyaila/Desktop/projects/Legal_Insights_Engine/.venv/lib/python3.11/site-packages/airflow/example_dags/example_branch_python_dop_operator_3.py took 0.093 seconds
[2024-04-14T17:35:47.162-0400] {processor.py:161} INFO - Started process (PID=35758) to work on /Users/manideepakreddyaila/Desktop/projects/Legal_Insights_Engine/.venv/lib/python3.11/site-packages/airflow/example_dags/example_branch_python_dop_operator_3.py
[2024-04-14T17:35:47.162-0400] {processor.py:830} INFO - Processing file /Users/manideepakreddyaila/Desktop/projects/Legal_Insights_Engine/.venv/lib/python3.11/site-packages/airflow/example_dags/example_branch_python_dop_operator_3.py for tasks to queue
[2024-04-14T17:35:47.163-0400] {logging_mixin.py:188} INFO - [2024-04-14T17:35:47.163-0400] {dagbag.py:540} INFO - Filling up the DagBag from /Users/manideepakreddyaila/Desktop/projects/Legal_Insights_Engine/.venv/lib/python3.11/site-packages/airflow/example_dags/example_branch_python_dop_operator_3.py
[2024-04-14T17:35:47.203-0400] {processor.py:840} INFO - DAG(s) 'example_branch_dop_operator_v3' retrieved from /Users/manideepakreddyaila/Desktop/projects/Legal_Insights_Engine/.venv/lib/python3.11/site-packages/airflow/example_dags/example_branch_python_dop_operator_3.py
[2024-04-14T17:35:47.237-0400] {logging_mixin.py:188} INFO - [2024-04-14T17:35:47.237-0400] {dag.py:3096} INFO - Sync 1 DAGs
[2024-04-14T17:35:47.245-0400] {logging_mixin.py:188} INFO - [2024-04-14T17:35:47.245-0400] {dag.py:3954} INFO - Setting next_dagrun for example_branch_dop_operator_v3 to 2024-04-14 21:34:00+00:00, run_after=2024-04-14 21:35:00+00:00
[2024-04-14T17:35:47.251-0400] {processor.py:183} INFO - Processing /Users/manideepakreddyaila/Desktop/projects/Legal_Insights_Engine/.venv/lib/python3.11/site-packages/airflow/example_dags/example_branch_python_dop_operator_3.py took 0.090 seconds
[2024-04-14T17:37:40.696-0400] {processor.py:161} INFO - Started process (PID=35855) to work on /Users/manideepakreddyaila/Desktop/projects/Legal_Insights_Engine/.venv/lib/python3.11/site-packages/airflow/example_dags/example_branch_python_dop_operator_3.py
[2024-04-14T17:37:40.697-0400] {processor.py:830} INFO - Processing file /Users/manideepakreddyaila/Desktop/projects/Legal_Insights_Engine/.venv/lib/python3.11/site-packages/airflow/example_dags/example_branch_python_dop_operator_3.py for tasks to queue
[2024-04-14T17:37:40.697-0400] {logging_mixin.py:188} INFO - [2024-04-14T17:37:40.697-0400] {dagbag.py:540} INFO - Filling up the DagBag from /Users/manideepakreddyaila/Desktop/projects/Legal_Insights_Engine/.venv/lib/python3.11/site-packages/airflow/example_dags/example_branch_python_dop_operator_3.py
[2024-04-14T17:37:40.736-0400] {processor.py:840} INFO - DAG(s) 'example_branch_dop_operator_v3' retrieved from /Users/manideepakreddyaila/Desktop/projects/Legal_Insights_Engine/.venv/lib/python3.11/site-packages/airflow/example_dags/example_branch_python_dop_operator_3.py
[2024-04-14T17:37:40.772-0400] {logging_mixin.py:188} INFO - [2024-04-14T17:37:40.772-0400] {dag.py:3096} INFO - Sync 1 DAGs
[2024-04-14T17:37:40.779-0400] {logging_mixin.py:188} INFO - [2024-04-14T17:37:40.779-0400] {dag.py:3954} INFO - Setting next_dagrun for example_branch_dop_operator_v3 to 2024-04-14 21:36:00+00:00, run_after=2024-04-14 21:37:00+00:00
[2024-04-14T17:37:40.788-0400] {processor.py:183} INFO - Processing /Users/manideepakreddyaila/Desktop/projects/Legal_Insights_Engine/.venv/lib/python3.11/site-packages/airflow/example_dags/example_branch_python_dop_operator_3.py took 0.093 seconds
[2024-04-14T17:39:30.679-0400] {processor.py:161} INFO - Started process (PID=35935) to work on /Users/manideepakreddyaila/Desktop/projects/Legal_Insights_Engine/.venv/lib/python3.11/site-packages/airflow/example_dags/example_branch_python_dop_operator_3.py
[2024-04-14T17:39:30.680-0400] {processor.py:830} INFO - Processing file /Users/manideepakreddyaila/Desktop/projects/Legal_Insights_Engine/.venv/lib/python3.11/site-packages/airflow/example_dags/example_branch_python_dop_operator_3.py for tasks to queue
[2024-04-14T17:39:30.680-0400] {logging_mixin.py:188} INFO - [2024-04-14T17:39:30.680-0400] {dagbag.py:540} INFO - Filling up the DagBag from /Users/manideepakreddyaila/Desktop/projects/Legal_Insights_Engine/.venv/lib/python3.11/site-packages/airflow/example_dags/example_branch_python_dop_operator_3.py
[2024-04-14T17:39:30.719-0400] {processor.py:840} INFO - DAG(s) 'example_branch_dop_operator_v3' retrieved from /Users/manideepakreddyaila/Desktop/projects/Legal_Insights_Engine/.venv/lib/python3.11/site-packages/airflow/example_dags/example_branch_python_dop_operator_3.py
[2024-04-14T17:39:30.753-0400] {logging_mixin.py:188} INFO - [2024-04-14T17:39:30.753-0400] {dag.py:3096} INFO - Sync 1 DAGs
[2024-04-14T17:39:30.761-0400] {logging_mixin.py:188} INFO - [2024-04-14T17:39:30.761-0400] {dag.py:3954} INFO - Setting next_dagrun for example_branch_dop_operator_v3 to 2024-04-14 21:38:00+00:00, run_after=2024-04-14 21:39:00+00:00
[2024-04-14T17:39:30.767-0400] {processor.py:183} INFO - Processing /Users/manideepakreddyaila/Desktop/projects/Legal_Insights_Engine/.venv/lib/python3.11/site-packages/airflow/example_dags/example_branch_python_dop_operator_3.py took 0.089 seconds
[2024-04-14T17:41:23.614-0400] {processor.py:161} INFO - Started process (PID=36021) to work on /Users/manideepakreddyaila/Desktop/projects/Legal_Insights_Engine/.venv/lib/python3.11/site-packages/airflow/example_dags/example_branch_python_dop_operator_3.py
[2024-04-14T17:41:23.615-0400] {processor.py:830} INFO - Processing file /Users/manideepakreddyaila/Desktop/projects/Legal_Insights_Engine/.venv/lib/python3.11/site-packages/airflow/example_dags/example_branch_python_dop_operator_3.py for tasks to queue
[2024-04-14T17:41:23.615-0400] {logging_mixin.py:188} INFO - [2024-04-14T17:41:23.615-0400] {dagbag.py:540} INFO - Filling up the DagBag from /Users/manideepakreddyaila/Desktop/projects/Legal_Insights_Engine/.venv/lib/python3.11/site-packages/airflow/example_dags/example_branch_python_dop_operator_3.py
[2024-04-14T17:41:23.654-0400] {processor.py:840} INFO - DAG(s) 'example_branch_dop_operator_v3' retrieved from /Users/manideepakreddyaila/Desktop/projects/Legal_Insights_Engine/.venv/lib/python3.11/site-packages/airflow/example_dags/example_branch_python_dop_operator_3.py
[2024-04-14T17:41:23.689-0400] {logging_mixin.py:188} INFO - [2024-04-14T17:41:23.689-0400] {dag.py:3096} INFO - Sync 1 DAGs
[2024-04-14T17:41:23.697-0400] {logging_mixin.py:188} INFO - [2024-04-14T17:41:23.697-0400] {dag.py:3954} INFO - Setting next_dagrun for example_branch_dop_operator_v3 to 2024-04-14 21:40:00+00:00, run_after=2024-04-14 21:41:00+00:00
[2024-04-14T17:41:23.703-0400] {processor.py:183} INFO - Processing /Users/manideepakreddyaila/Desktop/projects/Legal_Insights_Engine/.venv/lib/python3.11/site-packages/airflow/example_dags/example_branch_python_dop_operator_3.py took 0.089 seconds
[2024-04-14T17:43:15.247-0400] {processor.py:161} INFO - Started process (PID=36108) to work on /Users/manideepakreddyaila/Desktop/projects/Legal_Insights_Engine/.venv/lib/python3.11/site-packages/airflow/example_dags/example_branch_python_dop_operator_3.py
[2024-04-14T17:43:15.247-0400] {processor.py:830} INFO - Processing file /Users/manideepakreddyaila/Desktop/projects/Legal_Insights_Engine/.venv/lib/python3.11/site-packages/airflow/example_dags/example_branch_python_dop_operator_3.py for tasks to queue
[2024-04-14T17:43:15.248-0400] {logging_mixin.py:188} INFO - [2024-04-14T17:43:15.248-0400] {dagbag.py:540} INFO - Filling up the DagBag from /Users/manideepakreddyaila/Desktop/projects/Legal_Insights_Engine/.venv/lib/python3.11/site-packages/airflow/example_dags/example_branch_python_dop_operator_3.py
[2024-04-14T17:43:15.287-0400] {processor.py:840} INFO - DAG(s) 'example_branch_dop_operator_v3' retrieved from /Users/manideepakreddyaila/Desktop/projects/Legal_Insights_Engine/.venv/lib/python3.11/site-packages/airflow/example_dags/example_branch_python_dop_operator_3.py
[2024-04-14T17:43:15.322-0400] {logging_mixin.py:188} INFO - [2024-04-14T17:43:15.321-0400] {dag.py:3096} INFO - Sync 1 DAGs
[2024-04-14T17:43:15.329-0400] {logging_mixin.py:188} INFO - [2024-04-14T17:43:15.329-0400] {dag.py:3954} INFO - Setting next_dagrun for example_branch_dop_operator_v3 to 2024-04-14 21:42:00+00:00, run_after=2024-04-14 21:43:00+00:00
[2024-04-14T17:43:15.335-0400] {processor.py:183} INFO - Processing /Users/manideepakreddyaila/Desktop/projects/Legal_Insights_Engine/.venv/lib/python3.11/site-packages/airflow/example_dags/example_branch_python_dop_operator_3.py took 0.089 seconds
[2024-04-14T17:45:10.750-0400] {processor.py:161} INFO - Started process (PID=36196) to work on /Users/manideepakreddyaila/Desktop/projects/Legal_Insights_Engine/.venv/lib/python3.11/site-packages/airflow/example_dags/example_branch_python_dop_operator_3.py
[2024-04-14T17:45:10.751-0400] {processor.py:830} INFO - Processing file /Users/manideepakreddyaila/Desktop/projects/Legal_Insights_Engine/.venv/lib/python3.11/site-packages/airflow/example_dags/example_branch_python_dop_operator_3.py for tasks to queue
[2024-04-14T17:45:10.751-0400] {logging_mixin.py:188} INFO - [2024-04-14T17:45:10.751-0400] {dagbag.py:540} INFO - Filling up the DagBag from /Users/manideepakreddyaila/Desktop/projects/Legal_Insights_Engine/.venv/lib/python3.11/site-packages/airflow/example_dags/example_branch_python_dop_operator_3.py
[2024-04-14T17:45:10.791-0400] {processor.py:840} INFO - DAG(s) 'example_branch_dop_operator_v3' retrieved from /Users/manideepakreddyaila/Desktop/projects/Legal_Insights_Engine/.venv/lib/python3.11/site-packages/airflow/example_dags/example_branch_python_dop_operator_3.py
[2024-04-14T17:45:10.827-0400] {logging_mixin.py:188} INFO - [2024-04-14T17:45:10.827-0400] {dag.py:3096} INFO - Sync 1 DAGs
[2024-04-14T17:45:10.834-0400] {logging_mixin.py:188} INFO - [2024-04-14T17:45:10.834-0400] {dag.py:3954} INFO - Setting next_dagrun for example_branch_dop_operator_v3 to 2024-04-14 21:44:00+00:00, run_after=2024-04-14 21:45:00+00:00
[2024-04-14T17:45:10.840-0400] {processor.py:183} INFO - Processing /Users/manideepakreddyaila/Desktop/projects/Legal_Insights_Engine/.venv/lib/python3.11/site-packages/airflow/example_dags/example_branch_python_dop_operator_3.py took 0.091 seconds
[2024-04-14T17:47:13.948-0400] {processor.py:161} INFO - Started process (PID=36290) to work on /Users/manideepakreddyaila/Desktop/projects/Legal_Insights_Engine/.venv/lib/python3.11/site-packages/airflow/example_dags/example_branch_python_dop_operator_3.py
[2024-04-14T17:47:13.950-0400] {processor.py:830} INFO - Processing file /Users/manideepakreddyaila/Desktop/projects/Legal_Insights_Engine/.venv/lib/python3.11/site-packages/airflow/example_dags/example_branch_python_dop_operator_3.py for tasks to queue
[2024-04-14T17:47:13.950-0400] {logging_mixin.py:188} INFO - [2024-04-14T17:47:13.950-0400] {dagbag.py:540} INFO - Filling up the DagBag from /Users/manideepakreddyaila/Desktop/projects/Legal_Insights_Engine/.venv/lib/python3.11/site-packages/airflow/example_dags/example_branch_python_dop_operator_3.py
[2024-04-14T17:47:13.990-0400] {processor.py:840} INFO - DAG(s) 'example_branch_dop_operator_v3' retrieved from /Users/manideepakreddyaila/Desktop/projects/Legal_Insights_Engine/.venv/lib/python3.11/site-packages/airflow/example_dags/example_branch_python_dop_operator_3.py
[2024-04-14T17:47:14.024-0400] {logging_mixin.py:188} INFO - [2024-04-14T17:47:14.024-0400] {dag.py:3096} INFO - Sync 1 DAGs
[2024-04-14T17:47:14.031-0400] {logging_mixin.py:188} INFO - [2024-04-14T17:47:14.031-0400] {dag.py:3954} INFO - Setting next_dagrun for example_branch_dop_operator_v3 to 2024-04-14 21:46:00+00:00, run_after=2024-04-14 21:47:00+00:00
[2024-04-14T17:47:14.038-0400] {processor.py:183} INFO - Processing /Users/manideepakreddyaila/Desktop/projects/Legal_Insights_Engine/.venv/lib/python3.11/site-packages/airflow/example_dags/example_branch_python_dop_operator_3.py took 0.090 seconds
[2024-04-14T17:49:12.478-0400] {processor.py:161} INFO - Started process (PID=36381) to work on /Users/manideepakreddyaila/Desktop/projects/Legal_Insights_Engine/.venv/lib/python3.11/site-packages/airflow/example_dags/example_branch_python_dop_operator_3.py
[2024-04-14T17:49:12.479-0400] {processor.py:830} INFO - Processing file /Users/manideepakreddyaila/Desktop/projects/Legal_Insights_Engine/.venv/lib/python3.11/site-packages/airflow/example_dags/example_branch_python_dop_operator_3.py for tasks to queue
[2024-04-14T17:49:12.479-0400] {logging_mixin.py:188} INFO - [2024-04-14T17:49:12.479-0400] {dagbag.py:540} INFO - Filling up the DagBag from /Users/manideepakreddyaila/Desktop/projects/Legal_Insights_Engine/.venv/lib/python3.11/site-packages/airflow/example_dags/example_branch_python_dop_operator_3.py
[2024-04-14T17:49:12.519-0400] {processor.py:840} INFO - DAG(s) 'example_branch_dop_operator_v3' retrieved from /Users/manideepakreddyaila/Desktop/projects/Legal_Insights_Engine/.venv/lib/python3.11/site-packages/airflow/example_dags/example_branch_python_dop_operator_3.py
[2024-04-14T17:49:12.554-0400] {logging_mixin.py:188} INFO - [2024-04-14T17:49:12.553-0400] {dag.py:3096} INFO - Sync 1 DAGs
[2024-04-14T17:49:12.561-0400] {logging_mixin.py:188} INFO - [2024-04-14T17:49:12.561-0400] {dag.py:3954} INFO - Setting next_dagrun for example_branch_dop_operator_v3 to 2024-04-14 21:48:00+00:00, run_after=2024-04-14 21:49:00+00:00
[2024-04-14T17:49:12.567-0400] {processor.py:183} INFO - Processing /Users/manideepakreddyaila/Desktop/projects/Legal_Insights_Engine/.venv/lib/python3.11/site-packages/airflow/example_dags/example_branch_python_dop_operator_3.py took 0.090 seconds
[2024-04-14T17:51:10.037-0400] {processor.py:161} INFO - Started process (PID=36485) to work on /Users/manideepakreddyaila/Desktop/projects/Legal_Insights_Engine/.venv/lib/python3.11/site-packages/airflow/example_dags/example_branch_python_dop_operator_3.py
[2024-04-14T17:51:10.038-0400] {processor.py:830} INFO - Processing file /Users/manideepakreddyaila/Desktop/projects/Legal_Insights_Engine/.venv/lib/python3.11/site-packages/airflow/example_dags/example_branch_python_dop_operator_3.py for tasks to queue
[2024-04-14T17:51:10.038-0400] {logging_mixin.py:188} INFO - [2024-04-14T17:51:10.038-0400] {dagbag.py:540} INFO - Filling up the DagBag from /Users/manideepakreddyaila/Desktop/projects/Legal_Insights_Engine/.venv/lib/python3.11/site-packages/airflow/example_dags/example_branch_python_dop_operator_3.py
[2024-04-14T17:51:10.077-0400] {processor.py:840} INFO - DAG(s) 'example_branch_dop_operator_v3' retrieved from /Users/manideepakreddyaila/Desktop/projects/Legal_Insights_Engine/.venv/lib/python3.11/site-packages/airflow/example_dags/example_branch_python_dop_operator_3.py
[2024-04-14T17:51:10.112-0400] {logging_mixin.py:188} INFO - [2024-04-14T17:51:10.111-0400] {dag.py:3096} INFO - Sync 1 DAGs
[2024-04-14T17:51:10.120-0400] {logging_mixin.py:188} INFO - [2024-04-14T17:51:10.120-0400] {dag.py:3954} INFO - Setting next_dagrun for example_branch_dop_operator_v3 to 2024-04-14 21:50:00+00:00, run_after=2024-04-14 21:51:00+00:00
[2024-04-14T17:51:10.126-0400] {processor.py:183} INFO - Processing /Users/manideepakreddyaila/Desktop/projects/Legal_Insights_Engine/.venv/lib/python3.11/site-packages/airflow/example_dags/example_branch_python_dop_operator_3.py took 0.090 seconds
[2024-04-14T17:53:04.891-0400] {processor.py:161} INFO - Started process (PID=36566) to work on /Users/manideepakreddyaila/Desktop/projects/Legal_Insights_Engine/.venv/lib/python3.11/site-packages/airflow/example_dags/example_branch_python_dop_operator_3.py
[2024-04-14T17:53:04.892-0400] {processor.py:830} INFO - Processing file /Users/manideepakreddyaila/Desktop/projects/Legal_Insights_Engine/.venv/lib/python3.11/site-packages/airflow/example_dags/example_branch_python_dop_operator_3.py for tasks to queue
[2024-04-14T17:53:04.892-0400] {logging_mixin.py:188} INFO - [2024-04-14T17:53:04.892-0400] {dagbag.py:540} INFO - Filling up the DagBag from /Users/manideepakreddyaila/Desktop/projects/Legal_Insights_Engine/.venv/lib/python3.11/site-packages/airflow/example_dags/example_branch_python_dop_operator_3.py
[2024-04-14T17:53:04.931-0400] {processor.py:840} INFO - DAG(s) 'example_branch_dop_operator_v3' retrieved from /Users/manideepakreddyaila/Desktop/projects/Legal_Insights_Engine/.venv/lib/python3.11/site-packages/airflow/example_dags/example_branch_python_dop_operator_3.py
[2024-04-14T17:53:04.965-0400] {logging_mixin.py:188} INFO - [2024-04-14T17:53:04.965-0400] {dag.py:3096} INFO - Sync 1 DAGs
[2024-04-14T17:53:04.973-0400] {logging_mixin.py:188} INFO - [2024-04-14T17:53:04.973-0400] {dag.py:3954} INFO - Setting next_dagrun for example_branch_dop_operator_v3 to 2024-04-14 21:52:00+00:00, run_after=2024-04-14 21:53:00+00:00
[2024-04-14T17:53:04.979-0400] {processor.py:183} INFO - Processing /Users/manideepakreddyaila/Desktop/projects/Legal_Insights_Engine/.venv/lib/python3.11/site-packages/airflow/example_dags/example_branch_python_dop_operator_3.py took 0.089 seconds
[2024-04-14T17:55:00.062-0400] {processor.py:161} INFO - Started process (PID=36670) to work on /Users/manideepakreddyaila/Desktop/projects/Legal_Insights_Engine/.venv/lib/python3.11/site-packages/airflow/example_dags/example_branch_python_dop_operator_3.py
[2024-04-14T17:55:00.064-0400] {processor.py:830} INFO - Processing file /Users/manideepakreddyaila/Desktop/projects/Legal_Insights_Engine/.venv/lib/python3.11/site-packages/airflow/example_dags/example_branch_python_dop_operator_3.py for tasks to queue
[2024-04-14T17:55:00.064-0400] {logging_mixin.py:188} INFO - [2024-04-14T17:55:00.064-0400] {dagbag.py:540} INFO - Filling up the DagBag from /Users/manideepakreddyaila/Desktop/projects/Legal_Insights_Engine/.venv/lib/python3.11/site-packages/airflow/example_dags/example_branch_python_dop_operator_3.py
[2024-04-14T17:55:00.105-0400] {processor.py:840} INFO - DAG(s) 'example_branch_dop_operator_v3' retrieved from /Users/manideepakreddyaila/Desktop/projects/Legal_Insights_Engine/.venv/lib/python3.11/site-packages/airflow/example_dags/example_branch_python_dop_operator_3.py
[2024-04-14T17:55:00.141-0400] {logging_mixin.py:188} INFO - [2024-04-14T17:55:00.141-0400] {dag.py:3096} INFO - Sync 1 DAGs
[2024-04-14T17:55:00.148-0400] {logging_mixin.py:188} INFO - [2024-04-14T17:55:00.148-0400] {dag.py:3954} INFO - Setting next_dagrun for example_branch_dop_operator_v3 to 2024-04-14 21:54:00+00:00, run_after=2024-04-14 21:55:00+00:00
[2024-04-14T17:55:00.155-0400] {processor.py:183} INFO - Processing /Users/manideepakreddyaila/Desktop/projects/Legal_Insights_Engine/.venv/lib/python3.11/site-packages/airflow/example_dags/example_branch_python_dop_operator_3.py took 0.094 seconds
[2024-04-14T17:56:53.232-0400] {processor.py:161} INFO - Started process (PID=36807) to work on /Users/manideepakreddyaila/Desktop/projects/Legal_Insights_Engine/.venv/lib/python3.11/site-packages/airflow/example_dags/example_branch_python_dop_operator_3.py
[2024-04-14T17:56:53.234-0400] {processor.py:830} INFO - Processing file /Users/manideepakreddyaila/Desktop/projects/Legal_Insights_Engine/.venv/lib/python3.11/site-packages/airflow/example_dags/example_branch_python_dop_operator_3.py for tasks to queue
[2024-04-14T17:56:53.234-0400] {logging_mixin.py:188} INFO - [2024-04-14T17:56:53.234-0400] {dagbag.py:540} INFO - Filling up the DagBag from /Users/manideepakreddyaila/Desktop/projects/Legal_Insights_Engine/.venv/lib/python3.11/site-packages/airflow/example_dags/example_branch_python_dop_operator_3.py
[2024-04-14T17:56:53.274-0400] {processor.py:840} INFO - DAG(s) 'example_branch_dop_operator_v3' retrieved from /Users/manideepakreddyaila/Desktop/projects/Legal_Insights_Engine/.venv/lib/python3.11/site-packages/airflow/example_dags/example_branch_python_dop_operator_3.py
[2024-04-14T17:56:53.308-0400] {logging_mixin.py:188} INFO - [2024-04-14T17:56:53.308-0400] {dag.py:3096} INFO - Sync 1 DAGs
[2024-04-14T17:56:53.316-0400] {logging_mixin.py:188} INFO - [2024-04-14T17:56:53.316-0400] {dag.py:3954} INFO - Setting next_dagrun for example_branch_dop_operator_v3 to 2024-04-14 21:55:00+00:00, run_after=2024-04-14 21:56:00+00:00
[2024-04-14T17:56:53.322-0400] {processor.py:183} INFO - Processing /Users/manideepakreddyaila/Desktop/projects/Legal_Insights_Engine/.venv/lib/python3.11/site-packages/airflow/example_dags/example_branch_python_dop_operator_3.py took 0.091 seconds
[2024-04-14T17:58:50.285-0400] {processor.py:161} INFO - Started process (PID=36906) to work on /Users/manideepakreddyaila/Desktop/projects/Legal_Insights_Engine/.venv/lib/python3.11/site-packages/airflow/example_dags/example_branch_python_dop_operator_3.py
[2024-04-14T17:58:50.286-0400] {processor.py:830} INFO - Processing file /Users/manideepakreddyaila/Desktop/projects/Legal_Insights_Engine/.venv/lib/python3.11/site-packages/airflow/example_dags/example_branch_python_dop_operator_3.py for tasks to queue
[2024-04-14T17:58:50.286-0400] {logging_mixin.py:188} INFO - [2024-04-14T17:58:50.286-0400] {dagbag.py:540} INFO - Filling up the DagBag from /Users/manideepakreddyaila/Desktop/projects/Legal_Insights_Engine/.venv/lib/python3.11/site-packages/airflow/example_dags/example_branch_python_dop_operator_3.py
[2024-04-14T17:58:50.326-0400] {processor.py:840} INFO - DAG(s) 'example_branch_dop_operator_v3' retrieved from /Users/manideepakreddyaila/Desktop/projects/Legal_Insights_Engine/.venv/lib/python3.11/site-packages/airflow/example_dags/example_branch_python_dop_operator_3.py
[2024-04-14T17:58:50.360-0400] {logging_mixin.py:188} INFO - [2024-04-14T17:58:50.360-0400] {dag.py:3096} INFO - Sync 1 DAGs
[2024-04-14T17:58:50.368-0400] {logging_mixin.py:188} INFO - [2024-04-14T17:58:50.368-0400] {dag.py:3954} INFO - Setting next_dagrun for example_branch_dop_operator_v3 to 2024-04-14 21:57:00+00:00, run_after=2024-04-14 21:58:00+00:00
[2024-04-14T17:58:50.374-0400] {processor.py:183} INFO - Processing /Users/manideepakreddyaila/Desktop/projects/Legal_Insights_Engine/.venv/lib/python3.11/site-packages/airflow/example_dags/example_branch_python_dop_operator_3.py took 0.090 seconds
[2024-04-14T18:00:44.654-0400] {processor.py:161} INFO - Started process (PID=37012) to work on /Users/manideepakreddyaila/Desktop/projects/Legal_Insights_Engine/.venv/lib/python3.11/site-packages/airflow/example_dags/example_branch_python_dop_operator_3.py
[2024-04-14T18:00:44.655-0400] {processor.py:830} INFO - Processing file /Users/manideepakreddyaila/Desktop/projects/Legal_Insights_Engine/.venv/lib/python3.11/site-packages/airflow/example_dags/example_branch_python_dop_operator_3.py for tasks to queue
[2024-04-14T18:00:44.656-0400] {logging_mixin.py:188} INFO - [2024-04-14T18:00:44.655-0400] {dagbag.py:540} INFO - Filling up the DagBag from /Users/manideepakreddyaila/Desktop/projects/Legal_Insights_Engine/.venv/lib/python3.11/site-packages/airflow/example_dags/example_branch_python_dop_operator_3.py
[2024-04-14T18:00:44.695-0400] {processor.py:840} INFO - DAG(s) 'example_branch_dop_operator_v3' retrieved from /Users/manideepakreddyaila/Desktop/projects/Legal_Insights_Engine/.venv/lib/python3.11/site-packages/airflow/example_dags/example_branch_python_dop_operator_3.py
[2024-04-14T18:00:44.731-0400] {logging_mixin.py:188} INFO - [2024-04-14T18:00:44.731-0400] {dag.py:3096} INFO - Sync 1 DAGs
[2024-04-14T18:00:44.738-0400] {logging_mixin.py:188} INFO - [2024-04-14T18:00:44.738-0400] {dag.py:3954} INFO - Setting next_dagrun for example_branch_dop_operator_v3 to 2024-04-14 21:59:00+00:00, run_after=2024-04-14 22:00:00+00:00
[2024-04-14T18:00:44.744-0400] {processor.py:183} INFO - Processing /Users/manideepakreddyaila/Desktop/projects/Legal_Insights_Engine/.venv/lib/python3.11/site-packages/airflow/example_dags/example_branch_python_dop_operator_3.py took 0.091 seconds
[2024-04-14T18:02:48.792-0400] {processor.py:161} INFO - Started process (PID=37108) to work on /Users/manideepakreddyaila/Desktop/projects/Legal_Insights_Engine/.venv/lib/python3.11/site-packages/airflow/example_dags/example_branch_python_dop_operator_3.py
[2024-04-14T18:02:48.793-0400] {processor.py:830} INFO - Processing file /Users/manideepakreddyaila/Desktop/projects/Legal_Insights_Engine/.venv/lib/python3.11/site-packages/airflow/example_dags/example_branch_python_dop_operator_3.py for tasks to queue
[2024-04-14T18:02:48.793-0400] {logging_mixin.py:188} INFO - [2024-04-14T18:02:48.793-0400] {dagbag.py:540} INFO - Filling up the DagBag from /Users/manideepakreddyaila/Desktop/projects/Legal_Insights_Engine/.venv/lib/python3.11/site-packages/airflow/example_dags/example_branch_python_dop_operator_3.py
[2024-04-14T18:02:48.834-0400] {processor.py:840} INFO - DAG(s) 'example_branch_dop_operator_v3' retrieved from /Users/manideepakreddyaila/Desktop/projects/Legal_Insights_Engine/.venv/lib/python3.11/site-packages/airflow/example_dags/example_branch_python_dop_operator_3.py
[2024-04-14T18:02:48.868-0400] {logging_mixin.py:188} INFO - [2024-04-14T18:02:48.868-0400] {dag.py:3096} INFO - Sync 1 DAGs
[2024-04-14T18:02:48.876-0400] {logging_mixin.py:188} INFO - [2024-04-14T18:02:48.876-0400] {dag.py:3954} INFO - Setting next_dagrun for example_branch_dop_operator_v3 to 2024-04-14 22:01:00+00:00, run_after=2024-04-14 22:02:00+00:00
[2024-04-14T18:02:48.882-0400] {processor.py:183} INFO - Processing /Users/manideepakreddyaila/Desktop/projects/Legal_Insights_Engine/.venv/lib/python3.11/site-packages/airflow/example_dags/example_branch_python_dop_operator_3.py took 0.091 seconds
[2024-04-14T18:04:44.339-0400] {processor.py:161} INFO - Started process (PID=37199) to work on /Users/manideepakreddyaila/Desktop/projects/Legal_Insights_Engine/.venv/lib/python3.11/site-packages/airflow/example_dags/example_branch_python_dop_operator_3.py
[2024-04-14T18:04:44.340-0400] {processor.py:830} INFO - Processing file /Users/manideepakreddyaila/Desktop/projects/Legal_Insights_Engine/.venv/lib/python3.11/site-packages/airflow/example_dags/example_branch_python_dop_operator_3.py for tasks to queue
[2024-04-14T18:04:44.340-0400] {logging_mixin.py:188} INFO - [2024-04-14T18:04:44.340-0400] {dagbag.py:540} INFO - Filling up the DagBag from /Users/manideepakreddyaila/Desktop/projects/Legal_Insights_Engine/.venv/lib/python3.11/site-packages/airflow/example_dags/example_branch_python_dop_operator_3.py
[2024-04-14T18:04:44.380-0400] {processor.py:840} INFO - DAG(s) 'example_branch_dop_operator_v3' retrieved from /Users/manideepakreddyaila/Desktop/projects/Legal_Insights_Engine/.venv/lib/python3.11/site-packages/airflow/example_dags/example_branch_python_dop_operator_3.py
[2024-04-14T18:04:44.416-0400] {logging_mixin.py:188} INFO - [2024-04-14T18:04:44.415-0400] {dag.py:3096} INFO - Sync 1 DAGs
[2024-04-14T18:04:44.423-0400] {logging_mixin.py:188} INFO - [2024-04-14T18:04:44.423-0400] {dag.py:3954} INFO - Setting next_dagrun for example_branch_dop_operator_v3 to 2024-04-14 22:03:00+00:00, run_after=2024-04-14 22:04:00+00:00
[2024-04-14T18:04:44.429-0400] {processor.py:183} INFO - Processing /Users/manideepakreddyaila/Desktop/projects/Legal_Insights_Engine/.venv/lib/python3.11/site-packages/airflow/example_dags/example_branch_python_dop_operator_3.py took 0.091 seconds
[2024-04-14T18:06:42.934-0400] {processor.py:161} INFO - Started process (PID=37302) to work on /Users/manideepakreddyaila/Desktop/projects/Legal_Insights_Engine/.venv/lib/python3.11/site-packages/airflow/example_dags/example_branch_python_dop_operator_3.py
[2024-04-14T18:06:42.936-0400] {processor.py:830} INFO - Processing file /Users/manideepakreddyaila/Desktop/projects/Legal_Insights_Engine/.venv/lib/python3.11/site-packages/airflow/example_dags/example_branch_python_dop_operator_3.py for tasks to queue
[2024-04-14T18:06:42.936-0400] {logging_mixin.py:188} INFO - [2024-04-14T18:06:42.936-0400] {dagbag.py:540} INFO - Filling up the DagBag from /Users/manideepakreddyaila/Desktop/projects/Legal_Insights_Engine/.venv/lib/python3.11/site-packages/airflow/example_dags/example_branch_python_dop_operator_3.py
[2024-04-14T18:06:43.013-0400] {processor.py:840} INFO - DAG(s) 'example_branch_dop_operator_v3' retrieved from /Users/manideepakreddyaila/Desktop/projects/Legal_Insights_Engine/.venv/lib/python3.11/site-packages/airflow/example_dags/example_branch_python_dop_operator_3.py
[2024-04-14T18:06:43.052-0400] {logging_mixin.py:188} INFO - [2024-04-14T18:06:43.052-0400] {dag.py:3096} INFO - Sync 1 DAGs
[2024-04-14T18:06:43.061-0400] {logging_mixin.py:188} INFO - [2024-04-14T18:06:43.061-0400] {dag.py:3954} INFO - Setting next_dagrun for example_branch_dop_operator_v3 to 2024-04-14 22:05:00+00:00, run_after=2024-04-14 22:06:00+00:00
[2024-04-14T18:06:43.068-0400] {processor.py:183} INFO - Processing /Users/manideepakreddyaila/Desktop/projects/Legal_Insights_Engine/.venv/lib/python3.11/site-packages/airflow/example_dags/example_branch_python_dop_operator_3.py took 0.138 seconds
[2024-04-14T18:08:40.347-0400] {processor.py:161} INFO - Started process (PID=37400) to work on /Users/manideepakreddyaila/Desktop/projects/Legal_Insights_Engine/.venv/lib/python3.11/site-packages/airflow/example_dags/example_branch_python_dop_operator_3.py
[2024-04-14T18:08:40.348-0400] {processor.py:830} INFO - Processing file /Users/manideepakreddyaila/Desktop/projects/Legal_Insights_Engine/.venv/lib/python3.11/site-packages/airflow/example_dags/example_branch_python_dop_operator_3.py for tasks to queue
[2024-04-14T18:08:40.348-0400] {logging_mixin.py:188} INFO - [2024-04-14T18:08:40.348-0400] {dagbag.py:540} INFO - Filling up the DagBag from /Users/manideepakreddyaila/Desktop/projects/Legal_Insights_Engine/.venv/lib/python3.11/site-packages/airflow/example_dags/example_branch_python_dop_operator_3.py
[2024-04-14T18:08:40.387-0400] {processor.py:840} INFO - DAG(s) 'example_branch_dop_operator_v3' retrieved from /Users/manideepakreddyaila/Desktop/projects/Legal_Insights_Engine/.venv/lib/python3.11/site-packages/airflow/example_dags/example_branch_python_dop_operator_3.py
[2024-04-14T18:08:40.422-0400] {logging_mixin.py:188} INFO - [2024-04-14T18:08:40.422-0400] {dag.py:3096} INFO - Sync 1 DAGs
[2024-04-14T18:08:40.430-0400] {logging_mixin.py:188} INFO - [2024-04-14T18:08:40.429-0400] {dag.py:3954} INFO - Setting next_dagrun for example_branch_dop_operator_v3 to 2024-04-14 22:07:00+00:00, run_after=2024-04-14 22:08:00+00:00
[2024-04-14T18:08:40.436-0400] {processor.py:183} INFO - Processing /Users/manideepakreddyaila/Desktop/projects/Legal_Insights_Engine/.venv/lib/python3.11/site-packages/airflow/example_dags/example_branch_python_dop_operator_3.py took 0.090 seconds
[2024-04-14T18:10:32.536-0400] {processor.py:161} INFO - Started process (PID=37490) to work on /Users/manideepakreddyaila/Desktop/projects/Legal_Insights_Engine/.venv/lib/python3.11/site-packages/airflow/example_dags/example_branch_python_dop_operator_3.py
[2024-04-14T18:10:32.537-0400] {processor.py:830} INFO - Processing file /Users/manideepakreddyaila/Desktop/projects/Legal_Insights_Engine/.venv/lib/python3.11/site-packages/airflow/example_dags/example_branch_python_dop_operator_3.py for tasks to queue
[2024-04-14T18:10:32.537-0400] {logging_mixin.py:188} INFO - [2024-04-14T18:10:32.537-0400] {dagbag.py:540} INFO - Filling up the DagBag from /Users/manideepakreddyaila/Desktop/projects/Legal_Insights_Engine/.venv/lib/python3.11/site-packages/airflow/example_dags/example_branch_python_dop_operator_3.py
[2024-04-14T18:10:32.577-0400] {processor.py:840} INFO - DAG(s) 'example_branch_dop_operator_v3' retrieved from /Users/manideepakreddyaila/Desktop/projects/Legal_Insights_Engine/.venv/lib/python3.11/site-packages/airflow/example_dags/example_branch_python_dop_operator_3.py
[2024-04-14T18:10:32.611-0400] {logging_mixin.py:188} INFO - [2024-04-14T18:10:32.611-0400] {dag.py:3096} INFO - Sync 1 DAGs
[2024-04-14T18:10:32.619-0400] {logging_mixin.py:188} INFO - [2024-04-14T18:10:32.619-0400] {dag.py:3954} INFO - Setting next_dagrun for example_branch_dop_operator_v3 to 2024-04-14 22:09:00+00:00, run_after=2024-04-14 22:10:00+00:00
[2024-04-14T18:10:32.625-0400] {processor.py:183} INFO - Processing /Users/manideepakreddyaila/Desktop/projects/Legal_Insights_Engine/.venv/lib/python3.11/site-packages/airflow/example_dags/example_branch_python_dop_operator_3.py took 0.090 seconds
[2024-04-14T18:12:30.472-0400] {processor.py:161} INFO - Started process (PID=37605) to work on /Users/manideepakreddyaila/Desktop/projects/Legal_Insights_Engine/.venv/lib/python3.11/site-packages/airflow/example_dags/example_branch_python_dop_operator_3.py
[2024-04-14T18:12:30.475-0400] {processor.py:830} INFO - Processing file /Users/manideepakreddyaila/Desktop/projects/Legal_Insights_Engine/.venv/lib/python3.11/site-packages/airflow/example_dags/example_branch_python_dop_operator_3.py for tasks to queue
[2024-04-14T18:12:30.475-0400] {logging_mixin.py:188} INFO - [2024-04-14T18:12:30.475-0400] {dagbag.py:540} INFO - Filling up the DagBag from /Users/manideepakreddyaila/Desktop/projects/Legal_Insights_Engine/.venv/lib/python3.11/site-packages/airflow/example_dags/example_branch_python_dop_operator_3.py
[2024-04-14T18:12:30.515-0400] {processor.py:840} INFO - DAG(s) 'example_branch_dop_operator_v3' retrieved from /Users/manideepakreddyaila/Desktop/projects/Legal_Insights_Engine/.venv/lib/python3.11/site-packages/airflow/example_dags/example_branch_python_dop_operator_3.py
[2024-04-14T18:12:30.553-0400] {logging_mixin.py:188} INFO - [2024-04-14T18:12:30.553-0400] {dag.py:3096} INFO - Sync 1 DAGs
[2024-04-14T18:12:30.561-0400] {logging_mixin.py:188} INFO - [2024-04-14T18:12:30.561-0400] {dag.py:3954} INFO - Setting next_dagrun for example_branch_dop_operator_v3 to 2024-04-14 22:11:00+00:00, run_after=2024-04-14 22:12:00+00:00
[2024-04-14T18:12:30.567-0400] {processor.py:183} INFO - Processing /Users/manideepakreddyaila/Desktop/projects/Legal_Insights_Engine/.venv/lib/python3.11/site-packages/airflow/example_dags/example_branch_python_dop_operator_3.py took 0.096 seconds
[2024-04-14T18:14:29.122-0400] {processor.py:161} INFO - Started process (PID=37702) to work on /Users/manideepakreddyaila/Desktop/projects/Legal_Insights_Engine/.venv/lib/python3.11/site-packages/airflow/example_dags/example_branch_python_dop_operator_3.py
[2024-04-14T18:14:29.123-0400] {processor.py:830} INFO - Processing file /Users/manideepakreddyaila/Desktop/projects/Legal_Insights_Engine/.venv/lib/python3.11/site-packages/airflow/example_dags/example_branch_python_dop_operator_3.py for tasks to queue
[2024-04-14T18:14:29.124-0400] {logging_mixin.py:188} INFO - [2024-04-14T18:14:29.124-0400] {dagbag.py:540} INFO - Filling up the DagBag from /Users/manideepakreddyaila/Desktop/projects/Legal_Insights_Engine/.venv/lib/python3.11/site-packages/airflow/example_dags/example_branch_python_dop_operator_3.py
[2024-04-14T18:14:29.162-0400] {processor.py:840} INFO - DAG(s) 'example_branch_dop_operator_v3' retrieved from /Users/manideepakreddyaila/Desktop/projects/Legal_Insights_Engine/.venv/lib/python3.11/site-packages/airflow/example_dags/example_branch_python_dop_operator_3.py
[2024-04-14T18:14:29.197-0400] {logging_mixin.py:188} INFO - [2024-04-14T18:14:29.197-0400] {dag.py:3096} INFO - Sync 1 DAGs
[2024-04-14T18:14:29.204-0400] {logging_mixin.py:188} INFO - [2024-04-14T18:14:29.204-0400] {dag.py:3954} INFO - Setting next_dagrun for example_branch_dop_operator_v3 to 2024-04-14 22:13:00+00:00, run_after=2024-04-14 22:14:00+00:00
[2024-04-14T18:14:29.212-0400] {processor.py:183} INFO - Processing /Users/manideepakreddyaila/Desktop/projects/Legal_Insights_Engine/.venv/lib/python3.11/site-packages/airflow/example_dags/example_branch_python_dop_operator_3.py took 0.090 seconds
[2024-04-14T18:16:29.851-0400] {processor.py:161} INFO - Started process (PID=37833) to work on /Users/manideepakreddyaila/Desktop/projects/Legal_Insights_Engine/.venv/lib/python3.11/site-packages/airflow/example_dags/example_branch_python_dop_operator_3.py
[2024-04-14T18:16:29.851-0400] {processor.py:830} INFO - Processing file /Users/manideepakreddyaila/Desktop/projects/Legal_Insights_Engine/.venv/lib/python3.11/site-packages/airflow/example_dags/example_branch_python_dop_operator_3.py for tasks to queue
[2024-04-14T18:16:29.852-0400] {logging_mixin.py:188} INFO - [2024-04-14T18:16:29.851-0400] {dagbag.py:540} INFO - Filling up the DagBag from /Users/manideepakreddyaila/Desktop/projects/Legal_Insights_Engine/.venv/lib/python3.11/site-packages/airflow/example_dags/example_branch_python_dop_operator_3.py
[2024-04-14T18:16:29.898-0400] {processor.py:840} INFO - DAG(s) 'example_branch_dop_operator_v3' retrieved from /Users/manideepakreddyaila/Desktop/projects/Legal_Insights_Engine/.venv/lib/python3.11/site-packages/airflow/example_dags/example_branch_python_dop_operator_3.py
[2024-04-14T18:16:29.933-0400] {logging_mixin.py:188} INFO - [2024-04-14T18:16:29.933-0400] {dag.py:3096} INFO - Sync 1 DAGs
[2024-04-14T18:16:29.940-0400] {logging_mixin.py:188} INFO - [2024-04-14T18:16:29.940-0400] {dag.py:3954} INFO - Setting next_dagrun for example_branch_dop_operator_v3 to 2024-04-14 22:15:00+00:00, run_after=2024-04-14 22:16:00+00:00
[2024-04-14T18:16:29.946-0400] {processor.py:183} INFO - Processing /Users/manideepakreddyaila/Desktop/projects/Legal_Insights_Engine/.venv/lib/python3.11/site-packages/airflow/example_dags/example_branch_python_dop_operator_3.py took 0.097 seconds
