[2024-04-13T20:06:57.342-0400] {processor.py:161} INFO - Started process (PID=31666) to work on /Users/manideepakreddyaila/Desktop/projects/Legal_Insights_Engine/.venv/lib/python3.11/site-packages/airflow/example_dags/example_python_decorator.py
[2024-04-13T20:06:57.344-0400] {processor.py:830} INFO - Processing file /Users/manideepakreddyaila/Desktop/projects/Legal_Insights_Engine/.venv/lib/python3.11/site-packages/airflow/example_dags/example_python_decorator.py for tasks to queue
[2024-04-13T20:06:57.344-0400] {logging_mixin.py:188} INFO - [2024-04-13T20:06:57.344-0400] {dagbag.py:540} INFO - Filling up the DagBag from /Users/manideepakreddyaila/Desktop/projects/Legal_Insights_Engine/.venv/lib/python3.11/site-packages/airflow/example_dags/example_python_decorator.py
[2024-04-13T20:06:57.383-0400] {logging_mixin.py:188} INFO - [2024-04-13T20:06:57.383-0400] {example_python_decorator.py:80} WARNING - The virtalenv_python example task requires virtualenv, please install it.
[2024-04-13T20:06:57.384-0400] {processor.py:840} INFO - DAG(s) 'example_python_decorator' retrieved from /Users/manideepakreddyaila/Desktop/projects/Legal_Insights_Engine/.venv/lib/python3.11/site-packages/airflow/example_dags/example_python_decorator.py
[2024-04-13T20:06:57.419-0400] {logging_mixin.py:188} INFO - [2024-04-13T20:06:57.419-0400] {dag.py:3096} INFO - Sync 1 DAGs
[2024-04-13T20:06:57.423-0400] {logging_mixin.py:188} INFO - [2024-04-13T20:06:57.423-0400] {dag.py:3954} INFO - Setting next_dagrun for example_python_decorator to None, run_after=None
[2024-04-13T20:06:57.429-0400] {processor.py:183} INFO - Processing /Users/manideepakreddyaila/Desktop/projects/Legal_Insights_Engine/.venv/lib/python3.11/site-packages/airflow/example_dags/example_python_decorator.py took 0.088 seconds
[2024-04-13T20:08:23.283-0400] {processor.py:161} INFO - Started process (PID=31734) to work on /Users/manideepakreddyaila/Desktop/projects/Legal_Insights_Engine/.venv/lib/python3.11/site-packages/airflow/example_dags/example_python_decorator.py
[2024-04-13T20:08:23.284-0400] {processor.py:830} INFO - Processing file /Users/manideepakreddyaila/Desktop/projects/Legal_Insights_Engine/.venv/lib/python3.11/site-packages/airflow/example_dags/example_python_decorator.py for tasks to queue
[2024-04-13T20:08:23.284-0400] {logging_mixin.py:188} INFO - [2024-04-13T20:08:23.284-0400] {dagbag.py:540} INFO - Filling up the DagBag from /Users/manideepakreddyaila/Desktop/projects/Legal_Insights_Engine/.venv/lib/python3.11/site-packages/airflow/example_dags/example_python_decorator.py
[2024-04-13T20:08:23.323-0400] {logging_mixin.py:188} INFO - [2024-04-13T20:08:23.323-0400] {example_python_decorator.py:80} WARNING - The virtalenv_python example task requires virtualenv, please install it.
[2024-04-13T20:08:23.324-0400] {processor.py:840} INFO - DAG(s) 'example_python_decorator' retrieved from /Users/manideepakreddyaila/Desktop/projects/Legal_Insights_Engine/.venv/lib/python3.11/site-packages/airflow/example_dags/example_python_decorator.py
[2024-04-13T20:08:23.359-0400] {logging_mixin.py:188} INFO - [2024-04-13T20:08:23.359-0400] {dag.py:3096} INFO - Sync 1 DAGs
[2024-04-13T20:08:23.363-0400] {logging_mixin.py:188} INFO - [2024-04-13T20:08:23.363-0400] {dag.py:3954} INFO - Setting next_dagrun for example_python_decorator to None, run_after=None
[2024-04-13T20:08:23.369-0400] {processor.py:183} INFO - Processing /Users/manideepakreddyaila/Desktop/projects/Legal_Insights_Engine/.venv/lib/python3.11/site-packages/airflow/example_dags/example_python_decorator.py took 0.087 seconds
[2024-04-14T00:46:48.680-0400] {processor.py:161} INFO - Started process (PID=32063) to work on /Users/manideepakreddyaila/Desktop/projects/Legal_Insights_Engine/.venv/lib/python3.11/site-packages/airflow/example_dags/example_python_decorator.py
[2024-04-14T00:46:48.681-0400] {processor.py:830} INFO - Processing file /Users/manideepakreddyaila/Desktop/projects/Legal_Insights_Engine/.venv/lib/python3.11/site-packages/airflow/example_dags/example_python_decorator.py for tasks to queue
[2024-04-14T00:46:48.682-0400] {logging_mixin.py:188} INFO - [2024-04-14T00:46:48.682-0400] {dagbag.py:540} INFO - Filling up the DagBag from /Users/manideepakreddyaila/Desktop/projects/Legal_Insights_Engine/.venv/lib/python3.11/site-packages/airflow/example_dags/example_python_decorator.py
[2024-04-14T00:46:48.720-0400] {logging_mixin.py:188} INFO - [2024-04-14T00:46:48.720-0400] {example_python_decorator.py:80} WARNING - The virtalenv_python example task requires virtualenv, please install it.
[2024-04-14T00:46:48.721-0400] {processor.py:840} INFO - DAG(s) 'example_python_decorator' retrieved from /Users/manideepakreddyaila/Desktop/projects/Legal_Insights_Engine/.venv/lib/python3.11/site-packages/airflow/example_dags/example_python_decorator.py
[2024-04-14T00:46:48.756-0400] {logging_mixin.py:188} INFO - [2024-04-14T00:46:48.755-0400] {dag.py:3096} INFO - Sync 1 DAGs
[2024-04-14T00:46:48.759-0400] {logging_mixin.py:188} INFO - [2024-04-14T00:46:48.759-0400] {dag.py:3954} INFO - Setting next_dagrun for example_python_decorator to None, run_after=None
[2024-04-14T00:46:48.766-0400] {processor.py:183} INFO - Processing /Users/manideepakreddyaila/Desktop/projects/Legal_Insights_Engine/.venv/lib/python3.11/site-packages/airflow/example_dags/example_python_decorator.py took 0.086 seconds
[2024-04-14T03:33:49.986-0400] {processor.py:161} INFO - Started process (PID=32301) to work on /Users/manideepakreddyaila/Desktop/projects/Legal_Insights_Engine/.venv/lib/python3.11/site-packages/airflow/example_dags/example_python_decorator.py
[2024-04-14T03:33:49.987-0400] {processor.py:830} INFO - Processing file /Users/manideepakreddyaila/Desktop/projects/Legal_Insights_Engine/.venv/lib/python3.11/site-packages/airflow/example_dags/example_python_decorator.py for tasks to queue
[2024-04-14T03:33:49.987-0400] {logging_mixin.py:188} INFO - [2024-04-14T03:33:49.987-0400] {dagbag.py:540} INFO - Filling up the DagBag from /Users/manideepakreddyaila/Desktop/projects/Legal_Insights_Engine/.venv/lib/python3.11/site-packages/airflow/example_dags/example_python_decorator.py
[2024-04-14T03:33:50.025-0400] {logging_mixin.py:188} INFO - [2024-04-14T03:33:50.025-0400] {example_python_decorator.py:80} WARNING - The virtalenv_python example task requires virtualenv, please install it.
[2024-04-14T03:33:50.026-0400] {processor.py:840} INFO - DAG(s) 'example_python_decorator' retrieved from /Users/manideepakreddyaila/Desktop/projects/Legal_Insights_Engine/.venv/lib/python3.11/site-packages/airflow/example_dags/example_python_decorator.py
[2024-04-14T03:33:50.061-0400] {logging_mixin.py:188} INFO - [2024-04-14T03:33:50.061-0400] {dag.py:3096} INFO - Sync 1 DAGs
[2024-04-14T03:33:50.064-0400] {logging_mixin.py:188} INFO - [2024-04-14T03:33:50.064-0400] {dag.py:3954} INFO - Setting next_dagrun for example_python_decorator to None, run_after=None
[2024-04-14T03:33:50.070-0400] {processor.py:183} INFO - Processing /Users/manideepakreddyaila/Desktop/projects/Legal_Insights_Engine/.venv/lib/python3.11/site-packages/airflow/example_dags/example_python_decorator.py took 0.086 seconds
[2024-04-14T06:16:54.637-0400] {processor.py:161} INFO - Started process (PID=32531) to work on /Users/manideepakreddyaila/Desktop/projects/Legal_Insights_Engine/.venv/lib/python3.11/site-packages/airflow/example_dags/example_python_decorator.py
[2024-04-14T06:16:54.637-0400] {processor.py:830} INFO - Processing file /Users/manideepakreddyaila/Desktop/projects/Legal_Insights_Engine/.venv/lib/python3.11/site-packages/airflow/example_dags/example_python_decorator.py for tasks to queue
[2024-04-14T06:16:54.638-0400] {logging_mixin.py:188} INFO - [2024-04-14T06:16:54.638-0400] {dagbag.py:540} INFO - Filling up the DagBag from /Users/manideepakreddyaila/Desktop/projects/Legal_Insights_Engine/.venv/lib/python3.11/site-packages/airflow/example_dags/example_python_decorator.py
[2024-04-14T06:16:54.675-0400] {logging_mixin.py:188} INFO - [2024-04-14T06:16:54.675-0400] {example_python_decorator.py:80} WARNING - The virtalenv_python example task requires virtualenv, please install it.
[2024-04-14T06:16:54.676-0400] {processor.py:840} INFO - DAG(s) 'example_python_decorator' retrieved from /Users/manideepakreddyaila/Desktop/projects/Legal_Insights_Engine/.venv/lib/python3.11/site-packages/airflow/example_dags/example_python_decorator.py
[2024-04-14T06:16:54.711-0400] {logging_mixin.py:188} INFO - [2024-04-14T06:16:54.711-0400] {dag.py:3096} INFO - Sync 1 DAGs
[2024-04-14T06:16:54.714-0400] {logging_mixin.py:188} INFO - [2024-04-14T06:16:54.714-0400] {dag.py:3954} INFO - Setting next_dagrun for example_python_decorator to None, run_after=None
[2024-04-14T06:16:54.721-0400] {processor.py:183} INFO - Processing /Users/manideepakreddyaila/Desktop/projects/Legal_Insights_Engine/.venv/lib/python3.11/site-packages/airflow/example_dags/example_python_decorator.py took 0.085 seconds
[2024-04-14T08:09:30.658-0400] {processor.py:161} INFO - Started process (PID=32716) to work on /Users/manideepakreddyaila/Desktop/projects/Legal_Insights_Engine/.venv/lib/python3.11/site-packages/airflow/example_dags/example_python_decorator.py
[2024-04-14T08:09:30.659-0400] {processor.py:830} INFO - Processing file /Users/manideepakreddyaila/Desktop/projects/Legal_Insights_Engine/.venv/lib/python3.11/site-packages/airflow/example_dags/example_python_decorator.py for tasks to queue
[2024-04-14T08:09:30.659-0400] {logging_mixin.py:188} INFO - [2024-04-14T08:09:30.659-0400] {dagbag.py:540} INFO - Filling up the DagBag from /Users/manideepakreddyaila/Desktop/projects/Legal_Insights_Engine/.venv/lib/python3.11/site-packages/airflow/example_dags/example_python_decorator.py
[2024-04-14T08:09:30.698-0400] {logging_mixin.py:188} INFO - [2024-04-14T08:09:30.698-0400] {example_python_decorator.py:80} WARNING - The virtalenv_python example task requires virtualenv, please install it.
[2024-04-14T08:09:30.699-0400] {processor.py:840} INFO - DAG(s) 'example_python_decorator' retrieved from /Users/manideepakreddyaila/Desktop/projects/Legal_Insights_Engine/.venv/lib/python3.11/site-packages/airflow/example_dags/example_python_decorator.py
[2024-04-14T08:09:30.734-0400] {logging_mixin.py:188} INFO - [2024-04-14T08:09:30.734-0400] {dag.py:3096} INFO - Sync 1 DAGs
[2024-04-14T08:09:30.738-0400] {logging_mixin.py:188} INFO - [2024-04-14T08:09:30.738-0400] {dag.py:3954} INFO - Setting next_dagrun for example_python_decorator to None, run_after=None
[2024-04-14T08:09:30.744-0400] {processor.py:183} INFO - Processing /Users/manideepakreddyaila/Desktop/projects/Legal_Insights_Engine/.venv/lib/python3.11/site-packages/airflow/example_dags/example_python_decorator.py took 0.087 seconds
[2024-04-14T08:14:52.281-0400] {processor.py:161} INFO - Started process (PID=32834) to work on /Users/manideepakreddyaila/Desktop/projects/Legal_Insights_Engine/.venv/lib/python3.11/site-packages/airflow/example_dags/example_python_decorator.py
[2024-04-14T08:14:52.283-0400] {processor.py:830} INFO - Processing file /Users/manideepakreddyaila/Desktop/projects/Legal_Insights_Engine/.venv/lib/python3.11/site-packages/airflow/example_dags/example_python_decorator.py for tasks to queue
[2024-04-14T08:14:52.283-0400] {logging_mixin.py:188} INFO - [2024-04-14T08:14:52.283-0400] {dagbag.py:540} INFO - Filling up the DagBag from /Users/manideepakreddyaila/Desktop/projects/Legal_Insights_Engine/.venv/lib/python3.11/site-packages/airflow/example_dags/example_python_decorator.py
[2024-04-14T08:14:52.321-0400] {logging_mixin.py:188} INFO - [2024-04-14T08:14:52.321-0400] {example_python_decorator.py:80} WARNING - The virtalenv_python example task requires virtualenv, please install it.
[2024-04-14T08:14:52.322-0400] {processor.py:840} INFO - DAG(s) 'example_python_decorator' retrieved from /Users/manideepakreddyaila/Desktop/projects/Legal_Insights_Engine/.venv/lib/python3.11/site-packages/airflow/example_dags/example_python_decorator.py
[2024-04-14T08:14:52.357-0400] {logging_mixin.py:188} INFO - [2024-04-14T08:14:52.357-0400] {dag.py:3096} INFO - Sync 1 DAGs
[2024-04-14T08:14:52.361-0400] {logging_mixin.py:188} INFO - [2024-04-14T08:14:52.360-0400] {dag.py:3954} INFO - Setting next_dagrun for example_python_decorator to None, run_after=None
[2024-04-14T08:14:52.366-0400] {processor.py:183} INFO - Processing /Users/manideepakreddyaila/Desktop/projects/Legal_Insights_Engine/.venv/lib/python3.11/site-packages/airflow/example_dags/example_python_decorator.py took 0.086 seconds
[2024-04-14T08:21:54.264-0400] {processor.py:161} INFO - Started process (PID=32959) to work on /Users/manideepakreddyaila/Desktop/projects/Legal_Insights_Engine/.venv/lib/python3.11/site-packages/airflow/example_dags/example_python_decorator.py
[2024-04-14T08:21:54.265-0400] {processor.py:830} INFO - Processing file /Users/manideepakreddyaila/Desktop/projects/Legal_Insights_Engine/.venv/lib/python3.11/site-packages/airflow/example_dags/example_python_decorator.py for tasks to queue
[2024-04-14T08:21:54.266-0400] {logging_mixin.py:188} INFO - [2024-04-14T08:21:54.266-0400] {dagbag.py:540} INFO - Filling up the DagBag from /Users/manideepakreddyaila/Desktop/projects/Legal_Insights_Engine/.venv/lib/python3.11/site-packages/airflow/example_dags/example_python_decorator.py
[2024-04-14T08:21:54.308-0400] {logging_mixin.py:188} INFO - [2024-04-14T08:21:54.308-0400] {example_python_decorator.py:80} WARNING - The virtalenv_python example task requires virtualenv, please install it.
[2024-04-14T08:21:54.309-0400] {processor.py:840} INFO - DAG(s) 'example_python_decorator' retrieved from /Users/manideepakreddyaila/Desktop/projects/Legal_Insights_Engine/.venv/lib/python3.11/site-packages/airflow/example_dags/example_python_decorator.py
[2024-04-14T08:21:54.349-0400] {logging_mixin.py:188} INFO - [2024-04-14T08:21:54.348-0400] {dag.py:3096} INFO - Sync 1 DAGs
[2024-04-14T08:21:54.353-0400] {logging_mixin.py:188} INFO - [2024-04-14T08:21:54.353-0400] {dag.py:3954} INFO - Setting next_dagrun for example_python_decorator to None, run_after=None
[2024-04-14T08:21:54.361-0400] {processor.py:183} INFO - Processing /Users/manideepakreddyaila/Desktop/projects/Legal_Insights_Engine/.venv/lib/python3.11/site-packages/airflow/example_dags/example_python_decorator.py took 0.098 seconds
[2024-04-14T11:21:53.636-0400] {processor.py:161} INFO - Started process (PID=33128) to work on /Users/manideepakreddyaila/Desktop/projects/Legal_Insights_Engine/.venv/lib/python3.11/site-packages/airflow/example_dags/example_python_decorator.py
[2024-04-14T11:21:53.638-0400] {processor.py:830} INFO - Processing file /Users/manideepakreddyaila/Desktop/projects/Legal_Insights_Engine/.venv/lib/python3.11/site-packages/airflow/example_dags/example_python_decorator.py for tasks to queue
[2024-04-14T11:21:53.638-0400] {logging_mixin.py:188} INFO - [2024-04-14T11:21:53.638-0400] {dagbag.py:540} INFO - Filling up the DagBag from /Users/manideepakreddyaila/Desktop/projects/Legal_Insights_Engine/.venv/lib/python3.11/site-packages/airflow/example_dags/example_python_decorator.py
[2024-04-14T11:21:53.676-0400] {logging_mixin.py:188} INFO - [2024-04-14T11:21:53.676-0400] {example_python_decorator.py:80} WARNING - The virtalenv_python example task requires virtualenv, please install it.
[2024-04-14T11:21:53.677-0400] {processor.py:840} INFO - DAG(s) 'example_python_decorator' retrieved from /Users/manideepakreddyaila/Desktop/projects/Legal_Insights_Engine/.venv/lib/python3.11/site-packages/airflow/example_dags/example_python_decorator.py
[2024-04-14T11:21:53.711-0400] {logging_mixin.py:188} INFO - [2024-04-14T11:21:53.711-0400] {dag.py:3096} INFO - Sync 1 DAGs
[2024-04-14T11:21:53.715-0400] {logging_mixin.py:188} INFO - [2024-04-14T11:21:53.715-0400] {dag.py:3954} INFO - Setting next_dagrun for example_python_decorator to None, run_after=None
[2024-04-14T11:21:53.721-0400] {processor.py:183} INFO - Processing /Users/manideepakreddyaila/Desktop/projects/Legal_Insights_Engine/.venv/lib/python3.11/site-packages/airflow/example_dags/example_python_decorator.py took 0.086 seconds
[2024-04-14T12:06:43.454-0400] {processor.py:161} INFO - Started process (PID=33258) to work on /Users/manideepakreddyaila/Desktop/projects/Legal_Insights_Engine/.venv/lib/python3.11/site-packages/airflow/example_dags/example_python_decorator.py
[2024-04-14T12:06:43.456-0400] {processor.py:830} INFO - Processing file /Users/manideepakreddyaila/Desktop/projects/Legal_Insights_Engine/.venv/lib/python3.11/site-packages/airflow/example_dags/example_python_decorator.py for tasks to queue
[2024-04-14T12:06:43.456-0400] {logging_mixin.py:188} INFO - [2024-04-14T12:06:43.456-0400] {dagbag.py:540} INFO - Filling up the DagBag from /Users/manideepakreddyaila/Desktop/projects/Legal_Insights_Engine/.venv/lib/python3.11/site-packages/airflow/example_dags/example_python_decorator.py
[2024-04-14T12:06:43.493-0400] {logging_mixin.py:188} INFO - [2024-04-14T12:06:43.493-0400] {example_python_decorator.py:80} WARNING - The virtalenv_python example task requires virtualenv, please install it.
[2024-04-14T12:06:43.494-0400] {processor.py:840} INFO - DAG(s) 'example_python_decorator' retrieved from /Users/manideepakreddyaila/Desktop/projects/Legal_Insights_Engine/.venv/lib/python3.11/site-packages/airflow/example_dags/example_python_decorator.py
[2024-04-14T12:06:43.529-0400] {logging_mixin.py:188} INFO - [2024-04-14T12:06:43.529-0400] {dag.py:3096} INFO - Sync 1 DAGs
[2024-04-14T12:06:43.532-0400] {logging_mixin.py:188} INFO - [2024-04-14T12:06:43.532-0400] {dag.py:3954} INFO - Setting next_dagrun for example_python_decorator to None, run_after=None
[2024-04-14T12:06:43.538-0400] {processor.py:183} INFO - Processing /Users/manideepakreddyaila/Desktop/projects/Legal_Insights_Engine/.venv/lib/python3.11/site-packages/airflow/example_dags/example_python_decorator.py took 0.085 seconds
[2024-04-14T13:56:20.752-0400] {processor.py:161} INFO - Started process (PID=33424) to work on /Users/manideepakreddyaila/Desktop/projects/Legal_Insights_Engine/.venv/lib/python3.11/site-packages/airflow/example_dags/example_python_decorator.py
[2024-04-14T13:56:20.753-0400] {processor.py:830} INFO - Processing file /Users/manideepakreddyaila/Desktop/projects/Legal_Insights_Engine/.venv/lib/python3.11/site-packages/airflow/example_dags/example_python_decorator.py for tasks to queue
[2024-04-14T13:56:20.753-0400] {logging_mixin.py:188} INFO - [2024-04-14T13:56:20.753-0400] {dagbag.py:540} INFO - Filling up the DagBag from /Users/manideepakreddyaila/Desktop/projects/Legal_Insights_Engine/.venv/lib/python3.11/site-packages/airflow/example_dags/example_python_decorator.py
[2024-04-14T13:56:20.793-0400] {logging_mixin.py:188} INFO - [2024-04-14T13:56:20.793-0400] {example_python_decorator.py:80} WARNING - The virtalenv_python example task requires virtualenv, please install it.
[2024-04-14T13:56:20.794-0400] {processor.py:840} INFO - DAG(s) 'example_python_decorator' retrieved from /Users/manideepakreddyaila/Desktop/projects/Legal_Insights_Engine/.venv/lib/python3.11/site-packages/airflow/example_dags/example_python_decorator.py
[2024-04-14T13:56:20.831-0400] {logging_mixin.py:188} INFO - [2024-04-14T13:56:20.831-0400] {dag.py:3096} INFO - Sync 1 DAGs
[2024-04-14T13:56:20.835-0400] {logging_mixin.py:188} INFO - [2024-04-14T13:56:20.835-0400] {dag.py:3954} INFO - Setting next_dagrun for example_python_decorator to None, run_after=None
[2024-04-14T13:56:20.842-0400] {processor.py:183} INFO - Processing /Users/manideepakreddyaila/Desktop/projects/Legal_Insights_Engine/.venv/lib/python3.11/site-packages/airflow/example_dags/example_python_decorator.py took 0.091 seconds
[2024-04-14T15:47:23.116-0400] {processor.py:161} INFO - Started process (PID=33596) to work on /Users/manideepakreddyaila/Desktop/projects/Legal_Insights_Engine/.venv/lib/python3.11/site-packages/airflow/example_dags/example_python_decorator.py
[2024-04-14T15:47:23.117-0400] {processor.py:830} INFO - Processing file /Users/manideepakreddyaila/Desktop/projects/Legal_Insights_Engine/.venv/lib/python3.11/site-packages/airflow/example_dags/example_python_decorator.py for tasks to queue
[2024-04-14T15:47:23.117-0400] {logging_mixin.py:188} INFO - [2024-04-14T15:47:23.117-0400] {dagbag.py:540} INFO - Filling up the DagBag from /Users/manideepakreddyaila/Desktop/projects/Legal_Insights_Engine/.venv/lib/python3.11/site-packages/airflow/example_dags/example_python_decorator.py
[2024-04-14T15:47:23.156-0400] {logging_mixin.py:188} INFO - [2024-04-14T15:47:23.156-0400] {example_python_decorator.py:80} WARNING - The virtalenv_python example task requires virtualenv, please install it.
[2024-04-14T15:47:23.157-0400] {processor.py:840} INFO - DAG(s) 'example_python_decorator' retrieved from /Users/manideepakreddyaila/Desktop/projects/Legal_Insights_Engine/.venv/lib/python3.11/site-packages/airflow/example_dags/example_python_decorator.py
[2024-04-14T15:47:23.191-0400] {logging_mixin.py:188} INFO - [2024-04-14T15:47:23.191-0400] {dag.py:3096} INFO - Sync 1 DAGs
[2024-04-14T15:47:23.195-0400] {logging_mixin.py:188} INFO - [2024-04-14T15:47:23.195-0400] {dag.py:3954} INFO - Setting next_dagrun for example_python_decorator to None, run_after=None
[2024-04-14T15:47:23.201-0400] {processor.py:183} INFO - Processing /Users/manideepakreddyaila/Desktop/projects/Legal_Insights_Engine/.venv/lib/python3.11/site-packages/airflow/example_dags/example_python_decorator.py took 0.086 seconds
[2024-04-14T16:36:56.153-0400] {processor.py:161} INFO - Started process (PID=33764) to work on /Users/manideepakreddyaila/Desktop/projects/Legal_Insights_Engine/.venv/lib/python3.11/site-packages/airflow/example_dags/example_python_decorator.py
[2024-04-14T16:36:56.154-0400] {processor.py:830} INFO - Processing file /Users/manideepakreddyaila/Desktop/projects/Legal_Insights_Engine/.venv/lib/python3.11/site-packages/airflow/example_dags/example_python_decorator.py for tasks to queue
[2024-04-14T16:36:56.154-0400] {logging_mixin.py:188} INFO - [2024-04-14T16:36:56.154-0400] {dagbag.py:540} INFO - Filling up the DagBag from /Users/manideepakreddyaila/Desktop/projects/Legal_Insights_Engine/.venv/lib/python3.11/site-packages/airflow/example_dags/example_python_decorator.py
[2024-04-14T16:36:56.192-0400] {logging_mixin.py:188} INFO - [2024-04-14T16:36:56.192-0400] {example_python_decorator.py:80} WARNING - The virtalenv_python example task requires virtualenv, please install it.
[2024-04-14T16:36:56.193-0400] {processor.py:840} INFO - DAG(s) 'example_python_decorator' retrieved from /Users/manideepakreddyaila/Desktop/projects/Legal_Insights_Engine/.venv/lib/python3.11/site-packages/airflow/example_dags/example_python_decorator.py
[2024-04-14T16:36:56.228-0400] {logging_mixin.py:188} INFO - [2024-04-14T16:36:56.228-0400] {dag.py:3096} INFO - Sync 1 DAGs
[2024-04-14T16:36:56.232-0400] {logging_mixin.py:188} INFO - [2024-04-14T16:36:56.232-0400] {dag.py:3954} INFO - Setting next_dagrun for example_python_decorator to None, run_after=None
[2024-04-14T16:36:56.237-0400] {processor.py:183} INFO - Processing /Users/manideepakreddyaila/Desktop/projects/Legal_Insights_Engine/.venv/lib/python3.11/site-packages/airflow/example_dags/example_python_decorator.py took 0.085 seconds
[2024-04-14T16:38:20.501-0400] {processor.py:161} INFO - Started process (PID=33827) to work on /Users/manideepakreddyaila/Desktop/projects/Legal_Insights_Engine/.venv/lib/python3.11/site-packages/airflow/example_dags/example_python_decorator.py
[2024-04-14T16:38:20.502-0400] {processor.py:830} INFO - Processing file /Users/manideepakreddyaila/Desktop/projects/Legal_Insights_Engine/.venv/lib/python3.11/site-packages/airflow/example_dags/example_python_decorator.py for tasks to queue
[2024-04-14T16:38:20.502-0400] {logging_mixin.py:188} INFO - [2024-04-14T16:38:20.502-0400] {dagbag.py:540} INFO - Filling up the DagBag from /Users/manideepakreddyaila/Desktop/projects/Legal_Insights_Engine/.venv/lib/python3.11/site-packages/airflow/example_dags/example_python_decorator.py
[2024-04-14T16:38:20.541-0400] {logging_mixin.py:188} INFO - [2024-04-14T16:38:20.541-0400] {example_python_decorator.py:80} WARNING - The virtalenv_python example task requires virtualenv, please install it.
[2024-04-14T16:38:20.542-0400] {processor.py:840} INFO - DAG(s) 'example_python_decorator' retrieved from /Users/manideepakreddyaila/Desktop/projects/Legal_Insights_Engine/.venv/lib/python3.11/site-packages/airflow/example_dags/example_python_decorator.py
[2024-04-14T16:38:20.578-0400] {logging_mixin.py:188} INFO - [2024-04-14T16:38:20.577-0400] {dag.py:3096} INFO - Sync 1 DAGs
[2024-04-14T16:38:20.581-0400] {logging_mixin.py:188} INFO - [2024-04-14T16:38:20.581-0400] {dag.py:3954} INFO - Setting next_dagrun for example_python_decorator to None, run_after=None
[2024-04-14T16:38:20.587-0400] {processor.py:183} INFO - Processing /Users/manideepakreddyaila/Desktop/projects/Legal_Insights_Engine/.venv/lib/python3.11/site-packages/airflow/example_dags/example_python_decorator.py took 0.088 seconds
[2024-04-14T16:40:18.345-0400] {processor.py:161} INFO - Started process (PID=33924) to work on /Users/manideepakreddyaila/Desktop/projects/Legal_Insights_Engine/.venv/lib/python3.11/site-packages/airflow/example_dags/example_python_decorator.py
[2024-04-14T16:40:18.346-0400] {processor.py:830} INFO - Processing file /Users/manideepakreddyaila/Desktop/projects/Legal_Insights_Engine/.venv/lib/python3.11/site-packages/airflow/example_dags/example_python_decorator.py for tasks to queue
[2024-04-14T16:40:18.347-0400] {logging_mixin.py:188} INFO - [2024-04-14T16:40:18.346-0400] {dagbag.py:540} INFO - Filling up the DagBag from /Users/manideepakreddyaila/Desktop/projects/Legal_Insights_Engine/.venv/lib/python3.11/site-packages/airflow/example_dags/example_python_decorator.py
[2024-04-14T16:40:18.385-0400] {logging_mixin.py:188} INFO - [2024-04-14T16:40:18.385-0400] {example_python_decorator.py:80} WARNING - The virtalenv_python example task requires virtualenv, please install it.
[2024-04-14T16:40:18.386-0400] {processor.py:840} INFO - DAG(s) 'example_python_decorator' retrieved from /Users/manideepakreddyaila/Desktop/projects/Legal_Insights_Engine/.venv/lib/python3.11/site-packages/airflow/example_dags/example_python_decorator.py
[2024-04-14T16:40:18.421-0400] {logging_mixin.py:188} INFO - [2024-04-14T16:40:18.421-0400] {dag.py:3096} INFO - Sync 1 DAGs
[2024-04-14T16:40:18.424-0400] {logging_mixin.py:188} INFO - [2024-04-14T16:40:18.424-0400] {dag.py:3954} INFO - Setting next_dagrun for example_python_decorator to None, run_after=None
[2024-04-14T16:40:18.430-0400] {processor.py:183} INFO - Processing /Users/manideepakreddyaila/Desktop/projects/Legal_Insights_Engine/.venv/lib/python3.11/site-packages/airflow/example_dags/example_python_decorator.py took 0.086 seconds
[2024-04-14T16:42:11.282-0400] {processor.py:161} INFO - Started process (PID=34020) to work on /Users/manideepakreddyaila/Desktop/projects/Legal_Insights_Engine/.venv/lib/python3.11/site-packages/airflow/example_dags/example_python_decorator.py
[2024-04-14T16:42:11.282-0400] {processor.py:830} INFO - Processing file /Users/manideepakreddyaila/Desktop/projects/Legal_Insights_Engine/.venv/lib/python3.11/site-packages/airflow/example_dags/example_python_decorator.py for tasks to queue
[2024-04-14T16:42:11.282-0400] {logging_mixin.py:188} INFO - [2024-04-14T16:42:11.282-0400] {dagbag.py:540} INFO - Filling up the DagBag from /Users/manideepakreddyaila/Desktop/projects/Legal_Insights_Engine/.venv/lib/python3.11/site-packages/airflow/example_dags/example_python_decorator.py
[2024-04-14T16:42:11.321-0400] {logging_mixin.py:188} INFO - [2024-04-14T16:42:11.321-0400] {example_python_decorator.py:80} WARNING - The virtalenv_python example task requires virtualenv, please install it.
[2024-04-14T16:42:11.321-0400] {processor.py:840} INFO - DAG(s) 'example_python_decorator' retrieved from /Users/manideepakreddyaila/Desktop/projects/Legal_Insights_Engine/.venv/lib/python3.11/site-packages/airflow/example_dags/example_python_decorator.py
[2024-04-14T16:42:11.357-0400] {logging_mixin.py:188} INFO - [2024-04-14T16:42:11.356-0400] {dag.py:3096} INFO - Sync 1 DAGs
[2024-04-14T16:42:11.360-0400] {logging_mixin.py:188} INFO - [2024-04-14T16:42:11.360-0400] {dag.py:3954} INFO - Setting next_dagrun for example_python_decorator to None, run_after=None
[2024-04-14T16:42:11.366-0400] {processor.py:183} INFO - Processing /Users/manideepakreddyaila/Desktop/projects/Legal_Insights_Engine/.venv/lib/python3.11/site-packages/airflow/example_dags/example_python_decorator.py took 0.086 seconds
[2024-04-14T16:44:12.001-0400] {processor.py:161} INFO - Started process (PID=34129) to work on /Users/manideepakreddyaila/Desktop/projects/Legal_Insights_Engine/.venv/lib/python3.11/site-packages/airflow/example_dags/example_python_decorator.py
[2024-04-14T16:44:12.002-0400] {processor.py:830} INFO - Processing file /Users/manideepakreddyaila/Desktop/projects/Legal_Insights_Engine/.venv/lib/python3.11/site-packages/airflow/example_dags/example_python_decorator.py for tasks to queue
[2024-04-14T16:44:12.002-0400] {logging_mixin.py:188} INFO - [2024-04-14T16:44:12.002-0400] {dagbag.py:540} INFO - Filling up the DagBag from /Users/manideepakreddyaila/Desktop/projects/Legal_Insights_Engine/.venv/lib/python3.11/site-packages/airflow/example_dags/example_python_decorator.py
[2024-04-14T16:44:12.041-0400] {logging_mixin.py:188} INFO - [2024-04-14T16:44:12.041-0400] {example_python_decorator.py:80} WARNING - The virtalenv_python example task requires virtualenv, please install it.
[2024-04-14T16:44:12.042-0400] {processor.py:840} INFO - DAG(s) 'example_python_decorator' retrieved from /Users/manideepakreddyaila/Desktop/projects/Legal_Insights_Engine/.venv/lib/python3.11/site-packages/airflow/example_dags/example_python_decorator.py
[2024-04-14T16:44:12.078-0400] {logging_mixin.py:188} INFO - [2024-04-14T16:44:12.078-0400] {dag.py:3096} INFO - Sync 1 DAGs
[2024-04-14T16:44:12.082-0400] {logging_mixin.py:188} INFO - [2024-04-14T16:44:12.082-0400] {dag.py:3954} INFO - Setting next_dagrun for example_python_decorator to None, run_after=None
[2024-04-14T16:44:12.088-0400] {processor.py:183} INFO - Processing /Users/manideepakreddyaila/Desktop/projects/Legal_Insights_Engine/.venv/lib/python3.11/site-packages/airflow/example_dags/example_python_decorator.py took 0.088 seconds
[2024-04-14T16:46:11.470-0400] {processor.py:161} INFO - Started process (PID=34232) to work on /Users/manideepakreddyaila/Desktop/projects/Legal_Insights_Engine/.venv/lib/python3.11/site-packages/airflow/example_dags/example_python_decorator.py
[2024-04-14T16:46:11.471-0400] {processor.py:830} INFO - Processing file /Users/manideepakreddyaila/Desktop/projects/Legal_Insights_Engine/.venv/lib/python3.11/site-packages/airflow/example_dags/example_python_decorator.py for tasks to queue
[2024-04-14T16:46:11.471-0400] {logging_mixin.py:188} INFO - [2024-04-14T16:46:11.471-0400] {dagbag.py:540} INFO - Filling up the DagBag from /Users/manideepakreddyaila/Desktop/projects/Legal_Insights_Engine/.venv/lib/python3.11/site-packages/airflow/example_dags/example_python_decorator.py
[2024-04-14T16:46:11.510-0400] {logging_mixin.py:188} INFO - [2024-04-14T16:46:11.509-0400] {example_python_decorator.py:80} WARNING - The virtalenv_python example task requires virtualenv, please install it.
[2024-04-14T16:46:11.510-0400] {processor.py:840} INFO - DAG(s) 'example_python_decorator' retrieved from /Users/manideepakreddyaila/Desktop/projects/Legal_Insights_Engine/.venv/lib/python3.11/site-packages/airflow/example_dags/example_python_decorator.py
[2024-04-14T16:46:11.545-0400] {logging_mixin.py:188} INFO - [2024-04-14T16:46:11.545-0400] {dag.py:3096} INFO - Sync 1 DAGs
[2024-04-14T16:46:11.548-0400] {logging_mixin.py:188} INFO - [2024-04-14T16:46:11.548-0400] {dag.py:3954} INFO - Setting next_dagrun for example_python_decorator to None, run_after=None
[2024-04-14T16:46:11.554-0400] {processor.py:183} INFO - Processing /Users/manideepakreddyaila/Desktop/projects/Legal_Insights_Engine/.venv/lib/python3.11/site-packages/airflow/example_dags/example_python_decorator.py took 0.085 seconds
[2024-04-14T16:48:08.835-0400] {processor.py:161} INFO - Started process (PID=34331) to work on /Users/manideepakreddyaila/Desktop/projects/Legal_Insights_Engine/.venv/lib/python3.11/site-packages/airflow/example_dags/example_python_decorator.py
[2024-04-14T16:48:08.836-0400] {processor.py:830} INFO - Processing file /Users/manideepakreddyaila/Desktop/projects/Legal_Insights_Engine/.venv/lib/python3.11/site-packages/airflow/example_dags/example_python_decorator.py for tasks to queue
[2024-04-14T16:48:08.836-0400] {logging_mixin.py:188} INFO - [2024-04-14T16:48:08.836-0400] {dagbag.py:540} INFO - Filling up the DagBag from /Users/manideepakreddyaila/Desktop/projects/Legal_Insights_Engine/.venv/lib/python3.11/site-packages/airflow/example_dags/example_python_decorator.py
[2024-04-14T16:48:08.875-0400] {logging_mixin.py:188} INFO - [2024-04-14T16:48:08.874-0400] {example_python_decorator.py:80} WARNING - The virtalenv_python example task requires virtualenv, please install it.
[2024-04-14T16:48:08.875-0400] {processor.py:840} INFO - DAG(s) 'example_python_decorator' retrieved from /Users/manideepakreddyaila/Desktop/projects/Legal_Insights_Engine/.venv/lib/python3.11/site-packages/airflow/example_dags/example_python_decorator.py
[2024-04-14T16:48:08.910-0400] {logging_mixin.py:188} INFO - [2024-04-14T16:48:08.910-0400] {dag.py:3096} INFO - Sync 1 DAGs
[2024-04-14T16:48:08.914-0400] {logging_mixin.py:188} INFO - [2024-04-14T16:48:08.914-0400] {dag.py:3954} INFO - Setting next_dagrun for example_python_decorator to None, run_after=None
[2024-04-14T16:48:08.920-0400] {processor.py:183} INFO - Processing /Users/manideepakreddyaila/Desktop/projects/Legal_Insights_Engine/.venv/lib/python3.11/site-packages/airflow/example_dags/example_python_decorator.py took 0.086 seconds
[2024-04-14T16:58:03.016-0400] {processor.py:161} INFO - Started process (PID=34452) to work on /Users/manideepakreddyaila/Desktop/projects/Legal_Insights_Engine/.venv/lib/python3.11/site-packages/airflow/example_dags/example_python_decorator.py
[2024-04-14T16:58:03.016-0400] {processor.py:830} INFO - Processing file /Users/manideepakreddyaila/Desktop/projects/Legal_Insights_Engine/.venv/lib/python3.11/site-packages/airflow/example_dags/example_python_decorator.py for tasks to queue
[2024-04-14T16:58:03.017-0400] {logging_mixin.py:188} INFO - [2024-04-14T16:58:03.016-0400] {dagbag.py:540} INFO - Filling up the DagBag from /Users/manideepakreddyaila/Desktop/projects/Legal_Insights_Engine/.venv/lib/python3.11/site-packages/airflow/example_dags/example_python_decorator.py
[2024-04-14T16:58:03.056-0400] {logging_mixin.py:188} INFO - [2024-04-14T16:58:03.056-0400] {example_python_decorator.py:80} WARNING - The virtalenv_python example task requires virtualenv, please install it.
[2024-04-14T16:58:03.057-0400] {processor.py:840} INFO - DAG(s) 'example_python_decorator' retrieved from /Users/manideepakreddyaila/Desktop/projects/Legal_Insights_Engine/.venv/lib/python3.11/site-packages/airflow/example_dags/example_python_decorator.py
[2024-04-14T16:58:03.092-0400] {logging_mixin.py:188} INFO - [2024-04-14T16:58:03.092-0400] {dag.py:3096} INFO - Sync 1 DAGs
[2024-04-14T16:58:03.096-0400] {logging_mixin.py:188} INFO - [2024-04-14T16:58:03.095-0400] {dag.py:3954} INFO - Setting next_dagrun for example_python_decorator to None, run_after=None
[2024-04-14T16:58:03.101-0400] {processor.py:183} INFO - Processing /Users/manideepakreddyaila/Desktop/projects/Legal_Insights_Engine/.venv/lib/python3.11/site-packages/airflow/example_dags/example_python_decorator.py took 0.087 seconds
[2024-04-14T17:17:11.326-0400] {processor.py:161} INFO - Started process (PID=34741) to work on /Users/manideepakreddyaila/Desktop/projects/Legal_Insights_Engine/.venv/lib/python3.11/site-packages/airflow/example_dags/example_python_decorator.py
[2024-04-14T17:17:11.327-0400] {processor.py:830} INFO - Processing file /Users/manideepakreddyaila/Desktop/projects/Legal_Insights_Engine/.venv/lib/python3.11/site-packages/airflow/example_dags/example_python_decorator.py for tasks to queue
[2024-04-14T17:17:11.327-0400] {logging_mixin.py:188} INFO - [2024-04-14T17:17:11.327-0400] {dagbag.py:540} INFO - Filling up the DagBag from /Users/manideepakreddyaila/Desktop/projects/Legal_Insights_Engine/.venv/lib/python3.11/site-packages/airflow/example_dags/example_python_decorator.py
[2024-04-14T17:17:11.368-0400] {logging_mixin.py:188} INFO - [2024-04-14T17:17:11.368-0400] {example_python_decorator.py:80} WARNING - The virtalenv_python example task requires virtualenv, please install it.
[2024-04-14T17:17:11.369-0400] {processor.py:840} INFO - DAG(s) 'example_python_decorator' retrieved from /Users/manideepakreddyaila/Desktop/projects/Legal_Insights_Engine/.venv/lib/python3.11/site-packages/airflow/example_dags/example_python_decorator.py
[2024-04-14T17:17:11.409-0400] {logging_mixin.py:188} INFO - [2024-04-14T17:17:11.409-0400] {dag.py:3096} INFO - Sync 1 DAGs
[2024-04-14T17:17:11.414-0400] {logging_mixin.py:188} INFO - [2024-04-14T17:17:11.414-0400] {dag.py:3954} INFO - Setting next_dagrun for example_python_decorator to None, run_after=None
[2024-04-14T17:17:11.423-0400] {processor.py:183} INFO - Processing /Users/manideepakreddyaila/Desktop/projects/Legal_Insights_Engine/.venv/lib/python3.11/site-packages/airflow/example_dags/example_python_decorator.py took 0.099 seconds
[2024-04-14T17:19:04.527-0400] {processor.py:161} INFO - Started process (PID=34853) to work on /Users/manideepakreddyaila/Desktop/projects/Legal_Insights_Engine/.venv/lib/python3.11/site-packages/airflow/example_dags/example_python_decorator.py
[2024-04-14T17:19:04.528-0400] {processor.py:830} INFO - Processing file /Users/manideepakreddyaila/Desktop/projects/Legal_Insights_Engine/.venv/lib/python3.11/site-packages/airflow/example_dags/example_python_decorator.py for tasks to queue
[2024-04-14T17:19:04.528-0400] {logging_mixin.py:188} INFO - [2024-04-14T17:19:04.528-0400] {dagbag.py:540} INFO - Filling up the DagBag from /Users/manideepakreddyaila/Desktop/projects/Legal_Insights_Engine/.venv/lib/python3.11/site-packages/airflow/example_dags/example_python_decorator.py
[2024-04-14T17:19:04.567-0400] {logging_mixin.py:188} INFO - [2024-04-14T17:19:04.567-0400] {example_python_decorator.py:80} WARNING - The virtalenv_python example task requires virtualenv, please install it.
[2024-04-14T17:19:04.568-0400] {processor.py:840} INFO - DAG(s) 'example_python_decorator' retrieved from /Users/manideepakreddyaila/Desktop/projects/Legal_Insights_Engine/.venv/lib/python3.11/site-packages/airflow/example_dags/example_python_decorator.py
[2024-04-14T17:19:04.603-0400] {logging_mixin.py:188} INFO - [2024-04-14T17:19:04.603-0400] {dag.py:3096} INFO - Sync 1 DAGs
[2024-04-14T17:19:04.607-0400] {logging_mixin.py:188} INFO - [2024-04-14T17:19:04.607-0400] {dag.py:3954} INFO - Setting next_dagrun for example_python_decorator to None, run_after=None
[2024-04-14T17:19:04.614-0400] {processor.py:183} INFO - Processing /Users/manideepakreddyaila/Desktop/projects/Legal_Insights_Engine/.venv/lib/python3.11/site-packages/airflow/example_dags/example_python_decorator.py took 0.088 seconds
[2024-04-14T17:20:58.083-0400] {processor.py:161} INFO - Started process (PID=34953) to work on /Users/manideepakreddyaila/Desktop/projects/Legal_Insights_Engine/.venv/lib/python3.11/site-packages/airflow/example_dags/example_python_decorator.py
[2024-04-14T17:20:58.084-0400] {processor.py:830} INFO - Processing file /Users/manideepakreddyaila/Desktop/projects/Legal_Insights_Engine/.venv/lib/python3.11/site-packages/airflow/example_dags/example_python_decorator.py for tasks to queue
[2024-04-14T17:20:58.084-0400] {logging_mixin.py:188} INFO - [2024-04-14T17:20:58.084-0400] {dagbag.py:540} INFO - Filling up the DagBag from /Users/manideepakreddyaila/Desktop/projects/Legal_Insights_Engine/.venv/lib/python3.11/site-packages/airflow/example_dags/example_python_decorator.py
[2024-04-14T17:20:58.123-0400] {logging_mixin.py:188} INFO - [2024-04-14T17:20:58.123-0400] {example_python_decorator.py:80} WARNING - The virtalenv_python example task requires virtualenv, please install it.
[2024-04-14T17:20:58.124-0400] {processor.py:840} INFO - DAG(s) 'example_python_decorator' retrieved from /Users/manideepakreddyaila/Desktop/projects/Legal_Insights_Engine/.venv/lib/python3.11/site-packages/airflow/example_dags/example_python_decorator.py
[2024-04-14T17:20:58.159-0400] {logging_mixin.py:188} INFO - [2024-04-14T17:20:58.159-0400] {dag.py:3096} INFO - Sync 1 DAGs
[2024-04-14T17:20:58.163-0400] {logging_mixin.py:188} INFO - [2024-04-14T17:20:58.163-0400] {dag.py:3954} INFO - Setting next_dagrun for example_python_decorator to None, run_after=None
[2024-04-14T17:20:58.169-0400] {processor.py:183} INFO - Processing /Users/manideepakreddyaila/Desktop/projects/Legal_Insights_Engine/.venv/lib/python3.11/site-packages/airflow/example_dags/example_python_decorator.py took 0.086 seconds
[2024-04-14T17:22:53.596-0400] {processor.py:161} INFO - Started process (PID=35050) to work on /Users/manideepakreddyaila/Desktop/projects/Legal_Insights_Engine/.venv/lib/python3.11/site-packages/airflow/example_dags/example_python_decorator.py
[2024-04-14T17:22:53.597-0400] {processor.py:830} INFO - Processing file /Users/manideepakreddyaila/Desktop/projects/Legal_Insights_Engine/.venv/lib/python3.11/site-packages/airflow/example_dags/example_python_decorator.py for tasks to queue
[2024-04-14T17:22:53.597-0400] {logging_mixin.py:188} INFO - [2024-04-14T17:22:53.597-0400] {dagbag.py:540} INFO - Filling up the DagBag from /Users/manideepakreddyaila/Desktop/projects/Legal_Insights_Engine/.venv/lib/python3.11/site-packages/airflow/example_dags/example_python_decorator.py
[2024-04-14T17:22:53.636-0400] {logging_mixin.py:188} INFO - [2024-04-14T17:22:53.636-0400] {example_python_decorator.py:80} WARNING - The virtalenv_python example task requires virtualenv, please install it.
[2024-04-14T17:22:53.637-0400] {processor.py:840} INFO - DAG(s) 'example_python_decorator' retrieved from /Users/manideepakreddyaila/Desktop/projects/Legal_Insights_Engine/.venv/lib/python3.11/site-packages/airflow/example_dags/example_python_decorator.py
[2024-04-14T17:22:53.673-0400] {logging_mixin.py:188} INFO - [2024-04-14T17:22:53.673-0400] {dag.py:3096} INFO - Sync 1 DAGs
[2024-04-14T17:22:53.677-0400] {logging_mixin.py:188} INFO - [2024-04-14T17:22:53.676-0400] {dag.py:3954} INFO - Setting next_dagrun for example_python_decorator to None, run_after=None
[2024-04-14T17:22:53.682-0400] {processor.py:183} INFO - Processing /Users/manideepakreddyaila/Desktop/projects/Legal_Insights_Engine/.venv/lib/python3.11/site-packages/airflow/example_dags/example_python_decorator.py took 0.087 seconds
[2024-04-14T17:24:51.303-0400] {processor.py:161} INFO - Started process (PID=35148) to work on /Users/manideepakreddyaila/Desktop/projects/Legal_Insights_Engine/.venv/lib/python3.11/site-packages/airflow/example_dags/example_python_decorator.py
[2024-04-14T17:24:51.305-0400] {processor.py:830} INFO - Processing file /Users/manideepakreddyaila/Desktop/projects/Legal_Insights_Engine/.venv/lib/python3.11/site-packages/airflow/example_dags/example_python_decorator.py for tasks to queue
[2024-04-14T17:24:51.305-0400] {logging_mixin.py:188} INFO - [2024-04-14T17:24:51.305-0400] {dagbag.py:540} INFO - Filling up the DagBag from /Users/manideepakreddyaila/Desktop/projects/Legal_Insights_Engine/.venv/lib/python3.11/site-packages/airflow/example_dags/example_python_decorator.py
[2024-04-14T17:24:51.344-0400] {logging_mixin.py:188} INFO - [2024-04-14T17:24:51.344-0400] {example_python_decorator.py:80} WARNING - The virtalenv_python example task requires virtualenv, please install it.
[2024-04-14T17:24:51.344-0400] {processor.py:840} INFO - DAG(s) 'example_python_decorator' retrieved from /Users/manideepakreddyaila/Desktop/projects/Legal_Insights_Engine/.venv/lib/python3.11/site-packages/airflow/example_dags/example_python_decorator.py
[2024-04-14T17:24:51.380-0400] {logging_mixin.py:188} INFO - [2024-04-14T17:24:51.379-0400] {dag.py:3096} INFO - Sync 1 DAGs
[2024-04-14T17:24:51.383-0400] {logging_mixin.py:188} INFO - [2024-04-14T17:24:51.383-0400] {dag.py:3954} INFO - Setting next_dagrun for example_python_decorator to None, run_after=None
[2024-04-14T17:24:51.389-0400] {processor.py:183} INFO - Processing /Users/manideepakreddyaila/Desktop/projects/Legal_Insights_Engine/.venv/lib/python3.11/site-packages/airflow/example_dags/example_python_decorator.py took 0.087 seconds
[2024-04-14T17:26:50.125-0400] {processor.py:161} INFO - Started process (PID=35253) to work on /Users/manideepakreddyaila/Desktop/projects/Legal_Insights_Engine/.venv/lib/python3.11/site-packages/airflow/example_dags/example_python_decorator.py
[2024-04-14T17:26:50.126-0400] {processor.py:830} INFO - Processing file /Users/manideepakreddyaila/Desktop/projects/Legal_Insights_Engine/.venv/lib/python3.11/site-packages/airflow/example_dags/example_python_decorator.py for tasks to queue
[2024-04-14T17:26:50.126-0400] {logging_mixin.py:188} INFO - [2024-04-14T17:26:50.126-0400] {dagbag.py:540} INFO - Filling up the DagBag from /Users/manideepakreddyaila/Desktop/projects/Legal_Insights_Engine/.venv/lib/python3.11/site-packages/airflow/example_dags/example_python_decorator.py
[2024-04-14T17:26:50.165-0400] {logging_mixin.py:188} INFO - [2024-04-14T17:26:50.165-0400] {example_python_decorator.py:80} WARNING - The virtalenv_python example task requires virtualenv, please install it.
[2024-04-14T17:26:50.166-0400] {processor.py:840} INFO - DAG(s) 'example_python_decorator' retrieved from /Users/manideepakreddyaila/Desktop/projects/Legal_Insights_Engine/.venv/lib/python3.11/site-packages/airflow/example_dags/example_python_decorator.py
[2024-04-14T17:26:50.201-0400] {logging_mixin.py:188} INFO - [2024-04-14T17:26:50.201-0400] {dag.py:3096} INFO - Sync 1 DAGs
[2024-04-14T17:26:50.205-0400] {logging_mixin.py:188} INFO - [2024-04-14T17:26:50.205-0400] {dag.py:3954} INFO - Setting next_dagrun for example_python_decorator to None, run_after=None
[2024-04-14T17:26:50.211-0400] {processor.py:183} INFO - Processing /Users/manideepakreddyaila/Desktop/projects/Legal_Insights_Engine/.venv/lib/python3.11/site-packages/airflow/example_dags/example_python_decorator.py took 0.087 seconds
[2024-04-14T17:28:44.488-0400] {processor.py:161} INFO - Started process (PID=35357) to work on /Users/manideepakreddyaila/Desktop/projects/Legal_Insights_Engine/.venv/lib/python3.11/site-packages/airflow/example_dags/example_python_decorator.py
[2024-04-14T17:28:44.489-0400] {processor.py:830} INFO - Processing file /Users/manideepakreddyaila/Desktop/projects/Legal_Insights_Engine/.venv/lib/python3.11/site-packages/airflow/example_dags/example_python_decorator.py for tasks to queue
[2024-04-14T17:28:44.489-0400] {logging_mixin.py:188} INFO - [2024-04-14T17:28:44.489-0400] {dagbag.py:540} INFO - Filling up the DagBag from /Users/manideepakreddyaila/Desktop/projects/Legal_Insights_Engine/.venv/lib/python3.11/site-packages/airflow/example_dags/example_python_decorator.py
[2024-04-14T17:28:44.529-0400] {logging_mixin.py:188} INFO - [2024-04-14T17:28:44.529-0400] {example_python_decorator.py:80} WARNING - The virtalenv_python example task requires virtualenv, please install it.
[2024-04-14T17:28:44.530-0400] {processor.py:840} INFO - DAG(s) 'example_python_decorator' retrieved from /Users/manideepakreddyaila/Desktop/projects/Legal_Insights_Engine/.venv/lib/python3.11/site-packages/airflow/example_dags/example_python_decorator.py
[2024-04-14T17:28:44.567-0400] {logging_mixin.py:188} INFO - [2024-04-14T17:28:44.567-0400] {dag.py:3096} INFO - Sync 1 DAGs
[2024-04-14T17:28:44.571-0400] {logging_mixin.py:188} INFO - [2024-04-14T17:28:44.571-0400] {dag.py:3954} INFO - Setting next_dagrun for example_python_decorator to None, run_after=None
[2024-04-14T17:28:44.577-0400] {processor.py:183} INFO - Processing /Users/manideepakreddyaila/Desktop/projects/Legal_Insights_Engine/.venv/lib/python3.11/site-packages/airflow/example_dags/example_python_decorator.py took 0.090 seconds
[2024-04-14T17:30:42.133-0400] {processor.py:161} INFO - Started process (PID=35500) to work on /Users/manideepakreddyaila/Desktop/projects/Legal_Insights_Engine/.venv/lib/python3.11/site-packages/airflow/example_dags/example_python_decorator.py
[2024-04-14T17:30:42.134-0400] {processor.py:830} INFO - Processing file /Users/manideepakreddyaila/Desktop/projects/Legal_Insights_Engine/.venv/lib/python3.11/site-packages/airflow/example_dags/example_python_decorator.py for tasks to queue
[2024-04-14T17:30:42.134-0400] {logging_mixin.py:188} INFO - [2024-04-14T17:30:42.134-0400] {dagbag.py:540} INFO - Filling up the DagBag from /Users/manideepakreddyaila/Desktop/projects/Legal_Insights_Engine/.venv/lib/python3.11/site-packages/airflow/example_dags/example_python_decorator.py
[2024-04-14T17:30:42.173-0400] {logging_mixin.py:188} INFO - [2024-04-14T17:30:42.173-0400] {example_python_decorator.py:80} WARNING - The virtalenv_python example task requires virtualenv, please install it.
[2024-04-14T17:30:42.174-0400] {processor.py:840} INFO - DAG(s) 'example_python_decorator' retrieved from /Users/manideepakreddyaila/Desktop/projects/Legal_Insights_Engine/.venv/lib/python3.11/site-packages/airflow/example_dags/example_python_decorator.py
[2024-04-14T17:30:42.209-0400] {logging_mixin.py:188} INFO - [2024-04-14T17:30:42.209-0400] {dag.py:3096} INFO - Sync 1 DAGs
[2024-04-14T17:30:42.212-0400] {logging_mixin.py:188} INFO - [2024-04-14T17:30:42.212-0400] {dag.py:3954} INFO - Setting next_dagrun for example_python_decorator to None, run_after=None
[2024-04-14T17:30:42.219-0400] {processor.py:183} INFO - Processing /Users/manideepakreddyaila/Desktop/projects/Legal_Insights_Engine/.venv/lib/python3.11/site-packages/airflow/example_dags/example_python_decorator.py took 0.086 seconds
[2024-04-14T17:32:40.945-0400] {processor.py:161} INFO - Started process (PID=35611) to work on /Users/manideepakreddyaila/Desktop/projects/Legal_Insights_Engine/.venv/lib/python3.11/site-packages/airflow/example_dags/example_python_decorator.py
[2024-04-14T17:32:40.945-0400] {processor.py:830} INFO - Processing file /Users/manideepakreddyaila/Desktop/projects/Legal_Insights_Engine/.venv/lib/python3.11/site-packages/airflow/example_dags/example_python_decorator.py for tasks to queue
[2024-04-14T17:32:40.945-0400] {logging_mixin.py:188} INFO - [2024-04-14T17:32:40.945-0400] {dagbag.py:540} INFO - Filling up the DagBag from /Users/manideepakreddyaila/Desktop/projects/Legal_Insights_Engine/.venv/lib/python3.11/site-packages/airflow/example_dags/example_python_decorator.py
[2024-04-14T17:32:40.987-0400] {logging_mixin.py:188} INFO - [2024-04-14T17:32:40.987-0400] {example_python_decorator.py:80} WARNING - The virtalenv_python example task requires virtualenv, please install it.
[2024-04-14T17:32:40.988-0400] {processor.py:840} INFO - DAG(s) 'example_python_decorator' retrieved from /Users/manideepakreddyaila/Desktop/projects/Legal_Insights_Engine/.venv/lib/python3.11/site-packages/airflow/example_dags/example_python_decorator.py
[2024-04-14T17:32:41.023-0400] {logging_mixin.py:188} INFO - [2024-04-14T17:32:41.023-0400] {dag.py:3096} INFO - Sync 1 DAGs
[2024-04-14T17:32:41.027-0400] {logging_mixin.py:188} INFO - [2024-04-14T17:32:41.026-0400] {dag.py:3954} INFO - Setting next_dagrun for example_python_decorator to None, run_after=None
[2024-04-14T17:32:41.032-0400] {processor.py:183} INFO - Processing /Users/manideepakreddyaila/Desktop/projects/Legal_Insights_Engine/.venv/lib/python3.11/site-packages/airflow/example_dags/example_python_decorator.py took 0.089 seconds
[2024-04-14T17:34:40.661-0400] {processor.py:161} INFO - Started process (PID=35708) to work on /Users/manideepakreddyaila/Desktop/projects/Legal_Insights_Engine/.venv/lib/python3.11/site-packages/airflow/example_dags/example_python_decorator.py
[2024-04-14T17:34:40.662-0400] {processor.py:830} INFO - Processing file /Users/manideepakreddyaila/Desktop/projects/Legal_Insights_Engine/.venv/lib/python3.11/site-packages/airflow/example_dags/example_python_decorator.py for tasks to queue
[2024-04-14T17:34:40.662-0400] {logging_mixin.py:188} INFO - [2024-04-14T17:34:40.662-0400] {dagbag.py:540} INFO - Filling up the DagBag from /Users/manideepakreddyaila/Desktop/projects/Legal_Insights_Engine/.venv/lib/python3.11/site-packages/airflow/example_dags/example_python_decorator.py
[2024-04-14T17:34:40.700-0400] {logging_mixin.py:188} INFO - [2024-04-14T17:34:40.700-0400] {example_python_decorator.py:80} WARNING - The virtalenv_python example task requires virtualenv, please install it.
[2024-04-14T17:34:40.701-0400] {processor.py:840} INFO - DAG(s) 'example_python_decorator' retrieved from /Users/manideepakreddyaila/Desktop/projects/Legal_Insights_Engine/.venv/lib/python3.11/site-packages/airflow/example_dags/example_python_decorator.py
[2024-04-14T17:34:40.736-0400] {logging_mixin.py:188} INFO - [2024-04-14T17:34:40.736-0400] {dag.py:3096} INFO - Sync 1 DAGs
[2024-04-14T17:34:40.740-0400] {logging_mixin.py:188} INFO - [2024-04-14T17:34:40.740-0400] {dag.py:3954} INFO - Setting next_dagrun for example_python_decorator to None, run_after=None
[2024-04-14T17:34:40.746-0400] {processor.py:183} INFO - Processing /Users/manideepakreddyaila/Desktop/projects/Legal_Insights_Engine/.venv/lib/python3.11/site-packages/airflow/example_dags/example_python_decorator.py took 0.086 seconds
[2024-04-14T17:36:39.610-0400] {processor.py:161} INFO - Started process (PID=35802) to work on /Users/manideepakreddyaila/Desktop/projects/Legal_Insights_Engine/.venv/lib/python3.11/site-packages/airflow/example_dags/example_python_decorator.py
[2024-04-14T17:36:39.611-0400] {processor.py:830} INFO - Processing file /Users/manideepakreddyaila/Desktop/projects/Legal_Insights_Engine/.venv/lib/python3.11/site-packages/airflow/example_dags/example_python_decorator.py for tasks to queue
[2024-04-14T17:36:39.611-0400] {logging_mixin.py:188} INFO - [2024-04-14T17:36:39.611-0400] {dagbag.py:540} INFO - Filling up the DagBag from /Users/manideepakreddyaila/Desktop/projects/Legal_Insights_Engine/.venv/lib/python3.11/site-packages/airflow/example_dags/example_python_decorator.py
[2024-04-14T17:36:39.651-0400] {logging_mixin.py:188} INFO - [2024-04-14T17:36:39.651-0400] {example_python_decorator.py:80} WARNING - The virtalenv_python example task requires virtualenv, please install it.
[2024-04-14T17:36:39.651-0400] {processor.py:840} INFO - DAG(s) 'example_python_decorator' retrieved from /Users/manideepakreddyaila/Desktop/projects/Legal_Insights_Engine/.venv/lib/python3.11/site-packages/airflow/example_dags/example_python_decorator.py
[2024-04-14T17:36:39.690-0400] {logging_mixin.py:188} INFO - [2024-04-14T17:36:39.690-0400] {dag.py:3096} INFO - Sync 1 DAGs
[2024-04-14T17:36:39.694-0400] {logging_mixin.py:188} INFO - [2024-04-14T17:36:39.694-0400] {dag.py:3954} INFO - Setting next_dagrun for example_python_decorator to None, run_after=None
[2024-04-14T17:36:39.700-0400] {processor.py:183} INFO - Processing /Users/manideepakreddyaila/Desktop/projects/Legal_Insights_Engine/.venv/lib/python3.11/site-packages/airflow/example_dags/example_python_decorator.py took 0.092 seconds
[2024-04-14T17:38:31.276-0400] {processor.py:161} INFO - Started process (PID=35889) to work on /Users/manideepakreddyaila/Desktop/projects/Legal_Insights_Engine/.venv/lib/python3.11/site-packages/airflow/example_dags/example_python_decorator.py
[2024-04-14T17:38:31.277-0400] {processor.py:830} INFO - Processing file /Users/manideepakreddyaila/Desktop/projects/Legal_Insights_Engine/.venv/lib/python3.11/site-packages/airflow/example_dags/example_python_decorator.py for tasks to queue
[2024-04-14T17:38:31.277-0400] {logging_mixin.py:188} INFO - [2024-04-14T17:38:31.277-0400] {dagbag.py:540} INFO - Filling up the DagBag from /Users/manideepakreddyaila/Desktop/projects/Legal_Insights_Engine/.venv/lib/python3.11/site-packages/airflow/example_dags/example_python_decorator.py
[2024-04-14T17:38:31.315-0400] {logging_mixin.py:188} INFO - [2024-04-14T17:38:31.315-0400] {example_python_decorator.py:80} WARNING - The virtalenv_python example task requires virtualenv, please install it.
[2024-04-14T17:38:31.316-0400] {processor.py:840} INFO - DAG(s) 'example_python_decorator' retrieved from /Users/manideepakreddyaila/Desktop/projects/Legal_Insights_Engine/.venv/lib/python3.11/site-packages/airflow/example_dags/example_python_decorator.py
[2024-04-14T17:38:31.352-0400] {logging_mixin.py:188} INFO - [2024-04-14T17:38:31.352-0400] {dag.py:3096} INFO - Sync 1 DAGs
[2024-04-14T17:38:31.356-0400] {logging_mixin.py:188} INFO - [2024-04-14T17:38:31.356-0400] {dag.py:3954} INFO - Setting next_dagrun for example_python_decorator to None, run_after=None
[2024-04-14T17:38:31.362-0400] {processor.py:183} INFO - Processing /Users/manideepakreddyaila/Desktop/projects/Legal_Insights_Engine/.venv/lib/python3.11/site-packages/airflow/example_dags/example_python_decorator.py took 0.087 seconds
[2024-04-14T17:40:24.780-0400] {processor.py:161} INFO - Started process (PID=35975) to work on /Users/manideepakreddyaila/Desktop/projects/Legal_Insights_Engine/.venv/lib/python3.11/site-packages/airflow/example_dags/example_python_decorator.py
[2024-04-14T17:40:24.781-0400] {processor.py:830} INFO - Processing file /Users/manideepakreddyaila/Desktop/projects/Legal_Insights_Engine/.venv/lib/python3.11/site-packages/airflow/example_dags/example_python_decorator.py for tasks to queue
[2024-04-14T17:40:24.781-0400] {logging_mixin.py:188} INFO - [2024-04-14T17:40:24.781-0400] {dagbag.py:540} INFO - Filling up the DagBag from /Users/manideepakreddyaila/Desktop/projects/Legal_Insights_Engine/.venv/lib/python3.11/site-packages/airflow/example_dags/example_python_decorator.py
[2024-04-14T17:40:24.819-0400] {logging_mixin.py:188} INFO - [2024-04-14T17:40:24.819-0400] {example_python_decorator.py:80} WARNING - The virtalenv_python example task requires virtualenv, please install it.
[2024-04-14T17:40:24.820-0400] {processor.py:840} INFO - DAG(s) 'example_python_decorator' retrieved from /Users/manideepakreddyaila/Desktop/projects/Legal_Insights_Engine/.venv/lib/python3.11/site-packages/airflow/example_dags/example_python_decorator.py
[2024-04-14T17:40:24.855-0400] {logging_mixin.py:188} INFO - [2024-04-14T17:40:24.855-0400] {dag.py:3096} INFO - Sync 1 DAGs
[2024-04-14T17:40:24.858-0400] {logging_mixin.py:188} INFO - [2024-04-14T17:40:24.858-0400] {dag.py:3954} INFO - Setting next_dagrun for example_python_decorator to None, run_after=None
[2024-04-14T17:40:24.864-0400] {processor.py:183} INFO - Processing /Users/manideepakreddyaila/Desktop/projects/Legal_Insights_Engine/.venv/lib/python3.11/site-packages/airflow/example_dags/example_python_decorator.py took 0.085 seconds
[2024-04-14T17:42:13.069-0400] {processor.py:161} INFO - Started process (PID=36062) to work on /Users/manideepakreddyaila/Desktop/projects/Legal_Insights_Engine/.venv/lib/python3.11/site-packages/airflow/example_dags/example_python_decorator.py
[2024-04-14T17:42:13.070-0400] {processor.py:830} INFO - Processing file /Users/manideepakreddyaila/Desktop/projects/Legal_Insights_Engine/.venv/lib/python3.11/site-packages/airflow/example_dags/example_python_decorator.py for tasks to queue
[2024-04-14T17:42:13.071-0400] {logging_mixin.py:188} INFO - [2024-04-14T17:42:13.071-0400] {dagbag.py:540} INFO - Filling up the DagBag from /Users/manideepakreddyaila/Desktop/projects/Legal_Insights_Engine/.venv/lib/python3.11/site-packages/airflow/example_dags/example_python_decorator.py
[2024-04-14T17:42:13.114-0400] {logging_mixin.py:188} INFO - [2024-04-14T17:42:13.114-0400] {example_python_decorator.py:80} WARNING - The virtalenv_python example task requires virtualenv, please install it.
[2024-04-14T17:42:13.115-0400] {processor.py:840} INFO - DAG(s) 'example_python_decorator' retrieved from /Users/manideepakreddyaila/Desktop/projects/Legal_Insights_Engine/.venv/lib/python3.11/site-packages/airflow/example_dags/example_python_decorator.py
[2024-04-14T17:42:13.152-0400] {logging_mixin.py:188} INFO - [2024-04-14T17:42:13.152-0400] {dag.py:3096} INFO - Sync 1 DAGs
[2024-04-14T17:42:13.156-0400] {logging_mixin.py:188} INFO - [2024-04-14T17:42:13.156-0400] {dag.py:3954} INFO - Setting next_dagrun for example_python_decorator to None, run_after=None
[2024-04-14T17:42:13.162-0400] {processor.py:183} INFO - Processing /Users/manideepakreddyaila/Desktop/projects/Legal_Insights_Engine/.venv/lib/python3.11/site-packages/airflow/example_dags/example_python_decorator.py took 0.094 seconds
[2024-04-14T17:44:08.080-0400] {processor.py:161} INFO - Started process (PID=36149) to work on /Users/manideepakreddyaila/Desktop/projects/Legal_Insights_Engine/.venv/lib/python3.11/site-packages/airflow/example_dags/example_python_decorator.py
[2024-04-14T17:44:08.081-0400] {processor.py:830} INFO - Processing file /Users/manideepakreddyaila/Desktop/projects/Legal_Insights_Engine/.venv/lib/python3.11/site-packages/airflow/example_dags/example_python_decorator.py for tasks to queue
[2024-04-14T17:44:08.081-0400] {logging_mixin.py:188} INFO - [2024-04-14T17:44:08.081-0400] {dagbag.py:540} INFO - Filling up the DagBag from /Users/manideepakreddyaila/Desktop/projects/Legal_Insights_Engine/.venv/lib/python3.11/site-packages/airflow/example_dags/example_python_decorator.py
[2024-04-14T17:44:08.119-0400] {logging_mixin.py:188} INFO - [2024-04-14T17:44:08.119-0400] {example_python_decorator.py:80} WARNING - The virtalenv_python example task requires virtualenv, please install it.
[2024-04-14T17:44:08.120-0400] {processor.py:840} INFO - DAG(s) 'example_python_decorator' retrieved from /Users/manideepakreddyaila/Desktop/projects/Legal_Insights_Engine/.venv/lib/python3.11/site-packages/airflow/example_dags/example_python_decorator.py
[2024-04-14T17:44:08.156-0400] {logging_mixin.py:188} INFO - [2024-04-14T17:44:08.155-0400] {dag.py:3096} INFO - Sync 1 DAGs
[2024-04-14T17:44:08.159-0400] {logging_mixin.py:188} INFO - [2024-04-14T17:44:08.159-0400] {dag.py:3954} INFO - Setting next_dagrun for example_python_decorator to None, run_after=None
[2024-04-14T17:44:08.165-0400] {processor.py:183} INFO - Processing /Users/manideepakreddyaila/Desktop/projects/Legal_Insights_Engine/.venv/lib/python3.11/site-packages/airflow/example_dags/example_python_decorator.py took 0.087 seconds
[2024-04-14T17:46:05.571-0400] {processor.py:161} INFO - Started process (PID=36240) to work on /Users/manideepakreddyaila/Desktop/projects/Legal_Insights_Engine/.venv/lib/python3.11/site-packages/airflow/example_dags/example_python_decorator.py
[2024-04-14T17:46:05.573-0400] {processor.py:830} INFO - Processing file /Users/manideepakreddyaila/Desktop/projects/Legal_Insights_Engine/.venv/lib/python3.11/site-packages/airflow/example_dags/example_python_decorator.py for tasks to queue
[2024-04-14T17:46:05.573-0400] {logging_mixin.py:188} INFO - [2024-04-14T17:46:05.573-0400] {dagbag.py:540} INFO - Filling up the DagBag from /Users/manideepakreddyaila/Desktop/projects/Legal_Insights_Engine/.venv/lib/python3.11/site-packages/airflow/example_dags/example_python_decorator.py
[2024-04-14T17:46:05.612-0400] {logging_mixin.py:188} INFO - [2024-04-14T17:46:05.612-0400] {example_python_decorator.py:80} WARNING - The virtalenv_python example task requires virtualenv, please install it.
[2024-04-14T17:46:05.613-0400] {processor.py:840} INFO - DAG(s) 'example_python_decorator' retrieved from /Users/manideepakreddyaila/Desktop/projects/Legal_Insights_Engine/.venv/lib/python3.11/site-packages/airflow/example_dags/example_python_decorator.py
[2024-04-14T17:46:05.648-0400] {logging_mixin.py:188} INFO - [2024-04-14T17:46:05.648-0400] {dag.py:3096} INFO - Sync 1 DAGs
[2024-04-14T17:46:05.652-0400] {logging_mixin.py:188} INFO - [2024-04-14T17:46:05.652-0400] {dag.py:3954} INFO - Setting next_dagrun for example_python_decorator to None, run_after=None
[2024-04-14T17:46:05.658-0400] {processor.py:183} INFO - Processing /Users/manideepakreddyaila/Desktop/projects/Legal_Insights_Engine/.venv/lib/python3.11/site-packages/airflow/example_dags/example_python_decorator.py took 0.087 seconds
[2024-04-14T17:48:08.364-0400] {processor.py:161} INFO - Started process (PID=36333) to work on /Users/manideepakreddyaila/Desktop/projects/Legal_Insights_Engine/.venv/lib/python3.11/site-packages/airflow/example_dags/example_python_decorator.py
[2024-04-14T17:48:08.365-0400] {processor.py:830} INFO - Processing file /Users/manideepakreddyaila/Desktop/projects/Legal_Insights_Engine/.venv/lib/python3.11/site-packages/airflow/example_dags/example_python_decorator.py for tasks to queue
[2024-04-14T17:48:08.366-0400] {logging_mixin.py:188} INFO - [2024-04-14T17:48:08.365-0400] {dagbag.py:540} INFO - Filling up the DagBag from /Users/manideepakreddyaila/Desktop/projects/Legal_Insights_Engine/.venv/lib/python3.11/site-packages/airflow/example_dags/example_python_decorator.py
[2024-04-14T17:48:08.404-0400] {logging_mixin.py:188} INFO - [2024-04-14T17:48:08.404-0400] {example_python_decorator.py:80} WARNING - The virtalenv_python example task requires virtualenv, please install it.
[2024-04-14T17:48:08.405-0400] {processor.py:840} INFO - DAG(s) 'example_python_decorator' retrieved from /Users/manideepakreddyaila/Desktop/projects/Legal_Insights_Engine/.venv/lib/python3.11/site-packages/airflow/example_dags/example_python_decorator.py
[2024-04-14T17:48:08.442-0400] {logging_mixin.py:188} INFO - [2024-04-14T17:48:08.442-0400] {dag.py:3096} INFO - Sync 1 DAGs
[2024-04-14T17:48:08.446-0400] {logging_mixin.py:188} INFO - [2024-04-14T17:48:08.446-0400] {dag.py:3954} INFO - Setting next_dagrun for example_python_decorator to None, run_after=None
[2024-04-14T17:48:08.452-0400] {processor.py:183} INFO - Processing /Users/manideepakreddyaila/Desktop/projects/Legal_Insights_Engine/.venv/lib/python3.11/site-packages/airflow/example_dags/example_python_decorator.py took 0.089 seconds
[2024-04-14T17:50:06.150-0400] {processor.py:161} INFO - Started process (PID=36430) to work on /Users/manideepakreddyaila/Desktop/projects/Legal_Insights_Engine/.venv/lib/python3.11/site-packages/airflow/example_dags/example_python_decorator.py
[2024-04-14T17:50:06.151-0400] {processor.py:830} INFO - Processing file /Users/manideepakreddyaila/Desktop/projects/Legal_Insights_Engine/.venv/lib/python3.11/site-packages/airflow/example_dags/example_python_decorator.py for tasks to queue
[2024-04-14T17:50:06.151-0400] {logging_mixin.py:188} INFO - [2024-04-14T17:50:06.151-0400] {dagbag.py:540} INFO - Filling up the DagBag from /Users/manideepakreddyaila/Desktop/projects/Legal_Insights_Engine/.venv/lib/python3.11/site-packages/airflow/example_dags/example_python_decorator.py
[2024-04-14T17:50:06.189-0400] {logging_mixin.py:188} INFO - [2024-04-14T17:50:06.189-0400] {example_python_decorator.py:80} WARNING - The virtalenv_python example task requires virtualenv, please install it.
[2024-04-14T17:50:06.190-0400] {processor.py:840} INFO - DAG(s) 'example_python_decorator' retrieved from /Users/manideepakreddyaila/Desktop/projects/Legal_Insights_Engine/.venv/lib/python3.11/site-packages/airflow/example_dags/example_python_decorator.py
[2024-04-14T17:50:06.226-0400] {logging_mixin.py:188} INFO - [2024-04-14T17:50:06.225-0400] {dag.py:3096} INFO - Sync 1 DAGs
[2024-04-14T17:50:06.229-0400] {logging_mixin.py:188} INFO - [2024-04-14T17:50:06.229-0400] {dag.py:3954} INFO - Setting next_dagrun for example_python_decorator to None, run_after=None
[2024-04-14T17:50:06.235-0400] {processor.py:183} INFO - Processing /Users/manideepakreddyaila/Desktop/projects/Legal_Insights_Engine/.venv/lib/python3.11/site-packages/airflow/example_dags/example_python_decorator.py took 0.087 seconds
[2024-04-14T17:52:00.618-0400] {processor.py:161} INFO - Started process (PID=36525) to work on /Users/manideepakreddyaila/Desktop/projects/Legal_Insights_Engine/.venv/lib/python3.11/site-packages/airflow/example_dags/example_python_decorator.py
[2024-04-14T17:52:00.619-0400] {processor.py:830} INFO - Processing file /Users/manideepakreddyaila/Desktop/projects/Legal_Insights_Engine/.venv/lib/python3.11/site-packages/airflow/example_dags/example_python_decorator.py for tasks to queue
[2024-04-14T17:52:00.619-0400] {logging_mixin.py:188} INFO - [2024-04-14T17:52:00.619-0400] {dagbag.py:540} INFO - Filling up the DagBag from /Users/manideepakreddyaila/Desktop/projects/Legal_Insights_Engine/.venv/lib/python3.11/site-packages/airflow/example_dags/example_python_decorator.py
[2024-04-14T17:52:00.658-0400] {logging_mixin.py:188} INFO - [2024-04-14T17:52:00.658-0400] {example_python_decorator.py:80} WARNING - The virtalenv_python example task requires virtualenv, please install it.
[2024-04-14T17:52:00.659-0400] {processor.py:840} INFO - DAG(s) 'example_python_decorator' retrieved from /Users/manideepakreddyaila/Desktop/projects/Legal_Insights_Engine/.venv/lib/python3.11/site-packages/airflow/example_dags/example_python_decorator.py
[2024-04-14T17:52:00.695-0400] {logging_mixin.py:188} INFO - [2024-04-14T17:52:00.695-0400] {dag.py:3096} INFO - Sync 1 DAGs
[2024-04-14T17:52:00.698-0400] {logging_mixin.py:188} INFO - [2024-04-14T17:52:00.698-0400] {dag.py:3954} INFO - Setting next_dagrun for example_python_decorator to None, run_after=None
[2024-04-14T17:52:00.704-0400] {processor.py:183} INFO - Processing /Users/manideepakreddyaila/Desktop/projects/Legal_Insights_Engine/.venv/lib/python3.11/site-packages/airflow/example_dags/example_python_decorator.py took 0.087 seconds
[2024-04-14T17:53:59.023-0400] {processor.py:161} INFO - Started process (PID=36606) to work on /Users/manideepakreddyaila/Desktop/projects/Legal_Insights_Engine/.venv/lib/python3.11/site-packages/airflow/example_dags/example_python_decorator.py
[2024-04-14T17:53:59.024-0400] {processor.py:830} INFO - Processing file /Users/manideepakreddyaila/Desktop/projects/Legal_Insights_Engine/.venv/lib/python3.11/site-packages/airflow/example_dags/example_python_decorator.py for tasks to queue
[2024-04-14T17:53:59.024-0400] {logging_mixin.py:188} INFO - [2024-04-14T17:53:59.024-0400] {dagbag.py:540} INFO - Filling up the DagBag from /Users/manideepakreddyaila/Desktop/projects/Legal_Insights_Engine/.venv/lib/python3.11/site-packages/airflow/example_dags/example_python_decorator.py
[2024-04-14T17:53:59.066-0400] {logging_mixin.py:188} INFO - [2024-04-14T17:53:59.066-0400] {example_python_decorator.py:80} WARNING - The virtalenv_python example task requires virtualenv, please install it.
[2024-04-14T17:53:59.067-0400] {processor.py:840} INFO - DAG(s) 'example_python_decorator' retrieved from /Users/manideepakreddyaila/Desktop/projects/Legal_Insights_Engine/.venv/lib/python3.11/site-packages/airflow/example_dags/example_python_decorator.py
[2024-04-14T17:53:59.103-0400] {logging_mixin.py:188} INFO - [2024-04-14T17:53:59.103-0400] {dag.py:3096} INFO - Sync 1 DAGs
[2024-04-14T17:53:59.106-0400] {logging_mixin.py:188} INFO - [2024-04-14T17:53:59.106-0400] {dag.py:3954} INFO - Setting next_dagrun for example_python_decorator to None, run_after=None
[2024-04-14T17:53:59.112-0400] {processor.py:183} INFO - Processing /Users/manideepakreddyaila/Desktop/projects/Legal_Insights_Engine/.venv/lib/python3.11/site-packages/airflow/example_dags/example_python_decorator.py took 0.090 seconds
[2024-04-14T17:55:50.508-0400] {processor.py:161} INFO - Started process (PID=36760) to work on /Users/manideepakreddyaila/Desktop/projects/Legal_Insights_Engine/.venv/lib/python3.11/site-packages/airflow/example_dags/example_python_decorator.py
[2024-04-14T17:55:50.509-0400] {processor.py:830} INFO - Processing file /Users/manideepakreddyaila/Desktop/projects/Legal_Insights_Engine/.venv/lib/python3.11/site-packages/airflow/example_dags/example_python_decorator.py for tasks to queue
[2024-04-14T17:55:50.509-0400] {logging_mixin.py:188} INFO - [2024-04-14T17:55:50.509-0400] {dagbag.py:540} INFO - Filling up the DagBag from /Users/manideepakreddyaila/Desktop/projects/Legal_Insights_Engine/.venv/lib/python3.11/site-packages/airflow/example_dags/example_python_decorator.py
[2024-04-14T17:55:50.548-0400] {logging_mixin.py:188} INFO - [2024-04-14T17:55:50.548-0400] {example_python_decorator.py:80} WARNING - The virtalenv_python example task requires virtualenv, please install it.
[2024-04-14T17:55:50.548-0400] {processor.py:840} INFO - DAG(s) 'example_python_decorator' retrieved from /Users/manideepakreddyaila/Desktop/projects/Legal_Insights_Engine/.venv/lib/python3.11/site-packages/airflow/example_dags/example_python_decorator.py
[2024-04-14T17:55:50.584-0400] {logging_mixin.py:188} INFO - [2024-04-14T17:55:50.584-0400] {dag.py:3096} INFO - Sync 1 DAGs
[2024-04-14T17:55:50.587-0400] {logging_mixin.py:188} INFO - [2024-04-14T17:55:50.587-0400] {dag.py:3954} INFO - Setting next_dagrun for example_python_decorator to None, run_after=None
[2024-04-14T17:55:50.593-0400] {processor.py:183} INFO - Processing /Users/manideepakreddyaila/Desktop/projects/Legal_Insights_Engine/.venv/lib/python3.11/site-packages/airflow/example_dags/example_python_decorator.py took 0.087 seconds
[2024-04-14T17:57:47.014-0400] {processor.py:161} INFO - Started process (PID=36857) to work on /Users/manideepakreddyaila/Desktop/projects/Legal_Insights_Engine/.venv/lib/python3.11/site-packages/airflow/example_dags/example_python_decorator.py
[2024-04-14T17:57:47.015-0400] {processor.py:830} INFO - Processing file /Users/manideepakreddyaila/Desktop/projects/Legal_Insights_Engine/.venv/lib/python3.11/site-packages/airflow/example_dags/example_python_decorator.py for tasks to queue
[2024-04-14T17:57:47.016-0400] {logging_mixin.py:188} INFO - [2024-04-14T17:57:47.016-0400] {dagbag.py:540} INFO - Filling up the DagBag from /Users/manideepakreddyaila/Desktop/projects/Legal_Insights_Engine/.venv/lib/python3.11/site-packages/airflow/example_dags/example_python_decorator.py
[2024-04-14T17:57:47.055-0400] {logging_mixin.py:188} INFO - [2024-04-14T17:57:47.055-0400] {example_python_decorator.py:80} WARNING - The virtalenv_python example task requires virtualenv, please install it.
[2024-04-14T17:57:47.059-0400] {processor.py:840} INFO - DAG(s) 'example_python_decorator' retrieved from /Users/manideepakreddyaila/Desktop/projects/Legal_Insights_Engine/.venv/lib/python3.11/site-packages/airflow/example_dags/example_python_decorator.py
[2024-04-14T17:57:47.098-0400] {logging_mixin.py:188} INFO - [2024-04-14T17:57:47.097-0400] {dag.py:3096} INFO - Sync 1 DAGs
[2024-04-14T17:57:47.101-0400] {logging_mixin.py:188} INFO - [2024-04-14T17:57:47.101-0400] {dag.py:3954} INFO - Setting next_dagrun for example_python_decorator to None, run_after=None
[2024-04-14T17:57:47.108-0400] {processor.py:183} INFO - Processing /Users/manideepakreddyaila/Desktop/projects/Legal_Insights_Engine/.venv/lib/python3.11/site-packages/airflow/example_dags/example_python_decorator.py took 0.095 seconds
[2024-04-14T17:59:41.313-0400] {processor.py:161} INFO - Started process (PID=36950) to work on /Users/manideepakreddyaila/Desktop/projects/Legal_Insights_Engine/.venv/lib/python3.11/site-packages/airflow/example_dags/example_python_decorator.py
[2024-04-14T17:59:41.314-0400] {processor.py:830} INFO - Processing file /Users/manideepakreddyaila/Desktop/projects/Legal_Insights_Engine/.venv/lib/python3.11/site-packages/airflow/example_dags/example_python_decorator.py for tasks to queue
[2024-04-14T17:59:41.314-0400] {logging_mixin.py:188} INFO - [2024-04-14T17:59:41.314-0400] {dagbag.py:540} INFO - Filling up the DagBag from /Users/manideepakreddyaila/Desktop/projects/Legal_Insights_Engine/.venv/lib/python3.11/site-packages/airflow/example_dags/example_python_decorator.py
[2024-04-14T17:59:41.352-0400] {logging_mixin.py:188} INFO - [2024-04-14T17:59:41.352-0400] {example_python_decorator.py:80} WARNING - The virtalenv_python example task requires virtualenv, please install it.
[2024-04-14T17:59:41.353-0400] {processor.py:840} INFO - DAG(s) 'example_python_decorator' retrieved from /Users/manideepakreddyaila/Desktop/projects/Legal_Insights_Engine/.venv/lib/python3.11/site-packages/airflow/example_dags/example_python_decorator.py
[2024-04-14T17:59:41.390-0400] {logging_mixin.py:188} INFO - [2024-04-14T17:59:41.390-0400] {dag.py:3096} INFO - Sync 1 DAGs
[2024-04-14T17:59:41.394-0400] {logging_mixin.py:188} INFO - [2024-04-14T17:59:41.394-0400] {dag.py:3954} INFO - Setting next_dagrun for example_python_decorator to None, run_after=None
[2024-04-14T17:59:41.400-0400] {processor.py:183} INFO - Processing /Users/manideepakreddyaila/Desktop/projects/Legal_Insights_Engine/.venv/lib/python3.11/site-packages/airflow/example_dags/example_python_decorator.py took 0.089 seconds
[2024-04-14T18:01:40.918-0400] {processor.py:161} INFO - Started process (PID=37058) to work on /Users/manideepakreddyaila/Desktop/projects/Legal_Insights_Engine/.venv/lib/python3.11/site-packages/airflow/example_dags/example_python_decorator.py
[2024-04-14T18:01:40.919-0400] {processor.py:830} INFO - Processing file /Users/manideepakreddyaila/Desktop/projects/Legal_Insights_Engine/.venv/lib/python3.11/site-packages/airflow/example_dags/example_python_decorator.py for tasks to queue
[2024-04-14T18:01:40.920-0400] {logging_mixin.py:188} INFO - [2024-04-14T18:01:40.920-0400] {dagbag.py:540} INFO - Filling up the DagBag from /Users/manideepakreddyaila/Desktop/projects/Legal_Insights_Engine/.venv/lib/python3.11/site-packages/airflow/example_dags/example_python_decorator.py
[2024-04-14T18:01:40.958-0400] {logging_mixin.py:188} INFO - [2024-04-14T18:01:40.958-0400] {example_python_decorator.py:80} WARNING - The virtalenv_python example task requires virtualenv, please install it.
[2024-04-14T18:01:40.959-0400] {processor.py:840} INFO - DAG(s) 'example_python_decorator' retrieved from /Users/manideepakreddyaila/Desktop/projects/Legal_Insights_Engine/.venv/lib/python3.11/site-packages/airflow/example_dags/example_python_decorator.py
[2024-04-14T18:01:40.996-0400] {logging_mixin.py:188} INFO - [2024-04-14T18:01:40.996-0400] {dag.py:3096} INFO - Sync 1 DAGs
[2024-04-14T18:01:41.000-0400] {logging_mixin.py:188} INFO - [2024-04-14T18:01:41.000-0400] {dag.py:3954} INFO - Setting next_dagrun for example_python_decorator to None, run_after=None
[2024-04-14T18:01:41.007-0400] {processor.py:183} INFO - Processing /Users/manideepakreddyaila/Desktop/projects/Legal_Insights_Engine/.venv/lib/python3.11/site-packages/airflow/example_dags/example_python_decorator.py took 0.090 seconds
[2024-04-14T18:03:42.169-0400] {processor.py:161} INFO - Started process (PID=37152) to work on /Users/manideepakreddyaila/Desktop/projects/Legal_Insights_Engine/.venv/lib/python3.11/site-packages/airflow/example_dags/example_python_decorator.py
[2024-04-14T18:03:42.169-0400] {processor.py:830} INFO - Processing file /Users/manideepakreddyaila/Desktop/projects/Legal_Insights_Engine/.venv/lib/python3.11/site-packages/airflow/example_dags/example_python_decorator.py for tasks to queue
[2024-04-14T18:03:42.170-0400] {logging_mixin.py:188} INFO - [2024-04-14T18:03:42.170-0400] {dagbag.py:540} INFO - Filling up the DagBag from /Users/manideepakreddyaila/Desktop/projects/Legal_Insights_Engine/.venv/lib/python3.11/site-packages/airflow/example_dags/example_python_decorator.py
[2024-04-14T18:03:42.209-0400] {logging_mixin.py:188} INFO - [2024-04-14T18:03:42.208-0400] {example_python_decorator.py:80} WARNING - The virtalenv_python example task requires virtualenv, please install it.
[2024-04-14T18:03:42.209-0400] {processor.py:840} INFO - DAG(s) 'example_python_decorator' retrieved from /Users/manideepakreddyaila/Desktop/projects/Legal_Insights_Engine/.venv/lib/python3.11/site-packages/airflow/example_dags/example_python_decorator.py
[2024-04-14T18:03:42.245-0400] {logging_mixin.py:188} INFO - [2024-04-14T18:03:42.245-0400] {dag.py:3096} INFO - Sync 1 DAGs
[2024-04-14T18:03:42.248-0400] {logging_mixin.py:188} INFO - [2024-04-14T18:03:42.248-0400] {dag.py:3954} INFO - Setting next_dagrun for example_python_decorator to None, run_after=None
[2024-04-14T18:03:42.255-0400] {processor.py:183} INFO - Processing /Users/manideepakreddyaila/Desktop/projects/Legal_Insights_Engine/.venv/lib/python3.11/site-packages/airflow/example_dags/example_python_decorator.py took 0.087 seconds
[2024-04-14T18:05:40.076-0400] {processor.py:161} INFO - Started process (PID=37243) to work on /Users/manideepakreddyaila/Desktop/projects/Legal_Insights_Engine/.venv/lib/python3.11/site-packages/airflow/example_dags/example_python_decorator.py
[2024-04-14T18:05:40.077-0400] {processor.py:830} INFO - Processing file /Users/manideepakreddyaila/Desktop/projects/Legal_Insights_Engine/.venv/lib/python3.11/site-packages/airflow/example_dags/example_python_decorator.py for tasks to queue
[2024-04-14T18:05:40.077-0400] {logging_mixin.py:188} INFO - [2024-04-14T18:05:40.077-0400] {dagbag.py:540} INFO - Filling up the DagBag from /Users/manideepakreddyaila/Desktop/projects/Legal_Insights_Engine/.venv/lib/python3.11/site-packages/airflow/example_dags/example_python_decorator.py
[2024-04-14T18:05:40.115-0400] {logging_mixin.py:188} INFO - [2024-04-14T18:05:40.115-0400] {example_python_decorator.py:80} WARNING - The virtalenv_python example task requires virtualenv, please install it.
[2024-04-14T18:05:40.116-0400] {processor.py:840} INFO - DAG(s) 'example_python_decorator' retrieved from /Users/manideepakreddyaila/Desktop/projects/Legal_Insights_Engine/.venv/lib/python3.11/site-packages/airflow/example_dags/example_python_decorator.py
[2024-04-14T18:05:40.151-0400] {logging_mixin.py:188} INFO - [2024-04-14T18:05:40.151-0400] {dag.py:3096} INFO - Sync 1 DAGs
[2024-04-14T18:05:40.155-0400] {logging_mixin.py:188} INFO - [2024-04-14T18:05:40.155-0400] {dag.py:3954} INFO - Setting next_dagrun for example_python_decorator to None, run_after=None
[2024-04-14T18:05:40.161-0400] {processor.py:183} INFO - Processing /Users/manideepakreddyaila/Desktop/projects/Legal_Insights_Engine/.venv/lib/python3.11/site-packages/airflow/example_dags/example_python_decorator.py took 0.086 seconds
[2024-04-14T18:07:38.489-0400] {processor.py:161} INFO - Started process (PID=37345) to work on /Users/manideepakreddyaila/Desktop/projects/Legal_Insights_Engine/.venv/lib/python3.11/site-packages/airflow/example_dags/example_python_decorator.py
[2024-04-14T18:07:38.490-0400] {processor.py:830} INFO - Processing file /Users/manideepakreddyaila/Desktop/projects/Legal_Insights_Engine/.venv/lib/python3.11/site-packages/airflow/example_dags/example_python_decorator.py for tasks to queue
[2024-04-14T18:07:38.490-0400] {logging_mixin.py:188} INFO - [2024-04-14T18:07:38.490-0400] {dagbag.py:540} INFO - Filling up the DagBag from /Users/manideepakreddyaila/Desktop/projects/Legal_Insights_Engine/.venv/lib/python3.11/site-packages/airflow/example_dags/example_python_decorator.py
[2024-04-14T18:07:38.530-0400] {logging_mixin.py:188} INFO - [2024-04-14T18:07:38.530-0400] {example_python_decorator.py:80} WARNING - The virtalenv_python example task requires virtualenv, please install it.
[2024-04-14T18:07:38.531-0400] {processor.py:840} INFO - DAG(s) 'example_python_decorator' retrieved from /Users/manideepakreddyaila/Desktop/projects/Legal_Insights_Engine/.venv/lib/python3.11/site-packages/airflow/example_dags/example_python_decorator.py
[2024-04-14T18:07:38.567-0400] {logging_mixin.py:188} INFO - [2024-04-14T18:07:38.567-0400] {dag.py:3096} INFO - Sync 1 DAGs
[2024-04-14T18:07:38.570-0400] {logging_mixin.py:188} INFO - [2024-04-14T18:07:38.570-0400] {dag.py:3954} INFO - Setting next_dagrun for example_python_decorator to None, run_after=None
[2024-04-14T18:07:38.577-0400] {processor.py:183} INFO - Processing /Users/manideepakreddyaila/Desktop/projects/Legal_Insights_Engine/.venv/lib/python3.11/site-packages/airflow/example_dags/example_python_decorator.py took 0.089 seconds
[2024-04-14T18:09:28.763-0400] {processor.py:161} INFO - Started process (PID=37432) to work on /Users/manideepakreddyaila/Desktop/projects/Legal_Insights_Engine/.venv/lib/python3.11/site-packages/airflow/example_dags/example_python_decorator.py
[2024-04-14T18:09:28.764-0400] {processor.py:830} INFO - Processing file /Users/manideepakreddyaila/Desktop/projects/Legal_Insights_Engine/.venv/lib/python3.11/site-packages/airflow/example_dags/example_python_decorator.py for tasks to queue
[2024-04-14T18:09:28.764-0400] {logging_mixin.py:188} INFO - [2024-04-14T18:09:28.764-0400] {dagbag.py:540} INFO - Filling up the DagBag from /Users/manideepakreddyaila/Desktop/projects/Legal_Insights_Engine/.venv/lib/python3.11/site-packages/airflow/example_dags/example_python_decorator.py
[2024-04-14T18:09:28.802-0400] {logging_mixin.py:188} INFO - [2024-04-14T18:09:28.802-0400] {example_python_decorator.py:80} WARNING - The virtalenv_python example task requires virtualenv, please install it.
[2024-04-14T18:09:28.803-0400] {processor.py:840} INFO - DAG(s) 'example_python_decorator' retrieved from /Users/manideepakreddyaila/Desktop/projects/Legal_Insights_Engine/.venv/lib/python3.11/site-packages/airflow/example_dags/example_python_decorator.py
[2024-04-14T18:09:28.839-0400] {logging_mixin.py:188} INFO - [2024-04-14T18:09:28.838-0400] {dag.py:3096} INFO - Sync 1 DAGs
[2024-04-14T18:09:28.842-0400] {logging_mixin.py:188} INFO - [2024-04-14T18:09:28.842-0400] {dag.py:3954} INFO - Setting next_dagrun for example_python_decorator to None, run_after=None
[2024-04-14T18:09:28.848-0400] {processor.py:183} INFO - Processing /Users/manideepakreddyaila/Desktop/projects/Legal_Insights_Engine/.venv/lib/python3.11/site-packages/airflow/example_dags/example_python_decorator.py took 0.086 seconds
[2024-04-14T18:11:27.452-0400] {processor.py:161} INFO - Started process (PID=37537) to work on /Users/manideepakreddyaila/Desktop/projects/Legal_Insights_Engine/.venv/lib/python3.11/site-packages/airflow/example_dags/example_python_decorator.py
[2024-04-14T18:11:27.453-0400] {processor.py:830} INFO - Processing file /Users/manideepakreddyaila/Desktop/projects/Legal_Insights_Engine/.venv/lib/python3.11/site-packages/airflow/example_dags/example_python_decorator.py for tasks to queue
[2024-04-14T18:11:27.453-0400] {logging_mixin.py:188} INFO - [2024-04-14T18:11:27.453-0400] {dagbag.py:540} INFO - Filling up the DagBag from /Users/manideepakreddyaila/Desktop/projects/Legal_Insights_Engine/.venv/lib/python3.11/site-packages/airflow/example_dags/example_python_decorator.py
[2024-04-14T18:11:27.492-0400] {logging_mixin.py:188} INFO - [2024-04-14T18:11:27.492-0400] {example_python_decorator.py:80} WARNING - The virtalenv_python example task requires virtualenv, please install it.
[2024-04-14T18:11:27.493-0400] {processor.py:840} INFO - DAG(s) 'example_python_decorator' retrieved from /Users/manideepakreddyaila/Desktop/projects/Legal_Insights_Engine/.venv/lib/python3.11/site-packages/airflow/example_dags/example_python_decorator.py
[2024-04-14T18:11:27.528-0400] {logging_mixin.py:188} INFO - [2024-04-14T18:11:27.528-0400] {dag.py:3096} INFO - Sync 1 DAGs
[2024-04-14T18:11:27.532-0400] {logging_mixin.py:188} INFO - [2024-04-14T18:11:27.532-0400] {dag.py:3954} INFO - Setting next_dagrun for example_python_decorator to None, run_after=None
[2024-04-14T18:11:27.538-0400] {processor.py:183} INFO - Processing /Users/manideepakreddyaila/Desktop/projects/Legal_Insights_Engine/.venv/lib/python3.11/site-packages/airflow/example_dags/example_python_decorator.py took 0.087 seconds
[2024-04-14T18:13:25.792-0400] {processor.py:161} INFO - Started process (PID=37647) to work on /Users/manideepakreddyaila/Desktop/projects/Legal_Insights_Engine/.venv/lib/python3.11/site-packages/airflow/example_dags/example_python_decorator.py
[2024-04-14T18:13:25.792-0400] {processor.py:830} INFO - Processing file /Users/manideepakreddyaila/Desktop/projects/Legal_Insights_Engine/.venv/lib/python3.11/site-packages/airflow/example_dags/example_python_decorator.py for tasks to queue
[2024-04-14T18:13:25.793-0400] {logging_mixin.py:188} INFO - [2024-04-14T18:13:25.793-0400] {dagbag.py:540} INFO - Filling up the DagBag from /Users/manideepakreddyaila/Desktop/projects/Legal_Insights_Engine/.venv/lib/python3.11/site-packages/airflow/example_dags/example_python_decorator.py
[2024-04-14T18:13:25.832-0400] {logging_mixin.py:188} INFO - [2024-04-14T18:13:25.832-0400] {example_python_decorator.py:80} WARNING - The virtalenv_python example task requires virtualenv, please install it.
[2024-04-14T18:13:25.833-0400] {processor.py:840} INFO - DAG(s) 'example_python_decorator' retrieved from /Users/manideepakreddyaila/Desktop/projects/Legal_Insights_Engine/.venv/lib/python3.11/site-packages/airflow/example_dags/example_python_decorator.py
[2024-04-14T18:13:25.868-0400] {logging_mixin.py:188} INFO - [2024-04-14T18:13:25.868-0400] {dag.py:3096} INFO - Sync 1 DAGs
[2024-04-14T18:13:25.872-0400] {logging_mixin.py:188} INFO - [2024-04-14T18:13:25.872-0400] {dag.py:3954} INFO - Setting next_dagrun for example_python_decorator to None, run_after=None
[2024-04-14T18:13:25.878-0400] {processor.py:183} INFO - Processing /Users/manideepakreddyaila/Desktop/projects/Legal_Insights_Engine/.venv/lib/python3.11/site-packages/airflow/example_dags/example_python_decorator.py took 0.087 seconds
[2024-04-14T18:15:23.759-0400] {processor.py:161} INFO - Started process (PID=37751) to work on /Users/manideepakreddyaila/Desktop/projects/Legal_Insights_Engine/.venv/lib/python3.11/site-packages/airflow/example_dags/example_python_decorator.py
[2024-04-14T18:15:23.760-0400] {processor.py:830} INFO - Processing file /Users/manideepakreddyaila/Desktop/projects/Legal_Insights_Engine/.venv/lib/python3.11/site-packages/airflow/example_dags/example_python_decorator.py for tasks to queue
[2024-04-14T18:15:23.760-0400] {logging_mixin.py:188} INFO - [2024-04-14T18:15:23.760-0400] {dagbag.py:540} INFO - Filling up the DagBag from /Users/manideepakreddyaila/Desktop/projects/Legal_Insights_Engine/.venv/lib/python3.11/site-packages/airflow/example_dags/example_python_decorator.py
[2024-04-14T18:15:23.800-0400] {logging_mixin.py:188} INFO - [2024-04-14T18:15:23.800-0400] {example_python_decorator.py:80} WARNING - The virtalenv_python example task requires virtualenv, please install it.
[2024-04-14T18:15:23.801-0400] {processor.py:840} INFO - DAG(s) 'example_python_decorator' retrieved from /Users/manideepakreddyaila/Desktop/projects/Legal_Insights_Engine/.venv/lib/python3.11/site-packages/airflow/example_dags/example_python_decorator.py
[2024-04-14T18:15:23.836-0400] {logging_mixin.py:188} INFO - [2024-04-14T18:15:23.836-0400] {dag.py:3096} INFO - Sync 1 DAGs
[2024-04-14T18:15:23.839-0400] {logging_mixin.py:188} INFO - [2024-04-14T18:15:23.839-0400] {dag.py:3954} INFO - Setting next_dagrun for example_python_decorator to None, run_after=None
[2024-04-14T18:15:23.846-0400] {processor.py:183} INFO - Processing /Users/manideepakreddyaila/Desktop/projects/Legal_Insights_Engine/.venv/lib/python3.11/site-packages/airflow/example_dags/example_python_decorator.py took 0.087 seconds
