[2024-04-13T20:07:29.898-0400] {processor.py:161} INFO - Started process (PID=31695) to work on /Users/manideepakreddyaila/Desktop/projects/Legal_Insights_Engine/.venv/lib/python3.11/site-packages/airflow/example_dags/example_branch_labels.py
[2024-04-13T20:07:29.899-0400] {processor.py:830} INFO - Processing file /Users/manideepakreddyaila/Desktop/projects/Legal_Insights_Engine/.venv/lib/python3.11/site-packages/airflow/example_dags/example_branch_labels.py for tasks to queue
[2024-04-13T20:07:29.899-0400] {logging_mixin.py:188} INFO - [2024-04-13T20:07:29.899-0400] {dagbag.py:540} INFO - Filling up the DagBag from /Users/manideepakreddyaila/Desktop/projects/Legal_Insights_Engine/.venv/lib/python3.11/site-packages/airflow/example_dags/example_branch_labels.py
[2024-04-13T20:07:29.932-0400] {processor.py:840} INFO - DAG(s) 'example_branch_labels' retrieved from /Users/manideepakreddyaila/Desktop/projects/Legal_Insights_Engine/.venv/lib/python3.11/site-packages/airflow/example_dags/example_branch_labels.py
[2024-04-13T20:07:29.970-0400] {logging_mixin.py:188} INFO - [2024-04-13T20:07:29.970-0400] {dag.py:3096} INFO - Sync 1 DAGs
[2024-04-13T20:07:29.976-0400] {logging_mixin.py:188} INFO - [2024-04-13T20:07:29.976-0400] {dag.py:3954} INFO - Setting next_dagrun for example_branch_labels to 2024-04-13 00:00:00+00:00, run_after=2024-04-14 00:00:00+00:00
[2024-04-13T20:07:29.982-0400] {processor.py:183} INFO - Processing /Users/manideepakreddyaila/Desktop/projects/Legal_Insights_Engine/.venv/lib/python3.11/site-packages/airflow/example_dags/example_branch_labels.py took 0.085 seconds
[2024-04-13T23:10:19.416-0400] {processor.py:161} INFO - Started process (PID=31936) to work on /Users/manideepakreddyaila/Desktop/projects/Legal_Insights_Engine/.venv/lib/python3.11/site-packages/airflow/example_dags/example_branch_labels.py
[2024-04-13T23:10:19.417-0400] {processor.py:830} INFO - Processing file /Users/manideepakreddyaila/Desktop/projects/Legal_Insights_Engine/.venv/lib/python3.11/site-packages/airflow/example_dags/example_branch_labels.py for tasks to queue
[2024-04-13T23:10:19.417-0400] {logging_mixin.py:188} INFO - [2024-04-13T23:10:19.417-0400] {dagbag.py:540} INFO - Filling up the DagBag from /Users/manideepakreddyaila/Desktop/projects/Legal_Insights_Engine/.venv/lib/python3.11/site-packages/airflow/example_dags/example_branch_labels.py
[2024-04-13T23:10:19.446-0400] {processor.py:840} INFO - DAG(s) 'example_branch_labels' retrieved from /Users/manideepakreddyaila/Desktop/projects/Legal_Insights_Engine/.venv/lib/python3.11/site-packages/airflow/example_dags/example_branch_labels.py
[2024-04-13T23:10:19.481-0400] {logging_mixin.py:188} INFO - [2024-04-13T23:10:19.481-0400] {dag.py:3096} INFO - Sync 1 DAGs
[2024-04-13T23:10:19.487-0400] {logging_mixin.py:188} INFO - [2024-04-13T23:10:19.487-0400] {dag.py:3954} INFO - Setting next_dagrun for example_branch_labels to 2024-04-13 00:00:00+00:00, run_after=2024-04-14 00:00:00+00:00
[2024-04-13T23:10:19.493-0400] {processor.py:183} INFO - Processing /Users/manideepakreddyaila/Desktop/projects/Legal_Insights_Engine/.venv/lib/python3.11/site-packages/airflow/example_dags/example_branch_labels.py took 0.078 seconds
[2024-04-14T02:02:13.996-0400] {processor.py:161} INFO - Started process (PID=32159) to work on /Users/manideepakreddyaila/Desktop/projects/Legal_Insights_Engine/.venv/lib/python3.11/site-packages/airflow/example_dags/example_branch_labels.py
[2024-04-14T02:02:13.997-0400] {processor.py:830} INFO - Processing file /Users/manideepakreddyaila/Desktop/projects/Legal_Insights_Engine/.venv/lib/python3.11/site-packages/airflow/example_dags/example_branch_labels.py for tasks to queue
[2024-04-14T02:02:13.997-0400] {logging_mixin.py:188} INFO - [2024-04-14T02:02:13.997-0400] {dagbag.py:540} INFO - Filling up the DagBag from /Users/manideepakreddyaila/Desktop/projects/Legal_Insights_Engine/.venv/lib/python3.11/site-packages/airflow/example_dags/example_branch_labels.py
[2024-04-14T02:02:14.026-0400] {processor.py:840} INFO - DAG(s) 'example_branch_labels' retrieved from /Users/manideepakreddyaila/Desktop/projects/Legal_Insights_Engine/.venv/lib/python3.11/site-packages/airflow/example_dags/example_branch_labels.py
[2024-04-14T02:02:14.062-0400] {logging_mixin.py:188} INFO - [2024-04-14T02:02:14.062-0400] {dag.py:3096} INFO - Sync 1 DAGs
[2024-04-14T02:02:14.068-0400] {logging_mixin.py:188} INFO - [2024-04-14T02:02:14.068-0400] {dag.py:3954} INFO - Setting next_dagrun for example_branch_labels to 2024-04-13 00:00:00+00:00, run_after=2024-04-14 00:00:00+00:00
[2024-04-14T02:02:14.074-0400] {processor.py:183} INFO - Processing /Users/manideepakreddyaila/Desktop/projects/Legal_Insights_Engine/.venv/lib/python3.11/site-packages/airflow/example_dags/example_branch_labels.py took 0.079 seconds
[2024-04-14T04:34:11.927-0400] {processor.py:161} INFO - Started process (PID=32405) to work on /Users/manideepakreddyaila/Desktop/projects/Legal_Insights_Engine/.venv/lib/python3.11/site-packages/airflow/example_dags/example_branch_labels.py
[2024-04-14T04:34:11.932-0400] {processor.py:830} INFO - Processing file /Users/manideepakreddyaila/Desktop/projects/Legal_Insights_Engine/.venv/lib/python3.11/site-packages/airflow/example_dags/example_branch_labels.py for tasks to queue
[2024-04-14T04:34:11.945-0400] {logging_mixin.py:188} INFO - [2024-04-14T04:34:11.942-0400] {dagbag.py:540} INFO - Filling up the DagBag from /Users/manideepakreddyaila/Desktop/projects/Legal_Insights_Engine/.venv/lib/python3.11/site-packages/airflow/example_dags/example_branch_labels.py
[2024-04-14T04:34:12.192-0400] {processor.py:840} INFO - DAG(s) 'example_branch_labels' retrieved from /Users/manideepakreddyaila/Desktop/projects/Legal_Insights_Engine/.venv/lib/python3.11/site-packages/airflow/example_dags/example_branch_labels.py
[2024-04-14T04:34:12.367-0400] {logging_mixin.py:188} INFO - [2024-04-14T04:34:12.367-0400] {dag.py:3096} INFO - Sync 1 DAGs
[2024-04-14T04:34:12.393-0400] {logging_mixin.py:188} INFO - [2024-04-14T04:34:12.393-0400] {dag.py:3954} INFO - Setting next_dagrun for example_branch_labels to 2024-04-13 00:00:00+00:00, run_after=2024-04-14 00:00:00+00:00
[2024-04-14T04:34:12.405-0400] {processor.py:183} INFO - Processing /Users/manideepakreddyaila/Desktop/projects/Legal_Insights_Engine/.venv/lib/python3.11/site-packages/airflow/example_dags/example_branch_labels.py took 0.528 seconds
[2024-04-14T08:11:03.009-0400] {processor.py:161} INFO - Started process (PID=32753) to work on /Users/manideepakreddyaila/Desktop/projects/Legal_Insights_Engine/.venv/lib/python3.11/site-packages/airflow/example_dags/example_branch_labels.py
[2024-04-14T08:11:03.010-0400] {processor.py:830} INFO - Processing file /Users/manideepakreddyaila/Desktop/projects/Legal_Insights_Engine/.venv/lib/python3.11/site-packages/airflow/example_dags/example_branch_labels.py for tasks to queue
[2024-04-14T08:11:03.010-0400] {logging_mixin.py:188} INFO - [2024-04-14T08:11:03.010-0400] {dagbag.py:540} INFO - Filling up the DagBag from /Users/manideepakreddyaila/Desktop/projects/Legal_Insights_Engine/.venv/lib/python3.11/site-packages/airflow/example_dags/example_branch_labels.py
[2024-04-14T08:11:03.040-0400] {processor.py:840} INFO - DAG(s) 'example_branch_labels' retrieved from /Users/manideepakreddyaila/Desktop/projects/Legal_Insights_Engine/.venv/lib/python3.11/site-packages/airflow/example_dags/example_branch_labels.py
[2024-04-14T08:11:03.076-0400] {logging_mixin.py:188} INFO - [2024-04-14T08:11:03.076-0400] {dag.py:3096} INFO - Sync 1 DAGs
[2024-04-14T08:11:03.082-0400] {logging_mixin.py:188} INFO - [2024-04-14T08:11:03.082-0400] {dag.py:3954} INFO - Setting next_dagrun for example_branch_labels to 2024-04-13 00:00:00+00:00, run_after=2024-04-14 00:00:00+00:00
[2024-04-14T08:11:03.089-0400] {processor.py:183} INFO - Processing /Users/manideepakreddyaila/Desktop/projects/Legal_Insights_Engine/.venv/lib/python3.11/site-packages/airflow/example_dags/example_branch_labels.py took 0.080 seconds
[2024-04-14T08:18:59.829-0400] {processor.py:161} INFO - Started process (PID=32901) to work on /Users/manideepakreddyaila/Desktop/projects/Legal_Insights_Engine/.venv/lib/python3.11/site-packages/airflow/example_dags/example_branch_labels.py
[2024-04-14T08:18:59.831-0400] {processor.py:830} INFO - Processing file /Users/manideepakreddyaila/Desktop/projects/Legal_Insights_Engine/.venv/lib/python3.11/site-packages/airflow/example_dags/example_branch_labels.py for tasks to queue
[2024-04-14T08:18:59.831-0400] {logging_mixin.py:188} INFO - [2024-04-14T08:18:59.831-0400] {dagbag.py:540} INFO - Filling up the DagBag from /Users/manideepakreddyaila/Desktop/projects/Legal_Insights_Engine/.venv/lib/python3.11/site-packages/airflow/example_dags/example_branch_labels.py
[2024-04-14T08:18:59.860-0400] {processor.py:840} INFO - DAG(s) 'example_branch_labels' retrieved from /Users/manideepakreddyaila/Desktop/projects/Legal_Insights_Engine/.venv/lib/python3.11/site-packages/airflow/example_dags/example_branch_labels.py
[2024-04-14T08:18:59.895-0400] {logging_mixin.py:188} INFO - [2024-04-14T08:18:59.895-0400] {dag.py:3096} INFO - Sync 1 DAGs
[2024-04-14T08:18:59.901-0400] {logging_mixin.py:188} INFO - [2024-04-14T08:18:59.901-0400] {dag.py:3954} INFO - Setting next_dagrun for example_branch_labels to 2024-04-13 00:00:00+00:00, run_after=2024-04-14 00:00:00+00:00
[2024-04-14T08:18:59.907-0400] {processor.py:183} INFO - Processing /Users/manideepakreddyaila/Desktop/projects/Legal_Insights_Engine/.venv/lib/python3.11/site-packages/airflow/example_dags/example_branch_labels.py took 0.079 seconds
[2024-04-14T12:04:02.903-0400] {processor.py:161} INFO - Started process (PID=33189) to work on /Users/manideepakreddyaila/Desktop/projects/Legal_Insights_Engine/.venv/lib/python3.11/site-packages/airflow/example_dags/example_branch_labels.py
[2024-04-14T12:04:02.904-0400] {processor.py:830} INFO - Processing file /Users/manideepakreddyaila/Desktop/projects/Legal_Insights_Engine/.venv/lib/python3.11/site-packages/airflow/example_dags/example_branch_labels.py for tasks to queue
[2024-04-14T12:04:02.904-0400] {logging_mixin.py:188} INFO - [2024-04-14T12:04:02.904-0400] {dagbag.py:540} INFO - Filling up the DagBag from /Users/manideepakreddyaila/Desktop/projects/Legal_Insights_Engine/.venv/lib/python3.11/site-packages/airflow/example_dags/example_branch_labels.py
[2024-04-14T12:04:02.938-0400] {processor.py:840} INFO - DAG(s) 'example_branch_labels' retrieved from /Users/manideepakreddyaila/Desktop/projects/Legal_Insights_Engine/.venv/lib/python3.11/site-packages/airflow/example_dags/example_branch_labels.py
[2024-04-14T12:04:02.975-0400] {logging_mixin.py:188} INFO - [2024-04-14T12:04:02.975-0400] {dag.py:3096} INFO - Sync 1 DAGs
[2024-04-14T12:04:02.981-0400] {logging_mixin.py:188} INFO - [2024-04-14T12:04:02.981-0400] {dag.py:3954} INFO - Setting next_dagrun for example_branch_labels to 2024-04-13 00:00:00+00:00, run_after=2024-04-14 00:00:00+00:00
[2024-04-14T12:04:02.987-0400] {processor.py:183} INFO - Processing /Users/manideepakreddyaila/Desktop/projects/Legal_Insights_Engine/.venv/lib/python3.11/site-packages/airflow/example_dags/example_branch_labels.py took 0.085 seconds
[2024-04-14T14:24:57.918-0400] {processor.py:161} INFO - Started process (PID=33494) to work on /Users/manideepakreddyaila/Desktop/projects/Legal_Insights_Engine/.venv/lib/python3.11/site-packages/airflow/example_dags/example_branch_labels.py
[2024-04-14T14:24:57.919-0400] {processor.py:830} INFO - Processing file /Users/manideepakreddyaila/Desktop/projects/Legal_Insights_Engine/.venv/lib/python3.11/site-packages/airflow/example_dags/example_branch_labels.py for tasks to queue
[2024-04-14T14:24:57.919-0400] {logging_mixin.py:188} INFO - [2024-04-14T14:24:57.919-0400] {dagbag.py:540} INFO - Filling up the DagBag from /Users/manideepakreddyaila/Desktop/projects/Legal_Insights_Engine/.venv/lib/python3.11/site-packages/airflow/example_dags/example_branch_labels.py
[2024-04-14T14:24:57.947-0400] {processor.py:840} INFO - DAG(s) 'example_branch_labels' retrieved from /Users/manideepakreddyaila/Desktop/projects/Legal_Insights_Engine/.venv/lib/python3.11/site-packages/airflow/example_dags/example_branch_labels.py
[2024-04-14T14:24:57.984-0400] {logging_mixin.py:188} INFO - [2024-04-14T14:24:57.983-0400] {dag.py:3096} INFO - Sync 1 DAGs
[2024-04-14T14:24:57.990-0400] {logging_mixin.py:188} INFO - [2024-04-14T14:24:57.990-0400] {dag.py:3954} INFO - Setting next_dagrun for example_branch_labels to 2024-04-13 00:00:00+00:00, run_after=2024-04-14 00:00:00+00:00
[2024-04-14T14:24:57.996-0400] {processor.py:183} INFO - Processing /Users/manideepakreddyaila/Desktop/projects/Legal_Insights_Engine/.venv/lib/python3.11/site-packages/airflow/example_dags/example_branch_labels.py took 0.079 seconds
[2024-04-14T16:37:25.619-0400] {processor.py:161} INFO - Started process (PID=33785) to work on /Users/manideepakreddyaila/Desktop/projects/Legal_Insights_Engine/.venv/lib/python3.11/site-packages/airflow/example_dags/example_branch_labels.py
[2024-04-14T16:37:25.620-0400] {processor.py:830} INFO - Processing file /Users/manideepakreddyaila/Desktop/projects/Legal_Insights_Engine/.venv/lib/python3.11/site-packages/airflow/example_dags/example_branch_labels.py for tasks to queue
[2024-04-14T16:37:25.620-0400] {logging_mixin.py:188} INFO - [2024-04-14T16:37:25.620-0400] {dagbag.py:540} INFO - Filling up the DagBag from /Users/manideepakreddyaila/Desktop/projects/Legal_Insights_Engine/.venv/lib/python3.11/site-packages/airflow/example_dags/example_branch_labels.py
[2024-04-14T16:37:25.649-0400] {processor.py:840} INFO - DAG(s) 'example_branch_labels' retrieved from /Users/manideepakreddyaila/Desktop/projects/Legal_Insights_Engine/.venv/lib/python3.11/site-packages/airflow/example_dags/example_branch_labels.py
[2024-04-14T16:37:25.684-0400] {logging_mixin.py:188} INFO - [2024-04-14T16:37:25.684-0400] {dag.py:3096} INFO - Sync 1 DAGs
[2024-04-14T16:37:25.689-0400] {logging_mixin.py:188} INFO - [2024-04-14T16:37:25.689-0400] {dag.py:3954} INFO - Setting next_dagrun for example_branch_labels to 2024-04-13 00:00:00+00:00, run_after=2024-04-14 00:00:00+00:00
[2024-04-14T16:37:25.695-0400] {processor.py:183} INFO - Processing /Users/manideepakreddyaila/Desktop/projects/Legal_Insights_Engine/.venv/lib/python3.11/site-packages/airflow/example_dags/example_branch_labels.py took 0.077 seconds
[2024-04-14T16:39:26.885-0400] {processor.py:161} INFO - Started process (PID=33877) to work on /Users/manideepakreddyaila/Desktop/projects/Legal_Insights_Engine/.venv/lib/python3.11/site-packages/airflow/example_dags/example_branch_labels.py
[2024-04-14T16:39:26.886-0400] {processor.py:830} INFO - Processing file /Users/manideepakreddyaila/Desktop/projects/Legal_Insights_Engine/.venv/lib/python3.11/site-packages/airflow/example_dags/example_branch_labels.py for tasks to queue
[2024-04-14T16:39:26.886-0400] {logging_mixin.py:188} INFO - [2024-04-14T16:39:26.886-0400] {dagbag.py:540} INFO - Filling up the DagBag from /Users/manideepakreddyaila/Desktop/projects/Legal_Insights_Engine/.venv/lib/python3.11/site-packages/airflow/example_dags/example_branch_labels.py
[2024-04-14T16:39:26.918-0400] {processor.py:840} INFO - DAG(s) 'example_branch_labels' retrieved from /Users/manideepakreddyaila/Desktop/projects/Legal_Insights_Engine/.venv/lib/python3.11/site-packages/airflow/example_dags/example_branch_labels.py
[2024-04-14T16:39:26.956-0400] {logging_mixin.py:188} INFO - [2024-04-14T16:39:26.956-0400] {dag.py:3096} INFO - Sync 1 DAGs
[2024-04-14T16:39:26.962-0400] {logging_mixin.py:188} INFO - [2024-04-14T16:39:26.962-0400] {dag.py:3954} INFO - Setting next_dagrun for example_branch_labels to 2024-04-13 00:00:00+00:00, run_after=2024-04-14 00:00:00+00:00
[2024-04-14T16:39:26.969-0400] {processor.py:183} INFO - Processing /Users/manideepakreddyaila/Desktop/projects/Legal_Insights_Engine/.venv/lib/python3.11/site-packages/airflow/example_dags/example_branch_labels.py took 0.086 seconds
[2024-04-14T16:41:22.311-0400] {processor.py:161} INFO - Started process (PID=33979) to work on /Users/manideepakreddyaila/Desktop/projects/Legal_Insights_Engine/.venv/lib/python3.11/site-packages/airflow/example_dags/example_branch_labels.py
[2024-04-14T16:41:22.312-0400] {processor.py:830} INFO - Processing file /Users/manideepakreddyaila/Desktop/projects/Legal_Insights_Engine/.venv/lib/python3.11/site-packages/airflow/example_dags/example_branch_labels.py for tasks to queue
[2024-04-14T16:41:22.313-0400] {logging_mixin.py:188} INFO - [2024-04-14T16:41:22.313-0400] {dagbag.py:540} INFO - Filling up the DagBag from /Users/manideepakreddyaila/Desktop/projects/Legal_Insights_Engine/.venv/lib/python3.11/site-packages/airflow/example_dags/example_branch_labels.py
[2024-04-14T16:41:22.344-0400] {processor.py:840} INFO - DAG(s) 'example_branch_labels' retrieved from /Users/manideepakreddyaila/Desktop/projects/Legal_Insights_Engine/.venv/lib/python3.11/site-packages/airflow/example_dags/example_branch_labels.py
[2024-04-14T16:41:22.380-0400] {logging_mixin.py:188} INFO - [2024-04-14T16:41:22.380-0400] {dag.py:3096} INFO - Sync 1 DAGs
[2024-04-14T16:41:22.385-0400] {logging_mixin.py:188} INFO - [2024-04-14T16:41:22.385-0400] {dag.py:3954} INFO - Setting next_dagrun for example_branch_labels to 2024-04-13 00:00:00+00:00, run_after=2024-04-14 00:00:00+00:00
[2024-04-14T16:41:22.392-0400] {processor.py:183} INFO - Processing /Users/manideepakreddyaila/Desktop/projects/Legal_Insights_Engine/.venv/lib/python3.11/site-packages/airflow/example_dags/example_branch_labels.py took 0.082 seconds
[2024-04-14T16:43:17.025-0400] {processor.py:161} INFO - Started process (PID=34077) to work on /Users/manideepakreddyaila/Desktop/projects/Legal_Insights_Engine/.venv/lib/python3.11/site-packages/airflow/example_dags/example_branch_labels.py
[2024-04-14T16:43:17.026-0400] {processor.py:830} INFO - Processing file /Users/manideepakreddyaila/Desktop/projects/Legal_Insights_Engine/.venv/lib/python3.11/site-packages/airflow/example_dags/example_branch_labels.py for tasks to queue
[2024-04-14T16:43:17.027-0400] {logging_mixin.py:188} INFO - [2024-04-14T16:43:17.027-0400] {dagbag.py:540} INFO - Filling up the DagBag from /Users/manideepakreddyaila/Desktop/projects/Legal_Insights_Engine/.venv/lib/python3.11/site-packages/airflow/example_dags/example_branch_labels.py
[2024-04-14T16:43:17.055-0400] {processor.py:840} INFO - DAG(s) 'example_branch_labels' retrieved from /Users/manideepakreddyaila/Desktop/projects/Legal_Insights_Engine/.venv/lib/python3.11/site-packages/airflow/example_dags/example_branch_labels.py
[2024-04-14T16:43:17.091-0400] {logging_mixin.py:188} INFO - [2024-04-14T16:43:17.091-0400] {dag.py:3096} INFO - Sync 1 DAGs
[2024-04-14T16:43:17.096-0400] {logging_mixin.py:188} INFO - [2024-04-14T16:43:17.096-0400] {dag.py:3954} INFO - Setting next_dagrun for example_branch_labels to 2024-04-13 00:00:00+00:00, run_after=2024-04-14 00:00:00+00:00
[2024-04-14T16:43:17.103-0400] {processor.py:183} INFO - Processing /Users/manideepakreddyaila/Desktop/projects/Legal_Insights_Engine/.venv/lib/python3.11/site-packages/airflow/example_dags/example_branch_labels.py took 0.079 seconds
[2024-04-14T16:45:18.000-0400] {processor.py:161} INFO - Started process (PID=34176) to work on /Users/manideepakreddyaila/Desktop/projects/Legal_Insights_Engine/.venv/lib/python3.11/site-packages/airflow/example_dags/example_branch_labels.py
[2024-04-14T16:45:18.000-0400] {processor.py:830} INFO - Processing file /Users/manideepakreddyaila/Desktop/projects/Legal_Insights_Engine/.venv/lib/python3.11/site-packages/airflow/example_dags/example_branch_labels.py for tasks to queue
[2024-04-14T16:45:18.001-0400] {logging_mixin.py:188} INFO - [2024-04-14T16:45:18.001-0400] {dagbag.py:540} INFO - Filling up the DagBag from /Users/manideepakreddyaila/Desktop/projects/Legal_Insights_Engine/.venv/lib/python3.11/site-packages/airflow/example_dags/example_branch_labels.py
[2024-04-14T16:45:18.032-0400] {processor.py:840} INFO - DAG(s) 'example_branch_labels' retrieved from /Users/manideepakreddyaila/Desktop/projects/Legal_Insights_Engine/.venv/lib/python3.11/site-packages/airflow/example_dags/example_branch_labels.py
[2024-04-14T16:45:18.069-0400] {logging_mixin.py:188} INFO - [2024-04-14T16:45:18.069-0400] {dag.py:3096} INFO - Sync 1 DAGs
[2024-04-14T16:45:18.074-0400] {logging_mixin.py:188} INFO - [2024-04-14T16:45:18.074-0400] {dag.py:3954} INFO - Setting next_dagrun for example_branch_labels to 2024-04-13 00:00:00+00:00, run_after=2024-04-14 00:00:00+00:00
[2024-04-14T16:45:18.080-0400] {processor.py:183} INFO - Processing /Users/manideepakreddyaila/Desktop/projects/Legal_Insights_Engine/.venv/lib/python3.11/site-packages/airflow/example_dags/example_branch_labels.py took 0.081 seconds
[2024-04-14T16:47:17.690-0400] {processor.py:161} INFO - Started process (PID=34288) to work on /Users/manideepakreddyaila/Desktop/projects/Legal_Insights_Engine/.venv/lib/python3.11/site-packages/airflow/example_dags/example_branch_labels.py
[2024-04-14T16:47:17.691-0400] {processor.py:830} INFO - Processing file /Users/manideepakreddyaila/Desktop/projects/Legal_Insights_Engine/.venv/lib/python3.11/site-packages/airflow/example_dags/example_branch_labels.py for tasks to queue
[2024-04-14T16:47:17.691-0400] {logging_mixin.py:188} INFO - [2024-04-14T16:47:17.691-0400] {dagbag.py:540} INFO - Filling up the DagBag from /Users/manideepakreddyaila/Desktop/projects/Legal_Insights_Engine/.venv/lib/python3.11/site-packages/airflow/example_dags/example_branch_labels.py
[2024-04-14T16:47:17.720-0400] {processor.py:840} INFO - DAG(s) 'example_branch_labels' retrieved from /Users/manideepakreddyaila/Desktop/projects/Legal_Insights_Engine/.venv/lib/python3.11/site-packages/airflow/example_dags/example_branch_labels.py
[2024-04-14T16:47:17.755-0400] {logging_mixin.py:188} INFO - [2024-04-14T16:47:17.755-0400] {dag.py:3096} INFO - Sync 1 DAGs
[2024-04-14T16:47:17.761-0400] {logging_mixin.py:188} INFO - [2024-04-14T16:47:17.761-0400] {dag.py:3954} INFO - Setting next_dagrun for example_branch_labels to 2024-04-13 00:00:00+00:00, run_after=2024-04-14 00:00:00+00:00
[2024-04-14T16:47:17.767-0400] {processor.py:183} INFO - Processing /Users/manideepakreddyaila/Desktop/projects/Legal_Insights_Engine/.venv/lib/python3.11/site-packages/airflow/example_dags/example_branch_labels.py took 0.078 seconds
[2024-04-14T16:49:12.788-0400] {processor.py:161} INFO - Started process (PID=34385) to work on /Users/manideepakreddyaila/Desktop/projects/Legal_Insights_Engine/.venv/lib/python3.11/site-packages/airflow/example_dags/example_branch_labels.py
[2024-04-14T16:49:12.789-0400] {processor.py:830} INFO - Processing file /Users/manideepakreddyaila/Desktop/projects/Legal_Insights_Engine/.venv/lib/python3.11/site-packages/airflow/example_dags/example_branch_labels.py for tasks to queue
[2024-04-14T16:49:12.789-0400] {logging_mixin.py:188} INFO - [2024-04-14T16:49:12.789-0400] {dagbag.py:540} INFO - Filling up the DagBag from /Users/manideepakreddyaila/Desktop/projects/Legal_Insights_Engine/.venv/lib/python3.11/site-packages/airflow/example_dags/example_branch_labels.py
[2024-04-14T16:49:12.818-0400] {processor.py:840} INFO - DAG(s) 'example_branch_labels' retrieved from /Users/manideepakreddyaila/Desktop/projects/Legal_Insights_Engine/.venv/lib/python3.11/site-packages/airflow/example_dags/example_branch_labels.py
[2024-04-14T16:49:12.855-0400] {logging_mixin.py:188} INFO - [2024-04-14T16:49:12.855-0400] {dag.py:3096} INFO - Sync 1 DAGs
[2024-04-14T16:49:12.861-0400] {logging_mixin.py:188} INFO - [2024-04-14T16:49:12.861-0400] {dag.py:3954} INFO - Setting next_dagrun for example_branch_labels to 2024-04-13 00:00:00+00:00, run_after=2024-04-14 00:00:00+00:00
[2024-04-14T16:49:12.867-0400] {processor.py:183} INFO - Processing /Users/manideepakreddyaila/Desktop/projects/Legal_Insights_Engine/.venv/lib/python3.11/site-packages/airflow/example_dags/example_branch_labels.py took 0.080 seconds
[2024-04-14T17:16:14.198-0400] {processor.py:161} INFO - Started process (PID=34635) to work on /Users/manideepakreddyaila/Desktop/projects/Legal_Insights_Engine/.venv/lib/python3.11/site-packages/airflow/example_dags/example_branch_labels.py
[2024-04-14T17:16:14.199-0400] {processor.py:830} INFO - Processing file /Users/manideepakreddyaila/Desktop/projects/Legal_Insights_Engine/.venv/lib/python3.11/site-packages/airflow/example_dags/example_branch_labels.py for tasks to queue
[2024-04-14T17:16:14.199-0400] {logging_mixin.py:188} INFO - [2024-04-14T17:16:14.199-0400] {dagbag.py:540} INFO - Filling up the DagBag from /Users/manideepakreddyaila/Desktop/projects/Legal_Insights_Engine/.venv/lib/python3.11/site-packages/airflow/example_dags/example_branch_labels.py
[2024-04-14T17:16:14.230-0400] {processor.py:840} INFO - DAG(s) 'example_branch_labels' retrieved from /Users/manideepakreddyaila/Desktop/projects/Legal_Insights_Engine/.venv/lib/python3.11/site-packages/airflow/example_dags/example_branch_labels.py
[2024-04-14T17:16:14.267-0400] {logging_mixin.py:188} INFO - [2024-04-14T17:16:14.266-0400] {dag.py:3096} INFO - Sync 1 DAGs
[2024-04-14T17:16:14.272-0400] {logging_mixin.py:188} INFO - [2024-04-14T17:16:14.272-0400] {dag.py:3954} INFO - Setting next_dagrun for example_branch_labels to 2024-04-13 00:00:00+00:00, run_after=2024-04-14 00:00:00+00:00
[2024-04-14T17:16:14.279-0400] {processor.py:183} INFO - Processing /Users/manideepakreddyaila/Desktop/projects/Legal_Insights_Engine/.venv/lib/python3.11/site-packages/airflow/example_dags/example_branch_labels.py took 0.081 seconds
[2024-04-14T17:18:15.536-0400] {processor.py:161} INFO - Started process (PID=34804) to work on /Users/manideepakreddyaila/Desktop/projects/Legal_Insights_Engine/.venv/lib/python3.11/site-packages/airflow/example_dags/example_branch_labels.py
[2024-04-14T17:18:15.537-0400] {processor.py:830} INFO - Processing file /Users/manideepakreddyaila/Desktop/projects/Legal_Insights_Engine/.venv/lib/python3.11/site-packages/airflow/example_dags/example_branch_labels.py for tasks to queue
[2024-04-14T17:18:15.537-0400] {logging_mixin.py:188} INFO - [2024-04-14T17:18:15.537-0400] {dagbag.py:540} INFO - Filling up the DagBag from /Users/manideepakreddyaila/Desktop/projects/Legal_Insights_Engine/.venv/lib/python3.11/site-packages/airflow/example_dags/example_branch_labels.py
[2024-04-14T17:18:15.567-0400] {processor.py:840} INFO - DAG(s) 'example_branch_labels' retrieved from /Users/manideepakreddyaila/Desktop/projects/Legal_Insights_Engine/.venv/lib/python3.11/site-packages/airflow/example_dags/example_branch_labels.py
[2024-04-14T17:18:15.605-0400] {logging_mixin.py:188} INFO - [2024-04-14T17:18:15.605-0400] {dag.py:3096} INFO - Sync 1 DAGs
[2024-04-14T17:18:15.611-0400] {logging_mixin.py:188} INFO - [2024-04-14T17:18:15.610-0400] {dag.py:3954} INFO - Setting next_dagrun for example_branch_labels to 2024-04-13 00:00:00+00:00, run_after=2024-04-14 00:00:00+00:00
[2024-04-14T17:18:15.616-0400] {processor.py:183} INFO - Processing /Users/manideepakreddyaila/Desktop/projects/Legal_Insights_Engine/.venv/lib/python3.11/site-packages/airflow/example_dags/example_branch_labels.py took 0.081 seconds
[2024-04-14T17:20:09.103-0400] {processor.py:161} INFO - Started process (PID=34913) to work on /Users/manideepakreddyaila/Desktop/projects/Legal_Insights_Engine/.venv/lib/python3.11/site-packages/airflow/example_dags/example_branch_labels.py
[2024-04-14T17:20:09.104-0400] {processor.py:830} INFO - Processing file /Users/manideepakreddyaila/Desktop/projects/Legal_Insights_Engine/.venv/lib/python3.11/site-packages/airflow/example_dags/example_branch_labels.py for tasks to queue
[2024-04-14T17:20:09.104-0400] {logging_mixin.py:188} INFO - [2024-04-14T17:20:09.104-0400] {dagbag.py:540} INFO - Filling up the DagBag from /Users/manideepakreddyaila/Desktop/projects/Legal_Insights_Engine/.venv/lib/python3.11/site-packages/airflow/example_dags/example_branch_labels.py
[2024-04-14T17:20:09.134-0400] {processor.py:840} INFO - DAG(s) 'example_branch_labels' retrieved from /Users/manideepakreddyaila/Desktop/projects/Legal_Insights_Engine/.venv/lib/python3.11/site-packages/airflow/example_dags/example_branch_labels.py
[2024-04-14T17:20:09.169-0400] {logging_mixin.py:188} INFO - [2024-04-14T17:20:09.169-0400] {dag.py:3096} INFO - Sync 1 DAGs
[2024-04-14T17:20:09.175-0400] {logging_mixin.py:188} INFO - [2024-04-14T17:20:09.175-0400] {dag.py:3954} INFO - Setting next_dagrun for example_branch_labels to 2024-04-13 00:00:00+00:00, run_after=2024-04-14 00:00:00+00:00
[2024-04-14T17:20:09.181-0400] {processor.py:183} INFO - Processing /Users/manideepakreddyaila/Desktop/projects/Legal_Insights_Engine/.venv/lib/python3.11/site-packages/airflow/example_dags/example_branch_labels.py took 0.079 seconds
[2024-04-14T17:22:06.359-0400] {processor.py:161} INFO - Started process (PID=35007) to work on /Users/manideepakreddyaila/Desktop/projects/Legal_Insights_Engine/.venv/lib/python3.11/site-packages/airflow/example_dags/example_branch_labels.py
[2024-04-14T17:22:06.360-0400] {processor.py:830} INFO - Processing file /Users/manideepakreddyaila/Desktop/projects/Legal_Insights_Engine/.venv/lib/python3.11/site-packages/airflow/example_dags/example_branch_labels.py for tasks to queue
[2024-04-14T17:22:06.360-0400] {logging_mixin.py:188} INFO - [2024-04-14T17:22:06.360-0400] {dagbag.py:540} INFO - Filling up the DagBag from /Users/manideepakreddyaila/Desktop/projects/Legal_Insights_Engine/.venv/lib/python3.11/site-packages/airflow/example_dags/example_branch_labels.py
[2024-04-14T17:22:06.389-0400] {processor.py:840} INFO - DAG(s) 'example_branch_labels' retrieved from /Users/manideepakreddyaila/Desktop/projects/Legal_Insights_Engine/.venv/lib/python3.11/site-packages/airflow/example_dags/example_branch_labels.py
[2024-04-14T17:22:06.425-0400] {logging_mixin.py:188} INFO - [2024-04-14T17:22:06.425-0400] {dag.py:3096} INFO - Sync 1 DAGs
[2024-04-14T17:22:06.430-0400] {logging_mixin.py:188} INFO - [2024-04-14T17:22:06.430-0400] {dag.py:3954} INFO - Setting next_dagrun for example_branch_labels to 2024-04-13 00:00:00+00:00, run_after=2024-04-14 00:00:00+00:00
[2024-04-14T17:22:06.436-0400] {processor.py:183} INFO - Processing /Users/manideepakreddyaila/Desktop/projects/Legal_Insights_Engine/.venv/lib/python3.11/site-packages/airflow/example_dags/example_branch_labels.py took 0.078 seconds
[2024-04-14T17:23:59.062-0400] {processor.py:161} INFO - Started process (PID=35099) to work on /Users/manideepakreddyaila/Desktop/projects/Legal_Insights_Engine/.venv/lib/python3.11/site-packages/airflow/example_dags/example_branch_labels.py
[2024-04-14T17:23:59.062-0400] {processor.py:830} INFO - Processing file /Users/manideepakreddyaila/Desktop/projects/Legal_Insights_Engine/.venv/lib/python3.11/site-packages/airflow/example_dags/example_branch_labels.py for tasks to queue
[2024-04-14T17:23:59.063-0400] {logging_mixin.py:188} INFO - [2024-04-14T17:23:59.063-0400] {dagbag.py:540} INFO - Filling up the DagBag from /Users/manideepakreddyaila/Desktop/projects/Legal_Insights_Engine/.venv/lib/python3.11/site-packages/airflow/example_dags/example_branch_labels.py
[2024-04-14T17:23:59.094-0400] {processor.py:840} INFO - DAG(s) 'example_branch_labels' retrieved from /Users/manideepakreddyaila/Desktop/projects/Legal_Insights_Engine/.venv/lib/python3.11/site-packages/airflow/example_dags/example_branch_labels.py
[2024-04-14T17:23:59.131-0400] {logging_mixin.py:188} INFO - [2024-04-14T17:23:59.131-0400] {dag.py:3096} INFO - Sync 1 DAGs
[2024-04-14T17:23:59.136-0400] {logging_mixin.py:188} INFO - [2024-04-14T17:23:59.136-0400] {dag.py:3954} INFO - Setting next_dagrun for example_branch_labels to 2024-04-13 00:00:00+00:00, run_after=2024-04-14 00:00:00+00:00
[2024-04-14T17:23:59.143-0400] {processor.py:183} INFO - Processing /Users/manideepakreddyaila/Desktop/projects/Legal_Insights_Engine/.venv/lib/python3.11/site-packages/airflow/example_dags/example_branch_labels.py took 0.083 seconds
[2024-04-14T17:25:58.017-0400] {processor.py:161} INFO - Started process (PID=35212) to work on /Users/manideepakreddyaila/Desktop/projects/Legal_Insights_Engine/.venv/lib/python3.11/site-packages/airflow/example_dags/example_branch_labels.py
[2024-04-14T17:25:58.017-0400] {processor.py:830} INFO - Processing file /Users/manideepakreddyaila/Desktop/projects/Legal_Insights_Engine/.venv/lib/python3.11/site-packages/airflow/example_dags/example_branch_labels.py for tasks to queue
[2024-04-14T17:25:58.017-0400] {logging_mixin.py:188} INFO - [2024-04-14T17:25:58.017-0400] {dagbag.py:540} INFO - Filling up the DagBag from /Users/manideepakreddyaila/Desktop/projects/Legal_Insights_Engine/.venv/lib/python3.11/site-packages/airflow/example_dags/example_branch_labels.py
[2024-04-14T17:25:58.047-0400] {processor.py:840} INFO - DAG(s) 'example_branch_labels' retrieved from /Users/manideepakreddyaila/Desktop/projects/Legal_Insights_Engine/.venv/lib/python3.11/site-packages/airflow/example_dags/example_branch_labels.py
[2024-04-14T17:25:58.083-0400] {logging_mixin.py:188} INFO - [2024-04-14T17:25:58.082-0400] {dag.py:3096} INFO - Sync 1 DAGs
[2024-04-14T17:25:58.088-0400] {logging_mixin.py:188} INFO - [2024-04-14T17:25:58.088-0400] {dag.py:3954} INFO - Setting next_dagrun for example_branch_labels to 2024-04-13 00:00:00+00:00, run_after=2024-04-14 00:00:00+00:00
[2024-04-14T17:25:58.094-0400] {processor.py:183} INFO - Processing /Users/manideepakreddyaila/Desktop/projects/Legal_Insights_Engine/.venv/lib/python3.11/site-packages/airflow/example_dags/example_branch_labels.py took 0.079 seconds
[2024-04-14T17:27:53.905-0400] {processor.py:161} INFO - Started process (PID=35316) to work on /Users/manideepakreddyaila/Desktop/projects/Legal_Insights_Engine/.venv/lib/python3.11/site-packages/airflow/example_dags/example_branch_labels.py
[2024-04-14T17:27:53.905-0400] {processor.py:830} INFO - Processing file /Users/manideepakreddyaila/Desktop/projects/Legal_Insights_Engine/.venv/lib/python3.11/site-packages/airflow/example_dags/example_branch_labels.py for tasks to queue
[2024-04-14T17:27:53.905-0400] {logging_mixin.py:188} INFO - [2024-04-14T17:27:53.905-0400] {dagbag.py:540} INFO - Filling up the DagBag from /Users/manideepakreddyaila/Desktop/projects/Legal_Insights_Engine/.venv/lib/python3.11/site-packages/airflow/example_dags/example_branch_labels.py
[2024-04-14T17:27:53.935-0400] {processor.py:840} INFO - DAG(s) 'example_branch_labels' retrieved from /Users/manideepakreddyaila/Desktop/projects/Legal_Insights_Engine/.venv/lib/python3.11/site-packages/airflow/example_dags/example_branch_labels.py
[2024-04-14T17:27:53.971-0400] {logging_mixin.py:188} INFO - [2024-04-14T17:27:53.971-0400] {dag.py:3096} INFO - Sync 1 DAGs
[2024-04-14T17:27:53.977-0400] {logging_mixin.py:188} INFO - [2024-04-14T17:27:53.977-0400] {dag.py:3954} INFO - Setting next_dagrun for example_branch_labels to 2024-04-13 00:00:00+00:00, run_after=2024-04-14 00:00:00+00:00
[2024-04-14T17:27:53.983-0400] {processor.py:183} INFO - Processing /Users/manideepakreddyaila/Desktop/projects/Legal_Insights_Engine/.venv/lib/python3.11/site-packages/airflow/example_dags/example_branch_labels.py took 0.080 seconds
[2024-04-14T17:29:48.996-0400] {processor.py:161} INFO - Started process (PID=35413) to work on /Users/manideepakreddyaila/Desktop/projects/Legal_Insights_Engine/.venv/lib/python3.11/site-packages/airflow/example_dags/example_branch_labels.py
[2024-04-14T17:29:48.997-0400] {processor.py:830} INFO - Processing file /Users/manideepakreddyaila/Desktop/projects/Legal_Insights_Engine/.venv/lib/python3.11/site-packages/airflow/example_dags/example_branch_labels.py for tasks to queue
[2024-04-14T17:29:48.998-0400] {logging_mixin.py:188} INFO - [2024-04-14T17:29:48.998-0400] {dagbag.py:540} INFO - Filling up the DagBag from /Users/manideepakreddyaila/Desktop/projects/Legal_Insights_Engine/.venv/lib/python3.11/site-packages/airflow/example_dags/example_branch_labels.py
[2024-04-14T17:29:49.027-0400] {processor.py:840} INFO - DAG(s) 'example_branch_labels' retrieved from /Users/manideepakreddyaila/Desktop/projects/Legal_Insights_Engine/.venv/lib/python3.11/site-packages/airflow/example_dags/example_branch_labels.py
[2024-04-14T17:29:49.062-0400] {logging_mixin.py:188} INFO - [2024-04-14T17:29:49.062-0400] {dag.py:3096} INFO - Sync 1 DAGs
[2024-04-14T17:29:49.068-0400] {logging_mixin.py:188} INFO - [2024-04-14T17:29:49.067-0400] {dag.py:3954} INFO - Setting next_dagrun for example_branch_labels to 2024-04-13 00:00:00+00:00, run_after=2024-04-14 00:00:00+00:00
[2024-04-14T17:29:49.074-0400] {processor.py:183} INFO - Processing /Users/manideepakreddyaila/Desktop/projects/Legal_Insights_Engine/.venv/lib/python3.11/site-packages/airflow/example_dags/example_branch_labels.py took 0.078 seconds
[2024-04-14T17:31:47.904-0400] {processor.py:161} INFO - Started process (PID=35561) to work on /Users/manideepakreddyaila/Desktop/projects/Legal_Insights_Engine/.venv/lib/python3.11/site-packages/airflow/example_dags/example_branch_labels.py
[2024-04-14T17:31:47.905-0400] {processor.py:830} INFO - Processing file /Users/manideepakreddyaila/Desktop/projects/Legal_Insights_Engine/.venv/lib/python3.11/site-packages/airflow/example_dags/example_branch_labels.py for tasks to queue
[2024-04-14T17:31:47.905-0400] {logging_mixin.py:188} INFO - [2024-04-14T17:31:47.905-0400] {dagbag.py:540} INFO - Filling up the DagBag from /Users/manideepakreddyaila/Desktop/projects/Legal_Insights_Engine/.venv/lib/python3.11/site-packages/airflow/example_dags/example_branch_labels.py
[2024-04-14T17:31:47.938-0400] {processor.py:840} INFO - DAG(s) 'example_branch_labels' retrieved from /Users/manideepakreddyaila/Desktop/projects/Legal_Insights_Engine/.venv/lib/python3.11/site-packages/airflow/example_dags/example_branch_labels.py
[2024-04-14T17:31:47.974-0400] {logging_mixin.py:188} INFO - [2024-04-14T17:31:47.974-0400] {dag.py:3096} INFO - Sync 1 DAGs
[2024-04-14T17:31:47.979-0400] {logging_mixin.py:188} INFO - [2024-04-14T17:31:47.979-0400] {dag.py:3954} INFO - Setting next_dagrun for example_branch_labels to 2024-04-13 00:00:00+00:00, run_after=2024-04-14 00:00:00+00:00
[2024-04-14T17:31:47.985-0400] {processor.py:183} INFO - Processing /Users/manideepakreddyaila/Desktop/projects/Legal_Insights_Engine/.venv/lib/python3.11/site-packages/airflow/example_dags/example_branch_labels.py took 0.082 seconds
[2024-04-14T17:33:46.535-0400] {processor.py:161} INFO - Started process (PID=35667) to work on /Users/manideepakreddyaila/Desktop/projects/Legal_Insights_Engine/.venv/lib/python3.11/site-packages/airflow/example_dags/example_branch_labels.py
[2024-04-14T17:33:46.536-0400] {processor.py:830} INFO - Processing file /Users/manideepakreddyaila/Desktop/projects/Legal_Insights_Engine/.venv/lib/python3.11/site-packages/airflow/example_dags/example_branch_labels.py for tasks to queue
[2024-04-14T17:33:46.536-0400] {logging_mixin.py:188} INFO - [2024-04-14T17:33:46.536-0400] {dagbag.py:540} INFO - Filling up the DagBag from /Users/manideepakreddyaila/Desktop/projects/Legal_Insights_Engine/.venv/lib/python3.11/site-packages/airflow/example_dags/example_branch_labels.py
[2024-04-14T17:33:46.585-0400] {processor.py:840} INFO - DAG(s) 'example_branch_labels' retrieved from /Users/manideepakreddyaila/Desktop/projects/Legal_Insights_Engine/.venv/lib/python3.11/site-packages/airflow/example_dags/example_branch_labels.py
[2024-04-14T17:33:46.624-0400] {logging_mixin.py:188} INFO - [2024-04-14T17:33:46.624-0400] {dag.py:3096} INFO - Sync 1 DAGs
[2024-04-14T17:33:46.631-0400] {logging_mixin.py:188} INFO - [2024-04-14T17:33:46.631-0400] {dag.py:3954} INFO - Setting next_dagrun for example_branch_labels to 2024-04-13 00:00:00+00:00, run_after=2024-04-14 00:00:00+00:00
[2024-04-14T17:33:46.638-0400] {processor.py:183} INFO - Processing /Users/manideepakreddyaila/Desktop/projects/Legal_Insights_Engine/.venv/lib/python3.11/site-packages/airflow/example_dags/example_branch_labels.py took 0.104 seconds
[2024-04-14T17:35:48.044-0400] {processor.py:161} INFO - Started process (PID=35760) to work on /Users/manideepakreddyaila/Desktop/projects/Legal_Insights_Engine/.venv/lib/python3.11/site-packages/airflow/example_dags/example_branch_labels.py
[2024-04-14T17:35:48.045-0400] {processor.py:830} INFO - Processing file /Users/manideepakreddyaila/Desktop/projects/Legal_Insights_Engine/.venv/lib/python3.11/site-packages/airflow/example_dags/example_branch_labels.py for tasks to queue
[2024-04-14T17:35:48.045-0400] {logging_mixin.py:188} INFO - [2024-04-14T17:35:48.045-0400] {dagbag.py:540} INFO - Filling up the DagBag from /Users/manideepakreddyaila/Desktop/projects/Legal_Insights_Engine/.venv/lib/python3.11/site-packages/airflow/example_dags/example_branch_labels.py
[2024-04-14T17:35:48.074-0400] {processor.py:840} INFO - DAG(s) 'example_branch_labels' retrieved from /Users/manideepakreddyaila/Desktop/projects/Legal_Insights_Engine/.venv/lib/python3.11/site-packages/airflow/example_dags/example_branch_labels.py
[2024-04-14T17:35:48.110-0400] {logging_mixin.py:188} INFO - [2024-04-14T17:35:48.110-0400] {dag.py:3096} INFO - Sync 1 DAGs
[2024-04-14T17:35:48.116-0400] {logging_mixin.py:188} INFO - [2024-04-14T17:35:48.116-0400] {dag.py:3954} INFO - Setting next_dagrun for example_branch_labels to 2024-04-13 00:00:00+00:00, run_after=2024-04-14 00:00:00+00:00
[2024-04-14T17:35:48.122-0400] {processor.py:183} INFO - Processing /Users/manideepakreddyaila/Desktop/projects/Legal_Insights_Engine/.venv/lib/python3.11/site-packages/airflow/example_dags/example_branch_labels.py took 0.078 seconds
[2024-04-14T17:37:42.579-0400] {processor.py:161} INFO - Started process (PID=35856) to work on /Users/manideepakreddyaila/Desktop/projects/Legal_Insights_Engine/.venv/lib/python3.11/site-packages/airflow/example_dags/example_branch_labels.py
[2024-04-14T17:37:42.580-0400] {processor.py:830} INFO - Processing file /Users/manideepakreddyaila/Desktop/projects/Legal_Insights_Engine/.venv/lib/python3.11/site-packages/airflow/example_dags/example_branch_labels.py for tasks to queue
[2024-04-14T17:37:42.580-0400] {logging_mixin.py:188} INFO - [2024-04-14T17:37:42.580-0400] {dagbag.py:540} INFO - Filling up the DagBag from /Users/manideepakreddyaila/Desktop/projects/Legal_Insights_Engine/.venv/lib/python3.11/site-packages/airflow/example_dags/example_branch_labels.py
[2024-04-14T17:37:42.611-0400] {processor.py:840} INFO - DAG(s) 'example_branch_labels' retrieved from /Users/manideepakreddyaila/Desktop/projects/Legal_Insights_Engine/.venv/lib/python3.11/site-packages/airflow/example_dags/example_branch_labels.py
[2024-04-14T17:37:42.646-0400] {logging_mixin.py:188} INFO - [2024-04-14T17:37:42.646-0400] {dag.py:3096} INFO - Sync 1 DAGs
[2024-04-14T17:37:42.652-0400] {logging_mixin.py:188} INFO - [2024-04-14T17:37:42.652-0400] {dag.py:3954} INFO - Setting next_dagrun for example_branch_labels to 2024-04-13 00:00:00+00:00, run_after=2024-04-14 00:00:00+00:00
[2024-04-14T17:37:42.658-0400] {processor.py:183} INFO - Processing /Users/manideepakreddyaila/Desktop/projects/Legal_Insights_Engine/.venv/lib/python3.11/site-packages/airflow/example_dags/example_branch_labels.py took 0.080 seconds
[2024-04-14T17:39:32.558-0400] {processor.py:161} INFO - Started process (PID=35936) to work on /Users/manideepakreddyaila/Desktop/projects/Legal_Insights_Engine/.venv/lib/python3.11/site-packages/airflow/example_dags/example_branch_labels.py
[2024-04-14T17:39:32.560-0400] {processor.py:830} INFO - Processing file /Users/manideepakreddyaila/Desktop/projects/Legal_Insights_Engine/.venv/lib/python3.11/site-packages/airflow/example_dags/example_branch_labels.py for tasks to queue
[2024-04-14T17:39:32.560-0400] {logging_mixin.py:188} INFO - [2024-04-14T17:39:32.560-0400] {dagbag.py:540} INFO - Filling up the DagBag from /Users/manideepakreddyaila/Desktop/projects/Legal_Insights_Engine/.venv/lib/python3.11/site-packages/airflow/example_dags/example_branch_labels.py
[2024-04-14T17:39:32.592-0400] {processor.py:840} INFO - DAG(s) 'example_branch_labels' retrieved from /Users/manideepakreddyaila/Desktop/projects/Legal_Insights_Engine/.venv/lib/python3.11/site-packages/airflow/example_dags/example_branch_labels.py
[2024-04-14T17:39:32.631-0400] {logging_mixin.py:188} INFO - [2024-04-14T17:39:32.631-0400] {dag.py:3096} INFO - Sync 1 DAGs
[2024-04-14T17:39:32.637-0400] {logging_mixin.py:188} INFO - [2024-04-14T17:39:32.636-0400] {dag.py:3954} INFO - Setting next_dagrun for example_branch_labels to 2024-04-13 00:00:00+00:00, run_after=2024-04-14 00:00:00+00:00
[2024-04-14T17:39:32.643-0400] {processor.py:183} INFO - Processing /Users/manideepakreddyaila/Desktop/projects/Legal_Insights_Engine/.venv/lib/python3.11/site-packages/airflow/example_dags/example_branch_labels.py took 0.086 seconds
[2024-04-14T17:41:25.171-0400] {processor.py:161} INFO - Started process (PID=36022) to work on /Users/manideepakreddyaila/Desktop/projects/Legal_Insights_Engine/.venv/lib/python3.11/site-packages/airflow/example_dags/example_branch_labels.py
[2024-04-14T17:41:25.172-0400] {processor.py:830} INFO - Processing file /Users/manideepakreddyaila/Desktop/projects/Legal_Insights_Engine/.venv/lib/python3.11/site-packages/airflow/example_dags/example_branch_labels.py for tasks to queue
[2024-04-14T17:41:25.173-0400] {logging_mixin.py:188} INFO - [2024-04-14T17:41:25.172-0400] {dagbag.py:540} INFO - Filling up the DagBag from /Users/manideepakreddyaila/Desktop/projects/Legal_Insights_Engine/.venv/lib/python3.11/site-packages/airflow/example_dags/example_branch_labels.py
[2024-04-14T17:41:25.202-0400] {processor.py:840} INFO - DAG(s) 'example_branch_labels' retrieved from /Users/manideepakreddyaila/Desktop/projects/Legal_Insights_Engine/.venv/lib/python3.11/site-packages/airflow/example_dags/example_branch_labels.py
[2024-04-14T17:41:25.238-0400] {logging_mixin.py:188} INFO - [2024-04-14T17:41:25.237-0400] {dag.py:3096} INFO - Sync 1 DAGs
[2024-04-14T17:41:25.243-0400] {logging_mixin.py:188} INFO - [2024-04-14T17:41:25.243-0400] {dag.py:3954} INFO - Setting next_dagrun for example_branch_labels to 2024-04-13 00:00:00+00:00, run_after=2024-04-14 00:00:00+00:00
[2024-04-14T17:41:25.249-0400] {processor.py:183} INFO - Processing /Users/manideepakreddyaila/Desktop/projects/Legal_Insights_Engine/.venv/lib/python3.11/site-packages/airflow/example_dags/example_branch_labels.py took 0.079 seconds
[2024-04-14T17:43:17.123-0400] {processor.py:161} INFO - Started process (PID=36109) to work on /Users/manideepakreddyaila/Desktop/projects/Legal_Insights_Engine/.venv/lib/python3.11/site-packages/airflow/example_dags/example_branch_labels.py
[2024-04-14T17:43:17.125-0400] {processor.py:830} INFO - Processing file /Users/manideepakreddyaila/Desktop/projects/Legal_Insights_Engine/.venv/lib/python3.11/site-packages/airflow/example_dags/example_branch_labels.py for tasks to queue
[2024-04-14T17:43:17.125-0400] {logging_mixin.py:188} INFO - [2024-04-14T17:43:17.125-0400] {dagbag.py:540} INFO - Filling up the DagBag from /Users/manideepakreddyaila/Desktop/projects/Legal_Insights_Engine/.venv/lib/python3.11/site-packages/airflow/example_dags/example_branch_labels.py
[2024-04-14T17:43:17.154-0400] {processor.py:840} INFO - DAG(s) 'example_branch_labels' retrieved from /Users/manideepakreddyaila/Desktop/projects/Legal_Insights_Engine/.venv/lib/python3.11/site-packages/airflow/example_dags/example_branch_labels.py
[2024-04-14T17:43:17.190-0400] {logging_mixin.py:188} INFO - [2024-04-14T17:43:17.190-0400] {dag.py:3096} INFO - Sync 1 DAGs
[2024-04-14T17:43:17.195-0400] {logging_mixin.py:188} INFO - [2024-04-14T17:43:17.195-0400] {dag.py:3954} INFO - Setting next_dagrun for example_branch_labels to 2024-04-13 00:00:00+00:00, run_after=2024-04-14 00:00:00+00:00
[2024-04-14T17:43:17.201-0400] {processor.py:183} INFO - Processing /Users/manideepakreddyaila/Desktop/projects/Legal_Insights_Engine/.venv/lib/python3.11/site-packages/airflow/example_dags/example_branch_labels.py took 0.079 seconds
[2024-04-14T17:45:12.032-0400] {processor.py:161} INFO - Started process (PID=36197) to work on /Users/manideepakreddyaila/Desktop/projects/Legal_Insights_Engine/.venv/lib/python3.11/site-packages/airflow/example_dags/example_branch_labels.py
[2024-04-14T17:45:12.033-0400] {processor.py:830} INFO - Processing file /Users/manideepakreddyaila/Desktop/projects/Legal_Insights_Engine/.venv/lib/python3.11/site-packages/airflow/example_dags/example_branch_labels.py for tasks to queue
[2024-04-14T17:45:12.033-0400] {logging_mixin.py:188} INFO - [2024-04-14T17:45:12.033-0400] {dagbag.py:540} INFO - Filling up the DagBag from /Users/manideepakreddyaila/Desktop/projects/Legal_Insights_Engine/.venv/lib/python3.11/site-packages/airflow/example_dags/example_branch_labels.py
[2024-04-14T17:45:12.061-0400] {processor.py:840} INFO - DAG(s) 'example_branch_labels' retrieved from /Users/manideepakreddyaila/Desktop/projects/Legal_Insights_Engine/.venv/lib/python3.11/site-packages/airflow/example_dags/example_branch_labels.py
[2024-04-14T17:45:12.097-0400] {logging_mixin.py:188} INFO - [2024-04-14T17:45:12.097-0400] {dag.py:3096} INFO - Sync 1 DAGs
[2024-04-14T17:45:12.103-0400] {logging_mixin.py:188} INFO - [2024-04-14T17:45:12.103-0400] {dag.py:3954} INFO - Setting next_dagrun for example_branch_labels to 2024-04-13 00:00:00+00:00, run_after=2024-04-14 00:00:00+00:00
[2024-04-14T17:45:12.109-0400] {processor.py:183} INFO - Processing /Users/manideepakreddyaila/Desktop/projects/Legal_Insights_Engine/.venv/lib/python3.11/site-packages/airflow/example_dags/example_branch_labels.py took 0.078 seconds
[2024-04-14T17:47:15.830-0400] {processor.py:161} INFO - Started process (PID=36291) to work on /Users/manideepakreddyaila/Desktop/projects/Legal_Insights_Engine/.venv/lib/python3.11/site-packages/airflow/example_dags/example_branch_labels.py
[2024-04-14T17:47:15.831-0400] {processor.py:830} INFO - Processing file /Users/manideepakreddyaila/Desktop/projects/Legal_Insights_Engine/.venv/lib/python3.11/site-packages/airflow/example_dags/example_branch_labels.py for tasks to queue
[2024-04-14T17:47:15.831-0400] {logging_mixin.py:188} INFO - [2024-04-14T17:47:15.831-0400] {dagbag.py:540} INFO - Filling up the DagBag from /Users/manideepakreddyaila/Desktop/projects/Legal_Insights_Engine/.venv/lib/python3.11/site-packages/airflow/example_dags/example_branch_labels.py
[2024-04-14T17:47:15.860-0400] {processor.py:840} INFO - DAG(s) 'example_branch_labels' retrieved from /Users/manideepakreddyaila/Desktop/projects/Legal_Insights_Engine/.venv/lib/python3.11/site-packages/airflow/example_dags/example_branch_labels.py
[2024-04-14T17:47:15.896-0400] {logging_mixin.py:188} INFO - [2024-04-14T17:47:15.896-0400] {dag.py:3096} INFO - Sync 1 DAGs
[2024-04-14T17:47:15.901-0400] {logging_mixin.py:188} INFO - [2024-04-14T17:47:15.901-0400] {dag.py:3954} INFO - Setting next_dagrun for example_branch_labels to 2024-04-13 00:00:00+00:00, run_after=2024-04-14 00:00:00+00:00
[2024-04-14T17:47:15.907-0400] {processor.py:183} INFO - Processing /Users/manideepakreddyaila/Desktop/projects/Legal_Insights_Engine/.venv/lib/python3.11/site-packages/airflow/example_dags/example_branch_labels.py took 0.078 seconds
[2024-04-14T17:49:14.353-0400] {processor.py:161} INFO - Started process (PID=36382) to work on /Users/manideepakreddyaila/Desktop/projects/Legal_Insights_Engine/.venv/lib/python3.11/site-packages/airflow/example_dags/example_branch_labels.py
[2024-04-14T17:49:14.354-0400] {processor.py:830} INFO - Processing file /Users/manideepakreddyaila/Desktop/projects/Legal_Insights_Engine/.venv/lib/python3.11/site-packages/airflow/example_dags/example_branch_labels.py for tasks to queue
[2024-04-14T17:49:14.354-0400] {logging_mixin.py:188} INFO - [2024-04-14T17:49:14.354-0400] {dagbag.py:540} INFO - Filling up the DagBag from /Users/manideepakreddyaila/Desktop/projects/Legal_Insights_Engine/.venv/lib/python3.11/site-packages/airflow/example_dags/example_branch_labels.py
[2024-04-14T17:49:14.383-0400] {processor.py:840} INFO - DAG(s) 'example_branch_labels' retrieved from /Users/manideepakreddyaila/Desktop/projects/Legal_Insights_Engine/.venv/lib/python3.11/site-packages/airflow/example_dags/example_branch_labels.py
[2024-04-14T17:49:14.419-0400] {logging_mixin.py:188} INFO - [2024-04-14T17:49:14.419-0400] {dag.py:3096} INFO - Sync 1 DAGs
[2024-04-14T17:49:14.425-0400] {logging_mixin.py:188} INFO - [2024-04-14T17:49:14.425-0400] {dag.py:3954} INFO - Setting next_dagrun for example_branch_labels to 2024-04-13 00:00:00+00:00, run_after=2024-04-14 00:00:00+00:00
[2024-04-14T17:49:14.431-0400] {processor.py:183} INFO - Processing /Users/manideepakreddyaila/Desktop/projects/Legal_Insights_Engine/.venv/lib/python3.11/site-packages/airflow/example_dags/example_branch_labels.py took 0.078 seconds
[2024-04-14T17:51:11.195-0400] {processor.py:161} INFO - Started process (PID=36486) to work on /Users/manideepakreddyaila/Desktop/projects/Legal_Insights_Engine/.venv/lib/python3.11/site-packages/airflow/example_dags/example_branch_labels.py
[2024-04-14T17:51:11.196-0400] {processor.py:830} INFO - Processing file /Users/manideepakreddyaila/Desktop/projects/Legal_Insights_Engine/.venv/lib/python3.11/site-packages/airflow/example_dags/example_branch_labels.py for tasks to queue
[2024-04-14T17:51:11.196-0400] {logging_mixin.py:188} INFO - [2024-04-14T17:51:11.196-0400] {dagbag.py:540} INFO - Filling up the DagBag from /Users/manideepakreddyaila/Desktop/projects/Legal_Insights_Engine/.venv/lib/python3.11/site-packages/airflow/example_dags/example_branch_labels.py
[2024-04-14T17:51:11.225-0400] {processor.py:840} INFO - DAG(s) 'example_branch_labels' retrieved from /Users/manideepakreddyaila/Desktop/projects/Legal_Insights_Engine/.venv/lib/python3.11/site-packages/airflow/example_dags/example_branch_labels.py
[2024-04-14T17:51:11.261-0400] {logging_mixin.py:188} INFO - [2024-04-14T17:51:11.261-0400] {dag.py:3096} INFO - Sync 1 DAGs
[2024-04-14T17:51:11.266-0400] {logging_mixin.py:188} INFO - [2024-04-14T17:51:11.266-0400] {dag.py:3954} INFO - Setting next_dagrun for example_branch_labels to 2024-04-13 00:00:00+00:00, run_after=2024-04-14 00:00:00+00:00
[2024-04-14T17:51:11.272-0400] {processor.py:183} INFO - Processing /Users/manideepakreddyaila/Desktop/projects/Legal_Insights_Engine/.venv/lib/python3.11/site-packages/airflow/example_dags/example_branch_labels.py took 0.078 seconds
[2024-04-14T17:53:05.931-0400] {processor.py:161} INFO - Started process (PID=36567) to work on /Users/manideepakreddyaila/Desktop/projects/Legal_Insights_Engine/.venv/lib/python3.11/site-packages/airflow/example_dags/example_branch_labels.py
[2024-04-14T17:53:05.932-0400] {processor.py:830} INFO - Processing file /Users/manideepakreddyaila/Desktop/projects/Legal_Insights_Engine/.venv/lib/python3.11/site-packages/airflow/example_dags/example_branch_labels.py for tasks to queue
[2024-04-14T17:53:05.932-0400] {logging_mixin.py:188} INFO - [2024-04-14T17:53:05.932-0400] {dagbag.py:540} INFO - Filling up the DagBag from /Users/manideepakreddyaila/Desktop/projects/Legal_Insights_Engine/.venv/lib/python3.11/site-packages/airflow/example_dags/example_branch_labels.py
[2024-04-14T17:53:05.961-0400] {processor.py:840} INFO - DAG(s) 'example_branch_labels' retrieved from /Users/manideepakreddyaila/Desktop/projects/Legal_Insights_Engine/.venv/lib/python3.11/site-packages/airflow/example_dags/example_branch_labels.py
[2024-04-14T17:53:05.997-0400] {logging_mixin.py:188} INFO - [2024-04-14T17:53:05.997-0400] {dag.py:3096} INFO - Sync 1 DAGs
[2024-04-14T17:53:06.002-0400] {logging_mixin.py:188} INFO - [2024-04-14T17:53:06.002-0400] {dag.py:3954} INFO - Setting next_dagrun for example_branch_labels to 2024-04-13 00:00:00+00:00, run_after=2024-04-14 00:00:00+00:00
[2024-04-14T17:53:06.009-0400] {processor.py:183} INFO - Processing /Users/manideepakreddyaila/Desktop/projects/Legal_Insights_Engine/.venv/lib/python3.11/site-packages/airflow/example_dags/example_branch_labels.py took 0.079 seconds
[2024-04-14T17:55:01.955-0400] {processor.py:161} INFO - Started process (PID=36671) to work on /Users/manideepakreddyaila/Desktop/projects/Legal_Insights_Engine/.venv/lib/python3.11/site-packages/airflow/example_dags/example_branch_labels.py
[2024-04-14T17:55:01.955-0400] {processor.py:830} INFO - Processing file /Users/manideepakreddyaila/Desktop/projects/Legal_Insights_Engine/.venv/lib/python3.11/site-packages/airflow/example_dags/example_branch_labels.py for tasks to queue
[2024-04-14T17:55:01.955-0400] {logging_mixin.py:188} INFO - [2024-04-14T17:55:01.955-0400] {dagbag.py:540} INFO - Filling up the DagBag from /Users/manideepakreddyaila/Desktop/projects/Legal_Insights_Engine/.venv/lib/python3.11/site-packages/airflow/example_dags/example_branch_labels.py
[2024-04-14T17:55:01.985-0400] {processor.py:840} INFO - DAG(s) 'example_branch_labels' retrieved from /Users/manideepakreddyaila/Desktop/projects/Legal_Insights_Engine/.venv/lib/python3.11/site-packages/airflow/example_dags/example_branch_labels.py
[2024-04-14T17:55:02.022-0400] {logging_mixin.py:188} INFO - [2024-04-14T17:55:02.022-0400] {dag.py:3096} INFO - Sync 1 DAGs
[2024-04-14T17:55:02.028-0400] {logging_mixin.py:188} INFO - [2024-04-14T17:55:02.028-0400] {dag.py:3954} INFO - Setting next_dagrun for example_branch_labels to 2024-04-13 00:00:00+00:00, run_after=2024-04-14 00:00:00+00:00
[2024-04-14T17:55:02.034-0400] {processor.py:183} INFO - Processing /Users/manideepakreddyaila/Desktop/projects/Legal_Insights_Engine/.venv/lib/python3.11/site-packages/airflow/example_dags/example_branch_labels.py took 0.080 seconds
[2024-04-14T17:56:55.112-0400] {processor.py:161} INFO - Started process (PID=36808) to work on /Users/manideepakreddyaila/Desktop/projects/Legal_Insights_Engine/.venv/lib/python3.11/site-packages/airflow/example_dags/example_branch_labels.py
[2024-04-14T17:56:55.114-0400] {processor.py:830} INFO - Processing file /Users/manideepakreddyaila/Desktop/projects/Legal_Insights_Engine/.venv/lib/python3.11/site-packages/airflow/example_dags/example_branch_labels.py for tasks to queue
[2024-04-14T17:56:55.114-0400] {logging_mixin.py:188} INFO - [2024-04-14T17:56:55.114-0400] {dagbag.py:540} INFO - Filling up the DagBag from /Users/manideepakreddyaila/Desktop/projects/Legal_Insights_Engine/.venv/lib/python3.11/site-packages/airflow/example_dags/example_branch_labels.py
[2024-04-14T17:56:55.144-0400] {processor.py:840} INFO - DAG(s) 'example_branch_labels' retrieved from /Users/manideepakreddyaila/Desktop/projects/Legal_Insights_Engine/.venv/lib/python3.11/site-packages/airflow/example_dags/example_branch_labels.py
[2024-04-14T17:56:55.180-0400] {logging_mixin.py:188} INFO - [2024-04-14T17:56:55.180-0400] {dag.py:3096} INFO - Sync 1 DAGs
[2024-04-14T17:56:55.185-0400] {logging_mixin.py:188} INFO - [2024-04-14T17:56:55.185-0400] {dag.py:3954} INFO - Setting next_dagrun for example_branch_labels to 2024-04-13 00:00:00+00:00, run_after=2024-04-14 00:00:00+00:00
[2024-04-14T17:56:55.191-0400] {processor.py:183} INFO - Processing /Users/manideepakreddyaila/Desktop/projects/Legal_Insights_Engine/.venv/lib/python3.11/site-packages/airflow/example_dags/example_branch_labels.py took 0.080 seconds
[2024-04-14T17:58:51.243-0400] {processor.py:161} INFO - Started process (PID=36907) to work on /Users/manideepakreddyaila/Desktop/projects/Legal_Insights_Engine/.venv/lib/python3.11/site-packages/airflow/example_dags/example_branch_labels.py
[2024-04-14T17:58:51.244-0400] {processor.py:830} INFO - Processing file /Users/manideepakreddyaila/Desktop/projects/Legal_Insights_Engine/.venv/lib/python3.11/site-packages/airflow/example_dags/example_branch_labels.py for tasks to queue
[2024-04-14T17:58:51.244-0400] {logging_mixin.py:188} INFO - [2024-04-14T17:58:51.244-0400] {dagbag.py:540} INFO - Filling up the DagBag from /Users/manideepakreddyaila/Desktop/projects/Legal_Insights_Engine/.venv/lib/python3.11/site-packages/airflow/example_dags/example_branch_labels.py
[2024-04-14T17:58:51.273-0400] {processor.py:840} INFO - DAG(s) 'example_branch_labels' retrieved from /Users/manideepakreddyaila/Desktop/projects/Legal_Insights_Engine/.venv/lib/python3.11/site-packages/airflow/example_dags/example_branch_labels.py
[2024-04-14T17:58:51.309-0400] {logging_mixin.py:188} INFO - [2024-04-14T17:58:51.309-0400] {dag.py:3096} INFO - Sync 1 DAGs
[2024-04-14T17:58:51.315-0400] {logging_mixin.py:188} INFO - [2024-04-14T17:58:51.315-0400] {dag.py:3954} INFO - Setting next_dagrun for example_branch_labels to 2024-04-13 00:00:00+00:00, run_after=2024-04-14 00:00:00+00:00
[2024-04-14T17:58:51.321-0400] {processor.py:183} INFO - Processing /Users/manideepakreddyaila/Desktop/projects/Legal_Insights_Engine/.venv/lib/python3.11/site-packages/airflow/example_dags/example_branch_labels.py took 0.079 seconds
[2024-04-14T18:00:46.548-0400] {processor.py:161} INFO - Started process (PID=37013) to work on /Users/manideepakreddyaila/Desktop/projects/Legal_Insights_Engine/.venv/lib/python3.11/site-packages/airflow/example_dags/example_branch_labels.py
[2024-04-14T18:00:46.549-0400] {processor.py:830} INFO - Processing file /Users/manideepakreddyaila/Desktop/projects/Legal_Insights_Engine/.venv/lib/python3.11/site-packages/airflow/example_dags/example_branch_labels.py for tasks to queue
[2024-04-14T18:00:46.549-0400] {logging_mixin.py:188} INFO - [2024-04-14T18:00:46.549-0400] {dagbag.py:540} INFO - Filling up the DagBag from /Users/manideepakreddyaila/Desktop/projects/Legal_Insights_Engine/.venv/lib/python3.11/site-packages/airflow/example_dags/example_branch_labels.py
[2024-04-14T18:00:46.577-0400] {processor.py:840} INFO - DAG(s) 'example_branch_labels' retrieved from /Users/manideepakreddyaila/Desktop/projects/Legal_Insights_Engine/.venv/lib/python3.11/site-packages/airflow/example_dags/example_branch_labels.py
[2024-04-14T18:00:46.613-0400] {logging_mixin.py:188} INFO - [2024-04-14T18:00:46.613-0400] {dag.py:3096} INFO - Sync 1 DAGs
[2024-04-14T18:00:46.619-0400] {logging_mixin.py:188} INFO - [2024-04-14T18:00:46.619-0400] {dag.py:3954} INFO - Setting next_dagrun for example_branch_labels to 2024-04-13 00:00:00+00:00, run_after=2024-04-14 00:00:00+00:00
[2024-04-14T18:00:46.625-0400] {processor.py:183} INFO - Processing /Users/manideepakreddyaila/Desktop/projects/Legal_Insights_Engine/.venv/lib/python3.11/site-packages/airflow/example_dags/example_branch_labels.py took 0.078 seconds
[2024-04-14T18:02:50.680-0400] {processor.py:161} INFO - Started process (PID=37109) to work on /Users/manideepakreddyaila/Desktop/projects/Legal_Insights_Engine/.venv/lib/python3.11/site-packages/airflow/example_dags/example_branch_labels.py
[2024-04-14T18:02:50.680-0400] {processor.py:830} INFO - Processing file /Users/manideepakreddyaila/Desktop/projects/Legal_Insights_Engine/.venv/lib/python3.11/site-packages/airflow/example_dags/example_branch_labels.py for tasks to queue
[2024-04-14T18:02:50.681-0400] {logging_mixin.py:188} INFO - [2024-04-14T18:02:50.681-0400] {dagbag.py:540} INFO - Filling up the DagBag from /Users/manideepakreddyaila/Desktop/projects/Legal_Insights_Engine/.venv/lib/python3.11/site-packages/airflow/example_dags/example_branch_labels.py
[2024-04-14T18:02:50.709-0400] {processor.py:840} INFO - DAG(s) 'example_branch_labels' retrieved from /Users/manideepakreddyaila/Desktop/projects/Legal_Insights_Engine/.venv/lib/python3.11/site-packages/airflow/example_dags/example_branch_labels.py
[2024-04-14T18:02:50.745-0400] {logging_mixin.py:188} INFO - [2024-04-14T18:02:50.745-0400] {dag.py:3096} INFO - Sync 1 DAGs
[2024-04-14T18:02:50.751-0400] {logging_mixin.py:188} INFO - [2024-04-14T18:02:50.751-0400] {dag.py:3954} INFO - Setting next_dagrun for example_branch_labels to 2024-04-13 00:00:00+00:00, run_after=2024-04-14 00:00:00+00:00
[2024-04-14T18:02:50.758-0400] {processor.py:183} INFO - Processing /Users/manideepakreddyaila/Desktop/projects/Legal_Insights_Engine/.venv/lib/python3.11/site-packages/airflow/example_dags/example_branch_labels.py took 0.079 seconds
[2024-04-14T18:04:46.036-0400] {processor.py:161} INFO - Started process (PID=37200) to work on /Users/manideepakreddyaila/Desktop/projects/Legal_Insights_Engine/.venv/lib/python3.11/site-packages/airflow/example_dags/example_branch_labels.py
[2024-04-14T18:04:46.036-0400] {processor.py:830} INFO - Processing file /Users/manideepakreddyaila/Desktop/projects/Legal_Insights_Engine/.venv/lib/python3.11/site-packages/airflow/example_dags/example_branch_labels.py for tasks to queue
[2024-04-14T18:04:46.037-0400] {logging_mixin.py:188} INFO - [2024-04-14T18:04:46.037-0400] {dagbag.py:540} INFO - Filling up the DagBag from /Users/manideepakreddyaila/Desktop/projects/Legal_Insights_Engine/.venv/lib/python3.11/site-packages/airflow/example_dags/example_branch_labels.py
[2024-04-14T18:04:46.066-0400] {processor.py:840} INFO - DAG(s) 'example_branch_labels' retrieved from /Users/manideepakreddyaila/Desktop/projects/Legal_Insights_Engine/.venv/lib/python3.11/site-packages/airflow/example_dags/example_branch_labels.py
[2024-04-14T18:04:46.104-0400] {logging_mixin.py:188} INFO - [2024-04-14T18:04:46.104-0400] {dag.py:3096} INFO - Sync 1 DAGs
[2024-04-14T18:04:46.110-0400] {logging_mixin.py:188} INFO - [2024-04-14T18:04:46.110-0400] {dag.py:3954} INFO - Setting next_dagrun for example_branch_labels to 2024-04-13 00:00:00+00:00, run_after=2024-04-14 00:00:00+00:00
[2024-04-14T18:04:46.116-0400] {processor.py:183} INFO - Processing /Users/manideepakreddyaila/Desktop/projects/Legal_Insights_Engine/.venv/lib/python3.11/site-packages/airflow/example_dags/example_branch_labels.py took 0.081 seconds
[2024-04-14T18:06:44.916-0400] {processor.py:161} INFO - Started process (PID=37304) to work on /Users/manideepakreddyaila/Desktop/projects/Legal_Insights_Engine/.venv/lib/python3.11/site-packages/airflow/example_dags/example_branch_labels.py
[2024-04-14T18:06:44.917-0400] {processor.py:830} INFO - Processing file /Users/manideepakreddyaila/Desktop/projects/Legal_Insights_Engine/.venv/lib/python3.11/site-packages/airflow/example_dags/example_branch_labels.py for tasks to queue
[2024-04-14T18:06:44.917-0400] {logging_mixin.py:188} INFO - [2024-04-14T18:06:44.917-0400] {dagbag.py:540} INFO - Filling up the DagBag from /Users/manideepakreddyaila/Desktop/projects/Legal_Insights_Engine/.venv/lib/python3.11/site-packages/airflow/example_dags/example_branch_labels.py
[2024-04-14T18:06:44.950-0400] {processor.py:840} INFO - DAG(s) 'example_branch_labels' retrieved from /Users/manideepakreddyaila/Desktop/projects/Legal_Insights_Engine/.venv/lib/python3.11/site-packages/airflow/example_dags/example_branch_labels.py
[2024-04-14T18:06:44.986-0400] {logging_mixin.py:188} INFO - [2024-04-14T18:06:44.986-0400] {dag.py:3096} INFO - Sync 1 DAGs
[2024-04-14T18:06:44.992-0400] {logging_mixin.py:188} INFO - [2024-04-14T18:06:44.992-0400] {dag.py:3954} INFO - Setting next_dagrun for example_branch_labels to 2024-04-13 00:00:00+00:00, run_after=2024-04-14 00:00:00+00:00
[2024-04-14T18:06:44.999-0400] {processor.py:183} INFO - Processing /Users/manideepakreddyaila/Desktop/projects/Legal_Insights_Engine/.venv/lib/python3.11/site-packages/airflow/example_dags/example_branch_labels.py took 0.084 seconds
[2024-04-14T18:08:41.389-0400] {processor.py:161} INFO - Started process (PID=37401) to work on /Users/manideepakreddyaila/Desktop/projects/Legal_Insights_Engine/.venv/lib/python3.11/site-packages/airflow/example_dags/example_branch_labels.py
[2024-04-14T18:08:41.390-0400] {processor.py:830} INFO - Processing file /Users/manideepakreddyaila/Desktop/projects/Legal_Insights_Engine/.venv/lib/python3.11/site-packages/airflow/example_dags/example_branch_labels.py for tasks to queue
[2024-04-14T18:08:41.390-0400] {logging_mixin.py:188} INFO - [2024-04-14T18:08:41.390-0400] {dagbag.py:540} INFO - Filling up the DagBag from /Users/manideepakreddyaila/Desktop/projects/Legal_Insights_Engine/.venv/lib/python3.11/site-packages/airflow/example_dags/example_branch_labels.py
[2024-04-14T18:08:41.419-0400] {processor.py:840} INFO - DAG(s) 'example_branch_labels' retrieved from /Users/manideepakreddyaila/Desktop/projects/Legal_Insights_Engine/.venv/lib/python3.11/site-packages/airflow/example_dags/example_branch_labels.py
[2024-04-14T18:08:41.456-0400] {logging_mixin.py:188} INFO - [2024-04-14T18:08:41.455-0400] {dag.py:3096} INFO - Sync 1 DAGs
[2024-04-14T18:08:41.461-0400] {logging_mixin.py:188} INFO - [2024-04-14T18:08:41.461-0400] {dag.py:3954} INFO - Setting next_dagrun for example_branch_labels to 2024-04-13 00:00:00+00:00, run_after=2024-04-14 00:00:00+00:00
[2024-04-14T18:08:41.467-0400] {processor.py:183} INFO - Processing /Users/manideepakreddyaila/Desktop/projects/Legal_Insights_Engine/.venv/lib/python3.11/site-packages/airflow/example_dags/example_branch_labels.py took 0.079 seconds
[2024-04-14T18:10:34.452-0400] {processor.py:161} INFO - Started process (PID=37492) to work on /Users/manideepakreddyaila/Desktop/projects/Legal_Insights_Engine/.venv/lib/python3.11/site-packages/airflow/example_dags/example_branch_labels.py
[2024-04-14T18:10:34.453-0400] {processor.py:830} INFO - Processing file /Users/manideepakreddyaila/Desktop/projects/Legal_Insights_Engine/.venv/lib/python3.11/site-packages/airflow/example_dags/example_branch_labels.py for tasks to queue
[2024-04-14T18:10:34.453-0400] {logging_mixin.py:188} INFO - [2024-04-14T18:10:34.453-0400] {dagbag.py:540} INFO - Filling up the DagBag from /Users/manideepakreddyaila/Desktop/projects/Legal_Insights_Engine/.venv/lib/python3.11/site-packages/airflow/example_dags/example_branch_labels.py
[2024-04-14T18:10:34.484-0400] {processor.py:840} INFO - DAG(s) 'example_branch_labels' retrieved from /Users/manideepakreddyaila/Desktop/projects/Legal_Insights_Engine/.venv/lib/python3.11/site-packages/airflow/example_dags/example_branch_labels.py
[2024-04-14T18:10:34.521-0400] {logging_mixin.py:188} INFO - [2024-04-14T18:10:34.520-0400] {dag.py:3096} INFO - Sync 1 DAGs
[2024-04-14T18:10:34.529-0400] {logging_mixin.py:188} INFO - [2024-04-14T18:10:34.529-0400] {dag.py:3954} INFO - Setting next_dagrun for example_branch_labels to 2024-04-13 00:00:00+00:00, run_after=2024-04-14 00:00:00+00:00
[2024-04-14T18:10:34.536-0400] {processor.py:183} INFO - Processing /Users/manideepakreddyaila/Desktop/projects/Legal_Insights_Engine/.venv/lib/python3.11/site-packages/airflow/example_dags/example_branch_labels.py took 0.085 seconds
[2024-04-14T18:12:32.380-0400] {processor.py:161} INFO - Started process (PID=37606) to work on /Users/manideepakreddyaila/Desktop/projects/Legal_Insights_Engine/.venv/lib/python3.11/site-packages/airflow/example_dags/example_branch_labels.py
[2024-04-14T18:12:32.381-0400] {processor.py:830} INFO - Processing file /Users/manideepakreddyaila/Desktop/projects/Legal_Insights_Engine/.venv/lib/python3.11/site-packages/airflow/example_dags/example_branch_labels.py for tasks to queue
[2024-04-14T18:12:32.381-0400] {logging_mixin.py:188} INFO - [2024-04-14T18:12:32.381-0400] {dagbag.py:540} INFO - Filling up the DagBag from /Users/manideepakreddyaila/Desktop/projects/Legal_Insights_Engine/.venv/lib/python3.11/site-packages/airflow/example_dags/example_branch_labels.py
[2024-04-14T18:12:32.414-0400] {processor.py:840} INFO - DAG(s) 'example_branch_labels' retrieved from /Users/manideepakreddyaila/Desktop/projects/Legal_Insights_Engine/.venv/lib/python3.11/site-packages/airflow/example_dags/example_branch_labels.py
[2024-04-14T18:12:32.455-0400] {logging_mixin.py:188} INFO - [2024-04-14T18:12:32.455-0400] {dag.py:3096} INFO - Sync 1 DAGs
[2024-04-14T18:12:32.461-0400] {logging_mixin.py:188} INFO - [2024-04-14T18:12:32.461-0400] {dag.py:3954} INFO - Setting next_dagrun for example_branch_labels to 2024-04-13 00:00:00+00:00, run_after=2024-04-14 00:00:00+00:00
[2024-04-14T18:12:32.467-0400] {processor.py:183} INFO - Processing /Users/manideepakreddyaila/Desktop/projects/Legal_Insights_Engine/.venv/lib/python3.11/site-packages/airflow/example_dags/example_branch_labels.py took 0.088 seconds
[2024-04-14T18:14:30.996-0400] {processor.py:161} INFO - Started process (PID=37703) to work on /Users/manideepakreddyaila/Desktop/projects/Legal_Insights_Engine/.venv/lib/python3.11/site-packages/airflow/example_dags/example_branch_labels.py
[2024-04-14T18:14:30.997-0400] {processor.py:830} INFO - Processing file /Users/manideepakreddyaila/Desktop/projects/Legal_Insights_Engine/.venv/lib/python3.11/site-packages/airflow/example_dags/example_branch_labels.py for tasks to queue
[2024-04-14T18:14:30.997-0400] {logging_mixin.py:188} INFO - [2024-04-14T18:14:30.997-0400] {dagbag.py:540} INFO - Filling up the DagBag from /Users/manideepakreddyaila/Desktop/projects/Legal_Insights_Engine/.venv/lib/python3.11/site-packages/airflow/example_dags/example_branch_labels.py
[2024-04-14T18:14:31.028-0400] {processor.py:840} INFO - DAG(s) 'example_branch_labels' retrieved from /Users/manideepakreddyaila/Desktop/projects/Legal_Insights_Engine/.venv/lib/python3.11/site-packages/airflow/example_dags/example_branch_labels.py
[2024-04-14T18:14:31.064-0400] {logging_mixin.py:188} INFO - [2024-04-14T18:14:31.064-0400] {dag.py:3096} INFO - Sync 1 DAGs
[2024-04-14T18:14:31.070-0400] {logging_mixin.py:188} INFO - [2024-04-14T18:14:31.070-0400] {dag.py:3954} INFO - Setting next_dagrun for example_branch_labels to 2024-04-13 00:00:00+00:00, run_after=2024-04-14 00:00:00+00:00
[2024-04-14T18:14:31.076-0400] {processor.py:183} INFO - Processing /Users/manideepakreddyaila/Desktop/projects/Legal_Insights_Engine/.venv/lib/python3.11/site-packages/airflow/example_dags/example_branch_labels.py took 0.082 seconds
[2024-04-14T18:16:31.671-0400] {processor.py:161} INFO - Started process (PID=37834) to work on /Users/manideepakreddyaila/Desktop/projects/Legal_Insights_Engine/.venv/lib/python3.11/site-packages/airflow/example_dags/example_branch_labels.py
[2024-04-14T18:16:31.672-0400] {processor.py:830} INFO - Processing file /Users/manideepakreddyaila/Desktop/projects/Legal_Insights_Engine/.venv/lib/python3.11/site-packages/airflow/example_dags/example_branch_labels.py for tasks to queue
[2024-04-14T18:16:31.672-0400] {logging_mixin.py:188} INFO - [2024-04-14T18:16:31.672-0400] {dagbag.py:540} INFO - Filling up the DagBag from /Users/manideepakreddyaila/Desktop/projects/Legal_Insights_Engine/.venv/lib/python3.11/site-packages/airflow/example_dags/example_branch_labels.py
[2024-04-14T18:31:57.604-0400] {processor.py:840} INFO - DAG(s) 'example_branch_labels' retrieved from /Users/manideepakreddyaila/Desktop/projects/Legal_Insights_Engine/.venv/lib/python3.11/site-packages/airflow/example_dags/example_branch_labels.py
[2024-04-14T18:31:57.668-0400] {logging_mixin.py:188} INFO - [2024-04-14T18:31:57.667-0400] {dag.py:3096} INFO - Sync 1 DAGs
[2024-04-14T18:31:57.675-0400] {logging_mixin.py:188} INFO - [2024-04-14T18:31:57.675-0400] {dag.py:3954} INFO - Setting next_dagrun for example_branch_labels to 2024-04-13 00:00:00+00:00, run_after=2024-04-14 00:00:00+00:00
[2024-04-14T18:31:57.687-0400] {processor.py:183} INFO - Processing /Users/manideepakreddyaila/Desktop/projects/Legal_Insights_Engine/.venv/lib/python3.11/site-packages/airflow/example_dags/example_branch_labels.py took 0.427 seconds
