[2024-04-13T20:07:04.486-0400] {processor.py:161} INFO - Started process (PID=31671) to work on /Users/manideepakreddyaila/Desktop/projects/Legal_Insights_Engine/.venv/lib/python3.11/site-packages/airflow/example_dags/example_nested_branch_dag.py
[2024-04-13T20:07:04.486-0400] {processor.py:830} INFO - Processing file /Users/manideepakreddyaila/Desktop/projects/Legal_Insights_Engine/.venv/lib/python3.11/site-packages/airflow/example_dags/example_nested_branch_dag.py for tasks to queue
[2024-04-13T20:07:04.486-0400] {logging_mixin.py:188} INFO - [2024-04-13T20:07:04.486-0400] {dagbag.py:540} INFO - Filling up the DagBag from /Users/manideepakreddyaila/Desktop/projects/Legal_Insights_Engine/.venv/lib/python3.11/site-packages/airflow/example_dags/example_nested_branch_dag.py
[2024-04-13T20:07:04.526-0400] {processor.py:840} INFO - DAG(s) 'example_nested_branch_dag' retrieved from /Users/manideepakreddyaila/Desktop/projects/Legal_Insights_Engine/.venv/lib/python3.11/site-packages/airflow/example_dags/example_nested_branch_dag.py
[2024-04-13T20:07:04.561-0400] {logging_mixin.py:188} INFO - [2024-04-13T20:07:04.561-0400] {dag.py:3096} INFO - Sync 1 DAGs
[2024-04-13T20:07:04.567-0400] {logging_mixin.py:188} INFO - [2024-04-13T20:07:04.567-0400] {dag.py:3954} INFO - Setting next_dagrun for example_nested_branch_dag to 2024-04-13 00:00:00+00:00, run_after=2024-04-14 00:00:00+00:00
[2024-04-13T20:07:04.573-0400] {processor.py:183} INFO - Processing /Users/manideepakreddyaila/Desktop/projects/Legal_Insights_Engine/.venv/lib/python3.11/site-packages/airflow/example_dags/example_nested_branch_dag.py took 0.088 seconds
[2024-04-13T22:09:21.440-0400] {processor.py:161} INFO - Started process (PID=31881) to work on /Users/manideepakreddyaila/Desktop/projects/Legal_Insights_Engine/.venv/lib/python3.11/site-packages/airflow/example_dags/example_nested_branch_dag.py
[2024-04-13T22:09:21.441-0400] {processor.py:830} INFO - Processing file /Users/manideepakreddyaila/Desktop/projects/Legal_Insights_Engine/.venv/lib/python3.11/site-packages/airflow/example_dags/example_nested_branch_dag.py for tasks to queue
[2024-04-13T22:09:21.441-0400] {logging_mixin.py:188} INFO - [2024-04-13T22:09:21.441-0400] {dagbag.py:540} INFO - Filling up the DagBag from /Users/manideepakreddyaila/Desktop/projects/Legal_Insights_Engine/.venv/lib/python3.11/site-packages/airflow/example_dags/example_nested_branch_dag.py
[2024-04-13T22:09:21.487-0400] {processor.py:840} INFO - DAG(s) 'example_nested_branch_dag' retrieved from /Users/manideepakreddyaila/Desktop/projects/Legal_Insights_Engine/.venv/lib/python3.11/site-packages/airflow/example_dags/example_nested_branch_dag.py
[2024-04-13T22:09:21.525-0400] {logging_mixin.py:188} INFO - [2024-04-13T22:09:21.524-0400] {dag.py:3096} INFO - Sync 1 DAGs
[2024-04-13T22:09:21.532-0400] {logging_mixin.py:188} INFO - [2024-04-13T22:09:21.532-0400] {dag.py:3954} INFO - Setting next_dagrun for example_nested_branch_dag to 2024-04-13 00:00:00+00:00, run_after=2024-04-14 00:00:00+00:00
[2024-04-13T22:09:21.539-0400] {processor.py:183} INFO - Processing /Users/manideepakreddyaila/Desktop/projects/Legal_Insights_Engine/.venv/lib/python3.11/site-packages/airflow/example_dags/example_nested_branch_dag.py took 0.100 seconds
[2024-04-14T01:11:53.085-0400] {processor.py:161} INFO - Started process (PID=32077) to work on /Users/manideepakreddyaila/Desktop/projects/Legal_Insights_Engine/.venv/lib/python3.11/site-packages/airflow/example_dags/example_nested_branch_dag.py
[2024-04-14T01:11:53.086-0400] {processor.py:830} INFO - Processing file /Users/manideepakreddyaila/Desktop/projects/Legal_Insights_Engine/.venv/lib/python3.11/site-packages/airflow/example_dags/example_nested_branch_dag.py for tasks to queue
[2024-04-14T01:11:53.086-0400] {logging_mixin.py:188} INFO - [2024-04-14T01:11:53.086-0400] {dagbag.py:540} INFO - Filling up the DagBag from /Users/manideepakreddyaila/Desktop/projects/Legal_Insights_Engine/.venv/lib/python3.11/site-packages/airflow/example_dags/example_nested_branch_dag.py
[2024-04-14T01:11:53.182-0400] {processor.py:840} INFO - DAG(s) 'example_nested_branch_dag' retrieved from /Users/manideepakreddyaila/Desktop/projects/Legal_Insights_Engine/.venv/lib/python3.11/site-packages/airflow/example_dags/example_nested_branch_dag.py
[2024-04-14T01:11:53.275-0400] {logging_mixin.py:188} INFO - [2024-04-14T01:11:53.275-0400] {dag.py:3096} INFO - Sync 1 DAGs
[2024-04-14T01:11:53.284-0400] {logging_mixin.py:188} INFO - [2024-04-14T01:11:53.284-0400] {dag.py:3954} INFO - Setting next_dagrun for example_nested_branch_dag to 2024-04-13 00:00:00+00:00, run_after=2024-04-14 00:00:00+00:00
[2024-04-14T01:11:53.293-0400] {processor.py:183} INFO - Processing /Users/manideepakreddyaila/Desktop/projects/Legal_Insights_Engine/.venv/lib/python3.11/site-packages/airflow/example_dags/example_nested_branch_dag.py took 0.210 seconds
[2024-04-14T03:49:03.497-0400] {processor.py:161} INFO - Started process (PID=32355) to work on /Users/manideepakreddyaila/Desktop/projects/Legal_Insights_Engine/.venv/lib/python3.11/site-packages/airflow/example_dags/example_nested_branch_dag.py
[2024-04-14T03:49:03.498-0400] {processor.py:830} INFO - Processing file /Users/manideepakreddyaila/Desktop/projects/Legal_Insights_Engine/.venv/lib/python3.11/site-packages/airflow/example_dags/example_nested_branch_dag.py for tasks to queue
[2024-04-14T03:49:03.499-0400] {logging_mixin.py:188} INFO - [2024-04-14T03:49:03.498-0400] {dagbag.py:540} INFO - Filling up the DagBag from /Users/manideepakreddyaila/Desktop/projects/Legal_Insights_Engine/.venv/lib/python3.11/site-packages/airflow/example_dags/example_nested_branch_dag.py
[2024-04-14T03:49:03.537-0400] {processor.py:840} INFO - DAG(s) 'example_nested_branch_dag' retrieved from /Users/manideepakreddyaila/Desktop/projects/Legal_Insights_Engine/.venv/lib/python3.11/site-packages/airflow/example_dags/example_nested_branch_dag.py
[2024-04-14T03:49:03.572-0400] {logging_mixin.py:188} INFO - [2024-04-14T03:49:03.571-0400] {dag.py:3096} INFO - Sync 1 DAGs
[2024-04-14T03:49:03.577-0400] {logging_mixin.py:188} INFO - [2024-04-14T03:49:03.577-0400] {dag.py:3954} INFO - Setting next_dagrun for example_nested_branch_dag to 2024-04-13 00:00:00+00:00, run_after=2024-04-14 00:00:00+00:00
[2024-04-14T03:49:03.584-0400] {processor.py:183} INFO - Processing /Users/manideepakreddyaila/Desktop/projects/Legal_Insights_Engine/.venv/lib/python3.11/site-packages/airflow/example_dags/example_nested_branch_dag.py took 0.087 seconds
[2024-04-14T06:21:47.741-0400] {processor.py:161} INFO - Started process (PID=32536) to work on /Users/manideepakreddyaila/Desktop/projects/Legal_Insights_Engine/.venv/lib/python3.11/site-packages/airflow/example_dags/example_nested_branch_dag.py
[2024-04-14T06:21:47.741-0400] {processor.py:830} INFO - Processing file /Users/manideepakreddyaila/Desktop/projects/Legal_Insights_Engine/.venv/lib/python3.11/site-packages/airflow/example_dags/example_nested_branch_dag.py for tasks to queue
[2024-04-14T06:21:47.741-0400] {logging_mixin.py:188} INFO - [2024-04-14T06:21:47.741-0400] {dagbag.py:540} INFO - Filling up the DagBag from /Users/manideepakreddyaila/Desktop/projects/Legal_Insights_Engine/.venv/lib/python3.11/site-packages/airflow/example_dags/example_nested_branch_dag.py
[2024-04-14T06:21:47.781-0400] {processor.py:840} INFO - DAG(s) 'example_nested_branch_dag' retrieved from /Users/manideepakreddyaila/Desktop/projects/Legal_Insights_Engine/.venv/lib/python3.11/site-packages/airflow/example_dags/example_nested_branch_dag.py
[2024-04-14T06:21:47.816-0400] {logging_mixin.py:188} INFO - [2024-04-14T06:21:47.816-0400] {dag.py:3096} INFO - Sync 1 DAGs
[2024-04-14T06:21:47.823-0400] {logging_mixin.py:188} INFO - [2024-04-14T06:21:47.822-0400] {dag.py:3954} INFO - Setting next_dagrun for example_nested_branch_dag to 2024-04-13 00:00:00+00:00, run_after=2024-04-14 00:00:00+00:00
[2024-04-14T06:21:47.828-0400] {processor.py:183} INFO - Processing /Users/manideepakreddyaila/Desktop/projects/Legal_Insights_Engine/.venv/lib/python3.11/site-packages/airflow/example_dags/example_nested_branch_dag.py took 0.089 seconds
[2024-04-14T08:10:01.887-0400] {processor.py:161} INFO - Started process (PID=32721) to work on /Users/manideepakreddyaila/Desktop/projects/Legal_Insights_Engine/.venv/lib/python3.11/site-packages/airflow/example_dags/example_nested_branch_dag.py
[2024-04-14T08:10:01.888-0400] {processor.py:830} INFO - Processing file /Users/manideepakreddyaila/Desktop/projects/Legal_Insights_Engine/.venv/lib/python3.11/site-packages/airflow/example_dags/example_nested_branch_dag.py for tasks to queue
[2024-04-14T08:10:01.888-0400] {logging_mixin.py:188} INFO - [2024-04-14T08:10:01.888-0400] {dagbag.py:540} INFO - Filling up the DagBag from /Users/manideepakreddyaila/Desktop/projects/Legal_Insights_Engine/.venv/lib/python3.11/site-packages/airflow/example_dags/example_nested_branch_dag.py
[2024-04-14T08:10:01.932-0400] {processor.py:840} INFO - DAG(s) 'example_nested_branch_dag' retrieved from /Users/manideepakreddyaila/Desktop/projects/Legal_Insights_Engine/.venv/lib/python3.11/site-packages/airflow/example_dags/example_nested_branch_dag.py
[2024-04-14T08:10:01.970-0400] {logging_mixin.py:188} INFO - [2024-04-14T08:10:01.970-0400] {dag.py:3096} INFO - Sync 1 DAGs
[2024-04-14T08:10:01.976-0400] {logging_mixin.py:188} INFO - [2024-04-14T08:10:01.976-0400] {dag.py:3954} INFO - Setting next_dagrun for example_nested_branch_dag to 2024-04-13 00:00:00+00:00, run_after=2024-04-14 00:00:00+00:00
[2024-04-14T08:10:01.983-0400] {processor.py:183} INFO - Processing /Users/manideepakreddyaila/Desktop/projects/Legal_Insights_Engine/.venv/lib/python3.11/site-packages/airflow/example_dags/example_nested_branch_dag.py took 0.097 seconds
[2024-04-14T08:14:59.797-0400] {processor.py:161} INFO - Started process (PID=32843) to work on /Users/manideepakreddyaila/Desktop/projects/Legal_Insights_Engine/.venv/lib/python3.11/site-packages/airflow/example_dags/example_nested_branch_dag.py
[2024-04-14T08:14:59.798-0400] {processor.py:830} INFO - Processing file /Users/manideepakreddyaila/Desktop/projects/Legal_Insights_Engine/.venv/lib/python3.11/site-packages/airflow/example_dags/example_nested_branch_dag.py for tasks to queue
[2024-04-14T08:14:59.798-0400] {logging_mixin.py:188} INFO - [2024-04-14T08:14:59.798-0400] {dagbag.py:540} INFO - Filling up the DagBag from /Users/manideepakreddyaila/Desktop/projects/Legal_Insights_Engine/.venv/lib/python3.11/site-packages/airflow/example_dags/example_nested_branch_dag.py
[2024-04-14T08:14:59.839-0400] {processor.py:840} INFO - DAG(s) 'example_nested_branch_dag' retrieved from /Users/manideepakreddyaila/Desktop/projects/Legal_Insights_Engine/.venv/lib/python3.11/site-packages/airflow/example_dags/example_nested_branch_dag.py
[2024-04-14T08:14:59.874-0400] {logging_mixin.py:188} INFO - [2024-04-14T08:14:59.873-0400] {dag.py:3096} INFO - Sync 1 DAGs
[2024-04-14T08:14:59.880-0400] {logging_mixin.py:188} INFO - [2024-04-14T08:14:59.880-0400] {dag.py:3954} INFO - Setting next_dagrun for example_nested_branch_dag to 2024-04-13 00:00:00+00:00, run_after=2024-04-14 00:00:00+00:00
[2024-04-14T08:14:59.886-0400] {processor.py:183} INFO - Processing /Users/manideepakreddyaila/Desktop/projects/Legal_Insights_Engine/.venv/lib/python3.11/site-packages/airflow/example_dags/example_nested_branch_dag.py took 0.093 seconds
[2024-04-14T08:22:01.677-0400] {processor.py:161} INFO - Started process (PID=32965) to work on /Users/manideepakreddyaila/Desktop/projects/Legal_Insights_Engine/.venv/lib/python3.11/site-packages/airflow/example_dags/example_nested_branch_dag.py
[2024-04-14T08:22:01.678-0400] {processor.py:830} INFO - Processing file /Users/manideepakreddyaila/Desktop/projects/Legal_Insights_Engine/.venv/lib/python3.11/site-packages/airflow/example_dags/example_nested_branch_dag.py for tasks to queue
[2024-04-14T08:22:01.678-0400] {logging_mixin.py:188} INFO - [2024-04-14T08:22:01.678-0400] {dagbag.py:540} INFO - Filling up the DagBag from /Users/manideepakreddyaila/Desktop/projects/Legal_Insights_Engine/.venv/lib/python3.11/site-packages/airflow/example_dags/example_nested_branch_dag.py
[2024-04-14T08:22:01.717-0400] {processor.py:840} INFO - DAG(s) 'example_nested_branch_dag' retrieved from /Users/manideepakreddyaila/Desktop/projects/Legal_Insights_Engine/.venv/lib/python3.11/site-packages/airflow/example_dags/example_nested_branch_dag.py
[2024-04-14T08:22:01.751-0400] {logging_mixin.py:188} INFO - [2024-04-14T08:22:01.751-0400] {dag.py:3096} INFO - Sync 1 DAGs
[2024-04-14T08:22:01.757-0400] {logging_mixin.py:188} INFO - [2024-04-14T08:22:01.757-0400] {dag.py:3954} INFO - Setting next_dagrun for example_nested_branch_dag to 2024-04-13 00:00:00+00:00, run_after=2024-04-14 00:00:00+00:00
[2024-04-14T08:22:01.763-0400] {processor.py:183} INFO - Processing /Users/manideepakreddyaila/Desktop/projects/Legal_Insights_Engine/.venv/lib/python3.11/site-packages/airflow/example_dags/example_nested_branch_dag.py took 0.087 seconds
[2024-04-14T11:22:00.251-0400] {processor.py:161} INFO - Started process (PID=33134) to work on /Users/manideepakreddyaila/Desktop/projects/Legal_Insights_Engine/.venv/lib/python3.11/site-packages/airflow/example_dags/example_nested_branch_dag.py
[2024-04-14T11:22:00.253-0400] {processor.py:830} INFO - Processing file /Users/manideepakreddyaila/Desktop/projects/Legal_Insights_Engine/.venv/lib/python3.11/site-packages/airflow/example_dags/example_nested_branch_dag.py for tasks to queue
[2024-04-14T11:22:00.253-0400] {logging_mixin.py:188} INFO - [2024-04-14T11:22:00.253-0400] {dagbag.py:540} INFO - Filling up the DagBag from /Users/manideepakreddyaila/Desktop/projects/Legal_Insights_Engine/.venv/lib/python3.11/site-packages/airflow/example_dags/example_nested_branch_dag.py
[2024-04-14T11:22:00.295-0400] {processor.py:840} INFO - DAG(s) 'example_nested_branch_dag' retrieved from /Users/manideepakreddyaila/Desktop/projects/Legal_Insights_Engine/.venv/lib/python3.11/site-packages/airflow/example_dags/example_nested_branch_dag.py
[2024-04-14T11:22:00.330-0400] {logging_mixin.py:188} INFO - [2024-04-14T11:22:00.330-0400] {dag.py:3096} INFO - Sync 1 DAGs
[2024-04-14T11:22:00.336-0400] {logging_mixin.py:188} INFO - [2024-04-14T11:22:00.336-0400] {dag.py:3954} INFO - Setting next_dagrun for example_nested_branch_dag to 2024-04-13 00:00:00+00:00, run_after=2024-04-14 00:00:00+00:00
[2024-04-14T11:22:00.342-0400] {processor.py:183} INFO - Processing /Users/manideepakreddyaila/Desktop/projects/Legal_Insights_Engine/.venv/lib/python3.11/site-packages/airflow/example_dags/example_nested_branch_dag.py took 0.091 seconds
[2024-04-14T12:06:50.343-0400] {processor.py:161} INFO - Started process (PID=33263) to work on /Users/manideepakreddyaila/Desktop/projects/Legal_Insights_Engine/.venv/lib/python3.11/site-packages/airflow/example_dags/example_nested_branch_dag.py
[2024-04-14T12:06:50.344-0400] {processor.py:830} INFO - Processing file /Users/manideepakreddyaila/Desktop/projects/Legal_Insights_Engine/.venv/lib/python3.11/site-packages/airflow/example_dags/example_nested_branch_dag.py for tasks to queue
[2024-04-14T12:06:50.344-0400] {logging_mixin.py:188} INFO - [2024-04-14T12:06:50.344-0400] {dagbag.py:540} INFO - Filling up the DagBag from /Users/manideepakreddyaila/Desktop/projects/Legal_Insights_Engine/.venv/lib/python3.11/site-packages/airflow/example_dags/example_nested_branch_dag.py
[2024-04-14T12:06:50.383-0400] {processor.py:840} INFO - DAG(s) 'example_nested_branch_dag' retrieved from /Users/manideepakreddyaila/Desktop/projects/Legal_Insights_Engine/.venv/lib/python3.11/site-packages/airflow/example_dags/example_nested_branch_dag.py
[2024-04-14T12:06:50.419-0400] {logging_mixin.py:188} INFO - [2024-04-14T12:06:50.419-0400] {dag.py:3096} INFO - Sync 1 DAGs
[2024-04-14T12:06:50.426-0400] {logging_mixin.py:188} INFO - [2024-04-14T12:06:50.425-0400] {dag.py:3954} INFO - Setting next_dagrun for example_nested_branch_dag to 2024-04-13 00:00:00+00:00, run_after=2024-04-14 00:00:00+00:00
[2024-04-14T12:06:50.432-0400] {processor.py:183} INFO - Processing /Users/manideepakreddyaila/Desktop/projects/Legal_Insights_Engine/.venv/lib/python3.11/site-packages/airflow/example_dags/example_nested_branch_dag.py took 0.090 seconds
[2024-04-14T14:14:11.554-0400] {processor.py:161} INFO - Started process (PID=33471) to work on /Users/manideepakreddyaila/Desktop/projects/Legal_Insights_Engine/.venv/lib/python3.11/site-packages/airflow/example_dags/example_nested_branch_dag.py
[2024-04-14T14:14:11.555-0400] {processor.py:830} INFO - Processing file /Users/manideepakreddyaila/Desktop/projects/Legal_Insights_Engine/.venv/lib/python3.11/site-packages/airflow/example_dags/example_nested_branch_dag.py for tasks to queue
[2024-04-14T14:14:11.555-0400] {logging_mixin.py:188} INFO - [2024-04-14T14:14:11.555-0400] {dagbag.py:540} INFO - Filling up the DagBag from /Users/manideepakreddyaila/Desktop/projects/Legal_Insights_Engine/.venv/lib/python3.11/site-packages/airflow/example_dags/example_nested_branch_dag.py
[2024-04-14T14:14:11.601-0400] {processor.py:840} INFO - DAG(s) 'example_nested_branch_dag' retrieved from /Users/manideepakreddyaila/Desktop/projects/Legal_Insights_Engine/.venv/lib/python3.11/site-packages/airflow/example_dags/example_nested_branch_dag.py
[2024-04-14T14:14:11.636-0400] {logging_mixin.py:188} INFO - [2024-04-14T14:14:11.636-0400] {dag.py:3096} INFO - Sync 1 DAGs
[2024-04-14T14:14:11.643-0400] {logging_mixin.py:188} INFO - [2024-04-14T14:14:11.642-0400] {dag.py:3954} INFO - Setting next_dagrun for example_nested_branch_dag to 2024-04-13 00:00:00+00:00, run_after=2024-04-14 00:00:00+00:00
[2024-04-14T14:14:11.648-0400] {processor.py:183} INFO - Processing /Users/manideepakreddyaila/Desktop/projects/Legal_Insights_Engine/.venv/lib/python3.11/site-packages/airflow/example_dags/example_nested_branch_dag.py took 0.095 seconds
[2024-04-14T16:05:15.204-0400] {processor.py:161} INFO - Started process (PID=33617) to work on /Users/manideepakreddyaila/Desktop/projects/Legal_Insights_Engine/.venv/lib/python3.11/site-packages/airflow/example_dags/example_nested_branch_dag.py
[2024-04-14T16:05:15.204-0400] {processor.py:830} INFO - Processing file /Users/manideepakreddyaila/Desktop/projects/Legal_Insights_Engine/.venv/lib/python3.11/site-packages/airflow/example_dags/example_nested_branch_dag.py for tasks to queue
[2024-04-14T16:05:15.205-0400] {logging_mixin.py:188} INFO - [2024-04-14T16:05:15.205-0400] {dagbag.py:540} INFO - Filling up the DagBag from /Users/manideepakreddyaila/Desktop/projects/Legal_Insights_Engine/.venv/lib/python3.11/site-packages/airflow/example_dags/example_nested_branch_dag.py
[2024-04-14T16:05:15.248-0400] {processor.py:840} INFO - DAG(s) 'example_nested_branch_dag' retrieved from /Users/manideepakreddyaila/Desktop/projects/Legal_Insights_Engine/.venv/lib/python3.11/site-packages/airflow/example_dags/example_nested_branch_dag.py
[2024-04-14T16:05:15.283-0400] {logging_mixin.py:188} INFO - [2024-04-14T16:05:15.283-0400] {dag.py:3096} INFO - Sync 1 DAGs
[2024-04-14T16:05:15.289-0400] {logging_mixin.py:188} INFO - [2024-04-14T16:05:15.289-0400] {dag.py:3954} INFO - Setting next_dagrun for example_nested_branch_dag to 2024-04-13 00:00:00+00:00, run_after=2024-04-14 00:00:00+00:00
[2024-04-14T16:05:15.295-0400] {processor.py:183} INFO - Processing /Users/manideepakreddyaila/Desktop/projects/Legal_Insights_Engine/.venv/lib/python3.11/site-packages/airflow/example_dags/example_nested_branch_dag.py took 0.092 seconds
[2024-04-14T16:37:02.953-0400] {processor.py:161} INFO - Started process (PID=33769) to work on /Users/manideepakreddyaila/Desktop/projects/Legal_Insights_Engine/.venv/lib/python3.11/site-packages/airflow/example_dags/example_nested_branch_dag.py
[2024-04-14T16:37:02.953-0400] {processor.py:830} INFO - Processing file /Users/manideepakreddyaila/Desktop/projects/Legal_Insights_Engine/.venv/lib/python3.11/site-packages/airflow/example_dags/example_nested_branch_dag.py for tasks to queue
[2024-04-14T16:37:02.954-0400] {logging_mixin.py:188} INFO - [2024-04-14T16:37:02.954-0400] {dagbag.py:540} INFO - Filling up the DagBag from /Users/manideepakreddyaila/Desktop/projects/Legal_Insights_Engine/.venv/lib/python3.11/site-packages/airflow/example_dags/example_nested_branch_dag.py
[2024-04-14T16:37:02.994-0400] {processor.py:840} INFO - DAG(s) 'example_nested_branch_dag' retrieved from /Users/manideepakreddyaila/Desktop/projects/Legal_Insights_Engine/.venv/lib/python3.11/site-packages/airflow/example_dags/example_nested_branch_dag.py
[2024-04-14T16:37:03.030-0400] {logging_mixin.py:188} INFO - [2024-04-14T16:37:03.030-0400] {dag.py:3096} INFO - Sync 1 DAGs
[2024-04-14T16:37:03.037-0400] {logging_mixin.py:188} INFO - [2024-04-14T16:37:03.037-0400] {dag.py:3954} INFO - Setting next_dagrun for example_nested_branch_dag to 2024-04-13 00:00:00+00:00, run_after=2024-04-14 00:00:00+00:00
[2024-04-14T16:37:03.043-0400] {processor.py:183} INFO - Processing /Users/manideepakreddyaila/Desktop/projects/Legal_Insights_Engine/.venv/lib/python3.11/site-packages/airflow/example_dags/example_nested_branch_dag.py took 0.092 seconds
[2024-04-14T16:39:03.191-0400] {processor.py:161} INFO - Started process (PID=33863) to work on /Users/manideepakreddyaila/Desktop/projects/Legal_Insights_Engine/.venv/lib/python3.11/site-packages/airflow/example_dags/example_nested_branch_dag.py
[2024-04-14T16:39:03.191-0400] {processor.py:830} INFO - Processing file /Users/manideepakreddyaila/Desktop/projects/Legal_Insights_Engine/.venv/lib/python3.11/site-packages/airflow/example_dags/example_nested_branch_dag.py for tasks to queue
[2024-04-14T16:39:03.192-0400] {logging_mixin.py:188} INFO - [2024-04-14T16:39:03.192-0400] {dagbag.py:540} INFO - Filling up the DagBag from /Users/manideepakreddyaila/Desktop/projects/Legal_Insights_Engine/.venv/lib/python3.11/site-packages/airflow/example_dags/example_nested_branch_dag.py
[2024-04-14T16:39:03.231-0400] {processor.py:840} INFO - DAG(s) 'example_nested_branch_dag' retrieved from /Users/manideepakreddyaila/Desktop/projects/Legal_Insights_Engine/.venv/lib/python3.11/site-packages/airflow/example_dags/example_nested_branch_dag.py
[2024-04-14T16:39:03.266-0400] {logging_mixin.py:188} INFO - [2024-04-14T16:39:03.266-0400] {dag.py:3096} INFO - Sync 1 DAGs
[2024-04-14T16:39:03.272-0400] {logging_mixin.py:188} INFO - [2024-04-14T16:39:03.272-0400] {dag.py:3954} INFO - Setting next_dagrun for example_nested_branch_dag to 2024-04-13 00:00:00+00:00, run_after=2024-04-14 00:00:00+00:00
[2024-04-14T16:39:03.278-0400] {processor.py:183} INFO - Processing /Users/manideepakreddyaila/Desktop/projects/Legal_Insights_Engine/.venv/lib/python3.11/site-packages/airflow/example_dags/example_nested_branch_dag.py took 0.088 seconds
[2024-04-14T16:40:25.216-0400] {processor.py:161} INFO - Started process (PID=33929) to work on /Users/manideepakreddyaila/Desktop/projects/Legal_Insights_Engine/.venv/lib/python3.11/site-packages/airflow/example_dags/example_nested_branch_dag.py
[2024-04-14T16:40:25.218-0400] {processor.py:830} INFO - Processing file /Users/manideepakreddyaila/Desktop/projects/Legal_Insights_Engine/.venv/lib/python3.11/site-packages/airflow/example_dags/example_nested_branch_dag.py for tasks to queue
[2024-04-14T16:40:25.218-0400] {logging_mixin.py:188} INFO - [2024-04-14T16:40:25.218-0400] {dagbag.py:540} INFO - Filling up the DagBag from /Users/manideepakreddyaila/Desktop/projects/Legal_Insights_Engine/.venv/lib/python3.11/site-packages/airflow/example_dags/example_nested_branch_dag.py
[2024-04-14T16:40:25.257-0400] {processor.py:840} INFO - DAG(s) 'example_nested_branch_dag' retrieved from /Users/manideepakreddyaila/Desktop/projects/Legal_Insights_Engine/.venv/lib/python3.11/site-packages/airflow/example_dags/example_nested_branch_dag.py
[2024-04-14T16:40:25.292-0400] {logging_mixin.py:188} INFO - [2024-04-14T16:40:25.292-0400] {dag.py:3096} INFO - Sync 1 DAGs
[2024-04-14T16:40:25.298-0400] {logging_mixin.py:188} INFO - [2024-04-14T16:40:25.298-0400] {dag.py:3954} INFO - Setting next_dagrun for example_nested_branch_dag to 2024-04-13 00:00:00+00:00, run_after=2024-04-14 00:00:00+00:00
[2024-04-14T16:40:25.304-0400] {processor.py:183} INFO - Processing /Users/manideepakreddyaila/Desktop/projects/Legal_Insights_Engine/.venv/lib/python3.11/site-packages/airflow/example_dags/example_nested_branch_dag.py took 0.089 seconds
[2024-04-14T16:42:18.201-0400] {processor.py:161} INFO - Started process (PID=34024) to work on /Users/manideepakreddyaila/Desktop/projects/Legal_Insights_Engine/.venv/lib/python3.11/site-packages/airflow/example_dags/example_nested_branch_dag.py
[2024-04-14T16:42:18.202-0400] {processor.py:830} INFO - Processing file /Users/manideepakreddyaila/Desktop/projects/Legal_Insights_Engine/.venv/lib/python3.11/site-packages/airflow/example_dags/example_nested_branch_dag.py for tasks to queue
[2024-04-14T16:42:18.202-0400] {logging_mixin.py:188} INFO - [2024-04-14T16:42:18.202-0400] {dagbag.py:540} INFO - Filling up the DagBag from /Users/manideepakreddyaila/Desktop/projects/Legal_Insights_Engine/.venv/lib/python3.11/site-packages/airflow/example_dags/example_nested_branch_dag.py
[2024-04-14T16:42:18.250-0400] {processor.py:840} INFO - DAG(s) 'example_nested_branch_dag' retrieved from /Users/manideepakreddyaila/Desktop/projects/Legal_Insights_Engine/.venv/lib/python3.11/site-packages/airflow/example_dags/example_nested_branch_dag.py
[2024-04-14T16:42:18.287-0400] {logging_mixin.py:188} INFO - [2024-04-14T16:42:18.286-0400] {dag.py:3096} INFO - Sync 1 DAGs
[2024-04-14T16:42:18.293-0400] {logging_mixin.py:188} INFO - [2024-04-14T16:42:18.293-0400] {dag.py:3954} INFO - Setting next_dagrun for example_nested_branch_dag to 2024-04-13 00:00:00+00:00, run_after=2024-04-14 00:00:00+00:00
[2024-04-14T16:42:18.300-0400] {processor.py:183} INFO - Processing /Users/manideepakreddyaila/Desktop/projects/Legal_Insights_Engine/.venv/lib/python3.11/site-packages/airflow/example_dags/example_nested_branch_dag.py took 0.100 seconds
[2024-04-14T16:44:19.267-0400] {processor.py:161} INFO - Started process (PID=34133) to work on /Users/manideepakreddyaila/Desktop/projects/Legal_Insights_Engine/.venv/lib/python3.11/site-packages/airflow/example_dags/example_nested_branch_dag.py
[2024-04-14T16:44:19.268-0400] {processor.py:830} INFO - Processing file /Users/manideepakreddyaila/Desktop/projects/Legal_Insights_Engine/.venv/lib/python3.11/site-packages/airflow/example_dags/example_nested_branch_dag.py for tasks to queue
[2024-04-14T16:44:19.268-0400] {logging_mixin.py:188} INFO - [2024-04-14T16:44:19.268-0400] {dagbag.py:540} INFO - Filling up the DagBag from /Users/manideepakreddyaila/Desktop/projects/Legal_Insights_Engine/.venv/lib/python3.11/site-packages/airflow/example_dags/example_nested_branch_dag.py
[2024-04-14T16:44:19.307-0400] {processor.py:840} INFO - DAG(s) 'example_nested_branch_dag' retrieved from /Users/manideepakreddyaila/Desktop/projects/Legal_Insights_Engine/.venv/lib/python3.11/site-packages/airflow/example_dags/example_nested_branch_dag.py
[2024-04-14T16:44:19.342-0400] {logging_mixin.py:188} INFO - [2024-04-14T16:44:19.341-0400] {dag.py:3096} INFO - Sync 1 DAGs
[2024-04-14T16:44:19.347-0400] {logging_mixin.py:188} INFO - [2024-04-14T16:44:19.347-0400] {dag.py:3954} INFO - Setting next_dagrun for example_nested_branch_dag to 2024-04-13 00:00:00+00:00, run_after=2024-04-14 00:00:00+00:00
[2024-04-14T16:44:19.354-0400] {processor.py:183} INFO - Processing /Users/manideepakreddyaila/Desktop/projects/Legal_Insights_Engine/.venv/lib/python3.11/site-packages/airflow/example_dags/example_nested_branch_dag.py took 0.087 seconds
[2024-04-14T16:46:18.998-0400] {processor.py:161} INFO - Started process (PID=34236) to work on /Users/manideepakreddyaila/Desktop/projects/Legal_Insights_Engine/.venv/lib/python3.11/site-packages/airflow/example_dags/example_nested_branch_dag.py
[2024-04-14T16:46:19.000-0400] {processor.py:830} INFO - Processing file /Users/manideepakreddyaila/Desktop/projects/Legal_Insights_Engine/.venv/lib/python3.11/site-packages/airflow/example_dags/example_nested_branch_dag.py for tasks to queue
[2024-04-14T16:46:19.000-0400] {logging_mixin.py:188} INFO - [2024-04-14T16:46:19.000-0400] {dagbag.py:540} INFO - Filling up the DagBag from /Users/manideepakreddyaila/Desktop/projects/Legal_Insights_Engine/.venv/lib/python3.11/site-packages/airflow/example_dags/example_nested_branch_dag.py
[2024-04-14T16:46:19.039-0400] {processor.py:840} INFO - DAG(s) 'example_nested_branch_dag' retrieved from /Users/manideepakreddyaila/Desktop/projects/Legal_Insights_Engine/.venv/lib/python3.11/site-packages/airflow/example_dags/example_nested_branch_dag.py
[2024-04-14T16:46:19.074-0400] {logging_mixin.py:188} INFO - [2024-04-14T16:46:19.073-0400] {dag.py:3096} INFO - Sync 1 DAGs
[2024-04-14T16:46:19.080-0400] {logging_mixin.py:188} INFO - [2024-04-14T16:46:19.079-0400] {dag.py:3954} INFO - Setting next_dagrun for example_nested_branch_dag to 2024-04-13 00:00:00+00:00, run_after=2024-04-14 00:00:00+00:00
[2024-04-14T16:46:19.091-0400] {processor.py:183} INFO - Processing /Users/manideepakreddyaila/Desktop/projects/Legal_Insights_Engine/.venv/lib/python3.11/site-packages/airflow/example_dags/example_nested_branch_dag.py took 0.094 seconds
[2024-04-14T16:48:16.392-0400] {processor.py:161} INFO - Started process (PID=34335) to work on /Users/manideepakreddyaila/Desktop/projects/Legal_Insights_Engine/.venv/lib/python3.11/site-packages/airflow/example_dags/example_nested_branch_dag.py
[2024-04-14T16:48:16.394-0400] {processor.py:830} INFO - Processing file /Users/manideepakreddyaila/Desktop/projects/Legal_Insights_Engine/.venv/lib/python3.11/site-packages/airflow/example_dags/example_nested_branch_dag.py for tasks to queue
[2024-04-14T16:48:16.394-0400] {logging_mixin.py:188} INFO - [2024-04-14T16:48:16.394-0400] {dagbag.py:540} INFO - Filling up the DagBag from /Users/manideepakreddyaila/Desktop/projects/Legal_Insights_Engine/.venv/lib/python3.11/site-packages/airflow/example_dags/example_nested_branch_dag.py
[2024-04-14T16:48:16.434-0400] {processor.py:840} INFO - DAG(s) 'example_nested_branch_dag' retrieved from /Users/manideepakreddyaila/Desktop/projects/Legal_Insights_Engine/.venv/lib/python3.11/site-packages/airflow/example_dags/example_nested_branch_dag.py
[2024-04-14T16:48:16.470-0400] {logging_mixin.py:188} INFO - [2024-04-14T16:48:16.470-0400] {dag.py:3096} INFO - Sync 1 DAGs
[2024-04-14T16:48:16.477-0400] {logging_mixin.py:188} INFO - [2024-04-14T16:48:16.477-0400] {dag.py:3954} INFO - Setting next_dagrun for example_nested_branch_dag to 2024-04-13 00:00:00+00:00, run_after=2024-04-14 00:00:00+00:00
[2024-04-14T16:48:16.483-0400] {processor.py:183} INFO - Processing /Users/manideepakreddyaila/Desktop/projects/Legal_Insights_Engine/.venv/lib/python3.11/site-packages/airflow/example_dags/example_nested_branch_dag.py took 0.092 seconds
[2024-04-14T16:58:08.796-0400] {processor.py:161} INFO - Started process (PID=34457) to work on /Users/manideepakreddyaila/Desktop/projects/Legal_Insights_Engine/.venv/lib/python3.11/site-packages/airflow/example_dags/example_nested_branch_dag.py
[2024-04-14T16:58:08.796-0400] {processor.py:830} INFO - Processing file /Users/manideepakreddyaila/Desktop/projects/Legal_Insights_Engine/.venv/lib/python3.11/site-packages/airflow/example_dags/example_nested_branch_dag.py for tasks to queue
[2024-04-14T16:58:08.796-0400] {logging_mixin.py:188} INFO - [2024-04-14T16:58:08.796-0400] {dagbag.py:540} INFO - Filling up the DagBag from /Users/manideepakreddyaila/Desktop/projects/Legal_Insights_Engine/.venv/lib/python3.11/site-packages/airflow/example_dags/example_nested_branch_dag.py
[2024-04-14T16:58:08.835-0400] {processor.py:840} INFO - DAG(s) 'example_nested_branch_dag' retrieved from /Users/manideepakreddyaila/Desktop/projects/Legal_Insights_Engine/.venv/lib/python3.11/site-packages/airflow/example_dags/example_nested_branch_dag.py
[2024-04-14T16:58:08.870-0400] {logging_mixin.py:188} INFO - [2024-04-14T16:58:08.870-0400] {dag.py:3096} INFO - Sync 1 DAGs
[2024-04-14T16:58:08.876-0400] {logging_mixin.py:188} INFO - [2024-04-14T16:58:08.876-0400] {dag.py:3954} INFO - Setting next_dagrun for example_nested_branch_dag to 2024-04-13 00:00:00+00:00, run_after=2024-04-14 00:00:00+00:00
[2024-04-14T16:58:08.882-0400] {processor.py:183} INFO - Processing /Users/manideepakreddyaila/Desktop/projects/Legal_Insights_Engine/.venv/lib/python3.11/site-packages/airflow/example_dags/example_nested_branch_dag.py took 0.087 seconds
[2024-04-14T17:17:16.816-0400] {processor.py:161} INFO - Started process (PID=34752) to work on /Users/manideepakreddyaila/Desktop/projects/Legal_Insights_Engine/.venv/lib/python3.11/site-packages/airflow/example_dags/example_nested_branch_dag.py
[2024-04-14T17:17:16.818-0400] {processor.py:830} INFO - Processing file /Users/manideepakreddyaila/Desktop/projects/Legal_Insights_Engine/.venv/lib/python3.11/site-packages/airflow/example_dags/example_nested_branch_dag.py for tasks to queue
[2024-04-14T17:17:16.819-0400] {logging_mixin.py:188} INFO - [2024-04-14T17:17:16.818-0400] {dagbag.py:540} INFO - Filling up the DagBag from /Users/manideepakreddyaila/Desktop/projects/Legal_Insights_Engine/.venv/lib/python3.11/site-packages/airflow/example_dags/example_nested_branch_dag.py
[2024-04-14T17:17:16.867-0400] {processor.py:840} INFO - DAG(s) 'example_nested_branch_dag' retrieved from /Users/manideepakreddyaila/Desktop/projects/Legal_Insights_Engine/.venv/lib/python3.11/site-packages/airflow/example_dags/example_nested_branch_dag.py
[2024-04-14T17:17:16.906-0400] {logging_mixin.py:188} INFO - [2024-04-14T17:17:16.906-0400] {dag.py:3096} INFO - Sync 1 DAGs
[2024-04-14T17:17:16.912-0400] {logging_mixin.py:188} INFO - [2024-04-14T17:17:16.912-0400] {dag.py:3954} INFO - Setting next_dagrun for example_nested_branch_dag to 2024-04-13 00:00:00+00:00, run_after=2024-04-14 00:00:00+00:00
[2024-04-14T17:17:16.918-0400] {processor.py:183} INFO - Processing /Users/manideepakreddyaila/Desktop/projects/Legal_Insights_Engine/.venv/lib/python3.11/site-packages/airflow/example_dags/example_nested_branch_dag.py took 0.103 seconds
[2024-04-14T17:19:12.083-0400] {processor.py:161} INFO - Started process (PID=34858) to work on /Users/manideepakreddyaila/Desktop/projects/Legal_Insights_Engine/.venv/lib/python3.11/site-packages/airflow/example_dags/example_nested_branch_dag.py
[2024-04-14T17:19:12.084-0400] {processor.py:830} INFO - Processing file /Users/manideepakreddyaila/Desktop/projects/Legal_Insights_Engine/.venv/lib/python3.11/site-packages/airflow/example_dags/example_nested_branch_dag.py for tasks to queue
[2024-04-14T17:19:12.084-0400] {logging_mixin.py:188} INFO - [2024-04-14T17:19:12.084-0400] {dagbag.py:540} INFO - Filling up the DagBag from /Users/manideepakreddyaila/Desktop/projects/Legal_Insights_Engine/.venv/lib/python3.11/site-packages/airflow/example_dags/example_nested_branch_dag.py
[2024-04-14T17:19:12.131-0400] {processor.py:840} INFO - DAG(s) 'example_nested_branch_dag' retrieved from /Users/manideepakreddyaila/Desktop/projects/Legal_Insights_Engine/.venv/lib/python3.11/site-packages/airflow/example_dags/example_nested_branch_dag.py
[2024-04-14T17:19:12.166-0400] {logging_mixin.py:188} INFO - [2024-04-14T17:19:12.166-0400] {dag.py:3096} INFO - Sync 1 DAGs
[2024-04-14T17:19:12.172-0400] {logging_mixin.py:188} INFO - [2024-04-14T17:19:12.172-0400] {dag.py:3954} INFO - Setting next_dagrun for example_nested_branch_dag to 2024-04-13 00:00:00+00:00, run_after=2024-04-14 00:00:00+00:00
[2024-04-14T17:19:12.178-0400] {processor.py:183} INFO - Processing /Users/manideepakreddyaila/Desktop/projects/Legal_Insights_Engine/.venv/lib/python3.11/site-packages/airflow/example_dags/example_nested_branch_dag.py took 0.097 seconds
[2024-04-14T17:21:05.603-0400] {processor.py:161} INFO - Started process (PID=34957) to work on /Users/manideepakreddyaila/Desktop/projects/Legal_Insights_Engine/.venv/lib/python3.11/site-packages/airflow/example_dags/example_nested_branch_dag.py
[2024-04-14T17:21:05.603-0400] {processor.py:830} INFO - Processing file /Users/manideepakreddyaila/Desktop/projects/Legal_Insights_Engine/.venv/lib/python3.11/site-packages/airflow/example_dags/example_nested_branch_dag.py for tasks to queue
[2024-04-14T17:21:05.603-0400] {logging_mixin.py:188} INFO - [2024-04-14T17:21:05.603-0400] {dagbag.py:540} INFO - Filling up the DagBag from /Users/manideepakreddyaila/Desktop/projects/Legal_Insights_Engine/.venv/lib/python3.11/site-packages/airflow/example_dags/example_nested_branch_dag.py
[2024-04-14T17:21:05.645-0400] {processor.py:840} INFO - DAG(s) 'example_nested_branch_dag' retrieved from /Users/manideepakreddyaila/Desktop/projects/Legal_Insights_Engine/.venv/lib/python3.11/site-packages/airflow/example_dags/example_nested_branch_dag.py
[2024-04-14T17:21:05.680-0400] {logging_mixin.py:188} INFO - [2024-04-14T17:21:05.680-0400] {dag.py:3096} INFO - Sync 1 DAGs
[2024-04-14T17:21:05.686-0400] {logging_mixin.py:188} INFO - [2024-04-14T17:21:05.686-0400] {dag.py:3954} INFO - Setting next_dagrun for example_nested_branch_dag to 2024-04-13 00:00:00+00:00, run_after=2024-04-14 00:00:00+00:00
[2024-04-14T17:21:05.692-0400] {processor.py:183} INFO - Processing /Users/manideepakreddyaila/Desktop/projects/Legal_Insights_Engine/.venv/lib/python3.11/site-packages/airflow/example_dags/example_nested_branch_dag.py took 0.091 seconds
[2024-04-14T17:23:00.894-0400] {processor.py:161} INFO - Started process (PID=35055) to work on /Users/manideepakreddyaila/Desktop/projects/Legal_Insights_Engine/.venv/lib/python3.11/site-packages/airflow/example_dags/example_nested_branch_dag.py
[2024-04-14T17:23:00.895-0400] {processor.py:830} INFO - Processing file /Users/manideepakreddyaila/Desktop/projects/Legal_Insights_Engine/.venv/lib/python3.11/site-packages/airflow/example_dags/example_nested_branch_dag.py for tasks to queue
[2024-04-14T17:23:00.895-0400] {logging_mixin.py:188} INFO - [2024-04-14T17:23:00.895-0400] {dagbag.py:540} INFO - Filling up the DagBag from /Users/manideepakreddyaila/Desktop/projects/Legal_Insights_Engine/.venv/lib/python3.11/site-packages/airflow/example_dags/example_nested_branch_dag.py
[2024-04-14T17:23:00.934-0400] {processor.py:840} INFO - DAG(s) 'example_nested_branch_dag' retrieved from /Users/manideepakreddyaila/Desktop/projects/Legal_Insights_Engine/.venv/lib/python3.11/site-packages/airflow/example_dags/example_nested_branch_dag.py
[2024-04-14T17:23:00.969-0400] {logging_mixin.py:188} INFO - [2024-04-14T17:23:00.969-0400] {dag.py:3096} INFO - Sync 1 DAGs
[2024-04-14T17:23:00.975-0400] {logging_mixin.py:188} INFO - [2024-04-14T17:23:00.975-0400] {dag.py:3954} INFO - Setting next_dagrun for example_nested_branch_dag to 2024-04-13 00:00:00+00:00, run_after=2024-04-14 00:00:00+00:00
[2024-04-14T17:23:00.981-0400] {processor.py:183} INFO - Processing /Users/manideepakreddyaila/Desktop/projects/Legal_Insights_Engine/.venv/lib/python3.11/site-packages/airflow/example_dags/example_nested_branch_dag.py took 0.088 seconds
[2024-04-14T17:24:58.805-0400] {processor.py:161} INFO - Started process (PID=35153) to work on /Users/manideepakreddyaila/Desktop/projects/Legal_Insights_Engine/.venv/lib/python3.11/site-packages/airflow/example_dags/example_nested_branch_dag.py
[2024-04-14T17:24:58.806-0400] {processor.py:830} INFO - Processing file /Users/manideepakreddyaila/Desktop/projects/Legal_Insights_Engine/.venv/lib/python3.11/site-packages/airflow/example_dags/example_nested_branch_dag.py for tasks to queue
[2024-04-14T17:24:58.806-0400] {logging_mixin.py:188} INFO - [2024-04-14T17:24:58.806-0400] {dagbag.py:540} INFO - Filling up the DagBag from /Users/manideepakreddyaila/Desktop/projects/Legal_Insights_Engine/.venv/lib/python3.11/site-packages/airflow/example_dags/example_nested_branch_dag.py
[2024-04-14T17:24:58.845-0400] {processor.py:840} INFO - DAG(s) 'example_nested_branch_dag' retrieved from /Users/manideepakreddyaila/Desktop/projects/Legal_Insights_Engine/.venv/lib/python3.11/site-packages/airflow/example_dags/example_nested_branch_dag.py
[2024-04-14T17:24:58.880-0400] {logging_mixin.py:188} INFO - [2024-04-14T17:24:58.880-0400] {dag.py:3096} INFO - Sync 1 DAGs
[2024-04-14T17:24:58.887-0400] {logging_mixin.py:188} INFO - [2024-04-14T17:24:58.887-0400] {dag.py:3954} INFO - Setting next_dagrun for example_nested_branch_dag to 2024-04-13 00:00:00+00:00, run_after=2024-04-14 00:00:00+00:00
[2024-04-14T17:24:58.893-0400] {processor.py:183} INFO - Processing /Users/manideepakreddyaila/Desktop/projects/Legal_Insights_Engine/.venv/lib/python3.11/site-packages/airflow/example_dags/example_nested_branch_dag.py took 0.089 seconds
[2024-04-14T17:26:57.129-0400] {processor.py:161} INFO - Started process (PID=35258) to work on /Users/manideepakreddyaila/Desktop/projects/Legal_Insights_Engine/.venv/lib/python3.11/site-packages/airflow/example_dags/example_nested_branch_dag.py
[2024-04-14T17:26:57.130-0400] {processor.py:830} INFO - Processing file /Users/manideepakreddyaila/Desktop/projects/Legal_Insights_Engine/.venv/lib/python3.11/site-packages/airflow/example_dags/example_nested_branch_dag.py for tasks to queue
[2024-04-14T17:26:57.131-0400] {logging_mixin.py:188} INFO - [2024-04-14T17:26:57.130-0400] {dagbag.py:540} INFO - Filling up the DagBag from /Users/manideepakreddyaila/Desktop/projects/Legal_Insights_Engine/.venv/lib/python3.11/site-packages/airflow/example_dags/example_nested_branch_dag.py
[2024-04-14T17:26:57.170-0400] {processor.py:840} INFO - DAG(s) 'example_nested_branch_dag' retrieved from /Users/manideepakreddyaila/Desktop/projects/Legal_Insights_Engine/.venv/lib/python3.11/site-packages/airflow/example_dags/example_nested_branch_dag.py
[2024-04-14T17:26:57.205-0400] {logging_mixin.py:188} INFO - [2024-04-14T17:26:57.205-0400] {dag.py:3096} INFO - Sync 1 DAGs
[2024-04-14T17:26:57.212-0400] {logging_mixin.py:188} INFO - [2024-04-14T17:26:57.212-0400] {dag.py:3954} INFO - Setting next_dagrun for example_nested_branch_dag to 2024-04-13 00:00:00+00:00, run_after=2024-04-14 00:00:00+00:00
[2024-04-14T17:26:57.218-0400] {processor.py:183} INFO - Processing /Users/manideepakreddyaila/Desktop/projects/Legal_Insights_Engine/.venv/lib/python3.11/site-packages/airflow/example_dags/example_nested_branch_dag.py took 0.090 seconds
[2024-04-14T17:28:51.771-0400] {processor.py:161} INFO - Started process (PID=35368) to work on /Users/manideepakreddyaila/Desktop/projects/Legal_Insights_Engine/.venv/lib/python3.11/site-packages/airflow/example_dags/example_nested_branch_dag.py
[2024-04-14T17:28:51.772-0400] {processor.py:830} INFO - Processing file /Users/manideepakreddyaila/Desktop/projects/Legal_Insights_Engine/.venv/lib/python3.11/site-packages/airflow/example_dags/example_nested_branch_dag.py for tasks to queue
[2024-04-14T17:28:51.772-0400] {logging_mixin.py:188} INFO - [2024-04-14T17:28:51.772-0400] {dagbag.py:540} INFO - Filling up the DagBag from /Users/manideepakreddyaila/Desktop/projects/Legal_Insights_Engine/.venv/lib/python3.11/site-packages/airflow/example_dags/example_nested_branch_dag.py
[2024-04-14T17:28:51.813-0400] {processor.py:840} INFO - DAG(s) 'example_nested_branch_dag' retrieved from /Users/manideepakreddyaila/Desktop/projects/Legal_Insights_Engine/.venv/lib/python3.11/site-packages/airflow/example_dags/example_nested_branch_dag.py
[2024-04-14T17:28:51.848-0400] {logging_mixin.py:188} INFO - [2024-04-14T17:28:51.848-0400] {dag.py:3096} INFO - Sync 1 DAGs
[2024-04-14T17:28:51.854-0400] {logging_mixin.py:188} INFO - [2024-04-14T17:28:51.854-0400] {dag.py:3954} INFO - Setting next_dagrun for example_nested_branch_dag to 2024-04-13 00:00:00+00:00, run_after=2024-04-14 00:00:00+00:00
[2024-04-14T17:28:51.860-0400] {processor.py:183} INFO - Processing /Users/manideepakreddyaila/Desktop/projects/Legal_Insights_Engine/.venv/lib/python3.11/site-packages/airflow/example_dags/example_nested_branch_dag.py took 0.089 seconds
[2024-04-14T17:30:47.955-0400] {processor.py:161} INFO - Started process (PID=35504) to work on /Users/manideepakreddyaila/Desktop/projects/Legal_Insights_Engine/.venv/lib/python3.11/site-packages/airflow/example_dags/example_nested_branch_dag.py
[2024-04-14T17:30:47.956-0400] {processor.py:830} INFO - Processing file /Users/manideepakreddyaila/Desktop/projects/Legal_Insights_Engine/.venv/lib/python3.11/site-packages/airflow/example_dags/example_nested_branch_dag.py for tasks to queue
[2024-04-14T17:30:47.956-0400] {logging_mixin.py:188} INFO - [2024-04-14T17:30:47.956-0400] {dagbag.py:540} INFO - Filling up the DagBag from /Users/manideepakreddyaila/Desktop/projects/Legal_Insights_Engine/.venv/lib/python3.11/site-packages/airflow/example_dags/example_nested_branch_dag.py
[2024-04-14T17:30:47.995-0400] {processor.py:840} INFO - DAG(s) 'example_nested_branch_dag' retrieved from /Users/manideepakreddyaila/Desktop/projects/Legal_Insights_Engine/.venv/lib/python3.11/site-packages/airflow/example_dags/example_nested_branch_dag.py
[2024-04-14T17:30:48.031-0400] {logging_mixin.py:188} INFO - [2024-04-14T17:30:48.031-0400] {dag.py:3096} INFO - Sync 1 DAGs
[2024-04-14T17:30:48.038-0400] {logging_mixin.py:188} INFO - [2024-04-14T17:30:48.038-0400] {dag.py:3954} INFO - Setting next_dagrun for example_nested_branch_dag to 2024-04-13 00:00:00+00:00, run_after=2024-04-14 00:00:00+00:00
[2024-04-14T17:30:48.044-0400] {processor.py:183} INFO - Processing /Users/manideepakreddyaila/Desktop/projects/Legal_Insights_Engine/.venv/lib/python3.11/site-packages/airflow/example_dags/example_nested_branch_dag.py took 0.090 seconds
[2024-04-14T17:32:48.497-0400] {processor.py:161} INFO - Started process (PID=35615) to work on /Users/manideepakreddyaila/Desktop/projects/Legal_Insights_Engine/.venv/lib/python3.11/site-packages/airflow/example_dags/example_nested_branch_dag.py
[2024-04-14T17:32:48.499-0400] {processor.py:830} INFO - Processing file /Users/manideepakreddyaila/Desktop/projects/Legal_Insights_Engine/.venv/lib/python3.11/site-packages/airflow/example_dags/example_nested_branch_dag.py for tasks to queue
[2024-04-14T17:32:48.499-0400] {logging_mixin.py:188} INFO - [2024-04-14T17:32:48.499-0400] {dagbag.py:540} INFO - Filling up the DagBag from /Users/manideepakreddyaila/Desktop/projects/Legal_Insights_Engine/.venv/lib/python3.11/site-packages/airflow/example_dags/example_nested_branch_dag.py
[2024-04-14T17:32:48.539-0400] {processor.py:840} INFO - DAG(s) 'example_nested_branch_dag' retrieved from /Users/manideepakreddyaila/Desktop/projects/Legal_Insights_Engine/.venv/lib/python3.11/site-packages/airflow/example_dags/example_nested_branch_dag.py
[2024-04-14T17:32:48.575-0400] {logging_mixin.py:188} INFO - [2024-04-14T17:32:48.574-0400] {dag.py:3096} INFO - Sync 1 DAGs
[2024-04-14T17:32:48.581-0400] {logging_mixin.py:188} INFO - [2024-04-14T17:32:48.580-0400] {dag.py:3954} INFO - Setting next_dagrun for example_nested_branch_dag to 2024-04-13 00:00:00+00:00, run_after=2024-04-14 00:00:00+00:00
[2024-04-14T17:32:48.586-0400] {processor.py:183} INFO - Processing /Users/manideepakreddyaila/Desktop/projects/Legal_Insights_Engine/.venv/lib/python3.11/site-packages/airflow/example_dags/example_nested_branch_dag.py took 0.090 seconds
[2024-04-14T17:34:47.735-0400] {processor.py:161} INFO - Started process (PID=35712) to work on /Users/manideepakreddyaila/Desktop/projects/Legal_Insights_Engine/.venv/lib/python3.11/site-packages/airflow/example_dags/example_nested_branch_dag.py
[2024-04-14T17:34:47.736-0400] {processor.py:830} INFO - Processing file /Users/manideepakreddyaila/Desktop/projects/Legal_Insights_Engine/.venv/lib/python3.11/site-packages/airflow/example_dags/example_nested_branch_dag.py for tasks to queue
[2024-04-14T17:34:47.736-0400] {logging_mixin.py:188} INFO - [2024-04-14T17:34:47.736-0400] {dagbag.py:540} INFO - Filling up the DagBag from /Users/manideepakreddyaila/Desktop/projects/Legal_Insights_Engine/.venv/lib/python3.11/site-packages/airflow/example_dags/example_nested_branch_dag.py
[2024-04-14T17:34:47.775-0400] {processor.py:840} INFO - DAG(s) 'example_nested_branch_dag' retrieved from /Users/manideepakreddyaila/Desktop/projects/Legal_Insights_Engine/.venv/lib/python3.11/site-packages/airflow/example_dags/example_nested_branch_dag.py
[2024-04-14T17:34:47.810-0400] {logging_mixin.py:188} INFO - [2024-04-14T17:34:47.810-0400] {dag.py:3096} INFO - Sync 1 DAGs
[2024-04-14T17:34:47.816-0400] {logging_mixin.py:188} INFO - [2024-04-14T17:34:47.816-0400] {dag.py:3954} INFO - Setting next_dagrun for example_nested_branch_dag to 2024-04-13 00:00:00+00:00, run_after=2024-04-14 00:00:00+00:00
[2024-04-14T17:34:47.822-0400] {processor.py:183} INFO - Processing /Users/manideepakreddyaila/Desktop/projects/Legal_Insights_Engine/.venv/lib/python3.11/site-packages/airflow/example_dags/example_nested_branch_dag.py took 0.089 seconds
[2024-04-14T17:36:46.702-0400] {processor.py:161} INFO - Started process (PID=35810) to work on /Users/manideepakreddyaila/Desktop/projects/Legal_Insights_Engine/.venv/lib/python3.11/site-packages/airflow/example_dags/example_nested_branch_dag.py
[2024-04-14T17:36:46.703-0400] {processor.py:830} INFO - Processing file /Users/manideepakreddyaila/Desktop/projects/Legal_Insights_Engine/.venv/lib/python3.11/site-packages/airflow/example_dags/example_nested_branch_dag.py for tasks to queue
[2024-04-14T17:36:46.703-0400] {logging_mixin.py:188} INFO - [2024-04-14T17:36:46.703-0400] {dagbag.py:540} INFO - Filling up the DagBag from /Users/manideepakreddyaila/Desktop/projects/Legal_Insights_Engine/.venv/lib/python3.11/site-packages/airflow/example_dags/example_nested_branch_dag.py
[2024-04-14T17:36:46.746-0400] {processor.py:840} INFO - DAG(s) 'example_nested_branch_dag' retrieved from /Users/manideepakreddyaila/Desktop/projects/Legal_Insights_Engine/.venv/lib/python3.11/site-packages/airflow/example_dags/example_nested_branch_dag.py
[2024-04-14T17:36:46.781-0400] {logging_mixin.py:188} INFO - [2024-04-14T17:36:46.781-0400] {dag.py:3096} INFO - Sync 1 DAGs
[2024-04-14T17:36:46.787-0400] {logging_mixin.py:188} INFO - [2024-04-14T17:36:46.787-0400] {dag.py:3954} INFO - Setting next_dagrun for example_nested_branch_dag to 2024-04-13 00:00:00+00:00, run_after=2024-04-14 00:00:00+00:00
[2024-04-14T17:36:46.793-0400] {processor.py:183} INFO - Processing /Users/manideepakreddyaila/Desktop/projects/Legal_Insights_Engine/.venv/lib/python3.11/site-packages/airflow/example_dags/example_nested_branch_dag.py took 0.093 seconds
[2024-04-14T17:38:37.220-0400] {processor.py:161} INFO - Started process (PID=35901) to work on /Users/manideepakreddyaila/Desktop/projects/Legal_Insights_Engine/.venv/lib/python3.11/site-packages/airflow/example_dags/example_nested_branch_dag.py
[2024-04-14T17:38:37.221-0400] {processor.py:830} INFO - Processing file /Users/manideepakreddyaila/Desktop/projects/Legal_Insights_Engine/.venv/lib/python3.11/site-packages/airflow/example_dags/example_nested_branch_dag.py for tasks to queue
[2024-04-14T17:38:37.221-0400] {logging_mixin.py:188} INFO - [2024-04-14T17:38:37.221-0400] {dagbag.py:540} INFO - Filling up the DagBag from /Users/manideepakreddyaila/Desktop/projects/Legal_Insights_Engine/.venv/lib/python3.11/site-packages/airflow/example_dags/example_nested_branch_dag.py
[2024-04-14T17:38:37.261-0400] {processor.py:840} INFO - DAG(s) 'example_nested_branch_dag' retrieved from /Users/manideepakreddyaila/Desktop/projects/Legal_Insights_Engine/.venv/lib/python3.11/site-packages/airflow/example_dags/example_nested_branch_dag.py
[2024-04-14T17:38:37.296-0400] {logging_mixin.py:188} INFO - [2024-04-14T17:38:37.296-0400] {dag.py:3096} INFO - Sync 1 DAGs
[2024-04-14T17:38:37.302-0400] {logging_mixin.py:188} INFO - [2024-04-14T17:38:37.302-0400] {dag.py:3954} INFO - Setting next_dagrun for example_nested_branch_dag to 2024-04-13 00:00:00+00:00, run_after=2024-04-14 00:00:00+00:00
[2024-04-14T17:38:37.308-0400] {processor.py:183} INFO - Processing /Users/manideepakreddyaila/Desktop/projects/Legal_Insights_Engine/.venv/lib/python3.11/site-packages/airflow/example_dags/example_nested_branch_dag.py took 0.089 seconds
[2024-04-14T17:40:30.629-0400] {processor.py:161} INFO - Started process (PID=35980) to work on /Users/manideepakreddyaila/Desktop/projects/Legal_Insights_Engine/.venv/lib/python3.11/site-packages/airflow/example_dags/example_nested_branch_dag.py
[2024-04-14T17:40:30.630-0400] {processor.py:830} INFO - Processing file /Users/manideepakreddyaila/Desktop/projects/Legal_Insights_Engine/.venv/lib/python3.11/site-packages/airflow/example_dags/example_nested_branch_dag.py for tasks to queue
[2024-04-14T17:40:30.630-0400] {logging_mixin.py:188} INFO - [2024-04-14T17:40:30.630-0400] {dagbag.py:540} INFO - Filling up the DagBag from /Users/manideepakreddyaila/Desktop/projects/Legal_Insights_Engine/.venv/lib/python3.11/site-packages/airflow/example_dags/example_nested_branch_dag.py
[2024-04-14T17:40:30.669-0400] {processor.py:840} INFO - DAG(s) 'example_nested_branch_dag' retrieved from /Users/manideepakreddyaila/Desktop/projects/Legal_Insights_Engine/.venv/lib/python3.11/site-packages/airflow/example_dags/example_nested_branch_dag.py
[2024-04-14T17:40:30.704-0400] {logging_mixin.py:188} INFO - [2024-04-14T17:40:30.704-0400] {dag.py:3096} INFO - Sync 1 DAGs
[2024-04-14T17:40:30.711-0400] {logging_mixin.py:188} INFO - [2024-04-14T17:40:30.711-0400] {dag.py:3954} INFO - Setting next_dagrun for example_nested_branch_dag to 2024-04-13 00:00:00+00:00, run_after=2024-04-14 00:00:00+00:00
[2024-04-14T17:40:30.716-0400] {processor.py:183} INFO - Processing /Users/manideepakreddyaila/Desktop/projects/Legal_Insights_Engine/.venv/lib/python3.11/site-packages/airflow/example_dags/example_nested_branch_dag.py took 0.089 seconds
[2024-04-14T17:42:20.662-0400] {processor.py:161} INFO - Started process (PID=36066) to work on /Users/manideepakreddyaila/Desktop/projects/Legal_Insights_Engine/.venv/lib/python3.11/site-packages/airflow/example_dags/example_nested_branch_dag.py
[2024-04-14T17:42:20.663-0400] {processor.py:830} INFO - Processing file /Users/manideepakreddyaila/Desktop/projects/Legal_Insights_Engine/.venv/lib/python3.11/site-packages/airflow/example_dags/example_nested_branch_dag.py for tasks to queue
[2024-04-14T17:42:20.664-0400] {logging_mixin.py:188} INFO - [2024-04-14T17:42:20.664-0400] {dagbag.py:540} INFO - Filling up the DagBag from /Users/manideepakreddyaila/Desktop/projects/Legal_Insights_Engine/.venv/lib/python3.11/site-packages/airflow/example_dags/example_nested_branch_dag.py
[2024-04-14T17:42:20.703-0400] {processor.py:840} INFO - DAG(s) 'example_nested_branch_dag' retrieved from /Users/manideepakreddyaila/Desktop/projects/Legal_Insights_Engine/.venv/lib/python3.11/site-packages/airflow/example_dags/example_nested_branch_dag.py
[2024-04-14T17:42:20.739-0400] {logging_mixin.py:188} INFO - [2024-04-14T17:42:20.739-0400] {dag.py:3096} INFO - Sync 1 DAGs
[2024-04-14T17:42:20.745-0400] {logging_mixin.py:188} INFO - [2024-04-14T17:42:20.745-0400] {dag.py:3954} INFO - Setting next_dagrun for example_nested_branch_dag to 2024-04-13 00:00:00+00:00, run_after=2024-04-14 00:00:00+00:00
[2024-04-14T17:42:20.753-0400] {processor.py:183} INFO - Processing /Users/manideepakreddyaila/Desktop/projects/Legal_Insights_Engine/.venv/lib/python3.11/site-packages/airflow/example_dags/example_nested_branch_dag.py took 0.092 seconds
[2024-04-14T17:44:14.366-0400] {processor.py:161} INFO - Started process (PID=36154) to work on /Users/manideepakreddyaila/Desktop/projects/Legal_Insights_Engine/.venv/lib/python3.11/site-packages/airflow/example_dags/example_nested_branch_dag.py
[2024-04-14T17:44:14.367-0400] {processor.py:830} INFO - Processing file /Users/manideepakreddyaila/Desktop/projects/Legal_Insights_Engine/.venv/lib/python3.11/site-packages/airflow/example_dags/example_nested_branch_dag.py for tasks to queue
[2024-04-14T17:44:14.367-0400] {logging_mixin.py:188} INFO - [2024-04-14T17:44:14.367-0400] {dagbag.py:540} INFO - Filling up the DagBag from /Users/manideepakreddyaila/Desktop/projects/Legal_Insights_Engine/.venv/lib/python3.11/site-packages/airflow/example_dags/example_nested_branch_dag.py
[2024-04-14T17:44:14.407-0400] {processor.py:840} INFO - DAG(s) 'example_nested_branch_dag' retrieved from /Users/manideepakreddyaila/Desktop/projects/Legal_Insights_Engine/.venv/lib/python3.11/site-packages/airflow/example_dags/example_nested_branch_dag.py
[2024-04-14T17:44:14.442-0400] {logging_mixin.py:188} INFO - [2024-04-14T17:44:14.441-0400] {dag.py:3096} INFO - Sync 1 DAGs
[2024-04-14T17:44:14.448-0400] {logging_mixin.py:188} INFO - [2024-04-14T17:44:14.447-0400] {dag.py:3954} INFO - Setting next_dagrun for example_nested_branch_dag to 2024-04-13 00:00:00+00:00, run_after=2024-04-14 00:00:00+00:00
[2024-04-14T17:44:14.454-0400] {processor.py:183} INFO - Processing /Users/manideepakreddyaila/Desktop/projects/Legal_Insights_Engine/.venv/lib/python3.11/site-packages/airflow/example_dags/example_nested_branch_dag.py took 0.089 seconds
[2024-04-14T17:46:13.086-0400] {processor.py:161} INFO - Started process (PID=36244) to work on /Users/manideepakreddyaila/Desktop/projects/Legal_Insights_Engine/.venv/lib/python3.11/site-packages/airflow/example_dags/example_nested_branch_dag.py
[2024-04-14T17:46:13.087-0400] {processor.py:830} INFO - Processing file /Users/manideepakreddyaila/Desktop/projects/Legal_Insights_Engine/.venv/lib/python3.11/site-packages/airflow/example_dags/example_nested_branch_dag.py for tasks to queue
[2024-04-14T17:46:13.087-0400] {logging_mixin.py:188} INFO - [2024-04-14T17:46:13.087-0400] {dagbag.py:540} INFO - Filling up the DagBag from /Users/manideepakreddyaila/Desktop/projects/Legal_Insights_Engine/.venv/lib/python3.11/site-packages/airflow/example_dags/example_nested_branch_dag.py
[2024-04-14T17:46:13.126-0400] {processor.py:840} INFO - DAG(s) 'example_nested_branch_dag' retrieved from /Users/manideepakreddyaila/Desktop/projects/Legal_Insights_Engine/.venv/lib/python3.11/site-packages/airflow/example_dags/example_nested_branch_dag.py
[2024-04-14T17:46:13.162-0400] {logging_mixin.py:188} INFO - [2024-04-14T17:46:13.162-0400] {dag.py:3096} INFO - Sync 1 DAGs
[2024-04-14T17:46:13.168-0400] {logging_mixin.py:188} INFO - [2024-04-14T17:46:13.168-0400] {dag.py:3954} INFO - Setting next_dagrun for example_nested_branch_dag to 2024-04-13 00:00:00+00:00, run_after=2024-04-14 00:00:00+00:00
[2024-04-14T17:46:13.174-0400] {processor.py:183} INFO - Processing /Users/manideepakreddyaila/Desktop/projects/Legal_Insights_Engine/.venv/lib/python3.11/site-packages/airflow/example_dags/example_nested_branch_dag.py took 0.089 seconds
[2024-04-14T17:48:15.903-0400] {processor.py:161} INFO - Started process (PID=36337) to work on /Users/manideepakreddyaila/Desktop/projects/Legal_Insights_Engine/.venv/lib/python3.11/site-packages/airflow/example_dags/example_nested_branch_dag.py
[2024-04-14T17:48:15.905-0400] {processor.py:830} INFO - Processing file /Users/manideepakreddyaila/Desktop/projects/Legal_Insights_Engine/.venv/lib/python3.11/site-packages/airflow/example_dags/example_nested_branch_dag.py for tasks to queue
[2024-04-14T17:48:15.905-0400] {logging_mixin.py:188} INFO - [2024-04-14T17:48:15.905-0400] {dagbag.py:540} INFO - Filling up the DagBag from /Users/manideepakreddyaila/Desktop/projects/Legal_Insights_Engine/.venv/lib/python3.11/site-packages/airflow/example_dags/example_nested_branch_dag.py
[2024-04-14T17:48:15.945-0400] {processor.py:840} INFO - DAG(s) 'example_nested_branch_dag' retrieved from /Users/manideepakreddyaila/Desktop/projects/Legal_Insights_Engine/.venv/lib/python3.11/site-packages/airflow/example_dags/example_nested_branch_dag.py
[2024-04-14T17:48:15.979-0400] {logging_mixin.py:188} INFO - [2024-04-14T17:48:15.979-0400] {dag.py:3096} INFO - Sync 1 DAGs
[2024-04-14T17:48:15.987-0400] {logging_mixin.py:188} INFO - [2024-04-14T17:48:15.987-0400] {dag.py:3954} INFO - Setting next_dagrun for example_nested_branch_dag to 2024-04-13 00:00:00+00:00, run_after=2024-04-14 00:00:00+00:00
[2024-04-14T17:48:15.994-0400] {processor.py:183} INFO - Processing /Users/manideepakreddyaila/Desktop/projects/Legal_Insights_Engine/.venv/lib/python3.11/site-packages/airflow/example_dags/example_nested_branch_dag.py took 0.092 seconds
[2024-04-14T17:50:12.800-0400] {processor.py:161} INFO - Started process (PID=36434) to work on /Users/manideepakreddyaila/Desktop/projects/Legal_Insights_Engine/.venv/lib/python3.11/site-packages/airflow/example_dags/example_nested_branch_dag.py
[2024-04-14T17:50:12.801-0400] {processor.py:830} INFO - Processing file /Users/manideepakreddyaila/Desktop/projects/Legal_Insights_Engine/.venv/lib/python3.11/site-packages/airflow/example_dags/example_nested_branch_dag.py for tasks to queue
[2024-04-14T17:50:12.801-0400] {logging_mixin.py:188} INFO - [2024-04-14T17:50:12.801-0400] {dagbag.py:540} INFO - Filling up the DagBag from /Users/manideepakreddyaila/Desktop/projects/Legal_Insights_Engine/.venv/lib/python3.11/site-packages/airflow/example_dags/example_nested_branch_dag.py
[2024-04-14T17:50:12.841-0400] {processor.py:840} INFO - DAG(s) 'example_nested_branch_dag' retrieved from /Users/manideepakreddyaila/Desktop/projects/Legal_Insights_Engine/.venv/lib/python3.11/site-packages/airflow/example_dags/example_nested_branch_dag.py
[2024-04-14T17:50:12.877-0400] {logging_mixin.py:188} INFO - [2024-04-14T17:50:12.876-0400] {dag.py:3096} INFO - Sync 1 DAGs
[2024-04-14T17:50:12.883-0400] {logging_mixin.py:188} INFO - [2024-04-14T17:50:12.882-0400] {dag.py:3954} INFO - Setting next_dagrun for example_nested_branch_dag to 2024-04-13 00:00:00+00:00, run_after=2024-04-14 00:00:00+00:00
[2024-04-14T17:50:12.888-0400] {processor.py:183} INFO - Processing /Users/manideepakreddyaila/Desktop/projects/Legal_Insights_Engine/.venv/lib/python3.11/site-packages/airflow/example_dags/example_nested_branch_dag.py took 0.090 seconds
[2024-04-14T17:52:08.221-0400] {processor.py:161} INFO - Started process (PID=36530) to work on /Users/manideepakreddyaila/Desktop/projects/Legal_Insights_Engine/.venv/lib/python3.11/site-packages/airflow/example_dags/example_nested_branch_dag.py
[2024-04-14T17:52:08.222-0400] {processor.py:830} INFO - Processing file /Users/manideepakreddyaila/Desktop/projects/Legal_Insights_Engine/.venv/lib/python3.11/site-packages/airflow/example_dags/example_nested_branch_dag.py for tasks to queue
[2024-04-14T17:52:08.222-0400] {logging_mixin.py:188} INFO - [2024-04-14T17:52:08.222-0400] {dagbag.py:540} INFO - Filling up the DagBag from /Users/manideepakreddyaila/Desktop/projects/Legal_Insights_Engine/.venv/lib/python3.11/site-packages/airflow/example_dags/example_nested_branch_dag.py
[2024-04-14T17:52:08.262-0400] {processor.py:840} INFO - DAG(s) 'example_nested_branch_dag' retrieved from /Users/manideepakreddyaila/Desktop/projects/Legal_Insights_Engine/.venv/lib/python3.11/site-packages/airflow/example_dags/example_nested_branch_dag.py
[2024-04-14T17:52:08.297-0400] {logging_mixin.py:188} INFO - [2024-04-14T17:52:08.297-0400] {dag.py:3096} INFO - Sync 1 DAGs
[2024-04-14T17:52:08.303-0400] {logging_mixin.py:188} INFO - [2024-04-14T17:52:08.303-0400] {dag.py:3954} INFO - Setting next_dagrun for example_nested_branch_dag to 2024-04-13 00:00:00+00:00, run_after=2024-04-14 00:00:00+00:00
[2024-04-14T17:52:08.309-0400] {processor.py:183} INFO - Processing /Users/manideepakreddyaila/Desktop/projects/Legal_Insights_Engine/.venv/lib/python3.11/site-packages/airflow/example_dags/example_nested_branch_dag.py took 0.089 seconds
[2024-04-14T17:54:05.208-0400] {processor.py:161} INFO - Started process (PID=36611) to work on /Users/manideepakreddyaila/Desktop/projects/Legal_Insights_Engine/.venv/lib/python3.11/site-packages/airflow/example_dags/example_nested_branch_dag.py
[2024-04-14T17:54:05.209-0400] {processor.py:830} INFO - Processing file /Users/manideepakreddyaila/Desktop/projects/Legal_Insights_Engine/.venv/lib/python3.11/site-packages/airflow/example_dags/example_nested_branch_dag.py for tasks to queue
[2024-04-14T17:54:05.209-0400] {logging_mixin.py:188} INFO - [2024-04-14T17:54:05.209-0400] {dagbag.py:540} INFO - Filling up the DagBag from /Users/manideepakreddyaila/Desktop/projects/Legal_Insights_Engine/.venv/lib/python3.11/site-packages/airflow/example_dags/example_nested_branch_dag.py
[2024-04-14T17:54:05.248-0400] {processor.py:840} INFO - DAG(s) 'example_nested_branch_dag' retrieved from /Users/manideepakreddyaila/Desktop/projects/Legal_Insights_Engine/.venv/lib/python3.11/site-packages/airflow/example_dags/example_nested_branch_dag.py
[2024-04-14T17:54:05.287-0400] {logging_mixin.py:188} INFO - [2024-04-14T17:54:05.286-0400] {dag.py:3096} INFO - Sync 1 DAGs
[2024-04-14T17:54:05.293-0400] {logging_mixin.py:188} INFO - [2024-04-14T17:54:05.293-0400] {dag.py:3954} INFO - Setting next_dagrun for example_nested_branch_dag to 2024-04-13 00:00:00+00:00, run_after=2024-04-14 00:00:00+00:00
[2024-04-14T17:54:05.299-0400] {processor.py:183} INFO - Processing /Users/manideepakreddyaila/Desktop/projects/Legal_Insights_Engine/.venv/lib/python3.11/site-packages/airflow/example_dags/example_nested_branch_dag.py took 0.092 seconds
[2024-04-14T17:55:57.425-0400] {processor.py:161} INFO - Started process (PID=36764) to work on /Users/manideepakreddyaila/Desktop/projects/Legal_Insights_Engine/.venv/lib/python3.11/site-packages/airflow/example_dags/example_nested_branch_dag.py
[2024-04-14T17:55:57.426-0400] {processor.py:830} INFO - Processing file /Users/manideepakreddyaila/Desktop/projects/Legal_Insights_Engine/.venv/lib/python3.11/site-packages/airflow/example_dags/example_nested_branch_dag.py for tasks to queue
[2024-04-14T17:55:57.426-0400] {logging_mixin.py:188} INFO - [2024-04-14T17:55:57.426-0400] {dagbag.py:540} INFO - Filling up the DagBag from /Users/manideepakreddyaila/Desktop/projects/Legal_Insights_Engine/.venv/lib/python3.11/site-packages/airflow/example_dags/example_nested_branch_dag.py
[2024-04-14T17:55:57.466-0400] {processor.py:840} INFO - DAG(s) 'example_nested_branch_dag' retrieved from /Users/manideepakreddyaila/Desktop/projects/Legal_Insights_Engine/.venv/lib/python3.11/site-packages/airflow/example_dags/example_nested_branch_dag.py
[2024-04-14T17:55:57.508-0400] {logging_mixin.py:188} INFO - [2024-04-14T17:55:57.507-0400] {dag.py:3096} INFO - Sync 1 DAGs
[2024-04-14T17:55:57.514-0400] {logging_mixin.py:188} INFO - [2024-04-14T17:55:57.514-0400] {dag.py:3954} INFO - Setting next_dagrun for example_nested_branch_dag to 2024-04-13 00:00:00+00:00, run_after=2024-04-14 00:00:00+00:00
[2024-04-14T17:55:57.520-0400] {processor.py:183} INFO - Processing /Users/manideepakreddyaila/Desktop/projects/Legal_Insights_Engine/.venv/lib/python3.11/site-packages/airflow/example_dags/example_nested_branch_dag.py took 0.096 seconds
[2024-04-14T17:57:54.528-0400] {processor.py:161} INFO - Started process (PID=36861) to work on /Users/manideepakreddyaila/Desktop/projects/Legal_Insights_Engine/.venv/lib/python3.11/site-packages/airflow/example_dags/example_nested_branch_dag.py
[2024-04-14T17:57:54.529-0400] {processor.py:830} INFO - Processing file /Users/manideepakreddyaila/Desktop/projects/Legal_Insights_Engine/.venv/lib/python3.11/site-packages/airflow/example_dags/example_nested_branch_dag.py for tasks to queue
[2024-04-14T17:57:54.529-0400] {logging_mixin.py:188} INFO - [2024-04-14T17:57:54.529-0400] {dagbag.py:540} INFO - Filling up the DagBag from /Users/manideepakreddyaila/Desktop/projects/Legal_Insights_Engine/.venv/lib/python3.11/site-packages/airflow/example_dags/example_nested_branch_dag.py
[2024-04-14T17:57:54.568-0400] {processor.py:840} INFO - DAG(s) 'example_nested_branch_dag' retrieved from /Users/manideepakreddyaila/Desktop/projects/Legal_Insights_Engine/.venv/lib/python3.11/site-packages/airflow/example_dags/example_nested_branch_dag.py
[2024-04-14T17:57:54.603-0400] {logging_mixin.py:188} INFO - [2024-04-14T17:57:54.603-0400] {dag.py:3096} INFO - Sync 1 DAGs
[2024-04-14T17:57:54.609-0400] {logging_mixin.py:188} INFO - [2024-04-14T17:57:54.609-0400] {dag.py:3954} INFO - Setting next_dagrun for example_nested_branch_dag to 2024-04-13 00:00:00+00:00, run_after=2024-04-14 00:00:00+00:00
[2024-04-14T17:57:54.615-0400] {processor.py:183} INFO - Processing /Users/manideepakreddyaila/Desktop/projects/Legal_Insights_Engine/.venv/lib/python3.11/site-packages/airflow/example_dags/example_nested_branch_dag.py took 0.088 seconds
[2024-04-14T17:59:48.089-0400] {processor.py:161} INFO - Started process (PID=36959) to work on /Users/manideepakreddyaila/Desktop/projects/Legal_Insights_Engine/.venv/lib/python3.11/site-packages/airflow/example_dags/example_nested_branch_dag.py
[2024-04-14T17:59:48.090-0400] {processor.py:830} INFO - Processing file /Users/manideepakreddyaila/Desktop/projects/Legal_Insights_Engine/.venv/lib/python3.11/site-packages/airflow/example_dags/example_nested_branch_dag.py for tasks to queue
[2024-04-14T17:59:48.090-0400] {logging_mixin.py:188} INFO - [2024-04-14T17:59:48.090-0400] {dagbag.py:540} INFO - Filling up the DagBag from /Users/manideepakreddyaila/Desktop/projects/Legal_Insights_Engine/.venv/lib/python3.11/site-packages/airflow/example_dags/example_nested_branch_dag.py
[2024-04-14T17:59:48.130-0400] {processor.py:840} INFO - DAG(s) 'example_nested_branch_dag' retrieved from /Users/manideepakreddyaila/Desktop/projects/Legal_Insights_Engine/.venv/lib/python3.11/site-packages/airflow/example_dags/example_nested_branch_dag.py
[2024-04-14T17:59:48.166-0400] {logging_mixin.py:188} INFO - [2024-04-14T17:59:48.166-0400] {dag.py:3096} INFO - Sync 1 DAGs
[2024-04-14T17:59:48.172-0400] {logging_mixin.py:188} INFO - [2024-04-14T17:59:48.172-0400] {dag.py:3954} INFO - Setting next_dagrun for example_nested_branch_dag to 2024-04-13 00:00:00+00:00, run_after=2024-04-14 00:00:00+00:00
[2024-04-14T17:59:48.178-0400] {processor.py:183} INFO - Processing /Users/manideepakreddyaila/Desktop/projects/Legal_Insights_Engine/.venv/lib/python3.11/site-packages/airflow/example_dags/example_nested_branch_dag.py took 0.090 seconds
[2024-04-14T18:01:48.012-0400] {processor.py:161} INFO - Started process (PID=37062) to work on /Users/manideepakreddyaila/Desktop/projects/Legal_Insights_Engine/.venv/lib/python3.11/site-packages/airflow/example_dags/example_nested_branch_dag.py
[2024-04-14T18:01:48.013-0400] {processor.py:830} INFO - Processing file /Users/manideepakreddyaila/Desktop/projects/Legal_Insights_Engine/.venv/lib/python3.11/site-packages/airflow/example_dags/example_nested_branch_dag.py for tasks to queue
[2024-04-14T18:01:48.013-0400] {logging_mixin.py:188} INFO - [2024-04-14T18:01:48.013-0400] {dagbag.py:540} INFO - Filling up the DagBag from /Users/manideepakreddyaila/Desktop/projects/Legal_Insights_Engine/.venv/lib/python3.11/site-packages/airflow/example_dags/example_nested_branch_dag.py
[2024-04-14T18:01:48.054-0400] {processor.py:840} INFO - DAG(s) 'example_nested_branch_dag' retrieved from /Users/manideepakreddyaila/Desktop/projects/Legal_Insights_Engine/.venv/lib/python3.11/site-packages/airflow/example_dags/example_nested_branch_dag.py
[2024-04-14T18:01:48.089-0400] {logging_mixin.py:188} INFO - [2024-04-14T18:01:48.089-0400] {dag.py:3096} INFO - Sync 1 DAGs
[2024-04-14T18:01:48.095-0400] {logging_mixin.py:188} INFO - [2024-04-14T18:01:48.095-0400] {dag.py:3954} INFO - Setting next_dagrun for example_nested_branch_dag to 2024-04-13 00:00:00+00:00, run_after=2024-04-14 00:00:00+00:00
[2024-04-14T18:01:48.101-0400] {processor.py:183} INFO - Processing /Users/manideepakreddyaila/Desktop/projects/Legal_Insights_Engine/.venv/lib/python3.11/site-packages/airflow/example_dags/example_nested_branch_dag.py took 0.090 seconds
[2024-04-14T18:03:49.727-0400] {processor.py:161} INFO - Started process (PID=37156) to work on /Users/manideepakreddyaila/Desktop/projects/Legal_Insights_Engine/.venv/lib/python3.11/site-packages/airflow/example_dags/example_nested_branch_dag.py
[2024-04-14T18:03:49.728-0400] {processor.py:830} INFO - Processing file /Users/manideepakreddyaila/Desktop/projects/Legal_Insights_Engine/.venv/lib/python3.11/site-packages/airflow/example_dags/example_nested_branch_dag.py for tasks to queue
[2024-04-14T18:03:49.728-0400] {logging_mixin.py:188} INFO - [2024-04-14T18:03:49.728-0400] {dagbag.py:540} INFO - Filling up the DagBag from /Users/manideepakreddyaila/Desktop/projects/Legal_Insights_Engine/.venv/lib/python3.11/site-packages/airflow/example_dags/example_nested_branch_dag.py
[2024-04-14T18:03:49.767-0400] {processor.py:840} INFO - DAG(s) 'example_nested_branch_dag' retrieved from /Users/manideepakreddyaila/Desktop/projects/Legal_Insights_Engine/.venv/lib/python3.11/site-packages/airflow/example_dags/example_nested_branch_dag.py
[2024-04-14T18:03:49.802-0400] {logging_mixin.py:188} INFO - [2024-04-14T18:03:49.802-0400] {dag.py:3096} INFO - Sync 1 DAGs
[2024-04-14T18:03:49.808-0400] {logging_mixin.py:188} INFO - [2024-04-14T18:03:49.808-0400] {dag.py:3954} INFO - Setting next_dagrun for example_nested_branch_dag to 2024-04-13 00:00:00+00:00, run_after=2024-04-14 00:00:00+00:00
[2024-04-14T18:03:49.814-0400] {processor.py:183} INFO - Processing /Users/manideepakreddyaila/Desktop/projects/Legal_Insights_Engine/.venv/lib/python3.11/site-packages/airflow/example_dags/example_nested_branch_dag.py took 0.089 seconds
[2024-04-14T18:05:47.134-0400] {processor.py:161} INFO - Started process (PID=37250) to work on /Users/manideepakreddyaila/Desktop/projects/Legal_Insights_Engine/.venv/lib/python3.11/site-packages/airflow/example_dags/example_nested_branch_dag.py
[2024-04-14T18:05:47.135-0400] {processor.py:830} INFO - Processing file /Users/manideepakreddyaila/Desktop/projects/Legal_Insights_Engine/.venv/lib/python3.11/site-packages/airflow/example_dags/example_nested_branch_dag.py for tasks to queue
[2024-04-14T18:05:47.135-0400] {logging_mixin.py:188} INFO - [2024-04-14T18:05:47.135-0400] {dagbag.py:540} INFO - Filling up the DagBag from /Users/manideepakreddyaila/Desktop/projects/Legal_Insights_Engine/.venv/lib/python3.11/site-packages/airflow/example_dags/example_nested_branch_dag.py
[2024-04-14T18:05:47.174-0400] {processor.py:840} INFO - DAG(s) 'example_nested_branch_dag' retrieved from /Users/manideepakreddyaila/Desktop/projects/Legal_Insights_Engine/.venv/lib/python3.11/site-packages/airflow/example_dags/example_nested_branch_dag.py
[2024-04-14T18:05:47.210-0400] {logging_mixin.py:188} INFO - [2024-04-14T18:05:47.209-0400] {dag.py:3096} INFO - Sync 1 DAGs
[2024-04-14T18:05:47.216-0400] {logging_mixin.py:188} INFO - [2024-04-14T18:05:47.216-0400] {dag.py:3954} INFO - Setting next_dagrun for example_nested_branch_dag to 2024-04-13 00:00:00+00:00, run_after=2024-04-14 00:00:00+00:00
[2024-04-14T18:05:47.222-0400] {processor.py:183} INFO - Processing /Users/manideepakreddyaila/Desktop/projects/Legal_Insights_Engine/.venv/lib/python3.11/site-packages/airflow/example_dags/example_nested_branch_dag.py took 0.089 seconds
[2024-04-14T18:07:46.093-0400] {processor.py:161} INFO - Started process (PID=37358) to work on /Users/manideepakreddyaila/Desktop/projects/Legal_Insights_Engine/.venv/lib/python3.11/site-packages/airflow/example_dags/example_nested_branch_dag.py
[2024-04-14T18:07:46.094-0400] {processor.py:830} INFO - Processing file /Users/manideepakreddyaila/Desktop/projects/Legal_Insights_Engine/.venv/lib/python3.11/site-packages/airflow/example_dags/example_nested_branch_dag.py for tasks to queue
[2024-04-14T18:07:46.094-0400] {logging_mixin.py:188} INFO - [2024-04-14T18:07:46.094-0400] {dagbag.py:540} INFO - Filling up the DagBag from /Users/manideepakreddyaila/Desktop/projects/Legal_Insights_Engine/.venv/lib/python3.11/site-packages/airflow/example_dags/example_nested_branch_dag.py
[2024-04-14T18:07:46.137-0400] {processor.py:840} INFO - DAG(s) 'example_nested_branch_dag' retrieved from /Users/manideepakreddyaila/Desktop/projects/Legal_Insights_Engine/.venv/lib/python3.11/site-packages/airflow/example_dags/example_nested_branch_dag.py
[2024-04-14T18:07:46.174-0400] {logging_mixin.py:188} INFO - [2024-04-14T18:07:46.174-0400] {dag.py:3096} INFO - Sync 1 DAGs
[2024-04-14T18:07:46.181-0400] {logging_mixin.py:188} INFO - [2024-04-14T18:07:46.181-0400] {dag.py:3954} INFO - Setting next_dagrun for example_nested_branch_dag to 2024-04-13 00:00:00+00:00, run_after=2024-04-14 00:00:00+00:00
[2024-04-14T18:07:46.187-0400] {processor.py:183} INFO - Processing /Users/manideepakreddyaila/Desktop/projects/Legal_Insights_Engine/.venv/lib/python3.11/site-packages/airflow/example_dags/example_nested_branch_dag.py took 0.095 seconds
[2024-04-14T18:09:36.211-0400] {processor.py:161} INFO - Started process (PID=37448) to work on /Users/manideepakreddyaila/Desktop/projects/Legal_Insights_Engine/.venv/lib/python3.11/site-packages/airflow/example_dags/example_nested_branch_dag.py
[2024-04-14T18:09:36.212-0400] {processor.py:830} INFO - Processing file /Users/manideepakreddyaila/Desktop/projects/Legal_Insights_Engine/.venv/lib/python3.11/site-packages/airflow/example_dags/example_nested_branch_dag.py for tasks to queue
[2024-04-14T18:09:36.212-0400] {logging_mixin.py:188} INFO - [2024-04-14T18:09:36.212-0400] {dagbag.py:540} INFO - Filling up the DagBag from /Users/manideepakreddyaila/Desktop/projects/Legal_Insights_Engine/.venv/lib/python3.11/site-packages/airflow/example_dags/example_nested_branch_dag.py
[2024-04-14T18:09:36.254-0400] {processor.py:840} INFO - DAG(s) 'example_nested_branch_dag' retrieved from /Users/manideepakreddyaila/Desktop/projects/Legal_Insights_Engine/.venv/lib/python3.11/site-packages/airflow/example_dags/example_nested_branch_dag.py
[2024-04-14T18:09:36.290-0400] {logging_mixin.py:188} INFO - [2024-04-14T18:09:36.289-0400] {dag.py:3096} INFO - Sync 1 DAGs
[2024-04-14T18:09:36.296-0400] {logging_mixin.py:188} INFO - [2024-04-14T18:09:36.296-0400] {dag.py:3954} INFO - Setting next_dagrun for example_nested_branch_dag to 2024-04-13 00:00:00+00:00, run_after=2024-04-14 00:00:00+00:00
[2024-04-14T18:09:36.302-0400] {processor.py:183} INFO - Processing /Users/manideepakreddyaila/Desktop/projects/Legal_Insights_Engine/.venv/lib/python3.11/site-packages/airflow/example_dags/example_nested_branch_dag.py took 0.092 seconds
[2024-04-14T18:11:34.586-0400] {processor.py:161} INFO - Started process (PID=37542) to work on /Users/manideepakreddyaila/Desktop/projects/Legal_Insights_Engine/.venv/lib/python3.11/site-packages/airflow/example_dags/example_nested_branch_dag.py
[2024-04-14T18:11:34.587-0400] {processor.py:830} INFO - Processing file /Users/manideepakreddyaila/Desktop/projects/Legal_Insights_Engine/.venv/lib/python3.11/site-packages/airflow/example_dags/example_nested_branch_dag.py for tasks to queue
[2024-04-14T18:11:34.587-0400] {logging_mixin.py:188} INFO - [2024-04-14T18:11:34.587-0400] {dagbag.py:540} INFO - Filling up the DagBag from /Users/manideepakreddyaila/Desktop/projects/Legal_Insights_Engine/.venv/lib/python3.11/site-packages/airflow/example_dags/example_nested_branch_dag.py
[2024-04-14T18:11:34.626-0400] {processor.py:840} INFO - DAG(s) 'example_nested_branch_dag' retrieved from /Users/manideepakreddyaila/Desktop/projects/Legal_Insights_Engine/.venv/lib/python3.11/site-packages/airflow/example_dags/example_nested_branch_dag.py
[2024-04-14T18:11:34.661-0400] {logging_mixin.py:188} INFO - [2024-04-14T18:11:34.661-0400] {dag.py:3096} INFO - Sync 1 DAGs
[2024-04-14T18:11:34.667-0400] {logging_mixin.py:188} INFO - [2024-04-14T18:11:34.667-0400] {dag.py:3954} INFO - Setting next_dagrun for example_nested_branch_dag to 2024-04-13 00:00:00+00:00, run_after=2024-04-14 00:00:00+00:00
[2024-04-14T18:11:34.674-0400] {processor.py:183} INFO - Processing /Users/manideepakreddyaila/Desktop/projects/Legal_Insights_Engine/.venv/lib/python3.11/site-packages/airflow/example_dags/example_nested_branch_dag.py took 0.088 seconds
[2024-04-14T18:13:33.149-0400] {processor.py:161} INFO - Started process (PID=37652) to work on /Users/manideepakreddyaila/Desktop/projects/Legal_Insights_Engine/.venv/lib/python3.11/site-packages/airflow/example_dags/example_nested_branch_dag.py
[2024-04-14T18:13:33.149-0400] {processor.py:830} INFO - Processing file /Users/manideepakreddyaila/Desktop/projects/Legal_Insights_Engine/.venv/lib/python3.11/site-packages/airflow/example_dags/example_nested_branch_dag.py for tasks to queue
[2024-04-14T18:13:33.150-0400] {logging_mixin.py:188} INFO - [2024-04-14T18:13:33.150-0400] {dagbag.py:540} INFO - Filling up the DagBag from /Users/manideepakreddyaila/Desktop/projects/Legal_Insights_Engine/.venv/lib/python3.11/site-packages/airflow/example_dags/example_nested_branch_dag.py
[2024-04-14T18:13:33.193-0400] {processor.py:840} INFO - DAG(s) 'example_nested_branch_dag' retrieved from /Users/manideepakreddyaila/Desktop/projects/Legal_Insights_Engine/.venv/lib/python3.11/site-packages/airflow/example_dags/example_nested_branch_dag.py
[2024-04-14T18:13:33.233-0400] {logging_mixin.py:188} INFO - [2024-04-14T18:13:33.232-0400] {dag.py:3096} INFO - Sync 1 DAGs
[2024-04-14T18:13:33.239-0400] {logging_mixin.py:188} INFO - [2024-04-14T18:13:33.239-0400] {dag.py:3954} INFO - Setting next_dagrun for example_nested_branch_dag to 2024-04-13 00:00:00+00:00, run_after=2024-04-14 00:00:00+00:00
[2024-04-14T18:13:33.245-0400] {processor.py:183} INFO - Processing /Users/manideepakreddyaila/Desktop/projects/Legal_Insights_Engine/.venv/lib/python3.11/site-packages/airflow/example_dags/example_nested_branch_dag.py took 0.097 seconds
[2024-04-14T18:15:30.888-0400] {processor.py:161} INFO - Started process (PID=37755) to work on /Users/manideepakreddyaila/Desktop/projects/Legal_Insights_Engine/.venv/lib/python3.11/site-packages/airflow/example_dags/example_nested_branch_dag.py
[2024-04-14T18:15:30.890-0400] {processor.py:830} INFO - Processing file /Users/manideepakreddyaila/Desktop/projects/Legal_Insights_Engine/.venv/lib/python3.11/site-packages/airflow/example_dags/example_nested_branch_dag.py for tasks to queue
[2024-04-14T18:15:30.890-0400] {logging_mixin.py:188} INFO - [2024-04-14T18:15:30.890-0400] {dagbag.py:540} INFO - Filling up the DagBag from /Users/manideepakreddyaila/Desktop/projects/Legal_Insights_Engine/.venv/lib/python3.11/site-packages/airflow/example_dags/example_nested_branch_dag.py
[2024-04-14T18:15:30.929-0400] {processor.py:840} INFO - DAG(s) 'example_nested_branch_dag' retrieved from /Users/manideepakreddyaila/Desktop/projects/Legal_Insights_Engine/.venv/lib/python3.11/site-packages/airflow/example_dags/example_nested_branch_dag.py
[2024-04-14T18:15:30.964-0400] {logging_mixin.py:188} INFO - [2024-04-14T18:15:30.964-0400] {dag.py:3096} INFO - Sync 1 DAGs
[2024-04-14T18:15:30.970-0400] {logging_mixin.py:188} INFO - [2024-04-14T18:15:30.970-0400] {dag.py:3954} INFO - Setting next_dagrun for example_nested_branch_dag to 2024-04-13 00:00:00+00:00, run_after=2024-04-14 00:00:00+00:00
[2024-04-14T18:15:30.976-0400] {processor.py:183} INFO - Processing /Users/manideepakreddyaila/Desktop/projects/Legal_Insights_Engine/.venv/lib/python3.11/site-packages/airflow/example_dags/example_nested_branch_dag.py took 0.089 seconds
