[2024-04-13T20:08:50.287-0400] {processor.py:161} INFO - Started process (PID=31754) to work on /Users/manideepakreddyaila/Desktop/projects/Legal_Insights_Engine/.venv/lib/python3.11/site-packages/airflow/example_dags/example_bash_operator.py
[2024-04-13T20:08:50.293-0400] {processor.py:830} INFO - Processing file /Users/manideepakreddyaila/Desktop/projects/Legal_Insights_Engine/.venv/lib/python3.11/site-packages/airflow/example_dags/example_bash_operator.py for tasks to queue
[2024-04-13T20:08:50.294-0400] {logging_mixin.py:188} INFO - [2024-04-13T20:08:50.294-0400] {dagbag.py:540} INFO - Filling up the DagBag from /Users/manideepakreddyaila/Desktop/projects/Legal_Insights_Engine/.venv/lib/python3.11/site-packages/airflow/example_dags/example_bash_operator.py
[2024-04-13T20:08:50.441-0400] {processor.py:840} INFO - DAG(s) 'example_bash_operator' retrieved from /Users/manideepakreddyaila/Desktop/projects/Legal_Insights_Engine/.venv/lib/python3.11/site-packages/airflow/example_dags/example_bash_operator.py
[2024-04-13T20:08:50.520-0400] {logging_mixin.py:188} INFO - [2024-04-13T20:08:50.520-0400] {dag.py:3096} INFO - Sync 1 DAGs
[2024-04-13T20:08:50.533-0400] {logging_mixin.py:188} INFO - [2024-04-13T20:08:50.533-0400] {dag.py:3954} INFO - Setting next_dagrun for example_bash_operator to 2024-04-13 00:00:00+00:00, run_after=2024-04-14 00:00:00+00:00
[2024-04-13T20:08:50.545-0400] {processor.py:183} INFO - Processing /Users/manideepakreddyaila/Desktop/projects/Legal_Insights_Engine/.venv/lib/python3.11/site-packages/airflow/example_dags/example_bash_operator.py took 0.266 seconds
[2024-04-14T02:12:56.662-0400] {processor.py:161} INFO - Started process (PID=32178) to work on /Users/manideepakreddyaila/Desktop/projects/Legal_Insights_Engine/.venv/lib/python3.11/site-packages/airflow/example_dags/example_bash_operator.py
[2024-04-14T02:12:56.663-0400] {processor.py:830} INFO - Processing file /Users/manideepakreddyaila/Desktop/projects/Legal_Insights_Engine/.venv/lib/python3.11/site-packages/airflow/example_dags/example_bash_operator.py for tasks to queue
[2024-04-14T02:12:56.664-0400] {logging_mixin.py:188} INFO - [2024-04-14T02:12:56.663-0400] {dagbag.py:540} INFO - Filling up the DagBag from /Users/manideepakreddyaila/Desktop/projects/Legal_Insights_Engine/.venv/lib/python3.11/site-packages/airflow/example_dags/example_bash_operator.py
[2024-04-14T02:12:56.696-0400] {processor.py:840} INFO - DAG(s) 'example_bash_operator' retrieved from /Users/manideepakreddyaila/Desktop/projects/Legal_Insights_Engine/.venv/lib/python3.11/site-packages/airflow/example_dags/example_bash_operator.py
[2024-04-14T02:12:56.737-0400] {logging_mixin.py:188} INFO - [2024-04-14T02:12:56.737-0400] {dag.py:3096} INFO - Sync 1 DAGs
[2024-04-14T02:12:56.744-0400] {logging_mixin.py:188} INFO - [2024-04-14T02:12:56.743-0400] {dag.py:3954} INFO - Setting next_dagrun for example_bash_operator to 2024-04-13 00:00:00+00:00, run_after=2024-04-14 00:00:00+00:00
[2024-04-14T02:12:56.750-0400] {processor.py:183} INFO - Processing /Users/manideepakreddyaila/Desktop/projects/Legal_Insights_Engine/.venv/lib/python3.11/site-packages/airflow/example_dags/example_bash_operator.py took 0.090 seconds
[2024-04-14T07:23:15.981-0400] {processor.py:161} INFO - Started process (PID=32619) to work on /Users/manideepakreddyaila/Desktop/projects/Legal_Insights_Engine/.venv/lib/python3.11/site-packages/airflow/example_dags/example_bash_operator.py
[2024-04-14T07:23:15.981-0400] {processor.py:830} INFO - Processing file /Users/manideepakreddyaila/Desktop/projects/Legal_Insights_Engine/.venv/lib/python3.11/site-packages/airflow/example_dags/example_bash_operator.py for tasks to queue
[2024-04-14T07:23:15.982-0400] {logging_mixin.py:188} INFO - [2024-04-14T07:23:15.982-0400] {dagbag.py:540} INFO - Filling up the DagBag from /Users/manideepakreddyaila/Desktop/projects/Legal_Insights_Engine/.venv/lib/python3.11/site-packages/airflow/example_dags/example_bash_operator.py
[2024-04-14T07:23:16.013-0400] {processor.py:840} INFO - DAG(s) 'example_bash_operator' retrieved from /Users/manideepakreddyaila/Desktop/projects/Legal_Insights_Engine/.venv/lib/python3.11/site-packages/airflow/example_dags/example_bash_operator.py
[2024-04-14T07:23:16.050-0400] {logging_mixin.py:188} INFO - [2024-04-14T07:23:16.050-0400] {dag.py:3096} INFO - Sync 1 DAGs
[2024-04-14T07:23:16.056-0400] {logging_mixin.py:188} INFO - [2024-04-14T07:23:16.056-0400] {dag.py:3954} INFO - Setting next_dagrun for example_bash_operator to 2024-04-13 00:00:00+00:00, run_after=2024-04-14 00:00:00+00:00
[2024-04-14T07:23:16.062-0400] {processor.py:183} INFO - Processing /Users/manideepakreddyaila/Desktop/projects/Legal_Insights_Engine/.venv/lib/python3.11/site-packages/airflow/example_dags/example_bash_operator.py took 0.082 seconds
[2024-04-14T08:19:01.171-0400] {processor.py:161} INFO - Started process (PID=32902) to work on /Users/manideepakreddyaila/Desktop/projects/Legal_Insights_Engine/.venv/lib/python3.11/site-packages/airflow/example_dags/example_bash_operator.py
[2024-04-14T08:19:01.172-0400] {processor.py:830} INFO - Processing file /Users/manideepakreddyaila/Desktop/projects/Legal_Insights_Engine/.venv/lib/python3.11/site-packages/airflow/example_dags/example_bash_operator.py for tasks to queue
[2024-04-14T08:19:01.172-0400] {logging_mixin.py:188} INFO - [2024-04-14T08:19:01.172-0400] {dagbag.py:540} INFO - Filling up the DagBag from /Users/manideepakreddyaila/Desktop/projects/Legal_Insights_Engine/.venv/lib/python3.11/site-packages/airflow/example_dags/example_bash_operator.py
[2024-04-14T08:19:01.202-0400] {processor.py:840} INFO - DAG(s) 'example_bash_operator' retrieved from /Users/manideepakreddyaila/Desktop/projects/Legal_Insights_Engine/.venv/lib/python3.11/site-packages/airflow/example_dags/example_bash_operator.py
[2024-04-14T08:19:01.239-0400] {logging_mixin.py:188} INFO - [2024-04-14T08:19:01.239-0400] {dag.py:3096} INFO - Sync 1 DAGs
[2024-04-14T08:19:01.245-0400] {logging_mixin.py:188} INFO - [2024-04-14T08:19:01.245-0400] {dag.py:3954} INFO - Setting next_dagrun for example_bash_operator to 2024-04-13 00:00:00+00:00, run_after=2024-04-14 00:00:00+00:00
[2024-04-14T08:19:01.251-0400] {processor.py:183} INFO - Processing /Users/manideepakreddyaila/Desktop/projects/Legal_Insights_Engine/.venv/lib/python3.11/site-packages/airflow/example_dags/example_bash_operator.py took 0.080 seconds
[2024-04-14T12:04:08.544-0400] {processor.py:161} INFO - Started process (PID=33203) to work on /Users/manideepakreddyaila/Desktop/projects/Legal_Insights_Engine/.venv/lib/python3.11/site-packages/airflow/example_dags/example_bash_operator.py
[2024-04-14T12:04:08.544-0400] {processor.py:830} INFO - Processing file /Users/manideepakreddyaila/Desktop/projects/Legal_Insights_Engine/.venv/lib/python3.11/site-packages/airflow/example_dags/example_bash_operator.py for tasks to queue
[2024-04-14T12:04:08.544-0400] {logging_mixin.py:188} INFO - [2024-04-14T12:04:08.544-0400] {dagbag.py:540} INFO - Filling up the DagBag from /Users/manideepakreddyaila/Desktop/projects/Legal_Insights_Engine/.venv/lib/python3.11/site-packages/airflow/example_dags/example_bash_operator.py
[2024-04-14T12:04:08.575-0400] {processor.py:840} INFO - DAG(s) 'example_bash_operator' retrieved from /Users/manideepakreddyaila/Desktop/projects/Legal_Insights_Engine/.venv/lib/python3.11/site-packages/airflow/example_dags/example_bash_operator.py
[2024-04-14T12:04:08.613-0400] {logging_mixin.py:188} INFO - [2024-04-14T12:04:08.613-0400] {dag.py:3096} INFO - Sync 1 DAGs
[2024-04-14T12:04:08.619-0400] {logging_mixin.py:188} INFO - [2024-04-14T12:04:08.619-0400] {dag.py:3954} INFO - Setting next_dagrun for example_bash_operator to 2024-04-13 00:00:00+00:00, run_after=2024-04-14 00:00:00+00:00
[2024-04-14T12:04:08.625-0400] {processor.py:183} INFO - Processing /Users/manideepakreddyaila/Desktop/projects/Legal_Insights_Engine/.venv/lib/python3.11/site-packages/airflow/example_dags/example_bash_operator.py took 0.083 seconds
[2024-04-14T14:25:03.468-0400] {processor.py:161} INFO - Started process (PID=33507) to work on /Users/manideepakreddyaila/Desktop/projects/Legal_Insights_Engine/.venv/lib/python3.11/site-packages/airflow/example_dags/example_bash_operator.py
[2024-04-14T14:25:03.469-0400] {processor.py:830} INFO - Processing file /Users/manideepakreddyaila/Desktop/projects/Legal_Insights_Engine/.venv/lib/python3.11/site-packages/airflow/example_dags/example_bash_operator.py for tasks to queue
[2024-04-14T14:25:03.469-0400] {logging_mixin.py:188} INFO - [2024-04-14T14:25:03.469-0400] {dagbag.py:540} INFO - Filling up the DagBag from /Users/manideepakreddyaila/Desktop/projects/Legal_Insights_Engine/.venv/lib/python3.11/site-packages/airflow/example_dags/example_bash_operator.py
[2024-04-14T14:25:03.500-0400] {processor.py:840} INFO - DAG(s) 'example_bash_operator' retrieved from /Users/manideepakreddyaila/Desktop/projects/Legal_Insights_Engine/.venv/lib/python3.11/site-packages/airflow/example_dags/example_bash_operator.py
[2024-04-14T14:25:03.538-0400] {logging_mixin.py:188} INFO - [2024-04-14T14:25:03.538-0400] {dag.py:3096} INFO - Sync 1 DAGs
[2024-04-14T14:25:03.546-0400] {logging_mixin.py:188} INFO - [2024-04-14T14:25:03.546-0400] {dag.py:3954} INFO - Setting next_dagrun for example_bash_operator to 2024-04-13 00:00:00+00:00, run_after=2024-04-14 00:00:00+00:00
[2024-04-14T14:25:03.553-0400] {processor.py:183} INFO - Processing /Users/manideepakreddyaila/Desktop/projects/Legal_Insights_Engine/.venv/lib/python3.11/site-packages/airflow/example_dags/example_bash_operator.py took 0.085 seconds
[2024-04-14T16:37:30.746-0400] {processor.py:161} INFO - Started process (PID=33788) to work on /Users/manideepakreddyaila/Desktop/projects/Legal_Insights_Engine/.venv/lib/python3.11/site-packages/airflow/example_dags/example_bash_operator.py
[2024-04-14T16:37:30.747-0400] {processor.py:830} INFO - Processing file /Users/manideepakreddyaila/Desktop/projects/Legal_Insights_Engine/.venv/lib/python3.11/site-packages/airflow/example_dags/example_bash_operator.py for tasks to queue
[2024-04-14T16:37:30.747-0400] {logging_mixin.py:188} INFO - [2024-04-14T16:37:30.747-0400] {dagbag.py:540} INFO - Filling up the DagBag from /Users/manideepakreddyaila/Desktop/projects/Legal_Insights_Engine/.venv/lib/python3.11/site-packages/airflow/example_dags/example_bash_operator.py
[2024-04-14T16:37:30.777-0400] {processor.py:840} INFO - DAG(s) 'example_bash_operator' retrieved from /Users/manideepakreddyaila/Desktop/projects/Legal_Insights_Engine/.venv/lib/python3.11/site-packages/airflow/example_dags/example_bash_operator.py
[2024-04-14T16:37:30.814-0400] {logging_mixin.py:188} INFO - [2024-04-14T16:37:30.814-0400] {dag.py:3096} INFO - Sync 1 DAGs
[2024-04-14T16:37:30.820-0400] {logging_mixin.py:188} INFO - [2024-04-14T16:37:30.820-0400] {dag.py:3954} INFO - Setting next_dagrun for example_bash_operator to 2024-04-13 00:00:00+00:00, run_after=2024-04-14 00:00:00+00:00
[2024-04-14T16:37:30.826-0400] {processor.py:183} INFO - Processing /Users/manideepakreddyaila/Desktop/projects/Legal_Insights_Engine/.venv/lib/python3.11/site-packages/airflow/example_dags/example_bash_operator.py took 0.081 seconds
[2024-04-14T16:39:32.522-0400] {processor.py:161} INFO - Started process (PID=33880) to work on /Users/manideepakreddyaila/Desktop/projects/Legal_Insights_Engine/.venv/lib/python3.11/site-packages/airflow/example_dags/example_bash_operator.py
[2024-04-14T16:39:32.523-0400] {processor.py:830} INFO - Processing file /Users/manideepakreddyaila/Desktop/projects/Legal_Insights_Engine/.venv/lib/python3.11/site-packages/airflow/example_dags/example_bash_operator.py for tasks to queue
[2024-04-14T16:39:32.523-0400] {logging_mixin.py:188} INFO - [2024-04-14T16:39:32.523-0400] {dagbag.py:540} INFO - Filling up the DagBag from /Users/manideepakreddyaila/Desktop/projects/Legal_Insights_Engine/.venv/lib/python3.11/site-packages/airflow/example_dags/example_bash_operator.py
[2024-04-14T16:39:32.594-0400] {processor.py:840} INFO - DAG(s) 'example_bash_operator' retrieved from /Users/manideepakreddyaila/Desktop/projects/Legal_Insights_Engine/.venv/lib/python3.11/site-packages/airflow/example_dags/example_bash_operator.py
[2024-04-14T16:39:32.657-0400] {logging_mixin.py:188} INFO - [2024-04-14T16:39:32.657-0400] {dag.py:3096} INFO - Sync 1 DAGs
[2024-04-14T16:39:32.664-0400] {logging_mixin.py:188} INFO - [2024-04-14T16:39:32.664-0400] {dag.py:3954} INFO - Setting next_dagrun for example_bash_operator to 2024-04-13 00:00:00+00:00, run_after=2024-04-14 00:00:00+00:00
[2024-04-14T16:39:32.671-0400] {processor.py:183} INFO - Processing /Users/manideepakreddyaila/Desktop/projects/Legal_Insights_Engine/.venv/lib/python3.11/site-packages/airflow/example_dags/example_bash_operator.py took 0.151 seconds
[2024-04-14T16:41:27.891-0400] {processor.py:161} INFO - Started process (PID=33982) to work on /Users/manideepakreddyaila/Desktop/projects/Legal_Insights_Engine/.venv/lib/python3.11/site-packages/airflow/example_dags/example_bash_operator.py
[2024-04-14T16:41:27.892-0400] {processor.py:830} INFO - Processing file /Users/manideepakreddyaila/Desktop/projects/Legal_Insights_Engine/.venv/lib/python3.11/site-packages/airflow/example_dags/example_bash_operator.py for tasks to queue
[2024-04-14T16:41:27.892-0400] {logging_mixin.py:188} INFO - [2024-04-14T16:41:27.892-0400] {dagbag.py:540} INFO - Filling up the DagBag from /Users/manideepakreddyaila/Desktop/projects/Legal_Insights_Engine/.venv/lib/python3.11/site-packages/airflow/example_dags/example_bash_operator.py
[2024-04-14T16:41:27.922-0400] {processor.py:840} INFO - DAG(s) 'example_bash_operator' retrieved from /Users/manideepakreddyaila/Desktop/projects/Legal_Insights_Engine/.venv/lib/python3.11/site-packages/airflow/example_dags/example_bash_operator.py
[2024-04-14T16:41:27.961-0400] {logging_mixin.py:188} INFO - [2024-04-14T16:41:27.961-0400] {dag.py:3096} INFO - Sync 1 DAGs
[2024-04-14T16:41:27.966-0400] {logging_mixin.py:188} INFO - [2024-04-14T16:41:27.966-0400] {dag.py:3954} INFO - Setting next_dagrun for example_bash_operator to 2024-04-13 00:00:00+00:00, run_after=2024-04-14 00:00:00+00:00
[2024-04-14T16:41:27.972-0400] {processor.py:183} INFO - Processing /Users/manideepakreddyaila/Desktop/projects/Legal_Insights_Engine/.venv/lib/python3.11/site-packages/airflow/example_dags/example_bash_operator.py took 0.082 seconds
[2024-04-14T16:43:22.228-0400] {processor.py:161} INFO - Started process (PID=34084) to work on /Users/manideepakreddyaila/Desktop/projects/Legal_Insights_Engine/.venv/lib/python3.11/site-packages/airflow/example_dags/example_bash_operator.py
[2024-04-14T16:43:22.228-0400] {processor.py:830} INFO - Processing file /Users/manideepakreddyaila/Desktop/projects/Legal_Insights_Engine/.venv/lib/python3.11/site-packages/airflow/example_dags/example_bash_operator.py for tasks to queue
[2024-04-14T16:43:22.228-0400] {logging_mixin.py:188} INFO - [2024-04-14T16:43:22.228-0400] {dagbag.py:540} INFO - Filling up the DagBag from /Users/manideepakreddyaila/Desktop/projects/Legal_Insights_Engine/.venv/lib/python3.11/site-packages/airflow/example_dags/example_bash_operator.py
[2024-04-14T16:43:22.258-0400] {processor.py:840} INFO - DAG(s) 'example_bash_operator' retrieved from /Users/manideepakreddyaila/Desktop/projects/Legal_Insights_Engine/.venv/lib/python3.11/site-packages/airflow/example_dags/example_bash_operator.py
[2024-04-14T16:43:22.296-0400] {logging_mixin.py:188} INFO - [2024-04-14T16:43:22.295-0400] {dag.py:3096} INFO - Sync 1 DAGs
[2024-04-14T16:43:22.301-0400] {logging_mixin.py:188} INFO - [2024-04-14T16:43:22.301-0400] {dag.py:3954} INFO - Setting next_dagrun for example_bash_operator to 2024-04-13 00:00:00+00:00, run_after=2024-04-14 00:00:00+00:00
[2024-04-14T16:43:22.307-0400] {processor.py:183} INFO - Processing /Users/manideepakreddyaila/Desktop/projects/Legal_Insights_Engine/.venv/lib/python3.11/site-packages/airflow/example_dags/example_bash_operator.py took 0.081 seconds
[2024-04-14T16:45:23.876-0400] {processor.py:161} INFO - Started process (PID=34180) to work on /Users/manideepakreddyaila/Desktop/projects/Legal_Insights_Engine/.venv/lib/python3.11/site-packages/airflow/example_dags/example_bash_operator.py
[2024-04-14T16:45:23.877-0400] {processor.py:830} INFO - Processing file /Users/manideepakreddyaila/Desktop/projects/Legal_Insights_Engine/.venv/lib/python3.11/site-packages/airflow/example_dags/example_bash_operator.py for tasks to queue
[2024-04-14T16:45:23.877-0400] {logging_mixin.py:188} INFO - [2024-04-14T16:45:23.877-0400] {dagbag.py:540} INFO - Filling up the DagBag from /Users/manideepakreddyaila/Desktop/projects/Legal_Insights_Engine/.venv/lib/python3.11/site-packages/airflow/example_dags/example_bash_operator.py
[2024-04-14T16:45:23.908-0400] {processor.py:840} INFO - DAG(s) 'example_bash_operator' retrieved from /Users/manideepakreddyaila/Desktop/projects/Legal_Insights_Engine/.venv/lib/python3.11/site-packages/airflow/example_dags/example_bash_operator.py
[2024-04-14T16:45:23.946-0400] {logging_mixin.py:188} INFO - [2024-04-14T16:45:23.946-0400] {dag.py:3096} INFO - Sync 1 DAGs
[2024-04-14T16:45:23.952-0400] {logging_mixin.py:188} INFO - [2024-04-14T16:45:23.952-0400] {dag.py:3954} INFO - Setting next_dagrun for example_bash_operator to 2024-04-13 00:00:00+00:00, run_after=2024-04-14 00:00:00+00:00
[2024-04-14T16:45:23.958-0400] {processor.py:183} INFO - Processing /Users/manideepakreddyaila/Desktop/projects/Legal_Insights_Engine/.venv/lib/python3.11/site-packages/airflow/example_dags/example_bash_operator.py took 0.083 seconds
[2024-04-14T16:47:22.317-0400] {processor.py:161} INFO - Started process (PID=34293) to work on /Users/manideepakreddyaila/Desktop/projects/Legal_Insights_Engine/.venv/lib/python3.11/site-packages/airflow/example_dags/example_bash_operator.py
[2024-04-14T16:47:22.317-0400] {processor.py:830} INFO - Processing file /Users/manideepakreddyaila/Desktop/projects/Legal_Insights_Engine/.venv/lib/python3.11/site-packages/airflow/example_dags/example_bash_operator.py for tasks to queue
[2024-04-14T16:47:22.318-0400] {logging_mixin.py:188} INFO - [2024-04-14T16:47:22.318-0400] {dagbag.py:540} INFO - Filling up the DagBag from /Users/manideepakreddyaila/Desktop/projects/Legal_Insights_Engine/.venv/lib/python3.11/site-packages/airflow/example_dags/example_bash_operator.py
[2024-04-14T16:47:22.348-0400] {processor.py:840} INFO - DAG(s) 'example_bash_operator' retrieved from /Users/manideepakreddyaila/Desktop/projects/Legal_Insights_Engine/.venv/lib/python3.11/site-packages/airflow/example_dags/example_bash_operator.py
[2024-04-14T16:47:22.385-0400] {logging_mixin.py:188} INFO - [2024-04-14T16:47:22.385-0400] {dag.py:3096} INFO - Sync 1 DAGs
[2024-04-14T16:47:22.391-0400] {logging_mixin.py:188} INFO - [2024-04-14T16:47:22.391-0400] {dag.py:3954} INFO - Setting next_dagrun for example_bash_operator to 2024-04-13 00:00:00+00:00, run_after=2024-04-14 00:00:00+00:00
[2024-04-14T16:47:22.397-0400] {processor.py:183} INFO - Processing /Users/manideepakreddyaila/Desktop/projects/Legal_Insights_Engine/.venv/lib/python3.11/site-packages/airflow/example_dags/example_bash_operator.py took 0.081 seconds
[2024-04-14T16:49:18.470-0400] {processor.py:161} INFO - Started process (PID=34388) to work on /Users/manideepakreddyaila/Desktop/projects/Legal_Insights_Engine/.venv/lib/python3.11/site-packages/airflow/example_dags/example_bash_operator.py
[2024-04-14T16:49:18.471-0400] {processor.py:830} INFO - Processing file /Users/manideepakreddyaila/Desktop/projects/Legal_Insights_Engine/.venv/lib/python3.11/site-packages/airflow/example_dags/example_bash_operator.py for tasks to queue
[2024-04-14T16:49:18.471-0400] {logging_mixin.py:188} INFO - [2024-04-14T16:49:18.471-0400] {dagbag.py:540} INFO - Filling up the DagBag from /Users/manideepakreddyaila/Desktop/projects/Legal_Insights_Engine/.venv/lib/python3.11/site-packages/airflow/example_dags/example_bash_operator.py
[2024-04-14T16:49:18.504-0400] {processor.py:840} INFO - DAG(s) 'example_bash_operator' retrieved from /Users/manideepakreddyaila/Desktop/projects/Legal_Insights_Engine/.venv/lib/python3.11/site-packages/airflow/example_dags/example_bash_operator.py
[2024-04-14T16:49:18.544-0400] {logging_mixin.py:188} INFO - [2024-04-14T16:49:18.544-0400] {dag.py:3096} INFO - Sync 1 DAGs
[2024-04-14T16:49:18.550-0400] {logging_mixin.py:188} INFO - [2024-04-14T16:49:18.550-0400] {dag.py:3954} INFO - Setting next_dagrun for example_bash_operator to 2024-04-13 00:00:00+00:00, run_after=2024-04-14 00:00:00+00:00
[2024-04-14T16:49:18.556-0400] {processor.py:183} INFO - Processing /Users/manideepakreddyaila/Desktop/projects/Legal_Insights_Engine/.venv/lib/python3.11/site-packages/airflow/example_dags/example_bash_operator.py took 0.086 seconds
[2024-04-14T17:16:19.857-0400] {processor.py:161} INFO - Started process (PID=34639) to work on /Users/manideepakreddyaila/Desktop/projects/Legal_Insights_Engine/.venv/lib/python3.11/site-packages/airflow/example_dags/example_bash_operator.py
[2024-04-14T17:16:19.857-0400] {processor.py:830} INFO - Processing file /Users/manideepakreddyaila/Desktop/projects/Legal_Insights_Engine/.venv/lib/python3.11/site-packages/airflow/example_dags/example_bash_operator.py for tasks to queue
[2024-04-14T17:16:19.858-0400] {logging_mixin.py:188} INFO - [2024-04-14T17:16:19.857-0400] {dagbag.py:540} INFO - Filling up the DagBag from /Users/manideepakreddyaila/Desktop/projects/Legal_Insights_Engine/.venv/lib/python3.11/site-packages/airflow/example_dags/example_bash_operator.py
[2024-04-14T17:16:19.888-0400] {processor.py:840} INFO - DAG(s) 'example_bash_operator' retrieved from /Users/manideepakreddyaila/Desktop/projects/Legal_Insights_Engine/.venv/lib/python3.11/site-packages/airflow/example_dags/example_bash_operator.py
[2024-04-14T17:16:19.927-0400] {logging_mixin.py:188} INFO - [2024-04-14T17:16:19.927-0400] {dag.py:3096} INFO - Sync 1 DAGs
[2024-04-14T17:16:19.933-0400] {logging_mixin.py:188} INFO - [2024-04-14T17:16:19.933-0400] {dag.py:3954} INFO - Setting next_dagrun for example_bash_operator to 2024-04-13 00:00:00+00:00, run_after=2024-04-14 00:00:00+00:00
[2024-04-14T17:16:19.939-0400] {processor.py:183} INFO - Processing /Users/manideepakreddyaila/Desktop/projects/Legal_Insights_Engine/.venv/lib/python3.11/site-packages/airflow/example_dags/example_bash_operator.py took 0.083 seconds
[2024-04-14T17:18:19.620-0400] {processor.py:161} INFO - Started process (PID=34807) to work on /Users/manideepakreddyaila/Desktop/projects/Legal_Insights_Engine/.venv/lib/python3.11/site-packages/airflow/example_dags/example_bash_operator.py
[2024-04-14T17:18:19.621-0400] {processor.py:830} INFO - Processing file /Users/manideepakreddyaila/Desktop/projects/Legal_Insights_Engine/.venv/lib/python3.11/site-packages/airflow/example_dags/example_bash_operator.py for tasks to queue
[2024-04-14T17:18:19.621-0400] {logging_mixin.py:188} INFO - [2024-04-14T17:18:19.621-0400] {dagbag.py:540} INFO - Filling up the DagBag from /Users/manideepakreddyaila/Desktop/projects/Legal_Insights_Engine/.venv/lib/python3.11/site-packages/airflow/example_dags/example_bash_operator.py
[2024-04-14T17:18:19.654-0400] {processor.py:840} INFO - DAG(s) 'example_bash_operator' retrieved from /Users/manideepakreddyaila/Desktop/projects/Legal_Insights_Engine/.venv/lib/python3.11/site-packages/airflow/example_dags/example_bash_operator.py
[2024-04-14T17:18:19.694-0400] {logging_mixin.py:188} INFO - [2024-04-14T17:18:19.694-0400] {dag.py:3096} INFO - Sync 1 DAGs
[2024-04-14T17:18:19.700-0400] {logging_mixin.py:188} INFO - [2024-04-14T17:18:19.700-0400] {dag.py:3954} INFO - Setting next_dagrun for example_bash_operator to 2024-04-13 00:00:00+00:00, run_after=2024-04-14 00:00:00+00:00
[2024-04-14T17:18:19.706-0400] {processor.py:183} INFO - Processing /Users/manideepakreddyaila/Desktop/projects/Legal_Insights_Engine/.venv/lib/python3.11/site-packages/airflow/example_dags/example_bash_operator.py took 0.087 seconds
[2024-04-14T17:20:14.009-0400] {processor.py:161} INFO - Started process (PID=34916) to work on /Users/manideepakreddyaila/Desktop/projects/Legal_Insights_Engine/.venv/lib/python3.11/site-packages/airflow/example_dags/example_bash_operator.py
[2024-04-14T17:20:14.010-0400] {processor.py:830} INFO - Processing file /Users/manideepakreddyaila/Desktop/projects/Legal_Insights_Engine/.venv/lib/python3.11/site-packages/airflow/example_dags/example_bash_operator.py for tasks to queue
[2024-04-14T17:20:14.011-0400] {logging_mixin.py:188} INFO - [2024-04-14T17:20:14.011-0400] {dagbag.py:540} INFO - Filling up the DagBag from /Users/manideepakreddyaila/Desktop/projects/Legal_Insights_Engine/.venv/lib/python3.11/site-packages/airflow/example_dags/example_bash_operator.py
[2024-04-14T17:20:14.041-0400] {processor.py:840} INFO - DAG(s) 'example_bash_operator' retrieved from /Users/manideepakreddyaila/Desktop/projects/Legal_Insights_Engine/.venv/lib/python3.11/site-packages/airflow/example_dags/example_bash_operator.py
[2024-04-14T17:20:14.078-0400] {logging_mixin.py:188} INFO - [2024-04-14T17:20:14.078-0400] {dag.py:3096} INFO - Sync 1 DAGs
[2024-04-14T17:20:14.084-0400] {logging_mixin.py:188} INFO - [2024-04-14T17:20:14.084-0400] {dag.py:3954} INFO - Setting next_dagrun for example_bash_operator to 2024-04-13 00:00:00+00:00, run_after=2024-04-14 00:00:00+00:00
[2024-04-14T17:20:14.090-0400] {processor.py:183} INFO - Processing /Users/manideepakreddyaila/Desktop/projects/Legal_Insights_Engine/.venv/lib/python3.11/site-packages/airflow/example_dags/example_bash_operator.py took 0.081 seconds
[2024-04-14T17:22:11.315-0400] {processor.py:161} INFO - Started process (PID=35010) to work on /Users/manideepakreddyaila/Desktop/projects/Legal_Insights_Engine/.venv/lib/python3.11/site-packages/airflow/example_dags/example_bash_operator.py
[2024-04-14T17:22:11.316-0400] {processor.py:830} INFO - Processing file /Users/manideepakreddyaila/Desktop/projects/Legal_Insights_Engine/.venv/lib/python3.11/site-packages/airflow/example_dags/example_bash_operator.py for tasks to queue
[2024-04-14T17:22:11.317-0400] {logging_mixin.py:188} INFO - [2024-04-14T17:22:11.317-0400] {dagbag.py:540} INFO - Filling up the DagBag from /Users/manideepakreddyaila/Desktop/projects/Legal_Insights_Engine/.venv/lib/python3.11/site-packages/airflow/example_dags/example_bash_operator.py
[2024-04-14T17:22:11.346-0400] {processor.py:840} INFO - DAG(s) 'example_bash_operator' retrieved from /Users/manideepakreddyaila/Desktop/projects/Legal_Insights_Engine/.venv/lib/python3.11/site-packages/airflow/example_dags/example_bash_operator.py
[2024-04-14T17:22:11.384-0400] {logging_mixin.py:188} INFO - [2024-04-14T17:22:11.384-0400] {dag.py:3096} INFO - Sync 1 DAGs
[2024-04-14T17:22:11.389-0400] {logging_mixin.py:188} INFO - [2024-04-14T17:22:11.389-0400] {dag.py:3954} INFO - Setting next_dagrun for example_bash_operator to 2024-04-13 00:00:00+00:00, run_after=2024-04-14 00:00:00+00:00
[2024-04-14T17:22:11.395-0400] {processor.py:183} INFO - Processing /Users/manideepakreddyaila/Desktop/projects/Legal_Insights_Engine/.venv/lib/python3.11/site-packages/airflow/example_dags/example_bash_operator.py took 0.081 seconds
[2024-04-14T17:24:02.998-0400] {processor.py:161} INFO - Started process (PID=35104) to work on /Users/manideepakreddyaila/Desktop/projects/Legal_Insights_Engine/.venv/lib/python3.11/site-packages/airflow/example_dags/example_bash_operator.py
[2024-04-14T17:24:02.999-0400] {processor.py:830} INFO - Processing file /Users/manideepakreddyaila/Desktop/projects/Legal_Insights_Engine/.venv/lib/python3.11/site-packages/airflow/example_dags/example_bash_operator.py for tasks to queue
[2024-04-14T17:24:02.999-0400] {logging_mixin.py:188} INFO - [2024-04-14T17:24:02.999-0400] {dagbag.py:540} INFO - Filling up the DagBag from /Users/manideepakreddyaila/Desktop/projects/Legal_Insights_Engine/.venv/lib/python3.11/site-packages/airflow/example_dags/example_bash_operator.py
[2024-04-14T17:24:03.030-0400] {processor.py:840} INFO - DAG(s) 'example_bash_operator' retrieved from /Users/manideepakreddyaila/Desktop/projects/Legal_Insights_Engine/.venv/lib/python3.11/site-packages/airflow/example_dags/example_bash_operator.py
[2024-04-14T17:24:03.068-0400] {logging_mixin.py:188} INFO - [2024-04-14T17:24:03.068-0400] {dag.py:3096} INFO - Sync 1 DAGs
[2024-04-14T17:24:03.073-0400] {logging_mixin.py:188} INFO - [2024-04-14T17:24:03.073-0400] {dag.py:3954} INFO - Setting next_dagrun for example_bash_operator to 2024-04-13 00:00:00+00:00, run_after=2024-04-14 00:00:00+00:00
[2024-04-14T17:24:03.080-0400] {processor.py:183} INFO - Processing /Users/manideepakreddyaila/Desktop/projects/Legal_Insights_Engine/.venv/lib/python3.11/site-packages/airflow/example_dags/example_bash_operator.py took 0.082 seconds
[2024-04-14T17:26:03.373-0400] {processor.py:161} INFO - Started process (PID=35216) to work on /Users/manideepakreddyaila/Desktop/projects/Legal_Insights_Engine/.venv/lib/python3.11/site-packages/airflow/example_dags/example_bash_operator.py
[2024-04-14T17:26:03.373-0400] {processor.py:830} INFO - Processing file /Users/manideepakreddyaila/Desktop/projects/Legal_Insights_Engine/.venv/lib/python3.11/site-packages/airflow/example_dags/example_bash_operator.py for tasks to queue
[2024-04-14T17:26:03.373-0400] {logging_mixin.py:188} INFO - [2024-04-14T17:26:03.373-0400] {dagbag.py:540} INFO - Filling up the DagBag from /Users/manideepakreddyaila/Desktop/projects/Legal_Insights_Engine/.venv/lib/python3.11/site-packages/airflow/example_dags/example_bash_operator.py
[2024-04-14T17:26:03.403-0400] {processor.py:840} INFO - DAG(s) 'example_bash_operator' retrieved from /Users/manideepakreddyaila/Desktop/projects/Legal_Insights_Engine/.venv/lib/python3.11/site-packages/airflow/example_dags/example_bash_operator.py
[2024-04-14T17:26:03.440-0400] {logging_mixin.py:188} INFO - [2024-04-14T17:26:03.440-0400] {dag.py:3096} INFO - Sync 1 DAGs
[2024-04-14T17:26:03.446-0400] {logging_mixin.py:188} INFO - [2024-04-14T17:26:03.446-0400] {dag.py:3954} INFO - Setting next_dagrun for example_bash_operator to 2024-04-13 00:00:00+00:00, run_after=2024-04-14 00:00:00+00:00
[2024-04-14T17:26:03.452-0400] {processor.py:183} INFO - Processing /Users/manideepakreddyaila/Desktop/projects/Legal_Insights_Engine/.venv/lib/python3.11/site-packages/airflow/example_dags/example_bash_operator.py took 0.081 seconds
[2024-04-14T17:27:58.521-0400] {processor.py:161} INFO - Started process (PID=35320) to work on /Users/manideepakreddyaila/Desktop/projects/Legal_Insights_Engine/.venv/lib/python3.11/site-packages/airflow/example_dags/example_bash_operator.py
[2024-04-14T17:27:58.523-0400] {processor.py:830} INFO - Processing file /Users/manideepakreddyaila/Desktop/projects/Legal_Insights_Engine/.venv/lib/python3.11/site-packages/airflow/example_dags/example_bash_operator.py for tasks to queue
[2024-04-14T17:27:58.523-0400] {logging_mixin.py:188} INFO - [2024-04-14T17:27:58.523-0400] {dagbag.py:540} INFO - Filling up the DagBag from /Users/manideepakreddyaila/Desktop/projects/Legal_Insights_Engine/.venv/lib/python3.11/site-packages/airflow/example_dags/example_bash_operator.py
[2024-04-14T17:27:58.553-0400] {processor.py:840} INFO - DAG(s) 'example_bash_operator' retrieved from /Users/manideepakreddyaila/Desktop/projects/Legal_Insights_Engine/.venv/lib/python3.11/site-packages/airflow/example_dags/example_bash_operator.py
[2024-04-14T17:27:58.590-0400] {logging_mixin.py:188} INFO - [2024-04-14T17:27:58.590-0400] {dag.py:3096} INFO - Sync 1 DAGs
[2024-04-14T17:27:58.596-0400] {logging_mixin.py:188} INFO - [2024-04-14T17:27:58.596-0400] {dag.py:3954} INFO - Setting next_dagrun for example_bash_operator to 2024-04-13 00:00:00+00:00, run_after=2024-04-14 00:00:00+00:00
[2024-04-14T17:27:58.602-0400] {processor.py:183} INFO - Processing /Users/manideepakreddyaila/Desktop/projects/Legal_Insights_Engine/.venv/lib/python3.11/site-packages/airflow/example_dags/example_bash_operator.py took 0.082 seconds
[2024-04-14T17:29:53.950-0400] {processor.py:161} INFO - Started process (PID=35416) to work on /Users/manideepakreddyaila/Desktop/projects/Legal_Insights_Engine/.venv/lib/python3.11/site-packages/airflow/example_dags/example_bash_operator.py
[2024-04-14T17:29:53.951-0400] {processor.py:830} INFO - Processing file /Users/manideepakreddyaila/Desktop/projects/Legal_Insights_Engine/.venv/lib/python3.11/site-packages/airflow/example_dags/example_bash_operator.py for tasks to queue
[2024-04-14T17:29:53.951-0400] {logging_mixin.py:188} INFO - [2024-04-14T17:29:53.951-0400] {dagbag.py:540} INFO - Filling up the DagBag from /Users/manideepakreddyaila/Desktop/projects/Legal_Insights_Engine/.venv/lib/python3.11/site-packages/airflow/example_dags/example_bash_operator.py
[2024-04-14T17:29:53.981-0400] {processor.py:840} INFO - DAG(s) 'example_bash_operator' retrieved from /Users/manideepakreddyaila/Desktop/projects/Legal_Insights_Engine/.venv/lib/python3.11/site-packages/airflow/example_dags/example_bash_operator.py
[2024-04-14T17:29:54.019-0400] {logging_mixin.py:188} INFO - [2024-04-14T17:29:54.019-0400] {dag.py:3096} INFO - Sync 1 DAGs
[2024-04-14T17:29:54.024-0400] {logging_mixin.py:188} INFO - [2024-04-14T17:29:54.024-0400] {dag.py:3954} INFO - Setting next_dagrun for example_bash_operator to 2024-04-13 00:00:00+00:00, run_after=2024-04-14 00:00:00+00:00
[2024-04-14T17:29:54.030-0400] {processor.py:183} INFO - Processing /Users/manideepakreddyaila/Desktop/projects/Legal_Insights_Engine/.venv/lib/python3.11/site-packages/airflow/example_dags/example_bash_operator.py took 0.081 seconds
[2024-04-14T17:31:52.948-0400] {processor.py:161} INFO - Started process (PID=35564) to work on /Users/manideepakreddyaila/Desktop/projects/Legal_Insights_Engine/.venv/lib/python3.11/site-packages/airflow/example_dags/example_bash_operator.py
[2024-04-14T17:31:52.949-0400] {processor.py:830} INFO - Processing file /Users/manideepakreddyaila/Desktop/projects/Legal_Insights_Engine/.venv/lib/python3.11/site-packages/airflow/example_dags/example_bash_operator.py for tasks to queue
[2024-04-14T17:31:52.949-0400] {logging_mixin.py:188} INFO - [2024-04-14T17:31:52.949-0400] {dagbag.py:540} INFO - Filling up the DagBag from /Users/manideepakreddyaila/Desktop/projects/Legal_Insights_Engine/.venv/lib/python3.11/site-packages/airflow/example_dags/example_bash_operator.py
[2024-04-14T17:31:52.979-0400] {processor.py:840} INFO - DAG(s) 'example_bash_operator' retrieved from /Users/manideepakreddyaila/Desktop/projects/Legal_Insights_Engine/.venv/lib/python3.11/site-packages/airflow/example_dags/example_bash_operator.py
[2024-04-14T17:31:53.017-0400] {logging_mixin.py:188} INFO - [2024-04-14T17:31:53.017-0400] {dag.py:3096} INFO - Sync 1 DAGs
[2024-04-14T17:31:53.022-0400] {logging_mixin.py:188} INFO - [2024-04-14T17:31:53.022-0400] {dag.py:3954} INFO - Setting next_dagrun for example_bash_operator to 2024-04-13 00:00:00+00:00, run_after=2024-04-14 00:00:00+00:00
[2024-04-14T17:31:53.028-0400] {processor.py:183} INFO - Processing /Users/manideepakreddyaila/Desktop/projects/Legal_Insights_Engine/.venv/lib/python3.11/site-packages/airflow/example_dags/example_bash_operator.py took 0.081 seconds
[2024-04-14T17:33:51.769-0400] {processor.py:161} INFO - Started process (PID=35670) to work on /Users/manideepakreddyaila/Desktop/projects/Legal_Insights_Engine/.venv/lib/python3.11/site-packages/airflow/example_dags/example_bash_operator.py
[2024-04-14T17:33:51.770-0400] {processor.py:830} INFO - Processing file /Users/manideepakreddyaila/Desktop/projects/Legal_Insights_Engine/.venv/lib/python3.11/site-packages/airflow/example_dags/example_bash_operator.py for tasks to queue
[2024-04-14T17:33:51.771-0400] {logging_mixin.py:188} INFO - [2024-04-14T17:33:51.771-0400] {dagbag.py:540} INFO - Filling up the DagBag from /Users/manideepakreddyaila/Desktop/projects/Legal_Insights_Engine/.venv/lib/python3.11/site-packages/airflow/example_dags/example_bash_operator.py
[2024-04-14T17:33:51.801-0400] {processor.py:840} INFO - DAG(s) 'example_bash_operator' retrieved from /Users/manideepakreddyaila/Desktop/projects/Legal_Insights_Engine/.venv/lib/python3.11/site-packages/airflow/example_dags/example_bash_operator.py
[2024-04-14T17:33:51.839-0400] {logging_mixin.py:188} INFO - [2024-04-14T17:33:51.839-0400] {dag.py:3096} INFO - Sync 1 DAGs
[2024-04-14T17:33:51.845-0400] {logging_mixin.py:188} INFO - [2024-04-14T17:33:51.845-0400] {dag.py:3954} INFO - Setting next_dagrun for example_bash_operator to 2024-04-13 00:00:00+00:00, run_after=2024-04-14 00:00:00+00:00
[2024-04-14T17:33:51.851-0400] {processor.py:183} INFO - Processing /Users/manideepakreddyaila/Desktop/projects/Legal_Insights_Engine/.venv/lib/python3.11/site-packages/airflow/example_dags/example_bash_operator.py took 0.083 seconds
[2024-04-14T17:35:53.037-0400] {processor.py:161} INFO - Started process (PID=35763) to work on /Users/manideepakreddyaila/Desktop/projects/Legal_Insights_Engine/.venv/lib/python3.11/site-packages/airflow/example_dags/example_bash_operator.py
[2024-04-14T17:35:53.037-0400] {processor.py:830} INFO - Processing file /Users/manideepakreddyaila/Desktop/projects/Legal_Insights_Engine/.venv/lib/python3.11/site-packages/airflow/example_dags/example_bash_operator.py for tasks to queue
[2024-04-14T17:35:53.038-0400] {logging_mixin.py:188} INFO - [2024-04-14T17:35:53.038-0400] {dagbag.py:540} INFO - Filling up the DagBag from /Users/manideepakreddyaila/Desktop/projects/Legal_Insights_Engine/.venv/lib/python3.11/site-packages/airflow/example_dags/example_bash_operator.py
[2024-04-14T17:35:53.069-0400] {processor.py:840} INFO - DAG(s) 'example_bash_operator' retrieved from /Users/manideepakreddyaila/Desktop/projects/Legal_Insights_Engine/.venv/lib/python3.11/site-packages/airflow/example_dags/example_bash_operator.py
[2024-04-14T17:35:53.110-0400] {logging_mixin.py:188} INFO - [2024-04-14T17:35:53.110-0400] {dag.py:3096} INFO - Sync 1 DAGs
[2024-04-14T17:35:53.116-0400] {logging_mixin.py:188} INFO - [2024-04-14T17:35:53.116-0400] {dag.py:3954} INFO - Setting next_dagrun for example_bash_operator to 2024-04-13 00:00:00+00:00, run_after=2024-04-14 00:00:00+00:00
[2024-04-14T17:35:53.123-0400] {processor.py:183} INFO - Processing /Users/manideepakreddyaila/Desktop/projects/Legal_Insights_Engine/.venv/lib/python3.11/site-packages/airflow/example_dags/example_bash_operator.py took 0.087 seconds
[2024-04-14T17:37:48.202-0400] {processor.py:161} INFO - Started process (PID=35859) to work on /Users/manideepakreddyaila/Desktop/projects/Legal_Insights_Engine/.venv/lib/python3.11/site-packages/airflow/example_dags/example_bash_operator.py
[2024-04-14T17:37:48.203-0400] {processor.py:830} INFO - Processing file /Users/manideepakreddyaila/Desktop/projects/Legal_Insights_Engine/.venv/lib/python3.11/site-packages/airflow/example_dags/example_bash_operator.py for tasks to queue
[2024-04-14T17:37:48.203-0400] {logging_mixin.py:188} INFO - [2024-04-14T17:37:48.203-0400] {dagbag.py:540} INFO - Filling up the DagBag from /Users/manideepakreddyaila/Desktop/projects/Legal_Insights_Engine/.venv/lib/python3.11/site-packages/airflow/example_dags/example_bash_operator.py
[2024-04-14T17:37:48.232-0400] {processor.py:840} INFO - DAG(s) 'example_bash_operator' retrieved from /Users/manideepakreddyaila/Desktop/projects/Legal_Insights_Engine/.venv/lib/python3.11/site-packages/airflow/example_dags/example_bash_operator.py
[2024-04-14T17:37:48.270-0400] {logging_mixin.py:188} INFO - [2024-04-14T17:37:48.270-0400] {dag.py:3096} INFO - Sync 1 DAGs
[2024-04-14T17:37:48.276-0400] {logging_mixin.py:188} INFO - [2024-04-14T17:37:48.276-0400] {dag.py:3954} INFO - Setting next_dagrun for example_bash_operator to 2024-04-13 00:00:00+00:00, run_after=2024-04-14 00:00:00+00:00
[2024-04-14T17:37:48.282-0400] {processor.py:183} INFO - Processing /Users/manideepakreddyaila/Desktop/projects/Legal_Insights_Engine/.venv/lib/python3.11/site-packages/airflow/example_dags/example_bash_operator.py took 0.081 seconds
[2024-04-14T17:39:37.756-0400] {processor.py:161} INFO - Started process (PID=35946) to work on /Users/manideepakreddyaila/Desktop/projects/Legal_Insights_Engine/.venv/lib/python3.11/site-packages/airflow/example_dags/example_bash_operator.py
[2024-04-14T17:39:37.757-0400] {processor.py:830} INFO - Processing file /Users/manideepakreddyaila/Desktop/projects/Legal_Insights_Engine/.venv/lib/python3.11/site-packages/airflow/example_dags/example_bash_operator.py for tasks to queue
[2024-04-14T17:39:37.757-0400] {logging_mixin.py:188} INFO - [2024-04-14T17:39:37.757-0400] {dagbag.py:540} INFO - Filling up the DagBag from /Users/manideepakreddyaila/Desktop/projects/Legal_Insights_Engine/.venv/lib/python3.11/site-packages/airflow/example_dags/example_bash_operator.py
[2024-04-14T17:39:37.800-0400] {processor.py:840} INFO - DAG(s) 'example_bash_operator' retrieved from /Users/manideepakreddyaila/Desktop/projects/Legal_Insights_Engine/.venv/lib/python3.11/site-packages/airflow/example_dags/example_bash_operator.py
[2024-04-14T17:39:37.842-0400] {logging_mixin.py:188} INFO - [2024-04-14T17:39:37.842-0400] {dag.py:3096} INFO - Sync 1 DAGs
[2024-04-14T17:39:37.849-0400] {logging_mixin.py:188} INFO - [2024-04-14T17:39:37.849-0400] {dag.py:3954} INFO - Setting next_dagrun for example_bash_operator to 2024-04-13 00:00:00+00:00, run_after=2024-04-14 00:00:00+00:00
[2024-04-14T17:39:37.855-0400] {processor.py:183} INFO - Processing /Users/manideepakreddyaila/Desktop/projects/Legal_Insights_Engine/.venv/lib/python3.11/site-packages/airflow/example_dags/example_bash_operator.py took 0.103 seconds
[2024-04-14T17:41:30.611-0400] {processor.py:161} INFO - Started process (PID=36026) to work on /Users/manideepakreddyaila/Desktop/projects/Legal_Insights_Engine/.venv/lib/python3.11/site-packages/airflow/example_dags/example_bash_operator.py
[2024-04-14T17:41:30.612-0400] {processor.py:830} INFO - Processing file /Users/manideepakreddyaila/Desktop/projects/Legal_Insights_Engine/.venv/lib/python3.11/site-packages/airflow/example_dags/example_bash_operator.py for tasks to queue
[2024-04-14T17:41:30.612-0400] {logging_mixin.py:188} INFO - [2024-04-14T17:41:30.612-0400] {dagbag.py:540} INFO - Filling up the DagBag from /Users/manideepakreddyaila/Desktop/projects/Legal_Insights_Engine/.venv/lib/python3.11/site-packages/airflow/example_dags/example_bash_operator.py
[2024-04-14T17:41:30.643-0400] {processor.py:840} INFO - DAG(s) 'example_bash_operator' retrieved from /Users/manideepakreddyaila/Desktop/projects/Legal_Insights_Engine/.venv/lib/python3.11/site-packages/airflow/example_dags/example_bash_operator.py
[2024-04-14T17:41:30.681-0400] {logging_mixin.py:188} INFO - [2024-04-14T17:41:30.680-0400] {dag.py:3096} INFO - Sync 1 DAGs
[2024-04-14T17:41:30.687-0400] {logging_mixin.py:188} INFO - [2024-04-14T17:41:30.687-0400] {dag.py:3954} INFO - Setting next_dagrun for example_bash_operator to 2024-04-13 00:00:00+00:00, run_after=2024-04-14 00:00:00+00:00
[2024-04-14T17:41:30.693-0400] {processor.py:183} INFO - Processing /Users/manideepakreddyaila/Desktop/projects/Legal_Insights_Engine/.venv/lib/python3.11/site-packages/airflow/example_dags/example_bash_operator.py took 0.083 seconds
[2024-04-14T17:43:22.107-0400] {processor.py:161} INFO - Started process (PID=36112) to work on /Users/manideepakreddyaila/Desktop/projects/Legal_Insights_Engine/.venv/lib/python3.11/site-packages/airflow/example_dags/example_bash_operator.py
[2024-04-14T17:43:22.108-0400] {processor.py:830} INFO - Processing file /Users/manideepakreddyaila/Desktop/projects/Legal_Insights_Engine/.venv/lib/python3.11/site-packages/airflow/example_dags/example_bash_operator.py for tasks to queue
[2024-04-14T17:43:22.108-0400] {logging_mixin.py:188} INFO - [2024-04-14T17:43:22.108-0400] {dagbag.py:540} INFO - Filling up the DagBag from /Users/manideepakreddyaila/Desktop/projects/Legal_Insights_Engine/.venv/lib/python3.11/site-packages/airflow/example_dags/example_bash_operator.py
[2024-04-14T17:43:22.139-0400] {processor.py:840} INFO - DAG(s) 'example_bash_operator' retrieved from /Users/manideepakreddyaila/Desktop/projects/Legal_Insights_Engine/.venv/lib/python3.11/site-packages/airflow/example_dags/example_bash_operator.py
[2024-04-14T17:43:22.176-0400] {logging_mixin.py:188} INFO - [2024-04-14T17:43:22.176-0400] {dag.py:3096} INFO - Sync 1 DAGs
[2024-04-14T17:43:22.182-0400] {logging_mixin.py:188} INFO - [2024-04-14T17:43:22.182-0400] {dag.py:3954} INFO - Setting next_dagrun for example_bash_operator to 2024-04-13 00:00:00+00:00, run_after=2024-04-14 00:00:00+00:00
[2024-04-14T17:43:22.188-0400] {processor.py:183} INFO - Processing /Users/manideepakreddyaila/Desktop/projects/Legal_Insights_Engine/.venv/lib/python3.11/site-packages/airflow/example_dags/example_bash_operator.py took 0.082 seconds
[2024-04-14T17:45:17.618-0400] {processor.py:161} INFO - Started process (PID=36200) to work on /Users/manideepakreddyaila/Desktop/projects/Legal_Insights_Engine/.venv/lib/python3.11/site-packages/airflow/example_dags/example_bash_operator.py
[2024-04-14T17:45:17.619-0400] {processor.py:830} INFO - Processing file /Users/manideepakreddyaila/Desktop/projects/Legal_Insights_Engine/.venv/lib/python3.11/site-packages/airflow/example_dags/example_bash_operator.py for tasks to queue
[2024-04-14T17:45:17.619-0400] {logging_mixin.py:188} INFO - [2024-04-14T17:45:17.619-0400] {dagbag.py:540} INFO - Filling up the DagBag from /Users/manideepakreddyaila/Desktop/projects/Legal_Insights_Engine/.venv/lib/python3.11/site-packages/airflow/example_dags/example_bash_operator.py
[2024-04-14T17:45:17.649-0400] {processor.py:840} INFO - DAG(s) 'example_bash_operator' retrieved from /Users/manideepakreddyaila/Desktop/projects/Legal_Insights_Engine/.venv/lib/python3.11/site-packages/airflow/example_dags/example_bash_operator.py
[2024-04-14T17:45:17.689-0400] {logging_mixin.py:188} INFO - [2024-04-14T17:45:17.689-0400] {dag.py:3096} INFO - Sync 1 DAGs
[2024-04-14T17:45:17.694-0400] {logging_mixin.py:188} INFO - [2024-04-14T17:45:17.694-0400] {dag.py:3954} INFO - Setting next_dagrun for example_bash_operator to 2024-04-13 00:00:00+00:00, run_after=2024-04-14 00:00:00+00:00
[2024-04-14T17:45:17.700-0400] {processor.py:183} INFO - Processing /Users/manideepakreddyaila/Desktop/projects/Legal_Insights_Engine/.venv/lib/python3.11/site-packages/airflow/example_dags/example_bash_operator.py took 0.083 seconds
[2024-04-14T17:47:21.085-0400] {processor.py:161} INFO - Started process (PID=36295) to work on /Users/manideepakreddyaila/Desktop/projects/Legal_Insights_Engine/.venv/lib/python3.11/site-packages/airflow/example_dags/example_bash_operator.py
[2024-04-14T17:47:21.085-0400] {processor.py:830} INFO - Processing file /Users/manideepakreddyaila/Desktop/projects/Legal_Insights_Engine/.venv/lib/python3.11/site-packages/airflow/example_dags/example_bash_operator.py for tasks to queue
[2024-04-14T17:47:21.086-0400] {logging_mixin.py:188} INFO - [2024-04-14T17:47:21.086-0400] {dagbag.py:540} INFO - Filling up the DagBag from /Users/manideepakreddyaila/Desktop/projects/Legal_Insights_Engine/.venv/lib/python3.11/site-packages/airflow/example_dags/example_bash_operator.py
[2024-04-14T17:47:21.116-0400] {processor.py:840} INFO - DAG(s) 'example_bash_operator' retrieved from /Users/manideepakreddyaila/Desktop/projects/Legal_Insights_Engine/.venv/lib/python3.11/site-packages/airflow/example_dags/example_bash_operator.py
[2024-04-14T17:47:21.154-0400] {logging_mixin.py:188} INFO - [2024-04-14T17:47:21.154-0400] {dag.py:3096} INFO - Sync 1 DAGs
[2024-04-14T17:47:21.159-0400] {logging_mixin.py:188} INFO - [2024-04-14T17:47:21.159-0400] {dag.py:3954} INFO - Setting next_dagrun for example_bash_operator to 2024-04-13 00:00:00+00:00, run_after=2024-04-14 00:00:00+00:00
[2024-04-14T17:47:21.166-0400] {processor.py:183} INFO - Processing /Users/manideepakreddyaila/Desktop/projects/Legal_Insights_Engine/.venv/lib/python3.11/site-packages/airflow/example_dags/example_bash_operator.py took 0.082 seconds
[2024-04-14T17:49:19.625-0400] {processor.py:161} INFO - Started process (PID=36385) to work on /Users/manideepakreddyaila/Desktop/projects/Legal_Insights_Engine/.venv/lib/python3.11/site-packages/airflow/example_dags/example_bash_operator.py
[2024-04-14T17:49:19.626-0400] {processor.py:830} INFO - Processing file /Users/manideepakreddyaila/Desktop/projects/Legal_Insights_Engine/.venv/lib/python3.11/site-packages/airflow/example_dags/example_bash_operator.py for tasks to queue
[2024-04-14T17:49:19.626-0400] {logging_mixin.py:188} INFO - [2024-04-14T17:49:19.626-0400] {dagbag.py:540} INFO - Filling up the DagBag from /Users/manideepakreddyaila/Desktop/projects/Legal_Insights_Engine/.venv/lib/python3.11/site-packages/airflow/example_dags/example_bash_operator.py
[2024-04-14T17:49:19.656-0400] {processor.py:840} INFO - DAG(s) 'example_bash_operator' retrieved from /Users/manideepakreddyaila/Desktop/projects/Legal_Insights_Engine/.venv/lib/python3.11/site-packages/airflow/example_dags/example_bash_operator.py
[2024-04-14T17:49:19.694-0400] {logging_mixin.py:188} INFO - [2024-04-14T17:49:19.694-0400] {dag.py:3096} INFO - Sync 1 DAGs
[2024-04-14T17:49:19.700-0400] {logging_mixin.py:188} INFO - [2024-04-14T17:49:19.700-0400] {dag.py:3954} INFO - Setting next_dagrun for example_bash_operator to 2024-04-13 00:00:00+00:00, run_after=2024-04-14 00:00:00+00:00
[2024-04-14T17:49:19.706-0400] {processor.py:183} INFO - Processing /Users/manideepakreddyaila/Desktop/projects/Legal_Insights_Engine/.venv/lib/python3.11/site-packages/airflow/example_dags/example_bash_operator.py took 0.082 seconds
[2024-04-14T17:51:15.895-0400] {processor.py:161} INFO - Started process (PID=36489) to work on /Users/manideepakreddyaila/Desktop/projects/Legal_Insights_Engine/.venv/lib/python3.11/site-packages/airflow/example_dags/example_bash_operator.py
[2024-04-14T17:51:15.896-0400] {processor.py:830} INFO - Processing file /Users/manideepakreddyaila/Desktop/projects/Legal_Insights_Engine/.venv/lib/python3.11/site-packages/airflow/example_dags/example_bash_operator.py for tasks to queue
[2024-04-14T17:51:15.896-0400] {logging_mixin.py:188} INFO - [2024-04-14T17:51:15.896-0400] {dagbag.py:540} INFO - Filling up the DagBag from /Users/manideepakreddyaila/Desktop/projects/Legal_Insights_Engine/.venv/lib/python3.11/site-packages/airflow/example_dags/example_bash_operator.py
[2024-04-14T17:51:15.926-0400] {processor.py:840} INFO - DAG(s) 'example_bash_operator' retrieved from /Users/manideepakreddyaila/Desktop/projects/Legal_Insights_Engine/.venv/lib/python3.11/site-packages/airflow/example_dags/example_bash_operator.py
[2024-04-14T17:51:15.964-0400] {logging_mixin.py:188} INFO - [2024-04-14T17:51:15.964-0400] {dag.py:3096} INFO - Sync 1 DAGs
[2024-04-14T17:51:15.970-0400] {logging_mixin.py:188} INFO - [2024-04-14T17:51:15.970-0400] {dag.py:3954} INFO - Setting next_dagrun for example_bash_operator to 2024-04-13 00:00:00+00:00, run_after=2024-04-14 00:00:00+00:00
[2024-04-14T17:51:15.976-0400] {processor.py:183} INFO - Processing /Users/manideepakreddyaila/Desktop/projects/Legal_Insights_Engine/.venv/lib/python3.11/site-packages/airflow/example_dags/example_bash_operator.py took 0.082 seconds
[2024-04-14T17:53:11.513-0400] {processor.py:161} INFO - Started process (PID=36570) to work on /Users/manideepakreddyaila/Desktop/projects/Legal_Insights_Engine/.venv/lib/python3.11/site-packages/airflow/example_dags/example_bash_operator.py
[2024-04-14T17:53:11.514-0400] {processor.py:830} INFO - Processing file /Users/manideepakreddyaila/Desktop/projects/Legal_Insights_Engine/.venv/lib/python3.11/site-packages/airflow/example_dags/example_bash_operator.py for tasks to queue
[2024-04-14T17:53:11.515-0400] {logging_mixin.py:188} INFO - [2024-04-14T17:53:11.515-0400] {dagbag.py:540} INFO - Filling up the DagBag from /Users/manideepakreddyaila/Desktop/projects/Legal_Insights_Engine/.venv/lib/python3.11/site-packages/airflow/example_dags/example_bash_operator.py
[2024-04-14T17:53:11.544-0400] {processor.py:840} INFO - DAG(s) 'example_bash_operator' retrieved from /Users/manideepakreddyaila/Desktop/projects/Legal_Insights_Engine/.venv/lib/python3.11/site-packages/airflow/example_dags/example_bash_operator.py
[2024-04-14T17:53:11.582-0400] {logging_mixin.py:188} INFO - [2024-04-14T17:53:11.582-0400] {dag.py:3096} INFO - Sync 1 DAGs
[2024-04-14T17:53:11.588-0400] {logging_mixin.py:188} INFO - [2024-04-14T17:53:11.588-0400] {dag.py:3954} INFO - Setting next_dagrun for example_bash_operator to 2024-04-13 00:00:00+00:00, run_after=2024-04-14 00:00:00+00:00
[2024-04-14T17:53:11.594-0400] {processor.py:183} INFO - Processing /Users/manideepakreddyaila/Desktop/projects/Legal_Insights_Engine/.venv/lib/python3.11/site-packages/airflow/example_dags/example_bash_operator.py took 0.082 seconds
[2024-04-14T17:55:06.402-0400] {processor.py:161} INFO - Started process (PID=36677) to work on /Users/manideepakreddyaila/Desktop/projects/Legal_Insights_Engine/.venv/lib/python3.11/site-packages/airflow/example_dags/example_bash_operator.py
[2024-04-14T17:55:06.403-0400] {processor.py:830} INFO - Processing file /Users/manideepakreddyaila/Desktop/projects/Legal_Insights_Engine/.venv/lib/python3.11/site-packages/airflow/example_dags/example_bash_operator.py for tasks to queue
[2024-04-14T17:55:06.403-0400] {logging_mixin.py:188} INFO - [2024-04-14T17:55:06.403-0400] {dagbag.py:540} INFO - Filling up the DagBag from /Users/manideepakreddyaila/Desktop/projects/Legal_Insights_Engine/.venv/lib/python3.11/site-packages/airflow/example_dags/example_bash_operator.py
[2024-04-14T17:55:06.434-0400] {processor.py:840} INFO - DAG(s) 'example_bash_operator' retrieved from /Users/manideepakreddyaila/Desktop/projects/Legal_Insights_Engine/.venv/lib/python3.11/site-packages/airflow/example_dags/example_bash_operator.py
[2024-04-14T17:55:06.472-0400] {logging_mixin.py:188} INFO - [2024-04-14T17:55:06.472-0400] {dag.py:3096} INFO - Sync 1 DAGs
[2024-04-14T17:55:06.477-0400] {logging_mixin.py:188} INFO - [2024-04-14T17:55:06.477-0400] {dag.py:3954} INFO - Setting next_dagrun for example_bash_operator to 2024-04-13 00:00:00+00:00, run_after=2024-04-14 00:00:00+00:00
[2024-04-14T17:55:06.483-0400] {processor.py:183} INFO - Processing /Users/manideepakreddyaila/Desktop/projects/Legal_Insights_Engine/.venv/lib/python3.11/site-packages/airflow/example_dags/example_bash_operator.py took 0.082 seconds
[2024-04-14T17:57:00.077-0400] {processor.py:161} INFO - Started process (PID=36812) to work on /Users/manideepakreddyaila/Desktop/projects/Legal_Insights_Engine/.venv/lib/python3.11/site-packages/airflow/example_dags/example_bash_operator.py
[2024-04-14T17:57:00.077-0400] {processor.py:830} INFO - Processing file /Users/manideepakreddyaila/Desktop/projects/Legal_Insights_Engine/.venv/lib/python3.11/site-packages/airflow/example_dags/example_bash_operator.py for tasks to queue
[2024-04-14T17:57:00.078-0400] {logging_mixin.py:188} INFO - [2024-04-14T17:57:00.078-0400] {dagbag.py:540} INFO - Filling up the DagBag from /Users/manideepakreddyaila/Desktop/projects/Legal_Insights_Engine/.venv/lib/python3.11/site-packages/airflow/example_dags/example_bash_operator.py
[2024-04-14T17:57:00.109-0400] {processor.py:840} INFO - DAG(s) 'example_bash_operator' retrieved from /Users/manideepakreddyaila/Desktop/projects/Legal_Insights_Engine/.venv/lib/python3.11/site-packages/airflow/example_dags/example_bash_operator.py
[2024-04-14T17:57:00.147-0400] {logging_mixin.py:188} INFO - [2024-04-14T17:57:00.147-0400] {dag.py:3096} INFO - Sync 1 DAGs
[2024-04-14T17:57:00.152-0400] {logging_mixin.py:188} INFO - [2024-04-14T17:57:00.152-0400] {dag.py:3954} INFO - Setting next_dagrun for example_bash_operator to 2024-04-13 00:00:00+00:00, run_after=2024-04-14 00:00:00+00:00
[2024-04-14T17:57:00.158-0400] {processor.py:183} INFO - Processing /Users/manideepakreddyaila/Desktop/projects/Legal_Insights_Engine/.venv/lib/python3.11/site-packages/airflow/example_dags/example_bash_operator.py took 0.083 seconds
[2024-04-14T17:58:56.851-0400] {processor.py:161} INFO - Started process (PID=36910) to work on /Users/manideepakreddyaila/Desktop/projects/Legal_Insights_Engine/.venv/lib/python3.11/site-packages/airflow/example_dags/example_bash_operator.py
[2024-04-14T17:58:56.852-0400] {processor.py:830} INFO - Processing file /Users/manideepakreddyaila/Desktop/projects/Legal_Insights_Engine/.venv/lib/python3.11/site-packages/airflow/example_dags/example_bash_operator.py for tasks to queue
[2024-04-14T17:58:56.852-0400] {logging_mixin.py:188} INFO - [2024-04-14T17:58:56.852-0400] {dagbag.py:540} INFO - Filling up the DagBag from /Users/manideepakreddyaila/Desktop/projects/Legal_Insights_Engine/.venv/lib/python3.11/site-packages/airflow/example_dags/example_bash_operator.py
[2024-04-14T17:58:56.884-0400] {processor.py:840} INFO - DAG(s) 'example_bash_operator' retrieved from /Users/manideepakreddyaila/Desktop/projects/Legal_Insights_Engine/.venv/lib/python3.11/site-packages/airflow/example_dags/example_bash_operator.py
[2024-04-14T17:58:56.921-0400] {logging_mixin.py:188} INFO - [2024-04-14T17:58:56.921-0400] {dag.py:3096} INFO - Sync 1 DAGs
[2024-04-14T17:58:56.927-0400] {logging_mixin.py:188} INFO - [2024-04-14T17:58:56.927-0400] {dag.py:3954} INFO - Setting next_dagrun for example_bash_operator to 2024-04-13 00:00:00+00:00, run_after=2024-04-14 00:00:00+00:00
[2024-04-14T17:58:56.933-0400] {processor.py:183} INFO - Processing /Users/manideepakreddyaila/Desktop/projects/Legal_Insights_Engine/.venv/lib/python3.11/site-packages/airflow/example_dags/example_bash_operator.py took 0.083 seconds
[2024-04-14T18:00:52.128-0400] {processor.py:161} INFO - Started process (PID=37016) to work on /Users/manideepakreddyaila/Desktop/projects/Legal_Insights_Engine/.venv/lib/python3.11/site-packages/airflow/example_dags/example_bash_operator.py
[2024-04-14T18:00:52.129-0400] {processor.py:830} INFO - Processing file /Users/manideepakreddyaila/Desktop/projects/Legal_Insights_Engine/.venv/lib/python3.11/site-packages/airflow/example_dags/example_bash_operator.py for tasks to queue
[2024-04-14T18:00:52.129-0400] {logging_mixin.py:188} INFO - [2024-04-14T18:00:52.129-0400] {dagbag.py:540} INFO - Filling up the DagBag from /Users/manideepakreddyaila/Desktop/projects/Legal_Insights_Engine/.venv/lib/python3.11/site-packages/airflow/example_dags/example_bash_operator.py
[2024-04-14T18:00:52.160-0400] {processor.py:840} INFO - DAG(s) 'example_bash_operator' retrieved from /Users/manideepakreddyaila/Desktop/projects/Legal_Insights_Engine/.venv/lib/python3.11/site-packages/airflow/example_dags/example_bash_operator.py
[2024-04-14T18:00:52.201-0400] {logging_mixin.py:188} INFO - [2024-04-14T18:00:52.201-0400] {dag.py:3096} INFO - Sync 1 DAGs
[2024-04-14T18:00:52.207-0400] {logging_mixin.py:188} INFO - [2024-04-14T18:00:52.207-0400] {dag.py:3954} INFO - Setting next_dagrun for example_bash_operator to 2024-04-13 00:00:00+00:00, run_after=2024-04-14 00:00:00+00:00
[2024-04-14T18:00:52.213-0400] {processor.py:183} INFO - Processing /Users/manideepakreddyaila/Desktop/projects/Legal_Insights_Engine/.venv/lib/python3.11/site-packages/airflow/example_dags/example_bash_operator.py took 0.086 seconds
[2024-04-14T18:02:55.321-0400] {processor.py:161} INFO - Started process (PID=37112) to work on /Users/manideepakreddyaila/Desktop/projects/Legal_Insights_Engine/.venv/lib/python3.11/site-packages/airflow/example_dags/example_bash_operator.py
[2024-04-14T18:02:55.322-0400] {processor.py:830} INFO - Processing file /Users/manideepakreddyaila/Desktop/projects/Legal_Insights_Engine/.venv/lib/python3.11/site-packages/airflow/example_dags/example_bash_operator.py for tasks to queue
[2024-04-14T18:02:55.322-0400] {logging_mixin.py:188} INFO - [2024-04-14T18:02:55.322-0400] {dagbag.py:540} INFO - Filling up the DagBag from /Users/manideepakreddyaila/Desktop/projects/Legal_Insights_Engine/.venv/lib/python3.11/site-packages/airflow/example_dags/example_bash_operator.py
[2024-04-14T18:02:55.353-0400] {processor.py:840} INFO - DAG(s) 'example_bash_operator' retrieved from /Users/manideepakreddyaila/Desktop/projects/Legal_Insights_Engine/.venv/lib/python3.11/site-packages/airflow/example_dags/example_bash_operator.py
[2024-04-14T18:02:55.390-0400] {logging_mixin.py:188} INFO - [2024-04-14T18:02:55.390-0400] {dag.py:3096} INFO - Sync 1 DAGs
[2024-04-14T18:02:55.396-0400] {logging_mixin.py:188} INFO - [2024-04-14T18:02:55.396-0400] {dag.py:3954} INFO - Setting next_dagrun for example_bash_operator to 2024-04-13 00:00:00+00:00, run_after=2024-04-14 00:00:00+00:00
[2024-04-14T18:02:55.402-0400] {processor.py:183} INFO - Processing /Users/manideepakreddyaila/Desktop/projects/Legal_Insights_Engine/.venv/lib/python3.11/site-packages/airflow/example_dags/example_bash_operator.py took 0.082 seconds
[2024-04-14T18:04:51.660-0400] {processor.py:161} INFO - Started process (PID=37203) to work on /Users/manideepakreddyaila/Desktop/projects/Legal_Insights_Engine/.venv/lib/python3.11/site-packages/airflow/example_dags/example_bash_operator.py
[2024-04-14T18:04:51.661-0400] {processor.py:830} INFO - Processing file /Users/manideepakreddyaila/Desktop/projects/Legal_Insights_Engine/.venv/lib/python3.11/site-packages/airflow/example_dags/example_bash_operator.py for tasks to queue
[2024-04-14T18:04:51.661-0400] {logging_mixin.py:188} INFO - [2024-04-14T18:04:51.661-0400] {dagbag.py:540} INFO - Filling up the DagBag from /Users/manideepakreddyaila/Desktop/projects/Legal_Insights_Engine/.venv/lib/python3.11/site-packages/airflow/example_dags/example_bash_operator.py
[2024-04-14T18:04:51.691-0400] {processor.py:840} INFO - DAG(s) 'example_bash_operator' retrieved from /Users/manideepakreddyaila/Desktop/projects/Legal_Insights_Engine/.venv/lib/python3.11/site-packages/airflow/example_dags/example_bash_operator.py
[2024-04-14T18:04:51.729-0400] {logging_mixin.py:188} INFO - [2024-04-14T18:04:51.729-0400] {dag.py:3096} INFO - Sync 1 DAGs
[2024-04-14T18:04:51.735-0400] {logging_mixin.py:188} INFO - [2024-04-14T18:04:51.735-0400] {dag.py:3954} INFO - Setting next_dagrun for example_bash_operator to 2024-04-13 00:00:00+00:00, run_after=2024-04-14 00:00:00+00:00
[2024-04-14T18:04:51.742-0400] {processor.py:183} INFO - Processing /Users/manideepakreddyaila/Desktop/projects/Legal_Insights_Engine/.venv/lib/python3.11/site-packages/airflow/example_dags/example_bash_operator.py took 0.083 seconds
[2024-04-14T18:06:49.948-0400] {processor.py:161} INFO - Started process (PID=37308) to work on /Users/manideepakreddyaila/Desktop/projects/Legal_Insights_Engine/.venv/lib/python3.11/site-packages/airflow/example_dags/example_bash_operator.py
[2024-04-14T18:06:49.949-0400] {processor.py:830} INFO - Processing file /Users/manideepakreddyaila/Desktop/projects/Legal_Insights_Engine/.venv/lib/python3.11/site-packages/airflow/example_dags/example_bash_operator.py for tasks to queue
[2024-04-14T18:06:49.949-0400] {logging_mixin.py:188} INFO - [2024-04-14T18:06:49.949-0400] {dagbag.py:540} INFO - Filling up the DagBag from /Users/manideepakreddyaila/Desktop/projects/Legal_Insights_Engine/.venv/lib/python3.11/site-packages/airflow/example_dags/example_bash_operator.py
[2024-04-14T18:06:49.981-0400] {processor.py:840} INFO - DAG(s) 'example_bash_operator' retrieved from /Users/manideepakreddyaila/Desktop/projects/Legal_Insights_Engine/.venv/lib/python3.11/site-packages/airflow/example_dags/example_bash_operator.py
[2024-04-14T18:06:50.019-0400] {logging_mixin.py:188} INFO - [2024-04-14T18:06:50.019-0400] {dag.py:3096} INFO - Sync 1 DAGs
[2024-04-14T18:06:50.025-0400] {logging_mixin.py:188} INFO - [2024-04-14T18:06:50.025-0400] {dag.py:3954} INFO - Setting next_dagrun for example_bash_operator to 2024-04-13 00:00:00+00:00, run_after=2024-04-14 00:00:00+00:00
[2024-04-14T18:06:50.031-0400] {processor.py:183} INFO - Processing /Users/manideepakreddyaila/Desktop/projects/Legal_Insights_Engine/.venv/lib/python3.11/site-packages/airflow/example_dags/example_bash_operator.py took 0.084 seconds
[2024-04-14T18:08:46.227-0400] {processor.py:161} INFO - Started process (PID=37406) to work on /Users/manideepakreddyaila/Desktop/projects/Legal_Insights_Engine/.venv/lib/python3.11/site-packages/airflow/example_dags/example_bash_operator.py
[2024-04-14T18:08:46.228-0400] {processor.py:830} INFO - Processing file /Users/manideepakreddyaila/Desktop/projects/Legal_Insights_Engine/.venv/lib/python3.11/site-packages/airflow/example_dags/example_bash_operator.py for tasks to queue
[2024-04-14T18:08:46.228-0400] {logging_mixin.py:188} INFO - [2024-04-14T18:08:46.228-0400] {dagbag.py:540} INFO - Filling up the DagBag from /Users/manideepakreddyaila/Desktop/projects/Legal_Insights_Engine/.venv/lib/python3.11/site-packages/airflow/example_dags/example_bash_operator.py
[2024-04-14T18:08:46.258-0400] {processor.py:840} INFO - DAG(s) 'example_bash_operator' retrieved from /Users/manideepakreddyaila/Desktop/projects/Legal_Insights_Engine/.venv/lib/python3.11/site-packages/airflow/example_dags/example_bash_operator.py
[2024-04-14T18:08:46.296-0400] {logging_mixin.py:188} INFO - [2024-04-14T18:08:46.296-0400] {dag.py:3096} INFO - Sync 1 DAGs
[2024-04-14T18:08:46.302-0400] {logging_mixin.py:188} INFO - [2024-04-14T18:08:46.301-0400] {dag.py:3954} INFO - Setting next_dagrun for example_bash_operator to 2024-04-13 00:00:00+00:00, run_after=2024-04-14 00:00:00+00:00
[2024-04-14T18:08:46.309-0400] {processor.py:183} INFO - Processing /Users/manideepakreddyaila/Desktop/projects/Legal_Insights_Engine/.venv/lib/python3.11/site-packages/airflow/example_dags/example_bash_operator.py took 0.082 seconds
[2024-04-14T18:10:40.186-0400] {processor.py:161} INFO - Started process (PID=37509) to work on /Users/manideepakreddyaila/Desktop/projects/Legal_Insights_Engine/.venv/lib/python3.11/site-packages/airflow/example_dags/example_bash_operator.py
[2024-04-14T18:10:40.186-0400] {processor.py:830} INFO - Processing file /Users/manideepakreddyaila/Desktop/projects/Legal_Insights_Engine/.venv/lib/python3.11/site-packages/airflow/example_dags/example_bash_operator.py for tasks to queue
[2024-04-14T18:10:40.186-0400] {logging_mixin.py:188} INFO - [2024-04-14T18:10:40.186-0400] {dagbag.py:540} INFO - Filling up the DagBag from /Users/manideepakreddyaila/Desktop/projects/Legal_Insights_Engine/.venv/lib/python3.11/site-packages/airflow/example_dags/example_bash_operator.py
[2024-04-14T18:10:40.217-0400] {processor.py:840} INFO - DAG(s) 'example_bash_operator' retrieved from /Users/manideepakreddyaila/Desktop/projects/Legal_Insights_Engine/.venv/lib/python3.11/site-packages/airflow/example_dags/example_bash_operator.py
[2024-04-14T18:10:40.257-0400] {logging_mixin.py:188} INFO - [2024-04-14T18:10:40.256-0400] {dag.py:3096} INFO - Sync 1 DAGs
[2024-04-14T18:10:40.263-0400] {logging_mixin.py:188} INFO - [2024-04-14T18:10:40.263-0400] {dag.py:3954} INFO - Setting next_dagrun for example_bash_operator to 2024-04-13 00:00:00+00:00, run_after=2024-04-14 00:00:00+00:00
[2024-04-14T18:10:40.269-0400] {processor.py:183} INFO - Processing /Users/manideepakreddyaila/Desktop/projects/Legal_Insights_Engine/.venv/lib/python3.11/site-packages/airflow/example_dags/example_bash_operator.py took 0.084 seconds
[2024-04-14T18:12:38.033-0400] {processor.py:161} INFO - Started process (PID=37618) to work on /Users/manideepakreddyaila/Desktop/projects/Legal_Insights_Engine/.venv/lib/python3.11/site-packages/airflow/example_dags/example_bash_operator.py
[2024-04-14T18:12:38.033-0400] {processor.py:830} INFO - Processing file /Users/manideepakreddyaila/Desktop/projects/Legal_Insights_Engine/.venv/lib/python3.11/site-packages/airflow/example_dags/example_bash_operator.py for tasks to queue
[2024-04-14T18:12:38.034-0400] {logging_mixin.py:188} INFO - [2024-04-14T18:12:38.034-0400] {dagbag.py:540} INFO - Filling up the DagBag from /Users/manideepakreddyaila/Desktop/projects/Legal_Insights_Engine/.venv/lib/python3.11/site-packages/airflow/example_dags/example_bash_operator.py
[2024-04-14T18:12:38.064-0400] {processor.py:840} INFO - DAG(s) 'example_bash_operator' retrieved from /Users/manideepakreddyaila/Desktop/projects/Legal_Insights_Engine/.venv/lib/python3.11/site-packages/airflow/example_dags/example_bash_operator.py
[2024-04-14T18:12:38.101-0400] {logging_mixin.py:188} INFO - [2024-04-14T18:12:38.101-0400] {dag.py:3096} INFO - Sync 1 DAGs
[2024-04-14T18:12:38.108-0400] {logging_mixin.py:188} INFO - [2024-04-14T18:12:38.107-0400] {dag.py:3954} INFO - Setting next_dagrun for example_bash_operator to 2024-04-13 00:00:00+00:00, run_after=2024-04-14 00:00:00+00:00
[2024-04-14T18:12:38.114-0400] {processor.py:183} INFO - Processing /Users/manideepakreddyaila/Desktop/projects/Legal_Insights_Engine/.venv/lib/python3.11/site-packages/airflow/example_dags/example_bash_operator.py took 0.082 seconds
[2024-04-14T18:14:36.625-0400] {processor.py:161} INFO - Started process (PID=37716) to work on /Users/manideepakreddyaila/Desktop/projects/Legal_Insights_Engine/.venv/lib/python3.11/site-packages/airflow/example_dags/example_bash_operator.py
[2024-04-14T18:14:36.625-0400] {processor.py:830} INFO - Processing file /Users/manideepakreddyaila/Desktop/projects/Legal_Insights_Engine/.venv/lib/python3.11/site-packages/airflow/example_dags/example_bash_operator.py for tasks to queue
[2024-04-14T18:14:36.626-0400] {logging_mixin.py:188} INFO - [2024-04-14T18:14:36.626-0400] {dagbag.py:540} INFO - Filling up the DagBag from /Users/manideepakreddyaila/Desktop/projects/Legal_Insights_Engine/.venv/lib/python3.11/site-packages/airflow/example_dags/example_bash_operator.py
[2024-04-14T18:14:36.656-0400] {processor.py:840} INFO - DAG(s) 'example_bash_operator' retrieved from /Users/manideepakreddyaila/Desktop/projects/Legal_Insights_Engine/.venv/lib/python3.11/site-packages/airflow/example_dags/example_bash_operator.py
[2024-04-14T18:14:36.694-0400] {logging_mixin.py:188} INFO - [2024-04-14T18:14:36.694-0400] {dag.py:3096} INFO - Sync 1 DAGs
[2024-04-14T18:14:36.700-0400] {logging_mixin.py:188} INFO - [2024-04-14T18:14:36.700-0400] {dag.py:3954} INFO - Setting next_dagrun for example_bash_operator to 2024-04-13 00:00:00+00:00, run_after=2024-04-14 00:00:00+00:00
[2024-04-14T18:14:36.706-0400] {processor.py:183} INFO - Processing /Users/manideepakreddyaila/Desktop/projects/Legal_Insights_Engine/.venv/lib/python3.11/site-packages/airflow/example_dags/example_bash_operator.py took 0.082 seconds
[2024-04-14T18:48:07.091-0400] {processor.py:161} INFO - Started process (PID=37870) to work on /Users/manideepakreddyaila/Desktop/projects/Legal_Insights_Engine/.venv/lib/python3.11/site-packages/airflow/example_dags/example_bash_operator.py
[2024-04-14T18:48:07.091-0400] {processor.py:830} INFO - Processing file /Users/manideepakreddyaila/Desktop/projects/Legal_Insights_Engine/.venv/lib/python3.11/site-packages/airflow/example_dags/example_bash_operator.py for tasks to queue
[2024-04-14T18:48:07.091-0400] {logging_mixin.py:188} INFO - [2024-04-14T18:48:07.091-0400] {dagbag.py:540} INFO - Filling up the DagBag from /Users/manideepakreddyaila/Desktop/projects/Legal_Insights_Engine/.venv/lib/python3.11/site-packages/airflow/example_dags/example_bash_operator.py
[2024-04-14T18:48:07.125-0400] {processor.py:840} INFO - DAG(s) 'example_bash_operator' retrieved from /Users/manideepakreddyaila/Desktop/projects/Legal_Insights_Engine/.venv/lib/python3.11/site-packages/airflow/example_dags/example_bash_operator.py
[2024-04-14T18:48:07.166-0400] {logging_mixin.py:188} INFO - [2024-04-14T18:48:07.166-0400] {dag.py:3096} INFO - Sync 1 DAGs
[2024-04-14T18:48:07.173-0400] {logging_mixin.py:188} INFO - [2024-04-14T18:48:07.173-0400] {dag.py:3954} INFO - Setting next_dagrun for example_bash_operator to 2024-04-13 00:00:00+00:00, run_after=2024-04-14 00:00:00+00:00
[2024-04-14T18:48:07.180-0400] {processor.py:183} INFO - Processing /Users/manideepakreddyaila/Desktop/projects/Legal_Insights_Engine/.venv/lib/python3.11/site-packages/airflow/example_dags/example_bash_operator.py took 0.090 seconds
