[2024-04-13T20:07:31.830-0400] {processor.py:161} INFO - Started process (PID=31696) to work on /Users/manideepakreddyaila/Desktop/projects/Legal_Insights_Engine/.venv/lib/python3.11/site-packages/airflow/example_dags/example_branch_day_of_week_operator.py
[2024-04-13T20:07:31.830-0400] {processor.py:830} INFO - Processing file /Users/manideepakreddyaila/Desktop/projects/Legal_Insights_Engine/.venv/lib/python3.11/site-packages/airflow/example_dags/example_branch_day_of_week_operator.py for tasks to queue
[2024-04-13T20:07:31.831-0400] {logging_mixin.py:188} INFO - [2024-04-13T20:07:31.830-0400] {dagbag.py:540} INFO - Filling up the DagBag from /Users/manideepakreddyaila/Desktop/projects/Legal_Insights_Engine/.venv/lib/python3.11/site-packages/airflow/example_dags/example_branch_day_of_week_operator.py
[2024-04-13T20:07:31.861-0400] {processor.py:840} INFO - DAG(s) 'example_weekday_branch_operator' retrieved from /Users/manideepakreddyaila/Desktop/projects/Legal_Insights_Engine/.venv/lib/python3.11/site-packages/airflow/example_dags/example_branch_day_of_week_operator.py
[2024-04-13T20:07:31.897-0400] {logging_mixin.py:188} INFO - [2024-04-13T20:07:31.897-0400] {dag.py:3096} INFO - Sync 1 DAGs
[2024-04-13T20:07:31.903-0400] {logging_mixin.py:188} INFO - [2024-04-13T20:07:31.902-0400] {dag.py:3954} INFO - Setting next_dagrun for example_weekday_branch_operator to 2024-04-13 00:00:00+00:00, run_after=2024-04-14 00:00:00+00:00
[2024-04-13T20:07:31.909-0400] {processor.py:183} INFO - Processing /Users/manideepakreddyaila/Desktop/projects/Legal_Insights_Engine/.venv/lib/python3.11/site-packages/airflow/example_dags/example_branch_day_of_week_operator.py took 0.080 seconds
[2024-04-13T23:10:21.269-0400] {processor.py:161} INFO - Started process (PID=31937) to work on /Users/manideepakreddyaila/Desktop/projects/Legal_Insights_Engine/.venv/lib/python3.11/site-packages/airflow/example_dags/example_branch_day_of_week_operator.py
[2024-04-13T23:10:21.271-0400] {processor.py:830} INFO - Processing file /Users/manideepakreddyaila/Desktop/projects/Legal_Insights_Engine/.venv/lib/python3.11/site-packages/airflow/example_dags/example_branch_day_of_week_operator.py for tasks to queue
[2024-04-13T23:10:21.272-0400] {logging_mixin.py:188} INFO - [2024-04-13T23:10:21.272-0400] {dagbag.py:540} INFO - Filling up the DagBag from /Users/manideepakreddyaila/Desktop/projects/Legal_Insights_Engine/.venv/lib/python3.11/site-packages/airflow/example_dags/example_branch_day_of_week_operator.py
[2024-04-13T23:10:21.301-0400] {processor.py:840} INFO - DAG(s) 'example_weekday_branch_operator' retrieved from /Users/manideepakreddyaila/Desktop/projects/Legal_Insights_Engine/.venv/lib/python3.11/site-packages/airflow/example_dags/example_branch_day_of_week_operator.py
[2024-04-13T23:10:21.336-0400] {logging_mixin.py:188} INFO - [2024-04-13T23:10:21.336-0400] {dag.py:3096} INFO - Sync 1 DAGs
[2024-04-13T23:10:21.342-0400] {logging_mixin.py:188} INFO - [2024-04-13T23:10:21.342-0400] {dag.py:3954} INFO - Setting next_dagrun for example_weekday_branch_operator to 2024-04-13 00:00:00+00:00, run_after=2024-04-14 00:00:00+00:00
[2024-04-13T23:10:21.348-0400] {processor.py:183} INFO - Processing /Users/manideepakreddyaila/Desktop/projects/Legal_Insights_Engine/.venv/lib/python3.11/site-packages/airflow/example_dags/example_branch_day_of_week_operator.py took 0.080 seconds
[2024-04-14T02:12:52.376-0400] {processor.py:161} INFO - Started process (PID=32162) to work on /Users/manideepakreddyaila/Desktop/projects/Legal_Insights_Engine/.venv/lib/python3.11/site-packages/airflow/example_dags/example_branch_day_of_week_operator.py
[2024-04-14T02:12:52.378-0400] {processor.py:830} INFO - Processing file /Users/manideepakreddyaila/Desktop/projects/Legal_Insights_Engine/.venv/lib/python3.11/site-packages/airflow/example_dags/example_branch_day_of_week_operator.py for tasks to queue
[2024-04-14T02:12:52.379-0400] {logging_mixin.py:188} INFO - [2024-04-14T02:12:52.379-0400] {dagbag.py:540} INFO - Filling up the DagBag from /Users/manideepakreddyaila/Desktop/projects/Legal_Insights_Engine/.venv/lib/python3.11/site-packages/airflow/example_dags/example_branch_day_of_week_operator.py
[2024-04-14T02:12:52.462-0400] {processor.py:840} INFO - DAG(s) 'example_weekday_branch_operator' retrieved from /Users/manideepakreddyaila/Desktop/projects/Legal_Insights_Engine/.venv/lib/python3.11/site-packages/airflow/example_dags/example_branch_day_of_week_operator.py
[2024-04-14T02:12:52.580-0400] {logging_mixin.py:188} INFO - [2024-04-14T02:12:52.580-0400] {dag.py:3096} INFO - Sync 1 DAGs
[2024-04-14T02:12:52.603-0400] {logging_mixin.py:188} INFO - [2024-04-14T02:12:52.602-0400] {dag.py:3954} INFO - Setting next_dagrun for example_weekday_branch_operator to 2024-04-13 00:00:00+00:00, run_after=2024-04-14 00:00:00+00:00
[2024-04-14T02:12:52.621-0400] {processor.py:183} INFO - Processing /Users/manideepakreddyaila/Desktop/projects/Legal_Insights_Engine/.venv/lib/python3.11/site-packages/airflow/example_dags/example_branch_day_of_week_operator.py took 0.248 seconds
[2024-04-14T07:17:58.482-0400] {processor.py:161} INFO - Started process (PID=32612) to work on /Users/manideepakreddyaila/Desktop/projects/Legal_Insights_Engine/.venv/lib/python3.11/site-packages/airflow/example_dags/example_branch_day_of_week_operator.py
[2024-04-14T07:17:58.483-0400] {processor.py:830} INFO - Processing file /Users/manideepakreddyaila/Desktop/projects/Legal_Insights_Engine/.venv/lib/python3.11/site-packages/airflow/example_dags/example_branch_day_of_week_operator.py for tasks to queue
[2024-04-14T07:17:58.483-0400] {logging_mixin.py:188} INFO - [2024-04-14T07:17:58.483-0400] {dagbag.py:540} INFO - Filling up the DagBag from /Users/manideepakreddyaila/Desktop/projects/Legal_Insights_Engine/.venv/lib/python3.11/site-packages/airflow/example_dags/example_branch_day_of_week_operator.py
[2024-04-14T07:17:58.513-0400] {processor.py:840} INFO - DAG(s) 'example_weekday_branch_operator' retrieved from /Users/manideepakreddyaila/Desktop/projects/Legal_Insights_Engine/.venv/lib/python3.11/site-packages/airflow/example_dags/example_branch_day_of_week_operator.py
[2024-04-14T07:17:58.548-0400] {logging_mixin.py:188} INFO - [2024-04-14T07:17:58.548-0400] {dag.py:3096} INFO - Sync 1 DAGs
[2024-04-14T07:17:58.554-0400] {logging_mixin.py:188} INFO - [2024-04-14T07:17:58.554-0400] {dag.py:3954} INFO - Setting next_dagrun for example_weekday_branch_operator to 2024-04-13 00:00:00+00:00, run_after=2024-04-14 00:00:00+00:00
[2024-04-14T07:17:58.560-0400] {processor.py:183} INFO - Processing /Users/manideepakreddyaila/Desktop/projects/Legal_Insights_Engine/.venv/lib/python3.11/site-packages/airflow/example_dags/example_branch_day_of_week_operator.py took 0.079 seconds
[2024-04-14T08:11:31.764-0400] {processor.py:161} INFO - Started process (PID=32755) to work on /Users/manideepakreddyaila/Desktop/projects/Legal_Insights_Engine/.venv/lib/python3.11/site-packages/airflow/example_dags/example_branch_day_of_week_operator.py
[2024-04-14T08:11:31.764-0400] {processor.py:830} INFO - Processing file /Users/manideepakreddyaila/Desktop/projects/Legal_Insights_Engine/.venv/lib/python3.11/site-packages/airflow/example_dags/example_branch_day_of_week_operator.py for tasks to queue
[2024-04-14T08:11:31.765-0400] {logging_mixin.py:188} INFO - [2024-04-14T08:11:31.765-0400] {dagbag.py:540} INFO - Filling up the DagBag from /Users/manideepakreddyaila/Desktop/projects/Legal_Insights_Engine/.venv/lib/python3.11/site-packages/airflow/example_dags/example_branch_day_of_week_operator.py
[2024-04-14T08:11:31.797-0400] {processor.py:840} INFO - DAG(s) 'example_weekday_branch_operator' retrieved from /Users/manideepakreddyaila/Desktop/projects/Legal_Insights_Engine/.venv/lib/python3.11/site-packages/airflow/example_dags/example_branch_day_of_week_operator.py
[2024-04-14T08:11:31.833-0400] {logging_mixin.py:188} INFO - [2024-04-14T08:11:31.833-0400] {dag.py:3096} INFO - Sync 1 DAGs
[2024-04-14T08:11:31.838-0400] {logging_mixin.py:188} INFO - [2024-04-14T08:11:31.838-0400] {dag.py:3954} INFO - Setting next_dagrun for example_weekday_branch_operator to 2024-04-13 00:00:00+00:00, run_after=2024-04-14 00:00:00+00:00
[2024-04-14T08:11:31.844-0400] {processor.py:183} INFO - Processing /Users/manideepakreddyaila/Desktop/projects/Legal_Insights_Engine/.venv/lib/python3.11/site-packages/airflow/example_dags/example_branch_day_of_week_operator.py took 0.082 seconds
[2024-04-14T08:57:24.302-0400] {processor.py:161} INFO - Started process (PID=32995) to work on /Users/manideepakreddyaila/Desktop/projects/Legal_Insights_Engine/.venv/lib/python3.11/site-packages/airflow/example_dags/example_branch_day_of_week_operator.py
[2024-04-14T08:57:24.303-0400] {processor.py:830} INFO - Processing file /Users/manideepakreddyaila/Desktop/projects/Legal_Insights_Engine/.venv/lib/python3.11/site-packages/airflow/example_dags/example_branch_day_of_week_operator.py for tasks to queue
[2024-04-14T08:57:24.303-0400] {logging_mixin.py:188} INFO - [2024-04-14T08:57:24.303-0400] {dagbag.py:540} INFO - Filling up the DagBag from /Users/manideepakreddyaila/Desktop/projects/Legal_Insights_Engine/.venv/lib/python3.11/site-packages/airflow/example_dags/example_branch_day_of_week_operator.py
[2024-04-14T08:57:24.332-0400] {processor.py:840} INFO - DAG(s) 'example_weekday_branch_operator' retrieved from /Users/manideepakreddyaila/Desktop/projects/Legal_Insights_Engine/.venv/lib/python3.11/site-packages/airflow/example_dags/example_branch_day_of_week_operator.py
[2024-04-14T08:57:24.368-0400] {logging_mixin.py:188} INFO - [2024-04-14T08:57:24.368-0400] {dag.py:3096} INFO - Sync 1 DAGs
[2024-04-14T08:57:24.374-0400] {logging_mixin.py:188} INFO - [2024-04-14T08:57:24.374-0400] {dag.py:3954} INFO - Setting next_dagrun for example_weekday_branch_operator to 2024-04-13 00:00:00+00:00, run_after=2024-04-14 00:00:00+00:00
[2024-04-14T08:57:24.380-0400] {processor.py:183} INFO - Processing /Users/manideepakreddyaila/Desktop/projects/Legal_Insights_Engine/.venv/lib/python3.11/site-packages/airflow/example_dags/example_branch_day_of_week_operator.py took 0.079 seconds
[2024-04-14T12:04:04.808-0400] {processor.py:161} INFO - Started process (PID=33200) to work on /Users/manideepakreddyaila/Desktop/projects/Legal_Insights_Engine/.venv/lib/python3.11/site-packages/airflow/example_dags/example_branch_day_of_week_operator.py
[2024-04-14T12:04:04.808-0400] {processor.py:830} INFO - Processing file /Users/manideepakreddyaila/Desktop/projects/Legal_Insights_Engine/.venv/lib/python3.11/site-packages/airflow/example_dags/example_branch_day_of_week_operator.py for tasks to queue
[2024-04-14T12:04:04.809-0400] {logging_mixin.py:188} INFO - [2024-04-14T12:04:04.809-0400] {dagbag.py:540} INFO - Filling up the DagBag from /Users/manideepakreddyaila/Desktop/projects/Legal_Insights_Engine/.venv/lib/python3.11/site-packages/airflow/example_dags/example_branch_day_of_week_operator.py
[2024-04-14T12:04:04.839-0400] {processor.py:840} INFO - DAG(s) 'example_weekday_branch_operator' retrieved from /Users/manideepakreddyaila/Desktop/projects/Legal_Insights_Engine/.venv/lib/python3.11/site-packages/airflow/example_dags/example_branch_day_of_week_operator.py
[2024-04-14T12:04:04.874-0400] {logging_mixin.py:188} INFO - [2024-04-14T12:04:04.874-0400] {dag.py:3096} INFO - Sync 1 DAGs
[2024-04-14T12:04:04.880-0400] {logging_mixin.py:188} INFO - [2024-04-14T12:04:04.880-0400] {dag.py:3954} INFO - Setting next_dagrun for example_weekday_branch_operator to 2024-04-13 00:00:00+00:00, run_after=2024-04-14 00:00:00+00:00
[2024-04-14T12:04:04.886-0400] {processor.py:183} INFO - Processing /Users/manideepakreddyaila/Desktop/projects/Legal_Insights_Engine/.venv/lib/python3.11/site-packages/airflow/example_dags/example_branch_day_of_week_operator.py took 0.079 seconds
[2024-04-14T14:24:59.814-0400] {processor.py:161} INFO - Started process (PID=33496) to work on /Users/manideepakreddyaila/Desktop/projects/Legal_Insights_Engine/.venv/lib/python3.11/site-packages/airflow/example_dags/example_branch_day_of_week_operator.py
[2024-04-14T14:24:59.815-0400] {processor.py:830} INFO - Processing file /Users/manideepakreddyaila/Desktop/projects/Legal_Insights_Engine/.venv/lib/python3.11/site-packages/airflow/example_dags/example_branch_day_of_week_operator.py for tasks to queue
[2024-04-14T14:24:59.816-0400] {logging_mixin.py:188} INFO - [2024-04-14T14:24:59.816-0400] {dagbag.py:540} INFO - Filling up the DagBag from /Users/manideepakreddyaila/Desktop/projects/Legal_Insights_Engine/.venv/lib/python3.11/site-packages/airflow/example_dags/example_branch_day_of_week_operator.py
[2024-04-14T14:24:59.845-0400] {processor.py:840} INFO - DAG(s) 'example_weekday_branch_operator' retrieved from /Users/manideepakreddyaila/Desktop/projects/Legal_Insights_Engine/.venv/lib/python3.11/site-packages/airflow/example_dags/example_branch_day_of_week_operator.py
[2024-04-14T14:24:59.881-0400] {logging_mixin.py:188} INFO - [2024-04-14T14:24:59.881-0400] {dag.py:3096} INFO - Sync 1 DAGs
[2024-04-14T14:24:59.886-0400] {logging_mixin.py:188} INFO - [2024-04-14T14:24:59.886-0400] {dag.py:3954} INFO - Setting next_dagrun for example_weekday_branch_operator to 2024-04-13 00:00:00+00:00, run_after=2024-04-14 00:00:00+00:00
[2024-04-14T14:24:59.892-0400] {processor.py:183} INFO - Processing /Users/manideepakreddyaila/Desktop/projects/Legal_Insights_Engine/.venv/lib/python3.11/site-packages/airflow/example_dags/example_branch_day_of_week_operator.py took 0.079 seconds
[2024-04-14T16:37:26.973-0400] {processor.py:161} INFO - Started process (PID=33786) to work on /Users/manideepakreddyaila/Desktop/projects/Legal_Insights_Engine/.venv/lib/python3.11/site-packages/airflow/example_dags/example_branch_day_of_week_operator.py
[2024-04-14T16:37:26.975-0400] {processor.py:830} INFO - Processing file /Users/manideepakreddyaila/Desktop/projects/Legal_Insights_Engine/.venv/lib/python3.11/site-packages/airflow/example_dags/example_branch_day_of_week_operator.py for tasks to queue
[2024-04-14T16:37:26.975-0400] {logging_mixin.py:188} INFO - [2024-04-14T16:37:26.975-0400] {dagbag.py:540} INFO - Filling up the DagBag from /Users/manideepakreddyaila/Desktop/projects/Legal_Insights_Engine/.venv/lib/python3.11/site-packages/airflow/example_dags/example_branch_day_of_week_operator.py
[2024-04-14T16:37:27.005-0400] {processor.py:840} INFO - DAG(s) 'example_weekday_branch_operator' retrieved from /Users/manideepakreddyaila/Desktop/projects/Legal_Insights_Engine/.venv/lib/python3.11/site-packages/airflow/example_dags/example_branch_day_of_week_operator.py
[2024-04-14T16:37:27.040-0400] {logging_mixin.py:188} INFO - [2024-04-14T16:37:27.040-0400] {dag.py:3096} INFO - Sync 1 DAGs
[2024-04-14T16:37:27.045-0400] {logging_mixin.py:188} INFO - [2024-04-14T16:37:27.045-0400] {dag.py:3954} INFO - Setting next_dagrun for example_weekday_branch_operator to 2024-04-13 00:00:00+00:00, run_after=2024-04-14 00:00:00+00:00
[2024-04-14T16:37:27.051-0400] {processor.py:183} INFO - Processing /Users/manideepakreddyaila/Desktop/projects/Legal_Insights_Engine/.venv/lib/python3.11/site-packages/airflow/example_dags/example_branch_day_of_week_operator.py took 0.079 seconds
[2024-04-14T16:39:28.800-0400] {processor.py:161} INFO - Started process (PID=33878) to work on /Users/manideepakreddyaila/Desktop/projects/Legal_Insights_Engine/.venv/lib/python3.11/site-packages/airflow/example_dags/example_branch_day_of_week_operator.py
[2024-04-14T16:39:28.801-0400] {processor.py:830} INFO - Processing file /Users/manideepakreddyaila/Desktop/projects/Legal_Insights_Engine/.venv/lib/python3.11/site-packages/airflow/example_dags/example_branch_day_of_week_operator.py for tasks to queue
[2024-04-14T16:39:28.801-0400] {logging_mixin.py:188} INFO - [2024-04-14T16:39:28.801-0400] {dagbag.py:540} INFO - Filling up the DagBag from /Users/manideepakreddyaila/Desktop/projects/Legal_Insights_Engine/.venv/lib/python3.11/site-packages/airflow/example_dags/example_branch_day_of_week_operator.py
[2024-04-14T16:39:28.832-0400] {processor.py:840} INFO - DAG(s) 'example_weekday_branch_operator' retrieved from /Users/manideepakreddyaila/Desktop/projects/Legal_Insights_Engine/.venv/lib/python3.11/site-packages/airflow/example_dags/example_branch_day_of_week_operator.py
[2024-04-14T16:39:28.869-0400] {logging_mixin.py:188} INFO - [2024-04-14T16:39:28.869-0400] {dag.py:3096} INFO - Sync 1 DAGs
[2024-04-14T16:39:28.875-0400] {logging_mixin.py:188} INFO - [2024-04-14T16:39:28.875-0400] {dag.py:3954} INFO - Setting next_dagrun for example_weekday_branch_operator to 2024-04-13 00:00:00+00:00, run_after=2024-04-14 00:00:00+00:00
[2024-04-14T16:39:28.881-0400] {processor.py:183} INFO - Processing /Users/manideepakreddyaila/Desktop/projects/Legal_Insights_Engine/.venv/lib/python3.11/site-packages/airflow/example_dags/example_branch_day_of_week_operator.py took 0.082 seconds
[2024-04-14T16:41:24.165-0400] {processor.py:161} INFO - Started process (PID=33980) to work on /Users/manideepakreddyaila/Desktop/projects/Legal_Insights_Engine/.venv/lib/python3.11/site-packages/airflow/example_dags/example_branch_day_of_week_operator.py
[2024-04-14T16:41:24.166-0400] {processor.py:830} INFO - Processing file /Users/manideepakreddyaila/Desktop/projects/Legal_Insights_Engine/.venv/lib/python3.11/site-packages/airflow/example_dags/example_branch_day_of_week_operator.py for tasks to queue
[2024-04-14T16:41:24.166-0400] {logging_mixin.py:188} INFO - [2024-04-14T16:41:24.166-0400] {dagbag.py:540} INFO - Filling up the DagBag from /Users/manideepakreddyaila/Desktop/projects/Legal_Insights_Engine/.venv/lib/python3.11/site-packages/airflow/example_dags/example_branch_day_of_week_operator.py
[2024-04-14T16:41:24.196-0400] {processor.py:840} INFO - DAG(s) 'example_weekday_branch_operator' retrieved from /Users/manideepakreddyaila/Desktop/projects/Legal_Insights_Engine/.venv/lib/python3.11/site-packages/airflow/example_dags/example_branch_day_of_week_operator.py
[2024-04-14T16:41:24.232-0400] {logging_mixin.py:188} INFO - [2024-04-14T16:41:24.232-0400] {dag.py:3096} INFO - Sync 1 DAGs
[2024-04-14T16:41:24.238-0400] {logging_mixin.py:188} INFO - [2024-04-14T16:41:24.238-0400] {dag.py:3954} INFO - Setting next_dagrun for example_weekday_branch_operator to 2024-04-13 00:00:00+00:00, run_after=2024-04-14 00:00:00+00:00
[2024-04-14T16:41:24.244-0400] {processor.py:183} INFO - Processing /Users/manideepakreddyaila/Desktop/projects/Legal_Insights_Engine/.venv/lib/python3.11/site-packages/airflow/example_dags/example_branch_day_of_week_operator.py took 0.080 seconds
[2024-04-14T16:43:18.871-0400] {processor.py:161} INFO - Started process (PID=34079) to work on /Users/manideepakreddyaila/Desktop/projects/Legal_Insights_Engine/.venv/lib/python3.11/site-packages/airflow/example_dags/example_branch_day_of_week_operator.py
[2024-04-14T16:43:18.871-0400] {processor.py:830} INFO - Processing file /Users/manideepakreddyaila/Desktop/projects/Legal_Insights_Engine/.venv/lib/python3.11/site-packages/airflow/example_dags/example_branch_day_of_week_operator.py for tasks to queue
[2024-04-14T16:43:18.872-0400] {logging_mixin.py:188} INFO - [2024-04-14T16:43:18.872-0400] {dagbag.py:540} INFO - Filling up the DagBag from /Users/manideepakreddyaila/Desktop/projects/Legal_Insights_Engine/.venv/lib/python3.11/site-packages/airflow/example_dags/example_branch_day_of_week_operator.py
[2024-04-14T16:43:18.901-0400] {processor.py:840} INFO - DAG(s) 'example_weekday_branch_operator' retrieved from /Users/manideepakreddyaila/Desktop/projects/Legal_Insights_Engine/.venv/lib/python3.11/site-packages/airflow/example_dags/example_branch_day_of_week_operator.py
[2024-04-14T16:43:18.936-0400] {logging_mixin.py:188} INFO - [2024-04-14T16:43:18.936-0400] {dag.py:3096} INFO - Sync 1 DAGs
[2024-04-14T16:43:18.942-0400] {logging_mixin.py:188} INFO - [2024-04-14T16:43:18.942-0400] {dag.py:3954} INFO - Setting next_dagrun for example_weekday_branch_operator to 2024-04-13 00:00:00+00:00, run_after=2024-04-14 00:00:00+00:00
[2024-04-14T16:43:18.948-0400] {processor.py:183} INFO - Processing /Users/manideepakreddyaila/Desktop/projects/Legal_Insights_Engine/.venv/lib/python3.11/site-packages/airflow/example_dags/example_branch_day_of_week_operator.py took 0.079 seconds
[2024-04-14T16:45:19.941-0400] {processor.py:161} INFO - Started process (PID=34177) to work on /Users/manideepakreddyaila/Desktop/projects/Legal_Insights_Engine/.venv/lib/python3.11/site-packages/airflow/example_dags/example_branch_day_of_week_operator.py
[2024-04-14T16:45:19.942-0400] {processor.py:830} INFO - Processing file /Users/manideepakreddyaila/Desktop/projects/Legal_Insights_Engine/.venv/lib/python3.11/site-packages/airflow/example_dags/example_branch_day_of_week_operator.py for tasks to queue
[2024-04-14T16:45:19.942-0400] {logging_mixin.py:188} INFO - [2024-04-14T16:45:19.942-0400] {dagbag.py:540} INFO - Filling up the DagBag from /Users/manideepakreddyaila/Desktop/projects/Legal_Insights_Engine/.venv/lib/python3.11/site-packages/airflow/example_dags/example_branch_day_of_week_operator.py
[2024-04-14T16:45:19.976-0400] {processor.py:840} INFO - DAG(s) 'example_weekday_branch_operator' retrieved from /Users/manideepakreddyaila/Desktop/projects/Legal_Insights_Engine/.venv/lib/python3.11/site-packages/airflow/example_dags/example_branch_day_of_week_operator.py
[2024-04-14T16:45:20.015-0400] {logging_mixin.py:188} INFO - [2024-04-14T16:45:20.015-0400] {dag.py:3096} INFO - Sync 1 DAGs
[2024-04-14T16:45:20.020-0400] {logging_mixin.py:188} INFO - [2024-04-14T16:45:20.020-0400] {dag.py:3954} INFO - Setting next_dagrun for example_weekday_branch_operator to 2024-04-13 00:00:00+00:00, run_after=2024-04-14 00:00:00+00:00
[2024-04-14T16:45:20.027-0400] {processor.py:183} INFO - Processing /Users/manideepakreddyaila/Desktop/projects/Legal_Insights_Engine/.venv/lib/python3.11/site-packages/airflow/example_dags/example_branch_day_of_week_operator.py took 0.087 seconds
[2024-04-14T16:47:19.567-0400] {processor.py:161} INFO - Started process (PID=34290) to work on /Users/manideepakreddyaila/Desktop/projects/Legal_Insights_Engine/.venv/lib/python3.11/site-packages/airflow/example_dags/example_branch_day_of_week_operator.py
[2024-04-14T16:47:19.568-0400] {processor.py:830} INFO - Processing file /Users/manideepakreddyaila/Desktop/projects/Legal_Insights_Engine/.venv/lib/python3.11/site-packages/airflow/example_dags/example_branch_day_of_week_operator.py for tasks to queue
[2024-04-14T16:47:19.568-0400] {logging_mixin.py:188} INFO - [2024-04-14T16:47:19.568-0400] {dagbag.py:540} INFO - Filling up the DagBag from /Users/manideepakreddyaila/Desktop/projects/Legal_Insights_Engine/.venv/lib/python3.11/site-packages/airflow/example_dags/example_branch_day_of_week_operator.py
[2024-04-14T16:47:19.599-0400] {processor.py:840} INFO - DAG(s) 'example_weekday_branch_operator' retrieved from /Users/manideepakreddyaila/Desktop/projects/Legal_Insights_Engine/.venv/lib/python3.11/site-packages/airflow/example_dags/example_branch_day_of_week_operator.py
[2024-04-14T16:47:19.634-0400] {logging_mixin.py:188} INFO - [2024-04-14T16:47:19.634-0400] {dag.py:3096} INFO - Sync 1 DAGs
[2024-04-14T16:47:19.640-0400] {logging_mixin.py:188} INFO - [2024-04-14T16:47:19.640-0400] {dag.py:3954} INFO - Setting next_dagrun for example_weekday_branch_operator to 2024-04-13 00:00:00+00:00, run_after=2024-04-14 00:00:00+00:00
[2024-04-14T16:47:19.646-0400] {processor.py:183} INFO - Processing /Users/manideepakreddyaila/Desktop/projects/Legal_Insights_Engine/.venv/lib/python3.11/site-packages/airflow/example_dags/example_branch_day_of_week_operator.py took 0.080 seconds
[2024-04-14T16:49:14.717-0400] {processor.py:161} INFO - Started process (PID=34386) to work on /Users/manideepakreddyaila/Desktop/projects/Legal_Insights_Engine/.venv/lib/python3.11/site-packages/airflow/example_dags/example_branch_day_of_week_operator.py
[2024-04-14T16:49:14.717-0400] {processor.py:830} INFO - Processing file /Users/manideepakreddyaila/Desktop/projects/Legal_Insights_Engine/.venv/lib/python3.11/site-packages/airflow/example_dags/example_branch_day_of_week_operator.py for tasks to queue
[2024-04-14T16:49:14.718-0400] {logging_mixin.py:188} INFO - [2024-04-14T16:49:14.718-0400] {dagbag.py:540} INFO - Filling up the DagBag from /Users/manideepakreddyaila/Desktop/projects/Legal_Insights_Engine/.venv/lib/python3.11/site-packages/airflow/example_dags/example_branch_day_of_week_operator.py
[2024-04-14T16:49:14.749-0400] {processor.py:840} INFO - DAG(s) 'example_weekday_branch_operator' retrieved from /Users/manideepakreddyaila/Desktop/projects/Legal_Insights_Engine/.venv/lib/python3.11/site-packages/airflow/example_dags/example_branch_day_of_week_operator.py
[2024-04-14T16:49:14.784-0400] {logging_mixin.py:188} INFO - [2024-04-14T16:49:14.784-0400] {dag.py:3096} INFO - Sync 1 DAGs
[2024-04-14T16:49:14.790-0400] {logging_mixin.py:188} INFO - [2024-04-14T16:49:14.790-0400] {dag.py:3954} INFO - Setting next_dagrun for example_weekday_branch_operator to 2024-04-13 00:00:00+00:00, run_after=2024-04-14 00:00:00+00:00
[2024-04-14T16:49:14.797-0400] {processor.py:183} INFO - Processing /Users/manideepakreddyaila/Desktop/projects/Legal_Insights_Engine/.venv/lib/python3.11/site-packages/airflow/example_dags/example_branch_day_of_week_operator.py took 0.081 seconds
[2024-04-14T17:16:16.071-0400] {processor.py:161} INFO - Started process (PID=34636) to work on /Users/manideepakreddyaila/Desktop/projects/Legal_Insights_Engine/.venv/lib/python3.11/site-packages/airflow/example_dags/example_branch_day_of_week_operator.py
[2024-04-14T17:16:16.072-0400] {processor.py:830} INFO - Processing file /Users/manideepakreddyaila/Desktop/projects/Legal_Insights_Engine/.venv/lib/python3.11/site-packages/airflow/example_dags/example_branch_day_of_week_operator.py for tasks to queue
[2024-04-14T17:16:16.072-0400] {logging_mixin.py:188} INFO - [2024-04-14T17:16:16.072-0400] {dagbag.py:540} INFO - Filling up the DagBag from /Users/manideepakreddyaila/Desktop/projects/Legal_Insights_Engine/.venv/lib/python3.11/site-packages/airflow/example_dags/example_branch_day_of_week_operator.py
[2024-04-14T17:16:16.103-0400] {processor.py:840} INFO - DAG(s) 'example_weekday_branch_operator' retrieved from /Users/manideepakreddyaila/Desktop/projects/Legal_Insights_Engine/.venv/lib/python3.11/site-packages/airflow/example_dags/example_branch_day_of_week_operator.py
[2024-04-14T17:16:16.140-0400] {logging_mixin.py:188} INFO - [2024-04-14T17:16:16.139-0400] {dag.py:3096} INFO - Sync 1 DAGs
[2024-04-14T17:16:16.145-0400] {logging_mixin.py:188} INFO - [2024-04-14T17:16:16.145-0400] {dag.py:3954} INFO - Setting next_dagrun for example_weekday_branch_operator to 2024-04-13 00:00:00+00:00, run_after=2024-04-14 00:00:00+00:00
[2024-04-14T17:16:16.152-0400] {processor.py:183} INFO - Processing /Users/manideepakreddyaila/Desktop/projects/Legal_Insights_Engine/.venv/lib/python3.11/site-packages/airflow/example_dags/example_branch_day_of_week_operator.py took 0.082 seconds
[2024-04-14T17:18:16.631-0400] {processor.py:161} INFO - Started process (PID=34805) to work on /Users/manideepakreddyaila/Desktop/projects/Legal_Insights_Engine/.venv/lib/python3.11/site-packages/airflow/example_dags/example_branch_day_of_week_operator.py
[2024-04-14T17:18:16.631-0400] {processor.py:830} INFO - Processing file /Users/manideepakreddyaila/Desktop/projects/Legal_Insights_Engine/.venv/lib/python3.11/site-packages/airflow/example_dags/example_branch_day_of_week_operator.py for tasks to queue
[2024-04-14T17:18:16.631-0400] {logging_mixin.py:188} INFO - [2024-04-14T17:18:16.631-0400] {dagbag.py:540} INFO - Filling up the DagBag from /Users/manideepakreddyaila/Desktop/projects/Legal_Insights_Engine/.venv/lib/python3.11/site-packages/airflow/example_dags/example_branch_day_of_week_operator.py
[2024-04-14T17:18:16.663-0400] {processor.py:840} INFO - DAG(s) 'example_weekday_branch_operator' retrieved from /Users/manideepakreddyaila/Desktop/projects/Legal_Insights_Engine/.venv/lib/python3.11/site-packages/airflow/example_dags/example_branch_day_of_week_operator.py
[2024-04-14T17:18:16.698-0400] {logging_mixin.py:188} INFO - [2024-04-14T17:18:16.698-0400] {dag.py:3096} INFO - Sync 1 DAGs
[2024-04-14T17:18:16.704-0400] {logging_mixin.py:188} INFO - [2024-04-14T17:18:16.704-0400] {dag.py:3954} INFO - Setting next_dagrun for example_weekday_branch_operator to 2024-04-13 00:00:00+00:00, run_after=2024-04-14 00:00:00+00:00
[2024-04-14T17:18:16.710-0400] {processor.py:183} INFO - Processing /Users/manideepakreddyaila/Desktop/projects/Legal_Insights_Engine/.venv/lib/python3.11/site-packages/airflow/example_dags/example_branch_day_of_week_operator.py took 0.080 seconds
[2024-04-14T17:20:10.964-0400] {processor.py:161} INFO - Started process (PID=34914) to work on /Users/manideepakreddyaila/Desktop/projects/Legal_Insights_Engine/.venv/lib/python3.11/site-packages/airflow/example_dags/example_branch_day_of_week_operator.py
[2024-04-14T17:20:10.966-0400] {processor.py:830} INFO - Processing file /Users/manideepakreddyaila/Desktop/projects/Legal_Insights_Engine/.venv/lib/python3.11/site-packages/airflow/example_dags/example_branch_day_of_week_operator.py for tasks to queue
[2024-04-14T17:20:10.966-0400] {logging_mixin.py:188} INFO - [2024-04-14T17:20:10.966-0400] {dagbag.py:540} INFO - Filling up the DagBag from /Users/manideepakreddyaila/Desktop/projects/Legal_Insights_Engine/.venv/lib/python3.11/site-packages/airflow/example_dags/example_branch_day_of_week_operator.py
[2024-04-14T17:20:10.996-0400] {processor.py:840} INFO - DAG(s) 'example_weekday_branch_operator' retrieved from /Users/manideepakreddyaila/Desktop/projects/Legal_Insights_Engine/.venv/lib/python3.11/site-packages/airflow/example_dags/example_branch_day_of_week_operator.py
[2024-04-14T17:20:11.031-0400] {logging_mixin.py:188} INFO - [2024-04-14T17:20:11.031-0400] {dag.py:3096} INFO - Sync 1 DAGs
[2024-04-14T17:20:11.036-0400] {logging_mixin.py:188} INFO - [2024-04-14T17:20:11.036-0400] {dag.py:3954} INFO - Setting next_dagrun for example_weekday_branch_operator to 2024-04-13 00:00:00+00:00, run_after=2024-04-14 00:00:00+00:00
[2024-04-14T17:20:11.042-0400] {processor.py:183} INFO - Processing /Users/manideepakreddyaila/Desktop/projects/Legal_Insights_Engine/.venv/lib/python3.11/site-packages/airflow/example_dags/example_branch_day_of_week_operator.py took 0.079 seconds
[2024-04-14T17:22:08.219-0400] {processor.py:161} INFO - Started process (PID=35008) to work on /Users/manideepakreddyaila/Desktop/projects/Legal_Insights_Engine/.venv/lib/python3.11/site-packages/airflow/example_dags/example_branch_day_of_week_operator.py
[2024-04-14T17:22:08.220-0400] {processor.py:830} INFO - Processing file /Users/manideepakreddyaila/Desktop/projects/Legal_Insights_Engine/.venv/lib/python3.11/site-packages/airflow/example_dags/example_branch_day_of_week_operator.py for tasks to queue
[2024-04-14T17:22:08.220-0400] {logging_mixin.py:188} INFO - [2024-04-14T17:22:08.220-0400] {dagbag.py:540} INFO - Filling up the DagBag from /Users/manideepakreddyaila/Desktop/projects/Legal_Insights_Engine/.venv/lib/python3.11/site-packages/airflow/example_dags/example_branch_day_of_week_operator.py
[2024-04-14T17:22:08.251-0400] {processor.py:840} INFO - DAG(s) 'example_weekday_branch_operator' retrieved from /Users/manideepakreddyaila/Desktop/projects/Legal_Insights_Engine/.venv/lib/python3.11/site-packages/airflow/example_dags/example_branch_day_of_week_operator.py
[2024-04-14T17:22:08.286-0400] {logging_mixin.py:188} INFO - [2024-04-14T17:22:08.286-0400] {dag.py:3096} INFO - Sync 1 DAGs
[2024-04-14T17:22:08.292-0400] {logging_mixin.py:188} INFO - [2024-04-14T17:22:08.292-0400] {dag.py:3954} INFO - Setting next_dagrun for example_weekday_branch_operator to 2024-04-13 00:00:00+00:00, run_after=2024-04-14 00:00:00+00:00
[2024-04-14T17:22:08.298-0400] {processor.py:183} INFO - Processing /Users/manideepakreddyaila/Desktop/projects/Legal_Insights_Engine/.venv/lib/python3.11/site-packages/airflow/example_dags/example_branch_day_of_week_operator.py took 0.080 seconds
[2024-04-14T17:23:59.979-0400] {processor.py:161} INFO - Started process (PID=35100) to work on /Users/manideepakreddyaila/Desktop/projects/Legal_Insights_Engine/.venv/lib/python3.11/site-packages/airflow/example_dags/example_branch_day_of_week_operator.py
[2024-04-14T17:23:59.981-0400] {processor.py:830} INFO - Processing file /Users/manideepakreddyaila/Desktop/projects/Legal_Insights_Engine/.venv/lib/python3.11/site-packages/airflow/example_dags/example_branch_day_of_week_operator.py for tasks to queue
[2024-04-14T17:23:59.981-0400] {logging_mixin.py:188} INFO - [2024-04-14T17:23:59.981-0400] {dagbag.py:540} INFO - Filling up the DagBag from /Users/manideepakreddyaila/Desktop/projects/Legal_Insights_Engine/.venv/lib/python3.11/site-packages/airflow/example_dags/example_branch_day_of_week_operator.py
[2024-04-14T17:24:00.013-0400] {processor.py:840} INFO - DAG(s) 'example_weekday_branch_operator' retrieved from /Users/manideepakreddyaila/Desktop/projects/Legal_Insights_Engine/.venv/lib/python3.11/site-packages/airflow/example_dags/example_branch_day_of_week_operator.py
[2024-04-14T17:24:00.049-0400] {logging_mixin.py:188} INFO - [2024-04-14T17:24:00.049-0400] {dag.py:3096} INFO - Sync 1 DAGs
[2024-04-14T17:24:00.055-0400] {logging_mixin.py:188} INFO - [2024-04-14T17:24:00.055-0400] {dag.py:3954} INFO - Setting next_dagrun for example_weekday_branch_operator to 2024-04-13 00:00:00+00:00, run_after=2024-04-14 00:00:00+00:00
[2024-04-14T17:24:00.065-0400] {processor.py:183} INFO - Processing /Users/manideepakreddyaila/Desktop/projects/Legal_Insights_Engine/.venv/lib/python3.11/site-packages/airflow/example_dags/example_branch_day_of_week_operator.py took 0.086 seconds
[2024-04-14T17:25:59.647-0400] {processor.py:161} INFO - Started process (PID=35213) to work on /Users/manideepakreddyaila/Desktop/projects/Legal_Insights_Engine/.venv/lib/python3.11/site-packages/airflow/example_dags/example_branch_day_of_week_operator.py
[2024-04-14T17:25:59.648-0400] {processor.py:830} INFO - Processing file /Users/manideepakreddyaila/Desktop/projects/Legal_Insights_Engine/.venv/lib/python3.11/site-packages/airflow/example_dags/example_branch_day_of_week_operator.py for tasks to queue
[2024-04-14T17:25:59.648-0400] {logging_mixin.py:188} INFO - [2024-04-14T17:25:59.648-0400] {dagbag.py:540} INFO - Filling up the DagBag from /Users/manideepakreddyaila/Desktop/projects/Legal_Insights_Engine/.venv/lib/python3.11/site-packages/airflow/example_dags/example_branch_day_of_week_operator.py
[2024-04-14T17:25:59.678-0400] {processor.py:840} INFO - DAG(s) 'example_weekday_branch_operator' retrieved from /Users/manideepakreddyaila/Desktop/projects/Legal_Insights_Engine/.venv/lib/python3.11/site-packages/airflow/example_dags/example_branch_day_of_week_operator.py
[2024-04-14T17:25:59.714-0400] {logging_mixin.py:188} INFO - [2024-04-14T17:25:59.714-0400] {dag.py:3096} INFO - Sync 1 DAGs
[2024-04-14T17:25:59.720-0400] {logging_mixin.py:188} INFO - [2024-04-14T17:25:59.720-0400] {dag.py:3954} INFO - Setting next_dagrun for example_weekday_branch_operator to 2024-04-13 00:00:00+00:00, run_after=2024-04-14 00:00:00+00:00
[2024-04-14T17:25:59.726-0400] {processor.py:183} INFO - Processing /Users/manideepakreddyaila/Desktop/projects/Legal_Insights_Engine/.venv/lib/python3.11/site-packages/airflow/example_dags/example_branch_day_of_week_operator.py took 0.080 seconds
[2024-04-14T17:27:55.770-0400] {processor.py:161} INFO - Started process (PID=35317) to work on /Users/manideepakreddyaila/Desktop/projects/Legal_Insights_Engine/.venv/lib/python3.11/site-packages/airflow/example_dags/example_branch_day_of_week_operator.py
[2024-04-14T17:27:55.773-0400] {processor.py:830} INFO - Processing file /Users/manideepakreddyaila/Desktop/projects/Legal_Insights_Engine/.venv/lib/python3.11/site-packages/airflow/example_dags/example_branch_day_of_week_operator.py for tasks to queue
[2024-04-14T17:27:55.773-0400] {logging_mixin.py:188} INFO - [2024-04-14T17:27:55.773-0400] {dagbag.py:540} INFO - Filling up the DagBag from /Users/manideepakreddyaila/Desktop/projects/Legal_Insights_Engine/.venv/lib/python3.11/site-packages/airflow/example_dags/example_branch_day_of_week_operator.py
[2024-04-14T17:27:55.804-0400] {processor.py:840} INFO - DAG(s) 'example_weekday_branch_operator' retrieved from /Users/manideepakreddyaila/Desktop/projects/Legal_Insights_Engine/.venv/lib/python3.11/site-packages/airflow/example_dags/example_branch_day_of_week_operator.py
[2024-04-14T17:27:55.839-0400] {logging_mixin.py:188} INFO - [2024-04-14T17:27:55.839-0400] {dag.py:3096} INFO - Sync 1 DAGs
[2024-04-14T17:27:55.845-0400] {logging_mixin.py:188} INFO - [2024-04-14T17:27:55.845-0400] {dag.py:3954} INFO - Setting next_dagrun for example_weekday_branch_operator to 2024-04-13 00:00:00+00:00, run_after=2024-04-14 00:00:00+00:00
[2024-04-14T17:27:55.851-0400] {processor.py:183} INFO - Processing /Users/manideepakreddyaila/Desktop/projects/Legal_Insights_Engine/.venv/lib/python3.11/site-packages/airflow/example_dags/example_branch_day_of_week_operator.py took 0.082 seconds
[2024-04-14T17:29:50.874-0400] {processor.py:161} INFO - Started process (PID=35414) to work on /Users/manideepakreddyaila/Desktop/projects/Legal_Insights_Engine/.venv/lib/python3.11/site-packages/airflow/example_dags/example_branch_day_of_week_operator.py
[2024-04-14T17:29:50.875-0400] {processor.py:830} INFO - Processing file /Users/manideepakreddyaila/Desktop/projects/Legal_Insights_Engine/.venv/lib/python3.11/site-packages/airflow/example_dags/example_branch_day_of_week_operator.py for tasks to queue
[2024-04-14T17:29:50.875-0400] {logging_mixin.py:188} INFO - [2024-04-14T17:29:50.875-0400] {dagbag.py:540} INFO - Filling up the DagBag from /Users/manideepakreddyaila/Desktop/projects/Legal_Insights_Engine/.venv/lib/python3.11/site-packages/airflow/example_dags/example_branch_day_of_week_operator.py
[2024-04-14T17:29:50.908-0400] {processor.py:840} INFO - DAG(s) 'example_weekday_branch_operator' retrieved from /Users/manideepakreddyaila/Desktop/projects/Legal_Insights_Engine/.venv/lib/python3.11/site-packages/airflow/example_dags/example_branch_day_of_week_operator.py
[2024-04-14T17:29:50.949-0400] {logging_mixin.py:188} INFO - [2024-04-14T17:29:50.949-0400] {dag.py:3096} INFO - Sync 1 DAGs
[2024-04-14T17:29:50.955-0400] {logging_mixin.py:188} INFO - [2024-04-14T17:29:50.955-0400] {dag.py:3954} INFO - Setting next_dagrun for example_weekday_branch_operator to 2024-04-13 00:00:00+00:00, run_after=2024-04-14 00:00:00+00:00
[2024-04-14T17:29:50.962-0400] {processor.py:183} INFO - Processing /Users/manideepakreddyaila/Desktop/projects/Legal_Insights_Engine/.venv/lib/python3.11/site-packages/airflow/example_dags/example_branch_day_of_week_operator.py took 0.089 seconds
[2024-04-14T17:31:49.776-0400] {processor.py:161} INFO - Started process (PID=35562) to work on /Users/manideepakreddyaila/Desktop/projects/Legal_Insights_Engine/.venv/lib/python3.11/site-packages/airflow/example_dags/example_branch_day_of_week_operator.py
[2024-04-14T17:31:49.777-0400] {processor.py:830} INFO - Processing file /Users/manideepakreddyaila/Desktop/projects/Legal_Insights_Engine/.venv/lib/python3.11/site-packages/airflow/example_dags/example_branch_day_of_week_operator.py for tasks to queue
[2024-04-14T17:31:49.777-0400] {logging_mixin.py:188} INFO - [2024-04-14T17:31:49.777-0400] {dagbag.py:540} INFO - Filling up the DagBag from /Users/manideepakreddyaila/Desktop/projects/Legal_Insights_Engine/.venv/lib/python3.11/site-packages/airflow/example_dags/example_branch_day_of_week_operator.py
[2024-04-14T17:31:49.807-0400] {processor.py:840} INFO - DAG(s) 'example_weekday_branch_operator' retrieved from /Users/manideepakreddyaila/Desktop/projects/Legal_Insights_Engine/.venv/lib/python3.11/site-packages/airflow/example_dags/example_branch_day_of_week_operator.py
[2024-04-14T17:31:49.843-0400] {logging_mixin.py:188} INFO - [2024-04-14T17:31:49.843-0400] {dag.py:3096} INFO - Sync 1 DAGs
[2024-04-14T17:31:49.848-0400] {logging_mixin.py:188} INFO - [2024-04-14T17:31:49.848-0400] {dag.py:3954} INFO - Setting next_dagrun for example_weekday_branch_operator to 2024-04-13 00:00:00+00:00, run_after=2024-04-14 00:00:00+00:00
[2024-04-14T17:31:49.854-0400] {processor.py:183} INFO - Processing /Users/manideepakreddyaila/Desktop/projects/Legal_Insights_Engine/.venv/lib/python3.11/site-packages/airflow/example_dags/example_branch_day_of_week_operator.py took 0.079 seconds
[2024-04-14T17:33:48.449-0400] {processor.py:161} INFO - Started process (PID=35668) to work on /Users/manideepakreddyaila/Desktop/projects/Legal_Insights_Engine/.venv/lib/python3.11/site-packages/airflow/example_dags/example_branch_day_of_week_operator.py
[2024-04-14T17:33:48.449-0400] {processor.py:830} INFO - Processing file /Users/manideepakreddyaila/Desktop/projects/Legal_Insights_Engine/.venv/lib/python3.11/site-packages/airflow/example_dags/example_branch_day_of_week_operator.py for tasks to queue
[2024-04-14T17:33:48.449-0400] {logging_mixin.py:188} INFO - [2024-04-14T17:33:48.449-0400] {dagbag.py:540} INFO - Filling up the DagBag from /Users/manideepakreddyaila/Desktop/projects/Legal_Insights_Engine/.venv/lib/python3.11/site-packages/airflow/example_dags/example_branch_day_of_week_operator.py
[2024-04-14T17:33:48.480-0400] {processor.py:840} INFO - DAG(s) 'example_weekday_branch_operator' retrieved from /Users/manideepakreddyaila/Desktop/projects/Legal_Insights_Engine/.venv/lib/python3.11/site-packages/airflow/example_dags/example_branch_day_of_week_operator.py
[2024-04-14T17:33:48.516-0400] {logging_mixin.py:188} INFO - [2024-04-14T17:33:48.516-0400] {dag.py:3096} INFO - Sync 1 DAGs
[2024-04-14T17:33:48.522-0400] {logging_mixin.py:188} INFO - [2024-04-14T17:33:48.522-0400] {dag.py:3954} INFO - Setting next_dagrun for example_weekday_branch_operator to 2024-04-13 00:00:00+00:00, run_after=2024-04-14 00:00:00+00:00
[2024-04-14T17:33:48.528-0400] {processor.py:183} INFO - Processing /Users/manideepakreddyaila/Desktop/projects/Legal_Insights_Engine/.venv/lib/python3.11/site-packages/airflow/example_dags/example_branch_day_of_week_operator.py took 0.080 seconds
[2024-04-14T17:35:49.942-0400] {processor.py:161} INFO - Started process (PID=35761) to work on /Users/manideepakreddyaila/Desktop/projects/Legal_Insights_Engine/.venv/lib/python3.11/site-packages/airflow/example_dags/example_branch_day_of_week_operator.py
[2024-04-14T17:35:49.943-0400] {processor.py:830} INFO - Processing file /Users/manideepakreddyaila/Desktop/projects/Legal_Insights_Engine/.venv/lib/python3.11/site-packages/airflow/example_dags/example_branch_day_of_week_operator.py for tasks to queue
[2024-04-14T17:35:49.943-0400] {logging_mixin.py:188} INFO - [2024-04-14T17:35:49.943-0400] {dagbag.py:540} INFO - Filling up the DagBag from /Users/manideepakreddyaila/Desktop/projects/Legal_Insights_Engine/.venv/lib/python3.11/site-packages/airflow/example_dags/example_branch_day_of_week_operator.py
[2024-04-14T17:35:49.973-0400] {processor.py:840} INFO - DAG(s) 'example_weekday_branch_operator' retrieved from /Users/manideepakreddyaila/Desktop/projects/Legal_Insights_Engine/.venv/lib/python3.11/site-packages/airflow/example_dags/example_branch_day_of_week_operator.py
[2024-04-14T17:35:50.008-0400] {logging_mixin.py:188} INFO - [2024-04-14T17:35:50.008-0400] {dag.py:3096} INFO - Sync 1 DAGs
[2024-04-14T17:35:50.014-0400] {logging_mixin.py:188} INFO - [2024-04-14T17:35:50.014-0400] {dag.py:3954} INFO - Setting next_dagrun for example_weekday_branch_operator to 2024-04-13 00:00:00+00:00, run_after=2024-04-14 00:00:00+00:00
[2024-04-14T17:35:50.020-0400] {processor.py:183} INFO - Processing /Users/manideepakreddyaila/Desktop/projects/Legal_Insights_Engine/.venv/lib/python3.11/site-packages/airflow/example_dags/example_branch_day_of_week_operator.py took 0.080 seconds
[2024-04-14T17:37:44.461-0400] {processor.py:161} INFO - Started process (PID=35857) to work on /Users/manideepakreddyaila/Desktop/projects/Legal_Insights_Engine/.venv/lib/python3.11/site-packages/airflow/example_dags/example_branch_day_of_week_operator.py
[2024-04-14T17:37:44.462-0400] {processor.py:830} INFO - Processing file /Users/manideepakreddyaila/Desktop/projects/Legal_Insights_Engine/.venv/lib/python3.11/site-packages/airflow/example_dags/example_branch_day_of_week_operator.py for tasks to queue
[2024-04-14T17:37:44.462-0400] {logging_mixin.py:188} INFO - [2024-04-14T17:37:44.462-0400] {dagbag.py:540} INFO - Filling up the DagBag from /Users/manideepakreddyaila/Desktop/projects/Legal_Insights_Engine/.venv/lib/python3.11/site-packages/airflow/example_dags/example_branch_day_of_week_operator.py
[2024-04-14T17:37:44.492-0400] {processor.py:840} INFO - DAG(s) 'example_weekday_branch_operator' retrieved from /Users/manideepakreddyaila/Desktop/projects/Legal_Insights_Engine/.venv/lib/python3.11/site-packages/airflow/example_dags/example_branch_day_of_week_operator.py
[2024-04-14T17:37:44.528-0400] {logging_mixin.py:188} INFO - [2024-04-14T17:37:44.527-0400] {dag.py:3096} INFO - Sync 1 DAGs
[2024-04-14T17:37:44.533-0400] {logging_mixin.py:188} INFO - [2024-04-14T17:37:44.533-0400] {dag.py:3954} INFO - Setting next_dagrun for example_weekday_branch_operator to 2024-04-13 00:00:00+00:00, run_after=2024-04-14 00:00:00+00:00
[2024-04-14T17:37:44.539-0400] {processor.py:183} INFO - Processing /Users/manideepakreddyaila/Desktop/projects/Legal_Insights_Engine/.venv/lib/python3.11/site-packages/airflow/example_dags/example_branch_day_of_week_operator.py took 0.079 seconds
[2024-04-14T17:39:34.443-0400] {processor.py:161} INFO - Started process (PID=35937) to work on /Users/manideepakreddyaila/Desktop/projects/Legal_Insights_Engine/.venv/lib/python3.11/site-packages/airflow/example_dags/example_branch_day_of_week_operator.py
[2024-04-14T17:39:34.444-0400] {processor.py:830} INFO - Processing file /Users/manideepakreddyaila/Desktop/projects/Legal_Insights_Engine/.venv/lib/python3.11/site-packages/airflow/example_dags/example_branch_day_of_week_operator.py for tasks to queue
[2024-04-14T17:39:34.445-0400] {logging_mixin.py:188} INFO - [2024-04-14T17:39:34.444-0400] {dagbag.py:540} INFO - Filling up the DagBag from /Users/manideepakreddyaila/Desktop/projects/Legal_Insights_Engine/.venv/lib/python3.11/site-packages/airflow/example_dags/example_branch_day_of_week_operator.py
[2024-04-14T17:39:34.478-0400] {processor.py:840} INFO - DAG(s) 'example_weekday_branch_operator' retrieved from /Users/manideepakreddyaila/Desktop/projects/Legal_Insights_Engine/.venv/lib/python3.11/site-packages/airflow/example_dags/example_branch_day_of_week_operator.py
[2024-04-14T17:39:34.514-0400] {logging_mixin.py:188} INFO - [2024-04-14T17:39:34.514-0400] {dag.py:3096} INFO - Sync 1 DAGs
[2024-04-14T17:39:34.519-0400] {logging_mixin.py:188} INFO - [2024-04-14T17:39:34.519-0400] {dag.py:3954} INFO - Setting next_dagrun for example_weekday_branch_operator to 2024-04-13 00:00:00+00:00, run_after=2024-04-14 00:00:00+00:00
[2024-04-14T17:39:34.526-0400] {processor.py:183} INFO - Processing /Users/manideepakreddyaila/Desktop/projects/Legal_Insights_Engine/.venv/lib/python3.11/site-packages/airflow/example_dags/example_branch_day_of_week_operator.py took 0.084 seconds
[2024-04-14T17:41:27.036-0400] {processor.py:161} INFO - Started process (PID=36023) to work on /Users/manideepakreddyaila/Desktop/projects/Legal_Insights_Engine/.venv/lib/python3.11/site-packages/airflow/example_dags/example_branch_day_of_week_operator.py
[2024-04-14T17:41:27.037-0400] {processor.py:830} INFO - Processing file /Users/manideepakreddyaila/Desktop/projects/Legal_Insights_Engine/.venv/lib/python3.11/site-packages/airflow/example_dags/example_branch_day_of_week_operator.py for tasks to queue
[2024-04-14T17:41:27.037-0400] {logging_mixin.py:188} INFO - [2024-04-14T17:41:27.037-0400] {dagbag.py:540} INFO - Filling up the DagBag from /Users/manideepakreddyaila/Desktop/projects/Legal_Insights_Engine/.venv/lib/python3.11/site-packages/airflow/example_dags/example_branch_day_of_week_operator.py
[2024-04-14T17:41:27.067-0400] {processor.py:840} INFO - DAG(s) 'example_weekday_branch_operator' retrieved from /Users/manideepakreddyaila/Desktop/projects/Legal_Insights_Engine/.venv/lib/python3.11/site-packages/airflow/example_dags/example_branch_day_of_week_operator.py
[2024-04-14T17:41:27.103-0400] {logging_mixin.py:188} INFO - [2024-04-14T17:41:27.103-0400] {dag.py:3096} INFO - Sync 1 DAGs
[2024-04-14T17:41:27.109-0400] {logging_mixin.py:188} INFO - [2024-04-14T17:41:27.109-0400] {dag.py:3954} INFO - Setting next_dagrun for example_weekday_branch_operator to 2024-04-13 00:00:00+00:00, run_after=2024-04-14 00:00:00+00:00
[2024-04-14T17:41:27.115-0400] {processor.py:183} INFO - Processing /Users/manideepakreddyaila/Desktop/projects/Legal_Insights_Engine/.venv/lib/python3.11/site-packages/airflow/example_dags/example_branch_day_of_week_operator.py took 0.079 seconds
[2024-04-14T17:43:19.005-0400] {processor.py:161} INFO - Started process (PID=36110) to work on /Users/manideepakreddyaila/Desktop/projects/Legal_Insights_Engine/.venv/lib/python3.11/site-packages/airflow/example_dags/example_branch_day_of_week_operator.py
[2024-04-14T17:43:19.006-0400] {processor.py:830} INFO - Processing file /Users/manideepakreddyaila/Desktop/projects/Legal_Insights_Engine/.venv/lib/python3.11/site-packages/airflow/example_dags/example_branch_day_of_week_operator.py for tasks to queue
[2024-04-14T17:43:19.007-0400] {logging_mixin.py:188} INFO - [2024-04-14T17:43:19.007-0400] {dagbag.py:540} INFO - Filling up the DagBag from /Users/manideepakreddyaila/Desktop/projects/Legal_Insights_Engine/.venv/lib/python3.11/site-packages/airflow/example_dags/example_branch_day_of_week_operator.py
[2024-04-14T17:43:19.036-0400] {processor.py:840} INFO - DAG(s) 'example_weekday_branch_operator' retrieved from /Users/manideepakreddyaila/Desktop/projects/Legal_Insights_Engine/.venv/lib/python3.11/site-packages/airflow/example_dags/example_branch_day_of_week_operator.py
[2024-04-14T17:43:19.074-0400] {logging_mixin.py:188} INFO - [2024-04-14T17:43:19.074-0400] {dag.py:3096} INFO - Sync 1 DAGs
[2024-04-14T17:43:19.080-0400] {logging_mixin.py:188} INFO - [2024-04-14T17:43:19.080-0400] {dag.py:3954} INFO - Setting next_dagrun for example_weekday_branch_operator to 2024-04-13 00:00:00+00:00, run_after=2024-04-14 00:00:00+00:00
[2024-04-14T17:43:19.086-0400] {processor.py:183} INFO - Processing /Users/manideepakreddyaila/Desktop/projects/Legal_Insights_Engine/.venv/lib/python3.11/site-packages/airflow/example_dags/example_branch_day_of_week_operator.py took 0.082 seconds
[2024-04-14T17:45:13.898-0400] {processor.py:161} INFO - Started process (PID=36198) to work on /Users/manideepakreddyaila/Desktop/projects/Legal_Insights_Engine/.venv/lib/python3.11/site-packages/airflow/example_dags/example_branch_day_of_week_operator.py
[2024-04-14T17:45:13.899-0400] {processor.py:830} INFO - Processing file /Users/manideepakreddyaila/Desktop/projects/Legal_Insights_Engine/.venv/lib/python3.11/site-packages/airflow/example_dags/example_branch_day_of_week_operator.py for tasks to queue
[2024-04-14T17:45:13.899-0400] {logging_mixin.py:188} INFO - [2024-04-14T17:45:13.899-0400] {dagbag.py:540} INFO - Filling up the DagBag from /Users/manideepakreddyaila/Desktop/projects/Legal_Insights_Engine/.venv/lib/python3.11/site-packages/airflow/example_dags/example_branch_day_of_week_operator.py
[2024-04-14T17:45:13.929-0400] {processor.py:840} INFO - DAG(s) 'example_weekday_branch_operator' retrieved from /Users/manideepakreddyaila/Desktop/projects/Legal_Insights_Engine/.venv/lib/python3.11/site-packages/airflow/example_dags/example_branch_day_of_week_operator.py
[2024-04-14T17:45:13.965-0400] {logging_mixin.py:188} INFO - [2024-04-14T17:45:13.965-0400] {dag.py:3096} INFO - Sync 1 DAGs
[2024-04-14T17:45:13.970-0400] {logging_mixin.py:188} INFO - [2024-04-14T17:45:13.970-0400] {dag.py:3954} INFO - Setting next_dagrun for example_weekday_branch_operator to 2024-04-13 00:00:00+00:00, run_after=2024-04-14 00:00:00+00:00
[2024-04-14T17:45:13.976-0400] {processor.py:183} INFO - Processing /Users/manideepakreddyaila/Desktop/projects/Legal_Insights_Engine/.venv/lib/python3.11/site-packages/airflow/example_dags/example_branch_day_of_week_operator.py took 0.079 seconds
[2024-04-14T17:47:17.739-0400] {processor.py:161} INFO - Started process (PID=36292) to work on /Users/manideepakreddyaila/Desktop/projects/Legal_Insights_Engine/.venv/lib/python3.11/site-packages/airflow/example_dags/example_branch_day_of_week_operator.py
[2024-04-14T17:47:17.740-0400] {processor.py:830} INFO - Processing file /Users/manideepakreddyaila/Desktop/projects/Legal_Insights_Engine/.venv/lib/python3.11/site-packages/airflow/example_dags/example_branch_day_of_week_operator.py for tasks to queue
[2024-04-14T17:47:17.740-0400] {logging_mixin.py:188} INFO - [2024-04-14T17:47:17.740-0400] {dagbag.py:540} INFO - Filling up the DagBag from /Users/manideepakreddyaila/Desktop/projects/Legal_Insights_Engine/.venv/lib/python3.11/site-packages/airflow/example_dags/example_branch_day_of_week_operator.py
[2024-04-14T17:47:17.770-0400] {processor.py:840} INFO - DAG(s) 'example_weekday_branch_operator' retrieved from /Users/manideepakreddyaila/Desktop/projects/Legal_Insights_Engine/.venv/lib/python3.11/site-packages/airflow/example_dags/example_branch_day_of_week_operator.py
[2024-04-14T17:47:17.807-0400] {logging_mixin.py:188} INFO - [2024-04-14T17:47:17.807-0400] {dag.py:3096} INFO - Sync 1 DAGs
[2024-04-14T17:47:17.813-0400] {logging_mixin.py:188} INFO - [2024-04-14T17:47:17.813-0400] {dag.py:3954} INFO - Setting next_dagrun for example_weekday_branch_operator to 2024-04-13 00:00:00+00:00, run_after=2024-04-14 00:00:00+00:00
[2024-04-14T17:47:17.819-0400] {processor.py:183} INFO - Processing /Users/manideepakreddyaila/Desktop/projects/Legal_Insights_Engine/.venv/lib/python3.11/site-packages/airflow/example_dags/example_branch_day_of_week_operator.py took 0.081 seconds
[2024-04-14T17:49:16.194-0400] {processor.py:161} INFO - Started process (PID=36383) to work on /Users/manideepakreddyaila/Desktop/projects/Legal_Insights_Engine/.venv/lib/python3.11/site-packages/airflow/example_dags/example_branch_day_of_week_operator.py
[2024-04-14T17:49:16.195-0400] {processor.py:830} INFO - Processing file /Users/manideepakreddyaila/Desktop/projects/Legal_Insights_Engine/.venv/lib/python3.11/site-packages/airflow/example_dags/example_branch_day_of_week_operator.py for tasks to queue
[2024-04-14T17:49:16.196-0400] {logging_mixin.py:188} INFO - [2024-04-14T17:49:16.196-0400] {dagbag.py:540} INFO - Filling up the DagBag from /Users/manideepakreddyaila/Desktop/projects/Legal_Insights_Engine/.venv/lib/python3.11/site-packages/airflow/example_dags/example_branch_day_of_week_operator.py
[2024-04-14T17:49:16.225-0400] {processor.py:840} INFO - DAG(s) 'example_weekday_branch_operator' retrieved from /Users/manideepakreddyaila/Desktop/projects/Legal_Insights_Engine/.venv/lib/python3.11/site-packages/airflow/example_dags/example_branch_day_of_week_operator.py
[2024-04-14T17:49:16.262-0400] {logging_mixin.py:188} INFO - [2024-04-14T17:49:16.261-0400] {dag.py:3096} INFO - Sync 1 DAGs
[2024-04-14T17:49:16.267-0400] {logging_mixin.py:188} INFO - [2024-04-14T17:49:16.267-0400] {dag.py:3954} INFO - Setting next_dagrun for example_weekday_branch_operator to 2024-04-13 00:00:00+00:00, run_after=2024-04-14 00:00:00+00:00
[2024-04-14T17:49:16.273-0400] {processor.py:183} INFO - Processing /Users/manideepakreddyaila/Desktop/projects/Legal_Insights_Engine/.venv/lib/python3.11/site-packages/airflow/example_dags/example_branch_day_of_week_operator.py took 0.080 seconds
[2024-04-14T17:51:13.053-0400] {processor.py:161} INFO - Started process (PID=36487) to work on /Users/manideepakreddyaila/Desktop/projects/Legal_Insights_Engine/.venv/lib/python3.11/site-packages/airflow/example_dags/example_branch_day_of_week_operator.py
[2024-04-14T17:51:13.054-0400] {processor.py:830} INFO - Processing file /Users/manideepakreddyaila/Desktop/projects/Legal_Insights_Engine/.venv/lib/python3.11/site-packages/airflow/example_dags/example_branch_day_of_week_operator.py for tasks to queue
[2024-04-14T17:51:13.054-0400] {logging_mixin.py:188} INFO - [2024-04-14T17:51:13.054-0400] {dagbag.py:540} INFO - Filling up the DagBag from /Users/manideepakreddyaila/Desktop/projects/Legal_Insights_Engine/.venv/lib/python3.11/site-packages/airflow/example_dags/example_branch_day_of_week_operator.py
[2024-04-14T17:51:13.085-0400] {processor.py:840} INFO - DAG(s) 'example_weekday_branch_operator' retrieved from /Users/manideepakreddyaila/Desktop/projects/Legal_Insights_Engine/.venv/lib/python3.11/site-packages/airflow/example_dags/example_branch_day_of_week_operator.py
[2024-04-14T17:51:13.121-0400] {logging_mixin.py:188} INFO - [2024-04-14T17:51:13.121-0400] {dag.py:3096} INFO - Sync 1 DAGs
[2024-04-14T17:51:13.127-0400] {logging_mixin.py:188} INFO - [2024-04-14T17:51:13.127-0400] {dag.py:3954} INFO - Setting next_dagrun for example_weekday_branch_operator to 2024-04-13 00:00:00+00:00, run_after=2024-04-14 00:00:00+00:00
[2024-04-14T17:51:13.133-0400] {processor.py:183} INFO - Processing /Users/manideepakreddyaila/Desktop/projects/Legal_Insights_Engine/.venv/lib/python3.11/site-packages/airflow/example_dags/example_branch_day_of_week_operator.py took 0.081 seconds
[2024-04-14T17:53:07.801-0400] {processor.py:161} INFO - Started process (PID=36568) to work on /Users/manideepakreddyaila/Desktop/projects/Legal_Insights_Engine/.venv/lib/python3.11/site-packages/airflow/example_dags/example_branch_day_of_week_operator.py
[2024-04-14T17:53:07.802-0400] {processor.py:830} INFO - Processing file /Users/manideepakreddyaila/Desktop/projects/Legal_Insights_Engine/.venv/lib/python3.11/site-packages/airflow/example_dags/example_branch_day_of_week_operator.py for tasks to queue
[2024-04-14T17:53:07.802-0400] {logging_mixin.py:188} INFO - [2024-04-14T17:53:07.802-0400] {dagbag.py:540} INFO - Filling up the DagBag from /Users/manideepakreddyaila/Desktop/projects/Legal_Insights_Engine/.venv/lib/python3.11/site-packages/airflow/example_dags/example_branch_day_of_week_operator.py
[2024-04-14T17:53:07.832-0400] {processor.py:840} INFO - DAG(s) 'example_weekday_branch_operator' retrieved from /Users/manideepakreddyaila/Desktop/projects/Legal_Insights_Engine/.venv/lib/python3.11/site-packages/airflow/example_dags/example_branch_day_of_week_operator.py
[2024-04-14T17:53:07.867-0400] {logging_mixin.py:188} INFO - [2024-04-14T17:53:07.867-0400] {dag.py:3096} INFO - Sync 1 DAGs
[2024-04-14T17:53:07.873-0400] {logging_mixin.py:188} INFO - [2024-04-14T17:53:07.873-0400] {dag.py:3954} INFO - Setting next_dagrun for example_weekday_branch_operator to 2024-04-13 00:00:00+00:00, run_after=2024-04-14 00:00:00+00:00
[2024-04-14T17:53:07.879-0400] {processor.py:183} INFO - Processing /Users/manideepakreddyaila/Desktop/projects/Legal_Insights_Engine/.venv/lib/python3.11/site-packages/airflow/example_dags/example_branch_day_of_week_operator.py took 0.079 seconds
[2024-04-14T17:55:03.315-0400] {processor.py:161} INFO - Started process (PID=36674) to work on /Users/manideepakreddyaila/Desktop/projects/Legal_Insights_Engine/.venv/lib/python3.11/site-packages/airflow/example_dags/example_branch_day_of_week_operator.py
[2024-04-14T17:55:03.316-0400] {processor.py:830} INFO - Processing file /Users/manideepakreddyaila/Desktop/projects/Legal_Insights_Engine/.venv/lib/python3.11/site-packages/airflow/example_dags/example_branch_day_of_week_operator.py for tasks to queue
[2024-04-14T17:55:03.316-0400] {logging_mixin.py:188} INFO - [2024-04-14T17:55:03.316-0400] {dagbag.py:540} INFO - Filling up the DagBag from /Users/manideepakreddyaila/Desktop/projects/Legal_Insights_Engine/.venv/lib/python3.11/site-packages/airflow/example_dags/example_branch_day_of_week_operator.py
[2024-04-14T17:55:03.346-0400] {processor.py:840} INFO - DAG(s) 'example_weekday_branch_operator' retrieved from /Users/manideepakreddyaila/Desktop/projects/Legal_Insights_Engine/.venv/lib/python3.11/site-packages/airflow/example_dags/example_branch_day_of_week_operator.py
[2024-04-14T17:55:03.382-0400] {logging_mixin.py:188} INFO - [2024-04-14T17:55:03.381-0400] {dag.py:3096} INFO - Sync 1 DAGs
[2024-04-14T17:55:03.387-0400] {logging_mixin.py:188} INFO - [2024-04-14T17:55:03.387-0400] {dag.py:3954} INFO - Setting next_dagrun for example_weekday_branch_operator to 2024-04-13 00:00:00+00:00, run_after=2024-04-14 00:00:00+00:00
[2024-04-14T17:55:03.393-0400] {processor.py:183} INFO - Processing /Users/manideepakreddyaila/Desktop/projects/Legal_Insights_Engine/.venv/lib/python3.11/site-packages/airflow/example_dags/example_branch_day_of_week_operator.py took 0.079 seconds
[2024-04-14T17:56:56.362-0400] {processor.py:161} INFO - Started process (PID=36809) to work on /Users/manideepakreddyaila/Desktop/projects/Legal_Insights_Engine/.venv/lib/python3.11/site-packages/airflow/example_dags/example_branch_day_of_week_operator.py
[2024-04-14T17:56:56.364-0400] {processor.py:830} INFO - Processing file /Users/manideepakreddyaila/Desktop/projects/Legal_Insights_Engine/.venv/lib/python3.11/site-packages/airflow/example_dags/example_branch_day_of_week_operator.py for tasks to queue
[2024-04-14T17:56:56.364-0400] {logging_mixin.py:188} INFO - [2024-04-14T17:56:56.364-0400] {dagbag.py:540} INFO - Filling up the DagBag from /Users/manideepakreddyaila/Desktop/projects/Legal_Insights_Engine/.venv/lib/python3.11/site-packages/airflow/example_dags/example_branch_day_of_week_operator.py
[2024-04-14T17:56:56.394-0400] {processor.py:840} INFO - DAG(s) 'example_weekday_branch_operator' retrieved from /Users/manideepakreddyaila/Desktop/projects/Legal_Insights_Engine/.venv/lib/python3.11/site-packages/airflow/example_dags/example_branch_day_of_week_operator.py
[2024-04-14T17:56:56.430-0400] {logging_mixin.py:188} INFO - [2024-04-14T17:56:56.430-0400] {dag.py:3096} INFO - Sync 1 DAGs
[2024-04-14T17:56:56.436-0400] {logging_mixin.py:188} INFO - [2024-04-14T17:56:56.436-0400] {dag.py:3954} INFO - Setting next_dagrun for example_weekday_branch_operator to 2024-04-13 00:00:00+00:00, run_after=2024-04-14 00:00:00+00:00
[2024-04-14T17:56:56.442-0400] {processor.py:183} INFO - Processing /Users/manideepakreddyaila/Desktop/projects/Legal_Insights_Engine/.venv/lib/python3.11/site-packages/airflow/example_dags/example_branch_day_of_week_operator.py took 0.081 seconds
[2024-04-14T17:58:53.099-0400] {processor.py:161} INFO - Started process (PID=36908) to work on /Users/manideepakreddyaila/Desktop/projects/Legal_Insights_Engine/.venv/lib/python3.11/site-packages/airflow/example_dags/example_branch_day_of_week_operator.py
[2024-04-14T17:58:53.100-0400] {processor.py:830} INFO - Processing file /Users/manideepakreddyaila/Desktop/projects/Legal_Insights_Engine/.venv/lib/python3.11/site-packages/airflow/example_dags/example_branch_day_of_week_operator.py for tasks to queue
[2024-04-14T17:58:53.100-0400] {logging_mixin.py:188} INFO - [2024-04-14T17:58:53.100-0400] {dagbag.py:540} INFO - Filling up the DagBag from /Users/manideepakreddyaila/Desktop/projects/Legal_Insights_Engine/.venv/lib/python3.11/site-packages/airflow/example_dags/example_branch_day_of_week_operator.py
[2024-04-14T17:58:53.130-0400] {processor.py:840} INFO - DAG(s) 'example_weekday_branch_operator' retrieved from /Users/manideepakreddyaila/Desktop/projects/Legal_Insights_Engine/.venv/lib/python3.11/site-packages/airflow/example_dags/example_branch_day_of_week_operator.py
[2024-04-14T17:58:53.166-0400] {logging_mixin.py:188} INFO - [2024-04-14T17:58:53.166-0400] {dag.py:3096} INFO - Sync 1 DAGs
[2024-04-14T17:58:53.171-0400] {logging_mixin.py:188} INFO - [2024-04-14T17:58:53.171-0400] {dag.py:3954} INFO - Setting next_dagrun for example_weekday_branch_operator to 2024-04-13 00:00:00+00:00, run_after=2024-04-14 00:00:00+00:00
[2024-04-14T17:58:53.177-0400] {processor.py:183} INFO - Processing /Users/manideepakreddyaila/Desktop/projects/Legal_Insights_Engine/.venv/lib/python3.11/site-packages/airflow/example_dags/example_branch_day_of_week_operator.py took 0.079 seconds
[2024-04-14T18:00:48.401-0400] {processor.py:161} INFO - Started process (PID=37014) to work on /Users/manideepakreddyaila/Desktop/projects/Legal_Insights_Engine/.venv/lib/python3.11/site-packages/airflow/example_dags/example_branch_day_of_week_operator.py
[2024-04-14T18:00:48.402-0400] {processor.py:830} INFO - Processing file /Users/manideepakreddyaila/Desktop/projects/Legal_Insights_Engine/.venv/lib/python3.11/site-packages/airflow/example_dags/example_branch_day_of_week_operator.py for tasks to queue
[2024-04-14T18:00:48.402-0400] {logging_mixin.py:188} INFO - [2024-04-14T18:00:48.402-0400] {dagbag.py:540} INFO - Filling up the DagBag from /Users/manideepakreddyaila/Desktop/projects/Legal_Insights_Engine/.venv/lib/python3.11/site-packages/airflow/example_dags/example_branch_day_of_week_operator.py
[2024-04-14T18:00:48.432-0400] {processor.py:840} INFO - DAG(s) 'example_weekday_branch_operator' retrieved from /Users/manideepakreddyaila/Desktop/projects/Legal_Insights_Engine/.venv/lib/python3.11/site-packages/airflow/example_dags/example_branch_day_of_week_operator.py
[2024-04-14T18:00:48.468-0400] {logging_mixin.py:188} INFO - [2024-04-14T18:00:48.468-0400] {dag.py:3096} INFO - Sync 1 DAGs
[2024-04-14T18:00:48.473-0400] {logging_mixin.py:188} INFO - [2024-04-14T18:00:48.473-0400] {dag.py:3954} INFO - Setting next_dagrun for example_weekday_branch_operator to 2024-04-13 00:00:00+00:00, run_after=2024-04-14 00:00:00+00:00
[2024-04-14T18:00:48.480-0400] {processor.py:183} INFO - Processing /Users/manideepakreddyaila/Desktop/projects/Legal_Insights_Engine/.venv/lib/python3.11/site-packages/airflow/example_dags/example_branch_day_of_week_operator.py took 0.080 seconds
[2024-04-14T18:02:52.551-0400] {processor.py:161} INFO - Started process (PID=37110) to work on /Users/manideepakreddyaila/Desktop/projects/Legal_Insights_Engine/.venv/lib/python3.11/site-packages/airflow/example_dags/example_branch_day_of_week_operator.py
[2024-04-14T18:02:52.552-0400] {processor.py:830} INFO - Processing file /Users/manideepakreddyaila/Desktop/projects/Legal_Insights_Engine/.venv/lib/python3.11/site-packages/airflow/example_dags/example_branch_day_of_week_operator.py for tasks to queue
[2024-04-14T18:02:52.552-0400] {logging_mixin.py:188} INFO - [2024-04-14T18:02:52.552-0400] {dagbag.py:540} INFO - Filling up the DagBag from /Users/manideepakreddyaila/Desktop/projects/Legal_Insights_Engine/.venv/lib/python3.11/site-packages/airflow/example_dags/example_branch_day_of_week_operator.py
[2024-04-14T18:02:52.582-0400] {processor.py:840} INFO - DAG(s) 'example_weekday_branch_operator' retrieved from /Users/manideepakreddyaila/Desktop/projects/Legal_Insights_Engine/.venv/lib/python3.11/site-packages/airflow/example_dags/example_branch_day_of_week_operator.py
[2024-04-14T18:02:52.618-0400] {logging_mixin.py:188} INFO - [2024-04-14T18:02:52.618-0400] {dag.py:3096} INFO - Sync 1 DAGs
[2024-04-14T18:02:52.623-0400] {logging_mixin.py:188} INFO - [2024-04-14T18:02:52.623-0400] {dag.py:3954} INFO - Setting next_dagrun for example_weekday_branch_operator to 2024-04-13 00:00:00+00:00, run_after=2024-04-14 00:00:00+00:00
[2024-04-14T18:02:52.630-0400] {processor.py:183} INFO - Processing /Users/manideepakreddyaila/Desktop/projects/Legal_Insights_Engine/.venv/lib/python3.11/site-packages/airflow/example_dags/example_branch_day_of_week_operator.py took 0.080 seconds
[2024-04-14T18:04:47.914-0400] {processor.py:161} INFO - Started process (PID=37201) to work on /Users/manideepakreddyaila/Desktop/projects/Legal_Insights_Engine/.venv/lib/python3.11/site-packages/airflow/example_dags/example_branch_day_of_week_operator.py
[2024-04-14T18:04:47.914-0400] {processor.py:830} INFO - Processing file /Users/manideepakreddyaila/Desktop/projects/Legal_Insights_Engine/.venv/lib/python3.11/site-packages/airflow/example_dags/example_branch_day_of_week_operator.py for tasks to queue
[2024-04-14T18:04:47.915-0400] {logging_mixin.py:188} INFO - [2024-04-14T18:04:47.914-0400] {dagbag.py:540} INFO - Filling up the DagBag from /Users/manideepakreddyaila/Desktop/projects/Legal_Insights_Engine/.venv/lib/python3.11/site-packages/airflow/example_dags/example_branch_day_of_week_operator.py
[2024-04-14T18:04:47.946-0400] {processor.py:840} INFO - DAG(s) 'example_weekday_branch_operator' retrieved from /Users/manideepakreddyaila/Desktop/projects/Legal_Insights_Engine/.venv/lib/python3.11/site-packages/airflow/example_dags/example_branch_day_of_week_operator.py
[2024-04-14T18:04:47.982-0400] {logging_mixin.py:188} INFO - [2024-04-14T18:04:47.982-0400] {dag.py:3096} INFO - Sync 1 DAGs
[2024-04-14T18:04:47.988-0400] {logging_mixin.py:188} INFO - [2024-04-14T18:04:47.988-0400] {dag.py:3954} INFO - Setting next_dagrun for example_weekday_branch_operator to 2024-04-13 00:00:00+00:00, run_after=2024-04-14 00:00:00+00:00
[2024-04-14T18:04:47.994-0400] {processor.py:183} INFO - Processing /Users/manideepakreddyaila/Desktop/projects/Legal_Insights_Engine/.venv/lib/python3.11/site-packages/airflow/example_dags/example_branch_day_of_week_operator.py took 0.082 seconds
[2024-04-14T18:06:46.179-0400] {processor.py:161} INFO - Started process (PID=37306) to work on /Users/manideepakreddyaila/Desktop/projects/Legal_Insights_Engine/.venv/lib/python3.11/site-packages/airflow/example_dags/example_branch_day_of_week_operator.py
[2024-04-14T18:06:46.181-0400] {processor.py:830} INFO - Processing file /Users/manideepakreddyaila/Desktop/projects/Legal_Insights_Engine/.venv/lib/python3.11/site-packages/airflow/example_dags/example_branch_day_of_week_operator.py for tasks to queue
[2024-04-14T18:06:46.181-0400] {logging_mixin.py:188} INFO - [2024-04-14T18:06:46.181-0400] {dagbag.py:540} INFO - Filling up the DagBag from /Users/manideepakreddyaila/Desktop/projects/Legal_Insights_Engine/.venv/lib/python3.11/site-packages/airflow/example_dags/example_branch_day_of_week_operator.py
[2024-04-14T18:06:46.213-0400] {processor.py:840} INFO - DAG(s) 'example_weekday_branch_operator' retrieved from /Users/manideepakreddyaila/Desktop/projects/Legal_Insights_Engine/.venv/lib/python3.11/site-packages/airflow/example_dags/example_branch_day_of_week_operator.py
[2024-04-14T18:06:46.253-0400] {logging_mixin.py:188} INFO - [2024-04-14T18:06:46.253-0400] {dag.py:3096} INFO - Sync 1 DAGs
[2024-04-14T18:06:46.259-0400] {logging_mixin.py:188} INFO - [2024-04-14T18:06:46.259-0400] {dag.py:3954} INFO - Setting next_dagrun for example_weekday_branch_operator to 2024-04-13 00:00:00+00:00, run_after=2024-04-14 00:00:00+00:00
[2024-04-14T18:06:46.267-0400] {processor.py:183} INFO - Processing /Users/manideepakreddyaila/Desktop/projects/Legal_Insights_Engine/.venv/lib/python3.11/site-packages/airflow/example_dags/example_branch_day_of_week_operator.py took 0.089 seconds
[2024-04-14T18:08:42.533-0400] {processor.py:161} INFO - Started process (PID=37402) to work on /Users/manideepakreddyaila/Desktop/projects/Legal_Insights_Engine/.venv/lib/python3.11/site-packages/airflow/example_dags/example_branch_day_of_week_operator.py
[2024-04-14T18:08:42.534-0400] {processor.py:830} INFO - Processing file /Users/manideepakreddyaila/Desktop/projects/Legal_Insights_Engine/.venv/lib/python3.11/site-packages/airflow/example_dags/example_branch_day_of_week_operator.py for tasks to queue
[2024-04-14T18:08:42.534-0400] {logging_mixin.py:188} INFO - [2024-04-14T18:08:42.534-0400] {dagbag.py:540} INFO - Filling up the DagBag from /Users/manideepakreddyaila/Desktop/projects/Legal_Insights_Engine/.venv/lib/python3.11/site-packages/airflow/example_dags/example_branch_day_of_week_operator.py
[2024-04-14T18:08:42.567-0400] {processor.py:840} INFO - DAG(s) 'example_weekday_branch_operator' retrieved from /Users/manideepakreddyaila/Desktop/projects/Legal_Insights_Engine/.venv/lib/python3.11/site-packages/airflow/example_dags/example_branch_day_of_week_operator.py
[2024-04-14T18:08:42.603-0400] {logging_mixin.py:188} INFO - [2024-04-14T18:08:42.603-0400] {dag.py:3096} INFO - Sync 1 DAGs
[2024-04-14T18:08:42.609-0400] {logging_mixin.py:188} INFO - [2024-04-14T18:08:42.609-0400] {dag.py:3954} INFO - Setting next_dagrun for example_weekday_branch_operator to 2024-04-13 00:00:00+00:00, run_after=2024-04-14 00:00:00+00:00
[2024-04-14T18:08:42.615-0400] {processor.py:183} INFO - Processing /Users/manideepakreddyaila/Desktop/projects/Legal_Insights_Engine/.venv/lib/python3.11/site-packages/airflow/example_dags/example_branch_day_of_week_operator.py took 0.083 seconds
[2024-04-14T18:10:36.344-0400] {processor.py:161} INFO - Started process (PID=37504) to work on /Users/manideepakreddyaila/Desktop/projects/Legal_Insights_Engine/.venv/lib/python3.11/site-packages/airflow/example_dags/example_branch_day_of_week_operator.py
[2024-04-14T18:10:36.345-0400] {processor.py:830} INFO - Processing file /Users/manideepakreddyaila/Desktop/projects/Legal_Insights_Engine/.venv/lib/python3.11/site-packages/airflow/example_dags/example_branch_day_of_week_operator.py for tasks to queue
[2024-04-14T18:10:36.345-0400] {logging_mixin.py:188} INFO - [2024-04-14T18:10:36.345-0400] {dagbag.py:540} INFO - Filling up the DagBag from /Users/manideepakreddyaila/Desktop/projects/Legal_Insights_Engine/.venv/lib/python3.11/site-packages/airflow/example_dags/example_branch_day_of_week_operator.py
[2024-04-14T18:10:36.377-0400] {processor.py:840} INFO - DAG(s) 'example_weekday_branch_operator' retrieved from /Users/manideepakreddyaila/Desktop/projects/Legal_Insights_Engine/.venv/lib/python3.11/site-packages/airflow/example_dags/example_branch_day_of_week_operator.py
[2024-04-14T18:10:36.414-0400] {logging_mixin.py:188} INFO - [2024-04-14T18:10:36.414-0400] {dag.py:3096} INFO - Sync 1 DAGs
[2024-04-14T18:10:36.419-0400] {logging_mixin.py:188} INFO - [2024-04-14T18:10:36.419-0400] {dag.py:3954} INFO - Setting next_dagrun for example_weekday_branch_operator to 2024-04-13 00:00:00+00:00, run_after=2024-04-14 00:00:00+00:00
[2024-04-14T18:10:36.425-0400] {processor.py:183} INFO - Processing /Users/manideepakreddyaila/Desktop/projects/Legal_Insights_Engine/.venv/lib/python3.11/site-packages/airflow/example_dags/example_branch_day_of_week_operator.py took 0.082 seconds
[2024-04-14T18:12:34.274-0400] {processor.py:161} INFO - Started process (PID=37608) to work on /Users/manideepakreddyaila/Desktop/projects/Legal_Insights_Engine/.venv/lib/python3.11/site-packages/airflow/example_dags/example_branch_day_of_week_operator.py
[2024-04-14T18:12:34.275-0400] {processor.py:830} INFO - Processing file /Users/manideepakreddyaila/Desktop/projects/Legal_Insights_Engine/.venv/lib/python3.11/site-packages/airflow/example_dags/example_branch_day_of_week_operator.py for tasks to queue
[2024-04-14T18:12:34.275-0400] {logging_mixin.py:188} INFO - [2024-04-14T18:12:34.275-0400] {dagbag.py:540} INFO - Filling up the DagBag from /Users/manideepakreddyaila/Desktop/projects/Legal_Insights_Engine/.venv/lib/python3.11/site-packages/airflow/example_dags/example_branch_day_of_week_operator.py
[2024-04-14T18:12:34.306-0400] {processor.py:840} INFO - DAG(s) 'example_weekday_branch_operator' retrieved from /Users/manideepakreddyaila/Desktop/projects/Legal_Insights_Engine/.venv/lib/python3.11/site-packages/airflow/example_dags/example_branch_day_of_week_operator.py
[2024-04-14T18:12:34.342-0400] {logging_mixin.py:188} INFO - [2024-04-14T18:12:34.342-0400] {dag.py:3096} INFO - Sync 1 DAGs
[2024-04-14T18:12:34.348-0400] {logging_mixin.py:188} INFO - [2024-04-14T18:12:34.348-0400] {dag.py:3954} INFO - Setting next_dagrun for example_weekday_branch_operator to 2024-04-13 00:00:00+00:00, run_after=2024-04-14 00:00:00+00:00
[2024-04-14T18:12:34.354-0400] {processor.py:183} INFO - Processing /Users/manideepakreddyaila/Desktop/projects/Legal_Insights_Engine/.venv/lib/python3.11/site-packages/airflow/example_dags/example_branch_day_of_week_operator.py took 0.081 seconds
[2024-04-14T18:14:32.879-0400] {processor.py:161} INFO - Started process (PID=37704) to work on /Users/manideepakreddyaila/Desktop/projects/Legal_Insights_Engine/.venv/lib/python3.11/site-packages/airflow/example_dags/example_branch_day_of_week_operator.py
[2024-04-14T18:14:32.880-0400] {processor.py:830} INFO - Processing file /Users/manideepakreddyaila/Desktop/projects/Legal_Insights_Engine/.venv/lib/python3.11/site-packages/airflow/example_dags/example_branch_day_of_week_operator.py for tasks to queue
[2024-04-14T18:14:32.880-0400] {logging_mixin.py:188} INFO - [2024-04-14T18:14:32.880-0400] {dagbag.py:540} INFO - Filling up the DagBag from /Users/manideepakreddyaila/Desktop/projects/Legal_Insights_Engine/.venv/lib/python3.11/site-packages/airflow/example_dags/example_branch_day_of_week_operator.py
[2024-04-14T18:14:32.911-0400] {processor.py:840} INFO - DAG(s) 'example_weekday_branch_operator' retrieved from /Users/manideepakreddyaila/Desktop/projects/Legal_Insights_Engine/.venv/lib/python3.11/site-packages/airflow/example_dags/example_branch_day_of_week_operator.py
[2024-04-14T18:14:32.948-0400] {logging_mixin.py:188} INFO - [2024-04-14T18:14:32.948-0400] {dag.py:3096} INFO - Sync 1 DAGs
[2024-04-14T18:14:32.953-0400] {logging_mixin.py:188} INFO - [2024-04-14T18:14:32.953-0400] {dag.py:3954} INFO - Setting next_dagrun for example_weekday_branch_operator to 2024-04-13 00:00:00+00:00, run_after=2024-04-14 00:00:00+00:00
[2024-04-14T18:14:32.959-0400] {processor.py:183} INFO - Processing /Users/manideepakreddyaila/Desktop/projects/Legal_Insights_Engine/.venv/lib/python3.11/site-packages/airflow/example_dags/example_branch_day_of_week_operator.py took 0.081 seconds
[2024-04-14T18:32:00.084-0400] {processor.py:161} INFO - Started process (PID=37850) to work on /Users/manideepakreddyaila/Desktop/projects/Legal_Insights_Engine/.venv/lib/python3.11/site-packages/airflow/example_dags/example_branch_day_of_week_operator.py
[2024-04-14T18:32:00.085-0400] {processor.py:830} INFO - Processing file /Users/manideepakreddyaila/Desktop/projects/Legal_Insights_Engine/.venv/lib/python3.11/site-packages/airflow/example_dags/example_branch_day_of_week_operator.py for tasks to queue
[2024-04-14T18:32:00.085-0400] {logging_mixin.py:188} INFO - [2024-04-14T18:32:00.085-0400] {dagbag.py:540} INFO - Filling up the DagBag from /Users/manideepakreddyaila/Desktop/projects/Legal_Insights_Engine/.venv/lib/python3.11/site-packages/airflow/example_dags/example_branch_day_of_week_operator.py
[2024-04-14T18:32:00.125-0400] {processor.py:840} INFO - DAG(s) 'example_weekday_branch_operator' retrieved from /Users/manideepakreddyaila/Desktop/projects/Legal_Insights_Engine/.venv/lib/python3.11/site-packages/airflow/example_dags/example_branch_day_of_week_operator.py
[2024-04-14T18:32:00.166-0400] {logging_mixin.py:188} INFO - [2024-04-14T18:32:00.166-0400] {dag.py:3096} INFO - Sync 1 DAGs
[2024-04-14T18:32:00.172-0400] {logging_mixin.py:188} INFO - [2024-04-14T18:32:00.172-0400] {dag.py:3954} INFO - Setting next_dagrun for example_weekday_branch_operator to 2024-04-13 00:00:00+00:00, run_after=2024-04-14 00:00:00+00:00
[2024-04-14T18:32:00.179-0400] {processor.py:183} INFO - Processing /Users/manideepakreddyaila/Desktop/projects/Legal_Insights_Engine/.venv/lib/python3.11/site-packages/airflow/example_dags/example_branch_day_of_week_operator.py took 0.096 seconds
