[2024-04-15T19:54:52.155-0400] {local_task_job_runner.py:120} INFO - ::group::Pre task execution logs
[2024-04-15T19:54:52.180-0400] {taskinstance.py:2073} INFO - Dependencies all met for dep_context=non-requeueable deps ti=<TaskInstance: preprocessing_dag.bash_task scheduled__2024-02-25T00:00:00+00:00 [queued]>
[2024-04-15T19:54:52.183-0400] {taskinstance.py:2073} INFO - Dependencies all met for dep_context=requeueable deps ti=<TaskInstance: preprocessing_dag.bash_task scheduled__2024-02-25T00:00:00+00:00 [queued]>
[2024-04-15T19:54:52.184-0400] {taskinstance.py:2303} INFO - Starting attempt 1 of 2
[2024-04-15T19:54:52.192-0400] {taskinstance.py:2327} INFO - Executing <Task(BashOperator): bash_task> on 2024-02-25 00:00:00+00:00
[2024-04-15T19:54:52.198-0400] {standard_task_runner.py:63} INFO - Started process 52224 to run task
[2024-04-15T19:54:52.203-0400] {standard_task_runner.py:90} INFO - Running: ['airflow', 'tasks', 'run', 'preprocessing_dag', 'bash_task', 'scheduled__2024-02-25T00:00:00+00:00', '--job-id', '164', '--raw', '--subdir', 'DAGS_FOLDER/preprocessing_dag.py', '--cfg-path', '/var/folders/rf/bv8hf2w15f1f30n5rv6mfypr0000gn/T/tmp2dx50_2s']
[2024-04-15T19:54:52.206-0400] {standard_task_runner.py:91} INFO - Job 164: Subtask bash_task
[2024-04-15T19:54:52.234-0400] {task_command.py:426} INFO - Running <TaskInstance: preprocessing_dag.bash_task scheduled__2024-02-25T00:00:00+00:00 [running]> on host manis-macbook-air.local
[2024-04-15T19:54:52.291-0400] {taskinstance.py:2644} INFO - Exporting env vars: AIRFLOW_CTX_DAG_OWNER='airflow' AIRFLOW_CTX_DAG_ID='preprocessing_dag' AIRFLOW_CTX_TASK_ID='bash_task' AIRFLOW_CTX_EXECUTION_DATE='2024-02-25T00:00:00+00:00' AIRFLOW_CTX_TRY_NUMBER='1' AIRFLOW_CTX_DAG_RUN_ID='scheduled__2024-02-25T00:00:00+00:00'
[2024-04-15T19:54:52.292-0400] {taskinstance.py:430} INFO - ::endgroup::
[2024-04-15T19:54:52.302-0400] {subprocess.py:63} INFO - Tmp dir root location: /var/folders/rf/bv8hf2w15f1f30n5rv6mfypr0000gn/T
[2024-04-15T19:54:52.303-0400] {subprocess.py:75} INFO - Running command: ['/bin/bash', '-c', 'cd /Users/manideepakreddyaila/Desktop/projects/Legal_Insights_Engine/cap_dbt && dbt run']
[2024-04-15T19:54:52.309-0400] {subprocess.py:86} INFO - Output:
[2024-04-15T19:54:55.114-0400] {subprocess.py:93} INFO - [0m23:54:55  Running with dbt=1.7.11
[2024-04-15T19:54:56.697-0400] {subprocess.py:93} INFO - [0m23:54:56  Registered adapter: snowflake=1.7.3
[2024-04-15T19:54:56.857-0400] {subprocess.py:93} INFO - [0m23:54:56  Found 3 models, 1 source, 0 exposures, 0 metrics, 544 macros, 0 groups, 0 semantic models
[2024-04-15T19:54:56.859-0400] {subprocess.py:93} INFO - [0m23:54:56
[2024-04-15T19:54:58.330-0400] {subprocess.py:93} INFO - [0m23:54:58  Concurrency: 1 threads (target='dev')
[2024-04-15T19:54:58.331-0400] {subprocess.py:93} INFO - [0m23:54:58
[2024-04-15T19:54:58.332-0400] {subprocess.py:93} INFO - [0m23:54:58  1 of 3 START sql view model DEV.raw_data_processing ............................ [RUN]
[2024-04-15T19:54:58.907-0400] {subprocess.py:93} INFO - [0m23:54:58  1 of 3 OK created sql view model DEV.raw_data_processing ....................... [[32mSUCCESS 1[0m in 0.57s]
[2024-04-15T19:54:58.909-0400] {subprocess.py:93} INFO - [0m23:54:58  2 of 3 START sql view model DEV.flatten ........................................ [RUN]
[2024-04-15T19:54:59.386-0400] {subprocess.py:93} INFO - [0m23:54:59  2 of 3 OK created sql view model DEV.flatten ................................... [[32mSUCCESS 1[0m in 0.48s]
[2024-04-15T19:54:59.388-0400] {subprocess.py:93} INFO - [0m23:54:59  3 of 3 START sql table model DEV.aggregation ................................... [RUN]
[2024-04-15T19:55:00.996-0400] {subprocess.py:93} INFO - [0m23:55:00  3 of 3 OK created sql table model DEV.aggregation .............................. [[32mSUCCESS 1[0m in 1.61s]
[2024-04-15T19:55:00.999-0400] {subprocess.py:93} INFO - [0m23:55:00
[2024-04-15T19:55:01.000-0400] {subprocess.py:93} INFO - [0m23:55:00  Finished running 2 view models, 1 table model in 0 hours 0 minutes and 4.14 seconds (4.14s).
[2024-04-15T19:55:01.009-0400] {subprocess.py:93} INFO - [0m23:55:01
[2024-04-15T19:55:01.010-0400] {subprocess.py:93} INFO - [0m23:55:01  [32mCompleted successfully[0m
[2024-04-15T19:55:01.010-0400] {subprocess.py:93} INFO - [0m23:55:01
[2024-04-15T19:55:01.011-0400] {subprocess.py:93} INFO - [0m23:55:01  Done. PASS=3 WARN=0 ERROR=0 SKIP=0 TOTAL=3
[2024-04-15T19:55:01.532-0400] {subprocess.py:97} INFO - Command exited with return code 0
[2024-04-15T19:55:01.534-0400] {taskinstance.py:441} INFO - ::group::Post task execution logs
[2024-04-15T19:55:01.550-0400] {taskinstance.py:1205} INFO - Marking task as SUCCESS. dag_id=preprocessing_dag, task_id=bash_task, execution_date=20240225T000000, start_date=20240415T235452, end_date=20240415T235501
[2024-04-15T19:55:01.580-0400] {local_task_job_runner.py:240} INFO - Task exited with return code 0
[2024-04-15T19:55:01.590-0400] {taskinstance.py:3482} INFO - 1 downstream tasks scheduled from follow-on schedule check
[2024-04-15T19:55:01.591-0400] {local_task_job_runner.py:222} INFO - ::endgroup::
