[2024-04-15T13:45:08.215-0400] {local_task_job_runner.py:120} INFO - ::group::Pre task execution logs
[2024-04-15T13:45:08.239-0400] {taskinstance.py:2073} INFO - Dependencies all met for dep_context=non-requeueable deps ti=<TaskInstance: preprocessing_dag.bash_task manual__2024-04-15T17:38:24.466236+00:00 [queued]>
[2024-04-15T13:45:08.242-0400] {taskinstance.py:2073} INFO - Dependencies all met for dep_context=requeueable deps ti=<TaskInstance: preprocessing_dag.bash_task manual__2024-04-15T17:38:24.466236+00:00 [queued]>
[2024-04-15T13:45:08.242-0400] {taskinstance.py:2303} INFO - Starting attempt 1 of 2
[2024-04-15T13:45:08.249-0400] {taskinstance.py:2327} INFO - Executing <Task(BashOperator): bash_task> on 2024-04-15 17:38:24.466236+00:00
[2024-04-15T13:45:08.254-0400] {standard_task_runner.py:63} INFO - Started process 48359 to run task
[2024-04-15T13:45:08.258-0400] {standard_task_runner.py:90} INFO - Running: ['airflow', 'tasks', 'run', 'preprocessing_dag', 'bash_task', 'manual__2024-04-15T17:38:24.466236+00:00', '--job-id', '69', '--raw', '--subdir', 'DAGS_FOLDER/preprocessing_dag.py', '--cfg-path', '/var/folders/rf/bv8hf2w15f1f30n5rv6mfypr0000gn/T/tmpejwpy6k0']
[2024-04-15T13:45:08.260-0400] {standard_task_runner.py:91} INFO - Job 69: Subtask bash_task
[2024-04-15T13:45:08.294-0400] {task_command.py:426} INFO - Running <TaskInstance: preprocessing_dag.bash_task manual__2024-04-15T17:38:24.466236+00:00 [running]> on host manis-macbook-air.local
[2024-04-15T13:45:08.330-0400] {taskinstance.py:2644} INFO - Exporting env vars: AIRFLOW_CTX_DAG_OWNER='airflow' AIRFLOW_CTX_DAG_ID='preprocessing_dag' AIRFLOW_CTX_TASK_ID='bash_task' AIRFLOW_CTX_EXECUTION_DATE='2024-04-15T17:38:24.466236+00:00' AIRFLOW_CTX_TRY_NUMBER='1' AIRFLOW_CTX_DAG_RUN_ID='manual__2024-04-15T17:38:24.466236+00:00'
[2024-04-15T13:45:08.331-0400] {taskinstance.py:430} INFO - ::endgroup::
[2024-04-15T13:45:08.332-0400] {subprocess.py:63} INFO - Tmp dir root location: /var/folders/rf/bv8hf2w15f1f30n5rv6mfypr0000gn/T
[2024-04-15T13:45:08.333-0400] {subprocess.py:75} INFO - Running command: ['/bin/bash', '-c', 'cd /Users/manideepakreddyaila/Desktop/projects/Legal_Insights_Engine/cap_dbt && dbt run']
[2024-04-15T13:45:08.338-0400] {subprocess.py:86} INFO - Output:
[2024-04-15T13:45:10.671-0400] {subprocess.py:93} INFO - [0m17:45:10  Running with dbt=1.7.11
[2024-04-15T13:45:11.848-0400] {subprocess.py:93} INFO - [0m17:45:11  Registered adapter: snowflake=1.7.3
[2024-04-15T13:45:11.999-0400] {subprocess.py:93} INFO - [0m17:45:11  Found 3 models, 1 source, 0 exposures, 0 metrics, 544 macros, 0 groups, 0 semantic models
[2024-04-15T13:45:12.000-0400] {subprocess.py:93} INFO - [0m17:45:12
[2024-04-15T13:45:13.051-0400] {subprocess.py:93} INFO - [0m17:45:13  Concurrency: 1 threads (target='dev')
[2024-04-15T13:45:13.051-0400] {subprocess.py:93} INFO - [0m17:45:13
[2024-04-15T13:45:13.053-0400] {subprocess.py:93} INFO - [0m17:45:13  1 of 3 START sql view model DEV.raw_data_processing ............................ [RUN]
[2024-04-15T13:45:14.165-0400] {subprocess.py:93} INFO - [0m17:45:14  1 of 3 OK created sql view model DEV.raw_data_processing ....................... [[32mSUCCESS 1[0m in 1.11s]
[2024-04-15T13:45:14.168-0400] {subprocess.py:93} INFO - [0m17:45:14  2 of 3 START sql view model DEV.flatten ........................................ [RUN]
[2024-04-15T13:45:14.635-0400] {subprocess.py:93} INFO - [0m17:45:14  2 of 3 OK created sql view model DEV.flatten ................................... [[32mSUCCESS 1[0m in 0.47s]
[2024-04-15T13:45:14.639-0400] {subprocess.py:93} INFO - [0m17:45:14  3 of 3 START sql table model DEV.aggregation ................................... [RUN]
[2024-04-15T13:45:15.908-0400] {subprocess.py:93} INFO - [0m17:45:15  3 of 3 OK created sql table model DEV.aggregation .............................. [[32mSUCCESS 1[0m in 1.27s]
[2024-04-15T13:45:15.912-0400] {subprocess.py:93} INFO - [0m17:45:15
[2024-04-15T13:45:15.913-0400] {subprocess.py:93} INFO - [0m17:45:15  Finished running 2 view models, 1 table model in 0 hours 0 minutes and 3.91 seconds (3.91s).
[2024-04-15T13:45:15.927-0400] {subprocess.py:93} INFO - [0m17:45:15
[2024-04-15T13:45:15.928-0400] {subprocess.py:93} INFO - [0m17:45:15  [32mCompleted successfully[0m
[2024-04-15T13:45:15.928-0400] {subprocess.py:93} INFO - [0m17:45:15
[2024-04-15T13:45:15.929-0400] {subprocess.py:93} INFO - [0m17:45:15  Done. PASS=3 WARN=0 ERROR=0 SKIP=0 TOTAL=3
[2024-04-15T13:45:16.416-0400] {subprocess.py:97} INFO - Command exited with return code 0
[2024-04-15T13:45:16.418-0400] {taskinstance.py:441} INFO - ::group::Post task execution logs
[2024-04-15T13:45:16.436-0400] {taskinstance.py:1205} INFO - Marking task as SUCCESS. dag_id=preprocessing_dag, task_id=bash_task, execution_date=20240415T173824, start_date=20240415T174508, end_date=20240415T174516
[2024-04-15T13:45:16.473-0400] {local_task_job_runner.py:240} INFO - Task exited with return code 0
[2024-04-15T13:45:16.487-0400] {taskinstance.py:3482} INFO - 1 downstream tasks scheduled from follow-on schedule check
[2024-04-15T13:45:16.488-0400] {local_task_job_runner.py:222} INFO - ::endgroup::
