[2024-04-15T20:52:08.302-0400] {local_task_job_runner.py:120} INFO - ::group::Pre task execution logs
[2024-04-15T20:52:08.330-0400] {taskinstance.py:2073} INFO - Dependencies all met for dep_context=non-requeueable deps ti=<TaskInstance: preprocessing_dag.bash_task scheduled__2024-04-13T00:00:00+00:00 [queued]>
[2024-04-15T20:52:08.334-0400] {taskinstance.py:2073} INFO - Dependencies all met for dep_context=requeueable deps ti=<TaskInstance: preprocessing_dag.bash_task scheduled__2024-04-13T00:00:00+00:00 [queued]>
[2024-04-15T20:52:08.334-0400] {taskinstance.py:2303} INFO - Starting attempt 1 of 2
[2024-04-15T20:52:08.344-0400] {taskinstance.py:2327} INFO - Executing <Task(BashOperator): bash_task> on 2024-04-13 00:00:00+00:00
[2024-04-15T20:52:08.348-0400] {standard_task_runner.py:63} INFO - Started process 53652 to run task
[2024-04-15T20:52:08.366-0400] {standard_task_runner.py:90} INFO - Running: ['airflow', 'tasks', 'run', 'preprocessing_dag', 'bash_task', 'scheduled__2024-04-13T00:00:00+00:00', '--job-id', '267', '--raw', '--subdir', 'DAGS_FOLDER/preprocessing_dag.py', '--cfg-path', '/var/folders/rf/bv8hf2w15f1f30n5rv6mfypr0000gn/T/tmpe4hg6xlx']
[2024-04-15T20:52:08.369-0400] {standard_task_runner.py:91} INFO - Job 267: Subtask bash_task
[2024-04-15T20:52:08.399-0400] {task_command.py:426} INFO - Running <TaskInstance: preprocessing_dag.bash_task scheduled__2024-04-13T00:00:00+00:00 [running]> on host manis-macbook-air.local
[2024-04-15T20:52:08.455-0400] {taskinstance.py:2644} INFO - Exporting env vars: AIRFLOW_CTX_DAG_OWNER='airflow' AIRFLOW_CTX_DAG_ID='preprocessing_dag' AIRFLOW_CTX_TASK_ID='bash_task' AIRFLOW_CTX_EXECUTION_DATE='2024-04-13T00:00:00+00:00' AIRFLOW_CTX_TRY_NUMBER='1' AIRFLOW_CTX_DAG_RUN_ID='scheduled__2024-04-13T00:00:00+00:00'
[2024-04-15T20:52:08.456-0400] {taskinstance.py:430} INFO - ::endgroup::
[2024-04-15T20:52:08.463-0400] {subprocess.py:63} INFO - Tmp dir root location: /var/folders/rf/bv8hf2w15f1f30n5rv6mfypr0000gn/T
[2024-04-15T20:52:08.464-0400] {subprocess.py:75} INFO - Running command: ['/bin/bash', '-c', 'cd /Users/manideepakreddyaila/Desktop/projects/Legal_Insights_Engine/cap_dbt && dbt run']
[2024-04-15T20:52:08.469-0400] {subprocess.py:86} INFO - Output:
[2024-04-15T20:52:11.031-0400] {subprocess.py:93} INFO - [0m00:52:11  Running with dbt=1.7.11
[2024-04-15T20:52:12.290-0400] {subprocess.py:93} INFO - [0m00:52:12  Registered adapter: snowflake=1.7.3
[2024-04-15T20:52:12.442-0400] {subprocess.py:93} INFO - [0m00:52:12  Found 3 models, 1 source, 0 exposures, 0 metrics, 544 macros, 0 groups, 0 semantic models
[2024-04-15T20:52:12.444-0400] {subprocess.py:93} INFO - [0m00:52:12
[2024-04-15T20:52:13.823-0400] {subprocess.py:93} INFO - [0m00:52:13  Concurrency: 1 threads (target='dev')
[2024-04-15T20:52:13.823-0400] {subprocess.py:93} INFO - [0m00:52:13
[2024-04-15T20:52:13.826-0400] {subprocess.py:93} INFO - [0m00:52:13  1 of 3 START sql view model DEV.raw_data_processing ............................ [RUN]
[2024-04-15T20:52:14.435-0400] {subprocess.py:93} INFO - [0m00:52:14  1 of 3 OK created sql view model DEV.raw_data_processing ....................... [[32mSUCCESS 1[0m in 0.61s]
[2024-04-15T20:52:14.437-0400] {subprocess.py:93} INFO - [0m00:52:14  2 of 3 START sql view model DEV.flatten ........................................ [RUN]
[2024-04-15T20:52:15.171-0400] {subprocess.py:93} INFO - [0m00:52:15  2 of 3 OK created sql view model DEV.flatten ................................... [[32mSUCCESS 1[0m in 0.73s]
[2024-04-15T20:52:15.173-0400] {subprocess.py:93} INFO - [0m00:52:15  3 of 3 START sql table model DEV.aggregation ................................... [RUN]
[2024-04-15T20:52:16.486-0400] {subprocess.py:93} INFO - [0m00:52:16  3 of 3 OK created sql table model DEV.aggregation .............................. [[32mSUCCESS 1[0m in 1.31s]
[2024-04-15T20:52:16.488-0400] {subprocess.py:93} INFO - [0m00:52:16
[2024-04-15T20:52:16.489-0400] {subprocess.py:93} INFO - [0m00:52:16  Finished running 2 view models, 1 table model in 0 hours 0 minutes and 4.04 seconds (4.04s).
[2024-04-15T20:52:16.500-0400] {subprocess.py:93} INFO - [0m00:52:16
[2024-04-15T20:52:16.501-0400] {subprocess.py:93} INFO - [0m00:52:16  [32mCompleted successfully[0m
[2024-04-15T20:52:16.502-0400] {subprocess.py:93} INFO - [0m00:52:16
[2024-04-15T20:52:16.503-0400] {subprocess.py:93} INFO - [0m00:52:16  Done. PASS=3 WARN=0 ERROR=0 SKIP=0 TOTAL=3
[2024-04-15T20:52:16.992-0400] {subprocess.py:97} INFO - Command exited with return code 0
[2024-04-15T20:52:16.993-0400] {taskinstance.py:441} INFO - ::group::Post task execution logs
[2024-04-15T20:52:17.007-0400] {taskinstance.py:1205} INFO - Marking task as SUCCESS. dag_id=preprocessing_dag, task_id=bash_task, execution_date=20240413T000000, start_date=20240416T005208, end_date=20240416T005217
[2024-04-15T20:52:17.037-0400] {local_task_job_runner.py:240} INFO - Task exited with return code 0
[2024-04-15T20:52:17.048-0400] {taskinstance.py:3482} INFO - 1 downstream tasks scheduled from follow-on schedule check
[2024-04-15T20:52:17.049-0400] {local_task_job_runner.py:222} INFO - ::endgroup::
