[2024-04-15T20:38:26.938-0400] {local_task_job_runner.py:120} INFO - ::group::Pre task execution logs
[2024-04-15T20:38:26.964-0400] {taskinstance.py:2073} INFO - Dependencies all met for dep_context=non-requeueable deps ti=<TaskInstance: preprocessing_dag.bash_task scheduled__2024-03-30T00:00:00+00:00 [queued]>
[2024-04-15T20:38:26.968-0400] {taskinstance.py:2073} INFO - Dependencies all met for dep_context=requeueable deps ti=<TaskInstance: preprocessing_dag.bash_task scheduled__2024-03-30T00:00:00+00:00 [queued]>
[2024-04-15T20:38:26.968-0400] {taskinstance.py:2303} INFO - Starting attempt 1 of 2
[2024-04-15T20:38:26.977-0400] {taskinstance.py:2327} INFO - Executing <Task(BashOperator): bash_task> on 2024-03-30 00:00:00+00:00
[2024-04-15T20:38:26.982-0400] {standard_task_runner.py:63} INFO - Started process 52974 to run task
[2024-04-15T20:38:26.988-0400] {standard_task_runner.py:90} INFO - Running: ['airflow', 'tasks', 'run', 'preprocessing_dag', 'bash_task', 'scheduled__2024-03-30T00:00:00+00:00', '--job-id', '233', '--raw', '--subdir', 'DAGS_FOLDER/preprocessing_dag.py', '--cfg-path', '/var/folders/rf/bv8hf2w15f1f30n5rv6mfypr0000gn/T/tmp_23b7yey']
[2024-04-15T20:38:26.991-0400] {standard_task_runner.py:91} INFO - Job 233: Subtask bash_task
[2024-04-15T20:38:27.031-0400] {task_command.py:426} INFO - Running <TaskInstance: preprocessing_dag.bash_task scheduled__2024-03-30T00:00:00+00:00 [running]> on host manis-macbook-air.local
[2024-04-15T20:38:27.091-0400] {taskinstance.py:2644} INFO - Exporting env vars: AIRFLOW_CTX_DAG_OWNER='airflow' AIRFLOW_CTX_DAG_ID='preprocessing_dag' AIRFLOW_CTX_TASK_ID='bash_task' AIRFLOW_CTX_EXECUTION_DATE='2024-03-30T00:00:00+00:00' AIRFLOW_CTX_TRY_NUMBER='1' AIRFLOW_CTX_DAG_RUN_ID='scheduled__2024-03-30T00:00:00+00:00'
[2024-04-15T20:38:27.092-0400] {taskinstance.py:430} INFO - ::endgroup::
[2024-04-15T20:38:27.102-0400] {subprocess.py:63} INFO - Tmp dir root location: /var/folders/rf/bv8hf2w15f1f30n5rv6mfypr0000gn/T
[2024-04-15T20:38:27.103-0400] {subprocess.py:75} INFO - Running command: ['/bin/bash', '-c', 'cd /Users/manideepakreddyaila/Desktop/projects/Legal_Insights_Engine/cap_dbt && dbt run']
[2024-04-15T20:38:27.109-0400] {subprocess.py:86} INFO - Output:
[2024-04-15T20:38:29.562-0400] {subprocess.py:93} INFO - [0m00:38:29  Running with dbt=1.7.11
[2024-04-15T20:38:31.046-0400] {subprocess.py:93} INFO - [0m00:38:31  Registered adapter: snowflake=1.7.3
[2024-04-15T20:38:31.250-0400] {subprocess.py:93} INFO - [0m00:38:31  Found 3 models, 1 source, 0 exposures, 0 metrics, 544 macros, 0 groups, 0 semantic models
[2024-04-15T20:38:31.253-0400] {subprocess.py:93} INFO - [0m00:38:31
[2024-04-15T20:38:32.607-0400] {subprocess.py:93} INFO - [0m00:38:32  Concurrency: 1 threads (target='dev')
[2024-04-15T20:38:32.609-0400] {subprocess.py:93} INFO - [0m00:38:32
[2024-04-15T20:38:32.610-0400] {subprocess.py:93} INFO - [0m00:38:32  1 of 3 START sql view model DEV.raw_data_processing ............................ [RUN]
[2024-04-15T20:38:33.150-0400] {subprocess.py:93} INFO - [0m00:38:33  1 of 3 OK created sql view model DEV.raw_data_processing ....................... [[32mSUCCESS 1[0m in 0.54s]
[2024-04-15T20:38:33.153-0400] {subprocess.py:93} INFO - [0m00:38:33  2 of 3 START sql view model DEV.flatten ........................................ [RUN]
[2024-04-15T20:38:33.699-0400] {subprocess.py:93} INFO - [0m00:38:33  2 of 3 OK created sql view model DEV.flatten ................................... [[32mSUCCESS 1[0m in 0.54s]
[2024-04-15T20:38:33.701-0400] {subprocess.py:93} INFO - [0m00:38:33  3 of 3 START sql table model DEV.aggregation ................................... [RUN]
[2024-04-15T20:38:35.283-0400] {subprocess.py:93} INFO - [0m00:38:35  3 of 3 OK created sql table model DEV.aggregation .............................. [[32mSUCCESS 1[0m in 1.58s]
[2024-04-15T20:38:35.287-0400] {subprocess.py:93} INFO - [0m00:38:35
[2024-04-15T20:38:35.288-0400] {subprocess.py:93} INFO - [0m00:38:35  Finished running 2 view models, 1 table model in 0 hours 0 minutes and 4.03 seconds (4.03s).
[2024-04-15T20:38:35.301-0400] {subprocess.py:93} INFO - [0m00:38:35
[2024-04-15T20:38:35.302-0400] {subprocess.py:93} INFO - [0m00:38:35  [32mCompleted successfully[0m
[2024-04-15T20:38:35.302-0400] {subprocess.py:93} INFO - [0m00:38:35
[2024-04-15T20:38:35.303-0400] {subprocess.py:93} INFO - [0m00:38:35  Done. PASS=3 WARN=0 ERROR=0 SKIP=0 TOTAL=3
[2024-04-15T20:38:35.882-0400] {subprocess.py:97} INFO - Command exited with return code 0
[2024-04-15T20:38:35.883-0400] {taskinstance.py:441} INFO - ::group::Post task execution logs
[2024-04-15T20:38:35.897-0400] {taskinstance.py:1205} INFO - Marking task as SUCCESS. dag_id=preprocessing_dag, task_id=bash_task, execution_date=20240330T000000, start_date=20240416T003826, end_date=20240416T003835
[2024-04-15T20:38:35.942-0400] {local_task_job_runner.py:240} INFO - Task exited with return code 0
[2024-04-15T20:38:35.955-0400] {taskinstance.py:3482} INFO - 1 downstream tasks scheduled from follow-on schedule check
[2024-04-15T20:38:35.956-0400] {local_task_job_runner.py:222} INFO - ::endgroup::
