[2024-04-15T20:52:22.570-0400] {local_task_job_runner.py:120} INFO - ::group::Pre task execution logs
[2024-04-15T20:52:22.590-0400] {taskinstance.py:2073} INFO - Dependencies all met for dep_context=non-requeueable deps ti=<TaskInstance: preprocessing_dag.bash_task scheduled__2024-04-14T00:00:00+00:00 [queued]>
[2024-04-15T20:52:22.593-0400] {taskinstance.py:2073} INFO - Dependencies all met for dep_context=requeueable deps ti=<TaskInstance: preprocessing_dag.bash_task scheduled__2024-04-14T00:00:00+00:00 [queued]>
[2024-04-15T20:52:22.593-0400] {taskinstance.py:2303} INFO - Starting attempt 1 of 2
[2024-04-15T20:52:22.599-0400] {taskinstance.py:2327} INFO - Executing <Task(BashOperator): bash_task> on 2024-04-14 00:00:00+00:00
[2024-04-15T20:52:22.603-0400] {standard_task_runner.py:63} INFO - Started process 53663 to run task
[2024-04-15T20:52:22.608-0400] {standard_task_runner.py:90} INFO - Running: ['airflow', 'tasks', 'run', 'preprocessing_dag', 'bash_task', 'scheduled__2024-04-14T00:00:00+00:00', '--job-id', '270', '--raw', '--subdir', 'DAGS_FOLDER/preprocessing_dag.py', '--cfg-path', '/var/folders/rf/bv8hf2w15f1f30n5rv6mfypr0000gn/T/tmpqbsdgmlx']
[2024-04-15T20:52:22.610-0400] {standard_task_runner.py:91} INFO - Job 270: Subtask bash_task
[2024-04-15T20:52:22.637-0400] {task_command.py:426} INFO - Running <TaskInstance: preprocessing_dag.bash_task scheduled__2024-04-14T00:00:00+00:00 [running]> on host manis-macbook-air.local
[2024-04-15T20:52:22.677-0400] {taskinstance.py:2644} INFO - Exporting env vars: AIRFLOW_CTX_DAG_OWNER='airflow' AIRFLOW_CTX_DAG_ID='preprocessing_dag' AIRFLOW_CTX_TASK_ID='bash_task' AIRFLOW_CTX_EXECUTION_DATE='2024-04-14T00:00:00+00:00' AIRFLOW_CTX_TRY_NUMBER='1' AIRFLOW_CTX_DAG_RUN_ID='scheduled__2024-04-14T00:00:00+00:00'
[2024-04-15T20:52:22.678-0400] {taskinstance.py:430} INFO - ::endgroup::
[2024-04-15T20:52:22.687-0400] {subprocess.py:63} INFO - Tmp dir root location: /var/folders/rf/bv8hf2w15f1f30n5rv6mfypr0000gn/T
[2024-04-15T20:52:22.688-0400] {subprocess.py:75} INFO - Running command: ['/bin/bash', '-c', 'cd /Users/manideepakreddyaila/Desktop/projects/Legal_Insights_Engine/cap_dbt && dbt run']
[2024-04-15T20:52:22.693-0400] {subprocess.py:86} INFO - Output:
[2024-04-15T20:52:25.565-0400] {subprocess.py:93} INFO - [0m00:52:25  Running with dbt=1.7.11
[2024-04-15T20:52:27.606-0400] {subprocess.py:93} INFO - [0m00:52:27  Registered adapter: snowflake=1.7.3
[2024-04-15T20:52:27.810-0400] {subprocess.py:93} INFO - [0m00:52:27  Found 3 models, 1 source, 0 exposures, 0 metrics, 544 macros, 0 groups, 0 semantic models
[2024-04-15T20:52:27.811-0400] {subprocess.py:93} INFO - [0m00:52:27
[2024-04-15T20:52:28.951-0400] {subprocess.py:93} INFO - [0m00:52:28  Concurrency: 1 threads (target='dev')
[2024-04-15T20:52:28.952-0400] {subprocess.py:93} INFO - [0m00:52:28
[2024-04-15T20:52:28.953-0400] {subprocess.py:93} INFO - [0m00:52:28  1 of 3 START sql view model DEV.raw_data_processing ............................ [RUN]
[2024-04-15T20:52:29.504-0400] {subprocess.py:93} INFO - [0m00:52:29  1 of 3 OK created sql view model DEV.raw_data_processing ....................... [[32mSUCCESS 1[0m in 0.54s]
[2024-04-15T20:52:29.508-0400] {subprocess.py:93} INFO - [0m00:52:29  2 of 3 START sql view model DEV.flatten ........................................ [RUN]
[2024-04-15T20:52:30.472-0400] {subprocess.py:93} INFO - [0m00:52:30  2 of 3 OK created sql view model DEV.flatten ................................... [[32mSUCCESS 1[0m in 0.96s]
[2024-04-15T20:52:30.479-0400] {subprocess.py:93} INFO - [0m00:52:30  3 of 3 START sql table model DEV.aggregation ................................... [RUN]
[2024-04-15T20:52:31.789-0400] {subprocess.py:93} INFO - [0m00:52:31  3 of 3 OK created sql table model DEV.aggregation .............................. [[32mSUCCESS 1[0m in 1.31s]
[2024-04-15T20:52:31.798-0400] {subprocess.py:93} INFO - [0m00:52:31
[2024-04-15T20:52:31.799-0400] {subprocess.py:93} INFO - [0m00:52:31  Finished running 2 view models, 1 table model in 0 hours 0 minutes and 3.99 seconds (3.99s).
[2024-04-15T20:52:31.840-0400] {subprocess.py:93} INFO - [0m00:52:31
[2024-04-15T20:52:31.841-0400] {subprocess.py:93} INFO - [0m00:52:31  [32mCompleted successfully[0m
[2024-04-15T20:52:31.841-0400] {subprocess.py:93} INFO - [0m00:52:31
[2024-04-15T20:52:31.842-0400] {subprocess.py:93} INFO - [0m00:52:31  Done. PASS=3 WARN=0 ERROR=0 SKIP=0 TOTAL=3
[2024-04-15T20:52:32.817-0400] {subprocess.py:97} INFO - Command exited with return code 0
[2024-04-15T20:52:32.819-0400] {taskinstance.py:441} INFO - ::group::Post task execution logs
[2024-04-15T20:52:32.844-0400] {taskinstance.py:1205} INFO - Marking task as SUCCESS. dag_id=preprocessing_dag, task_id=bash_task, execution_date=20240414T000000, start_date=20240416T005222, end_date=20240416T005232
[2024-04-15T20:52:32.892-0400] {local_task_job_runner.py:240} INFO - Task exited with return code 0
[2024-04-15T20:52:32.915-0400] {taskinstance.py:3482} INFO - 1 downstream tasks scheduled from follow-on schedule check
[2024-04-15T20:52:32.916-0400] {local_task_job_runner.py:222} INFO - ::endgroup::
