[2024-04-15T19:12:40.783-0400] {local_task_job_runner.py:120} INFO - ::group::Pre task execution logs
[2024-04-15T19:12:40.803-0400] {taskinstance.py:2073} INFO - Dependencies all met for dep_context=non-requeueable deps ti=<TaskInstance: preprocessing_dag.bash_task scheduled__2024-02-15T00:00:00+00:00 [queued]>
[2024-04-15T19:12:40.806-0400] {taskinstance.py:2073} INFO - Dependencies all met for dep_context=requeueable deps ti=<TaskInstance: preprocessing_dag.bash_task scheduled__2024-02-15T00:00:00+00:00 [queued]>
[2024-04-15T19:12:40.807-0400] {taskinstance.py:2303} INFO - Starting attempt 1 of 2
[2024-04-15T19:12:40.813-0400] {taskinstance.py:2327} INFO - Executing <Task(BashOperator): bash_task> on 2024-02-15 00:00:00+00:00
[2024-04-15T19:12:40.818-0400] {standard_task_runner.py:63} INFO - Started process 49816 to run task
[2024-04-15T19:12:40.822-0400] {standard_task_runner.py:90} INFO - Running: ['airflow', 'tasks', 'run', 'preprocessing_dag', 'bash_task', 'scheduled__2024-02-15T00:00:00+00:00', '--job-id', '141', '--raw', '--subdir', 'DAGS_FOLDER/preprocessing_dag.py', '--cfg-path', '/var/folders/rf/bv8hf2w15f1f30n5rv6mfypr0000gn/T/tmpuiaxawke']
[2024-04-15T19:12:40.825-0400] {standard_task_runner.py:91} INFO - Job 141: Subtask bash_task
[2024-04-15T19:12:40.851-0400] {task_command.py:426} INFO - Running <TaskInstance: preprocessing_dag.bash_task scheduled__2024-02-15T00:00:00+00:00 [running]> on host manis-macbook-air.local
[2024-04-15T19:12:40.890-0400] {taskinstance.py:2644} INFO - Exporting env vars: AIRFLOW_CTX_DAG_OWNER='airflow' AIRFLOW_CTX_DAG_ID='preprocessing_dag' AIRFLOW_CTX_TASK_ID='bash_task' AIRFLOW_CTX_EXECUTION_DATE='2024-02-15T00:00:00+00:00' AIRFLOW_CTX_TRY_NUMBER='1' AIRFLOW_CTX_DAG_RUN_ID='scheduled__2024-02-15T00:00:00+00:00'
[2024-04-15T19:12:40.891-0400] {taskinstance.py:430} INFO - ::endgroup::
[2024-04-15T19:12:40.893-0400] {subprocess.py:63} INFO - Tmp dir root location: /var/folders/rf/bv8hf2w15f1f30n5rv6mfypr0000gn/T
[2024-04-15T19:12:40.894-0400] {subprocess.py:75} INFO - Running command: ['/bin/bash', '-c', 'cd /Users/manideepakreddyaila/Desktop/projects/Legal_Insights_Engine/cap_dbt && dbt run']
[2024-04-15T19:12:40.899-0400] {subprocess.py:86} INFO - Output:
[2024-04-15T19:12:42.653-0400] {subprocess.py:93} INFO - [0m23:12:42  Running with dbt=1.7.11
[2024-04-15T19:12:43.697-0400] {subprocess.py:93} INFO - [0m23:12:43  Registered adapter: snowflake=1.7.3
[2024-04-15T19:12:43.839-0400] {subprocess.py:93} INFO - [0m23:12:43  Found 3 models, 1 source, 0 exposures, 0 metrics, 544 macros, 0 groups, 0 semantic models
[2024-04-15T19:12:43.840-0400] {subprocess.py:93} INFO - [0m23:12:43
[2024-04-15T19:12:45.146-0400] {subprocess.py:93} INFO - [0m23:12:45  Concurrency: 1 threads (target='dev')
[2024-04-15T19:12:45.147-0400] {subprocess.py:93} INFO - [0m23:12:45
[2024-04-15T19:12:45.149-0400] {subprocess.py:93} INFO - [0m23:12:45  1 of 3 START sql view model DEV.raw_data_processing ............................ [RUN]
[2024-04-15T19:12:45.682-0400] {subprocess.py:93} INFO - [0m23:12:45  1 of 3 OK created sql view model DEV.raw_data_processing ....................... [[32mSUCCESS 1[0m in 0.53s]
[2024-04-15T19:12:45.684-0400] {subprocess.py:93} INFO - [0m23:12:45  2 of 3 START sql view model DEV.flatten ........................................ [RUN]
[2024-04-15T19:12:46.145-0400] {subprocess.py:93} INFO - [0m23:12:46  2 of 3 OK created sql view model DEV.flatten ................................... [[32mSUCCESS 1[0m in 0.46s]
[2024-04-15T19:12:46.148-0400] {subprocess.py:93} INFO - [0m23:12:46  3 of 3 START sql table model DEV.aggregation ................................... [RUN]
[2024-04-15T19:12:47.701-0400] {subprocess.py:93} INFO - [0m23:12:47  3 of 3 OK created sql table model DEV.aggregation .............................. [[32mSUCCESS 1[0m in 1.55s]
[2024-04-15T19:12:47.703-0400] {subprocess.py:93} INFO - [0m23:12:47
[2024-04-15T19:12:47.704-0400] {subprocess.py:93} INFO - [0m23:12:47  Finished running 2 view models, 1 table model in 0 hours 0 minutes and 3.86 seconds (3.86s).
[2024-04-15T19:12:47.711-0400] {subprocess.py:93} INFO - [0m23:12:47
[2024-04-15T19:12:47.712-0400] {subprocess.py:93} INFO - [0m23:12:47  [32mCompleted successfully[0m
[2024-04-15T19:12:47.713-0400] {subprocess.py:93} INFO - [0m23:12:47
[2024-04-15T19:12:47.714-0400] {subprocess.py:93} INFO - [0m23:12:47  Done. PASS=3 WARN=0 ERROR=0 SKIP=0 TOTAL=3
[2024-04-15T19:12:48.186-0400] {subprocess.py:97} INFO - Command exited with return code 0
[2024-04-15T19:12:48.187-0400] {taskinstance.py:441} INFO - ::group::Post task execution logs
[2024-04-15T19:12:48.202-0400] {taskinstance.py:1205} INFO - Marking task as SUCCESS. dag_id=preprocessing_dag, task_id=bash_task, execution_date=20240215T000000, start_date=20240415T231240, end_date=20240415T231248
[2024-04-15T19:12:48.217-0400] {local_task_job_runner.py:240} INFO - Task exited with return code 0
[2024-04-15T19:12:48.228-0400] {taskinstance.py:3482} INFO - 1 downstream tasks scheduled from follow-on schedule check
[2024-04-15T19:12:48.228-0400] {local_task_job_runner.py:222} INFO - ::endgroup::
