[2024-04-15T20:36:58.070-0400] {local_task_job_runner.py:120} INFO - ::group::Pre task execution logs
[2024-04-15T20:36:58.087-0400] {taskinstance.py:2073} INFO - Dependencies all met for dep_context=non-requeueable deps ti=<TaskInstance: preprocessing_dag.bash_task scheduled__2024-03-25T00:00:00+00:00 [queued]>
[2024-04-15T20:36:58.091-0400] {taskinstance.py:2073} INFO - Dependencies all met for dep_context=requeueable deps ti=<TaskInstance: preprocessing_dag.bash_task scheduled__2024-03-25T00:00:00+00:00 [queued]>
[2024-04-15T20:36:58.091-0400] {taskinstance.py:2303} INFO - Starting attempt 1 of 2
[2024-04-15T20:36:58.099-0400] {taskinstance.py:2327} INFO - Executing <Task(BashOperator): bash_task> on 2024-03-25 00:00:00+00:00
[2024-04-15T20:36:58.103-0400] {standard_task_runner.py:63} INFO - Started process 52858 to run task
[2024-04-15T20:36:58.108-0400] {standard_task_runner.py:90} INFO - Running: ['airflow', 'tasks', 'run', 'preprocessing_dag', 'bash_task', 'scheduled__2024-03-25T00:00:00+00:00', '--job-id', '223', '--raw', '--subdir', 'DAGS_FOLDER/preprocessing_dag.py', '--cfg-path', '/var/folders/rf/bv8hf2w15f1f30n5rv6mfypr0000gn/T/tmpg8s4xsfo']
[2024-04-15T20:36:58.111-0400] {standard_task_runner.py:91} INFO - Job 223: Subtask bash_task
[2024-04-15T20:36:58.134-0400] {task_command.py:426} INFO - Running <TaskInstance: preprocessing_dag.bash_task scheduled__2024-03-25T00:00:00+00:00 [running]> on host manis-macbook-air.local
[2024-04-15T20:36:58.178-0400] {taskinstance.py:2644} INFO - Exporting env vars: AIRFLOW_CTX_DAG_OWNER='airflow' AIRFLOW_CTX_DAG_ID='preprocessing_dag' AIRFLOW_CTX_TASK_ID='bash_task' AIRFLOW_CTX_EXECUTION_DATE='2024-03-25T00:00:00+00:00' AIRFLOW_CTX_TRY_NUMBER='1' AIRFLOW_CTX_DAG_RUN_ID='scheduled__2024-03-25T00:00:00+00:00'
[2024-04-15T20:36:58.179-0400] {taskinstance.py:430} INFO - ::endgroup::
[2024-04-15T20:36:58.187-0400] {subprocess.py:63} INFO - Tmp dir root location: /var/folders/rf/bv8hf2w15f1f30n5rv6mfypr0000gn/T
[2024-04-15T20:36:58.188-0400] {subprocess.py:75} INFO - Running command: ['/bin/bash', '-c', 'cd /Users/manideepakreddyaila/Desktop/projects/Legal_Insights_Engine/cap_dbt && dbt run']
[2024-04-15T20:36:58.193-0400] {subprocess.py:86} INFO - Output:
[2024-04-15T20:37:00.384-0400] {subprocess.py:93} INFO - [0m00:37:00  Running with dbt=1.7.11
[2024-04-15T20:37:01.630-0400] {subprocess.py:93} INFO - [0m00:37:01  Registered adapter: snowflake=1.7.3
[2024-04-15T20:37:01.820-0400] {subprocess.py:93} INFO - [0m00:37:01  Found 3 models, 1 source, 0 exposures, 0 metrics, 544 macros, 0 groups, 0 semantic models
[2024-04-15T20:37:01.821-0400] {subprocess.py:93} INFO - [0m00:37:01
[2024-04-15T20:37:02.598-0400] {subprocess.py:93} INFO - [0m00:37:02  Concurrency: 1 threads (target='dev')
[2024-04-15T20:37:02.599-0400] {subprocess.py:93} INFO - [0m00:37:02
[2024-04-15T20:37:02.602-0400] {subprocess.py:93} INFO - [0m00:37:02  1 of 3 START sql view model DEV.raw_data_processing ............................ [RUN]
[2024-04-15T20:37:03.646-0400] {subprocess.py:93} INFO - [0m00:37:03  1 of 3 OK created sql view model DEV.raw_data_processing ....................... [[32mSUCCESS 1[0m in 1.04s]
[2024-04-15T20:37:03.648-0400] {subprocess.py:93} INFO - [0m00:37:03  2 of 3 START sql view model DEV.flatten ........................................ [RUN]
[2024-04-15T20:37:04.459-0400] {subprocess.py:93} INFO - [0m00:37:04  2 of 3 OK created sql view model DEV.flatten ................................... [[32mSUCCESS 1[0m in 0.81s]
[2024-04-15T20:37:04.462-0400] {subprocess.py:93} INFO - [0m00:37:04  3 of 3 START sql table model DEV.aggregation ................................... [RUN]
[2024-04-15T20:37:05.805-0400] {subprocess.py:93} INFO - [0m00:37:05  3 of 3 OK created sql table model DEV.aggregation .............................. [[32mSUCCESS 1[0m in 1.34s]
[2024-04-15T20:37:05.808-0400] {subprocess.py:93} INFO - [0m00:37:05
[2024-04-15T20:37:05.809-0400] {subprocess.py:93} INFO - [0m00:37:05  Finished running 2 view models, 1 table model in 0 hours 0 minutes and 3.99 seconds (3.99s).
[2024-04-15T20:37:05.820-0400] {subprocess.py:93} INFO - [0m00:37:05
[2024-04-15T20:37:05.821-0400] {subprocess.py:93} INFO - [0m00:37:05  [32mCompleted successfully[0m
[2024-04-15T20:37:05.821-0400] {subprocess.py:93} INFO - [0m00:37:05
[2024-04-15T20:37:05.822-0400] {subprocess.py:93} INFO - [0m00:37:05  Done. PASS=3 WARN=0 ERROR=0 SKIP=0 TOTAL=3
[2024-04-15T20:37:06.268-0400] {subprocess.py:97} INFO - Command exited with return code 0
[2024-04-15T20:37:06.270-0400] {taskinstance.py:441} INFO - ::group::Post task execution logs
[2024-04-15T20:37:06.289-0400] {taskinstance.py:1205} INFO - Marking task as SUCCESS. dag_id=preprocessing_dag, task_id=bash_task, execution_date=20240325T000000, start_date=20240416T003658, end_date=20240416T003706
[2024-04-15T20:37:06.305-0400] {local_task_job_runner.py:240} INFO - Task exited with return code 0
[2024-04-15T20:37:06.319-0400] {taskinstance.py:3482} INFO - 1 downstream tasks scheduled from follow-on schedule check
[2024-04-15T20:37:06.319-0400] {local_task_job_runner.py:222} INFO - ::endgroup::
