[2024-04-15T19:53:57.176-0400] {local_task_job_runner.py:120} INFO - ::group::Pre task execution logs
[2024-04-15T19:53:57.194-0400] {taskinstance.py:2073} INFO - Dependencies all met for dep_context=non-requeueable deps ti=<TaskInstance: preprocessing_dag.bash_task scheduled__2024-02-24T00:00:00+00:00 [queued]>
[2024-04-15T19:53:57.199-0400] {taskinstance.py:2073} INFO - Dependencies all met for dep_context=requeueable deps ti=<TaskInstance: preprocessing_dag.bash_task scheduled__2024-02-24T00:00:00+00:00 [queued]>
[2024-04-15T19:53:57.199-0400] {taskinstance.py:2303} INFO - Starting attempt 1 of 2
[2024-04-15T19:53:57.207-0400] {taskinstance.py:2327} INFO - Executing <Task(BashOperator): bash_task> on 2024-02-24 00:00:00+00:00
[2024-04-15T19:53:57.213-0400] {standard_task_runner.py:63} INFO - Started process 52190 to run task
[2024-04-15T19:53:57.218-0400] {standard_task_runner.py:90} INFO - Running: ['airflow', 'tasks', 'run', 'preprocessing_dag', 'bash_task', 'scheduled__2024-02-24T00:00:00+00:00', '--job-id', '162', '--raw', '--subdir', 'DAGS_FOLDER/preprocessing_dag.py', '--cfg-path', '/var/folders/rf/bv8hf2w15f1f30n5rv6mfypr0000gn/T/tmp12fwlf26']
[2024-04-15T19:53:57.221-0400] {standard_task_runner.py:91} INFO - Job 162: Subtask bash_task
[2024-04-15T19:53:57.256-0400] {task_command.py:426} INFO - Running <TaskInstance: preprocessing_dag.bash_task scheduled__2024-02-24T00:00:00+00:00 [running]> on host manis-macbook-air.local
[2024-04-15T19:53:57.310-0400] {taskinstance.py:2644} INFO - Exporting env vars: AIRFLOW_CTX_DAG_OWNER='airflow' AIRFLOW_CTX_DAG_ID='preprocessing_dag' AIRFLOW_CTX_TASK_ID='bash_task' AIRFLOW_CTX_EXECUTION_DATE='2024-02-24T00:00:00+00:00' AIRFLOW_CTX_TRY_NUMBER='1' AIRFLOW_CTX_DAG_RUN_ID='scheduled__2024-02-24T00:00:00+00:00'
[2024-04-15T19:53:57.310-0400] {taskinstance.py:430} INFO - ::endgroup::
[2024-04-15T19:53:57.321-0400] {subprocess.py:63} INFO - Tmp dir root location: /var/folders/rf/bv8hf2w15f1f30n5rv6mfypr0000gn/T
[2024-04-15T19:53:57.323-0400] {subprocess.py:75} INFO - Running command: ['/bin/bash', '-c', 'cd /Users/manideepakreddyaila/Desktop/projects/Legal_Insights_Engine/cap_dbt && dbt run']
[2024-04-15T19:53:57.330-0400] {subprocess.py:86} INFO - Output:
[2024-04-15T19:53:59.895-0400] {subprocess.py:93} INFO - [0m23:53:59  Running with dbt=1.7.11
[2024-04-15T19:54:01.490-0400] {subprocess.py:93} INFO - [0m23:54:01  Registered adapter: snowflake=1.7.3
[2024-04-15T19:54:01.653-0400] {subprocess.py:93} INFO - [0m23:54:01  Found 3 models, 1 source, 0 exposures, 0 metrics, 544 macros, 0 groups, 0 semantic models
[2024-04-15T19:54:01.654-0400] {subprocess.py:93} INFO - [0m23:54:01
[2024-04-15T19:54:03.328-0400] {subprocess.py:93} INFO - [0m23:54:03  Concurrency: 1 threads (target='dev')
[2024-04-15T19:54:03.329-0400] {subprocess.py:93} INFO - [0m23:54:03
[2024-04-15T19:54:03.332-0400] {subprocess.py:93} INFO - [0m23:54:03  1 of 3 START sql view model DEV.raw_data_processing ............................ [RUN]
[2024-04-15T19:54:04.108-0400] {subprocess.py:93} INFO - [0m23:54:04  1 of 3 OK created sql view model DEV.raw_data_processing ....................... [[32mSUCCESS 1[0m in 0.77s]
[2024-04-15T19:54:04.117-0400] {subprocess.py:93} INFO - [0m23:54:04  2 of 3 START sql view model DEV.flatten ........................................ [RUN]
[2024-04-15T19:54:05.331-0400] {subprocess.py:93} INFO - [0m23:54:05  2 of 3 OK created sql view model DEV.flatten ................................... [[32mSUCCESS 1[0m in 1.22s]
[2024-04-15T19:54:05.333-0400] {subprocess.py:93} INFO - [0m23:54:05  3 of 3 START sql table model DEV.aggregation ................................... [RUN]
[2024-04-15T19:54:06.734-0400] {subprocess.py:93} INFO - [0m23:54:06  3 of 3 OK created sql table model DEV.aggregation .............................. [[32mSUCCESS 1[0m in 1.40s]
[2024-04-15T19:54:06.737-0400] {subprocess.py:93} INFO - [0m23:54:06
[2024-04-15T19:54:06.738-0400] {subprocess.py:93} INFO - [0m23:54:06  Finished running 2 view models, 1 table model in 0 hours 0 minutes and 5.08 seconds (5.08s).
[2024-04-15T19:54:06.756-0400] {subprocess.py:93} INFO - [0m23:54:06
[2024-04-15T19:54:06.757-0400] {subprocess.py:93} INFO - [0m23:54:06  [32mCompleted successfully[0m
[2024-04-15T19:54:06.758-0400] {subprocess.py:93} INFO - [0m23:54:06
[2024-04-15T19:54:06.758-0400] {subprocess.py:93} INFO - [0m23:54:06  Done. PASS=3 WARN=0 ERROR=0 SKIP=0 TOTAL=3
[2024-04-15T19:54:07.328-0400] {subprocess.py:97} INFO - Command exited with return code 0
[2024-04-15T19:54:07.331-0400] {taskinstance.py:441} INFO - ::group::Post task execution logs
[2024-04-15T19:54:07.349-0400] {taskinstance.py:1205} INFO - Marking task as SUCCESS. dag_id=preprocessing_dag, task_id=bash_task, execution_date=20240224T000000, start_date=20240415T235357, end_date=20240415T235407
[2024-04-15T19:54:07.380-0400] {local_task_job_runner.py:240} INFO - Task exited with return code 0
[2024-04-15T19:54:07.393-0400] {taskinstance.py:3482} INFO - 1 downstream tasks scheduled from follow-on schedule check
[2024-04-15T19:54:07.394-0400] {local_task_job_runner.py:222} INFO - ::endgroup::
