[2024-04-15T20:35:16.474-0400] {local_task_job_runner.py:120} INFO - ::group::Pre task execution logs
[2024-04-15T20:35:16.492-0400] {taskinstance.py:2073} INFO - Dependencies all met for dep_context=non-requeueable deps ti=<TaskInstance: preprocessing_dag.bash_task scheduled__2024-03-18T00:00:00+00:00 [queued]>
[2024-04-15T20:35:16.495-0400] {taskinstance.py:2073} INFO - Dependencies all met for dep_context=requeueable deps ti=<TaskInstance: preprocessing_dag.bash_task scheduled__2024-03-18T00:00:00+00:00 [queued]>
[2024-04-15T20:35:16.496-0400] {taskinstance.py:2303} INFO - Starting attempt 1 of 2
[2024-04-15T20:35:16.503-0400] {taskinstance.py:2327} INFO - Executing <Task(BashOperator): bash_task> on 2024-03-18 00:00:00+00:00
[2024-04-15T20:35:16.507-0400] {standard_task_runner.py:63} INFO - Started process 52741 to run task
[2024-04-15T20:35:16.512-0400] {standard_task_runner.py:90} INFO - Running: ['airflow', 'tasks', 'run', 'preprocessing_dag', 'bash_task', 'scheduled__2024-03-18T00:00:00+00:00', '--job-id', '207', '--raw', '--subdir', 'DAGS_FOLDER/preprocessing_dag.py', '--cfg-path', '/var/folders/rf/bv8hf2w15f1f30n5rv6mfypr0000gn/T/tmpx9hmxs6j']
[2024-04-15T20:35:16.515-0400] {standard_task_runner.py:91} INFO - Job 207: Subtask bash_task
[2024-04-15T20:35:16.537-0400] {task_command.py:426} INFO - Running <TaskInstance: preprocessing_dag.bash_task scheduled__2024-03-18T00:00:00+00:00 [running]> on host manis-macbook-air.local
[2024-04-15T20:35:16.579-0400] {taskinstance.py:2644} INFO - Exporting env vars: AIRFLOW_CTX_DAG_OWNER='airflow' AIRFLOW_CTX_DAG_ID='preprocessing_dag' AIRFLOW_CTX_TASK_ID='bash_task' AIRFLOW_CTX_EXECUTION_DATE='2024-03-18T00:00:00+00:00' AIRFLOW_CTX_TRY_NUMBER='1' AIRFLOW_CTX_DAG_RUN_ID='scheduled__2024-03-18T00:00:00+00:00'
[2024-04-15T20:35:16.580-0400] {taskinstance.py:430} INFO - ::endgroup::
[2024-04-15T20:35:16.590-0400] {subprocess.py:63} INFO - Tmp dir root location: /var/folders/rf/bv8hf2w15f1f30n5rv6mfypr0000gn/T
[2024-04-15T20:35:16.591-0400] {subprocess.py:75} INFO - Running command: ['/bin/bash', '-c', 'cd /Users/manideepakreddyaila/Desktop/projects/Legal_Insights_Engine/cap_dbt && dbt run']
[2024-04-15T20:35:16.596-0400] {subprocess.py:86} INFO - Output:
[2024-04-15T20:35:18.744-0400] {subprocess.py:93} INFO - [0m00:35:18  Running with dbt=1.7.11
[2024-04-15T20:35:19.988-0400] {subprocess.py:93} INFO - [0m00:35:19  Registered adapter: snowflake=1.7.3
[2024-04-15T20:35:20.141-0400] {subprocess.py:93} INFO - [0m00:35:20  Found 3 models, 1 source, 0 exposures, 0 metrics, 544 macros, 0 groups, 0 semantic models
[2024-04-15T20:35:20.143-0400] {subprocess.py:93} INFO - [0m00:35:20
[2024-04-15T20:35:21.339-0400] {subprocess.py:93} INFO - [0m00:35:21  Concurrency: 1 threads (target='dev')
[2024-04-15T20:35:21.340-0400] {subprocess.py:93} INFO - [0m00:35:21
[2024-04-15T20:35:21.343-0400] {subprocess.py:93} INFO - [0m00:35:21  1 of 3 START sql view model DEV.raw_data_processing ............................ [RUN]
[2024-04-15T20:35:22.145-0400] {subprocess.py:93} INFO - [0m00:35:22  1 of 3 OK created sql view model DEV.raw_data_processing ....................... [[32mSUCCESS 1[0m in 0.80s]
[2024-04-15T20:35:22.147-0400] {subprocess.py:93} INFO - [0m00:35:22  2 of 3 START sql view model DEV.flatten ........................................ [RUN]
[2024-04-15T20:35:22.764-0400] {subprocess.py:93} INFO - [0m00:35:22  2 of 3 OK created sql view model DEV.flatten ................................... [[32mSUCCESS 1[0m in 0.62s]
[2024-04-15T20:35:22.766-0400] {subprocess.py:93} INFO - [0m00:35:22  3 of 3 START sql table model DEV.aggregation ................................... [RUN]
[2024-04-15T20:35:24.221-0400] {subprocess.py:93} INFO - [0m00:35:24  3 of 3 OK created sql table model DEV.aggregation .............................. [[32mSUCCESS 1[0m in 1.45s]
[2024-04-15T20:35:24.224-0400] {subprocess.py:93} INFO - [0m00:35:24
[2024-04-15T20:35:24.225-0400] {subprocess.py:93} INFO - [0m00:35:24  Finished running 2 view models, 1 table model in 0 hours 0 minutes and 4.08 seconds (4.08s).
[2024-04-15T20:35:24.234-0400] {subprocess.py:93} INFO - [0m00:35:24
[2024-04-15T20:35:24.235-0400] {subprocess.py:93} INFO - [0m00:35:24  [32mCompleted successfully[0m
[2024-04-15T20:35:24.235-0400] {subprocess.py:93} INFO - [0m00:35:24
[2024-04-15T20:35:24.236-0400] {subprocess.py:93} INFO - [0m00:35:24  Done. PASS=3 WARN=0 ERROR=0 SKIP=0 TOTAL=3
[2024-04-15T20:35:24.739-0400] {subprocess.py:97} INFO - Command exited with return code 0
[2024-04-15T20:35:24.741-0400] {taskinstance.py:441} INFO - ::group::Post task execution logs
[2024-04-15T20:35:24.758-0400] {taskinstance.py:1205} INFO - Marking task as SUCCESS. dag_id=preprocessing_dag, task_id=bash_task, execution_date=20240318T000000, start_date=20240416T003516, end_date=20240416T003524
[2024-04-15T20:35:24.785-0400] {local_task_job_runner.py:240} INFO - Task exited with return code 0
[2024-04-15T20:35:24.795-0400] {taskinstance.py:3482} INFO - 1 downstream tasks scheduled from follow-on schedule check
[2024-04-15T20:35:24.796-0400] {local_task_job_runner.py:222} INFO - ::endgroup::
