[2024-04-15T13:33:24.615-0400] {local_task_job_runner.py:120} INFO - ::group::Pre task execution logs
[2024-04-15T13:33:24.635-0400] {taskinstance.py:2073} INFO - Dependencies all met for dep_context=non-requeueable deps ti=<TaskInstance: preprocessing_dag.bash_task scheduled__2024-01-01T00:00:00+00:00 [queued]>
[2024-04-15T13:33:24.638-0400] {taskinstance.py:2073} INFO - Dependencies all met for dep_context=requeueable deps ti=<TaskInstance: preprocessing_dag.bash_task scheduled__2024-01-01T00:00:00+00:00 [queued]>
[2024-04-15T13:33:24.638-0400] {taskinstance.py:2303} INFO - Starting attempt 1 of 2
[2024-04-15T13:33:24.643-0400] {taskinstance.py:2327} INFO - Executing <Task(BashOperator): bash_task> on 2024-01-01 00:00:00+00:00
[2024-04-15T13:33:24.648-0400] {standard_task_runner.py:63} INFO - Started process 47720 to run task
[2024-04-15T13:33:24.651-0400] {standard_task_runner.py:90} INFO - Running: ['airflow', 'tasks', 'run', 'preprocessing_dag', 'bash_task', 'scheduled__2024-01-01T00:00:00+00:00', '--job-id', '7', '--raw', '--subdir', 'DAGS_FOLDER/preprocessing_dag.py', '--cfg-path', '/var/folders/rf/bv8hf2w15f1f30n5rv6mfypr0000gn/T/tmp891r6iqy']
[2024-04-15T13:33:24.653-0400] {standard_task_runner.py:91} INFO - Job 7: Subtask bash_task
[2024-04-15T13:33:24.681-0400] {task_command.py:426} INFO - Running <TaskInstance: preprocessing_dag.bash_task scheduled__2024-01-01T00:00:00+00:00 [running]> on host manis-macbook-air.local
[2024-04-15T13:33:24.702-0400] {taskinstance.py:2644} INFO - Exporting env vars: AIRFLOW_CTX_DAG_OWNER='airflow' AIRFLOW_CTX_DAG_ID='preprocessing_dag' AIRFLOW_CTX_TASK_ID='bash_task' AIRFLOW_CTX_EXECUTION_DATE='2024-01-01T00:00:00+00:00' AIRFLOW_CTX_TRY_NUMBER='1' AIRFLOW_CTX_DAG_RUN_ID='scheduled__2024-01-01T00:00:00+00:00'
[2024-04-15T13:33:24.703-0400] {taskinstance.py:430} INFO - ::endgroup::
[2024-04-15T13:33:24.704-0400] {subprocess.py:63} INFO - Tmp dir root location: /var/folders/rf/bv8hf2w15f1f30n5rv6mfypr0000gn/T
[2024-04-15T13:33:24.705-0400] {subprocess.py:75} INFO - Running command: ['/bin/bash', '-c', 'cd /Users/manideepakreddyaila/Desktop/projects/Legal_Insights_Engine/cap_dbt && dbt run']
[2024-04-15T13:33:24.709-0400] {subprocess.py:86} INFO - Output:
[2024-04-15T13:33:26.023-0400] {subprocess.py:93} INFO - [0m17:33:26  Running with dbt=1.7.11
[2024-04-15T13:33:26.726-0400] {subprocess.py:93} INFO - [0m17:33:26  Registered adapter: snowflake=1.7.3
[2024-04-15T13:33:26.791-0400] {subprocess.py:93} INFO - [0m17:33:26  Unable to do partial parsing because a project config has changed
[2024-04-15T13:33:27.386-0400] {subprocess.py:93} INFO - [0m17:33:27  Found 3 models, 1 source, 0 exposures, 0 metrics, 544 macros, 0 groups, 0 semantic models
[2024-04-15T13:33:27.387-0400] {subprocess.py:93} INFO - [0m17:33:27
[2024-04-15T13:33:29.368-0400] {subprocess.py:93} INFO - [0m17:33:29  Concurrency: 1 threads (target='dev')
[2024-04-15T13:33:29.370-0400] {subprocess.py:93} INFO - [0m17:33:29
[2024-04-15T13:33:29.374-0400] {subprocess.py:93} INFO - [0m17:33:29  1 of 3 START sql view model DEV.raw_data_processing ............................ [RUN]
[2024-04-15T13:33:30.045-0400] {subprocess.py:93} INFO - [0m17:33:30  1 of 3 OK created sql view model DEV.raw_data_processing ....................... [[32mSUCCESS 1[0m in 0.67s]
[2024-04-15T13:33:30.048-0400] {subprocess.py:93} INFO - [0m17:33:30  2 of 3 START sql view model DEV.flatten ........................................ [RUN]
[2024-04-15T13:33:30.543-0400] {subprocess.py:93} INFO - [0m17:33:30  2 of 3 OK created sql view model DEV.flatten ................................... [[32mSUCCESS 1[0m in 0.49s]
[2024-04-15T13:33:30.548-0400] {subprocess.py:93} INFO - [0m17:33:30  3 of 3 START sql table model DEV.aggregation ................................... [RUN]
[2024-04-15T13:33:34.096-0400] {subprocess.py:93} INFO - [0m17:33:34  3 of 3 OK created sql table model DEV.aggregation .............................. [[32mSUCCESS 1[0m in 3.54s]
[2024-04-15T13:33:34.102-0400] {subprocess.py:93} INFO - [0m17:33:34
[2024-04-15T13:33:34.104-0400] {subprocess.py:93} INFO - [0m17:33:34  Finished running 2 view models, 1 table model in 0 hours 0 minutes and 6.72 seconds (6.72s).
[2024-04-15T13:33:34.126-0400] {subprocess.py:93} INFO - [0m17:33:34
[2024-04-15T13:33:34.127-0400] {subprocess.py:93} INFO - [0m17:33:34  [32mCompleted successfully[0m
[2024-04-15T13:33:34.127-0400] {subprocess.py:93} INFO - [0m17:33:34
[2024-04-15T13:33:34.128-0400] {subprocess.py:93} INFO - [0m17:33:34  Done. PASS=3 WARN=0 ERROR=0 SKIP=0 TOTAL=3
[2024-04-15T13:33:34.531-0400] {subprocess.py:97} INFO - Command exited with return code 0
[2024-04-15T13:33:34.532-0400] {taskinstance.py:441} INFO - ::group::Post task execution logs
[2024-04-15T13:33:34.543-0400] {taskinstance.py:1205} INFO - Marking task as SUCCESS. dag_id=preprocessing_dag, task_id=bash_task, execution_date=20240101T000000, start_date=20240415T173324, end_date=20240415T173334
[2024-04-15T13:33:34.562-0400] {local_task_job_runner.py:240} INFO - Task exited with return code 0
[2024-04-15T13:33:34.570-0400] {taskinstance.py:3482} INFO - 1 downstream tasks scheduled from follow-on schedule check
[2024-04-15T13:33:34.570-0400] {local_task_job_runner.py:222} INFO - ::endgroup::
