[2024-04-15T13:33:45.951-0400] {local_task_job_runner.py:120} INFO - ::group::Pre task execution logs
[2024-04-15T13:33:45.963-0400] {taskinstance.py:2073} INFO - Dependencies all met for dep_context=non-requeueable deps ti=<TaskInstance: preprocessing_dag.bash_task manual__2024-04-15T17:33:23.022615+00:00 [queued]>
[2024-04-15T13:33:45.965-0400] {taskinstance.py:2073} INFO - Dependencies all met for dep_context=requeueable deps ti=<TaskInstance: preprocessing_dag.bash_task manual__2024-04-15T17:33:23.022615+00:00 [queued]>
[2024-04-15T13:33:45.965-0400] {taskinstance.py:2303} INFO - Starting attempt 1 of 2
[2024-04-15T13:33:45.969-0400] {taskinstance.py:2327} INFO - Executing <Task(BashOperator): bash_task> on 2024-04-15 17:33:23.022615+00:00
[2024-04-15T13:33:45.974-0400] {standard_task_runner.py:63} INFO - Started process 47745 to run task
[2024-04-15T13:33:45.977-0400] {standard_task_runner.py:90} INFO - Running: ['airflow', 'tasks', 'run', 'preprocessing_dag', 'bash_task', 'manual__2024-04-15T17:33:23.022615+00:00', '--job-id', '9', '--raw', '--subdir', 'DAGS_FOLDER/preprocessing_dag.py', '--cfg-path', '/var/folders/rf/bv8hf2w15f1f30n5rv6mfypr0000gn/T/tmplpn72eo5']
[2024-04-15T13:33:45.979-0400] {standard_task_runner.py:91} INFO - Job 9: Subtask bash_task
[2024-04-15T13:33:46.000-0400] {task_command.py:426} INFO - Running <TaskInstance: preprocessing_dag.bash_task manual__2024-04-15T17:33:23.022615+00:00 [running]> on host manis-macbook-air.local
[2024-04-15T13:33:46.023-0400] {taskinstance.py:2644} INFO - Exporting env vars: AIRFLOW_CTX_DAG_OWNER='airflow' AIRFLOW_CTX_DAG_ID='preprocessing_dag' AIRFLOW_CTX_TASK_ID='bash_task' AIRFLOW_CTX_EXECUTION_DATE='2024-04-15T17:33:23.022615+00:00' AIRFLOW_CTX_TRY_NUMBER='1' AIRFLOW_CTX_DAG_RUN_ID='manual__2024-04-15T17:33:23.022615+00:00'
[2024-04-15T13:33:46.024-0400] {taskinstance.py:430} INFO - ::endgroup::
[2024-04-15T13:33:46.025-0400] {subprocess.py:63} INFO - Tmp dir root location: /var/folders/rf/bv8hf2w15f1f30n5rv6mfypr0000gn/T
[2024-04-15T13:33:46.025-0400] {subprocess.py:75} INFO - Running command: ['/bin/bash', '-c', 'cd /Users/manideepakreddyaila/Desktop/projects/Legal_Insights_Engine/cap_dbt && dbt run']
[2024-04-15T13:33:46.029-0400] {subprocess.py:86} INFO - Output:
[2024-04-15T13:33:47.113-0400] {subprocess.py:93} INFO - [0m17:33:47  Running with dbt=1.7.11
[2024-04-15T13:33:47.774-0400] {subprocess.py:93} INFO - [0m17:33:47  Registered adapter: snowflake=1.7.3
[2024-04-15T13:33:47.875-0400] {subprocess.py:93} INFO - [0m17:33:47  Found 3 models, 1 source, 0 exposures, 0 metrics, 544 macros, 0 groups, 0 semantic models
[2024-04-15T13:33:47.876-0400] {subprocess.py:93} INFO - [0m17:33:47
[2024-04-15T13:33:48.577-0400] {subprocess.py:93} INFO - [0m17:33:48  Concurrency: 1 threads (target='dev')
[2024-04-15T13:33:48.579-0400] {subprocess.py:93} INFO - [0m17:33:48
[2024-04-15T13:33:48.583-0400] {subprocess.py:93} INFO - [0m17:33:48  1 of 3 START sql view model DEV.raw_data_processing ............................ [RUN]
[2024-04-15T13:33:49.094-0400] {subprocess.py:93} INFO - [0m17:33:49  1 of 3 OK created sql view model DEV.raw_data_processing ....................... [[32mSUCCESS 1[0m in 0.51s]
[2024-04-15T13:33:49.097-0400] {subprocess.py:93} INFO - [0m17:33:49  2 of 3 START sql view model DEV.flatten ........................................ [RUN]
[2024-04-15T13:33:49.543-0400] {subprocess.py:93} INFO - [0m17:33:49  2 of 3 OK created sql view model DEV.flatten ................................... [[32mSUCCESS 1[0m in 0.44s]
[2024-04-15T13:33:49.547-0400] {subprocess.py:93} INFO - [0m17:33:49  3 of 3 START sql table model DEV.aggregation ................................... [RUN]
[2024-04-15T13:33:51.397-0400] {subprocess.py:93} INFO - [0m17:33:51  3 of 3 OK created sql table model DEV.aggregation .............................. [[32mSUCCESS 1[0m in 1.85s]
[2024-04-15T13:33:51.401-0400] {subprocess.py:93} INFO - [0m17:33:51
[2024-04-15T13:33:51.402-0400] {subprocess.py:93} INFO - [0m17:33:51  Finished running 2 view models, 1 table model in 0 hours 0 minutes and 3.52 seconds (3.52s).
[2024-04-15T13:33:51.420-0400] {subprocess.py:93} INFO - [0m17:33:51
[2024-04-15T13:33:51.421-0400] {subprocess.py:93} INFO - [0m17:33:51  [32mCompleted successfully[0m
[2024-04-15T13:33:51.421-0400] {subprocess.py:93} INFO - [0m17:33:51
[2024-04-15T13:33:51.422-0400] {subprocess.py:93} INFO - [0m17:33:51  Done. PASS=3 WARN=0 ERROR=0 SKIP=0 TOTAL=3
[2024-04-15T13:33:51.757-0400] {subprocess.py:97} INFO - Command exited with return code 0
[2024-04-15T13:33:51.758-0400] {taskinstance.py:441} INFO - ::group::Post task execution logs
[2024-04-15T13:33:51.767-0400] {taskinstance.py:1205} INFO - Marking task as SUCCESS. dag_id=preprocessing_dag, task_id=bash_task, execution_date=20240415T173323, start_date=20240415T173345, end_date=20240415T173351
[2024-04-15T13:33:51.809-0400] {local_task_job_runner.py:240} INFO - Task exited with return code 0
[2024-04-15T13:33:51.817-0400] {taskinstance.py:3482} INFO - 1 downstream tasks scheduled from follow-on schedule check
[2024-04-15T13:33:51.818-0400] {local_task_job_runner.py:222} INFO - ::endgroup::
