[2024-04-15T20:34:48.927-0400] {local_task_job_runner.py:120} INFO - ::group::Pre task execution logs
[2024-04-15T20:34:48.981-0400] {taskinstance.py:2073} INFO - Dependencies all met for dep_context=non-requeueable deps ti=<TaskInstance: preprocessing_dag.bash_task scheduled__2024-03-16T00:00:00+00:00 [queued]>
[2024-04-15T20:34:48.985-0400] {taskinstance.py:2073} INFO - Dependencies all met for dep_context=requeueable deps ti=<TaskInstance: preprocessing_dag.bash_task scheduled__2024-03-16T00:00:00+00:00 [queued]>
[2024-04-15T20:34:48.985-0400] {taskinstance.py:2303} INFO - Starting attempt 1 of 2
[2024-04-15T20:34:48.994-0400] {taskinstance.py:2327} INFO - Executing <Task(BashOperator): bash_task> on 2024-03-16 00:00:00+00:00
[2024-04-15T20:34:48.999-0400] {standard_task_runner.py:63} INFO - Started process 52709 to run task
[2024-04-15T20:34:49.003-0400] {standard_task_runner.py:90} INFO - Running: ['airflow', 'tasks', 'run', 'preprocessing_dag', 'bash_task', 'scheduled__2024-03-16T00:00:00+00:00', '--job-id', '203', '--raw', '--subdir', 'DAGS_FOLDER/preprocessing_dag.py', '--cfg-path', '/var/folders/rf/bv8hf2w15f1f30n5rv6mfypr0000gn/T/tmpsv0_yg2c']
[2024-04-15T20:34:49.005-0400] {standard_task_runner.py:91} INFO - Job 203: Subtask bash_task
[2024-04-15T20:34:49.027-0400] {task_command.py:426} INFO - Running <TaskInstance: preprocessing_dag.bash_task scheduled__2024-03-16T00:00:00+00:00 [running]> on host manis-macbook-air.local
[2024-04-15T20:34:49.064-0400] {taskinstance.py:2644} INFO - Exporting env vars: AIRFLOW_CTX_DAG_OWNER='airflow' AIRFLOW_CTX_DAG_ID='preprocessing_dag' AIRFLOW_CTX_TASK_ID='bash_task' AIRFLOW_CTX_EXECUTION_DATE='2024-03-16T00:00:00+00:00' AIRFLOW_CTX_TRY_NUMBER='1' AIRFLOW_CTX_DAG_RUN_ID='scheduled__2024-03-16T00:00:00+00:00'
[2024-04-15T20:34:49.065-0400] {taskinstance.py:430} INFO - ::endgroup::
[2024-04-15T20:34:49.072-0400] {subprocess.py:63} INFO - Tmp dir root location: /var/folders/rf/bv8hf2w15f1f30n5rv6mfypr0000gn/T
[2024-04-15T20:34:49.073-0400] {subprocess.py:75} INFO - Running command: ['/bin/bash', '-c', 'cd /Users/manideepakreddyaila/Desktop/projects/Legal_Insights_Engine/cap_dbt && dbt run']
[2024-04-15T20:34:49.079-0400] {subprocess.py:86} INFO - Output:
[2024-04-15T20:34:51.186-0400] {subprocess.py:93} INFO - [0m00:34:51  Running with dbt=1.7.11
[2024-04-15T20:34:52.530-0400] {subprocess.py:93} INFO - [0m00:34:52  Registered adapter: snowflake=1.7.3
[2024-04-15T20:34:52.691-0400] {subprocess.py:93} INFO - [0m00:34:52  Found 3 models, 1 source, 0 exposures, 0 metrics, 544 macros, 0 groups, 0 semantic models
[2024-04-15T20:34:52.693-0400] {subprocess.py:93} INFO - [0m00:34:52
[2024-04-15T20:34:53.918-0400] {subprocess.py:93} INFO - [0m00:34:53  Concurrency: 1 threads (target='dev')
[2024-04-15T20:34:53.919-0400] {subprocess.py:93} INFO - [0m00:34:53
[2024-04-15T20:34:53.921-0400] {subprocess.py:93} INFO - [0m00:34:53  1 of 3 START sql view model DEV.raw_data_processing ............................ [RUN]
[2024-04-15T20:34:55.350-0400] {subprocess.py:93} INFO - [0m00:34:55  1 of 3 OK created sql view model DEV.raw_data_processing ....................... [[32mSUCCESS 1[0m in 1.43s]
[2024-04-15T20:34:55.352-0400] {subprocess.py:93} INFO - [0m00:34:55  2 of 3 START sql view model DEV.flatten ........................................ [RUN]
[2024-04-15T20:34:55.861-0400] {subprocess.py:93} INFO - [0m00:34:55  2 of 3 OK created sql view model DEV.flatten ................................... [[32mSUCCESS 1[0m in 0.51s]
[2024-04-15T20:34:55.862-0400] {subprocess.py:93} INFO - [0m00:34:55  3 of 3 START sql table model DEV.aggregation ................................... [RUN]
[2024-04-15T20:34:56.986-0400] {subprocess.py:93} INFO - [0m00:34:56  3 of 3 OK created sql table model DEV.aggregation .............................. [[32mSUCCESS 1[0m in 1.12s]
[2024-04-15T20:34:56.990-0400] {subprocess.py:93} INFO - [0m00:34:56
[2024-04-15T20:34:56.990-0400] {subprocess.py:93} INFO - [0m00:34:56  Finished running 2 view models, 1 table model in 0 hours 0 minutes and 4.30 seconds (4.30s).
[2024-04-15T20:34:57.005-0400] {subprocess.py:93} INFO - [0m00:34:57
[2024-04-15T20:34:57.006-0400] {subprocess.py:93} INFO - [0m00:34:57  [32mCompleted successfully[0m
[2024-04-15T20:34:57.007-0400] {subprocess.py:93} INFO - [0m00:34:57
[2024-04-15T20:34:57.007-0400] {subprocess.py:93} INFO - [0m00:34:57  Done. PASS=3 WARN=0 ERROR=0 SKIP=0 TOTAL=3
[2024-04-15T20:34:57.690-0400] {subprocess.py:97} INFO - Command exited with return code 0
[2024-04-15T20:34:57.692-0400] {taskinstance.py:441} INFO - ::group::Post task execution logs
[2024-04-15T20:34:57.711-0400] {taskinstance.py:1205} INFO - Marking task as SUCCESS. dag_id=preprocessing_dag, task_id=bash_task, execution_date=20240316T000000, start_date=20240416T003448, end_date=20240416T003457
[2024-04-15T20:34:57.735-0400] {local_task_job_runner.py:240} INFO - Task exited with return code 0
[2024-04-15T20:34:57.750-0400] {taskinstance.py:3482} INFO - 1 downstream tasks scheduled from follow-on schedule check
[2024-04-15T20:34:57.751-0400] {local_task_job_runner.py:222} INFO - ::endgroup::
