[2024-04-15T13:35:34.859-0400] {local_task_job_runner.py:120} INFO - ::group::Pre task execution logs
[2024-04-15T13:35:34.869-0400] {taskinstance.py:2073} INFO - Dependencies all met for dep_context=non-requeueable deps ti=<TaskInstance: preprocessing_dag.bash_task scheduled__2024-01-12T00:00:00+00:00 [queued]>
[2024-04-15T13:35:34.871-0400] {taskinstance.py:2073} INFO - Dependencies all met for dep_context=requeueable deps ti=<TaskInstance: preprocessing_dag.bash_task scheduled__2024-01-12T00:00:00+00:00 [queued]>
[2024-04-15T13:35:34.871-0400] {taskinstance.py:2303} INFO - Starting attempt 1 of 2
[2024-04-15T13:35:34.875-0400] {taskinstance.py:2327} INFO - Executing <Task(BashOperator): bash_task> on 2024-01-12 00:00:00+00:00
[2024-04-15T13:35:34.879-0400] {standard_task_runner.py:63} INFO - Started process 47882 to run task
[2024-04-15T13:35:34.883-0400] {standard_task_runner.py:90} INFO - Running: ['airflow', 'tasks', 'run', 'preprocessing_dag', 'bash_task', 'scheduled__2024-01-12T00:00:00+00:00', '--job-id', '30', '--raw', '--subdir', 'DAGS_FOLDER/preprocessing_dag.py', '--cfg-path', '/var/folders/rf/bv8hf2w15f1f30n5rv6mfypr0000gn/T/tmpz59jtnqn']
[2024-04-15T13:35:34.886-0400] {standard_task_runner.py:91} INFO - Job 30: Subtask bash_task
[2024-04-15T13:35:34.905-0400] {task_command.py:426} INFO - Running <TaskInstance: preprocessing_dag.bash_task scheduled__2024-01-12T00:00:00+00:00 [running]> on host manis-macbook-air.local
[2024-04-15T13:35:34.925-0400] {taskinstance.py:2644} INFO - Exporting env vars: AIRFLOW_CTX_DAG_OWNER='airflow' AIRFLOW_CTX_DAG_ID='preprocessing_dag' AIRFLOW_CTX_TASK_ID='bash_task' AIRFLOW_CTX_EXECUTION_DATE='2024-01-12T00:00:00+00:00' AIRFLOW_CTX_TRY_NUMBER='1' AIRFLOW_CTX_DAG_RUN_ID='scheduled__2024-01-12T00:00:00+00:00'
[2024-04-15T13:35:34.925-0400] {taskinstance.py:430} INFO - ::endgroup::
[2024-04-15T13:35:34.926-0400] {subprocess.py:63} INFO - Tmp dir root location: /var/folders/rf/bv8hf2w15f1f30n5rv6mfypr0000gn/T
[2024-04-15T13:35:34.926-0400] {subprocess.py:75} INFO - Running command: ['/bin/bash', '-c', 'cd /Users/manideepakreddyaila/Desktop/projects/Legal_Insights_Engine/cap_dbt && dbt run']
[2024-04-15T13:35:34.930-0400] {subprocess.py:86} INFO - Output:
[2024-04-15T13:35:35.984-0400] {subprocess.py:93} INFO - [0m17:35:35  Running with dbt=1.7.11
[2024-04-15T13:35:36.628-0400] {subprocess.py:93} INFO - [0m17:35:36  Registered adapter: snowflake=1.7.3
[2024-04-15T13:35:36.718-0400] {subprocess.py:93} INFO - [0m17:35:36  Found 3 models, 1 source, 0 exposures, 0 metrics, 544 macros, 0 groups, 0 semantic models
[2024-04-15T13:35:36.719-0400] {subprocess.py:93} INFO - [0m17:35:36
[2024-04-15T13:35:37.675-0400] {subprocess.py:93} INFO - [0m17:35:37  Concurrency: 1 threads (target='dev')
[2024-04-15T13:35:37.678-0400] {subprocess.py:93} INFO - [0m17:35:37
[2024-04-15T13:35:37.682-0400] {subprocess.py:93} INFO - [0m17:35:37  1 of 3 START sql view model DEV.raw_data_processing ............................ [RUN]
[2024-04-15T13:35:38.590-0400] {subprocess.py:93} INFO - [0m17:35:38  1 of 3 OK created sql view model DEV.raw_data_processing ....................... [[32mSUCCESS 1[0m in 0.90s]
[2024-04-15T13:35:38.594-0400] {subprocess.py:93} INFO - [0m17:35:38  2 of 3 START sql view model DEV.flatten ........................................ [RUN]
[2024-04-15T13:35:39.206-0400] {subprocess.py:93} INFO - [0m17:35:39  2 of 3 OK created sql view model DEV.flatten ................................... [[32mSUCCESS 1[0m in 0.61s]
[2024-04-15T13:35:39.211-0400] {subprocess.py:93} INFO - [0m17:35:39  3 of 3 START sql table model DEV.aggregation ................................... [RUN]
[2024-04-15T13:35:40.943-0400] {subprocess.py:93} INFO - [0m17:35:40  3 of 3 OK created sql table model DEV.aggregation .............................. [[32mSUCCESS 1[0m in 1.73s]
[2024-04-15T13:35:40.948-0400] {subprocess.py:93} INFO - [0m17:35:40
[2024-04-15T13:35:40.949-0400] {subprocess.py:93} INFO - [0m17:35:40  Finished running 2 view models, 1 table model in 0 hours 0 minutes and 4.23 seconds (4.23s).
[2024-04-15T13:35:40.969-0400] {subprocess.py:93} INFO - [0m17:35:40
[2024-04-15T13:35:40.971-0400] {subprocess.py:93} INFO - [0m17:35:40  [32mCompleted successfully[0m
[2024-04-15T13:35:40.971-0400] {subprocess.py:93} INFO - [0m17:35:40
[2024-04-15T13:35:40.972-0400] {subprocess.py:93} INFO - [0m17:35:40  Done. PASS=3 WARN=0 ERROR=0 SKIP=0 TOTAL=3
[2024-04-15T13:35:41.304-0400] {subprocess.py:97} INFO - Command exited with return code 0
[2024-04-15T13:35:41.304-0400] {taskinstance.py:441} INFO - ::group::Post task execution logs
[2024-04-15T13:35:41.314-0400] {taskinstance.py:1205} INFO - Marking task as SUCCESS. dag_id=preprocessing_dag, task_id=bash_task, execution_date=20240112T000000, start_date=20240415T173534, end_date=20240415T173541
[2024-04-15T13:35:41.334-0400] {local_task_job_runner.py:240} INFO - Task exited with return code 0
[2024-04-15T13:35:41.341-0400] {taskinstance.py:3482} INFO - 1 downstream tasks scheduled from follow-on schedule check
[2024-04-15T13:35:41.341-0400] {local_task_job_runner.py:222} INFO - ::endgroup::
