[2024-04-15T19:10:49.754-0400] {local_task_job_runner.py:120} INFO - ::group::Pre task execution logs
[2024-04-15T19:10:49.772-0400] {taskinstance.py:2073} INFO - Dependencies all met for dep_context=non-requeueable deps ti=<TaskInstance: preprocessing_dag.bash_task scheduled__2024-02-08T00:00:00+00:00 [queued]>
[2024-04-15T19:10:49.776-0400] {taskinstance.py:2073} INFO - Dependencies all met for dep_context=requeueable deps ti=<TaskInstance: preprocessing_dag.bash_task scheduled__2024-02-08T00:00:00+00:00 [queued]>
[2024-04-15T19:10:49.776-0400] {taskinstance.py:2303} INFO - Starting attempt 1 of 2
[2024-04-15T19:10:49.783-0400] {taskinstance.py:2327} INFO - Executing <Task(BashOperator): bash_task> on 2024-02-08 00:00:00+00:00
[2024-04-15T19:10:49.788-0400] {standard_task_runner.py:63} INFO - Started process 49717 to run task
[2024-04-15T19:10:49.794-0400] {standard_task_runner.py:90} INFO - Running: ['airflow', 'tasks', 'run', 'preprocessing_dag', 'bash_task', 'scheduled__2024-02-08T00:00:00+00:00', '--job-id', '127', '--raw', '--subdir', 'DAGS_FOLDER/preprocessing_dag.py', '--cfg-path', '/var/folders/rf/bv8hf2w15f1f30n5rv6mfypr0000gn/T/tmp9rlf3qol']
[2024-04-15T19:10:49.801-0400] {standard_task_runner.py:91} INFO - Job 127: Subtask bash_task
[2024-04-15T19:10:49.829-0400] {task_command.py:426} INFO - Running <TaskInstance: preprocessing_dag.bash_task scheduled__2024-02-08T00:00:00+00:00 [running]> on host manis-macbook-air.local
[2024-04-15T19:10:49.873-0400] {taskinstance.py:2644} INFO - Exporting env vars: AIRFLOW_CTX_DAG_OWNER='airflow' AIRFLOW_CTX_DAG_ID='preprocessing_dag' AIRFLOW_CTX_TASK_ID='bash_task' AIRFLOW_CTX_EXECUTION_DATE='2024-02-08T00:00:00+00:00' AIRFLOW_CTX_TRY_NUMBER='1' AIRFLOW_CTX_DAG_RUN_ID='scheduled__2024-02-08T00:00:00+00:00'
[2024-04-15T19:10:49.875-0400] {taskinstance.py:430} INFO - ::endgroup::
[2024-04-15T19:10:49.875-0400] {subprocess.py:63} INFO - Tmp dir root location: /var/folders/rf/bv8hf2w15f1f30n5rv6mfypr0000gn/T
[2024-04-15T19:10:49.876-0400] {subprocess.py:75} INFO - Running command: ['/bin/bash', '-c', 'cd /Users/manideepakreddyaila/Desktop/projects/Legal_Insights_Engine/cap_dbt && dbt run']
[2024-04-15T19:10:49.882-0400] {subprocess.py:86} INFO - Output:
[2024-04-15T19:10:52.144-0400] {subprocess.py:93} INFO - [0m23:10:52  Running with dbt=1.7.11
[2024-04-15T19:10:53.428-0400] {subprocess.py:93} INFO - [0m23:10:53  Registered adapter: snowflake=1.7.3
[2024-04-15T19:10:53.600-0400] {subprocess.py:93} INFO - [0m23:10:53  Found 3 models, 1 source, 0 exposures, 0 metrics, 544 macros, 0 groups, 0 semantic models
[2024-04-15T19:10:53.602-0400] {subprocess.py:93} INFO - [0m23:10:53
[2024-04-15T19:10:55.099-0400] {subprocess.py:93} INFO - [0m23:10:55  Concurrency: 1 threads (target='dev')
[2024-04-15T19:10:55.101-0400] {subprocess.py:93} INFO - [0m23:10:55
[2024-04-15T19:10:55.104-0400] {subprocess.py:93} INFO - [0m23:10:55  1 of 3 START sql view model DEV.raw_data_processing ............................ [RUN]
[2024-04-15T19:10:55.837-0400] {subprocess.py:93} INFO - [0m23:10:55  1 of 3 OK created sql view model DEV.raw_data_processing ....................... [[32mSUCCESS 1[0m in 0.73s]
[2024-04-15T19:10:55.840-0400] {subprocess.py:93} INFO - [0m23:10:55  2 of 3 START sql view model DEV.flatten ........................................ [RUN]
[2024-04-15T19:10:56.564-0400] {subprocess.py:93} INFO - [0m23:10:56  2 of 3 OK created sql view model DEV.flatten ................................... [[32mSUCCESS 1[0m in 0.72s]
[2024-04-15T19:10:56.566-0400] {subprocess.py:93} INFO - [0m23:10:56  3 of 3 START sql table model DEV.aggregation ................................... [RUN]
[2024-04-15T19:10:58.440-0400] {subprocess.py:93} INFO - [0m23:10:58  3 of 3 OK created sql table model DEV.aggregation .............................. [[32mSUCCESS 1[0m in 1.87s]
[2024-04-15T19:10:58.444-0400] {subprocess.py:93} INFO - [0m23:10:58
[2024-04-15T19:10:58.444-0400] {subprocess.py:93} INFO - [0m23:10:58  Finished running 2 view models, 1 table model in 0 hours 0 minutes and 4.84 seconds (4.84s).
[2024-04-15T19:10:58.458-0400] {subprocess.py:93} INFO - [0m23:10:58
[2024-04-15T19:10:58.460-0400] {subprocess.py:93} INFO - [0m23:10:58  [32mCompleted successfully[0m
[2024-04-15T19:10:58.460-0400] {subprocess.py:93} INFO - [0m23:10:58
[2024-04-15T19:10:58.460-0400] {subprocess.py:93} INFO - [0m23:10:58  Done. PASS=3 WARN=0 ERROR=0 SKIP=0 TOTAL=3
[2024-04-15T19:10:59.026-0400] {subprocess.py:97} INFO - Command exited with return code 0
[2024-04-15T19:10:59.027-0400] {taskinstance.py:441} INFO - ::group::Post task execution logs
[2024-04-15T19:10:59.048-0400] {taskinstance.py:1205} INFO - Marking task as SUCCESS. dag_id=preprocessing_dag, task_id=bash_task, execution_date=20240208T000000, start_date=20240415T231049, end_date=20240415T231059
[2024-04-15T19:10:59.097-0400] {local_task_job_runner.py:240} INFO - Task exited with return code 0
[2024-04-15T19:10:59.115-0400] {taskinstance.py:3482} INFO - 1 downstream tasks scheduled from follow-on schedule check
[2024-04-15T19:10:59.116-0400] {local_task_job_runner.py:222} INFO - ::endgroup::
