[2024-04-15T19:02:36.447-0400] {local_task_job_runner.py:120} INFO - ::group::Pre task execution logs
[2024-04-15T19:02:36.466-0400] {taskinstance.py:2073} INFO - Dependencies all met for dep_context=non-requeueable deps ti=<TaskInstance: preprocessing_dag.bash_task scheduled__2024-01-18T00:00:00+00:00 [queued]>
[2024-04-15T19:02:36.470-0400] {taskinstance.py:2073} INFO - Dependencies all met for dep_context=requeueable deps ti=<TaskInstance: preprocessing_dag.bash_task scheduled__2024-01-18T00:00:00+00:00 [queued]>
[2024-04-15T19:02:36.470-0400] {taskinstance.py:2303} INFO - Starting attempt 1 of 2
[2024-04-15T19:02:36.477-0400] {taskinstance.py:2327} INFO - Executing <Task(BashOperator): bash_task> on 2024-01-18 00:00:00+00:00
[2024-04-15T19:02:36.482-0400] {standard_task_runner.py:63} INFO - Started process 49377 to run task
[2024-04-15T19:02:36.485-0400] {standard_task_runner.py:90} INFO - Running: ['airflow', 'tasks', 'run', 'preprocessing_dag', 'bash_task', 'scheduled__2024-01-18T00:00:00+00:00', '--job-id', '83', '--raw', '--subdir', 'DAGS_FOLDER/preprocessing_dag.py', '--cfg-path', '/var/folders/rf/bv8hf2w15f1f30n5rv6mfypr0000gn/T/tmpjc_g3i4u']
[2024-04-15T19:02:36.488-0400] {standard_task_runner.py:91} INFO - Job 83: Subtask bash_task
[2024-04-15T19:02:36.525-0400] {task_command.py:426} INFO - Running <TaskInstance: preprocessing_dag.bash_task scheduled__2024-01-18T00:00:00+00:00 [running]> on host manis-macbook-air.local
[2024-04-15T19:02:36.562-0400] {taskinstance.py:2644} INFO - Exporting env vars: AIRFLOW_CTX_DAG_OWNER='airflow' AIRFLOW_CTX_DAG_ID='preprocessing_dag' AIRFLOW_CTX_TASK_ID='bash_task' AIRFLOW_CTX_EXECUTION_DATE='2024-01-18T00:00:00+00:00' AIRFLOW_CTX_TRY_NUMBER='1' AIRFLOW_CTX_DAG_RUN_ID='scheduled__2024-01-18T00:00:00+00:00'
[2024-04-15T19:02:36.563-0400] {taskinstance.py:430} INFO - ::endgroup::
[2024-04-15T19:02:36.564-0400] {subprocess.py:63} INFO - Tmp dir root location: /var/folders/rf/bv8hf2w15f1f30n5rv6mfypr0000gn/T
[2024-04-15T19:02:36.565-0400] {subprocess.py:75} INFO - Running command: ['/bin/bash', '-c', 'cd /Users/manideepakreddyaila/Desktop/projects/Legal_Insights_Engine/cap_dbt && dbt run']
[2024-04-15T19:02:36.571-0400] {subprocess.py:86} INFO - Output:
[2024-04-15T19:02:38.439-0400] {subprocess.py:93} INFO - [0m23:02:38  Running with dbt=1.7.11
[2024-04-15T19:02:39.573-0400] {subprocess.py:93} INFO - [0m23:02:39  Registered adapter: snowflake=1.7.3
[2024-04-15T19:02:39.719-0400] {subprocess.py:93} INFO - [0m23:02:39  Found 3 models, 1 source, 0 exposures, 0 metrics, 544 macros, 0 groups, 0 semantic models
[2024-04-15T19:02:39.721-0400] {subprocess.py:93} INFO - [0m23:02:39
[2024-04-15T19:02:41.468-0400] {subprocess.py:93} INFO - [0m23:02:41  Concurrency: 1 threads (target='dev')
[2024-04-15T19:02:41.469-0400] {subprocess.py:93} INFO - [0m23:02:41
[2024-04-15T19:02:41.471-0400] {subprocess.py:93} INFO - [0m23:02:41  1 of 3 START sql view model DEV.raw_data_processing ............................ [RUN]
[2024-04-15T19:02:42.385-0400] {subprocess.py:93} INFO - [0m23:02:42  1 of 3 OK created sql view model DEV.raw_data_processing ....................... [[32mSUCCESS 1[0m in 0.91s]
[2024-04-15T19:02:42.387-0400] {subprocess.py:93} INFO - [0m23:02:42  2 of 3 START sql view model DEV.flatten ........................................ [RUN]
[2024-04-15T19:02:43.050-0400] {subprocess.py:93} INFO - [0m23:02:43  2 of 3 OK created sql view model DEV.flatten ................................... [[32mSUCCESS 1[0m in 0.66s]
[2024-04-15T19:02:43.051-0400] {subprocess.py:93} INFO - [0m23:02:43  3 of 3 START sql table model DEV.aggregation ................................... [RUN]
[2024-04-15T19:02:45.861-0400] {subprocess.py:93} INFO - [0m23:02:45  3 of 3 OK created sql table model DEV.aggregation .............................. [[32mSUCCESS 1[0m in 2.81s]
[2024-04-15T19:02:45.863-0400] {subprocess.py:93} INFO - [0m23:02:45
[2024-04-15T19:02:45.864-0400] {subprocess.py:93} INFO - [0m23:02:45  Finished running 2 view models, 1 table model in 0 hours 0 minutes and 6.14 seconds (6.14s).
[2024-04-15T19:02:45.875-0400] {subprocess.py:93} INFO - [0m23:02:45
[2024-04-15T19:02:45.876-0400] {subprocess.py:93} INFO - [0m23:02:45  [32mCompleted successfully[0m
[2024-04-15T19:02:45.876-0400] {subprocess.py:93} INFO - [0m23:02:45
[2024-04-15T19:02:45.877-0400] {subprocess.py:93} INFO - [0m23:02:45  Done. PASS=3 WARN=0 ERROR=0 SKIP=0 TOTAL=3
[2024-04-15T19:02:46.460-0400] {subprocess.py:97} INFO - Command exited with return code 0
[2024-04-15T19:02:46.461-0400] {taskinstance.py:441} INFO - ::group::Post task execution logs
[2024-04-15T19:02:46.477-0400] {taskinstance.py:1205} INFO - Marking task as SUCCESS. dag_id=preprocessing_dag, task_id=bash_task, execution_date=20240118T000000, start_date=20240415T230236, end_date=20240415T230246
[2024-04-15T19:02:46.503-0400] {local_task_job_runner.py:240} INFO - Task exited with return code 0
[2024-04-15T19:02:46.514-0400] {taskinstance.py:3482} INFO - 1 downstream tasks scheduled from follow-on schedule check
[2024-04-15T19:02:46.514-0400] {local_task_job_runner.py:222} INFO - ::endgroup::
