[2024-04-13T14:57:09.277-0400] {processor.py:161} INFO - Started process (PID=29904) to work on /Users/manideepakreddyaila/Desktop/projects/Legal_Insights_Engine/.venv/lib/python3.11/site-packages/airflow/example_dags/plugins/listener_plugin.py
[2024-04-13T14:57:09.278-0400] {processor.py:830} INFO - Processing file /Users/manideepakreddyaila/Desktop/projects/Legal_Insights_Engine/.venv/lib/python3.11/site-packages/airflow/example_dags/plugins/listener_plugin.py for tasks to queue
[2024-04-13T14:57:09.278-0400] {logging_mixin.py:188} INFO - [2024-04-13T14:57:09.278-0400] {dagbag.py:540} INFO - Filling up the DagBag from /Users/manideepakreddyaila/Desktop/projects/Legal_Insights_Engine/.venv/lib/python3.11/site-packages/airflow/example_dags/plugins/listener_plugin.py
[2024-04-13T14:57:09.278-0400] {processor.py:842} WARNING - No viable dags retrieved from /Users/manideepakreddyaila/Desktop/projects/Legal_Insights_Engine/.venv/lib/python3.11/site-packages/airflow/example_dags/plugins/listener_plugin.py
[2024-04-13T14:57:09.339-0400] {processor.py:183} INFO - Processing /Users/manideepakreddyaila/Desktop/projects/Legal_Insights_Engine/.venv/lib/python3.11/site-packages/airflow/example_dags/plugins/listener_plugin.py took 0.063 seconds
[2024-04-13T14:58:48.454-0400] {processor.py:161} INFO - Started process (PID=30004) to work on /Users/manideepakreddyaila/Desktop/projects/Legal_Insights_Engine/.venv/lib/python3.11/site-packages/airflow/example_dags/plugins/listener_plugin.py
[2024-04-13T14:58:48.455-0400] {processor.py:830} INFO - Processing file /Users/manideepakreddyaila/Desktop/projects/Legal_Insights_Engine/.venv/lib/python3.11/site-packages/airflow/example_dags/plugins/listener_plugin.py for tasks to queue
[2024-04-13T14:58:48.455-0400] {logging_mixin.py:188} INFO - [2024-04-13T14:58:48.455-0400] {dagbag.py:540} INFO - Filling up the DagBag from /Users/manideepakreddyaila/Desktop/projects/Legal_Insights_Engine/.venv/lib/python3.11/site-packages/airflow/example_dags/plugins/listener_plugin.py
[2024-04-13T14:58:48.457-0400] {processor.py:842} WARNING - No viable dags retrieved from /Users/manideepakreddyaila/Desktop/projects/Legal_Insights_Engine/.venv/lib/python3.11/site-packages/airflow/example_dags/plugins/listener_plugin.py
[2024-04-13T14:58:48.511-0400] {processor.py:183} INFO - Processing /Users/manideepakreddyaila/Desktop/projects/Legal_Insights_Engine/.venv/lib/python3.11/site-packages/airflow/example_dags/plugins/listener_plugin.py took 0.057 seconds
[2024-04-13T14:59:46.156-0400] {processor.py:161} INFO - Started process (PID=30058) to work on /Users/manideepakreddyaila/Desktop/projects/Legal_Insights_Engine/.venv/lib/python3.11/site-packages/airflow/example_dags/plugins/listener_plugin.py
[2024-04-13T14:59:46.157-0400] {processor.py:830} INFO - Processing file /Users/manideepakreddyaila/Desktop/projects/Legal_Insights_Engine/.venv/lib/python3.11/site-packages/airflow/example_dags/plugins/listener_plugin.py for tasks to queue
[2024-04-13T14:59:46.157-0400] {logging_mixin.py:188} INFO - [2024-04-13T14:59:46.157-0400] {dagbag.py:540} INFO - Filling up the DagBag from /Users/manideepakreddyaila/Desktop/projects/Legal_Insights_Engine/.venv/lib/python3.11/site-packages/airflow/example_dags/plugins/listener_plugin.py
[2024-04-13T14:59:46.158-0400] {processor.py:842} WARNING - No viable dags retrieved from /Users/manideepakreddyaila/Desktop/projects/Legal_Insights_Engine/.venv/lib/python3.11/site-packages/airflow/example_dags/plugins/listener_plugin.py
[2024-04-13T14:59:46.210-0400] {processor.py:183} INFO - Processing /Users/manideepakreddyaila/Desktop/projects/Legal_Insights_Engine/.venv/lib/python3.11/site-packages/airflow/example_dags/plugins/listener_plugin.py took 0.055 seconds
[2024-04-13T15:00:45.232-0400] {processor.py:161} INFO - Started process (PID=30114) to work on /Users/manideepakreddyaila/Desktop/projects/Legal_Insights_Engine/.venv/lib/python3.11/site-packages/airflow/example_dags/plugins/listener_plugin.py
[2024-04-13T15:00:45.233-0400] {processor.py:830} INFO - Processing file /Users/manideepakreddyaila/Desktop/projects/Legal_Insights_Engine/.venv/lib/python3.11/site-packages/airflow/example_dags/plugins/listener_plugin.py for tasks to queue
[2024-04-13T15:00:45.233-0400] {logging_mixin.py:188} INFO - [2024-04-13T15:00:45.233-0400] {dagbag.py:540} INFO - Filling up the DagBag from /Users/manideepakreddyaila/Desktop/projects/Legal_Insights_Engine/.venv/lib/python3.11/site-packages/airflow/example_dags/plugins/listener_plugin.py
[2024-04-13T15:00:45.234-0400] {processor.py:842} WARNING - No viable dags retrieved from /Users/manideepakreddyaila/Desktop/projects/Legal_Insights_Engine/.venv/lib/python3.11/site-packages/airflow/example_dags/plugins/listener_plugin.py
[2024-04-13T15:00:45.290-0400] {processor.py:183} INFO - Processing /Users/manideepakreddyaila/Desktop/projects/Legal_Insights_Engine/.venv/lib/python3.11/site-packages/airflow/example_dags/plugins/listener_plugin.py took 0.059 seconds
[2024-04-13T15:01:43.033-0400] {processor.py:161} INFO - Started process (PID=30167) to work on /Users/manideepakreddyaila/Desktop/projects/Legal_Insights_Engine/.venv/lib/python3.11/site-packages/airflow/example_dags/plugins/listener_plugin.py
[2024-04-13T15:01:43.034-0400] {processor.py:830} INFO - Processing file /Users/manideepakreddyaila/Desktop/projects/Legal_Insights_Engine/.venv/lib/python3.11/site-packages/airflow/example_dags/plugins/listener_plugin.py for tasks to queue
[2024-04-13T15:01:43.035-0400] {logging_mixin.py:188} INFO - [2024-04-13T15:01:43.035-0400] {dagbag.py:540} INFO - Filling up the DagBag from /Users/manideepakreddyaila/Desktop/projects/Legal_Insights_Engine/.venv/lib/python3.11/site-packages/airflow/example_dags/plugins/listener_plugin.py
[2024-04-13T15:01:43.036-0400] {processor.py:842} WARNING - No viable dags retrieved from /Users/manideepakreddyaila/Desktop/projects/Legal_Insights_Engine/.venv/lib/python3.11/site-packages/airflow/example_dags/plugins/listener_plugin.py
[2024-04-13T15:01:43.088-0400] {processor.py:183} INFO - Processing /Users/manideepakreddyaila/Desktop/projects/Legal_Insights_Engine/.venv/lib/python3.11/site-packages/airflow/example_dags/plugins/listener_plugin.py took 0.056 seconds
[2024-04-13T15:02:38.254-0400] {processor.py:161} INFO - Started process (PID=30214) to work on /Users/manideepakreddyaila/Desktop/projects/Legal_Insights_Engine/.venv/lib/python3.11/site-packages/airflow/example_dags/plugins/listener_plugin.py
[2024-04-13T15:02:38.255-0400] {processor.py:830} INFO - Processing file /Users/manideepakreddyaila/Desktop/projects/Legal_Insights_Engine/.venv/lib/python3.11/site-packages/airflow/example_dags/plugins/listener_plugin.py for tasks to queue
[2024-04-13T15:02:38.255-0400] {logging_mixin.py:188} INFO - [2024-04-13T15:02:38.255-0400] {dagbag.py:540} INFO - Filling up the DagBag from /Users/manideepakreddyaila/Desktop/projects/Legal_Insights_Engine/.venv/lib/python3.11/site-packages/airflow/example_dags/plugins/listener_plugin.py
[2024-04-13T15:02:38.256-0400] {processor.py:842} WARNING - No viable dags retrieved from /Users/manideepakreddyaila/Desktop/projects/Legal_Insights_Engine/.venv/lib/python3.11/site-packages/airflow/example_dags/plugins/listener_plugin.py
[2024-04-13T15:02:38.308-0400] {processor.py:183} INFO - Processing /Users/manideepakreddyaila/Desktop/projects/Legal_Insights_Engine/.venv/lib/python3.11/site-packages/airflow/example_dags/plugins/listener_plugin.py took 0.055 seconds
[2024-04-13T15:03:39.673-0400] {processor.py:161} INFO - Started process (PID=30267) to work on /Users/manideepakreddyaila/Desktop/projects/Legal_Insights_Engine/.venv/lib/python3.11/site-packages/airflow/example_dags/plugins/listener_plugin.py
[2024-04-13T15:03:39.673-0400] {processor.py:830} INFO - Processing file /Users/manideepakreddyaila/Desktop/projects/Legal_Insights_Engine/.venv/lib/python3.11/site-packages/airflow/example_dags/plugins/listener_plugin.py for tasks to queue
[2024-04-13T15:03:39.674-0400] {logging_mixin.py:188} INFO - [2024-04-13T15:03:39.673-0400] {dagbag.py:540} INFO - Filling up the DagBag from /Users/manideepakreddyaila/Desktop/projects/Legal_Insights_Engine/.venv/lib/python3.11/site-packages/airflow/example_dags/plugins/listener_plugin.py
[2024-04-13T15:03:39.675-0400] {processor.py:842} WARNING - No viable dags retrieved from /Users/manideepakreddyaila/Desktop/projects/Legal_Insights_Engine/.venv/lib/python3.11/site-packages/airflow/example_dags/plugins/listener_plugin.py
[2024-04-13T15:03:39.727-0400] {processor.py:183} INFO - Processing /Users/manideepakreddyaila/Desktop/projects/Legal_Insights_Engine/.venv/lib/python3.11/site-packages/airflow/example_dags/plugins/listener_plugin.py took 0.055 seconds
[2024-04-13T15:04:39.981-0400] {processor.py:161} INFO - Started process (PID=30314) to work on /Users/manideepakreddyaila/Desktop/projects/Legal_Insights_Engine/.venv/lib/python3.11/site-packages/airflow/example_dags/plugins/listener_plugin.py
[2024-04-13T15:04:39.981-0400] {processor.py:830} INFO - Processing file /Users/manideepakreddyaila/Desktop/projects/Legal_Insights_Engine/.venv/lib/python3.11/site-packages/airflow/example_dags/plugins/listener_plugin.py for tasks to queue
[2024-04-13T15:04:39.981-0400] {logging_mixin.py:188} INFO - [2024-04-13T15:04:39.981-0400] {dagbag.py:540} INFO - Filling up the DagBag from /Users/manideepakreddyaila/Desktop/projects/Legal_Insights_Engine/.venv/lib/python3.11/site-packages/airflow/example_dags/plugins/listener_plugin.py
[2024-04-13T15:04:39.983-0400] {processor.py:842} WARNING - No viable dags retrieved from /Users/manideepakreddyaila/Desktop/projects/Legal_Insights_Engine/.venv/lib/python3.11/site-packages/airflow/example_dags/plugins/listener_plugin.py
[2024-04-13T15:04:40.035-0400] {processor.py:183} INFO - Processing /Users/manideepakreddyaila/Desktop/projects/Legal_Insights_Engine/.venv/lib/python3.11/site-packages/airflow/example_dags/plugins/listener_plugin.py took 0.056 seconds
[2024-04-13T15:05:40.209-0400] {processor.py:161} INFO - Started process (PID=30395) to work on /Users/manideepakreddyaila/Desktop/projects/Legal_Insights_Engine/.venv/lib/python3.11/site-packages/airflow/example_dags/plugins/listener_plugin.py
[2024-04-13T15:05:40.209-0400] {processor.py:830} INFO - Processing file /Users/manideepakreddyaila/Desktop/projects/Legal_Insights_Engine/.venv/lib/python3.11/site-packages/airflow/example_dags/plugins/listener_plugin.py for tasks to queue
[2024-04-13T15:05:40.210-0400] {logging_mixin.py:188} INFO - [2024-04-13T15:05:40.209-0400] {dagbag.py:540} INFO - Filling up the DagBag from /Users/manideepakreddyaila/Desktop/projects/Legal_Insights_Engine/.venv/lib/python3.11/site-packages/airflow/example_dags/plugins/listener_plugin.py
[2024-04-13T15:05:40.211-0400] {processor.py:842} WARNING - No viable dags retrieved from /Users/manideepakreddyaila/Desktop/projects/Legal_Insights_Engine/.venv/lib/python3.11/site-packages/airflow/example_dags/plugins/listener_plugin.py
[2024-04-13T15:05:40.264-0400] {processor.py:183} INFO - Processing /Users/manideepakreddyaila/Desktop/projects/Legal_Insights_Engine/.venv/lib/python3.11/site-packages/airflow/example_dags/plugins/listener_plugin.py took 0.056 seconds
[2024-04-13T15:06:40.243-0400] {processor.py:161} INFO - Started process (PID=30468) to work on /Users/manideepakreddyaila/Desktop/projects/Legal_Insights_Engine/.venv/lib/python3.11/site-packages/airflow/example_dags/plugins/listener_plugin.py
[2024-04-13T15:06:40.243-0400] {processor.py:830} INFO - Processing file /Users/manideepakreddyaila/Desktop/projects/Legal_Insights_Engine/.venv/lib/python3.11/site-packages/airflow/example_dags/plugins/listener_plugin.py for tasks to queue
[2024-04-13T15:06:40.244-0400] {logging_mixin.py:188} INFO - [2024-04-13T15:06:40.244-0400] {dagbag.py:540} INFO - Filling up the DagBag from /Users/manideepakreddyaila/Desktop/projects/Legal_Insights_Engine/.venv/lib/python3.11/site-packages/airflow/example_dags/plugins/listener_plugin.py
[2024-04-13T15:06:40.245-0400] {processor.py:842} WARNING - No viable dags retrieved from /Users/manideepakreddyaila/Desktop/projects/Legal_Insights_Engine/.venv/lib/python3.11/site-packages/airflow/example_dags/plugins/listener_plugin.py
[2024-04-13T15:06:40.297-0400] {processor.py:183} INFO - Processing /Users/manideepakreddyaila/Desktop/projects/Legal_Insights_Engine/.venv/lib/python3.11/site-packages/airflow/example_dags/plugins/listener_plugin.py took 0.056 seconds
[2024-04-13T15:07:40.688-0400] {processor.py:161} INFO - Started process (PID=30546) to work on /Users/manideepakreddyaila/Desktop/projects/Legal_Insights_Engine/.venv/lib/python3.11/site-packages/airflow/example_dags/plugins/listener_plugin.py
[2024-04-13T15:07:40.689-0400] {processor.py:830} INFO - Processing file /Users/manideepakreddyaila/Desktop/projects/Legal_Insights_Engine/.venv/lib/python3.11/site-packages/airflow/example_dags/plugins/listener_plugin.py for tasks to queue
[2024-04-13T15:07:40.689-0400] {logging_mixin.py:188} INFO - [2024-04-13T15:07:40.689-0400] {dagbag.py:540} INFO - Filling up the DagBag from /Users/manideepakreddyaila/Desktop/projects/Legal_Insights_Engine/.venv/lib/python3.11/site-packages/airflow/example_dags/plugins/listener_plugin.py
[2024-04-13T15:07:40.690-0400] {processor.py:842} WARNING - No viable dags retrieved from /Users/manideepakreddyaila/Desktop/projects/Legal_Insights_Engine/.venv/lib/python3.11/site-packages/airflow/example_dags/plugins/listener_plugin.py
[2024-04-13T15:07:40.742-0400] {processor.py:183} INFO - Processing /Users/manideepakreddyaila/Desktop/projects/Legal_Insights_Engine/.venv/lib/python3.11/site-packages/airflow/example_dags/plugins/listener_plugin.py took 0.055 seconds
[2024-04-13T15:08:44.335-0400] {processor.py:161} INFO - Started process (PID=30648) to work on /Users/manideepakreddyaila/Desktop/projects/Legal_Insights_Engine/.venv/lib/python3.11/site-packages/airflow/example_dags/plugins/listener_plugin.py
[2024-04-13T15:08:44.336-0400] {processor.py:830} INFO - Processing file /Users/manideepakreddyaila/Desktop/projects/Legal_Insights_Engine/.venv/lib/python3.11/site-packages/airflow/example_dags/plugins/listener_plugin.py for tasks to queue
[2024-04-13T15:08:44.336-0400] {logging_mixin.py:188} INFO - [2024-04-13T15:08:44.336-0400] {dagbag.py:540} INFO - Filling up the DagBag from /Users/manideepakreddyaila/Desktop/projects/Legal_Insights_Engine/.venv/lib/python3.11/site-packages/airflow/example_dags/plugins/listener_plugin.py
[2024-04-13T15:08:44.338-0400] {processor.py:842} WARNING - No viable dags retrieved from /Users/manideepakreddyaila/Desktop/projects/Legal_Insights_Engine/.venv/lib/python3.11/site-packages/airflow/example_dags/plugins/listener_plugin.py
[2024-04-13T15:08:44.391-0400] {processor.py:183} INFO - Processing /Users/manideepakreddyaila/Desktop/projects/Legal_Insights_Engine/.venv/lib/python3.11/site-packages/airflow/example_dags/plugins/listener_plugin.py took 0.058 seconds
[2024-04-13T15:14:56.113-0400] {processor.py:161} INFO - Started process (PID=30744) to work on /Users/manideepakreddyaila/Desktop/projects/Legal_Insights_Engine/.venv/lib/python3.11/site-packages/airflow/example_dags/plugins/listener_plugin.py
[2024-04-13T15:14:56.113-0400] {processor.py:830} INFO - Processing file /Users/manideepakreddyaila/Desktop/projects/Legal_Insights_Engine/.venv/lib/python3.11/site-packages/airflow/example_dags/plugins/listener_plugin.py for tasks to queue
[2024-04-13T15:14:56.114-0400] {logging_mixin.py:188} INFO - [2024-04-13T15:14:56.114-0400] {dagbag.py:540} INFO - Filling up the DagBag from /Users/manideepakreddyaila/Desktop/projects/Legal_Insights_Engine/.venv/lib/python3.11/site-packages/airflow/example_dags/plugins/listener_plugin.py
[2024-04-13T15:14:56.115-0400] {processor.py:842} WARNING - No viable dags retrieved from /Users/manideepakreddyaila/Desktop/projects/Legal_Insights_Engine/.venv/lib/python3.11/site-packages/airflow/example_dags/plugins/listener_plugin.py
[2024-04-13T15:14:56.168-0400] {processor.py:183} INFO - Processing /Users/manideepakreddyaila/Desktop/projects/Legal_Insights_Engine/.venv/lib/python3.11/site-packages/airflow/example_dags/plugins/listener_plugin.py took 0.056 seconds
[2024-04-13T15:15:55.736-0400] {processor.py:161} INFO - Started process (PID=30806) to work on /Users/manideepakreddyaila/Desktop/projects/Legal_Insights_Engine/.venv/lib/python3.11/site-packages/airflow/example_dags/plugins/listener_plugin.py
[2024-04-13T15:15:55.736-0400] {processor.py:830} INFO - Processing file /Users/manideepakreddyaila/Desktop/projects/Legal_Insights_Engine/.venv/lib/python3.11/site-packages/airflow/example_dags/plugins/listener_plugin.py for tasks to queue
[2024-04-13T15:15:55.737-0400] {logging_mixin.py:188} INFO - [2024-04-13T15:15:55.737-0400] {dagbag.py:540} INFO - Filling up the DagBag from /Users/manideepakreddyaila/Desktop/projects/Legal_Insights_Engine/.venv/lib/python3.11/site-packages/airflow/example_dags/plugins/listener_plugin.py
[2024-04-13T15:15:55.738-0400] {processor.py:842} WARNING - No viable dags retrieved from /Users/manideepakreddyaila/Desktop/projects/Legal_Insights_Engine/.venv/lib/python3.11/site-packages/airflow/example_dags/plugins/listener_plugin.py
[2024-04-13T15:15:55.790-0400] {processor.py:183} INFO - Processing /Users/manideepakreddyaila/Desktop/projects/Legal_Insights_Engine/.venv/lib/python3.11/site-packages/airflow/example_dags/plugins/listener_plugin.py took 0.055 seconds
[2024-04-13T15:16:51.729-0400] {processor.py:161} INFO - Started process (PID=30861) to work on /Users/manideepakreddyaila/Desktop/projects/Legal_Insights_Engine/.venv/lib/python3.11/site-packages/airflow/example_dags/plugins/listener_plugin.py
[2024-04-13T15:16:51.729-0400] {processor.py:830} INFO - Processing file /Users/manideepakreddyaila/Desktop/projects/Legal_Insights_Engine/.venv/lib/python3.11/site-packages/airflow/example_dags/plugins/listener_plugin.py for tasks to queue
[2024-04-13T15:16:51.730-0400] {logging_mixin.py:188} INFO - [2024-04-13T15:16:51.730-0400] {dagbag.py:540} INFO - Filling up the DagBag from /Users/manideepakreddyaila/Desktop/projects/Legal_Insights_Engine/.venv/lib/python3.11/site-packages/airflow/example_dags/plugins/listener_plugin.py
[2024-04-13T15:16:51.731-0400] {processor.py:842} WARNING - No viable dags retrieved from /Users/manideepakreddyaila/Desktop/projects/Legal_Insights_Engine/.venv/lib/python3.11/site-packages/airflow/example_dags/plugins/listener_plugin.py
[2024-04-13T15:16:51.783-0400] {processor.py:183} INFO - Processing /Users/manideepakreddyaila/Desktop/projects/Legal_Insights_Engine/.venv/lib/python3.11/site-packages/airflow/example_dags/plugins/listener_plugin.py took 0.055 seconds
[2024-04-13T15:24:46.705-0400] {processor.py:161} INFO - Started process (PID=30957) to work on /Users/manideepakreddyaila/Desktop/projects/Legal_Insights_Engine/.venv/lib/python3.11/site-packages/airflow/example_dags/plugins/listener_plugin.py
[2024-04-13T15:24:46.706-0400] {processor.py:830} INFO - Processing file /Users/manideepakreddyaila/Desktop/projects/Legal_Insights_Engine/.venv/lib/python3.11/site-packages/airflow/example_dags/plugins/listener_plugin.py for tasks to queue
[2024-04-13T15:24:46.706-0400] {logging_mixin.py:188} INFO - [2024-04-13T15:24:46.706-0400] {dagbag.py:540} INFO - Filling up the DagBag from /Users/manideepakreddyaila/Desktop/projects/Legal_Insights_Engine/.venv/lib/python3.11/site-packages/airflow/example_dags/plugins/listener_plugin.py
[2024-04-13T15:24:46.708-0400] {processor.py:842} WARNING - No viable dags retrieved from /Users/manideepakreddyaila/Desktop/projects/Legal_Insights_Engine/.venv/lib/python3.11/site-packages/airflow/example_dags/plugins/listener_plugin.py
[2024-04-13T15:24:46.858-0400] {processor.py:183} INFO - Processing /Users/manideepakreddyaila/Desktop/projects/Legal_Insights_Engine/.venv/lib/python3.11/site-packages/airflow/example_dags/plugins/listener_plugin.py took 0.157 seconds
[2024-04-13T16:51:39.142-0400] {processor.py:161} INFO - Started process (PID=31102) to work on /Users/manideepakreddyaila/Desktop/projects/Legal_Insights_Engine/.venv/lib/python3.11/site-packages/airflow/example_dags/plugins/listener_plugin.py
[2024-04-13T16:51:39.143-0400] {processor.py:830} INFO - Processing file /Users/manideepakreddyaila/Desktop/projects/Legal_Insights_Engine/.venv/lib/python3.11/site-packages/airflow/example_dags/plugins/listener_plugin.py for tasks to queue
[2024-04-13T16:51:39.143-0400] {logging_mixin.py:188} INFO - [2024-04-13T16:51:39.143-0400] {dagbag.py:540} INFO - Filling up the DagBag from /Users/manideepakreddyaila/Desktop/projects/Legal_Insights_Engine/.venv/lib/python3.11/site-packages/airflow/example_dags/plugins/listener_plugin.py
[2024-04-13T16:51:39.144-0400] {processor.py:842} WARNING - No viable dags retrieved from /Users/manideepakreddyaila/Desktop/projects/Legal_Insights_Engine/.venv/lib/python3.11/site-packages/airflow/example_dags/plugins/listener_plugin.py
[2024-04-13T16:51:39.197-0400] {processor.py:183} INFO - Processing /Users/manideepakreddyaila/Desktop/projects/Legal_Insights_Engine/.venv/lib/python3.11/site-packages/airflow/example_dags/plugins/listener_plugin.py took 0.056 seconds
[2024-04-13T18:16:37.565-0400] {processor.py:161} INFO - Started process (PID=31282) to work on /Users/manideepakreddyaila/Desktop/projects/Legal_Insights_Engine/.venv/lib/python3.11/site-packages/airflow/example_dags/plugins/listener_plugin.py
[2024-04-13T18:16:37.566-0400] {processor.py:830} INFO - Processing file /Users/manideepakreddyaila/Desktop/projects/Legal_Insights_Engine/.venv/lib/python3.11/site-packages/airflow/example_dags/plugins/listener_plugin.py for tasks to queue
[2024-04-13T18:16:37.566-0400] {logging_mixin.py:188} INFO - [2024-04-13T18:16:37.566-0400] {dagbag.py:540} INFO - Filling up the DagBag from /Users/manideepakreddyaila/Desktop/projects/Legal_Insights_Engine/.venv/lib/python3.11/site-packages/airflow/example_dags/plugins/listener_plugin.py
[2024-04-13T18:16:37.567-0400] {processor.py:842} WARNING - No viable dags retrieved from /Users/manideepakreddyaila/Desktop/projects/Legal_Insights_Engine/.venv/lib/python3.11/site-packages/airflow/example_dags/plugins/listener_plugin.py
[2024-04-13T18:16:37.618-0400] {processor.py:183} INFO - Processing /Users/manideepakreddyaila/Desktop/projects/Legal_Insights_Engine/.venv/lib/python3.11/site-packages/airflow/example_dags/plugins/listener_plugin.py took 0.054 seconds
[2024-04-13T18:21:57.650-0400] {processor.py:161} INFO - Started process (PID=31400) to work on /Users/manideepakreddyaila/Desktop/projects/Legal_Insights_Engine/.venv/lib/python3.11/site-packages/airflow/example_dags/plugins/listener_plugin.py
[2024-04-13T18:21:57.650-0400] {processor.py:830} INFO - Processing file /Users/manideepakreddyaila/Desktop/projects/Legal_Insights_Engine/.venv/lib/python3.11/site-packages/airflow/example_dags/plugins/listener_plugin.py for tasks to queue
[2024-04-13T18:21:57.651-0400] {logging_mixin.py:188} INFO - [2024-04-13T18:21:57.651-0400] {dagbag.py:540} INFO - Filling up the DagBag from /Users/manideepakreddyaila/Desktop/projects/Legal_Insights_Engine/.venv/lib/python3.11/site-packages/airflow/example_dags/plugins/listener_plugin.py
[2024-04-13T18:21:57.652-0400] {processor.py:842} WARNING - No viable dags retrieved from /Users/manideepakreddyaila/Desktop/projects/Legal_Insights_Engine/.venv/lib/python3.11/site-packages/airflow/example_dags/plugins/listener_plugin.py
[2024-04-13T18:21:57.707-0400] {processor.py:183} INFO - Processing /Users/manideepakreddyaila/Desktop/projects/Legal_Insights_Engine/.venv/lib/python3.11/site-packages/airflow/example_dags/plugins/listener_plugin.py took 0.058 seconds
[2024-04-13T19:02:51.512-0400] {processor.py:161} INFO - Started process (PID=31506) to work on /Users/manideepakreddyaila/Desktop/projects/Legal_Insights_Engine/.venv/lib/python3.11/site-packages/airflow/example_dags/plugins/listener_plugin.py
[2024-04-13T19:02:51.512-0400] {processor.py:830} INFO - Processing file /Users/manideepakreddyaila/Desktop/projects/Legal_Insights_Engine/.venv/lib/python3.11/site-packages/airflow/example_dags/plugins/listener_plugin.py for tasks to queue
[2024-04-13T19:02:51.513-0400] {logging_mixin.py:188} INFO - [2024-04-13T19:02:51.512-0400] {dagbag.py:540} INFO - Filling up the DagBag from /Users/manideepakreddyaila/Desktop/projects/Legal_Insights_Engine/.venv/lib/python3.11/site-packages/airflow/example_dags/plugins/listener_plugin.py
[2024-04-13T19:02:51.514-0400] {processor.py:842} WARNING - No viable dags retrieved from /Users/manideepakreddyaila/Desktop/projects/Legal_Insights_Engine/.venv/lib/python3.11/site-packages/airflow/example_dags/plugins/listener_plugin.py
[2024-04-13T19:02:51.565-0400] {processor.py:183} INFO - Processing /Users/manideepakreddyaila/Desktop/projects/Legal_Insights_Engine/.venv/lib/python3.11/site-packages/airflow/example_dags/plugins/listener_plugin.py took 0.054 seconds
[2024-04-13T19:52:55.423-0400] {processor.py:161} INFO - Started process (PID=31604) to work on /Users/manideepakreddyaila/Desktop/projects/Legal_Insights_Engine/.venv/lib/python3.11/site-packages/airflow/example_dags/plugins/listener_plugin.py
[2024-04-13T19:52:55.424-0400] {processor.py:830} INFO - Processing file /Users/manideepakreddyaila/Desktop/projects/Legal_Insights_Engine/.venv/lib/python3.11/site-packages/airflow/example_dags/plugins/listener_plugin.py for tasks to queue
[2024-04-13T19:52:55.424-0400] {logging_mixin.py:188} INFO - [2024-04-13T19:52:55.424-0400] {dagbag.py:540} INFO - Filling up the DagBag from /Users/manideepakreddyaila/Desktop/projects/Legal_Insights_Engine/.venv/lib/python3.11/site-packages/airflow/example_dags/plugins/listener_plugin.py
[2024-04-13T19:52:55.425-0400] {processor.py:842} WARNING - No viable dags retrieved from /Users/manideepakreddyaila/Desktop/projects/Legal_Insights_Engine/.venv/lib/python3.11/site-packages/airflow/example_dags/plugins/listener_plugin.py
[2024-04-13T19:52:55.477-0400] {processor.py:183} INFO - Processing /Users/manideepakreddyaila/Desktop/projects/Legal_Insights_Engine/.venv/lib/python3.11/site-packages/airflow/example_dags/plugins/listener_plugin.py took 0.054 seconds
