[2024-04-13T14:58:30.842-0400] {processor.py:161} INFO - Started process (PID=29992) to work on /Users/manideepakreddyaila/Desktop/projects/Legal_Insights_Engine/.venv/lib/python3.11/site-packages/airflow/example_dags/example_branch_python_dop_operator_3.py
[2024-04-13T14:58:30.842-0400] {processor.py:830} INFO - Processing file /Users/manideepakreddyaila/Desktop/projects/Legal_Insights_Engine/.venv/lib/python3.11/site-packages/airflow/example_dags/example_branch_python_dop_operator_3.py for tasks to queue
[2024-04-13T14:58:30.843-0400] {logging_mixin.py:188} INFO - [2024-04-13T14:58:30.842-0400] {dagbag.py:540} INFO - Filling up the DagBag from /Users/manideepakreddyaila/Desktop/projects/Legal_Insights_Engine/.venv/lib/python3.11/site-packages/airflow/example_dags/example_branch_python_dop_operator_3.py
[2024-04-13T14:58:30.883-0400] {processor.py:840} INFO - DAG(s) 'example_branch_dop_operator_v3' retrieved from /Users/manideepakreddyaila/Desktop/projects/Legal_Insights_Engine/.venv/lib/python3.11/site-packages/airflow/example_dags/example_branch_python_dop_operator_3.py
[2024-04-13T14:58:30.947-0400] {logging_mixin.py:188} INFO - [2024-04-13T14:58:30.947-0400] {override.py:1829} INFO - Created Permission View: can delete on DAG:example_branch_dop_operator_v3
[2024-04-13T14:58:30.950-0400] {logging_mixin.py:188} INFO - [2024-04-13T14:58:30.950-0400] {override.py:1829} INFO - Created Permission View: can read on DAG:example_branch_dop_operator_v3
[2024-04-13T14:58:30.952-0400] {logging_mixin.py:188} INFO - [2024-04-13T14:58:30.952-0400] {override.py:1829} INFO - Created Permission View: can edit on DAG:example_branch_dop_operator_v3
[2024-04-13T14:58:30.952-0400] {logging_mixin.py:188} INFO - [2024-04-13T14:58:30.952-0400] {dag.py:3096} INFO - Sync 1 DAGs
[2024-04-13T14:58:30.955-0400] {logging_mixin.py:188} INFO - [2024-04-13T14:58:30.955-0400] {dag.py:3118} INFO - Creating ORM DAG for example_branch_dop_operator_v3
[2024-04-13T14:58:30.959-0400] {logging_mixin.py:188} INFO - [2024-04-13T14:58:30.959-0400] {dag.py:3954} INFO - Setting next_dagrun for example_branch_dop_operator_v3 to 2024-04-13 18:57:00+00:00, run_after=2024-04-13 18:58:00+00:00
[2024-04-13T14:58:30.965-0400] {processor.py:183} INFO - Processing /Users/manideepakreddyaila/Desktop/projects/Legal_Insights_Engine/.venv/lib/python3.11/site-packages/airflow/example_dags/example_branch_python_dop_operator_3.py took 0.124 seconds
[2024-04-13T15:00:26.535-0400] {processor.py:161} INFO - Started process (PID=30102) to work on /Users/manideepakreddyaila/Desktop/projects/Legal_Insights_Engine/.venv/lib/python3.11/site-packages/airflow/example_dags/example_branch_python_dop_operator_3.py
[2024-04-13T15:00:26.536-0400] {processor.py:830} INFO - Processing file /Users/manideepakreddyaila/Desktop/projects/Legal_Insights_Engine/.venv/lib/python3.11/site-packages/airflow/example_dags/example_branch_python_dop_operator_3.py for tasks to queue
[2024-04-13T15:00:26.536-0400] {logging_mixin.py:188} INFO - [2024-04-13T15:00:26.536-0400] {dagbag.py:540} INFO - Filling up the DagBag from /Users/manideepakreddyaila/Desktop/projects/Legal_Insights_Engine/.venv/lib/python3.11/site-packages/airflow/example_dags/example_branch_python_dop_operator_3.py
[2024-04-13T15:00:26.576-0400] {processor.py:840} INFO - DAG(s) 'example_branch_dop_operator_v3' retrieved from /Users/manideepakreddyaila/Desktop/projects/Legal_Insights_Engine/.venv/lib/python3.11/site-packages/airflow/example_dags/example_branch_python_dop_operator_3.py
[2024-04-13T15:00:26.610-0400] {logging_mixin.py:188} INFO - [2024-04-13T15:00:26.610-0400] {dag.py:3096} INFO - Sync 1 DAGs
[2024-04-13T15:00:26.618-0400] {logging_mixin.py:188} INFO - [2024-04-13T15:00:26.618-0400] {dag.py:3954} INFO - Setting next_dagrun for example_branch_dop_operator_v3 to 2024-04-13 18:59:00+00:00, run_after=2024-04-13 19:00:00+00:00
[2024-04-13T15:00:26.624-0400] {processor.py:183} INFO - Processing /Users/manideepakreddyaila/Desktop/projects/Legal_Insights_Engine/.venv/lib/python3.11/site-packages/airflow/example_dags/example_branch_python_dop_operator_3.py took 0.089 seconds
[2024-04-13T15:02:19.999-0400] {processor.py:161} INFO - Started process (PID=30203) to work on /Users/manideepakreddyaila/Desktop/projects/Legal_Insights_Engine/.venv/lib/python3.11/site-packages/airflow/example_dags/example_branch_python_dop_operator_3.py
[2024-04-13T15:02:20.000-0400] {processor.py:830} INFO - Processing file /Users/manideepakreddyaila/Desktop/projects/Legal_Insights_Engine/.venv/lib/python3.11/site-packages/airflow/example_dags/example_branch_python_dop_operator_3.py for tasks to queue
[2024-04-13T15:02:20.000-0400] {logging_mixin.py:188} INFO - [2024-04-13T15:02:20.000-0400] {dagbag.py:540} INFO - Filling up the DagBag from /Users/manideepakreddyaila/Desktop/projects/Legal_Insights_Engine/.venv/lib/python3.11/site-packages/airflow/example_dags/example_branch_python_dop_operator_3.py
[2024-04-13T15:02:20.040-0400] {processor.py:840} INFO - DAG(s) 'example_branch_dop_operator_v3' retrieved from /Users/manideepakreddyaila/Desktop/projects/Legal_Insights_Engine/.venv/lib/python3.11/site-packages/airflow/example_dags/example_branch_python_dop_operator_3.py
[2024-04-13T15:02:20.075-0400] {logging_mixin.py:188} INFO - [2024-04-13T15:02:20.075-0400] {dag.py:3096} INFO - Sync 1 DAGs
[2024-04-13T15:02:20.083-0400] {logging_mixin.py:188} INFO - [2024-04-13T15:02:20.082-0400] {dag.py:3954} INFO - Setting next_dagrun for example_branch_dop_operator_v3 to 2024-04-13 19:01:00+00:00, run_after=2024-04-13 19:02:00+00:00
[2024-04-13T15:02:20.089-0400] {processor.py:183} INFO - Processing /Users/manideepakreddyaila/Desktop/projects/Legal_Insights_Engine/.venv/lib/python3.11/site-packages/airflow/example_dags/example_branch_python_dop_operator_3.py took 0.091 seconds
[2024-04-13T15:04:22.218-0400] {processor.py:161} INFO - Started process (PID=30304) to work on /Users/manideepakreddyaila/Desktop/projects/Legal_Insights_Engine/.venv/lib/python3.11/site-packages/airflow/example_dags/example_branch_python_dop_operator_3.py
[2024-04-13T15:04:22.220-0400] {processor.py:830} INFO - Processing file /Users/manideepakreddyaila/Desktop/projects/Legal_Insights_Engine/.venv/lib/python3.11/site-packages/airflow/example_dags/example_branch_python_dop_operator_3.py for tasks to queue
[2024-04-13T15:04:22.220-0400] {logging_mixin.py:188} INFO - [2024-04-13T15:04:22.220-0400] {dagbag.py:540} INFO - Filling up the DagBag from /Users/manideepakreddyaila/Desktop/projects/Legal_Insights_Engine/.venv/lib/python3.11/site-packages/airflow/example_dags/example_branch_python_dop_operator_3.py
[2024-04-13T15:04:22.259-0400] {processor.py:840} INFO - DAG(s) 'example_branch_dop_operator_v3' retrieved from /Users/manideepakreddyaila/Desktop/projects/Legal_Insights_Engine/.venv/lib/python3.11/site-packages/airflow/example_dags/example_branch_python_dop_operator_3.py
[2024-04-13T15:04:22.294-0400] {logging_mixin.py:188} INFO - [2024-04-13T15:04:22.294-0400] {dag.py:3096} INFO - Sync 1 DAGs
[2024-04-13T15:04:22.302-0400] {logging_mixin.py:188} INFO - [2024-04-13T15:04:22.302-0400] {dag.py:3954} INFO - Setting next_dagrun for example_branch_dop_operator_v3 to 2024-04-13 19:03:00+00:00, run_after=2024-04-13 19:04:00+00:00
[2024-04-13T15:04:22.308-0400] {processor.py:183} INFO - Processing /Users/manideepakreddyaila/Desktop/projects/Legal_Insights_Engine/.venv/lib/python3.11/site-packages/airflow/example_dags/example_branch_python_dop_operator_3.py took 0.091 seconds
[2024-04-13T15:06:21.283-0400] {processor.py:161} INFO - Started process (PID=30451) to work on /Users/manideepakreddyaila/Desktop/projects/Legal_Insights_Engine/.venv/lib/python3.11/site-packages/airflow/example_dags/example_branch_python_dop_operator_3.py
[2024-04-13T15:06:21.284-0400] {processor.py:830} INFO - Processing file /Users/manideepakreddyaila/Desktop/projects/Legal_Insights_Engine/.venv/lib/python3.11/site-packages/airflow/example_dags/example_branch_python_dop_operator_3.py for tasks to queue
[2024-04-13T15:06:21.284-0400] {logging_mixin.py:188} INFO - [2024-04-13T15:06:21.284-0400] {dagbag.py:540} INFO - Filling up the DagBag from /Users/manideepakreddyaila/Desktop/projects/Legal_Insights_Engine/.venv/lib/python3.11/site-packages/airflow/example_dags/example_branch_python_dop_operator_3.py
[2024-04-13T15:06:21.324-0400] {processor.py:840} INFO - DAG(s) 'example_branch_dop_operator_v3' retrieved from /Users/manideepakreddyaila/Desktop/projects/Legal_Insights_Engine/.venv/lib/python3.11/site-packages/airflow/example_dags/example_branch_python_dop_operator_3.py
[2024-04-13T15:06:21.358-0400] {logging_mixin.py:188} INFO - [2024-04-13T15:06:21.358-0400] {dag.py:3096} INFO - Sync 1 DAGs
[2024-04-13T15:06:21.365-0400] {logging_mixin.py:188} INFO - [2024-04-13T15:06:21.365-0400] {dag.py:3954} INFO - Setting next_dagrun for example_branch_dop_operator_v3 to 2024-04-13 19:05:00+00:00, run_after=2024-04-13 19:06:00+00:00
[2024-04-13T15:06:21.371-0400] {processor.py:183} INFO - Processing /Users/manideepakreddyaila/Desktop/projects/Legal_Insights_Engine/.venv/lib/python3.11/site-packages/airflow/example_dags/example_branch_python_dop_operator_3.py took 0.089 seconds
[2024-04-13T15:08:25.021-0400] {processor.py:161} INFO - Started process (PID=30632) to work on /Users/manideepakreddyaila/Desktop/projects/Legal_Insights_Engine/.venv/lib/python3.11/site-packages/airflow/example_dags/example_branch_python_dop_operator_3.py
[2024-04-13T15:08:25.022-0400] {processor.py:830} INFO - Processing file /Users/manideepakreddyaila/Desktop/projects/Legal_Insights_Engine/.venv/lib/python3.11/site-packages/airflow/example_dags/example_branch_python_dop_operator_3.py for tasks to queue
[2024-04-13T15:08:25.022-0400] {logging_mixin.py:188} INFO - [2024-04-13T15:08:25.022-0400] {dagbag.py:540} INFO - Filling up the DagBag from /Users/manideepakreddyaila/Desktop/projects/Legal_Insights_Engine/.venv/lib/python3.11/site-packages/airflow/example_dags/example_branch_python_dop_operator_3.py
[2024-04-13T15:08:25.067-0400] {processor.py:840} INFO - DAG(s) 'example_branch_dop_operator_v3' retrieved from /Users/manideepakreddyaila/Desktop/projects/Legal_Insights_Engine/.venv/lib/python3.11/site-packages/airflow/example_dags/example_branch_python_dop_operator_3.py
[2024-04-13T15:08:25.103-0400] {logging_mixin.py:188} INFO - [2024-04-13T15:08:25.103-0400] {dag.py:3096} INFO - Sync 1 DAGs
[2024-04-13T15:08:25.111-0400] {logging_mixin.py:188} INFO - [2024-04-13T15:08:25.111-0400] {dag.py:3954} INFO - Setting next_dagrun for example_branch_dop_operator_v3 to 2024-04-13 19:07:00+00:00, run_after=2024-04-13 19:08:00+00:00
[2024-04-13T15:08:25.117-0400] {processor.py:183} INFO - Processing /Users/manideepakreddyaila/Desktop/projects/Legal_Insights_Engine/.venv/lib/python3.11/site-packages/airflow/example_dags/example_branch_python_dop_operator_3.py took 0.098 seconds
[2024-04-13T15:15:37.106-0400] {processor.py:161} INFO - Started process (PID=30792) to work on /Users/manideepakreddyaila/Desktop/projects/Legal_Insights_Engine/.venv/lib/python3.11/site-packages/airflow/example_dags/example_branch_python_dop_operator_3.py
[2024-04-13T15:15:37.106-0400] {processor.py:830} INFO - Processing file /Users/manideepakreddyaila/Desktop/projects/Legal_Insights_Engine/.venv/lib/python3.11/site-packages/airflow/example_dags/example_branch_python_dop_operator_3.py for tasks to queue
[2024-04-13T15:15:37.106-0400] {logging_mixin.py:188} INFO - [2024-04-13T15:15:37.106-0400] {dagbag.py:540} INFO - Filling up the DagBag from /Users/manideepakreddyaila/Desktop/projects/Legal_Insights_Engine/.venv/lib/python3.11/site-packages/airflow/example_dags/example_branch_python_dop_operator_3.py
[2024-04-13T15:15:37.146-0400] {processor.py:840} INFO - DAG(s) 'example_branch_dop_operator_v3' retrieved from /Users/manideepakreddyaila/Desktop/projects/Legal_Insights_Engine/.venv/lib/python3.11/site-packages/airflow/example_dags/example_branch_python_dop_operator_3.py
[2024-04-13T15:15:37.181-0400] {logging_mixin.py:188} INFO - [2024-04-13T15:15:37.181-0400] {dag.py:3096} INFO - Sync 1 DAGs
[2024-04-13T15:15:37.188-0400] {logging_mixin.py:188} INFO - [2024-04-13T15:15:37.188-0400] {dag.py:3954} INFO - Setting next_dagrun for example_branch_dop_operator_v3 to 2024-04-13 19:14:00+00:00, run_after=2024-04-13 19:15:00+00:00
[2024-04-13T15:15:37.194-0400] {processor.py:183} INFO - Processing /Users/manideepakreddyaila/Desktop/projects/Legal_Insights_Engine/.venv/lib/python3.11/site-packages/airflow/example_dags/example_branch_python_dop_operator_3.py took 0.090 seconds
[2024-04-13T15:20:20.609-0400] {processor.py:161} INFO - Started process (PID=30933) to work on /Users/manideepakreddyaila/Desktop/projects/Legal_Insights_Engine/.venv/lib/python3.11/site-packages/airflow/example_dags/example_branch_python_dop_operator_3.py
[2024-04-13T15:20:20.610-0400] {processor.py:830} INFO - Processing file /Users/manideepakreddyaila/Desktop/projects/Legal_Insights_Engine/.venv/lib/python3.11/site-packages/airflow/example_dags/example_branch_python_dop_operator_3.py for tasks to queue
[2024-04-13T15:20:20.610-0400] {logging_mixin.py:188} INFO - [2024-04-13T15:20:20.610-0400] {dagbag.py:540} INFO - Filling up the DagBag from /Users/manideepakreddyaila/Desktop/projects/Legal_Insights_Engine/.venv/lib/python3.11/site-packages/airflow/example_dags/example_branch_python_dop_operator_3.py
[2024-04-13T15:20:20.653-0400] {processor.py:840} INFO - DAG(s) 'example_branch_dop_operator_v3' retrieved from /Users/manideepakreddyaila/Desktop/projects/Legal_Insights_Engine/.venv/lib/python3.11/site-packages/airflow/example_dags/example_branch_python_dop_operator_3.py
[2024-04-13T15:20:20.692-0400] {logging_mixin.py:188} INFO - [2024-04-13T15:20:20.691-0400] {dag.py:3096} INFO - Sync 1 DAGs
[2024-04-13T15:20:20.699-0400] {logging_mixin.py:188} INFO - [2024-04-13T15:20:20.699-0400] {dag.py:3954} INFO - Setting next_dagrun for example_branch_dop_operator_v3 to 2024-04-13 19:19:00+00:00, run_after=2024-04-13 19:20:00+00:00
[2024-04-13T15:20:20.707-0400] {processor.py:183} INFO - Processing /Users/manideepakreddyaila/Desktop/projects/Legal_Insights_Engine/.venv/lib/python3.11/site-packages/airflow/example_dags/example_branch_python_dop_operator_3.py took 0.099 seconds
[2024-04-13T16:01:57.684-0400] {processor.py:161} INFO - Started process (PID=31075) to work on /Users/manideepakreddyaila/Desktop/projects/Legal_Insights_Engine/.venv/lib/python3.11/site-packages/airflow/example_dags/example_branch_python_dop_operator_3.py
[2024-04-13T16:01:57.685-0400] {processor.py:830} INFO - Processing file /Users/manideepakreddyaila/Desktop/projects/Legal_Insights_Engine/.venv/lib/python3.11/site-packages/airflow/example_dags/example_branch_python_dop_operator_3.py for tasks to queue
[2024-04-13T16:01:57.685-0400] {logging_mixin.py:188} INFO - [2024-04-13T16:01:57.685-0400] {dagbag.py:540} INFO - Filling up the DagBag from /Users/manideepakreddyaila/Desktop/projects/Legal_Insights_Engine/.venv/lib/python3.11/site-packages/airflow/example_dags/example_branch_python_dop_operator_3.py
[2024-04-13T16:01:57.725-0400] {processor.py:840} INFO - DAG(s) 'example_branch_dop_operator_v3' retrieved from /Users/manideepakreddyaila/Desktop/projects/Legal_Insights_Engine/.venv/lib/python3.11/site-packages/airflow/example_dags/example_branch_python_dop_operator_3.py
[2024-04-13T16:01:57.761-0400] {logging_mixin.py:188} INFO - [2024-04-13T16:01:57.761-0400] {dag.py:3096} INFO - Sync 1 DAGs
[2024-04-13T16:01:57.768-0400] {logging_mixin.py:188} INFO - [2024-04-13T16:01:57.768-0400] {dag.py:3954} INFO - Setting next_dagrun for example_branch_dop_operator_v3 to 2024-04-13 20:00:00+00:00, run_after=2024-04-13 20:01:00+00:00
[2024-04-13T16:01:57.774-0400] {processor.py:183} INFO - Processing /Users/manideepakreddyaila/Desktop/projects/Legal_Insights_Engine/.venv/lib/python3.11/site-packages/airflow/example_dags/example_branch_python_dop_operator_3.py took 0.091 seconds
[2024-04-13T18:11:28.170-0400] {processor.py:161} INFO - Started process (PID=31253) to work on /Users/manideepakreddyaila/Desktop/projects/Legal_Insights_Engine/.venv/lib/python3.11/site-packages/airflow/example_dags/example_branch_python_dop_operator_3.py
[2024-04-13T18:11:28.171-0400] {processor.py:830} INFO - Processing file /Users/manideepakreddyaila/Desktop/projects/Legal_Insights_Engine/.venv/lib/python3.11/site-packages/airflow/example_dags/example_branch_python_dop_operator_3.py for tasks to queue
[2024-04-13T18:11:28.171-0400] {logging_mixin.py:188} INFO - [2024-04-13T18:11:28.171-0400] {dagbag.py:540} INFO - Filling up the DagBag from /Users/manideepakreddyaila/Desktop/projects/Legal_Insights_Engine/.venv/lib/python3.11/site-packages/airflow/example_dags/example_branch_python_dop_operator_3.py
[2024-04-13T18:11:28.210-0400] {processor.py:840} INFO - DAG(s) 'example_branch_dop_operator_v3' retrieved from /Users/manideepakreddyaila/Desktop/projects/Legal_Insights_Engine/.venv/lib/python3.11/site-packages/airflow/example_dags/example_branch_python_dop_operator_3.py
[2024-04-13T18:11:28.272-0400] {logging_mixin.py:188} INFO - [2024-04-13T18:11:28.272-0400] {dag.py:3096} INFO - Sync 1 DAGs
[2024-04-13T18:11:28.279-0400] {logging_mixin.py:188} INFO - [2024-04-13T18:11:28.279-0400] {dag.py:3954} INFO - Setting next_dagrun for example_branch_dop_operator_v3 to 2024-04-13 22:10:00+00:00, run_after=2024-04-13 22:11:00+00:00
[2024-04-13T18:11:28.285-0400] {processor.py:183} INFO - Processing /Users/manideepakreddyaila/Desktop/projects/Legal_Insights_Engine/.venv/lib/python3.11/site-packages/airflow/example_dags/example_branch_python_dop_operator_3.py took 0.116 seconds
[2024-04-13T18:21:18.948-0400] {processor.py:161} INFO - Started process (PID=31371) to work on /Users/manideepakreddyaila/Desktop/projects/Legal_Insights_Engine/.venv/lib/python3.11/site-packages/airflow/example_dags/example_branch_python_dop_operator_3.py
[2024-04-13T18:21:18.948-0400] {processor.py:830} INFO - Processing file /Users/manideepakreddyaila/Desktop/projects/Legal_Insights_Engine/.venv/lib/python3.11/site-packages/airflow/example_dags/example_branch_python_dop_operator_3.py for tasks to queue
[2024-04-13T18:21:18.948-0400] {logging_mixin.py:188} INFO - [2024-04-13T18:21:18.948-0400] {dagbag.py:540} INFO - Filling up the DagBag from /Users/manideepakreddyaila/Desktop/projects/Legal_Insights_Engine/.venv/lib/python3.11/site-packages/airflow/example_dags/example_branch_python_dop_operator_3.py
[2024-04-13T18:21:18.987-0400] {processor.py:840} INFO - DAG(s) 'example_branch_dop_operator_v3' retrieved from /Users/manideepakreddyaila/Desktop/projects/Legal_Insights_Engine/.venv/lib/python3.11/site-packages/airflow/example_dags/example_branch_python_dop_operator_3.py
[2024-04-13T18:21:19.022-0400] {logging_mixin.py:188} INFO - [2024-04-13T18:21:19.022-0400] {dag.py:3096} INFO - Sync 1 DAGs
[2024-04-13T18:21:19.029-0400] {logging_mixin.py:188} INFO - [2024-04-13T18:21:19.029-0400] {dag.py:3954} INFO - Setting next_dagrun for example_branch_dop_operator_v3 to 2024-04-13 22:20:00+00:00, run_after=2024-04-13 22:21:00+00:00
[2024-04-13T18:21:19.035-0400] {processor.py:183} INFO - Processing /Users/manideepakreddyaila/Desktop/projects/Legal_Insights_Engine/.venv/lib/python3.11/site-packages/airflow/example_dags/example_branch_python_dop_operator_3.py took 0.088 seconds
[2024-04-13T19:02:40.566-0400] {processor.py:161} INFO - Started process (PID=31500) to work on /Users/manideepakreddyaila/Desktop/projects/Legal_Insights_Engine/.venv/lib/python3.11/site-packages/airflow/example_dags/example_branch_python_dop_operator_3.py
[2024-04-13T19:02:40.566-0400] {processor.py:830} INFO - Processing file /Users/manideepakreddyaila/Desktop/projects/Legal_Insights_Engine/.venv/lib/python3.11/site-packages/airflow/example_dags/example_branch_python_dop_operator_3.py for tasks to queue
[2024-04-13T19:02:40.567-0400] {logging_mixin.py:188} INFO - [2024-04-13T19:02:40.566-0400] {dagbag.py:540} INFO - Filling up the DagBag from /Users/manideepakreddyaila/Desktop/projects/Legal_Insights_Engine/.venv/lib/python3.11/site-packages/airflow/example_dags/example_branch_python_dop_operator_3.py
[2024-04-13T19:02:40.606-0400] {processor.py:840} INFO - DAG(s) 'example_branch_dop_operator_v3' retrieved from /Users/manideepakreddyaila/Desktop/projects/Legal_Insights_Engine/.venv/lib/python3.11/site-packages/airflow/example_dags/example_branch_python_dop_operator_3.py
[2024-04-13T19:02:40.640-0400] {logging_mixin.py:188} INFO - [2024-04-13T19:02:40.640-0400] {dag.py:3096} INFO - Sync 1 DAGs
[2024-04-13T19:02:40.647-0400] {logging_mixin.py:188} INFO - [2024-04-13T19:02:40.647-0400] {dag.py:3954} INFO - Setting next_dagrun for example_branch_dop_operator_v3 to 2024-04-13 23:01:00+00:00, run_after=2024-04-13 23:02:00+00:00
[2024-04-13T19:02:40.653-0400] {processor.py:183} INFO - Processing /Users/manideepakreddyaila/Desktop/projects/Legal_Insights_Engine/.venv/lib/python3.11/site-packages/airflow/example_dags/example_branch_python_dop_operator_3.py took 0.089 seconds
