[2024-04-13T14:58:40.578-0400] {processor.py:161} INFO - Started process (PID=29999) to work on /Users/manideepakreddyaila/Desktop/projects/Legal_Insights_Engine/.venv/lib/python3.11/site-packages/airflow/example_dags/example_bash_operator.py
[2024-04-13T14:58:40.578-0400] {processor.py:830} INFO - Processing file /Users/manideepakreddyaila/Desktop/projects/Legal_Insights_Engine/.venv/lib/python3.11/site-packages/airflow/example_dags/example_bash_operator.py for tasks to queue
[2024-04-13T14:58:40.578-0400] {logging_mixin.py:188} INFO - [2024-04-13T14:58:40.578-0400] {dagbag.py:540} INFO - Filling up the DagBag from /Users/manideepakreddyaila/Desktop/projects/Legal_Insights_Engine/.venv/lib/python3.11/site-packages/airflow/example_dags/example_bash_operator.py
[2024-04-13T14:58:40.609-0400] {processor.py:840} INFO - DAG(s) 'example_bash_operator' retrieved from /Users/manideepakreddyaila/Desktop/projects/Legal_Insights_Engine/.venv/lib/python3.11/site-packages/airflow/example_dags/example_bash_operator.py
[2024-04-13T14:58:40.677-0400] {logging_mixin.py:188} INFO - [2024-04-13T14:58:40.677-0400] {override.py:1829} INFO - Created Permission View: can edit on DAG:example_bash_operator
[2024-04-13T14:58:40.681-0400] {logging_mixin.py:188} INFO - [2024-04-13T14:58:40.680-0400] {override.py:1829} INFO - Created Permission View: can read on DAG:example_bash_operator
[2024-04-13T14:58:40.683-0400] {logging_mixin.py:188} INFO - [2024-04-13T14:58:40.682-0400] {override.py:1829} INFO - Created Permission View: can delete on DAG:example_bash_operator
[2024-04-13T14:58:40.683-0400] {logging_mixin.py:188} INFO - [2024-04-13T14:58:40.683-0400] {dag.py:3096} INFO - Sync 1 DAGs
[2024-04-13T14:58:40.687-0400] {logging_mixin.py:188} INFO - [2024-04-13T14:58:40.687-0400] {dag.py:3118} INFO - Creating ORM DAG for example_bash_operator
[2024-04-13T14:58:40.691-0400] {logging_mixin.py:188} INFO - [2024-04-13T14:58:40.691-0400] {dag.py:3954} INFO - Setting next_dagrun for example_bash_operator to 2024-04-12 00:00:00+00:00, run_after=2024-04-13 00:00:00+00:00
[2024-04-13T14:58:40.697-0400] {processor.py:183} INFO - Processing /Users/manideepakreddyaila/Desktop/projects/Legal_Insights_Engine/.venv/lib/python3.11/site-packages/airflow/example_dags/example_bash_operator.py took 0.121 seconds
[2024-04-13T15:00:37.400-0400] {processor.py:161} INFO - Started process (PID=30108) to work on /Users/manideepakreddyaila/Desktop/projects/Legal_Insights_Engine/.venv/lib/python3.11/site-packages/airflow/example_dags/example_bash_operator.py
[2024-04-13T15:00:37.401-0400] {processor.py:830} INFO - Processing file /Users/manideepakreddyaila/Desktop/projects/Legal_Insights_Engine/.venv/lib/python3.11/site-packages/airflow/example_dags/example_bash_operator.py for tasks to queue
[2024-04-13T15:00:37.401-0400] {logging_mixin.py:188} INFO - [2024-04-13T15:00:37.401-0400] {dagbag.py:540} INFO - Filling up the DagBag from /Users/manideepakreddyaila/Desktop/projects/Legal_Insights_Engine/.venv/lib/python3.11/site-packages/airflow/example_dags/example_bash_operator.py
[2024-04-13T15:00:37.432-0400] {processor.py:840} INFO - DAG(s) 'example_bash_operator' retrieved from /Users/manideepakreddyaila/Desktop/projects/Legal_Insights_Engine/.venv/lib/python3.11/site-packages/airflow/example_dags/example_bash_operator.py
[2024-04-13T15:00:37.470-0400] {logging_mixin.py:188} INFO - [2024-04-13T15:00:37.470-0400] {dag.py:3096} INFO - Sync 1 DAGs
[2024-04-13T15:00:37.475-0400] {logging_mixin.py:188} INFO - [2024-04-13T15:00:37.475-0400] {dag.py:3954} INFO - Setting next_dagrun for example_bash_operator to 2024-04-12 00:00:00+00:00, run_after=2024-04-13 00:00:00+00:00
[2024-04-13T15:00:37.481-0400] {processor.py:183} INFO - Processing /Users/manideepakreddyaila/Desktop/projects/Legal_Insights_Engine/.venv/lib/python3.11/site-packages/airflow/example_dags/example_bash_operator.py took 0.082 seconds
[2024-04-13T15:02:31.191-0400] {processor.py:161} INFO - Started process (PID=30210) to work on /Users/manideepakreddyaila/Desktop/projects/Legal_Insights_Engine/.venv/lib/python3.11/site-packages/airflow/example_dags/example_bash_operator.py
[2024-04-13T15:02:31.192-0400] {processor.py:830} INFO - Processing file /Users/manideepakreddyaila/Desktop/projects/Legal_Insights_Engine/.venv/lib/python3.11/site-packages/airflow/example_dags/example_bash_operator.py for tasks to queue
[2024-04-13T15:02:31.192-0400] {logging_mixin.py:188} INFO - [2024-04-13T15:02:31.192-0400] {dagbag.py:540} INFO - Filling up the DagBag from /Users/manideepakreddyaila/Desktop/projects/Legal_Insights_Engine/.venv/lib/python3.11/site-packages/airflow/example_dags/example_bash_operator.py
[2024-04-13T15:02:31.223-0400] {processor.py:840} INFO - DAG(s) 'example_bash_operator' retrieved from /Users/manideepakreddyaila/Desktop/projects/Legal_Insights_Engine/.venv/lib/python3.11/site-packages/airflow/example_dags/example_bash_operator.py
[2024-04-13T15:02:31.262-0400] {logging_mixin.py:188} INFO - [2024-04-13T15:02:31.262-0400] {dag.py:3096} INFO - Sync 1 DAGs
[2024-04-13T15:02:31.268-0400] {logging_mixin.py:188} INFO - [2024-04-13T15:02:31.268-0400] {dag.py:3954} INFO - Setting next_dagrun for example_bash_operator to 2024-04-12 00:00:00+00:00, run_after=2024-04-13 00:00:00+00:00
[2024-04-13T15:02:31.274-0400] {processor.py:183} INFO - Processing /Users/manideepakreddyaila/Desktop/projects/Legal_Insights_Engine/.venv/lib/python3.11/site-packages/airflow/example_dags/example_bash_operator.py took 0.084 seconds
[2024-04-13T15:04:32.931-0400] {processor.py:161} INFO - Started process (PID=30310) to work on /Users/manideepakreddyaila/Desktop/projects/Legal_Insights_Engine/.venv/lib/python3.11/site-packages/airflow/example_dags/example_bash_operator.py
[2024-04-13T15:04:32.931-0400] {processor.py:830} INFO - Processing file /Users/manideepakreddyaila/Desktop/projects/Legal_Insights_Engine/.venv/lib/python3.11/site-packages/airflow/example_dags/example_bash_operator.py for tasks to queue
[2024-04-13T15:04:32.932-0400] {logging_mixin.py:188} INFO - [2024-04-13T15:04:32.932-0400] {dagbag.py:540} INFO - Filling up the DagBag from /Users/manideepakreddyaila/Desktop/projects/Legal_Insights_Engine/.venv/lib/python3.11/site-packages/airflow/example_dags/example_bash_operator.py
[2024-04-13T15:04:32.963-0400] {processor.py:840} INFO - DAG(s) 'example_bash_operator' retrieved from /Users/manideepakreddyaila/Desktop/projects/Legal_Insights_Engine/.venv/lib/python3.11/site-packages/airflow/example_dags/example_bash_operator.py
[2024-04-13T15:04:33.000-0400] {logging_mixin.py:188} INFO - [2024-04-13T15:04:33.000-0400] {dag.py:3096} INFO - Sync 1 DAGs
[2024-04-13T15:04:33.006-0400] {logging_mixin.py:188} INFO - [2024-04-13T15:04:33.005-0400] {dag.py:3954} INFO - Setting next_dagrun for example_bash_operator to 2024-04-12 00:00:00+00:00, run_after=2024-04-13 00:00:00+00:00
[2024-04-13T15:04:33.011-0400] {processor.py:183} INFO - Processing /Users/manideepakreddyaila/Desktop/projects/Legal_Insights_Engine/.venv/lib/python3.11/site-packages/airflow/example_dags/example_bash_operator.py took 0.082 seconds
[2024-04-13T15:06:32.266-0400] {processor.py:161} INFO - Started process (PID=30462) to work on /Users/manideepakreddyaila/Desktop/projects/Legal_Insights_Engine/.venv/lib/python3.11/site-packages/airflow/example_dags/example_bash_operator.py
[2024-04-13T15:06:32.267-0400] {processor.py:830} INFO - Processing file /Users/manideepakreddyaila/Desktop/projects/Legal_Insights_Engine/.venv/lib/python3.11/site-packages/airflow/example_dags/example_bash_operator.py for tasks to queue
[2024-04-13T15:06:32.267-0400] {logging_mixin.py:188} INFO - [2024-04-13T15:06:32.267-0400] {dagbag.py:540} INFO - Filling up the DagBag from /Users/manideepakreddyaila/Desktop/projects/Legal_Insights_Engine/.venv/lib/python3.11/site-packages/airflow/example_dags/example_bash_operator.py
[2024-04-13T15:06:32.299-0400] {processor.py:840} INFO - DAG(s) 'example_bash_operator' retrieved from /Users/manideepakreddyaila/Desktop/projects/Legal_Insights_Engine/.venv/lib/python3.11/site-packages/airflow/example_dags/example_bash_operator.py
[2024-04-13T15:06:32.337-0400] {logging_mixin.py:188} INFO - [2024-04-13T15:06:32.337-0400] {dag.py:3096} INFO - Sync 1 DAGs
[2024-04-13T15:06:32.343-0400] {logging_mixin.py:188} INFO - [2024-04-13T15:06:32.343-0400] {dag.py:3954} INFO - Setting next_dagrun for example_bash_operator to 2024-04-12 00:00:00+00:00, run_after=2024-04-13 00:00:00+00:00
[2024-04-13T15:06:32.350-0400] {processor.py:183} INFO - Processing /Users/manideepakreddyaila/Desktop/projects/Legal_Insights_Engine/.venv/lib/python3.11/site-packages/airflow/example_dags/example_bash_operator.py took 0.084 seconds
[2024-04-13T15:08:36.045-0400] {processor.py:161} INFO - Started process (PID=30642) to work on /Users/manideepakreddyaila/Desktop/projects/Legal_Insights_Engine/.venv/lib/python3.11/site-packages/airflow/example_dags/example_bash_operator.py
[2024-04-13T15:08:36.046-0400] {processor.py:830} INFO - Processing file /Users/manideepakreddyaila/Desktop/projects/Legal_Insights_Engine/.venv/lib/python3.11/site-packages/airflow/example_dags/example_bash_operator.py for tasks to queue
[2024-04-13T15:08:36.046-0400] {logging_mixin.py:188} INFO - [2024-04-13T15:08:36.046-0400] {dagbag.py:540} INFO - Filling up the DagBag from /Users/manideepakreddyaila/Desktop/projects/Legal_Insights_Engine/.venv/lib/python3.11/site-packages/airflow/example_dags/example_bash_operator.py
[2024-04-13T15:08:36.077-0400] {processor.py:840} INFO - DAG(s) 'example_bash_operator' retrieved from /Users/manideepakreddyaila/Desktop/projects/Legal_Insights_Engine/.venv/lib/python3.11/site-packages/airflow/example_dags/example_bash_operator.py
[2024-04-13T15:08:36.117-0400] {logging_mixin.py:188} INFO - [2024-04-13T15:08:36.117-0400] {dag.py:3096} INFO - Sync 1 DAGs
[2024-04-13T15:08:36.123-0400] {logging_mixin.py:188} INFO - [2024-04-13T15:08:36.123-0400] {dag.py:3954} INFO - Setting next_dagrun for example_bash_operator to 2024-04-12 00:00:00+00:00, run_after=2024-04-13 00:00:00+00:00
[2024-04-13T15:08:36.129-0400] {processor.py:183} INFO - Processing /Users/manideepakreddyaila/Desktop/projects/Legal_Insights_Engine/.venv/lib/python3.11/site-packages/airflow/example_dags/example_bash_operator.py took 0.085 seconds
[2024-04-13T15:15:47.964-0400] {processor.py:161} INFO - Started process (PID=30801) to work on /Users/manideepakreddyaila/Desktop/projects/Legal_Insights_Engine/.venv/lib/python3.11/site-packages/airflow/example_dags/example_bash_operator.py
[2024-04-13T15:15:47.965-0400] {processor.py:830} INFO - Processing file /Users/manideepakreddyaila/Desktop/projects/Legal_Insights_Engine/.venv/lib/python3.11/site-packages/airflow/example_dags/example_bash_operator.py for tasks to queue
[2024-04-13T15:15:47.965-0400] {logging_mixin.py:188} INFO - [2024-04-13T15:15:47.965-0400] {dagbag.py:540} INFO - Filling up the DagBag from /Users/manideepakreddyaila/Desktop/projects/Legal_Insights_Engine/.venv/lib/python3.11/site-packages/airflow/example_dags/example_bash_operator.py
[2024-04-13T15:15:47.995-0400] {processor.py:840} INFO - DAG(s) 'example_bash_operator' retrieved from /Users/manideepakreddyaila/Desktop/projects/Legal_Insights_Engine/.venv/lib/python3.11/site-packages/airflow/example_dags/example_bash_operator.py
[2024-04-13T15:15:48.033-0400] {logging_mixin.py:188} INFO - [2024-04-13T15:15:48.032-0400] {dag.py:3096} INFO - Sync 1 DAGs
[2024-04-13T15:15:48.038-0400] {logging_mixin.py:188} INFO - [2024-04-13T15:15:48.038-0400] {dag.py:3954} INFO - Setting next_dagrun for example_bash_operator to 2024-04-12 00:00:00+00:00, run_after=2024-04-13 00:00:00+00:00
[2024-04-13T15:15:48.044-0400] {processor.py:183} INFO - Processing /Users/manideepakreddyaila/Desktop/projects/Legal_Insights_Engine/.venv/lib/python3.11/site-packages/airflow/example_dags/example_bash_operator.py took 0.081 seconds
[2024-04-13T15:22:06.749-0400] {processor.py:161} INFO - Started process (PID=30948) to work on /Users/manideepakreddyaila/Desktop/projects/Legal_Insights_Engine/.venv/lib/python3.11/site-packages/airflow/example_dags/example_bash_operator.py
[2024-04-13T15:22:06.750-0400] {processor.py:830} INFO - Processing file /Users/manideepakreddyaila/Desktop/projects/Legal_Insights_Engine/.venv/lib/python3.11/site-packages/airflow/example_dags/example_bash_operator.py for tasks to queue
[2024-04-13T15:22:06.750-0400] {logging_mixin.py:188} INFO - [2024-04-13T15:22:06.750-0400] {dagbag.py:540} INFO - Filling up the DagBag from /Users/manideepakreddyaila/Desktop/projects/Legal_Insights_Engine/.venv/lib/python3.11/site-packages/airflow/example_dags/example_bash_operator.py
[2024-04-13T15:22:06.781-0400] {processor.py:840} INFO - DAG(s) 'example_bash_operator' retrieved from /Users/manideepakreddyaila/Desktop/projects/Legal_Insights_Engine/.venv/lib/python3.11/site-packages/airflow/example_dags/example_bash_operator.py
[2024-04-13T15:22:06.819-0400] {logging_mixin.py:188} INFO - [2024-04-13T15:22:06.819-0400] {dag.py:3096} INFO - Sync 1 DAGs
[2024-04-13T15:22:06.825-0400] {logging_mixin.py:188} INFO - [2024-04-13T15:22:06.825-0400] {dag.py:3954} INFO - Setting next_dagrun for example_bash_operator to 2024-04-12 00:00:00+00:00, run_after=2024-04-13 00:00:00+00:00
[2024-04-13T15:22:06.831-0400] {processor.py:183} INFO - Processing /Users/manideepakreddyaila/Desktop/projects/Legal_Insights_Engine/.venv/lib/python3.11/site-packages/airflow/example_dags/example_bash_operator.py took 0.083 seconds
[2024-04-13T18:15:40.058-0400] {processor.py:161} INFO - Started process (PID=31272) to work on /Users/manideepakreddyaila/Desktop/projects/Legal_Insights_Engine/.venv/lib/python3.11/site-packages/airflow/example_dags/example_bash_operator.py
[2024-04-13T18:15:40.059-0400] {processor.py:830} INFO - Processing file /Users/manideepakreddyaila/Desktop/projects/Legal_Insights_Engine/.venv/lib/python3.11/site-packages/airflow/example_dags/example_bash_operator.py for tasks to queue
[2024-04-13T18:15:40.059-0400] {logging_mixin.py:188} INFO - [2024-04-13T18:15:40.059-0400] {dagbag.py:540} INFO - Filling up the DagBag from /Users/manideepakreddyaila/Desktop/projects/Legal_Insights_Engine/.venv/lib/python3.11/site-packages/airflow/example_dags/example_bash_operator.py
[2024-04-13T18:15:40.089-0400] {processor.py:840} INFO - DAG(s) 'example_bash_operator' retrieved from /Users/manideepakreddyaila/Desktop/projects/Legal_Insights_Engine/.venv/lib/python3.11/site-packages/airflow/example_dags/example_bash_operator.py
[2024-04-13T18:15:40.126-0400] {logging_mixin.py:188} INFO - [2024-04-13T18:15:40.126-0400] {dag.py:3096} INFO - Sync 1 DAGs
[2024-04-13T18:15:40.132-0400] {logging_mixin.py:188} INFO - [2024-04-13T18:15:40.132-0400] {dag.py:3954} INFO - Setting next_dagrun for example_bash_operator to 2024-04-12 00:00:00+00:00, run_after=2024-04-13 00:00:00+00:00
[2024-04-13T18:15:40.139-0400] {processor.py:183} INFO - Processing /Users/manideepakreddyaila/Desktop/projects/Legal_Insights_Engine/.venv/lib/python3.11/site-packages/airflow/example_dags/example_bash_operator.py took 0.082 seconds
[2024-04-13T18:21:52.373-0400] {processor.py:161} INFO - Started process (PID=31382) to work on /Users/manideepakreddyaila/Desktop/projects/Legal_Insights_Engine/.venv/lib/python3.11/site-packages/airflow/example_dags/example_bash_operator.py
[2024-04-13T18:21:52.373-0400] {processor.py:830} INFO - Processing file /Users/manideepakreddyaila/Desktop/projects/Legal_Insights_Engine/.venv/lib/python3.11/site-packages/airflow/example_dags/example_bash_operator.py for tasks to queue
[2024-04-13T18:21:52.374-0400] {logging_mixin.py:188} INFO - [2024-04-13T18:21:52.373-0400] {dagbag.py:540} INFO - Filling up the DagBag from /Users/manideepakreddyaila/Desktop/projects/Legal_Insights_Engine/.venv/lib/python3.11/site-packages/airflow/example_dags/example_bash_operator.py
[2024-04-13T18:21:52.409-0400] {processor.py:840} INFO - DAG(s) 'example_bash_operator' retrieved from /Users/manideepakreddyaila/Desktop/projects/Legal_Insights_Engine/.venv/lib/python3.11/site-packages/airflow/example_dags/example_bash_operator.py
[2024-04-13T18:21:52.447-0400] {logging_mixin.py:188} INFO - [2024-04-13T18:21:52.447-0400] {dag.py:3096} INFO - Sync 1 DAGs
[2024-04-13T18:21:52.453-0400] {logging_mixin.py:188} INFO - [2024-04-13T18:21:52.453-0400] {dag.py:3954} INFO - Setting next_dagrun for example_bash_operator to 2024-04-12 00:00:00+00:00, run_after=2024-04-13 00:00:00+00:00
[2024-04-13T18:21:52.460-0400] {processor.py:183} INFO - Processing /Users/manideepakreddyaila/Desktop/projects/Legal_Insights_Engine/.venv/lib/python3.11/site-packages/airflow/example_dags/example_bash_operator.py took 0.089 seconds
[2024-04-13T19:36:09.405-0400] {processor.py:161} INFO - Started process (PID=31593) to work on /Users/manideepakreddyaila/Desktop/projects/Legal_Insights_Engine/.venv/lib/python3.11/site-packages/airflow/example_dags/example_bash_operator.py
[2024-04-13T19:36:09.407-0400] {processor.py:830} INFO - Processing file /Users/manideepakreddyaila/Desktop/projects/Legal_Insights_Engine/.venv/lib/python3.11/site-packages/airflow/example_dags/example_bash_operator.py for tasks to queue
[2024-04-13T19:36:09.407-0400] {logging_mixin.py:188} INFO - [2024-04-13T19:36:09.407-0400] {dagbag.py:540} INFO - Filling up the DagBag from /Users/manideepakreddyaila/Desktop/projects/Legal_Insights_Engine/.venv/lib/python3.11/site-packages/airflow/example_dags/example_bash_operator.py
[2024-04-13T19:36:09.437-0400] {processor.py:840} INFO - DAG(s) 'example_bash_operator' retrieved from /Users/manideepakreddyaila/Desktop/projects/Legal_Insights_Engine/.venv/lib/python3.11/site-packages/airflow/example_dags/example_bash_operator.py
[2024-04-13T19:36:09.474-0400] {logging_mixin.py:188} INFO - [2024-04-13T19:36:09.474-0400] {dag.py:3096} INFO - Sync 1 DAGs
[2024-04-13T19:36:09.480-0400] {logging_mixin.py:188} INFO - [2024-04-13T19:36:09.480-0400] {dag.py:3954} INFO - Setting next_dagrun for example_bash_operator to 2024-04-12 00:00:00+00:00, run_after=2024-04-13 00:00:00+00:00
[2024-04-13T19:36:09.486-0400] {processor.py:183} INFO - Processing /Users/manideepakreddyaila/Desktop/projects/Legal_Insights_Engine/.venv/lib/python3.11/site-packages/airflow/example_dags/example_bash_operator.py took 0.081 seconds
