[2024-04-13T14:58:20.980-0400] {processor.py:161} INFO - Started process (PID=29985) to work on /Users/manideepakreddyaila/Desktop/projects/Legal_Insights_Engine/.venv/lib/python3.11/site-packages/airflow/example_dags/example_dynamic_task_mapping.py
[2024-04-13T14:58:20.980-0400] {processor.py:830} INFO - Processing file /Users/manideepakreddyaila/Desktop/projects/Legal_Insights_Engine/.venv/lib/python3.11/site-packages/airflow/example_dags/example_dynamic_task_mapping.py for tasks to queue
[2024-04-13T14:58:20.981-0400] {logging_mixin.py:188} INFO - [2024-04-13T14:58:20.981-0400] {dagbag.py:540} INFO - Filling up the DagBag from /Users/manideepakreddyaila/Desktop/projects/Legal_Insights_Engine/.venv/lib/python3.11/site-packages/airflow/example_dags/example_dynamic_task_mapping.py
[2024-04-13T14:58:21.021-0400] {processor.py:840} INFO - DAG(s) 'example_dynamic_task_mapping' retrieved from /Users/manideepakreddyaila/Desktop/projects/Legal_Insights_Engine/.venv/lib/python3.11/site-packages/airflow/example_dags/example_dynamic_task_mapping.py
[2024-04-13T14:58:21.085-0400] {logging_mixin.py:188} INFO - [2024-04-13T14:58:21.085-0400] {override.py:1829} INFO - Created Permission View: can read on DAG:example_dynamic_task_mapping
[2024-04-13T14:58:21.088-0400] {logging_mixin.py:188} INFO - [2024-04-13T14:58:21.087-0400] {override.py:1829} INFO - Created Permission View: can edit on DAG:example_dynamic_task_mapping
[2024-04-13T14:58:21.089-0400] {logging_mixin.py:188} INFO - [2024-04-13T14:58:21.089-0400] {override.py:1829} INFO - Created Permission View: can delete on DAG:example_dynamic_task_mapping
[2024-04-13T14:58:21.089-0400] {logging_mixin.py:188} INFO - [2024-04-13T14:58:21.089-0400] {dag.py:3096} INFO - Sync 1 DAGs
[2024-04-13T14:58:21.093-0400] {logging_mixin.py:188} INFO - [2024-04-13T14:58:21.093-0400] {dag.py:3118} INFO - Creating ORM DAG for example_dynamic_task_mapping
[2024-04-13T14:58:21.095-0400] {logging_mixin.py:188} INFO - [2024-04-13T14:58:21.095-0400] {dag.py:3954} INFO - Setting next_dagrun for example_dynamic_task_mapping to 2022-03-04 00:00:00+00:00, run_after=2022-03-05 00:00:00+00:00
[2024-04-13T14:58:21.100-0400] {processor.py:183} INFO - Processing /Users/manideepakreddyaila/Desktop/projects/Legal_Insights_Engine/.venv/lib/python3.11/site-packages/airflow/example_dags/example_dynamic_task_mapping.py took 0.121 seconds
[2024-04-13T15:00:17.695-0400] {processor.py:161} INFO - Started process (PID=30094) to work on /Users/manideepakreddyaila/Desktop/projects/Legal_Insights_Engine/.venv/lib/python3.11/site-packages/airflow/example_dags/example_dynamic_task_mapping.py
[2024-04-13T15:00:17.695-0400] {processor.py:830} INFO - Processing file /Users/manideepakreddyaila/Desktop/projects/Legal_Insights_Engine/.venv/lib/python3.11/site-packages/airflow/example_dags/example_dynamic_task_mapping.py for tasks to queue
[2024-04-13T15:00:17.696-0400] {logging_mixin.py:188} INFO - [2024-04-13T15:00:17.695-0400] {dagbag.py:540} INFO - Filling up the DagBag from /Users/manideepakreddyaila/Desktop/projects/Legal_Insights_Engine/.venv/lib/python3.11/site-packages/airflow/example_dags/example_dynamic_task_mapping.py
[2024-04-13T15:00:17.734-0400] {processor.py:840} INFO - DAG(s) 'example_dynamic_task_mapping' retrieved from /Users/manideepakreddyaila/Desktop/projects/Legal_Insights_Engine/.venv/lib/python3.11/site-packages/airflow/example_dags/example_dynamic_task_mapping.py
[2024-04-13T15:00:17.768-0400] {logging_mixin.py:188} INFO - [2024-04-13T15:00:17.767-0400] {dag.py:3096} INFO - Sync 1 DAGs
[2024-04-13T15:00:17.773-0400] {logging_mixin.py:188} INFO - [2024-04-13T15:00:17.773-0400] {dag.py:3954} INFO - Setting next_dagrun for example_dynamic_task_mapping to 2022-03-04 00:00:00+00:00, run_after=2022-03-05 00:00:00+00:00
[2024-04-13T15:00:17.780-0400] {processor.py:183} INFO - Processing /Users/manideepakreddyaila/Desktop/projects/Legal_Insights_Engine/.venv/lib/python3.11/site-packages/airflow/example_dags/example_dynamic_task_mapping.py took 0.086 seconds
[2024-04-13T15:02:10.865-0400] {processor.py:161} INFO - Started process (PID=30184) to work on /Users/manideepakreddyaila/Desktop/projects/Legal_Insights_Engine/.venv/lib/python3.11/site-packages/airflow/example_dags/example_dynamic_task_mapping.py
[2024-04-13T15:02:10.866-0400] {processor.py:830} INFO - Processing file /Users/manideepakreddyaila/Desktop/projects/Legal_Insights_Engine/.venv/lib/python3.11/site-packages/airflow/example_dags/example_dynamic_task_mapping.py for tasks to queue
[2024-04-13T15:02:10.866-0400] {logging_mixin.py:188} INFO - [2024-04-13T15:02:10.866-0400] {dagbag.py:540} INFO - Filling up the DagBag from /Users/manideepakreddyaila/Desktop/projects/Legal_Insights_Engine/.venv/lib/python3.11/site-packages/airflow/example_dags/example_dynamic_task_mapping.py
[2024-04-13T15:02:10.904-0400] {processor.py:840} INFO - DAG(s) 'example_dynamic_task_mapping' retrieved from /Users/manideepakreddyaila/Desktop/projects/Legal_Insights_Engine/.venv/lib/python3.11/site-packages/airflow/example_dags/example_dynamic_task_mapping.py
[2024-04-13T15:02:10.938-0400] {logging_mixin.py:188} INFO - [2024-04-13T15:02:10.938-0400] {dag.py:3096} INFO - Sync 1 DAGs
[2024-04-13T15:02:10.943-0400] {logging_mixin.py:188} INFO - [2024-04-13T15:02:10.943-0400] {dag.py:3954} INFO - Setting next_dagrun for example_dynamic_task_mapping to 2022-03-04 00:00:00+00:00, run_after=2022-03-05 00:00:00+00:00
[2024-04-13T15:02:10.949-0400] {processor.py:183} INFO - Processing /Users/manideepakreddyaila/Desktop/projects/Legal_Insights_Engine/.venv/lib/python3.11/site-packages/airflow/example_dags/example_dynamic_task_mapping.py took 0.085 seconds
[2024-04-13T15:04:12.683-0400] {processor.py:161} INFO - Started process (PID=30290) to work on /Users/manideepakreddyaila/Desktop/projects/Legal_Insights_Engine/.venv/lib/python3.11/site-packages/airflow/example_dags/example_dynamic_task_mapping.py
[2024-04-13T15:04:12.683-0400] {processor.py:830} INFO - Processing file /Users/manideepakreddyaila/Desktop/projects/Legal_Insights_Engine/.venv/lib/python3.11/site-packages/airflow/example_dags/example_dynamic_task_mapping.py for tasks to queue
[2024-04-13T15:04:12.684-0400] {logging_mixin.py:188} INFO - [2024-04-13T15:04:12.683-0400] {dagbag.py:540} INFO - Filling up the DagBag from /Users/manideepakreddyaila/Desktop/projects/Legal_Insights_Engine/.venv/lib/python3.11/site-packages/airflow/example_dags/example_dynamic_task_mapping.py
[2024-04-13T15:04:12.723-0400] {processor.py:840} INFO - DAG(s) 'example_dynamic_task_mapping' retrieved from /Users/manideepakreddyaila/Desktop/projects/Legal_Insights_Engine/.venv/lib/python3.11/site-packages/airflow/example_dags/example_dynamic_task_mapping.py
[2024-04-13T15:04:12.758-0400] {logging_mixin.py:188} INFO - [2024-04-13T15:04:12.758-0400] {dag.py:3096} INFO - Sync 1 DAGs
[2024-04-13T15:04:12.764-0400] {logging_mixin.py:188} INFO - [2024-04-13T15:04:12.764-0400] {dag.py:3954} INFO - Setting next_dagrun for example_dynamic_task_mapping to 2022-03-04 00:00:00+00:00, run_after=2022-03-05 00:00:00+00:00
[2024-04-13T15:04:12.771-0400] {processor.py:183} INFO - Processing /Users/manideepakreddyaila/Desktop/projects/Legal_Insights_Engine/.venv/lib/python3.11/site-packages/airflow/example_dags/example_dynamic_task_mapping.py took 0.089 seconds
[2024-04-13T15:06:12.839-0400] {processor.py:161} INFO - Started process (PID=30430) to work on /Users/manideepakreddyaila/Desktop/projects/Legal_Insights_Engine/.venv/lib/python3.11/site-packages/airflow/example_dags/example_dynamic_task_mapping.py
[2024-04-13T15:06:12.839-0400] {processor.py:830} INFO - Processing file /Users/manideepakreddyaila/Desktop/projects/Legal_Insights_Engine/.venv/lib/python3.11/site-packages/airflow/example_dags/example_dynamic_task_mapping.py for tasks to queue
[2024-04-13T15:06:12.839-0400] {logging_mixin.py:188} INFO - [2024-04-13T15:06:12.839-0400] {dagbag.py:540} INFO - Filling up the DagBag from /Users/manideepakreddyaila/Desktop/projects/Legal_Insights_Engine/.venv/lib/python3.11/site-packages/airflow/example_dags/example_dynamic_task_mapping.py
[2024-04-13T15:06:12.882-0400] {processor.py:840} INFO - DAG(s) 'example_dynamic_task_mapping' retrieved from /Users/manideepakreddyaila/Desktop/projects/Legal_Insights_Engine/.venv/lib/python3.11/site-packages/airflow/example_dags/example_dynamic_task_mapping.py
[2024-04-13T15:06:12.919-0400] {logging_mixin.py:188} INFO - [2024-04-13T15:06:12.919-0400] {dag.py:3096} INFO - Sync 1 DAGs
[2024-04-13T15:06:12.925-0400] {logging_mixin.py:188} INFO - [2024-04-13T15:06:12.925-0400] {dag.py:3954} INFO - Setting next_dagrun for example_dynamic_task_mapping to 2022-03-04 00:00:00+00:00, run_after=2022-03-05 00:00:00+00:00
[2024-04-13T15:06:12.931-0400] {processor.py:183} INFO - Processing /Users/manideepakreddyaila/Desktop/projects/Legal_Insights_Engine/.venv/lib/python3.11/site-packages/airflow/example_dags/example_dynamic_task_mapping.py took 0.093 seconds
[2024-04-13T15:08:14.910-0400] {processor.py:161} INFO - Started process (PID=30577) to work on /Users/manideepakreddyaila/Desktop/projects/Legal_Insights_Engine/.venv/lib/python3.11/site-packages/airflow/example_dags/example_dynamic_task_mapping.py
[2024-04-13T15:08:14.910-0400] {processor.py:830} INFO - Processing file /Users/manideepakreddyaila/Desktop/projects/Legal_Insights_Engine/.venv/lib/python3.11/site-packages/airflow/example_dags/example_dynamic_task_mapping.py for tasks to queue
[2024-04-13T15:08:14.910-0400] {logging_mixin.py:188} INFO - [2024-04-13T15:08:14.910-0400] {dagbag.py:540} INFO - Filling up the DagBag from /Users/manideepakreddyaila/Desktop/projects/Legal_Insights_Engine/.venv/lib/python3.11/site-packages/airflow/example_dags/example_dynamic_task_mapping.py
[2024-04-13T15:08:14.949-0400] {processor.py:840} INFO - DAG(s) 'example_dynamic_task_mapping' retrieved from /Users/manideepakreddyaila/Desktop/projects/Legal_Insights_Engine/.venv/lib/python3.11/site-packages/airflow/example_dags/example_dynamic_task_mapping.py
[2024-04-13T15:08:14.984-0400] {logging_mixin.py:188} INFO - [2024-04-13T15:08:14.984-0400] {dag.py:3096} INFO - Sync 1 DAGs
[2024-04-13T15:08:14.990-0400] {logging_mixin.py:188} INFO - [2024-04-13T15:08:14.990-0400] {dag.py:3954} INFO - Setting next_dagrun for example_dynamic_task_mapping to 2022-03-04 00:00:00+00:00, run_after=2022-03-05 00:00:00+00:00
[2024-04-13T15:08:14.996-0400] {processor.py:183} INFO - Processing /Users/manideepakreddyaila/Desktop/projects/Legal_Insights_Engine/.venv/lib/python3.11/site-packages/airflow/example_dags/example_dynamic_task_mapping.py took 0.087 seconds
[2024-04-13T15:15:28.379-0400] {processor.py:161} INFO - Started process (PID=30784) to work on /Users/manideepakreddyaila/Desktop/projects/Legal_Insights_Engine/.venv/lib/python3.11/site-packages/airflow/example_dags/example_dynamic_task_mapping.py
[2024-04-13T15:15:28.380-0400] {processor.py:830} INFO - Processing file /Users/manideepakreddyaila/Desktop/projects/Legal_Insights_Engine/.venv/lib/python3.11/site-packages/airflow/example_dags/example_dynamic_task_mapping.py for tasks to queue
[2024-04-13T15:15:28.380-0400] {logging_mixin.py:188} INFO - [2024-04-13T15:15:28.380-0400] {dagbag.py:540} INFO - Filling up the DagBag from /Users/manideepakreddyaila/Desktop/projects/Legal_Insights_Engine/.venv/lib/python3.11/site-packages/airflow/example_dags/example_dynamic_task_mapping.py
[2024-04-13T15:15:28.421-0400] {processor.py:840} INFO - DAG(s) 'example_dynamic_task_mapping' retrieved from /Users/manideepakreddyaila/Desktop/projects/Legal_Insights_Engine/.venv/lib/python3.11/site-packages/airflow/example_dags/example_dynamic_task_mapping.py
[2024-04-13T15:15:28.456-0400] {logging_mixin.py:188} INFO - [2024-04-13T15:15:28.456-0400] {dag.py:3096} INFO - Sync 1 DAGs
[2024-04-13T15:15:28.462-0400] {logging_mixin.py:188} INFO - [2024-04-13T15:15:28.462-0400] {dag.py:3954} INFO - Setting next_dagrun for example_dynamic_task_mapping to 2022-03-04 00:00:00+00:00, run_after=2022-03-05 00:00:00+00:00
[2024-04-13T15:15:28.467-0400] {processor.py:183} INFO - Processing /Users/manideepakreddyaila/Desktop/projects/Legal_Insights_Engine/.venv/lib/python3.11/site-packages/airflow/example_dags/example_dynamic_task_mapping.py took 0.089 seconds
[2024-04-13T15:17:41.857-0400] {processor.py:161} INFO - Started process (PID=30904) to work on /Users/manideepakreddyaila/Desktop/projects/Legal_Insights_Engine/.venv/lib/python3.11/site-packages/airflow/example_dags/example_dynamic_task_mapping.py
[2024-04-13T15:17:41.858-0400] {processor.py:830} INFO - Processing file /Users/manideepakreddyaila/Desktop/projects/Legal_Insights_Engine/.venv/lib/python3.11/site-packages/airflow/example_dags/example_dynamic_task_mapping.py for tasks to queue
[2024-04-13T15:17:41.858-0400] {logging_mixin.py:188} INFO - [2024-04-13T15:17:41.858-0400] {dagbag.py:540} INFO - Filling up the DagBag from /Users/manideepakreddyaila/Desktop/projects/Legal_Insights_Engine/.venv/lib/python3.11/site-packages/airflow/example_dags/example_dynamic_task_mapping.py
[2024-04-13T15:17:41.896-0400] {processor.py:840} INFO - DAG(s) 'example_dynamic_task_mapping' retrieved from /Users/manideepakreddyaila/Desktop/projects/Legal_Insights_Engine/.venv/lib/python3.11/site-packages/airflow/example_dags/example_dynamic_task_mapping.py
[2024-04-13T15:17:41.931-0400] {logging_mixin.py:188} INFO - [2024-04-13T15:17:41.931-0400] {dag.py:3096} INFO - Sync 1 DAGs
[2024-04-13T15:17:41.937-0400] {logging_mixin.py:188} INFO - [2024-04-13T15:17:41.937-0400] {dag.py:3954} INFO - Setting next_dagrun for example_dynamic_task_mapping to 2022-03-04 00:00:00+00:00, run_after=2022-03-05 00:00:00+00:00
[2024-04-13T15:17:41.943-0400] {processor.py:183} INFO - Processing /Users/manideepakreddyaila/Desktop/projects/Legal_Insights_Engine/.venv/lib/python3.11/site-packages/airflow/example_dags/example_dynamic_task_mapping.py took 0.087 seconds
[2024-04-13T15:44:29.772-0400] {processor.py:161} INFO - Started process (PID=31052) to work on /Users/manideepakreddyaila/Desktop/projects/Legal_Insights_Engine/.venv/lib/python3.11/site-packages/airflow/example_dags/example_dynamic_task_mapping.py
[2024-04-13T15:44:29.774-0400] {processor.py:830} INFO - Processing file /Users/manideepakreddyaila/Desktop/projects/Legal_Insights_Engine/.venv/lib/python3.11/site-packages/airflow/example_dags/example_dynamic_task_mapping.py for tasks to queue
[2024-04-13T15:44:29.774-0400] {logging_mixin.py:188} INFO - [2024-04-13T15:44:29.774-0400] {dagbag.py:540} INFO - Filling up the DagBag from /Users/manideepakreddyaila/Desktop/projects/Legal_Insights_Engine/.venv/lib/python3.11/site-packages/airflow/example_dags/example_dynamic_task_mapping.py
[2024-04-13T15:44:29.875-0400] {processor.py:840} INFO - DAG(s) 'example_dynamic_task_mapping' retrieved from /Users/manideepakreddyaila/Desktop/projects/Legal_Insights_Engine/.venv/lib/python3.11/site-packages/airflow/example_dags/example_dynamic_task_mapping.py
[2024-04-13T15:44:29.923-0400] {logging_mixin.py:188} INFO - [2024-04-13T15:44:29.923-0400] {dag.py:3096} INFO - Sync 1 DAGs
[2024-04-13T15:44:29.931-0400] {logging_mixin.py:188} INFO - [2024-04-13T15:44:29.930-0400] {dag.py:3954} INFO - Setting next_dagrun for example_dynamic_task_mapping to 2022-03-04 00:00:00+00:00, run_after=2022-03-05 00:00:00+00:00
[2024-04-13T15:44:29.937-0400] {processor.py:183} INFO - Processing /Users/manideepakreddyaila/Desktop/projects/Legal_Insights_Engine/.venv/lib/python3.11/site-packages/airflow/example_dags/example_dynamic_task_mapping.py took 0.169 seconds
[2024-04-13T17:53:31.988-0400] {processor.py:161} INFO - Started process (PID=31233) to work on /Users/manideepakreddyaila/Desktop/projects/Legal_Insights_Engine/.venv/lib/python3.11/site-packages/airflow/example_dags/example_dynamic_task_mapping.py
[2024-04-13T17:53:31.988-0400] {processor.py:830} INFO - Processing file /Users/manideepakreddyaila/Desktop/projects/Legal_Insights_Engine/.venv/lib/python3.11/site-packages/airflow/example_dags/example_dynamic_task_mapping.py for tasks to queue
[2024-04-13T17:53:31.989-0400] {logging_mixin.py:188} INFO - [2024-04-13T17:53:31.988-0400] {dagbag.py:540} INFO - Filling up the DagBag from /Users/manideepakreddyaila/Desktop/projects/Legal_Insights_Engine/.venv/lib/python3.11/site-packages/airflow/example_dags/example_dynamic_task_mapping.py
[2024-04-13T17:53:32.028-0400] {processor.py:840} INFO - DAG(s) 'example_dynamic_task_mapping' retrieved from /Users/manideepakreddyaila/Desktop/projects/Legal_Insights_Engine/.venv/lib/python3.11/site-packages/airflow/example_dags/example_dynamic_task_mapping.py
[2024-04-13T17:53:32.063-0400] {logging_mixin.py:188} INFO - [2024-04-13T17:53:32.063-0400] {dag.py:3096} INFO - Sync 1 DAGs
[2024-04-13T17:53:32.068-0400] {logging_mixin.py:188} INFO - [2024-04-13T17:53:32.068-0400] {dag.py:3954} INFO - Setting next_dagrun for example_dynamic_task_mapping to 2022-03-04 00:00:00+00:00, run_after=2022-03-05 00:00:00+00:00
[2024-04-13T17:53:32.074-0400] {processor.py:183} INFO - Processing /Users/manideepakreddyaila/Desktop/projects/Legal_Insights_Engine/.venv/lib/python3.11/site-packages/airflow/example_dags/example_dynamic_task_mapping.py took 0.087 seconds
[2024-04-13T18:20:42.304-0400] {processor.py:161} INFO - Started process (PID=31360) to work on /Users/manideepakreddyaila/Desktop/projects/Legal_Insights_Engine/.venv/lib/python3.11/site-packages/airflow/example_dags/example_dynamic_task_mapping.py
[2024-04-13T18:20:42.305-0400] {processor.py:830} INFO - Processing file /Users/manideepakreddyaila/Desktop/projects/Legal_Insights_Engine/.venv/lib/python3.11/site-packages/airflow/example_dags/example_dynamic_task_mapping.py for tasks to queue
[2024-04-13T18:20:42.305-0400] {logging_mixin.py:188} INFO - [2024-04-13T18:20:42.305-0400] {dagbag.py:540} INFO - Filling up the DagBag from /Users/manideepakreddyaila/Desktop/projects/Legal_Insights_Engine/.venv/lib/python3.11/site-packages/airflow/example_dags/example_dynamic_task_mapping.py
[2024-04-13T18:20:42.345-0400] {processor.py:840} INFO - DAG(s) 'example_dynamic_task_mapping' retrieved from /Users/manideepakreddyaila/Desktop/projects/Legal_Insights_Engine/.venv/lib/python3.11/site-packages/airflow/example_dags/example_dynamic_task_mapping.py
[2024-04-13T18:20:42.379-0400] {logging_mixin.py:188} INFO - [2024-04-13T18:20:42.378-0400] {dag.py:3096} INFO - Sync 1 DAGs
[2024-04-13T18:20:42.384-0400] {logging_mixin.py:188} INFO - [2024-04-13T18:20:42.384-0400] {dag.py:3954} INFO - Setting next_dagrun for example_dynamic_task_mapping to 2022-03-04 00:00:00+00:00, run_after=2022-03-05 00:00:00+00:00
[2024-04-13T18:20:42.390-0400] {processor.py:183} INFO - Processing /Users/manideepakreddyaila/Desktop/projects/Legal_Insights_Engine/.venv/lib/python3.11/site-packages/airflow/example_dags/example_dynamic_task_mapping.py took 0.087 seconds
[2024-04-13T19:02:32.956-0400] {processor.py:161} INFO - Started process (PID=31494) to work on /Users/manideepakreddyaila/Desktop/projects/Legal_Insights_Engine/.venv/lib/python3.11/site-packages/airflow/example_dags/example_dynamic_task_mapping.py
[2024-04-13T19:02:32.956-0400] {processor.py:830} INFO - Processing file /Users/manideepakreddyaila/Desktop/projects/Legal_Insights_Engine/.venv/lib/python3.11/site-packages/airflow/example_dags/example_dynamic_task_mapping.py for tasks to queue
[2024-04-13T19:02:32.957-0400] {logging_mixin.py:188} INFO - [2024-04-13T19:02:32.956-0400] {dagbag.py:540} INFO - Filling up the DagBag from /Users/manideepakreddyaila/Desktop/projects/Legal_Insights_Engine/.venv/lib/python3.11/site-packages/airflow/example_dags/example_dynamic_task_mapping.py
[2024-04-13T19:02:32.996-0400] {processor.py:840} INFO - DAG(s) 'example_dynamic_task_mapping' retrieved from /Users/manideepakreddyaila/Desktop/projects/Legal_Insights_Engine/.venv/lib/python3.11/site-packages/airflow/example_dags/example_dynamic_task_mapping.py
[2024-04-13T19:02:33.030-0400] {logging_mixin.py:188} INFO - [2024-04-13T19:02:33.030-0400] {dag.py:3096} INFO - Sync 1 DAGs
[2024-04-13T19:02:33.036-0400] {logging_mixin.py:188} INFO - [2024-04-13T19:02:33.036-0400] {dag.py:3954} INFO - Setting next_dagrun for example_dynamic_task_mapping to 2022-03-04 00:00:00+00:00, run_after=2022-03-05 00:00:00+00:00
[2024-04-13T19:02:33.041-0400] {processor.py:183} INFO - Processing /Users/manideepakreddyaila/Desktop/projects/Legal_Insights_Engine/.venv/lib/python3.11/site-packages/airflow/example_dags/example_dynamic_task_mapping.py took 0.087 seconds
