[2024-04-13T14:57:44.562-0400] {processor.py:161} INFO - Started process (PID=29939) to work on /Users/manideepakreddyaila/Desktop/projects/Legal_Insights_Engine/.venv/lib/python3.11/site-packages/airflow/example_dags/example_skip_dag.py
[2024-04-13T14:57:44.563-0400] {processor.py:830} INFO - Processing file /Users/manideepakreddyaila/Desktop/projects/Legal_Insights_Engine/.venv/lib/python3.11/site-packages/airflow/example_dags/example_skip_dag.py for tasks to queue
[2024-04-13T14:57:44.563-0400] {logging_mixin.py:188} INFO - [2024-04-13T14:57:44.563-0400] {dagbag.py:540} INFO - Filling up the DagBag from /Users/manideepakreddyaila/Desktop/projects/Legal_Insights_Engine/.venv/lib/python3.11/site-packages/airflow/example_dags/example_skip_dag.py
[2024-04-13T14:57:44.595-0400] {processor.py:840} INFO - DAG(s) 'example_skip_dag' retrieved from /Users/manideepakreddyaila/Desktop/projects/Legal_Insights_Engine/.venv/lib/python3.11/site-packages/airflow/example_dags/example_skip_dag.py
[2024-04-13T14:57:44.661-0400] {logging_mixin.py:188} INFO - [2024-04-13T14:57:44.661-0400] {override.py:1829} INFO - Created Permission View: can read on DAG:example_skip_dag
[2024-04-13T14:57:44.664-0400] {logging_mixin.py:188} INFO - [2024-04-13T14:57:44.663-0400] {override.py:1829} INFO - Created Permission View: can delete on DAG:example_skip_dag
[2024-04-13T14:57:44.665-0400] {logging_mixin.py:188} INFO - [2024-04-13T14:57:44.665-0400] {override.py:1829} INFO - Created Permission View: can edit on DAG:example_skip_dag
[2024-04-13T14:57:44.665-0400] {logging_mixin.py:188} INFO - [2024-04-13T14:57:44.665-0400] {dag.py:3096} INFO - Sync 1 DAGs
[2024-04-13T14:57:44.669-0400] {logging_mixin.py:188} INFO - [2024-04-13T14:57:44.669-0400] {dag.py:3118} INFO - Creating ORM DAG for example_skip_dag
[2024-04-13T14:57:44.672-0400] {logging_mixin.py:188} INFO - [2024-04-13T14:57:44.672-0400] {dag.py:3954} INFO - Setting next_dagrun for example_skip_dag to 2024-04-12 00:00:00+00:00, run_after=2024-04-13 00:00:00+00:00
[2024-04-13T14:57:44.679-0400] {processor.py:183} INFO - Processing /Users/manideepakreddyaila/Desktop/projects/Legal_Insights_Engine/.venv/lib/python3.11/site-packages/airflow/example_dags/example_skip_dag.py took 0.118 seconds
[2024-04-13T14:59:16.250-0400] {processor.py:161} INFO - Started process (PID=30034) to work on /Users/manideepakreddyaila/Desktop/projects/Legal_Insights_Engine/.venv/lib/python3.11/site-packages/airflow/example_dags/example_skip_dag.py
[2024-04-13T14:59:16.251-0400] {processor.py:830} INFO - Processing file /Users/manideepakreddyaila/Desktop/projects/Legal_Insights_Engine/.venv/lib/python3.11/site-packages/airflow/example_dags/example_skip_dag.py for tasks to queue
[2024-04-13T14:59:16.251-0400] {logging_mixin.py:188} INFO - [2024-04-13T14:59:16.251-0400] {dagbag.py:540} INFO - Filling up the DagBag from /Users/manideepakreddyaila/Desktop/projects/Legal_Insights_Engine/.venv/lib/python3.11/site-packages/airflow/example_dags/example_skip_dag.py
[2024-04-13T14:59:16.280-0400] {processor.py:840} INFO - DAG(s) 'example_skip_dag' retrieved from /Users/manideepakreddyaila/Desktop/projects/Legal_Insights_Engine/.venv/lib/python3.11/site-packages/airflow/example_dags/example_skip_dag.py
[2024-04-13T14:59:16.316-0400] {logging_mixin.py:188} INFO - [2024-04-13T14:59:16.316-0400] {dag.py:3096} INFO - Sync 1 DAGs
[2024-04-13T14:59:16.322-0400] {logging_mixin.py:188} INFO - [2024-04-13T14:59:16.322-0400] {dag.py:3954} INFO - Setting next_dagrun for example_skip_dag to 2024-04-12 00:00:00+00:00, run_after=2024-04-13 00:00:00+00:00
[2024-04-13T14:59:16.330-0400] {processor.py:183} INFO - Processing /Users/manideepakreddyaila/Desktop/projects/Legal_Insights_Engine/.venv/lib/python3.11/site-packages/airflow/example_dags/example_skip_dag.py took 0.081 seconds
[2024-04-13T15:01:15.838-0400] {processor.py:161} INFO - Started process (PID=30145) to work on /Users/manideepakreddyaila/Desktop/projects/Legal_Insights_Engine/.venv/lib/python3.11/site-packages/airflow/example_dags/example_skip_dag.py
[2024-04-13T15:01:15.839-0400] {processor.py:830} INFO - Processing file /Users/manideepakreddyaila/Desktop/projects/Legal_Insights_Engine/.venv/lib/python3.11/site-packages/airflow/example_dags/example_skip_dag.py for tasks to queue
[2024-04-13T15:01:15.840-0400] {logging_mixin.py:188} INFO - [2024-04-13T15:01:15.840-0400] {dagbag.py:540} INFO - Filling up the DagBag from /Users/manideepakreddyaila/Desktop/projects/Legal_Insights_Engine/.venv/lib/python3.11/site-packages/airflow/example_dags/example_skip_dag.py
[2024-04-13T15:01:15.869-0400] {processor.py:840} INFO - DAG(s) 'example_skip_dag' retrieved from /Users/manideepakreddyaila/Desktop/projects/Legal_Insights_Engine/.venv/lib/python3.11/site-packages/airflow/example_dags/example_skip_dag.py
[2024-04-13T15:01:15.904-0400] {logging_mixin.py:188} INFO - [2024-04-13T15:01:15.904-0400] {dag.py:3096} INFO - Sync 1 DAGs
[2024-04-13T15:01:15.909-0400] {logging_mixin.py:188} INFO - [2024-04-13T15:01:15.909-0400] {dag.py:3954} INFO - Setting next_dagrun for example_skip_dag to 2024-04-12 00:00:00+00:00, run_after=2024-04-13 00:00:00+00:00
[2024-04-13T15:01:15.916-0400] {processor.py:183} INFO - Processing /Users/manideepakreddyaila/Desktop/projects/Legal_Insights_Engine/.venv/lib/python3.11/site-packages/airflow/example_dags/example_skip_dag.py took 0.078 seconds
[2024-04-13T15:03:08.376-0400] {processor.py:161} INFO - Started process (PID=30232) to work on /Users/manideepakreddyaila/Desktop/projects/Legal_Insights_Engine/.venv/lib/python3.11/site-packages/airflow/example_dags/example_skip_dag.py
[2024-04-13T15:03:08.376-0400] {processor.py:830} INFO - Processing file /Users/manideepakreddyaila/Desktop/projects/Legal_Insights_Engine/.venv/lib/python3.11/site-packages/airflow/example_dags/example_skip_dag.py for tasks to queue
[2024-04-13T15:03:08.377-0400] {logging_mixin.py:188} INFO - [2024-04-13T15:03:08.376-0400] {dagbag.py:540} INFO - Filling up the DagBag from /Users/manideepakreddyaila/Desktop/projects/Legal_Insights_Engine/.venv/lib/python3.11/site-packages/airflow/example_dags/example_skip_dag.py
[2024-04-13T15:03:08.405-0400] {processor.py:840} INFO - DAG(s) 'example_skip_dag' retrieved from /Users/manideepakreddyaila/Desktop/projects/Legal_Insights_Engine/.venv/lib/python3.11/site-packages/airflow/example_dags/example_skip_dag.py
[2024-04-13T15:03:08.441-0400] {logging_mixin.py:188} INFO - [2024-04-13T15:03:08.441-0400] {dag.py:3096} INFO - Sync 1 DAGs
[2024-04-13T15:03:08.446-0400] {logging_mixin.py:188} INFO - [2024-04-13T15:03:08.446-0400] {dag.py:3954} INFO - Setting next_dagrun for example_skip_dag to 2024-04-12 00:00:00+00:00, run_after=2024-04-13 00:00:00+00:00
[2024-04-13T15:03:08.452-0400] {processor.py:183} INFO - Processing /Users/manideepakreddyaila/Desktop/projects/Legal_Insights_Engine/.venv/lib/python3.11/site-packages/airflow/example_dags/example_skip_dag.py took 0.078 seconds
[2024-04-13T15:05:08.908-0400] {processor.py:161} INFO - Started process (PID=30344) to work on /Users/manideepakreddyaila/Desktop/projects/Legal_Insights_Engine/.venv/lib/python3.11/site-packages/airflow/example_dags/example_skip_dag.py
[2024-04-13T15:05:08.909-0400] {processor.py:830} INFO - Processing file /Users/manideepakreddyaila/Desktop/projects/Legal_Insights_Engine/.venv/lib/python3.11/site-packages/airflow/example_dags/example_skip_dag.py for tasks to queue
[2024-04-13T15:05:08.909-0400] {logging_mixin.py:188} INFO - [2024-04-13T15:05:08.909-0400] {dagbag.py:540} INFO - Filling up the DagBag from /Users/manideepakreddyaila/Desktop/projects/Legal_Insights_Engine/.venv/lib/python3.11/site-packages/airflow/example_dags/example_skip_dag.py
[2024-04-13T15:05:08.939-0400] {processor.py:840} INFO - DAG(s) 'example_skip_dag' retrieved from /Users/manideepakreddyaila/Desktop/projects/Legal_Insights_Engine/.venv/lib/python3.11/site-packages/airflow/example_dags/example_skip_dag.py
[2024-04-13T15:05:08.974-0400] {logging_mixin.py:188} INFO - [2024-04-13T15:05:08.974-0400] {dag.py:3096} INFO - Sync 1 DAGs
[2024-04-13T15:05:08.979-0400] {logging_mixin.py:188} INFO - [2024-04-13T15:05:08.979-0400] {dag.py:3954} INFO - Setting next_dagrun for example_skip_dag to 2024-04-12 00:00:00+00:00, run_after=2024-04-13 00:00:00+00:00
[2024-04-13T15:05:08.985-0400] {processor.py:183} INFO - Processing /Users/manideepakreddyaila/Desktop/projects/Legal_Insights_Engine/.venv/lib/python3.11/site-packages/airflow/example_dags/example_skip_dag.py took 0.078 seconds
[2024-04-13T15:07:10.243-0400] {processor.py:161} INFO - Started process (PID=30493) to work on /Users/manideepakreddyaila/Desktop/projects/Legal_Insights_Engine/.venv/lib/python3.11/site-packages/airflow/example_dags/example_skip_dag.py
[2024-04-13T15:07:10.244-0400] {processor.py:830} INFO - Processing file /Users/manideepakreddyaila/Desktop/projects/Legal_Insights_Engine/.venv/lib/python3.11/site-packages/airflow/example_dags/example_skip_dag.py for tasks to queue
[2024-04-13T15:07:10.244-0400] {logging_mixin.py:188} INFO - [2024-04-13T15:07:10.244-0400] {dagbag.py:540} INFO - Filling up the DagBag from /Users/manideepakreddyaila/Desktop/projects/Legal_Insights_Engine/.venv/lib/python3.11/site-packages/airflow/example_dags/example_skip_dag.py
[2024-04-13T15:07:10.274-0400] {processor.py:840} INFO - DAG(s) 'example_skip_dag' retrieved from /Users/manideepakreddyaila/Desktop/projects/Legal_Insights_Engine/.venv/lib/python3.11/site-packages/airflow/example_dags/example_skip_dag.py
[2024-04-13T15:07:10.311-0400] {logging_mixin.py:188} INFO - [2024-04-13T15:07:10.311-0400] {dag.py:3096} INFO - Sync 1 DAGs
[2024-04-13T15:07:10.317-0400] {logging_mixin.py:188} INFO - [2024-04-13T15:07:10.317-0400] {dag.py:3954} INFO - Setting next_dagrun for example_skip_dag to 2024-04-12 00:00:00+00:00, run_after=2024-04-13 00:00:00+00:00
[2024-04-13T15:07:10.323-0400] {processor.py:183} INFO - Processing /Users/manideepakreddyaila/Desktop/projects/Legal_Insights_Engine/.venv/lib/python3.11/site-packages/airflow/example_dags/example_skip_dag.py took 0.081 seconds
[2024-04-13T15:14:24.316-0400] {processor.py:161} INFO - Started process (PID=30717) to work on /Users/manideepakreddyaila/Desktop/projects/Legal_Insights_Engine/.venv/lib/python3.11/site-packages/airflow/example_dags/example_skip_dag.py
[2024-04-13T15:14:24.317-0400] {processor.py:830} INFO - Processing file /Users/manideepakreddyaila/Desktop/projects/Legal_Insights_Engine/.venv/lib/python3.11/site-packages/airflow/example_dags/example_skip_dag.py for tasks to queue
[2024-04-13T15:14:24.317-0400] {logging_mixin.py:188} INFO - [2024-04-13T15:14:24.317-0400] {dagbag.py:540} INFO - Filling up the DagBag from /Users/manideepakreddyaila/Desktop/projects/Legal_Insights_Engine/.venv/lib/python3.11/site-packages/airflow/example_dags/example_skip_dag.py
[2024-04-13T15:14:24.346-0400] {processor.py:840} INFO - DAG(s) 'example_skip_dag' retrieved from /Users/manideepakreddyaila/Desktop/projects/Legal_Insights_Engine/.venv/lib/python3.11/site-packages/airflow/example_dags/example_skip_dag.py
[2024-04-13T15:14:24.383-0400] {logging_mixin.py:188} INFO - [2024-04-13T15:14:24.383-0400] {dag.py:3096} INFO - Sync 1 DAGs
[2024-04-13T15:14:24.389-0400] {logging_mixin.py:188} INFO - [2024-04-13T15:14:24.389-0400] {dag.py:3954} INFO - Setting next_dagrun for example_skip_dag to 2024-04-12 00:00:00+00:00, run_after=2024-04-13 00:00:00+00:00
[2024-04-13T15:14:24.395-0400] {processor.py:183} INFO - Processing /Users/manideepakreddyaila/Desktop/projects/Legal_Insights_Engine/.venv/lib/python3.11/site-packages/airflow/example_dags/example_skip_dag.py took 0.080 seconds
[2024-04-13T15:16:22.633-0400] {processor.py:161} INFO - Started process (PID=30840) to work on /Users/manideepakreddyaila/Desktop/projects/Legal_Insights_Engine/.venv/lib/python3.11/site-packages/airflow/example_dags/example_skip_dag.py
[2024-04-13T15:16:22.634-0400] {processor.py:830} INFO - Processing file /Users/manideepakreddyaila/Desktop/projects/Legal_Insights_Engine/.venv/lib/python3.11/site-packages/airflow/example_dags/example_skip_dag.py for tasks to queue
[2024-04-13T15:16:22.635-0400] {logging_mixin.py:188} INFO - [2024-04-13T15:16:22.635-0400] {dagbag.py:540} INFO - Filling up the DagBag from /Users/manideepakreddyaila/Desktop/projects/Legal_Insights_Engine/.venv/lib/python3.11/site-packages/airflow/example_dags/example_skip_dag.py
[2024-04-13T15:16:22.664-0400] {processor.py:840} INFO - DAG(s) 'example_skip_dag' retrieved from /Users/manideepakreddyaila/Desktop/projects/Legal_Insights_Engine/.venv/lib/python3.11/site-packages/airflow/example_dags/example_skip_dag.py
[2024-04-13T15:16:22.700-0400] {logging_mixin.py:188} INFO - [2024-04-13T15:16:22.700-0400] {dag.py:3096} INFO - Sync 1 DAGs
[2024-04-13T15:16:22.705-0400] {logging_mixin.py:188} INFO - [2024-04-13T15:16:22.705-0400] {dag.py:3954} INFO - Setting next_dagrun for example_skip_dag to 2024-04-12 00:00:00+00:00, run_after=2024-04-13 00:00:00+00:00
[2024-04-13T15:16:22.712-0400] {processor.py:183} INFO - Processing /Users/manideepakreddyaila/Desktop/projects/Legal_Insights_Engine/.venv/lib/python3.11/site-packages/airflow/example_dags/example_skip_dag.py took 0.079 seconds
[2024-04-13T15:25:58.894-0400] {processor.py:161} INFO - Started process (PID=31010) to work on /Users/manideepakreddyaila/Desktop/projects/Legal_Insights_Engine/.venv/lib/python3.11/site-packages/airflow/example_dags/example_skip_dag.py
[2024-04-13T15:25:58.897-0400] {processor.py:830} INFO - Processing file /Users/manideepakreddyaila/Desktop/projects/Legal_Insights_Engine/.venv/lib/python3.11/site-packages/airflow/example_dags/example_skip_dag.py for tasks to queue
[2024-04-13T15:25:58.897-0400] {logging_mixin.py:188} INFO - [2024-04-13T15:25:58.897-0400] {dagbag.py:540} INFO - Filling up the DagBag from /Users/manideepakreddyaila/Desktop/projects/Legal_Insights_Engine/.venv/lib/python3.11/site-packages/airflow/example_dags/example_skip_dag.py
[2024-04-13T15:25:58.926-0400] {processor.py:840} INFO - DAG(s) 'example_skip_dag' retrieved from /Users/manideepakreddyaila/Desktop/projects/Legal_Insights_Engine/.venv/lib/python3.11/site-packages/airflow/example_dags/example_skip_dag.py
[2024-04-13T15:25:58.961-0400] {logging_mixin.py:188} INFO - [2024-04-13T15:25:58.961-0400] {dag.py:3096} INFO - Sync 1 DAGs
[2024-04-13T15:25:58.967-0400] {logging_mixin.py:188} INFO - [2024-04-13T15:25:58.967-0400] {dag.py:3954} INFO - Setting next_dagrun for example_skip_dag to 2024-04-12 00:00:00+00:00, run_after=2024-04-13 00:00:00+00:00
[2024-04-13T15:25:58.972-0400] {processor.py:183} INFO - Processing /Users/manideepakreddyaila/Desktop/projects/Legal_Insights_Engine/.venv/lib/python3.11/site-packages/airflow/example_dags/example_skip_dag.py took 0.080 seconds
[2024-04-13T17:51:00.752-0400] {processor.py:161} INFO - Started process (PID=31178) to work on /Users/manideepakreddyaila/Desktop/projects/Legal_Insights_Engine/.venv/lib/python3.11/site-packages/airflow/example_dags/example_skip_dag.py
[2024-04-13T17:51:00.754-0400] {processor.py:830} INFO - Processing file /Users/manideepakreddyaila/Desktop/projects/Legal_Insights_Engine/.venv/lib/python3.11/site-packages/airflow/example_dags/example_skip_dag.py for tasks to queue
[2024-04-13T17:51:00.754-0400] {logging_mixin.py:188} INFO - [2024-04-13T17:51:00.754-0400] {dagbag.py:540} INFO - Filling up the DagBag from /Users/manideepakreddyaila/Desktop/projects/Legal_Insights_Engine/.venv/lib/python3.11/site-packages/airflow/example_dags/example_skip_dag.py
[2024-04-13T17:51:00.784-0400] {processor.py:840} INFO - DAG(s) 'example_skip_dag' retrieved from /Users/manideepakreddyaila/Desktop/projects/Legal_Insights_Engine/.venv/lib/python3.11/site-packages/airflow/example_dags/example_skip_dag.py
[2024-04-13T17:51:00.820-0400] {logging_mixin.py:188} INFO - [2024-04-13T17:51:00.820-0400] {dag.py:3096} INFO - Sync 1 DAGs
[2024-04-13T17:51:00.825-0400] {logging_mixin.py:188} INFO - [2024-04-13T17:51:00.825-0400] {dag.py:3954} INFO - Setting next_dagrun for example_skip_dag to 2024-04-12 00:00:00+00:00, run_after=2024-04-13 00:00:00+00:00
[2024-04-13T17:51:00.831-0400] {processor.py:183} INFO - Processing /Users/manideepakreddyaila/Desktop/projects/Legal_Insights_Engine/.venv/lib/python3.11/site-packages/airflow/example_dags/example_skip_dag.py took 0.079 seconds
[2024-04-13T18:18:03.721-0400] {processor.py:161} INFO - Started process (PID=31323) to work on /Users/manideepakreddyaila/Desktop/projects/Legal_Insights_Engine/.venv/lib/python3.11/site-packages/airflow/example_dags/example_skip_dag.py
[2024-04-13T18:18:03.722-0400] {processor.py:830} INFO - Processing file /Users/manideepakreddyaila/Desktop/projects/Legal_Insights_Engine/.venv/lib/python3.11/site-packages/airflow/example_dags/example_skip_dag.py for tasks to queue
[2024-04-13T18:18:03.723-0400] {logging_mixin.py:188} INFO - [2024-04-13T18:18:03.723-0400] {dagbag.py:540} INFO - Filling up the DagBag from /Users/manideepakreddyaila/Desktop/projects/Legal_Insights_Engine/.venv/lib/python3.11/site-packages/airflow/example_dags/example_skip_dag.py
[2024-04-13T18:18:03.752-0400] {processor.py:840} INFO - DAG(s) 'example_skip_dag' retrieved from /Users/manideepakreddyaila/Desktop/projects/Legal_Insights_Engine/.venv/lib/python3.11/site-packages/airflow/example_dags/example_skip_dag.py
[2024-04-13T18:18:03.787-0400] {logging_mixin.py:188} INFO - [2024-04-13T18:18:03.787-0400] {dag.py:3096} INFO - Sync 1 DAGs
[2024-04-13T18:18:03.792-0400] {logging_mixin.py:188} INFO - [2024-04-13T18:18:03.792-0400] {dag.py:3954} INFO - Setting next_dagrun for example_skip_dag to 2024-04-12 00:00:00+00:00, run_after=2024-04-13 00:00:00+00:00
[2024-04-13T18:18:03.798-0400] {processor.py:183} INFO - Processing /Users/manideepakreddyaila/Desktop/projects/Legal_Insights_Engine/.venv/lib/python3.11/site-packages/airflow/example_dags/example_skip_dag.py took 0.078 seconds
[2024-04-13T18:58:43.447-0400] {processor.py:161} INFO - Started process (PID=31449) to work on /Users/manideepakreddyaila/Desktop/projects/Legal_Insights_Engine/.venv/lib/python3.11/site-packages/airflow/example_dags/example_skip_dag.py
[2024-04-13T18:58:43.447-0400] {processor.py:830} INFO - Processing file /Users/manideepakreddyaila/Desktop/projects/Legal_Insights_Engine/.venv/lib/python3.11/site-packages/airflow/example_dags/example_skip_dag.py for tasks to queue
[2024-04-13T18:58:43.448-0400] {logging_mixin.py:188} INFO - [2024-04-13T18:58:43.448-0400] {dagbag.py:540} INFO - Filling up the DagBag from /Users/manideepakreddyaila/Desktop/projects/Legal_Insights_Engine/.venv/lib/python3.11/site-packages/airflow/example_dags/example_skip_dag.py
[2024-04-13T18:58:43.476-0400] {processor.py:840} INFO - DAG(s) 'example_skip_dag' retrieved from /Users/manideepakreddyaila/Desktop/projects/Legal_Insights_Engine/.venv/lib/python3.11/site-packages/airflow/example_dags/example_skip_dag.py
[2024-04-13T18:58:43.512-0400] {logging_mixin.py:188} INFO - [2024-04-13T18:58:43.512-0400] {dag.py:3096} INFO - Sync 1 DAGs
[2024-04-13T18:58:43.518-0400] {logging_mixin.py:188} INFO - [2024-04-13T18:58:43.517-0400] {dag.py:3954} INFO - Setting next_dagrun for example_skip_dag to 2024-04-12 00:00:00+00:00, run_after=2024-04-13 00:00:00+00:00
[2024-04-13T18:58:43.524-0400] {processor.py:183} INFO - Processing /Users/manideepakreddyaila/Desktop/projects/Legal_Insights_Engine/.venv/lib/python3.11/site-packages/airflow/example_dags/example_skip_dag.py took 0.078 seconds
[2024-04-13T19:09:57.286-0400] {processor.py:161} INFO - Started process (PID=31549) to work on /Users/manideepakreddyaila/Desktop/projects/Legal_Insights_Engine/.venv/lib/python3.11/site-packages/airflow/example_dags/example_skip_dag.py
[2024-04-13T19:09:57.287-0400] {processor.py:830} INFO - Processing file /Users/manideepakreddyaila/Desktop/projects/Legal_Insights_Engine/.venv/lib/python3.11/site-packages/airflow/example_dags/example_skip_dag.py for tasks to queue
[2024-04-13T19:09:57.287-0400] {logging_mixin.py:188} INFO - [2024-04-13T19:09:57.287-0400] {dagbag.py:540} INFO - Filling up the DagBag from /Users/manideepakreddyaila/Desktop/projects/Legal_Insights_Engine/.venv/lib/python3.11/site-packages/airflow/example_dags/example_skip_dag.py
[2024-04-13T19:09:57.315-0400] {processor.py:840} INFO - DAG(s) 'example_skip_dag' retrieved from /Users/manideepakreddyaila/Desktop/projects/Legal_Insights_Engine/.venv/lib/python3.11/site-packages/airflow/example_dags/example_skip_dag.py
[2024-04-13T19:09:57.353-0400] {logging_mixin.py:188} INFO - [2024-04-13T19:09:57.353-0400] {dag.py:3096} INFO - Sync 1 DAGs
[2024-04-13T19:09:57.359-0400] {logging_mixin.py:188} INFO - [2024-04-13T19:09:57.359-0400] {dag.py:3954} INFO - Setting next_dagrun for example_skip_dag to 2024-04-12 00:00:00+00:00, run_after=2024-04-13 00:00:00+00:00
[2024-04-13T19:09:57.365-0400] {processor.py:183} INFO - Processing /Users/manideepakreddyaila/Desktop/projects/Legal_Insights_Engine/.venv/lib/python3.11/site-packages/airflow/example_dags/example_skip_dag.py took 0.080 seconds
