[2024-04-13T14:57:46.608-0400] {processor.py:161} INFO - Started process (PID=29943) to work on /Users/manideepakreddyaila/Desktop/projects/Legal_Insights_Engine/.venv/lib/python3.11/site-packages/airflow/example_dags/example_short_circuit_operator.py
[2024-04-13T14:57:46.608-0400] {processor.py:830} INFO - Processing file /Users/manideepakreddyaila/Desktop/projects/Legal_Insights_Engine/.venv/lib/python3.11/site-packages/airflow/example_dags/example_short_circuit_operator.py for tasks to queue
[2024-04-13T14:57:46.608-0400] {logging_mixin.py:188} INFO - [2024-04-13T14:57:46.608-0400] {dagbag.py:540} INFO - Filling up the DagBag from /Users/manideepakreddyaila/Desktop/projects/Legal_Insights_Engine/.venv/lib/python3.11/site-packages/airflow/example_dags/example_short_circuit_operator.py
[2024-04-13T14:57:46.652-0400] {processor.py:840} INFO - DAG(s) 'example_short_circuit_operator' retrieved from /Users/manideepakreddyaila/Desktop/projects/Legal_Insights_Engine/.venv/lib/python3.11/site-packages/airflow/example_dags/example_short_circuit_operator.py
[2024-04-13T14:57:46.719-0400] {logging_mixin.py:188} INFO - [2024-04-13T14:57:46.719-0400] {override.py:1829} INFO - Created Permission View: can delete on DAG:example_short_circuit_operator
[2024-04-13T14:57:46.722-0400] {logging_mixin.py:188} INFO - [2024-04-13T14:57:46.722-0400] {override.py:1829} INFO - Created Permission View: can read on DAG:example_short_circuit_operator
[2024-04-13T14:57:46.723-0400] {logging_mixin.py:188} INFO - [2024-04-13T14:57:46.723-0400] {override.py:1829} INFO - Created Permission View: can edit on DAG:example_short_circuit_operator
[2024-04-13T14:57:46.724-0400] {logging_mixin.py:188} INFO - [2024-04-13T14:57:46.723-0400] {dag.py:3096} INFO - Sync 1 DAGs
[2024-04-13T14:57:46.727-0400] {logging_mixin.py:188} INFO - [2024-04-13T14:57:46.727-0400] {dag.py:3118} INFO - Creating ORM DAG for example_short_circuit_operator
[2024-04-13T14:57:46.729-0400] {logging_mixin.py:188} INFO - [2024-04-13T14:57:46.729-0400] {dag.py:3954} INFO - Setting next_dagrun for example_short_circuit_operator to 2024-04-12 00:00:00+00:00, run_after=2024-04-13 00:00:00+00:00
[2024-04-13T14:57:46.735-0400] {processor.py:183} INFO - Processing /Users/manideepakreddyaila/Desktop/projects/Legal_Insights_Engine/.venv/lib/python3.11/site-packages/airflow/example_dags/example_short_circuit_operator.py took 0.131 seconds
[2024-04-13T14:59:18.104-0400] {processor.py:161} INFO - Started process (PID=30036) to work on /Users/manideepakreddyaila/Desktop/projects/Legal_Insights_Engine/.venv/lib/python3.11/site-packages/airflow/example_dags/example_short_circuit_operator.py
[2024-04-13T14:59:18.104-0400] {processor.py:830} INFO - Processing file /Users/manideepakreddyaila/Desktop/projects/Legal_Insights_Engine/.venv/lib/python3.11/site-packages/airflow/example_dags/example_short_circuit_operator.py for tasks to queue
[2024-04-13T14:59:18.105-0400] {logging_mixin.py:188} INFO - [2024-04-13T14:59:18.105-0400] {dagbag.py:540} INFO - Filling up the DagBag from /Users/manideepakreddyaila/Desktop/projects/Legal_Insights_Engine/.venv/lib/python3.11/site-packages/airflow/example_dags/example_short_circuit_operator.py
[2024-04-13T14:59:18.140-0400] {processor.py:840} INFO - DAG(s) 'example_short_circuit_operator' retrieved from /Users/manideepakreddyaila/Desktop/projects/Legal_Insights_Engine/.venv/lib/python3.11/site-packages/airflow/example_dags/example_short_circuit_operator.py
[2024-04-13T14:59:18.176-0400] {logging_mixin.py:188} INFO - [2024-04-13T14:59:18.176-0400] {dag.py:3096} INFO - Sync 1 DAGs
[2024-04-13T14:59:18.181-0400] {logging_mixin.py:188} INFO - [2024-04-13T14:59:18.181-0400] {dag.py:3954} INFO - Setting next_dagrun for example_short_circuit_operator to 2024-04-12 00:00:00+00:00, run_after=2024-04-13 00:00:00+00:00
[2024-04-13T14:59:18.187-0400] {processor.py:183} INFO - Processing /Users/manideepakreddyaila/Desktop/projects/Legal_Insights_Engine/.venv/lib/python3.11/site-packages/airflow/example_dags/example_short_circuit_operator.py took 0.085 seconds
[2024-04-13T15:01:16.919-0400] {processor.py:161} INFO - Started process (PID=30147) to work on /Users/manideepakreddyaila/Desktop/projects/Legal_Insights_Engine/.venv/lib/python3.11/site-packages/airflow/example_dags/example_short_circuit_operator.py
[2024-04-13T15:01:16.920-0400] {processor.py:830} INFO - Processing file /Users/manideepakreddyaila/Desktop/projects/Legal_Insights_Engine/.venv/lib/python3.11/site-packages/airflow/example_dags/example_short_circuit_operator.py for tasks to queue
[2024-04-13T15:01:16.921-0400] {logging_mixin.py:188} INFO - [2024-04-13T15:01:16.920-0400] {dagbag.py:540} INFO - Filling up the DagBag from /Users/manideepakreddyaila/Desktop/projects/Legal_Insights_Engine/.venv/lib/python3.11/site-packages/airflow/example_dags/example_short_circuit_operator.py
[2024-04-13T15:01:16.956-0400] {processor.py:840} INFO - DAG(s) 'example_short_circuit_operator' retrieved from /Users/manideepakreddyaila/Desktop/projects/Legal_Insights_Engine/.venv/lib/python3.11/site-packages/airflow/example_dags/example_short_circuit_operator.py
[2024-04-13T15:01:16.991-0400] {logging_mixin.py:188} INFO - [2024-04-13T15:01:16.991-0400] {dag.py:3096} INFO - Sync 1 DAGs
[2024-04-13T15:01:16.996-0400] {logging_mixin.py:188} INFO - [2024-04-13T15:01:16.996-0400] {dag.py:3954} INFO - Setting next_dagrun for example_short_circuit_operator to 2024-04-12 00:00:00+00:00, run_after=2024-04-13 00:00:00+00:00
[2024-04-13T15:01:17.003-0400] {processor.py:183} INFO - Processing /Users/manideepakreddyaila/Desktop/projects/Legal_Insights_Engine/.venv/lib/python3.11/site-packages/airflow/example_dags/example_short_circuit_operator.py took 0.085 seconds
[2024-04-13T15:03:10.252-0400] {processor.py:161} INFO - Started process (PID=30233) to work on /Users/manideepakreddyaila/Desktop/projects/Legal_Insights_Engine/.venv/lib/python3.11/site-packages/airflow/example_dags/example_short_circuit_operator.py
[2024-04-13T15:03:10.252-0400] {processor.py:830} INFO - Processing file /Users/manideepakreddyaila/Desktop/projects/Legal_Insights_Engine/.venv/lib/python3.11/site-packages/airflow/example_dags/example_short_circuit_operator.py for tasks to queue
[2024-04-13T15:03:10.253-0400] {logging_mixin.py:188} INFO - [2024-04-13T15:03:10.253-0400] {dagbag.py:540} INFO - Filling up the DagBag from /Users/manideepakreddyaila/Desktop/projects/Legal_Insights_Engine/.venv/lib/python3.11/site-packages/airflow/example_dags/example_short_circuit_operator.py
[2024-04-13T15:03:10.288-0400] {processor.py:840} INFO - DAG(s) 'example_short_circuit_operator' retrieved from /Users/manideepakreddyaila/Desktop/projects/Legal_Insights_Engine/.venv/lib/python3.11/site-packages/airflow/example_dags/example_short_circuit_operator.py
[2024-04-13T15:03:10.323-0400] {logging_mixin.py:188} INFO - [2024-04-13T15:03:10.323-0400] {dag.py:3096} INFO - Sync 1 DAGs
[2024-04-13T15:03:10.329-0400] {logging_mixin.py:188} INFO - [2024-04-13T15:03:10.329-0400] {dag.py:3954} INFO - Setting next_dagrun for example_short_circuit_operator to 2024-04-12 00:00:00+00:00, run_after=2024-04-13 00:00:00+00:00
[2024-04-13T15:03:10.335-0400] {processor.py:183} INFO - Processing /Users/manideepakreddyaila/Desktop/projects/Legal_Insights_Engine/.venv/lib/python3.11/site-packages/airflow/example_dags/example_short_circuit_operator.py took 0.085 seconds
[2024-04-13T15:05:10.796-0400] {processor.py:161} INFO - Started process (PID=30345) to work on /Users/manideepakreddyaila/Desktop/projects/Legal_Insights_Engine/.venv/lib/python3.11/site-packages/airflow/example_dags/example_short_circuit_operator.py
[2024-04-13T15:05:10.797-0400] {processor.py:830} INFO - Processing file /Users/manideepakreddyaila/Desktop/projects/Legal_Insights_Engine/.venv/lib/python3.11/site-packages/airflow/example_dags/example_short_circuit_operator.py for tasks to queue
[2024-04-13T15:05:10.797-0400] {logging_mixin.py:188} INFO - [2024-04-13T15:05:10.797-0400] {dagbag.py:540} INFO - Filling up the DagBag from /Users/manideepakreddyaila/Desktop/projects/Legal_Insights_Engine/.venv/lib/python3.11/site-packages/airflow/example_dags/example_short_circuit_operator.py
[2024-04-13T15:05:10.834-0400] {processor.py:840} INFO - DAG(s) 'example_short_circuit_operator' retrieved from /Users/manideepakreddyaila/Desktop/projects/Legal_Insights_Engine/.venv/lib/python3.11/site-packages/airflow/example_dags/example_short_circuit_operator.py
[2024-04-13T15:05:10.871-0400] {logging_mixin.py:188} INFO - [2024-04-13T15:05:10.871-0400] {dag.py:3096} INFO - Sync 1 DAGs
[2024-04-13T15:05:10.877-0400] {logging_mixin.py:188} INFO - [2024-04-13T15:05:10.877-0400] {dag.py:3954} INFO - Setting next_dagrun for example_short_circuit_operator to 2024-04-12 00:00:00+00:00, run_after=2024-04-13 00:00:00+00:00
[2024-04-13T15:05:10.884-0400] {processor.py:183} INFO - Processing /Users/manideepakreddyaila/Desktop/projects/Legal_Insights_Engine/.venv/lib/python3.11/site-packages/airflow/example_dags/example_short_circuit_operator.py took 0.089 seconds
[2024-04-13T15:07:12.273-0400] {processor.py:161} INFO - Started process (PID=30495) to work on /Users/manideepakreddyaila/Desktop/projects/Legal_Insights_Engine/.venv/lib/python3.11/site-packages/airflow/example_dags/example_short_circuit_operator.py
[2024-04-13T15:07:12.274-0400] {processor.py:830} INFO - Processing file /Users/manideepakreddyaila/Desktop/projects/Legal_Insights_Engine/.venv/lib/python3.11/site-packages/airflow/example_dags/example_short_circuit_operator.py for tasks to queue
[2024-04-13T15:07:12.274-0400] {logging_mixin.py:188} INFO - [2024-04-13T15:07:12.274-0400] {dagbag.py:540} INFO - Filling up the DagBag from /Users/manideepakreddyaila/Desktop/projects/Legal_Insights_Engine/.venv/lib/python3.11/site-packages/airflow/example_dags/example_short_circuit_operator.py
[2024-04-13T15:07:12.311-0400] {processor.py:840} INFO - DAG(s) 'example_short_circuit_operator' retrieved from /Users/manideepakreddyaila/Desktop/projects/Legal_Insights_Engine/.venv/lib/python3.11/site-packages/airflow/example_dags/example_short_circuit_operator.py
[2024-04-13T15:07:12.347-0400] {logging_mixin.py:188} INFO - [2024-04-13T15:07:12.346-0400] {dag.py:3096} INFO - Sync 1 DAGs
[2024-04-13T15:07:12.352-0400] {logging_mixin.py:188} INFO - [2024-04-13T15:07:12.352-0400] {dag.py:3954} INFO - Setting next_dagrun for example_short_circuit_operator to 2024-04-12 00:00:00+00:00, run_after=2024-04-13 00:00:00+00:00
[2024-04-13T15:07:12.358-0400] {processor.py:183} INFO - Processing /Users/manideepakreddyaila/Desktop/projects/Legal_Insights_Engine/.venv/lib/python3.11/site-packages/airflow/example_dags/example_short_circuit_operator.py took 0.087 seconds
[2024-04-13T15:14:26.216-0400] {processor.py:161} INFO - Started process (PID=30718) to work on /Users/manideepakreddyaila/Desktop/projects/Legal_Insights_Engine/.venv/lib/python3.11/site-packages/airflow/example_dags/example_short_circuit_operator.py
[2024-04-13T15:14:26.217-0400] {processor.py:830} INFO - Processing file /Users/manideepakreddyaila/Desktop/projects/Legal_Insights_Engine/.venv/lib/python3.11/site-packages/airflow/example_dags/example_short_circuit_operator.py for tasks to queue
[2024-04-13T15:14:26.217-0400] {logging_mixin.py:188} INFO - [2024-04-13T15:14:26.217-0400] {dagbag.py:540} INFO - Filling up the DagBag from /Users/manideepakreddyaila/Desktop/projects/Legal_Insights_Engine/.venv/lib/python3.11/site-packages/airflow/example_dags/example_short_circuit_operator.py
[2024-04-13T15:14:26.256-0400] {processor.py:840} INFO - DAG(s) 'example_short_circuit_operator' retrieved from /Users/manideepakreddyaila/Desktop/projects/Legal_Insights_Engine/.venv/lib/python3.11/site-packages/airflow/example_dags/example_short_circuit_operator.py
[2024-04-13T15:14:26.293-0400] {logging_mixin.py:188} INFO - [2024-04-13T15:14:26.292-0400] {dag.py:3096} INFO - Sync 1 DAGs
[2024-04-13T15:14:26.299-0400] {logging_mixin.py:188} INFO - [2024-04-13T15:14:26.299-0400] {dag.py:3954} INFO - Setting next_dagrun for example_short_circuit_operator to 2024-04-12 00:00:00+00:00, run_after=2024-04-13 00:00:00+00:00
[2024-04-13T15:14:26.305-0400] {processor.py:183} INFO - Processing /Users/manideepakreddyaila/Desktop/projects/Legal_Insights_Engine/.venv/lib/python3.11/site-packages/airflow/example_dags/example_short_circuit_operator.py took 0.090 seconds
[2024-04-13T15:16:24.494-0400] {processor.py:161} INFO - Started process (PID=30841) to work on /Users/manideepakreddyaila/Desktop/projects/Legal_Insights_Engine/.venv/lib/python3.11/site-packages/airflow/example_dags/example_short_circuit_operator.py
[2024-04-13T15:16:24.495-0400] {processor.py:830} INFO - Processing file /Users/manideepakreddyaila/Desktop/projects/Legal_Insights_Engine/.venv/lib/python3.11/site-packages/airflow/example_dags/example_short_circuit_operator.py for tasks to queue
[2024-04-13T15:16:24.495-0400] {logging_mixin.py:188} INFO - [2024-04-13T15:16:24.495-0400] {dagbag.py:540} INFO - Filling up the DagBag from /Users/manideepakreddyaila/Desktop/projects/Legal_Insights_Engine/.venv/lib/python3.11/site-packages/airflow/example_dags/example_short_circuit_operator.py
[2024-04-13T15:16:24.532-0400] {processor.py:840} INFO - DAG(s) 'example_short_circuit_operator' retrieved from /Users/manideepakreddyaila/Desktop/projects/Legal_Insights_Engine/.venv/lib/python3.11/site-packages/airflow/example_dags/example_short_circuit_operator.py
[2024-04-13T15:16:24.569-0400] {logging_mixin.py:188} INFO - [2024-04-13T15:16:24.569-0400] {dag.py:3096} INFO - Sync 1 DAGs
[2024-04-13T15:16:24.574-0400] {logging_mixin.py:188} INFO - [2024-04-13T15:16:24.574-0400] {dag.py:3954} INFO - Setting next_dagrun for example_short_circuit_operator to 2024-04-12 00:00:00+00:00, run_after=2024-04-13 00:00:00+00:00
[2024-04-13T15:16:24.581-0400] {processor.py:183} INFO - Processing /Users/manideepakreddyaila/Desktop/projects/Legal_Insights_Engine/.venv/lib/python3.11/site-packages/airflow/example_dags/example_short_circuit_operator.py took 0.088 seconds
[2024-04-13T15:26:00.363-0400] {processor.py:161} INFO - Started process (PID=31012) to work on /Users/manideepakreddyaila/Desktop/projects/Legal_Insights_Engine/.venv/lib/python3.11/site-packages/airflow/example_dags/example_short_circuit_operator.py
[2024-04-13T15:26:00.364-0400] {processor.py:830} INFO - Processing file /Users/manideepakreddyaila/Desktop/projects/Legal_Insights_Engine/.venv/lib/python3.11/site-packages/airflow/example_dags/example_short_circuit_operator.py for tasks to queue
[2024-04-13T15:26:00.364-0400] {logging_mixin.py:188} INFO - [2024-04-13T15:26:00.364-0400] {dagbag.py:540} INFO - Filling up the DagBag from /Users/manideepakreddyaila/Desktop/projects/Legal_Insights_Engine/.venv/lib/python3.11/site-packages/airflow/example_dags/example_short_circuit_operator.py
[2024-04-13T15:26:00.399-0400] {processor.py:840} INFO - DAG(s) 'example_short_circuit_operator' retrieved from /Users/manideepakreddyaila/Desktop/projects/Legal_Insights_Engine/.venv/lib/python3.11/site-packages/airflow/example_dags/example_short_circuit_operator.py
[2024-04-13T15:26:00.435-0400] {logging_mixin.py:188} INFO - [2024-04-13T15:26:00.435-0400] {dag.py:3096} INFO - Sync 1 DAGs
[2024-04-13T15:26:00.440-0400] {logging_mixin.py:188} INFO - [2024-04-13T15:26:00.440-0400] {dag.py:3954} INFO - Setting next_dagrun for example_short_circuit_operator to 2024-04-12 00:00:00+00:00, run_after=2024-04-13 00:00:00+00:00
[2024-04-13T15:26:00.447-0400] {processor.py:183} INFO - Processing /Users/manideepakreddyaila/Desktop/projects/Legal_Insights_Engine/.venv/lib/python3.11/site-packages/airflow/example_dags/example_short_circuit_operator.py took 0.085 seconds
[2024-04-13T17:51:02.677-0400] {processor.py:161} INFO - Started process (PID=31182) to work on /Users/manideepakreddyaila/Desktop/projects/Legal_Insights_Engine/.venv/lib/python3.11/site-packages/airflow/example_dags/example_short_circuit_operator.py
[2024-04-13T17:51:02.678-0400] {processor.py:830} INFO - Processing file /Users/manideepakreddyaila/Desktop/projects/Legal_Insights_Engine/.venv/lib/python3.11/site-packages/airflow/example_dags/example_short_circuit_operator.py for tasks to queue
[2024-04-13T17:51:02.679-0400] {logging_mixin.py:188} INFO - [2024-04-13T17:51:02.679-0400] {dagbag.py:540} INFO - Filling up the DagBag from /Users/manideepakreddyaila/Desktop/projects/Legal_Insights_Engine/.venv/lib/python3.11/site-packages/airflow/example_dags/example_short_circuit_operator.py
[2024-04-13T17:51:02.715-0400] {processor.py:840} INFO - DAG(s) 'example_short_circuit_operator' retrieved from /Users/manideepakreddyaila/Desktop/projects/Legal_Insights_Engine/.venv/lib/python3.11/site-packages/airflow/example_dags/example_short_circuit_operator.py
[2024-04-13T17:51:02.752-0400] {logging_mixin.py:188} INFO - [2024-04-13T17:51:02.752-0400] {dag.py:3096} INFO - Sync 1 DAGs
[2024-04-13T17:51:02.758-0400] {logging_mixin.py:188} INFO - [2024-04-13T17:51:02.758-0400] {dag.py:3954} INFO - Setting next_dagrun for example_short_circuit_operator to 2024-04-12 00:00:00+00:00, run_after=2024-04-13 00:00:00+00:00
[2024-04-13T17:51:02.764-0400] {processor.py:183} INFO - Processing /Users/manideepakreddyaila/Desktop/projects/Legal_Insights_Engine/.venv/lib/python3.11/site-packages/airflow/example_dags/example_short_circuit_operator.py took 0.088 seconds
[2024-04-13T18:19:06.689-0400] {processor.py:161} INFO - Started process (PID=31324) to work on /Users/manideepakreddyaila/Desktop/projects/Legal_Insights_Engine/.venv/lib/python3.11/site-packages/airflow/example_dags/example_short_circuit_operator.py
[2024-04-13T18:19:06.690-0400] {processor.py:830} INFO - Processing file /Users/manideepakreddyaila/Desktop/projects/Legal_Insights_Engine/.venv/lib/python3.11/site-packages/airflow/example_dags/example_short_circuit_operator.py for tasks to queue
[2024-04-13T18:19:06.691-0400] {logging_mixin.py:188} INFO - [2024-04-13T18:19:06.690-0400] {dagbag.py:540} INFO - Filling up the DagBag from /Users/manideepakreddyaila/Desktop/projects/Legal_Insights_Engine/.venv/lib/python3.11/site-packages/airflow/example_dags/example_short_circuit_operator.py
[2024-04-13T18:19:06.763-0400] {processor.py:840} INFO - DAG(s) 'example_short_circuit_operator' retrieved from /Users/manideepakreddyaila/Desktop/projects/Legal_Insights_Engine/.venv/lib/python3.11/site-packages/airflow/example_dags/example_short_circuit_operator.py
[2024-04-13T18:19:06.810-0400] {logging_mixin.py:188} INFO - [2024-04-13T18:19:06.810-0400] {dag.py:3096} INFO - Sync 1 DAGs
[2024-04-13T18:19:06.817-0400] {logging_mixin.py:188} INFO - [2024-04-13T18:19:06.816-0400] {dag.py:3954} INFO - Setting next_dagrun for example_short_circuit_operator to 2024-04-12 00:00:00+00:00, run_after=2024-04-13 00:00:00+00:00
[2024-04-13T18:19:06.828-0400] {processor.py:183} INFO - Processing /Users/manideepakreddyaila/Desktop/projects/Legal_Insights_Engine/.venv/lib/python3.11/site-packages/airflow/example_dags/example_short_circuit_operator.py took 0.141 seconds
[2024-04-13T18:58:45.304-0400] {processor.py:161} INFO - Started process (PID=31451) to work on /Users/manideepakreddyaila/Desktop/projects/Legal_Insights_Engine/.venv/lib/python3.11/site-packages/airflow/example_dags/example_short_circuit_operator.py
[2024-04-13T18:58:45.304-0400] {processor.py:830} INFO - Processing file /Users/manideepakreddyaila/Desktop/projects/Legal_Insights_Engine/.venv/lib/python3.11/site-packages/airflow/example_dags/example_short_circuit_operator.py for tasks to queue
[2024-04-13T18:58:45.304-0400] {logging_mixin.py:188} INFO - [2024-04-13T18:58:45.304-0400] {dagbag.py:540} INFO - Filling up the DagBag from /Users/manideepakreddyaila/Desktop/projects/Legal_Insights_Engine/.venv/lib/python3.11/site-packages/airflow/example_dags/example_short_circuit_operator.py
[2024-04-13T18:58:45.343-0400] {processor.py:840} INFO - DAG(s) 'example_short_circuit_operator' retrieved from /Users/manideepakreddyaila/Desktop/projects/Legal_Insights_Engine/.venv/lib/python3.11/site-packages/airflow/example_dags/example_short_circuit_operator.py
[2024-04-13T18:58:45.379-0400] {logging_mixin.py:188} INFO - [2024-04-13T18:58:45.379-0400] {dag.py:3096} INFO - Sync 1 DAGs
[2024-04-13T18:58:45.384-0400] {logging_mixin.py:188} INFO - [2024-04-13T18:58:45.384-0400] {dag.py:3954} INFO - Setting next_dagrun for example_short_circuit_operator to 2024-04-12 00:00:00+00:00, run_after=2024-04-13 00:00:00+00:00
[2024-04-13T18:58:45.392-0400] {processor.py:183} INFO - Processing /Users/manideepakreddyaila/Desktop/projects/Legal_Insights_Engine/.venv/lib/python3.11/site-packages/airflow/example_dags/example_short_circuit_operator.py took 0.089 seconds
[2024-04-13T19:10:31.504-0400] {processor.py:161} INFO - Started process (PID=31550) to work on /Users/manideepakreddyaila/Desktop/projects/Legal_Insights_Engine/.venv/lib/python3.11/site-packages/airflow/example_dags/example_short_circuit_operator.py
[2024-04-13T19:10:31.505-0400] {processor.py:830} INFO - Processing file /Users/manideepakreddyaila/Desktop/projects/Legal_Insights_Engine/.venv/lib/python3.11/site-packages/airflow/example_dags/example_short_circuit_operator.py for tasks to queue
[2024-04-13T19:10:31.505-0400] {logging_mixin.py:188} INFO - [2024-04-13T19:10:31.505-0400] {dagbag.py:540} INFO - Filling up the DagBag from /Users/manideepakreddyaila/Desktop/projects/Legal_Insights_Engine/.venv/lib/python3.11/site-packages/airflow/example_dags/example_short_circuit_operator.py
[2024-04-13T19:10:31.542-0400] {processor.py:840} INFO - DAG(s) 'example_short_circuit_operator' retrieved from /Users/manideepakreddyaila/Desktop/projects/Legal_Insights_Engine/.venv/lib/python3.11/site-packages/airflow/example_dags/example_short_circuit_operator.py
[2024-04-13T19:10:31.578-0400] {logging_mixin.py:188} INFO - [2024-04-13T19:10:31.578-0400] {dag.py:3096} INFO - Sync 1 DAGs
[2024-04-13T19:10:31.584-0400] {logging_mixin.py:188} INFO - [2024-04-13T19:10:31.584-0400] {dag.py:3954} INFO - Setting next_dagrun for example_short_circuit_operator to 2024-04-12 00:00:00+00:00, run_after=2024-04-13 00:00:00+00:00
[2024-04-13T19:10:31.590-0400] {processor.py:183} INFO - Processing /Users/manideepakreddyaila/Desktop/projects/Legal_Insights_Engine/.venv/lib/python3.11/site-packages/airflow/example_dags/example_short_circuit_operator.py took 0.087 seconds
