[2024-04-13T14:58:16.004-0400] {processor.py:161} INFO - Started process (PID=29976) to work on /Users/manideepakreddyaila/Desktop/projects/Legal_Insights_Engine/.venv/lib/python3.11/site-packages/airflow/example_dags/example_kubernetes_executor.py
[2024-04-13T14:58:16.005-0400] {processor.py:830} INFO - Processing file /Users/manideepakreddyaila/Desktop/projects/Legal_Insights_Engine/.venv/lib/python3.11/site-packages/airflow/example_dags/example_kubernetes_executor.py for tasks to queue
[2024-04-13T14:58:16.005-0400] {logging_mixin.py:188} INFO - [2024-04-13T14:58:16.005-0400] {dagbag.py:540} INFO - Filling up the DagBag from /Users/manideepakreddyaila/Desktop/projects/Legal_Insights_Engine/.venv/lib/python3.11/site-packages/airflow/example_dags/example_kubernetes_executor.py
[2024-04-13T14:58:16.043-0400] {logging_mixin.py:188} INFO - [2024-04-13T14:58:16.043-0400] {example_kubernetes_executor.py:39} WARNING - The example_kubernetes_executor example DAG requires the kubernetes provider. Please install it with: pip install apache-airflow[cncf.kubernetes]
[2024-04-13T14:58:16.044-0400] {processor.py:842} WARNING - No viable dags retrieved from /Users/manideepakreddyaila/Desktop/projects/Legal_Insights_Engine/.venv/lib/python3.11/site-packages/airflow/example_dags/example_kubernetes_executor.py
[2024-04-13T14:58:16.069-0400] {processor.py:183} INFO - Processing /Users/manideepakreddyaila/Desktop/projects/Legal_Insights_Engine/.venv/lib/python3.11/site-packages/airflow/example_dags/example_kubernetes_executor.py took 0.066 seconds
[2024-04-13T15:00:13.014-0400] {processor.py:161} INFO - Started process (PID=30075) to work on /Users/manideepakreddyaila/Desktop/projects/Legal_Insights_Engine/.venv/lib/python3.11/site-packages/airflow/example_dags/example_kubernetes_executor.py
[2024-04-13T15:00:13.014-0400] {processor.py:830} INFO - Processing file /Users/manideepakreddyaila/Desktop/projects/Legal_Insights_Engine/.venv/lib/python3.11/site-packages/airflow/example_dags/example_kubernetes_executor.py for tasks to queue
[2024-04-13T15:00:13.015-0400] {logging_mixin.py:188} INFO - [2024-04-13T15:00:13.015-0400] {dagbag.py:540} INFO - Filling up the DagBag from /Users/manideepakreddyaila/Desktop/projects/Legal_Insights_Engine/.venv/lib/python3.11/site-packages/airflow/example_dags/example_kubernetes_executor.py
[2024-04-13T15:00:13.055-0400] {logging_mixin.py:188} INFO - [2024-04-13T15:00:13.055-0400] {example_kubernetes_executor.py:39} WARNING - The example_kubernetes_executor example DAG requires the kubernetes provider. Please install it with: pip install apache-airflow[cncf.kubernetes]
[2024-04-13T15:00:13.055-0400] {processor.py:842} WARNING - No viable dags retrieved from /Users/manideepakreddyaila/Desktop/projects/Legal_Insights_Engine/.venv/lib/python3.11/site-packages/airflow/example_dags/example_kubernetes_executor.py
[2024-04-13T15:00:13.081-0400] {processor.py:183} INFO - Processing /Users/manideepakreddyaila/Desktop/projects/Legal_Insights_Engine/.venv/lib/python3.11/site-packages/airflow/example_dags/example_kubernetes_executor.py took 0.068 seconds
[2024-04-13T15:02:06.354-0400] {processor.py:161} INFO - Started process (PID=30181) to work on /Users/manideepakreddyaila/Desktop/projects/Legal_Insights_Engine/.venv/lib/python3.11/site-packages/airflow/example_dags/example_kubernetes_executor.py
[2024-04-13T15:02:06.354-0400] {processor.py:830} INFO - Processing file /Users/manideepakreddyaila/Desktop/projects/Legal_Insights_Engine/.venv/lib/python3.11/site-packages/airflow/example_dags/example_kubernetes_executor.py for tasks to queue
[2024-04-13T15:02:06.354-0400] {logging_mixin.py:188} INFO - [2024-04-13T15:02:06.354-0400] {dagbag.py:540} INFO - Filling up the DagBag from /Users/manideepakreddyaila/Desktop/projects/Legal_Insights_Engine/.venv/lib/python3.11/site-packages/airflow/example_dags/example_kubernetes_executor.py
[2024-04-13T15:02:06.393-0400] {logging_mixin.py:188} INFO - [2024-04-13T15:02:06.393-0400] {example_kubernetes_executor.py:39} WARNING - The example_kubernetes_executor example DAG requires the kubernetes provider. Please install it with: pip install apache-airflow[cncf.kubernetes]
[2024-04-13T15:02:06.393-0400] {processor.py:842} WARNING - No viable dags retrieved from /Users/manideepakreddyaila/Desktop/projects/Legal_Insights_Engine/.venv/lib/python3.11/site-packages/airflow/example_dags/example_kubernetes_executor.py
[2024-04-13T15:02:06.419-0400] {processor.py:183} INFO - Processing /Users/manideepakreddyaila/Desktop/projects/Legal_Insights_Engine/.venv/lib/python3.11/site-packages/airflow/example_dags/example_kubernetes_executor.py took 0.066 seconds
[2024-04-13T15:04:07.664-0400] {processor.py:161} INFO - Started process (PID=30286) to work on /Users/manideepakreddyaila/Desktop/projects/Legal_Insights_Engine/.venv/lib/python3.11/site-packages/airflow/example_dags/example_kubernetes_executor.py
[2024-04-13T15:04:07.665-0400] {processor.py:830} INFO - Processing file /Users/manideepakreddyaila/Desktop/projects/Legal_Insights_Engine/.venv/lib/python3.11/site-packages/airflow/example_dags/example_kubernetes_executor.py for tasks to queue
[2024-04-13T15:04:07.665-0400] {logging_mixin.py:188} INFO - [2024-04-13T15:04:07.665-0400] {dagbag.py:540} INFO - Filling up the DagBag from /Users/manideepakreddyaila/Desktop/projects/Legal_Insights_Engine/.venv/lib/python3.11/site-packages/airflow/example_dags/example_kubernetes_executor.py
[2024-04-13T15:04:07.704-0400] {logging_mixin.py:188} INFO - [2024-04-13T15:04:07.704-0400] {example_kubernetes_executor.py:39} WARNING - The example_kubernetes_executor example DAG requires the kubernetes provider. Please install it with: pip install apache-airflow[cncf.kubernetes]
[2024-04-13T15:04:07.704-0400] {processor.py:842} WARNING - No viable dags retrieved from /Users/manideepakreddyaila/Desktop/projects/Legal_Insights_Engine/.venv/lib/python3.11/site-packages/airflow/example_dags/example_kubernetes_executor.py
[2024-04-13T15:04:07.729-0400] {processor.py:183} INFO - Processing /Users/manideepakreddyaila/Desktop/projects/Legal_Insights_Engine/.venv/lib/python3.11/site-packages/airflow/example_dags/example_kubernetes_executor.py took 0.066 seconds
[2024-04-13T15:06:07.669-0400] {processor.py:161} INFO - Started process (PID=30426) to work on /Users/manideepakreddyaila/Desktop/projects/Legal_Insights_Engine/.venv/lib/python3.11/site-packages/airflow/example_dags/example_kubernetes_executor.py
[2024-04-13T15:06:07.670-0400] {processor.py:830} INFO - Processing file /Users/manideepakreddyaila/Desktop/projects/Legal_Insights_Engine/.venv/lib/python3.11/site-packages/airflow/example_dags/example_kubernetes_executor.py for tasks to queue
[2024-04-13T15:06:07.670-0400] {logging_mixin.py:188} INFO - [2024-04-13T15:06:07.670-0400] {dagbag.py:540} INFO - Filling up the DagBag from /Users/manideepakreddyaila/Desktop/projects/Legal_Insights_Engine/.venv/lib/python3.11/site-packages/airflow/example_dags/example_kubernetes_executor.py
[2024-04-13T15:06:07.719-0400] {logging_mixin.py:188} INFO - [2024-04-13T15:06:07.719-0400] {example_kubernetes_executor.py:39} WARNING - The example_kubernetes_executor example DAG requires the kubernetes provider. Please install it with: pip install apache-airflow[cncf.kubernetes]
[2024-04-13T15:06:07.720-0400] {processor.py:842} WARNING - No viable dags retrieved from /Users/manideepakreddyaila/Desktop/projects/Legal_Insights_Engine/.venv/lib/python3.11/site-packages/airflow/example_dags/example_kubernetes_executor.py
[2024-04-13T15:06:07.748-0400] {processor.py:183} INFO - Processing /Users/manideepakreddyaila/Desktop/projects/Legal_Insights_Engine/.venv/lib/python3.11/site-packages/airflow/example_dags/example_kubernetes_executor.py took 0.080 seconds
[2024-04-13T15:08:09.694-0400] {processor.py:161} INFO - Started process (PID=30566) to work on /Users/manideepakreddyaila/Desktop/projects/Legal_Insights_Engine/.venv/lib/python3.11/site-packages/airflow/example_dags/example_kubernetes_executor.py
[2024-04-13T15:08:09.694-0400] {processor.py:830} INFO - Processing file /Users/manideepakreddyaila/Desktop/projects/Legal_Insights_Engine/.venv/lib/python3.11/site-packages/airflow/example_dags/example_kubernetes_executor.py for tasks to queue
[2024-04-13T15:08:09.695-0400] {logging_mixin.py:188} INFO - [2024-04-13T15:08:09.695-0400] {dagbag.py:540} INFO - Filling up the DagBag from /Users/manideepakreddyaila/Desktop/projects/Legal_Insights_Engine/.venv/lib/python3.11/site-packages/airflow/example_dags/example_kubernetes_executor.py
[2024-04-13T15:08:09.734-0400] {logging_mixin.py:188} INFO - [2024-04-13T15:08:09.734-0400] {example_kubernetes_executor.py:39} WARNING - The example_kubernetes_executor example DAG requires the kubernetes provider. Please install it with: pip install apache-airflow[cncf.kubernetes]
[2024-04-13T15:08:09.734-0400] {processor.py:842} WARNING - No viable dags retrieved from /Users/manideepakreddyaila/Desktop/projects/Legal_Insights_Engine/.venv/lib/python3.11/site-packages/airflow/example_dags/example_kubernetes_executor.py
[2024-04-13T15:08:09.760-0400] {processor.py:183} INFO - Processing /Users/manideepakreddyaila/Desktop/projects/Legal_Insights_Engine/.venv/lib/python3.11/site-packages/airflow/example_dags/example_kubernetes_executor.py took 0.067 seconds
[2024-04-13T15:15:23.662-0400] {processor.py:161} INFO - Started process (PID=30779) to work on /Users/manideepakreddyaila/Desktop/projects/Legal_Insights_Engine/.venv/lib/python3.11/site-packages/airflow/example_dags/example_kubernetes_executor.py
[2024-04-13T15:15:23.663-0400] {processor.py:830} INFO - Processing file /Users/manideepakreddyaila/Desktop/projects/Legal_Insights_Engine/.venv/lib/python3.11/site-packages/airflow/example_dags/example_kubernetes_executor.py for tasks to queue
[2024-04-13T15:15:23.663-0400] {logging_mixin.py:188} INFO - [2024-04-13T15:15:23.663-0400] {dagbag.py:540} INFO - Filling up the DagBag from /Users/manideepakreddyaila/Desktop/projects/Legal_Insights_Engine/.venv/lib/python3.11/site-packages/airflow/example_dags/example_kubernetes_executor.py
[2024-04-13T15:15:23.701-0400] {logging_mixin.py:188} INFO - [2024-04-13T15:15:23.700-0400] {example_kubernetes_executor.py:39} WARNING - The example_kubernetes_executor example DAG requires the kubernetes provider. Please install it with: pip install apache-airflow[cncf.kubernetes]
[2024-04-13T15:15:23.701-0400] {processor.py:842} WARNING - No viable dags retrieved from /Users/manideepakreddyaila/Desktop/projects/Legal_Insights_Engine/.venv/lib/python3.11/site-packages/airflow/example_dags/example_kubernetes_executor.py
[2024-04-13T15:15:23.726-0400] {processor.py:183} INFO - Processing /Users/manideepakreddyaila/Desktop/projects/Legal_Insights_Engine/.venv/lib/python3.11/site-packages/airflow/example_dags/example_kubernetes_executor.py took 0.065 seconds
[2024-04-13T15:17:37.142-0400] {processor.py:161} INFO - Started process (PID=30891) to work on /Users/manideepakreddyaila/Desktop/projects/Legal_Insights_Engine/.venv/lib/python3.11/site-packages/airflow/example_dags/example_kubernetes_executor.py
[2024-04-13T15:17:37.142-0400] {processor.py:830} INFO - Processing file /Users/manideepakreddyaila/Desktop/projects/Legal_Insights_Engine/.venv/lib/python3.11/site-packages/airflow/example_dags/example_kubernetes_executor.py for tasks to queue
[2024-04-13T15:17:37.143-0400] {logging_mixin.py:188} INFO - [2024-04-13T15:17:37.143-0400] {dagbag.py:540} INFO - Filling up the DagBag from /Users/manideepakreddyaila/Desktop/projects/Legal_Insights_Engine/.venv/lib/python3.11/site-packages/airflow/example_dags/example_kubernetes_executor.py
[2024-04-13T15:17:37.182-0400] {logging_mixin.py:188} INFO - [2024-04-13T15:17:37.181-0400] {example_kubernetes_executor.py:39} WARNING - The example_kubernetes_executor example DAG requires the kubernetes provider. Please install it with: pip install apache-airflow[cncf.kubernetes]
[2024-04-13T15:17:37.182-0400] {processor.py:842} WARNING - No viable dags retrieved from /Users/manideepakreddyaila/Desktop/projects/Legal_Insights_Engine/.venv/lib/python3.11/site-packages/airflow/example_dags/example_kubernetes_executor.py
[2024-04-13T15:17:37.207-0400] {processor.py:183} INFO - Processing /Users/manideepakreddyaila/Desktop/projects/Legal_Insights_Engine/.venv/lib/python3.11/site-packages/airflow/example_dags/example_kubernetes_executor.py took 0.066 seconds
[2024-04-13T15:28:54.650-0400] {processor.py:161} INFO - Started process (PID=31047) to work on /Users/manideepakreddyaila/Desktop/projects/Legal_Insights_Engine/.venv/lib/python3.11/site-packages/airflow/example_dags/example_kubernetes_executor.py
[2024-04-13T15:28:54.651-0400] {processor.py:830} INFO - Processing file /Users/manideepakreddyaila/Desktop/projects/Legal_Insights_Engine/.venv/lib/python3.11/site-packages/airflow/example_dags/example_kubernetes_executor.py for tasks to queue
[2024-04-13T15:28:54.651-0400] {logging_mixin.py:188} INFO - [2024-04-13T15:28:54.651-0400] {dagbag.py:540} INFO - Filling up the DagBag from /Users/manideepakreddyaila/Desktop/projects/Legal_Insights_Engine/.venv/lib/python3.11/site-packages/airflow/example_dags/example_kubernetes_executor.py
[2024-04-13T15:28:54.689-0400] {logging_mixin.py:188} INFO - [2024-04-13T15:28:54.689-0400] {example_kubernetes_executor.py:39} WARNING - The example_kubernetes_executor example DAG requires the kubernetes provider. Please install it with: pip install apache-airflow[cncf.kubernetes]
[2024-04-13T15:28:54.689-0400] {processor.py:842} WARNING - No viable dags retrieved from /Users/manideepakreddyaila/Desktop/projects/Legal_Insights_Engine/.venv/lib/python3.11/site-packages/airflow/example_dags/example_kubernetes_executor.py
[2024-04-13T15:28:54.714-0400] {processor.py:183} INFO - Processing /Users/manideepakreddyaila/Desktop/projects/Legal_Insights_Engine/.venv/lib/python3.11/site-packages/airflow/example_dags/example_kubernetes_executor.py took 0.065 seconds
[2024-04-13T17:53:03.624-0400] {processor.py:161} INFO - Started process (PID=31221) to work on /Users/manideepakreddyaila/Desktop/projects/Legal_Insights_Engine/.venv/lib/python3.11/site-packages/airflow/example_dags/example_kubernetes_executor.py
[2024-04-13T17:53:03.624-0400] {processor.py:830} INFO - Processing file /Users/manideepakreddyaila/Desktop/projects/Legal_Insights_Engine/.venv/lib/python3.11/site-packages/airflow/example_dags/example_kubernetes_executor.py for tasks to queue
[2024-04-13T17:53:03.625-0400] {logging_mixin.py:188} INFO - [2024-04-13T17:53:03.625-0400] {dagbag.py:540} INFO - Filling up the DagBag from /Users/manideepakreddyaila/Desktop/projects/Legal_Insights_Engine/.venv/lib/python3.11/site-packages/airflow/example_dags/example_kubernetes_executor.py
[2024-04-13T17:53:03.663-0400] {logging_mixin.py:188} INFO - [2024-04-13T17:53:03.663-0400] {example_kubernetes_executor.py:39} WARNING - The example_kubernetes_executor example DAG requires the kubernetes provider. Please install it with: pip install apache-airflow[cncf.kubernetes]
[2024-04-13T17:53:03.663-0400] {processor.py:842} WARNING - No viable dags retrieved from /Users/manideepakreddyaila/Desktop/projects/Legal_Insights_Engine/.venv/lib/python3.11/site-packages/airflow/example_dags/example_kubernetes_executor.py
[2024-04-13T17:53:03.689-0400] {processor.py:183} INFO - Processing /Users/manideepakreddyaila/Desktop/projects/Legal_Insights_Engine/.venv/lib/python3.11/site-packages/airflow/example_dags/example_kubernetes_executor.py took 0.066 seconds
[2024-04-13T18:20:37.369-0400] {processor.py:161} INFO - Started process (PID=31355) to work on /Users/manideepakreddyaila/Desktop/projects/Legal_Insights_Engine/.venv/lib/python3.11/site-packages/airflow/example_dags/example_kubernetes_executor.py
[2024-04-13T18:20:37.369-0400] {processor.py:830} INFO - Processing file /Users/manideepakreddyaila/Desktop/projects/Legal_Insights_Engine/.venv/lib/python3.11/site-packages/airflow/example_dags/example_kubernetes_executor.py for tasks to queue
[2024-04-13T18:20:37.369-0400] {logging_mixin.py:188} INFO - [2024-04-13T18:20:37.369-0400] {dagbag.py:540} INFO - Filling up the DagBag from /Users/manideepakreddyaila/Desktop/projects/Legal_Insights_Engine/.venv/lib/python3.11/site-packages/airflow/example_dags/example_kubernetes_executor.py
[2024-04-13T18:20:37.412-0400] {logging_mixin.py:188} INFO - [2024-04-13T18:20:37.412-0400] {example_kubernetes_executor.py:39} WARNING - The example_kubernetes_executor example DAG requires the kubernetes provider. Please install it with: pip install apache-airflow[cncf.kubernetes]
[2024-04-13T18:20:37.412-0400] {processor.py:842} WARNING - No viable dags retrieved from /Users/manideepakreddyaila/Desktop/projects/Legal_Insights_Engine/.venv/lib/python3.11/site-packages/airflow/example_dags/example_kubernetes_executor.py
[2024-04-13T18:20:37.442-0400] {processor.py:183} INFO - Processing /Users/manideepakreddyaila/Desktop/projects/Legal_Insights_Engine/.venv/lib/python3.11/site-packages/airflow/example_dags/example_kubernetes_executor.py took 0.075 seconds
[2024-04-13T19:02:17.942-0400] {processor.py:161} INFO - Started process (PID=31491) to work on /Users/manideepakreddyaila/Desktop/projects/Legal_Insights_Engine/.venv/lib/python3.11/site-packages/airflow/example_dags/example_kubernetes_executor.py
[2024-04-13T19:02:17.943-0400] {processor.py:830} INFO - Processing file /Users/manideepakreddyaila/Desktop/projects/Legal_Insights_Engine/.venv/lib/python3.11/site-packages/airflow/example_dags/example_kubernetes_executor.py for tasks to queue
[2024-04-13T19:02:17.943-0400] {logging_mixin.py:188} INFO - [2024-04-13T19:02:17.943-0400] {dagbag.py:540} INFO - Filling up the DagBag from /Users/manideepakreddyaila/Desktop/projects/Legal_Insights_Engine/.venv/lib/python3.11/site-packages/airflow/example_dags/example_kubernetes_executor.py
[2024-04-13T19:02:17.981-0400] {logging_mixin.py:188} INFO - [2024-04-13T19:02:17.981-0400] {example_kubernetes_executor.py:39} WARNING - The example_kubernetes_executor example DAG requires the kubernetes provider. Please install it with: pip install apache-airflow[cncf.kubernetes]
[2024-04-13T19:02:17.981-0400] {processor.py:842} WARNING - No viable dags retrieved from /Users/manideepakreddyaila/Desktop/projects/Legal_Insights_Engine/.venv/lib/python3.11/site-packages/airflow/example_dags/example_kubernetes_executor.py
[2024-04-13T19:02:18.007-0400] {processor.py:183} INFO - Processing /Users/manideepakreddyaila/Desktop/projects/Legal_Insights_Engine/.venv/lib/python3.11/site-packages/airflow/example_dags/example_kubernetes_executor.py took 0.066 seconds
