[2024-04-13T14:57:23.083-0400] {processor.py:161} INFO - Started process (PID=29921) to work on /Users/manideepakreddyaila/Desktop/projects/Legal_Insights_Engine/.venv/lib/python3.11/site-packages/airflow/example_dags/example_xcomargs.py
[2024-04-13T14:57:23.084-0400] {processor.py:830} INFO - Processing file /Users/manideepakreddyaila/Desktop/projects/Legal_Insights_Engine/.venv/lib/python3.11/site-packages/airflow/example_dags/example_xcomargs.py for tasks to queue
[2024-04-13T14:57:23.084-0400] {logging_mixin.py:188} INFO - [2024-04-13T14:57:23.084-0400] {dagbag.py:540} INFO - Filling up the DagBag from /Users/manideepakreddyaila/Desktop/projects/Legal_Insights_Engine/.venv/lib/python3.11/site-packages/airflow/example_dags/example_xcomargs.py
[2024-04-13T14:57:23.123-0400] {processor.py:840} INFO - DAG(s) 'example_xcom_args_with_operators', 'example_xcom_args' retrieved from /Users/manideepakreddyaila/Desktop/projects/Legal_Insights_Engine/.venv/lib/python3.11/site-packages/airflow/example_dags/example_xcomargs.py
[2024-04-13T14:57:23.186-0400] {logging_mixin.py:188} INFO - [2024-04-13T14:57:23.186-0400] {override.py:1829} INFO - Created Permission View: can read on DAG:example_xcom_args_with_operators
[2024-04-13T14:57:23.189-0400] {logging_mixin.py:188} INFO - [2024-04-13T14:57:23.189-0400] {override.py:1829} INFO - Created Permission View: can delete on DAG:example_xcom_args_with_operators
[2024-04-13T14:57:23.191-0400] {logging_mixin.py:188} INFO - [2024-04-13T14:57:23.191-0400] {override.py:1829} INFO - Created Permission View: can edit on DAG:example_xcom_args_with_operators
[2024-04-13T14:57:23.195-0400] {logging_mixin.py:188} INFO - [2024-04-13T14:57:23.194-0400] {override.py:1829} INFO - Created Permission View: can read on DAG:example_xcom_args
[2024-04-13T14:57:23.196-0400] {logging_mixin.py:188} INFO - [2024-04-13T14:57:23.196-0400] {override.py:1829} INFO - Created Permission View: can delete on DAG:example_xcom_args
[2024-04-13T14:57:23.198-0400] {logging_mixin.py:188} INFO - [2024-04-13T14:57:23.198-0400] {override.py:1829} INFO - Created Permission View: can edit on DAG:example_xcom_args
[2024-04-13T14:57:23.198-0400] {logging_mixin.py:188} INFO - [2024-04-13T14:57:23.198-0400] {dag.py:3096} INFO - Sync 2 DAGs
[2024-04-13T14:57:23.201-0400] {logging_mixin.py:188} INFO - [2024-04-13T14:57:23.201-0400] {dag.py:3118} INFO - Creating ORM DAG for example_xcom_args
[2024-04-13T14:57:23.201-0400] {logging_mixin.py:188} INFO - [2024-04-13T14:57:23.201-0400] {dag.py:3118} INFO - Creating ORM DAG for example_xcom_args_with_operators
[2024-04-13T14:57:23.201-0400] {logging_mixin.py:188} INFO - [2024-04-13T14:57:23.201-0400] {dag.py:3954} INFO - Setting next_dagrun for example_xcom_args to None, run_after=None
[2024-04-13T14:57:23.201-0400] {logging_mixin.py:188} INFO - [2024-04-13T14:57:23.201-0400] {dag.py:3954} INFO - Setting next_dagrun for example_xcom_args_with_operators to None, run_after=None
[2024-04-13T14:57:23.207-0400] {processor.py:183} INFO - Processing /Users/manideepakreddyaila/Desktop/projects/Legal_Insights_Engine/.venv/lib/python3.11/site-packages/airflow/example_dags/example_xcomargs.py took 0.125 seconds
[2024-04-13T14:59:01.363-0400] {processor.py:161} INFO - Started process (PID=30015) to work on /Users/manideepakreddyaila/Desktop/projects/Legal_Insights_Engine/.venv/lib/python3.11/site-packages/airflow/example_dags/example_xcomargs.py
[2024-04-13T14:59:01.363-0400] {processor.py:830} INFO - Processing file /Users/manideepakreddyaila/Desktop/projects/Legal_Insights_Engine/.venv/lib/python3.11/site-packages/airflow/example_dags/example_xcomargs.py for tasks to queue
[2024-04-13T14:59:01.364-0400] {logging_mixin.py:188} INFO - [2024-04-13T14:59:01.363-0400] {dagbag.py:540} INFO - Filling up the DagBag from /Users/manideepakreddyaila/Desktop/projects/Legal_Insights_Engine/.venv/lib/python3.11/site-packages/airflow/example_dags/example_xcomargs.py
[2024-04-13T14:59:01.403-0400] {processor.py:840} INFO - DAG(s) 'example_xcom_args', 'example_xcom_args_with_operators' retrieved from /Users/manideepakreddyaila/Desktop/projects/Legal_Insights_Engine/.venv/lib/python3.11/site-packages/airflow/example_dags/example_xcomargs.py
[2024-04-13T14:59:01.440-0400] {logging_mixin.py:188} INFO - [2024-04-13T14:59:01.439-0400] {dag.py:3096} INFO - Sync 2 DAGs
[2024-04-13T14:59:01.443-0400] {logging_mixin.py:188} INFO - [2024-04-13T14:59:01.443-0400] {dag.py:3954} INFO - Setting next_dagrun for example_xcom_args to None, run_after=None
[2024-04-13T14:59:01.444-0400] {logging_mixin.py:188} INFO - [2024-04-13T14:59:01.444-0400] {dag.py:3954} INFO - Setting next_dagrun for example_xcom_args_with_operators to None, run_after=None
[2024-04-13T14:59:01.450-0400] {processor.py:183} INFO - Processing /Users/manideepakreddyaila/Desktop/projects/Legal_Insights_Engine/.venv/lib/python3.11/site-packages/airflow/example_dags/example_xcomargs.py took 0.088 seconds
[2024-04-13T15:00:00.002-0400] {processor.py:161} INFO - Started process (PID=30066) to work on /Users/manideepakreddyaila/Desktop/projects/Legal_Insights_Engine/.venv/lib/python3.11/site-packages/airflow/example_dags/example_xcomargs.py
[2024-04-13T15:00:00.003-0400] {processor.py:830} INFO - Processing file /Users/manideepakreddyaila/Desktop/projects/Legal_Insights_Engine/.venv/lib/python3.11/site-packages/airflow/example_dags/example_xcomargs.py for tasks to queue
[2024-04-13T15:00:00.003-0400] {logging_mixin.py:188} INFO - [2024-04-13T15:00:00.003-0400] {dagbag.py:540} INFO - Filling up the DagBag from /Users/manideepakreddyaila/Desktop/projects/Legal_Insights_Engine/.venv/lib/python3.11/site-packages/airflow/example_dags/example_xcomargs.py
[2024-04-13T15:00:00.044-0400] {processor.py:840} INFO - DAG(s) 'example_xcom_args', 'example_xcom_args_with_operators' retrieved from /Users/manideepakreddyaila/Desktop/projects/Legal_Insights_Engine/.venv/lib/python3.11/site-packages/airflow/example_dags/example_xcomargs.py
[2024-04-13T15:00:00.080-0400] {logging_mixin.py:188} INFO - [2024-04-13T15:00:00.080-0400] {dag.py:3096} INFO - Sync 2 DAGs
[2024-04-13T15:00:00.084-0400] {logging_mixin.py:188} INFO - [2024-04-13T15:00:00.084-0400] {dag.py:3954} INFO - Setting next_dagrun for example_xcom_args to None, run_after=None
[2024-04-13T15:00:00.085-0400] {logging_mixin.py:188} INFO - [2024-04-13T15:00:00.085-0400] {dag.py:3954} INFO - Setting next_dagrun for example_xcom_args_with_operators to None, run_after=None
[2024-04-13T15:00:00.091-0400] {processor.py:183} INFO - Processing /Users/manideepakreddyaila/Desktop/projects/Legal_Insights_Engine/.venv/lib/python3.11/site-packages/airflow/example_dags/example_xcomargs.py took 0.090 seconds
[2024-04-13T15:00:59.717-0400] {processor.py:161} INFO - Started process (PID=30122) to work on /Users/manideepakreddyaila/Desktop/projects/Legal_Insights_Engine/.venv/lib/python3.11/site-packages/airflow/example_dags/example_xcomargs.py
[2024-04-13T15:00:59.717-0400] {processor.py:830} INFO - Processing file /Users/manideepakreddyaila/Desktop/projects/Legal_Insights_Engine/.venv/lib/python3.11/site-packages/airflow/example_dags/example_xcomargs.py for tasks to queue
[2024-04-13T15:00:59.718-0400] {logging_mixin.py:188} INFO - [2024-04-13T15:00:59.718-0400] {dagbag.py:540} INFO - Filling up the DagBag from /Users/manideepakreddyaila/Desktop/projects/Legal_Insights_Engine/.venv/lib/python3.11/site-packages/airflow/example_dags/example_xcomargs.py
[2024-04-13T15:00:59.757-0400] {processor.py:840} INFO - DAG(s) 'example_xcom_args', 'example_xcom_args_with_operators' retrieved from /Users/manideepakreddyaila/Desktop/projects/Legal_Insights_Engine/.venv/lib/python3.11/site-packages/airflow/example_dags/example_xcomargs.py
[2024-04-13T15:00:59.793-0400] {logging_mixin.py:188} INFO - [2024-04-13T15:00:59.793-0400] {dag.py:3096} INFO - Sync 2 DAGs
[2024-04-13T15:00:59.797-0400] {logging_mixin.py:188} INFO - [2024-04-13T15:00:59.797-0400] {dag.py:3954} INFO - Setting next_dagrun for example_xcom_args to None, run_after=None
[2024-04-13T15:00:59.798-0400] {logging_mixin.py:188} INFO - [2024-04-13T15:00:59.798-0400] {dag.py:3954} INFO - Setting next_dagrun for example_xcom_args_with_operators to None, run_after=None
[2024-04-13T15:00:59.804-0400] {processor.py:183} INFO - Processing /Users/manideepakreddyaila/Desktop/projects/Legal_Insights_Engine/.venv/lib/python3.11/site-packages/airflow/example_dags/example_xcomargs.py took 0.088 seconds
[2024-04-13T15:01:57.307-0400] {processor.py:161} INFO - Started process (PID=30175) to work on /Users/manideepakreddyaila/Desktop/projects/Legal_Insights_Engine/.venv/lib/python3.11/site-packages/airflow/example_dags/example_xcomargs.py
[2024-04-13T15:01:57.309-0400] {processor.py:830} INFO - Processing file /Users/manideepakreddyaila/Desktop/projects/Legal_Insights_Engine/.venv/lib/python3.11/site-packages/airflow/example_dags/example_xcomargs.py for tasks to queue
[2024-04-13T15:01:57.309-0400] {logging_mixin.py:188} INFO - [2024-04-13T15:01:57.309-0400] {dagbag.py:540} INFO - Filling up the DagBag from /Users/manideepakreddyaila/Desktop/projects/Legal_Insights_Engine/.venv/lib/python3.11/site-packages/airflow/example_dags/example_xcomargs.py
[2024-04-13T15:01:57.348-0400] {processor.py:840} INFO - DAG(s) 'example_xcom_args', 'example_xcom_args_with_operators' retrieved from /Users/manideepakreddyaila/Desktop/projects/Legal_Insights_Engine/.venv/lib/python3.11/site-packages/airflow/example_dags/example_xcomargs.py
[2024-04-13T15:01:57.384-0400] {logging_mixin.py:188} INFO - [2024-04-13T15:01:57.384-0400] {dag.py:3096} INFO - Sync 2 DAGs
[2024-04-13T15:01:57.388-0400] {logging_mixin.py:188} INFO - [2024-04-13T15:01:57.388-0400] {dag.py:3954} INFO - Setting next_dagrun for example_xcom_args to None, run_after=None
[2024-04-13T15:01:57.389-0400] {logging_mixin.py:188} INFO - [2024-04-13T15:01:57.389-0400] {dag.py:3954} INFO - Setting next_dagrun for example_xcom_args_with_operators to None, run_after=None
[2024-04-13T15:01:57.394-0400] {processor.py:183} INFO - Processing /Users/manideepakreddyaila/Desktop/projects/Legal_Insights_Engine/.venv/lib/python3.11/site-packages/airflow/example_dags/example_xcomargs.py took 0.089 seconds
[2024-04-13T15:02:52.807-0400] {processor.py:161} INFO - Started process (PID=30223) to work on /Users/manideepakreddyaila/Desktop/projects/Legal_Insights_Engine/.venv/lib/python3.11/site-packages/airflow/example_dags/example_xcomargs.py
[2024-04-13T15:02:52.808-0400] {processor.py:830} INFO - Processing file /Users/manideepakreddyaila/Desktop/projects/Legal_Insights_Engine/.venv/lib/python3.11/site-packages/airflow/example_dags/example_xcomargs.py for tasks to queue
[2024-04-13T15:02:52.808-0400] {logging_mixin.py:188} INFO - [2024-04-13T15:02:52.808-0400] {dagbag.py:540} INFO - Filling up the DagBag from /Users/manideepakreddyaila/Desktop/projects/Legal_Insights_Engine/.venv/lib/python3.11/site-packages/airflow/example_dags/example_xcomargs.py
[2024-04-13T15:02:52.848-0400] {processor.py:840} INFO - DAG(s) 'example_xcom_args', 'example_xcom_args_with_operators' retrieved from /Users/manideepakreddyaila/Desktop/projects/Legal_Insights_Engine/.venv/lib/python3.11/site-packages/airflow/example_dags/example_xcomargs.py
[2024-04-13T15:02:52.885-0400] {logging_mixin.py:188} INFO - [2024-04-13T15:02:52.885-0400] {dag.py:3096} INFO - Sync 2 DAGs
[2024-04-13T15:02:52.888-0400] {logging_mixin.py:188} INFO - [2024-04-13T15:02:52.888-0400] {dag.py:3954} INFO - Setting next_dagrun for example_xcom_args to None, run_after=None
[2024-04-13T15:02:52.889-0400] {logging_mixin.py:188} INFO - [2024-04-13T15:02:52.889-0400] {dag.py:3954} INFO - Setting next_dagrun for example_xcom_args_with_operators to None, run_after=None
[2024-04-13T15:02:52.895-0400] {processor.py:183} INFO - Processing /Users/manideepakreddyaila/Desktop/projects/Legal_Insights_Engine/.venv/lib/python3.11/site-packages/airflow/example_dags/example_xcomargs.py took 0.089 seconds
[2024-04-13T15:03:53.039-0400] {processor.py:161} INFO - Started process (PID=30276) to work on /Users/manideepakreddyaila/Desktop/projects/Legal_Insights_Engine/.venv/lib/python3.11/site-packages/airflow/example_dags/example_xcomargs.py
[2024-04-13T15:03:53.040-0400] {processor.py:830} INFO - Processing file /Users/manideepakreddyaila/Desktop/projects/Legal_Insights_Engine/.venv/lib/python3.11/site-packages/airflow/example_dags/example_xcomargs.py for tasks to queue
[2024-04-13T15:03:53.040-0400] {logging_mixin.py:188} INFO - [2024-04-13T15:03:53.040-0400] {dagbag.py:540} INFO - Filling up the DagBag from /Users/manideepakreddyaila/Desktop/projects/Legal_Insights_Engine/.venv/lib/python3.11/site-packages/airflow/example_dags/example_xcomargs.py
[2024-04-13T15:03:53.080-0400] {processor.py:840} INFO - DAG(s) 'example_xcom_args_with_operators', 'example_xcom_args' retrieved from /Users/manideepakreddyaila/Desktop/projects/Legal_Insights_Engine/.venv/lib/python3.11/site-packages/airflow/example_dags/example_xcomargs.py
[2024-04-13T15:03:53.116-0400] {logging_mixin.py:188} INFO - [2024-04-13T15:03:53.116-0400] {dag.py:3096} INFO - Sync 2 DAGs
[2024-04-13T15:03:53.120-0400] {logging_mixin.py:188} INFO - [2024-04-13T15:03:53.119-0400] {dag.py:3954} INFO - Setting next_dagrun for example_xcom_args to None, run_after=None
[2024-04-13T15:03:53.121-0400] {logging_mixin.py:188} INFO - [2024-04-13T15:03:53.120-0400] {dag.py:3954} INFO - Setting next_dagrun for example_xcom_args_with_operators to None, run_after=None
[2024-04-13T15:03:53.126-0400] {processor.py:183} INFO - Processing /Users/manideepakreddyaila/Desktop/projects/Legal_Insights_Engine/.venv/lib/python3.11/site-packages/airflow/example_dags/example_xcomargs.py took 0.088 seconds
[2024-04-13T15:04:54.714-0400] {processor.py:161} INFO - Started process (PID=30323) to work on /Users/manideepakreddyaila/Desktop/projects/Legal_Insights_Engine/.venv/lib/python3.11/site-packages/airflow/example_dags/example_xcomargs.py
[2024-04-13T15:04:54.715-0400] {processor.py:830} INFO - Processing file /Users/manideepakreddyaila/Desktop/projects/Legal_Insights_Engine/.venv/lib/python3.11/site-packages/airflow/example_dags/example_xcomargs.py for tasks to queue
[2024-04-13T15:04:54.716-0400] {logging_mixin.py:188} INFO - [2024-04-13T15:04:54.716-0400] {dagbag.py:540} INFO - Filling up the DagBag from /Users/manideepakreddyaila/Desktop/projects/Legal_Insights_Engine/.venv/lib/python3.11/site-packages/airflow/example_dags/example_xcomargs.py
[2024-04-13T15:04:54.756-0400] {processor.py:840} INFO - DAG(s) 'example_xcom_args', 'example_xcom_args_with_operators' retrieved from /Users/manideepakreddyaila/Desktop/projects/Legal_Insights_Engine/.venv/lib/python3.11/site-packages/airflow/example_dags/example_xcomargs.py
[2024-04-13T15:04:54.791-0400] {logging_mixin.py:188} INFO - [2024-04-13T15:04:54.791-0400] {dag.py:3096} INFO - Sync 2 DAGs
[2024-04-13T15:04:54.795-0400] {logging_mixin.py:188} INFO - [2024-04-13T15:04:54.795-0400] {dag.py:3954} INFO - Setting next_dagrun for example_xcom_args to None, run_after=None
[2024-04-13T15:04:54.796-0400] {logging_mixin.py:188} INFO - [2024-04-13T15:04:54.796-0400] {dag.py:3954} INFO - Setting next_dagrun for example_xcom_args_with_operators to None, run_after=None
[2024-04-13T15:04:54.801-0400] {processor.py:183} INFO - Processing /Users/manideepakreddyaila/Desktop/projects/Legal_Insights_Engine/.venv/lib/python3.11/site-packages/airflow/example_dags/example_xcomargs.py took 0.088 seconds
[2024-04-13T15:05:52.920-0400] {processor.py:161} INFO - Started process (PID=30410) to work on /Users/manideepakreddyaila/Desktop/projects/Legal_Insights_Engine/.venv/lib/python3.11/site-packages/airflow/example_dags/example_xcomargs.py
[2024-04-13T15:05:52.921-0400] {processor.py:830} INFO - Processing file /Users/manideepakreddyaila/Desktop/projects/Legal_Insights_Engine/.venv/lib/python3.11/site-packages/airflow/example_dags/example_xcomargs.py for tasks to queue
[2024-04-13T15:05:52.921-0400] {logging_mixin.py:188} INFO - [2024-04-13T15:05:52.921-0400] {dagbag.py:540} INFO - Filling up the DagBag from /Users/manideepakreddyaila/Desktop/projects/Legal_Insights_Engine/.venv/lib/python3.11/site-packages/airflow/example_dags/example_xcomargs.py
[2024-04-13T15:05:52.960-0400] {processor.py:840} INFO - DAG(s) 'example_xcom_args_with_operators', 'example_xcom_args' retrieved from /Users/manideepakreddyaila/Desktop/projects/Legal_Insights_Engine/.venv/lib/python3.11/site-packages/airflow/example_dags/example_xcomargs.py
[2024-04-13T15:05:52.997-0400] {logging_mixin.py:188} INFO - [2024-04-13T15:05:52.997-0400] {dag.py:3096} INFO - Sync 2 DAGs
[2024-04-13T15:05:53.001-0400] {logging_mixin.py:188} INFO - [2024-04-13T15:05:53.001-0400] {dag.py:3954} INFO - Setting next_dagrun for example_xcom_args to None, run_after=None
[2024-04-13T15:05:53.002-0400] {logging_mixin.py:188} INFO - [2024-04-13T15:05:53.002-0400] {dag.py:3954} INFO - Setting next_dagrun for example_xcom_args_with_operators to None, run_after=None
[2024-04-13T15:05:53.008-0400] {processor.py:183} INFO - Processing /Users/manideepakreddyaila/Desktop/projects/Legal_Insights_Engine/.venv/lib/python3.11/site-packages/airflow/example_dags/example_xcomargs.py took 0.089 seconds
[2024-04-13T15:06:53.632-0400] {processor.py:161} INFO - Started process (PID=30481) to work on /Users/manideepakreddyaila/Desktop/projects/Legal_Insights_Engine/.venv/lib/python3.11/site-packages/airflow/example_dags/example_xcomargs.py
[2024-04-13T15:06:53.632-0400] {processor.py:830} INFO - Processing file /Users/manideepakreddyaila/Desktop/projects/Legal_Insights_Engine/.venv/lib/python3.11/site-packages/airflow/example_dags/example_xcomargs.py for tasks to queue
[2024-04-13T15:06:53.632-0400] {logging_mixin.py:188} INFO - [2024-04-13T15:06:53.632-0400] {dagbag.py:540} INFO - Filling up the DagBag from /Users/manideepakreddyaila/Desktop/projects/Legal_Insights_Engine/.venv/lib/python3.11/site-packages/airflow/example_dags/example_xcomargs.py
[2024-04-13T15:06:53.672-0400] {processor.py:840} INFO - DAG(s) 'example_xcom_args', 'example_xcom_args_with_operators' retrieved from /Users/manideepakreddyaila/Desktop/projects/Legal_Insights_Engine/.venv/lib/python3.11/site-packages/airflow/example_dags/example_xcomargs.py
[2024-04-13T15:06:53.707-0400] {logging_mixin.py:188} INFO - [2024-04-13T15:06:53.707-0400] {dag.py:3096} INFO - Sync 2 DAGs
[2024-04-13T15:06:53.711-0400] {logging_mixin.py:188} INFO - [2024-04-13T15:06:53.711-0400] {dag.py:3954} INFO - Setting next_dagrun for example_xcom_args to None, run_after=None
[2024-04-13T15:06:53.712-0400] {logging_mixin.py:188} INFO - [2024-04-13T15:06:53.712-0400] {dag.py:3954} INFO - Setting next_dagrun for example_xcom_args_with_operators to None, run_after=None
[2024-04-13T15:06:53.717-0400] {processor.py:183} INFO - Processing /Users/manideepakreddyaila/Desktop/projects/Legal_Insights_Engine/.venv/lib/python3.11/site-packages/airflow/example_dags/example_xcomargs.py took 0.087 seconds
[2024-04-13T15:07:55.679-0400] {processor.py:161} INFO - Started process (PID=30555) to work on /Users/manideepakreddyaila/Desktop/projects/Legal_Insights_Engine/.venv/lib/python3.11/site-packages/airflow/example_dags/example_xcomargs.py
[2024-04-13T15:07:55.680-0400] {processor.py:830} INFO - Processing file /Users/manideepakreddyaila/Desktop/projects/Legal_Insights_Engine/.venv/lib/python3.11/site-packages/airflow/example_dags/example_xcomargs.py for tasks to queue
[2024-04-13T15:07:55.680-0400] {logging_mixin.py:188} INFO - [2024-04-13T15:07:55.680-0400] {dagbag.py:540} INFO - Filling up the DagBag from /Users/manideepakreddyaila/Desktop/projects/Legal_Insights_Engine/.venv/lib/python3.11/site-packages/airflow/example_dags/example_xcomargs.py
[2024-04-13T15:07:55.721-0400] {processor.py:840} INFO - DAG(s) 'example_xcom_args_with_operators', 'example_xcom_args' retrieved from /Users/manideepakreddyaila/Desktop/projects/Legal_Insights_Engine/.venv/lib/python3.11/site-packages/airflow/example_dags/example_xcomargs.py
[2024-04-13T15:07:55.759-0400] {logging_mixin.py:188} INFO - [2024-04-13T15:07:55.759-0400] {dag.py:3096} INFO - Sync 2 DAGs
[2024-04-13T15:07:55.763-0400] {logging_mixin.py:188} INFO - [2024-04-13T15:07:55.763-0400] {dag.py:3954} INFO - Setting next_dagrun for example_xcom_args to None, run_after=None
[2024-04-13T15:07:55.764-0400] {logging_mixin.py:188} INFO - [2024-04-13T15:07:55.764-0400] {dag.py:3954} INFO - Setting next_dagrun for example_xcom_args_with_operators to None, run_after=None
[2024-04-13T15:07:55.770-0400] {processor.py:183} INFO - Processing /Users/manideepakreddyaila/Desktop/projects/Legal_Insights_Engine/.venv/lib/python3.11/site-packages/airflow/example_dags/example_xcomargs.py took 0.092 seconds
[2024-04-13T15:14:06.710-0400] {processor.py:161} INFO - Started process (PID=30681) to work on /Users/manideepakreddyaila/Desktop/projects/Legal_Insights_Engine/.venv/lib/python3.11/site-packages/airflow/example_dags/example_xcomargs.py
[2024-04-13T15:14:06.711-0400] {processor.py:830} INFO - Processing file /Users/manideepakreddyaila/Desktop/projects/Legal_Insights_Engine/.venv/lib/python3.11/site-packages/airflow/example_dags/example_xcomargs.py for tasks to queue
[2024-04-13T15:14:06.711-0400] {logging_mixin.py:188} INFO - [2024-04-13T15:14:06.711-0400] {dagbag.py:540} INFO - Filling up the DagBag from /Users/manideepakreddyaila/Desktop/projects/Legal_Insights_Engine/.venv/lib/python3.11/site-packages/airflow/example_dags/example_xcomargs.py
[2024-04-13T15:14:06.759-0400] {processor.py:840} INFO - DAG(s) 'example_xcom_args', 'example_xcom_args_with_operators' retrieved from /Users/manideepakreddyaila/Desktop/projects/Legal_Insights_Engine/.venv/lib/python3.11/site-packages/airflow/example_dags/example_xcomargs.py
[2024-04-13T15:14:06.796-0400] {logging_mixin.py:188} INFO - [2024-04-13T15:14:06.796-0400] {dag.py:3096} INFO - Sync 2 DAGs
[2024-04-13T15:14:06.800-0400] {logging_mixin.py:188} INFO - [2024-04-13T15:14:06.800-0400] {dag.py:3954} INFO - Setting next_dagrun for example_xcom_args to None, run_after=None
[2024-04-13T15:14:06.801-0400] {logging_mixin.py:188} INFO - [2024-04-13T15:14:06.801-0400] {dag.py:3954} INFO - Setting next_dagrun for example_xcom_args_with_operators to None, run_after=None
[2024-04-13T15:14:06.807-0400] {processor.py:183} INFO - Processing /Users/manideepakreddyaila/Desktop/projects/Legal_Insights_Engine/.venv/lib/python3.11/site-packages/airflow/example_dags/example_xcomargs.py took 0.098 seconds
[2024-04-13T15:15:10.785-0400] {processor.py:161} INFO - Started process (PID=30755) to work on /Users/manideepakreddyaila/Desktop/projects/Legal_Insights_Engine/.venv/lib/python3.11/site-packages/airflow/example_dags/example_xcomargs.py
[2024-04-13T15:15:10.785-0400] {processor.py:830} INFO - Processing file /Users/manideepakreddyaila/Desktop/projects/Legal_Insights_Engine/.venv/lib/python3.11/site-packages/airflow/example_dags/example_xcomargs.py for tasks to queue
[2024-04-13T15:15:10.786-0400] {logging_mixin.py:188} INFO - [2024-04-13T15:15:10.786-0400] {dagbag.py:540} INFO - Filling up the DagBag from /Users/manideepakreddyaila/Desktop/projects/Legal_Insights_Engine/.venv/lib/python3.11/site-packages/airflow/example_dags/example_xcomargs.py
[2024-04-13T15:15:10.826-0400] {processor.py:840} INFO - DAG(s) 'example_xcom_args_with_operators', 'example_xcom_args' retrieved from /Users/manideepakreddyaila/Desktop/projects/Legal_Insights_Engine/.venv/lib/python3.11/site-packages/airflow/example_dags/example_xcomargs.py
[2024-04-13T15:15:10.865-0400] {logging_mixin.py:188} INFO - [2024-04-13T15:15:10.865-0400] {dag.py:3096} INFO - Sync 2 DAGs
[2024-04-13T15:15:10.869-0400] {logging_mixin.py:188} INFO - [2024-04-13T15:15:10.869-0400] {dag.py:3954} INFO - Setting next_dagrun for example_xcom_args to None, run_after=None
[2024-04-13T15:15:10.870-0400] {logging_mixin.py:188} INFO - [2024-04-13T15:15:10.870-0400] {dag.py:3954} INFO - Setting next_dagrun for example_xcom_args_with_operators to None, run_after=None
[2024-04-13T15:15:10.876-0400] {processor.py:183} INFO - Processing /Users/manideepakreddyaila/Desktop/projects/Legal_Insights_Engine/.venv/lib/python3.11/site-packages/airflow/example_dags/example_xcomargs.py took 0.092 seconds
[2024-04-13T15:16:08.951-0400] {processor.py:161} INFO - Started process (PID=30814) to work on /Users/manideepakreddyaila/Desktop/projects/Legal_Insights_Engine/.venv/lib/python3.11/site-packages/airflow/example_dags/example_xcomargs.py
[2024-04-13T15:16:08.952-0400] {processor.py:830} INFO - Processing file /Users/manideepakreddyaila/Desktop/projects/Legal_Insights_Engine/.venv/lib/python3.11/site-packages/airflow/example_dags/example_xcomargs.py for tasks to queue
[2024-04-13T15:16:08.952-0400] {logging_mixin.py:188} INFO - [2024-04-13T15:16:08.952-0400] {dagbag.py:540} INFO - Filling up the DagBag from /Users/manideepakreddyaila/Desktop/projects/Legal_Insights_Engine/.venv/lib/python3.11/site-packages/airflow/example_dags/example_xcomargs.py
[2024-04-13T15:16:08.992-0400] {processor.py:840} INFO - DAG(s) 'example_xcom_args', 'example_xcom_args_with_operators' retrieved from /Users/manideepakreddyaila/Desktop/projects/Legal_Insights_Engine/.venv/lib/python3.11/site-packages/airflow/example_dags/example_xcomargs.py
[2024-04-13T15:16:09.027-0400] {logging_mixin.py:188} INFO - [2024-04-13T15:16:09.027-0400] {dag.py:3096} INFO - Sync 2 DAGs
[2024-04-13T15:16:09.031-0400] {logging_mixin.py:188} INFO - [2024-04-13T15:16:09.031-0400] {dag.py:3954} INFO - Setting next_dagrun for example_xcom_args to None, run_after=None
[2024-04-13T15:16:09.032-0400] {logging_mixin.py:188} INFO - [2024-04-13T15:16:09.032-0400] {dag.py:3954} INFO - Setting next_dagrun for example_xcom_args_with_operators to None, run_after=None
[2024-04-13T15:16:09.038-0400] {processor.py:183} INFO - Processing /Users/manideepakreddyaila/Desktop/projects/Legal_Insights_Engine/.venv/lib/python3.11/site-packages/airflow/example_dags/example_xcomargs.py took 0.088 seconds
[2024-04-13T15:17:05.081-0400] {processor.py:161} INFO - Started process (PID=30870) to work on /Users/manideepakreddyaila/Desktop/projects/Legal_Insights_Engine/.venv/lib/python3.11/site-packages/airflow/example_dags/example_xcomargs.py
[2024-04-13T15:17:05.082-0400] {processor.py:830} INFO - Processing file /Users/manideepakreddyaila/Desktop/projects/Legal_Insights_Engine/.venv/lib/python3.11/site-packages/airflow/example_dags/example_xcomargs.py for tasks to queue
[2024-04-13T15:17:05.082-0400] {logging_mixin.py:188} INFO - [2024-04-13T15:17:05.082-0400] {dagbag.py:540} INFO - Filling up the DagBag from /Users/manideepakreddyaila/Desktop/projects/Legal_Insights_Engine/.venv/lib/python3.11/site-packages/airflow/example_dags/example_xcomargs.py
[2024-04-13T15:17:05.122-0400] {processor.py:840} INFO - DAG(s) 'example_xcom_args', 'example_xcom_args_with_operators' retrieved from /Users/manideepakreddyaila/Desktop/projects/Legal_Insights_Engine/.venv/lib/python3.11/site-packages/airflow/example_dags/example_xcomargs.py
[2024-04-13T15:17:05.159-0400] {logging_mixin.py:188} INFO - [2024-04-13T15:17:05.159-0400] {dag.py:3096} INFO - Sync 2 DAGs
[2024-04-13T15:17:05.163-0400] {logging_mixin.py:188} INFO - [2024-04-13T15:17:05.163-0400] {dag.py:3954} INFO - Setting next_dagrun for example_xcom_args to None, run_after=None
[2024-04-13T15:17:05.164-0400] {logging_mixin.py:188} INFO - [2024-04-13T15:17:05.164-0400] {dag.py:3954} INFO - Setting next_dagrun for example_xcom_args_with_operators to None, run_after=None
[2024-04-13T15:17:05.170-0400] {processor.py:183} INFO - Processing /Users/manideepakreddyaila/Desktop/projects/Legal_Insights_Engine/.venv/lib/python3.11/site-packages/airflow/example_dags/example_xcomargs.py took 0.089 seconds
[2024-04-13T15:25:01.634-0400] {processor.py:161} INFO - Started process (PID=30982) to work on /Users/manideepakreddyaila/Desktop/projects/Legal_Insights_Engine/.venv/lib/python3.11/site-packages/airflow/example_dags/example_xcomargs.py
[2024-04-13T15:25:01.635-0400] {processor.py:830} INFO - Processing file /Users/manideepakreddyaila/Desktop/projects/Legal_Insights_Engine/.venv/lib/python3.11/site-packages/airflow/example_dags/example_xcomargs.py for tasks to queue
[2024-04-13T15:25:01.635-0400] {logging_mixin.py:188} INFO - [2024-04-13T15:25:01.635-0400] {dagbag.py:540} INFO - Filling up the DagBag from /Users/manideepakreddyaila/Desktop/projects/Legal_Insights_Engine/.venv/lib/python3.11/site-packages/airflow/example_dags/example_xcomargs.py
[2024-04-13T15:25:01.675-0400] {processor.py:840} INFO - DAG(s) 'example_xcom_args', 'example_xcom_args_with_operators' retrieved from /Users/manideepakreddyaila/Desktop/projects/Legal_Insights_Engine/.venv/lib/python3.11/site-packages/airflow/example_dags/example_xcomargs.py
[2024-04-13T15:25:01.711-0400] {logging_mixin.py:188} INFO - [2024-04-13T15:25:01.711-0400] {dag.py:3096} INFO - Sync 2 DAGs
[2024-04-13T15:25:01.714-0400] {logging_mixin.py:188} INFO - [2024-04-13T15:25:01.714-0400] {dag.py:3954} INFO - Setting next_dagrun for example_xcom_args to None, run_after=None
[2024-04-13T15:25:01.715-0400] {logging_mixin.py:188} INFO - [2024-04-13T15:25:01.715-0400] {dag.py:3954} INFO - Setting next_dagrun for example_xcom_args_with_operators to None, run_after=None
[2024-04-13T15:25:01.721-0400] {processor.py:183} INFO - Processing /Users/manideepakreddyaila/Desktop/projects/Legal_Insights_Engine/.venv/lib/python3.11/site-packages/airflow/example_dags/example_xcomargs.py took 0.088 seconds
[2024-04-13T17:18:13.136-0400] {processor.py:161} INFO - Started process (PID=31147) to work on /Users/manideepakreddyaila/Desktop/projects/Legal_Insights_Engine/.venv/lib/python3.11/site-packages/airflow/example_dags/example_xcomargs.py
[2024-04-13T17:18:13.137-0400] {processor.py:830} INFO - Processing file /Users/manideepakreddyaila/Desktop/projects/Legal_Insights_Engine/.venv/lib/python3.11/site-packages/airflow/example_dags/example_xcomargs.py for tasks to queue
[2024-04-13T17:18:13.137-0400] {logging_mixin.py:188} INFO - [2024-04-13T17:18:13.137-0400] {dagbag.py:540} INFO - Filling up the DagBag from /Users/manideepakreddyaila/Desktop/projects/Legal_Insights_Engine/.venv/lib/python3.11/site-packages/airflow/example_dags/example_xcomargs.py
[2024-04-13T17:18:13.176-0400] {processor.py:840} INFO - DAG(s) 'example_xcom_args', 'example_xcom_args_with_operators' retrieved from /Users/manideepakreddyaila/Desktop/projects/Legal_Insights_Engine/.venv/lib/python3.11/site-packages/airflow/example_dags/example_xcomargs.py
[2024-04-13T17:18:13.212-0400] {logging_mixin.py:188} INFO - [2024-04-13T17:18:13.212-0400] {dag.py:3096} INFO - Sync 2 DAGs
[2024-04-13T17:18:13.215-0400] {logging_mixin.py:188} INFO - [2024-04-13T17:18:13.215-0400] {dag.py:3954} INFO - Setting next_dagrun for example_xcom_args to None, run_after=None
[2024-04-13T17:18:13.216-0400] {logging_mixin.py:188} INFO - [2024-04-13T17:18:13.216-0400] {dag.py:3954} INFO - Setting next_dagrun for example_xcom_args_with_operators to None, run_after=None
[2024-04-13T17:18:13.222-0400] {processor.py:183} INFO - Processing /Users/manideepakreddyaila/Desktop/projects/Legal_Insights_Engine/.venv/lib/python3.11/site-packages/airflow/example_dags/example_xcomargs.py took 0.087 seconds
[2024-04-13T18:17:12.318-0400] {processor.py:161} INFO - Started process (PID=31296) to work on /Users/manideepakreddyaila/Desktop/projects/Legal_Insights_Engine/.venv/lib/python3.11/site-packages/airflow/example_dags/example_xcomargs.py
[2024-04-13T18:17:12.319-0400] {processor.py:830} INFO - Processing file /Users/manideepakreddyaila/Desktop/projects/Legal_Insights_Engine/.venv/lib/python3.11/site-packages/airflow/example_dags/example_xcomargs.py for tasks to queue
[2024-04-13T18:17:12.319-0400] {logging_mixin.py:188} INFO - [2024-04-13T18:17:12.319-0400] {dagbag.py:540} INFO - Filling up the DagBag from /Users/manideepakreddyaila/Desktop/projects/Legal_Insights_Engine/.venv/lib/python3.11/site-packages/airflow/example_dags/example_xcomargs.py
[2024-04-13T18:17:12.358-0400] {processor.py:840} INFO - DAG(s) 'example_xcom_args', 'example_xcom_args_with_operators' retrieved from /Users/manideepakreddyaila/Desktop/projects/Legal_Insights_Engine/.venv/lib/python3.11/site-packages/airflow/example_dags/example_xcomargs.py
[2024-04-13T18:17:12.393-0400] {logging_mixin.py:188} INFO - [2024-04-13T18:17:12.393-0400] {dag.py:3096} INFO - Sync 2 DAGs
[2024-04-13T18:17:12.396-0400] {logging_mixin.py:188} INFO - [2024-04-13T18:17:12.396-0400] {dag.py:3954} INFO - Setting next_dagrun for example_xcom_args to None, run_after=None
[2024-04-13T18:17:12.397-0400] {logging_mixin.py:188} INFO - [2024-04-13T18:17:12.397-0400] {dag.py:3954} INFO - Setting next_dagrun for example_xcom_args_with_operators to None, run_after=None
[2024-04-13T18:17:12.403-0400] {processor.py:183} INFO - Processing /Users/manideepakreddyaila/Desktop/projects/Legal_Insights_Engine/.venv/lib/python3.11/site-packages/airflow/example_dags/example_xcomargs.py took 0.085 seconds
[2024-04-13T18:22:21.300-0400] {processor.py:161} INFO - Started process (PID=31410) to work on /Users/manideepakreddyaila/Desktop/projects/Legal_Insights_Engine/.venv/lib/python3.11/site-packages/airflow/example_dags/example_xcomargs.py
[2024-04-13T18:22:21.301-0400] {processor.py:830} INFO - Processing file /Users/manideepakreddyaila/Desktop/projects/Legal_Insights_Engine/.venv/lib/python3.11/site-packages/airflow/example_dags/example_xcomargs.py for tasks to queue
[2024-04-13T18:22:21.301-0400] {logging_mixin.py:188} INFO - [2024-04-13T18:22:21.301-0400] {dagbag.py:540} INFO - Filling up the DagBag from /Users/manideepakreddyaila/Desktop/projects/Legal_Insights_Engine/.venv/lib/python3.11/site-packages/airflow/example_dags/example_xcomargs.py
[2024-04-13T18:22:21.340-0400] {processor.py:840} INFO - DAG(s) 'example_xcom_args_with_operators', 'example_xcom_args' retrieved from /Users/manideepakreddyaila/Desktop/projects/Legal_Insights_Engine/.venv/lib/python3.11/site-packages/airflow/example_dags/example_xcomargs.py
[2024-04-13T18:22:21.375-0400] {logging_mixin.py:188} INFO - [2024-04-13T18:22:21.375-0400] {dag.py:3096} INFO - Sync 2 DAGs
[2024-04-13T18:22:21.378-0400] {logging_mixin.py:188} INFO - [2024-04-13T18:22:21.378-0400] {dag.py:3954} INFO - Setting next_dagrun for example_xcom_args to None, run_after=None
[2024-04-13T18:22:21.379-0400] {logging_mixin.py:188} INFO - [2024-04-13T18:22:21.379-0400] {dag.py:3954} INFO - Setting next_dagrun for example_xcom_args_with_operators to None, run_after=None
[2024-04-13T18:22:21.385-0400] {processor.py:183} INFO - Processing /Users/manideepakreddyaila/Desktop/projects/Legal_Insights_Engine/.venv/lib/python3.11/site-packages/airflow/example_dags/example_xcomargs.py took 0.086 seconds
[2024-04-13T19:03:33.060-0400] {processor.py:161} INFO - Started process (PID=31522) to work on /Users/manideepakreddyaila/Desktop/projects/Legal_Insights_Engine/.venv/lib/python3.11/site-packages/airflow/example_dags/example_xcomargs.py
[2024-04-13T19:03:33.061-0400] {processor.py:830} INFO - Processing file /Users/manideepakreddyaila/Desktop/projects/Legal_Insights_Engine/.venv/lib/python3.11/site-packages/airflow/example_dags/example_xcomargs.py for tasks to queue
[2024-04-13T19:03:33.061-0400] {logging_mixin.py:188} INFO - [2024-04-13T19:03:33.061-0400] {dagbag.py:540} INFO - Filling up the DagBag from /Users/manideepakreddyaila/Desktop/projects/Legal_Insights_Engine/.venv/lib/python3.11/site-packages/airflow/example_dags/example_xcomargs.py
[2024-04-13T19:03:33.111-0400] {processor.py:840} INFO - DAG(s) 'example_xcom_args_with_operators', 'example_xcom_args' retrieved from /Users/manideepakreddyaila/Desktop/projects/Legal_Insights_Engine/.venv/lib/python3.11/site-packages/airflow/example_dags/example_xcomargs.py
[2024-04-13T19:03:33.149-0400] {logging_mixin.py:188} INFO - [2024-04-13T19:03:33.149-0400] {dag.py:3096} INFO - Sync 2 DAGs
[2024-04-13T19:03:33.153-0400] {logging_mixin.py:188} INFO - [2024-04-13T19:03:33.153-0400] {dag.py:3954} INFO - Setting next_dagrun for example_xcom_args to None, run_after=None
[2024-04-13T19:03:33.154-0400] {logging_mixin.py:188} INFO - [2024-04-13T19:03:33.154-0400] {dag.py:3954} INFO - Setting next_dagrun for example_xcom_args_with_operators to None, run_after=None
[2024-04-13T19:03:33.159-0400] {processor.py:183} INFO - Processing /Users/manideepakreddyaila/Desktop/projects/Legal_Insights_Engine/.venv/lib/python3.11/site-packages/airflow/example_dags/example_xcomargs.py took 0.100 seconds
