[2024-04-13T14:58:35.677-0400] {processor.py:161} INFO - Started process (PID=29996) to work on /Users/manideepakreddyaila/Desktop/projects/Legal_Insights_Engine/.venv/lib/python3.11/site-packages/airflow/example_dags/example_branch_labels.py
[2024-04-13T14:58:35.678-0400] {processor.py:830} INFO - Processing file /Users/manideepakreddyaila/Desktop/projects/Legal_Insights_Engine/.venv/lib/python3.11/site-packages/airflow/example_dags/example_branch_labels.py for tasks to queue
[2024-04-13T14:58:35.678-0400] {logging_mixin.py:188} INFO - [2024-04-13T14:58:35.678-0400] {dagbag.py:540} INFO - Filling up the DagBag from /Users/manideepakreddyaila/Desktop/projects/Legal_Insights_Engine/.venv/lib/python3.11/site-packages/airflow/example_dags/example_branch_labels.py
[2024-04-13T14:58:35.708-0400] {processor.py:840} INFO - DAG(s) 'example_branch_labels' retrieved from /Users/manideepakreddyaila/Desktop/projects/Legal_Insights_Engine/.venv/lib/python3.11/site-packages/airflow/example_dags/example_branch_labels.py
[2024-04-13T14:58:35.777-0400] {logging_mixin.py:188} INFO - [2024-04-13T14:58:35.777-0400] {override.py:1829} INFO - Created Permission View: can read on DAG:example_branch_labels
[2024-04-13T14:58:35.780-0400] {logging_mixin.py:188} INFO - [2024-04-13T14:58:35.780-0400] {override.py:1829} INFO - Created Permission View: can edit on DAG:example_branch_labels
[2024-04-13T14:58:35.782-0400] {logging_mixin.py:188} INFO - [2024-04-13T14:58:35.782-0400] {override.py:1829} INFO - Created Permission View: can delete on DAG:example_branch_labels
[2024-04-13T14:58:35.782-0400] {logging_mixin.py:188} INFO - [2024-04-13T14:58:35.782-0400] {dag.py:3096} INFO - Sync 1 DAGs
[2024-04-13T14:58:35.785-0400] {logging_mixin.py:188} INFO - [2024-04-13T14:58:35.785-0400] {dag.py:3118} INFO - Creating ORM DAG for example_branch_labels
[2024-04-13T14:58:35.788-0400] {logging_mixin.py:188} INFO - [2024-04-13T14:58:35.788-0400] {dag.py:3954} INFO - Setting next_dagrun for example_branch_labels to 2024-04-12 00:00:00+00:00, run_after=2024-04-13 00:00:00+00:00
[2024-04-13T14:58:35.793-0400] {processor.py:183} INFO - Processing /Users/manideepakreddyaila/Desktop/projects/Legal_Insights_Engine/.venv/lib/python3.11/site-packages/airflow/example_dags/example_branch_labels.py took 0.118 seconds
[2024-04-13T15:00:31.791-0400] {processor.py:161} INFO - Started process (PID=30105) to work on /Users/manideepakreddyaila/Desktop/projects/Legal_Insights_Engine/.venv/lib/python3.11/site-packages/airflow/example_dags/example_branch_labels.py
[2024-04-13T15:00:31.792-0400] {processor.py:830} INFO - Processing file /Users/manideepakreddyaila/Desktop/projects/Legal_Insights_Engine/.venv/lib/python3.11/site-packages/airflow/example_dags/example_branch_labels.py for tasks to queue
[2024-04-13T15:00:31.792-0400] {logging_mixin.py:188} INFO - [2024-04-13T15:00:31.792-0400] {dagbag.py:540} INFO - Filling up the DagBag from /Users/manideepakreddyaila/Desktop/projects/Legal_Insights_Engine/.venv/lib/python3.11/site-packages/airflow/example_dags/example_branch_labels.py
[2024-04-13T15:00:31.828-0400] {processor.py:840} INFO - DAG(s) 'example_branch_labels' retrieved from /Users/manideepakreddyaila/Desktop/projects/Legal_Insights_Engine/.venv/lib/python3.11/site-packages/airflow/example_dags/example_branch_labels.py
[2024-04-13T15:00:31.874-0400] {logging_mixin.py:188} INFO - [2024-04-13T15:00:31.874-0400] {dag.py:3096} INFO - Sync 1 DAGs
[2024-04-13T15:00:31.880-0400] {logging_mixin.py:188} INFO - [2024-04-13T15:00:31.880-0400] {dag.py:3954} INFO - Setting next_dagrun for example_branch_labels to 2024-04-12 00:00:00+00:00, run_after=2024-04-13 00:00:00+00:00
[2024-04-13T15:00:31.886-0400] {processor.py:183} INFO - Processing /Users/manideepakreddyaila/Desktop/projects/Legal_Insights_Engine/.venv/lib/python3.11/site-packages/airflow/example_dags/example_branch_labels.py took 0.097 seconds
[2024-04-13T15:02:25.567-0400] {processor.py:161} INFO - Started process (PID=30207) to work on /Users/manideepakreddyaila/Desktop/projects/Legal_Insights_Engine/.venv/lib/python3.11/site-packages/airflow/example_dags/example_branch_labels.py
[2024-04-13T15:02:25.567-0400] {processor.py:830} INFO - Processing file /Users/manideepakreddyaila/Desktop/projects/Legal_Insights_Engine/.venv/lib/python3.11/site-packages/airflow/example_dags/example_branch_labels.py for tasks to queue
[2024-04-13T15:02:25.567-0400] {logging_mixin.py:188} INFO - [2024-04-13T15:02:25.567-0400] {dagbag.py:540} INFO - Filling up the DagBag from /Users/manideepakreddyaila/Desktop/projects/Legal_Insights_Engine/.venv/lib/python3.11/site-packages/airflow/example_dags/example_branch_labels.py
[2024-04-13T15:02:25.596-0400] {processor.py:840} INFO - DAG(s) 'example_branch_labels' retrieved from /Users/manideepakreddyaila/Desktop/projects/Legal_Insights_Engine/.venv/lib/python3.11/site-packages/airflow/example_dags/example_branch_labels.py
[2024-04-13T15:02:25.632-0400] {logging_mixin.py:188} INFO - [2024-04-13T15:02:25.632-0400] {dag.py:3096} INFO - Sync 1 DAGs
[2024-04-13T15:02:25.638-0400] {logging_mixin.py:188} INFO - [2024-04-13T15:02:25.638-0400] {dag.py:3954} INFO - Setting next_dagrun for example_branch_labels to 2024-04-12 00:00:00+00:00, run_after=2024-04-13 00:00:00+00:00
[2024-04-13T15:02:25.644-0400] {processor.py:183} INFO - Processing /Users/manideepakreddyaila/Desktop/projects/Legal_Insights_Engine/.venv/lib/python3.11/site-packages/airflow/example_dags/example_branch_labels.py took 0.078 seconds
[2024-04-13T15:04:27.296-0400] {processor.py:161} INFO - Started process (PID=30307) to work on /Users/manideepakreddyaila/Desktop/projects/Legal_Insights_Engine/.venv/lib/python3.11/site-packages/airflow/example_dags/example_branch_labels.py
[2024-04-13T15:04:27.296-0400] {processor.py:830} INFO - Processing file /Users/manideepakreddyaila/Desktop/projects/Legal_Insights_Engine/.venv/lib/python3.11/site-packages/airflow/example_dags/example_branch_labels.py for tasks to queue
[2024-04-13T15:04:27.296-0400] {logging_mixin.py:188} INFO - [2024-04-13T15:04:27.296-0400] {dagbag.py:540} INFO - Filling up the DagBag from /Users/manideepakreddyaila/Desktop/projects/Legal_Insights_Engine/.venv/lib/python3.11/site-packages/airflow/example_dags/example_branch_labels.py
[2024-04-13T15:04:27.325-0400] {processor.py:840} INFO - DAG(s) 'example_branch_labels' retrieved from /Users/manideepakreddyaila/Desktop/projects/Legal_Insights_Engine/.venv/lib/python3.11/site-packages/airflow/example_dags/example_branch_labels.py
[2024-04-13T15:04:27.362-0400] {logging_mixin.py:188} INFO - [2024-04-13T15:04:27.361-0400] {dag.py:3096} INFO - Sync 1 DAGs
[2024-04-13T15:04:27.367-0400] {logging_mixin.py:188} INFO - [2024-04-13T15:04:27.367-0400] {dag.py:3954} INFO - Setting next_dagrun for example_branch_labels to 2024-04-12 00:00:00+00:00, run_after=2024-04-13 00:00:00+00:00
[2024-04-13T15:04:27.373-0400] {processor.py:183} INFO - Processing /Users/manideepakreddyaila/Desktop/projects/Legal_Insights_Engine/.venv/lib/python3.11/site-packages/airflow/example_dags/example_branch_labels.py took 0.078 seconds
[2024-04-13T15:06:26.880-0400] {processor.py:161} INFO - Started process (PID=30459) to work on /Users/manideepakreddyaila/Desktop/projects/Legal_Insights_Engine/.venv/lib/python3.11/site-packages/airflow/example_dags/example_branch_labels.py
[2024-04-13T15:06:26.881-0400] {processor.py:830} INFO - Processing file /Users/manideepakreddyaila/Desktop/projects/Legal_Insights_Engine/.venv/lib/python3.11/site-packages/airflow/example_dags/example_branch_labels.py for tasks to queue
[2024-04-13T15:06:26.881-0400] {logging_mixin.py:188} INFO - [2024-04-13T15:06:26.881-0400] {dagbag.py:540} INFO - Filling up the DagBag from /Users/manideepakreddyaila/Desktop/projects/Legal_Insights_Engine/.venv/lib/python3.11/site-packages/airflow/example_dags/example_branch_labels.py
[2024-04-13T15:06:26.912-0400] {processor.py:840} INFO - DAG(s) 'example_branch_labels' retrieved from /Users/manideepakreddyaila/Desktop/projects/Legal_Insights_Engine/.venv/lib/python3.11/site-packages/airflow/example_dags/example_branch_labels.py
[2024-04-13T15:06:26.948-0400] {logging_mixin.py:188} INFO - [2024-04-13T15:06:26.948-0400] {dag.py:3096} INFO - Sync 1 DAGs
[2024-04-13T15:06:26.954-0400] {logging_mixin.py:188} INFO - [2024-04-13T15:06:26.954-0400] {dag.py:3954} INFO - Setting next_dagrun for example_branch_labels to 2024-04-12 00:00:00+00:00, run_after=2024-04-13 00:00:00+00:00
[2024-04-13T15:06:26.960-0400] {processor.py:183} INFO - Processing /Users/manideepakreddyaila/Desktop/projects/Legal_Insights_Engine/.venv/lib/python3.11/site-packages/airflow/example_dags/example_branch_labels.py took 0.081 seconds
[2024-04-13T15:08:30.762-0400] {processor.py:161} INFO - Started process (PID=30637) to work on /Users/manideepakreddyaila/Desktop/projects/Legal_Insights_Engine/.venv/lib/python3.11/site-packages/airflow/example_dags/example_branch_labels.py
[2024-04-13T15:08:30.763-0400] {processor.py:830} INFO - Processing file /Users/manideepakreddyaila/Desktop/projects/Legal_Insights_Engine/.venv/lib/python3.11/site-packages/airflow/example_dags/example_branch_labels.py for tasks to queue
[2024-04-13T15:08:30.763-0400] {logging_mixin.py:188} INFO - [2024-04-13T15:08:30.763-0400] {dagbag.py:540} INFO - Filling up the DagBag from /Users/manideepakreddyaila/Desktop/projects/Legal_Insights_Engine/.venv/lib/python3.11/site-packages/airflow/example_dags/example_branch_labels.py
[2024-04-13T15:08:30.793-0400] {processor.py:840} INFO - DAG(s) 'example_branch_labels' retrieved from /Users/manideepakreddyaila/Desktop/projects/Legal_Insights_Engine/.venv/lib/python3.11/site-packages/airflow/example_dags/example_branch_labels.py
[2024-04-13T15:08:30.832-0400] {logging_mixin.py:188} INFO - [2024-04-13T15:08:30.832-0400] {dag.py:3096} INFO - Sync 1 DAGs
[2024-04-13T15:08:30.837-0400] {logging_mixin.py:188} INFO - [2024-04-13T15:08:30.837-0400] {dag.py:3954} INFO - Setting next_dagrun for example_branch_labels to 2024-04-12 00:00:00+00:00, run_after=2024-04-13 00:00:00+00:00
[2024-04-13T15:08:30.843-0400] {processor.py:183} INFO - Processing /Users/manideepakreddyaila/Desktop/projects/Legal_Insights_Engine/.venv/lib/python3.11/site-packages/airflow/example_dags/example_branch_labels.py took 0.082 seconds
[2024-04-13T15:15:42.696-0400] {processor.py:161} INFO - Started process (PID=30797) to work on /Users/manideepakreddyaila/Desktop/projects/Legal_Insights_Engine/.venv/lib/python3.11/site-packages/airflow/example_dags/example_branch_labels.py
[2024-04-13T15:15:42.697-0400] {processor.py:830} INFO - Processing file /Users/manideepakreddyaila/Desktop/projects/Legal_Insights_Engine/.venv/lib/python3.11/site-packages/airflow/example_dags/example_branch_labels.py for tasks to queue
[2024-04-13T15:15:42.697-0400] {logging_mixin.py:188} INFO - [2024-04-13T15:15:42.697-0400] {dagbag.py:540} INFO - Filling up the DagBag from /Users/manideepakreddyaila/Desktop/projects/Legal_Insights_Engine/.venv/lib/python3.11/site-packages/airflow/example_dags/example_branch_labels.py
[2024-04-13T15:15:42.726-0400] {processor.py:840} INFO - DAG(s) 'example_branch_labels' retrieved from /Users/manideepakreddyaila/Desktop/projects/Legal_Insights_Engine/.venv/lib/python3.11/site-packages/airflow/example_dags/example_branch_labels.py
[2024-04-13T15:15:42.762-0400] {logging_mixin.py:188} INFO - [2024-04-13T15:15:42.762-0400] {dag.py:3096} INFO - Sync 1 DAGs
[2024-04-13T15:15:42.769-0400] {logging_mixin.py:188} INFO - [2024-04-13T15:15:42.768-0400] {dag.py:3954} INFO - Setting next_dagrun for example_branch_labels to 2024-04-12 00:00:00+00:00, run_after=2024-04-13 00:00:00+00:00
[2024-04-13T15:15:42.775-0400] {processor.py:183} INFO - Processing /Users/manideepakreddyaila/Desktop/projects/Legal_Insights_Engine/.venv/lib/python3.11/site-packages/airflow/example_dags/example_branch_labels.py took 0.080 seconds
[2024-04-13T15:20:26.012-0400] {processor.py:161} INFO - Started process (PID=30939) to work on /Users/manideepakreddyaila/Desktop/projects/Legal_Insights_Engine/.venv/lib/python3.11/site-packages/airflow/example_dags/example_branch_labels.py
[2024-04-13T15:20:26.013-0400] {processor.py:830} INFO - Processing file /Users/manideepakreddyaila/Desktop/projects/Legal_Insights_Engine/.venv/lib/python3.11/site-packages/airflow/example_dags/example_branch_labels.py for tasks to queue
[2024-04-13T15:20:26.013-0400] {logging_mixin.py:188} INFO - [2024-04-13T15:20:26.013-0400] {dagbag.py:540} INFO - Filling up the DagBag from /Users/manideepakreddyaila/Desktop/projects/Legal_Insights_Engine/.venv/lib/python3.11/site-packages/airflow/example_dags/example_branch_labels.py
[2024-04-13T15:20:26.044-0400] {processor.py:840} INFO - DAG(s) 'example_branch_labels' retrieved from /Users/manideepakreddyaila/Desktop/projects/Legal_Insights_Engine/.venv/lib/python3.11/site-packages/airflow/example_dags/example_branch_labels.py
[2024-04-13T15:20:26.081-0400] {logging_mixin.py:188} INFO - [2024-04-13T15:20:26.081-0400] {dag.py:3096} INFO - Sync 1 DAGs
[2024-04-13T15:20:26.086-0400] {logging_mixin.py:188} INFO - [2024-04-13T15:20:26.086-0400] {dag.py:3954} INFO - Setting next_dagrun for example_branch_labels to 2024-04-12 00:00:00+00:00, run_after=2024-04-13 00:00:00+00:00
[2024-04-13T15:20:26.092-0400] {processor.py:183} INFO - Processing /Users/manideepakreddyaila/Desktop/projects/Legal_Insights_Engine/.venv/lib/python3.11/site-packages/airflow/example_dags/example_branch_labels.py took 0.082 seconds
[2024-04-13T16:34:25.822-0400] {processor.py:161} INFO - Started process (PID=31088) to work on /Users/manideepakreddyaila/Desktop/projects/Legal_Insights_Engine/.venv/lib/python3.11/site-packages/airflow/example_dags/example_branch_labels.py
[2024-04-13T16:34:25.824-0400] {processor.py:830} INFO - Processing file /Users/manideepakreddyaila/Desktop/projects/Legal_Insights_Engine/.venv/lib/python3.11/site-packages/airflow/example_dags/example_branch_labels.py for tasks to queue
[2024-04-13T16:34:25.824-0400] {logging_mixin.py:188} INFO - [2024-04-13T16:34:25.824-0400] {dagbag.py:540} INFO - Filling up the DagBag from /Users/manideepakreddyaila/Desktop/projects/Legal_Insights_Engine/.venv/lib/python3.11/site-packages/airflow/example_dags/example_branch_labels.py
[2024-04-13T16:34:25.890-0400] {processor.py:840} INFO - DAG(s) 'example_branch_labels' retrieved from /Users/manideepakreddyaila/Desktop/projects/Legal_Insights_Engine/.venv/lib/python3.11/site-packages/airflow/example_dags/example_branch_labels.py
[2024-04-13T16:34:25.943-0400] {logging_mixin.py:188} INFO - [2024-04-13T16:34:25.943-0400] {dag.py:3096} INFO - Sync 1 DAGs
[2024-04-13T16:34:25.950-0400] {logging_mixin.py:188} INFO - [2024-04-13T16:34:25.950-0400] {dag.py:3954} INFO - Setting next_dagrun for example_branch_labels to 2024-04-12 00:00:00+00:00, run_after=2024-04-13 00:00:00+00:00
[2024-04-13T16:34:25.958-0400] {processor.py:183} INFO - Processing /Users/manideepakreddyaila/Desktop/projects/Legal_Insights_Engine/.venv/lib/python3.11/site-packages/airflow/example_dags/example_branch_labels.py took 0.137 seconds
[2024-04-13T18:21:24.487-0400] {processor.py:161} INFO - Started process (PID=31374) to work on /Users/manideepakreddyaila/Desktop/projects/Legal_Insights_Engine/.venv/lib/python3.11/site-packages/airflow/example_dags/example_branch_labels.py
[2024-04-13T18:21:24.488-0400] {processor.py:830} INFO - Processing file /Users/manideepakreddyaila/Desktop/projects/Legal_Insights_Engine/.venv/lib/python3.11/site-packages/airflow/example_dags/example_branch_labels.py for tasks to queue
[2024-04-13T18:21:24.488-0400] {logging_mixin.py:188} INFO - [2024-04-13T18:21:24.488-0400] {dagbag.py:540} INFO - Filling up the DagBag from /Users/manideepakreddyaila/Desktop/projects/Legal_Insights_Engine/.venv/lib/python3.11/site-packages/airflow/example_dags/example_branch_labels.py
[2024-04-13T18:21:24.517-0400] {processor.py:840} INFO - DAG(s) 'example_branch_labels' retrieved from /Users/manideepakreddyaila/Desktop/projects/Legal_Insights_Engine/.venv/lib/python3.11/site-packages/airflow/example_dags/example_branch_labels.py
[2024-04-13T18:21:24.554-0400] {logging_mixin.py:188} INFO - [2024-04-13T18:21:24.554-0400] {dag.py:3096} INFO - Sync 1 DAGs
[2024-04-13T18:21:24.560-0400] {logging_mixin.py:188} INFO - [2024-04-13T18:21:24.560-0400] {dag.py:3954} INFO - Setting next_dagrun for example_branch_labels to 2024-04-12 00:00:00+00:00, run_after=2024-04-13 00:00:00+00:00
[2024-04-13T18:21:24.566-0400] {processor.py:183} INFO - Processing /Users/manideepakreddyaila/Desktop/projects/Legal_Insights_Engine/.venv/lib/python3.11/site-packages/airflow/example_dags/example_branch_labels.py took 0.080 seconds
[2024-04-13T19:20:11.030-0400] {processor.py:161} INFO - Started process (PID=31580) to work on /Users/manideepakreddyaila/Desktop/projects/Legal_Insights_Engine/.venv/lib/python3.11/site-packages/airflow/example_dags/example_branch_labels.py
[2024-04-13T19:20:11.031-0400] {processor.py:830} INFO - Processing file /Users/manideepakreddyaila/Desktop/projects/Legal_Insights_Engine/.venv/lib/python3.11/site-packages/airflow/example_dags/example_branch_labels.py for tasks to queue
[2024-04-13T19:20:11.031-0400] {logging_mixin.py:188} INFO - [2024-04-13T19:20:11.031-0400] {dagbag.py:540} INFO - Filling up the DagBag from /Users/manideepakreddyaila/Desktop/projects/Legal_Insights_Engine/.venv/lib/python3.11/site-packages/airflow/example_dags/example_branch_labels.py
[2024-04-13T19:20:11.060-0400] {processor.py:840} INFO - DAG(s) 'example_branch_labels' retrieved from /Users/manideepakreddyaila/Desktop/projects/Legal_Insights_Engine/.venv/lib/python3.11/site-packages/airflow/example_dags/example_branch_labels.py
[2024-04-13T19:20:11.095-0400] {logging_mixin.py:188} INFO - [2024-04-13T19:20:11.095-0400] {dag.py:3096} INFO - Sync 1 DAGs
[2024-04-13T19:20:11.101-0400] {logging_mixin.py:188} INFO - [2024-04-13T19:20:11.101-0400] {dag.py:3954} INFO - Setting next_dagrun for example_branch_labels to 2024-04-12 00:00:00+00:00, run_after=2024-04-13 00:00:00+00:00
[2024-04-13T19:20:11.107-0400] {processor.py:183} INFO - Processing /Users/manideepakreddyaila/Desktop/projects/Legal_Insights_Engine/.venv/lib/python3.11/site-packages/airflow/example_dags/example_branch_labels.py took 0.077 seconds
