[2024-04-13T14:57:53.102-0400] {processor.py:161} INFO - Started process (PID=29947) to work on /Users/manideepakreddyaila/Desktop/projects/Legal_Insights_Engine/.venv/lib/python3.11/site-packages/airflow/example_dags/example_setup_teardown.py
[2024-04-13T14:57:53.103-0400] {processor.py:830} INFO - Processing file /Users/manideepakreddyaila/Desktop/projects/Legal_Insights_Engine/.venv/lib/python3.11/site-packages/airflow/example_dags/example_setup_teardown.py for tasks to queue
[2024-04-13T14:57:53.103-0400] {logging_mixin.py:188} INFO - [2024-04-13T14:57:53.103-0400] {dagbag.py:540} INFO - Filling up the DagBag from /Users/manideepakreddyaila/Desktop/projects/Legal_Insights_Engine/.venv/lib/python3.11/site-packages/airflow/example_dags/example_setup_teardown.py
[2024-04-13T14:57:53.134-0400] {processor.py:840} INFO - DAG(s) 'example_setup_teardown' retrieved from /Users/manideepakreddyaila/Desktop/projects/Legal_Insights_Engine/.venv/lib/python3.11/site-packages/airflow/example_dags/example_setup_teardown.py
[2024-04-13T14:57:53.205-0400] {logging_mixin.py:188} INFO - [2024-04-13T14:57:53.205-0400] {override.py:1829} INFO - Created Permission View: can delete on DAG:example_setup_teardown
[2024-04-13T14:57:53.208-0400] {logging_mixin.py:188} INFO - [2024-04-13T14:57:53.208-0400] {override.py:1829} INFO - Created Permission View: can read on DAG:example_setup_teardown
[2024-04-13T14:57:53.210-0400] {logging_mixin.py:188} INFO - [2024-04-13T14:57:53.210-0400] {override.py:1829} INFO - Created Permission View: can edit on DAG:example_setup_teardown
[2024-04-13T14:57:53.210-0400] {logging_mixin.py:188} INFO - [2024-04-13T14:57:53.210-0400] {dag.py:3096} INFO - Sync 1 DAGs
[2024-04-13T14:57:53.214-0400] {logging_mixin.py:188} INFO - [2024-04-13T14:57:53.214-0400] {dag.py:3118} INFO - Creating ORM DAG for example_setup_teardown
[2024-04-13T14:57:53.217-0400] {logging_mixin.py:188} INFO - [2024-04-13T14:57:53.217-0400] {dag.py:3954} INFO - Setting next_dagrun for example_setup_teardown to 2024-04-12 00:00:00+00:00, run_after=2024-04-13 00:00:00+00:00
[2024-04-13T14:57:53.222-0400] {processor.py:183} INFO - Processing /Users/manideepakreddyaila/Desktop/projects/Legal_Insights_Engine/.venv/lib/python3.11/site-packages/airflow/example_dags/example_setup_teardown.py took 0.121 seconds
[2024-04-13T14:59:23.729-0400] {processor.py:161} INFO - Started process (PID=30044) to work on /Users/manideepakreddyaila/Desktop/projects/Legal_Insights_Engine/.venv/lib/python3.11/site-packages/airflow/example_dags/example_setup_teardown.py
[2024-04-13T14:59:23.730-0400] {processor.py:830} INFO - Processing file /Users/manideepakreddyaila/Desktop/projects/Legal_Insights_Engine/.venv/lib/python3.11/site-packages/airflow/example_dags/example_setup_teardown.py for tasks to queue
[2024-04-13T14:59:23.730-0400] {logging_mixin.py:188} INFO - [2024-04-13T14:59:23.730-0400] {dagbag.py:540} INFO - Filling up the DagBag from /Users/manideepakreddyaila/Desktop/projects/Legal_Insights_Engine/.venv/lib/python3.11/site-packages/airflow/example_dags/example_setup_teardown.py
[2024-04-13T14:59:23.759-0400] {processor.py:840} INFO - DAG(s) 'example_setup_teardown' retrieved from /Users/manideepakreddyaila/Desktop/projects/Legal_Insights_Engine/.venv/lib/python3.11/site-packages/airflow/example_dags/example_setup_teardown.py
[2024-04-13T14:59:23.795-0400] {logging_mixin.py:188} INFO - [2024-04-13T14:59:23.794-0400] {dag.py:3096} INFO - Sync 1 DAGs
[2024-04-13T14:59:23.800-0400] {logging_mixin.py:188} INFO - [2024-04-13T14:59:23.800-0400] {dag.py:3954} INFO - Setting next_dagrun for example_setup_teardown to 2024-04-12 00:00:00+00:00, run_after=2024-04-13 00:00:00+00:00
[2024-04-13T14:59:23.807-0400] {processor.py:183} INFO - Processing /Users/manideepakreddyaila/Desktop/projects/Legal_Insights_Engine/.venv/lib/python3.11/site-packages/airflow/example_dags/example_setup_teardown.py took 0.078 seconds
[2024-04-13T15:01:21.687-0400] {processor.py:161} INFO - Started process (PID=30151) to work on /Users/manideepakreddyaila/Desktop/projects/Legal_Insights_Engine/.venv/lib/python3.11/site-packages/airflow/example_dags/example_setup_teardown.py
[2024-04-13T15:01:21.688-0400] {processor.py:830} INFO - Processing file /Users/manideepakreddyaila/Desktop/projects/Legal_Insights_Engine/.venv/lib/python3.11/site-packages/airflow/example_dags/example_setup_teardown.py for tasks to queue
[2024-04-13T15:01:21.688-0400] {logging_mixin.py:188} INFO - [2024-04-13T15:01:21.688-0400] {dagbag.py:540} INFO - Filling up the DagBag from /Users/manideepakreddyaila/Desktop/projects/Legal_Insights_Engine/.venv/lib/python3.11/site-packages/airflow/example_dags/example_setup_teardown.py
[2024-04-13T15:01:21.716-0400] {processor.py:840} INFO - DAG(s) 'example_setup_teardown' retrieved from /Users/manideepakreddyaila/Desktop/projects/Legal_Insights_Engine/.venv/lib/python3.11/site-packages/airflow/example_dags/example_setup_teardown.py
[2024-04-13T15:01:21.753-0400] {logging_mixin.py:188} INFO - [2024-04-13T15:01:21.753-0400] {dag.py:3096} INFO - Sync 1 DAGs
[2024-04-13T15:01:21.759-0400] {logging_mixin.py:188} INFO - [2024-04-13T15:01:21.759-0400] {dag.py:3954} INFO - Setting next_dagrun for example_setup_teardown to 2024-04-12 00:00:00+00:00, run_after=2024-04-13 00:00:00+00:00
[2024-04-13T15:01:21.765-0400] {processor.py:183} INFO - Processing /Users/manideepakreddyaila/Desktop/projects/Legal_Insights_Engine/.venv/lib/python3.11/site-packages/airflow/example_dags/example_setup_teardown.py took 0.079 seconds
[2024-04-13T15:03:15.358-0400] {processor.py:161} INFO - Started process (PID=30251) to work on /Users/manideepakreddyaila/Desktop/projects/Legal_Insights_Engine/.venv/lib/python3.11/site-packages/airflow/example_dags/example_setup_teardown.py
[2024-04-13T15:03:15.359-0400] {processor.py:830} INFO - Processing file /Users/manideepakreddyaila/Desktop/projects/Legal_Insights_Engine/.venv/lib/python3.11/site-packages/airflow/example_dags/example_setup_teardown.py for tasks to queue
[2024-04-13T15:03:15.359-0400] {logging_mixin.py:188} INFO - [2024-04-13T15:03:15.359-0400] {dagbag.py:540} INFO - Filling up the DagBag from /Users/manideepakreddyaila/Desktop/projects/Legal_Insights_Engine/.venv/lib/python3.11/site-packages/airflow/example_dags/example_setup_teardown.py
[2024-04-13T15:03:15.388-0400] {processor.py:840} INFO - DAG(s) 'example_setup_teardown' retrieved from /Users/manideepakreddyaila/Desktop/projects/Legal_Insights_Engine/.venv/lib/python3.11/site-packages/airflow/example_dags/example_setup_teardown.py
[2024-04-13T15:03:15.424-0400] {logging_mixin.py:188} INFO - [2024-04-13T15:03:15.424-0400] {dag.py:3096} INFO - Sync 1 DAGs
[2024-04-13T15:03:15.429-0400] {logging_mixin.py:188} INFO - [2024-04-13T15:03:15.429-0400] {dag.py:3954} INFO - Setting next_dagrun for example_setup_teardown to 2024-04-12 00:00:00+00:00, run_after=2024-04-13 00:00:00+00:00
[2024-04-13T15:03:15.435-0400] {processor.py:183} INFO - Processing /Users/manideepakreddyaila/Desktop/projects/Legal_Insights_Engine/.venv/lib/python3.11/site-packages/airflow/example_dags/example_setup_teardown.py took 0.078 seconds
[2024-04-13T15:05:15.410-0400] {processor.py:161} INFO - Started process (PID=30362) to work on /Users/manideepakreddyaila/Desktop/projects/Legal_Insights_Engine/.venv/lib/python3.11/site-packages/airflow/example_dags/example_setup_teardown.py
[2024-04-13T15:05:15.410-0400] {processor.py:830} INFO - Processing file /Users/manideepakreddyaila/Desktop/projects/Legal_Insights_Engine/.venv/lib/python3.11/site-packages/airflow/example_dags/example_setup_teardown.py for tasks to queue
[2024-04-13T15:05:15.411-0400] {logging_mixin.py:188} INFO - [2024-04-13T15:05:15.410-0400] {dagbag.py:540} INFO - Filling up the DagBag from /Users/manideepakreddyaila/Desktop/projects/Legal_Insights_Engine/.venv/lib/python3.11/site-packages/airflow/example_dags/example_setup_teardown.py
[2024-04-13T15:05:15.441-0400] {processor.py:840} INFO - DAG(s) 'example_setup_teardown' retrieved from /Users/manideepakreddyaila/Desktop/projects/Legal_Insights_Engine/.venv/lib/python3.11/site-packages/airflow/example_dags/example_setup_teardown.py
[2024-04-13T15:05:15.478-0400] {logging_mixin.py:188} INFO - [2024-04-13T15:05:15.478-0400] {dag.py:3096} INFO - Sync 1 DAGs
[2024-04-13T15:05:15.484-0400] {logging_mixin.py:188} INFO - [2024-04-13T15:05:15.484-0400] {dag.py:3954} INFO - Setting next_dagrun for example_setup_teardown to 2024-04-12 00:00:00+00:00, run_after=2024-04-13 00:00:00+00:00
[2024-04-13T15:05:15.490-0400] {processor.py:183} INFO - Processing /Users/manideepakreddyaila/Desktop/projects/Legal_Insights_Engine/.venv/lib/python3.11/site-packages/airflow/example_dags/example_setup_teardown.py took 0.082 seconds
[2024-04-13T15:07:17.020-0400] {processor.py:161} INFO - Started process (PID=30523) to work on /Users/manideepakreddyaila/Desktop/projects/Legal_Insights_Engine/.venv/lib/python3.11/site-packages/airflow/example_dags/example_setup_teardown.py
[2024-04-13T15:07:17.020-0400] {processor.py:830} INFO - Processing file /Users/manideepakreddyaila/Desktop/projects/Legal_Insights_Engine/.venv/lib/python3.11/site-packages/airflow/example_dags/example_setup_teardown.py for tasks to queue
[2024-04-13T15:07:17.021-0400] {logging_mixin.py:188} INFO - [2024-04-13T15:07:17.021-0400] {dagbag.py:540} INFO - Filling up the DagBag from /Users/manideepakreddyaila/Desktop/projects/Legal_Insights_Engine/.venv/lib/python3.11/site-packages/airflow/example_dags/example_setup_teardown.py
[2024-04-13T15:07:17.051-0400] {processor.py:840} INFO - DAG(s) 'example_setup_teardown' retrieved from /Users/manideepakreddyaila/Desktop/projects/Legal_Insights_Engine/.venv/lib/python3.11/site-packages/airflow/example_dags/example_setup_teardown.py
[2024-04-13T15:07:17.089-0400] {logging_mixin.py:188} INFO - [2024-04-13T15:07:17.089-0400] {dag.py:3096} INFO - Sync 1 DAGs
[2024-04-13T15:07:17.094-0400] {logging_mixin.py:188} INFO - [2024-04-13T15:07:17.094-0400] {dag.py:3954} INFO - Setting next_dagrun for example_setup_teardown to 2024-04-12 00:00:00+00:00, run_after=2024-04-13 00:00:00+00:00
[2024-04-13T15:07:17.101-0400] {processor.py:183} INFO - Processing /Users/manideepakreddyaila/Desktop/projects/Legal_Insights_Engine/.venv/lib/python3.11/site-packages/airflow/example_dags/example_setup_teardown.py took 0.082 seconds
[2024-04-13T15:14:30.094-0400] {processor.py:161} INFO - Started process (PID=30726) to work on /Users/manideepakreddyaila/Desktop/projects/Legal_Insights_Engine/.venv/lib/python3.11/site-packages/airflow/example_dags/example_setup_teardown.py
[2024-04-13T15:14:30.095-0400] {processor.py:830} INFO - Processing file /Users/manideepakreddyaila/Desktop/projects/Legal_Insights_Engine/.venv/lib/python3.11/site-packages/airflow/example_dags/example_setup_teardown.py for tasks to queue
[2024-04-13T15:14:30.095-0400] {logging_mixin.py:188} INFO - [2024-04-13T15:14:30.095-0400] {dagbag.py:540} INFO - Filling up the DagBag from /Users/manideepakreddyaila/Desktop/projects/Legal_Insights_Engine/.venv/lib/python3.11/site-packages/airflow/example_dags/example_setup_teardown.py
[2024-04-13T15:14:30.123-0400] {processor.py:840} INFO - DAG(s) 'example_setup_teardown' retrieved from /Users/manideepakreddyaila/Desktop/projects/Legal_Insights_Engine/.venv/lib/python3.11/site-packages/airflow/example_dags/example_setup_teardown.py
[2024-04-13T15:14:30.161-0400] {logging_mixin.py:188} INFO - [2024-04-13T15:14:30.161-0400] {dag.py:3096} INFO - Sync 1 DAGs
[2024-04-13T15:14:30.167-0400] {logging_mixin.py:188} INFO - [2024-04-13T15:14:30.167-0400] {dag.py:3954} INFO - Setting next_dagrun for example_setup_teardown to 2024-04-12 00:00:00+00:00, run_after=2024-04-13 00:00:00+00:00
[2024-04-13T15:14:30.173-0400] {processor.py:183} INFO - Processing /Users/manideepakreddyaila/Desktop/projects/Legal_Insights_Engine/.venv/lib/python3.11/site-packages/airflow/example_dags/example_setup_teardown.py took 0.080 seconds
[2024-04-13T15:16:29.468-0400] {processor.py:161} INFO - Started process (PID=30846) to work on /Users/manideepakreddyaila/Desktop/projects/Legal_Insights_Engine/.venv/lib/python3.11/site-packages/airflow/example_dags/example_setup_teardown.py
[2024-04-13T15:16:29.469-0400] {processor.py:830} INFO - Processing file /Users/manideepakreddyaila/Desktop/projects/Legal_Insights_Engine/.venv/lib/python3.11/site-packages/airflow/example_dags/example_setup_teardown.py for tasks to queue
[2024-04-13T15:16:29.469-0400] {logging_mixin.py:188} INFO - [2024-04-13T15:16:29.469-0400] {dagbag.py:540} INFO - Filling up the DagBag from /Users/manideepakreddyaila/Desktop/projects/Legal_Insights_Engine/.venv/lib/python3.11/site-packages/airflow/example_dags/example_setup_teardown.py
[2024-04-13T15:16:29.498-0400] {processor.py:840} INFO - DAG(s) 'example_setup_teardown' retrieved from /Users/manideepakreddyaila/Desktop/projects/Legal_Insights_Engine/.venv/lib/python3.11/site-packages/airflow/example_dags/example_setup_teardown.py
[2024-04-13T15:16:29.535-0400] {logging_mixin.py:188} INFO - [2024-04-13T15:16:29.535-0400] {dag.py:3096} INFO - Sync 1 DAGs
[2024-04-13T15:16:29.540-0400] {logging_mixin.py:188} INFO - [2024-04-13T15:16:29.540-0400] {dag.py:3954} INFO - Setting next_dagrun for example_setup_teardown to 2024-04-12 00:00:00+00:00, run_after=2024-04-13 00:00:00+00:00
[2024-04-13T15:16:29.546-0400] {processor.py:183} INFO - Processing /Users/manideepakreddyaila/Desktop/projects/Legal_Insights_Engine/.venv/lib/python3.11/site-packages/airflow/example_dags/example_setup_teardown.py took 0.079 seconds
[2024-04-13T15:27:19.989-0400] {processor.py:161} INFO - Started process (PID=31027) to work on /Users/manideepakreddyaila/Desktop/projects/Legal_Insights_Engine/.venv/lib/python3.11/site-packages/airflow/example_dags/example_setup_teardown.py
[2024-04-13T15:27:19.990-0400] {processor.py:830} INFO - Processing file /Users/manideepakreddyaila/Desktop/projects/Legal_Insights_Engine/.venv/lib/python3.11/site-packages/airflow/example_dags/example_setup_teardown.py for tasks to queue
[2024-04-13T15:27:19.990-0400] {logging_mixin.py:188} INFO - [2024-04-13T15:27:19.990-0400] {dagbag.py:540} INFO - Filling up the DagBag from /Users/manideepakreddyaila/Desktop/projects/Legal_Insights_Engine/.venv/lib/python3.11/site-packages/airflow/example_dags/example_setup_teardown.py
[2024-04-13T15:27:20.021-0400] {processor.py:840} INFO - DAG(s) 'example_setup_teardown' retrieved from /Users/manideepakreddyaila/Desktop/projects/Legal_Insights_Engine/.venv/lib/python3.11/site-packages/airflow/example_dags/example_setup_teardown.py
[2024-04-13T15:27:20.057-0400] {logging_mixin.py:188} INFO - [2024-04-13T15:27:20.057-0400] {dag.py:3096} INFO - Sync 1 DAGs
[2024-04-13T15:27:20.062-0400] {logging_mixin.py:188} INFO - [2024-04-13T15:27:20.062-0400] {dag.py:3954} INFO - Setting next_dagrun for example_setup_teardown to 2024-04-12 00:00:00+00:00, run_after=2024-04-13 00:00:00+00:00
[2024-04-13T15:27:20.068-0400] {processor.py:183} INFO - Processing /Users/manideepakreddyaila/Desktop/projects/Legal_Insights_Engine/.venv/lib/python3.11/site-packages/airflow/example_dags/example_setup_teardown.py took 0.080 seconds
[2024-04-13T17:52:02.316-0400] {processor.py:161} INFO - Started process (PID=31186) to work on /Users/manideepakreddyaila/Desktop/projects/Legal_Insights_Engine/.venv/lib/python3.11/site-packages/airflow/example_dags/example_setup_teardown.py
[2024-04-13T17:52:02.317-0400] {processor.py:830} INFO - Processing file /Users/manideepakreddyaila/Desktop/projects/Legal_Insights_Engine/.venv/lib/python3.11/site-packages/airflow/example_dags/example_setup_teardown.py for tasks to queue
[2024-04-13T17:52:02.317-0400] {logging_mixin.py:188} INFO - [2024-04-13T17:52:02.317-0400] {dagbag.py:540} INFO - Filling up the DagBag from /Users/manideepakreddyaila/Desktop/projects/Legal_Insights_Engine/.venv/lib/python3.11/site-packages/airflow/example_dags/example_setup_teardown.py
[2024-04-13T17:52:02.350-0400] {processor.py:840} INFO - DAG(s) 'example_setup_teardown' retrieved from /Users/manideepakreddyaila/Desktop/projects/Legal_Insights_Engine/.venv/lib/python3.11/site-packages/airflow/example_dags/example_setup_teardown.py
[2024-04-13T17:52:02.392-0400] {logging_mixin.py:188} INFO - [2024-04-13T17:52:02.391-0400] {dag.py:3096} INFO - Sync 1 DAGs
[2024-04-13T17:52:02.397-0400] {logging_mixin.py:188} INFO - [2024-04-13T17:52:02.397-0400] {dag.py:3954} INFO - Setting next_dagrun for example_setup_teardown to 2024-04-12 00:00:00+00:00, run_after=2024-04-13 00:00:00+00:00
[2024-04-13T17:52:02.404-0400] {processor.py:183} INFO - Processing /Users/manideepakreddyaila/Desktop/projects/Legal_Insights_Engine/.venv/lib/python3.11/site-packages/airflow/example_dags/example_setup_teardown.py took 0.089 seconds
[2024-04-13T18:19:12.067-0400] {processor.py:161} INFO - Started process (PID=31331) to work on /Users/manideepakreddyaila/Desktop/projects/Legal_Insights_Engine/.venv/lib/python3.11/site-packages/airflow/example_dags/example_setup_teardown.py
[2024-04-13T18:19:12.069-0400] {processor.py:830} INFO - Processing file /Users/manideepakreddyaila/Desktop/projects/Legal_Insights_Engine/.venv/lib/python3.11/site-packages/airflow/example_dags/example_setup_teardown.py for tasks to queue
[2024-04-13T18:19:12.069-0400] {logging_mixin.py:188} INFO - [2024-04-13T18:19:12.069-0400] {dagbag.py:540} INFO - Filling up the DagBag from /Users/manideepakreddyaila/Desktop/projects/Legal_Insights_Engine/.venv/lib/python3.11/site-packages/airflow/example_dags/example_setup_teardown.py
[2024-04-13T18:19:12.098-0400] {processor.py:840} INFO - DAG(s) 'example_setup_teardown' retrieved from /Users/manideepakreddyaila/Desktop/projects/Legal_Insights_Engine/.venv/lib/python3.11/site-packages/airflow/example_dags/example_setup_teardown.py
[2024-04-13T18:19:12.136-0400] {logging_mixin.py:188} INFO - [2024-04-13T18:19:12.135-0400] {dag.py:3096} INFO - Sync 1 DAGs
[2024-04-13T18:19:12.142-0400] {logging_mixin.py:188} INFO - [2024-04-13T18:19:12.142-0400] {dag.py:3954} INFO - Setting next_dagrun for example_setup_teardown to 2024-04-12 00:00:00+00:00, run_after=2024-04-13 00:00:00+00:00
[2024-04-13T18:19:12.148-0400] {processor.py:183} INFO - Processing /Users/manideepakreddyaila/Desktop/projects/Legal_Insights_Engine/.venv/lib/python3.11/site-packages/airflow/example_dags/example_setup_teardown.py took 0.081 seconds
[2024-04-13T18:59:51.742-0400] {processor.py:161} INFO - Started process (PID=31454) to work on /Users/manideepakreddyaila/Desktop/projects/Legal_Insights_Engine/.venv/lib/python3.11/site-packages/airflow/example_dags/example_setup_teardown.py
[2024-04-13T18:59:51.742-0400] {processor.py:830} INFO - Processing file /Users/manideepakreddyaila/Desktop/projects/Legal_Insights_Engine/.venv/lib/python3.11/site-packages/airflow/example_dags/example_setup_teardown.py for tasks to queue
[2024-04-13T18:59:51.743-0400] {logging_mixin.py:188} INFO - [2024-04-13T18:59:51.743-0400] {dagbag.py:540} INFO - Filling up the DagBag from /Users/manideepakreddyaila/Desktop/projects/Legal_Insights_Engine/.venv/lib/python3.11/site-packages/airflow/example_dags/example_setup_teardown.py
[2024-04-13T18:59:51.772-0400] {processor.py:840} INFO - DAG(s) 'example_setup_teardown' retrieved from /Users/manideepakreddyaila/Desktop/projects/Legal_Insights_Engine/.venv/lib/python3.11/site-packages/airflow/example_dags/example_setup_teardown.py
[2024-04-13T18:59:51.808-0400] {logging_mixin.py:188} INFO - [2024-04-13T18:59:51.808-0400] {dag.py:3096} INFO - Sync 1 DAGs
[2024-04-13T18:59:51.814-0400] {logging_mixin.py:188} INFO - [2024-04-13T18:59:51.814-0400] {dag.py:3954} INFO - Setting next_dagrun for example_setup_teardown to 2024-04-12 00:00:00+00:00, run_after=2024-04-13 00:00:00+00:00
[2024-04-13T18:59:51.820-0400] {processor.py:183} INFO - Processing /Users/manideepakreddyaila/Desktop/projects/Legal_Insights_Engine/.venv/lib/python3.11/site-packages/airflow/example_dags/example_setup_teardown.py took 0.080 seconds
[2024-04-13T19:10:36.371-0400] {processor.py:161} INFO - Started process (PID=31560) to work on /Users/manideepakreddyaila/Desktop/projects/Legal_Insights_Engine/.venv/lib/python3.11/site-packages/airflow/example_dags/example_setup_teardown.py
[2024-04-13T19:10:36.372-0400] {processor.py:830} INFO - Processing file /Users/manideepakreddyaila/Desktop/projects/Legal_Insights_Engine/.venv/lib/python3.11/site-packages/airflow/example_dags/example_setup_teardown.py for tasks to queue
[2024-04-13T19:10:36.372-0400] {logging_mixin.py:188} INFO - [2024-04-13T19:10:36.372-0400] {dagbag.py:540} INFO - Filling up the DagBag from /Users/manideepakreddyaila/Desktop/projects/Legal_Insights_Engine/.venv/lib/python3.11/site-packages/airflow/example_dags/example_setup_teardown.py
[2024-04-13T19:10:36.408-0400] {processor.py:840} INFO - DAG(s) 'example_setup_teardown' retrieved from /Users/manideepakreddyaila/Desktop/projects/Legal_Insights_Engine/.venv/lib/python3.11/site-packages/airflow/example_dags/example_setup_teardown.py
[2024-04-13T19:10:36.444-0400] {logging_mixin.py:188} INFO - [2024-04-13T19:10:36.443-0400] {dag.py:3096} INFO - Sync 1 DAGs
[2024-04-13T19:10:36.449-0400] {logging_mixin.py:188} INFO - [2024-04-13T19:10:36.449-0400] {dag.py:3954} INFO - Setting next_dagrun for example_setup_teardown to 2024-04-12 00:00:00+00:00, run_after=2024-04-13 00:00:00+00:00
[2024-04-13T19:10:36.454-0400] {processor.py:183} INFO - Processing /Users/manideepakreddyaila/Desktop/projects/Legal_Insights_Engine/.venv/lib/python3.11/site-packages/airflow/example_dags/example_setup_teardown.py took 0.084 seconds
