[2024-04-13T14:57:28.612-0400] {processor.py:161} INFO - Started process (PID=29925) to work on /Users/manideepakreddyaila/Desktop/projects/Legal_Insights_Engine/.venv/lib/python3.11/site-packages/airflow/example_dags/example_trigger_target_dag.py
[2024-04-13T14:57:28.614-0400] {processor.py:830} INFO - Processing file /Users/manideepakreddyaila/Desktop/projects/Legal_Insights_Engine/.venv/lib/python3.11/site-packages/airflow/example_dags/example_trigger_target_dag.py for tasks to queue
[2024-04-13T14:57:28.614-0400] {logging_mixin.py:188} INFO - [2024-04-13T14:57:28.614-0400] {dagbag.py:540} INFO - Filling up the DagBag from /Users/manideepakreddyaila/Desktop/projects/Legal_Insights_Engine/.venv/lib/python3.11/site-packages/airflow/example_dags/example_trigger_target_dag.py
[2024-04-13T14:57:28.733-0400] {processor.py:840} INFO - DAG(s) 'example_trigger_target_dag' retrieved from /Users/manideepakreddyaila/Desktop/projects/Legal_Insights_Engine/.venv/lib/python3.11/site-packages/airflow/example_dags/example_trigger_target_dag.py
[2024-04-13T14:57:28.888-0400] {logging_mixin.py:188} INFO - [2024-04-13T14:57:28.887-0400] {override.py:1829} INFO - Created Permission View: can read on DAG:example_trigger_target_dag
[2024-04-13T14:57:28.902-0400] {logging_mixin.py:188} INFO - [2024-04-13T14:57:28.901-0400] {override.py:1829} INFO - Created Permission View: can delete on DAG:example_trigger_target_dag
[2024-04-13T14:57:28.914-0400] {logging_mixin.py:188} INFO - [2024-04-13T14:57:28.913-0400] {override.py:1829} INFO - Created Permission View: can edit on DAG:example_trigger_target_dag
[2024-04-13T14:57:28.914-0400] {logging_mixin.py:188} INFO - [2024-04-13T14:57:28.914-0400] {dag.py:3096} INFO - Sync 1 DAGs
[2024-04-13T14:57:28.923-0400] {logging_mixin.py:188} INFO - [2024-04-13T14:57:28.922-0400] {dag.py:3118} INFO - Creating ORM DAG for example_trigger_target_dag
[2024-04-13T14:57:28.924-0400] {logging_mixin.py:188} INFO - [2024-04-13T14:57:28.923-0400] {dag.py:3954} INFO - Setting next_dagrun for example_trigger_target_dag to None, run_after=None
[2024-04-13T14:57:28.954-0400] {processor.py:183} INFO - Processing /Users/manideepakreddyaila/Desktop/projects/Legal_Insights_Engine/.venv/lib/python3.11/site-packages/airflow/example_dags/example_trigger_target_dag.py took 0.345 seconds
[2024-04-13T14:59:04.302-0400] {processor.py:161} INFO - Started process (PID=30024) to work on /Users/manideepakreddyaila/Desktop/projects/Legal_Insights_Engine/.venv/lib/python3.11/site-packages/airflow/example_dags/example_trigger_target_dag.py
[2024-04-13T14:59:04.303-0400] {processor.py:830} INFO - Processing file /Users/manideepakreddyaila/Desktop/projects/Legal_Insights_Engine/.venv/lib/python3.11/site-packages/airflow/example_dags/example_trigger_target_dag.py for tasks to queue
[2024-04-13T14:59:04.303-0400] {logging_mixin.py:188} INFO - [2024-04-13T14:59:04.303-0400] {dagbag.py:540} INFO - Filling up the DagBag from /Users/manideepakreddyaila/Desktop/projects/Legal_Insights_Engine/.venv/lib/python3.11/site-packages/airflow/example_dags/example_trigger_target_dag.py
[2024-04-13T14:59:04.341-0400] {processor.py:840} INFO - DAG(s) 'example_trigger_target_dag' retrieved from /Users/manideepakreddyaila/Desktop/projects/Legal_Insights_Engine/.venv/lib/python3.11/site-packages/airflow/example_dags/example_trigger_target_dag.py
[2024-04-13T14:59:04.376-0400] {logging_mixin.py:188} INFO - [2024-04-13T14:59:04.376-0400] {dag.py:3096} INFO - Sync 1 DAGs
[2024-04-13T14:59:04.379-0400] {logging_mixin.py:188} INFO - [2024-04-13T14:59:04.379-0400] {dag.py:3954} INFO - Setting next_dagrun for example_trigger_target_dag to None, run_after=None
[2024-04-13T14:59:04.386-0400] {processor.py:183} INFO - Processing /Users/manideepakreddyaila/Desktop/projects/Legal_Insights_Engine/.venv/lib/python3.11/site-packages/airflow/example_dags/example_trigger_target_dag.py took 0.084 seconds
[2024-04-13T15:00:03.359-0400] {processor.py:161} INFO - Started process (PID=30068) to work on /Users/manideepakreddyaila/Desktop/projects/Legal_Insights_Engine/.venv/lib/python3.11/site-packages/airflow/example_dags/example_trigger_target_dag.py
[2024-04-13T15:00:03.360-0400] {processor.py:830} INFO - Processing file /Users/manideepakreddyaila/Desktop/projects/Legal_Insights_Engine/.venv/lib/python3.11/site-packages/airflow/example_dags/example_trigger_target_dag.py for tasks to queue
[2024-04-13T15:00:03.360-0400] {logging_mixin.py:188} INFO - [2024-04-13T15:00:03.360-0400] {dagbag.py:540} INFO - Filling up the DagBag from /Users/manideepakreddyaila/Desktop/projects/Legal_Insights_Engine/.venv/lib/python3.11/site-packages/airflow/example_dags/example_trigger_target_dag.py
[2024-04-13T15:00:03.399-0400] {processor.py:840} INFO - DAG(s) 'example_trigger_target_dag' retrieved from /Users/manideepakreddyaila/Desktop/projects/Legal_Insights_Engine/.venv/lib/python3.11/site-packages/airflow/example_dags/example_trigger_target_dag.py
[2024-04-13T15:00:03.434-0400] {logging_mixin.py:188} INFO - [2024-04-13T15:00:03.434-0400] {dag.py:3096} INFO - Sync 1 DAGs
[2024-04-13T15:00:03.437-0400] {logging_mixin.py:188} INFO - [2024-04-13T15:00:03.437-0400] {dag.py:3954} INFO - Setting next_dagrun for example_trigger_target_dag to None, run_after=None
[2024-04-13T15:00:03.443-0400] {processor.py:183} INFO - Processing /Users/manideepakreddyaila/Desktop/projects/Legal_Insights_Engine/.venv/lib/python3.11/site-packages/airflow/example_dags/example_trigger_target_dag.py took 0.085 seconds
[2024-04-13T15:01:02.925-0400] {processor.py:161} INFO - Started process (PID=30124) to work on /Users/manideepakreddyaila/Desktop/projects/Legal_Insights_Engine/.venv/lib/python3.11/site-packages/airflow/example_dags/example_trigger_target_dag.py
[2024-04-13T15:01:02.925-0400] {processor.py:830} INFO - Processing file /Users/manideepakreddyaila/Desktop/projects/Legal_Insights_Engine/.venv/lib/python3.11/site-packages/airflow/example_dags/example_trigger_target_dag.py for tasks to queue
[2024-04-13T15:01:02.925-0400] {logging_mixin.py:188} INFO - [2024-04-13T15:01:02.925-0400] {dagbag.py:540} INFO - Filling up the DagBag from /Users/manideepakreddyaila/Desktop/projects/Legal_Insights_Engine/.venv/lib/python3.11/site-packages/airflow/example_dags/example_trigger_target_dag.py
[2024-04-13T15:01:02.964-0400] {processor.py:840} INFO - DAG(s) 'example_trigger_target_dag' retrieved from /Users/manideepakreddyaila/Desktop/projects/Legal_Insights_Engine/.venv/lib/python3.11/site-packages/airflow/example_dags/example_trigger_target_dag.py
[2024-04-13T15:01:02.999-0400] {logging_mixin.py:188} INFO - [2024-04-13T15:01:02.999-0400] {dag.py:3096} INFO - Sync 1 DAGs
[2024-04-13T15:01:03.002-0400] {logging_mixin.py:188} INFO - [2024-04-13T15:01:03.002-0400] {dag.py:3954} INFO - Setting next_dagrun for example_trigger_target_dag to None, run_after=None
[2024-04-13T15:01:03.008-0400] {processor.py:183} INFO - Processing /Users/manideepakreddyaila/Desktop/projects/Legal_Insights_Engine/.venv/lib/python3.11/site-packages/airflow/example_dags/example_trigger_target_dag.py took 0.084 seconds
[2024-04-13T15:02:01.058-0400] {processor.py:161} INFO - Started process (PID=30177) to work on /Users/manideepakreddyaila/Desktop/projects/Legal_Insights_Engine/.venv/lib/python3.11/site-packages/airflow/example_dags/example_trigger_target_dag.py
[2024-04-13T15:02:01.059-0400] {processor.py:830} INFO - Processing file /Users/manideepakreddyaila/Desktop/projects/Legal_Insights_Engine/.venv/lib/python3.11/site-packages/airflow/example_dags/example_trigger_target_dag.py for tasks to queue
[2024-04-13T15:02:01.059-0400] {logging_mixin.py:188} INFO - [2024-04-13T15:02:01.059-0400] {dagbag.py:540} INFO - Filling up the DagBag from /Users/manideepakreddyaila/Desktop/projects/Legal_Insights_Engine/.venv/lib/python3.11/site-packages/airflow/example_dags/example_trigger_target_dag.py
[2024-04-13T15:02:01.098-0400] {processor.py:840} INFO - DAG(s) 'example_trigger_target_dag' retrieved from /Users/manideepakreddyaila/Desktop/projects/Legal_Insights_Engine/.venv/lib/python3.11/site-packages/airflow/example_dags/example_trigger_target_dag.py
[2024-04-13T15:02:01.132-0400] {logging_mixin.py:188} INFO - [2024-04-13T15:02:01.132-0400] {dag.py:3096} INFO - Sync 1 DAGs
[2024-04-13T15:02:01.136-0400] {logging_mixin.py:188} INFO - [2024-04-13T15:02:01.136-0400] {dag.py:3954} INFO - Setting next_dagrun for example_trigger_target_dag to None, run_after=None
[2024-04-13T15:02:01.142-0400] {processor.py:183} INFO - Processing /Users/manideepakreddyaila/Desktop/projects/Legal_Insights_Engine/.venv/lib/python3.11/site-packages/airflow/example_dags/example_trigger_target_dag.py took 0.085 seconds
[2024-04-13T15:02:56.587-0400] {processor.py:161} INFO - Started process (PID=30225) to work on /Users/manideepakreddyaila/Desktop/projects/Legal_Insights_Engine/.venv/lib/python3.11/site-packages/airflow/example_dags/example_trigger_target_dag.py
[2024-04-13T15:02:56.588-0400] {processor.py:830} INFO - Processing file /Users/manideepakreddyaila/Desktop/projects/Legal_Insights_Engine/.venv/lib/python3.11/site-packages/airflow/example_dags/example_trigger_target_dag.py for tasks to queue
[2024-04-13T15:02:56.589-0400] {logging_mixin.py:188} INFO - [2024-04-13T15:02:56.589-0400] {dagbag.py:540} INFO - Filling up the DagBag from /Users/manideepakreddyaila/Desktop/projects/Legal_Insights_Engine/.venv/lib/python3.11/site-packages/airflow/example_dags/example_trigger_target_dag.py
[2024-04-13T15:02:56.627-0400] {processor.py:840} INFO - DAG(s) 'example_trigger_target_dag' retrieved from /Users/manideepakreddyaila/Desktop/projects/Legal_Insights_Engine/.venv/lib/python3.11/site-packages/airflow/example_dags/example_trigger_target_dag.py
[2024-04-13T15:02:56.661-0400] {logging_mixin.py:188} INFO - [2024-04-13T15:02:56.661-0400] {dag.py:3096} INFO - Sync 1 DAGs
[2024-04-13T15:02:56.665-0400] {logging_mixin.py:188} INFO - [2024-04-13T15:02:56.665-0400] {dag.py:3954} INFO - Setting next_dagrun for example_trigger_target_dag to None, run_after=None
[2024-04-13T15:02:56.671-0400] {processor.py:183} INFO - Processing /Users/manideepakreddyaila/Desktop/projects/Legal_Insights_Engine/.venv/lib/python3.11/site-packages/airflow/example_dags/example_trigger_target_dag.py took 0.084 seconds
[2024-04-13T15:03:56.823-0400] {processor.py:161} INFO - Started process (PID=30279) to work on /Users/manideepakreddyaila/Desktop/projects/Legal_Insights_Engine/.venv/lib/python3.11/site-packages/airflow/example_dags/example_trigger_target_dag.py
[2024-04-13T15:03:56.824-0400] {processor.py:830} INFO - Processing file /Users/manideepakreddyaila/Desktop/projects/Legal_Insights_Engine/.venv/lib/python3.11/site-packages/airflow/example_dags/example_trigger_target_dag.py for tasks to queue
[2024-04-13T15:03:56.825-0400] {logging_mixin.py:188} INFO - [2024-04-13T15:03:56.825-0400] {dagbag.py:540} INFO - Filling up the DagBag from /Users/manideepakreddyaila/Desktop/projects/Legal_Insights_Engine/.venv/lib/python3.11/site-packages/airflow/example_dags/example_trigger_target_dag.py
[2024-04-13T15:03:56.863-0400] {processor.py:840} INFO - DAG(s) 'example_trigger_target_dag' retrieved from /Users/manideepakreddyaila/Desktop/projects/Legal_Insights_Engine/.venv/lib/python3.11/site-packages/airflow/example_dags/example_trigger_target_dag.py
[2024-04-13T15:03:56.897-0400] {logging_mixin.py:188} INFO - [2024-04-13T15:03:56.897-0400] {dag.py:3096} INFO - Sync 1 DAGs
[2024-04-13T15:03:56.900-0400] {logging_mixin.py:188} INFO - [2024-04-13T15:03:56.900-0400] {dag.py:3954} INFO - Setting next_dagrun for example_trigger_target_dag to None, run_after=None
[2024-04-13T15:03:56.906-0400] {processor.py:183} INFO - Processing /Users/manideepakreddyaila/Desktop/projects/Legal_Insights_Engine/.venv/lib/python3.11/site-packages/airflow/example_dags/example_trigger_target_dag.py took 0.084 seconds
[2024-04-13T15:04:56.779-0400] {processor.py:161} INFO - Started process (PID=30325) to work on /Users/manideepakreddyaila/Desktop/projects/Legal_Insights_Engine/.venv/lib/python3.11/site-packages/airflow/example_dags/example_trigger_target_dag.py
[2024-04-13T15:04:56.780-0400] {processor.py:830} INFO - Processing file /Users/manideepakreddyaila/Desktop/projects/Legal_Insights_Engine/.venv/lib/python3.11/site-packages/airflow/example_dags/example_trigger_target_dag.py for tasks to queue
[2024-04-13T15:04:56.781-0400] {logging_mixin.py:188} INFO - [2024-04-13T15:04:56.781-0400] {dagbag.py:540} INFO - Filling up the DagBag from /Users/manideepakreddyaila/Desktop/projects/Legal_Insights_Engine/.venv/lib/python3.11/site-packages/airflow/example_dags/example_trigger_target_dag.py
[2024-04-13T15:04:56.823-0400] {processor.py:840} INFO - DAG(s) 'example_trigger_target_dag' retrieved from /Users/manideepakreddyaila/Desktop/projects/Legal_Insights_Engine/.venv/lib/python3.11/site-packages/airflow/example_dags/example_trigger_target_dag.py
[2024-04-13T15:04:56.857-0400] {logging_mixin.py:188} INFO - [2024-04-13T15:04:56.857-0400] {dag.py:3096} INFO - Sync 1 DAGs
[2024-04-13T15:04:56.861-0400] {logging_mixin.py:188} INFO - [2024-04-13T15:04:56.861-0400] {dag.py:3954} INFO - Setting next_dagrun for example_trigger_target_dag to None, run_after=None
[2024-04-13T15:04:56.867-0400] {processor.py:183} INFO - Processing /Users/manideepakreddyaila/Desktop/projects/Legal_Insights_Engine/.venv/lib/python3.11/site-packages/airflow/example_dags/example_trigger_target_dag.py took 0.089 seconds
[2024-04-13T15:05:56.679-0400] {processor.py:161} INFO - Started process (PID=30413) to work on /Users/manideepakreddyaila/Desktop/projects/Legal_Insights_Engine/.venv/lib/python3.11/site-packages/airflow/example_dags/example_trigger_target_dag.py
[2024-04-13T15:05:56.680-0400] {processor.py:830} INFO - Processing file /Users/manideepakreddyaila/Desktop/projects/Legal_Insights_Engine/.venv/lib/python3.11/site-packages/airflow/example_dags/example_trigger_target_dag.py for tasks to queue
[2024-04-13T15:05:56.680-0400] {logging_mixin.py:188} INFO - [2024-04-13T15:05:56.680-0400] {dagbag.py:540} INFO - Filling up the DagBag from /Users/manideepakreddyaila/Desktop/projects/Legal_Insights_Engine/.venv/lib/python3.11/site-packages/airflow/example_dags/example_trigger_target_dag.py
[2024-04-13T15:05:56.719-0400] {processor.py:840} INFO - DAG(s) 'example_trigger_target_dag' retrieved from /Users/manideepakreddyaila/Desktop/projects/Legal_Insights_Engine/.venv/lib/python3.11/site-packages/airflow/example_dags/example_trigger_target_dag.py
[2024-04-13T15:05:56.754-0400] {logging_mixin.py:188} INFO - [2024-04-13T15:05:56.753-0400] {dag.py:3096} INFO - Sync 1 DAGs
[2024-04-13T15:05:56.757-0400] {logging_mixin.py:188} INFO - [2024-04-13T15:05:56.757-0400] {dag.py:3954} INFO - Setting next_dagrun for example_trigger_target_dag to None, run_after=None
[2024-04-13T15:05:56.763-0400] {processor.py:183} INFO - Processing /Users/manideepakreddyaila/Desktop/projects/Legal_Insights_Engine/.venv/lib/python3.11/site-packages/airflow/example_dags/example_trigger_target_dag.py took 0.085 seconds
[2024-04-13T15:06:57.409-0400] {processor.py:161} INFO - Started process (PID=30483) to work on /Users/manideepakreddyaila/Desktop/projects/Legal_Insights_Engine/.venv/lib/python3.11/site-packages/airflow/example_dags/example_trigger_target_dag.py
[2024-04-13T15:06:57.410-0400] {processor.py:830} INFO - Processing file /Users/manideepakreddyaila/Desktop/projects/Legal_Insights_Engine/.venv/lib/python3.11/site-packages/airflow/example_dags/example_trigger_target_dag.py for tasks to queue
[2024-04-13T15:06:57.410-0400] {logging_mixin.py:188} INFO - [2024-04-13T15:06:57.410-0400] {dagbag.py:540} INFO - Filling up the DagBag from /Users/manideepakreddyaila/Desktop/projects/Legal_Insights_Engine/.venv/lib/python3.11/site-packages/airflow/example_dags/example_trigger_target_dag.py
[2024-04-13T15:06:57.448-0400] {processor.py:840} INFO - DAG(s) 'example_trigger_target_dag' retrieved from /Users/manideepakreddyaila/Desktop/projects/Legal_Insights_Engine/.venv/lib/python3.11/site-packages/airflow/example_dags/example_trigger_target_dag.py
[2024-04-13T15:06:57.482-0400] {logging_mixin.py:188} INFO - [2024-04-13T15:06:57.482-0400] {dag.py:3096} INFO - Sync 1 DAGs
[2024-04-13T15:06:57.486-0400] {logging_mixin.py:188} INFO - [2024-04-13T15:06:57.486-0400] {dag.py:3954} INFO - Setting next_dagrun for example_trigger_target_dag to None, run_after=None
[2024-04-13T15:06:57.492-0400] {processor.py:183} INFO - Processing /Users/manideepakreddyaila/Desktop/projects/Legal_Insights_Engine/.venv/lib/python3.11/site-packages/airflow/example_dags/example_trigger_target_dag.py took 0.084 seconds
[2024-04-13T15:07:59.431-0400] {processor.py:161} INFO - Started process (PID=30557) to work on /Users/manideepakreddyaila/Desktop/projects/Legal_Insights_Engine/.venv/lib/python3.11/site-packages/airflow/example_dags/example_trigger_target_dag.py
[2024-04-13T15:07:59.431-0400] {processor.py:830} INFO - Processing file /Users/manideepakreddyaila/Desktop/projects/Legal_Insights_Engine/.venv/lib/python3.11/site-packages/airflow/example_dags/example_trigger_target_dag.py for tasks to queue
[2024-04-13T15:07:59.432-0400] {logging_mixin.py:188} INFO - [2024-04-13T15:07:59.432-0400] {dagbag.py:540} INFO - Filling up the DagBag from /Users/manideepakreddyaila/Desktop/projects/Legal_Insights_Engine/.venv/lib/python3.11/site-packages/airflow/example_dags/example_trigger_target_dag.py
[2024-04-13T15:07:59.469-0400] {processor.py:840} INFO - DAG(s) 'example_trigger_target_dag' retrieved from /Users/manideepakreddyaila/Desktop/projects/Legal_Insights_Engine/.venv/lib/python3.11/site-packages/airflow/example_dags/example_trigger_target_dag.py
[2024-04-13T15:07:59.503-0400] {logging_mixin.py:188} INFO - [2024-04-13T15:07:59.503-0400] {dag.py:3096} INFO - Sync 1 DAGs
[2024-04-13T15:07:59.507-0400] {logging_mixin.py:188} INFO - [2024-04-13T15:07:59.507-0400] {dag.py:3954} INFO - Setting next_dagrun for example_trigger_target_dag to None, run_after=None
[2024-04-13T15:07:59.513-0400] {processor.py:183} INFO - Processing /Users/manideepakreddyaila/Desktop/projects/Legal_Insights_Engine/.venv/lib/python3.11/site-packages/airflow/example_dags/example_trigger_target_dag.py took 0.083 seconds
[2024-04-13T15:14:09.833-0400] {processor.py:161} INFO - Started process (PID=30685) to work on /Users/manideepakreddyaila/Desktop/projects/Legal_Insights_Engine/.venv/lib/python3.11/site-packages/airflow/example_dags/example_trigger_target_dag.py
[2024-04-13T15:14:09.834-0400] {processor.py:830} INFO - Processing file /Users/manideepakreddyaila/Desktop/projects/Legal_Insights_Engine/.venv/lib/python3.11/site-packages/airflow/example_dags/example_trigger_target_dag.py for tasks to queue
[2024-04-13T15:14:09.834-0400] {logging_mixin.py:188} INFO - [2024-04-13T15:14:09.834-0400] {dagbag.py:540} INFO - Filling up the DagBag from /Users/manideepakreddyaila/Desktop/projects/Legal_Insights_Engine/.venv/lib/python3.11/site-packages/airflow/example_dags/example_trigger_target_dag.py
[2024-04-13T15:14:09.872-0400] {processor.py:840} INFO - DAG(s) 'example_trigger_target_dag' retrieved from /Users/manideepakreddyaila/Desktop/projects/Legal_Insights_Engine/.venv/lib/python3.11/site-packages/airflow/example_dags/example_trigger_target_dag.py
[2024-04-13T15:14:09.906-0400] {logging_mixin.py:188} INFO - [2024-04-13T15:14:09.906-0400] {dag.py:3096} INFO - Sync 1 DAGs
[2024-04-13T15:14:09.910-0400] {logging_mixin.py:188} INFO - [2024-04-13T15:14:09.910-0400] {dag.py:3954} INFO - Setting next_dagrun for example_trigger_target_dag to None, run_after=None
[2024-04-13T15:14:09.916-0400] {processor.py:183} INFO - Processing /Users/manideepakreddyaila/Desktop/projects/Legal_Insights_Engine/.venv/lib/python3.11/site-packages/airflow/example_dags/example_trigger_target_dag.py took 0.084 seconds
[2024-04-13T15:15:13.821-0400] {processor.py:161} INFO - Started process (PID=30758) to work on /Users/manideepakreddyaila/Desktop/projects/Legal_Insights_Engine/.venv/lib/python3.11/site-packages/airflow/example_dags/example_trigger_target_dag.py
[2024-04-13T15:15:13.822-0400] {processor.py:830} INFO - Processing file /Users/manideepakreddyaila/Desktop/projects/Legal_Insights_Engine/.venv/lib/python3.11/site-packages/airflow/example_dags/example_trigger_target_dag.py for tasks to queue
[2024-04-13T15:15:13.822-0400] {logging_mixin.py:188} INFO - [2024-04-13T15:15:13.822-0400] {dagbag.py:540} INFO - Filling up the DagBag from /Users/manideepakreddyaila/Desktop/projects/Legal_Insights_Engine/.venv/lib/python3.11/site-packages/airflow/example_dags/example_trigger_target_dag.py
[2024-04-13T15:15:13.860-0400] {processor.py:840} INFO - DAG(s) 'example_trigger_target_dag' retrieved from /Users/manideepakreddyaila/Desktop/projects/Legal_Insights_Engine/.venv/lib/python3.11/site-packages/airflow/example_dags/example_trigger_target_dag.py
[2024-04-13T15:15:13.894-0400] {logging_mixin.py:188} INFO - [2024-04-13T15:15:13.894-0400] {dag.py:3096} INFO - Sync 1 DAGs
[2024-04-13T15:15:13.898-0400] {logging_mixin.py:188} INFO - [2024-04-13T15:15:13.898-0400] {dag.py:3954} INFO - Setting next_dagrun for example_trigger_target_dag to None, run_after=None
[2024-04-13T15:15:13.904-0400] {processor.py:183} INFO - Processing /Users/manideepakreddyaila/Desktop/projects/Legal_Insights_Engine/.venv/lib/python3.11/site-packages/airflow/example_dags/example_trigger_target_dag.py took 0.083 seconds
[2024-04-13T15:16:12.689-0400] {processor.py:161} INFO - Started process (PID=30817) to work on /Users/manideepakreddyaila/Desktop/projects/Legal_Insights_Engine/.venv/lib/python3.11/site-packages/airflow/example_dags/example_trigger_target_dag.py
[2024-04-13T15:16:12.691-0400] {processor.py:830} INFO - Processing file /Users/manideepakreddyaila/Desktop/projects/Legal_Insights_Engine/.venv/lib/python3.11/site-packages/airflow/example_dags/example_trigger_target_dag.py for tasks to queue
[2024-04-13T15:16:12.691-0400] {logging_mixin.py:188} INFO - [2024-04-13T15:16:12.691-0400] {dagbag.py:540} INFO - Filling up the DagBag from /Users/manideepakreddyaila/Desktop/projects/Legal_Insights_Engine/.venv/lib/python3.11/site-packages/airflow/example_dags/example_trigger_target_dag.py
[2024-04-13T15:16:12.729-0400] {processor.py:840} INFO - DAG(s) 'example_trigger_target_dag' retrieved from /Users/manideepakreddyaila/Desktop/projects/Legal_Insights_Engine/.venv/lib/python3.11/site-packages/airflow/example_dags/example_trigger_target_dag.py
[2024-04-13T15:16:12.764-0400] {logging_mixin.py:188} INFO - [2024-04-13T15:16:12.763-0400] {dag.py:3096} INFO - Sync 1 DAGs
[2024-04-13T15:16:12.767-0400] {logging_mixin.py:188} INFO - [2024-04-13T15:16:12.767-0400] {dag.py:3954} INFO - Setting next_dagrun for example_trigger_target_dag to None, run_after=None
[2024-04-13T15:16:12.774-0400] {processor.py:183} INFO - Processing /Users/manideepakreddyaila/Desktop/projects/Legal_Insights_Engine/.venv/lib/python3.11/site-packages/airflow/example_dags/example_trigger_target_dag.py took 0.085 seconds
[2024-04-13T15:17:09.436-0400] {processor.py:161} INFO - Started process (PID=30873) to work on /Users/manideepakreddyaila/Desktop/projects/Legal_Insights_Engine/.venv/lib/python3.11/site-packages/airflow/example_dags/example_trigger_target_dag.py
[2024-04-13T15:17:09.438-0400] {processor.py:830} INFO - Processing file /Users/manideepakreddyaila/Desktop/projects/Legal_Insights_Engine/.venv/lib/python3.11/site-packages/airflow/example_dags/example_trigger_target_dag.py for tasks to queue
[2024-04-13T15:17:09.438-0400] {logging_mixin.py:188} INFO - [2024-04-13T15:17:09.438-0400] {dagbag.py:540} INFO - Filling up the DagBag from /Users/manideepakreddyaila/Desktop/projects/Legal_Insights_Engine/.venv/lib/python3.11/site-packages/airflow/example_dags/example_trigger_target_dag.py
[2024-04-13T15:17:09.504-0400] {processor.py:840} INFO - DAG(s) 'example_trigger_target_dag' retrieved from /Users/manideepakreddyaila/Desktop/projects/Legal_Insights_Engine/.venv/lib/python3.11/site-packages/airflow/example_dags/example_trigger_target_dag.py
[2024-04-13T15:17:09.561-0400] {logging_mixin.py:188} INFO - [2024-04-13T15:17:09.561-0400] {dag.py:3096} INFO - Sync 1 DAGs
[2024-04-13T15:17:09.566-0400] {logging_mixin.py:188} INFO - [2024-04-13T15:17:09.566-0400] {dag.py:3954} INFO - Setting next_dagrun for example_trigger_target_dag to None, run_after=None
[2024-04-13T15:17:09.576-0400] {processor.py:183} INFO - Processing /Users/manideepakreddyaila/Desktop/projects/Legal_Insights_Engine/.venv/lib/python3.11/site-packages/airflow/example_dags/example_trigger_target_dag.py took 0.144 seconds
[2024-04-13T15:25:46.387-0400] {processor.py:161} INFO - Started process (PID=30988) to work on /Users/manideepakreddyaila/Desktop/projects/Legal_Insights_Engine/.venv/lib/python3.11/site-packages/airflow/example_dags/example_trigger_target_dag.py
[2024-04-13T15:25:46.388-0400] {processor.py:830} INFO - Processing file /Users/manideepakreddyaila/Desktop/projects/Legal_Insights_Engine/.venv/lib/python3.11/site-packages/airflow/example_dags/example_trigger_target_dag.py for tasks to queue
[2024-04-13T15:25:46.388-0400] {logging_mixin.py:188} INFO - [2024-04-13T15:25:46.388-0400] {dagbag.py:540} INFO - Filling up the DagBag from /Users/manideepakreddyaila/Desktop/projects/Legal_Insights_Engine/.venv/lib/python3.11/site-packages/airflow/example_dags/example_trigger_target_dag.py
[2024-04-13T15:25:46.427-0400] {processor.py:840} INFO - DAG(s) 'example_trigger_target_dag' retrieved from /Users/manideepakreddyaila/Desktop/projects/Legal_Insights_Engine/.venv/lib/python3.11/site-packages/airflow/example_dags/example_trigger_target_dag.py
[2024-04-13T15:25:46.461-0400] {logging_mixin.py:188} INFO - [2024-04-13T15:25:46.461-0400] {dag.py:3096} INFO - Sync 1 DAGs
[2024-04-13T15:25:46.465-0400] {logging_mixin.py:188} INFO - [2024-04-13T15:25:46.465-0400] {dag.py:3954} INFO - Setting next_dagrun for example_trigger_target_dag to None, run_after=None
[2024-04-13T15:25:46.471-0400] {processor.py:183} INFO - Processing /Users/manideepakreddyaila/Desktop/projects/Legal_Insights_Engine/.venv/lib/python3.11/site-packages/airflow/example_dags/example_trigger_target_dag.py took 0.084 seconds
[2024-04-13T17:33:19.851-0400] {processor.py:161} INFO - Started process (PID=31158) to work on /Users/manideepakreddyaila/Desktop/projects/Legal_Insights_Engine/.venv/lib/python3.11/site-packages/airflow/example_dags/example_trigger_target_dag.py
[2024-04-13T17:33:19.853-0400] {processor.py:830} INFO - Processing file /Users/manideepakreddyaila/Desktop/projects/Legal_Insights_Engine/.venv/lib/python3.11/site-packages/airflow/example_dags/example_trigger_target_dag.py for tasks to queue
[2024-04-13T17:33:19.853-0400] {logging_mixin.py:188} INFO - [2024-04-13T17:33:19.853-0400] {dagbag.py:540} INFO - Filling up the DagBag from /Users/manideepakreddyaila/Desktop/projects/Legal_Insights_Engine/.venv/lib/python3.11/site-packages/airflow/example_dags/example_trigger_target_dag.py
[2024-04-13T17:33:19.891-0400] {processor.py:840} INFO - DAG(s) 'example_trigger_target_dag' retrieved from /Users/manideepakreddyaila/Desktop/projects/Legal_Insights_Engine/.venv/lib/python3.11/site-packages/airflow/example_dags/example_trigger_target_dag.py
[2024-04-13T17:33:19.925-0400] {logging_mixin.py:188} INFO - [2024-04-13T17:33:19.925-0400] {dag.py:3096} INFO - Sync 1 DAGs
[2024-04-13T17:33:19.928-0400] {logging_mixin.py:188} INFO - [2024-04-13T17:33:19.928-0400] {dag.py:3954} INFO - Setting next_dagrun for example_trigger_target_dag to None, run_after=None
[2024-04-13T17:33:19.934-0400] {processor.py:183} INFO - Processing /Users/manideepakreddyaila/Desktop/projects/Legal_Insights_Engine/.venv/lib/python3.11/site-packages/airflow/example_dags/example_trigger_target_dag.py took 0.085 seconds
[2024-04-13T18:17:16.053-0400] {processor.py:161} INFO - Started process (PID=31298) to work on /Users/manideepakreddyaila/Desktop/projects/Legal_Insights_Engine/.venv/lib/python3.11/site-packages/airflow/example_dags/example_trigger_target_dag.py
[2024-04-13T18:17:16.054-0400] {processor.py:830} INFO - Processing file /Users/manideepakreddyaila/Desktop/projects/Legal_Insights_Engine/.venv/lib/python3.11/site-packages/airflow/example_dags/example_trigger_target_dag.py for tasks to queue
[2024-04-13T18:17:16.054-0400] {logging_mixin.py:188} INFO - [2024-04-13T18:17:16.054-0400] {dagbag.py:540} INFO - Filling up the DagBag from /Users/manideepakreddyaila/Desktop/projects/Legal_Insights_Engine/.venv/lib/python3.11/site-packages/airflow/example_dags/example_trigger_target_dag.py
[2024-04-13T18:17:16.092-0400] {processor.py:840} INFO - DAG(s) 'example_trigger_target_dag' retrieved from /Users/manideepakreddyaila/Desktop/projects/Legal_Insights_Engine/.venv/lib/python3.11/site-packages/airflow/example_dags/example_trigger_target_dag.py
[2024-04-13T18:17:16.127-0400] {logging_mixin.py:188} INFO - [2024-04-13T18:17:16.126-0400] {dag.py:3096} INFO - Sync 1 DAGs
[2024-04-13T18:17:16.130-0400] {logging_mixin.py:188} INFO - [2024-04-13T18:17:16.130-0400] {dag.py:3954} INFO - Setting next_dagrun for example_trigger_target_dag to None, run_after=None
[2024-04-13T18:17:16.137-0400] {processor.py:183} INFO - Processing /Users/manideepakreddyaila/Desktop/projects/Legal_Insights_Engine/.venv/lib/python3.11/site-packages/airflow/example_dags/example_trigger_target_dag.py took 0.085 seconds
[2024-04-13T18:40:07.509-0400] {processor.py:161} INFO - Started process (PID=31421) to work on /Users/manideepakreddyaila/Desktop/projects/Legal_Insights_Engine/.venv/lib/python3.11/site-packages/airflow/example_dags/example_trigger_target_dag.py
[2024-04-13T18:40:07.511-0400] {processor.py:830} INFO - Processing file /Users/manideepakreddyaila/Desktop/projects/Legal_Insights_Engine/.venv/lib/python3.11/site-packages/airflow/example_dags/example_trigger_target_dag.py for tasks to queue
[2024-04-13T18:40:07.511-0400] {logging_mixin.py:188} INFO - [2024-04-13T18:40:07.511-0400] {dagbag.py:540} INFO - Filling up the DagBag from /Users/manideepakreddyaila/Desktop/projects/Legal_Insights_Engine/.venv/lib/python3.11/site-packages/airflow/example_dags/example_trigger_target_dag.py
[2024-04-13T18:40:07.548-0400] {processor.py:840} INFO - DAG(s) 'example_trigger_target_dag' retrieved from /Users/manideepakreddyaila/Desktop/projects/Legal_Insights_Engine/.venv/lib/python3.11/site-packages/airflow/example_dags/example_trigger_target_dag.py
[2024-04-13T18:40:07.583-0400] {logging_mixin.py:188} INFO - [2024-04-13T18:40:07.582-0400] {dag.py:3096} INFO - Sync 1 DAGs
[2024-04-13T18:40:07.586-0400] {logging_mixin.py:188} INFO - [2024-04-13T18:40:07.586-0400] {dag.py:3954} INFO - Setting next_dagrun for example_trigger_target_dag to None, run_after=None
[2024-04-13T18:40:07.592-0400] {processor.py:183} INFO - Processing /Users/manideepakreddyaila/Desktop/projects/Legal_Insights_Engine/.venv/lib/python3.11/site-packages/airflow/example_dags/example_trigger_target_dag.py took 0.084 seconds
[2024-04-13T19:09:46.017-0400] {processor.py:161} INFO - Started process (PID=31525) to work on /Users/manideepakreddyaila/Desktop/projects/Legal_Insights_Engine/.venv/lib/python3.11/site-packages/airflow/example_dags/example_trigger_target_dag.py
[2024-04-13T19:09:46.018-0400] {processor.py:830} INFO - Processing file /Users/manideepakreddyaila/Desktop/projects/Legal_Insights_Engine/.venv/lib/python3.11/site-packages/airflow/example_dags/example_trigger_target_dag.py for tasks to queue
[2024-04-13T19:09:46.018-0400] {logging_mixin.py:188} INFO - [2024-04-13T19:09:46.018-0400] {dagbag.py:540} INFO - Filling up the DagBag from /Users/manideepakreddyaila/Desktop/projects/Legal_Insights_Engine/.venv/lib/python3.11/site-packages/airflow/example_dags/example_trigger_target_dag.py
[2024-04-13T19:09:46.057-0400] {processor.py:840} INFO - DAG(s) 'example_trigger_target_dag' retrieved from /Users/manideepakreddyaila/Desktop/projects/Legal_Insights_Engine/.venv/lib/python3.11/site-packages/airflow/example_dags/example_trigger_target_dag.py
[2024-04-13T19:09:46.092-0400] {logging_mixin.py:188} INFO - [2024-04-13T19:09:46.092-0400] {dag.py:3096} INFO - Sync 1 DAGs
[2024-04-13T19:09:46.095-0400] {logging_mixin.py:188} INFO - [2024-04-13T19:09:46.095-0400] {dag.py:3954} INFO - Setting next_dagrun for example_trigger_target_dag to None, run_after=None
[2024-04-13T19:09:46.101-0400] {processor.py:183} INFO - Processing /Users/manideepakreddyaila/Desktop/projects/Legal_Insights_Engine/.venv/lib/python3.11/site-packages/airflow/example_dags/example_trigger_target_dag.py took 0.085 seconds
