[2024-04-13T14:58:04.580-0400] {processor.py:161} INFO - Started process (PID=29956) to work on /Users/manideepakreddyaila/Desktop/projects/Legal_Insights_Engine/.venv/lib/python3.11/site-packages/airflow/example_dags/example_params_ui_tutorial.py
[2024-04-13T14:58:04.581-0400] {processor.py:830} INFO - Processing file /Users/manideepakreddyaila/Desktop/projects/Legal_Insights_Engine/.venv/lib/python3.11/site-packages/airflow/example_dags/example_params_ui_tutorial.py for tasks to queue
[2024-04-13T14:58:04.581-0400] {logging_mixin.py:188} INFO - [2024-04-13T14:58:04.581-0400] {dagbag.py:540} INFO - Filling up the DagBag from /Users/manideepakreddyaila/Desktop/projects/Legal_Insights_Engine/.venv/lib/python3.11/site-packages/airflow/example_dags/example_params_ui_tutorial.py
[2024-04-13T14:58:04.647-0400] {processor.py:840} INFO - DAG(s) 'example_params_ui_tutorial' retrieved from /Users/manideepakreddyaila/Desktop/projects/Legal_Insights_Engine/.venv/lib/python3.11/site-packages/airflow/example_dags/example_params_ui_tutorial.py
[2024-04-13T14:58:04.738-0400] {logging_mixin.py:188} INFO - [2024-04-13T14:58:04.738-0400] {override.py:1829} INFO - Created Permission View: can edit on DAG:example_params_ui_tutorial
[2024-04-13T14:58:04.742-0400] {logging_mixin.py:188} INFO - [2024-04-13T14:58:04.742-0400] {override.py:1829} INFO - Created Permission View: can delete on DAG:example_params_ui_tutorial
[2024-04-13T14:58:04.744-0400] {logging_mixin.py:188} INFO - [2024-04-13T14:58:04.743-0400] {override.py:1829} INFO - Created Permission View: can read on DAG:example_params_ui_tutorial
[2024-04-13T14:58:04.744-0400] {logging_mixin.py:188} INFO - [2024-04-13T14:58:04.744-0400] {dag.py:3096} INFO - Sync 1 DAGs
[2024-04-13T14:58:04.747-0400] {logging_mixin.py:188} INFO - [2024-04-13T14:58:04.747-0400] {dag.py:3118} INFO - Creating ORM DAG for example_params_ui_tutorial
[2024-04-13T14:58:04.747-0400] {logging_mixin.py:188} INFO - [2024-04-13T14:58:04.747-0400] {dag.py:3954} INFO - Setting next_dagrun for example_params_ui_tutorial to None, run_after=None
[2024-04-13T14:58:04.753-0400] {processor.py:183} INFO - Processing /Users/manideepakreddyaila/Desktop/projects/Legal_Insights_Engine/.venv/lib/python3.11/site-packages/airflow/example_dags/example_params_ui_tutorial.py took 0.175 seconds
[2024-04-13T14:59:33.399-0400] {processor.py:161} INFO - Started process (PID=30050) to work on /Users/manideepakreddyaila/Desktop/projects/Legal_Insights_Engine/.venv/lib/python3.11/site-packages/airflow/example_dags/example_params_ui_tutorial.py
[2024-04-13T14:59:33.399-0400] {processor.py:830} INFO - Processing file /Users/manideepakreddyaila/Desktop/projects/Legal_Insights_Engine/.venv/lib/python3.11/site-packages/airflow/example_dags/example_params_ui_tutorial.py for tasks to queue
[2024-04-13T14:59:33.400-0400] {logging_mixin.py:188} INFO - [2024-04-13T14:59:33.400-0400] {dagbag.py:540} INFO - Filling up the DagBag from /Users/manideepakreddyaila/Desktop/projects/Legal_Insights_Engine/.venv/lib/python3.11/site-packages/airflow/example_dags/example_params_ui_tutorial.py
[2024-04-13T14:59:33.445-0400] {processor.py:840} INFO - DAG(s) 'example_params_ui_tutorial' retrieved from /Users/manideepakreddyaila/Desktop/projects/Legal_Insights_Engine/.venv/lib/python3.11/site-packages/airflow/example_dags/example_params_ui_tutorial.py
[2024-04-13T14:59:33.488-0400] {logging_mixin.py:188} INFO - [2024-04-13T14:59:33.488-0400] {dag.py:3096} INFO - Sync 1 DAGs
[2024-04-13T14:59:33.492-0400] {logging_mixin.py:188} INFO - [2024-04-13T14:59:33.492-0400] {dag.py:3954} INFO - Setting next_dagrun for example_params_ui_tutorial to None, run_after=None
[2024-04-13T14:59:33.498-0400] {processor.py:183} INFO - Processing /Users/manideepakreddyaila/Desktop/projects/Legal_Insights_Engine/.venv/lib/python3.11/site-packages/airflow/example_dags/example_params_ui_tutorial.py took 0.100 seconds
[2024-04-13T15:01:31.279-0400] {processor.py:161} INFO - Started process (PID=30159) to work on /Users/manideepakreddyaila/Desktop/projects/Legal_Insights_Engine/.venv/lib/python3.11/site-packages/airflow/example_dags/example_params_ui_tutorial.py
[2024-04-13T15:01:31.279-0400] {processor.py:830} INFO - Processing file /Users/manideepakreddyaila/Desktop/projects/Legal_Insights_Engine/.venv/lib/python3.11/site-packages/airflow/example_dags/example_params_ui_tutorial.py for tasks to queue
[2024-04-13T15:01:31.280-0400] {logging_mixin.py:188} INFO - [2024-04-13T15:01:31.280-0400] {dagbag.py:540} INFO - Filling up the DagBag from /Users/manideepakreddyaila/Desktop/projects/Legal_Insights_Engine/.venv/lib/python3.11/site-packages/airflow/example_dags/example_params_ui_tutorial.py
[2024-04-13T15:01:31.320-0400] {processor.py:840} INFO - DAG(s) 'example_params_ui_tutorial' retrieved from /Users/manideepakreddyaila/Desktop/projects/Legal_Insights_Engine/.venv/lib/python3.11/site-packages/airflow/example_dags/example_params_ui_tutorial.py
[2024-04-13T15:01:31.362-0400] {logging_mixin.py:188} INFO - [2024-04-13T15:01:31.362-0400] {dag.py:3096} INFO - Sync 1 DAGs
[2024-04-13T15:01:31.366-0400] {logging_mixin.py:188} INFO - [2024-04-13T15:01:31.366-0400] {dag.py:3954} INFO - Setting next_dagrun for example_params_ui_tutorial to None, run_after=None
[2024-04-13T15:01:31.372-0400] {processor.py:183} INFO - Processing /Users/manideepakreddyaila/Desktop/projects/Legal_Insights_Engine/.venv/lib/python3.11/site-packages/airflow/example_dags/example_params_ui_tutorial.py took 0.094 seconds
[2024-04-13T15:03:26.450-0400] {processor.py:161} INFO - Started process (PID=30260) to work on /Users/manideepakreddyaila/Desktop/projects/Legal_Insights_Engine/.venv/lib/python3.11/site-packages/airflow/example_dags/example_params_ui_tutorial.py
[2024-04-13T15:03:26.451-0400] {processor.py:830} INFO - Processing file /Users/manideepakreddyaila/Desktop/projects/Legal_Insights_Engine/.venv/lib/python3.11/site-packages/airflow/example_dags/example_params_ui_tutorial.py for tasks to queue
[2024-04-13T15:03:26.451-0400] {logging_mixin.py:188} INFO - [2024-04-13T15:03:26.451-0400] {dagbag.py:540} INFO - Filling up the DagBag from /Users/manideepakreddyaila/Desktop/projects/Legal_Insights_Engine/.venv/lib/python3.11/site-packages/airflow/example_dags/example_params_ui_tutorial.py
[2024-04-13T15:03:26.491-0400] {processor.py:840} INFO - DAG(s) 'example_params_ui_tutorial' retrieved from /Users/manideepakreddyaila/Desktop/projects/Legal_Insights_Engine/.venv/lib/python3.11/site-packages/airflow/example_dags/example_params_ui_tutorial.py
[2024-04-13T15:03:26.533-0400] {logging_mixin.py:188} INFO - [2024-04-13T15:03:26.533-0400] {dag.py:3096} INFO - Sync 1 DAGs
[2024-04-13T15:03:26.536-0400] {logging_mixin.py:188} INFO - [2024-04-13T15:03:26.536-0400] {dag.py:3954} INFO - Setting next_dagrun for example_params_ui_tutorial to None, run_after=None
[2024-04-13T15:03:26.542-0400] {processor.py:183} INFO - Processing /Users/manideepakreddyaila/Desktop/projects/Legal_Insights_Engine/.venv/lib/python3.11/site-packages/airflow/example_dags/example_params_ui_tutorial.py took 0.093 seconds
[2024-04-13T15:05:26.762-0400] {processor.py:161} INFO - Started process (PID=30385) to work on /Users/manideepakreddyaila/Desktop/projects/Legal_Insights_Engine/.venv/lib/python3.11/site-packages/airflow/example_dags/example_params_ui_tutorial.py
[2024-04-13T15:05:26.762-0400] {processor.py:830} INFO - Processing file /Users/manideepakreddyaila/Desktop/projects/Legal_Insights_Engine/.venv/lib/python3.11/site-packages/airflow/example_dags/example_params_ui_tutorial.py for tasks to queue
[2024-04-13T15:05:26.762-0400] {logging_mixin.py:188} INFO - [2024-04-13T15:05:26.762-0400] {dagbag.py:540} INFO - Filling up the DagBag from /Users/manideepakreddyaila/Desktop/projects/Legal_Insights_Engine/.venv/lib/python3.11/site-packages/airflow/example_dags/example_params_ui_tutorial.py
[2024-04-13T15:05:26.803-0400] {processor.py:840} INFO - DAG(s) 'example_params_ui_tutorial' retrieved from /Users/manideepakreddyaila/Desktop/projects/Legal_Insights_Engine/.venv/lib/python3.11/site-packages/airflow/example_dags/example_params_ui_tutorial.py
[2024-04-13T15:05:26.846-0400] {logging_mixin.py:188} INFO - [2024-04-13T15:05:26.846-0400] {dag.py:3096} INFO - Sync 1 DAGs
[2024-04-13T15:05:26.850-0400] {logging_mixin.py:188} INFO - [2024-04-13T15:05:26.850-0400] {dag.py:3954} INFO - Setting next_dagrun for example_params_ui_tutorial to None, run_after=None
[2024-04-13T15:05:26.856-0400] {processor.py:183} INFO - Processing /Users/manideepakreddyaila/Desktop/projects/Legal_Insights_Engine/.venv/lib/python3.11/site-packages/airflow/example_dags/example_params_ui_tutorial.py took 0.096 seconds
[2024-04-13T15:07:27.826-0400] {processor.py:161} INFO - Started process (PID=30539) to work on /Users/manideepakreddyaila/Desktop/projects/Legal_Insights_Engine/.venv/lib/python3.11/site-packages/airflow/example_dags/example_params_ui_tutorial.py
[2024-04-13T15:07:27.827-0400] {processor.py:830} INFO - Processing file /Users/manideepakreddyaila/Desktop/projects/Legal_Insights_Engine/.venv/lib/python3.11/site-packages/airflow/example_dags/example_params_ui_tutorial.py for tasks to queue
[2024-04-13T15:07:27.827-0400] {logging_mixin.py:188} INFO - [2024-04-13T15:07:27.827-0400] {dagbag.py:540} INFO - Filling up the DagBag from /Users/manideepakreddyaila/Desktop/projects/Legal_Insights_Engine/.venv/lib/python3.11/site-packages/airflow/example_dags/example_params_ui_tutorial.py
[2024-04-13T15:07:27.868-0400] {processor.py:840} INFO - DAG(s) 'example_params_ui_tutorial' retrieved from /Users/manideepakreddyaila/Desktop/projects/Legal_Insights_Engine/.venv/lib/python3.11/site-packages/airflow/example_dags/example_params_ui_tutorial.py
[2024-04-13T15:07:27.912-0400] {logging_mixin.py:188} INFO - [2024-04-13T15:07:27.912-0400] {dag.py:3096} INFO - Sync 1 DAGs
[2024-04-13T15:07:27.916-0400] {logging_mixin.py:188} INFO - [2024-04-13T15:07:27.915-0400] {dag.py:3954} INFO - Setting next_dagrun for example_params_ui_tutorial to None, run_after=None
[2024-04-13T15:07:27.922-0400] {processor.py:183} INFO - Processing /Users/manideepakreddyaila/Desktop/projects/Legal_Insights_Engine/.venv/lib/python3.11/site-packages/airflow/example_dags/example_params_ui_tutorial.py took 0.097 seconds
[2024-04-13T15:14:41.358-0400] {processor.py:161} INFO - Started process (PID=30734) to work on /Users/manideepakreddyaila/Desktop/projects/Legal_Insights_Engine/.venv/lib/python3.11/site-packages/airflow/example_dags/example_params_ui_tutorial.py
[2024-04-13T15:14:41.358-0400] {processor.py:830} INFO - Processing file /Users/manideepakreddyaila/Desktop/projects/Legal_Insights_Engine/.venv/lib/python3.11/site-packages/airflow/example_dags/example_params_ui_tutorial.py for tasks to queue
[2024-04-13T15:14:41.359-0400] {logging_mixin.py:188} INFO - [2024-04-13T15:14:41.359-0400] {dagbag.py:540} INFO - Filling up the DagBag from /Users/manideepakreddyaila/Desktop/projects/Legal_Insights_Engine/.venv/lib/python3.11/site-packages/airflow/example_dags/example_params_ui_tutorial.py
[2024-04-13T15:14:41.399-0400] {processor.py:840} INFO - DAG(s) 'example_params_ui_tutorial' retrieved from /Users/manideepakreddyaila/Desktop/projects/Legal_Insights_Engine/.venv/lib/python3.11/site-packages/airflow/example_dags/example_params_ui_tutorial.py
[2024-04-13T15:14:41.441-0400] {logging_mixin.py:188} INFO - [2024-04-13T15:14:41.441-0400] {dag.py:3096} INFO - Sync 1 DAGs
[2024-04-13T15:14:41.445-0400] {logging_mixin.py:188} INFO - [2024-04-13T15:14:41.445-0400] {dag.py:3954} INFO - Setting next_dagrun for example_params_ui_tutorial to None, run_after=None
[2024-04-13T15:14:41.451-0400] {processor.py:183} INFO - Processing /Users/manideepakreddyaila/Desktop/projects/Legal_Insights_Engine/.venv/lib/python3.11/site-packages/airflow/example_dags/example_params_ui_tutorial.py took 0.095 seconds
[2024-04-13T15:16:39.015-0400] {processor.py:161} INFO - Started process (PID=30852) to work on /Users/manideepakreddyaila/Desktop/projects/Legal_Insights_Engine/.venv/lib/python3.11/site-packages/airflow/example_dags/example_params_ui_tutorial.py
[2024-04-13T15:16:39.016-0400] {processor.py:830} INFO - Processing file /Users/manideepakreddyaila/Desktop/projects/Legal_Insights_Engine/.venv/lib/python3.11/site-packages/airflow/example_dags/example_params_ui_tutorial.py for tasks to queue
[2024-04-13T15:16:39.016-0400] {logging_mixin.py:188} INFO - [2024-04-13T15:16:39.016-0400] {dagbag.py:540} INFO - Filling up the DagBag from /Users/manideepakreddyaila/Desktop/projects/Legal_Insights_Engine/.venv/lib/python3.11/site-packages/airflow/example_dags/example_params_ui_tutorial.py
[2024-04-13T15:16:39.057-0400] {processor.py:840} INFO - DAG(s) 'example_params_ui_tutorial' retrieved from /Users/manideepakreddyaila/Desktop/projects/Legal_Insights_Engine/.venv/lib/python3.11/site-packages/airflow/example_dags/example_params_ui_tutorial.py
[2024-04-13T15:16:39.099-0400] {logging_mixin.py:188} INFO - [2024-04-13T15:16:39.099-0400] {dag.py:3096} INFO - Sync 1 DAGs
[2024-04-13T15:16:39.102-0400] {logging_mixin.py:188} INFO - [2024-04-13T15:16:39.102-0400] {dag.py:3954} INFO - Setting next_dagrun for example_params_ui_tutorial to None, run_after=None
[2024-04-13T15:16:39.108-0400] {processor.py:183} INFO - Processing /Users/manideepakreddyaila/Desktop/projects/Legal_Insights_Engine/.venv/lib/python3.11/site-packages/airflow/example_dags/example_params_ui_tutorial.py took 0.094 seconds
[2024-04-13T15:27:30.922-0400] {processor.py:161} INFO - Started process (PID=31034) to work on /Users/manideepakreddyaila/Desktop/projects/Legal_Insights_Engine/.venv/lib/python3.11/site-packages/airflow/example_dags/example_params_ui_tutorial.py
[2024-04-13T15:27:30.923-0400] {processor.py:830} INFO - Processing file /Users/manideepakreddyaila/Desktop/projects/Legal_Insights_Engine/.venv/lib/python3.11/site-packages/airflow/example_dags/example_params_ui_tutorial.py for tasks to queue
[2024-04-13T15:27:30.923-0400] {logging_mixin.py:188} INFO - [2024-04-13T15:27:30.923-0400] {dagbag.py:540} INFO - Filling up the DagBag from /Users/manideepakreddyaila/Desktop/projects/Legal_Insights_Engine/.venv/lib/python3.11/site-packages/airflow/example_dags/example_params_ui_tutorial.py
[2024-04-13T15:27:30.964-0400] {processor.py:840} INFO - DAG(s) 'example_params_ui_tutorial' retrieved from /Users/manideepakreddyaila/Desktop/projects/Legal_Insights_Engine/.venv/lib/python3.11/site-packages/airflow/example_dags/example_params_ui_tutorial.py
[2024-04-13T15:27:31.006-0400] {logging_mixin.py:188} INFO - [2024-04-13T15:27:31.006-0400] {dag.py:3096} INFO - Sync 1 DAGs
[2024-04-13T15:27:31.010-0400] {logging_mixin.py:188} INFO - [2024-04-13T15:27:31.010-0400] {dag.py:3954} INFO - Setting next_dagrun for example_params_ui_tutorial to None, run_after=None
[2024-04-13T15:27:31.016-0400] {processor.py:183} INFO - Processing /Users/manideepakreddyaila/Desktop/projects/Legal_Insights_Engine/.venv/lib/python3.11/site-packages/airflow/example_dags/example_params_ui_tutorial.py took 0.095 seconds
[2024-04-13T17:52:13.454-0400] {processor.py:161} INFO - Started process (PID=31197) to work on /Users/manideepakreddyaila/Desktop/projects/Legal_Insights_Engine/.venv/lib/python3.11/site-packages/airflow/example_dags/example_params_ui_tutorial.py
[2024-04-13T17:52:13.455-0400] {processor.py:830} INFO - Processing file /Users/manideepakreddyaila/Desktop/projects/Legal_Insights_Engine/.venv/lib/python3.11/site-packages/airflow/example_dags/example_params_ui_tutorial.py for tasks to queue
[2024-04-13T17:52:13.455-0400] {logging_mixin.py:188} INFO - [2024-04-13T17:52:13.455-0400] {dagbag.py:540} INFO - Filling up the DagBag from /Users/manideepakreddyaila/Desktop/projects/Legal_Insights_Engine/.venv/lib/python3.11/site-packages/airflow/example_dags/example_params_ui_tutorial.py
[2024-04-13T17:52:13.523-0400] {processor.py:840} INFO - DAG(s) 'example_params_ui_tutorial' retrieved from /Users/manideepakreddyaila/Desktop/projects/Legal_Insights_Engine/.venv/lib/python3.11/site-packages/airflow/example_dags/example_params_ui_tutorial.py
[2024-04-13T17:52:13.581-0400] {logging_mixin.py:188} INFO - [2024-04-13T17:52:13.581-0400] {dag.py:3096} INFO - Sync 1 DAGs
[2024-04-13T17:52:13.588-0400] {logging_mixin.py:188} INFO - [2024-04-13T17:52:13.588-0400] {dag.py:3954} INFO - Setting next_dagrun for example_params_ui_tutorial to None, run_after=None
[2024-04-13T17:52:13.603-0400] {processor.py:183} INFO - Processing /Users/manideepakreddyaila/Desktop/projects/Legal_Insights_Engine/.venv/lib/python3.11/site-packages/airflow/example_dags/example_params_ui_tutorial.py took 0.151 seconds
[2024-04-13T18:19:56.522-0400] {processor.py:161} INFO - Started process (PID=31347) to work on /Users/manideepakreddyaila/Desktop/projects/Legal_Insights_Engine/.venv/lib/python3.11/site-packages/airflow/example_dags/example_params_ui_tutorial.py
[2024-04-13T18:19:56.523-0400] {processor.py:830} INFO - Processing file /Users/manideepakreddyaila/Desktop/projects/Legal_Insights_Engine/.venv/lib/python3.11/site-packages/airflow/example_dags/example_params_ui_tutorial.py for tasks to queue
[2024-04-13T18:19:56.524-0400] {logging_mixin.py:188} INFO - [2024-04-13T18:19:56.524-0400] {dagbag.py:540} INFO - Filling up the DagBag from /Users/manideepakreddyaila/Desktop/projects/Legal_Insights_Engine/.venv/lib/python3.11/site-packages/airflow/example_dags/example_params_ui_tutorial.py
[2024-04-13T18:19:56.563-0400] {processor.py:840} INFO - DAG(s) 'example_params_ui_tutorial' retrieved from /Users/manideepakreddyaila/Desktop/projects/Legal_Insights_Engine/.venv/lib/python3.11/site-packages/airflow/example_dags/example_params_ui_tutorial.py
[2024-04-13T18:19:56.605-0400] {logging_mixin.py:188} INFO - [2024-04-13T18:19:56.605-0400] {dag.py:3096} INFO - Sync 1 DAGs
[2024-04-13T18:19:56.609-0400] {logging_mixin.py:188} INFO - [2024-04-13T18:19:56.609-0400] {dag.py:3954} INFO - Setting next_dagrun for example_params_ui_tutorial to None, run_after=None
[2024-04-13T18:19:56.615-0400] {processor.py:183} INFO - Processing /Users/manideepakreddyaila/Desktop/projects/Legal_Insights_Engine/.venv/lib/python3.11/site-packages/airflow/example_dags/example_params_ui_tutorial.py took 0.093 seconds
[2024-04-13T19:00:01.427-0400] {processor.py:161} INFO - Started process (PID=31468) to work on /Users/manideepakreddyaila/Desktop/projects/Legal_Insights_Engine/.venv/lib/python3.11/site-packages/airflow/example_dags/example_params_ui_tutorial.py
[2024-04-13T19:00:01.428-0400] {processor.py:830} INFO - Processing file /Users/manideepakreddyaila/Desktop/projects/Legal_Insights_Engine/.venv/lib/python3.11/site-packages/airflow/example_dags/example_params_ui_tutorial.py for tasks to queue
[2024-04-13T19:00:01.428-0400] {logging_mixin.py:188} INFO - [2024-04-13T19:00:01.428-0400] {dagbag.py:540} INFO - Filling up the DagBag from /Users/manideepakreddyaila/Desktop/projects/Legal_Insights_Engine/.venv/lib/python3.11/site-packages/airflow/example_dags/example_params_ui_tutorial.py
[2024-04-13T19:00:01.472-0400] {processor.py:840} INFO - DAG(s) 'example_params_ui_tutorial' retrieved from /Users/manideepakreddyaila/Desktop/projects/Legal_Insights_Engine/.venv/lib/python3.11/site-packages/airflow/example_dags/example_params_ui_tutorial.py
[2024-04-13T19:00:01.515-0400] {logging_mixin.py:188} INFO - [2024-04-13T19:00:01.515-0400] {dag.py:3096} INFO - Sync 1 DAGs
[2024-04-13T19:00:01.519-0400] {logging_mixin.py:188} INFO - [2024-04-13T19:00:01.519-0400] {dag.py:3954} INFO - Setting next_dagrun for example_params_ui_tutorial to None, run_after=None
[2024-04-13T19:00:01.525-0400] {processor.py:183} INFO - Processing /Users/manideepakreddyaila/Desktop/projects/Legal_Insights_Engine/.venv/lib/python3.11/site-packages/airflow/example_dags/example_params_ui_tutorial.py took 0.099 seconds
[2024-04-13T19:10:46.683-0400] {processor.py:161} INFO - Started process (PID=31566) to work on /Users/manideepakreddyaila/Desktop/projects/Legal_Insights_Engine/.venv/lib/python3.11/site-packages/airflow/example_dags/example_params_ui_tutorial.py
[2024-04-13T19:10:46.684-0400] {processor.py:830} INFO - Processing file /Users/manideepakreddyaila/Desktop/projects/Legal_Insights_Engine/.venv/lib/python3.11/site-packages/airflow/example_dags/example_params_ui_tutorial.py for tasks to queue
[2024-04-13T19:10:46.684-0400] {logging_mixin.py:188} INFO - [2024-04-13T19:10:46.684-0400] {dagbag.py:540} INFO - Filling up the DagBag from /Users/manideepakreddyaila/Desktop/projects/Legal_Insights_Engine/.venv/lib/python3.11/site-packages/airflow/example_dags/example_params_ui_tutorial.py
[2024-04-13T19:10:46.724-0400] {processor.py:840} INFO - DAG(s) 'example_params_ui_tutorial' retrieved from /Users/manideepakreddyaila/Desktop/projects/Legal_Insights_Engine/.venv/lib/python3.11/site-packages/airflow/example_dags/example_params_ui_tutorial.py
[2024-04-13T19:10:46.768-0400] {logging_mixin.py:188} INFO - [2024-04-13T19:10:46.768-0400] {dag.py:3096} INFO - Sync 1 DAGs
[2024-04-13T19:10:46.772-0400] {logging_mixin.py:188} INFO - [2024-04-13T19:10:46.771-0400] {dag.py:3954} INFO - Setting next_dagrun for example_params_ui_tutorial to None, run_after=None
[2024-04-13T19:10:46.778-0400] {processor.py:183} INFO - Processing /Users/manideepakreddyaila/Desktop/projects/Legal_Insights_Engine/.venv/lib/python3.11/site-packages/airflow/example_dags/example_params_ui_tutorial.py took 0.096 seconds
