[2024-04-13T14:57:57.008-0400] {processor.py:161} INFO - Started process (PID=29949) to work on /Users/manideepakreddyaila/Desktop/projects/Legal_Insights_Engine/.venv/lib/python3.11/site-packages/airflow/example_dags/example_sensor_decorator.py
[2024-04-13T14:57:57.009-0400] {processor.py:830} INFO - Processing file /Users/manideepakreddyaila/Desktop/projects/Legal_Insights_Engine/.venv/lib/python3.11/site-packages/airflow/example_dags/example_sensor_decorator.py for tasks to queue
[2024-04-13T14:57:57.009-0400] {logging_mixin.py:188} INFO - [2024-04-13T14:57:57.009-0400] {dagbag.py:540} INFO - Filling up the DagBag from /Users/manideepakreddyaila/Desktop/projects/Legal_Insights_Engine/.venv/lib/python3.11/site-packages/airflow/example_dags/example_sensor_decorator.py
[2024-04-13T14:57:57.069-0400] {processor.py:840} INFO - DAG(s) 'example_sensor_decorator' retrieved from /Users/manideepakreddyaila/Desktop/projects/Legal_Insights_Engine/.venv/lib/python3.11/site-packages/airflow/example_dags/example_sensor_decorator.py
[2024-04-13T14:57:57.151-0400] {logging_mixin.py:188} INFO - [2024-04-13T14:57:57.150-0400] {override.py:1829} INFO - Created Permission View: can delete on DAG:example_sensor_decorator
[2024-04-13T14:57:57.154-0400] {logging_mixin.py:188} INFO - [2024-04-13T14:57:57.154-0400] {override.py:1829} INFO - Created Permission View: can read on DAG:example_sensor_decorator
[2024-04-13T14:57:57.156-0400] {logging_mixin.py:188} INFO - [2024-04-13T14:57:57.156-0400] {override.py:1829} INFO - Created Permission View: can edit on DAG:example_sensor_decorator
[2024-04-13T14:57:57.156-0400] {logging_mixin.py:188} INFO - [2024-04-13T14:57:57.156-0400] {dag.py:3096} INFO - Sync 1 DAGs
[2024-04-13T14:57:57.159-0400] {logging_mixin.py:188} INFO - [2024-04-13T14:57:57.159-0400] {dag.py:3118} INFO - Creating ORM DAG for example_sensor_decorator
[2024-04-13T14:57:57.160-0400] {logging_mixin.py:188} INFO - [2024-04-13T14:57:57.159-0400] {dag.py:3954} INFO - Setting next_dagrun for example_sensor_decorator to None, run_after=None
[2024-04-13T14:57:57.166-0400] {processor.py:183} INFO - Processing /Users/manideepakreddyaila/Desktop/projects/Legal_Insights_Engine/.venv/lib/python3.11/site-packages/airflow/example_dags/example_sensor_decorator.py took 0.159 seconds
[2024-04-13T14:59:26.418-0400] {processor.py:161} INFO - Started process (PID=30046) to work on /Users/manideepakreddyaila/Desktop/projects/Legal_Insights_Engine/.venv/lib/python3.11/site-packages/airflow/example_dags/example_sensor_decorator.py
[2024-04-13T14:59:26.418-0400] {processor.py:830} INFO - Processing file /Users/manideepakreddyaila/Desktop/projects/Legal_Insights_Engine/.venv/lib/python3.11/site-packages/airflow/example_dags/example_sensor_decorator.py for tasks to queue
[2024-04-13T14:59:26.419-0400] {logging_mixin.py:188} INFO - [2024-04-13T14:59:26.419-0400] {dagbag.py:540} INFO - Filling up the DagBag from /Users/manideepakreddyaila/Desktop/projects/Legal_Insights_Engine/.venv/lib/python3.11/site-packages/airflow/example_dags/example_sensor_decorator.py
[2024-04-13T14:59:26.457-0400] {processor.py:840} INFO - DAG(s) 'example_sensor_decorator' retrieved from /Users/manideepakreddyaila/Desktop/projects/Legal_Insights_Engine/.venv/lib/python3.11/site-packages/airflow/example_dags/example_sensor_decorator.py
[2024-04-13T14:59:26.497-0400] {logging_mixin.py:188} INFO - [2024-04-13T14:59:26.497-0400] {dag.py:3096} INFO - Sync 1 DAGs
[2024-04-13T14:59:26.501-0400] {logging_mixin.py:188} INFO - [2024-04-13T14:59:26.501-0400] {dag.py:3954} INFO - Setting next_dagrun for example_sensor_decorator to None, run_after=None
[2024-04-13T14:59:26.507-0400] {processor.py:183} INFO - Processing /Users/manideepakreddyaila/Desktop/projects/Legal_Insights_Engine/.venv/lib/python3.11/site-packages/airflow/example_dags/example_sensor_decorator.py took 0.090 seconds
[2024-04-13T15:01:24.767-0400] {processor.py:161} INFO - Started process (PID=30154) to work on /Users/manideepakreddyaila/Desktop/projects/Legal_Insights_Engine/.venv/lib/python3.11/site-packages/airflow/example_dags/example_sensor_decorator.py
[2024-04-13T15:01:24.768-0400] {processor.py:830} INFO - Processing file /Users/manideepakreddyaila/Desktop/projects/Legal_Insights_Engine/.venv/lib/python3.11/site-packages/airflow/example_dags/example_sensor_decorator.py for tasks to queue
[2024-04-13T15:01:24.768-0400] {logging_mixin.py:188} INFO - [2024-04-13T15:01:24.768-0400] {dagbag.py:540} INFO - Filling up the DagBag from /Users/manideepakreddyaila/Desktop/projects/Legal_Insights_Engine/.venv/lib/python3.11/site-packages/airflow/example_dags/example_sensor_decorator.py
[2024-04-13T15:01:24.807-0400] {processor.py:840} INFO - DAG(s) 'example_sensor_decorator' retrieved from /Users/manideepakreddyaila/Desktop/projects/Legal_Insights_Engine/.venv/lib/python3.11/site-packages/airflow/example_dags/example_sensor_decorator.py
[2024-04-13T15:01:24.846-0400] {logging_mixin.py:188} INFO - [2024-04-13T15:01:24.846-0400] {dag.py:3096} INFO - Sync 1 DAGs
[2024-04-13T15:01:24.850-0400] {logging_mixin.py:188} INFO - [2024-04-13T15:01:24.850-0400] {dag.py:3954} INFO - Setting next_dagrun for example_sensor_decorator to None, run_after=None
[2024-04-13T15:01:24.856-0400] {processor.py:183} INFO - Processing /Users/manideepakreddyaila/Desktop/projects/Legal_Insights_Engine/.venv/lib/python3.11/site-packages/airflow/example_dags/example_sensor_decorator.py took 0.090 seconds
[2024-04-13T15:03:19.103-0400] {processor.py:161} INFO - Started process (PID=30253) to work on /Users/manideepakreddyaila/Desktop/projects/Legal_Insights_Engine/.venv/lib/python3.11/site-packages/airflow/example_dags/example_sensor_decorator.py
[2024-04-13T15:03:19.103-0400] {processor.py:830} INFO - Processing file /Users/manideepakreddyaila/Desktop/projects/Legal_Insights_Engine/.venv/lib/python3.11/site-packages/airflow/example_dags/example_sensor_decorator.py for tasks to queue
[2024-04-13T15:03:19.104-0400] {logging_mixin.py:188} INFO - [2024-04-13T15:03:19.104-0400] {dagbag.py:540} INFO - Filling up the DagBag from /Users/manideepakreddyaila/Desktop/projects/Legal_Insights_Engine/.venv/lib/python3.11/site-packages/airflow/example_dags/example_sensor_decorator.py
[2024-04-13T15:03:19.143-0400] {processor.py:840} INFO - DAG(s) 'example_sensor_decorator' retrieved from /Users/manideepakreddyaila/Desktop/projects/Legal_Insights_Engine/.venv/lib/python3.11/site-packages/airflow/example_dags/example_sensor_decorator.py
[2024-04-13T15:03:19.182-0400] {logging_mixin.py:188} INFO - [2024-04-13T15:03:19.182-0400] {dag.py:3096} INFO - Sync 1 DAGs
[2024-04-13T15:03:19.186-0400] {logging_mixin.py:188} INFO - [2024-04-13T15:03:19.186-0400] {dag.py:3954} INFO - Setting next_dagrun for example_sensor_decorator to None, run_after=None
[2024-04-13T15:03:19.192-0400] {processor.py:183} INFO - Processing /Users/manideepakreddyaila/Desktop/projects/Legal_Insights_Engine/.venv/lib/python3.11/site-packages/airflow/example_dags/example_sensor_decorator.py took 0.090 seconds
[2024-04-13T15:05:19.181-0400] {processor.py:161} INFO - Started process (PID=30366) to work on /Users/manideepakreddyaila/Desktop/projects/Legal_Insights_Engine/.venv/lib/python3.11/site-packages/airflow/example_dags/example_sensor_decorator.py
[2024-04-13T15:05:19.182-0400] {processor.py:830} INFO - Processing file /Users/manideepakreddyaila/Desktop/projects/Legal_Insights_Engine/.venv/lib/python3.11/site-packages/airflow/example_dags/example_sensor_decorator.py for tasks to queue
[2024-04-13T15:05:19.182-0400] {logging_mixin.py:188} INFO - [2024-04-13T15:05:19.182-0400] {dagbag.py:540} INFO - Filling up the DagBag from /Users/manideepakreddyaila/Desktop/projects/Legal_Insights_Engine/.venv/lib/python3.11/site-packages/airflow/example_dags/example_sensor_decorator.py
[2024-04-13T15:05:19.226-0400] {processor.py:840} INFO - DAG(s) 'example_sensor_decorator' retrieved from /Users/manideepakreddyaila/Desktop/projects/Legal_Insights_Engine/.venv/lib/python3.11/site-packages/airflow/example_dags/example_sensor_decorator.py
[2024-04-13T15:05:19.266-0400] {logging_mixin.py:188} INFO - [2024-04-13T15:05:19.266-0400] {dag.py:3096} INFO - Sync 1 DAGs
[2024-04-13T15:05:19.270-0400] {logging_mixin.py:188} INFO - [2024-04-13T15:05:19.269-0400] {dag.py:3954} INFO - Setting next_dagrun for example_sensor_decorator to None, run_after=None
[2024-04-13T15:05:19.276-0400] {processor.py:183} INFO - Processing /Users/manideepakreddyaila/Desktop/projects/Legal_Insights_Engine/.venv/lib/python3.11/site-packages/airflow/example_dags/example_sensor_decorator.py took 0.096 seconds
[2024-04-13T15:07:20.111-0400] {processor.py:161} INFO - Started process (PID=30529) to work on /Users/manideepakreddyaila/Desktop/projects/Legal_Insights_Engine/.venv/lib/python3.11/site-packages/airflow/example_dags/example_sensor_decorator.py
[2024-04-13T15:07:20.111-0400] {processor.py:830} INFO - Processing file /Users/manideepakreddyaila/Desktop/projects/Legal_Insights_Engine/.venv/lib/python3.11/site-packages/airflow/example_dags/example_sensor_decorator.py for tasks to queue
[2024-04-13T15:07:20.112-0400] {logging_mixin.py:188} INFO - [2024-04-13T15:07:20.111-0400] {dagbag.py:540} INFO - Filling up the DagBag from /Users/manideepakreddyaila/Desktop/projects/Legal_Insights_Engine/.venv/lib/python3.11/site-packages/airflow/example_dags/example_sensor_decorator.py
[2024-04-13T15:07:20.152-0400] {processor.py:840} INFO - DAG(s) 'example_sensor_decorator' retrieved from /Users/manideepakreddyaila/Desktop/projects/Legal_Insights_Engine/.venv/lib/python3.11/site-packages/airflow/example_dags/example_sensor_decorator.py
[2024-04-13T15:07:20.191-0400] {logging_mixin.py:188} INFO - [2024-04-13T15:07:20.191-0400] {dag.py:3096} INFO - Sync 1 DAGs
[2024-04-13T15:07:20.195-0400] {logging_mixin.py:188} INFO - [2024-04-13T15:07:20.195-0400] {dag.py:3954} INFO - Setting next_dagrun for example_sensor_decorator to None, run_after=None
[2024-04-13T15:07:20.201-0400] {processor.py:183} INFO - Processing /Users/manideepakreddyaila/Desktop/projects/Legal_Insights_Engine/.venv/lib/python3.11/site-packages/airflow/example_dags/example_sensor_decorator.py took 0.091 seconds
[2024-04-13T15:14:33.818-0400] {processor.py:161} INFO - Started process (PID=30730) to work on /Users/manideepakreddyaila/Desktop/projects/Legal_Insights_Engine/.venv/lib/python3.11/site-packages/airflow/example_dags/example_sensor_decorator.py
[2024-04-13T15:14:33.819-0400] {processor.py:830} INFO - Processing file /Users/manideepakreddyaila/Desktop/projects/Legal_Insights_Engine/.venv/lib/python3.11/site-packages/airflow/example_dags/example_sensor_decorator.py for tasks to queue
[2024-04-13T15:14:33.820-0400] {logging_mixin.py:188} INFO - [2024-04-13T15:14:33.819-0400] {dagbag.py:540} INFO - Filling up the DagBag from /Users/manideepakreddyaila/Desktop/projects/Legal_Insights_Engine/.venv/lib/python3.11/site-packages/airflow/example_dags/example_sensor_decorator.py
[2024-04-13T15:14:33.858-0400] {processor.py:840} INFO - DAG(s) 'example_sensor_decorator' retrieved from /Users/manideepakreddyaila/Desktop/projects/Legal_Insights_Engine/.venv/lib/python3.11/site-packages/airflow/example_dags/example_sensor_decorator.py
[2024-04-13T15:14:33.897-0400] {logging_mixin.py:188} INFO - [2024-04-13T15:14:33.897-0400] {dag.py:3096} INFO - Sync 1 DAGs
[2024-04-13T15:14:33.901-0400] {logging_mixin.py:188} INFO - [2024-04-13T15:14:33.901-0400] {dag.py:3954} INFO - Setting next_dagrun for example_sensor_decorator to None, run_after=None
[2024-04-13T15:14:33.907-0400] {processor.py:183} INFO - Processing /Users/manideepakreddyaila/Desktop/projects/Legal_Insights_Engine/.venv/lib/python3.11/site-packages/airflow/example_dags/example_sensor_decorator.py took 0.089 seconds
[2024-04-13T15:16:31.536-0400] {processor.py:161} INFO - Started process (PID=30848) to work on /Users/manideepakreddyaila/Desktop/projects/Legal_Insights_Engine/.venv/lib/python3.11/site-packages/airflow/example_dags/example_sensor_decorator.py
[2024-04-13T15:16:31.537-0400] {processor.py:830} INFO - Processing file /Users/manideepakreddyaila/Desktop/projects/Legal_Insights_Engine/.venv/lib/python3.11/site-packages/airflow/example_dags/example_sensor_decorator.py for tasks to queue
[2024-04-13T15:16:31.538-0400] {logging_mixin.py:188} INFO - [2024-04-13T15:16:31.537-0400] {dagbag.py:540} INFO - Filling up the DagBag from /Users/manideepakreddyaila/Desktop/projects/Legal_Insights_Engine/.venv/lib/python3.11/site-packages/airflow/example_dags/example_sensor_decorator.py
[2024-04-13T15:16:31.575-0400] {processor.py:840} INFO - DAG(s) 'example_sensor_decorator' retrieved from /Users/manideepakreddyaila/Desktop/projects/Legal_Insights_Engine/.venv/lib/python3.11/site-packages/airflow/example_dags/example_sensor_decorator.py
[2024-04-13T15:16:31.614-0400] {logging_mixin.py:188} INFO - [2024-04-13T15:16:31.614-0400] {dag.py:3096} INFO - Sync 1 DAGs
[2024-04-13T15:16:31.618-0400] {logging_mixin.py:188} INFO - [2024-04-13T15:16:31.617-0400] {dag.py:3954} INFO - Setting next_dagrun for example_sensor_decorator to None, run_after=None
[2024-04-13T15:16:31.625-0400] {processor.py:183} INFO - Processing /Users/manideepakreddyaila/Desktop/projects/Legal_Insights_Engine/.venv/lib/python3.11/site-packages/airflow/example_dags/example_sensor_decorator.py took 0.089 seconds
[2024-04-13T15:27:23.782-0400] {processor.py:161} INFO - Started process (PID=31030) to work on /Users/manideepakreddyaila/Desktop/projects/Legal_Insights_Engine/.venv/lib/python3.11/site-packages/airflow/example_dags/example_sensor_decorator.py
[2024-04-13T15:27:23.783-0400] {processor.py:830} INFO - Processing file /Users/manideepakreddyaila/Desktop/projects/Legal_Insights_Engine/.venv/lib/python3.11/site-packages/airflow/example_dags/example_sensor_decorator.py for tasks to queue
[2024-04-13T15:27:23.783-0400] {logging_mixin.py:188} INFO - [2024-04-13T15:27:23.783-0400] {dagbag.py:540} INFO - Filling up the DagBag from /Users/manideepakreddyaila/Desktop/projects/Legal_Insights_Engine/.venv/lib/python3.11/site-packages/airflow/example_dags/example_sensor_decorator.py
[2024-04-13T15:27:23.828-0400] {processor.py:840} INFO - DAG(s) 'example_sensor_decorator' retrieved from /Users/manideepakreddyaila/Desktop/projects/Legal_Insights_Engine/.venv/lib/python3.11/site-packages/airflow/example_dags/example_sensor_decorator.py
[2024-04-13T15:27:23.871-0400] {logging_mixin.py:188} INFO - [2024-04-13T15:27:23.871-0400] {dag.py:3096} INFO - Sync 1 DAGs
[2024-04-13T15:27:23.875-0400] {logging_mixin.py:188} INFO - [2024-04-13T15:27:23.875-0400] {dag.py:3954} INFO - Setting next_dagrun for example_sensor_decorator to None, run_after=None
[2024-04-13T15:27:23.881-0400] {processor.py:183} INFO - Processing /Users/manideepakreddyaila/Desktop/projects/Legal_Insights_Engine/.venv/lib/python3.11/site-packages/airflow/example_dags/example_sensor_decorator.py took 0.100 seconds
[2024-04-13T17:52:05.940-0400] {processor.py:161} INFO - Started process (PID=31193) to work on /Users/manideepakreddyaila/Desktop/projects/Legal_Insights_Engine/.venv/lib/python3.11/site-packages/airflow/example_dags/example_sensor_decorator.py
[2024-04-13T17:52:05.941-0400] {processor.py:830} INFO - Processing file /Users/manideepakreddyaila/Desktop/projects/Legal_Insights_Engine/.venv/lib/python3.11/site-packages/airflow/example_dags/example_sensor_decorator.py for tasks to queue
[2024-04-13T17:52:05.942-0400] {logging_mixin.py:188} INFO - [2024-04-13T17:52:05.942-0400] {dagbag.py:540} INFO - Filling up the DagBag from /Users/manideepakreddyaila/Desktop/projects/Legal_Insights_Engine/.venv/lib/python3.11/site-packages/airflow/example_dags/example_sensor_decorator.py
[2024-04-13T17:52:05.981-0400] {processor.py:840} INFO - DAG(s) 'example_sensor_decorator' retrieved from /Users/manideepakreddyaila/Desktop/projects/Legal_Insights_Engine/.venv/lib/python3.11/site-packages/airflow/example_dags/example_sensor_decorator.py
[2024-04-13T17:52:06.020-0400] {logging_mixin.py:188} INFO - [2024-04-13T17:52:06.019-0400] {dag.py:3096} INFO - Sync 1 DAGs
[2024-04-13T17:52:06.023-0400] {logging_mixin.py:188} INFO - [2024-04-13T17:52:06.023-0400] {dag.py:3954} INFO - Setting next_dagrun for example_sensor_decorator to None, run_after=None
[2024-04-13T17:52:06.029-0400] {processor.py:183} INFO - Processing /Users/manideepakreddyaila/Desktop/projects/Legal_Insights_Engine/.venv/lib/python3.11/site-packages/airflow/example_dags/example_sensor_decorator.py took 0.090 seconds
[2024-04-13T18:19:50.682-0400] {processor.py:161} INFO - Started process (PID=31337) to work on /Users/manideepakreddyaila/Desktop/projects/Legal_Insights_Engine/.venv/lib/python3.11/site-packages/airflow/example_dags/example_sensor_decorator.py
[2024-04-13T18:19:50.683-0400] {processor.py:830} INFO - Processing file /Users/manideepakreddyaila/Desktop/projects/Legal_Insights_Engine/.venv/lib/python3.11/site-packages/airflow/example_dags/example_sensor_decorator.py for tasks to queue
[2024-04-13T18:19:50.684-0400] {logging_mixin.py:188} INFO - [2024-04-13T18:19:50.684-0400] {dagbag.py:540} INFO - Filling up the DagBag from /Users/manideepakreddyaila/Desktop/projects/Legal_Insights_Engine/.venv/lib/python3.11/site-packages/airflow/example_dags/example_sensor_decorator.py
[2024-04-13T18:19:50.722-0400] {processor.py:840} INFO - DAG(s) 'example_sensor_decorator' retrieved from /Users/manideepakreddyaila/Desktop/projects/Legal_Insights_Engine/.venv/lib/python3.11/site-packages/airflow/example_dags/example_sensor_decorator.py
[2024-04-13T18:19:50.761-0400] {logging_mixin.py:188} INFO - [2024-04-13T18:19:50.761-0400] {dag.py:3096} INFO - Sync 1 DAGs
[2024-04-13T18:19:50.765-0400] {logging_mixin.py:188} INFO - [2024-04-13T18:19:50.765-0400] {dag.py:3954} INFO - Setting next_dagrun for example_sensor_decorator to None, run_after=None
[2024-04-13T18:19:50.771-0400] {processor.py:183} INFO - Processing /Users/manideepakreddyaila/Desktop/projects/Legal_Insights_Engine/.venv/lib/python3.11/site-packages/airflow/example_dags/example_sensor_decorator.py took 0.090 seconds
[2024-04-13T18:59:54.603-0400] {processor.py:161} INFO - Started process (PID=31460) to work on /Users/manideepakreddyaila/Desktop/projects/Legal_Insights_Engine/.venv/lib/python3.11/site-packages/airflow/example_dags/example_sensor_decorator.py
[2024-04-13T18:59:54.604-0400] {processor.py:830} INFO - Processing file /Users/manideepakreddyaila/Desktop/projects/Legal_Insights_Engine/.venv/lib/python3.11/site-packages/airflow/example_dags/example_sensor_decorator.py for tasks to queue
[2024-04-13T18:59:54.604-0400] {logging_mixin.py:188} INFO - [2024-04-13T18:59:54.604-0400] {dagbag.py:540} INFO - Filling up the DagBag from /Users/manideepakreddyaila/Desktop/projects/Legal_Insights_Engine/.venv/lib/python3.11/site-packages/airflow/example_dags/example_sensor_decorator.py
[2024-04-13T18:59:54.643-0400] {processor.py:840} INFO - DAG(s) 'example_sensor_decorator' retrieved from /Users/manideepakreddyaila/Desktop/projects/Legal_Insights_Engine/.venv/lib/python3.11/site-packages/airflow/example_dags/example_sensor_decorator.py
[2024-04-13T18:59:54.683-0400] {logging_mixin.py:188} INFO - [2024-04-13T18:59:54.682-0400] {dag.py:3096} INFO - Sync 1 DAGs
[2024-04-13T18:59:54.686-0400] {logging_mixin.py:188} INFO - [2024-04-13T18:59:54.686-0400] {dag.py:3954} INFO - Setting next_dagrun for example_sensor_decorator to None, run_after=None
[2024-04-13T18:59:54.692-0400] {processor.py:183} INFO - Processing /Users/manideepakreddyaila/Desktop/projects/Legal_Insights_Engine/.venv/lib/python3.11/site-packages/airflow/example_dags/example_sensor_decorator.py took 0.090 seconds
[2024-04-13T19:10:39.227-0400] {processor.py:161} INFO - Started process (PID=31562) to work on /Users/manideepakreddyaila/Desktop/projects/Legal_Insights_Engine/.venv/lib/python3.11/site-packages/airflow/example_dags/example_sensor_decorator.py
[2024-04-13T19:10:39.228-0400] {processor.py:830} INFO - Processing file /Users/manideepakreddyaila/Desktop/projects/Legal_Insights_Engine/.venv/lib/python3.11/site-packages/airflow/example_dags/example_sensor_decorator.py for tasks to queue
[2024-04-13T19:10:39.228-0400] {logging_mixin.py:188} INFO - [2024-04-13T19:10:39.228-0400] {dagbag.py:540} INFO - Filling up the DagBag from /Users/manideepakreddyaila/Desktop/projects/Legal_Insights_Engine/.venv/lib/python3.11/site-packages/airflow/example_dags/example_sensor_decorator.py
[2024-04-13T19:10:39.266-0400] {processor.py:840} INFO - DAG(s) 'example_sensor_decorator' retrieved from /Users/manideepakreddyaila/Desktop/projects/Legal_Insights_Engine/.venv/lib/python3.11/site-packages/airflow/example_dags/example_sensor_decorator.py
[2024-04-13T19:10:39.305-0400] {logging_mixin.py:188} INFO - [2024-04-13T19:10:39.305-0400] {dag.py:3096} INFO - Sync 1 DAGs
[2024-04-13T19:10:39.308-0400] {logging_mixin.py:188} INFO - [2024-04-13T19:10:39.308-0400] {dag.py:3954} INFO - Setting next_dagrun for example_sensor_decorator to None, run_after=None
[2024-04-13T19:10:39.314-0400] {processor.py:183} INFO - Processing /Users/manideepakreddyaila/Desktop/projects/Legal_Insights_Engine/.venv/lib/python3.11/site-packages/airflow/example_dags/example_sensor_decorator.py took 0.089 seconds
