[2024-04-13T14:57:37.108-0400] {processor.py:161} INFO - Started process (PID=29934) to work on /Users/manideepakreddyaila/Desktop/projects/Legal_Insights_Engine/.venv/lib/python3.11/site-packages/airflow/example_dags/example_task_group_decorator.py
[2024-04-13T14:57:37.109-0400] {processor.py:830} INFO - Processing file /Users/manideepakreddyaila/Desktop/projects/Legal_Insights_Engine/.venv/lib/python3.11/site-packages/airflow/example_dags/example_task_group_decorator.py for tasks to queue
[2024-04-13T14:57:37.109-0400] {logging_mixin.py:188} INFO - [2024-04-13T14:57:37.109-0400] {dagbag.py:540} INFO - Filling up the DagBag from /Users/manideepakreddyaila/Desktop/projects/Legal_Insights_Engine/.venv/lib/python3.11/site-packages/airflow/example_dags/example_task_group_decorator.py
[2024-04-13T14:57:37.170-0400] {processor.py:840} INFO - DAG(s) 'example_task_group_decorator' retrieved from /Users/manideepakreddyaila/Desktop/projects/Legal_Insights_Engine/.venv/lib/python3.11/site-packages/airflow/example_dags/example_task_group_decorator.py
[2024-04-13T14:57:37.242-0400] {logging_mixin.py:188} INFO - [2024-04-13T14:57:37.242-0400] {override.py:1829} INFO - Created Permission View: can edit on DAG:example_task_group_decorator
[2024-04-13T14:57:37.245-0400] {logging_mixin.py:188} INFO - [2024-04-13T14:57:37.245-0400] {override.py:1829} INFO - Created Permission View: can read on DAG:example_task_group_decorator
[2024-04-13T14:57:37.247-0400] {logging_mixin.py:188} INFO - [2024-04-13T14:57:37.247-0400] {override.py:1829} INFO - Created Permission View: can delete on DAG:example_task_group_decorator
[2024-04-13T14:57:37.247-0400] {logging_mixin.py:188} INFO - [2024-04-13T14:57:37.247-0400] {dag.py:3096} INFO - Sync 1 DAGs
[2024-04-13T14:57:37.250-0400] {logging_mixin.py:188} INFO - [2024-04-13T14:57:37.250-0400] {dag.py:3118} INFO - Creating ORM DAG for example_task_group_decorator
[2024-04-13T14:57:37.254-0400] {logging_mixin.py:188} INFO - [2024-04-13T14:57:37.254-0400] {dag.py:3954} INFO - Setting next_dagrun for example_task_group_decorator to 2024-04-12 00:00:00+00:00, run_after=2024-04-13 00:00:00+00:00
[2024-04-13T14:57:37.262-0400] {processor.py:183} INFO - Processing /Users/manideepakreddyaila/Desktop/projects/Legal_Insights_Engine/.venv/lib/python3.11/site-packages/airflow/example_dags/example_task_group_decorator.py took 0.155 seconds
[2024-04-13T14:59:09.104-0400] {processor.py:161} INFO - Started process (PID=30027) to work on /Users/manideepakreddyaila/Desktop/projects/Legal_Insights_Engine/.venv/lib/python3.11/site-packages/airflow/example_dags/example_task_group_decorator.py
[2024-04-13T14:59:09.105-0400] {processor.py:830} INFO - Processing file /Users/manideepakreddyaila/Desktop/projects/Legal_Insights_Engine/.venv/lib/python3.11/site-packages/airflow/example_dags/example_task_group_decorator.py for tasks to queue
[2024-04-13T14:59:09.105-0400] {logging_mixin.py:188} INFO - [2024-04-13T14:59:09.105-0400] {dagbag.py:540} INFO - Filling up the DagBag from /Users/manideepakreddyaila/Desktop/projects/Legal_Insights_Engine/.venv/lib/python3.11/site-packages/airflow/example_dags/example_task_group_decorator.py
[2024-04-13T14:59:09.146-0400] {processor.py:840} INFO - DAG(s) 'example_task_group_decorator' retrieved from /Users/manideepakreddyaila/Desktop/projects/Legal_Insights_Engine/.venv/lib/python3.11/site-packages/airflow/example_dags/example_task_group_decorator.py
[2024-04-13T14:59:09.183-0400] {logging_mixin.py:188} INFO - [2024-04-13T14:59:09.182-0400] {dag.py:3096} INFO - Sync 1 DAGs
[2024-04-13T14:59:09.189-0400] {logging_mixin.py:188} INFO - [2024-04-13T14:59:09.189-0400] {dag.py:3954} INFO - Setting next_dagrun for example_task_group_decorator to 2024-04-12 00:00:00+00:00, run_after=2024-04-13 00:00:00+00:00
[2024-04-13T14:59:09.195-0400] {processor.py:183} INFO - Processing /Users/manideepakreddyaila/Desktop/projects/Legal_Insights_Engine/.venv/lib/python3.11/site-packages/airflow/example_dags/example_task_group_decorator.py took 0.092 seconds
[2024-04-13T15:00:07.339-0400] {processor.py:161} INFO - Started process (PID=30071) to work on /Users/manideepakreddyaila/Desktop/projects/Legal_Insights_Engine/.venv/lib/python3.11/site-packages/airflow/example_dags/example_task_group_decorator.py
[2024-04-13T15:00:07.340-0400] {processor.py:830} INFO - Processing file /Users/manideepakreddyaila/Desktop/projects/Legal_Insights_Engine/.venv/lib/python3.11/site-packages/airflow/example_dags/example_task_group_decorator.py for tasks to queue
[2024-04-13T15:00:07.340-0400] {logging_mixin.py:188} INFO - [2024-04-13T15:00:07.340-0400] {dagbag.py:540} INFO - Filling up the DagBag from /Users/manideepakreddyaila/Desktop/projects/Legal_Insights_Engine/.venv/lib/python3.11/site-packages/airflow/example_dags/example_task_group_decorator.py
[2024-04-13T15:00:07.383-0400] {processor.py:840} INFO - DAG(s) 'example_task_group_decorator' retrieved from /Users/manideepakreddyaila/Desktop/projects/Legal_Insights_Engine/.venv/lib/python3.11/site-packages/airflow/example_dags/example_task_group_decorator.py
[2024-04-13T15:00:07.420-0400] {logging_mixin.py:188} INFO - [2024-04-13T15:00:07.420-0400] {dag.py:3096} INFO - Sync 1 DAGs
[2024-04-13T15:00:07.426-0400] {logging_mixin.py:188} INFO - [2024-04-13T15:00:07.426-0400] {dag.py:3954} INFO - Setting next_dagrun for example_task_group_decorator to 2024-04-12 00:00:00+00:00, run_after=2024-04-13 00:00:00+00:00
[2024-04-13T15:00:07.432-0400] {processor.py:183} INFO - Processing /Users/manideepakreddyaila/Desktop/projects/Legal_Insights_Engine/.venv/lib/python3.11/site-packages/airflow/example_dags/example_task_group_decorator.py took 0.094 seconds
[2024-04-13T15:01:08.512-0400] {processor.py:161} INFO - Started process (PID=30127) to work on /Users/manideepakreddyaila/Desktop/projects/Legal_Insights_Engine/.venv/lib/python3.11/site-packages/airflow/example_dags/example_task_group_decorator.py
[2024-04-13T15:01:08.512-0400] {processor.py:830} INFO - Processing file /Users/manideepakreddyaila/Desktop/projects/Legal_Insights_Engine/.venv/lib/python3.11/site-packages/airflow/example_dags/example_task_group_decorator.py for tasks to queue
[2024-04-13T15:01:08.513-0400] {logging_mixin.py:188} INFO - [2024-04-13T15:01:08.513-0400] {dagbag.py:540} INFO - Filling up the DagBag from /Users/manideepakreddyaila/Desktop/projects/Legal_Insights_Engine/.venv/lib/python3.11/site-packages/airflow/example_dags/example_task_group_decorator.py
[2024-04-13T15:01:08.554-0400] {processor.py:840} INFO - DAG(s) 'example_task_group_decorator' retrieved from /Users/manideepakreddyaila/Desktop/projects/Legal_Insights_Engine/.venv/lib/python3.11/site-packages/airflow/example_dags/example_task_group_decorator.py
[2024-04-13T15:01:08.591-0400] {logging_mixin.py:188} INFO - [2024-04-13T15:01:08.590-0400] {dag.py:3096} INFO - Sync 1 DAGs
[2024-04-13T15:01:08.597-0400] {logging_mixin.py:188} INFO - [2024-04-13T15:01:08.596-0400] {dag.py:3954} INFO - Setting next_dagrun for example_task_group_decorator to 2024-04-12 00:00:00+00:00, run_after=2024-04-13 00:00:00+00:00
[2024-04-13T15:01:08.602-0400] {processor.py:183} INFO - Processing /Users/manideepakreddyaila/Desktop/projects/Legal_Insights_Engine/.venv/lib/python3.11/site-packages/airflow/example_dags/example_task_group_decorator.py took 0.092 seconds
[2024-04-13T15:03:01.808-0400] {processor.py:161} INFO - Started process (PID=30228) to work on /Users/manideepakreddyaila/Desktop/projects/Legal_Insights_Engine/.venv/lib/python3.11/site-packages/airflow/example_dags/example_task_group_decorator.py
[2024-04-13T15:03:01.810-0400] {processor.py:830} INFO - Processing file /Users/manideepakreddyaila/Desktop/projects/Legal_Insights_Engine/.venv/lib/python3.11/site-packages/airflow/example_dags/example_task_group_decorator.py for tasks to queue
[2024-04-13T15:03:01.810-0400] {logging_mixin.py:188} INFO - [2024-04-13T15:03:01.810-0400] {dagbag.py:540} INFO - Filling up the DagBag from /Users/manideepakreddyaila/Desktop/projects/Legal_Insights_Engine/.venv/lib/python3.11/site-packages/airflow/example_dags/example_task_group_decorator.py
[2024-04-13T15:03:01.852-0400] {processor.py:840} INFO - DAG(s) 'example_task_group_decorator' retrieved from /Users/manideepakreddyaila/Desktop/projects/Legal_Insights_Engine/.venv/lib/python3.11/site-packages/airflow/example_dags/example_task_group_decorator.py
[2024-04-13T15:03:01.888-0400] {logging_mixin.py:188} INFO - [2024-04-13T15:03:01.888-0400] {dag.py:3096} INFO - Sync 1 DAGs
[2024-04-13T15:03:01.894-0400] {logging_mixin.py:188} INFO - [2024-04-13T15:03:01.894-0400] {dag.py:3954} INFO - Setting next_dagrun for example_task_group_decorator to 2024-04-12 00:00:00+00:00, run_after=2024-04-13 00:00:00+00:00
[2024-04-13T15:03:01.900-0400] {processor.py:183} INFO - Processing /Users/manideepakreddyaila/Desktop/projects/Legal_Insights_Engine/.venv/lib/python3.11/site-packages/airflow/example_dags/example_task_group_decorator.py took 0.093 seconds
[2024-04-13T15:04:02.432-0400] {processor.py:161} INFO - Started process (PID=30283) to work on /Users/manideepakreddyaila/Desktop/projects/Legal_Insights_Engine/.venv/lib/python3.11/site-packages/airflow/example_dags/example_task_group_decorator.py
[2024-04-13T15:04:02.432-0400] {processor.py:830} INFO - Processing file /Users/manideepakreddyaila/Desktop/projects/Legal_Insights_Engine/.venv/lib/python3.11/site-packages/airflow/example_dags/example_task_group_decorator.py for tasks to queue
[2024-04-13T15:04:02.432-0400] {logging_mixin.py:188} INFO - [2024-04-13T15:04:02.432-0400] {dagbag.py:540} INFO - Filling up the DagBag from /Users/manideepakreddyaila/Desktop/projects/Legal_Insights_Engine/.venv/lib/python3.11/site-packages/airflow/example_dags/example_task_group_decorator.py
[2024-04-13T15:04:02.473-0400] {processor.py:840} INFO - DAG(s) 'example_task_group_decorator' retrieved from /Users/manideepakreddyaila/Desktop/projects/Legal_Insights_Engine/.venv/lib/python3.11/site-packages/airflow/example_dags/example_task_group_decorator.py
[2024-04-13T15:04:02.509-0400] {logging_mixin.py:188} INFO - [2024-04-13T15:04:02.509-0400] {dag.py:3096} INFO - Sync 1 DAGs
[2024-04-13T15:04:02.515-0400] {logging_mixin.py:188} INFO - [2024-04-13T15:04:02.515-0400] {dag.py:3954} INFO - Setting next_dagrun for example_task_group_decorator to 2024-04-12 00:00:00+00:00, run_after=2024-04-13 00:00:00+00:00
[2024-04-13T15:04:02.521-0400] {processor.py:183} INFO - Processing /Users/manideepakreddyaila/Desktop/projects/Legal_Insights_Engine/.venv/lib/python3.11/site-packages/airflow/example_dags/example_task_group_decorator.py took 0.090 seconds
[2024-04-13T15:05:01.781-0400] {processor.py:161} INFO - Started process (PID=30328) to work on /Users/manideepakreddyaila/Desktop/projects/Legal_Insights_Engine/.venv/lib/python3.11/site-packages/airflow/example_dags/example_task_group_decorator.py
[2024-04-13T15:05:01.782-0400] {processor.py:830} INFO - Processing file /Users/manideepakreddyaila/Desktop/projects/Legal_Insights_Engine/.venv/lib/python3.11/site-packages/airflow/example_dags/example_task_group_decorator.py for tasks to queue
[2024-04-13T15:05:01.782-0400] {logging_mixin.py:188} INFO - [2024-04-13T15:05:01.782-0400] {dagbag.py:540} INFO - Filling up the DagBag from /Users/manideepakreddyaila/Desktop/projects/Legal_Insights_Engine/.venv/lib/python3.11/site-packages/airflow/example_dags/example_task_group_decorator.py
[2024-04-13T15:05:01.824-0400] {processor.py:840} INFO - DAG(s) 'example_task_group_decorator' retrieved from /Users/manideepakreddyaila/Desktop/projects/Legal_Insights_Engine/.venv/lib/python3.11/site-packages/airflow/example_dags/example_task_group_decorator.py
[2024-04-13T15:05:01.861-0400] {logging_mixin.py:188} INFO - [2024-04-13T15:05:01.861-0400] {dag.py:3096} INFO - Sync 1 DAGs
[2024-04-13T15:05:01.867-0400] {logging_mixin.py:188} INFO - [2024-04-13T15:05:01.867-0400] {dag.py:3954} INFO - Setting next_dagrun for example_task_group_decorator to 2024-04-12 00:00:00+00:00, run_after=2024-04-13 00:00:00+00:00
[2024-04-13T15:05:01.873-0400] {processor.py:183} INFO - Processing /Users/manideepakreddyaila/Desktop/projects/Legal_Insights_Engine/.venv/lib/python3.11/site-packages/airflow/example_dags/example_task_group_decorator.py took 0.093 seconds
[2024-04-13T15:06:01.911-0400] {processor.py:161} INFO - Started process (PID=30420) to work on /Users/manideepakreddyaila/Desktop/projects/Legal_Insights_Engine/.venv/lib/python3.11/site-packages/airflow/example_dags/example_task_group_decorator.py
[2024-04-13T15:06:01.912-0400] {processor.py:830} INFO - Processing file /Users/manideepakreddyaila/Desktop/projects/Legal_Insights_Engine/.venv/lib/python3.11/site-packages/airflow/example_dags/example_task_group_decorator.py for tasks to queue
[2024-04-13T15:06:01.912-0400] {logging_mixin.py:188} INFO - [2024-04-13T15:06:01.912-0400] {dagbag.py:540} INFO - Filling up the DagBag from /Users/manideepakreddyaila/Desktop/projects/Legal_Insights_Engine/.venv/lib/python3.11/site-packages/airflow/example_dags/example_task_group_decorator.py
[2024-04-13T15:06:01.953-0400] {processor.py:840} INFO - DAG(s) 'example_task_group_decorator' retrieved from /Users/manideepakreddyaila/Desktop/projects/Legal_Insights_Engine/.venv/lib/python3.11/site-packages/airflow/example_dags/example_task_group_decorator.py
[2024-04-13T15:06:01.989-0400] {logging_mixin.py:188} INFO - [2024-04-13T15:06:01.989-0400] {dag.py:3096} INFO - Sync 1 DAGs
[2024-04-13T15:06:01.995-0400] {logging_mixin.py:188} INFO - [2024-04-13T15:06:01.995-0400] {dag.py:3954} INFO - Setting next_dagrun for example_task_group_decorator to 2024-04-12 00:00:00+00:00, run_after=2024-04-13 00:00:00+00:00
[2024-04-13T15:06:02.001-0400] {processor.py:183} INFO - Processing /Users/manideepakreddyaila/Desktop/projects/Legal_Insights_Engine/.venv/lib/python3.11/site-packages/airflow/example_dags/example_task_group_decorator.py took 0.091 seconds
[2024-04-13T15:07:03.034-0400] {processor.py:161} INFO - Started process (PID=30486) to work on /Users/manideepakreddyaila/Desktop/projects/Legal_Insights_Engine/.venv/lib/python3.11/site-packages/airflow/example_dags/example_task_group_decorator.py
[2024-04-13T15:07:03.034-0400] {processor.py:830} INFO - Processing file /Users/manideepakreddyaila/Desktop/projects/Legal_Insights_Engine/.venv/lib/python3.11/site-packages/airflow/example_dags/example_task_group_decorator.py for tasks to queue
[2024-04-13T15:07:03.035-0400] {logging_mixin.py:188} INFO - [2024-04-13T15:07:03.035-0400] {dagbag.py:540} INFO - Filling up the DagBag from /Users/manideepakreddyaila/Desktop/projects/Legal_Insights_Engine/.venv/lib/python3.11/site-packages/airflow/example_dags/example_task_group_decorator.py
[2024-04-13T15:07:03.075-0400] {processor.py:840} INFO - DAG(s) 'example_task_group_decorator' retrieved from /Users/manideepakreddyaila/Desktop/projects/Legal_Insights_Engine/.venv/lib/python3.11/site-packages/airflow/example_dags/example_task_group_decorator.py
[2024-04-13T15:07:03.112-0400] {logging_mixin.py:188} INFO - [2024-04-13T15:07:03.112-0400] {dag.py:3096} INFO - Sync 1 DAGs
[2024-04-13T15:07:03.118-0400] {logging_mixin.py:188} INFO - [2024-04-13T15:07:03.118-0400] {dag.py:3954} INFO - Setting next_dagrun for example_task_group_decorator to 2024-04-12 00:00:00+00:00, run_after=2024-04-13 00:00:00+00:00
[2024-04-13T15:07:03.124-0400] {processor.py:183} INFO - Processing /Users/manideepakreddyaila/Desktop/projects/Legal_Insights_Engine/.venv/lib/python3.11/site-packages/airflow/example_dags/example_task_group_decorator.py took 0.091 seconds
[2024-04-13T15:08:04.049-0400] {processor.py:161} INFO - Started process (PID=30560) to work on /Users/manideepakreddyaila/Desktop/projects/Legal_Insights_Engine/.venv/lib/python3.11/site-packages/airflow/example_dags/example_task_group_decorator.py
[2024-04-13T15:08:04.050-0400] {processor.py:830} INFO - Processing file /Users/manideepakreddyaila/Desktop/projects/Legal_Insights_Engine/.venv/lib/python3.11/site-packages/airflow/example_dags/example_task_group_decorator.py for tasks to queue
[2024-04-13T15:08:04.050-0400] {logging_mixin.py:188} INFO - [2024-04-13T15:08:04.050-0400] {dagbag.py:540} INFO - Filling up the DagBag from /Users/manideepakreddyaila/Desktop/projects/Legal_Insights_Engine/.venv/lib/python3.11/site-packages/airflow/example_dags/example_task_group_decorator.py
[2024-04-13T15:08:04.092-0400] {processor.py:840} INFO - DAG(s) 'example_task_group_decorator' retrieved from /Users/manideepakreddyaila/Desktop/projects/Legal_Insights_Engine/.venv/lib/python3.11/site-packages/airflow/example_dags/example_task_group_decorator.py
[2024-04-13T15:08:04.128-0400] {logging_mixin.py:188} INFO - [2024-04-13T15:08:04.128-0400] {dag.py:3096} INFO - Sync 1 DAGs
[2024-04-13T15:08:04.134-0400] {logging_mixin.py:188} INFO - [2024-04-13T15:08:04.134-0400] {dag.py:3954} INFO - Setting next_dagrun for example_task_group_decorator to 2024-04-12 00:00:00+00:00, run_after=2024-04-13 00:00:00+00:00
[2024-04-13T15:08:04.140-0400] {processor.py:183} INFO - Processing /Users/manideepakreddyaila/Desktop/projects/Legal_Insights_Engine/.venv/lib/python3.11/site-packages/airflow/example_dags/example_task_group_decorator.py took 0.091 seconds
[2024-04-13T15:14:16.181-0400] {processor.py:161} INFO - Started process (PID=30699) to work on /Users/manideepakreddyaila/Desktop/projects/Legal_Insights_Engine/.venv/lib/python3.11/site-packages/airflow/example_dags/example_task_group_decorator.py
[2024-04-13T15:14:16.182-0400] {processor.py:830} INFO - Processing file /Users/manideepakreddyaila/Desktop/projects/Legal_Insights_Engine/.venv/lib/python3.11/site-packages/airflow/example_dags/example_task_group_decorator.py for tasks to queue
[2024-04-13T15:14:16.182-0400] {logging_mixin.py:188} INFO - [2024-04-13T15:14:16.182-0400] {dagbag.py:540} INFO - Filling up the DagBag from /Users/manideepakreddyaila/Desktop/projects/Legal_Insights_Engine/.venv/lib/python3.11/site-packages/airflow/example_dags/example_task_group_decorator.py
[2024-04-13T15:14:16.294-0400] {processor.py:840} INFO - DAG(s) 'example_task_group_decorator' retrieved from /Users/manideepakreddyaila/Desktop/projects/Legal_Insights_Engine/.venv/lib/python3.11/site-packages/airflow/example_dags/example_task_group_decorator.py
[2024-04-13T15:14:16.379-0400] {logging_mixin.py:188} INFO - [2024-04-13T15:14:16.379-0400] {dag.py:3096} INFO - Sync 1 DAGs
[2024-04-13T15:14:16.388-0400] {logging_mixin.py:188} INFO - [2024-04-13T15:14:16.388-0400] {dag.py:3954} INFO - Setting next_dagrun for example_task_group_decorator to 2024-04-12 00:00:00+00:00, run_after=2024-04-13 00:00:00+00:00
[2024-04-13T15:14:16.397-0400] {processor.py:183} INFO - Processing /Users/manideepakreddyaila/Desktop/projects/Legal_Insights_Engine/.venv/lib/python3.11/site-packages/airflow/example_dags/example_task_group_decorator.py took 0.221 seconds
[2024-04-13T15:15:18.597-0400] {processor.py:161} INFO - Started process (PID=30761) to work on /Users/manideepakreddyaila/Desktop/projects/Legal_Insights_Engine/.venv/lib/python3.11/site-packages/airflow/example_dags/example_task_group_decorator.py
[2024-04-13T15:15:18.598-0400] {processor.py:830} INFO - Processing file /Users/manideepakreddyaila/Desktop/projects/Legal_Insights_Engine/.venv/lib/python3.11/site-packages/airflow/example_dags/example_task_group_decorator.py for tasks to queue
[2024-04-13T15:15:18.598-0400] {logging_mixin.py:188} INFO - [2024-04-13T15:15:18.598-0400] {dagbag.py:540} INFO - Filling up the DagBag from /Users/manideepakreddyaila/Desktop/projects/Legal_Insights_Engine/.venv/lib/python3.11/site-packages/airflow/example_dags/example_task_group_decorator.py
[2024-04-13T15:15:18.641-0400] {processor.py:840} INFO - DAG(s) 'example_task_group_decorator' retrieved from /Users/manideepakreddyaila/Desktop/projects/Legal_Insights_Engine/.venv/lib/python3.11/site-packages/airflow/example_dags/example_task_group_decorator.py
[2024-04-13T15:15:18.677-0400] {logging_mixin.py:188} INFO - [2024-04-13T15:15:18.677-0400] {dag.py:3096} INFO - Sync 1 DAGs
[2024-04-13T15:15:18.683-0400] {logging_mixin.py:188} INFO - [2024-04-13T15:15:18.683-0400] {dag.py:3954} INFO - Setting next_dagrun for example_task_group_decorator to 2024-04-12 00:00:00+00:00, run_after=2024-04-13 00:00:00+00:00
[2024-04-13T15:15:18.689-0400] {processor.py:183} INFO - Processing /Users/manideepakreddyaila/Desktop/projects/Legal_Insights_Engine/.venv/lib/python3.11/site-packages/airflow/example_dags/example_task_group_decorator.py took 0.093 seconds
[2024-04-13T15:16:18.299-0400] {processor.py:161} INFO - Started process (PID=30820) to work on /Users/manideepakreddyaila/Desktop/projects/Legal_Insights_Engine/.venv/lib/python3.11/site-packages/airflow/example_dags/example_task_group_decorator.py
[2024-04-13T15:16:18.299-0400] {processor.py:830} INFO - Processing file /Users/manideepakreddyaila/Desktop/projects/Legal_Insights_Engine/.venv/lib/python3.11/site-packages/airflow/example_dags/example_task_group_decorator.py for tasks to queue
[2024-04-13T15:16:18.301-0400] {logging_mixin.py:188} INFO - [2024-04-13T15:16:18.300-0400] {dagbag.py:540} INFO - Filling up the DagBag from /Users/manideepakreddyaila/Desktop/projects/Legal_Insights_Engine/.venv/lib/python3.11/site-packages/airflow/example_dags/example_task_group_decorator.py
[2024-04-13T15:16:18.375-0400] {processor.py:840} INFO - DAG(s) 'example_task_group_decorator' retrieved from /Users/manideepakreddyaila/Desktop/projects/Legal_Insights_Engine/.venv/lib/python3.11/site-packages/airflow/example_dags/example_task_group_decorator.py
[2024-04-13T15:16:18.414-0400] {logging_mixin.py:188} INFO - [2024-04-13T15:16:18.413-0400] {dag.py:3096} INFO - Sync 1 DAGs
[2024-04-13T15:16:18.420-0400] {logging_mixin.py:188} INFO - [2024-04-13T15:16:18.420-0400] {dag.py:3954} INFO - Setting next_dagrun for example_task_group_decorator to 2024-04-12 00:00:00+00:00, run_after=2024-04-13 00:00:00+00:00
[2024-04-13T15:16:18.426-0400] {processor.py:183} INFO - Processing /Users/manideepakreddyaila/Desktop/projects/Legal_Insights_Engine/.venv/lib/python3.11/site-packages/airflow/example_dags/example_task_group_decorator.py took 0.131 seconds
[2024-04-13T15:25:51.749-0400] {processor.py:161} INFO - Started process (PID=30994) to work on /Users/manideepakreddyaila/Desktop/projects/Legal_Insights_Engine/.venv/lib/python3.11/site-packages/airflow/example_dags/example_task_group_decorator.py
[2024-04-13T15:25:51.750-0400] {processor.py:830} INFO - Processing file /Users/manideepakreddyaila/Desktop/projects/Legal_Insights_Engine/.venv/lib/python3.11/site-packages/airflow/example_dags/example_task_group_decorator.py for tasks to queue
[2024-04-13T15:25:51.750-0400] {logging_mixin.py:188} INFO - [2024-04-13T15:25:51.750-0400] {dagbag.py:540} INFO - Filling up the DagBag from /Users/manideepakreddyaila/Desktop/projects/Legal_Insights_Engine/.venv/lib/python3.11/site-packages/airflow/example_dags/example_task_group_decorator.py
[2024-04-13T15:25:51.791-0400] {processor.py:840} INFO - DAG(s) 'example_task_group_decorator' retrieved from /Users/manideepakreddyaila/Desktop/projects/Legal_Insights_Engine/.venv/lib/python3.11/site-packages/airflow/example_dags/example_task_group_decorator.py
[2024-04-13T15:25:51.827-0400] {logging_mixin.py:188} INFO - [2024-04-13T15:25:51.826-0400] {dag.py:3096} INFO - Sync 1 DAGs
[2024-04-13T15:25:51.833-0400] {logging_mixin.py:188} INFO - [2024-04-13T15:25:51.832-0400] {dag.py:3954} INFO - Setting next_dagrun for example_task_group_decorator to 2024-04-12 00:00:00+00:00, run_after=2024-04-13 00:00:00+00:00
[2024-04-13T15:25:51.838-0400] {processor.py:183} INFO - Processing /Users/manideepakreddyaila/Desktop/projects/Legal_Insights_Engine/.venv/lib/python3.11/site-packages/airflow/example_dags/example_task_group_decorator.py took 0.090 seconds
[2024-04-13T17:50:15.509-0400] {processor.py:161} INFO - Started process (PID=31169) to work on /Users/manideepakreddyaila/Desktop/projects/Legal_Insights_Engine/.venv/lib/python3.11/site-packages/airflow/example_dags/example_task_group_decorator.py
[2024-04-13T17:50:15.509-0400] {processor.py:830} INFO - Processing file /Users/manideepakreddyaila/Desktop/projects/Legal_Insights_Engine/.venv/lib/python3.11/site-packages/airflow/example_dags/example_task_group_decorator.py for tasks to queue
[2024-04-13T17:50:15.509-0400] {logging_mixin.py:188} INFO - [2024-04-13T17:50:15.509-0400] {dagbag.py:540} INFO - Filling up the DagBag from /Users/manideepakreddyaila/Desktop/projects/Legal_Insights_Engine/.venv/lib/python3.11/site-packages/airflow/example_dags/example_task_group_decorator.py
[2024-04-13T17:50:15.550-0400] {processor.py:840} INFO - DAG(s) 'example_task_group_decorator' retrieved from /Users/manideepakreddyaila/Desktop/projects/Legal_Insights_Engine/.venv/lib/python3.11/site-packages/airflow/example_dags/example_task_group_decorator.py
[2024-04-13T17:50:15.586-0400] {logging_mixin.py:188} INFO - [2024-04-13T17:50:15.586-0400] {dag.py:3096} INFO - Sync 1 DAGs
[2024-04-13T17:50:15.592-0400] {logging_mixin.py:188} INFO - [2024-04-13T17:50:15.592-0400] {dag.py:3954} INFO - Setting next_dagrun for example_task_group_decorator to 2024-04-12 00:00:00+00:00, run_after=2024-04-13 00:00:00+00:00
[2024-04-13T17:50:15.598-0400] {processor.py:183} INFO - Processing /Users/manideepakreddyaila/Desktop/projects/Legal_Insights_Engine/.venv/lib/python3.11/site-packages/airflow/example_dags/example_task_group_decorator.py took 0.091 seconds
[2024-04-13T18:17:56.720-0400] {processor.py:161} INFO - Started process (PID=31308) to work on /Users/manideepakreddyaila/Desktop/projects/Legal_Insights_Engine/.venv/lib/python3.11/site-packages/airflow/example_dags/example_task_group_decorator.py
[2024-04-13T18:17:56.720-0400] {processor.py:830} INFO - Processing file /Users/manideepakreddyaila/Desktop/projects/Legal_Insights_Engine/.venv/lib/python3.11/site-packages/airflow/example_dags/example_task_group_decorator.py for tasks to queue
[2024-04-13T18:17:56.721-0400] {logging_mixin.py:188} INFO - [2024-04-13T18:17:56.720-0400] {dagbag.py:540} INFO - Filling up the DagBag from /Users/manideepakreddyaila/Desktop/projects/Legal_Insights_Engine/.venv/lib/python3.11/site-packages/airflow/example_dags/example_task_group_decorator.py
[2024-04-13T18:17:56.761-0400] {processor.py:840} INFO - DAG(s) 'example_task_group_decorator' retrieved from /Users/manideepakreddyaila/Desktop/projects/Legal_Insights_Engine/.venv/lib/python3.11/site-packages/airflow/example_dags/example_task_group_decorator.py
[2024-04-13T18:17:56.796-0400] {logging_mixin.py:188} INFO - [2024-04-13T18:17:56.796-0400] {dag.py:3096} INFO - Sync 1 DAGs
[2024-04-13T18:17:56.802-0400] {logging_mixin.py:188} INFO - [2024-04-13T18:17:56.802-0400] {dag.py:3954} INFO - Setting next_dagrun for example_task_group_decorator to 2024-04-12 00:00:00+00:00, run_after=2024-04-13 00:00:00+00:00
[2024-04-13T18:17:56.808-0400] {processor.py:183} INFO - Processing /Users/manideepakreddyaila/Desktop/projects/Legal_Insights_Engine/.venv/lib/python3.11/site-packages/airflow/example_dags/example_task_group_decorator.py took 0.089 seconds
[2024-04-13T18:56:05.897-0400] {processor.py:161} INFO - Started process (PID=31432) to work on /Users/manideepakreddyaila/Desktop/projects/Legal_Insights_Engine/.venv/lib/python3.11/site-packages/airflow/example_dags/example_task_group_decorator.py
[2024-04-13T18:56:05.897-0400] {processor.py:830} INFO - Processing file /Users/manideepakreddyaila/Desktop/projects/Legal_Insights_Engine/.venv/lib/python3.11/site-packages/airflow/example_dags/example_task_group_decorator.py for tasks to queue
[2024-04-13T18:56:05.897-0400] {logging_mixin.py:188} INFO - [2024-04-13T18:56:05.897-0400] {dagbag.py:540} INFO - Filling up the DagBag from /Users/manideepakreddyaila/Desktop/projects/Legal_Insights_Engine/.venv/lib/python3.11/site-packages/airflow/example_dags/example_task_group_decorator.py
[2024-04-13T18:56:05.938-0400] {processor.py:840} INFO - DAG(s) 'example_task_group_decorator' retrieved from /Users/manideepakreddyaila/Desktop/projects/Legal_Insights_Engine/.venv/lib/python3.11/site-packages/airflow/example_dags/example_task_group_decorator.py
[2024-04-13T18:56:05.974-0400] {logging_mixin.py:188} INFO - [2024-04-13T18:56:05.974-0400] {dag.py:3096} INFO - Sync 1 DAGs
[2024-04-13T18:56:05.980-0400] {logging_mixin.py:188} INFO - [2024-04-13T18:56:05.980-0400] {dag.py:3954} INFO - Setting next_dagrun for example_task_group_decorator to 2024-04-12 00:00:00+00:00, run_after=2024-04-13 00:00:00+00:00
[2024-04-13T18:56:05.986-0400] {processor.py:183} INFO - Processing /Users/manideepakreddyaila/Desktop/projects/Legal_Insights_Engine/.venv/lib/python3.11/site-packages/airflow/example_dags/example_task_group_decorator.py took 0.090 seconds
[2024-04-13T19:09:51.461-0400] {processor.py:161} INFO - Started process (PID=31537) to work on /Users/manideepakreddyaila/Desktop/projects/Legal_Insights_Engine/.venv/lib/python3.11/site-packages/airflow/example_dags/example_task_group_decorator.py
[2024-04-13T19:09:51.463-0400] {processor.py:830} INFO - Processing file /Users/manideepakreddyaila/Desktop/projects/Legal_Insights_Engine/.venv/lib/python3.11/site-packages/airflow/example_dags/example_task_group_decorator.py for tasks to queue
[2024-04-13T19:09:51.463-0400] {logging_mixin.py:188} INFO - [2024-04-13T19:09:51.463-0400] {dagbag.py:540} INFO - Filling up the DagBag from /Users/manideepakreddyaila/Desktop/projects/Legal_Insights_Engine/.venv/lib/python3.11/site-packages/airflow/example_dags/example_task_group_decorator.py
[2024-04-13T19:09:51.503-0400] {processor.py:840} INFO - DAG(s) 'example_task_group_decorator' retrieved from /Users/manideepakreddyaila/Desktop/projects/Legal_Insights_Engine/.venv/lib/python3.11/site-packages/airflow/example_dags/example_task_group_decorator.py
[2024-04-13T19:09:51.539-0400] {logging_mixin.py:188} INFO - [2024-04-13T19:09:51.539-0400] {dag.py:3096} INFO - Sync 1 DAGs
[2024-04-13T19:09:51.545-0400] {logging_mixin.py:188} INFO - [2024-04-13T19:09:51.545-0400] {dag.py:3954} INFO - Setting next_dagrun for example_task_group_decorator to 2024-04-12 00:00:00+00:00, run_after=2024-04-13 00:00:00+00:00
[2024-04-13T19:09:51.551-0400] {processor.py:183} INFO - Processing /Users/manideepakreddyaila/Desktop/projects/Legal_Insights_Engine/.venv/lib/python3.11/site-packages/airflow/example_dags/example_task_group_decorator.py took 0.091 seconds
