[2024-04-13T14:57:55.062-0400] {processor.py:161} INFO - Started process (PID=29948) to work on /Users/manideepakreddyaila/Desktop/projects/Legal_Insights_Engine/.venv/lib/python3.11/site-packages/airflow/example_dags/example_sensors.py
[2024-04-13T14:57:55.063-0400] {processor.py:830} INFO - Processing file /Users/manideepakreddyaila/Desktop/projects/Legal_Insights_Engine/.venv/lib/python3.11/site-packages/airflow/example_dags/example_sensors.py for tasks to queue
[2024-04-13T14:57:55.063-0400] {logging_mixin.py:188} INFO - [2024-04-13T14:57:55.063-0400] {dagbag.py:540} INFO - Filling up the DagBag from /Users/manideepakreddyaila/Desktop/projects/Legal_Insights_Engine/.venv/lib/python3.11/site-packages/airflow/example_dags/example_sensors.py
[2024-04-13T14:57:55.095-0400] {processor.py:840} INFO - DAG(s) 'example_sensors' retrieved from /Users/manideepakreddyaila/Desktop/projects/Legal_Insights_Engine/.venv/lib/python3.11/site-packages/airflow/example_dags/example_sensors.py
[2024-04-13T14:57:55.167-0400] {logging_mixin.py:188} INFO - [2024-04-13T14:57:55.166-0400] {override.py:1829} INFO - Created Permission View: can read on DAG:example_sensors
[2024-04-13T14:57:55.169-0400] {logging_mixin.py:188} INFO - [2024-04-13T14:57:55.169-0400] {override.py:1829} INFO - Created Permission View: can edit on DAG:example_sensors
[2024-04-13T14:57:55.172-0400] {logging_mixin.py:188} INFO - [2024-04-13T14:57:55.172-0400] {override.py:1829} INFO - Created Permission View: can delete on DAG:example_sensors
[2024-04-13T14:57:55.172-0400] {logging_mixin.py:188} INFO - [2024-04-13T14:57:55.172-0400] {dag.py:3096} INFO - Sync 1 DAGs
[2024-04-13T14:57:55.175-0400] {logging_mixin.py:188} INFO - [2024-04-13T14:57:55.175-0400] {dag.py:3118} INFO - Creating ORM DAG for example_sensors
[2024-04-13T14:57:55.175-0400] {logging_mixin.py:188} INFO - [2024-04-13T14:57:55.175-0400] {dag.py:3954} INFO - Setting next_dagrun for example_sensors to None, run_after=None
[2024-04-13T14:57:55.181-0400] {processor.py:183} INFO - Processing /Users/manideepakreddyaila/Desktop/projects/Legal_Insights_Engine/.venv/lib/python3.11/site-packages/airflow/example_dags/example_sensors.py took 0.119 seconds
[2024-04-13T14:59:25.235-0400] {processor.py:161} INFO - Started process (PID=30045) to work on /Users/manideepakreddyaila/Desktop/projects/Legal_Insights_Engine/.venv/lib/python3.11/site-packages/airflow/example_dags/example_sensors.py
[2024-04-13T14:59:25.236-0400] {processor.py:830} INFO - Processing file /Users/manideepakreddyaila/Desktop/projects/Legal_Insights_Engine/.venv/lib/python3.11/site-packages/airflow/example_dags/example_sensors.py for tasks to queue
[2024-04-13T14:59:25.236-0400] {logging_mixin.py:188} INFO - [2024-04-13T14:59:25.236-0400] {dagbag.py:540} INFO - Filling up the DagBag from /Users/manideepakreddyaila/Desktop/projects/Legal_Insights_Engine/.venv/lib/python3.11/site-packages/airflow/example_dags/example_sensors.py
[2024-04-13T14:59:25.269-0400] {processor.py:840} INFO - DAG(s) 'example_sensors' retrieved from /Users/manideepakreddyaila/Desktop/projects/Legal_Insights_Engine/.venv/lib/python3.11/site-packages/airflow/example_dags/example_sensors.py
[2024-04-13T14:59:25.311-0400] {logging_mixin.py:188} INFO - [2024-04-13T14:59:25.311-0400] {dag.py:3096} INFO - Sync 1 DAGs
[2024-04-13T14:59:25.314-0400] {logging_mixin.py:188} INFO - [2024-04-13T14:59:25.314-0400] {dag.py:3954} INFO - Setting next_dagrun for example_sensors to None, run_after=None
[2024-04-13T14:59:25.320-0400] {processor.py:183} INFO - Processing /Users/manideepakreddyaila/Desktop/projects/Legal_Insights_Engine/.venv/lib/python3.11/site-packages/airflow/example_dags/example_sensors.py took 0.086 seconds
[2024-04-13T15:01:22.900-0400] {processor.py:161} INFO - Started process (PID=30153) to work on /Users/manideepakreddyaila/Desktop/projects/Legal_Insights_Engine/.venv/lib/python3.11/site-packages/airflow/example_dags/example_sensors.py
[2024-04-13T15:01:22.900-0400] {processor.py:830} INFO - Processing file /Users/manideepakreddyaila/Desktop/projects/Legal_Insights_Engine/.venv/lib/python3.11/site-packages/airflow/example_dags/example_sensors.py for tasks to queue
[2024-04-13T15:01:22.900-0400] {logging_mixin.py:188} INFO - [2024-04-13T15:01:22.900-0400] {dagbag.py:540} INFO - Filling up the DagBag from /Users/manideepakreddyaila/Desktop/projects/Legal_Insights_Engine/.venv/lib/python3.11/site-packages/airflow/example_dags/example_sensors.py
[2024-04-13T15:01:22.933-0400] {processor.py:840} INFO - DAG(s) 'example_sensors' retrieved from /Users/manideepakreddyaila/Desktop/projects/Legal_Insights_Engine/.venv/lib/python3.11/site-packages/airflow/example_dags/example_sensors.py
[2024-04-13T15:01:22.975-0400] {logging_mixin.py:188} INFO - [2024-04-13T15:01:22.975-0400] {dag.py:3096} INFO - Sync 1 DAGs
[2024-04-13T15:01:22.978-0400] {logging_mixin.py:188} INFO - [2024-04-13T15:01:22.978-0400] {dag.py:3954} INFO - Setting next_dagrun for example_sensors to None, run_after=None
[2024-04-13T15:01:22.984-0400] {processor.py:183} INFO - Processing /Users/manideepakreddyaila/Desktop/projects/Legal_Insights_Engine/.venv/lib/python3.11/site-packages/airflow/example_dags/example_sensors.py took 0.086 seconds
[2024-04-13T15:03:17.224-0400] {processor.py:161} INFO - Started process (PID=30252) to work on /Users/manideepakreddyaila/Desktop/projects/Legal_Insights_Engine/.venv/lib/python3.11/site-packages/airflow/example_dags/example_sensors.py
[2024-04-13T15:03:17.224-0400] {processor.py:830} INFO - Processing file /Users/manideepakreddyaila/Desktop/projects/Legal_Insights_Engine/.venv/lib/python3.11/site-packages/airflow/example_dags/example_sensors.py for tasks to queue
[2024-04-13T15:03:17.225-0400] {logging_mixin.py:188} INFO - [2024-04-13T15:03:17.225-0400] {dagbag.py:540} INFO - Filling up the DagBag from /Users/manideepakreddyaila/Desktop/projects/Legal_Insights_Engine/.venv/lib/python3.11/site-packages/airflow/example_dags/example_sensors.py
[2024-04-13T15:03:17.258-0400] {processor.py:840} INFO - DAG(s) 'example_sensors' retrieved from /Users/manideepakreddyaila/Desktop/projects/Legal_Insights_Engine/.venv/lib/python3.11/site-packages/airflow/example_dags/example_sensors.py
[2024-04-13T15:03:17.300-0400] {logging_mixin.py:188} INFO - [2024-04-13T15:03:17.300-0400] {dag.py:3096} INFO - Sync 1 DAGs
[2024-04-13T15:03:17.303-0400] {logging_mixin.py:188} INFO - [2024-04-13T15:03:17.303-0400] {dag.py:3954} INFO - Setting next_dagrun for example_sensors to None, run_after=None
[2024-04-13T15:03:17.309-0400] {processor.py:183} INFO - Processing /Users/manideepakreddyaila/Desktop/projects/Legal_Insights_Engine/.venv/lib/python3.11/site-packages/airflow/example_dags/example_sensors.py took 0.086 seconds
[2024-04-13T15:05:17.283-0400] {processor.py:161} INFO - Started process (PID=30363) to work on /Users/manideepakreddyaila/Desktop/projects/Legal_Insights_Engine/.venv/lib/python3.11/site-packages/airflow/example_dags/example_sensors.py
[2024-04-13T15:05:17.284-0400] {processor.py:830} INFO - Processing file /Users/manideepakreddyaila/Desktop/projects/Legal_Insights_Engine/.venv/lib/python3.11/site-packages/airflow/example_dags/example_sensors.py for tasks to queue
[2024-04-13T15:05:17.284-0400] {logging_mixin.py:188} INFO - [2024-04-13T15:05:17.284-0400] {dagbag.py:540} INFO - Filling up the DagBag from /Users/manideepakreddyaila/Desktop/projects/Legal_Insights_Engine/.venv/lib/python3.11/site-packages/airflow/example_dags/example_sensors.py
[2024-04-13T15:05:17.317-0400] {processor.py:840} INFO - DAG(s) 'example_sensors' retrieved from /Users/manideepakreddyaila/Desktop/projects/Legal_Insights_Engine/.venv/lib/python3.11/site-packages/airflow/example_dags/example_sensors.py
[2024-04-13T15:05:17.360-0400] {logging_mixin.py:188} INFO - [2024-04-13T15:05:17.360-0400] {dag.py:3096} INFO - Sync 1 DAGs
[2024-04-13T15:05:17.364-0400] {logging_mixin.py:188} INFO - [2024-04-13T15:05:17.364-0400] {dag.py:3954} INFO - Setting next_dagrun for example_sensors to None, run_after=None
[2024-04-13T15:05:17.370-0400] {processor.py:183} INFO - Processing /Users/manideepakreddyaila/Desktop/projects/Legal_Insights_Engine/.venv/lib/python3.11/site-packages/airflow/example_dags/example_sensors.py took 0.088 seconds
[2024-04-13T15:07:18.199-0400] {processor.py:161} INFO - Started process (PID=30524) to work on /Users/manideepakreddyaila/Desktop/projects/Legal_Insights_Engine/.venv/lib/python3.11/site-packages/airflow/example_dags/example_sensors.py
[2024-04-13T15:07:18.200-0400] {processor.py:830} INFO - Processing file /Users/manideepakreddyaila/Desktop/projects/Legal_Insights_Engine/.venv/lib/python3.11/site-packages/airflow/example_dags/example_sensors.py for tasks to queue
[2024-04-13T15:07:18.200-0400] {logging_mixin.py:188} INFO - [2024-04-13T15:07:18.200-0400] {dagbag.py:540} INFO - Filling up the DagBag from /Users/manideepakreddyaila/Desktop/projects/Legal_Insights_Engine/.venv/lib/python3.11/site-packages/airflow/example_dags/example_sensors.py
[2024-04-13T15:07:18.233-0400] {processor.py:840} INFO - DAG(s) 'example_sensors' retrieved from /Users/manideepakreddyaila/Desktop/projects/Legal_Insights_Engine/.venv/lib/python3.11/site-packages/airflow/example_dags/example_sensors.py
[2024-04-13T15:07:18.276-0400] {logging_mixin.py:188} INFO - [2024-04-13T15:07:18.276-0400] {dag.py:3096} INFO - Sync 1 DAGs
[2024-04-13T15:07:18.279-0400] {logging_mixin.py:188} INFO - [2024-04-13T15:07:18.279-0400] {dag.py:3954} INFO - Setting next_dagrun for example_sensors to None, run_after=None
[2024-04-13T15:07:18.285-0400] {processor.py:183} INFO - Processing /Users/manideepakreddyaila/Desktop/projects/Legal_Insights_Engine/.venv/lib/python3.11/site-packages/airflow/example_dags/example_sensors.py took 0.087 seconds
[2024-04-13T15:14:31.954-0400] {processor.py:161} INFO - Started process (PID=30727) to work on /Users/manideepakreddyaila/Desktop/projects/Legal_Insights_Engine/.venv/lib/python3.11/site-packages/airflow/example_dags/example_sensors.py
[2024-04-13T15:14:31.955-0400] {processor.py:830} INFO - Processing file /Users/manideepakreddyaila/Desktop/projects/Legal_Insights_Engine/.venv/lib/python3.11/site-packages/airflow/example_dags/example_sensors.py for tasks to queue
[2024-04-13T15:14:31.955-0400] {logging_mixin.py:188} INFO - [2024-04-13T15:14:31.955-0400] {dagbag.py:540} INFO - Filling up the DagBag from /Users/manideepakreddyaila/Desktop/projects/Legal_Insights_Engine/.venv/lib/python3.11/site-packages/airflow/example_dags/example_sensors.py
[2024-04-13T15:14:31.988-0400] {processor.py:840} INFO - DAG(s) 'example_sensors' retrieved from /Users/manideepakreddyaila/Desktop/projects/Legal_Insights_Engine/.venv/lib/python3.11/site-packages/airflow/example_dags/example_sensors.py
[2024-04-13T15:14:32.030-0400] {logging_mixin.py:188} INFO - [2024-04-13T15:14:32.030-0400] {dag.py:3096} INFO - Sync 1 DAGs
[2024-04-13T15:14:32.034-0400] {logging_mixin.py:188} INFO - [2024-04-13T15:14:32.034-0400] {dag.py:3954} INFO - Setting next_dagrun for example_sensors to None, run_after=None
[2024-04-13T15:14:32.040-0400] {processor.py:183} INFO - Processing /Users/manideepakreddyaila/Desktop/projects/Legal_Insights_Engine/.venv/lib/python3.11/site-packages/airflow/example_dags/example_sensors.py took 0.087 seconds
[2024-04-13T15:16:30.722-0400] {processor.py:161} INFO - Started process (PID=30847) to work on /Users/manideepakreddyaila/Desktop/projects/Legal_Insights_Engine/.venv/lib/python3.11/site-packages/airflow/example_dags/example_sensors.py
[2024-04-13T15:16:30.723-0400] {processor.py:830} INFO - Processing file /Users/manideepakreddyaila/Desktop/projects/Legal_Insights_Engine/.venv/lib/python3.11/site-packages/airflow/example_dags/example_sensors.py for tasks to queue
[2024-04-13T15:16:30.723-0400] {logging_mixin.py:188} INFO - [2024-04-13T15:16:30.723-0400] {dagbag.py:540} INFO - Filling up the DagBag from /Users/manideepakreddyaila/Desktop/projects/Legal_Insights_Engine/.venv/lib/python3.11/site-packages/airflow/example_dags/example_sensors.py
[2024-04-13T15:16:30.755-0400] {processor.py:840} INFO - DAG(s) 'example_sensors' retrieved from /Users/manideepakreddyaila/Desktop/projects/Legal_Insights_Engine/.venv/lib/python3.11/site-packages/airflow/example_dags/example_sensors.py
[2024-04-13T15:16:30.797-0400] {logging_mixin.py:188} INFO - [2024-04-13T15:16:30.797-0400] {dag.py:3096} INFO - Sync 1 DAGs
[2024-04-13T15:16:30.800-0400] {logging_mixin.py:188} INFO - [2024-04-13T15:16:30.800-0400] {dag.py:3954} INFO - Setting next_dagrun for example_sensors to None, run_after=None
[2024-04-13T15:16:30.806-0400] {processor.py:183} INFO - Processing /Users/manideepakreddyaila/Desktop/projects/Legal_Insights_Engine/.venv/lib/python3.11/site-packages/airflow/example_dags/example_sensors.py took 0.086 seconds
[2024-04-13T15:27:21.867-0400] {processor.py:161} INFO - Started process (PID=31028) to work on /Users/manideepakreddyaila/Desktop/projects/Legal_Insights_Engine/.venv/lib/python3.11/site-packages/airflow/example_dags/example_sensors.py
[2024-04-13T15:27:21.868-0400] {processor.py:830} INFO - Processing file /Users/manideepakreddyaila/Desktop/projects/Legal_Insights_Engine/.venv/lib/python3.11/site-packages/airflow/example_dags/example_sensors.py for tasks to queue
[2024-04-13T15:27:21.868-0400] {logging_mixin.py:188} INFO - [2024-04-13T15:27:21.868-0400] {dagbag.py:540} INFO - Filling up the DagBag from /Users/manideepakreddyaila/Desktop/projects/Legal_Insights_Engine/.venv/lib/python3.11/site-packages/airflow/example_dags/example_sensors.py
[2024-04-13T15:27:21.904-0400] {processor.py:840} INFO - DAG(s) 'example_sensors' retrieved from /Users/manideepakreddyaila/Desktop/projects/Legal_Insights_Engine/.venv/lib/python3.11/site-packages/airflow/example_dags/example_sensors.py
[2024-04-13T15:27:21.949-0400] {logging_mixin.py:188} INFO - [2024-04-13T15:27:21.949-0400] {dag.py:3096} INFO - Sync 1 DAGs
[2024-04-13T15:27:21.953-0400] {logging_mixin.py:188} INFO - [2024-04-13T15:27:21.953-0400] {dag.py:3954} INFO - Setting next_dagrun for example_sensors to None, run_after=None
[2024-04-13T15:27:21.960-0400] {processor.py:183} INFO - Processing /Users/manideepakreddyaila/Desktop/projects/Legal_Insights_Engine/.venv/lib/python3.11/site-packages/airflow/example_dags/example_sensors.py took 0.094 seconds
[2024-04-13T17:52:04.070-0400] {processor.py:161} INFO - Started process (PID=31192) to work on /Users/manideepakreddyaila/Desktop/projects/Legal_Insights_Engine/.venv/lib/python3.11/site-packages/airflow/example_dags/example_sensors.py
[2024-04-13T17:52:04.070-0400] {processor.py:830} INFO - Processing file /Users/manideepakreddyaila/Desktop/projects/Legal_Insights_Engine/.venv/lib/python3.11/site-packages/airflow/example_dags/example_sensors.py for tasks to queue
[2024-04-13T17:52:04.071-0400] {logging_mixin.py:188} INFO - [2024-04-13T17:52:04.070-0400] {dagbag.py:540} INFO - Filling up the DagBag from /Users/manideepakreddyaila/Desktop/projects/Legal_Insights_Engine/.venv/lib/python3.11/site-packages/airflow/example_dags/example_sensors.py
[2024-04-13T17:52:04.103-0400] {processor.py:840} INFO - DAG(s) 'example_sensors' retrieved from /Users/manideepakreddyaila/Desktop/projects/Legal_Insights_Engine/.venv/lib/python3.11/site-packages/airflow/example_dags/example_sensors.py
[2024-04-13T17:52:04.146-0400] {logging_mixin.py:188} INFO - [2024-04-13T17:52:04.146-0400] {dag.py:3096} INFO - Sync 1 DAGs
[2024-04-13T17:52:04.149-0400] {logging_mixin.py:188} INFO - [2024-04-13T17:52:04.149-0400] {dag.py:3954} INFO - Setting next_dagrun for example_sensors to None, run_after=None
[2024-04-13T17:52:04.155-0400] {processor.py:183} INFO - Processing /Users/manideepakreddyaila/Desktop/projects/Legal_Insights_Engine/.venv/lib/python3.11/site-packages/airflow/example_dags/example_sensors.py took 0.086 seconds
[2024-04-13T18:19:48.622-0400] {processor.py:161} INFO - Started process (PID=31332) to work on /Users/manideepakreddyaila/Desktop/projects/Legal_Insights_Engine/.venv/lib/python3.11/site-packages/airflow/example_dags/example_sensors.py
[2024-04-13T18:19:48.623-0400] {processor.py:830} INFO - Processing file /Users/manideepakreddyaila/Desktop/projects/Legal_Insights_Engine/.venv/lib/python3.11/site-packages/airflow/example_dags/example_sensors.py for tasks to queue
[2024-04-13T18:19:48.623-0400] {logging_mixin.py:188} INFO - [2024-04-13T18:19:48.623-0400] {dagbag.py:540} INFO - Filling up the DagBag from /Users/manideepakreddyaila/Desktop/projects/Legal_Insights_Engine/.venv/lib/python3.11/site-packages/airflow/example_dags/example_sensors.py
[2024-04-13T18:19:48.673-0400] {processor.py:840} INFO - DAG(s) 'example_sensors' retrieved from /Users/manideepakreddyaila/Desktop/projects/Legal_Insights_Engine/.venv/lib/python3.11/site-packages/airflow/example_dags/example_sensors.py
[2024-04-13T18:19:48.748-0400] {logging_mixin.py:188} INFO - [2024-04-13T18:19:48.747-0400] {dag.py:3096} INFO - Sync 1 DAGs
[2024-04-13T18:19:48.754-0400] {logging_mixin.py:188} INFO - [2024-04-13T18:19:48.753-0400] {dag.py:3954} INFO - Setting next_dagrun for example_sensors to None, run_after=None
[2024-04-13T18:19:48.774-0400] {processor.py:183} INFO - Processing /Users/manideepakreddyaila/Desktop/projects/Legal_Insights_Engine/.venv/lib/python3.11/site-packages/airflow/example_dags/example_sensors.py took 0.156 seconds
[2024-04-13T18:59:53.597-0400] {processor.py:161} INFO - Started process (PID=31459) to work on /Users/manideepakreddyaila/Desktop/projects/Legal_Insights_Engine/.venv/lib/python3.11/site-packages/airflow/example_dags/example_sensors.py
[2024-04-13T18:59:53.597-0400] {processor.py:830} INFO - Processing file /Users/manideepakreddyaila/Desktop/projects/Legal_Insights_Engine/.venv/lib/python3.11/site-packages/airflow/example_dags/example_sensors.py for tasks to queue
[2024-04-13T18:59:53.598-0400] {logging_mixin.py:188} INFO - [2024-04-13T18:59:53.598-0400] {dagbag.py:540} INFO - Filling up the DagBag from /Users/manideepakreddyaila/Desktop/projects/Legal_Insights_Engine/.venv/lib/python3.11/site-packages/airflow/example_dags/example_sensors.py
[2024-04-13T18:59:53.630-0400] {processor.py:840} INFO - DAG(s) 'example_sensors' retrieved from /Users/manideepakreddyaila/Desktop/projects/Legal_Insights_Engine/.venv/lib/python3.11/site-packages/airflow/example_dags/example_sensors.py
[2024-04-13T18:59:53.671-0400] {logging_mixin.py:188} INFO - [2024-04-13T18:59:53.671-0400] {dag.py:3096} INFO - Sync 1 DAGs
[2024-04-13T18:59:53.674-0400] {logging_mixin.py:188} INFO - [2024-04-13T18:59:53.674-0400] {dag.py:3954} INFO - Setting next_dagrun for example_sensors to None, run_after=None
[2024-04-13T18:59:53.680-0400] {processor.py:183} INFO - Processing /Users/manideepakreddyaila/Desktop/projects/Legal_Insights_Engine/.venv/lib/python3.11/site-packages/airflow/example_dags/example_sensors.py took 0.085 seconds
[2024-04-13T19:10:37.508-0400] {processor.py:161} INFO - Started process (PID=31561) to work on /Users/manideepakreddyaila/Desktop/projects/Legal_Insights_Engine/.venv/lib/python3.11/site-packages/airflow/example_dags/example_sensors.py
[2024-04-13T19:10:37.508-0400] {processor.py:830} INFO - Processing file /Users/manideepakreddyaila/Desktop/projects/Legal_Insights_Engine/.venv/lib/python3.11/site-packages/airflow/example_dags/example_sensors.py for tasks to queue
[2024-04-13T19:10:37.509-0400] {logging_mixin.py:188} INFO - [2024-04-13T19:10:37.508-0400] {dagbag.py:540} INFO - Filling up the DagBag from /Users/manideepakreddyaila/Desktop/projects/Legal_Insights_Engine/.venv/lib/python3.11/site-packages/airflow/example_dags/example_sensors.py
[2024-04-13T19:10:37.541-0400] {processor.py:840} INFO - DAG(s) 'example_sensors' retrieved from /Users/manideepakreddyaila/Desktop/projects/Legal_Insights_Engine/.venv/lib/python3.11/site-packages/airflow/example_dags/example_sensors.py
[2024-04-13T19:10:37.583-0400] {logging_mixin.py:188} INFO - [2024-04-13T19:10:37.583-0400] {dag.py:3096} INFO - Sync 1 DAGs
[2024-04-13T19:10:37.586-0400] {logging_mixin.py:188} INFO - [2024-04-13T19:10:37.586-0400] {dag.py:3954} INFO - Setting next_dagrun for example_sensors to None, run_after=None
[2024-04-13T19:10:37.593-0400] {processor.py:183} INFO - Processing /Users/manideepakreddyaila/Desktop/projects/Legal_Insights_Engine/.venv/lib/python3.11/site-packages/airflow/example_dags/example_sensors.py took 0.086 seconds
