[2024-04-13T14:58:14.095-0400] {processor.py:161} INFO - Started process (PID=29973) to work on /Users/manideepakreddyaila/Desktop/projects/Legal_Insights_Engine/.venv/lib/python3.11/site-packages/airflow/example_dags/example_latest_only.py
[2024-04-13T14:58:14.096-0400] {processor.py:830} INFO - Processing file /Users/manideepakreddyaila/Desktop/projects/Legal_Insights_Engine/.venv/lib/python3.11/site-packages/airflow/example_dags/example_latest_only.py for tasks to queue
[2024-04-13T14:58:14.096-0400] {logging_mixin.py:188} INFO - [2024-04-13T14:58:14.096-0400] {dagbag.py:540} INFO - Filling up the DagBag from /Users/manideepakreddyaila/Desktop/projects/Legal_Insights_Engine/.venv/lib/python3.11/site-packages/airflow/example_dags/example_latest_only.py
[2024-04-13T14:58:14.125-0400] {processor.py:840} INFO - DAG(s) 'latest_only' retrieved from /Users/manideepakreddyaila/Desktop/projects/Legal_Insights_Engine/.venv/lib/python3.11/site-packages/airflow/example_dags/example_latest_only.py
[2024-04-13T14:58:14.189-0400] {logging_mixin.py:188} INFO - [2024-04-13T14:58:14.189-0400] {override.py:1829} INFO - Created Permission View: can delete on DAG:latest_only
[2024-04-13T14:58:14.192-0400] {logging_mixin.py:188} INFO - [2024-04-13T14:58:14.192-0400] {override.py:1829} INFO - Created Permission View: can edit on DAG:latest_only
[2024-04-13T14:58:14.194-0400] {logging_mixin.py:188} INFO - [2024-04-13T14:58:14.194-0400] {override.py:1829} INFO - Created Permission View: can read on DAG:latest_only
[2024-04-13T14:58:14.194-0400] {logging_mixin.py:188} INFO - [2024-04-13T14:58:14.194-0400] {dag.py:3096} INFO - Sync 1 DAGs
[2024-04-13T14:58:14.198-0400] {logging_mixin.py:188} INFO - [2024-04-13T14:58:14.198-0400] {dag.py:3118} INFO - Creating ORM DAG for latest_only
[2024-04-13T14:58:14.200-0400] {logging_mixin.py:188} INFO - [2024-04-13T14:58:14.200-0400] {dag.py:3954} INFO - Setting next_dagrun for latest_only to 2024-04-13 12:00:00+00:00, run_after=2024-04-13 16:00:00+00:00
[2024-04-13T14:58:14.206-0400] {processor.py:183} INFO - Processing /Users/manideepakreddyaila/Desktop/projects/Legal_Insights_Engine/.venv/lib/python3.11/site-packages/airflow/example_dags/example_latest_only.py took 0.111 seconds
[2024-04-13T15:00:11.112-0400] {processor.py:161} INFO - Started process (PID=30073) to work on /Users/manideepakreddyaila/Desktop/projects/Legal_Insights_Engine/.venv/lib/python3.11/site-packages/airflow/example_dags/example_latest_only.py
[2024-04-13T15:00:11.113-0400] {processor.py:830} INFO - Processing file /Users/manideepakreddyaila/Desktop/projects/Legal_Insights_Engine/.venv/lib/python3.11/site-packages/airflow/example_dags/example_latest_only.py for tasks to queue
[2024-04-13T15:00:11.113-0400] {logging_mixin.py:188} INFO - [2024-04-13T15:00:11.113-0400] {dagbag.py:540} INFO - Filling up the DagBag from /Users/manideepakreddyaila/Desktop/projects/Legal_Insights_Engine/.venv/lib/python3.11/site-packages/airflow/example_dags/example_latest_only.py
[2024-04-13T15:00:11.143-0400] {processor.py:840} INFO - DAG(s) 'latest_only' retrieved from /Users/manideepakreddyaila/Desktop/projects/Legal_Insights_Engine/.venv/lib/python3.11/site-packages/airflow/example_dags/example_latest_only.py
[2024-04-13T15:00:11.179-0400] {logging_mixin.py:188} INFO - [2024-04-13T15:00:11.179-0400] {dag.py:3096} INFO - Sync 1 DAGs
[2024-04-13T15:00:11.184-0400] {logging_mixin.py:188} INFO - [2024-04-13T15:00:11.184-0400] {dag.py:3954} INFO - Setting next_dagrun for latest_only to 2024-04-13 12:00:00+00:00, run_after=2024-04-13 16:00:00+00:00
[2024-04-13T15:00:11.191-0400] {processor.py:183} INFO - Processing /Users/manideepakreddyaila/Desktop/projects/Legal_Insights_Engine/.venv/lib/python3.11/site-packages/airflow/example_dags/example_latest_only.py took 0.080 seconds
[2024-04-13T15:02:05.003-0400] {processor.py:161} INFO - Started process (PID=30180) to work on /Users/manideepakreddyaila/Desktop/projects/Legal_Insights_Engine/.venv/lib/python3.11/site-packages/airflow/example_dags/example_latest_only.py
[2024-04-13T15:02:05.004-0400] {processor.py:830} INFO - Processing file /Users/manideepakreddyaila/Desktop/projects/Legal_Insights_Engine/.venv/lib/python3.11/site-packages/airflow/example_dags/example_latest_only.py for tasks to queue
[2024-04-13T15:02:05.004-0400] {logging_mixin.py:188} INFO - [2024-04-13T15:02:05.004-0400] {dagbag.py:540} INFO - Filling up the DagBag from /Users/manideepakreddyaila/Desktop/projects/Legal_Insights_Engine/.venv/lib/python3.11/site-packages/airflow/example_dags/example_latest_only.py
[2024-04-13T15:02:05.035-0400] {processor.py:840} INFO - DAG(s) 'latest_only' retrieved from /Users/manideepakreddyaila/Desktop/projects/Legal_Insights_Engine/.venv/lib/python3.11/site-packages/airflow/example_dags/example_latest_only.py
[2024-04-13T15:02:05.072-0400] {logging_mixin.py:188} INFO - [2024-04-13T15:02:05.072-0400] {dag.py:3096} INFO - Sync 1 DAGs
[2024-04-13T15:02:05.078-0400] {logging_mixin.py:188} INFO - [2024-04-13T15:02:05.078-0400] {dag.py:3954} INFO - Setting next_dagrun for latest_only to 2024-04-13 12:00:00+00:00, run_after=2024-04-13 16:00:00+00:00
[2024-04-13T15:02:05.084-0400] {processor.py:183} INFO - Processing /Users/manideepakreddyaila/Desktop/projects/Legal_Insights_Engine/.venv/lib/python3.11/site-packages/airflow/example_dags/example_latest_only.py took 0.082 seconds
[2024-04-13T15:04:05.778-0400] {processor.py:161} INFO - Started process (PID=30285) to work on /Users/manideepakreddyaila/Desktop/projects/Legal_Insights_Engine/.venv/lib/python3.11/site-packages/airflow/example_dags/example_latest_only.py
[2024-04-13T15:04:05.779-0400] {processor.py:830} INFO - Processing file /Users/manideepakreddyaila/Desktop/projects/Legal_Insights_Engine/.venv/lib/python3.11/site-packages/airflow/example_dags/example_latest_only.py for tasks to queue
[2024-04-13T15:04:05.779-0400] {logging_mixin.py:188} INFO - [2024-04-13T15:04:05.779-0400] {dagbag.py:540} INFO - Filling up the DagBag from /Users/manideepakreddyaila/Desktop/projects/Legal_Insights_Engine/.venv/lib/python3.11/site-packages/airflow/example_dags/example_latest_only.py
[2024-04-13T15:04:05.809-0400] {processor.py:840} INFO - DAG(s) 'latest_only' retrieved from /Users/manideepakreddyaila/Desktop/projects/Legal_Insights_Engine/.venv/lib/python3.11/site-packages/airflow/example_dags/example_latest_only.py
[2024-04-13T15:04:05.850-0400] {logging_mixin.py:188} INFO - [2024-04-13T15:04:05.850-0400] {dag.py:3096} INFO - Sync 1 DAGs
[2024-04-13T15:04:05.855-0400] {logging_mixin.py:188} INFO - [2024-04-13T15:04:05.855-0400] {dag.py:3954} INFO - Setting next_dagrun for latest_only to 2024-04-13 12:00:00+00:00, run_after=2024-04-13 16:00:00+00:00
[2024-04-13T15:04:05.861-0400] {processor.py:183} INFO - Processing /Users/manideepakreddyaila/Desktop/projects/Legal_Insights_Engine/.venv/lib/python3.11/site-packages/airflow/example_dags/example_latest_only.py took 0.084 seconds
[2024-04-13T15:06:05.699-0400] {processor.py:161} INFO - Started process (PID=30425) to work on /Users/manideepakreddyaila/Desktop/projects/Legal_Insights_Engine/.venv/lib/python3.11/site-packages/airflow/example_dags/example_latest_only.py
[2024-04-13T15:06:05.700-0400] {processor.py:830} INFO - Processing file /Users/manideepakreddyaila/Desktop/projects/Legal_Insights_Engine/.venv/lib/python3.11/site-packages/airflow/example_dags/example_latest_only.py for tasks to queue
[2024-04-13T15:06:05.700-0400] {logging_mixin.py:188} INFO - [2024-04-13T15:06:05.700-0400] {dagbag.py:540} INFO - Filling up the DagBag from /Users/manideepakreddyaila/Desktop/projects/Legal_Insights_Engine/.venv/lib/python3.11/site-packages/airflow/example_dags/example_latest_only.py
[2024-04-13T15:06:05.729-0400] {processor.py:840} INFO - DAG(s) 'latest_only' retrieved from /Users/manideepakreddyaila/Desktop/projects/Legal_Insights_Engine/.venv/lib/python3.11/site-packages/airflow/example_dags/example_latest_only.py
[2024-04-13T15:06:05.765-0400] {logging_mixin.py:188} INFO - [2024-04-13T15:06:05.765-0400] {dag.py:3096} INFO - Sync 1 DAGs
[2024-04-13T15:06:05.771-0400] {logging_mixin.py:188} INFO - [2024-04-13T15:06:05.771-0400] {dag.py:3954} INFO - Setting next_dagrun for latest_only to 2024-04-13 12:00:00+00:00, run_after=2024-04-13 16:00:00+00:00
[2024-04-13T15:06:05.777-0400] {processor.py:183} INFO - Processing /Users/manideepakreddyaila/Desktop/projects/Legal_Insights_Engine/.venv/lib/python3.11/site-packages/airflow/example_dags/example_latest_only.py took 0.079 seconds
[2024-04-13T15:08:07.812-0400] {processor.py:161} INFO - Started process (PID=30562) to work on /Users/manideepakreddyaila/Desktop/projects/Legal_Insights_Engine/.venv/lib/python3.11/site-packages/airflow/example_dags/example_latest_only.py
[2024-04-13T15:08:07.813-0400] {processor.py:830} INFO - Processing file /Users/manideepakreddyaila/Desktop/projects/Legal_Insights_Engine/.venv/lib/python3.11/site-packages/airflow/example_dags/example_latest_only.py for tasks to queue
[2024-04-13T15:08:07.814-0400] {logging_mixin.py:188} INFO - [2024-04-13T15:08:07.814-0400] {dagbag.py:540} INFO - Filling up the DagBag from /Users/manideepakreddyaila/Desktop/projects/Legal_Insights_Engine/.venv/lib/python3.11/site-packages/airflow/example_dags/example_latest_only.py
[2024-04-13T15:08:07.845-0400] {processor.py:840} INFO - DAG(s) 'latest_only' retrieved from /Users/manideepakreddyaila/Desktop/projects/Legal_Insights_Engine/.venv/lib/python3.11/site-packages/airflow/example_dags/example_latest_only.py
[2024-04-13T15:08:07.880-0400] {logging_mixin.py:188} INFO - [2024-04-13T15:08:07.880-0400] {dag.py:3096} INFO - Sync 1 DAGs
[2024-04-13T15:08:07.888-0400] {logging_mixin.py:188} INFO - [2024-04-13T15:08:07.888-0400] {dag.py:3954} INFO - Setting next_dagrun for latest_only to 2024-04-13 12:00:00+00:00, run_after=2024-04-13 16:00:00+00:00
[2024-04-13T15:08:07.894-0400] {processor.py:183} INFO - Processing /Users/manideepakreddyaila/Desktop/projects/Legal_Insights_Engine/.venv/lib/python3.11/site-packages/airflow/example_dags/example_latest_only.py took 0.082 seconds
[2024-04-13T15:14:50.277-0400] {processor.py:161} INFO - Started process (PID=30741) to work on /Users/manideepakreddyaila/Desktop/projects/Legal_Insights_Engine/.venv/lib/python3.11/site-packages/airflow/example_dags/example_latest_only.py
[2024-04-13T15:14:50.278-0400] {processor.py:830} INFO - Processing file /Users/manideepakreddyaila/Desktop/projects/Legal_Insights_Engine/.venv/lib/python3.11/site-packages/airflow/example_dags/example_latest_only.py for tasks to queue
[2024-04-13T15:14:50.278-0400] {logging_mixin.py:188} INFO - [2024-04-13T15:14:50.278-0400] {dagbag.py:540} INFO - Filling up the DagBag from /Users/manideepakreddyaila/Desktop/projects/Legal_Insights_Engine/.venv/lib/python3.11/site-packages/airflow/example_dags/example_latest_only.py
[2024-04-13T15:14:50.308-0400] {processor.py:840} INFO - DAG(s) 'latest_only' retrieved from /Users/manideepakreddyaila/Desktop/projects/Legal_Insights_Engine/.venv/lib/python3.11/site-packages/airflow/example_dags/example_latest_only.py
[2024-04-13T15:14:50.345-0400] {logging_mixin.py:188} INFO - [2024-04-13T15:14:50.345-0400] {dag.py:3096} INFO - Sync 1 DAGs
[2024-04-13T15:14:50.350-0400] {logging_mixin.py:188} INFO - [2024-04-13T15:14:50.350-0400] {dag.py:3954} INFO - Setting next_dagrun for latest_only to 2024-04-13 12:00:00+00:00, run_after=2024-04-13 16:00:00+00:00
[2024-04-13T15:14:50.356-0400] {processor.py:183} INFO - Processing /Users/manideepakreddyaila/Desktop/projects/Legal_Insights_Engine/.venv/lib/python3.11/site-packages/airflow/example_dags/example_latest_only.py took 0.081 seconds
[2024-04-13T15:16:47.364-0400] {processor.py:161} INFO - Started process (PID=30857) to work on /Users/manideepakreddyaila/Desktop/projects/Legal_Insights_Engine/.venv/lib/python3.11/site-packages/airflow/example_dags/example_latest_only.py
[2024-04-13T15:16:47.364-0400] {processor.py:830} INFO - Processing file /Users/manideepakreddyaila/Desktop/projects/Legal_Insights_Engine/.venv/lib/python3.11/site-packages/airflow/example_dags/example_latest_only.py for tasks to queue
[2024-04-13T15:16:47.364-0400] {logging_mixin.py:188} INFO - [2024-04-13T15:16:47.364-0400] {dagbag.py:540} INFO - Filling up the DagBag from /Users/manideepakreddyaila/Desktop/projects/Legal_Insights_Engine/.venv/lib/python3.11/site-packages/airflow/example_dags/example_latest_only.py
[2024-04-13T15:16:47.393-0400] {processor.py:840} INFO - DAG(s) 'latest_only' retrieved from /Users/manideepakreddyaila/Desktop/projects/Legal_Insights_Engine/.venv/lib/python3.11/site-packages/airflow/example_dags/example_latest_only.py
[2024-04-13T15:16:47.427-0400] {logging_mixin.py:188} INFO - [2024-04-13T15:16:47.427-0400] {dag.py:3096} INFO - Sync 1 DAGs
[2024-04-13T15:16:47.433-0400] {logging_mixin.py:188} INFO - [2024-04-13T15:16:47.432-0400] {dag.py:3954} INFO - Setting next_dagrun for latest_only to 2024-04-13 12:00:00+00:00, run_after=2024-04-13 16:00:00+00:00
[2024-04-13T15:16:47.439-0400] {processor.py:183} INFO - Processing /Users/manideepakreddyaila/Desktop/projects/Legal_Insights_Engine/.venv/lib/python3.11/site-packages/airflow/example_dags/example_latest_only.py took 0.076 seconds
[2024-04-13T15:28:53.740-0400] {processor.py:161} INFO - Started process (PID=31045) to work on /Users/manideepakreddyaila/Desktop/projects/Legal_Insights_Engine/.venv/lib/python3.11/site-packages/airflow/example_dags/example_latest_only.py
[2024-04-13T15:28:53.741-0400] {processor.py:830} INFO - Processing file /Users/manideepakreddyaila/Desktop/projects/Legal_Insights_Engine/.venv/lib/python3.11/site-packages/airflow/example_dags/example_latest_only.py for tasks to queue
[2024-04-13T15:28:53.741-0400] {logging_mixin.py:188} INFO - [2024-04-13T15:28:53.741-0400] {dagbag.py:540} INFO - Filling up the DagBag from /Users/manideepakreddyaila/Desktop/projects/Legal_Insights_Engine/.venv/lib/python3.11/site-packages/airflow/example_dags/example_latest_only.py
[2024-04-13T15:28:53.769-0400] {processor.py:840} INFO - DAG(s) 'latest_only' retrieved from /Users/manideepakreddyaila/Desktop/projects/Legal_Insights_Engine/.venv/lib/python3.11/site-packages/airflow/example_dags/example_latest_only.py
[2024-04-13T15:28:53.804-0400] {logging_mixin.py:188} INFO - [2024-04-13T15:28:53.804-0400] {dag.py:3096} INFO - Sync 1 DAGs
[2024-04-13T15:28:53.810-0400] {logging_mixin.py:188} INFO - [2024-04-13T15:28:53.810-0400] {dag.py:3954} INFO - Setting next_dagrun for latest_only to 2024-04-13 12:00:00+00:00, run_after=2024-04-13 16:00:00+00:00
[2024-04-13T15:28:53.816-0400] {processor.py:183} INFO - Processing /Users/manideepakreddyaila/Desktop/projects/Legal_Insights_Engine/.venv/lib/python3.11/site-packages/airflow/example_dags/example_latest_only.py took 0.077 seconds
[2024-04-13T17:53:02.044-0400] {processor.py:161} INFO - Started process (PID=31212) to work on /Users/manideepakreddyaila/Desktop/projects/Legal_Insights_Engine/.venv/lib/python3.11/site-packages/airflow/example_dags/example_latest_only.py
[2024-04-13T17:53:02.045-0400] {processor.py:830} INFO - Processing file /Users/manideepakreddyaila/Desktop/projects/Legal_Insights_Engine/.venv/lib/python3.11/site-packages/airflow/example_dags/example_latest_only.py for tasks to queue
[2024-04-13T17:53:02.045-0400] {logging_mixin.py:188} INFO - [2024-04-13T17:53:02.045-0400] {dagbag.py:540} INFO - Filling up the DagBag from /Users/manideepakreddyaila/Desktop/projects/Legal_Insights_Engine/.venv/lib/python3.11/site-packages/airflow/example_dags/example_latest_only.py
[2024-04-13T17:53:02.075-0400] {processor.py:840} INFO - DAG(s) 'latest_only' retrieved from /Users/manideepakreddyaila/Desktop/projects/Legal_Insights_Engine/.venv/lib/python3.11/site-packages/airflow/example_dags/example_latest_only.py
[2024-04-13T17:53:02.110-0400] {logging_mixin.py:188} INFO - [2024-04-13T17:53:02.110-0400] {dag.py:3096} INFO - Sync 1 DAGs
[2024-04-13T17:53:02.115-0400] {logging_mixin.py:188} INFO - [2024-04-13T17:53:02.115-0400] {dag.py:3954} INFO - Setting next_dagrun for latest_only to 2024-04-13 16:00:00+00:00, run_after=2024-04-13 20:00:00+00:00
[2024-04-13T17:53:02.121-0400] {processor.py:183} INFO - Processing /Users/manideepakreddyaila/Desktop/projects/Legal_Insights_Engine/.venv/lib/python3.11/site-packages/airflow/example_dags/example_latest_only.py took 0.079 seconds
[2024-04-13T18:20:35.493-0400] {processor.py:161} INFO - Started process (PID=31353) to work on /Users/manideepakreddyaila/Desktop/projects/Legal_Insights_Engine/.venv/lib/python3.11/site-packages/airflow/example_dags/example_latest_only.py
[2024-04-13T18:20:35.493-0400] {processor.py:830} INFO - Processing file /Users/manideepakreddyaila/Desktop/projects/Legal_Insights_Engine/.venv/lib/python3.11/site-packages/airflow/example_dags/example_latest_only.py for tasks to queue
[2024-04-13T18:20:35.494-0400] {logging_mixin.py:188} INFO - [2024-04-13T18:20:35.493-0400] {dagbag.py:540} INFO - Filling up the DagBag from /Users/manideepakreddyaila/Desktop/projects/Legal_Insights_Engine/.venv/lib/python3.11/site-packages/airflow/example_dags/example_latest_only.py
[2024-04-13T18:20:35.524-0400] {processor.py:840} INFO - DAG(s) 'latest_only' retrieved from /Users/manideepakreddyaila/Desktop/projects/Legal_Insights_Engine/.venv/lib/python3.11/site-packages/airflow/example_dags/example_latest_only.py
[2024-04-13T18:20:35.560-0400] {logging_mixin.py:188} INFO - [2024-04-13T18:20:35.560-0400] {dag.py:3096} INFO - Sync 1 DAGs
[2024-04-13T18:20:35.565-0400] {logging_mixin.py:188} INFO - [2024-04-13T18:20:35.565-0400] {dag.py:3954} INFO - Setting next_dagrun for latest_only to 2024-04-13 16:00:00+00:00, run_after=2024-04-13 20:00:00+00:00
[2024-04-13T18:20:35.573-0400] {processor.py:183} INFO - Processing /Users/manideepakreddyaila/Desktop/projects/Legal_Insights_Engine/.venv/lib/python3.11/site-packages/airflow/example_dags/example_latest_only.py took 0.082 seconds
[2024-04-13T19:02:16.473-0400] {processor.py:161} INFO - Started process (PID=31490) to work on /Users/manideepakreddyaila/Desktop/projects/Legal_Insights_Engine/.venv/lib/python3.11/site-packages/airflow/example_dags/example_latest_only.py
[2024-04-13T19:02:16.473-0400] {processor.py:830} INFO - Processing file /Users/manideepakreddyaila/Desktop/projects/Legal_Insights_Engine/.venv/lib/python3.11/site-packages/airflow/example_dags/example_latest_only.py for tasks to queue
[2024-04-13T19:02:16.474-0400] {logging_mixin.py:188} INFO - [2024-04-13T19:02:16.474-0400] {dagbag.py:540} INFO - Filling up the DagBag from /Users/manideepakreddyaila/Desktop/projects/Legal_Insights_Engine/.venv/lib/python3.11/site-packages/airflow/example_dags/example_latest_only.py
[2024-04-13T19:02:16.502-0400] {processor.py:840} INFO - DAG(s) 'latest_only' retrieved from /Users/manideepakreddyaila/Desktop/projects/Legal_Insights_Engine/.venv/lib/python3.11/site-packages/airflow/example_dags/example_latest_only.py
[2024-04-13T19:02:16.538-0400] {logging_mixin.py:188} INFO - [2024-04-13T19:02:16.538-0400] {dag.py:3096} INFO - Sync 1 DAGs
[2024-04-13T19:02:16.543-0400] {logging_mixin.py:188} INFO - [2024-04-13T19:02:16.543-0400] {dag.py:3954} INFO - Setting next_dagrun for latest_only to 2024-04-13 16:00:00+00:00, run_after=2024-04-13 20:00:00+00:00
[2024-04-13T19:02:16.549-0400] {processor.py:183} INFO - Processing /Users/manideepakreddyaila/Desktop/projects/Legal_Insights_Engine/.venv/lib/python3.11/site-packages/airflow/example_dags/example_latest_only.py took 0.077 seconds
[2024-04-13T19:20:09.183-0400] {processor.py:161} INFO - Started process (PID=31579) to work on /Users/manideepakreddyaila/Desktop/projects/Legal_Insights_Engine/.venv/lib/python3.11/site-packages/airflow/example_dags/example_latest_only.py
[2024-04-13T19:20:09.184-0400] {processor.py:830} INFO - Processing file /Users/manideepakreddyaila/Desktop/projects/Legal_Insights_Engine/.venv/lib/python3.11/site-packages/airflow/example_dags/example_latest_only.py for tasks to queue
[2024-04-13T19:20:09.184-0400] {logging_mixin.py:188} INFO - [2024-04-13T19:20:09.184-0400] {dagbag.py:540} INFO - Filling up the DagBag from /Users/manideepakreddyaila/Desktop/projects/Legal_Insights_Engine/.venv/lib/python3.11/site-packages/airflow/example_dags/example_latest_only.py
[2024-04-13T19:20:09.213-0400] {processor.py:840} INFO - DAG(s) 'latest_only' retrieved from /Users/manideepakreddyaila/Desktop/projects/Legal_Insights_Engine/.venv/lib/python3.11/site-packages/airflow/example_dags/example_latest_only.py
[2024-04-13T19:20:09.248-0400] {logging_mixin.py:188} INFO - [2024-04-13T19:20:09.247-0400] {dag.py:3096} INFO - Sync 1 DAGs
[2024-04-13T19:20:09.253-0400] {logging_mixin.py:188} INFO - [2024-04-13T19:20:09.253-0400] {dag.py:3954} INFO - Setting next_dagrun for latest_only to 2024-04-13 16:00:00+00:00, run_after=2024-04-13 20:00:00+00:00
[2024-04-13T19:20:09.259-0400] {processor.py:183} INFO - Processing /Users/manideepakreddyaila/Desktop/projects/Legal_Insights_Engine/.venv/lib/python3.11/site-packages/airflow/example_dags/example_latest_only.py took 0.077 seconds
