[2024-04-13T14:57:42.706-0400] {processor.py:161} INFO - Started process (PID=29938) to work on /Users/manideepakreddyaila/Desktop/projects/Legal_Insights_Engine/.venv/lib/python3.11/site-packages/airflow/example_dags/example_sla_dag.py
[2024-04-13T14:57:42.707-0400] {processor.py:830} INFO - Processing file /Users/manideepakreddyaila/Desktop/projects/Legal_Insights_Engine/.venv/lib/python3.11/site-packages/airflow/example_dags/example_sla_dag.py for tasks to queue
[2024-04-13T14:57:42.707-0400] {logging_mixin.py:188} INFO - [2024-04-13T14:57:42.707-0400] {dagbag.py:540} INFO - Filling up the DagBag from /Users/manideepakreddyaila/Desktop/projects/Legal_Insights_Engine/.venv/lib/python3.11/site-packages/airflow/example_dags/example_sla_dag.py
[2024-04-13T14:57:42.751-0400] {processor.py:840} INFO - DAG(s) 'example_sla_dag' retrieved from /Users/manideepakreddyaila/Desktop/projects/Legal_Insights_Engine/.venv/lib/python3.11/site-packages/airflow/example_dags/example_sla_dag.py
[2024-04-13T14:57:42.819-0400] {logging_mixin.py:188} INFO - [2024-04-13T14:57:42.819-0400] {override.py:1829} INFO - Created Permission View: can read on DAG:example_sla_dag
[2024-04-13T14:57:42.822-0400] {logging_mixin.py:188} INFO - [2024-04-13T14:57:42.822-0400] {override.py:1829} INFO - Created Permission View: can edit on DAG:example_sla_dag
[2024-04-13T14:57:42.825-0400] {logging_mixin.py:188} INFO - [2024-04-13T14:57:42.824-0400] {override.py:1829} INFO - Created Permission View: can delete on DAG:example_sla_dag
[2024-04-13T14:57:42.825-0400] {logging_mixin.py:188} INFO - [2024-04-13T14:57:42.825-0400] {dag.py:3096} INFO - Sync 1 DAGs
[2024-04-13T14:57:42.828-0400] {logging_mixin.py:188} INFO - [2024-04-13T14:57:42.828-0400] {dag.py:3118} INFO - Creating ORM DAG for example_sla_dag
[2024-04-13T14:57:42.832-0400] {logging_mixin.py:188} INFO - [2024-04-13T14:57:42.832-0400] {dag.py:3954} INFO - Setting next_dagrun for example_sla_dag to 2024-04-13 18:54:00+00:00, run_after=2024-04-13 18:56:00+00:00
[2024-04-13T14:57:42.837-0400] {processor.py:183} INFO - Processing /Users/manideepakreddyaila/Desktop/projects/Legal_Insights_Engine/.venv/lib/python3.11/site-packages/airflow/example_dags/example_sla_dag.py took 0.133 seconds
[2024-04-13T14:59:14.364-0400] {processor.py:161} INFO - Started process (PID=30031) to work on /Users/manideepakreddyaila/Desktop/projects/Legal_Insights_Engine/.venv/lib/python3.11/site-packages/airflow/example_dags/example_sla_dag.py
[2024-04-13T14:59:14.365-0400] {processor.py:830} INFO - Processing file /Users/manideepakreddyaila/Desktop/projects/Legal_Insights_Engine/.venv/lib/python3.11/site-packages/airflow/example_dags/example_sla_dag.py for tasks to queue
[2024-04-13T14:59:14.365-0400] {logging_mixin.py:188} INFO - [2024-04-13T14:59:14.365-0400] {dagbag.py:540} INFO - Filling up the DagBag from /Users/manideepakreddyaila/Desktop/projects/Legal_Insights_Engine/.venv/lib/python3.11/site-packages/airflow/example_dags/example_sla_dag.py
[2024-04-13T14:59:14.404-0400] {processor.py:840} INFO - DAG(s) 'example_sla_dag' retrieved from /Users/manideepakreddyaila/Desktop/projects/Legal_Insights_Engine/.venv/lib/python3.11/site-packages/airflow/example_dags/example_sla_dag.py
[2024-04-13T14:59:14.438-0400] {logging_mixin.py:188} INFO - [2024-04-13T14:59:14.438-0400] {dag.py:3096} INFO - Sync 1 DAGs
[2024-04-13T14:59:14.445-0400] {logging_mixin.py:188} INFO - [2024-04-13T14:59:14.445-0400] {dag.py:3954} INFO - Setting next_dagrun for example_sla_dag to 2024-04-13 18:56:00+00:00, run_after=2024-04-13 18:58:00+00:00
[2024-04-13T14:59:14.452-0400] {processor.py:183} INFO - Processing /Users/manideepakreddyaila/Desktop/projects/Legal_Insights_Engine/.venv/lib/python3.11/site-packages/airflow/example_dags/example_sla_dag.py took 0.089 seconds
[2024-04-13T15:01:13.955-0400] {processor.py:161} INFO - Started process (PID=30143) to work on /Users/manideepakreddyaila/Desktop/projects/Legal_Insights_Engine/.venv/lib/python3.11/site-packages/airflow/example_dags/example_sla_dag.py
[2024-04-13T15:01:13.956-0400] {processor.py:830} INFO - Processing file /Users/manideepakreddyaila/Desktop/projects/Legal_Insights_Engine/.venv/lib/python3.11/site-packages/airflow/example_dags/example_sla_dag.py for tasks to queue
[2024-04-13T15:01:13.956-0400] {logging_mixin.py:188} INFO - [2024-04-13T15:01:13.956-0400] {dagbag.py:540} INFO - Filling up the DagBag from /Users/manideepakreddyaila/Desktop/projects/Legal_Insights_Engine/.venv/lib/python3.11/site-packages/airflow/example_dags/example_sla_dag.py
[2024-04-13T15:01:13.996-0400] {processor.py:840} INFO - DAG(s) 'example_sla_dag' retrieved from /Users/manideepakreddyaila/Desktop/projects/Legal_Insights_Engine/.venv/lib/python3.11/site-packages/airflow/example_dags/example_sla_dag.py
[2024-04-13T15:01:14.032-0400] {logging_mixin.py:188} INFO - [2024-04-13T15:01:14.032-0400] {dag.py:3096} INFO - Sync 1 DAGs
[2024-04-13T15:01:14.039-0400] {logging_mixin.py:188} INFO - [2024-04-13T15:01:14.039-0400] {dag.py:3954} INFO - Setting next_dagrun for example_sla_dag to 2024-04-13 18:58:00+00:00, run_after=2024-04-13 19:00:00+00:00
[2024-04-13T15:01:14.046-0400] {processor.py:183} INFO - Processing /Users/manideepakreddyaila/Desktop/projects/Legal_Insights_Engine/.venv/lib/python3.11/site-packages/airflow/example_dags/example_sla_dag.py took 0.092 seconds
[2024-04-13T15:03:06.782-0400] {processor.py:161} INFO - Started process (PID=30231) to work on /Users/manideepakreddyaila/Desktop/projects/Legal_Insights_Engine/.venv/lib/python3.11/site-packages/airflow/example_dags/example_sla_dag.py
[2024-04-13T15:03:06.783-0400] {processor.py:830} INFO - Processing file /Users/manideepakreddyaila/Desktop/projects/Legal_Insights_Engine/.venv/lib/python3.11/site-packages/airflow/example_dags/example_sla_dag.py for tasks to queue
[2024-04-13T15:03:06.783-0400] {logging_mixin.py:188} INFO - [2024-04-13T15:03:06.783-0400] {dagbag.py:540} INFO - Filling up the DagBag from /Users/manideepakreddyaila/Desktop/projects/Legal_Insights_Engine/.venv/lib/python3.11/site-packages/airflow/example_dags/example_sla_dag.py
[2024-04-13T15:03:06.823-0400] {processor.py:840} INFO - DAG(s) 'example_sla_dag' retrieved from /Users/manideepakreddyaila/Desktop/projects/Legal_Insights_Engine/.venv/lib/python3.11/site-packages/airflow/example_dags/example_sla_dag.py
[2024-04-13T15:03:06.857-0400] {logging_mixin.py:188} INFO - [2024-04-13T15:03:06.857-0400] {dag.py:3096} INFO - Sync 1 DAGs
[2024-04-13T15:03:06.865-0400] {logging_mixin.py:188} INFO - [2024-04-13T15:03:06.864-0400] {dag.py:3954} INFO - Setting next_dagrun for example_sla_dag to 2024-04-13 19:00:00+00:00, run_after=2024-04-13 19:02:00+00:00
[2024-04-13T15:03:06.871-0400] {processor.py:183} INFO - Processing /Users/manideepakreddyaila/Desktop/projects/Legal_Insights_Engine/.venv/lib/python3.11/site-packages/airflow/example_dags/example_sla_dag.py took 0.090 seconds
[2024-04-13T15:05:07.580-0400] {processor.py:161} INFO - Started process (PID=30342) to work on /Users/manideepakreddyaila/Desktop/projects/Legal_Insights_Engine/.venv/lib/python3.11/site-packages/airflow/example_dags/example_sla_dag.py
[2024-04-13T15:05:07.581-0400] {processor.py:830} INFO - Processing file /Users/manideepakreddyaila/Desktop/projects/Legal_Insights_Engine/.venv/lib/python3.11/site-packages/airflow/example_dags/example_sla_dag.py for tasks to queue
[2024-04-13T15:05:07.581-0400] {logging_mixin.py:188} INFO - [2024-04-13T15:05:07.581-0400] {dagbag.py:540} INFO - Filling up the DagBag from /Users/manideepakreddyaila/Desktop/projects/Legal_Insights_Engine/.venv/lib/python3.11/site-packages/airflow/example_dags/example_sla_dag.py
[2024-04-13T15:05:07.622-0400] {processor.py:840} INFO - DAG(s) 'example_sla_dag' retrieved from /Users/manideepakreddyaila/Desktop/projects/Legal_Insights_Engine/.venv/lib/python3.11/site-packages/airflow/example_dags/example_sla_dag.py
[2024-04-13T15:05:07.657-0400] {logging_mixin.py:188} INFO - [2024-04-13T15:05:07.657-0400] {dag.py:3096} INFO - Sync 1 DAGs
[2024-04-13T15:05:07.664-0400] {logging_mixin.py:188} INFO - [2024-04-13T15:05:07.664-0400] {dag.py:3954} INFO - Setting next_dagrun for example_sla_dag to 2024-04-13 19:02:00+00:00, run_after=2024-04-13 19:04:00+00:00
[2024-04-13T15:05:07.671-0400] {processor.py:183} INFO - Processing /Users/manideepakreddyaila/Desktop/projects/Legal_Insights_Engine/.venv/lib/python3.11/site-packages/airflow/example_dags/example_sla_dag.py took 0.092 seconds
[2024-04-13T15:07:08.321-0400] {processor.py:161} INFO - Started process (PID=30489) to work on /Users/manideepakreddyaila/Desktop/projects/Legal_Insights_Engine/.venv/lib/python3.11/site-packages/airflow/example_dags/example_sla_dag.py
[2024-04-13T15:07:08.322-0400] {processor.py:830} INFO - Processing file /Users/manideepakreddyaila/Desktop/projects/Legal_Insights_Engine/.venv/lib/python3.11/site-packages/airflow/example_dags/example_sla_dag.py for tasks to queue
[2024-04-13T15:07:08.322-0400] {logging_mixin.py:188} INFO - [2024-04-13T15:07:08.322-0400] {dagbag.py:540} INFO - Filling up the DagBag from /Users/manideepakreddyaila/Desktop/projects/Legal_Insights_Engine/.venv/lib/python3.11/site-packages/airflow/example_dags/example_sla_dag.py
[2024-04-13T15:07:08.362-0400] {processor.py:840} INFO - DAG(s) 'example_sla_dag' retrieved from /Users/manideepakreddyaila/Desktop/projects/Legal_Insights_Engine/.venv/lib/python3.11/site-packages/airflow/example_dags/example_sla_dag.py
[2024-04-13T15:07:08.397-0400] {logging_mixin.py:188} INFO - [2024-04-13T15:07:08.396-0400] {dag.py:3096} INFO - Sync 1 DAGs
[2024-04-13T15:07:08.403-0400] {logging_mixin.py:188} INFO - [2024-04-13T15:07:08.403-0400] {dag.py:3954} INFO - Setting next_dagrun for example_sla_dag to 2024-04-13 19:04:00+00:00, run_after=2024-04-13 19:06:00+00:00
[2024-04-13T15:07:08.409-0400] {processor.py:183} INFO - Processing /Users/manideepakreddyaila/Desktop/projects/Legal_Insights_Engine/.venv/lib/python3.11/site-packages/airflow/example_dags/example_sla_dag.py took 0.089 seconds
[2024-04-13T15:14:22.382-0400] {processor.py:161} INFO - Started process (PID=30715) to work on /Users/manideepakreddyaila/Desktop/projects/Legal_Insights_Engine/.venv/lib/python3.11/site-packages/airflow/example_dags/example_sla_dag.py
[2024-04-13T15:14:22.382-0400] {processor.py:830} INFO - Processing file /Users/manideepakreddyaila/Desktop/projects/Legal_Insights_Engine/.venv/lib/python3.11/site-packages/airflow/example_dags/example_sla_dag.py for tasks to queue
[2024-04-13T15:14:22.382-0400] {logging_mixin.py:188} INFO - [2024-04-13T15:14:22.382-0400] {dagbag.py:540} INFO - Filling up the DagBag from /Users/manideepakreddyaila/Desktop/projects/Legal_Insights_Engine/.venv/lib/python3.11/site-packages/airflow/example_dags/example_sla_dag.py
[2024-04-13T15:14:22.428-0400] {processor.py:840} INFO - DAG(s) 'example_sla_dag' retrieved from /Users/manideepakreddyaila/Desktop/projects/Legal_Insights_Engine/.venv/lib/python3.11/site-packages/airflow/example_dags/example_sla_dag.py
[2024-04-13T15:14:22.463-0400] {logging_mixin.py:188} INFO - [2024-04-13T15:14:22.463-0400] {dag.py:3096} INFO - Sync 1 DAGs
[2024-04-13T15:14:22.470-0400] {logging_mixin.py:188} INFO - [2024-04-13T15:14:22.470-0400] {dag.py:3954} INFO - Setting next_dagrun for example_sla_dag to 2024-04-13 19:12:00+00:00, run_after=2024-04-13 19:14:00+00:00
[2024-04-13T15:14:22.476-0400] {processor.py:183} INFO - Processing /Users/manideepakreddyaila/Desktop/projects/Legal_Insights_Engine/.venv/lib/python3.11/site-packages/airflow/example_dags/example_sla_dag.py took 0.095 seconds
[2024-04-13T15:16:20.738-0400] {processor.py:161} INFO - Started process (PID=30838) to work on /Users/manideepakreddyaila/Desktop/projects/Legal_Insights_Engine/.venv/lib/python3.11/site-packages/airflow/example_dags/example_sla_dag.py
[2024-04-13T15:16:20.739-0400] {processor.py:830} INFO - Processing file /Users/manideepakreddyaila/Desktop/projects/Legal_Insights_Engine/.venv/lib/python3.11/site-packages/airflow/example_dags/example_sla_dag.py for tasks to queue
[2024-04-13T15:16:20.740-0400] {logging_mixin.py:188} INFO - [2024-04-13T15:16:20.739-0400] {dagbag.py:540} INFO - Filling up the DagBag from /Users/manideepakreddyaila/Desktop/projects/Legal_Insights_Engine/.venv/lib/python3.11/site-packages/airflow/example_dags/example_sla_dag.py
[2024-04-13T15:16:20.779-0400] {processor.py:840} INFO - DAG(s) 'example_sla_dag' retrieved from /Users/manideepakreddyaila/Desktop/projects/Legal_Insights_Engine/.venv/lib/python3.11/site-packages/airflow/example_dags/example_sla_dag.py
[2024-04-13T15:16:20.813-0400] {logging_mixin.py:188} INFO - [2024-04-13T15:16:20.813-0400] {dag.py:3096} INFO - Sync 1 DAGs
[2024-04-13T15:16:20.820-0400] {logging_mixin.py:188} INFO - [2024-04-13T15:16:20.820-0400] {dag.py:3954} INFO - Setting next_dagrun for example_sla_dag to 2024-04-13 19:14:00+00:00, run_after=2024-04-13 19:16:00+00:00
[2024-04-13T15:16:20.826-0400] {processor.py:183} INFO - Processing /Users/manideepakreddyaila/Desktop/projects/Legal_Insights_Engine/.venv/lib/python3.11/site-packages/airflow/example_dags/example_sla_dag.py took 0.089 seconds
[2024-04-13T15:25:57.337-0400] {processor.py:161} INFO - Started process (PID=31008) to work on /Users/manideepakreddyaila/Desktop/projects/Legal_Insights_Engine/.venv/lib/python3.11/site-packages/airflow/example_dags/example_sla_dag.py
[2024-04-13T15:25:57.337-0400] {processor.py:830} INFO - Processing file /Users/manideepakreddyaila/Desktop/projects/Legal_Insights_Engine/.venv/lib/python3.11/site-packages/airflow/example_dags/example_sla_dag.py for tasks to queue
[2024-04-13T15:25:57.337-0400] {logging_mixin.py:188} INFO - [2024-04-13T15:25:57.337-0400] {dagbag.py:540} INFO - Filling up the DagBag from /Users/manideepakreddyaila/Desktop/projects/Legal_Insights_Engine/.venv/lib/python3.11/site-packages/airflow/example_dags/example_sla_dag.py
[2024-04-13T15:25:57.379-0400] {processor.py:840} INFO - DAG(s) 'example_sla_dag' retrieved from /Users/manideepakreddyaila/Desktop/projects/Legal_Insights_Engine/.venv/lib/python3.11/site-packages/airflow/example_dags/example_sla_dag.py
[2024-04-13T15:25:57.413-0400] {logging_mixin.py:188} INFO - [2024-04-13T15:25:57.413-0400] {dag.py:3096} INFO - Sync 1 DAGs
[2024-04-13T15:25:57.420-0400] {logging_mixin.py:188} INFO - [2024-04-13T15:25:57.420-0400] {dag.py:3954} INFO - Setting next_dagrun for example_sla_dag to 2024-04-13 19:22:00+00:00, run_after=2024-04-13 19:24:00+00:00
[2024-04-13T15:25:57.426-0400] {processor.py:183} INFO - Processing /Users/manideepakreddyaila/Desktop/projects/Legal_Insights_Engine/.venv/lib/python3.11/site-packages/airflow/example_dags/example_sla_dag.py took 0.091 seconds
[2024-04-13T17:50:58.868-0400] {processor.py:161} INFO - Started process (PID=31176) to work on /Users/manideepakreddyaila/Desktop/projects/Legal_Insights_Engine/.venv/lib/python3.11/site-packages/airflow/example_dags/example_sla_dag.py
[2024-04-13T17:50:58.869-0400] {processor.py:830} INFO - Processing file /Users/manideepakreddyaila/Desktop/projects/Legal_Insights_Engine/.venv/lib/python3.11/site-packages/airflow/example_dags/example_sla_dag.py for tasks to queue
[2024-04-13T17:50:58.869-0400] {logging_mixin.py:188} INFO - [2024-04-13T17:50:58.869-0400] {dagbag.py:540} INFO - Filling up the DagBag from /Users/manideepakreddyaila/Desktop/projects/Legal_Insights_Engine/.venv/lib/python3.11/site-packages/airflow/example_dags/example_sla_dag.py
[2024-04-13T17:50:58.908-0400] {processor.py:840} INFO - DAG(s) 'example_sla_dag' retrieved from /Users/manideepakreddyaila/Desktop/projects/Legal_Insights_Engine/.venv/lib/python3.11/site-packages/airflow/example_dags/example_sla_dag.py
[2024-04-13T17:50:58.942-0400] {logging_mixin.py:188} INFO - [2024-04-13T17:50:58.942-0400] {dag.py:3096} INFO - Sync 1 DAGs
[2024-04-13T17:50:58.949-0400] {logging_mixin.py:188} INFO - [2024-04-13T17:50:58.949-0400] {dag.py:3954} INFO - Setting next_dagrun for example_sla_dag to 2024-04-13 21:48:00+00:00, run_after=2024-04-13 21:50:00+00:00
[2024-04-13T17:50:58.955-0400] {processor.py:183} INFO - Processing /Users/manideepakreddyaila/Desktop/projects/Legal_Insights_Engine/.venv/lib/python3.11/site-packages/airflow/example_dags/example_sla_dag.py took 0.088 seconds
[2024-04-13T18:18:01.866-0400] {processor.py:161} INFO - Started process (PID=31321) to work on /Users/manideepakreddyaila/Desktop/projects/Legal_Insights_Engine/.venv/lib/python3.11/site-packages/airflow/example_dags/example_sla_dag.py
[2024-04-13T18:18:01.866-0400] {processor.py:830} INFO - Processing file /Users/manideepakreddyaila/Desktop/projects/Legal_Insights_Engine/.venv/lib/python3.11/site-packages/airflow/example_dags/example_sla_dag.py for tasks to queue
[2024-04-13T18:18:01.866-0400] {logging_mixin.py:188} INFO - [2024-04-13T18:18:01.866-0400] {dagbag.py:540} INFO - Filling up the DagBag from /Users/manideepakreddyaila/Desktop/projects/Legal_Insights_Engine/.venv/lib/python3.11/site-packages/airflow/example_dags/example_sla_dag.py
[2024-04-13T18:18:01.906-0400] {processor.py:840} INFO - DAG(s) 'example_sla_dag' retrieved from /Users/manideepakreddyaila/Desktop/projects/Legal_Insights_Engine/.venv/lib/python3.11/site-packages/airflow/example_dags/example_sla_dag.py
[2024-04-13T18:18:01.941-0400] {logging_mixin.py:188} INFO - [2024-04-13T18:18:01.940-0400] {dag.py:3096} INFO - Sync 1 DAGs
[2024-04-13T18:18:01.948-0400] {logging_mixin.py:188} INFO - [2024-04-13T18:18:01.948-0400] {dag.py:3954} INFO - Setting next_dagrun for example_sla_dag to 2024-04-13 22:16:00+00:00, run_after=2024-04-13 22:18:00+00:00
[2024-04-13T18:18:01.954-0400] {processor.py:183} INFO - Processing /Users/manideepakreddyaila/Desktop/projects/Legal_Insights_Engine/.venv/lib/python3.11/site-packages/airflow/example_dags/example_sla_dag.py took 0.089 seconds
[2024-04-13T18:58:41.422-0400] {processor.py:161} INFO - Started process (PID=31446) to work on /Users/manideepakreddyaila/Desktop/projects/Legal_Insights_Engine/.venv/lib/python3.11/site-packages/airflow/example_dags/example_sla_dag.py
[2024-04-13T18:58:41.423-0400] {processor.py:830} INFO - Processing file /Users/manideepakreddyaila/Desktop/projects/Legal_Insights_Engine/.venv/lib/python3.11/site-packages/airflow/example_dags/example_sla_dag.py for tasks to queue
[2024-04-13T18:58:41.423-0400] {logging_mixin.py:188} INFO - [2024-04-13T18:58:41.423-0400] {dagbag.py:540} INFO - Filling up the DagBag from /Users/manideepakreddyaila/Desktop/projects/Legal_Insights_Engine/.venv/lib/python3.11/site-packages/airflow/example_dags/example_sla_dag.py
[2024-04-13T18:58:41.475-0400] {processor.py:840} INFO - DAG(s) 'example_sla_dag' retrieved from /Users/manideepakreddyaila/Desktop/projects/Legal_Insights_Engine/.venv/lib/python3.11/site-packages/airflow/example_dags/example_sla_dag.py
[2024-04-13T18:58:41.514-0400] {logging_mixin.py:188} INFO - [2024-04-13T18:58:41.514-0400] {dag.py:3096} INFO - Sync 1 DAGs
[2024-04-13T18:58:41.521-0400] {logging_mixin.py:188} INFO - [2024-04-13T18:58:41.521-0400] {dag.py:3954} INFO - Setting next_dagrun for example_sla_dag to 2024-04-13 22:56:00+00:00, run_after=2024-04-13 22:58:00+00:00
[2024-04-13T18:58:41.528-0400] {processor.py:183} INFO - Processing /Users/manideepakreddyaila/Desktop/projects/Legal_Insights_Engine/.venv/lib/python3.11/site-packages/airflow/example_dags/example_sla_dag.py took 0.108 seconds
[2024-04-13T19:09:55.429-0400] {processor.py:161} INFO - Started process (PID=31540) to work on /Users/manideepakreddyaila/Desktop/projects/Legal_Insights_Engine/.venv/lib/python3.11/site-packages/airflow/example_dags/example_sla_dag.py
[2024-04-13T19:09:55.430-0400] {processor.py:830} INFO - Processing file /Users/manideepakreddyaila/Desktop/projects/Legal_Insights_Engine/.venv/lib/python3.11/site-packages/airflow/example_dags/example_sla_dag.py for tasks to queue
[2024-04-13T19:09:55.431-0400] {logging_mixin.py:188} INFO - [2024-04-13T19:09:55.431-0400] {dagbag.py:540} INFO - Filling up the DagBag from /Users/manideepakreddyaila/Desktop/projects/Legal_Insights_Engine/.venv/lib/python3.11/site-packages/airflow/example_dags/example_sla_dag.py
[2024-04-13T19:09:55.469-0400] {processor.py:840} INFO - DAG(s) 'example_sla_dag' retrieved from /Users/manideepakreddyaila/Desktop/projects/Legal_Insights_Engine/.venv/lib/python3.11/site-packages/airflow/example_dags/example_sla_dag.py
[2024-04-13T19:09:55.503-0400] {logging_mixin.py:188} INFO - [2024-04-13T19:09:55.503-0400] {dag.py:3096} INFO - Sync 1 DAGs
[2024-04-13T19:09:55.510-0400] {logging_mixin.py:188} INFO - [2024-04-13T19:09:55.510-0400] {dag.py:3954} INFO - Setting next_dagrun for example_sla_dag to 2024-04-13 23:06:00+00:00, run_after=2024-04-13 23:08:00+00:00
[2024-04-13T19:09:55.516-0400] {processor.py:183} INFO - Processing /Users/manideepakreddyaila/Desktop/projects/Legal_Insights_Engine/.venv/lib/python3.11/site-packages/airflow/example_dags/example_sla_dag.py took 0.088 seconds
