[2024-04-13T14:58:24.891-0400] {processor.py:161} INFO - Started process (PID=29989) to work on /Users/manideepakreddyaila/Desktop/projects/Legal_Insights_Engine/.venv/lib/python3.11/site-packages/airflow/example_dags/example_datasets.py
[2024-04-13T14:58:24.891-0400] {processor.py:830} INFO - Processing file /Users/manideepakreddyaila/Desktop/projects/Legal_Insights_Engine/.venv/lib/python3.11/site-packages/airflow/example_dags/example_datasets.py for tasks to queue
[2024-04-13T14:58:24.891-0400] {logging_mixin.py:188} INFO - [2024-04-13T14:58:24.891-0400] {dagbag.py:540} INFO - Filling up the DagBag from /Users/manideepakreddyaila/Desktop/projects/Legal_Insights_Engine/.venv/lib/python3.11/site-packages/airflow/example_dags/example_datasets.py
[2024-04-13T14:58:24.943-0400] {processor.py:840} INFO - DAG(s) 'consume_1_and_2_with_dataset_expressions', 'dataset_consumes_1_never_scheduled', 'dataset_produces_2', 'dataset_consumes_1', 'dataset_produces_1', 'dataset_consumes_1_and_2', 'conditional_dataset_and_time_based_timetable', 'consume_1_or_both_2_and_3_with_dataset_expressions', 'consume_1_or_2_with_dataset_expressions', 'dataset_consumes_unknown_never_scheduled' retrieved from /Users/manideepakreddyaila/Desktop/projects/Legal_Insights_Engine/.venv/lib/python3.11/site-packages/airflow/example_dags/example_datasets.py
[2024-04-13T14:58:25.011-0400] {logging_mixin.py:188} INFO - [2024-04-13T14:58:25.010-0400] {override.py:1829} INFO - Created Permission View: can read on DAG:consume_1_and_2_with_dataset_expressions
[2024-04-13T14:58:25.014-0400] {logging_mixin.py:188} INFO - [2024-04-13T14:58:25.014-0400] {override.py:1829} INFO - Created Permission View: can edit on DAG:consume_1_and_2_with_dataset_expressions
[2024-04-13T14:58:25.016-0400] {logging_mixin.py:188} INFO - [2024-04-13T14:58:25.016-0400] {override.py:1829} INFO - Created Permission View: can delete on DAG:consume_1_and_2_with_dataset_expressions
[2024-04-13T14:58:25.019-0400] {logging_mixin.py:188} INFO - [2024-04-13T14:58:25.019-0400] {override.py:1829} INFO - Created Permission View: can read on DAG:dataset_consumes_1_never_scheduled
[2024-04-13T14:58:25.021-0400] {logging_mixin.py:188} INFO - [2024-04-13T14:58:25.021-0400] {override.py:1829} INFO - Created Permission View: can edit on DAG:dataset_consumes_1_never_scheduled
[2024-04-13T14:58:25.022-0400] {logging_mixin.py:188} INFO - [2024-04-13T14:58:25.022-0400] {override.py:1829} INFO - Created Permission View: can delete on DAG:dataset_consumes_1_never_scheduled
[2024-04-13T14:58:25.026-0400] {logging_mixin.py:188} INFO - [2024-04-13T14:58:25.025-0400] {override.py:1829} INFO - Created Permission View: can read on DAG:dataset_produces_2
[2024-04-13T14:58:25.027-0400] {logging_mixin.py:188} INFO - [2024-04-13T14:58:25.027-0400] {override.py:1829} INFO - Created Permission View: can edit on DAG:dataset_produces_2
[2024-04-13T14:58:25.029-0400] {logging_mixin.py:188} INFO - [2024-04-13T14:58:25.029-0400] {override.py:1829} INFO - Created Permission View: can delete on DAG:dataset_produces_2
[2024-04-13T14:58:25.032-0400] {logging_mixin.py:188} INFO - [2024-04-13T14:58:25.032-0400] {override.py:1829} INFO - Created Permission View: can read on DAG:dataset_consumes_1
[2024-04-13T14:58:25.033-0400] {logging_mixin.py:188} INFO - [2024-04-13T14:58:25.033-0400] {override.py:1829} INFO - Created Permission View: can edit on DAG:dataset_consumes_1
[2024-04-13T14:58:25.035-0400] {logging_mixin.py:188} INFO - [2024-04-13T14:58:25.035-0400] {override.py:1829} INFO - Created Permission View: can delete on DAG:dataset_consumes_1
[2024-04-13T14:58:25.038-0400] {logging_mixin.py:188} INFO - [2024-04-13T14:58:25.038-0400] {override.py:1829} INFO - Created Permission View: can read on DAG:dataset_produces_1
[2024-04-13T14:58:25.039-0400] {logging_mixin.py:188} INFO - [2024-04-13T14:58:25.039-0400] {override.py:1829} INFO - Created Permission View: can edit on DAG:dataset_produces_1
[2024-04-13T14:58:25.041-0400] {logging_mixin.py:188} INFO - [2024-04-13T14:58:25.041-0400] {override.py:1829} INFO - Created Permission View: can delete on DAG:dataset_produces_1
[2024-04-13T14:58:25.044-0400] {logging_mixin.py:188} INFO - [2024-04-13T14:58:25.044-0400] {override.py:1829} INFO - Created Permission View: can read on DAG:dataset_consumes_1_and_2
[2024-04-13T14:58:25.046-0400] {logging_mixin.py:188} INFO - [2024-04-13T14:58:25.046-0400] {override.py:1829} INFO - Created Permission View: can edit on DAG:dataset_consumes_1_and_2
[2024-04-13T14:58:25.047-0400] {logging_mixin.py:188} INFO - [2024-04-13T14:58:25.047-0400] {override.py:1829} INFO - Created Permission View: can delete on DAG:dataset_consumes_1_and_2
[2024-04-13T14:58:25.050-0400] {logging_mixin.py:188} INFO - [2024-04-13T14:58:25.050-0400] {override.py:1829} INFO - Created Permission View: can read on DAG:conditional_dataset_and_time_based_timetable
[2024-04-13T14:58:25.052-0400] {logging_mixin.py:188} INFO - [2024-04-13T14:58:25.052-0400] {override.py:1829} INFO - Created Permission View: can edit on DAG:conditional_dataset_and_time_based_timetable
[2024-04-13T14:58:25.053-0400] {logging_mixin.py:188} INFO - [2024-04-13T14:58:25.053-0400] {override.py:1829} INFO - Created Permission View: can delete on DAG:conditional_dataset_and_time_based_timetable
[2024-04-13T14:58:25.057-0400] {logging_mixin.py:188} INFO - [2024-04-13T14:58:25.057-0400] {override.py:1829} INFO - Created Permission View: can read on DAG:consume_1_or_both_2_and_3_with_dataset_expressions
[2024-04-13T14:58:25.058-0400] {logging_mixin.py:188} INFO - [2024-04-13T14:58:25.058-0400] {override.py:1829} INFO - Created Permission View: can edit on DAG:consume_1_or_both_2_and_3_with_dataset_expressions
[2024-04-13T14:58:25.060-0400] {logging_mixin.py:188} INFO - [2024-04-13T14:58:25.060-0400] {override.py:1829} INFO - Created Permission View: can delete on DAG:consume_1_or_both_2_and_3_with_dataset_expressions
[2024-04-13T14:58:25.063-0400] {logging_mixin.py:188} INFO - [2024-04-13T14:58:25.063-0400] {override.py:1829} INFO - Created Permission View: can read on DAG:consume_1_or_2_with_dataset_expressions
[2024-04-13T14:58:25.064-0400] {logging_mixin.py:188} INFO - [2024-04-13T14:58:25.064-0400] {override.py:1829} INFO - Created Permission View: can edit on DAG:consume_1_or_2_with_dataset_expressions
[2024-04-13T14:58:25.066-0400] {logging_mixin.py:188} INFO - [2024-04-13T14:58:25.066-0400] {override.py:1829} INFO - Created Permission View: can delete on DAG:consume_1_or_2_with_dataset_expressions
[2024-04-13T14:58:25.069-0400] {logging_mixin.py:188} INFO - [2024-04-13T14:58:25.069-0400] {override.py:1829} INFO - Created Permission View: can read on DAG:dataset_consumes_unknown_never_scheduled
[2024-04-13T14:58:25.070-0400] {logging_mixin.py:188} INFO - [2024-04-13T14:58:25.070-0400] {override.py:1829} INFO - Created Permission View: can edit on DAG:dataset_consumes_unknown_never_scheduled
[2024-04-13T14:58:25.072-0400] {logging_mixin.py:188} INFO - [2024-04-13T14:58:25.072-0400] {override.py:1829} INFO - Created Permission View: can delete on DAG:dataset_consumes_unknown_never_scheduled
[2024-04-13T14:58:25.072-0400] {logging_mixin.py:188} INFO - [2024-04-13T14:58:25.072-0400] {dag.py:3096} INFO - Sync 10 DAGs
[2024-04-13T14:58:25.075-0400] {logging_mixin.py:188} INFO - [2024-04-13T14:58:25.075-0400] {dag.py:3118} INFO - Creating ORM DAG for dataset_produces_1
[2024-04-13T14:58:25.075-0400] {logging_mixin.py:188} INFO - [2024-04-13T14:58:25.075-0400] {dag.py:3118} INFO - Creating ORM DAG for conditional_dataset_and_time_based_timetable
[2024-04-13T14:58:25.076-0400] {logging_mixin.py:188} INFO - [2024-04-13T14:58:25.076-0400] {dag.py:3118} INFO - Creating ORM DAG for consume_1_or_2_with_dataset_expressions
[2024-04-13T14:58:25.076-0400] {logging_mixin.py:188} INFO - [2024-04-13T14:58:25.076-0400] {dag.py:3118} INFO - Creating ORM DAG for consume_1_and_2_with_dataset_expressions
[2024-04-13T14:58:25.076-0400] {logging_mixin.py:188} INFO - [2024-04-13T14:58:25.076-0400] {dag.py:3118} INFO - Creating ORM DAG for consume_1_or_both_2_and_3_with_dataset_expressions
[2024-04-13T14:58:25.076-0400] {logging_mixin.py:188} INFO - [2024-04-13T14:58:25.076-0400] {dag.py:3118} INFO - Creating ORM DAG for dataset_consumes_1_never_scheduled
[2024-04-13T14:58:25.076-0400] {logging_mixin.py:188} INFO - [2024-04-13T14:58:25.076-0400] {dag.py:3118} INFO - Creating ORM DAG for dataset_consumes_unknown_never_scheduled
[2024-04-13T14:58:25.076-0400] {logging_mixin.py:188} INFO - [2024-04-13T14:58:25.076-0400] {dag.py:3118} INFO - Creating ORM DAG for dataset_consumes_1
[2024-04-13T14:58:25.076-0400] {logging_mixin.py:188} INFO - [2024-04-13T14:58:25.076-0400] {dag.py:3118} INFO - Creating ORM DAG for dataset_consumes_1_and_2
[2024-04-13T14:58:25.077-0400] {logging_mixin.py:188} INFO - [2024-04-13T14:58:25.077-0400] {dag.py:3118} INFO - Creating ORM DAG for dataset_produces_2
[2024-04-13T14:58:25.079-0400] {logging_mixin.py:188} INFO - [2024-04-13T14:58:25.079-0400] {dag.py:3954} INFO - Setting next_dagrun for conditional_dataset_and_time_based_timetable to 2024-04-10 01:00:00+00:00, run_after=2024-04-10 01:00:00+00:00
[2024-04-13T14:58:25.080-0400] {logging_mixin.py:188} INFO - [2024-04-13T14:58:25.080-0400] {dag.py:3954} INFO - Setting next_dagrun for consume_1_and_2_with_dataset_expressions to None, run_after=None
[2024-04-13T14:58:25.080-0400] {logging_mixin.py:188} INFO - [2024-04-13T14:58:25.080-0400] {dag.py:3954} INFO - Setting next_dagrun for consume_1_or_2_with_dataset_expressions to None, run_after=None
[2024-04-13T14:58:25.080-0400] {logging_mixin.py:188} INFO - [2024-04-13T14:58:25.080-0400] {dag.py:3954} INFO - Setting next_dagrun for consume_1_or_both_2_and_3_with_dataset_expressions to None, run_after=None
[2024-04-13T14:58:25.080-0400] {logging_mixin.py:188} INFO - [2024-04-13T14:58:25.080-0400] {dag.py:3954} INFO - Setting next_dagrun for dataset_consumes_1 to None, run_after=None
[2024-04-13T14:58:25.080-0400] {logging_mixin.py:188} INFO - [2024-04-13T14:58:25.080-0400] {dag.py:3954} INFO - Setting next_dagrun for dataset_consumes_1_and_2 to None, run_after=None
[2024-04-13T14:58:25.080-0400] {logging_mixin.py:188} INFO - [2024-04-13T14:58:25.080-0400] {dag.py:3954} INFO - Setting next_dagrun for dataset_consumes_1_never_scheduled to None, run_after=None
[2024-04-13T14:58:25.080-0400] {logging_mixin.py:188} INFO - [2024-04-13T14:58:25.080-0400] {dag.py:3954} INFO - Setting next_dagrun for dataset_consumes_unknown_never_scheduled to None, run_after=None
[2024-04-13T14:58:25.081-0400] {logging_mixin.py:188} INFO - [2024-04-13T14:58:25.081-0400] {dag.py:3954} INFO - Setting next_dagrun for dataset_produces_1 to 2024-04-12 00:00:00+00:00, run_after=2024-04-13 00:00:00+00:00
[2024-04-13T14:58:25.081-0400] {logging_mixin.py:188} INFO - [2024-04-13T14:58:25.081-0400] {dag.py:3954} INFO - Setting next_dagrun for dataset_produces_2 to None, run_after=None
[2024-04-13T14:58:25.093-0400] {processor.py:183} INFO - Processing /Users/manideepakreddyaila/Desktop/projects/Legal_Insights_Engine/.venv/lib/python3.11/site-packages/airflow/example_dags/example_datasets.py took 0.204 seconds
[2024-04-13T15:00:20.742-0400] {processor.py:161} INFO - Started process (PID=30096) to work on /Users/manideepakreddyaila/Desktop/projects/Legal_Insights_Engine/.venv/lib/python3.11/site-packages/airflow/example_dags/example_datasets.py
[2024-04-13T15:00:20.743-0400] {processor.py:830} INFO - Processing file /Users/manideepakreddyaila/Desktop/projects/Legal_Insights_Engine/.venv/lib/python3.11/site-packages/airflow/example_dags/example_datasets.py for tasks to queue
[2024-04-13T15:00:20.743-0400] {logging_mixin.py:188} INFO - [2024-04-13T15:00:20.743-0400] {dagbag.py:540} INFO - Filling up the DagBag from /Users/manideepakreddyaila/Desktop/projects/Legal_Insights_Engine/.venv/lib/python3.11/site-packages/airflow/example_dags/example_datasets.py
[2024-04-13T15:00:20.795-0400] {processor.py:840} INFO - DAG(s) 'dataset_consumes_1_never_scheduled', 'conditional_dataset_and_time_based_timetable', 'consume_1_and_2_with_dataset_expressions', 'consume_1_or_2_with_dataset_expressions', 'dataset_produces_1', 'dataset_consumes_1_and_2', 'consume_1_or_both_2_and_3_with_dataset_expressions', 'dataset_consumes_unknown_never_scheduled', 'dataset_produces_2', 'dataset_consumes_1' retrieved from /Users/manideepakreddyaila/Desktop/projects/Legal_Insights_Engine/.venv/lib/python3.11/site-packages/airflow/example_dags/example_datasets.py
[2024-04-13T15:00:20.837-0400] {logging_mixin.py:188} INFO - [2024-04-13T15:00:20.837-0400] {dag.py:3096} INFO - Sync 10 DAGs
[2024-04-13T15:00:20.844-0400] {logging_mixin.py:188} INFO - [2024-04-13T15:00:20.844-0400] {dag.py:3954} INFO - Setting next_dagrun for conditional_dataset_and_time_based_timetable to 2024-04-10 01:00:00+00:00, run_after=2024-04-10 01:00:00+00:00
[2024-04-13T15:00:20.845-0400] {logging_mixin.py:188} INFO - [2024-04-13T15:00:20.845-0400] {dag.py:3954} INFO - Setting next_dagrun for consume_1_and_2_with_dataset_expressions to None, run_after=None
[2024-04-13T15:00:20.845-0400] {logging_mixin.py:188} INFO - [2024-04-13T15:00:20.845-0400] {dag.py:3954} INFO - Setting next_dagrun for consume_1_or_2_with_dataset_expressions to None, run_after=None
[2024-04-13T15:00:20.845-0400] {logging_mixin.py:188} INFO - [2024-04-13T15:00:20.845-0400] {dag.py:3954} INFO - Setting next_dagrun for consume_1_or_both_2_and_3_with_dataset_expressions to None, run_after=None
[2024-04-13T15:00:20.846-0400] {logging_mixin.py:188} INFO - [2024-04-13T15:00:20.846-0400] {dag.py:3954} INFO - Setting next_dagrun for dataset_consumes_1 to None, run_after=None
[2024-04-13T15:00:20.846-0400] {logging_mixin.py:188} INFO - [2024-04-13T15:00:20.846-0400] {dag.py:3954} INFO - Setting next_dagrun for dataset_consumes_1_and_2 to None, run_after=None
[2024-04-13T15:00:20.846-0400] {logging_mixin.py:188} INFO - [2024-04-13T15:00:20.846-0400] {dag.py:3954} INFO - Setting next_dagrun for dataset_consumes_1_never_scheduled to None, run_after=None
[2024-04-13T15:00:20.846-0400] {logging_mixin.py:188} INFO - [2024-04-13T15:00:20.846-0400] {dag.py:3954} INFO - Setting next_dagrun for dataset_consumes_unknown_never_scheduled to None, run_after=None
[2024-04-13T15:00:20.847-0400] {logging_mixin.py:188} INFO - [2024-04-13T15:00:20.847-0400] {dag.py:3954} INFO - Setting next_dagrun for dataset_produces_1 to 2024-04-12 00:00:00+00:00, run_after=2024-04-13 00:00:00+00:00
[2024-04-13T15:00:20.847-0400] {logging_mixin.py:188} INFO - [2024-04-13T15:00:20.847-0400] {dag.py:3954} INFO - Setting next_dagrun for dataset_produces_2 to None, run_after=None
[2024-04-13T15:00:20.857-0400] {processor.py:183} INFO - Processing /Users/manideepakreddyaila/Desktop/projects/Legal_Insights_Engine/.venv/lib/python3.11/site-packages/airflow/example_dags/example_datasets.py took 0.116 seconds
[2024-04-13T15:02:14.695-0400] {processor.py:161} INFO - Started process (PID=30196) to work on /Users/manideepakreddyaila/Desktop/projects/Legal_Insights_Engine/.venv/lib/python3.11/site-packages/airflow/example_dags/example_datasets.py
[2024-04-13T15:02:14.696-0400] {processor.py:830} INFO - Processing file /Users/manideepakreddyaila/Desktop/projects/Legal_Insights_Engine/.venv/lib/python3.11/site-packages/airflow/example_dags/example_datasets.py for tasks to queue
[2024-04-13T15:02:14.696-0400] {logging_mixin.py:188} INFO - [2024-04-13T15:02:14.696-0400] {dagbag.py:540} INFO - Filling up the DagBag from /Users/manideepakreddyaila/Desktop/projects/Legal_Insights_Engine/.venv/lib/python3.11/site-packages/airflow/example_dags/example_datasets.py
[2024-04-13T15:02:14.746-0400] {processor.py:840} INFO - DAG(s) 'dataset_consumes_1_never_scheduled', 'dataset_consumes_1_and_2', 'dataset_consumes_unknown_never_scheduled', 'consume_1_or_2_with_dataset_expressions', 'consume_1_and_2_with_dataset_expressions', 'dataset_produces_1', 'conditional_dataset_and_time_based_timetable', 'dataset_consumes_1', 'consume_1_or_both_2_and_3_with_dataset_expressions', 'dataset_produces_2' retrieved from /Users/manideepakreddyaila/Desktop/projects/Legal_Insights_Engine/.venv/lib/python3.11/site-packages/airflow/example_dags/example_datasets.py
[2024-04-13T15:02:14.793-0400] {logging_mixin.py:188} INFO - [2024-04-13T15:02:14.793-0400] {dag.py:3096} INFO - Sync 10 DAGs
[2024-04-13T15:02:14.799-0400] {logging_mixin.py:188} INFO - [2024-04-13T15:02:14.799-0400] {dag.py:3954} INFO - Setting next_dagrun for conditional_dataset_and_time_based_timetable to 2024-04-10 01:00:00+00:00, run_after=2024-04-10 01:00:00+00:00
[2024-04-13T15:02:14.800-0400] {logging_mixin.py:188} INFO - [2024-04-13T15:02:14.800-0400] {dag.py:3954} INFO - Setting next_dagrun for consume_1_and_2_with_dataset_expressions to None, run_after=None
[2024-04-13T15:02:14.801-0400] {logging_mixin.py:188} INFO - [2024-04-13T15:02:14.801-0400] {dag.py:3954} INFO - Setting next_dagrun for consume_1_or_2_with_dataset_expressions to None, run_after=None
[2024-04-13T15:02:14.801-0400] {logging_mixin.py:188} INFO - [2024-04-13T15:02:14.801-0400] {dag.py:3954} INFO - Setting next_dagrun for consume_1_or_both_2_and_3_with_dataset_expressions to None, run_after=None
[2024-04-13T15:02:14.801-0400] {logging_mixin.py:188} INFO - [2024-04-13T15:02:14.801-0400] {dag.py:3954} INFO - Setting next_dagrun for dataset_consumes_1 to None, run_after=None
[2024-04-13T15:02:14.801-0400] {logging_mixin.py:188} INFO - [2024-04-13T15:02:14.801-0400] {dag.py:3954} INFO - Setting next_dagrun for dataset_consumes_1_and_2 to None, run_after=None
[2024-04-13T15:02:14.802-0400] {logging_mixin.py:188} INFO - [2024-04-13T15:02:14.802-0400] {dag.py:3954} INFO - Setting next_dagrun for dataset_consumes_1_never_scheduled to None, run_after=None
[2024-04-13T15:02:14.802-0400] {logging_mixin.py:188} INFO - [2024-04-13T15:02:14.802-0400] {dag.py:3954} INFO - Setting next_dagrun for dataset_consumes_unknown_never_scheduled to None, run_after=None
[2024-04-13T15:02:14.803-0400] {logging_mixin.py:188} INFO - [2024-04-13T15:02:14.803-0400] {dag.py:3954} INFO - Setting next_dagrun for dataset_produces_1 to 2024-04-12 00:00:00+00:00, run_after=2024-04-13 00:00:00+00:00
[2024-04-13T15:02:14.803-0400] {logging_mixin.py:188} INFO - [2024-04-13T15:02:14.803-0400] {dag.py:3954} INFO - Setting next_dagrun for dataset_produces_2 to None, run_after=None
[2024-04-13T15:02:14.813-0400] {processor.py:183} INFO - Processing /Users/manideepakreddyaila/Desktop/projects/Legal_Insights_Engine/.venv/lib/python3.11/site-packages/airflow/example_dags/example_datasets.py took 0.119 seconds
[2024-04-13T15:04:16.447-0400] {processor.py:161} INFO - Started process (PID=30301) to work on /Users/manideepakreddyaila/Desktop/projects/Legal_Insights_Engine/.venv/lib/python3.11/site-packages/airflow/example_dags/example_datasets.py
[2024-04-13T15:04:16.448-0400] {processor.py:830} INFO - Processing file /Users/manideepakreddyaila/Desktop/projects/Legal_Insights_Engine/.venv/lib/python3.11/site-packages/airflow/example_dags/example_datasets.py for tasks to queue
[2024-04-13T15:04:16.448-0400] {logging_mixin.py:188} INFO - [2024-04-13T15:04:16.448-0400] {dagbag.py:540} INFO - Filling up the DagBag from /Users/manideepakreddyaila/Desktop/projects/Legal_Insights_Engine/.venv/lib/python3.11/site-packages/airflow/example_dags/example_datasets.py
[2024-04-13T15:04:16.499-0400] {processor.py:840} INFO - DAG(s) 'dataset_consumes_unknown_never_scheduled', 'conditional_dataset_and_time_based_timetable', 'dataset_produces_1', 'consume_1_or_2_with_dataset_expressions', 'consume_1_or_both_2_and_3_with_dataset_expressions', 'dataset_consumes_1', 'dataset_consumes_1_and_2', 'dataset_consumes_1_never_scheduled', 'consume_1_and_2_with_dataset_expressions', 'dataset_produces_2' retrieved from /Users/manideepakreddyaila/Desktop/projects/Legal_Insights_Engine/.venv/lib/python3.11/site-packages/airflow/example_dags/example_datasets.py
[2024-04-13T15:04:16.542-0400] {logging_mixin.py:188} INFO - [2024-04-13T15:04:16.541-0400] {dag.py:3096} INFO - Sync 10 DAGs
[2024-04-13T15:04:16.548-0400] {logging_mixin.py:188} INFO - [2024-04-13T15:04:16.548-0400] {dag.py:3954} INFO - Setting next_dagrun for conditional_dataset_and_time_based_timetable to 2024-04-10 01:00:00+00:00, run_after=2024-04-10 01:00:00+00:00
[2024-04-13T15:04:16.549-0400] {logging_mixin.py:188} INFO - [2024-04-13T15:04:16.549-0400] {dag.py:3954} INFO - Setting next_dagrun for consume_1_and_2_with_dataset_expressions to None, run_after=None
[2024-04-13T15:04:16.549-0400] {logging_mixin.py:188} INFO - [2024-04-13T15:04:16.549-0400] {dag.py:3954} INFO - Setting next_dagrun for consume_1_or_2_with_dataset_expressions to None, run_after=None
[2024-04-13T15:04:16.550-0400] {logging_mixin.py:188} INFO - [2024-04-13T15:04:16.549-0400] {dag.py:3954} INFO - Setting next_dagrun for consume_1_or_both_2_and_3_with_dataset_expressions to None, run_after=None
[2024-04-13T15:04:16.550-0400] {logging_mixin.py:188} INFO - [2024-04-13T15:04:16.550-0400] {dag.py:3954} INFO - Setting next_dagrun for dataset_consumes_1 to None, run_after=None
[2024-04-13T15:04:16.550-0400] {logging_mixin.py:188} INFO - [2024-04-13T15:04:16.550-0400] {dag.py:3954} INFO - Setting next_dagrun for dataset_consumes_1_and_2 to None, run_after=None
[2024-04-13T15:04:16.550-0400] {logging_mixin.py:188} INFO - [2024-04-13T15:04:16.550-0400] {dag.py:3954} INFO - Setting next_dagrun for dataset_consumes_1_never_scheduled to None, run_after=None
[2024-04-13T15:04:16.551-0400] {logging_mixin.py:188} INFO - [2024-04-13T15:04:16.550-0400] {dag.py:3954} INFO - Setting next_dagrun for dataset_consumes_unknown_never_scheduled to None, run_after=None
[2024-04-13T15:04:16.551-0400] {logging_mixin.py:188} INFO - [2024-04-13T15:04:16.551-0400] {dag.py:3954} INFO - Setting next_dagrun for dataset_produces_1 to 2024-04-12 00:00:00+00:00, run_after=2024-04-13 00:00:00+00:00
[2024-04-13T15:04:16.551-0400] {logging_mixin.py:188} INFO - [2024-04-13T15:04:16.551-0400] {dag.py:3954} INFO - Setting next_dagrun for dataset_produces_2 to None, run_after=None
[2024-04-13T15:04:16.561-0400] {processor.py:183} INFO - Processing /Users/manideepakreddyaila/Desktop/projects/Legal_Insights_Engine/.venv/lib/python3.11/site-packages/airflow/example_dags/example_datasets.py took 0.114 seconds
[2024-04-13T15:06:15.459-0400] {processor.py:161} INFO - Started process (PID=30441) to work on /Users/manideepakreddyaila/Desktop/projects/Legal_Insights_Engine/.venv/lib/python3.11/site-packages/airflow/example_dags/example_datasets.py
[2024-04-13T15:06:15.460-0400] {processor.py:830} INFO - Processing file /Users/manideepakreddyaila/Desktop/projects/Legal_Insights_Engine/.venv/lib/python3.11/site-packages/airflow/example_dags/example_datasets.py for tasks to queue
[2024-04-13T15:06:15.460-0400] {logging_mixin.py:188} INFO - [2024-04-13T15:06:15.460-0400] {dagbag.py:540} INFO - Filling up the DagBag from /Users/manideepakreddyaila/Desktop/projects/Legal_Insights_Engine/.venv/lib/python3.11/site-packages/airflow/example_dags/example_datasets.py
[2024-04-13T15:06:15.512-0400] {processor.py:840} INFO - DAG(s) 'consume_1_or_2_with_dataset_expressions', 'dataset_consumes_1_never_scheduled', 'conditional_dataset_and_time_based_timetable', 'consume_1_and_2_with_dataset_expressions', 'dataset_consumes_unknown_never_scheduled', 'consume_1_or_both_2_and_3_with_dataset_expressions', 'dataset_consumes_1_and_2', 'dataset_produces_2', 'dataset_produces_1', 'dataset_consumes_1' retrieved from /Users/manideepakreddyaila/Desktop/projects/Legal_Insights_Engine/.venv/lib/python3.11/site-packages/airflow/example_dags/example_datasets.py
[2024-04-13T15:06:15.555-0400] {logging_mixin.py:188} INFO - [2024-04-13T15:06:15.555-0400] {dag.py:3096} INFO - Sync 10 DAGs
[2024-04-13T15:06:15.562-0400] {logging_mixin.py:188} INFO - [2024-04-13T15:06:15.561-0400] {dag.py:3954} INFO - Setting next_dagrun for conditional_dataset_and_time_based_timetable to 2024-04-10 01:00:00+00:00, run_after=2024-04-10 01:00:00+00:00
[2024-04-13T15:06:15.563-0400] {logging_mixin.py:188} INFO - [2024-04-13T15:06:15.562-0400] {dag.py:3954} INFO - Setting next_dagrun for consume_1_and_2_with_dataset_expressions to None, run_after=None
[2024-04-13T15:06:15.563-0400] {logging_mixin.py:188} INFO - [2024-04-13T15:06:15.563-0400] {dag.py:3954} INFO - Setting next_dagrun for consume_1_or_2_with_dataset_expressions to None, run_after=None
[2024-04-13T15:06:15.563-0400] {logging_mixin.py:188} INFO - [2024-04-13T15:06:15.563-0400] {dag.py:3954} INFO - Setting next_dagrun for consume_1_or_both_2_and_3_with_dataset_expressions to None, run_after=None
[2024-04-13T15:06:15.563-0400] {logging_mixin.py:188} INFO - [2024-04-13T15:06:15.563-0400] {dag.py:3954} INFO - Setting next_dagrun for dataset_consumes_1 to None, run_after=None
[2024-04-13T15:06:15.564-0400] {logging_mixin.py:188} INFO - [2024-04-13T15:06:15.564-0400] {dag.py:3954} INFO - Setting next_dagrun for dataset_consumes_1_and_2 to None, run_after=None
[2024-04-13T15:06:15.564-0400] {logging_mixin.py:188} INFO - [2024-04-13T15:06:15.564-0400] {dag.py:3954} INFO - Setting next_dagrun for dataset_consumes_1_never_scheduled to None, run_after=None
[2024-04-13T15:06:15.564-0400] {logging_mixin.py:188} INFO - [2024-04-13T15:06:15.564-0400] {dag.py:3954} INFO - Setting next_dagrun for dataset_consumes_unknown_never_scheduled to None, run_after=None
[2024-04-13T15:06:15.565-0400] {logging_mixin.py:188} INFO - [2024-04-13T15:06:15.565-0400] {dag.py:3954} INFO - Setting next_dagrun for dataset_produces_1 to 2024-04-12 00:00:00+00:00, run_after=2024-04-13 00:00:00+00:00
[2024-04-13T15:06:15.565-0400] {logging_mixin.py:188} INFO - [2024-04-13T15:06:15.565-0400] {dag.py:3954} INFO - Setting next_dagrun for dataset_produces_2 to None, run_after=None
[2024-04-13T15:06:15.580-0400] {processor.py:183} INFO - Processing /Users/manideepakreddyaila/Desktop/projects/Legal_Insights_Engine/.venv/lib/python3.11/site-packages/airflow/example_dags/example_datasets.py took 0.122 seconds
[2024-04-13T15:08:18.907-0400] {processor.py:161} INFO - Started process (PID=30581) to work on /Users/manideepakreddyaila/Desktop/projects/Legal_Insights_Engine/.venv/lib/python3.11/site-packages/airflow/example_dags/example_datasets.py
[2024-04-13T15:08:18.908-0400] {processor.py:830} INFO - Processing file /Users/manideepakreddyaila/Desktop/projects/Legal_Insights_Engine/.venv/lib/python3.11/site-packages/airflow/example_dags/example_datasets.py for tasks to queue
[2024-04-13T15:08:18.908-0400] {logging_mixin.py:188} INFO - [2024-04-13T15:08:18.908-0400] {dagbag.py:540} INFO - Filling up the DagBag from /Users/manideepakreddyaila/Desktop/projects/Legal_Insights_Engine/.venv/lib/python3.11/site-packages/airflow/example_dags/example_datasets.py
[2024-04-13T15:08:18.966-0400] {processor.py:840} INFO - DAG(s) 'consume_1_or_2_with_dataset_expressions', 'consume_1_or_both_2_and_3_with_dataset_expressions', 'conditional_dataset_and_time_based_timetable', 'dataset_consumes_1_never_scheduled', 'consume_1_and_2_with_dataset_expressions', 'dataset_consumes_1', 'dataset_produces_2', 'dataset_consumes_1_and_2', 'dataset_consumes_unknown_never_scheduled', 'dataset_produces_1' retrieved from /Users/manideepakreddyaila/Desktop/projects/Legal_Insights_Engine/.venv/lib/python3.11/site-packages/airflow/example_dags/example_datasets.py
[2024-04-13T15:08:19.013-0400] {logging_mixin.py:188} INFO - [2024-04-13T15:08:19.012-0400] {dag.py:3096} INFO - Sync 10 DAGs
[2024-04-13T15:08:19.026-0400] {logging_mixin.py:188} INFO - [2024-04-13T15:08:19.026-0400] {dag.py:3954} INFO - Setting next_dagrun for conditional_dataset_and_time_based_timetable to 2024-04-10 01:00:00+00:00, run_after=2024-04-10 01:00:00+00:00
[2024-04-13T15:08:19.029-0400] {logging_mixin.py:188} INFO - [2024-04-13T15:08:19.028-0400] {dag.py:3954} INFO - Setting next_dagrun for consume_1_and_2_with_dataset_expressions to None, run_after=None
[2024-04-13T15:08:19.029-0400] {logging_mixin.py:188} INFO - [2024-04-13T15:08:19.029-0400] {dag.py:3954} INFO - Setting next_dagrun for consume_1_or_2_with_dataset_expressions to None, run_after=None
[2024-04-13T15:08:19.030-0400] {logging_mixin.py:188} INFO - [2024-04-13T15:08:19.029-0400] {dag.py:3954} INFO - Setting next_dagrun for consume_1_or_both_2_and_3_with_dataset_expressions to None, run_after=None
[2024-04-13T15:08:19.030-0400] {logging_mixin.py:188} INFO - [2024-04-13T15:08:19.030-0400] {dag.py:3954} INFO - Setting next_dagrun for dataset_consumes_1 to None, run_after=None
[2024-04-13T15:08:19.030-0400] {logging_mixin.py:188} INFO - [2024-04-13T15:08:19.030-0400] {dag.py:3954} INFO - Setting next_dagrun for dataset_consumes_1_and_2 to None, run_after=None
[2024-04-13T15:08:19.031-0400] {logging_mixin.py:188} INFO - [2024-04-13T15:08:19.031-0400] {dag.py:3954} INFO - Setting next_dagrun for dataset_consumes_1_never_scheduled to None, run_after=None
[2024-04-13T15:08:19.031-0400] {logging_mixin.py:188} INFO - [2024-04-13T15:08:19.031-0400] {dag.py:3954} INFO - Setting next_dagrun for dataset_consumes_unknown_never_scheduled to None, run_after=None
[2024-04-13T15:08:19.032-0400] {logging_mixin.py:188} INFO - [2024-04-13T15:08:19.032-0400] {dag.py:3954} INFO - Setting next_dagrun for dataset_produces_1 to 2024-04-12 00:00:00+00:00, run_after=2024-04-13 00:00:00+00:00
[2024-04-13T15:08:19.034-0400] {logging_mixin.py:188} INFO - [2024-04-13T15:08:19.034-0400] {dag.py:3954} INFO - Setting next_dagrun for dataset_produces_2 to None, run_after=None
[2024-04-13T15:08:19.073-0400] {processor.py:183} INFO - Processing /Users/manideepakreddyaila/Desktop/projects/Legal_Insights_Engine/.venv/lib/python3.11/site-packages/airflow/example_dags/example_datasets.py took 0.168 seconds
[2024-04-13T15:15:31.379-0400] {processor.py:161} INFO - Started process (PID=30789) to work on /Users/manideepakreddyaila/Desktop/projects/Legal_Insights_Engine/.venv/lib/python3.11/site-packages/airflow/example_dags/example_datasets.py
[2024-04-13T15:15:31.380-0400] {processor.py:830} INFO - Processing file /Users/manideepakreddyaila/Desktop/projects/Legal_Insights_Engine/.venv/lib/python3.11/site-packages/airflow/example_dags/example_datasets.py for tasks to queue
[2024-04-13T15:15:31.380-0400] {logging_mixin.py:188} INFO - [2024-04-13T15:15:31.380-0400] {dagbag.py:540} INFO - Filling up the DagBag from /Users/manideepakreddyaila/Desktop/projects/Legal_Insights_Engine/.venv/lib/python3.11/site-packages/airflow/example_dags/example_datasets.py
[2024-04-13T15:15:31.431-0400] {processor.py:840} INFO - DAG(s) 'dataset_consumes_1_and_2', 'conditional_dataset_and_time_based_timetable', 'dataset_produces_1', 'dataset_consumes_1', 'dataset_consumes_1_never_scheduled', 'dataset_produces_2', 'dataset_consumes_unknown_never_scheduled', 'consume_1_or_both_2_and_3_with_dataset_expressions', 'consume_1_or_2_with_dataset_expressions', 'consume_1_and_2_with_dataset_expressions' retrieved from /Users/manideepakreddyaila/Desktop/projects/Legal_Insights_Engine/.venv/lib/python3.11/site-packages/airflow/example_dags/example_datasets.py
[2024-04-13T15:15:31.474-0400] {logging_mixin.py:188} INFO - [2024-04-13T15:15:31.474-0400] {dag.py:3096} INFO - Sync 10 DAGs
[2024-04-13T15:15:31.480-0400] {logging_mixin.py:188} INFO - [2024-04-13T15:15:31.480-0400] {dag.py:3954} INFO - Setting next_dagrun for conditional_dataset_and_time_based_timetable to 2024-04-10 01:00:00+00:00, run_after=2024-04-10 01:00:00+00:00
[2024-04-13T15:15:31.481-0400] {logging_mixin.py:188} INFO - [2024-04-13T15:15:31.481-0400] {dag.py:3954} INFO - Setting next_dagrun for consume_1_and_2_with_dataset_expressions to None, run_after=None
[2024-04-13T15:15:31.482-0400] {logging_mixin.py:188} INFO - [2024-04-13T15:15:31.482-0400] {dag.py:3954} INFO - Setting next_dagrun for consume_1_or_2_with_dataset_expressions to None, run_after=None
[2024-04-13T15:15:31.482-0400] {logging_mixin.py:188} INFO - [2024-04-13T15:15:31.482-0400] {dag.py:3954} INFO - Setting next_dagrun for consume_1_or_both_2_and_3_with_dataset_expressions to None, run_after=None
[2024-04-13T15:15:31.482-0400] {logging_mixin.py:188} INFO - [2024-04-13T15:15:31.482-0400] {dag.py:3954} INFO - Setting next_dagrun for dataset_consumes_1 to None, run_after=None
[2024-04-13T15:15:31.482-0400] {logging_mixin.py:188} INFO - [2024-04-13T15:15:31.482-0400] {dag.py:3954} INFO - Setting next_dagrun for dataset_consumes_1_and_2 to None, run_after=None
[2024-04-13T15:15:31.483-0400] {logging_mixin.py:188} INFO - [2024-04-13T15:15:31.483-0400] {dag.py:3954} INFO - Setting next_dagrun for dataset_consumes_1_never_scheduled to None, run_after=None
[2024-04-13T15:15:31.483-0400] {logging_mixin.py:188} INFO - [2024-04-13T15:15:31.483-0400] {dag.py:3954} INFO - Setting next_dagrun for dataset_consumes_unknown_never_scheduled to None, run_after=None
[2024-04-13T15:15:31.484-0400] {logging_mixin.py:188} INFO - [2024-04-13T15:15:31.484-0400] {dag.py:3954} INFO - Setting next_dagrun for dataset_produces_1 to 2024-04-12 00:00:00+00:00, run_after=2024-04-13 00:00:00+00:00
[2024-04-13T15:15:31.484-0400] {logging_mixin.py:188} INFO - [2024-04-13T15:15:31.484-0400] {dag.py:3954} INFO - Setting next_dagrun for dataset_produces_2 to None, run_after=None
[2024-04-13T15:15:31.494-0400] {processor.py:183} INFO - Processing /Users/manideepakreddyaila/Desktop/projects/Legal_Insights_Engine/.venv/lib/python3.11/site-packages/airflow/example_dags/example_datasets.py took 0.116 seconds
[2024-04-13T15:20:14.979-0400] {processor.py:161} INFO - Started process (PID=30906) to work on /Users/manideepakreddyaila/Desktop/projects/Legal_Insights_Engine/.venv/lib/python3.11/site-packages/airflow/example_dags/example_datasets.py
[2024-04-13T15:20:14.980-0400] {processor.py:830} INFO - Processing file /Users/manideepakreddyaila/Desktop/projects/Legal_Insights_Engine/.venv/lib/python3.11/site-packages/airflow/example_dags/example_datasets.py for tasks to queue
[2024-04-13T15:20:14.980-0400] {logging_mixin.py:188} INFO - [2024-04-13T15:20:14.980-0400] {dagbag.py:540} INFO - Filling up the DagBag from /Users/manideepakreddyaila/Desktop/projects/Legal_Insights_Engine/.venv/lib/python3.11/site-packages/airflow/example_dags/example_datasets.py
[2024-04-13T15:20:15.060-0400] {processor.py:840} INFO - DAG(s) 'dataset_produces_1', 'consume_1_or_2_with_dataset_expressions', 'conditional_dataset_and_time_based_timetable', 'consume_1_or_both_2_and_3_with_dataset_expressions', 'dataset_consumes_1_never_scheduled', 'consume_1_and_2_with_dataset_expressions', 'dataset_consumes_unknown_never_scheduled', 'dataset_consumes_1_and_2', 'dataset_produces_2', 'dataset_consumes_1' retrieved from /Users/manideepakreddyaila/Desktop/projects/Legal_Insights_Engine/.venv/lib/python3.11/site-packages/airflow/example_dags/example_datasets.py
[2024-04-13T15:20:15.108-0400] {logging_mixin.py:188} INFO - [2024-04-13T15:20:15.108-0400] {dag.py:3096} INFO - Sync 10 DAGs
[2024-04-13T15:20:15.115-0400] {logging_mixin.py:188} INFO - [2024-04-13T15:20:15.115-0400] {dag.py:3954} INFO - Setting next_dagrun for conditional_dataset_and_time_based_timetable to 2024-04-10 01:00:00+00:00, run_after=2024-04-10 01:00:00+00:00
[2024-04-13T15:20:15.116-0400] {logging_mixin.py:188} INFO - [2024-04-13T15:20:15.116-0400] {dag.py:3954} INFO - Setting next_dagrun for consume_1_and_2_with_dataset_expressions to None, run_after=None
[2024-04-13T15:20:15.116-0400] {logging_mixin.py:188} INFO - [2024-04-13T15:20:15.116-0400] {dag.py:3954} INFO - Setting next_dagrun for consume_1_or_2_with_dataset_expressions to None, run_after=None
[2024-04-13T15:20:15.117-0400] {logging_mixin.py:188} INFO - [2024-04-13T15:20:15.117-0400] {dag.py:3954} INFO - Setting next_dagrun for consume_1_or_both_2_and_3_with_dataset_expressions to None, run_after=None
[2024-04-13T15:20:15.117-0400] {logging_mixin.py:188} INFO - [2024-04-13T15:20:15.117-0400] {dag.py:3954} INFO - Setting next_dagrun for dataset_consumes_1 to None, run_after=None
[2024-04-13T15:20:15.117-0400] {logging_mixin.py:188} INFO - [2024-04-13T15:20:15.117-0400] {dag.py:3954} INFO - Setting next_dagrun for dataset_consumes_1_and_2 to None, run_after=None
[2024-04-13T15:20:15.118-0400] {logging_mixin.py:188} INFO - [2024-04-13T15:20:15.118-0400] {dag.py:3954} INFO - Setting next_dagrun for dataset_consumes_1_never_scheduled to None, run_after=None
[2024-04-13T15:20:15.118-0400] {logging_mixin.py:188} INFO - [2024-04-13T15:20:15.118-0400] {dag.py:3954} INFO - Setting next_dagrun for dataset_consumes_unknown_never_scheduled to None, run_after=None
[2024-04-13T15:20:15.118-0400] {logging_mixin.py:188} INFO - [2024-04-13T15:20:15.118-0400] {dag.py:3954} INFO - Setting next_dagrun for dataset_produces_1 to 2024-04-12 00:00:00+00:00, run_after=2024-04-13 00:00:00+00:00
[2024-04-13T15:20:15.119-0400] {logging_mixin.py:188} INFO - [2024-04-13T15:20:15.119-0400] {dag.py:3954} INFO - Setting next_dagrun for dataset_produces_2 to None, run_after=None
[2024-04-13T15:20:15.129-0400] {processor.py:183} INFO - Processing /Users/manideepakreddyaila/Desktop/projects/Legal_Insights_Engine/.venv/lib/python3.11/site-packages/airflow/example_dags/example_datasets.py took 0.152 seconds
[2024-04-13T15:44:33.029-0400] {processor.py:161} INFO - Started process (PID=31063) to work on /Users/manideepakreddyaila/Desktop/projects/Legal_Insights_Engine/.venv/lib/python3.11/site-packages/airflow/example_dags/example_datasets.py
[2024-04-13T15:44:33.030-0400] {processor.py:830} INFO - Processing file /Users/manideepakreddyaila/Desktop/projects/Legal_Insights_Engine/.venv/lib/python3.11/site-packages/airflow/example_dags/example_datasets.py for tasks to queue
[2024-04-13T15:44:33.031-0400] {logging_mixin.py:188} INFO - [2024-04-13T15:44:33.031-0400] {dagbag.py:540} INFO - Filling up the DagBag from /Users/manideepakreddyaila/Desktop/projects/Legal_Insights_Engine/.venv/lib/python3.11/site-packages/airflow/example_dags/example_datasets.py
[2024-04-13T15:44:33.081-0400] {processor.py:840} INFO - DAG(s) 'consume_1_and_2_with_dataset_expressions', 'dataset_consumes_1_and_2', 'consume_1_or_both_2_and_3_with_dataset_expressions', 'dataset_produces_2', 'conditional_dataset_and_time_based_timetable', 'dataset_consumes_unknown_never_scheduled', 'dataset_produces_1', 'consume_1_or_2_with_dataset_expressions', 'dataset_consumes_1', 'dataset_consumes_1_never_scheduled' retrieved from /Users/manideepakreddyaila/Desktop/projects/Legal_Insights_Engine/.venv/lib/python3.11/site-packages/airflow/example_dags/example_datasets.py
[2024-04-13T15:44:33.123-0400] {logging_mixin.py:188} INFO - [2024-04-13T15:44:33.122-0400] {dag.py:3096} INFO - Sync 10 DAGs
[2024-04-13T15:44:33.129-0400] {logging_mixin.py:188} INFO - [2024-04-13T15:44:33.129-0400] {dag.py:3954} INFO - Setting next_dagrun for conditional_dataset_and_time_based_timetable to 2024-04-10 01:00:00+00:00, run_after=2024-04-10 01:00:00+00:00
[2024-04-13T15:44:33.130-0400] {logging_mixin.py:188} INFO - [2024-04-13T15:44:33.130-0400] {dag.py:3954} INFO - Setting next_dagrun for consume_1_and_2_with_dataset_expressions to None, run_after=None
[2024-04-13T15:44:33.130-0400] {logging_mixin.py:188} INFO - [2024-04-13T15:44:33.130-0400] {dag.py:3954} INFO - Setting next_dagrun for consume_1_or_2_with_dataset_expressions to None, run_after=None
[2024-04-13T15:44:33.130-0400] {logging_mixin.py:188} INFO - [2024-04-13T15:44:33.130-0400] {dag.py:3954} INFO - Setting next_dagrun for consume_1_or_both_2_and_3_with_dataset_expressions to None, run_after=None
[2024-04-13T15:44:33.131-0400] {logging_mixin.py:188} INFO - [2024-04-13T15:44:33.131-0400] {dag.py:3954} INFO - Setting next_dagrun for dataset_consumes_1 to None, run_after=None
[2024-04-13T15:44:33.131-0400] {logging_mixin.py:188} INFO - [2024-04-13T15:44:33.131-0400] {dag.py:3954} INFO - Setting next_dagrun for dataset_consumes_1_and_2 to None, run_after=None
[2024-04-13T15:44:33.131-0400] {logging_mixin.py:188} INFO - [2024-04-13T15:44:33.131-0400] {dag.py:3954} INFO - Setting next_dagrun for dataset_consumes_1_never_scheduled to None, run_after=None
[2024-04-13T15:44:33.131-0400] {logging_mixin.py:188} INFO - [2024-04-13T15:44:33.131-0400] {dag.py:3954} INFO - Setting next_dagrun for dataset_consumes_unknown_never_scheduled to None, run_after=None
[2024-04-13T15:44:33.132-0400] {logging_mixin.py:188} INFO - [2024-04-13T15:44:33.132-0400] {dag.py:3954} INFO - Setting next_dagrun for dataset_produces_1 to 2024-04-12 00:00:00+00:00, run_after=2024-04-13 00:00:00+00:00
[2024-04-13T15:44:33.132-0400] {logging_mixin.py:188} INFO - [2024-04-13T15:44:33.132-0400] {dag.py:3954} INFO - Setting next_dagrun for dataset_produces_2 to None, run_after=None
[2024-04-13T15:44:33.141-0400] {processor.py:183} INFO - Processing /Users/manideepakreddyaila/Desktop/projects/Legal_Insights_Engine/.venv/lib/python3.11/site-packages/airflow/example_dags/example_datasets.py took 0.113 seconds
[2024-04-13T17:53:35.132-0400] {processor.py:161} INFO - Started process (PID=31239) to work on /Users/manideepakreddyaila/Desktop/projects/Legal_Insights_Engine/.venv/lib/python3.11/site-packages/airflow/example_dags/example_datasets.py
[2024-04-13T17:53:35.133-0400] {processor.py:830} INFO - Processing file /Users/manideepakreddyaila/Desktop/projects/Legal_Insights_Engine/.venv/lib/python3.11/site-packages/airflow/example_dags/example_datasets.py for tasks to queue
[2024-04-13T17:53:35.133-0400] {logging_mixin.py:188} INFO - [2024-04-13T17:53:35.133-0400] {dagbag.py:540} INFO - Filling up the DagBag from /Users/manideepakreddyaila/Desktop/projects/Legal_Insights_Engine/.venv/lib/python3.11/site-packages/airflow/example_dags/example_datasets.py
[2024-04-13T17:53:35.184-0400] {processor.py:840} INFO - DAG(s) 'dataset_consumes_1', 'consume_1_or_2_with_dataset_expressions', 'dataset_produces_2', 'dataset_consumes_unknown_never_scheduled', 'dataset_consumes_1_never_scheduled', 'dataset_consumes_1_and_2', 'consume_1_and_2_with_dataset_expressions', 'conditional_dataset_and_time_based_timetable', 'consume_1_or_both_2_and_3_with_dataset_expressions', 'dataset_produces_1' retrieved from /Users/manideepakreddyaila/Desktop/projects/Legal_Insights_Engine/.venv/lib/python3.11/site-packages/airflow/example_dags/example_datasets.py
[2024-04-13T17:53:35.226-0400] {logging_mixin.py:188} INFO - [2024-04-13T17:53:35.226-0400] {dag.py:3096} INFO - Sync 10 DAGs
[2024-04-13T17:53:35.232-0400] {logging_mixin.py:188} INFO - [2024-04-13T17:53:35.232-0400] {dag.py:3954} INFO - Setting next_dagrun for conditional_dataset_and_time_based_timetable to 2024-04-10 01:00:00+00:00, run_after=2024-04-10 01:00:00+00:00
[2024-04-13T17:53:35.233-0400] {logging_mixin.py:188} INFO - [2024-04-13T17:53:35.233-0400] {dag.py:3954} INFO - Setting next_dagrun for consume_1_and_2_with_dataset_expressions to None, run_after=None
[2024-04-13T17:53:35.233-0400] {logging_mixin.py:188} INFO - [2024-04-13T17:53:35.233-0400] {dag.py:3954} INFO - Setting next_dagrun for consume_1_or_2_with_dataset_expressions to None, run_after=None
[2024-04-13T17:53:35.234-0400] {logging_mixin.py:188} INFO - [2024-04-13T17:53:35.233-0400] {dag.py:3954} INFO - Setting next_dagrun for consume_1_or_both_2_and_3_with_dataset_expressions to None, run_after=None
[2024-04-13T17:53:35.234-0400] {logging_mixin.py:188} INFO - [2024-04-13T17:53:35.234-0400] {dag.py:3954} INFO - Setting next_dagrun for dataset_consumes_1 to None, run_after=None
[2024-04-13T17:53:35.234-0400] {logging_mixin.py:188} INFO - [2024-04-13T17:53:35.234-0400] {dag.py:3954} INFO - Setting next_dagrun for dataset_consumes_1_and_2 to None, run_after=None
[2024-04-13T17:53:35.234-0400] {logging_mixin.py:188} INFO - [2024-04-13T17:53:35.234-0400] {dag.py:3954} INFO - Setting next_dagrun for dataset_consumes_1_never_scheduled to None, run_after=None
[2024-04-13T17:53:35.235-0400] {logging_mixin.py:188} INFO - [2024-04-13T17:53:35.234-0400] {dag.py:3954} INFO - Setting next_dagrun for dataset_consumes_unknown_never_scheduled to None, run_after=None
[2024-04-13T17:53:35.235-0400] {logging_mixin.py:188} INFO - [2024-04-13T17:53:35.235-0400] {dag.py:3954} INFO - Setting next_dagrun for dataset_produces_1 to 2024-04-12 00:00:00+00:00, run_after=2024-04-13 00:00:00+00:00
[2024-04-13T17:53:35.235-0400] {logging_mixin.py:188} INFO - [2024-04-13T17:53:35.235-0400] {dag.py:3954} INFO - Setting next_dagrun for dataset_produces_2 to None, run_after=None
[2024-04-13T17:53:35.244-0400] {processor.py:183} INFO - Processing /Users/manideepakreddyaila/Desktop/projects/Legal_Insights_Engine/.venv/lib/python3.11/site-packages/airflow/example_dags/example_datasets.py took 0.113 seconds
[2024-04-13T18:21:13.062-0400] {processor.py:161} INFO - Started process (PID=31362) to work on /Users/manideepakreddyaila/Desktop/projects/Legal_Insights_Engine/.venv/lib/python3.11/site-packages/airflow/example_dags/example_datasets.py
[2024-04-13T18:21:13.063-0400] {processor.py:830} INFO - Processing file /Users/manideepakreddyaila/Desktop/projects/Legal_Insights_Engine/.venv/lib/python3.11/site-packages/airflow/example_dags/example_datasets.py for tasks to queue
[2024-04-13T18:21:13.065-0400] {logging_mixin.py:188} INFO - [2024-04-13T18:21:13.065-0400] {dagbag.py:540} INFO - Filling up the DagBag from /Users/manideepakreddyaila/Desktop/projects/Legal_Insights_Engine/.venv/lib/python3.11/site-packages/airflow/example_dags/example_datasets.py
[2024-04-13T18:21:13.164-0400] {processor.py:840} INFO - DAG(s) 'dataset_consumes_1_never_scheduled', 'consume_1_or_both_2_and_3_with_dataset_expressions', 'dataset_produces_1', 'consume_1_or_2_with_dataset_expressions', 'dataset_consumes_unknown_never_scheduled', 'conditional_dataset_and_time_based_timetable', 'dataset_produces_2', 'dataset_consumes_1_and_2', 'consume_1_and_2_with_dataset_expressions', 'dataset_consumes_1' retrieved from /Users/manideepakreddyaila/Desktop/projects/Legal_Insights_Engine/.venv/lib/python3.11/site-packages/airflow/example_dags/example_datasets.py
[2024-04-13T18:21:13.218-0400] {logging_mixin.py:188} INFO - [2024-04-13T18:21:13.218-0400] {dag.py:3096} INFO - Sync 10 DAGs
[2024-04-13T18:21:13.227-0400] {logging_mixin.py:188} INFO - [2024-04-13T18:21:13.227-0400] {dag.py:3954} INFO - Setting next_dagrun for conditional_dataset_and_time_based_timetable to 2024-04-10 01:00:00+00:00, run_after=2024-04-10 01:00:00+00:00
[2024-04-13T18:21:13.229-0400] {logging_mixin.py:188} INFO - [2024-04-13T18:21:13.229-0400] {dag.py:3954} INFO - Setting next_dagrun for consume_1_and_2_with_dataset_expressions to None, run_after=None
[2024-04-13T18:21:13.229-0400] {logging_mixin.py:188} INFO - [2024-04-13T18:21:13.229-0400] {dag.py:3954} INFO - Setting next_dagrun for consume_1_or_2_with_dataset_expressions to None, run_after=None
[2024-04-13T18:21:13.229-0400] {logging_mixin.py:188} INFO - [2024-04-13T18:21:13.229-0400] {dag.py:3954} INFO - Setting next_dagrun for consume_1_or_both_2_and_3_with_dataset_expressions to None, run_after=None
[2024-04-13T18:21:13.230-0400] {logging_mixin.py:188} INFO - [2024-04-13T18:21:13.230-0400] {dag.py:3954} INFO - Setting next_dagrun for dataset_consumes_1 to None, run_after=None
[2024-04-13T18:21:13.230-0400] {logging_mixin.py:188} INFO - [2024-04-13T18:21:13.230-0400] {dag.py:3954} INFO - Setting next_dagrun for dataset_consumes_1_and_2 to None, run_after=None
[2024-04-13T18:21:13.230-0400] {logging_mixin.py:188} INFO - [2024-04-13T18:21:13.230-0400] {dag.py:3954} INFO - Setting next_dagrun for dataset_consumes_1_never_scheduled to None, run_after=None
[2024-04-13T18:21:13.230-0400] {logging_mixin.py:188} INFO - [2024-04-13T18:21:13.230-0400] {dag.py:3954} INFO - Setting next_dagrun for dataset_consumes_unknown_never_scheduled to None, run_after=None
[2024-04-13T18:21:13.231-0400] {logging_mixin.py:188} INFO - [2024-04-13T18:21:13.231-0400] {dag.py:3954} INFO - Setting next_dagrun for dataset_produces_1 to 2024-04-12 00:00:00+00:00, run_after=2024-04-13 00:00:00+00:00
[2024-04-13T18:21:13.232-0400] {logging_mixin.py:188} INFO - [2024-04-13T18:21:13.231-0400] {dag.py:3954} INFO - Setting next_dagrun for dataset_produces_2 to None, run_after=None
[2024-04-13T18:21:13.245-0400] {processor.py:183} INFO - Processing /Users/manideepakreddyaila/Desktop/projects/Legal_Insights_Engine/.venv/lib/python3.11/site-packages/airflow/example_dags/example_datasets.py took 0.184 seconds
[2024-04-13T19:02:36.626-0400] {processor.py:161} INFO - Started process (PID=31497) to work on /Users/manideepakreddyaila/Desktop/projects/Legal_Insights_Engine/.venv/lib/python3.11/site-packages/airflow/example_dags/example_datasets.py
[2024-04-13T19:02:36.627-0400] {processor.py:830} INFO - Processing file /Users/manideepakreddyaila/Desktop/projects/Legal_Insights_Engine/.venv/lib/python3.11/site-packages/airflow/example_dags/example_datasets.py for tasks to queue
[2024-04-13T19:02:36.628-0400] {logging_mixin.py:188} INFO - [2024-04-13T19:02:36.628-0400] {dagbag.py:540} INFO - Filling up the DagBag from /Users/manideepakreddyaila/Desktop/projects/Legal_Insights_Engine/.venv/lib/python3.11/site-packages/airflow/example_dags/example_datasets.py
[2024-04-13T19:02:36.678-0400] {processor.py:840} INFO - DAG(s) 'dataset_consumes_1', 'dataset_produces_2', 'consume_1_or_2_with_dataset_expressions', 'consume_1_or_both_2_and_3_with_dataset_expressions', 'consume_1_and_2_with_dataset_expressions', 'dataset_consumes_1_never_scheduled', 'conditional_dataset_and_time_based_timetable', 'dataset_produces_1', 'dataset_consumes_1_and_2', 'dataset_consumes_unknown_never_scheduled' retrieved from /Users/manideepakreddyaila/Desktop/projects/Legal_Insights_Engine/.venv/lib/python3.11/site-packages/airflow/example_dags/example_datasets.py
[2024-04-13T19:02:36.720-0400] {logging_mixin.py:188} INFO - [2024-04-13T19:02:36.720-0400] {dag.py:3096} INFO - Sync 10 DAGs
[2024-04-13T19:02:36.726-0400] {logging_mixin.py:188} INFO - [2024-04-13T19:02:36.726-0400] {dag.py:3954} INFO - Setting next_dagrun for conditional_dataset_and_time_based_timetable to 2024-04-10 01:00:00+00:00, run_after=2024-04-10 01:00:00+00:00
[2024-04-13T19:02:36.727-0400] {logging_mixin.py:188} INFO - [2024-04-13T19:02:36.727-0400] {dag.py:3954} INFO - Setting next_dagrun for consume_1_and_2_with_dataset_expressions to None, run_after=None
[2024-04-13T19:02:36.727-0400] {logging_mixin.py:188} INFO - [2024-04-13T19:02:36.727-0400] {dag.py:3954} INFO - Setting next_dagrun for consume_1_or_2_with_dataset_expressions to None, run_after=None
[2024-04-13T19:02:36.728-0400] {logging_mixin.py:188} INFO - [2024-04-13T19:02:36.728-0400] {dag.py:3954} INFO - Setting next_dagrun for consume_1_or_both_2_and_3_with_dataset_expressions to None, run_after=None
[2024-04-13T19:02:36.728-0400] {logging_mixin.py:188} INFO - [2024-04-13T19:02:36.728-0400] {dag.py:3954} INFO - Setting next_dagrun for dataset_consumes_1 to None, run_after=None
[2024-04-13T19:02:36.728-0400] {logging_mixin.py:188} INFO - [2024-04-13T19:02:36.728-0400] {dag.py:3954} INFO - Setting next_dagrun for dataset_consumes_1_and_2 to None, run_after=None
[2024-04-13T19:02:36.728-0400] {logging_mixin.py:188} INFO - [2024-04-13T19:02:36.728-0400] {dag.py:3954} INFO - Setting next_dagrun for dataset_consumes_1_never_scheduled to None, run_after=None
[2024-04-13T19:02:36.729-0400] {logging_mixin.py:188} INFO - [2024-04-13T19:02:36.729-0400] {dag.py:3954} INFO - Setting next_dagrun for dataset_consumes_unknown_never_scheduled to None, run_after=None
[2024-04-13T19:02:36.729-0400] {logging_mixin.py:188} INFO - [2024-04-13T19:02:36.729-0400] {dag.py:3954} INFO - Setting next_dagrun for dataset_produces_1 to 2024-04-12 00:00:00+00:00, run_after=2024-04-13 00:00:00+00:00
[2024-04-13T19:02:36.729-0400] {logging_mixin.py:188} INFO - [2024-04-13T19:02:36.729-0400] {dag.py:3954} INFO - Setting next_dagrun for dataset_produces_2 to None, run_after=None
[2024-04-13T19:02:36.738-0400] {processor.py:183} INFO - Processing /Users/manideepakreddyaila/Desktop/projects/Legal_Insights_Engine/.venv/lib/python3.11/site-packages/airflow/example_dags/example_datasets.py took 0.113 seconds
