[2024-04-13T14:57:50.882-0400] {processor.py:161} INFO - Started process (PID=29946) to work on /Users/manideepakreddyaila/Desktop/projects/Legal_Insights_Engine/.venv/lib/python3.11/site-packages/airflow/example_dags/example_setup_teardown_taskflow.py
[2024-04-13T14:57:50.883-0400] {processor.py:830} INFO - Processing file /Users/manideepakreddyaila/Desktop/projects/Legal_Insights_Engine/.venv/lib/python3.11/site-packages/airflow/example_dags/example_setup_teardown_taskflow.py for tasks to queue
[2024-04-13T14:57:50.883-0400] {logging_mixin.py:188} INFO - [2024-04-13T14:57:50.883-0400] {dagbag.py:540} INFO - Filling up the DagBag from /Users/manideepakreddyaila/Desktop/projects/Legal_Insights_Engine/.venv/lib/python3.11/site-packages/airflow/example_dags/example_setup_teardown_taskflow.py
[2024-04-13T14:57:50.951-0400] {processor.py:840} INFO - DAG(s) 'example_setup_teardown_taskflow' retrieved from /Users/manideepakreddyaila/Desktop/projects/Legal_Insights_Engine/.venv/lib/python3.11/site-packages/airflow/example_dags/example_setup_teardown_taskflow.py
[2024-04-13T14:57:51.028-0400] {logging_mixin.py:188} INFO - [2024-04-13T14:57:51.027-0400] {override.py:1829} INFO - Created Permission View: can delete on DAG:example_setup_teardown_taskflow
[2024-04-13T14:57:51.031-0400] {logging_mixin.py:188} INFO - [2024-04-13T14:57:51.031-0400] {override.py:1829} INFO - Created Permission View: can read on DAG:example_setup_teardown_taskflow
[2024-04-13T14:57:51.033-0400] {logging_mixin.py:188} INFO - [2024-04-13T14:57:51.033-0400] {override.py:1829} INFO - Created Permission View: can edit on DAG:example_setup_teardown_taskflow
[2024-04-13T14:57:51.033-0400] {logging_mixin.py:188} INFO - [2024-04-13T14:57:51.033-0400] {dag.py:3096} INFO - Sync 1 DAGs
[2024-04-13T14:57:51.037-0400] {logging_mixin.py:188} INFO - [2024-04-13T14:57:51.037-0400] {dag.py:3118} INFO - Creating ORM DAG for example_setup_teardown_taskflow
[2024-04-13T14:57:51.041-0400] {logging_mixin.py:188} INFO - [2024-04-13T14:57:51.040-0400] {dag.py:3954} INFO - Setting next_dagrun for example_setup_teardown_taskflow to 2024-04-12 00:00:00+00:00, run_after=2024-04-13 00:00:00+00:00
[2024-04-13T14:57:51.052-0400] {processor.py:183} INFO - Processing /Users/manideepakreddyaila/Desktop/projects/Legal_Insights_Engine/.venv/lib/python3.11/site-packages/airflow/example_dags/example_setup_teardown_taskflow.py took 0.172 seconds
[2024-04-13T14:59:21.843-0400] {processor.py:161} INFO - Started process (PID=30042) to work on /Users/manideepakreddyaila/Desktop/projects/Legal_Insights_Engine/.venv/lib/python3.11/site-packages/airflow/example_dags/example_setup_teardown_taskflow.py
[2024-04-13T14:59:21.843-0400] {processor.py:830} INFO - Processing file /Users/manideepakreddyaila/Desktop/projects/Legal_Insights_Engine/.venv/lib/python3.11/site-packages/airflow/example_dags/example_setup_teardown_taskflow.py for tasks to queue
[2024-04-13T14:59:21.844-0400] {logging_mixin.py:188} INFO - [2024-04-13T14:59:21.844-0400] {dagbag.py:540} INFO - Filling up the DagBag from /Users/manideepakreddyaila/Desktop/projects/Legal_Insights_Engine/.venv/lib/python3.11/site-packages/airflow/example_dags/example_setup_teardown_taskflow.py
[2024-04-13T14:59:21.883-0400] {processor.py:840} INFO - DAG(s) 'example_setup_teardown_taskflow' retrieved from /Users/manideepakreddyaila/Desktop/projects/Legal_Insights_Engine/.venv/lib/python3.11/site-packages/airflow/example_dags/example_setup_teardown_taskflow.py
[2024-04-13T14:59:21.918-0400] {logging_mixin.py:188} INFO - [2024-04-13T14:59:21.918-0400] {dag.py:3096} INFO - Sync 1 DAGs
[2024-04-13T14:59:21.924-0400] {logging_mixin.py:188} INFO - [2024-04-13T14:59:21.924-0400] {dag.py:3954} INFO - Setting next_dagrun for example_setup_teardown_taskflow to 2024-04-12 00:00:00+00:00, run_after=2024-04-13 00:00:00+00:00
[2024-04-13T14:59:21.930-0400] {processor.py:183} INFO - Processing /Users/manideepakreddyaila/Desktop/projects/Legal_Insights_Engine/.venv/lib/python3.11/site-packages/airflow/example_dags/example_setup_teardown_taskflow.py took 0.088 seconds
[2024-04-13T15:01:19.818-0400] {processor.py:161} INFO - Started process (PID=30150) to work on /Users/manideepakreddyaila/Desktop/projects/Legal_Insights_Engine/.venv/lib/python3.11/site-packages/airflow/example_dags/example_setup_teardown_taskflow.py
[2024-04-13T15:01:19.819-0400] {processor.py:830} INFO - Processing file /Users/manideepakreddyaila/Desktop/projects/Legal_Insights_Engine/.venv/lib/python3.11/site-packages/airflow/example_dags/example_setup_teardown_taskflow.py for tasks to queue
[2024-04-13T15:01:19.819-0400] {logging_mixin.py:188} INFO - [2024-04-13T15:01:19.819-0400] {dagbag.py:540} INFO - Filling up the DagBag from /Users/manideepakreddyaila/Desktop/projects/Legal_Insights_Engine/.venv/lib/python3.11/site-packages/airflow/example_dags/example_setup_teardown_taskflow.py
[2024-04-13T15:01:19.861-0400] {processor.py:840} INFO - DAG(s) 'example_setup_teardown_taskflow' retrieved from /Users/manideepakreddyaila/Desktop/projects/Legal_Insights_Engine/.venv/lib/python3.11/site-packages/airflow/example_dags/example_setup_teardown_taskflow.py
[2024-04-13T15:01:19.896-0400] {logging_mixin.py:188} INFO - [2024-04-13T15:01:19.896-0400] {dag.py:3096} INFO - Sync 1 DAGs
[2024-04-13T15:01:19.901-0400] {logging_mixin.py:188} INFO - [2024-04-13T15:01:19.901-0400] {dag.py:3954} INFO - Setting next_dagrun for example_setup_teardown_taskflow to 2024-04-12 00:00:00+00:00, run_after=2024-04-13 00:00:00+00:00
[2024-04-13T15:01:19.907-0400] {processor.py:183} INFO - Processing /Users/manideepakreddyaila/Desktop/projects/Legal_Insights_Engine/.venv/lib/python3.11/site-packages/airflow/example_dags/example_setup_teardown_taskflow.py took 0.091 seconds
[2024-04-13T15:03:13.466-0400] {processor.py:161} INFO - Started process (PID=30249) to work on /Users/manideepakreddyaila/Desktop/projects/Legal_Insights_Engine/.venv/lib/python3.11/site-packages/airflow/example_dags/example_setup_teardown_taskflow.py
[2024-04-13T15:03:13.468-0400] {processor.py:830} INFO - Processing file /Users/manideepakreddyaila/Desktop/projects/Legal_Insights_Engine/.venv/lib/python3.11/site-packages/airflow/example_dags/example_setup_teardown_taskflow.py for tasks to queue
[2024-04-13T15:03:13.468-0400] {logging_mixin.py:188} INFO - [2024-04-13T15:03:13.468-0400] {dagbag.py:540} INFO - Filling up the DagBag from /Users/manideepakreddyaila/Desktop/projects/Legal_Insights_Engine/.venv/lib/python3.11/site-packages/airflow/example_dags/example_setup_teardown_taskflow.py
[2024-04-13T15:03:13.514-0400] {processor.py:840} INFO - DAG(s) 'example_setup_teardown_taskflow' retrieved from /Users/manideepakreddyaila/Desktop/projects/Legal_Insights_Engine/.venv/lib/python3.11/site-packages/airflow/example_dags/example_setup_teardown_taskflow.py
[2024-04-13T15:03:13.549-0400] {logging_mixin.py:188} INFO - [2024-04-13T15:03:13.549-0400] {dag.py:3096} INFO - Sync 1 DAGs
[2024-04-13T15:03:13.556-0400] {logging_mixin.py:188} INFO - [2024-04-13T15:03:13.556-0400] {dag.py:3954} INFO - Setting next_dagrun for example_setup_teardown_taskflow to 2024-04-12 00:00:00+00:00, run_after=2024-04-13 00:00:00+00:00
[2024-04-13T15:03:13.562-0400] {processor.py:183} INFO - Processing /Users/manideepakreddyaila/Desktop/projects/Legal_Insights_Engine/.venv/lib/python3.11/site-packages/airflow/example_dags/example_setup_teardown_taskflow.py took 0.097 seconds
[2024-04-13T15:05:13.515-0400] {processor.py:161} INFO - Started process (PID=30358) to work on /Users/manideepakreddyaila/Desktop/projects/Legal_Insights_Engine/.venv/lib/python3.11/site-packages/airflow/example_dags/example_setup_teardown_taskflow.py
[2024-04-13T15:05:13.516-0400] {processor.py:830} INFO - Processing file /Users/manideepakreddyaila/Desktop/projects/Legal_Insights_Engine/.venv/lib/python3.11/site-packages/airflow/example_dags/example_setup_teardown_taskflow.py for tasks to queue
[2024-04-13T15:05:13.516-0400] {logging_mixin.py:188} INFO - [2024-04-13T15:05:13.516-0400] {dagbag.py:540} INFO - Filling up the DagBag from /Users/manideepakreddyaila/Desktop/projects/Legal_Insights_Engine/.venv/lib/python3.11/site-packages/airflow/example_dags/example_setup_teardown_taskflow.py
[2024-04-13T15:05:13.559-0400] {processor.py:840} INFO - DAG(s) 'example_setup_teardown_taskflow' retrieved from /Users/manideepakreddyaila/Desktop/projects/Legal_Insights_Engine/.venv/lib/python3.11/site-packages/airflow/example_dags/example_setup_teardown_taskflow.py
[2024-04-13T15:05:13.595-0400] {logging_mixin.py:188} INFO - [2024-04-13T15:05:13.595-0400] {dag.py:3096} INFO - Sync 1 DAGs
[2024-04-13T15:05:13.601-0400] {logging_mixin.py:188} INFO - [2024-04-13T15:05:13.601-0400] {dag.py:3954} INFO - Setting next_dagrun for example_setup_teardown_taskflow to 2024-04-12 00:00:00+00:00, run_after=2024-04-13 00:00:00+00:00
[2024-04-13T15:05:13.607-0400] {processor.py:183} INFO - Processing /Users/manideepakreddyaila/Desktop/projects/Legal_Insights_Engine/.venv/lib/python3.11/site-packages/airflow/example_dags/example_setup_teardown_taskflow.py took 0.093 seconds
[2024-04-13T15:07:16.130-0400] {processor.py:161} INFO - Started process (PID=30519) to work on /Users/manideepakreddyaila/Desktop/projects/Legal_Insights_Engine/.venv/lib/python3.11/site-packages/airflow/example_dags/example_setup_teardown_taskflow.py
[2024-04-13T15:07:16.131-0400] {processor.py:830} INFO - Processing file /Users/manideepakreddyaila/Desktop/projects/Legal_Insights_Engine/.venv/lib/python3.11/site-packages/airflow/example_dags/example_setup_teardown_taskflow.py for tasks to queue
[2024-04-13T15:07:16.131-0400] {logging_mixin.py:188} INFO - [2024-04-13T15:07:16.131-0400] {dagbag.py:540} INFO - Filling up the DagBag from /Users/manideepakreddyaila/Desktop/projects/Legal_Insights_Engine/.venv/lib/python3.11/site-packages/airflow/example_dags/example_setup_teardown_taskflow.py
[2024-04-13T15:07:16.173-0400] {processor.py:840} INFO - DAG(s) 'example_setup_teardown_taskflow' retrieved from /Users/manideepakreddyaila/Desktop/projects/Legal_Insights_Engine/.venv/lib/python3.11/site-packages/airflow/example_dags/example_setup_teardown_taskflow.py
[2024-04-13T15:07:16.213-0400] {logging_mixin.py:188} INFO - [2024-04-13T15:07:16.213-0400] {dag.py:3096} INFO - Sync 1 DAGs
[2024-04-13T15:07:16.219-0400] {logging_mixin.py:188} INFO - [2024-04-13T15:07:16.219-0400] {dag.py:3954} INFO - Setting next_dagrun for example_setup_teardown_taskflow to 2024-04-12 00:00:00+00:00, run_after=2024-04-13 00:00:00+00:00
[2024-04-13T15:07:16.226-0400] {processor.py:183} INFO - Processing /Users/manideepakreddyaila/Desktop/projects/Legal_Insights_Engine/.venv/lib/python3.11/site-packages/airflow/example_dags/example_setup_teardown_taskflow.py took 0.097 seconds
[2024-04-13T15:14:28.222-0400] {processor.py:161} INFO - Started process (PID=30722) to work on /Users/manideepakreddyaila/Desktop/projects/Legal_Insights_Engine/.venv/lib/python3.11/site-packages/airflow/example_dags/example_setup_teardown_taskflow.py
[2024-04-13T15:14:28.222-0400] {processor.py:830} INFO - Processing file /Users/manideepakreddyaila/Desktop/projects/Legal_Insights_Engine/.venv/lib/python3.11/site-packages/airflow/example_dags/example_setup_teardown_taskflow.py for tasks to queue
[2024-04-13T15:14:28.222-0400] {logging_mixin.py:188} INFO - [2024-04-13T15:14:28.222-0400] {dagbag.py:540} INFO - Filling up the DagBag from /Users/manideepakreddyaila/Desktop/projects/Legal_Insights_Engine/.venv/lib/python3.11/site-packages/airflow/example_dags/example_setup_teardown_taskflow.py
[2024-04-13T15:14:28.262-0400] {processor.py:840} INFO - DAG(s) 'example_setup_teardown_taskflow' retrieved from /Users/manideepakreddyaila/Desktop/projects/Legal_Insights_Engine/.venv/lib/python3.11/site-packages/airflow/example_dags/example_setup_teardown_taskflow.py
[2024-04-13T15:14:28.298-0400] {logging_mixin.py:188} INFO - [2024-04-13T15:14:28.297-0400] {dag.py:3096} INFO - Sync 1 DAGs
[2024-04-13T15:14:28.303-0400] {logging_mixin.py:188} INFO - [2024-04-13T15:14:28.303-0400] {dag.py:3954} INFO - Setting next_dagrun for example_setup_teardown_taskflow to 2024-04-12 00:00:00+00:00, run_after=2024-04-13 00:00:00+00:00
[2024-04-13T15:14:28.309-0400] {processor.py:183} INFO - Processing /Users/manideepakreddyaila/Desktop/projects/Legal_Insights_Engine/.venv/lib/python3.11/site-packages/airflow/example_dags/example_setup_teardown_taskflow.py took 0.089 seconds
[2024-04-13T15:16:27.598-0400] {processor.py:161} INFO - Started process (PID=30844) to work on /Users/manideepakreddyaila/Desktop/projects/Legal_Insights_Engine/.venv/lib/python3.11/site-packages/airflow/example_dags/example_setup_teardown_taskflow.py
[2024-04-13T15:16:27.599-0400] {processor.py:830} INFO - Processing file /Users/manideepakreddyaila/Desktop/projects/Legal_Insights_Engine/.venv/lib/python3.11/site-packages/airflow/example_dags/example_setup_teardown_taskflow.py for tasks to queue
[2024-04-13T15:16:27.599-0400] {logging_mixin.py:188} INFO - [2024-04-13T15:16:27.599-0400] {dagbag.py:540} INFO - Filling up the DagBag from /Users/manideepakreddyaila/Desktop/projects/Legal_Insights_Engine/.venv/lib/python3.11/site-packages/airflow/example_dags/example_setup_teardown_taskflow.py
[2024-04-13T15:16:27.638-0400] {processor.py:840} INFO - DAG(s) 'example_setup_teardown_taskflow' retrieved from /Users/manideepakreddyaila/Desktop/projects/Legal_Insights_Engine/.venv/lib/python3.11/site-packages/airflow/example_dags/example_setup_teardown_taskflow.py
[2024-04-13T15:16:27.673-0400] {logging_mixin.py:188} INFO - [2024-04-13T15:16:27.673-0400] {dag.py:3096} INFO - Sync 1 DAGs
[2024-04-13T15:16:27.679-0400] {logging_mixin.py:188} INFO - [2024-04-13T15:16:27.679-0400] {dag.py:3954} INFO - Setting next_dagrun for example_setup_teardown_taskflow to 2024-04-12 00:00:00+00:00, run_after=2024-04-13 00:00:00+00:00
[2024-04-13T15:16:27.685-0400] {processor.py:183} INFO - Processing /Users/manideepakreddyaila/Desktop/projects/Legal_Insights_Engine/.venv/lib/python3.11/site-packages/airflow/example_dags/example_setup_teardown_taskflow.py took 0.088 seconds
[2024-04-13T15:27:18.095-0400] {processor.py:161} INFO - Started process (PID=31025) to work on /Users/manideepakreddyaila/Desktop/projects/Legal_Insights_Engine/.venv/lib/python3.11/site-packages/airflow/example_dags/example_setup_teardown_taskflow.py
[2024-04-13T15:27:18.096-0400] {processor.py:830} INFO - Processing file /Users/manideepakreddyaila/Desktop/projects/Legal_Insights_Engine/.venv/lib/python3.11/site-packages/airflow/example_dags/example_setup_teardown_taskflow.py for tasks to queue
[2024-04-13T15:27:18.096-0400] {logging_mixin.py:188} INFO - [2024-04-13T15:27:18.096-0400] {dagbag.py:540} INFO - Filling up the DagBag from /Users/manideepakreddyaila/Desktop/projects/Legal_Insights_Engine/.venv/lib/python3.11/site-packages/airflow/example_dags/example_setup_teardown_taskflow.py
[2024-04-13T15:27:18.136-0400] {processor.py:840} INFO - DAG(s) 'example_setup_teardown_taskflow' retrieved from /Users/manideepakreddyaila/Desktop/projects/Legal_Insights_Engine/.venv/lib/python3.11/site-packages/airflow/example_dags/example_setup_teardown_taskflow.py
[2024-04-13T15:27:18.171-0400] {logging_mixin.py:188} INFO - [2024-04-13T15:27:18.171-0400] {dag.py:3096} INFO - Sync 1 DAGs
[2024-04-13T15:27:18.177-0400] {logging_mixin.py:188} INFO - [2024-04-13T15:27:18.177-0400] {dag.py:3954} INFO - Setting next_dagrun for example_setup_teardown_taskflow to 2024-04-12 00:00:00+00:00, run_after=2024-04-13 00:00:00+00:00
[2024-04-13T15:27:18.183-0400] {processor.py:183} INFO - Processing /Users/manideepakreddyaila/Desktop/projects/Legal_Insights_Engine/.venv/lib/python3.11/site-packages/airflow/example_dags/example_setup_teardown_taskflow.py took 0.089 seconds
[2024-04-13T17:51:06.497-0400] {processor.py:161} INFO - Started process (PID=31185) to work on /Users/manideepakreddyaila/Desktop/projects/Legal_Insights_Engine/.venv/lib/python3.11/site-packages/airflow/example_dags/example_setup_teardown_taskflow.py
[2024-04-13T17:51:06.498-0400] {processor.py:830} INFO - Processing file /Users/manideepakreddyaila/Desktop/projects/Legal_Insights_Engine/.venv/lib/python3.11/site-packages/airflow/example_dags/example_setup_teardown_taskflow.py for tasks to queue
[2024-04-13T17:51:06.498-0400] {logging_mixin.py:188} INFO - [2024-04-13T17:51:06.498-0400] {dagbag.py:540} INFO - Filling up the DagBag from /Users/manideepakreddyaila/Desktop/projects/Legal_Insights_Engine/.venv/lib/python3.11/site-packages/airflow/example_dags/example_setup_teardown_taskflow.py
[2024-04-13T17:51:06.542-0400] {processor.py:840} INFO - DAG(s) 'example_setup_teardown_taskflow' retrieved from /Users/manideepakreddyaila/Desktop/projects/Legal_Insights_Engine/.venv/lib/python3.11/site-packages/airflow/example_dags/example_setup_teardown_taskflow.py
[2024-04-13T17:51:06.580-0400] {logging_mixin.py:188} INFO - [2024-04-13T17:51:06.580-0400] {dag.py:3096} INFO - Sync 1 DAGs
[2024-04-13T17:51:06.586-0400] {logging_mixin.py:188} INFO - [2024-04-13T17:51:06.585-0400] {dag.py:3954} INFO - Setting next_dagrun for example_setup_teardown_taskflow to 2024-04-12 00:00:00+00:00, run_after=2024-04-13 00:00:00+00:00
[2024-04-13T17:51:06.592-0400] {processor.py:183} INFO - Processing /Users/manideepakreddyaila/Desktop/projects/Legal_Insights_Engine/.venv/lib/python3.11/site-packages/airflow/example_dags/example_setup_teardown_taskflow.py took 0.095 seconds
[2024-04-13T18:19:10.189-0400] {processor.py:161} INFO - Started process (PID=31330) to work on /Users/manideepakreddyaila/Desktop/projects/Legal_Insights_Engine/.venv/lib/python3.11/site-packages/airflow/example_dags/example_setup_teardown_taskflow.py
[2024-04-13T18:19:10.190-0400] {processor.py:830} INFO - Processing file /Users/manideepakreddyaila/Desktop/projects/Legal_Insights_Engine/.venv/lib/python3.11/site-packages/airflow/example_dags/example_setup_teardown_taskflow.py for tasks to queue
[2024-04-13T18:19:10.190-0400] {logging_mixin.py:188} INFO - [2024-04-13T18:19:10.190-0400] {dagbag.py:540} INFO - Filling up the DagBag from /Users/manideepakreddyaila/Desktop/projects/Legal_Insights_Engine/.venv/lib/python3.11/site-packages/airflow/example_dags/example_setup_teardown_taskflow.py
[2024-04-13T18:19:10.230-0400] {processor.py:840} INFO - DAG(s) 'example_setup_teardown_taskflow' retrieved from /Users/manideepakreddyaila/Desktop/projects/Legal_Insights_Engine/.venv/lib/python3.11/site-packages/airflow/example_dags/example_setup_teardown_taskflow.py
[2024-04-13T18:19:10.265-0400] {logging_mixin.py:188} INFO - [2024-04-13T18:19:10.265-0400] {dag.py:3096} INFO - Sync 1 DAGs
[2024-04-13T18:19:10.271-0400] {logging_mixin.py:188} INFO - [2024-04-13T18:19:10.271-0400] {dag.py:3954} INFO - Setting next_dagrun for example_setup_teardown_taskflow to 2024-04-12 00:00:00+00:00, run_after=2024-04-13 00:00:00+00:00
[2024-04-13T18:19:10.277-0400] {processor.py:183} INFO - Processing /Users/manideepakreddyaila/Desktop/projects/Legal_Insights_Engine/.venv/lib/python3.11/site-packages/airflow/example_dags/example_setup_teardown_taskflow.py took 0.088 seconds
[2024-04-13T18:58:49.076-0400] {processor.py:161} INFO - Started process (PID=31453) to work on /Users/manideepakreddyaila/Desktop/projects/Legal_Insights_Engine/.venv/lib/python3.11/site-packages/airflow/example_dags/example_setup_teardown_taskflow.py
[2024-04-13T18:58:49.076-0400] {processor.py:830} INFO - Processing file /Users/manideepakreddyaila/Desktop/projects/Legal_Insights_Engine/.venv/lib/python3.11/site-packages/airflow/example_dags/example_setup_teardown_taskflow.py for tasks to queue
[2024-04-13T18:58:49.076-0400] {logging_mixin.py:188} INFO - [2024-04-13T18:58:49.076-0400] {dagbag.py:540} INFO - Filling up the DagBag from /Users/manideepakreddyaila/Desktop/projects/Legal_Insights_Engine/.venv/lib/python3.11/site-packages/airflow/example_dags/example_setup_teardown_taskflow.py
[2024-04-13T18:58:49.116-0400] {processor.py:840} INFO - DAG(s) 'example_setup_teardown_taskflow' retrieved from /Users/manideepakreddyaila/Desktop/projects/Legal_Insights_Engine/.venv/lib/python3.11/site-packages/airflow/example_dags/example_setup_teardown_taskflow.py
[2024-04-13T18:58:49.151-0400] {logging_mixin.py:188} INFO - [2024-04-13T18:58:49.151-0400] {dag.py:3096} INFO - Sync 1 DAGs
[2024-04-13T18:58:49.157-0400] {logging_mixin.py:188} INFO - [2024-04-13T18:58:49.157-0400] {dag.py:3954} INFO - Setting next_dagrun for example_setup_teardown_taskflow to 2024-04-12 00:00:00+00:00, run_after=2024-04-13 00:00:00+00:00
[2024-04-13T18:58:49.164-0400] {processor.py:183} INFO - Processing /Users/manideepakreddyaila/Desktop/projects/Legal_Insights_Engine/.venv/lib/python3.11/site-packages/airflow/example_dags/example_setup_teardown_taskflow.py took 0.089 seconds
[2024-04-13T19:10:35.209-0400] {processor.py:161} INFO - Started process (PID=31559) to work on /Users/manideepakreddyaila/Desktop/projects/Legal_Insights_Engine/.venv/lib/python3.11/site-packages/airflow/example_dags/example_setup_teardown_taskflow.py
[2024-04-13T19:10:35.210-0400] {processor.py:830} INFO - Processing file /Users/manideepakreddyaila/Desktop/projects/Legal_Insights_Engine/.venv/lib/python3.11/site-packages/airflow/example_dags/example_setup_teardown_taskflow.py for tasks to queue
[2024-04-13T19:10:35.210-0400] {logging_mixin.py:188} INFO - [2024-04-13T19:10:35.210-0400] {dagbag.py:540} INFO - Filling up the DagBag from /Users/manideepakreddyaila/Desktop/projects/Legal_Insights_Engine/.venv/lib/python3.11/site-packages/airflow/example_dags/example_setup_teardown_taskflow.py
[2024-04-13T19:10:35.250-0400] {processor.py:840} INFO - DAG(s) 'example_setup_teardown_taskflow' retrieved from /Users/manideepakreddyaila/Desktop/projects/Legal_Insights_Engine/.venv/lib/python3.11/site-packages/airflow/example_dags/example_setup_teardown_taskflow.py
[2024-04-13T19:10:35.286-0400] {logging_mixin.py:188} INFO - [2024-04-13T19:10:35.286-0400] {dag.py:3096} INFO - Sync 1 DAGs
[2024-04-13T19:10:35.292-0400] {logging_mixin.py:188} INFO - [2024-04-13T19:10:35.292-0400] {dag.py:3954} INFO - Setting next_dagrun for example_setup_teardown_taskflow to 2024-04-12 00:00:00+00:00, run_after=2024-04-13 00:00:00+00:00
[2024-04-13T19:10:35.299-0400] {processor.py:183} INFO - Processing /Users/manideepakreddyaila/Desktop/projects/Legal_Insights_Engine/.venv/lib/python3.11/site-packages/airflow/example_dags/example_setup_teardown_taskflow.py took 0.090 seconds
