[2024-04-13T14:58:36.753-0400] {processor.py:161} INFO - Started process (PID=29997) to work on /Users/manideepakreddyaila/Desktop/projects/Legal_Insights_Engine/.venv/lib/python3.11/site-packages/airflow/example_dags/example_branch_day_of_week_operator.py
[2024-04-13T14:58:36.754-0400] {processor.py:830} INFO - Processing file /Users/manideepakreddyaila/Desktop/projects/Legal_Insights_Engine/.venv/lib/python3.11/site-packages/airflow/example_dags/example_branch_day_of_week_operator.py for tasks to queue
[2024-04-13T14:58:36.754-0400] {logging_mixin.py:188} INFO - [2024-04-13T14:58:36.754-0400] {dagbag.py:540} INFO - Filling up the DagBag from /Users/manideepakreddyaila/Desktop/projects/Legal_Insights_Engine/.venv/lib/python3.11/site-packages/airflow/example_dags/example_branch_day_of_week_operator.py
[2024-04-13T14:58:36.784-0400] {processor.py:840} INFO - DAG(s) 'example_weekday_branch_operator' retrieved from /Users/manideepakreddyaila/Desktop/projects/Legal_Insights_Engine/.venv/lib/python3.11/site-packages/airflow/example_dags/example_branch_day_of_week_operator.py
[2024-04-13T14:58:36.849-0400] {logging_mixin.py:188} INFO - [2024-04-13T14:58:36.849-0400] {override.py:1829} INFO - Created Permission View: can read on DAG:example_weekday_branch_operator
[2024-04-13T14:58:36.852-0400] {logging_mixin.py:188} INFO - [2024-04-13T14:58:36.852-0400] {override.py:1829} INFO - Created Permission View: can delete on DAG:example_weekday_branch_operator
[2024-04-13T14:58:36.854-0400] {logging_mixin.py:188} INFO - [2024-04-13T14:58:36.853-0400] {override.py:1829} INFO - Created Permission View: can edit on DAG:example_weekday_branch_operator
[2024-04-13T14:58:36.854-0400] {logging_mixin.py:188} INFO - [2024-04-13T14:58:36.854-0400] {dag.py:3096} INFO - Sync 1 DAGs
[2024-04-13T14:58:36.857-0400] {logging_mixin.py:188} INFO - [2024-04-13T14:58:36.857-0400] {dag.py:3118} INFO - Creating ORM DAG for example_weekday_branch_operator
[2024-04-13T14:58:36.860-0400] {logging_mixin.py:188} INFO - [2024-04-13T14:58:36.860-0400] {dag.py:3954} INFO - Setting next_dagrun for example_weekday_branch_operator to 2024-04-12 00:00:00+00:00, run_after=2024-04-13 00:00:00+00:00
[2024-04-13T14:58:36.866-0400] {processor.py:183} INFO - Processing /Users/manideepakreddyaila/Desktop/projects/Legal_Insights_Engine/.venv/lib/python3.11/site-packages/airflow/example_dags/example_branch_day_of_week_operator.py took 0.113 seconds
[2024-04-13T15:00:33.687-0400] {processor.py:161} INFO - Started process (PID=30106) to work on /Users/manideepakreddyaila/Desktop/projects/Legal_Insights_Engine/.venv/lib/python3.11/site-packages/airflow/example_dags/example_branch_day_of_week_operator.py
[2024-04-13T15:00:33.687-0400] {processor.py:830} INFO - Processing file /Users/manideepakreddyaila/Desktop/projects/Legal_Insights_Engine/.venv/lib/python3.11/site-packages/airflow/example_dags/example_branch_day_of_week_operator.py for tasks to queue
[2024-04-13T15:00:33.687-0400] {logging_mixin.py:188} INFO - [2024-04-13T15:00:33.687-0400] {dagbag.py:540} INFO - Filling up the DagBag from /Users/manideepakreddyaila/Desktop/projects/Legal_Insights_Engine/.venv/lib/python3.11/site-packages/airflow/example_dags/example_branch_day_of_week_operator.py
[2024-04-13T15:00:33.718-0400] {processor.py:840} INFO - DAG(s) 'example_weekday_branch_operator' retrieved from /Users/manideepakreddyaila/Desktop/projects/Legal_Insights_Engine/.venv/lib/python3.11/site-packages/airflow/example_dags/example_branch_day_of_week_operator.py
[2024-04-13T15:00:33.754-0400] {logging_mixin.py:188} INFO - [2024-04-13T15:00:33.754-0400] {dag.py:3096} INFO - Sync 1 DAGs
[2024-04-13T15:00:33.759-0400] {logging_mixin.py:188} INFO - [2024-04-13T15:00:33.759-0400] {dag.py:3954} INFO - Setting next_dagrun for example_weekday_branch_operator to 2024-04-12 00:00:00+00:00, run_after=2024-04-13 00:00:00+00:00
[2024-04-13T15:00:33.767-0400] {processor.py:183} INFO - Processing /Users/manideepakreddyaila/Desktop/projects/Legal_Insights_Engine/.venv/lib/python3.11/site-packages/airflow/example_dags/example_branch_day_of_week_operator.py took 0.081 seconds
[2024-04-13T15:02:27.415-0400] {processor.py:161} INFO - Started process (PID=30208) to work on /Users/manideepakreddyaila/Desktop/projects/Legal_Insights_Engine/.venv/lib/python3.11/site-packages/airflow/example_dags/example_branch_day_of_week_operator.py
[2024-04-13T15:02:27.417-0400] {processor.py:830} INFO - Processing file /Users/manideepakreddyaila/Desktop/projects/Legal_Insights_Engine/.venv/lib/python3.11/site-packages/airflow/example_dags/example_branch_day_of_week_operator.py for tasks to queue
[2024-04-13T15:02:27.417-0400] {logging_mixin.py:188} INFO - [2024-04-13T15:02:27.417-0400] {dagbag.py:540} INFO - Filling up the DagBag from /Users/manideepakreddyaila/Desktop/projects/Legal_Insights_Engine/.venv/lib/python3.11/site-packages/airflow/example_dags/example_branch_day_of_week_operator.py
[2024-04-13T15:02:27.446-0400] {processor.py:840} INFO - DAG(s) 'example_weekday_branch_operator' retrieved from /Users/manideepakreddyaila/Desktop/projects/Legal_Insights_Engine/.venv/lib/python3.11/site-packages/airflow/example_dags/example_branch_day_of_week_operator.py
[2024-04-13T15:02:27.482-0400] {logging_mixin.py:188} INFO - [2024-04-13T15:02:27.482-0400] {dag.py:3096} INFO - Sync 1 DAGs
[2024-04-13T15:02:27.487-0400] {logging_mixin.py:188} INFO - [2024-04-13T15:02:27.487-0400] {dag.py:3954} INFO - Setting next_dagrun for example_weekday_branch_operator to 2024-04-12 00:00:00+00:00, run_after=2024-04-13 00:00:00+00:00
[2024-04-13T15:02:27.493-0400] {processor.py:183} INFO - Processing /Users/manideepakreddyaila/Desktop/projects/Legal_Insights_Engine/.venv/lib/python3.11/site-packages/airflow/example_dags/example_branch_day_of_week_operator.py took 0.079 seconds
[2024-04-13T15:04:29.150-0400] {processor.py:161} INFO - Started process (PID=30308) to work on /Users/manideepakreddyaila/Desktop/projects/Legal_Insights_Engine/.venv/lib/python3.11/site-packages/airflow/example_dags/example_branch_day_of_week_operator.py
[2024-04-13T15:04:29.151-0400] {processor.py:830} INFO - Processing file /Users/manideepakreddyaila/Desktop/projects/Legal_Insights_Engine/.venv/lib/python3.11/site-packages/airflow/example_dags/example_branch_day_of_week_operator.py for tasks to queue
[2024-04-13T15:04:29.152-0400] {logging_mixin.py:188} INFO - [2024-04-13T15:04:29.152-0400] {dagbag.py:540} INFO - Filling up the DagBag from /Users/manideepakreddyaila/Desktop/projects/Legal_Insights_Engine/.venv/lib/python3.11/site-packages/airflow/example_dags/example_branch_day_of_week_operator.py
[2024-04-13T15:04:29.181-0400] {processor.py:840} INFO - DAG(s) 'example_weekday_branch_operator' retrieved from /Users/manideepakreddyaila/Desktop/projects/Legal_Insights_Engine/.venv/lib/python3.11/site-packages/airflow/example_dags/example_branch_day_of_week_operator.py
[2024-04-13T15:04:29.217-0400] {logging_mixin.py:188} INFO - [2024-04-13T15:04:29.216-0400] {dag.py:3096} INFO - Sync 1 DAGs
[2024-04-13T15:04:29.222-0400] {logging_mixin.py:188} INFO - [2024-04-13T15:04:29.222-0400] {dag.py:3954} INFO - Setting next_dagrun for example_weekday_branch_operator to 2024-04-12 00:00:00+00:00, run_after=2024-04-13 00:00:00+00:00
[2024-04-13T15:04:29.228-0400] {processor.py:183} INFO - Processing /Users/manideepakreddyaila/Desktop/projects/Legal_Insights_Engine/.venv/lib/python3.11/site-packages/airflow/example_dags/example_branch_day_of_week_operator.py took 0.079 seconds
[2024-04-13T15:06:28.728-0400] {processor.py:161} INFO - Started process (PID=30460) to work on /Users/manideepakreddyaila/Desktop/projects/Legal_Insights_Engine/.venv/lib/python3.11/site-packages/airflow/example_dags/example_branch_day_of_week_operator.py
[2024-04-13T15:06:28.729-0400] {processor.py:830} INFO - Processing file /Users/manideepakreddyaila/Desktop/projects/Legal_Insights_Engine/.venv/lib/python3.11/site-packages/airflow/example_dags/example_branch_day_of_week_operator.py for tasks to queue
[2024-04-13T15:06:28.729-0400] {logging_mixin.py:188} INFO - [2024-04-13T15:06:28.729-0400] {dagbag.py:540} INFO - Filling up the DagBag from /Users/manideepakreddyaila/Desktop/projects/Legal_Insights_Engine/.venv/lib/python3.11/site-packages/airflow/example_dags/example_branch_day_of_week_operator.py
[2024-04-13T15:06:28.759-0400] {processor.py:840} INFO - DAG(s) 'example_weekday_branch_operator' retrieved from /Users/manideepakreddyaila/Desktop/projects/Legal_Insights_Engine/.venv/lib/python3.11/site-packages/airflow/example_dags/example_branch_day_of_week_operator.py
[2024-04-13T15:06:28.794-0400] {logging_mixin.py:188} INFO - [2024-04-13T15:06:28.794-0400] {dag.py:3096} INFO - Sync 1 DAGs
[2024-04-13T15:06:28.800-0400] {logging_mixin.py:188} INFO - [2024-04-13T15:06:28.800-0400] {dag.py:3954} INFO - Setting next_dagrun for example_weekday_branch_operator to 2024-04-12 00:00:00+00:00, run_after=2024-04-13 00:00:00+00:00
[2024-04-13T15:06:28.806-0400] {processor.py:183} INFO - Processing /Users/manideepakreddyaila/Desktop/projects/Legal_Insights_Engine/.venv/lib/python3.11/site-packages/airflow/example_dags/example_branch_day_of_week_operator.py took 0.078 seconds
[2024-04-13T15:08:32.199-0400] {processor.py:161} INFO - Started process (PID=30639) to work on /Users/manideepakreddyaila/Desktop/projects/Legal_Insights_Engine/.venv/lib/python3.11/site-packages/airflow/example_dags/example_branch_day_of_week_operator.py
[2024-04-13T15:08:32.200-0400] {processor.py:830} INFO - Processing file /Users/manideepakreddyaila/Desktop/projects/Legal_Insights_Engine/.venv/lib/python3.11/site-packages/airflow/example_dags/example_branch_day_of_week_operator.py for tasks to queue
[2024-04-13T15:08:32.201-0400] {logging_mixin.py:188} INFO - [2024-04-13T15:08:32.201-0400] {dagbag.py:540} INFO - Filling up the DagBag from /Users/manideepakreddyaila/Desktop/projects/Legal_Insights_Engine/.venv/lib/python3.11/site-packages/airflow/example_dags/example_branch_day_of_week_operator.py
[2024-04-13T15:08:32.235-0400] {processor.py:840} INFO - DAG(s) 'example_weekday_branch_operator' retrieved from /Users/manideepakreddyaila/Desktop/projects/Legal_Insights_Engine/.venv/lib/python3.11/site-packages/airflow/example_dags/example_branch_day_of_week_operator.py
[2024-04-13T15:08:32.276-0400] {logging_mixin.py:188} INFO - [2024-04-13T15:08:32.276-0400] {dag.py:3096} INFO - Sync 1 DAGs
[2024-04-13T15:08:32.282-0400] {logging_mixin.py:188} INFO - [2024-04-13T15:08:32.282-0400] {dag.py:3954} INFO - Setting next_dagrun for example_weekday_branch_operator to 2024-04-12 00:00:00+00:00, run_after=2024-04-13 00:00:00+00:00
[2024-04-13T15:08:32.289-0400] {processor.py:183} INFO - Processing /Users/manideepakreddyaila/Desktop/projects/Legal_Insights_Engine/.venv/lib/python3.11/site-packages/airflow/example_dags/example_branch_day_of_week_operator.py took 0.092 seconds
[2024-04-13T15:15:44.554-0400] {processor.py:161} INFO - Started process (PID=30799) to work on /Users/manideepakreddyaila/Desktop/projects/Legal_Insights_Engine/.venv/lib/python3.11/site-packages/airflow/example_dags/example_branch_day_of_week_operator.py
[2024-04-13T15:15:44.554-0400] {processor.py:830} INFO - Processing file /Users/manideepakreddyaila/Desktop/projects/Legal_Insights_Engine/.venv/lib/python3.11/site-packages/airflow/example_dags/example_branch_day_of_week_operator.py for tasks to queue
[2024-04-13T15:15:44.555-0400] {logging_mixin.py:188} INFO - [2024-04-13T15:15:44.555-0400] {dagbag.py:540} INFO - Filling up the DagBag from /Users/manideepakreddyaila/Desktop/projects/Legal_Insights_Engine/.venv/lib/python3.11/site-packages/airflow/example_dags/example_branch_day_of_week_operator.py
[2024-04-13T15:15:44.585-0400] {processor.py:840} INFO - DAG(s) 'example_weekday_branch_operator' retrieved from /Users/manideepakreddyaila/Desktop/projects/Legal_Insights_Engine/.venv/lib/python3.11/site-packages/airflow/example_dags/example_branch_day_of_week_operator.py
[2024-04-13T15:15:44.621-0400] {logging_mixin.py:188} INFO - [2024-04-13T15:15:44.621-0400] {dag.py:3096} INFO - Sync 1 DAGs
[2024-04-13T15:15:44.627-0400] {logging_mixin.py:188} INFO - [2024-04-13T15:15:44.626-0400] {dag.py:3954} INFO - Setting next_dagrun for example_weekday_branch_operator to 2024-04-12 00:00:00+00:00, run_after=2024-04-13 00:00:00+00:00
[2024-04-13T15:15:44.632-0400] {processor.py:183} INFO - Processing /Users/manideepakreddyaila/Desktop/projects/Legal_Insights_Engine/.venv/lib/python3.11/site-packages/airflow/example_dags/example_branch_day_of_week_operator.py took 0.080 seconds
[2024-04-13T15:22:02.957-0400] {processor.py:161} INFO - Started process (PID=30941) to work on /Users/manideepakreddyaila/Desktop/projects/Legal_Insights_Engine/.venv/lib/python3.11/site-packages/airflow/example_dags/example_branch_day_of_week_operator.py
[2024-04-13T15:22:02.958-0400] {processor.py:830} INFO - Processing file /Users/manideepakreddyaila/Desktop/projects/Legal_Insights_Engine/.venv/lib/python3.11/site-packages/airflow/example_dags/example_branch_day_of_week_operator.py for tasks to queue
[2024-04-13T15:22:02.958-0400] {logging_mixin.py:188} INFO - [2024-04-13T15:22:02.958-0400] {dagbag.py:540} INFO - Filling up the DagBag from /Users/manideepakreddyaila/Desktop/projects/Legal_Insights_Engine/.venv/lib/python3.11/site-packages/airflow/example_dags/example_branch_day_of_week_operator.py
[2024-04-13T15:22:02.994-0400] {processor.py:840} INFO - DAG(s) 'example_weekday_branch_operator' retrieved from /Users/manideepakreddyaila/Desktop/projects/Legal_Insights_Engine/.venv/lib/python3.11/site-packages/airflow/example_dags/example_branch_day_of_week_operator.py
[2024-04-13T15:22:03.031-0400] {logging_mixin.py:188} INFO - [2024-04-13T15:22:03.031-0400] {dag.py:3096} INFO - Sync 1 DAGs
[2024-04-13T15:22:03.037-0400] {logging_mixin.py:188} INFO - [2024-04-13T15:22:03.037-0400] {dag.py:3954} INFO - Setting next_dagrun for example_weekday_branch_operator to 2024-04-12 00:00:00+00:00, run_after=2024-04-13 00:00:00+00:00
[2024-04-13T15:22:03.043-0400] {processor.py:183} INFO - Processing /Users/manideepakreddyaila/Desktop/projects/Legal_Insights_Engine/.venv/lib/python3.11/site-packages/airflow/example_dags/example_branch_day_of_week_operator.py took 0.089 seconds
[2024-04-13T18:15:37.075-0400] {processor.py:161} INFO - Started process (PID=31268) to work on /Users/manideepakreddyaila/Desktop/projects/Legal_Insights_Engine/.venv/lib/python3.11/site-packages/airflow/example_dags/example_branch_day_of_week_operator.py
[2024-04-13T18:15:37.076-0400] {processor.py:830} INFO - Processing file /Users/manideepakreddyaila/Desktop/projects/Legal_Insights_Engine/.venv/lib/python3.11/site-packages/airflow/example_dags/example_branch_day_of_week_operator.py for tasks to queue
[2024-04-13T18:15:37.076-0400] {logging_mixin.py:188} INFO - [2024-04-13T18:15:37.076-0400] {dagbag.py:540} INFO - Filling up the DagBag from /Users/manideepakreddyaila/Desktop/projects/Legal_Insights_Engine/.venv/lib/python3.11/site-packages/airflow/example_dags/example_branch_day_of_week_operator.py
[2024-04-13T18:15:37.107-0400] {processor.py:840} INFO - DAG(s) 'example_weekday_branch_operator' retrieved from /Users/manideepakreddyaila/Desktop/projects/Legal_Insights_Engine/.venv/lib/python3.11/site-packages/airflow/example_dags/example_branch_day_of_week_operator.py
[2024-04-13T18:15:37.143-0400] {logging_mixin.py:188} INFO - [2024-04-13T18:15:37.143-0400] {dag.py:3096} INFO - Sync 1 DAGs
[2024-04-13T18:15:37.149-0400] {logging_mixin.py:188} INFO - [2024-04-13T18:15:37.149-0400] {dag.py:3954} INFO - Setting next_dagrun for example_weekday_branch_operator to 2024-04-12 00:00:00+00:00, run_after=2024-04-13 00:00:00+00:00
[2024-04-13T18:15:37.155-0400] {processor.py:183} INFO - Processing /Users/manideepakreddyaila/Desktop/projects/Legal_Insights_Engine/.venv/lib/python3.11/site-packages/airflow/example_dags/example_branch_day_of_week_operator.py took 0.081 seconds
[2024-04-13T18:21:49.087-0400] {processor.py:161} INFO - Started process (PID=31376) to work on /Users/manideepakreddyaila/Desktop/projects/Legal_Insights_Engine/.venv/lib/python3.11/site-packages/airflow/example_dags/example_branch_day_of_week_operator.py
[2024-04-13T18:21:49.088-0400] {processor.py:830} INFO - Processing file /Users/manideepakreddyaila/Desktop/projects/Legal_Insights_Engine/.venv/lib/python3.11/site-packages/airflow/example_dags/example_branch_day_of_week_operator.py for tasks to queue
[2024-04-13T18:21:49.088-0400] {logging_mixin.py:188} INFO - [2024-04-13T18:21:49.088-0400] {dagbag.py:540} INFO - Filling up the DagBag from /Users/manideepakreddyaila/Desktop/projects/Legal_Insights_Engine/.venv/lib/python3.11/site-packages/airflow/example_dags/example_branch_day_of_week_operator.py
[2024-04-13T18:21:49.119-0400] {processor.py:840} INFO - DAG(s) 'example_weekday_branch_operator' retrieved from /Users/manideepakreddyaila/Desktop/projects/Legal_Insights_Engine/.venv/lib/python3.11/site-packages/airflow/example_dags/example_branch_day_of_week_operator.py
[2024-04-13T18:21:49.154-0400] {logging_mixin.py:188} INFO - [2024-04-13T18:21:49.154-0400] {dag.py:3096} INFO - Sync 1 DAGs
[2024-04-13T18:21:49.160-0400] {logging_mixin.py:188} INFO - [2024-04-13T18:21:49.160-0400] {dag.py:3954} INFO - Setting next_dagrun for example_weekday_branch_operator to 2024-04-12 00:00:00+00:00, run_after=2024-04-13 00:00:00+00:00
[2024-04-13T18:21:49.166-0400] {processor.py:183} INFO - Processing /Users/manideepakreddyaila/Desktop/projects/Legal_Insights_Engine/.venv/lib/python3.11/site-packages/airflow/example_dags/example_branch_day_of_week_operator.py took 0.079 seconds
[2024-04-13T19:20:12.314-0400] {processor.py:161} INFO - Started process (PID=31581) to work on /Users/manideepakreddyaila/Desktop/projects/Legal_Insights_Engine/.venv/lib/python3.11/site-packages/airflow/example_dags/example_branch_day_of_week_operator.py
[2024-04-13T19:20:12.315-0400] {processor.py:830} INFO - Processing file /Users/manideepakreddyaila/Desktop/projects/Legal_Insights_Engine/.venv/lib/python3.11/site-packages/airflow/example_dags/example_branch_day_of_week_operator.py for tasks to queue
[2024-04-13T19:20:12.315-0400] {logging_mixin.py:188} INFO - [2024-04-13T19:20:12.315-0400] {dagbag.py:540} INFO - Filling up the DagBag from /Users/manideepakreddyaila/Desktop/projects/Legal_Insights_Engine/.venv/lib/python3.11/site-packages/airflow/example_dags/example_branch_day_of_week_operator.py
[2024-04-13T19:20:12.344-0400] {processor.py:840} INFO - DAG(s) 'example_weekday_branch_operator' retrieved from /Users/manideepakreddyaila/Desktop/projects/Legal_Insights_Engine/.venv/lib/python3.11/site-packages/airflow/example_dags/example_branch_day_of_week_operator.py
[2024-04-13T19:20:12.380-0400] {logging_mixin.py:188} INFO - [2024-04-13T19:20:12.380-0400] {dag.py:3096} INFO - Sync 1 DAGs
[2024-04-13T19:20:12.385-0400] {logging_mixin.py:188} INFO - [2024-04-13T19:20:12.385-0400] {dag.py:3954} INFO - Setting next_dagrun for example_weekday_branch_operator to 2024-04-12 00:00:00+00:00, run_after=2024-04-13 00:00:00+00:00
[2024-04-13T19:20:12.391-0400] {processor.py:183} INFO - Processing /Users/manideepakreddyaila/Desktop/projects/Legal_Insights_Engine/.venv/lib/python3.11/site-packages/airflow/example_dags/example_branch_day_of_week_operator.py took 0.078 seconds
