[2024-04-13T14:57:34.727-0400] {processor.py:161} INFO - Started process (PID=29930) to work on /Users/manideepakreddyaila/Desktop/projects/Legal_Insights_Engine/.venv/lib/python3.11/site-packages/airflow/example_dags/example_time_delta_sensor_async.py
[2024-04-13T14:57:34.727-0400] {processor.py:830} INFO - Processing file /Users/manideepakreddyaila/Desktop/projects/Legal_Insights_Engine/.venv/lib/python3.11/site-packages/airflow/example_dags/example_time_delta_sensor_async.py for tasks to queue
[2024-04-13T14:57:34.728-0400] {logging_mixin.py:188} INFO - [2024-04-13T14:57:34.727-0400] {dagbag.py:540} INFO - Filling up the DagBag from /Users/manideepakreddyaila/Desktop/projects/Legal_Insights_Engine/.venv/lib/python3.11/site-packages/airflow/example_dags/example_time_delta_sensor_async.py
[2024-04-13T14:57:34.787-0400] {processor.py:840} INFO - DAG(s) 'example_time_delta_sensor_async' retrieved from /Users/manideepakreddyaila/Desktop/projects/Legal_Insights_Engine/.venv/lib/python3.11/site-packages/airflow/example_dags/example_time_delta_sensor_async.py
[2024-04-13T14:57:34.898-0400] {logging_mixin.py:188} INFO - [2024-04-13T14:57:34.897-0400] {override.py:1829} INFO - Created Permission View: can delete on DAG:example_time_delta_sensor_async
[2024-04-13T14:57:34.905-0400] {logging_mixin.py:188} INFO - [2024-04-13T14:57:34.905-0400] {override.py:1829} INFO - Created Permission View: can read on DAG:example_time_delta_sensor_async
[2024-04-13T14:57:34.913-0400] {logging_mixin.py:188} INFO - [2024-04-13T14:57:34.912-0400] {override.py:1829} INFO - Created Permission View: can edit on DAG:example_time_delta_sensor_async
[2024-04-13T14:57:34.914-0400] {logging_mixin.py:188} INFO - [2024-04-13T14:57:34.914-0400] {dag.py:3096} INFO - Sync 1 DAGs
[2024-04-13T14:57:34.925-0400] {logging_mixin.py:188} INFO - [2024-04-13T14:57:34.924-0400] {dag.py:3118} INFO - Creating ORM DAG for example_time_delta_sensor_async
[2024-04-13T14:57:34.925-0400] {logging_mixin.py:188} INFO - [2024-04-13T14:57:34.925-0400] {dag.py:3954} INFO - Setting next_dagrun for example_time_delta_sensor_async to None, run_after=None
[2024-04-13T14:57:34.933-0400] {processor.py:183} INFO - Processing /Users/manideepakreddyaila/Desktop/projects/Legal_Insights_Engine/.venv/lib/python3.11/site-packages/airflow/example_dags/example_time_delta_sensor_async.py took 0.209 seconds
[2024-04-13T14:59:07.241-0400] {processor.py:161} INFO - Started process (PID=30026) to work on /Users/manideepakreddyaila/Desktop/projects/Legal_Insights_Engine/.venv/lib/python3.11/site-packages/airflow/example_dags/example_time_delta_sensor_async.py
[2024-04-13T14:59:07.241-0400] {processor.py:830} INFO - Processing file /Users/manideepakreddyaila/Desktop/projects/Legal_Insights_Engine/.venv/lib/python3.11/site-packages/airflow/example_dags/example_time_delta_sensor_async.py for tasks to queue
[2024-04-13T14:59:07.242-0400] {logging_mixin.py:188} INFO - [2024-04-13T14:59:07.242-0400] {dagbag.py:540} INFO - Filling up the DagBag from /Users/manideepakreddyaila/Desktop/projects/Legal_Insights_Engine/.venv/lib/python3.11/site-packages/airflow/example_dags/example_time_delta_sensor_async.py
[2024-04-13T14:59:07.272-0400] {processor.py:840} INFO - DAG(s) 'example_time_delta_sensor_async' retrieved from /Users/manideepakreddyaila/Desktop/projects/Legal_Insights_Engine/.venv/lib/python3.11/site-packages/airflow/example_dags/example_time_delta_sensor_async.py
[2024-04-13T14:59:07.312-0400] {logging_mixin.py:188} INFO - [2024-04-13T14:59:07.312-0400] {dag.py:3096} INFO - Sync 1 DAGs
[2024-04-13T14:59:07.315-0400] {logging_mixin.py:188} INFO - [2024-04-13T14:59:07.315-0400] {dag.py:3954} INFO - Setting next_dagrun for example_time_delta_sensor_async to None, run_after=None
[2024-04-13T14:59:07.321-0400] {processor.py:183} INFO - Processing /Users/manideepakreddyaila/Desktop/projects/Legal_Insights_Engine/.venv/lib/python3.11/site-packages/airflow/example_dags/example_time_delta_sensor_async.py took 0.081 seconds
[2024-04-13T15:00:06.202-0400] {processor.py:161} INFO - Started process (PID=30070) to work on /Users/manideepakreddyaila/Desktop/projects/Legal_Insights_Engine/.venv/lib/python3.11/site-packages/airflow/example_dags/example_time_delta_sensor_async.py
[2024-04-13T15:00:06.203-0400] {processor.py:830} INFO - Processing file /Users/manideepakreddyaila/Desktop/projects/Legal_Insights_Engine/.venv/lib/python3.11/site-packages/airflow/example_dags/example_time_delta_sensor_async.py for tasks to queue
[2024-04-13T15:00:06.203-0400] {logging_mixin.py:188} INFO - [2024-04-13T15:00:06.203-0400] {dagbag.py:540} INFO - Filling up the DagBag from /Users/manideepakreddyaila/Desktop/projects/Legal_Insights_Engine/.venv/lib/python3.11/site-packages/airflow/example_dags/example_time_delta_sensor_async.py
[2024-04-13T15:00:06.233-0400] {processor.py:840} INFO - DAG(s) 'example_time_delta_sensor_async' retrieved from /Users/manideepakreddyaila/Desktop/projects/Legal_Insights_Engine/.venv/lib/python3.11/site-packages/airflow/example_dags/example_time_delta_sensor_async.py
[2024-04-13T15:00:06.279-0400] {logging_mixin.py:188} INFO - [2024-04-13T15:00:06.278-0400] {dag.py:3096} INFO - Sync 1 DAGs
[2024-04-13T15:00:06.282-0400] {logging_mixin.py:188} INFO - [2024-04-13T15:00:06.282-0400] {dag.py:3954} INFO - Setting next_dagrun for example_time_delta_sensor_async to None, run_after=None
[2024-04-13T15:00:06.289-0400] {processor.py:183} INFO - Processing /Users/manideepakreddyaila/Desktop/projects/Legal_Insights_Engine/.venv/lib/python3.11/site-packages/airflow/example_dags/example_time_delta_sensor_async.py took 0.087 seconds
[2024-04-13T15:01:06.651-0400] {processor.py:161} INFO - Started process (PID=30126) to work on /Users/manideepakreddyaila/Desktop/projects/Legal_Insights_Engine/.venv/lib/python3.11/site-packages/airflow/example_dags/example_time_delta_sensor_async.py
[2024-04-13T15:01:06.652-0400] {processor.py:830} INFO - Processing file /Users/manideepakreddyaila/Desktop/projects/Legal_Insights_Engine/.venv/lib/python3.11/site-packages/airflow/example_dags/example_time_delta_sensor_async.py for tasks to queue
[2024-04-13T15:01:06.652-0400] {logging_mixin.py:188} INFO - [2024-04-13T15:01:06.652-0400] {dagbag.py:540} INFO - Filling up the DagBag from /Users/manideepakreddyaila/Desktop/projects/Legal_Insights_Engine/.venv/lib/python3.11/site-packages/airflow/example_dags/example_time_delta_sensor_async.py
[2024-04-13T15:01:06.682-0400] {processor.py:840} INFO - DAG(s) 'example_time_delta_sensor_async' retrieved from /Users/manideepakreddyaila/Desktop/projects/Legal_Insights_Engine/.venv/lib/python3.11/site-packages/airflow/example_dags/example_time_delta_sensor_async.py
[2024-04-13T15:01:06.722-0400] {logging_mixin.py:188} INFO - [2024-04-13T15:01:06.722-0400] {dag.py:3096} INFO - Sync 1 DAGs
[2024-04-13T15:01:06.725-0400] {logging_mixin.py:188} INFO - [2024-04-13T15:01:06.725-0400] {dag.py:3954} INFO - Setting next_dagrun for example_time_delta_sensor_async to None, run_after=None
[2024-04-13T15:01:06.732-0400] {processor.py:183} INFO - Processing /Users/manideepakreddyaila/Desktop/projects/Legal_Insights_Engine/.venv/lib/python3.11/site-packages/airflow/example_dags/example_time_delta_sensor_async.py took 0.082 seconds
[2024-04-13T15:02:04.143-0400] {processor.py:161} INFO - Started process (PID=30179) to work on /Users/manideepakreddyaila/Desktop/projects/Legal_Insights_Engine/.venv/lib/python3.11/site-packages/airflow/example_dags/example_time_delta_sensor_async.py
[2024-04-13T15:02:04.144-0400] {processor.py:830} INFO - Processing file /Users/manideepakreddyaila/Desktop/projects/Legal_Insights_Engine/.venv/lib/python3.11/site-packages/airflow/example_dags/example_time_delta_sensor_async.py for tasks to queue
[2024-04-13T15:02:04.144-0400] {logging_mixin.py:188} INFO - [2024-04-13T15:02:04.144-0400] {dagbag.py:540} INFO - Filling up the DagBag from /Users/manideepakreddyaila/Desktop/projects/Legal_Insights_Engine/.venv/lib/python3.11/site-packages/airflow/example_dags/example_time_delta_sensor_async.py
[2024-04-13T15:02:04.174-0400] {processor.py:840} INFO - DAG(s) 'example_time_delta_sensor_async' retrieved from /Users/manideepakreddyaila/Desktop/projects/Legal_Insights_Engine/.venv/lib/python3.11/site-packages/airflow/example_dags/example_time_delta_sensor_async.py
[2024-04-13T15:02:04.214-0400] {logging_mixin.py:188} INFO - [2024-04-13T15:02:04.214-0400] {dag.py:3096} INFO - Sync 1 DAGs
[2024-04-13T15:02:04.217-0400] {logging_mixin.py:188} INFO - [2024-04-13T15:02:04.217-0400] {dag.py:3954} INFO - Setting next_dagrun for example_time_delta_sensor_async to None, run_after=None
[2024-04-13T15:02:04.223-0400] {processor.py:183} INFO - Processing /Users/manideepakreddyaila/Desktop/projects/Legal_Insights_Engine/.venv/lib/python3.11/site-packages/airflow/example_dags/example_time_delta_sensor_async.py took 0.081 seconds
[2024-04-13T15:02:59.945-0400] {processor.py:161} INFO - Started process (PID=30227) to work on /Users/manideepakreddyaila/Desktop/projects/Legal_Insights_Engine/.venv/lib/python3.11/site-packages/airflow/example_dags/example_time_delta_sensor_async.py
[2024-04-13T15:02:59.946-0400] {processor.py:830} INFO - Processing file /Users/manideepakreddyaila/Desktop/projects/Legal_Insights_Engine/.venv/lib/python3.11/site-packages/airflow/example_dags/example_time_delta_sensor_async.py for tasks to queue
[2024-04-13T15:02:59.946-0400] {logging_mixin.py:188} INFO - [2024-04-13T15:02:59.946-0400] {dagbag.py:540} INFO - Filling up the DagBag from /Users/manideepakreddyaila/Desktop/projects/Legal_Insights_Engine/.venv/lib/python3.11/site-packages/airflow/example_dags/example_time_delta_sensor_async.py
[2024-04-13T15:02:59.976-0400] {processor.py:840} INFO - DAG(s) 'example_time_delta_sensor_async' retrieved from /Users/manideepakreddyaila/Desktop/projects/Legal_Insights_Engine/.venv/lib/python3.11/site-packages/airflow/example_dags/example_time_delta_sensor_async.py
[2024-04-13T15:03:00.016-0400] {logging_mixin.py:188} INFO - [2024-04-13T15:03:00.016-0400] {dag.py:3096} INFO - Sync 1 DAGs
[2024-04-13T15:03:00.019-0400] {logging_mixin.py:188} INFO - [2024-04-13T15:03:00.019-0400] {dag.py:3954} INFO - Setting next_dagrun for example_time_delta_sensor_async to None, run_after=None
[2024-04-13T15:03:00.026-0400] {processor.py:183} INFO - Processing /Users/manideepakreddyaila/Desktop/projects/Legal_Insights_Engine/.venv/lib/python3.11/site-packages/airflow/example_dags/example_time_delta_sensor_async.py took 0.082 seconds
[2024-04-13T15:04:00.549-0400] {processor.py:161} INFO - Started process (PID=30282) to work on /Users/manideepakreddyaila/Desktop/projects/Legal_Insights_Engine/.venv/lib/python3.11/site-packages/airflow/example_dags/example_time_delta_sensor_async.py
[2024-04-13T15:04:00.549-0400] {processor.py:830} INFO - Processing file /Users/manideepakreddyaila/Desktop/projects/Legal_Insights_Engine/.venv/lib/python3.11/site-packages/airflow/example_dags/example_time_delta_sensor_async.py for tasks to queue
[2024-04-13T15:04:00.550-0400] {logging_mixin.py:188} INFO - [2024-04-13T15:04:00.550-0400] {dagbag.py:540} INFO - Filling up the DagBag from /Users/manideepakreddyaila/Desktop/projects/Legal_Insights_Engine/.venv/lib/python3.11/site-packages/airflow/example_dags/example_time_delta_sensor_async.py
[2024-04-13T15:04:00.579-0400] {processor.py:840} INFO - DAG(s) 'example_time_delta_sensor_async' retrieved from /Users/manideepakreddyaila/Desktop/projects/Legal_Insights_Engine/.venv/lib/python3.11/site-packages/airflow/example_dags/example_time_delta_sensor_async.py
[2024-04-13T15:04:00.620-0400] {logging_mixin.py:188} INFO - [2024-04-13T15:04:00.620-0400] {dag.py:3096} INFO - Sync 1 DAGs
[2024-04-13T15:04:00.624-0400] {logging_mixin.py:188} INFO - [2024-04-13T15:04:00.623-0400] {dag.py:3954} INFO - Setting next_dagrun for example_time_delta_sensor_async to None, run_after=None
[2024-04-13T15:04:00.630-0400] {processor.py:183} INFO - Processing /Users/manideepakreddyaila/Desktop/projects/Legal_Insights_Engine/.venv/lib/python3.11/site-packages/airflow/example_dags/example_time_delta_sensor_async.py took 0.082 seconds
[2024-04-13T15:04:59.880-0400] {processor.py:161} INFO - Started process (PID=30327) to work on /Users/manideepakreddyaila/Desktop/projects/Legal_Insights_Engine/.venv/lib/python3.11/site-packages/airflow/example_dags/example_time_delta_sensor_async.py
[2024-04-13T15:04:59.880-0400] {processor.py:830} INFO - Processing file /Users/manideepakreddyaila/Desktop/projects/Legal_Insights_Engine/.venv/lib/python3.11/site-packages/airflow/example_dags/example_time_delta_sensor_async.py for tasks to queue
[2024-04-13T15:04:59.880-0400] {logging_mixin.py:188} INFO - [2024-04-13T15:04:59.880-0400] {dagbag.py:540} INFO - Filling up the DagBag from /Users/manideepakreddyaila/Desktop/projects/Legal_Insights_Engine/.venv/lib/python3.11/site-packages/airflow/example_dags/example_time_delta_sensor_async.py
[2024-04-13T15:04:59.914-0400] {processor.py:840} INFO - DAG(s) 'example_time_delta_sensor_async' retrieved from /Users/manideepakreddyaila/Desktop/projects/Legal_Insights_Engine/.venv/lib/python3.11/site-packages/airflow/example_dags/example_time_delta_sensor_async.py
[2024-04-13T15:04:59.957-0400] {logging_mixin.py:188} INFO - [2024-04-13T15:04:59.957-0400] {dag.py:3096} INFO - Sync 1 DAGs
[2024-04-13T15:04:59.960-0400] {logging_mixin.py:188} INFO - [2024-04-13T15:04:59.960-0400] {dag.py:3954} INFO - Setting next_dagrun for example_time_delta_sensor_async to None, run_after=None
[2024-04-13T15:04:59.966-0400] {processor.py:183} INFO - Processing /Users/manideepakreddyaila/Desktop/projects/Legal_Insights_Engine/.venv/lib/python3.11/site-packages/airflow/example_dags/example_time_delta_sensor_async.py took 0.088 seconds
[2024-04-13T15:06:00.405-0400] {processor.py:161} INFO - Started process (PID=30418) to work on /Users/manideepakreddyaila/Desktop/projects/Legal_Insights_Engine/.venv/lib/python3.11/site-packages/airflow/example_dags/example_time_delta_sensor_async.py
[2024-04-13T15:06:00.406-0400] {processor.py:830} INFO - Processing file /Users/manideepakreddyaila/Desktop/projects/Legal_Insights_Engine/.venv/lib/python3.11/site-packages/airflow/example_dags/example_time_delta_sensor_async.py for tasks to queue
[2024-04-13T15:06:00.406-0400] {logging_mixin.py:188} INFO - [2024-04-13T15:06:00.406-0400] {dagbag.py:540} INFO - Filling up the DagBag from /Users/manideepakreddyaila/Desktop/projects/Legal_Insights_Engine/.venv/lib/python3.11/site-packages/airflow/example_dags/example_time_delta_sensor_async.py
[2024-04-13T15:06:00.442-0400] {processor.py:840} INFO - DAG(s) 'example_time_delta_sensor_async' retrieved from /Users/manideepakreddyaila/Desktop/projects/Legal_Insights_Engine/.venv/lib/python3.11/site-packages/airflow/example_dags/example_time_delta_sensor_async.py
[2024-04-13T15:06:00.491-0400] {logging_mixin.py:188} INFO - [2024-04-13T15:06:00.490-0400] {dag.py:3096} INFO - Sync 1 DAGs
[2024-04-13T15:06:00.494-0400] {logging_mixin.py:188} INFO - [2024-04-13T15:06:00.494-0400] {dag.py:3954} INFO - Setting next_dagrun for example_time_delta_sensor_async to None, run_after=None
[2024-04-13T15:06:00.500-0400] {processor.py:183} INFO - Processing /Users/manideepakreddyaila/Desktop/projects/Legal_Insights_Engine/.venv/lib/python3.11/site-packages/airflow/example_dags/example_time_delta_sensor_async.py took 0.096 seconds
[2024-04-13T15:07:01.166-0400] {processor.py:161} INFO - Started process (PID=30485) to work on /Users/manideepakreddyaila/Desktop/projects/Legal_Insights_Engine/.venv/lib/python3.11/site-packages/airflow/example_dags/example_time_delta_sensor_async.py
[2024-04-13T15:07:01.167-0400] {processor.py:830} INFO - Processing file /Users/manideepakreddyaila/Desktop/projects/Legal_Insights_Engine/.venv/lib/python3.11/site-packages/airflow/example_dags/example_time_delta_sensor_async.py for tasks to queue
[2024-04-13T15:07:01.168-0400] {logging_mixin.py:188} INFO - [2024-04-13T15:07:01.167-0400] {dagbag.py:540} INFO - Filling up the DagBag from /Users/manideepakreddyaila/Desktop/projects/Legal_Insights_Engine/.venv/lib/python3.11/site-packages/airflow/example_dags/example_time_delta_sensor_async.py
[2024-04-13T15:07:01.197-0400] {processor.py:840} INFO - DAG(s) 'example_time_delta_sensor_async' retrieved from /Users/manideepakreddyaila/Desktop/projects/Legal_Insights_Engine/.venv/lib/python3.11/site-packages/airflow/example_dags/example_time_delta_sensor_async.py
[2024-04-13T15:07:01.236-0400] {logging_mixin.py:188} INFO - [2024-04-13T15:07:01.236-0400] {dag.py:3096} INFO - Sync 1 DAGs
[2024-04-13T15:07:01.239-0400] {logging_mixin.py:188} INFO - [2024-04-13T15:07:01.239-0400] {dag.py:3954} INFO - Setting next_dagrun for example_time_delta_sensor_async to None, run_after=None
[2024-04-13T15:07:01.246-0400] {processor.py:183} INFO - Processing /Users/manideepakreddyaila/Desktop/projects/Legal_Insights_Engine/.venv/lib/python3.11/site-packages/airflow/example_dags/example_time_delta_sensor_async.py took 0.081 seconds
[2024-04-13T15:08:02.697-0400] {processor.py:161} INFO - Started process (PID=30559) to work on /Users/manideepakreddyaila/Desktop/projects/Legal_Insights_Engine/.venv/lib/python3.11/site-packages/airflow/example_dags/example_time_delta_sensor_async.py
[2024-04-13T15:08:02.698-0400] {processor.py:830} INFO - Processing file /Users/manideepakreddyaila/Desktop/projects/Legal_Insights_Engine/.venv/lib/python3.11/site-packages/airflow/example_dags/example_time_delta_sensor_async.py for tasks to queue
[2024-04-13T15:08:02.698-0400] {logging_mixin.py:188} INFO - [2024-04-13T15:08:02.698-0400] {dagbag.py:540} INFO - Filling up the DagBag from /Users/manideepakreddyaila/Desktop/projects/Legal_Insights_Engine/.venv/lib/python3.11/site-packages/airflow/example_dags/example_time_delta_sensor_async.py
[2024-04-13T15:08:02.728-0400] {processor.py:840} INFO - DAG(s) 'example_time_delta_sensor_async' retrieved from /Users/manideepakreddyaila/Desktop/projects/Legal_Insights_Engine/.venv/lib/python3.11/site-packages/airflow/example_dags/example_time_delta_sensor_async.py
[2024-04-13T15:08:02.767-0400] {logging_mixin.py:188} INFO - [2024-04-13T15:08:02.767-0400] {dag.py:3096} INFO - Sync 1 DAGs
[2024-04-13T15:08:02.770-0400] {logging_mixin.py:188} INFO - [2024-04-13T15:08:02.770-0400] {dag.py:3954} INFO - Setting next_dagrun for example_time_delta_sensor_async to None, run_after=None
[2024-04-13T15:08:02.776-0400] {processor.py:183} INFO - Processing /Users/manideepakreddyaila/Desktop/projects/Legal_Insights_Engine/.venv/lib/python3.11/site-packages/airflow/example_dags/example_time_delta_sensor_async.py took 0.080 seconds
[2024-04-13T15:14:13.419-0400] {processor.py:161} INFO - Started process (PID=30692) to work on /Users/manideepakreddyaila/Desktop/projects/Legal_Insights_Engine/.venv/lib/python3.11/site-packages/airflow/example_dags/example_time_delta_sensor_async.py
[2024-04-13T15:14:13.419-0400] {processor.py:830} INFO - Processing file /Users/manideepakreddyaila/Desktop/projects/Legal_Insights_Engine/.venv/lib/python3.11/site-packages/airflow/example_dags/example_time_delta_sensor_async.py for tasks to queue
[2024-04-13T15:14:13.420-0400] {logging_mixin.py:188} INFO - [2024-04-13T15:14:13.420-0400] {dagbag.py:540} INFO - Filling up the DagBag from /Users/manideepakreddyaila/Desktop/projects/Legal_Insights_Engine/.venv/lib/python3.11/site-packages/airflow/example_dags/example_time_delta_sensor_async.py
[2024-04-13T15:14:13.474-0400] {processor.py:840} INFO - DAG(s) 'example_time_delta_sensor_async' retrieved from /Users/manideepakreddyaila/Desktop/projects/Legal_Insights_Engine/.venv/lib/python3.11/site-packages/airflow/example_dags/example_time_delta_sensor_async.py
[2024-04-13T15:14:13.542-0400] {logging_mixin.py:188} INFO - [2024-04-13T15:14:13.541-0400] {dag.py:3096} INFO - Sync 1 DAGs
[2024-04-13T15:14:13.547-0400] {logging_mixin.py:188} INFO - [2024-04-13T15:14:13.547-0400] {dag.py:3954} INFO - Setting next_dagrun for example_time_delta_sensor_async to None, run_after=None
[2024-04-13T15:14:13.555-0400] {processor.py:183} INFO - Processing /Users/manideepakreddyaila/Desktop/projects/Legal_Insights_Engine/.venv/lib/python3.11/site-packages/airflow/example_dags/example_time_delta_sensor_async.py took 0.138 seconds
[2024-04-13T15:15:17.547-0400] {processor.py:161} INFO - Started process (PID=30760) to work on /Users/manideepakreddyaila/Desktop/projects/Legal_Insights_Engine/.venv/lib/python3.11/site-packages/airflow/example_dags/example_time_delta_sensor_async.py
[2024-04-13T15:15:17.548-0400] {processor.py:830} INFO - Processing file /Users/manideepakreddyaila/Desktop/projects/Legal_Insights_Engine/.venv/lib/python3.11/site-packages/airflow/example_dags/example_time_delta_sensor_async.py for tasks to queue
[2024-04-13T15:15:17.548-0400] {logging_mixin.py:188} INFO - [2024-04-13T15:15:17.548-0400] {dagbag.py:540} INFO - Filling up the DagBag from /Users/manideepakreddyaila/Desktop/projects/Legal_Insights_Engine/.venv/lib/python3.11/site-packages/airflow/example_dags/example_time_delta_sensor_async.py
[2024-04-13T15:15:17.577-0400] {processor.py:840} INFO - DAG(s) 'example_time_delta_sensor_async' retrieved from /Users/manideepakreddyaila/Desktop/projects/Legal_Insights_Engine/.venv/lib/python3.11/site-packages/airflow/example_dags/example_time_delta_sensor_async.py
[2024-04-13T15:15:17.618-0400] {logging_mixin.py:188} INFO - [2024-04-13T15:15:17.618-0400] {dag.py:3096} INFO - Sync 1 DAGs
[2024-04-13T15:15:17.622-0400] {logging_mixin.py:188} INFO - [2024-04-13T15:15:17.622-0400] {dag.py:3954} INFO - Setting next_dagrun for example_time_delta_sensor_async to None, run_after=None
[2024-04-13T15:15:17.628-0400] {processor.py:183} INFO - Processing /Users/manideepakreddyaila/Desktop/projects/Legal_Insights_Engine/.venv/lib/python3.11/site-packages/airflow/example_dags/example_time_delta_sensor_async.py took 0.082 seconds
[2024-04-13T15:16:16.284-0400] {processor.py:161} INFO - Started process (PID=30819) to work on /Users/manideepakreddyaila/Desktop/projects/Legal_Insights_Engine/.venv/lib/python3.11/site-packages/airflow/example_dags/example_time_delta_sensor_async.py
[2024-04-13T15:16:16.285-0400] {processor.py:830} INFO - Processing file /Users/manideepakreddyaila/Desktop/projects/Legal_Insights_Engine/.venv/lib/python3.11/site-packages/airflow/example_dags/example_time_delta_sensor_async.py for tasks to queue
[2024-04-13T15:16:16.285-0400] {logging_mixin.py:188} INFO - [2024-04-13T15:16:16.285-0400] {dagbag.py:540} INFO - Filling up the DagBag from /Users/manideepakreddyaila/Desktop/projects/Legal_Insights_Engine/.venv/lib/python3.11/site-packages/airflow/example_dags/example_time_delta_sensor_async.py
[2024-04-13T15:16:16.314-0400] {processor.py:840} INFO - DAG(s) 'example_time_delta_sensor_async' retrieved from /Users/manideepakreddyaila/Desktop/projects/Legal_Insights_Engine/.venv/lib/python3.11/site-packages/airflow/example_dags/example_time_delta_sensor_async.py
[2024-04-13T15:16:16.355-0400] {logging_mixin.py:188} INFO - [2024-04-13T15:16:16.355-0400] {dag.py:3096} INFO - Sync 1 DAGs
[2024-04-13T15:16:16.358-0400] {logging_mixin.py:188} INFO - [2024-04-13T15:16:16.358-0400] {dag.py:3954} INFO - Setting next_dagrun for example_time_delta_sensor_async to None, run_after=None
[2024-04-13T15:16:16.364-0400] {processor.py:183} INFO - Processing /Users/manideepakreddyaila/Desktop/projects/Legal_Insights_Engine/.venv/lib/python3.11/site-packages/airflow/example_dags/example_time_delta_sensor_async.py took 0.081 seconds
[2024-04-13T15:17:12.766-0400] {processor.py:161} INFO - Started process (PID=30878) to work on /Users/manideepakreddyaila/Desktop/projects/Legal_Insights_Engine/.venv/lib/python3.11/site-packages/airflow/example_dags/example_time_delta_sensor_async.py
[2024-04-13T15:17:12.766-0400] {processor.py:830} INFO - Processing file /Users/manideepakreddyaila/Desktop/projects/Legal_Insights_Engine/.venv/lib/python3.11/site-packages/airflow/example_dags/example_time_delta_sensor_async.py for tasks to queue
[2024-04-13T15:17:12.767-0400] {logging_mixin.py:188} INFO - [2024-04-13T15:17:12.766-0400] {dagbag.py:540} INFO - Filling up the DagBag from /Users/manideepakreddyaila/Desktop/projects/Legal_Insights_Engine/.venv/lib/python3.11/site-packages/airflow/example_dags/example_time_delta_sensor_async.py
[2024-04-13T15:17:12.798-0400] {processor.py:840} INFO - DAG(s) 'example_time_delta_sensor_async' retrieved from /Users/manideepakreddyaila/Desktop/projects/Legal_Insights_Engine/.venv/lib/python3.11/site-packages/airflow/example_dags/example_time_delta_sensor_async.py
[2024-04-13T15:17:12.842-0400] {logging_mixin.py:188} INFO - [2024-04-13T15:17:12.842-0400] {dag.py:3096} INFO - Sync 1 DAGs
[2024-04-13T15:17:12.846-0400] {logging_mixin.py:188} INFO - [2024-04-13T15:17:12.845-0400] {dag.py:3954} INFO - Setting next_dagrun for example_time_delta_sensor_async to None, run_after=None
[2024-04-13T15:17:12.852-0400] {processor.py:183} INFO - Processing /Users/manideepakreddyaila/Desktop/projects/Legal_Insights_Engine/.venv/lib/python3.11/site-packages/airflow/example_dags/example_time_delta_sensor_async.py took 0.089 seconds
[2024-04-13T15:25:50.122-0400] {processor.py:161} INFO - Started process (PID=30993) to work on /Users/manideepakreddyaila/Desktop/projects/Legal_Insights_Engine/.venv/lib/python3.11/site-packages/airflow/example_dags/example_time_delta_sensor_async.py
[2024-04-13T15:25:50.124-0400] {processor.py:830} INFO - Processing file /Users/manideepakreddyaila/Desktop/projects/Legal_Insights_Engine/.venv/lib/python3.11/site-packages/airflow/example_dags/example_time_delta_sensor_async.py for tasks to queue
[2024-04-13T15:25:50.124-0400] {logging_mixin.py:188} INFO - [2024-04-13T15:25:50.124-0400] {dagbag.py:540} INFO - Filling up the DagBag from /Users/manideepakreddyaila/Desktop/projects/Legal_Insights_Engine/.venv/lib/python3.11/site-packages/airflow/example_dags/example_time_delta_sensor_async.py
[2024-04-13T15:25:50.154-0400] {processor.py:840} INFO - DAG(s) 'example_time_delta_sensor_async' retrieved from /Users/manideepakreddyaila/Desktop/projects/Legal_Insights_Engine/.venv/lib/python3.11/site-packages/airflow/example_dags/example_time_delta_sensor_async.py
[2024-04-13T15:25:50.194-0400] {logging_mixin.py:188} INFO - [2024-04-13T15:25:50.194-0400] {dag.py:3096} INFO - Sync 1 DAGs
[2024-04-13T15:25:50.197-0400] {logging_mixin.py:188} INFO - [2024-04-13T15:25:50.197-0400] {dag.py:3954} INFO - Setting next_dagrun for example_time_delta_sensor_async to None, run_after=None
[2024-04-13T15:25:50.203-0400] {processor.py:183} INFO - Processing /Users/manideepakreddyaila/Desktop/projects/Legal_Insights_Engine/.venv/lib/python3.11/site-packages/airflow/example_dags/example_time_delta_sensor_async.py took 0.082 seconds
[2024-04-13T17:50:13.653-0400] {processor.py:161} INFO - Started process (PID=31168) to work on /Users/manideepakreddyaila/Desktop/projects/Legal_Insights_Engine/.venv/lib/python3.11/site-packages/airflow/example_dags/example_time_delta_sensor_async.py
[2024-04-13T17:50:13.654-0400] {processor.py:830} INFO - Processing file /Users/manideepakreddyaila/Desktop/projects/Legal_Insights_Engine/.venv/lib/python3.11/site-packages/airflow/example_dags/example_time_delta_sensor_async.py for tasks to queue
[2024-04-13T17:50:13.654-0400] {logging_mixin.py:188} INFO - [2024-04-13T17:50:13.654-0400] {dagbag.py:540} INFO - Filling up the DagBag from /Users/manideepakreddyaila/Desktop/projects/Legal_Insights_Engine/.venv/lib/python3.11/site-packages/airflow/example_dags/example_time_delta_sensor_async.py
[2024-04-13T17:50:13.687-0400] {processor.py:840} INFO - DAG(s) 'example_time_delta_sensor_async' retrieved from /Users/manideepakreddyaila/Desktop/projects/Legal_Insights_Engine/.venv/lib/python3.11/site-packages/airflow/example_dags/example_time_delta_sensor_async.py
[2024-04-13T17:50:13.728-0400] {logging_mixin.py:188} INFO - [2024-04-13T17:50:13.728-0400] {dag.py:3096} INFO - Sync 1 DAGs
[2024-04-13T17:50:13.731-0400] {logging_mixin.py:188} INFO - [2024-04-13T17:50:13.731-0400] {dag.py:3954} INFO - Setting next_dagrun for example_time_delta_sensor_async to None, run_after=None
[2024-04-13T17:50:13.737-0400] {processor.py:183} INFO - Processing /Users/manideepakreddyaila/Desktop/projects/Legal_Insights_Engine/.venv/lib/python3.11/site-packages/airflow/example_dags/example_time_delta_sensor_async.py took 0.086 seconds
[2024-04-13T18:17:54.984-0400] {processor.py:161} INFO - Started process (PID=31301) to work on /Users/manideepakreddyaila/Desktop/projects/Legal_Insights_Engine/.venv/lib/python3.11/site-packages/airflow/example_dags/example_time_delta_sensor_async.py
[2024-04-13T18:17:54.984-0400] {processor.py:830} INFO - Processing file /Users/manideepakreddyaila/Desktop/projects/Legal_Insights_Engine/.venv/lib/python3.11/site-packages/airflow/example_dags/example_time_delta_sensor_async.py for tasks to queue
[2024-04-13T18:17:54.985-0400] {logging_mixin.py:188} INFO - [2024-04-13T18:17:54.984-0400] {dagbag.py:540} INFO - Filling up the DagBag from /Users/manideepakreddyaila/Desktop/projects/Legal_Insights_Engine/.venv/lib/python3.11/site-packages/airflow/example_dags/example_time_delta_sensor_async.py
[2024-04-13T18:17:55.014-0400] {processor.py:840} INFO - DAG(s) 'example_time_delta_sensor_async' retrieved from /Users/manideepakreddyaila/Desktop/projects/Legal_Insights_Engine/.venv/lib/python3.11/site-packages/airflow/example_dags/example_time_delta_sensor_async.py
[2024-04-13T18:17:55.054-0400] {logging_mixin.py:188} INFO - [2024-04-13T18:17:55.054-0400] {dag.py:3096} INFO - Sync 1 DAGs
[2024-04-13T18:17:55.057-0400] {logging_mixin.py:188} INFO - [2024-04-13T18:17:55.057-0400] {dag.py:3954} INFO - Setting next_dagrun for example_time_delta_sensor_async to None, run_after=None
[2024-04-13T18:17:55.063-0400] {processor.py:183} INFO - Processing /Users/manideepakreddyaila/Desktop/projects/Legal_Insights_Engine/.venv/lib/python3.11/site-packages/airflow/example_dags/example_time_delta_sensor_async.py took 0.080 seconds
[2024-04-13T18:56:04.038-0400] {processor.py:161} INFO - Started process (PID=31431) to work on /Users/manideepakreddyaila/Desktop/projects/Legal_Insights_Engine/.venv/lib/python3.11/site-packages/airflow/example_dags/example_time_delta_sensor_async.py
[2024-04-13T18:56:04.038-0400] {processor.py:830} INFO - Processing file /Users/manideepakreddyaila/Desktop/projects/Legal_Insights_Engine/.venv/lib/python3.11/site-packages/airflow/example_dags/example_time_delta_sensor_async.py for tasks to queue
[2024-04-13T18:56:04.039-0400] {logging_mixin.py:188} INFO - [2024-04-13T18:56:04.039-0400] {dagbag.py:540} INFO - Filling up the DagBag from /Users/manideepakreddyaila/Desktop/projects/Legal_Insights_Engine/.venv/lib/python3.11/site-packages/airflow/example_dags/example_time_delta_sensor_async.py
[2024-04-13T18:56:04.068-0400] {processor.py:840} INFO - DAG(s) 'example_time_delta_sensor_async' retrieved from /Users/manideepakreddyaila/Desktop/projects/Legal_Insights_Engine/.venv/lib/python3.11/site-packages/airflow/example_dags/example_time_delta_sensor_async.py
[2024-04-13T18:56:04.108-0400] {logging_mixin.py:188} INFO - [2024-04-13T18:56:04.108-0400] {dag.py:3096} INFO - Sync 1 DAGs
[2024-04-13T18:56:04.111-0400] {logging_mixin.py:188} INFO - [2024-04-13T18:56:04.111-0400] {dag.py:3954} INFO - Setting next_dagrun for example_time_delta_sensor_async to None, run_after=None
[2024-04-13T18:56:04.118-0400] {processor.py:183} INFO - Processing /Users/manideepakreddyaila/Desktop/projects/Legal_Insights_Engine/.venv/lib/python3.11/site-packages/airflow/example_dags/example_time_delta_sensor_async.py took 0.080 seconds
[2024-04-13T19:09:49.624-0400] {processor.py:161} INFO - Started process (PID=31536) to work on /Users/manideepakreddyaila/Desktop/projects/Legal_Insights_Engine/.venv/lib/python3.11/site-packages/airflow/example_dags/example_time_delta_sensor_async.py
[2024-04-13T19:09:49.625-0400] {processor.py:830} INFO - Processing file /Users/manideepakreddyaila/Desktop/projects/Legal_Insights_Engine/.venv/lib/python3.11/site-packages/airflow/example_dags/example_time_delta_sensor_async.py for tasks to queue
[2024-04-13T19:09:49.625-0400] {logging_mixin.py:188} INFO - [2024-04-13T19:09:49.625-0400] {dagbag.py:540} INFO - Filling up the DagBag from /Users/manideepakreddyaila/Desktop/projects/Legal_Insights_Engine/.venv/lib/python3.11/site-packages/airflow/example_dags/example_time_delta_sensor_async.py
[2024-04-13T19:09:49.658-0400] {processor.py:840} INFO - DAG(s) 'example_time_delta_sensor_async' retrieved from /Users/manideepakreddyaila/Desktop/projects/Legal_Insights_Engine/.venv/lib/python3.11/site-packages/airflow/example_dags/example_time_delta_sensor_async.py
[2024-04-13T19:09:49.699-0400] {logging_mixin.py:188} INFO - [2024-04-13T19:09:49.699-0400] {dag.py:3096} INFO - Sync 1 DAGs
[2024-04-13T19:09:49.702-0400] {logging_mixin.py:188} INFO - [2024-04-13T19:09:49.702-0400] {dag.py:3954} INFO - Setting next_dagrun for example_time_delta_sensor_async to None, run_after=None
[2024-04-13T19:09:49.708-0400] {processor.py:183} INFO - Processing /Users/manideepakreddyaila/Desktop/projects/Legal_Insights_Engine/.venv/lib/python3.11/site-packages/airflow/example_dags/example_time_delta_sensor_async.py took 0.085 seconds
