[2024-04-13T14:58:17.844-0400] {processor.py:161} INFO - Started process (PID=29978) to work on /Users/manideepakreddyaila/Desktop/projects/Legal_Insights_Engine/.venv/lib/python3.11/site-packages/airflow/example_dags/example_external_task_marker_dag.py
[2024-04-13T14:58:17.844-0400] {processor.py:830} INFO - Processing file /Users/manideepakreddyaila/Desktop/projects/Legal_Insights_Engine/.venv/lib/python3.11/site-packages/airflow/example_dags/example_external_task_marker_dag.py for tasks to queue
[2024-04-13T14:58:17.844-0400] {logging_mixin.py:188} INFO - [2024-04-13T14:58:17.844-0400] {dagbag.py:540} INFO - Filling up the DagBag from /Users/manideepakreddyaila/Desktop/projects/Legal_Insights_Engine/.venv/lib/python3.11/site-packages/airflow/example_dags/example_external_task_marker_dag.py
[2024-04-13T14:58:17.876-0400] {processor.py:840} INFO - DAG(s) 'example_external_task_marker_child', 'example_external_task_marker_parent' retrieved from /Users/manideepakreddyaila/Desktop/projects/Legal_Insights_Engine/.venv/lib/python3.11/site-packages/airflow/example_dags/example_external_task_marker_dag.py
[2024-04-13T14:58:17.943-0400] {logging_mixin.py:188} INFO - [2024-04-13T14:58:17.943-0400] {override.py:1829} INFO - Created Permission View: can read on DAG:example_external_task_marker_child
[2024-04-13T14:58:17.946-0400] {logging_mixin.py:188} INFO - [2024-04-13T14:58:17.946-0400] {override.py:1829} INFO - Created Permission View: can edit on DAG:example_external_task_marker_child
[2024-04-13T14:58:17.948-0400] {logging_mixin.py:188} INFO - [2024-04-13T14:58:17.948-0400] {override.py:1829} INFO - Created Permission View: can delete on DAG:example_external_task_marker_child
[2024-04-13T14:58:17.951-0400] {logging_mixin.py:188} INFO - [2024-04-13T14:58:17.951-0400] {override.py:1829} INFO - Created Permission View: can read on DAG:example_external_task_marker_parent
[2024-04-13T14:58:17.953-0400] {logging_mixin.py:188} INFO - [2024-04-13T14:58:17.953-0400] {override.py:1829} INFO - Created Permission View: can edit on DAG:example_external_task_marker_parent
[2024-04-13T14:58:17.955-0400] {logging_mixin.py:188} INFO - [2024-04-13T14:58:17.955-0400] {override.py:1829} INFO - Created Permission View: can delete on DAG:example_external_task_marker_parent
[2024-04-13T14:58:17.955-0400] {logging_mixin.py:188} INFO - [2024-04-13T14:58:17.955-0400] {dag.py:3096} INFO - Sync 2 DAGs
[2024-04-13T14:58:17.959-0400] {logging_mixin.py:188} INFO - [2024-04-13T14:58:17.958-0400] {dag.py:3118} INFO - Creating ORM DAG for example_external_task_marker_parent
[2024-04-13T14:58:17.959-0400] {logging_mixin.py:188} INFO - [2024-04-13T14:58:17.959-0400] {dag.py:3118} INFO - Creating ORM DAG for example_external_task_marker_child
[2024-04-13T14:58:17.959-0400] {logging_mixin.py:188} INFO - [2024-04-13T14:58:17.959-0400] {dag.py:3954} INFO - Setting next_dagrun for example_external_task_marker_child to None, run_after=None
[2024-04-13T14:58:17.959-0400] {logging_mixin.py:188} INFO - [2024-04-13T14:58:17.959-0400] {dag.py:3954} INFO - Setting next_dagrun for example_external_task_marker_parent to None, run_after=None
[2024-04-13T14:58:17.965-0400] {processor.py:183} INFO - Processing /Users/manideepakreddyaila/Desktop/projects/Legal_Insights_Engine/.venv/lib/python3.11/site-packages/airflow/example_dags/example_external_task_marker_dag.py took 0.122 seconds
[2024-04-13T15:00:13.975-0400] {processor.py:161} INFO - Started process (PID=30090) to work on /Users/manideepakreddyaila/Desktop/projects/Legal_Insights_Engine/.venv/lib/python3.11/site-packages/airflow/example_dags/example_external_task_marker_dag.py
[2024-04-13T15:00:13.976-0400] {processor.py:830} INFO - Processing file /Users/manideepakreddyaila/Desktop/projects/Legal_Insights_Engine/.venv/lib/python3.11/site-packages/airflow/example_dags/example_external_task_marker_dag.py for tasks to queue
[2024-04-13T15:00:13.976-0400] {logging_mixin.py:188} INFO - [2024-04-13T15:00:13.976-0400] {dagbag.py:540} INFO - Filling up the DagBag from /Users/manideepakreddyaila/Desktop/projects/Legal_Insights_Engine/.venv/lib/python3.11/site-packages/airflow/example_dags/example_external_task_marker_dag.py
[2024-04-13T15:00:14.008-0400] {processor.py:840} INFO - DAG(s) 'example_external_task_marker_parent', 'example_external_task_marker_child' retrieved from /Users/manideepakreddyaila/Desktop/projects/Legal_Insights_Engine/.venv/lib/python3.11/site-packages/airflow/example_dags/example_external_task_marker_dag.py
[2024-04-13T15:00:14.047-0400] {logging_mixin.py:188} INFO - [2024-04-13T15:00:14.047-0400] {dag.py:3096} INFO - Sync 2 DAGs
[2024-04-13T15:00:14.051-0400] {logging_mixin.py:188} INFO - [2024-04-13T15:00:14.051-0400] {dag.py:3954} INFO - Setting next_dagrun for example_external_task_marker_child to None, run_after=None
[2024-04-13T15:00:14.052-0400] {logging_mixin.py:188} INFO - [2024-04-13T15:00:14.052-0400] {dag.py:3954} INFO - Setting next_dagrun for example_external_task_marker_parent to None, run_after=None
[2024-04-13T15:00:14.058-0400] {processor.py:183} INFO - Processing /Users/manideepakreddyaila/Desktop/projects/Legal_Insights_Engine/.venv/lib/python3.11/site-packages/airflow/example_dags/example_external_task_marker_dag.py took 0.084 seconds
[2024-04-13T15:02:07.516-0400] {processor.py:161} INFO - Started process (PID=30182) to work on /Users/manideepakreddyaila/Desktop/projects/Legal_Insights_Engine/.venv/lib/python3.11/site-packages/airflow/example_dags/example_external_task_marker_dag.py
[2024-04-13T15:02:07.517-0400] {processor.py:830} INFO - Processing file /Users/manideepakreddyaila/Desktop/projects/Legal_Insights_Engine/.venv/lib/python3.11/site-packages/airflow/example_dags/example_external_task_marker_dag.py for tasks to queue
[2024-04-13T15:02:07.517-0400] {logging_mixin.py:188} INFO - [2024-04-13T15:02:07.517-0400] {dagbag.py:540} INFO - Filling up the DagBag from /Users/manideepakreddyaila/Desktop/projects/Legal_Insights_Engine/.venv/lib/python3.11/site-packages/airflow/example_dags/example_external_task_marker_dag.py
[2024-04-13T15:02:07.548-0400] {processor.py:840} INFO - DAG(s) 'example_external_task_marker_child', 'example_external_task_marker_parent' retrieved from /Users/manideepakreddyaila/Desktop/projects/Legal_Insights_Engine/.venv/lib/python3.11/site-packages/airflow/example_dags/example_external_task_marker_dag.py
[2024-04-13T15:02:07.587-0400] {logging_mixin.py:188} INFO - [2024-04-13T15:02:07.586-0400] {dag.py:3096} INFO - Sync 2 DAGs
[2024-04-13T15:02:07.590-0400] {logging_mixin.py:188} INFO - [2024-04-13T15:02:07.590-0400] {dag.py:3954} INFO - Setting next_dagrun for example_external_task_marker_child to None, run_after=None
[2024-04-13T15:02:07.591-0400] {logging_mixin.py:188} INFO - [2024-04-13T15:02:07.591-0400] {dag.py:3954} INFO - Setting next_dagrun for example_external_task_marker_parent to None, run_after=None
[2024-04-13T15:02:07.597-0400] {processor.py:183} INFO - Processing /Users/manideepakreddyaila/Desktop/projects/Legal_Insights_Engine/.venv/lib/python3.11/site-packages/airflow/example_dags/example_external_task_marker_dag.py took 0.082 seconds
[2024-04-13T15:04:08.908-0400] {processor.py:161} INFO - Started process (PID=30287) to work on /Users/manideepakreddyaila/Desktop/projects/Legal_Insights_Engine/.venv/lib/python3.11/site-packages/airflow/example_dags/example_external_task_marker_dag.py
[2024-04-13T15:04:08.909-0400] {processor.py:830} INFO - Processing file /Users/manideepakreddyaila/Desktop/projects/Legal_Insights_Engine/.venv/lib/python3.11/site-packages/airflow/example_dags/example_external_task_marker_dag.py for tasks to queue
[2024-04-13T15:04:08.909-0400] {logging_mixin.py:188} INFO - [2024-04-13T15:04:08.909-0400] {dagbag.py:540} INFO - Filling up the DagBag from /Users/manideepakreddyaila/Desktop/projects/Legal_Insights_Engine/.venv/lib/python3.11/site-packages/airflow/example_dags/example_external_task_marker_dag.py
[2024-04-13T15:04:08.939-0400] {processor.py:840} INFO - DAG(s) 'example_external_task_marker_child', 'example_external_task_marker_parent' retrieved from /Users/manideepakreddyaila/Desktop/projects/Legal_Insights_Engine/.venv/lib/python3.11/site-packages/airflow/example_dags/example_external_task_marker_dag.py
[2024-04-13T15:04:08.978-0400] {logging_mixin.py:188} INFO - [2024-04-13T15:04:08.978-0400] {dag.py:3096} INFO - Sync 2 DAGs
[2024-04-13T15:04:08.981-0400] {logging_mixin.py:188} INFO - [2024-04-13T15:04:08.981-0400] {dag.py:3954} INFO - Setting next_dagrun for example_external_task_marker_child to None, run_after=None
[2024-04-13T15:04:08.982-0400] {logging_mixin.py:188} INFO - [2024-04-13T15:04:08.982-0400] {dag.py:3954} INFO - Setting next_dagrun for example_external_task_marker_parent to None, run_after=None
[2024-04-13T15:04:08.988-0400] {processor.py:183} INFO - Processing /Users/manideepakreddyaila/Desktop/projects/Legal_Insights_Engine/.venv/lib/python3.11/site-packages/airflow/example_dags/example_external_task_marker_dag.py took 0.081 seconds
[2024-04-13T15:06:09.602-0400] {processor.py:161} INFO - Started process (PID=30427) to work on /Users/manideepakreddyaila/Desktop/projects/Legal_Insights_Engine/.venv/lib/python3.11/site-packages/airflow/example_dags/example_external_task_marker_dag.py
[2024-04-13T15:06:09.603-0400] {processor.py:830} INFO - Processing file /Users/manideepakreddyaila/Desktop/projects/Legal_Insights_Engine/.venv/lib/python3.11/site-packages/airflow/example_dags/example_external_task_marker_dag.py for tasks to queue
[2024-04-13T15:06:09.603-0400] {logging_mixin.py:188} INFO - [2024-04-13T15:06:09.603-0400] {dagbag.py:540} INFO - Filling up the DagBag from /Users/manideepakreddyaila/Desktop/projects/Legal_Insights_Engine/.venv/lib/python3.11/site-packages/airflow/example_dags/example_external_task_marker_dag.py
[2024-04-13T15:06:09.635-0400] {processor.py:840} INFO - DAG(s) 'example_external_task_marker_parent', 'example_external_task_marker_child' retrieved from /Users/manideepakreddyaila/Desktop/projects/Legal_Insights_Engine/.venv/lib/python3.11/site-packages/airflow/example_dags/example_external_task_marker_dag.py
[2024-04-13T15:06:09.673-0400] {logging_mixin.py:188} INFO - [2024-04-13T15:06:09.673-0400] {dag.py:3096} INFO - Sync 2 DAGs
[2024-04-13T15:06:09.677-0400] {logging_mixin.py:188} INFO - [2024-04-13T15:06:09.677-0400] {dag.py:3954} INFO - Setting next_dagrun for example_external_task_marker_child to None, run_after=None
[2024-04-13T15:06:09.678-0400] {logging_mixin.py:188} INFO - [2024-04-13T15:06:09.678-0400] {dag.py:3954} INFO - Setting next_dagrun for example_external_task_marker_parent to None, run_after=None
[2024-04-13T15:06:09.683-0400] {processor.py:183} INFO - Processing /Users/manideepakreddyaila/Desktop/projects/Legal_Insights_Engine/.venv/lib/python3.11/site-packages/airflow/example_dags/example_external_task_marker_dag.py took 0.082 seconds
[2024-04-13T15:08:11.103-0400] {processor.py:161} INFO - Started process (PID=30567) to work on /Users/manideepakreddyaila/Desktop/projects/Legal_Insights_Engine/.venv/lib/python3.11/site-packages/airflow/example_dags/example_external_task_marker_dag.py
[2024-04-13T15:08:11.104-0400] {processor.py:830} INFO - Processing file /Users/manideepakreddyaila/Desktop/projects/Legal_Insights_Engine/.venv/lib/python3.11/site-packages/airflow/example_dags/example_external_task_marker_dag.py for tasks to queue
[2024-04-13T15:08:11.104-0400] {logging_mixin.py:188} INFO - [2024-04-13T15:08:11.104-0400] {dagbag.py:540} INFO - Filling up the DagBag from /Users/manideepakreddyaila/Desktop/projects/Legal_Insights_Engine/.venv/lib/python3.11/site-packages/airflow/example_dags/example_external_task_marker_dag.py
[2024-04-13T15:08:11.135-0400] {processor.py:840} INFO - DAG(s) 'example_external_task_marker_child', 'example_external_task_marker_parent' retrieved from /Users/manideepakreddyaila/Desktop/projects/Legal_Insights_Engine/.venv/lib/python3.11/site-packages/airflow/example_dags/example_external_task_marker_dag.py
[2024-04-13T15:08:11.175-0400] {logging_mixin.py:188} INFO - [2024-04-13T15:08:11.175-0400] {dag.py:3096} INFO - Sync 2 DAGs
[2024-04-13T15:08:11.179-0400] {logging_mixin.py:188} INFO - [2024-04-13T15:08:11.179-0400] {dag.py:3954} INFO - Setting next_dagrun for example_external_task_marker_child to None, run_after=None
[2024-04-13T15:08:11.180-0400] {logging_mixin.py:188} INFO - [2024-04-13T15:08:11.180-0400] {dag.py:3954} INFO - Setting next_dagrun for example_external_task_marker_parent to None, run_after=None
[2024-04-13T15:08:11.185-0400] {processor.py:183} INFO - Processing /Users/manideepakreddyaila/Desktop/projects/Legal_Insights_Engine/.venv/lib/python3.11/site-packages/airflow/example_dags/example_external_task_marker_dag.py took 0.083 seconds
[2024-04-13T15:15:25.510-0400] {processor.py:161} INFO - Started process (PID=30780) to work on /Users/manideepakreddyaila/Desktop/projects/Legal_Insights_Engine/.venv/lib/python3.11/site-packages/airflow/example_dags/example_external_task_marker_dag.py
[2024-04-13T15:15:25.511-0400] {processor.py:830} INFO - Processing file /Users/manideepakreddyaila/Desktop/projects/Legal_Insights_Engine/.venv/lib/python3.11/site-packages/airflow/example_dags/example_external_task_marker_dag.py for tasks to queue
[2024-04-13T15:15:25.511-0400] {logging_mixin.py:188} INFO - [2024-04-13T15:15:25.511-0400] {dagbag.py:540} INFO - Filling up the DagBag from /Users/manideepakreddyaila/Desktop/projects/Legal_Insights_Engine/.venv/lib/python3.11/site-packages/airflow/example_dags/example_external_task_marker_dag.py
[2024-04-13T15:15:25.542-0400] {processor.py:840} INFO - DAG(s) 'example_external_task_marker_parent', 'example_external_task_marker_child' retrieved from /Users/manideepakreddyaila/Desktop/projects/Legal_Insights_Engine/.venv/lib/python3.11/site-packages/airflow/example_dags/example_external_task_marker_dag.py
[2024-04-13T15:15:25.582-0400] {logging_mixin.py:188} INFO - [2024-04-13T15:15:25.582-0400] {dag.py:3096} INFO - Sync 2 DAGs
[2024-04-13T15:15:25.585-0400] {logging_mixin.py:188} INFO - [2024-04-13T15:15:25.585-0400] {dag.py:3954} INFO - Setting next_dagrun for example_external_task_marker_child to None, run_after=None
[2024-04-13T15:15:25.586-0400] {logging_mixin.py:188} INFO - [2024-04-13T15:15:25.586-0400] {dag.py:3954} INFO - Setting next_dagrun for example_external_task_marker_parent to None, run_after=None
[2024-04-13T15:15:25.592-0400] {processor.py:183} INFO - Processing /Users/manideepakreddyaila/Desktop/projects/Legal_Insights_Engine/.venv/lib/python3.11/site-packages/airflow/example_dags/example_external_task_marker_dag.py took 0.083 seconds
[2024-04-13T15:17:39.016-0400] {processor.py:161} INFO - Started process (PID=30892) to work on /Users/manideepakreddyaila/Desktop/projects/Legal_Insights_Engine/.venv/lib/python3.11/site-packages/airflow/example_dags/example_external_task_marker_dag.py
[2024-04-13T15:17:39.018-0400] {processor.py:830} INFO - Processing file /Users/manideepakreddyaila/Desktop/projects/Legal_Insights_Engine/.venv/lib/python3.11/site-packages/airflow/example_dags/example_external_task_marker_dag.py for tasks to queue
[2024-04-13T15:17:39.018-0400] {logging_mixin.py:188} INFO - [2024-04-13T15:17:39.018-0400] {dagbag.py:540} INFO - Filling up the DagBag from /Users/manideepakreddyaila/Desktop/projects/Legal_Insights_Engine/.venv/lib/python3.11/site-packages/airflow/example_dags/example_external_task_marker_dag.py
[2024-04-13T15:17:39.054-0400] {processor.py:840} INFO - DAG(s) 'example_external_task_marker_child', 'example_external_task_marker_parent' retrieved from /Users/manideepakreddyaila/Desktop/projects/Legal_Insights_Engine/.venv/lib/python3.11/site-packages/airflow/example_dags/example_external_task_marker_dag.py
[2024-04-13T15:17:39.094-0400] {logging_mixin.py:188} INFO - [2024-04-13T15:17:39.093-0400] {dag.py:3096} INFO - Sync 2 DAGs
[2024-04-13T15:17:39.097-0400] {logging_mixin.py:188} INFO - [2024-04-13T15:17:39.097-0400] {dag.py:3954} INFO - Setting next_dagrun for example_external_task_marker_child to None, run_after=None
[2024-04-13T15:17:39.098-0400] {logging_mixin.py:188} INFO - [2024-04-13T15:17:39.098-0400] {dag.py:3954} INFO - Setting next_dagrun for example_external_task_marker_parent to None, run_after=None
[2024-04-13T15:17:39.103-0400] {processor.py:183} INFO - Processing /Users/manideepakreddyaila/Desktop/projects/Legal_Insights_Engine/.venv/lib/python3.11/site-packages/airflow/example_dags/example_external_task_marker_dag.py took 0.090 seconds
[2024-04-13T15:28:56.483-0400] {processor.py:161} INFO - Started process (PID=31048) to work on /Users/manideepakreddyaila/Desktop/projects/Legal_Insights_Engine/.venv/lib/python3.11/site-packages/airflow/example_dags/example_external_task_marker_dag.py
[2024-04-13T15:28:56.485-0400] {processor.py:830} INFO - Processing file /Users/manideepakreddyaila/Desktop/projects/Legal_Insights_Engine/.venv/lib/python3.11/site-packages/airflow/example_dags/example_external_task_marker_dag.py for tasks to queue
[2024-04-13T15:28:56.485-0400] {logging_mixin.py:188} INFO - [2024-04-13T15:28:56.485-0400] {dagbag.py:540} INFO - Filling up the DagBag from /Users/manideepakreddyaila/Desktop/projects/Legal_Insights_Engine/.venv/lib/python3.11/site-packages/airflow/example_dags/example_external_task_marker_dag.py
[2024-04-13T15:28:56.515-0400] {processor.py:840} INFO - DAG(s) 'example_external_task_marker_child', 'example_external_task_marker_parent' retrieved from /Users/manideepakreddyaila/Desktop/projects/Legal_Insights_Engine/.venv/lib/python3.11/site-packages/airflow/example_dags/example_external_task_marker_dag.py
[2024-04-13T15:28:56.555-0400] {logging_mixin.py:188} INFO - [2024-04-13T15:28:56.555-0400] {dag.py:3096} INFO - Sync 2 DAGs
[2024-04-13T15:28:56.558-0400] {logging_mixin.py:188} INFO - [2024-04-13T15:28:56.558-0400] {dag.py:3954} INFO - Setting next_dagrun for example_external_task_marker_child to None, run_after=None
[2024-04-13T15:28:56.559-0400] {logging_mixin.py:188} INFO - [2024-04-13T15:28:56.559-0400] {dag.py:3954} INFO - Setting next_dagrun for example_external_task_marker_parent to None, run_after=None
[2024-04-13T15:28:56.564-0400] {processor.py:183} INFO - Processing /Users/manideepakreddyaila/Desktop/projects/Legal_Insights_Engine/.venv/lib/python3.11/site-packages/airflow/example_dags/example_external_task_marker_dag.py took 0.082 seconds
[2024-04-13T17:53:28.439-0400] {processor.py:161} INFO - Started process (PID=31223) to work on /Users/manideepakreddyaila/Desktop/projects/Legal_Insights_Engine/.venv/lib/python3.11/site-packages/airflow/example_dags/example_external_task_marker_dag.py
[2024-04-13T17:53:28.440-0400] {processor.py:830} INFO - Processing file /Users/manideepakreddyaila/Desktop/projects/Legal_Insights_Engine/.venv/lib/python3.11/site-packages/airflow/example_dags/example_external_task_marker_dag.py for tasks to queue
[2024-04-13T17:53:28.441-0400] {logging_mixin.py:188} INFO - [2024-04-13T17:53:28.440-0400] {dagbag.py:540} INFO - Filling up the DagBag from /Users/manideepakreddyaila/Desktop/projects/Legal_Insights_Engine/.venv/lib/python3.11/site-packages/airflow/example_dags/example_external_task_marker_dag.py
[2024-04-13T17:53:28.473-0400] {processor.py:840} INFO - DAG(s) 'example_external_task_marker_child', 'example_external_task_marker_parent' retrieved from /Users/manideepakreddyaila/Desktop/projects/Legal_Insights_Engine/.venv/lib/python3.11/site-packages/airflow/example_dags/example_external_task_marker_dag.py
[2024-04-13T17:53:28.513-0400] {logging_mixin.py:188} INFO - [2024-04-13T17:53:28.513-0400] {dag.py:3096} INFO - Sync 2 DAGs
[2024-04-13T17:53:28.517-0400] {logging_mixin.py:188} INFO - [2024-04-13T17:53:28.517-0400] {dag.py:3954} INFO - Setting next_dagrun for example_external_task_marker_child to None, run_after=None
[2024-04-13T17:53:28.518-0400] {logging_mixin.py:188} INFO - [2024-04-13T17:53:28.518-0400] {dag.py:3954} INFO - Setting next_dagrun for example_external_task_marker_parent to None, run_after=None
[2024-04-13T17:53:28.523-0400] {processor.py:183} INFO - Processing /Users/manideepakreddyaila/Desktop/projects/Legal_Insights_Engine/.venv/lib/python3.11/site-packages/airflow/example_dags/example_external_task_marker_dag.py took 0.085 seconds
[2024-04-13T18:20:39.253-0400] {processor.py:161} INFO - Started process (PID=31357) to work on /Users/manideepakreddyaila/Desktop/projects/Legal_Insights_Engine/.venv/lib/python3.11/site-packages/airflow/example_dags/example_external_task_marker_dag.py
[2024-04-13T18:20:39.253-0400] {processor.py:830} INFO - Processing file /Users/manideepakreddyaila/Desktop/projects/Legal_Insights_Engine/.venv/lib/python3.11/site-packages/airflow/example_dags/example_external_task_marker_dag.py for tasks to queue
[2024-04-13T18:20:39.253-0400] {logging_mixin.py:188} INFO - [2024-04-13T18:20:39.253-0400] {dagbag.py:540} INFO - Filling up the DagBag from /Users/manideepakreddyaila/Desktop/projects/Legal_Insights_Engine/.venv/lib/python3.11/site-packages/airflow/example_dags/example_external_task_marker_dag.py
[2024-04-13T18:20:39.284-0400] {processor.py:840} INFO - DAG(s) 'example_external_task_marker_child', 'example_external_task_marker_parent' retrieved from /Users/manideepakreddyaila/Desktop/projects/Legal_Insights_Engine/.venv/lib/python3.11/site-packages/airflow/example_dags/example_external_task_marker_dag.py
[2024-04-13T18:20:39.323-0400] {logging_mixin.py:188} INFO - [2024-04-13T18:20:39.323-0400] {dag.py:3096} INFO - Sync 2 DAGs
[2024-04-13T18:20:39.326-0400] {logging_mixin.py:188} INFO - [2024-04-13T18:20:39.326-0400] {dag.py:3954} INFO - Setting next_dagrun for example_external_task_marker_child to None, run_after=None
[2024-04-13T18:20:39.328-0400] {logging_mixin.py:188} INFO - [2024-04-13T18:20:39.328-0400] {dag.py:3954} INFO - Setting next_dagrun for example_external_task_marker_parent to None, run_after=None
[2024-04-13T18:20:39.334-0400] {processor.py:183} INFO - Processing /Users/manideepakreddyaila/Desktop/projects/Legal_Insights_Engine/.venv/lib/python3.11/site-packages/airflow/example_dags/example_external_task_marker_dag.py took 0.082 seconds
[2024-04-13T19:02:19.823-0400] {processor.py:161} INFO - Started process (PID=31492) to work on /Users/manideepakreddyaila/Desktop/projects/Legal_Insights_Engine/.venv/lib/python3.11/site-packages/airflow/example_dags/example_external_task_marker_dag.py
[2024-04-13T19:02:19.823-0400] {processor.py:830} INFO - Processing file /Users/manideepakreddyaila/Desktop/projects/Legal_Insights_Engine/.venv/lib/python3.11/site-packages/airflow/example_dags/example_external_task_marker_dag.py for tasks to queue
[2024-04-13T19:02:19.824-0400] {logging_mixin.py:188} INFO - [2024-04-13T19:02:19.824-0400] {dagbag.py:540} INFO - Filling up the DagBag from /Users/manideepakreddyaila/Desktop/projects/Legal_Insights_Engine/.venv/lib/python3.11/site-packages/airflow/example_dags/example_external_task_marker_dag.py
[2024-04-13T19:02:19.854-0400] {processor.py:840} INFO - DAG(s) 'example_external_task_marker_child', 'example_external_task_marker_parent' retrieved from /Users/manideepakreddyaila/Desktop/projects/Legal_Insights_Engine/.venv/lib/python3.11/site-packages/airflow/example_dags/example_external_task_marker_dag.py
[2024-04-13T19:02:19.894-0400] {logging_mixin.py:188} INFO - [2024-04-13T19:02:19.894-0400] {dag.py:3096} INFO - Sync 2 DAGs
[2024-04-13T19:02:19.897-0400] {logging_mixin.py:188} INFO - [2024-04-13T19:02:19.897-0400] {dag.py:3954} INFO - Setting next_dagrun for example_external_task_marker_child to None, run_after=None
[2024-04-13T19:02:19.898-0400] {logging_mixin.py:188} INFO - [2024-04-13T19:02:19.898-0400] {dag.py:3954} INFO - Setting next_dagrun for example_external_task_marker_parent to None, run_after=None
[2024-04-13T19:02:19.903-0400] {processor.py:183} INFO - Processing /Users/manideepakreddyaila/Desktop/projects/Legal_Insights_Engine/.venv/lib/python3.11/site-packages/airflow/example_dags/example_external_task_marker_dag.py took 0.082 seconds
