[2024-04-13T14:57:40.568-0400] {processor.py:161} INFO - Started process (PID=29936) to work on /Users/manideepakreddyaila/Desktop/projects/Legal_Insights_Engine/.venv/lib/python3.11/site-packages/airflow/example_dags/example_subdag_operator.py
[2024-04-13T14:57:40.568-0400] {processor.py:830} INFO - Processing file /Users/manideepakreddyaila/Desktop/projects/Legal_Insights_Engine/.venv/lib/python3.11/site-packages/airflow/example_dags/example_subdag_operator.py for tasks to queue
[2024-04-13T14:57:40.569-0400] {logging_mixin.py:188} INFO - [2024-04-13T14:57:40.569-0400] {dagbag.py:540} INFO - Filling up the DagBag from /Users/manideepakreddyaila/Desktop/projects/Legal_Insights_Engine/.venv/lib/python3.11/site-packages/airflow/example_dags/example_subdag_operator.py
[2024-04-13T14:57:40.710-0400] {processor.py:840} INFO - DAG(s) 'example_subdag_operator.section-1', 'example_subdag_operator.section-2', 'example_subdag_operator' retrieved from /Users/manideepakreddyaila/Desktop/projects/Legal_Insights_Engine/.venv/lib/python3.11/site-packages/airflow/example_dags/example_subdag_operator.py
[2024-04-13T14:57:40.780-0400] {logging_mixin.py:188} INFO - [2024-04-13T14:57:40.780-0400] {override.py:1829} INFO - Created Permission View: can read on DAG:example_subdag_operator
[2024-04-13T14:57:40.784-0400] {logging_mixin.py:188} INFO - [2024-04-13T14:57:40.783-0400] {override.py:1829} INFO - Created Permission View: can delete on DAG:example_subdag_operator
[2024-04-13T14:57:40.786-0400] {logging_mixin.py:188} INFO - [2024-04-13T14:57:40.785-0400] {override.py:1829} INFO - Created Permission View: can edit on DAG:example_subdag_operator
[2024-04-13T14:57:40.786-0400] {logging_mixin.py:188} INFO - [2024-04-13T14:57:40.786-0400] {dag.py:3096} INFO - Sync 3 DAGs
[2024-04-13T14:57:40.790-0400] {logging_mixin.py:188} INFO - [2024-04-13T14:57:40.790-0400] {dag.py:3118} INFO - Creating ORM DAG for example_subdag_operator.section-2
[2024-04-13T14:57:40.791-0400] {logging_mixin.py:188} INFO - [2024-04-13T14:57:40.791-0400] {dag.py:3118} INFO - Creating ORM DAG for example_subdag_operator.section-1
[2024-04-13T14:57:40.791-0400] {logging_mixin.py:188} INFO - [2024-04-13T14:57:40.791-0400] {dag.py:3118} INFO - Creating ORM DAG for example_subdag_operator
[2024-04-13T14:57:40.794-0400] {logging_mixin.py:188} INFO - [2024-04-13T14:57:40.794-0400] {dag.py:3954} INFO - Setting next_dagrun for example_subdag_operator to 2022-01-01 00:00:00+00:00, run_after=2022-01-01 00:00:00+00:00
[2024-04-13T14:57:40.794-0400] {logging_mixin.py:188} INFO - [2024-04-13T14:57:40.794-0400] {dag.py:3954} INFO - Setting next_dagrun for example_subdag_operator.section-1 to None, run_after=None
[2024-04-13T14:57:40.794-0400] {logging_mixin.py:188} INFO - [2024-04-13T14:57:40.794-0400] {dag.py:3954} INFO - Setting next_dagrun for example_subdag_operator.section-2 to None, run_after=None
[2024-04-13T14:57:40.796-0400] {logging_mixin.py:188} INFO - [2024-04-13T14:57:40.796-0400] {dag.py:3096} INFO - Sync 2 DAGs
[2024-04-13T14:57:40.798-0400] {logging_mixin.py:188} INFO - [2024-04-13T14:57:40.798-0400] {dag.py:3954} INFO - Setting next_dagrun for example_subdag_operator.section-1 to None, run_after=None
[2024-04-13T14:57:40.798-0400] {logging_mixin.py:188} INFO - [2024-04-13T14:57:40.798-0400] {dag.py:3954} INFO - Setting next_dagrun for example_subdag_operator.section-2 to None, run_after=None
[2024-04-13T14:57:40.803-0400] {processor.py:183} INFO - Processing /Users/manideepakreddyaila/Desktop/projects/Legal_Insights_Engine/.venv/lib/python3.11/site-packages/airflow/example_dags/example_subdag_operator.py took 0.238 seconds
[2024-04-13T14:59:12.473-0400] {processor.py:161} INFO - Started process (PID=30030) to work on /Users/manideepakreddyaila/Desktop/projects/Legal_Insights_Engine/.venv/lib/python3.11/site-packages/airflow/example_dags/example_subdag_operator.py
[2024-04-13T14:59:12.473-0400] {processor.py:830} INFO - Processing file /Users/manideepakreddyaila/Desktop/projects/Legal_Insights_Engine/.venv/lib/python3.11/site-packages/airflow/example_dags/example_subdag_operator.py for tasks to queue
[2024-04-13T14:59:12.474-0400] {logging_mixin.py:188} INFO - [2024-04-13T14:59:12.473-0400] {dagbag.py:540} INFO - Filling up the DagBag from /Users/manideepakreddyaila/Desktop/projects/Legal_Insights_Engine/.venv/lib/python3.11/site-packages/airflow/example_dags/example_subdag_operator.py
[2024-04-13T14:59:12.531-0400] {processor.py:840} INFO - DAG(s) 'example_subdag_operator.section-1', 'example_subdag_operator.section-2', 'example_subdag_operator' retrieved from /Users/manideepakreddyaila/Desktop/projects/Legal_Insights_Engine/.venv/lib/python3.11/site-packages/airflow/example_dags/example_subdag_operator.py
[2024-04-13T14:59:12.549-0400] {logging_mixin.py:188} INFO - [2024-04-13T14:59:12.549-0400] {dag.py:3096} INFO - Sync 3 DAGs
[2024-04-13T14:59:12.555-0400] {logging_mixin.py:188} INFO - [2024-04-13T14:59:12.555-0400] {dag.py:3954} INFO - Setting next_dagrun for example_subdag_operator to 2022-01-01 00:00:00+00:00, run_after=2022-01-01 00:00:00+00:00
[2024-04-13T14:59:12.556-0400] {logging_mixin.py:188} INFO - [2024-04-13T14:59:12.556-0400] {dag.py:3954} INFO - Setting next_dagrun for example_subdag_operator.section-1 to None, run_after=None
[2024-04-13T14:59:12.556-0400] {logging_mixin.py:188} INFO - [2024-04-13T14:59:12.556-0400] {dag.py:3954} INFO - Setting next_dagrun for example_subdag_operator.section-2 to None, run_after=None
[2024-04-13T14:59:12.558-0400] {logging_mixin.py:188} INFO - [2024-04-13T14:59:12.558-0400] {dag.py:3096} INFO - Sync 2 DAGs
[2024-04-13T14:59:12.559-0400] {logging_mixin.py:188} INFO - [2024-04-13T14:59:12.559-0400] {dag.py:3954} INFO - Setting next_dagrun for example_subdag_operator.section-1 to None, run_after=None
[2024-04-13T14:59:12.559-0400] {logging_mixin.py:188} INFO - [2024-04-13T14:59:12.559-0400] {dag.py:3954} INFO - Setting next_dagrun for example_subdag_operator.section-2 to None, run_after=None
[2024-04-13T14:59:12.563-0400] {processor.py:183} INFO - Processing /Users/manideepakreddyaila/Desktop/projects/Legal_Insights_Engine/.venv/lib/python3.11/site-packages/airflow/example_dags/example_subdag_operator.py took 0.092 seconds
[2024-04-13T15:01:12.017-0400] {processor.py:161} INFO - Started process (PID=30130) to work on /Users/manideepakreddyaila/Desktop/projects/Legal_Insights_Engine/.venv/lib/python3.11/site-packages/airflow/example_dags/example_subdag_operator.py
[2024-04-13T15:01:12.018-0400] {processor.py:830} INFO - Processing file /Users/manideepakreddyaila/Desktop/projects/Legal_Insights_Engine/.venv/lib/python3.11/site-packages/airflow/example_dags/example_subdag_operator.py for tasks to queue
[2024-04-13T15:01:12.018-0400] {logging_mixin.py:188} INFO - [2024-04-13T15:01:12.018-0400] {dagbag.py:540} INFO - Filling up the DagBag from /Users/manideepakreddyaila/Desktop/projects/Legal_Insights_Engine/.venv/lib/python3.11/site-packages/airflow/example_dags/example_subdag_operator.py
[2024-04-13T15:01:12.077-0400] {processor.py:840} INFO - DAG(s) 'example_subdag_operator.section-1', 'example_subdag_operator.section-2', 'example_subdag_operator' retrieved from /Users/manideepakreddyaila/Desktop/projects/Legal_Insights_Engine/.venv/lib/python3.11/site-packages/airflow/example_dags/example_subdag_operator.py
[2024-04-13T15:01:12.094-0400] {logging_mixin.py:188} INFO - [2024-04-13T15:01:12.094-0400] {dag.py:3096} INFO - Sync 3 DAGs
[2024-04-13T15:01:12.099-0400] {logging_mixin.py:188} INFO - [2024-04-13T15:01:12.099-0400] {dag.py:3954} INFO - Setting next_dagrun for example_subdag_operator to 2022-01-01 00:00:00+00:00, run_after=2022-01-01 00:00:00+00:00
[2024-04-13T15:01:12.100-0400] {logging_mixin.py:188} INFO - [2024-04-13T15:01:12.100-0400] {dag.py:3954} INFO - Setting next_dagrun for example_subdag_operator.section-1 to None, run_after=None
[2024-04-13T15:01:12.101-0400] {logging_mixin.py:188} INFO - [2024-04-13T15:01:12.101-0400] {dag.py:3954} INFO - Setting next_dagrun for example_subdag_operator.section-2 to None, run_after=None
[2024-04-13T15:01:12.102-0400] {logging_mixin.py:188} INFO - [2024-04-13T15:01:12.102-0400] {dag.py:3096} INFO - Sync 2 DAGs
[2024-04-13T15:01:12.104-0400] {logging_mixin.py:188} INFO - [2024-04-13T15:01:12.103-0400] {dag.py:3954} INFO - Setting next_dagrun for example_subdag_operator.section-1 to None, run_after=None
[2024-04-13T15:01:12.104-0400] {logging_mixin.py:188} INFO - [2024-04-13T15:01:12.104-0400] {dag.py:3954} INFO - Setting next_dagrun for example_subdag_operator.section-2 to None, run_after=None
[2024-04-13T15:01:12.107-0400] {processor.py:183} INFO - Processing /Users/manideepakreddyaila/Desktop/projects/Legal_Insights_Engine/.venv/lib/python3.11/site-packages/airflow/example_dags/example_subdag_operator.py took 0.092 seconds
[2024-04-13T15:03:05.574-0400] {processor.py:161} INFO - Started process (PID=30230) to work on /Users/manideepakreddyaila/Desktop/projects/Legal_Insights_Engine/.venv/lib/python3.11/site-packages/airflow/example_dags/example_subdag_operator.py
[2024-04-13T15:03:05.577-0400] {processor.py:830} INFO - Processing file /Users/manideepakreddyaila/Desktop/projects/Legal_Insights_Engine/.venv/lib/python3.11/site-packages/airflow/example_dags/example_subdag_operator.py for tasks to queue
[2024-04-13T15:03:05.577-0400] {logging_mixin.py:188} INFO - [2024-04-13T15:03:05.577-0400] {dagbag.py:540} INFO - Filling up the DagBag from /Users/manideepakreddyaila/Desktop/projects/Legal_Insights_Engine/.venv/lib/python3.11/site-packages/airflow/example_dags/example_subdag_operator.py
[2024-04-13T15:03:05.636-0400] {processor.py:840} INFO - DAG(s) 'example_subdag_operator.section-1', 'example_subdag_operator.section-2', 'example_subdag_operator' retrieved from /Users/manideepakreddyaila/Desktop/projects/Legal_Insights_Engine/.venv/lib/python3.11/site-packages/airflow/example_dags/example_subdag_operator.py
[2024-04-13T15:03:05.655-0400] {logging_mixin.py:188} INFO - [2024-04-13T15:03:05.655-0400] {dag.py:3096} INFO - Sync 3 DAGs
[2024-04-13T15:03:05.660-0400] {logging_mixin.py:188} INFO - [2024-04-13T15:03:05.660-0400] {dag.py:3954} INFO - Setting next_dagrun for example_subdag_operator to 2022-01-01 00:00:00+00:00, run_after=2022-01-01 00:00:00+00:00
[2024-04-13T15:03:05.661-0400] {logging_mixin.py:188} INFO - [2024-04-13T15:03:05.661-0400] {dag.py:3954} INFO - Setting next_dagrun for example_subdag_operator.section-1 to None, run_after=None
[2024-04-13T15:03:05.661-0400] {logging_mixin.py:188} INFO - [2024-04-13T15:03:05.661-0400] {dag.py:3954} INFO - Setting next_dagrun for example_subdag_operator.section-2 to None, run_after=None
[2024-04-13T15:03:05.663-0400] {logging_mixin.py:188} INFO - [2024-04-13T15:03:05.663-0400] {dag.py:3096} INFO - Sync 2 DAGs
[2024-04-13T15:03:05.665-0400] {logging_mixin.py:188} INFO - [2024-04-13T15:03:05.664-0400] {dag.py:3954} INFO - Setting next_dagrun for example_subdag_operator.section-1 to None, run_after=None
[2024-04-13T15:03:05.665-0400] {logging_mixin.py:188} INFO - [2024-04-13T15:03:05.665-0400] {dag.py:3954} INFO - Setting next_dagrun for example_subdag_operator.section-2 to None, run_after=None
[2024-04-13T15:03:05.669-0400] {processor.py:183} INFO - Processing /Users/manideepakreddyaila/Desktop/projects/Legal_Insights_Engine/.venv/lib/python3.11/site-packages/airflow/example_dags/example_subdag_operator.py took 0.096 seconds
[2024-04-13T15:05:05.650-0400] {processor.py:161} INFO - Started process (PID=30337) to work on /Users/manideepakreddyaila/Desktop/projects/Legal_Insights_Engine/.venv/lib/python3.11/site-packages/airflow/example_dags/example_subdag_operator.py
[2024-04-13T15:05:05.651-0400] {processor.py:830} INFO - Processing file /Users/manideepakreddyaila/Desktop/projects/Legal_Insights_Engine/.venv/lib/python3.11/site-packages/airflow/example_dags/example_subdag_operator.py for tasks to queue
[2024-04-13T15:05:05.651-0400] {logging_mixin.py:188} INFO - [2024-04-13T15:05:05.651-0400] {dagbag.py:540} INFO - Filling up the DagBag from /Users/manideepakreddyaila/Desktop/projects/Legal_Insights_Engine/.venv/lib/python3.11/site-packages/airflow/example_dags/example_subdag_operator.py
[2024-04-13T15:05:05.711-0400] {processor.py:840} INFO - DAG(s) 'example_subdag_operator.section-1', 'example_subdag_operator.section-2', 'example_subdag_operator' retrieved from /Users/manideepakreddyaila/Desktop/projects/Legal_Insights_Engine/.venv/lib/python3.11/site-packages/airflow/example_dags/example_subdag_operator.py
[2024-04-13T15:05:05.731-0400] {logging_mixin.py:188} INFO - [2024-04-13T15:05:05.731-0400] {dag.py:3096} INFO - Sync 3 DAGs
[2024-04-13T15:05:05.737-0400] {logging_mixin.py:188} INFO - [2024-04-13T15:05:05.737-0400] {dag.py:3954} INFO - Setting next_dagrun for example_subdag_operator to 2022-01-01 00:00:00+00:00, run_after=2022-01-01 00:00:00+00:00
[2024-04-13T15:05:05.738-0400] {logging_mixin.py:188} INFO - [2024-04-13T15:05:05.738-0400] {dag.py:3954} INFO - Setting next_dagrun for example_subdag_operator.section-1 to None, run_after=None
[2024-04-13T15:05:05.738-0400] {logging_mixin.py:188} INFO - [2024-04-13T15:05:05.738-0400] {dag.py:3954} INFO - Setting next_dagrun for example_subdag_operator.section-2 to None, run_after=None
[2024-04-13T15:05:05.741-0400] {logging_mixin.py:188} INFO - [2024-04-13T15:05:05.740-0400] {dag.py:3096} INFO - Sync 2 DAGs
[2024-04-13T15:05:05.742-0400] {logging_mixin.py:188} INFO - [2024-04-13T15:05:05.742-0400] {dag.py:3954} INFO - Setting next_dagrun for example_subdag_operator.section-1 to None, run_after=None
[2024-04-13T15:05:05.742-0400] {logging_mixin.py:188} INFO - [2024-04-13T15:05:05.742-0400] {dag.py:3954} INFO - Setting next_dagrun for example_subdag_operator.section-2 to None, run_after=None
[2024-04-13T15:05:05.746-0400] {processor.py:183} INFO - Processing /Users/manideepakreddyaila/Desktop/projects/Legal_Insights_Engine/.venv/lib/python3.11/site-packages/airflow/example_dags/example_subdag_operator.py took 0.098 seconds
[2024-04-13T15:07:06.446-0400] {processor.py:161} INFO - Started process (PID=30488) to work on /Users/manideepakreddyaila/Desktop/projects/Legal_Insights_Engine/.venv/lib/python3.11/site-packages/airflow/example_dags/example_subdag_operator.py
[2024-04-13T15:07:06.447-0400] {processor.py:830} INFO - Processing file /Users/manideepakreddyaila/Desktop/projects/Legal_Insights_Engine/.venv/lib/python3.11/site-packages/airflow/example_dags/example_subdag_operator.py for tasks to queue
[2024-04-13T15:07:06.447-0400] {logging_mixin.py:188} INFO - [2024-04-13T15:07:06.447-0400] {dagbag.py:540} INFO - Filling up the DagBag from /Users/manideepakreddyaila/Desktop/projects/Legal_Insights_Engine/.venv/lib/python3.11/site-packages/airflow/example_dags/example_subdag_operator.py
[2024-04-13T15:07:06.503-0400] {processor.py:840} INFO - DAG(s) 'example_subdag_operator.section-1', 'example_subdag_operator.section-2', 'example_subdag_operator' retrieved from /Users/manideepakreddyaila/Desktop/projects/Legal_Insights_Engine/.venv/lib/python3.11/site-packages/airflow/example_dags/example_subdag_operator.py
[2024-04-13T15:07:06.521-0400] {logging_mixin.py:188} INFO - [2024-04-13T15:07:06.521-0400] {dag.py:3096} INFO - Sync 3 DAGs
[2024-04-13T15:07:06.526-0400] {logging_mixin.py:188} INFO - [2024-04-13T15:07:06.526-0400] {dag.py:3954} INFO - Setting next_dagrun for example_subdag_operator to 2022-01-01 00:00:00+00:00, run_after=2022-01-01 00:00:00+00:00
[2024-04-13T15:07:06.527-0400] {logging_mixin.py:188} INFO - [2024-04-13T15:07:06.527-0400] {dag.py:3954} INFO - Setting next_dagrun for example_subdag_operator.section-1 to None, run_after=None
[2024-04-13T15:07:06.528-0400] {logging_mixin.py:188} INFO - [2024-04-13T15:07:06.527-0400] {dag.py:3954} INFO - Setting next_dagrun for example_subdag_operator.section-2 to None, run_after=None
[2024-04-13T15:07:06.529-0400] {logging_mixin.py:188} INFO - [2024-04-13T15:07:06.529-0400] {dag.py:3096} INFO - Sync 2 DAGs
[2024-04-13T15:07:06.530-0400] {logging_mixin.py:188} INFO - [2024-04-13T15:07:06.530-0400] {dag.py:3954} INFO - Setting next_dagrun for example_subdag_operator.section-1 to None, run_after=None
[2024-04-13T15:07:06.531-0400] {logging_mixin.py:188} INFO - [2024-04-13T15:07:06.531-0400] {dag.py:3954} INFO - Setting next_dagrun for example_subdag_operator.section-2 to None, run_after=None
[2024-04-13T15:07:06.535-0400] {processor.py:183} INFO - Processing /Users/manideepakreddyaila/Desktop/projects/Legal_Insights_Engine/.venv/lib/python3.11/site-packages/airflow/example_dags/example_subdag_operator.py took 0.090 seconds
[2024-04-13T15:14:21.139-0400] {processor.py:161} INFO - Started process (PID=30711) to work on /Users/manideepakreddyaila/Desktop/projects/Legal_Insights_Engine/.venv/lib/python3.11/site-packages/airflow/example_dags/example_subdag_operator.py
[2024-04-13T15:14:21.140-0400] {processor.py:830} INFO - Processing file /Users/manideepakreddyaila/Desktop/projects/Legal_Insights_Engine/.venv/lib/python3.11/site-packages/airflow/example_dags/example_subdag_operator.py for tasks to queue
[2024-04-13T15:14:21.141-0400] {logging_mixin.py:188} INFO - [2024-04-13T15:14:21.140-0400] {dagbag.py:540} INFO - Filling up the DagBag from /Users/manideepakreddyaila/Desktop/projects/Legal_Insights_Engine/.venv/lib/python3.11/site-packages/airflow/example_dags/example_subdag_operator.py
[2024-04-13T15:14:21.207-0400] {processor.py:840} INFO - DAG(s) 'example_subdag_operator.section-1', 'example_subdag_operator.section-2', 'example_subdag_operator' retrieved from /Users/manideepakreddyaila/Desktop/projects/Legal_Insights_Engine/.venv/lib/python3.11/site-packages/airflow/example_dags/example_subdag_operator.py
[2024-04-13T15:14:21.231-0400] {logging_mixin.py:188} INFO - [2024-04-13T15:14:21.231-0400] {dag.py:3096} INFO - Sync 3 DAGs
[2024-04-13T15:14:21.236-0400] {logging_mixin.py:188} INFO - [2024-04-13T15:14:21.236-0400] {dag.py:3954} INFO - Setting next_dagrun for example_subdag_operator to 2022-01-01 00:00:00+00:00, run_after=2022-01-01 00:00:00+00:00
[2024-04-13T15:14:21.237-0400] {logging_mixin.py:188} INFO - [2024-04-13T15:14:21.237-0400] {dag.py:3954} INFO - Setting next_dagrun for example_subdag_operator.section-1 to None, run_after=None
[2024-04-13T15:14:21.238-0400] {logging_mixin.py:188} INFO - [2024-04-13T15:14:21.238-0400] {dag.py:3954} INFO - Setting next_dagrun for example_subdag_operator.section-2 to None, run_after=None
[2024-04-13T15:14:21.240-0400] {logging_mixin.py:188} INFO - [2024-04-13T15:14:21.240-0400] {dag.py:3096} INFO - Sync 2 DAGs
[2024-04-13T15:14:21.241-0400] {logging_mixin.py:188} INFO - [2024-04-13T15:14:21.241-0400] {dag.py:3954} INFO - Setting next_dagrun for example_subdag_operator.section-1 to None, run_after=None
[2024-04-13T15:14:21.241-0400] {logging_mixin.py:188} INFO - [2024-04-13T15:14:21.241-0400] {dag.py:3954} INFO - Setting next_dagrun for example_subdag_operator.section-2 to None, run_after=None
[2024-04-13T15:14:21.245-0400] {processor.py:183} INFO - Processing /Users/manideepakreddyaila/Desktop/projects/Legal_Insights_Engine/.venv/lib/python3.11/site-packages/airflow/example_dags/example_subdag_operator.py took 0.108 seconds
[2024-04-13T15:15:21.783-0400] {processor.py:161} INFO - Started process (PID=30778) to work on /Users/manideepakreddyaila/Desktop/projects/Legal_Insights_Engine/.venv/lib/python3.11/site-packages/airflow/example_dags/example_subdag_operator.py
[2024-04-13T15:15:21.784-0400] {processor.py:830} INFO - Processing file /Users/manideepakreddyaila/Desktop/projects/Legal_Insights_Engine/.venv/lib/python3.11/site-packages/airflow/example_dags/example_subdag_operator.py for tasks to queue
[2024-04-13T15:15:21.784-0400] {logging_mixin.py:188} INFO - [2024-04-13T15:15:21.784-0400] {dagbag.py:540} INFO - Filling up the DagBag from /Users/manideepakreddyaila/Desktop/projects/Legal_Insights_Engine/.venv/lib/python3.11/site-packages/airflow/example_dags/example_subdag_operator.py
[2024-04-13T15:15:21.841-0400] {processor.py:840} INFO - DAG(s) 'example_subdag_operator.section-1', 'example_subdag_operator.section-2', 'example_subdag_operator' retrieved from /Users/manideepakreddyaila/Desktop/projects/Legal_Insights_Engine/.venv/lib/python3.11/site-packages/airflow/example_dags/example_subdag_operator.py
[2024-04-13T15:15:21.858-0400] {logging_mixin.py:188} INFO - [2024-04-13T15:15:21.858-0400] {dag.py:3096} INFO - Sync 3 DAGs
[2024-04-13T15:15:21.863-0400] {logging_mixin.py:188} INFO - [2024-04-13T15:15:21.863-0400] {dag.py:3954} INFO - Setting next_dagrun for example_subdag_operator to 2022-01-01 00:00:00+00:00, run_after=2022-01-01 00:00:00+00:00
[2024-04-13T15:15:21.864-0400] {logging_mixin.py:188} INFO - [2024-04-13T15:15:21.864-0400] {dag.py:3954} INFO - Setting next_dagrun for example_subdag_operator.section-1 to None, run_after=None
[2024-04-13T15:15:21.865-0400] {logging_mixin.py:188} INFO - [2024-04-13T15:15:21.865-0400] {dag.py:3954} INFO - Setting next_dagrun for example_subdag_operator.section-2 to None, run_after=None
[2024-04-13T15:15:21.867-0400] {logging_mixin.py:188} INFO - [2024-04-13T15:15:21.867-0400] {dag.py:3096} INFO - Sync 2 DAGs
[2024-04-13T15:15:21.868-0400] {logging_mixin.py:188} INFO - [2024-04-13T15:15:21.868-0400] {dag.py:3954} INFO - Setting next_dagrun for example_subdag_operator.section-1 to None, run_after=None
[2024-04-13T15:15:21.868-0400] {logging_mixin.py:188} INFO - [2024-04-13T15:15:21.868-0400] {dag.py:3954} INFO - Setting next_dagrun for example_subdag_operator.section-2 to None, run_after=None
[2024-04-13T15:15:21.872-0400] {processor.py:183} INFO - Processing /Users/manideepakreddyaila/Desktop/projects/Legal_Insights_Engine/.venv/lib/python3.11/site-packages/airflow/example_dags/example_subdag_operator.py took 0.089 seconds
[2024-04-13T15:17:35.185-0400] {processor.py:161} INFO - Started process (PID=30881) to work on /Users/manideepakreddyaila/Desktop/projects/Legal_Insights_Engine/.venv/lib/python3.11/site-packages/airflow/example_dags/example_subdag_operator.py
[2024-04-13T15:17:35.186-0400] {processor.py:830} INFO - Processing file /Users/manideepakreddyaila/Desktop/projects/Legal_Insights_Engine/.venv/lib/python3.11/site-packages/airflow/example_dags/example_subdag_operator.py for tasks to queue
[2024-04-13T15:17:35.186-0400] {logging_mixin.py:188} INFO - [2024-04-13T15:17:35.186-0400] {dagbag.py:540} INFO - Filling up the DagBag from /Users/manideepakreddyaila/Desktop/projects/Legal_Insights_Engine/.venv/lib/python3.11/site-packages/airflow/example_dags/example_subdag_operator.py
[2024-04-13T15:17:35.251-0400] {processor.py:840} INFO - DAG(s) 'example_subdag_operator.section-1', 'example_subdag_operator.section-2', 'example_subdag_operator' retrieved from /Users/manideepakreddyaila/Desktop/projects/Legal_Insights_Engine/.venv/lib/python3.11/site-packages/airflow/example_dags/example_subdag_operator.py
[2024-04-13T15:17:35.273-0400] {logging_mixin.py:188} INFO - [2024-04-13T15:17:35.273-0400] {dag.py:3096} INFO - Sync 3 DAGs
[2024-04-13T15:17:35.281-0400] {logging_mixin.py:188} INFO - [2024-04-13T15:17:35.281-0400] {dag.py:3954} INFO - Setting next_dagrun for example_subdag_operator to 2022-01-01 00:00:00+00:00, run_after=2022-01-01 00:00:00+00:00
[2024-04-13T15:17:35.282-0400] {logging_mixin.py:188} INFO - [2024-04-13T15:17:35.282-0400] {dag.py:3954} INFO - Setting next_dagrun for example_subdag_operator.section-1 to None, run_after=None
[2024-04-13T15:17:35.282-0400] {logging_mixin.py:188} INFO - [2024-04-13T15:17:35.282-0400] {dag.py:3954} INFO - Setting next_dagrun for example_subdag_operator.section-2 to None, run_after=None
[2024-04-13T15:17:35.285-0400] {logging_mixin.py:188} INFO - [2024-04-13T15:17:35.285-0400] {dag.py:3096} INFO - Sync 2 DAGs
[2024-04-13T15:17:35.286-0400] {logging_mixin.py:188} INFO - [2024-04-13T15:17:35.286-0400] {dag.py:3954} INFO - Setting next_dagrun for example_subdag_operator.section-1 to None, run_after=None
[2024-04-13T15:17:35.286-0400] {logging_mixin.py:188} INFO - [2024-04-13T15:17:35.286-0400] {dag.py:3954} INFO - Setting next_dagrun for example_subdag_operator.section-2 to None, run_after=None
[2024-04-13T15:17:35.291-0400] {processor.py:183} INFO - Processing /Users/manideepakreddyaila/Desktop/projects/Legal_Insights_Engine/.venv/lib/python3.11/site-packages/airflow/example_dags/example_subdag_operator.py took 0.109 seconds
[2024-04-13T15:25:55.421-0400] {processor.py:161} INFO - Started process (PID=31002) to work on /Users/manideepakreddyaila/Desktop/projects/Legal_Insights_Engine/.venv/lib/python3.11/site-packages/airflow/example_dags/example_subdag_operator.py
[2024-04-13T15:25:55.422-0400] {processor.py:830} INFO - Processing file /Users/manideepakreddyaila/Desktop/projects/Legal_Insights_Engine/.venv/lib/python3.11/site-packages/airflow/example_dags/example_subdag_operator.py for tasks to queue
[2024-04-13T15:25:55.422-0400] {logging_mixin.py:188} INFO - [2024-04-13T15:25:55.422-0400] {dagbag.py:540} INFO - Filling up the DagBag from /Users/manideepakreddyaila/Desktop/projects/Legal_Insights_Engine/.venv/lib/python3.11/site-packages/airflow/example_dags/example_subdag_operator.py
[2024-04-13T15:25:55.478-0400] {processor.py:840} INFO - DAG(s) 'example_subdag_operator.section-1', 'example_subdag_operator.section-2', 'example_subdag_operator' retrieved from /Users/manideepakreddyaila/Desktop/projects/Legal_Insights_Engine/.venv/lib/python3.11/site-packages/airflow/example_dags/example_subdag_operator.py
[2024-04-13T15:25:55.497-0400] {logging_mixin.py:188} INFO - [2024-04-13T15:25:55.497-0400] {dag.py:3096} INFO - Sync 3 DAGs
[2024-04-13T15:25:55.502-0400] {logging_mixin.py:188} INFO - [2024-04-13T15:25:55.502-0400] {dag.py:3954} INFO - Setting next_dagrun for example_subdag_operator to 2022-01-01 00:00:00+00:00, run_after=2022-01-01 00:00:00+00:00
[2024-04-13T15:25:55.503-0400] {logging_mixin.py:188} INFO - [2024-04-13T15:25:55.503-0400] {dag.py:3954} INFO - Setting next_dagrun for example_subdag_operator.section-1 to None, run_after=None
[2024-04-13T15:25:55.504-0400] {logging_mixin.py:188} INFO - [2024-04-13T15:25:55.504-0400] {dag.py:3954} INFO - Setting next_dagrun for example_subdag_operator.section-2 to None, run_after=None
[2024-04-13T15:25:55.506-0400] {logging_mixin.py:188} INFO - [2024-04-13T15:25:55.506-0400] {dag.py:3096} INFO - Sync 2 DAGs
[2024-04-13T15:25:55.507-0400] {logging_mixin.py:188} INFO - [2024-04-13T15:25:55.507-0400] {dag.py:3954} INFO - Setting next_dagrun for example_subdag_operator.section-1 to None, run_after=None
[2024-04-13T15:25:55.507-0400] {logging_mixin.py:188} INFO - [2024-04-13T15:25:55.507-0400] {dag.py:3954} INFO - Setting next_dagrun for example_subdag_operator.section-2 to None, run_after=None
[2024-04-13T15:25:55.511-0400] {processor.py:183} INFO - Processing /Users/manideepakreddyaila/Desktop/projects/Legal_Insights_Engine/.venv/lib/python3.11/site-packages/airflow/example_dags/example_subdag_operator.py took 0.091 seconds
[2024-04-13T17:50:57.988-0400] {processor.py:161} INFO - Started process (PID=31174) to work on /Users/manideepakreddyaila/Desktop/projects/Legal_Insights_Engine/.venv/lib/python3.11/site-packages/airflow/example_dags/example_subdag_operator.py
[2024-04-13T17:50:57.989-0400] {processor.py:830} INFO - Processing file /Users/manideepakreddyaila/Desktop/projects/Legal_Insights_Engine/.venv/lib/python3.11/site-packages/airflow/example_dags/example_subdag_operator.py for tasks to queue
[2024-04-13T17:50:57.989-0400] {logging_mixin.py:188} INFO - [2024-04-13T17:50:57.989-0400] {dagbag.py:540} INFO - Filling up the DagBag from /Users/manideepakreddyaila/Desktop/projects/Legal_Insights_Engine/.venv/lib/python3.11/site-packages/airflow/example_dags/example_subdag_operator.py
[2024-04-13T17:50:58.044-0400] {processor.py:840} INFO - DAG(s) 'example_subdag_operator.section-1', 'example_subdag_operator.section-2', 'example_subdag_operator' retrieved from /Users/manideepakreddyaila/Desktop/projects/Legal_Insights_Engine/.venv/lib/python3.11/site-packages/airflow/example_dags/example_subdag_operator.py
[2024-04-13T17:50:58.061-0400] {logging_mixin.py:188} INFO - [2024-04-13T17:50:58.061-0400] {dag.py:3096} INFO - Sync 3 DAGs
[2024-04-13T17:50:58.066-0400] {logging_mixin.py:188} INFO - [2024-04-13T17:50:58.066-0400] {dag.py:3954} INFO - Setting next_dagrun for example_subdag_operator to 2022-01-01 00:00:00+00:00, run_after=2022-01-01 00:00:00+00:00
[2024-04-13T17:50:58.067-0400] {logging_mixin.py:188} INFO - [2024-04-13T17:50:58.067-0400] {dag.py:3954} INFO - Setting next_dagrun for example_subdag_operator.section-1 to None, run_after=None
[2024-04-13T17:50:58.068-0400] {logging_mixin.py:188} INFO - [2024-04-13T17:50:58.068-0400] {dag.py:3954} INFO - Setting next_dagrun for example_subdag_operator.section-2 to None, run_after=None
[2024-04-13T17:50:58.069-0400] {logging_mixin.py:188} INFO - [2024-04-13T17:50:58.069-0400] {dag.py:3096} INFO - Sync 2 DAGs
[2024-04-13T17:50:58.071-0400] {logging_mixin.py:188} INFO - [2024-04-13T17:50:58.071-0400] {dag.py:3954} INFO - Setting next_dagrun for example_subdag_operator.section-1 to None, run_after=None
[2024-04-13T17:50:58.071-0400] {logging_mixin.py:188} INFO - [2024-04-13T17:50:58.071-0400] {dag.py:3954} INFO - Setting next_dagrun for example_subdag_operator.section-2 to None, run_after=None
[2024-04-13T17:50:58.074-0400] {processor.py:183} INFO - Processing /Users/manideepakreddyaila/Desktop/projects/Legal_Insights_Engine/.venv/lib/python3.11/site-packages/airflow/example_dags/example_subdag_operator.py took 0.087 seconds
[2024-04-13T18:17:59.954-0400] {processor.py:161} INFO - Started process (PID=31311) to work on /Users/manideepakreddyaila/Desktop/projects/Legal_Insights_Engine/.venv/lib/python3.11/site-packages/airflow/example_dags/example_subdag_operator.py
[2024-04-13T18:17:59.955-0400] {processor.py:830} INFO - Processing file /Users/manideepakreddyaila/Desktop/projects/Legal_Insights_Engine/.venv/lib/python3.11/site-packages/airflow/example_dags/example_subdag_operator.py for tasks to queue
[2024-04-13T18:17:59.955-0400] {logging_mixin.py:188} INFO - [2024-04-13T18:17:59.955-0400] {dagbag.py:540} INFO - Filling up the DagBag from /Users/manideepakreddyaila/Desktop/projects/Legal_Insights_Engine/.venv/lib/python3.11/site-packages/airflow/example_dags/example_subdag_operator.py
[2024-04-13T18:18:00.012-0400] {processor.py:840} INFO - DAG(s) 'example_subdag_operator.section-1', 'example_subdag_operator.section-2', 'example_subdag_operator' retrieved from /Users/manideepakreddyaila/Desktop/projects/Legal_Insights_Engine/.venv/lib/python3.11/site-packages/airflow/example_dags/example_subdag_operator.py
[2024-04-13T18:18:00.030-0400] {logging_mixin.py:188} INFO - [2024-04-13T18:18:00.030-0400] {dag.py:3096} INFO - Sync 3 DAGs
[2024-04-13T18:18:00.036-0400] {logging_mixin.py:188} INFO - [2024-04-13T18:18:00.035-0400] {dag.py:3954} INFO - Setting next_dagrun for example_subdag_operator to 2022-01-01 00:00:00+00:00, run_after=2022-01-01 00:00:00+00:00
[2024-04-13T18:18:00.037-0400] {logging_mixin.py:188} INFO - [2024-04-13T18:18:00.036-0400] {dag.py:3954} INFO - Setting next_dagrun for example_subdag_operator.section-1 to None, run_after=None
[2024-04-13T18:18:00.037-0400] {logging_mixin.py:188} INFO - [2024-04-13T18:18:00.037-0400] {dag.py:3954} INFO - Setting next_dagrun for example_subdag_operator.section-2 to None, run_after=None
[2024-04-13T18:18:00.039-0400] {logging_mixin.py:188} INFO - [2024-04-13T18:18:00.039-0400] {dag.py:3096} INFO - Sync 2 DAGs
[2024-04-13T18:18:00.040-0400] {logging_mixin.py:188} INFO - [2024-04-13T18:18:00.040-0400] {dag.py:3954} INFO - Setting next_dagrun for example_subdag_operator.section-1 to None, run_after=None
[2024-04-13T18:18:00.040-0400] {logging_mixin.py:188} INFO - [2024-04-13T18:18:00.040-0400] {dag.py:3954} INFO - Setting next_dagrun for example_subdag_operator.section-2 to None, run_after=None
[2024-04-13T18:18:00.044-0400] {processor.py:183} INFO - Processing /Users/manideepakreddyaila/Desktop/projects/Legal_Insights_Engine/.venv/lib/python3.11/site-packages/airflow/example_dags/example_subdag_operator.py took 0.091 seconds
[2024-04-13T18:58:39.485-0400] {processor.py:161} INFO - Started process (PID=31443) to work on /Users/manideepakreddyaila/Desktop/projects/Legal_Insights_Engine/.venv/lib/python3.11/site-packages/airflow/example_dags/example_subdag_operator.py
[2024-04-13T18:58:39.486-0400] {processor.py:830} INFO - Processing file /Users/manideepakreddyaila/Desktop/projects/Legal_Insights_Engine/.venv/lib/python3.11/site-packages/airflow/example_dags/example_subdag_operator.py for tasks to queue
[2024-04-13T18:58:39.486-0400] {logging_mixin.py:188} INFO - [2024-04-13T18:58:39.486-0400] {dagbag.py:540} INFO - Filling up the DagBag from /Users/manideepakreddyaila/Desktop/projects/Legal_Insights_Engine/.venv/lib/python3.11/site-packages/airflow/example_dags/example_subdag_operator.py
[2024-04-13T18:58:39.544-0400] {processor.py:840} INFO - DAG(s) 'example_subdag_operator.section-1', 'example_subdag_operator.section-2', 'example_subdag_operator' retrieved from /Users/manideepakreddyaila/Desktop/projects/Legal_Insights_Engine/.venv/lib/python3.11/site-packages/airflow/example_dags/example_subdag_operator.py
[2024-04-13T18:58:39.563-0400] {logging_mixin.py:188} INFO - [2024-04-13T18:58:39.562-0400] {dag.py:3096} INFO - Sync 3 DAGs
[2024-04-13T18:58:39.568-0400] {logging_mixin.py:188} INFO - [2024-04-13T18:58:39.568-0400] {dag.py:3954} INFO - Setting next_dagrun for example_subdag_operator to 2022-01-01 00:00:00+00:00, run_after=2022-01-01 00:00:00+00:00
[2024-04-13T18:58:39.569-0400] {logging_mixin.py:188} INFO - [2024-04-13T18:58:39.569-0400] {dag.py:3954} INFO - Setting next_dagrun for example_subdag_operator.section-1 to None, run_after=None
[2024-04-13T18:58:39.570-0400] {logging_mixin.py:188} INFO - [2024-04-13T18:58:39.570-0400] {dag.py:3954} INFO - Setting next_dagrun for example_subdag_operator.section-2 to None, run_after=None
[2024-04-13T18:58:39.572-0400] {logging_mixin.py:188} INFO - [2024-04-13T18:58:39.572-0400] {dag.py:3096} INFO - Sync 2 DAGs
[2024-04-13T18:58:39.573-0400] {logging_mixin.py:188} INFO - [2024-04-13T18:58:39.573-0400] {dag.py:3954} INFO - Setting next_dagrun for example_subdag_operator.section-1 to None, run_after=None
[2024-04-13T18:58:39.573-0400] {logging_mixin.py:188} INFO - [2024-04-13T18:58:39.573-0400] {dag.py:3954} INFO - Setting next_dagrun for example_subdag_operator.section-2 to None, run_after=None
[2024-04-13T18:58:39.577-0400] {processor.py:183} INFO - Processing /Users/manideepakreddyaila/Desktop/projects/Legal_Insights_Engine/.venv/lib/python3.11/site-packages/airflow/example_dags/example_subdag_operator.py took 0.093 seconds
[2024-04-13T19:09:54.609-0400] {processor.py:161} INFO - Started process (PID=31539) to work on /Users/manideepakreddyaila/Desktop/projects/Legal_Insights_Engine/.venv/lib/python3.11/site-packages/airflow/example_dags/example_subdag_operator.py
[2024-04-13T19:09:54.610-0400] {processor.py:830} INFO - Processing file /Users/manideepakreddyaila/Desktop/projects/Legal_Insights_Engine/.venv/lib/python3.11/site-packages/airflow/example_dags/example_subdag_operator.py for tasks to queue
[2024-04-13T19:09:54.610-0400] {logging_mixin.py:188} INFO - [2024-04-13T19:09:54.610-0400] {dagbag.py:540} INFO - Filling up the DagBag from /Users/manideepakreddyaila/Desktop/projects/Legal_Insights_Engine/.venv/lib/python3.11/site-packages/airflow/example_dags/example_subdag_operator.py
[2024-04-13T19:09:54.665-0400] {processor.py:840} INFO - DAG(s) 'example_subdag_operator.section-1', 'example_subdag_operator.section-2', 'example_subdag_operator' retrieved from /Users/manideepakreddyaila/Desktop/projects/Legal_Insights_Engine/.venv/lib/python3.11/site-packages/airflow/example_dags/example_subdag_operator.py
[2024-04-13T19:09:54.682-0400] {logging_mixin.py:188} INFO - [2024-04-13T19:09:54.682-0400] {dag.py:3096} INFO - Sync 3 DAGs
[2024-04-13T19:09:54.688-0400] {logging_mixin.py:188} INFO - [2024-04-13T19:09:54.688-0400] {dag.py:3954} INFO - Setting next_dagrun for example_subdag_operator to 2022-01-01 00:00:00+00:00, run_after=2022-01-01 00:00:00+00:00
[2024-04-13T19:09:54.689-0400] {logging_mixin.py:188} INFO - [2024-04-13T19:09:54.689-0400] {dag.py:3954} INFO - Setting next_dagrun for example_subdag_operator.section-1 to None, run_after=None
[2024-04-13T19:09:54.689-0400] {logging_mixin.py:188} INFO - [2024-04-13T19:09:54.689-0400] {dag.py:3954} INFO - Setting next_dagrun for example_subdag_operator.section-2 to None, run_after=None
[2024-04-13T19:09:54.691-0400] {logging_mixin.py:188} INFO - [2024-04-13T19:09:54.691-0400] {dag.py:3096} INFO - Sync 2 DAGs
[2024-04-13T19:09:54.692-0400] {logging_mixin.py:188} INFO - [2024-04-13T19:09:54.692-0400] {dag.py:3954} INFO - Setting next_dagrun for example_subdag_operator.section-1 to None, run_after=None
[2024-04-13T19:09:54.692-0400] {logging_mixin.py:188} INFO - [2024-04-13T19:09:54.692-0400] {dag.py:3954} INFO - Setting next_dagrun for example_subdag_operator.section-2 to None, run_after=None
[2024-04-13T19:09:54.696-0400] {processor.py:183} INFO - Processing /Users/manideepakreddyaila/Desktop/projects/Legal_Insights_Engine/.venv/lib/python3.11/site-packages/airflow/example_dags/example_subdag_operator.py took 0.088 seconds
