[2024-04-13T14:57:59.173-0400] {processor.py:161} INFO - Started process (PID=29953) to work on /Users/manideepakreddyaila/Desktop/projects/Legal_Insights_Engine/.venv/lib/python3.11/site-packages/airflow/example_dags/example_python_operator.py
[2024-04-13T14:57:59.173-0400] {processor.py:830} INFO - Processing file /Users/manideepakreddyaila/Desktop/projects/Legal_Insights_Engine/.venv/lib/python3.11/site-packages/airflow/example_dags/example_python_operator.py for tasks to queue
[2024-04-13T14:57:59.173-0400] {logging_mixin.py:188} INFO - [2024-04-13T14:57:59.173-0400] {dagbag.py:540} INFO - Filling up the DagBag from /Users/manideepakreddyaila/Desktop/projects/Legal_Insights_Engine/.venv/lib/python3.11/site-packages/airflow/example_dags/example_python_operator.py
[2024-04-13T14:57:59.210-0400] {logging_mixin.py:188} INFO - [2024-04-13T14:57:59.210-0400] {example_python_operator.py:93} WARNING - The virtalenv_python example task requires virtualenv, please install it.
[2024-04-13T14:57:59.211-0400] {processor.py:840} INFO - DAG(s) 'example_python_operator' retrieved from /Users/manideepakreddyaila/Desktop/projects/Legal_Insights_Engine/.venv/lib/python3.11/site-packages/airflow/example_dags/example_python_operator.py
[2024-04-13T14:57:59.277-0400] {logging_mixin.py:188} INFO - [2024-04-13T14:57:59.276-0400] {override.py:1829} INFO - Created Permission View: can read on DAG:example_python_operator
[2024-04-13T14:57:59.279-0400] {logging_mixin.py:188} INFO - [2024-04-13T14:57:59.279-0400] {override.py:1829} INFO - Created Permission View: can edit on DAG:example_python_operator
[2024-04-13T14:57:59.283-0400] {logging_mixin.py:188} INFO - [2024-04-13T14:57:59.283-0400] {override.py:1829} INFO - Created Permission View: can delete on DAG:example_python_operator
[2024-04-13T14:57:59.284-0400] {logging_mixin.py:188} INFO - [2024-04-13T14:57:59.283-0400] {dag.py:3096} INFO - Sync 1 DAGs
[2024-04-13T14:57:59.287-0400] {logging_mixin.py:188} INFO - [2024-04-13T14:57:59.287-0400] {dag.py:3118} INFO - Creating ORM DAG for example_python_operator
[2024-04-13T14:57:59.287-0400] {logging_mixin.py:188} INFO - [2024-04-13T14:57:59.287-0400] {dag.py:3954} INFO - Setting next_dagrun for example_python_operator to None, run_after=None
[2024-04-13T14:57:59.295-0400] {processor.py:183} INFO - Processing /Users/manideepakreddyaila/Desktop/projects/Legal_Insights_Engine/.venv/lib/python3.11/site-packages/airflow/example_dags/example_python_operator.py took 0.124 seconds
[2024-04-13T14:59:27.717-0400] {processor.py:161} INFO - Started process (PID=30047) to work on /Users/manideepakreddyaila/Desktop/projects/Legal_Insights_Engine/.venv/lib/python3.11/site-packages/airflow/example_dags/example_python_operator.py
[2024-04-13T14:59:27.717-0400] {processor.py:830} INFO - Processing file /Users/manideepakreddyaila/Desktop/projects/Legal_Insights_Engine/.venv/lib/python3.11/site-packages/airflow/example_dags/example_python_operator.py for tasks to queue
[2024-04-13T14:59:27.717-0400] {logging_mixin.py:188} INFO - [2024-04-13T14:59:27.717-0400] {dagbag.py:540} INFO - Filling up the DagBag from /Users/manideepakreddyaila/Desktop/projects/Legal_Insights_Engine/.venv/lib/python3.11/site-packages/airflow/example_dags/example_python_operator.py
[2024-04-13T14:59:27.751-0400] {logging_mixin.py:188} INFO - [2024-04-13T14:59:27.751-0400] {example_python_operator.py:93} WARNING - The virtalenv_python example task requires virtualenv, please install it.
[2024-04-13T14:59:27.752-0400] {processor.py:840} INFO - DAG(s) 'example_python_operator' retrieved from /Users/manideepakreddyaila/Desktop/projects/Legal_Insights_Engine/.venv/lib/python3.11/site-packages/airflow/example_dags/example_python_operator.py
[2024-04-13T14:59:27.787-0400] {logging_mixin.py:188} INFO - [2024-04-13T14:59:27.786-0400] {dag.py:3096} INFO - Sync 1 DAGs
[2024-04-13T14:59:27.790-0400] {logging_mixin.py:188} INFO - [2024-04-13T14:59:27.789-0400] {dag.py:3954} INFO - Setting next_dagrun for example_python_operator to None, run_after=None
[2024-04-13T14:59:27.796-0400] {processor.py:183} INFO - Processing /Users/manideepakreddyaila/Desktop/projects/Legal_Insights_Engine/.venv/lib/python3.11/site-packages/airflow/example_dags/example_python_operator.py took 0.080 seconds
[2024-04-13T15:01:25.658-0400] {processor.py:161} INFO - Started process (PID=30155) to work on /Users/manideepakreddyaila/Desktop/projects/Legal_Insights_Engine/.venv/lib/python3.11/site-packages/airflow/example_dags/example_python_operator.py
[2024-04-13T15:01:25.659-0400] {processor.py:830} INFO - Processing file /Users/manideepakreddyaila/Desktop/projects/Legal_Insights_Engine/.venv/lib/python3.11/site-packages/airflow/example_dags/example_python_operator.py for tasks to queue
[2024-04-13T15:01:25.660-0400] {logging_mixin.py:188} INFO - [2024-04-13T15:01:25.660-0400] {dagbag.py:540} INFO - Filling up the DagBag from /Users/manideepakreddyaila/Desktop/projects/Legal_Insights_Engine/.venv/lib/python3.11/site-packages/airflow/example_dags/example_python_operator.py
[2024-04-13T15:01:25.695-0400] {logging_mixin.py:188} INFO - [2024-04-13T15:01:25.695-0400] {example_python_operator.py:93} WARNING - The virtalenv_python example task requires virtualenv, please install it.
[2024-04-13T15:01:25.696-0400] {processor.py:840} INFO - DAG(s) 'example_python_operator' retrieved from /Users/manideepakreddyaila/Desktop/projects/Legal_Insights_Engine/.venv/lib/python3.11/site-packages/airflow/example_dags/example_python_operator.py
[2024-04-13T15:01:25.734-0400] {logging_mixin.py:188} INFO - [2024-04-13T15:01:25.734-0400] {dag.py:3096} INFO - Sync 1 DAGs
[2024-04-13T15:01:25.737-0400] {logging_mixin.py:188} INFO - [2024-04-13T15:01:25.737-0400] {dag.py:3954} INFO - Setting next_dagrun for example_python_operator to None, run_after=None
[2024-04-13T15:01:25.744-0400] {processor.py:183} INFO - Processing /Users/manideepakreddyaila/Desktop/projects/Legal_Insights_Engine/.venv/lib/python3.11/site-packages/airflow/example_dags/example_python_operator.py took 0.087 seconds
[2024-04-13T15:03:20.983-0400] {processor.py:161} INFO - Started process (PID=30254) to work on /Users/manideepakreddyaila/Desktop/projects/Legal_Insights_Engine/.venv/lib/python3.11/site-packages/airflow/example_dags/example_python_operator.py
[2024-04-13T15:03:20.985-0400] {processor.py:830} INFO - Processing file /Users/manideepakreddyaila/Desktop/projects/Legal_Insights_Engine/.venv/lib/python3.11/site-packages/airflow/example_dags/example_python_operator.py for tasks to queue
[2024-04-13T15:03:20.985-0400] {logging_mixin.py:188} INFO - [2024-04-13T15:03:20.985-0400] {dagbag.py:540} INFO - Filling up the DagBag from /Users/manideepakreddyaila/Desktop/projects/Legal_Insights_Engine/.venv/lib/python3.11/site-packages/airflow/example_dags/example_python_operator.py
[2024-04-13T15:03:21.019-0400] {logging_mixin.py:188} INFO - [2024-04-13T15:03:21.019-0400] {example_python_operator.py:93} WARNING - The virtalenv_python example task requires virtualenv, please install it.
[2024-04-13T15:03:21.021-0400] {processor.py:840} INFO - DAG(s) 'example_python_operator' retrieved from /Users/manideepakreddyaila/Desktop/projects/Legal_Insights_Engine/.venv/lib/python3.11/site-packages/airflow/example_dags/example_python_operator.py
[2024-04-13T15:03:21.056-0400] {logging_mixin.py:188} INFO - [2024-04-13T15:03:21.056-0400] {dag.py:3096} INFO - Sync 1 DAGs
[2024-04-13T15:03:21.059-0400] {logging_mixin.py:188} INFO - [2024-04-13T15:03:21.059-0400] {dag.py:3954} INFO - Setting next_dagrun for example_python_operator to None, run_after=None
[2024-04-13T15:03:21.065-0400] {processor.py:183} INFO - Processing /Users/manideepakreddyaila/Desktop/projects/Legal_Insights_Engine/.venv/lib/python3.11/site-packages/airflow/example_dags/example_python_operator.py took 0.082 seconds
[2024-04-13T15:05:21.084-0400] {processor.py:161} INFO - Started process (PID=30371) to work on /Users/manideepakreddyaila/Desktop/projects/Legal_Insights_Engine/.venv/lib/python3.11/site-packages/airflow/example_dags/example_python_operator.py
[2024-04-13T15:05:21.084-0400] {processor.py:830} INFO - Processing file /Users/manideepakreddyaila/Desktop/projects/Legal_Insights_Engine/.venv/lib/python3.11/site-packages/airflow/example_dags/example_python_operator.py for tasks to queue
[2024-04-13T15:05:21.084-0400] {logging_mixin.py:188} INFO - [2024-04-13T15:05:21.084-0400] {dagbag.py:540} INFO - Filling up the DagBag from /Users/manideepakreddyaila/Desktop/projects/Legal_Insights_Engine/.venv/lib/python3.11/site-packages/airflow/example_dags/example_python_operator.py
[2024-04-13T15:05:21.120-0400] {logging_mixin.py:188} INFO - [2024-04-13T15:05:21.119-0400] {example_python_operator.py:93} WARNING - The virtalenv_python example task requires virtualenv, please install it.
[2024-04-13T15:05:21.121-0400] {processor.py:840} INFO - DAG(s) 'example_python_operator' retrieved from /Users/manideepakreddyaila/Desktop/projects/Legal_Insights_Engine/.venv/lib/python3.11/site-packages/airflow/example_dags/example_python_operator.py
[2024-04-13T15:05:21.156-0400] {logging_mixin.py:188} INFO - [2024-04-13T15:05:21.156-0400] {dag.py:3096} INFO - Sync 1 DAGs
[2024-04-13T15:05:21.159-0400] {logging_mixin.py:188} INFO - [2024-04-13T15:05:21.159-0400] {dag.py:3954} INFO - Setting next_dagrun for example_python_operator to None, run_after=None
[2024-04-13T15:05:21.166-0400] {processor.py:183} INFO - Processing /Users/manideepakreddyaila/Desktop/projects/Legal_Insights_Engine/.venv/lib/python3.11/site-packages/airflow/example_dags/example_python_operator.py took 0.084 seconds
[2024-04-13T15:07:22.014-0400] {processor.py:161} INFO - Started process (PID=30531) to work on /Users/manideepakreddyaila/Desktop/projects/Legal_Insights_Engine/.venv/lib/python3.11/site-packages/airflow/example_dags/example_python_operator.py
[2024-04-13T15:07:22.014-0400] {processor.py:830} INFO - Processing file /Users/manideepakreddyaila/Desktop/projects/Legal_Insights_Engine/.venv/lib/python3.11/site-packages/airflow/example_dags/example_python_operator.py for tasks to queue
[2024-04-13T15:07:22.015-0400] {logging_mixin.py:188} INFO - [2024-04-13T15:07:22.015-0400] {dagbag.py:540} INFO - Filling up the DagBag from /Users/manideepakreddyaila/Desktop/projects/Legal_Insights_Engine/.venv/lib/python3.11/site-packages/airflow/example_dags/example_python_operator.py
[2024-04-13T15:07:22.049-0400] {logging_mixin.py:188} INFO - [2024-04-13T15:07:22.049-0400] {example_python_operator.py:93} WARNING - The virtalenv_python example task requires virtualenv, please install it.
[2024-04-13T15:07:22.050-0400] {processor.py:840} INFO - DAG(s) 'example_python_operator' retrieved from /Users/manideepakreddyaila/Desktop/projects/Legal_Insights_Engine/.venv/lib/python3.11/site-packages/airflow/example_dags/example_python_operator.py
[2024-04-13T15:07:22.086-0400] {logging_mixin.py:188} INFO - [2024-04-13T15:07:22.086-0400] {dag.py:3096} INFO - Sync 1 DAGs
[2024-04-13T15:07:22.089-0400] {logging_mixin.py:188} INFO - [2024-04-13T15:07:22.089-0400] {dag.py:3954} INFO - Setting next_dagrun for example_python_operator to None, run_after=None
[2024-04-13T15:07:22.095-0400] {processor.py:183} INFO - Processing /Users/manideepakreddyaila/Desktop/projects/Legal_Insights_Engine/.venv/lib/python3.11/site-packages/airflow/example_dags/example_python_operator.py took 0.083 seconds
[2024-04-13T15:14:35.692-0400] {processor.py:161} INFO - Started process (PID=30731) to work on /Users/manideepakreddyaila/Desktop/projects/Legal_Insights_Engine/.venv/lib/python3.11/site-packages/airflow/example_dags/example_python_operator.py
[2024-04-13T15:14:35.693-0400] {processor.py:830} INFO - Processing file /Users/manideepakreddyaila/Desktop/projects/Legal_Insights_Engine/.venv/lib/python3.11/site-packages/airflow/example_dags/example_python_operator.py for tasks to queue
[2024-04-13T15:14:35.693-0400] {logging_mixin.py:188} INFO - [2024-04-13T15:14:35.693-0400] {dagbag.py:540} INFO - Filling up the DagBag from /Users/manideepakreddyaila/Desktop/projects/Legal_Insights_Engine/.venv/lib/python3.11/site-packages/airflow/example_dags/example_python_operator.py
[2024-04-13T15:14:35.727-0400] {logging_mixin.py:188} INFO - [2024-04-13T15:14:35.727-0400] {example_python_operator.py:93} WARNING - The virtalenv_python example task requires virtualenv, please install it.
[2024-04-13T15:14:35.728-0400] {processor.py:840} INFO - DAG(s) 'example_python_operator' retrieved from /Users/manideepakreddyaila/Desktop/projects/Legal_Insights_Engine/.venv/lib/python3.11/site-packages/airflow/example_dags/example_python_operator.py
[2024-04-13T15:14:35.765-0400] {logging_mixin.py:188} INFO - [2024-04-13T15:14:35.765-0400] {dag.py:3096} INFO - Sync 1 DAGs
[2024-04-13T15:14:35.769-0400] {logging_mixin.py:188} INFO - [2024-04-13T15:14:35.769-0400] {dag.py:3954} INFO - Setting next_dagrun for example_python_operator to None, run_after=None
[2024-04-13T15:14:35.777-0400] {processor.py:183} INFO - Processing /Users/manideepakreddyaila/Desktop/projects/Legal_Insights_Engine/.venv/lib/python3.11/site-packages/airflow/example_dags/example_python_operator.py took 0.086 seconds
[2024-04-13T15:16:33.402-0400] {processor.py:161} INFO - Started process (PID=30849) to work on /Users/manideepakreddyaila/Desktop/projects/Legal_Insights_Engine/.venv/lib/python3.11/site-packages/airflow/example_dags/example_python_operator.py
[2024-04-13T15:16:33.403-0400] {processor.py:830} INFO - Processing file /Users/manideepakreddyaila/Desktop/projects/Legal_Insights_Engine/.venv/lib/python3.11/site-packages/airflow/example_dags/example_python_operator.py for tasks to queue
[2024-04-13T15:16:33.403-0400] {logging_mixin.py:188} INFO - [2024-04-13T15:16:33.403-0400] {dagbag.py:540} INFO - Filling up the DagBag from /Users/manideepakreddyaila/Desktop/projects/Legal_Insights_Engine/.venv/lib/python3.11/site-packages/airflow/example_dags/example_python_operator.py
[2024-04-13T15:16:33.437-0400] {logging_mixin.py:188} INFO - [2024-04-13T15:16:33.437-0400] {example_python_operator.py:93} WARNING - The virtalenv_python example task requires virtualenv, please install it.
[2024-04-13T15:16:33.438-0400] {processor.py:840} INFO - DAG(s) 'example_python_operator' retrieved from /Users/manideepakreddyaila/Desktop/projects/Legal_Insights_Engine/.venv/lib/python3.11/site-packages/airflow/example_dags/example_python_operator.py
[2024-04-13T15:16:33.473-0400] {logging_mixin.py:188} INFO - [2024-04-13T15:16:33.473-0400] {dag.py:3096} INFO - Sync 1 DAGs
[2024-04-13T15:16:33.476-0400] {logging_mixin.py:188} INFO - [2024-04-13T15:16:33.476-0400] {dag.py:3954} INFO - Setting next_dagrun for example_python_operator to None, run_after=None
[2024-04-13T15:16:33.482-0400] {processor.py:183} INFO - Processing /Users/manideepakreddyaila/Desktop/projects/Legal_Insights_Engine/.venv/lib/python3.11/site-packages/airflow/example_dags/example_python_operator.py took 0.081 seconds
[2024-04-13T15:27:25.690-0400] {processor.py:161} INFO - Started process (PID=31031) to work on /Users/manideepakreddyaila/Desktop/projects/Legal_Insights_Engine/.venv/lib/python3.11/site-packages/airflow/example_dags/example_python_operator.py
[2024-04-13T15:27:25.691-0400] {processor.py:830} INFO - Processing file /Users/manideepakreddyaila/Desktop/projects/Legal_Insights_Engine/.venv/lib/python3.11/site-packages/airflow/example_dags/example_python_operator.py for tasks to queue
[2024-04-13T15:27:25.691-0400] {logging_mixin.py:188} INFO - [2024-04-13T15:27:25.691-0400] {dagbag.py:540} INFO - Filling up the DagBag from /Users/manideepakreddyaila/Desktop/projects/Legal_Insights_Engine/.venv/lib/python3.11/site-packages/airflow/example_dags/example_python_operator.py
[2024-04-13T15:27:25.724-0400] {logging_mixin.py:188} INFO - [2024-04-13T15:27:25.724-0400] {example_python_operator.py:93} WARNING - The virtalenv_python example task requires virtualenv, please install it.
[2024-04-13T15:27:25.725-0400] {processor.py:840} INFO - DAG(s) 'example_python_operator' retrieved from /Users/manideepakreddyaila/Desktop/projects/Legal_Insights_Engine/.venv/lib/python3.11/site-packages/airflow/example_dags/example_python_operator.py
[2024-04-13T15:27:25.760-0400] {logging_mixin.py:188} INFO - [2024-04-13T15:27:25.760-0400] {dag.py:3096} INFO - Sync 1 DAGs
[2024-04-13T15:27:25.763-0400] {logging_mixin.py:188} INFO - [2024-04-13T15:27:25.763-0400] {dag.py:3954} INFO - Setting next_dagrun for example_python_operator to None, run_after=None
[2024-04-13T15:27:25.769-0400] {processor.py:183} INFO - Processing /Users/manideepakreddyaila/Desktop/projects/Legal_Insights_Engine/.venv/lib/python3.11/site-packages/airflow/example_dags/example_python_operator.py took 0.080 seconds
[2024-04-13T17:52:07.804-0400] {processor.py:161} INFO - Started process (PID=31194) to work on /Users/manideepakreddyaila/Desktop/projects/Legal_Insights_Engine/.venv/lib/python3.11/site-packages/airflow/example_dags/example_python_operator.py
[2024-04-13T17:52:07.804-0400] {processor.py:830} INFO - Processing file /Users/manideepakreddyaila/Desktop/projects/Legal_Insights_Engine/.venv/lib/python3.11/site-packages/airflow/example_dags/example_python_operator.py for tasks to queue
[2024-04-13T17:52:07.805-0400] {logging_mixin.py:188} INFO - [2024-04-13T17:52:07.805-0400] {dagbag.py:540} INFO - Filling up the DagBag from /Users/manideepakreddyaila/Desktop/projects/Legal_Insights_Engine/.venv/lib/python3.11/site-packages/airflow/example_dags/example_python_operator.py
[2024-04-13T17:52:07.843-0400] {logging_mixin.py:188} INFO - [2024-04-13T17:52:07.843-0400] {example_python_operator.py:93} WARNING - The virtalenv_python example task requires virtualenv, please install it.
[2024-04-13T17:52:07.845-0400] {processor.py:840} INFO - DAG(s) 'example_python_operator' retrieved from /Users/manideepakreddyaila/Desktop/projects/Legal_Insights_Engine/.venv/lib/python3.11/site-packages/airflow/example_dags/example_python_operator.py
[2024-04-13T17:52:07.879-0400] {logging_mixin.py:188} INFO - [2024-04-13T17:52:07.879-0400] {dag.py:3096} INFO - Sync 1 DAGs
[2024-04-13T17:52:07.882-0400] {logging_mixin.py:188} INFO - [2024-04-13T17:52:07.882-0400] {dag.py:3954} INFO - Setting next_dagrun for example_python_operator to None, run_after=None
[2024-04-13T17:52:07.888-0400] {processor.py:183} INFO - Processing /Users/manideepakreddyaila/Desktop/projects/Legal_Insights_Engine/.venv/lib/python3.11/site-packages/airflow/example_dags/example_python_operator.py took 0.086 seconds
[2024-04-13T18:19:51.754-0400] {processor.py:161} INFO - Started process (PID=31338) to work on /Users/manideepakreddyaila/Desktop/projects/Legal_Insights_Engine/.venv/lib/python3.11/site-packages/airflow/example_dags/example_python_operator.py
[2024-04-13T18:19:51.755-0400] {processor.py:830} INFO - Processing file /Users/manideepakreddyaila/Desktop/projects/Legal_Insights_Engine/.venv/lib/python3.11/site-packages/airflow/example_dags/example_python_operator.py for tasks to queue
[2024-04-13T18:19:51.755-0400] {logging_mixin.py:188} INFO - [2024-04-13T18:19:51.755-0400] {dagbag.py:540} INFO - Filling up the DagBag from /Users/manideepakreddyaila/Desktop/projects/Legal_Insights_Engine/.venv/lib/python3.11/site-packages/airflow/example_dags/example_python_operator.py
[2024-04-13T18:19:51.791-0400] {logging_mixin.py:188} INFO - [2024-04-13T18:19:51.791-0400] {example_python_operator.py:93} WARNING - The virtalenv_python example task requires virtualenv, please install it.
[2024-04-13T18:19:51.792-0400] {processor.py:840} INFO - DAG(s) 'example_python_operator' retrieved from /Users/manideepakreddyaila/Desktop/projects/Legal_Insights_Engine/.venv/lib/python3.11/site-packages/airflow/example_dags/example_python_operator.py
[2024-04-13T18:19:51.827-0400] {logging_mixin.py:188} INFO - [2024-04-13T18:19:51.827-0400] {dag.py:3096} INFO - Sync 1 DAGs
[2024-04-13T18:19:51.830-0400] {logging_mixin.py:188} INFO - [2024-04-13T18:19:51.830-0400] {dag.py:3954} INFO - Setting next_dagrun for example_python_operator to None, run_after=None
[2024-04-13T18:19:51.836-0400] {processor.py:183} INFO - Processing /Users/manideepakreddyaila/Desktop/projects/Legal_Insights_Engine/.venv/lib/python3.11/site-packages/airflow/example_dags/example_python_operator.py took 0.083 seconds
[2024-04-13T18:59:56.484-0400] {processor.py:161} INFO - Started process (PID=31462) to work on /Users/manideepakreddyaila/Desktop/projects/Legal_Insights_Engine/.venv/lib/python3.11/site-packages/airflow/example_dags/example_python_operator.py
[2024-04-13T18:59:56.484-0400] {processor.py:830} INFO - Processing file /Users/manideepakreddyaila/Desktop/projects/Legal_Insights_Engine/.venv/lib/python3.11/site-packages/airflow/example_dags/example_python_operator.py for tasks to queue
[2024-04-13T18:59:56.485-0400] {logging_mixin.py:188} INFO - [2024-04-13T18:59:56.485-0400] {dagbag.py:540} INFO - Filling up the DagBag from /Users/manideepakreddyaila/Desktop/projects/Legal_Insights_Engine/.venv/lib/python3.11/site-packages/airflow/example_dags/example_python_operator.py
[2024-04-13T18:59:56.518-0400] {logging_mixin.py:188} INFO - [2024-04-13T18:59:56.518-0400] {example_python_operator.py:93} WARNING - The virtalenv_python example task requires virtualenv, please install it.
[2024-04-13T18:59:56.520-0400] {processor.py:840} INFO - DAG(s) 'example_python_operator' retrieved from /Users/manideepakreddyaila/Desktop/projects/Legal_Insights_Engine/.venv/lib/python3.11/site-packages/airflow/example_dags/example_python_operator.py
[2024-04-13T18:59:56.555-0400] {logging_mixin.py:188} INFO - [2024-04-13T18:59:56.554-0400] {dag.py:3096} INFO - Sync 1 DAGs
[2024-04-13T18:59:56.558-0400] {logging_mixin.py:188} INFO - [2024-04-13T18:59:56.557-0400] {dag.py:3954} INFO - Setting next_dagrun for example_python_operator to None, run_after=None
[2024-04-13T18:59:56.563-0400] {processor.py:183} INFO - Processing /Users/manideepakreddyaila/Desktop/projects/Legal_Insights_Engine/.venv/lib/python3.11/site-packages/airflow/example_dags/example_python_operator.py took 0.080 seconds
[2024-04-13T19:10:41.079-0400] {processor.py:161} INFO - Started process (PID=31563) to work on /Users/manideepakreddyaila/Desktop/projects/Legal_Insights_Engine/.venv/lib/python3.11/site-packages/airflow/example_dags/example_python_operator.py
[2024-04-13T19:10:41.080-0400] {processor.py:830} INFO - Processing file /Users/manideepakreddyaila/Desktop/projects/Legal_Insights_Engine/.venv/lib/python3.11/site-packages/airflow/example_dags/example_python_operator.py for tasks to queue
[2024-04-13T19:10:41.080-0400] {logging_mixin.py:188} INFO - [2024-04-13T19:10:41.080-0400] {dagbag.py:540} INFO - Filling up the DagBag from /Users/manideepakreddyaila/Desktop/projects/Legal_Insights_Engine/.venv/lib/python3.11/site-packages/airflow/example_dags/example_python_operator.py
[2024-04-13T19:10:41.114-0400] {logging_mixin.py:188} INFO - [2024-04-13T19:10:41.114-0400] {example_python_operator.py:93} WARNING - The virtalenv_python example task requires virtualenv, please install it.
[2024-04-13T19:10:41.115-0400] {processor.py:840} INFO - DAG(s) 'example_python_operator' retrieved from /Users/manideepakreddyaila/Desktop/projects/Legal_Insights_Engine/.venv/lib/python3.11/site-packages/airflow/example_dags/example_python_operator.py
[2024-04-13T19:10:41.149-0400] {logging_mixin.py:188} INFO - [2024-04-13T19:10:41.149-0400] {dag.py:3096} INFO - Sync 1 DAGs
[2024-04-13T19:10:41.152-0400] {logging_mixin.py:188} INFO - [2024-04-13T19:10:41.152-0400] {dag.py:3954} INFO - Setting next_dagrun for example_python_operator to None, run_after=None
[2024-04-13T19:10:41.158-0400] {processor.py:183} INFO - Processing /Users/manideepakreddyaila/Desktop/projects/Legal_Insights_Engine/.venv/lib/python3.11/site-packages/airflow/example_dags/example_python_operator.py took 0.080 seconds
