[2024-04-13T14:57:32.217-0400] {processor.py:161} INFO - Started process (PID=29929) to work on /Users/manideepakreddyaila/Desktop/projects/Legal_Insights_Engine/.venv/lib/python3.11/site-packages/airflow/example_dags/example_trigger_controller_dag.py
[2024-04-13T14:57:32.218-0400] {processor.py:830} INFO - Processing file /Users/manideepakreddyaila/Desktop/projects/Legal_Insights_Engine/.venv/lib/python3.11/site-packages/airflow/example_dags/example_trigger_controller_dag.py for tasks to queue
[2024-04-13T14:57:32.219-0400] {logging_mixin.py:188} INFO - [2024-04-13T14:57:32.219-0400] {dagbag.py:540} INFO - Filling up the DagBag from /Users/manideepakreddyaila/Desktop/projects/Legal_Insights_Engine/.venv/lib/python3.11/site-packages/airflow/example_dags/example_trigger_controller_dag.py
[2024-04-13T14:57:32.312-0400] {processor.py:840} INFO - DAG(s) 'example_trigger_controller_dag' retrieved from /Users/manideepakreddyaila/Desktop/projects/Legal_Insights_Engine/.venv/lib/python3.11/site-packages/airflow/example_dags/example_trigger_controller_dag.py
[2024-04-13T14:57:32.416-0400] {logging_mixin.py:188} INFO - [2024-04-13T14:57:32.416-0400] {override.py:1829} INFO - Created Permission View: can delete on DAG:example_trigger_controller_dag
[2024-04-13T14:57:32.420-0400] {logging_mixin.py:188} INFO - [2024-04-13T14:57:32.420-0400] {override.py:1829} INFO - Created Permission View: can read on DAG:example_trigger_controller_dag
[2024-04-13T14:57:32.423-0400] {logging_mixin.py:188} INFO - [2024-04-13T14:57:32.423-0400] {override.py:1829} INFO - Created Permission View: can edit on DAG:example_trigger_controller_dag
[2024-04-13T14:57:32.423-0400] {logging_mixin.py:188} INFO - [2024-04-13T14:57:32.423-0400] {dag.py:3096} INFO - Sync 1 DAGs
[2024-04-13T14:57:32.427-0400] {logging_mixin.py:188} INFO - [2024-04-13T14:57:32.427-0400] {dag.py:3118} INFO - Creating ORM DAG for example_trigger_controller_dag
[2024-04-13T14:57:32.434-0400] {logging_mixin.py:188} INFO - [2024-04-13T14:57:32.433-0400] {dag.py:3954} INFO - Setting next_dagrun for example_trigger_controller_dag to 2021-01-01 00:00:00+00:00, run_after=2021-01-01 00:00:00+00:00
[2024-04-13T14:57:32.443-0400] {processor.py:183} INFO - Processing /Users/manideepakreddyaila/Desktop/projects/Legal_Insights_Engine/.venv/lib/python3.11/site-packages/airflow/example_dags/example_trigger_controller_dag.py took 0.229 seconds
[2024-04-13T14:59:05.368-0400] {processor.py:161} INFO - Started process (PID=30025) to work on /Users/manideepakreddyaila/Desktop/projects/Legal_Insights_Engine/.venv/lib/python3.11/site-packages/airflow/example_dags/example_trigger_controller_dag.py
[2024-04-13T14:59:05.369-0400] {processor.py:830} INFO - Processing file /Users/manideepakreddyaila/Desktop/projects/Legal_Insights_Engine/.venv/lib/python3.11/site-packages/airflow/example_dags/example_trigger_controller_dag.py for tasks to queue
[2024-04-13T14:59:05.369-0400] {logging_mixin.py:188} INFO - [2024-04-13T14:59:05.369-0400] {dagbag.py:540} INFO - Filling up the DagBag from /Users/manideepakreddyaila/Desktop/projects/Legal_Insights_Engine/.venv/lib/python3.11/site-packages/airflow/example_dags/example_trigger_controller_dag.py
[2024-04-13T14:59:05.399-0400] {processor.py:840} INFO - DAG(s) 'example_trigger_controller_dag' retrieved from /Users/manideepakreddyaila/Desktop/projects/Legal_Insights_Engine/.venv/lib/python3.11/site-packages/airflow/example_dags/example_trigger_controller_dag.py
[2024-04-13T14:59:05.433-0400] {logging_mixin.py:188} INFO - [2024-04-13T14:59:05.433-0400] {dag.py:3096} INFO - Sync 1 DAGs
[2024-04-13T14:59:05.440-0400] {logging_mixin.py:188} INFO - [2024-04-13T14:59:05.440-0400] {dag.py:3954} INFO - Setting next_dagrun for example_trigger_controller_dag to 2021-01-01 00:00:00+00:00, run_after=2021-01-01 00:00:00+00:00
[2024-04-13T14:59:05.446-0400] {processor.py:183} INFO - Processing /Users/manideepakreddyaila/Desktop/projects/Legal_Insights_Engine/.venv/lib/python3.11/site-packages/airflow/example_dags/example_trigger_controller_dag.py took 0.079 seconds
[2024-04-13T15:00:05.241-0400] {processor.py:161} INFO - Started process (PID=30069) to work on /Users/manideepakreddyaila/Desktop/projects/Legal_Insights_Engine/.venv/lib/python3.11/site-packages/airflow/example_dags/example_trigger_controller_dag.py
[2024-04-13T15:00:05.242-0400] {processor.py:830} INFO - Processing file /Users/manideepakreddyaila/Desktop/projects/Legal_Insights_Engine/.venv/lib/python3.11/site-packages/airflow/example_dags/example_trigger_controller_dag.py for tasks to queue
[2024-04-13T15:00:05.242-0400] {logging_mixin.py:188} INFO - [2024-04-13T15:00:05.242-0400] {dagbag.py:540} INFO - Filling up the DagBag from /Users/manideepakreddyaila/Desktop/projects/Legal_Insights_Engine/.venv/lib/python3.11/site-packages/airflow/example_dags/example_trigger_controller_dag.py
[2024-04-13T15:00:05.272-0400] {processor.py:840} INFO - DAG(s) 'example_trigger_controller_dag' retrieved from /Users/manideepakreddyaila/Desktop/projects/Legal_Insights_Engine/.venv/lib/python3.11/site-packages/airflow/example_dags/example_trigger_controller_dag.py
[2024-04-13T15:00:05.306-0400] {logging_mixin.py:188} INFO - [2024-04-13T15:00:05.306-0400] {dag.py:3096} INFO - Sync 1 DAGs
[2024-04-13T15:00:05.311-0400] {logging_mixin.py:188} INFO - [2024-04-13T15:00:05.311-0400] {dag.py:3954} INFO - Setting next_dagrun for example_trigger_controller_dag to 2021-01-01 00:00:00+00:00, run_after=2021-01-01 00:00:00+00:00
[2024-04-13T15:00:05.317-0400] {processor.py:183} INFO - Processing /Users/manideepakreddyaila/Desktop/projects/Legal_Insights_Engine/.venv/lib/python3.11/site-packages/airflow/example_dags/example_trigger_controller_dag.py took 0.077 seconds
[2024-04-13T15:01:04.792-0400] {processor.py:161} INFO - Started process (PID=30125) to work on /Users/manideepakreddyaila/Desktop/projects/Legal_Insights_Engine/.venv/lib/python3.11/site-packages/airflow/example_dags/example_trigger_controller_dag.py
[2024-04-13T15:01:04.793-0400] {processor.py:830} INFO - Processing file /Users/manideepakreddyaila/Desktop/projects/Legal_Insights_Engine/.venv/lib/python3.11/site-packages/airflow/example_dags/example_trigger_controller_dag.py for tasks to queue
[2024-04-13T15:01:04.793-0400] {logging_mixin.py:188} INFO - [2024-04-13T15:01:04.793-0400] {dagbag.py:540} INFO - Filling up the DagBag from /Users/manideepakreddyaila/Desktop/projects/Legal_Insights_Engine/.venv/lib/python3.11/site-packages/airflow/example_dags/example_trigger_controller_dag.py
[2024-04-13T15:01:04.823-0400] {processor.py:840} INFO - DAG(s) 'example_trigger_controller_dag' retrieved from /Users/manideepakreddyaila/Desktop/projects/Legal_Insights_Engine/.venv/lib/python3.11/site-packages/airflow/example_dags/example_trigger_controller_dag.py
[2024-04-13T15:01:04.857-0400] {logging_mixin.py:188} INFO - [2024-04-13T15:01:04.857-0400] {dag.py:3096} INFO - Sync 1 DAGs
[2024-04-13T15:01:04.862-0400] {logging_mixin.py:188} INFO - [2024-04-13T15:01:04.862-0400] {dag.py:3954} INFO - Setting next_dagrun for example_trigger_controller_dag to 2021-01-01 00:00:00+00:00, run_after=2021-01-01 00:00:00+00:00
[2024-04-13T15:01:04.868-0400] {processor.py:183} INFO - Processing /Users/manideepakreddyaila/Desktop/projects/Legal_Insights_Engine/.venv/lib/python3.11/site-packages/airflow/example_dags/example_trigger_controller_dag.py took 0.077 seconds
[2024-04-13T15:02:02.930-0400] {processor.py:161} INFO - Started process (PID=30178) to work on /Users/manideepakreddyaila/Desktop/projects/Legal_Insights_Engine/.venv/lib/python3.11/site-packages/airflow/example_dags/example_trigger_controller_dag.py
[2024-04-13T15:02:02.932-0400] {processor.py:830} INFO - Processing file /Users/manideepakreddyaila/Desktop/projects/Legal_Insights_Engine/.venv/lib/python3.11/site-packages/airflow/example_dags/example_trigger_controller_dag.py for tasks to queue
[2024-04-13T15:02:02.932-0400] {logging_mixin.py:188} INFO - [2024-04-13T15:02:02.932-0400] {dagbag.py:540} INFO - Filling up the DagBag from /Users/manideepakreddyaila/Desktop/projects/Legal_Insights_Engine/.venv/lib/python3.11/site-packages/airflow/example_dags/example_trigger_controller_dag.py
[2024-04-13T15:02:02.961-0400] {processor.py:840} INFO - DAG(s) 'example_trigger_controller_dag' retrieved from /Users/manideepakreddyaila/Desktop/projects/Legal_Insights_Engine/.venv/lib/python3.11/site-packages/airflow/example_dags/example_trigger_controller_dag.py
[2024-04-13T15:02:02.995-0400] {logging_mixin.py:188} INFO - [2024-04-13T15:02:02.995-0400] {dag.py:3096} INFO - Sync 1 DAGs
[2024-04-13T15:02:03.001-0400] {logging_mixin.py:188} INFO - [2024-04-13T15:02:03.001-0400] {dag.py:3954} INFO - Setting next_dagrun for example_trigger_controller_dag to 2021-01-01 00:00:00+00:00, run_after=2021-01-01 00:00:00+00:00
[2024-04-13T15:02:03.007-0400] {processor.py:183} INFO - Processing /Users/manideepakreddyaila/Desktop/projects/Legal_Insights_Engine/.venv/lib/python3.11/site-packages/airflow/example_dags/example_trigger_controller_dag.py took 0.077 seconds
[2024-04-13T15:02:58.456-0400] {processor.py:161} INFO - Started process (PID=30226) to work on /Users/manideepakreddyaila/Desktop/projects/Legal_Insights_Engine/.venv/lib/python3.11/site-packages/airflow/example_dags/example_trigger_controller_dag.py
[2024-04-13T15:02:58.456-0400] {processor.py:830} INFO - Processing file /Users/manideepakreddyaila/Desktop/projects/Legal_Insights_Engine/.venv/lib/python3.11/site-packages/airflow/example_dags/example_trigger_controller_dag.py for tasks to queue
[2024-04-13T15:02:58.457-0400] {logging_mixin.py:188} INFO - [2024-04-13T15:02:58.457-0400] {dagbag.py:540} INFO - Filling up the DagBag from /Users/manideepakreddyaila/Desktop/projects/Legal_Insights_Engine/.venv/lib/python3.11/site-packages/airflow/example_dags/example_trigger_controller_dag.py
[2024-04-13T15:02:58.486-0400] {processor.py:840} INFO - DAG(s) 'example_trigger_controller_dag' retrieved from /Users/manideepakreddyaila/Desktop/projects/Legal_Insights_Engine/.venv/lib/python3.11/site-packages/airflow/example_dags/example_trigger_controller_dag.py
[2024-04-13T15:02:58.520-0400] {logging_mixin.py:188} INFO - [2024-04-13T15:02:58.519-0400] {dag.py:3096} INFO - Sync 1 DAGs
[2024-04-13T15:02:58.526-0400] {logging_mixin.py:188} INFO - [2024-04-13T15:02:58.526-0400] {dag.py:3954} INFO - Setting next_dagrun for example_trigger_controller_dag to 2021-01-01 00:00:00+00:00, run_after=2021-01-01 00:00:00+00:00
[2024-04-13T15:02:58.532-0400] {processor.py:183} INFO - Processing /Users/manideepakreddyaila/Desktop/projects/Legal_Insights_Engine/.venv/lib/python3.11/site-packages/airflow/example_dags/example_trigger_controller_dag.py took 0.077 seconds
[2024-04-13T15:03:58.682-0400] {processor.py:161} INFO - Started process (PID=30281) to work on /Users/manideepakreddyaila/Desktop/projects/Legal_Insights_Engine/.venv/lib/python3.11/site-packages/airflow/example_dags/example_trigger_controller_dag.py
[2024-04-13T15:03:58.683-0400] {processor.py:830} INFO - Processing file /Users/manideepakreddyaila/Desktop/projects/Legal_Insights_Engine/.venv/lib/python3.11/site-packages/airflow/example_dags/example_trigger_controller_dag.py for tasks to queue
[2024-04-13T15:03:58.683-0400] {logging_mixin.py:188} INFO - [2024-04-13T15:03:58.683-0400] {dagbag.py:540} INFO - Filling up the DagBag from /Users/manideepakreddyaila/Desktop/projects/Legal_Insights_Engine/.venv/lib/python3.11/site-packages/airflow/example_dags/example_trigger_controller_dag.py
[2024-04-13T15:03:58.712-0400] {processor.py:840} INFO - DAG(s) 'example_trigger_controller_dag' retrieved from /Users/manideepakreddyaila/Desktop/projects/Legal_Insights_Engine/.venv/lib/python3.11/site-packages/airflow/example_dags/example_trigger_controller_dag.py
[2024-04-13T15:03:58.745-0400] {logging_mixin.py:188} INFO - [2024-04-13T15:03:58.745-0400] {dag.py:3096} INFO - Sync 1 DAGs
[2024-04-13T15:03:58.750-0400] {logging_mixin.py:188} INFO - [2024-04-13T15:03:58.750-0400] {dag.py:3954} INFO - Setting next_dagrun for example_trigger_controller_dag to 2021-01-01 00:00:00+00:00, run_after=2021-01-01 00:00:00+00:00
[2024-04-13T15:03:58.756-0400] {processor.py:183} INFO - Processing /Users/manideepakreddyaila/Desktop/projects/Legal_Insights_Engine/.venv/lib/python3.11/site-packages/airflow/example_dags/example_trigger_controller_dag.py took 0.075 seconds
[2024-04-13T15:04:58.029-0400] {processor.py:161} INFO - Started process (PID=30326) to work on /Users/manideepakreddyaila/Desktop/projects/Legal_Insights_Engine/.venv/lib/python3.11/site-packages/airflow/example_dags/example_trigger_controller_dag.py
[2024-04-13T15:04:58.030-0400] {processor.py:830} INFO - Processing file /Users/manideepakreddyaila/Desktop/projects/Legal_Insights_Engine/.venv/lib/python3.11/site-packages/airflow/example_dags/example_trigger_controller_dag.py for tasks to queue
[2024-04-13T15:04:58.030-0400] {logging_mixin.py:188} INFO - [2024-04-13T15:04:58.030-0400] {dagbag.py:540} INFO - Filling up the DagBag from /Users/manideepakreddyaila/Desktop/projects/Legal_Insights_Engine/.venv/lib/python3.11/site-packages/airflow/example_dags/example_trigger_controller_dag.py
[2024-04-13T15:04:58.060-0400] {processor.py:840} INFO - DAG(s) 'example_trigger_controller_dag' retrieved from /Users/manideepakreddyaila/Desktop/projects/Legal_Insights_Engine/.venv/lib/python3.11/site-packages/airflow/example_dags/example_trigger_controller_dag.py
[2024-04-13T15:04:58.093-0400] {logging_mixin.py:188} INFO - [2024-04-13T15:04:58.093-0400] {dag.py:3096} INFO - Sync 1 DAGs
[2024-04-13T15:04:58.098-0400] {logging_mixin.py:188} INFO - [2024-04-13T15:04:58.098-0400] {dag.py:3954} INFO - Setting next_dagrun for example_trigger_controller_dag to 2021-01-01 00:00:00+00:00, run_after=2021-01-01 00:00:00+00:00
[2024-04-13T15:04:58.104-0400] {processor.py:183} INFO - Processing /Users/manideepakreddyaila/Desktop/projects/Legal_Insights_Engine/.venv/lib/python3.11/site-packages/airflow/example_dags/example_trigger_controller_dag.py took 0.076 seconds
[2024-04-13T15:05:58.472-0400] {processor.py:161} INFO - Started process (PID=30416) to work on /Users/manideepakreddyaila/Desktop/projects/Legal_Insights_Engine/.venv/lib/python3.11/site-packages/airflow/example_dags/example_trigger_controller_dag.py
[2024-04-13T15:05:58.473-0400] {processor.py:830} INFO - Processing file /Users/manideepakreddyaila/Desktop/projects/Legal_Insights_Engine/.venv/lib/python3.11/site-packages/airflow/example_dags/example_trigger_controller_dag.py for tasks to queue
[2024-04-13T15:05:58.473-0400] {logging_mixin.py:188} INFO - [2024-04-13T15:05:58.473-0400] {dagbag.py:540} INFO - Filling up the DagBag from /Users/manideepakreddyaila/Desktop/projects/Legal_Insights_Engine/.venv/lib/python3.11/site-packages/airflow/example_dags/example_trigger_controller_dag.py
[2024-04-13T15:05:58.505-0400] {processor.py:840} INFO - DAG(s) 'example_trigger_controller_dag' retrieved from /Users/manideepakreddyaila/Desktop/projects/Legal_Insights_Engine/.venv/lib/python3.11/site-packages/airflow/example_dags/example_trigger_controller_dag.py
[2024-04-13T15:05:58.540-0400] {logging_mixin.py:188} INFO - [2024-04-13T15:05:58.539-0400] {dag.py:3096} INFO - Sync 1 DAGs
[2024-04-13T15:05:58.545-0400] {logging_mixin.py:188} INFO - [2024-04-13T15:05:58.545-0400] {dag.py:3954} INFO - Setting next_dagrun for example_trigger_controller_dag to 2021-01-01 00:00:00+00:00, run_after=2021-01-01 00:00:00+00:00
[2024-04-13T15:05:58.551-0400] {processor.py:183} INFO - Processing /Users/manideepakreddyaila/Desktop/projects/Legal_Insights_Engine/.venv/lib/python3.11/site-packages/airflow/example_dags/example_trigger_controller_dag.py took 0.080 seconds
[2024-04-13T15:06:59.286-0400] {processor.py:161} INFO - Started process (PID=30484) to work on /Users/manideepakreddyaila/Desktop/projects/Legal_Insights_Engine/.venv/lib/python3.11/site-packages/airflow/example_dags/example_trigger_controller_dag.py
[2024-04-13T15:06:59.287-0400] {processor.py:830} INFO - Processing file /Users/manideepakreddyaila/Desktop/projects/Legal_Insights_Engine/.venv/lib/python3.11/site-packages/airflow/example_dags/example_trigger_controller_dag.py for tasks to queue
[2024-04-13T15:06:59.287-0400] {logging_mixin.py:188} INFO - [2024-04-13T15:06:59.287-0400] {dagbag.py:540} INFO - Filling up the DagBag from /Users/manideepakreddyaila/Desktop/projects/Legal_Insights_Engine/.venv/lib/python3.11/site-packages/airflow/example_dags/example_trigger_controller_dag.py
[2024-04-13T15:06:59.317-0400] {processor.py:840} INFO - DAG(s) 'example_trigger_controller_dag' retrieved from /Users/manideepakreddyaila/Desktop/projects/Legal_Insights_Engine/.venv/lib/python3.11/site-packages/airflow/example_dags/example_trigger_controller_dag.py
[2024-04-13T15:06:59.351-0400] {logging_mixin.py:188} INFO - [2024-04-13T15:06:59.351-0400] {dag.py:3096} INFO - Sync 1 DAGs
[2024-04-13T15:06:59.357-0400] {logging_mixin.py:188} INFO - [2024-04-13T15:06:59.357-0400] {dag.py:3954} INFO - Setting next_dagrun for example_trigger_controller_dag to 2021-01-01 00:00:00+00:00, run_after=2021-01-01 00:00:00+00:00
[2024-04-13T15:06:59.363-0400] {processor.py:183} INFO - Processing /Users/manideepakreddyaila/Desktop/projects/Legal_Insights_Engine/.venv/lib/python3.11/site-packages/airflow/example_dags/example_trigger_controller_dag.py took 0.078 seconds
[2024-04-13T15:08:00.823-0400] {processor.py:161} INFO - Started process (PID=30558) to work on /Users/manideepakreddyaila/Desktop/projects/Legal_Insights_Engine/.venv/lib/python3.11/site-packages/airflow/example_dags/example_trigger_controller_dag.py
[2024-04-13T15:08:00.824-0400] {processor.py:830} INFO - Processing file /Users/manideepakreddyaila/Desktop/projects/Legal_Insights_Engine/.venv/lib/python3.11/site-packages/airflow/example_dags/example_trigger_controller_dag.py for tasks to queue
[2024-04-13T15:08:00.824-0400] {logging_mixin.py:188} INFO - [2024-04-13T15:08:00.824-0400] {dagbag.py:540} INFO - Filling up the DagBag from /Users/manideepakreddyaila/Desktop/projects/Legal_Insights_Engine/.venv/lib/python3.11/site-packages/airflow/example_dags/example_trigger_controller_dag.py
[2024-04-13T15:08:00.854-0400] {processor.py:840} INFO - DAG(s) 'example_trigger_controller_dag' retrieved from /Users/manideepakreddyaila/Desktop/projects/Legal_Insights_Engine/.venv/lib/python3.11/site-packages/airflow/example_dags/example_trigger_controller_dag.py
[2024-04-13T15:08:00.889-0400] {logging_mixin.py:188} INFO - [2024-04-13T15:08:00.889-0400] {dag.py:3096} INFO - Sync 1 DAGs
[2024-04-13T15:08:00.895-0400] {logging_mixin.py:188} INFO - [2024-04-13T15:08:00.895-0400] {dag.py:3954} INFO - Setting next_dagrun for example_trigger_controller_dag to 2021-01-01 00:00:00+00:00, run_after=2021-01-01 00:00:00+00:00
[2024-04-13T15:08:00.901-0400] {processor.py:183} INFO - Processing /Users/manideepakreddyaila/Desktop/projects/Legal_Insights_Engine/.venv/lib/python3.11/site-packages/airflow/example_dags/example_trigger_controller_dag.py took 0.079 seconds
[2024-04-13T15:14:11.400-0400] {processor.py:161} INFO - Started process (PID=30686) to work on /Users/manideepakreddyaila/Desktop/projects/Legal_Insights_Engine/.venv/lib/python3.11/site-packages/airflow/example_dags/example_trigger_controller_dag.py
[2024-04-13T15:14:11.401-0400] {processor.py:830} INFO - Processing file /Users/manideepakreddyaila/Desktop/projects/Legal_Insights_Engine/.venv/lib/python3.11/site-packages/airflow/example_dags/example_trigger_controller_dag.py for tasks to queue
[2024-04-13T15:14:11.401-0400] {logging_mixin.py:188} INFO - [2024-04-13T15:14:11.401-0400] {dagbag.py:540} INFO - Filling up the DagBag from /Users/manideepakreddyaila/Desktop/projects/Legal_Insights_Engine/.venv/lib/python3.11/site-packages/airflow/example_dags/example_trigger_controller_dag.py
[2024-04-13T15:14:11.436-0400] {processor.py:840} INFO - DAG(s) 'example_trigger_controller_dag' retrieved from /Users/manideepakreddyaila/Desktop/projects/Legal_Insights_Engine/.venv/lib/python3.11/site-packages/airflow/example_dags/example_trigger_controller_dag.py
[2024-04-13T15:14:11.474-0400] {logging_mixin.py:188} INFO - [2024-04-13T15:14:11.474-0400] {dag.py:3096} INFO - Sync 1 DAGs
[2024-04-13T15:14:11.479-0400] {logging_mixin.py:188} INFO - [2024-04-13T15:14:11.479-0400] {dag.py:3954} INFO - Setting next_dagrun for example_trigger_controller_dag to 2021-01-01 00:00:00+00:00, run_after=2021-01-01 00:00:00+00:00
[2024-04-13T15:14:11.486-0400] {processor.py:183} INFO - Processing /Users/manideepakreddyaila/Desktop/projects/Legal_Insights_Engine/.venv/lib/python3.11/site-packages/airflow/example_dags/example_trigger_controller_dag.py took 0.087 seconds
[2024-04-13T15:15:15.694-0400] {processor.py:161} INFO - Started process (PID=30759) to work on /Users/manideepakreddyaila/Desktop/projects/Legal_Insights_Engine/.venv/lib/python3.11/site-packages/airflow/example_dags/example_trigger_controller_dag.py
[2024-04-13T15:15:15.694-0400] {processor.py:830} INFO - Processing file /Users/manideepakreddyaila/Desktop/projects/Legal_Insights_Engine/.venv/lib/python3.11/site-packages/airflow/example_dags/example_trigger_controller_dag.py for tasks to queue
[2024-04-13T15:15:15.694-0400] {logging_mixin.py:188} INFO - [2024-04-13T15:15:15.694-0400] {dagbag.py:540} INFO - Filling up the DagBag from /Users/manideepakreddyaila/Desktop/projects/Legal_Insights_Engine/.venv/lib/python3.11/site-packages/airflow/example_dags/example_trigger_controller_dag.py
[2024-04-13T15:15:15.724-0400] {processor.py:840} INFO - DAG(s) 'example_trigger_controller_dag' retrieved from /Users/manideepakreddyaila/Desktop/projects/Legal_Insights_Engine/.venv/lib/python3.11/site-packages/airflow/example_dags/example_trigger_controller_dag.py
[2024-04-13T15:15:15.757-0400] {logging_mixin.py:188} INFO - [2024-04-13T15:15:15.757-0400] {dag.py:3096} INFO - Sync 1 DAGs
[2024-04-13T15:15:15.762-0400] {logging_mixin.py:188} INFO - [2024-04-13T15:15:15.762-0400] {dag.py:3954} INFO - Setting next_dagrun for example_trigger_controller_dag to 2021-01-01 00:00:00+00:00, run_after=2021-01-01 00:00:00+00:00
[2024-04-13T15:15:15.768-0400] {processor.py:183} INFO - Processing /Users/manideepakreddyaila/Desktop/projects/Legal_Insights_Engine/.venv/lib/python3.11/site-packages/airflow/example_dags/example_trigger_controller_dag.py took 0.076 seconds
[2024-04-13T15:16:14.441-0400] {processor.py:161} INFO - Started process (PID=30818) to work on /Users/manideepakreddyaila/Desktop/projects/Legal_Insights_Engine/.venv/lib/python3.11/site-packages/airflow/example_dags/example_trigger_controller_dag.py
[2024-04-13T15:16:14.442-0400] {processor.py:830} INFO - Processing file /Users/manideepakreddyaila/Desktop/projects/Legal_Insights_Engine/.venv/lib/python3.11/site-packages/airflow/example_dags/example_trigger_controller_dag.py for tasks to queue
[2024-04-13T15:16:14.442-0400] {logging_mixin.py:188} INFO - [2024-04-13T15:16:14.442-0400] {dagbag.py:540} INFO - Filling up the DagBag from /Users/manideepakreddyaila/Desktop/projects/Legal_Insights_Engine/.venv/lib/python3.11/site-packages/airflow/example_dags/example_trigger_controller_dag.py
[2024-04-13T15:16:14.472-0400] {processor.py:840} INFO - DAG(s) 'example_trigger_controller_dag' retrieved from /Users/manideepakreddyaila/Desktop/projects/Legal_Insights_Engine/.venv/lib/python3.11/site-packages/airflow/example_dags/example_trigger_controller_dag.py
[2024-04-13T15:16:14.505-0400] {logging_mixin.py:188} INFO - [2024-04-13T15:16:14.505-0400] {dag.py:3096} INFO - Sync 1 DAGs
[2024-04-13T15:16:14.510-0400] {logging_mixin.py:188} INFO - [2024-04-13T15:16:14.510-0400] {dag.py:3954} INFO - Setting next_dagrun for example_trigger_controller_dag to 2021-01-01 00:00:00+00:00, run_after=2021-01-01 00:00:00+00:00
[2024-04-13T15:16:14.516-0400] {processor.py:183} INFO - Processing /Users/manideepakreddyaila/Desktop/projects/Legal_Insights_Engine/.venv/lib/python3.11/site-packages/airflow/example_dags/example_trigger_controller_dag.py took 0.076 seconds
[2024-04-13T15:17:11.444-0400] {processor.py:161} INFO - Started process (PID=30876) to work on /Users/manideepakreddyaila/Desktop/projects/Legal_Insights_Engine/.venv/lib/python3.11/site-packages/airflow/example_dags/example_trigger_controller_dag.py
[2024-04-13T15:17:11.444-0400] {processor.py:830} INFO - Processing file /Users/manideepakreddyaila/Desktop/projects/Legal_Insights_Engine/.venv/lib/python3.11/site-packages/airflow/example_dags/example_trigger_controller_dag.py for tasks to queue
[2024-04-13T15:17:11.445-0400] {logging_mixin.py:188} INFO - [2024-04-13T15:17:11.445-0400] {dagbag.py:540} INFO - Filling up the DagBag from /Users/manideepakreddyaila/Desktop/projects/Legal_Insights_Engine/.venv/lib/python3.11/site-packages/airflow/example_dags/example_trigger_controller_dag.py
[2024-04-13T15:17:11.492-0400] {processor.py:840} INFO - DAG(s) 'example_trigger_controller_dag' retrieved from /Users/manideepakreddyaila/Desktop/projects/Legal_Insights_Engine/.venv/lib/python3.11/site-packages/airflow/example_dags/example_trigger_controller_dag.py
[2024-04-13T15:17:11.547-0400] {logging_mixin.py:188} INFO - [2024-04-13T15:17:11.546-0400] {dag.py:3096} INFO - Sync 1 DAGs
[2024-04-13T15:17:11.554-0400] {logging_mixin.py:188} INFO - [2024-04-13T15:17:11.553-0400] {dag.py:3954} INFO - Setting next_dagrun for example_trigger_controller_dag to 2021-01-01 00:00:00+00:00, run_after=2021-01-01 00:00:00+00:00
[2024-04-13T15:17:11.562-0400] {processor.py:183} INFO - Processing /Users/manideepakreddyaila/Desktop/projects/Legal_Insights_Engine/.venv/lib/python3.11/site-packages/airflow/example_dags/example_trigger_controller_dag.py took 0.119 seconds
[2024-04-13T15:25:48.252-0400] {processor.py:161} INFO - Started process (PID=30991) to work on /Users/manideepakreddyaila/Desktop/projects/Legal_Insights_Engine/.venv/lib/python3.11/site-packages/airflow/example_dags/example_trigger_controller_dag.py
[2024-04-13T15:25:48.252-0400] {processor.py:830} INFO - Processing file /Users/manideepakreddyaila/Desktop/projects/Legal_Insights_Engine/.venv/lib/python3.11/site-packages/airflow/example_dags/example_trigger_controller_dag.py for tasks to queue
[2024-04-13T15:25:48.253-0400] {logging_mixin.py:188} INFO - [2024-04-13T15:25:48.253-0400] {dagbag.py:540} INFO - Filling up the DagBag from /Users/manideepakreddyaila/Desktop/projects/Legal_Insights_Engine/.venv/lib/python3.11/site-packages/airflow/example_dags/example_trigger_controller_dag.py
[2024-04-13T15:25:48.284-0400] {processor.py:840} INFO - DAG(s) 'example_trigger_controller_dag' retrieved from /Users/manideepakreddyaila/Desktop/projects/Legal_Insights_Engine/.venv/lib/python3.11/site-packages/airflow/example_dags/example_trigger_controller_dag.py
[2024-04-13T15:25:48.318-0400] {logging_mixin.py:188} INFO - [2024-04-13T15:25:48.318-0400] {dag.py:3096} INFO - Sync 1 DAGs
[2024-04-13T15:25:48.323-0400] {logging_mixin.py:188} INFO - [2024-04-13T15:25:48.323-0400] {dag.py:3954} INFO - Setting next_dagrun for example_trigger_controller_dag to 2021-01-01 00:00:00+00:00, run_after=2021-01-01 00:00:00+00:00
[2024-04-13T15:25:48.330-0400] {processor.py:183} INFO - Processing /Users/manideepakreddyaila/Desktop/projects/Legal_Insights_Engine/.venv/lib/python3.11/site-packages/airflow/example_dags/example_trigger_controller_dag.py took 0.079 seconds
[2024-04-13T17:50:11.646-0400] {processor.py:161} INFO - Started process (PID=31159) to work on /Users/manideepakreddyaila/Desktop/projects/Legal_Insights_Engine/.venv/lib/python3.11/site-packages/airflow/example_dags/example_trigger_controller_dag.py
[2024-04-13T17:50:11.647-0400] {processor.py:830} INFO - Processing file /Users/manideepakreddyaila/Desktop/projects/Legal_Insights_Engine/.venv/lib/python3.11/site-packages/airflow/example_dags/example_trigger_controller_dag.py for tasks to queue
[2024-04-13T17:50:11.647-0400] {logging_mixin.py:188} INFO - [2024-04-13T17:50:11.647-0400] {dagbag.py:540} INFO - Filling up the DagBag from /Users/manideepakreddyaila/Desktop/projects/Legal_Insights_Engine/.venv/lib/python3.11/site-packages/airflow/example_dags/example_trigger_controller_dag.py
[2024-04-13T17:50:11.680-0400] {processor.py:840} INFO - DAG(s) 'example_trigger_controller_dag' retrieved from /Users/manideepakreddyaila/Desktop/projects/Legal_Insights_Engine/.venv/lib/python3.11/site-packages/airflow/example_dags/example_trigger_controller_dag.py
[2024-04-13T17:50:11.717-0400] {logging_mixin.py:188} INFO - [2024-04-13T17:50:11.716-0400] {dag.py:3096} INFO - Sync 1 DAGs
[2024-04-13T17:50:11.724-0400] {logging_mixin.py:188} INFO - [2024-04-13T17:50:11.723-0400] {dag.py:3954} INFO - Setting next_dagrun for example_trigger_controller_dag to 2021-01-01 00:00:00+00:00, run_after=2021-01-01 00:00:00+00:00
[2024-04-13T17:50:11.736-0400] {processor.py:183} INFO - Processing /Users/manideepakreddyaila/Desktop/projects/Legal_Insights_Engine/.venv/lib/python3.11/site-packages/airflow/example_dags/example_trigger_controller_dag.py took 0.091 seconds
[2024-04-13T18:17:17.932-0400] {processor.py:161} INFO - Started process (PID=31299) to work on /Users/manideepakreddyaila/Desktop/projects/Legal_Insights_Engine/.venv/lib/python3.11/site-packages/airflow/example_dags/example_trigger_controller_dag.py
[2024-04-13T18:17:17.933-0400] {processor.py:830} INFO - Processing file /Users/manideepakreddyaila/Desktop/projects/Legal_Insights_Engine/.venv/lib/python3.11/site-packages/airflow/example_dags/example_trigger_controller_dag.py for tasks to queue
[2024-04-13T18:17:17.933-0400] {logging_mixin.py:188} INFO - [2024-04-13T18:17:17.933-0400] {dagbag.py:540} INFO - Filling up the DagBag from /Users/manideepakreddyaila/Desktop/projects/Legal_Insights_Engine/.venv/lib/python3.11/site-packages/airflow/example_dags/example_trigger_controller_dag.py
[2024-04-13T18:17:17.962-0400] {processor.py:840} INFO - DAG(s) 'example_trigger_controller_dag' retrieved from /Users/manideepakreddyaila/Desktop/projects/Legal_Insights_Engine/.venv/lib/python3.11/site-packages/airflow/example_dags/example_trigger_controller_dag.py
[2024-04-13T18:17:17.995-0400] {logging_mixin.py:188} INFO - [2024-04-13T18:17:17.995-0400] {dag.py:3096} INFO - Sync 1 DAGs
[2024-04-13T18:17:18.001-0400] {logging_mixin.py:188} INFO - [2024-04-13T18:17:18.001-0400] {dag.py:3954} INFO - Setting next_dagrun for example_trigger_controller_dag to 2021-01-01 00:00:00+00:00, run_after=2021-01-01 00:00:00+00:00
[2024-04-13T18:17:18.007-0400] {processor.py:183} INFO - Processing /Users/manideepakreddyaila/Desktop/projects/Legal_Insights_Engine/.venv/lib/python3.11/site-packages/airflow/example_dags/example_trigger_controller_dag.py took 0.075 seconds
[2024-04-13T18:40:09.367-0400] {processor.py:161} INFO - Started process (PID=31422) to work on /Users/manideepakreddyaila/Desktop/projects/Legal_Insights_Engine/.venv/lib/python3.11/site-packages/airflow/example_dags/example_trigger_controller_dag.py
[2024-04-13T18:40:09.368-0400] {processor.py:830} INFO - Processing file /Users/manideepakreddyaila/Desktop/projects/Legal_Insights_Engine/.venv/lib/python3.11/site-packages/airflow/example_dags/example_trigger_controller_dag.py for tasks to queue
[2024-04-13T18:40:09.368-0400] {logging_mixin.py:188} INFO - [2024-04-13T18:40:09.368-0400] {dagbag.py:540} INFO - Filling up the DagBag from /Users/manideepakreddyaila/Desktop/projects/Legal_Insights_Engine/.venv/lib/python3.11/site-packages/airflow/example_dags/example_trigger_controller_dag.py
[2024-04-13T18:40:09.399-0400] {processor.py:840} INFO - DAG(s) 'example_trigger_controller_dag' retrieved from /Users/manideepakreddyaila/Desktop/projects/Legal_Insights_Engine/.venv/lib/python3.11/site-packages/airflow/example_dags/example_trigger_controller_dag.py
[2024-04-13T18:40:09.435-0400] {logging_mixin.py:188} INFO - [2024-04-13T18:40:09.434-0400] {dag.py:3096} INFO - Sync 1 DAGs
[2024-04-13T18:40:09.440-0400] {logging_mixin.py:188} INFO - [2024-04-13T18:40:09.440-0400] {dag.py:3954} INFO - Setting next_dagrun for example_trigger_controller_dag to 2021-01-01 00:00:00+00:00, run_after=2021-01-01 00:00:00+00:00
[2024-04-13T18:40:09.446-0400] {processor.py:183} INFO - Processing /Users/manideepakreddyaila/Desktop/projects/Legal_Insights_Engine/.venv/lib/python3.11/site-packages/airflow/example_dags/example_trigger_controller_dag.py took 0.080 seconds
[2024-04-13T19:09:47.760-0400] {processor.py:161} INFO - Started process (PID=31534) to work on /Users/manideepakreddyaila/Desktop/projects/Legal_Insights_Engine/.venv/lib/python3.11/site-packages/airflow/example_dags/example_trigger_controller_dag.py
[2024-04-13T19:09:47.762-0400] {processor.py:830} INFO - Processing file /Users/manideepakreddyaila/Desktop/projects/Legal_Insights_Engine/.venv/lib/python3.11/site-packages/airflow/example_dags/example_trigger_controller_dag.py for tasks to queue
[2024-04-13T19:09:47.762-0400] {logging_mixin.py:188} INFO - [2024-04-13T19:09:47.762-0400] {dagbag.py:540} INFO - Filling up the DagBag from /Users/manideepakreddyaila/Desktop/projects/Legal_Insights_Engine/.venv/lib/python3.11/site-packages/airflow/example_dags/example_trigger_controller_dag.py
[2024-04-13T19:09:47.792-0400] {processor.py:840} INFO - DAG(s) 'example_trigger_controller_dag' retrieved from /Users/manideepakreddyaila/Desktop/projects/Legal_Insights_Engine/.venv/lib/python3.11/site-packages/airflow/example_dags/example_trigger_controller_dag.py
[2024-04-13T19:09:47.875-0400] {logging_mixin.py:188} INFO - [2024-04-13T19:09:47.875-0400] {dag.py:3096} INFO - Sync 1 DAGs
[2024-04-13T19:09:47.880-0400] {logging_mixin.py:188} INFO - [2024-04-13T19:09:47.880-0400] {dag.py:3954} INFO - Setting next_dagrun for example_trigger_controller_dag to 2021-01-01 00:00:00+00:00, run_after=2021-01-01 00:00:00+00:00
[2024-04-13T19:09:47.887-0400] {processor.py:183} INFO - Processing /Users/manideepakreddyaila/Desktop/projects/Legal_Insights_Engine/.venv/lib/python3.11/site-packages/airflow/example_dags/example_trigger_controller_dag.py took 0.127 seconds
