[2024-04-13T14:58:12.108-0400] {processor.py:161} INFO - Started process (PID=29963) to work on /Users/manideepakreddyaila/Desktop/projects/Legal_Insights_Engine/.venv/lib/python3.11/site-packages/airflow/example_dags/example_latest_only_with_trigger.py
[2024-04-13T14:58:12.108-0400] {processor.py:830} INFO - Processing file /Users/manideepakreddyaila/Desktop/projects/Legal_Insights_Engine/.venv/lib/python3.11/site-packages/airflow/example_dags/example_latest_only_with_trigger.py for tasks to queue
[2024-04-13T14:58:12.108-0400] {logging_mixin.py:188} INFO - [2024-04-13T14:58:12.108-0400] {dagbag.py:540} INFO - Filling up the DagBag from /Users/manideepakreddyaila/Desktop/projects/Legal_Insights_Engine/.venv/lib/python3.11/site-packages/airflow/example_dags/example_latest_only_with_trigger.py
[2024-04-13T14:58:12.138-0400] {processor.py:840} INFO - DAG(s) 'latest_only_with_trigger' retrieved from /Users/manideepakreddyaila/Desktop/projects/Legal_Insights_Engine/.venv/lib/python3.11/site-packages/airflow/example_dags/example_latest_only_with_trigger.py
[2024-04-13T14:58:12.204-0400] {logging_mixin.py:188} INFO - [2024-04-13T14:58:12.204-0400] {override.py:1829} INFO - Created Permission View: can delete on DAG:latest_only_with_trigger
[2024-04-13T14:58:12.207-0400] {logging_mixin.py:188} INFO - [2024-04-13T14:58:12.207-0400] {override.py:1829} INFO - Created Permission View: can read on DAG:latest_only_with_trigger
[2024-04-13T14:58:12.209-0400] {logging_mixin.py:188} INFO - [2024-04-13T14:58:12.209-0400] {override.py:1829} INFO - Created Permission View: can edit on DAG:latest_only_with_trigger
[2024-04-13T14:58:12.209-0400] {logging_mixin.py:188} INFO - [2024-04-13T14:58:12.209-0400] {dag.py:3096} INFO - Sync 1 DAGs
[2024-04-13T14:58:12.214-0400] {logging_mixin.py:188} INFO - [2024-04-13T14:58:12.214-0400] {dag.py:3118} INFO - Creating ORM DAG for latest_only_with_trigger
[2024-04-13T14:58:12.218-0400] {logging_mixin.py:188} INFO - [2024-04-13T14:58:12.218-0400] {dag.py:3954} INFO - Setting next_dagrun for latest_only_with_trigger to 2024-04-13 12:00:00+00:00, run_after=2024-04-13 16:00:00+00:00
[2024-04-13T14:58:12.236-0400] {processor.py:183} INFO - Processing /Users/manideepakreddyaila/Desktop/projects/Legal_Insights_Engine/.venv/lib/python3.11/site-packages/airflow/example_dags/example_latest_only_with_trigger.py took 0.129 seconds
[2024-04-13T14:59:40.936-0400] {processor.py:161} INFO - Started process (PID=30054) to work on /Users/manideepakreddyaila/Desktop/projects/Legal_Insights_Engine/.venv/lib/python3.11/site-packages/airflow/example_dags/example_latest_only_with_trigger.py
[2024-04-13T14:59:40.936-0400] {processor.py:830} INFO - Processing file /Users/manideepakreddyaila/Desktop/projects/Legal_Insights_Engine/.venv/lib/python3.11/site-packages/airflow/example_dags/example_latest_only_with_trigger.py for tasks to queue
[2024-04-13T14:59:40.937-0400] {logging_mixin.py:188} INFO - [2024-04-13T14:59:40.937-0400] {dagbag.py:540} INFO - Filling up the DagBag from /Users/manideepakreddyaila/Desktop/projects/Legal_Insights_Engine/.venv/lib/python3.11/site-packages/airflow/example_dags/example_latest_only_with_trigger.py
[2024-04-13T14:59:40.967-0400] {processor.py:840} INFO - DAG(s) 'latest_only_with_trigger' retrieved from /Users/manideepakreddyaila/Desktop/projects/Legal_Insights_Engine/.venv/lib/python3.11/site-packages/airflow/example_dags/example_latest_only_with_trigger.py
[2024-04-13T14:59:41.003-0400] {logging_mixin.py:188} INFO - [2024-04-13T14:59:41.002-0400] {dag.py:3096} INFO - Sync 1 DAGs
[2024-04-13T14:59:41.008-0400] {logging_mixin.py:188} INFO - [2024-04-13T14:59:41.008-0400] {dag.py:3954} INFO - Setting next_dagrun for latest_only_with_trigger to 2024-04-13 12:00:00+00:00, run_after=2024-04-13 16:00:00+00:00
[2024-04-13T14:59:41.015-0400] {processor.py:183} INFO - Processing /Users/manideepakreddyaila/Desktop/projects/Legal_Insights_Engine/.venv/lib/python3.11/site-packages/airflow/example_dags/example_latest_only_with_trigger.py took 0.080 seconds
[2024-04-13T15:01:37.168-0400] {processor.py:161} INFO - Started process (PID=30163) to work on /Users/manideepakreddyaila/Desktop/projects/Legal_Insights_Engine/.venv/lib/python3.11/site-packages/airflow/example_dags/example_latest_only_with_trigger.py
[2024-04-13T15:01:37.169-0400] {processor.py:830} INFO - Processing file /Users/manideepakreddyaila/Desktop/projects/Legal_Insights_Engine/.venv/lib/python3.11/site-packages/airflow/example_dags/example_latest_only_with_trigger.py for tasks to queue
[2024-04-13T15:01:37.169-0400] {logging_mixin.py:188} INFO - [2024-04-13T15:01:37.169-0400] {dagbag.py:540} INFO - Filling up the DagBag from /Users/manideepakreddyaila/Desktop/projects/Legal_Insights_Engine/.venv/lib/python3.11/site-packages/airflow/example_dags/example_latest_only_with_trigger.py
[2024-04-13T15:01:37.199-0400] {processor.py:840} INFO - DAG(s) 'latest_only_with_trigger' retrieved from /Users/manideepakreddyaila/Desktop/projects/Legal_Insights_Engine/.venv/lib/python3.11/site-packages/airflow/example_dags/example_latest_only_with_trigger.py
[2024-04-13T15:01:37.235-0400] {logging_mixin.py:188} INFO - [2024-04-13T15:01:37.234-0400] {dag.py:3096} INFO - Sync 1 DAGs
[2024-04-13T15:01:37.240-0400] {logging_mixin.py:188} INFO - [2024-04-13T15:01:37.240-0400] {dag.py:3954} INFO - Setting next_dagrun for latest_only_with_trigger to 2024-04-13 12:00:00+00:00, run_after=2024-04-13 16:00:00+00:00
[2024-04-13T15:01:37.247-0400] {processor.py:183} INFO - Processing /Users/manideepakreddyaila/Desktop/projects/Legal_Insights_Engine/.venv/lib/python3.11/site-packages/airflow/example_dags/example_latest_only_with_trigger.py took 0.080 seconds
[2024-04-13T15:03:33.810-0400] {processor.py:161} INFO - Started process (PID=30264) to work on /Users/manideepakreddyaila/Desktop/projects/Legal_Insights_Engine/.venv/lib/python3.11/site-packages/airflow/example_dags/example_latest_only_with_trigger.py
[2024-04-13T15:03:33.811-0400] {processor.py:830} INFO - Processing file /Users/manideepakreddyaila/Desktop/projects/Legal_Insights_Engine/.venv/lib/python3.11/site-packages/airflow/example_dags/example_latest_only_with_trigger.py for tasks to queue
[2024-04-13T15:03:33.811-0400] {logging_mixin.py:188} INFO - [2024-04-13T15:03:33.811-0400] {dagbag.py:540} INFO - Filling up the DagBag from /Users/manideepakreddyaila/Desktop/projects/Legal_Insights_Engine/.venv/lib/python3.11/site-packages/airflow/example_dags/example_latest_only_with_trigger.py
[2024-04-13T15:03:33.841-0400] {processor.py:840} INFO - DAG(s) 'latest_only_with_trigger' retrieved from /Users/manideepakreddyaila/Desktop/projects/Legal_Insights_Engine/.venv/lib/python3.11/site-packages/airflow/example_dags/example_latest_only_with_trigger.py
[2024-04-13T15:03:33.877-0400] {logging_mixin.py:188} INFO - [2024-04-13T15:03:33.877-0400] {dag.py:3096} INFO - Sync 1 DAGs
[2024-04-13T15:03:33.883-0400] {logging_mixin.py:188} INFO - [2024-04-13T15:03:33.882-0400] {dag.py:3954} INFO - Setting next_dagrun for latest_only_with_trigger to 2024-04-13 12:00:00+00:00, run_after=2024-04-13 16:00:00+00:00
[2024-04-13T15:03:33.888-0400] {processor.py:183} INFO - Processing /Users/manideepakreddyaila/Desktop/projects/Legal_Insights_Engine/.venv/lib/python3.11/site-packages/airflow/example_dags/example_latest_only_with_trigger.py took 0.080 seconds
[2024-04-13T15:05:33.981-0400] {processor.py:161} INFO - Started process (PID=30389) to work on /Users/manideepakreddyaila/Desktop/projects/Legal_Insights_Engine/.venv/lib/python3.11/site-packages/airflow/example_dags/example_latest_only_with_trigger.py
[2024-04-13T15:05:33.982-0400] {processor.py:830} INFO - Processing file /Users/manideepakreddyaila/Desktop/projects/Legal_Insights_Engine/.venv/lib/python3.11/site-packages/airflow/example_dags/example_latest_only_with_trigger.py for tasks to queue
[2024-04-13T15:05:33.982-0400] {logging_mixin.py:188} INFO - [2024-04-13T15:05:33.982-0400] {dagbag.py:540} INFO - Filling up the DagBag from /Users/manideepakreddyaila/Desktop/projects/Legal_Insights_Engine/.venv/lib/python3.11/site-packages/airflow/example_dags/example_latest_only_with_trigger.py
[2024-04-13T15:05:34.012-0400] {processor.py:840} INFO - DAG(s) 'latest_only_with_trigger' retrieved from /Users/manideepakreddyaila/Desktop/projects/Legal_Insights_Engine/.venv/lib/python3.11/site-packages/airflow/example_dags/example_latest_only_with_trigger.py
[2024-04-13T15:05:34.048-0400] {logging_mixin.py:188} INFO - [2024-04-13T15:05:34.048-0400] {dag.py:3096} INFO - Sync 1 DAGs
[2024-04-13T15:05:34.054-0400] {logging_mixin.py:188} INFO - [2024-04-13T15:05:34.054-0400] {dag.py:3954} INFO - Setting next_dagrun for latest_only_with_trigger to 2024-04-13 12:00:00+00:00, run_after=2024-04-13 16:00:00+00:00
[2024-04-13T15:05:34.060-0400] {processor.py:183} INFO - Processing /Users/manideepakreddyaila/Desktop/projects/Legal_Insights_Engine/.venv/lib/python3.11/site-packages/airflow/example_dags/example_latest_only_with_trigger.py took 0.080 seconds
[2024-04-13T15:07:34.808-0400] {processor.py:161} INFO - Started process (PID=30543) to work on /Users/manideepakreddyaila/Desktop/projects/Legal_Insights_Engine/.venv/lib/python3.11/site-packages/airflow/example_dags/example_latest_only_with_trigger.py
[2024-04-13T15:07:34.809-0400] {processor.py:830} INFO - Processing file /Users/manideepakreddyaila/Desktop/projects/Legal_Insights_Engine/.venv/lib/python3.11/site-packages/airflow/example_dags/example_latest_only_with_trigger.py for tasks to queue
[2024-04-13T15:07:34.809-0400] {logging_mixin.py:188} INFO - [2024-04-13T15:07:34.809-0400] {dagbag.py:540} INFO - Filling up the DagBag from /Users/manideepakreddyaila/Desktop/projects/Legal_Insights_Engine/.venv/lib/python3.11/site-packages/airflow/example_dags/example_latest_only_with_trigger.py
[2024-04-13T15:07:34.841-0400] {processor.py:840} INFO - DAG(s) 'latest_only_with_trigger' retrieved from /Users/manideepakreddyaila/Desktop/projects/Legal_Insights_Engine/.venv/lib/python3.11/site-packages/airflow/example_dags/example_latest_only_with_trigger.py
[2024-04-13T15:07:34.877-0400] {logging_mixin.py:188} INFO - [2024-04-13T15:07:34.877-0400] {dag.py:3096} INFO - Sync 1 DAGs
[2024-04-13T15:07:34.883-0400] {logging_mixin.py:188} INFO - [2024-04-13T15:07:34.883-0400] {dag.py:3954} INFO - Setting next_dagrun for latest_only_with_trigger to 2024-04-13 12:00:00+00:00, run_after=2024-04-13 16:00:00+00:00
[2024-04-13T15:07:34.889-0400] {processor.py:183} INFO - Processing /Users/manideepakreddyaila/Desktop/projects/Legal_Insights_Engine/.venv/lib/python3.11/site-packages/airflow/example_dags/example_latest_only_with_trigger.py took 0.082 seconds
[2024-04-13T15:14:48.429-0400] {processor.py:161} INFO - Started process (PID=30739) to work on /Users/manideepakreddyaila/Desktop/projects/Legal_Insights_Engine/.venv/lib/python3.11/site-packages/airflow/example_dags/example_latest_only_with_trigger.py
[2024-04-13T15:14:48.430-0400] {processor.py:830} INFO - Processing file /Users/manideepakreddyaila/Desktop/projects/Legal_Insights_Engine/.venv/lib/python3.11/site-packages/airflow/example_dags/example_latest_only_with_trigger.py for tasks to queue
[2024-04-13T15:14:48.430-0400] {logging_mixin.py:188} INFO - [2024-04-13T15:14:48.430-0400] {dagbag.py:540} INFO - Filling up the DagBag from /Users/manideepakreddyaila/Desktop/projects/Legal_Insights_Engine/.venv/lib/python3.11/site-packages/airflow/example_dags/example_latest_only_with_trigger.py
[2024-04-13T15:14:48.459-0400] {processor.py:840} INFO - DAG(s) 'latest_only_with_trigger' retrieved from /Users/manideepakreddyaila/Desktop/projects/Legal_Insights_Engine/.venv/lib/python3.11/site-packages/airflow/example_dags/example_latest_only_with_trigger.py
[2024-04-13T15:14:48.496-0400] {logging_mixin.py:188} INFO - [2024-04-13T15:14:48.496-0400] {dag.py:3096} INFO - Sync 1 DAGs
[2024-04-13T15:14:48.502-0400] {logging_mixin.py:188} INFO - [2024-04-13T15:14:48.502-0400] {dag.py:3954} INFO - Setting next_dagrun for latest_only_with_trigger to 2024-04-13 12:00:00+00:00, run_after=2024-04-13 16:00:00+00:00
[2024-04-13T15:14:48.509-0400] {processor.py:183} INFO - Processing /Users/manideepakreddyaila/Desktop/projects/Legal_Insights_Engine/.venv/lib/python3.11/site-packages/airflow/example_dags/example_latest_only_with_trigger.py took 0.080 seconds
[2024-04-13T15:16:46.462-0400] {processor.py:161} INFO - Started process (PID=30856) to work on /Users/manideepakreddyaila/Desktop/projects/Legal_Insights_Engine/.venv/lib/python3.11/site-packages/airflow/example_dags/example_latest_only_with_trigger.py
[2024-04-13T15:16:46.462-0400] {processor.py:830} INFO - Processing file /Users/manideepakreddyaila/Desktop/projects/Legal_Insights_Engine/.venv/lib/python3.11/site-packages/airflow/example_dags/example_latest_only_with_trigger.py for tasks to queue
[2024-04-13T15:16:46.462-0400] {logging_mixin.py:188} INFO - [2024-04-13T15:16:46.462-0400] {dagbag.py:540} INFO - Filling up the DagBag from /Users/manideepakreddyaila/Desktop/projects/Legal_Insights_Engine/.venv/lib/python3.11/site-packages/airflow/example_dags/example_latest_only_with_trigger.py
[2024-04-13T15:16:46.492-0400] {processor.py:840} INFO - DAG(s) 'latest_only_with_trigger' retrieved from /Users/manideepakreddyaila/Desktop/projects/Legal_Insights_Engine/.venv/lib/python3.11/site-packages/airflow/example_dags/example_latest_only_with_trigger.py
[2024-04-13T15:16:46.528-0400] {logging_mixin.py:188} INFO - [2024-04-13T15:16:46.528-0400] {dag.py:3096} INFO - Sync 1 DAGs
[2024-04-13T15:16:46.534-0400] {logging_mixin.py:188} INFO - [2024-04-13T15:16:46.534-0400] {dag.py:3954} INFO - Setting next_dagrun for latest_only_with_trigger to 2024-04-13 12:00:00+00:00, run_after=2024-04-13 16:00:00+00:00
[2024-04-13T15:16:46.540-0400] {processor.py:183} INFO - Processing /Users/manideepakreddyaila/Desktop/projects/Legal_Insights_Engine/.venv/lib/python3.11/site-packages/airflow/example_dags/example_latest_only_with_trigger.py took 0.080 seconds
[2024-04-13T15:28:51.850-0400] {processor.py:161} INFO - Started process (PID=31043) to work on /Users/manideepakreddyaila/Desktop/projects/Legal_Insights_Engine/.venv/lib/python3.11/site-packages/airflow/example_dags/example_latest_only_with_trigger.py
[2024-04-13T15:28:51.851-0400] {processor.py:830} INFO - Processing file /Users/manideepakreddyaila/Desktop/projects/Legal_Insights_Engine/.venv/lib/python3.11/site-packages/airflow/example_dags/example_latest_only_with_trigger.py for tasks to queue
[2024-04-13T15:28:51.851-0400] {logging_mixin.py:188} INFO - [2024-04-13T15:28:51.851-0400] {dagbag.py:540} INFO - Filling up the DagBag from /Users/manideepakreddyaila/Desktop/projects/Legal_Insights_Engine/.venv/lib/python3.11/site-packages/airflow/example_dags/example_latest_only_with_trigger.py
[2024-04-13T15:28:51.880-0400] {processor.py:840} INFO - DAG(s) 'latest_only_with_trigger' retrieved from /Users/manideepakreddyaila/Desktop/projects/Legal_Insights_Engine/.venv/lib/python3.11/site-packages/airflow/example_dags/example_latest_only_with_trigger.py
[2024-04-13T15:28:51.919-0400] {logging_mixin.py:188} INFO - [2024-04-13T15:28:51.919-0400] {dag.py:3096} INFO - Sync 1 DAGs
[2024-04-13T15:28:51.925-0400] {logging_mixin.py:188} INFO - [2024-04-13T15:28:51.925-0400] {dag.py:3954} INFO - Setting next_dagrun for latest_only_with_trigger to 2024-04-13 12:00:00+00:00, run_after=2024-04-13 16:00:00+00:00
[2024-04-13T15:28:51.931-0400] {processor.py:183} INFO - Processing /Users/manideepakreddyaila/Desktop/projects/Legal_Insights_Engine/.venv/lib/python3.11/site-packages/airflow/example_dags/example_latest_only_with_trigger.py took 0.082 seconds
[2024-04-13T17:53:00.176-0400] {processor.py:161} INFO - Started process (PID=31211) to work on /Users/manideepakreddyaila/Desktop/projects/Legal_Insights_Engine/.venv/lib/python3.11/site-packages/airflow/example_dags/example_latest_only_with_trigger.py
[2024-04-13T17:53:00.176-0400] {processor.py:830} INFO - Processing file /Users/manideepakreddyaila/Desktop/projects/Legal_Insights_Engine/.venv/lib/python3.11/site-packages/airflow/example_dags/example_latest_only_with_trigger.py for tasks to queue
[2024-04-13T17:53:00.177-0400] {logging_mixin.py:188} INFO - [2024-04-13T17:53:00.177-0400] {dagbag.py:540} INFO - Filling up the DagBag from /Users/manideepakreddyaila/Desktop/projects/Legal_Insights_Engine/.venv/lib/python3.11/site-packages/airflow/example_dags/example_latest_only_with_trigger.py
[2024-04-13T17:53:00.207-0400] {processor.py:840} INFO - DAG(s) 'latest_only_with_trigger' retrieved from /Users/manideepakreddyaila/Desktop/projects/Legal_Insights_Engine/.venv/lib/python3.11/site-packages/airflow/example_dags/example_latest_only_with_trigger.py
[2024-04-13T17:53:00.245-0400] {logging_mixin.py:188} INFO - [2024-04-13T17:53:00.244-0400] {dag.py:3096} INFO - Sync 1 DAGs
[2024-04-13T17:53:00.251-0400] {logging_mixin.py:188} INFO - [2024-04-13T17:53:00.251-0400] {dag.py:3954} INFO - Setting next_dagrun for latest_only_with_trigger to 2024-04-13 16:00:00+00:00, run_after=2024-04-13 20:00:00+00:00
[2024-04-13T17:53:00.259-0400] {processor.py:183} INFO - Processing /Users/manideepakreddyaila/Desktop/projects/Legal_Insights_Engine/.venv/lib/python3.11/site-packages/airflow/example_dags/example_latest_only_with_trigger.py took 0.084 seconds
[2024-04-13T18:20:33.784-0400] {processor.py:161} INFO - Started process (PID=31351) to work on /Users/manideepakreddyaila/Desktop/projects/Legal_Insights_Engine/.venv/lib/python3.11/site-packages/airflow/example_dags/example_latest_only_with_trigger.py
[2024-04-13T18:20:33.785-0400] {processor.py:830} INFO - Processing file /Users/manideepakreddyaila/Desktop/projects/Legal_Insights_Engine/.venv/lib/python3.11/site-packages/airflow/example_dags/example_latest_only_with_trigger.py for tasks to queue
[2024-04-13T18:20:33.785-0400] {logging_mixin.py:188} INFO - [2024-04-13T18:20:33.785-0400] {dagbag.py:540} INFO - Filling up the DagBag from /Users/manideepakreddyaila/Desktop/projects/Legal_Insights_Engine/.venv/lib/python3.11/site-packages/airflow/example_dags/example_latest_only_with_trigger.py
[2024-04-13T18:20:33.815-0400] {processor.py:840} INFO - DAG(s) 'latest_only_with_trigger' retrieved from /Users/manideepakreddyaila/Desktop/projects/Legal_Insights_Engine/.venv/lib/python3.11/site-packages/airflow/example_dags/example_latest_only_with_trigger.py
[2024-04-13T18:20:33.851-0400] {logging_mixin.py:188} INFO - [2024-04-13T18:20:33.851-0400] {dag.py:3096} INFO - Sync 1 DAGs
[2024-04-13T18:20:33.857-0400] {logging_mixin.py:188} INFO - [2024-04-13T18:20:33.857-0400] {dag.py:3954} INFO - Setting next_dagrun for latest_only_with_trigger to 2024-04-13 16:00:00+00:00, run_after=2024-04-13 20:00:00+00:00
[2024-04-13T18:20:33.863-0400] {processor.py:183} INFO - Processing /Users/manideepakreddyaila/Desktop/projects/Legal_Insights_Engine/.venv/lib/python3.11/site-packages/airflow/example_dags/example_latest_only_with_trigger.py took 0.080 seconds
[2024-04-13T19:02:14.604-0400] {processor.py:161} INFO - Started process (PID=31487) to work on /Users/manideepakreddyaila/Desktop/projects/Legal_Insights_Engine/.venv/lib/python3.11/site-packages/airflow/example_dags/example_latest_only_with_trigger.py
[2024-04-13T19:02:14.605-0400] {processor.py:830} INFO - Processing file /Users/manideepakreddyaila/Desktop/projects/Legal_Insights_Engine/.venv/lib/python3.11/site-packages/airflow/example_dags/example_latest_only_with_trigger.py for tasks to queue
[2024-04-13T19:02:14.605-0400] {logging_mixin.py:188} INFO - [2024-04-13T19:02:14.605-0400] {dagbag.py:540} INFO - Filling up the DagBag from /Users/manideepakreddyaila/Desktop/projects/Legal_Insights_Engine/.venv/lib/python3.11/site-packages/airflow/example_dags/example_latest_only_with_trigger.py
[2024-04-13T19:02:14.634-0400] {processor.py:840} INFO - DAG(s) 'latest_only_with_trigger' retrieved from /Users/manideepakreddyaila/Desktop/projects/Legal_Insights_Engine/.venv/lib/python3.11/site-packages/airflow/example_dags/example_latest_only_with_trigger.py
[2024-04-13T19:02:14.669-0400] {logging_mixin.py:188} INFO - [2024-04-13T19:02:14.669-0400] {dag.py:3096} INFO - Sync 1 DAGs
[2024-04-13T19:02:14.676-0400] {logging_mixin.py:188} INFO - [2024-04-13T19:02:14.676-0400] {dag.py:3954} INFO - Setting next_dagrun for latest_only_with_trigger to 2024-04-13 16:00:00+00:00, run_after=2024-04-13 20:00:00+00:00
[2024-04-13T19:02:14.682-0400] {processor.py:183} INFO - Processing /Users/manideepakreddyaila/Desktop/projects/Legal_Insights_Engine/.venv/lib/python3.11/site-packages/airflow/example_dags/example_latest_only_with_trigger.py took 0.079 seconds
[2024-04-13T19:20:07.599-0400] {processor.py:161} INFO - Started process (PID=31570) to work on /Users/manideepakreddyaila/Desktop/projects/Legal_Insights_Engine/.venv/lib/python3.11/site-packages/airflow/example_dags/example_latest_only_with_trigger.py
[2024-04-13T19:20:07.600-0400] {processor.py:830} INFO - Processing file /Users/manideepakreddyaila/Desktop/projects/Legal_Insights_Engine/.venv/lib/python3.11/site-packages/airflow/example_dags/example_latest_only_with_trigger.py for tasks to queue
[2024-04-13T19:20:07.600-0400] {logging_mixin.py:188} INFO - [2024-04-13T19:20:07.600-0400] {dagbag.py:540} INFO - Filling up the DagBag from /Users/manideepakreddyaila/Desktop/projects/Legal_Insights_Engine/.venv/lib/python3.11/site-packages/airflow/example_dags/example_latest_only_with_trigger.py
[2024-04-13T19:20:07.629-0400] {processor.py:840} INFO - DAG(s) 'latest_only_with_trigger' retrieved from /Users/manideepakreddyaila/Desktop/projects/Legal_Insights_Engine/.venv/lib/python3.11/site-packages/airflow/example_dags/example_latest_only_with_trigger.py
[2024-04-13T19:20:07.665-0400] {logging_mixin.py:188} INFO - [2024-04-13T19:20:07.665-0400] {dag.py:3096} INFO - Sync 1 DAGs
[2024-04-13T19:20:07.671-0400] {logging_mixin.py:188} INFO - [2024-04-13T19:20:07.670-0400] {dag.py:3954} INFO - Setting next_dagrun for latest_only_with_trigger to 2024-04-13 16:00:00+00:00, run_after=2024-04-13 20:00:00+00:00
[2024-04-13T19:20:07.677-0400] {processor.py:183} INFO - Processing /Users/manideepakreddyaila/Desktop/projects/Legal_Insights_Engine/.venv/lib/python3.11/site-packages/airflow/example_dags/example_latest_only_with_trigger.py took 0.079 seconds
