[2024-04-13T14:58:42.520-0400] {processor.py:161} INFO - Started process (PID=30001) to work on /Users/manideepakreddyaila/Desktop/projects/Legal_Insights_Engine/.venv/lib/python3.11/site-packages/airflow/example_dags/example_bash_decorator.py
[2024-04-13T14:58:42.521-0400] {processor.py:830} INFO - Processing file /Users/manideepakreddyaila/Desktop/projects/Legal_Insights_Engine/.venv/lib/python3.11/site-packages/airflow/example_dags/example_bash_decorator.py for tasks to queue
[2024-04-13T14:58:42.522-0400] {logging_mixin.py:188} INFO - [2024-04-13T14:58:42.522-0400] {dagbag.py:540} INFO - Filling up the DagBag from /Users/manideepakreddyaila/Desktop/projects/Legal_Insights_Engine/.venv/lib/python3.11/site-packages/airflow/example_dags/example_bash_decorator.py
[2024-04-13T14:58:42.567-0400] {processor.py:840} INFO - DAG(s) 'example_bash_decorator' retrieved from /Users/manideepakreddyaila/Desktop/projects/Legal_Insights_Engine/.venv/lib/python3.11/site-packages/airflow/example_dags/example_bash_decorator.py
[2024-04-13T14:58:42.632-0400] {logging_mixin.py:188} INFO - [2024-04-13T14:58:42.632-0400] {override.py:1829} INFO - Created Permission View: can read on DAG:example_bash_decorator
[2024-04-13T14:58:42.635-0400] {logging_mixin.py:188} INFO - [2024-04-13T14:58:42.635-0400] {override.py:1829} INFO - Created Permission View: can delete on DAG:example_bash_decorator
[2024-04-13T14:58:42.637-0400] {logging_mixin.py:188} INFO - [2024-04-13T14:58:42.637-0400] {override.py:1829} INFO - Created Permission View: can edit on DAG:example_bash_decorator
[2024-04-13T14:58:42.637-0400] {logging_mixin.py:188} INFO - [2024-04-13T14:58:42.637-0400] {dag.py:3096} INFO - Sync 1 DAGs
[2024-04-13T14:58:42.640-0400] {logging_mixin.py:188} INFO - [2024-04-13T14:58:42.640-0400] {dag.py:3118} INFO - Creating ORM DAG for example_bash_decorator
[2024-04-13T14:58:42.640-0400] {logging_mixin.py:188} INFO - [2024-04-13T14:58:42.640-0400] {dag.py:3954} INFO - Setting next_dagrun for example_bash_decorator to None, run_after=None
[2024-04-13T14:58:42.645-0400] {processor.py:183} INFO - Processing /Users/manideepakreddyaila/Desktop/projects/Legal_Insights_Engine/.venv/lib/python3.11/site-packages/airflow/example_dags/example_bash_decorator.py took 0.126 seconds
[2024-04-13T15:00:39.253-0400] {processor.py:161} INFO - Started process (PID=30110) to work on /Users/manideepakreddyaila/Desktop/projects/Legal_Insights_Engine/.venv/lib/python3.11/site-packages/airflow/example_dags/example_bash_decorator.py
[2024-04-13T15:00:39.254-0400] {processor.py:830} INFO - Processing file /Users/manideepakreddyaila/Desktop/projects/Legal_Insights_Engine/.venv/lib/python3.11/site-packages/airflow/example_dags/example_bash_decorator.py for tasks to queue
[2024-04-13T15:00:39.255-0400] {logging_mixin.py:188} INFO - [2024-04-13T15:00:39.254-0400] {dagbag.py:540} INFO - Filling up the DagBag from /Users/manideepakreddyaila/Desktop/projects/Legal_Insights_Engine/.venv/lib/python3.11/site-packages/airflow/example_dags/example_bash_decorator.py
[2024-04-13T15:00:39.299-0400] {processor.py:840} INFO - DAG(s) 'example_bash_decorator' retrieved from /Users/manideepakreddyaila/Desktop/projects/Legal_Insights_Engine/.venv/lib/python3.11/site-packages/airflow/example_dags/example_bash_decorator.py
[2024-04-13T15:00:39.385-0400] {logging_mixin.py:188} INFO - [2024-04-13T15:00:39.385-0400] {dag.py:3096} INFO - Sync 1 DAGs
[2024-04-13T15:00:39.388-0400] {logging_mixin.py:188} INFO - [2024-04-13T15:00:39.388-0400] {dag.py:3954} INFO - Setting next_dagrun for example_bash_decorator to None, run_after=None
[2024-04-13T15:00:39.395-0400] {processor.py:183} INFO - Processing /Users/manideepakreddyaila/Desktop/projects/Legal_Insights_Engine/.venv/lib/python3.11/site-packages/airflow/example_dags/example_bash_decorator.py took 0.142 seconds
[2024-04-13T15:02:33.104-0400] {processor.py:161} INFO - Started process (PID=30211) to work on /Users/manideepakreddyaila/Desktop/projects/Legal_Insights_Engine/.venv/lib/python3.11/site-packages/airflow/example_dags/example_bash_decorator.py
[2024-04-13T15:02:33.105-0400] {processor.py:830} INFO - Processing file /Users/manideepakreddyaila/Desktop/projects/Legal_Insights_Engine/.venv/lib/python3.11/site-packages/airflow/example_dags/example_bash_decorator.py for tasks to queue
[2024-04-13T15:02:33.105-0400] {logging_mixin.py:188} INFO - [2024-04-13T15:02:33.105-0400] {dagbag.py:540} INFO - Filling up the DagBag from /Users/manideepakreddyaila/Desktop/projects/Legal_Insights_Engine/.venv/lib/python3.11/site-packages/airflow/example_dags/example_bash_decorator.py
[2024-04-13T15:02:33.152-0400] {processor.py:840} INFO - DAG(s) 'example_bash_decorator' retrieved from /Users/manideepakreddyaila/Desktop/projects/Legal_Insights_Engine/.venv/lib/python3.11/site-packages/airflow/example_dags/example_bash_decorator.py
[2024-04-13T15:02:33.232-0400] {logging_mixin.py:188} INFO - [2024-04-13T15:02:33.232-0400] {dag.py:3096} INFO - Sync 1 DAGs
[2024-04-13T15:02:33.235-0400] {logging_mixin.py:188} INFO - [2024-04-13T15:02:33.235-0400] {dag.py:3954} INFO - Setting next_dagrun for example_bash_decorator to None, run_after=None
[2024-04-13T15:02:33.244-0400] {processor.py:183} INFO - Processing /Users/manideepakreddyaila/Desktop/projects/Legal_Insights_Engine/.venv/lib/python3.11/site-packages/airflow/example_dags/example_bash_decorator.py took 0.141 seconds
[2024-04-13T15:04:34.822-0400] {processor.py:161} INFO - Started process (PID=30311) to work on /Users/manideepakreddyaila/Desktop/projects/Legal_Insights_Engine/.venv/lib/python3.11/site-packages/airflow/example_dags/example_bash_decorator.py
[2024-04-13T15:04:34.823-0400] {processor.py:830} INFO - Processing file /Users/manideepakreddyaila/Desktop/projects/Legal_Insights_Engine/.venv/lib/python3.11/site-packages/airflow/example_dags/example_bash_decorator.py for tasks to queue
[2024-04-13T15:04:34.823-0400] {logging_mixin.py:188} INFO - [2024-04-13T15:04:34.823-0400] {dagbag.py:540} INFO - Filling up the DagBag from /Users/manideepakreddyaila/Desktop/projects/Legal_Insights_Engine/.venv/lib/python3.11/site-packages/airflow/example_dags/example_bash_decorator.py
[2024-04-13T15:04:34.872-0400] {processor.py:840} INFO - DAG(s) 'example_bash_decorator' retrieved from /Users/manideepakreddyaila/Desktop/projects/Legal_Insights_Engine/.venv/lib/python3.11/site-packages/airflow/example_dags/example_bash_decorator.py
[2024-04-13T15:04:34.951-0400] {logging_mixin.py:188} INFO - [2024-04-13T15:04:34.950-0400] {dag.py:3096} INFO - Sync 1 DAGs
[2024-04-13T15:04:34.953-0400] {logging_mixin.py:188} INFO - [2024-04-13T15:04:34.953-0400] {dag.py:3954} INFO - Setting next_dagrun for example_bash_decorator to None, run_after=None
[2024-04-13T15:04:34.960-0400] {processor.py:183} INFO - Processing /Users/manideepakreddyaila/Desktop/projects/Legal_Insights_Engine/.venv/lib/python3.11/site-packages/airflow/example_dags/example_bash_decorator.py took 0.139 seconds
[2024-04-13T15:06:34.045-0400] {processor.py:161} INFO - Started process (PID=30464) to work on /Users/manideepakreddyaila/Desktop/projects/Legal_Insights_Engine/.venv/lib/python3.11/site-packages/airflow/example_dags/example_bash_decorator.py
[2024-04-13T15:06:34.046-0400] {processor.py:830} INFO - Processing file /Users/manideepakreddyaila/Desktop/projects/Legal_Insights_Engine/.venv/lib/python3.11/site-packages/airflow/example_dags/example_bash_decorator.py for tasks to queue
[2024-04-13T15:06:34.046-0400] {logging_mixin.py:188} INFO - [2024-04-13T15:06:34.046-0400] {dagbag.py:540} INFO - Filling up the DagBag from /Users/manideepakreddyaila/Desktop/projects/Legal_Insights_Engine/.venv/lib/python3.11/site-packages/airflow/example_dags/example_bash_decorator.py
[2024-04-13T15:06:34.092-0400] {processor.py:840} INFO - DAG(s) 'example_bash_decorator' retrieved from /Users/manideepakreddyaila/Desktop/projects/Legal_Insights_Engine/.venv/lib/python3.11/site-packages/airflow/example_dags/example_bash_decorator.py
[2024-04-13T15:06:34.174-0400] {logging_mixin.py:188} INFO - [2024-04-13T15:06:34.174-0400] {dag.py:3096} INFO - Sync 1 DAGs
[2024-04-13T15:06:34.177-0400] {logging_mixin.py:188} INFO - [2024-04-13T15:06:34.177-0400] {dag.py:3954} INFO - Setting next_dagrun for example_bash_decorator to None, run_after=None
[2024-04-13T15:06:34.183-0400] {processor.py:183} INFO - Processing /Users/manideepakreddyaila/Desktop/projects/Legal_Insights_Engine/.venv/lib/python3.11/site-packages/airflow/example_dags/example_bash_decorator.py took 0.139 seconds
[2024-04-13T15:08:37.966-0400] {processor.py:161} INFO - Started process (PID=30643) to work on /Users/manideepakreddyaila/Desktop/projects/Legal_Insights_Engine/.venv/lib/python3.11/site-packages/airflow/example_dags/example_bash_decorator.py
[2024-04-13T15:08:37.968-0400] {processor.py:830} INFO - Processing file /Users/manideepakreddyaila/Desktop/projects/Legal_Insights_Engine/.venv/lib/python3.11/site-packages/airflow/example_dags/example_bash_decorator.py for tasks to queue
[2024-04-13T15:08:37.968-0400] {logging_mixin.py:188} INFO - [2024-04-13T15:08:37.968-0400] {dagbag.py:540} INFO - Filling up the DagBag from /Users/manideepakreddyaila/Desktop/projects/Legal_Insights_Engine/.venv/lib/python3.11/site-packages/airflow/example_dags/example_bash_decorator.py
[2024-04-13T15:08:38.013-0400] {processor.py:840} INFO - DAG(s) 'example_bash_decorator' retrieved from /Users/manideepakreddyaila/Desktop/projects/Legal_Insights_Engine/.venv/lib/python3.11/site-packages/airflow/example_dags/example_bash_decorator.py
[2024-04-13T15:08:38.102-0400] {logging_mixin.py:188} INFO - [2024-04-13T15:08:38.102-0400] {dag.py:3096} INFO - Sync 1 DAGs
[2024-04-13T15:08:38.105-0400] {logging_mixin.py:188} INFO - [2024-04-13T15:08:38.105-0400] {dag.py:3954} INFO - Setting next_dagrun for example_bash_decorator to None, run_after=None
[2024-04-13T15:08:38.112-0400] {processor.py:183} INFO - Processing /Users/manideepakreddyaila/Desktop/projects/Legal_Insights_Engine/.venv/lib/python3.11/site-packages/airflow/example_dags/example_bash_decorator.py took 0.147 seconds
[2024-04-13T15:15:49.816-0400] {processor.py:161} INFO - Started process (PID=30802) to work on /Users/manideepakreddyaila/Desktop/projects/Legal_Insights_Engine/.venv/lib/python3.11/site-packages/airflow/example_dags/example_bash_decorator.py
[2024-04-13T15:15:49.816-0400] {processor.py:830} INFO - Processing file /Users/manideepakreddyaila/Desktop/projects/Legal_Insights_Engine/.venv/lib/python3.11/site-packages/airflow/example_dags/example_bash_decorator.py for tasks to queue
[2024-04-13T15:15:49.817-0400] {logging_mixin.py:188} INFO - [2024-04-13T15:15:49.816-0400] {dagbag.py:540} INFO - Filling up the DagBag from /Users/manideepakreddyaila/Desktop/projects/Legal_Insights_Engine/.venv/lib/python3.11/site-packages/airflow/example_dags/example_bash_decorator.py
[2024-04-13T15:15:49.864-0400] {processor.py:840} INFO - DAG(s) 'example_bash_decorator' retrieved from /Users/manideepakreddyaila/Desktop/projects/Legal_Insights_Engine/.venv/lib/python3.11/site-packages/airflow/example_dags/example_bash_decorator.py
[2024-04-13T15:15:49.945-0400] {logging_mixin.py:188} INFO - [2024-04-13T15:15:49.945-0400] {dag.py:3096} INFO - Sync 1 DAGs
[2024-04-13T15:15:49.948-0400] {logging_mixin.py:188} INFO - [2024-04-13T15:15:49.948-0400] {dag.py:3954} INFO - Setting next_dagrun for example_bash_decorator to None, run_after=None
[2024-04-13T15:15:49.956-0400] {processor.py:183} INFO - Processing /Users/manideepakreddyaila/Desktop/projects/Legal_Insights_Engine/.venv/lib/python3.11/site-packages/airflow/example_dags/example_bash_decorator.py took 0.142 seconds
[2024-04-13T15:22:08.622-0400] {processor.py:161} INFO - Started process (PID=30951) to work on /Users/manideepakreddyaila/Desktop/projects/Legal_Insights_Engine/.venv/lib/python3.11/site-packages/airflow/example_dags/example_bash_decorator.py
[2024-04-13T15:22:08.622-0400] {processor.py:830} INFO - Processing file /Users/manideepakreddyaila/Desktop/projects/Legal_Insights_Engine/.venv/lib/python3.11/site-packages/airflow/example_dags/example_bash_decorator.py for tasks to queue
[2024-04-13T15:22:08.623-0400] {logging_mixin.py:188} INFO - [2024-04-13T15:22:08.623-0400] {dagbag.py:540} INFO - Filling up the DagBag from /Users/manideepakreddyaila/Desktop/projects/Legal_Insights_Engine/.venv/lib/python3.11/site-packages/airflow/example_dags/example_bash_decorator.py
[2024-04-13T15:22:08.667-0400] {processor.py:840} INFO - DAG(s) 'example_bash_decorator' retrieved from /Users/manideepakreddyaila/Desktop/projects/Legal_Insights_Engine/.venv/lib/python3.11/site-packages/airflow/example_dags/example_bash_decorator.py
[2024-04-13T15:22:08.748-0400] {logging_mixin.py:188} INFO - [2024-04-13T15:22:08.748-0400] {dag.py:3096} INFO - Sync 1 DAGs
[2024-04-13T15:22:08.751-0400] {logging_mixin.py:188} INFO - [2024-04-13T15:22:08.751-0400] {dag.py:3954} INFO - Setting next_dagrun for example_bash_decorator to None, run_after=None
[2024-04-13T15:22:08.757-0400] {processor.py:183} INFO - Processing /Users/manideepakreddyaila/Desktop/projects/Legal_Insights_Engine/.venv/lib/python3.11/site-packages/airflow/example_dags/example_bash_decorator.py took 0.136 seconds
[2024-04-13T18:16:31.604-0400] {processor.py:161} INFO - Started process (PID=31273) to work on /Users/manideepakreddyaila/Desktop/projects/Legal_Insights_Engine/.venv/lib/python3.11/site-packages/airflow/example_dags/example_bash_decorator.py
[2024-04-13T18:16:31.604-0400] {processor.py:830} INFO - Processing file /Users/manideepakreddyaila/Desktop/projects/Legal_Insights_Engine/.venv/lib/python3.11/site-packages/airflow/example_dags/example_bash_decorator.py for tasks to queue
[2024-04-13T18:16:31.605-0400] {logging_mixin.py:188} INFO - [2024-04-13T18:16:31.605-0400] {dagbag.py:540} INFO - Filling up the DagBag from /Users/manideepakreddyaila/Desktop/projects/Legal_Insights_Engine/.venv/lib/python3.11/site-packages/airflow/example_dags/example_bash_decorator.py
[2024-04-13T18:16:31.670-0400] {processor.py:840} INFO - DAG(s) 'example_bash_decorator' retrieved from /Users/manideepakreddyaila/Desktop/projects/Legal_Insights_Engine/.venv/lib/python3.11/site-packages/airflow/example_dags/example_bash_decorator.py
[2024-04-13T18:16:31.761-0400] {logging_mixin.py:188} INFO - [2024-04-13T18:16:31.761-0400] {dag.py:3096} INFO - Sync 1 DAGs
[2024-04-13T18:16:31.764-0400] {logging_mixin.py:188} INFO - [2024-04-13T18:16:31.764-0400] {dag.py:3954} INFO - Setting next_dagrun for example_bash_decorator to None, run_after=None
[2024-04-13T18:16:31.770-0400] {processor.py:183} INFO - Processing /Users/manideepakreddyaila/Desktop/projects/Legal_Insights_Engine/.venv/lib/python3.11/site-packages/airflow/example_dags/example_bash_decorator.py took 0.168 seconds
[2024-04-13T19:02:45.609-0400] {processor.py:161} INFO - Started process (PID=31503) to work on /Users/manideepakreddyaila/Desktop/projects/Legal_Insights_Engine/.venv/lib/python3.11/site-packages/airflow/example_dags/example_bash_decorator.py
[2024-04-13T19:02:45.610-0400] {processor.py:830} INFO - Processing file /Users/manideepakreddyaila/Desktop/projects/Legal_Insights_Engine/.venv/lib/python3.11/site-packages/airflow/example_dags/example_bash_decorator.py for tasks to queue
[2024-04-13T19:02:45.611-0400] {logging_mixin.py:188} INFO - [2024-04-13T19:02:45.610-0400] {dagbag.py:540} INFO - Filling up the DagBag from /Users/manideepakreddyaila/Desktop/projects/Legal_Insights_Engine/.venv/lib/python3.11/site-packages/airflow/example_dags/example_bash_decorator.py
[2024-04-13T19:02:45.652-0400] {processor.py:840} INFO - DAG(s) 'example_bash_decorator' retrieved from /Users/manideepakreddyaila/Desktop/projects/Legal_Insights_Engine/.venv/lib/python3.11/site-packages/airflow/example_dags/example_bash_decorator.py
[2024-04-13T19:02:45.731-0400] {logging_mixin.py:188} INFO - [2024-04-13T19:02:45.731-0400] {dag.py:3096} INFO - Sync 1 DAGs
[2024-04-13T19:02:45.735-0400] {logging_mixin.py:188} INFO - [2024-04-13T19:02:45.734-0400] {dag.py:3954} INFO - Setting next_dagrun for example_bash_decorator to None, run_after=None
[2024-04-13T19:02:45.741-0400] {processor.py:183} INFO - Processing /Users/manideepakreddyaila/Desktop/projects/Legal_Insights_Engine/.venv/lib/python3.11/site-packages/airflow/example_dags/example_bash_decorator.py took 0.132 seconds
