[2024-04-13T14:58:01.141-0400] {processor.py:161} INFO - Started process (PID=29954) to work on /Users/manideepakreddyaila/Desktop/projects/Legal_Insights_Engine/.venv/lib/python3.11/site-packages/airflow/example_dags/example_python_decorator.py
[2024-04-13T14:58:01.142-0400] {processor.py:830} INFO - Processing file /Users/manideepakreddyaila/Desktop/projects/Legal_Insights_Engine/.venv/lib/python3.11/site-packages/airflow/example_dags/example_python_decorator.py for tasks to queue
[2024-04-13T14:58:01.142-0400] {logging_mixin.py:188} INFO - [2024-04-13T14:58:01.142-0400] {dagbag.py:540} INFO - Filling up the DagBag from /Users/manideepakreddyaila/Desktop/projects/Legal_Insights_Engine/.venv/lib/python3.11/site-packages/airflow/example_dags/example_python_decorator.py
[2024-04-13T14:58:01.183-0400] {logging_mixin.py:188} INFO - [2024-04-13T14:58:01.183-0400] {example_python_decorator.py:80} WARNING - The virtalenv_python example task requires virtualenv, please install it.
[2024-04-13T14:58:01.184-0400] {processor.py:840} INFO - DAG(s) 'example_python_decorator' retrieved from /Users/manideepakreddyaila/Desktop/projects/Legal_Insights_Engine/.venv/lib/python3.11/site-packages/airflow/example_dags/example_python_decorator.py
[2024-04-13T14:58:01.249-0400] {logging_mixin.py:188} INFO - [2024-04-13T14:58:01.249-0400] {override.py:1829} INFO - Created Permission View: can edit on DAG:example_python_decorator
[2024-04-13T14:58:01.252-0400] {logging_mixin.py:188} INFO - [2024-04-13T14:58:01.252-0400] {override.py:1829} INFO - Created Permission View: can read on DAG:example_python_decorator
[2024-04-13T14:58:01.254-0400] {logging_mixin.py:188} INFO - [2024-04-13T14:58:01.254-0400] {override.py:1829} INFO - Created Permission View: can delete on DAG:example_python_decorator
[2024-04-13T14:58:01.254-0400] {logging_mixin.py:188} INFO - [2024-04-13T14:58:01.254-0400] {dag.py:3096} INFO - Sync 1 DAGs
[2024-04-13T14:58:01.257-0400] {logging_mixin.py:188} INFO - [2024-04-13T14:58:01.257-0400] {dag.py:3118} INFO - Creating ORM DAG for example_python_decorator
[2024-04-13T14:58:01.257-0400] {logging_mixin.py:188} INFO - [2024-04-13T14:58:01.257-0400] {dag.py:3954} INFO - Setting next_dagrun for example_python_decorator to None, run_after=None
[2024-04-13T14:58:01.263-0400] {processor.py:183} INFO - Processing /Users/manideepakreddyaila/Desktop/projects/Legal_Insights_Engine/.venv/lib/python3.11/site-packages/airflow/example_dags/example_python_decorator.py took 0.122 seconds
[2024-04-13T14:59:29.569-0400] {processor.py:161} INFO - Started process (PID=30048) to work on /Users/manideepakreddyaila/Desktop/projects/Legal_Insights_Engine/.venv/lib/python3.11/site-packages/airflow/example_dags/example_python_decorator.py
[2024-04-13T14:59:29.570-0400] {processor.py:830} INFO - Processing file /Users/manideepakreddyaila/Desktop/projects/Legal_Insights_Engine/.venv/lib/python3.11/site-packages/airflow/example_dags/example_python_decorator.py for tasks to queue
[2024-04-13T14:59:29.570-0400] {logging_mixin.py:188} INFO - [2024-04-13T14:59:29.570-0400] {dagbag.py:540} INFO - Filling up the DagBag from /Users/manideepakreddyaila/Desktop/projects/Legal_Insights_Engine/.venv/lib/python3.11/site-packages/airflow/example_dags/example_python_decorator.py
[2024-04-13T14:59:29.615-0400] {logging_mixin.py:188} INFO - [2024-04-13T14:59:29.615-0400] {example_python_decorator.py:80} WARNING - The virtalenv_python example task requires virtualenv, please install it.
[2024-04-13T14:59:29.616-0400] {processor.py:840} INFO - DAG(s) 'example_python_decorator' retrieved from /Users/manideepakreddyaila/Desktop/projects/Legal_Insights_Engine/.venv/lib/python3.11/site-packages/airflow/example_dags/example_python_decorator.py
[2024-04-13T14:59:29.651-0400] {logging_mixin.py:188} INFO - [2024-04-13T14:59:29.651-0400] {dag.py:3096} INFO - Sync 1 DAGs
[2024-04-13T14:59:29.655-0400] {logging_mixin.py:188} INFO - [2024-04-13T14:59:29.655-0400] {dag.py:3954} INFO - Setting next_dagrun for example_python_decorator to None, run_after=None
[2024-04-13T14:59:29.662-0400] {processor.py:183} INFO - Processing /Users/manideepakreddyaila/Desktop/projects/Legal_Insights_Engine/.venv/lib/python3.11/site-packages/airflow/example_dags/example_python_decorator.py took 0.093 seconds
[2024-04-13T15:01:27.532-0400] {processor.py:161} INFO - Started process (PID=30156) to work on /Users/manideepakreddyaila/Desktop/projects/Legal_Insights_Engine/.venv/lib/python3.11/site-packages/airflow/example_dags/example_python_decorator.py
[2024-04-13T15:01:27.533-0400] {processor.py:830} INFO - Processing file /Users/manideepakreddyaila/Desktop/projects/Legal_Insights_Engine/.venv/lib/python3.11/site-packages/airflow/example_dags/example_python_decorator.py for tasks to queue
[2024-04-13T15:01:27.533-0400] {logging_mixin.py:188} INFO - [2024-04-13T15:01:27.533-0400] {dagbag.py:540} INFO - Filling up the DagBag from /Users/manideepakreddyaila/Desktop/projects/Legal_Insights_Engine/.venv/lib/python3.11/site-packages/airflow/example_dags/example_python_decorator.py
[2024-04-13T15:01:27.571-0400] {logging_mixin.py:188} INFO - [2024-04-13T15:01:27.571-0400] {example_python_decorator.py:80} WARNING - The virtalenv_python example task requires virtualenv, please install it.
[2024-04-13T15:01:27.572-0400] {processor.py:840} INFO - DAG(s) 'example_python_decorator' retrieved from /Users/manideepakreddyaila/Desktop/projects/Legal_Insights_Engine/.venv/lib/python3.11/site-packages/airflow/example_dags/example_python_decorator.py
[2024-04-13T15:01:27.607-0400] {logging_mixin.py:188} INFO - [2024-04-13T15:01:27.606-0400] {dag.py:3096} INFO - Sync 1 DAGs
[2024-04-13T15:01:27.610-0400] {logging_mixin.py:188} INFO - [2024-04-13T15:01:27.610-0400] {dag.py:3954} INFO - Setting next_dagrun for example_python_decorator to None, run_after=None
[2024-04-13T15:01:27.616-0400] {processor.py:183} INFO - Processing /Users/manideepakreddyaila/Desktop/projects/Legal_Insights_Engine/.venv/lib/python3.11/site-packages/airflow/example_dags/example_python_decorator.py took 0.085 seconds
[2024-04-13T15:03:22.677-0400] {processor.py:161} INFO - Started process (PID=30256) to work on /Users/manideepakreddyaila/Desktop/projects/Legal_Insights_Engine/.venv/lib/python3.11/site-packages/airflow/example_dags/example_python_decorator.py
[2024-04-13T15:03:22.677-0400] {processor.py:830} INFO - Processing file /Users/manideepakreddyaila/Desktop/projects/Legal_Insights_Engine/.venv/lib/python3.11/site-packages/airflow/example_dags/example_python_decorator.py for tasks to queue
[2024-04-13T15:03:22.678-0400] {logging_mixin.py:188} INFO - [2024-04-13T15:03:22.678-0400] {dagbag.py:540} INFO - Filling up the DagBag from /Users/manideepakreddyaila/Desktop/projects/Legal_Insights_Engine/.venv/lib/python3.11/site-packages/airflow/example_dags/example_python_decorator.py
[2024-04-13T15:03:22.716-0400] {logging_mixin.py:188} INFO - [2024-04-13T15:03:22.716-0400] {example_python_decorator.py:80} WARNING - The virtalenv_python example task requires virtualenv, please install it.
[2024-04-13T15:03:22.717-0400] {processor.py:840} INFO - DAG(s) 'example_python_decorator' retrieved from /Users/manideepakreddyaila/Desktop/projects/Legal_Insights_Engine/.venv/lib/python3.11/site-packages/airflow/example_dags/example_python_decorator.py
[2024-04-13T15:03:22.752-0400] {logging_mixin.py:188} INFO - [2024-04-13T15:03:22.752-0400] {dag.py:3096} INFO - Sync 1 DAGs
[2024-04-13T15:03:22.756-0400] {logging_mixin.py:188} INFO - [2024-04-13T15:03:22.755-0400] {dag.py:3954} INFO - Setting next_dagrun for example_python_decorator to None, run_after=None
[2024-04-13T15:03:22.761-0400] {processor.py:183} INFO - Processing /Users/manideepakreddyaila/Desktop/projects/Legal_Insights_Engine/.venv/lib/python3.11/site-packages/airflow/example_dags/example_python_decorator.py took 0.086 seconds
[2024-04-13T15:05:22.966-0400] {processor.py:161} INFO - Started process (PID=30378) to work on /Users/manideepakreddyaila/Desktop/projects/Legal_Insights_Engine/.venv/lib/python3.11/site-packages/airflow/example_dags/example_python_decorator.py
[2024-04-13T15:05:22.967-0400] {processor.py:830} INFO - Processing file /Users/manideepakreddyaila/Desktop/projects/Legal_Insights_Engine/.venv/lib/python3.11/site-packages/airflow/example_dags/example_python_decorator.py for tasks to queue
[2024-04-13T15:05:22.967-0400] {logging_mixin.py:188} INFO - [2024-04-13T15:05:22.967-0400] {dagbag.py:540} INFO - Filling up the DagBag from /Users/manideepakreddyaila/Desktop/projects/Legal_Insights_Engine/.venv/lib/python3.11/site-packages/airflow/example_dags/example_python_decorator.py
[2024-04-13T15:05:23.007-0400] {logging_mixin.py:188} INFO - [2024-04-13T15:05:23.007-0400] {example_python_decorator.py:80} WARNING - The virtalenv_python example task requires virtualenv, please install it.
[2024-04-13T15:05:23.008-0400] {processor.py:840} INFO - DAG(s) 'example_python_decorator' retrieved from /Users/manideepakreddyaila/Desktop/projects/Legal_Insights_Engine/.venv/lib/python3.11/site-packages/airflow/example_dags/example_python_decorator.py
[2024-04-13T15:05:23.043-0400] {logging_mixin.py:188} INFO - [2024-04-13T15:05:23.043-0400] {dag.py:3096} INFO - Sync 1 DAGs
[2024-04-13T15:05:23.047-0400] {logging_mixin.py:188} INFO - [2024-04-13T15:05:23.047-0400] {dag.py:3954} INFO - Setting next_dagrun for example_python_decorator to None, run_after=None
[2024-04-13T15:05:23.053-0400] {processor.py:183} INFO - Processing /Users/manideepakreddyaila/Desktop/projects/Legal_Insights_Engine/.venv/lib/python3.11/site-packages/airflow/example_dags/example_python_decorator.py took 0.088 seconds
[2024-04-13T15:07:23.929-0400] {processor.py:161} INFO - Started process (PID=30534) to work on /Users/manideepakreddyaila/Desktop/projects/Legal_Insights_Engine/.venv/lib/python3.11/site-packages/airflow/example_dags/example_python_decorator.py
[2024-04-13T15:07:23.930-0400] {processor.py:830} INFO - Processing file /Users/manideepakreddyaila/Desktop/projects/Legal_Insights_Engine/.venv/lib/python3.11/site-packages/airflow/example_dags/example_python_decorator.py for tasks to queue
[2024-04-13T15:07:23.930-0400] {logging_mixin.py:188} INFO - [2024-04-13T15:07:23.930-0400] {dagbag.py:540} INFO - Filling up the DagBag from /Users/manideepakreddyaila/Desktop/projects/Legal_Insights_Engine/.venv/lib/python3.11/site-packages/airflow/example_dags/example_python_decorator.py
[2024-04-13T15:07:23.970-0400] {logging_mixin.py:188} INFO - [2024-04-13T15:07:23.970-0400] {example_python_decorator.py:80} WARNING - The virtalenv_python example task requires virtualenv, please install it.
[2024-04-13T15:07:23.971-0400] {processor.py:840} INFO - DAG(s) 'example_python_decorator' retrieved from /Users/manideepakreddyaila/Desktop/projects/Legal_Insights_Engine/.venv/lib/python3.11/site-packages/airflow/example_dags/example_python_decorator.py
[2024-04-13T15:07:24.007-0400] {logging_mixin.py:188} INFO - [2024-04-13T15:07:24.007-0400] {dag.py:3096} INFO - Sync 1 DAGs
[2024-04-13T15:07:24.011-0400] {logging_mixin.py:188} INFO - [2024-04-13T15:07:24.010-0400] {dag.py:3954} INFO - Setting next_dagrun for example_python_decorator to None, run_after=None
[2024-04-13T15:07:24.016-0400] {processor.py:183} INFO - Processing /Users/manideepakreddyaila/Desktop/projects/Legal_Insights_Engine/.venv/lib/python3.11/site-packages/airflow/example_dags/example_python_decorator.py took 0.088 seconds
[2024-04-13T15:14:37.564-0400] {processor.py:161} INFO - Started process (PID=30732) to work on /Users/manideepakreddyaila/Desktop/projects/Legal_Insights_Engine/.venv/lib/python3.11/site-packages/airflow/example_dags/example_python_decorator.py
[2024-04-13T15:14:37.566-0400] {processor.py:830} INFO - Processing file /Users/manideepakreddyaila/Desktop/projects/Legal_Insights_Engine/.venv/lib/python3.11/site-packages/airflow/example_dags/example_python_decorator.py for tasks to queue
[2024-04-13T15:14:37.566-0400] {logging_mixin.py:188} INFO - [2024-04-13T15:14:37.566-0400] {dagbag.py:540} INFO - Filling up the DagBag from /Users/manideepakreddyaila/Desktop/projects/Legal_Insights_Engine/.venv/lib/python3.11/site-packages/airflow/example_dags/example_python_decorator.py
[2024-04-13T15:14:37.604-0400] {logging_mixin.py:188} INFO - [2024-04-13T15:14:37.604-0400] {example_python_decorator.py:80} WARNING - The virtalenv_python example task requires virtualenv, please install it.
[2024-04-13T15:14:37.605-0400] {processor.py:840} INFO - DAG(s) 'example_python_decorator' retrieved from /Users/manideepakreddyaila/Desktop/projects/Legal_Insights_Engine/.venv/lib/python3.11/site-packages/airflow/example_dags/example_python_decorator.py
[2024-04-13T15:14:37.640-0400] {logging_mixin.py:188} INFO - [2024-04-13T15:14:37.640-0400] {dag.py:3096} INFO - Sync 1 DAGs
[2024-04-13T15:14:37.644-0400] {logging_mixin.py:188} INFO - [2024-04-13T15:14:37.643-0400] {dag.py:3954} INFO - Setting next_dagrun for example_python_decorator to None, run_after=None
[2024-04-13T15:14:37.649-0400] {processor.py:183} INFO - Processing /Users/manideepakreddyaila/Desktop/projects/Legal_Insights_Engine/.venv/lib/python3.11/site-packages/airflow/example_dags/example_python_decorator.py took 0.087 seconds
[2024-04-13T15:16:35.251-0400] {processor.py:161} INFO - Started process (PID=30850) to work on /Users/manideepakreddyaila/Desktop/projects/Legal_Insights_Engine/.venv/lib/python3.11/site-packages/airflow/example_dags/example_python_decorator.py
[2024-04-13T15:16:35.252-0400] {processor.py:830} INFO - Processing file /Users/manideepakreddyaila/Desktop/projects/Legal_Insights_Engine/.venv/lib/python3.11/site-packages/airflow/example_dags/example_python_decorator.py for tasks to queue
[2024-04-13T15:16:35.252-0400] {logging_mixin.py:188} INFO - [2024-04-13T15:16:35.252-0400] {dagbag.py:540} INFO - Filling up the DagBag from /Users/manideepakreddyaila/Desktop/projects/Legal_Insights_Engine/.venv/lib/python3.11/site-packages/airflow/example_dags/example_python_decorator.py
[2024-04-13T15:16:35.294-0400] {logging_mixin.py:188} INFO - [2024-04-13T15:16:35.294-0400] {example_python_decorator.py:80} WARNING - The virtalenv_python example task requires virtualenv, please install it.
[2024-04-13T15:16:35.295-0400] {processor.py:840} INFO - DAG(s) 'example_python_decorator' retrieved from /Users/manideepakreddyaila/Desktop/projects/Legal_Insights_Engine/.venv/lib/python3.11/site-packages/airflow/example_dags/example_python_decorator.py
[2024-04-13T15:16:35.331-0400] {logging_mixin.py:188} INFO - [2024-04-13T15:16:35.331-0400] {dag.py:3096} INFO - Sync 1 DAGs
[2024-04-13T15:16:35.335-0400] {logging_mixin.py:188} INFO - [2024-04-13T15:16:35.334-0400] {dag.py:3954} INFO - Setting next_dagrun for example_python_decorator to None, run_after=None
[2024-04-13T15:16:35.341-0400] {processor.py:183} INFO - Processing /Users/manideepakreddyaila/Desktop/projects/Legal_Insights_Engine/.venv/lib/python3.11/site-packages/airflow/example_dags/example_python_decorator.py took 0.091 seconds
[2024-04-13T15:27:27.560-0400] {processor.py:161} INFO - Started process (PID=31032) to work on /Users/manideepakreddyaila/Desktop/projects/Legal_Insights_Engine/.venv/lib/python3.11/site-packages/airflow/example_dags/example_python_decorator.py
[2024-04-13T15:27:27.561-0400] {processor.py:830} INFO - Processing file /Users/manideepakreddyaila/Desktop/projects/Legal_Insights_Engine/.venv/lib/python3.11/site-packages/airflow/example_dags/example_python_decorator.py for tasks to queue
[2024-04-13T15:27:27.561-0400] {logging_mixin.py:188} INFO - [2024-04-13T15:27:27.561-0400] {dagbag.py:540} INFO - Filling up the DagBag from /Users/manideepakreddyaila/Desktop/projects/Legal_Insights_Engine/.venv/lib/python3.11/site-packages/airflow/example_dags/example_python_decorator.py
[2024-04-13T15:27:27.600-0400] {logging_mixin.py:188} INFO - [2024-04-13T15:27:27.600-0400] {example_python_decorator.py:80} WARNING - The virtalenv_python example task requires virtualenv, please install it.
[2024-04-13T15:27:27.601-0400] {processor.py:840} INFO - DAG(s) 'example_python_decorator' retrieved from /Users/manideepakreddyaila/Desktop/projects/Legal_Insights_Engine/.venv/lib/python3.11/site-packages/airflow/example_dags/example_python_decorator.py
[2024-04-13T15:27:27.637-0400] {logging_mixin.py:188} INFO - [2024-04-13T15:27:27.637-0400] {dag.py:3096} INFO - Sync 1 DAGs
[2024-04-13T15:27:27.641-0400] {logging_mixin.py:188} INFO - [2024-04-13T15:27:27.641-0400] {dag.py:3954} INFO - Setting next_dagrun for example_python_decorator to None, run_after=None
[2024-04-13T15:27:27.648-0400] {processor.py:183} INFO - Processing /Users/manideepakreddyaila/Desktop/projects/Legal_Insights_Engine/.venv/lib/python3.11/site-packages/airflow/example_dags/example_python_decorator.py took 0.088 seconds
[2024-04-13T17:52:09.704-0400] {processor.py:161} INFO - Started process (PID=31195) to work on /Users/manideepakreddyaila/Desktop/projects/Legal_Insights_Engine/.venv/lib/python3.11/site-packages/airflow/example_dags/example_python_decorator.py
[2024-04-13T17:52:09.705-0400] {processor.py:830} INFO - Processing file /Users/manideepakreddyaila/Desktop/projects/Legal_Insights_Engine/.venv/lib/python3.11/site-packages/airflow/example_dags/example_python_decorator.py for tasks to queue
[2024-04-13T17:52:09.705-0400] {logging_mixin.py:188} INFO - [2024-04-13T17:52:09.705-0400] {dagbag.py:540} INFO - Filling up the DagBag from /Users/manideepakreddyaila/Desktop/projects/Legal_Insights_Engine/.venv/lib/python3.11/site-packages/airflow/example_dags/example_python_decorator.py
[2024-04-13T17:52:09.752-0400] {logging_mixin.py:188} INFO - [2024-04-13T17:52:09.752-0400] {example_python_decorator.py:80} WARNING - The virtalenv_python example task requires virtualenv, please install it.
[2024-04-13T17:52:09.753-0400] {processor.py:840} INFO - DAG(s) 'example_python_decorator' retrieved from /Users/manideepakreddyaila/Desktop/projects/Legal_Insights_Engine/.venv/lib/python3.11/site-packages/airflow/example_dags/example_python_decorator.py
[2024-04-13T17:52:09.791-0400] {logging_mixin.py:188} INFO - [2024-04-13T17:52:09.791-0400] {dag.py:3096} INFO - Sync 1 DAGs
[2024-04-13T17:52:09.795-0400] {logging_mixin.py:188} INFO - [2024-04-13T17:52:09.795-0400] {dag.py:3954} INFO - Setting next_dagrun for example_python_decorator to None, run_after=None
[2024-04-13T17:52:09.802-0400] {processor.py:183} INFO - Processing /Users/manideepakreddyaila/Desktop/projects/Legal_Insights_Engine/.venv/lib/python3.11/site-packages/airflow/example_dags/example_python_decorator.py took 0.098 seconds
[2024-04-13T18:19:53.636-0400] {processor.py:161} INFO - Started process (PID=31340) to work on /Users/manideepakreddyaila/Desktop/projects/Legal_Insights_Engine/.venv/lib/python3.11/site-packages/airflow/example_dags/example_python_decorator.py
[2024-04-13T18:19:53.636-0400] {processor.py:830} INFO - Processing file /Users/manideepakreddyaila/Desktop/projects/Legal_Insights_Engine/.venv/lib/python3.11/site-packages/airflow/example_dags/example_python_decorator.py for tasks to queue
[2024-04-13T18:19:53.637-0400] {logging_mixin.py:188} INFO - [2024-04-13T18:19:53.636-0400] {dagbag.py:540} INFO - Filling up the DagBag from /Users/manideepakreddyaila/Desktop/projects/Legal_Insights_Engine/.venv/lib/python3.11/site-packages/airflow/example_dags/example_python_decorator.py
[2024-04-13T18:19:53.675-0400] {logging_mixin.py:188} INFO - [2024-04-13T18:19:53.675-0400] {example_python_decorator.py:80} WARNING - The virtalenv_python example task requires virtualenv, please install it.
[2024-04-13T18:19:53.676-0400] {processor.py:840} INFO - DAG(s) 'example_python_decorator' retrieved from /Users/manideepakreddyaila/Desktop/projects/Legal_Insights_Engine/.venv/lib/python3.11/site-packages/airflow/example_dags/example_python_decorator.py
[2024-04-13T18:19:53.711-0400] {logging_mixin.py:188} INFO - [2024-04-13T18:19:53.711-0400] {dag.py:3096} INFO - Sync 1 DAGs
[2024-04-13T18:19:53.714-0400] {logging_mixin.py:188} INFO - [2024-04-13T18:19:53.714-0400] {dag.py:3954} INFO - Setting next_dagrun for example_python_decorator to None, run_after=None
[2024-04-13T18:19:53.720-0400] {processor.py:183} INFO - Processing /Users/manideepakreddyaila/Desktop/projects/Legal_Insights_Engine/.venv/lib/python3.11/site-packages/airflow/example_dags/example_python_decorator.py took 0.085 seconds
[2024-04-13T18:59:57.616-0400] {processor.py:161} INFO - Started process (PID=31465) to work on /Users/manideepakreddyaila/Desktop/projects/Legal_Insights_Engine/.venv/lib/python3.11/site-packages/airflow/example_dags/example_python_decorator.py
[2024-04-13T18:59:57.617-0400] {processor.py:830} INFO - Processing file /Users/manideepakreddyaila/Desktop/projects/Legal_Insights_Engine/.venv/lib/python3.11/site-packages/airflow/example_dags/example_python_decorator.py for tasks to queue
[2024-04-13T18:59:57.617-0400] {logging_mixin.py:188} INFO - [2024-04-13T18:59:57.617-0400] {dagbag.py:540} INFO - Filling up the DagBag from /Users/manideepakreddyaila/Desktop/projects/Legal_Insights_Engine/.venv/lib/python3.11/site-packages/airflow/example_dags/example_python_decorator.py
[2024-04-13T18:59:57.655-0400] {logging_mixin.py:188} INFO - [2024-04-13T18:59:57.655-0400] {example_python_decorator.py:80} WARNING - The virtalenv_python example task requires virtualenv, please install it.
[2024-04-13T18:59:57.656-0400] {processor.py:840} INFO - DAG(s) 'example_python_decorator' retrieved from /Users/manideepakreddyaila/Desktop/projects/Legal_Insights_Engine/.venv/lib/python3.11/site-packages/airflow/example_dags/example_python_decorator.py
[2024-04-13T18:59:57.691-0400] {logging_mixin.py:188} INFO - [2024-04-13T18:59:57.691-0400] {dag.py:3096} INFO - Sync 1 DAGs
[2024-04-13T18:59:57.694-0400] {logging_mixin.py:188} INFO - [2024-04-13T18:59:57.694-0400] {dag.py:3954} INFO - Setting next_dagrun for example_python_decorator to None, run_after=None
[2024-04-13T18:59:57.701-0400] {processor.py:183} INFO - Processing /Users/manideepakreddyaila/Desktop/projects/Legal_Insights_Engine/.venv/lib/python3.11/site-packages/airflow/example_dags/example_python_decorator.py took 0.086 seconds
[2024-04-13T19:10:42.935-0400] {processor.py:161} INFO - Started process (PID=31564) to work on /Users/manideepakreddyaila/Desktop/projects/Legal_Insights_Engine/.venv/lib/python3.11/site-packages/airflow/example_dags/example_python_decorator.py
[2024-04-13T19:10:42.936-0400] {processor.py:830} INFO - Processing file /Users/manideepakreddyaila/Desktop/projects/Legal_Insights_Engine/.venv/lib/python3.11/site-packages/airflow/example_dags/example_python_decorator.py for tasks to queue
[2024-04-13T19:10:42.936-0400] {logging_mixin.py:188} INFO - [2024-04-13T19:10:42.936-0400] {dagbag.py:540} INFO - Filling up the DagBag from /Users/manideepakreddyaila/Desktop/projects/Legal_Insights_Engine/.venv/lib/python3.11/site-packages/airflow/example_dags/example_python_decorator.py
[2024-04-13T19:10:42.974-0400] {logging_mixin.py:188} INFO - [2024-04-13T19:10:42.974-0400] {example_python_decorator.py:80} WARNING - The virtalenv_python example task requires virtualenv, please install it.
[2024-04-13T19:10:42.975-0400] {processor.py:840} INFO - DAG(s) 'example_python_decorator' retrieved from /Users/manideepakreddyaila/Desktop/projects/Legal_Insights_Engine/.venv/lib/python3.11/site-packages/airflow/example_dags/example_python_decorator.py
[2024-04-13T19:10:43.010-0400] {logging_mixin.py:188} INFO - [2024-04-13T19:10:43.010-0400] {dag.py:3096} INFO - Sync 1 DAGs
[2024-04-13T19:10:43.014-0400] {logging_mixin.py:188} INFO - [2024-04-13T19:10:43.014-0400] {dag.py:3954} INFO - Setting next_dagrun for example_python_decorator to None, run_after=None
[2024-04-13T19:10:43.020-0400] {processor.py:183} INFO - Processing /Users/manideepakreddyaila/Desktop/projects/Legal_Insights_Engine/.venv/lib/python3.11/site-packages/airflow/example_dags/example_python_decorator.py took 0.085 seconds
