[2024-04-13T14:57:48.181-0400] {processor.py:161} INFO - Started process (PID=29944) to work on /Users/manideepakreddyaila/Desktop/projects/Legal_Insights_Engine/.venv/lib/python3.11/site-packages/airflow/example_dags/example_short_circuit_decorator.py
[2024-04-13T14:57:48.182-0400] {processor.py:830} INFO - Processing file /Users/manideepakreddyaila/Desktop/projects/Legal_Insights_Engine/.venv/lib/python3.11/site-packages/airflow/example_dags/example_short_circuit_decorator.py for tasks to queue
[2024-04-13T14:57:48.183-0400] {logging_mixin.py:188} INFO - [2024-04-13T14:57:48.183-0400] {dagbag.py:540} INFO - Filling up the DagBag from /Users/manideepakreddyaila/Desktop/projects/Legal_Insights_Engine/.venv/lib/python3.11/site-packages/airflow/example_dags/example_short_circuit_decorator.py
[2024-04-13T14:57:48.236-0400] {processor.py:840} INFO - DAG(s) 'example_short_circuit_decorator' retrieved from /Users/manideepakreddyaila/Desktop/projects/Legal_Insights_Engine/.venv/lib/python3.11/site-packages/airflow/example_dags/example_short_circuit_decorator.py
[2024-04-13T14:57:48.362-0400] {logging_mixin.py:188} INFO - [2024-04-13T14:57:48.362-0400] {override.py:1829} INFO - Created Permission View: can edit on DAG:example_short_circuit_decorator
[2024-04-13T14:57:48.390-0400] {logging_mixin.py:188} INFO - [2024-04-13T14:57:48.390-0400] {override.py:1829} INFO - Created Permission View: can read on DAG:example_short_circuit_decorator
[2024-04-13T14:57:48.396-0400] {logging_mixin.py:188} INFO - [2024-04-13T14:57:48.393-0400] {override.py:1829} INFO - Created Permission View: can delete on DAG:example_short_circuit_decorator
[2024-04-13T14:57:48.397-0400] {logging_mixin.py:188} INFO - [2024-04-13T14:57:48.396-0400] {dag.py:3096} INFO - Sync 1 DAGs
[2024-04-13T14:57:48.403-0400] {logging_mixin.py:188} INFO - [2024-04-13T14:57:48.403-0400] {dag.py:3118} INFO - Creating ORM DAG for example_short_circuit_decorator
[2024-04-13T14:57:48.411-0400] {logging_mixin.py:188} INFO - [2024-04-13T14:57:48.411-0400] {dag.py:3954} INFO - Setting next_dagrun for example_short_circuit_decorator to 2024-04-12 00:00:00+00:00, run_after=2024-04-13 00:00:00+00:00
[2024-04-13T14:57:48.443-0400] {processor.py:183} INFO - Processing /Users/manideepakreddyaila/Desktop/projects/Legal_Insights_Engine/.venv/lib/python3.11/site-packages/airflow/example_dags/example_short_circuit_decorator.py took 0.264 seconds
[2024-04-13T14:59:19.965-0400] {processor.py:161} INFO - Started process (PID=30037) to work on /Users/manideepakreddyaila/Desktop/projects/Legal_Insights_Engine/.venv/lib/python3.11/site-packages/airflow/example_dags/example_short_circuit_decorator.py
[2024-04-13T14:59:19.965-0400] {processor.py:830} INFO - Processing file /Users/manideepakreddyaila/Desktop/projects/Legal_Insights_Engine/.venv/lib/python3.11/site-packages/airflow/example_dags/example_short_circuit_decorator.py for tasks to queue
[2024-04-13T14:59:19.966-0400] {logging_mixin.py:188} INFO - [2024-04-13T14:59:19.966-0400] {dagbag.py:540} INFO - Filling up the DagBag from /Users/manideepakreddyaila/Desktop/projects/Legal_Insights_Engine/.venv/lib/python3.11/site-packages/airflow/example_dags/example_short_circuit_decorator.py
[2024-04-13T14:59:20.007-0400] {processor.py:840} INFO - DAG(s) 'example_short_circuit_decorator' retrieved from /Users/manideepakreddyaila/Desktop/projects/Legal_Insights_Engine/.venv/lib/python3.11/site-packages/airflow/example_dags/example_short_circuit_decorator.py
[2024-04-13T14:59:20.043-0400] {logging_mixin.py:188} INFO - [2024-04-13T14:59:20.043-0400] {dag.py:3096} INFO - Sync 1 DAGs
[2024-04-13T14:59:20.049-0400] {logging_mixin.py:188} INFO - [2024-04-13T14:59:20.049-0400] {dag.py:3954} INFO - Setting next_dagrun for example_short_circuit_decorator to 2024-04-12 00:00:00+00:00, run_after=2024-04-13 00:00:00+00:00
[2024-04-13T14:59:20.055-0400] {processor.py:183} INFO - Processing /Users/manideepakreddyaila/Desktop/projects/Legal_Insights_Engine/.venv/lib/python3.11/site-packages/airflow/example_dags/example_short_circuit_decorator.py took 0.091 seconds
[2024-04-13T15:01:18.786-0400] {processor.py:161} INFO - Started process (PID=30148) to work on /Users/manideepakreddyaila/Desktop/projects/Legal_Insights_Engine/.venv/lib/python3.11/site-packages/airflow/example_dags/example_short_circuit_decorator.py
[2024-04-13T15:01:18.787-0400] {processor.py:830} INFO - Processing file /Users/manideepakreddyaila/Desktop/projects/Legal_Insights_Engine/.venv/lib/python3.11/site-packages/airflow/example_dags/example_short_circuit_decorator.py for tasks to queue
[2024-04-13T15:01:18.787-0400] {logging_mixin.py:188} INFO - [2024-04-13T15:01:18.787-0400] {dagbag.py:540} INFO - Filling up the DagBag from /Users/manideepakreddyaila/Desktop/projects/Legal_Insights_Engine/.venv/lib/python3.11/site-packages/airflow/example_dags/example_short_circuit_decorator.py
[2024-04-13T15:01:18.827-0400] {processor.py:840} INFO - DAG(s) 'example_short_circuit_decorator' retrieved from /Users/manideepakreddyaila/Desktop/projects/Legal_Insights_Engine/.venv/lib/python3.11/site-packages/airflow/example_dags/example_short_circuit_decorator.py
[2024-04-13T15:01:18.862-0400] {logging_mixin.py:188} INFO - [2024-04-13T15:01:18.862-0400] {dag.py:3096} INFO - Sync 1 DAGs
[2024-04-13T15:01:18.868-0400] {logging_mixin.py:188} INFO - [2024-04-13T15:01:18.868-0400] {dag.py:3954} INFO - Setting next_dagrun for example_short_circuit_decorator to 2024-04-12 00:00:00+00:00, run_after=2024-04-13 00:00:00+00:00
[2024-04-13T15:01:18.874-0400] {processor.py:183} INFO - Processing /Users/manideepakreddyaila/Desktop/projects/Legal_Insights_Engine/.venv/lib/python3.11/site-packages/airflow/example_dags/example_short_circuit_decorator.py took 0.089 seconds
[2024-04-13T15:03:11.477-0400] {processor.py:161} INFO - Started process (PID=30234) to work on /Users/manideepakreddyaila/Desktop/projects/Legal_Insights_Engine/.venv/lib/python3.11/site-packages/airflow/example_dags/example_short_circuit_decorator.py
[2024-04-13T15:03:11.478-0400] {processor.py:830} INFO - Processing file /Users/manideepakreddyaila/Desktop/projects/Legal_Insights_Engine/.venv/lib/python3.11/site-packages/airflow/example_dags/example_short_circuit_decorator.py for tasks to queue
[2024-04-13T15:03:11.479-0400] {logging_mixin.py:188} INFO - [2024-04-13T15:03:11.479-0400] {dagbag.py:540} INFO - Filling up the DagBag from /Users/manideepakreddyaila/Desktop/projects/Legal_Insights_Engine/.venv/lib/python3.11/site-packages/airflow/example_dags/example_short_circuit_decorator.py
[2024-04-13T15:03:11.522-0400] {processor.py:840} INFO - DAG(s) 'example_short_circuit_decorator' retrieved from /Users/manideepakreddyaila/Desktop/projects/Legal_Insights_Engine/.venv/lib/python3.11/site-packages/airflow/example_dags/example_short_circuit_decorator.py
[2024-04-13T15:03:11.559-0400] {logging_mixin.py:188} INFO - [2024-04-13T15:03:11.558-0400] {dag.py:3096} INFO - Sync 1 DAGs
[2024-04-13T15:03:11.565-0400] {logging_mixin.py:188} INFO - [2024-04-13T15:03:11.565-0400] {dag.py:3954} INFO - Setting next_dagrun for example_short_circuit_decorator to 2024-04-12 00:00:00+00:00, run_after=2024-04-13 00:00:00+00:00
[2024-04-13T15:03:11.571-0400] {processor.py:183} INFO - Processing /Users/manideepakreddyaila/Desktop/projects/Legal_Insights_Engine/.venv/lib/python3.11/site-packages/airflow/example_dags/example_short_circuit_decorator.py took 0.095 seconds
[2024-04-13T15:05:11.650-0400] {processor.py:161} INFO - Started process (PID=30346) to work on /Users/manideepakreddyaila/Desktop/projects/Legal_Insights_Engine/.venv/lib/python3.11/site-packages/airflow/example_dags/example_short_circuit_decorator.py
[2024-04-13T15:05:11.651-0400] {processor.py:830} INFO - Processing file /Users/manideepakreddyaila/Desktop/projects/Legal_Insights_Engine/.venv/lib/python3.11/site-packages/airflow/example_dags/example_short_circuit_decorator.py for tasks to queue
[2024-04-13T15:05:11.651-0400] {logging_mixin.py:188} INFO - [2024-04-13T15:05:11.651-0400] {dagbag.py:540} INFO - Filling up the DagBag from /Users/manideepakreddyaila/Desktop/projects/Legal_Insights_Engine/.venv/lib/python3.11/site-packages/airflow/example_dags/example_short_circuit_decorator.py
[2024-04-13T15:05:11.693-0400] {processor.py:840} INFO - DAG(s) 'example_short_circuit_decorator' retrieved from /Users/manideepakreddyaila/Desktop/projects/Legal_Insights_Engine/.venv/lib/python3.11/site-packages/airflow/example_dags/example_short_circuit_decorator.py
[2024-04-13T15:05:11.741-0400] {logging_mixin.py:188} INFO - [2024-04-13T15:05:11.740-0400] {dag.py:3096} INFO - Sync 1 DAGs
[2024-04-13T15:05:11.752-0400] {logging_mixin.py:188} INFO - [2024-04-13T15:05:11.752-0400] {dag.py:3954} INFO - Setting next_dagrun for example_short_circuit_decorator to 2024-04-12 00:00:00+00:00, run_after=2024-04-13 00:00:00+00:00
[2024-04-13T15:05:11.761-0400] {processor.py:183} INFO - Processing /Users/manideepakreddyaila/Desktop/projects/Legal_Insights_Engine/.venv/lib/python3.11/site-packages/airflow/example_dags/example_short_circuit_decorator.py took 0.112 seconds
[2024-04-13T15:07:14.197-0400] {processor.py:161} INFO - Started process (PID=30514) to work on /Users/manideepakreddyaila/Desktop/projects/Legal_Insights_Engine/.venv/lib/python3.11/site-packages/airflow/example_dags/example_short_circuit_decorator.py
[2024-04-13T15:07:14.197-0400] {processor.py:830} INFO - Processing file /Users/manideepakreddyaila/Desktop/projects/Legal_Insights_Engine/.venv/lib/python3.11/site-packages/airflow/example_dags/example_short_circuit_decorator.py for tasks to queue
[2024-04-13T15:07:14.198-0400] {logging_mixin.py:188} INFO - [2024-04-13T15:07:14.197-0400] {dagbag.py:540} INFO - Filling up the DagBag from /Users/manideepakreddyaila/Desktop/projects/Legal_Insights_Engine/.venv/lib/python3.11/site-packages/airflow/example_dags/example_short_circuit_decorator.py
[2024-04-13T15:07:14.237-0400] {processor.py:840} INFO - DAG(s) 'example_short_circuit_decorator' retrieved from /Users/manideepakreddyaila/Desktop/projects/Legal_Insights_Engine/.venv/lib/python3.11/site-packages/airflow/example_dags/example_short_circuit_decorator.py
[2024-04-13T15:07:14.272-0400] {logging_mixin.py:188} INFO - [2024-04-13T15:07:14.272-0400] {dag.py:3096} INFO - Sync 1 DAGs
[2024-04-13T15:07:14.278-0400] {logging_mixin.py:188} INFO - [2024-04-13T15:07:14.278-0400] {dag.py:3954} INFO - Setting next_dagrun for example_short_circuit_decorator to 2024-04-12 00:00:00+00:00, run_after=2024-04-13 00:00:00+00:00
[2024-04-13T15:07:14.284-0400] {processor.py:183} INFO - Processing /Users/manideepakreddyaila/Desktop/projects/Legal_Insights_Engine/.venv/lib/python3.11/site-packages/airflow/example_dags/example_short_circuit_decorator.py took 0.088 seconds
[2024-04-13T15:14:27.322-0400] {processor.py:161} INFO - Started process (PID=30721) to work on /Users/manideepakreddyaila/Desktop/projects/Legal_Insights_Engine/.venv/lib/python3.11/site-packages/airflow/example_dags/example_short_circuit_decorator.py
[2024-04-13T15:14:27.323-0400] {processor.py:830} INFO - Processing file /Users/manideepakreddyaila/Desktop/projects/Legal_Insights_Engine/.venv/lib/python3.11/site-packages/airflow/example_dags/example_short_circuit_decorator.py for tasks to queue
[2024-04-13T15:14:27.323-0400] {logging_mixin.py:188} INFO - [2024-04-13T15:14:27.323-0400] {dagbag.py:540} INFO - Filling up the DagBag from /Users/manideepakreddyaila/Desktop/projects/Legal_Insights_Engine/.venv/lib/python3.11/site-packages/airflow/example_dags/example_short_circuit_decorator.py
[2024-04-13T15:14:27.372-0400] {processor.py:840} INFO - DAG(s) 'example_short_circuit_decorator' retrieved from /Users/manideepakreddyaila/Desktop/projects/Legal_Insights_Engine/.venv/lib/python3.11/site-packages/airflow/example_dags/example_short_circuit_decorator.py
[2024-04-13T15:14:27.410-0400] {logging_mixin.py:188} INFO - [2024-04-13T15:14:27.409-0400] {dag.py:3096} INFO - Sync 1 DAGs
[2024-04-13T15:14:27.415-0400] {logging_mixin.py:188} INFO - [2024-04-13T15:14:27.415-0400] {dag.py:3954} INFO - Setting next_dagrun for example_short_circuit_decorator to 2024-04-12 00:00:00+00:00, run_after=2024-04-13 00:00:00+00:00
[2024-04-13T15:14:27.422-0400] {processor.py:183} INFO - Processing /Users/manideepakreddyaila/Desktop/projects/Legal_Insights_Engine/.venv/lib/python3.11/site-packages/airflow/example_dags/example_short_circuit_decorator.py took 0.101 seconds
[2024-04-13T15:16:25.725-0400] {processor.py:161} INFO - Started process (PID=30842) to work on /Users/manideepakreddyaila/Desktop/projects/Legal_Insights_Engine/.venv/lib/python3.11/site-packages/airflow/example_dags/example_short_circuit_decorator.py
[2024-04-13T15:16:25.726-0400] {processor.py:830} INFO - Processing file /Users/manideepakreddyaila/Desktop/projects/Legal_Insights_Engine/.venv/lib/python3.11/site-packages/airflow/example_dags/example_short_circuit_decorator.py for tasks to queue
[2024-04-13T15:16:25.726-0400] {logging_mixin.py:188} INFO - [2024-04-13T15:16:25.726-0400] {dagbag.py:540} INFO - Filling up the DagBag from /Users/manideepakreddyaila/Desktop/projects/Legal_Insights_Engine/.venv/lib/python3.11/site-packages/airflow/example_dags/example_short_circuit_decorator.py
[2024-04-13T15:16:25.765-0400] {processor.py:840} INFO - DAG(s) 'example_short_circuit_decorator' retrieved from /Users/manideepakreddyaila/Desktop/projects/Legal_Insights_Engine/.venv/lib/python3.11/site-packages/airflow/example_dags/example_short_circuit_decorator.py
[2024-04-13T15:16:25.800-0400] {logging_mixin.py:188} INFO - [2024-04-13T15:16:25.800-0400] {dag.py:3096} INFO - Sync 1 DAGs
[2024-04-13T15:16:25.806-0400] {logging_mixin.py:188} INFO - [2024-04-13T15:16:25.806-0400] {dag.py:3954} INFO - Setting next_dagrun for example_short_circuit_decorator to 2024-04-12 00:00:00+00:00, run_after=2024-04-13 00:00:00+00:00
[2024-04-13T15:16:25.812-0400] {processor.py:183} INFO - Processing /Users/manideepakreddyaila/Desktop/projects/Legal_Insights_Engine/.venv/lib/python3.11/site-packages/airflow/example_dags/example_short_circuit_decorator.py took 0.088 seconds
[2024-04-13T15:27:16.195-0400] {processor.py:161} INFO - Started process (PID=31013) to work on /Users/manideepakreddyaila/Desktop/projects/Legal_Insights_Engine/.venv/lib/python3.11/site-packages/airflow/example_dags/example_short_circuit_decorator.py
[2024-04-13T15:27:16.196-0400] {processor.py:830} INFO - Processing file /Users/manideepakreddyaila/Desktop/projects/Legal_Insights_Engine/.venv/lib/python3.11/site-packages/airflow/example_dags/example_short_circuit_decorator.py for tasks to queue
[2024-04-13T15:27:16.196-0400] {logging_mixin.py:188} INFO - [2024-04-13T15:27:16.196-0400] {dagbag.py:540} INFO - Filling up the DagBag from /Users/manideepakreddyaila/Desktop/projects/Legal_Insights_Engine/.venv/lib/python3.11/site-packages/airflow/example_dags/example_short_circuit_decorator.py
[2024-04-13T15:27:16.243-0400] {processor.py:840} INFO - DAG(s) 'example_short_circuit_decorator' retrieved from /Users/manideepakreddyaila/Desktop/projects/Legal_Insights_Engine/.venv/lib/python3.11/site-packages/airflow/example_dags/example_short_circuit_decorator.py
[2024-04-13T15:27:16.282-0400] {logging_mixin.py:188} INFO - [2024-04-13T15:27:16.282-0400] {dag.py:3096} INFO - Sync 1 DAGs
[2024-04-13T15:27:16.288-0400] {logging_mixin.py:188} INFO - [2024-04-13T15:27:16.288-0400] {dag.py:3954} INFO - Setting next_dagrun for example_short_circuit_decorator to 2024-04-12 00:00:00+00:00, run_after=2024-04-13 00:00:00+00:00
[2024-04-13T15:27:16.295-0400] {processor.py:183} INFO - Processing /Users/manideepakreddyaila/Desktop/projects/Legal_Insights_Engine/.venv/lib/python3.11/site-packages/airflow/example_dags/example_short_circuit_decorator.py took 0.101 seconds
[2024-04-13T17:51:04.562-0400] {processor.py:161} INFO - Started process (PID=31184) to work on /Users/manideepakreddyaila/Desktop/projects/Legal_Insights_Engine/.venv/lib/python3.11/site-packages/airflow/example_dags/example_short_circuit_decorator.py
[2024-04-13T17:51:04.563-0400] {processor.py:830} INFO - Processing file /Users/manideepakreddyaila/Desktop/projects/Legal_Insights_Engine/.venv/lib/python3.11/site-packages/airflow/example_dags/example_short_circuit_decorator.py for tasks to queue
[2024-04-13T17:51:04.563-0400] {logging_mixin.py:188} INFO - [2024-04-13T17:51:04.563-0400] {dagbag.py:540} INFO - Filling up the DagBag from /Users/manideepakreddyaila/Desktop/projects/Legal_Insights_Engine/.venv/lib/python3.11/site-packages/airflow/example_dags/example_short_circuit_decorator.py
[2024-04-13T17:51:04.606-0400] {processor.py:840} INFO - DAG(s) 'example_short_circuit_decorator' retrieved from /Users/manideepakreddyaila/Desktop/projects/Legal_Insights_Engine/.venv/lib/python3.11/site-packages/airflow/example_dags/example_short_circuit_decorator.py
[2024-04-13T17:51:04.642-0400] {logging_mixin.py:188} INFO - [2024-04-13T17:51:04.641-0400] {dag.py:3096} INFO - Sync 1 DAGs
[2024-04-13T17:51:04.647-0400] {logging_mixin.py:188} INFO - [2024-04-13T17:51:04.647-0400] {dag.py:3954} INFO - Setting next_dagrun for example_short_circuit_decorator to 2024-04-12 00:00:00+00:00, run_after=2024-04-13 00:00:00+00:00
[2024-04-13T17:51:04.654-0400] {processor.py:183} INFO - Processing /Users/manideepakreddyaila/Desktop/projects/Legal_Insights_Engine/.venv/lib/python3.11/site-packages/airflow/example_dags/example_short_circuit_decorator.py took 0.092 seconds
[2024-04-13T18:19:08.312-0400] {processor.py:161} INFO - Started process (PID=31329) to work on /Users/manideepakreddyaila/Desktop/projects/Legal_Insights_Engine/.venv/lib/python3.11/site-packages/airflow/example_dags/example_short_circuit_decorator.py
[2024-04-13T18:19:08.313-0400] {processor.py:830} INFO - Processing file /Users/manideepakreddyaila/Desktop/projects/Legal_Insights_Engine/.venv/lib/python3.11/site-packages/airflow/example_dags/example_short_circuit_decorator.py for tasks to queue
[2024-04-13T18:19:08.313-0400] {logging_mixin.py:188} INFO - [2024-04-13T18:19:08.313-0400] {dagbag.py:540} INFO - Filling up the DagBag from /Users/manideepakreddyaila/Desktop/projects/Legal_Insights_Engine/.venv/lib/python3.11/site-packages/airflow/example_dags/example_short_circuit_decorator.py
[2024-04-13T18:19:08.356-0400] {processor.py:840} INFO - DAG(s) 'example_short_circuit_decorator' retrieved from /Users/manideepakreddyaila/Desktop/projects/Legal_Insights_Engine/.venv/lib/python3.11/site-packages/airflow/example_dags/example_short_circuit_decorator.py
[2024-04-13T18:19:08.392-0400] {logging_mixin.py:188} INFO - [2024-04-13T18:19:08.392-0400] {dag.py:3096} INFO - Sync 1 DAGs
[2024-04-13T18:19:08.398-0400] {logging_mixin.py:188} INFO - [2024-04-13T18:19:08.398-0400] {dag.py:3954} INFO - Setting next_dagrun for example_short_circuit_decorator to 2024-04-12 00:00:00+00:00, run_after=2024-04-13 00:00:00+00:00
[2024-04-13T18:19:08.404-0400] {processor.py:183} INFO - Processing /Users/manideepakreddyaila/Desktop/projects/Legal_Insights_Engine/.venv/lib/python3.11/site-packages/airflow/example_dags/example_short_circuit_decorator.py took 0.093 seconds
[2024-04-13T18:58:47.180-0400] {processor.py:161} INFO - Started process (PID=31452) to work on /Users/manideepakreddyaila/Desktop/projects/Legal_Insights_Engine/.venv/lib/python3.11/site-packages/airflow/example_dags/example_short_circuit_decorator.py
[2024-04-13T18:58:47.181-0400] {processor.py:830} INFO - Processing file /Users/manideepakreddyaila/Desktop/projects/Legal_Insights_Engine/.venv/lib/python3.11/site-packages/airflow/example_dags/example_short_circuit_decorator.py for tasks to queue
[2024-04-13T18:58:47.181-0400] {logging_mixin.py:188} INFO - [2024-04-13T18:58:47.181-0400] {dagbag.py:540} INFO - Filling up the DagBag from /Users/manideepakreddyaila/Desktop/projects/Legal_Insights_Engine/.venv/lib/python3.11/site-packages/airflow/example_dags/example_short_circuit_decorator.py
[2024-04-13T18:58:47.220-0400] {processor.py:840} INFO - DAG(s) 'example_short_circuit_decorator' retrieved from /Users/manideepakreddyaila/Desktop/projects/Legal_Insights_Engine/.venv/lib/python3.11/site-packages/airflow/example_dags/example_short_circuit_decorator.py
[2024-04-13T18:58:47.255-0400] {logging_mixin.py:188} INFO - [2024-04-13T18:58:47.255-0400] {dag.py:3096} INFO - Sync 1 DAGs
[2024-04-13T18:58:47.261-0400] {logging_mixin.py:188} INFO - [2024-04-13T18:58:47.261-0400] {dag.py:3954} INFO - Setting next_dagrun for example_short_circuit_decorator to 2024-04-12 00:00:00+00:00, run_after=2024-04-13 00:00:00+00:00
[2024-04-13T18:58:47.267-0400] {processor.py:183} INFO - Processing /Users/manideepakreddyaila/Desktop/projects/Legal_Insights_Engine/.venv/lib/python3.11/site-packages/airflow/example_dags/example_short_circuit_decorator.py took 0.088 seconds
[2024-04-13T19:10:33.337-0400] {processor.py:161} INFO - Started process (PID=31558) to work on /Users/manideepakreddyaila/Desktop/projects/Legal_Insights_Engine/.venv/lib/python3.11/site-packages/airflow/example_dags/example_short_circuit_decorator.py
[2024-04-13T19:10:33.338-0400] {processor.py:830} INFO - Processing file /Users/manideepakreddyaila/Desktop/projects/Legal_Insights_Engine/.venv/lib/python3.11/site-packages/airflow/example_dags/example_short_circuit_decorator.py for tasks to queue
[2024-04-13T19:10:33.338-0400] {logging_mixin.py:188} INFO - [2024-04-13T19:10:33.338-0400] {dagbag.py:540} INFO - Filling up the DagBag from /Users/manideepakreddyaila/Desktop/projects/Legal_Insights_Engine/.venv/lib/python3.11/site-packages/airflow/example_dags/example_short_circuit_decorator.py
[2024-04-13T19:10:33.378-0400] {processor.py:840} INFO - DAG(s) 'example_short_circuit_decorator' retrieved from /Users/manideepakreddyaila/Desktop/projects/Legal_Insights_Engine/.venv/lib/python3.11/site-packages/airflow/example_dags/example_short_circuit_decorator.py
[2024-04-13T19:10:33.413-0400] {logging_mixin.py:188} INFO - [2024-04-13T19:10:33.413-0400] {dag.py:3096} INFO - Sync 1 DAGs
[2024-04-13T19:10:33.419-0400] {logging_mixin.py:188} INFO - [2024-04-13T19:10:33.419-0400] {dag.py:3954} INFO - Setting next_dagrun for example_short_circuit_decorator to 2024-04-12 00:00:00+00:00, run_after=2024-04-13 00:00:00+00:00
[2024-04-13T19:10:33.425-0400] {processor.py:183} INFO - Processing /Users/manideepakreddyaila/Desktop/projects/Legal_Insights_Engine/.venv/lib/python3.11/site-packages/airflow/example_dags/example_short_circuit_decorator.py took 0.089 seconds
