[2024-04-13T14:58:08.948-0400] {processor.py:161} INFO - Started process (PID=29960) to work on /Users/manideepakreddyaila/Desktop/projects/Legal_Insights_Engine/.venv/lib/python3.11/site-packages/airflow/example_dags/example_nested_branch_dag.py
[2024-04-13T14:58:08.949-0400] {processor.py:830} INFO - Processing file /Users/manideepakreddyaila/Desktop/projects/Legal_Insights_Engine/.venv/lib/python3.11/site-packages/airflow/example_dags/example_nested_branch_dag.py for tasks to queue
[2024-04-13T14:58:08.949-0400] {logging_mixin.py:188} INFO - [2024-04-13T14:58:08.949-0400] {dagbag.py:540} INFO - Filling up the DagBag from /Users/manideepakreddyaila/Desktop/projects/Legal_Insights_Engine/.venv/lib/python3.11/site-packages/airflow/example_dags/example_nested_branch_dag.py
[2024-04-13T14:58:08.989-0400] {processor.py:840} INFO - DAG(s) 'example_nested_branch_dag' retrieved from /Users/manideepakreddyaila/Desktop/projects/Legal_Insights_Engine/.venv/lib/python3.11/site-packages/airflow/example_dags/example_nested_branch_dag.py
[2024-04-13T14:58:09.054-0400] {logging_mixin.py:188} INFO - [2024-04-13T14:58:09.054-0400] {override.py:1829} INFO - Created Permission View: can edit on DAG:example_nested_branch_dag
[2024-04-13T14:58:09.057-0400] {logging_mixin.py:188} INFO - [2024-04-13T14:58:09.056-0400] {override.py:1829} INFO - Created Permission View: can read on DAG:example_nested_branch_dag
[2024-04-13T14:58:09.058-0400] {logging_mixin.py:188} INFO - [2024-04-13T14:58:09.058-0400] {override.py:1829} INFO - Created Permission View: can delete on DAG:example_nested_branch_dag
[2024-04-13T14:58:09.059-0400] {logging_mixin.py:188} INFO - [2024-04-13T14:58:09.058-0400] {dag.py:3096} INFO - Sync 1 DAGs
[2024-04-13T14:58:09.062-0400] {logging_mixin.py:188} INFO - [2024-04-13T14:58:09.062-0400] {dag.py:3118} INFO - Creating ORM DAG for example_nested_branch_dag
[2024-04-13T14:58:09.065-0400] {logging_mixin.py:188} INFO - [2024-04-13T14:58:09.064-0400] {dag.py:3954} INFO - Setting next_dagrun for example_nested_branch_dag to 2024-04-12 00:00:00+00:00, run_after=2024-04-13 00:00:00+00:00
[2024-04-13T14:58:09.070-0400] {processor.py:183} INFO - Processing /Users/manideepakreddyaila/Desktop/projects/Legal_Insights_Engine/.venv/lib/python3.11/site-packages/airflow/example_dags/example_nested_branch_dag.py took 0.123 seconds
[2024-04-13T14:59:37.171-0400] {processor.py:161} INFO - Started process (PID=30052) to work on /Users/manideepakreddyaila/Desktop/projects/Legal_Insights_Engine/.venv/lib/python3.11/site-packages/airflow/example_dags/example_nested_branch_dag.py
[2024-04-13T14:59:37.173-0400] {processor.py:830} INFO - Processing file /Users/manideepakreddyaila/Desktop/projects/Legal_Insights_Engine/.venv/lib/python3.11/site-packages/airflow/example_dags/example_nested_branch_dag.py for tasks to queue
[2024-04-13T14:59:37.173-0400] {logging_mixin.py:188} INFO - [2024-04-13T14:59:37.173-0400] {dagbag.py:540} INFO - Filling up the DagBag from /Users/manideepakreddyaila/Desktop/projects/Legal_Insights_Engine/.venv/lib/python3.11/site-packages/airflow/example_dags/example_nested_branch_dag.py
[2024-04-13T14:59:37.213-0400] {processor.py:840} INFO - DAG(s) 'example_nested_branch_dag' retrieved from /Users/manideepakreddyaila/Desktop/projects/Legal_Insights_Engine/.venv/lib/python3.11/site-packages/airflow/example_dags/example_nested_branch_dag.py
[2024-04-13T14:59:37.249-0400] {logging_mixin.py:188} INFO - [2024-04-13T14:59:37.249-0400] {dag.py:3096} INFO - Sync 1 DAGs
[2024-04-13T14:59:37.255-0400] {logging_mixin.py:188} INFO - [2024-04-13T14:59:37.255-0400] {dag.py:3954} INFO - Setting next_dagrun for example_nested_branch_dag to 2024-04-12 00:00:00+00:00, run_after=2024-04-13 00:00:00+00:00
[2024-04-13T14:59:37.261-0400] {processor.py:183} INFO - Processing /Users/manideepakreddyaila/Desktop/projects/Legal_Insights_Engine/.venv/lib/python3.11/site-packages/airflow/example_dags/example_nested_branch_dag.py took 0.091 seconds
[2024-04-13T15:01:33.732-0400] {processor.py:161} INFO - Started process (PID=30161) to work on /Users/manideepakreddyaila/Desktop/projects/Legal_Insights_Engine/.venv/lib/python3.11/site-packages/airflow/example_dags/example_nested_branch_dag.py
[2024-04-13T15:01:33.733-0400] {processor.py:830} INFO - Processing file /Users/manideepakreddyaila/Desktop/projects/Legal_Insights_Engine/.venv/lib/python3.11/site-packages/airflow/example_dags/example_nested_branch_dag.py for tasks to queue
[2024-04-13T15:01:33.733-0400] {logging_mixin.py:188} INFO - [2024-04-13T15:01:33.733-0400] {dagbag.py:540} INFO - Filling up the DagBag from /Users/manideepakreddyaila/Desktop/projects/Legal_Insights_Engine/.venv/lib/python3.11/site-packages/airflow/example_dags/example_nested_branch_dag.py
[2024-04-13T15:01:33.773-0400] {processor.py:840} INFO - DAG(s) 'example_nested_branch_dag' retrieved from /Users/manideepakreddyaila/Desktop/projects/Legal_Insights_Engine/.venv/lib/python3.11/site-packages/airflow/example_dags/example_nested_branch_dag.py
[2024-04-13T15:01:33.807-0400] {logging_mixin.py:188} INFO - [2024-04-13T15:01:33.807-0400] {dag.py:3096} INFO - Sync 1 DAGs
[2024-04-13T15:01:33.813-0400] {logging_mixin.py:188} INFO - [2024-04-13T15:01:33.813-0400] {dag.py:3954} INFO - Setting next_dagrun for example_nested_branch_dag to 2024-04-12 00:00:00+00:00, run_after=2024-04-13 00:00:00+00:00
[2024-04-13T15:01:33.820-0400] {processor.py:183} INFO - Processing /Users/manideepakreddyaila/Desktop/projects/Legal_Insights_Engine/.venv/lib/python3.11/site-packages/airflow/example_dags/example_nested_branch_dag.py took 0.089 seconds
[2024-04-13T15:03:30.242-0400] {processor.py:161} INFO - Started process (PID=30262) to work on /Users/manideepakreddyaila/Desktop/projects/Legal_Insights_Engine/.venv/lib/python3.11/site-packages/airflow/example_dags/example_nested_branch_dag.py
[2024-04-13T15:03:30.243-0400] {processor.py:830} INFO - Processing file /Users/manideepakreddyaila/Desktop/projects/Legal_Insights_Engine/.venv/lib/python3.11/site-packages/airflow/example_dags/example_nested_branch_dag.py for tasks to queue
[2024-04-13T15:03:30.243-0400] {logging_mixin.py:188} INFO - [2024-04-13T15:03:30.243-0400] {dagbag.py:540} INFO - Filling up the DagBag from /Users/manideepakreddyaila/Desktop/projects/Legal_Insights_Engine/.venv/lib/python3.11/site-packages/airflow/example_dags/example_nested_branch_dag.py
[2024-04-13T15:03:30.284-0400] {processor.py:840} INFO - DAG(s) 'example_nested_branch_dag' retrieved from /Users/manideepakreddyaila/Desktop/projects/Legal_Insights_Engine/.venv/lib/python3.11/site-packages/airflow/example_dags/example_nested_branch_dag.py
[2024-04-13T15:03:30.320-0400] {logging_mixin.py:188} INFO - [2024-04-13T15:03:30.320-0400] {dag.py:3096} INFO - Sync 1 DAGs
[2024-04-13T15:03:30.326-0400] {logging_mixin.py:188} INFO - [2024-04-13T15:03:30.326-0400] {dag.py:3954} INFO - Setting next_dagrun for example_nested_branch_dag to 2024-04-12 00:00:00+00:00, run_after=2024-04-13 00:00:00+00:00
[2024-04-13T15:03:30.333-0400] {processor.py:183} INFO - Processing /Users/manideepakreddyaila/Desktop/projects/Legal_Insights_Engine/.venv/lib/python3.11/site-packages/airflow/example_dags/example_nested_branch_dag.py took 0.091 seconds
[2024-04-13T15:05:30.081-0400] {processor.py:161} INFO - Started process (PID=30387) to work on /Users/manideepakreddyaila/Desktop/projects/Legal_Insights_Engine/.venv/lib/python3.11/site-packages/airflow/example_dags/example_nested_branch_dag.py
[2024-04-13T15:05:30.081-0400] {processor.py:830} INFO - Processing file /Users/manideepakreddyaila/Desktop/projects/Legal_Insights_Engine/.venv/lib/python3.11/site-packages/airflow/example_dags/example_nested_branch_dag.py for tasks to queue
[2024-04-13T15:05:30.082-0400] {logging_mixin.py:188} INFO - [2024-04-13T15:05:30.082-0400] {dagbag.py:540} INFO - Filling up the DagBag from /Users/manideepakreddyaila/Desktop/projects/Legal_Insights_Engine/.venv/lib/python3.11/site-packages/airflow/example_dags/example_nested_branch_dag.py
[2024-04-13T15:05:30.122-0400] {processor.py:840} INFO - DAG(s) 'example_nested_branch_dag' retrieved from /Users/manideepakreddyaila/Desktop/projects/Legal_Insights_Engine/.venv/lib/python3.11/site-packages/airflow/example_dags/example_nested_branch_dag.py
[2024-04-13T15:05:30.158-0400] {logging_mixin.py:188} INFO - [2024-04-13T15:05:30.158-0400] {dag.py:3096} INFO - Sync 1 DAGs
[2024-04-13T15:05:30.165-0400] {logging_mixin.py:188} INFO - [2024-04-13T15:05:30.165-0400] {dag.py:3954} INFO - Setting next_dagrun for example_nested_branch_dag to 2024-04-12 00:00:00+00:00, run_after=2024-04-13 00:00:00+00:00
[2024-04-13T15:05:30.171-0400] {processor.py:183} INFO - Processing /Users/manideepakreddyaila/Desktop/projects/Legal_Insights_Engine/.venv/lib/python3.11/site-packages/airflow/example_dags/example_nested_branch_dag.py took 0.091 seconds
[2024-04-13T15:07:31.656-0400] {processor.py:161} INFO - Started process (PID=30541) to work on /Users/manideepakreddyaila/Desktop/projects/Legal_Insights_Engine/.venv/lib/python3.11/site-packages/airflow/example_dags/example_nested_branch_dag.py
[2024-04-13T15:07:31.657-0400] {processor.py:830} INFO - Processing file /Users/manideepakreddyaila/Desktop/projects/Legal_Insights_Engine/.venv/lib/python3.11/site-packages/airflow/example_dags/example_nested_branch_dag.py for tasks to queue
[2024-04-13T15:07:31.657-0400] {logging_mixin.py:188} INFO - [2024-04-13T15:07:31.657-0400] {dagbag.py:540} INFO - Filling up the DagBag from /Users/manideepakreddyaila/Desktop/projects/Legal_Insights_Engine/.venv/lib/python3.11/site-packages/airflow/example_dags/example_nested_branch_dag.py
[2024-04-13T15:07:31.699-0400] {processor.py:840} INFO - DAG(s) 'example_nested_branch_dag' retrieved from /Users/manideepakreddyaila/Desktop/projects/Legal_Insights_Engine/.venv/lib/python3.11/site-packages/airflow/example_dags/example_nested_branch_dag.py
[2024-04-13T15:07:31.734-0400] {logging_mixin.py:188} INFO - [2024-04-13T15:07:31.734-0400] {dag.py:3096} INFO - Sync 1 DAGs
[2024-04-13T15:07:31.741-0400] {logging_mixin.py:188} INFO - [2024-04-13T15:07:31.741-0400] {dag.py:3954} INFO - Setting next_dagrun for example_nested_branch_dag to 2024-04-12 00:00:00+00:00, run_after=2024-04-13 00:00:00+00:00
[2024-04-13T15:07:31.747-0400] {processor.py:183} INFO - Processing /Users/manideepakreddyaila/Desktop/projects/Legal_Insights_Engine/.venv/lib/python3.11/site-packages/airflow/example_dags/example_nested_branch_dag.py took 0.092 seconds
[2024-04-13T15:14:44.699-0400] {processor.py:161} INFO - Started process (PID=30736) to work on /Users/manideepakreddyaila/Desktop/projects/Legal_Insights_Engine/.venv/lib/python3.11/site-packages/airflow/example_dags/example_nested_branch_dag.py
[2024-04-13T15:14:44.699-0400] {processor.py:830} INFO - Processing file /Users/manideepakreddyaila/Desktop/projects/Legal_Insights_Engine/.venv/lib/python3.11/site-packages/airflow/example_dags/example_nested_branch_dag.py for tasks to queue
[2024-04-13T15:14:44.699-0400] {logging_mixin.py:188} INFO - [2024-04-13T15:14:44.699-0400] {dagbag.py:540} INFO - Filling up the DagBag from /Users/manideepakreddyaila/Desktop/projects/Legal_Insights_Engine/.venv/lib/python3.11/site-packages/airflow/example_dags/example_nested_branch_dag.py
[2024-04-13T15:14:44.740-0400] {processor.py:840} INFO - DAG(s) 'example_nested_branch_dag' retrieved from /Users/manideepakreddyaila/Desktop/projects/Legal_Insights_Engine/.venv/lib/python3.11/site-packages/airflow/example_dags/example_nested_branch_dag.py
[2024-04-13T15:14:44.776-0400] {logging_mixin.py:188} INFO - [2024-04-13T15:14:44.776-0400] {dag.py:3096} INFO - Sync 1 DAGs
[2024-04-13T15:14:44.783-0400] {logging_mixin.py:188} INFO - [2024-04-13T15:14:44.783-0400] {dag.py:3954} INFO - Setting next_dagrun for example_nested_branch_dag to 2024-04-12 00:00:00+00:00, run_after=2024-04-13 00:00:00+00:00
[2024-04-13T15:14:44.790-0400] {processor.py:183} INFO - Processing /Users/manideepakreddyaila/Desktop/projects/Legal_Insights_Engine/.venv/lib/python3.11/site-packages/airflow/example_dags/example_nested_branch_dag.py took 0.092 seconds
[2024-04-13T15:16:42.752-0400] {processor.py:161} INFO - Started process (PID=30854) to work on /Users/manideepakreddyaila/Desktop/projects/Legal_Insights_Engine/.venv/lib/python3.11/site-packages/airflow/example_dags/example_nested_branch_dag.py
[2024-04-13T15:16:42.753-0400] {processor.py:830} INFO - Processing file /Users/manideepakreddyaila/Desktop/projects/Legal_Insights_Engine/.venv/lib/python3.11/site-packages/airflow/example_dags/example_nested_branch_dag.py for tasks to queue
[2024-04-13T15:16:42.753-0400] {logging_mixin.py:188} INFO - [2024-04-13T15:16:42.753-0400] {dagbag.py:540} INFO - Filling up the DagBag from /Users/manideepakreddyaila/Desktop/projects/Legal_Insights_Engine/.venv/lib/python3.11/site-packages/airflow/example_dags/example_nested_branch_dag.py
[2024-04-13T15:16:42.792-0400] {processor.py:840} INFO - DAG(s) 'example_nested_branch_dag' retrieved from /Users/manideepakreddyaila/Desktop/projects/Legal_Insights_Engine/.venv/lib/python3.11/site-packages/airflow/example_dags/example_nested_branch_dag.py
[2024-04-13T15:16:42.827-0400] {logging_mixin.py:188} INFO - [2024-04-13T15:16:42.827-0400] {dag.py:3096} INFO - Sync 1 DAGs
[2024-04-13T15:16:42.833-0400] {logging_mixin.py:188} INFO - [2024-04-13T15:16:42.833-0400] {dag.py:3954} INFO - Setting next_dagrun for example_nested_branch_dag to 2024-04-12 00:00:00+00:00, run_after=2024-04-13 00:00:00+00:00
[2024-04-13T15:16:42.839-0400] {processor.py:183} INFO - Processing /Users/manideepakreddyaila/Desktop/projects/Legal_Insights_Engine/.venv/lib/python3.11/site-packages/airflow/example_dags/example_nested_branch_dag.py took 0.088 seconds
[2024-04-13T15:28:48.083-0400] {processor.py:161} INFO - Started process (PID=31041) to work on /Users/manideepakreddyaila/Desktop/projects/Legal_Insights_Engine/.venv/lib/python3.11/site-packages/airflow/example_dags/example_nested_branch_dag.py
[2024-04-13T15:28:48.085-0400] {processor.py:830} INFO - Processing file /Users/manideepakreddyaila/Desktop/projects/Legal_Insights_Engine/.venv/lib/python3.11/site-packages/airflow/example_dags/example_nested_branch_dag.py for tasks to queue
[2024-04-13T15:28:48.085-0400] {logging_mixin.py:188} INFO - [2024-04-13T15:28:48.085-0400] {dagbag.py:540} INFO - Filling up the DagBag from /Users/manideepakreddyaila/Desktop/projects/Legal_Insights_Engine/.venv/lib/python3.11/site-packages/airflow/example_dags/example_nested_branch_dag.py
[2024-04-13T15:28:48.126-0400] {processor.py:840} INFO - DAG(s) 'example_nested_branch_dag' retrieved from /Users/manideepakreddyaila/Desktop/projects/Legal_Insights_Engine/.venv/lib/python3.11/site-packages/airflow/example_dags/example_nested_branch_dag.py
[2024-04-13T15:28:48.162-0400] {logging_mixin.py:188} INFO - [2024-04-13T15:28:48.161-0400] {dag.py:3096} INFO - Sync 1 DAGs
[2024-04-13T15:28:48.168-0400] {logging_mixin.py:188} INFO - [2024-04-13T15:28:48.168-0400] {dag.py:3954} INFO - Setting next_dagrun for example_nested_branch_dag to 2024-04-12 00:00:00+00:00, run_after=2024-04-13 00:00:00+00:00
[2024-04-13T15:28:48.174-0400] {processor.py:183} INFO - Processing /Users/manideepakreddyaila/Desktop/projects/Legal_Insights_Engine/.venv/lib/python3.11/site-packages/airflow/example_dags/example_nested_branch_dag.py took 0.092 seconds
[2024-04-13T17:52:56.704-0400] {processor.py:161} INFO - Started process (PID=31207) to work on /Users/manideepakreddyaila/Desktop/projects/Legal_Insights_Engine/.venv/lib/python3.11/site-packages/airflow/example_dags/example_nested_branch_dag.py
[2024-04-13T17:52:56.705-0400] {processor.py:830} INFO - Processing file /Users/manideepakreddyaila/Desktop/projects/Legal_Insights_Engine/.venv/lib/python3.11/site-packages/airflow/example_dags/example_nested_branch_dag.py for tasks to queue
[2024-04-13T17:52:56.705-0400] {logging_mixin.py:188} INFO - [2024-04-13T17:52:56.705-0400] {dagbag.py:540} INFO - Filling up the DagBag from /Users/manideepakreddyaila/Desktop/projects/Legal_Insights_Engine/.venv/lib/python3.11/site-packages/airflow/example_dags/example_nested_branch_dag.py
[2024-04-13T17:52:56.744-0400] {processor.py:840} INFO - DAG(s) 'example_nested_branch_dag' retrieved from /Users/manideepakreddyaila/Desktop/projects/Legal_Insights_Engine/.venv/lib/python3.11/site-packages/airflow/example_dags/example_nested_branch_dag.py
[2024-04-13T17:52:56.780-0400] {logging_mixin.py:188} INFO - [2024-04-13T17:52:56.779-0400] {dag.py:3096} INFO - Sync 1 DAGs
[2024-04-13T17:52:56.786-0400] {logging_mixin.py:188} INFO - [2024-04-13T17:52:56.786-0400] {dag.py:3954} INFO - Setting next_dagrun for example_nested_branch_dag to 2024-04-12 00:00:00+00:00, run_after=2024-04-13 00:00:00+00:00
[2024-04-13T17:52:56.792-0400] {processor.py:183} INFO - Processing /Users/manideepakreddyaila/Desktop/projects/Legal_Insights_Engine/.venv/lib/python3.11/site-packages/airflow/example_dags/example_nested_branch_dag.py took 0.089 seconds
[2024-04-13T18:20:00.261-0400] {processor.py:161} INFO - Started process (PID=31349) to work on /Users/manideepakreddyaila/Desktop/projects/Legal_Insights_Engine/.venv/lib/python3.11/site-packages/airflow/example_dags/example_nested_branch_dag.py
[2024-04-13T18:20:00.262-0400] {processor.py:830} INFO - Processing file /Users/manideepakreddyaila/Desktop/projects/Legal_Insights_Engine/.venv/lib/python3.11/site-packages/airflow/example_dags/example_nested_branch_dag.py for tasks to queue
[2024-04-13T18:20:00.262-0400] {logging_mixin.py:188} INFO - [2024-04-13T18:20:00.262-0400] {dagbag.py:540} INFO - Filling up the DagBag from /Users/manideepakreddyaila/Desktop/projects/Legal_Insights_Engine/.venv/lib/python3.11/site-packages/airflow/example_dags/example_nested_branch_dag.py
[2024-04-13T18:20:00.301-0400] {processor.py:840} INFO - DAG(s) 'example_nested_branch_dag' retrieved from /Users/manideepakreddyaila/Desktop/projects/Legal_Insights_Engine/.venv/lib/python3.11/site-packages/airflow/example_dags/example_nested_branch_dag.py
[2024-04-13T18:20:00.335-0400] {logging_mixin.py:188} INFO - [2024-04-13T18:20:00.335-0400] {dag.py:3096} INFO - Sync 1 DAGs
[2024-04-13T18:20:00.341-0400] {logging_mixin.py:188} INFO - [2024-04-13T18:20:00.341-0400] {dag.py:3954} INFO - Setting next_dagrun for example_nested_branch_dag to 2024-04-12 00:00:00+00:00, run_after=2024-04-13 00:00:00+00:00
[2024-04-13T18:20:00.347-0400] {processor.py:183} INFO - Processing /Users/manideepakreddyaila/Desktop/projects/Legal_Insights_Engine/.venv/lib/python3.11/site-packages/airflow/example_dags/example_nested_branch_dag.py took 0.087 seconds
[2024-04-13T19:02:10.850-0400] {processor.py:161} INFO - Started process (PID=31479) to work on /Users/manideepakreddyaila/Desktop/projects/Legal_Insights_Engine/.venv/lib/python3.11/site-packages/airflow/example_dags/example_nested_branch_dag.py
[2024-04-13T19:02:10.850-0400] {processor.py:830} INFO - Processing file /Users/manideepakreddyaila/Desktop/projects/Legal_Insights_Engine/.venv/lib/python3.11/site-packages/airflow/example_dags/example_nested_branch_dag.py for tasks to queue
[2024-04-13T19:02:10.850-0400] {logging_mixin.py:188} INFO - [2024-04-13T19:02:10.850-0400] {dagbag.py:540} INFO - Filling up the DagBag from /Users/manideepakreddyaila/Desktop/projects/Legal_Insights_Engine/.venv/lib/python3.11/site-packages/airflow/example_dags/example_nested_branch_dag.py
[2024-04-13T19:02:10.898-0400] {processor.py:840} INFO - DAG(s) 'example_nested_branch_dag' retrieved from /Users/manideepakreddyaila/Desktop/projects/Legal_Insights_Engine/.venv/lib/python3.11/site-packages/airflow/example_dags/example_nested_branch_dag.py
[2024-04-13T19:02:10.934-0400] {logging_mixin.py:188} INFO - [2024-04-13T19:02:10.934-0400] {dag.py:3096} INFO - Sync 1 DAGs
[2024-04-13T19:02:10.941-0400] {logging_mixin.py:188} INFO - [2024-04-13T19:02:10.941-0400] {dag.py:3954} INFO - Setting next_dagrun for example_nested_branch_dag to 2024-04-12 00:00:00+00:00, run_after=2024-04-13 00:00:00+00:00
[2024-04-13T19:02:10.947-0400] {processor.py:183} INFO - Processing /Users/manideepakreddyaila/Desktop/projects/Legal_Insights_Engine/.venv/lib/python3.11/site-packages/airflow/example_dags/example_nested_branch_dag.py took 0.098 seconds
[2024-04-13T19:10:50.247-0400] {processor.py:161} INFO - Started process (PID=31568) to work on /Users/manideepakreddyaila/Desktop/projects/Legal_Insights_Engine/.venv/lib/python3.11/site-packages/airflow/example_dags/example_nested_branch_dag.py
[2024-04-13T19:10:50.248-0400] {processor.py:830} INFO - Processing file /Users/manideepakreddyaila/Desktop/projects/Legal_Insights_Engine/.venv/lib/python3.11/site-packages/airflow/example_dags/example_nested_branch_dag.py for tasks to queue
[2024-04-13T19:10:50.248-0400] {logging_mixin.py:188} INFO - [2024-04-13T19:10:50.248-0400] {dagbag.py:540} INFO - Filling up the DagBag from /Users/manideepakreddyaila/Desktop/projects/Legal_Insights_Engine/.venv/lib/python3.11/site-packages/airflow/example_dags/example_nested_branch_dag.py
[2024-04-13T19:10:50.287-0400] {processor.py:840} INFO - DAG(s) 'example_nested_branch_dag' retrieved from /Users/manideepakreddyaila/Desktop/projects/Legal_Insights_Engine/.venv/lib/python3.11/site-packages/airflow/example_dags/example_nested_branch_dag.py
[2024-04-13T19:10:50.321-0400] {logging_mixin.py:188} INFO - [2024-04-13T19:10:50.321-0400] {dag.py:3096} INFO - Sync 1 DAGs
[2024-04-13T19:10:50.328-0400] {logging_mixin.py:188} INFO - [2024-04-13T19:10:50.328-0400] {dag.py:3954} INFO - Setting next_dagrun for example_nested_branch_dag to 2024-04-12 00:00:00+00:00, run_after=2024-04-13 00:00:00+00:00
[2024-04-13T19:10:50.334-0400] {processor.py:183} INFO - Processing /Users/manideepakreddyaila/Desktop/projects/Legal_Insights_Engine/.venv/lib/python3.11/site-packages/airflow/example_dags/example_nested_branch_dag.py took 0.088 seconds
