[2024-04-13T14:58:26.941-0400] {processor.py:161} INFO - Started process (PID=29990) to work on /Users/manideepakreddyaila/Desktop/projects/Legal_Insights_Engine/.venv/lib/python3.11/site-packages/airflow/example_dags/example_dag_decorator.py
[2024-04-13T14:58:26.941-0400] {processor.py:830} INFO - Processing file /Users/manideepakreddyaila/Desktop/projects/Legal_Insights_Engine/.venv/lib/python3.11/site-packages/airflow/example_dags/example_dag_decorator.py for tasks to queue
[2024-04-13T14:58:26.941-0400] {logging_mixin.py:188} INFO - [2024-04-13T14:58:26.941-0400] {dagbag.py:540} INFO - Filling up the DagBag from /Users/manideepakreddyaila/Desktop/projects/Legal_Insights_Engine/.venv/lib/python3.11/site-packages/airflow/example_dags/example_dag_decorator.py
[2024-04-13T14:58:27.047-0400] {processor.py:840} INFO - DAG(s) 'example_dag_decorator' retrieved from /Users/manideepakreddyaila/Desktop/projects/Legal_Insights_Engine/.venv/lib/python3.11/site-packages/airflow/example_dags/example_dag_decorator.py
[2024-04-13T14:58:27.114-0400] {logging_mixin.py:188} INFO - [2024-04-13T14:58:27.113-0400] {override.py:1829} INFO - Created Permission View: can read on DAG:example_dag_decorator
[2024-04-13T14:58:27.117-0400] {logging_mixin.py:188} INFO - [2024-04-13T14:58:27.117-0400] {override.py:1829} INFO - Created Permission View: can edit on DAG:example_dag_decorator
[2024-04-13T14:58:27.119-0400] {logging_mixin.py:188} INFO - [2024-04-13T14:58:27.119-0400] {override.py:1829} INFO - Created Permission View: can delete on DAG:example_dag_decorator
[2024-04-13T14:58:27.119-0400] {logging_mixin.py:188} INFO - [2024-04-13T14:58:27.119-0400] {dag.py:3096} INFO - Sync 1 DAGs
[2024-04-13T14:58:27.122-0400] {logging_mixin.py:188} INFO - [2024-04-13T14:58:27.122-0400] {dag.py:3118} INFO - Creating ORM DAG for example_dag_decorator
[2024-04-13T14:58:27.122-0400] {logging_mixin.py:188} INFO - [2024-04-13T14:58:27.122-0400] {dag.py:3954} INFO - Setting next_dagrun for example_dag_decorator to None, run_after=None
[2024-04-13T14:58:27.128-0400] {processor.py:183} INFO - Processing /Users/manideepakreddyaila/Desktop/projects/Legal_Insights_Engine/.venv/lib/python3.11/site-packages/airflow/example_dags/example_dag_decorator.py took 0.189 seconds
[2024-04-13T15:00:22.642-0400] {processor.py:161} INFO - Started process (PID=30098) to work on /Users/manideepakreddyaila/Desktop/projects/Legal_Insights_Engine/.venv/lib/python3.11/site-packages/airflow/example_dags/example_dag_decorator.py
[2024-04-13T15:00:22.643-0400] {processor.py:830} INFO - Processing file /Users/manideepakreddyaila/Desktop/projects/Legal_Insights_Engine/.venv/lib/python3.11/site-packages/airflow/example_dags/example_dag_decorator.py for tasks to queue
[2024-04-13T15:00:22.643-0400] {logging_mixin.py:188} INFO - [2024-04-13T15:00:22.643-0400] {dagbag.py:540} INFO - Filling up the DagBag from /Users/manideepakreddyaila/Desktop/projects/Legal_Insights_Engine/.venv/lib/python3.11/site-packages/airflow/example_dags/example_dag_decorator.py
[2024-04-13T15:00:22.754-0400] {processor.py:840} INFO - DAG(s) 'example_dag_decorator' retrieved from /Users/manideepakreddyaila/Desktop/projects/Legal_Insights_Engine/.venv/lib/python3.11/site-packages/airflow/example_dags/example_dag_decorator.py
[2024-04-13T15:00:22.836-0400] {logging_mixin.py:188} INFO - [2024-04-13T15:00:22.835-0400] {dag.py:3096} INFO - Sync 1 DAGs
[2024-04-13T15:00:22.839-0400] {logging_mixin.py:188} INFO - [2024-04-13T15:00:22.839-0400] {dag.py:3954} INFO - Setting next_dagrun for example_dag_decorator to None, run_after=None
[2024-04-13T15:00:22.845-0400] {processor.py:183} INFO - Processing /Users/manideepakreddyaila/Desktop/projects/Legal_Insights_Engine/.venv/lib/python3.11/site-packages/airflow/example_dags/example_dag_decorator.py took 0.204 seconds
[2024-04-13T15:02:16.588-0400] {processor.py:161} INFO - Started process (PID=30201) to work on /Users/manideepakreddyaila/Desktop/projects/Legal_Insights_Engine/.venv/lib/python3.11/site-packages/airflow/example_dags/example_dag_decorator.py
[2024-04-13T15:02:16.589-0400] {processor.py:830} INFO - Processing file /Users/manideepakreddyaila/Desktop/projects/Legal_Insights_Engine/.venv/lib/python3.11/site-packages/airflow/example_dags/example_dag_decorator.py for tasks to queue
[2024-04-13T15:02:16.589-0400] {logging_mixin.py:188} INFO - [2024-04-13T15:02:16.589-0400] {dagbag.py:540} INFO - Filling up the DagBag from /Users/manideepakreddyaila/Desktop/projects/Legal_Insights_Engine/.venv/lib/python3.11/site-packages/airflow/example_dags/example_dag_decorator.py
[2024-04-13T15:02:16.698-0400] {processor.py:840} INFO - DAG(s) 'example_dag_decorator' retrieved from /Users/manideepakreddyaila/Desktop/projects/Legal_Insights_Engine/.venv/lib/python3.11/site-packages/airflow/example_dags/example_dag_decorator.py
[2024-04-13T15:02:16.776-0400] {logging_mixin.py:188} INFO - [2024-04-13T15:02:16.776-0400] {dag.py:3096} INFO - Sync 1 DAGs
[2024-04-13T15:02:16.779-0400] {logging_mixin.py:188} INFO - [2024-04-13T15:02:16.779-0400] {dag.py:3954} INFO - Setting next_dagrun for example_dag_decorator to None, run_after=None
[2024-04-13T15:02:16.785-0400] {processor.py:183} INFO - Processing /Users/manideepakreddyaila/Desktop/projects/Legal_Insights_Engine/.venv/lib/python3.11/site-packages/airflow/example_dags/example_dag_decorator.py took 0.199 seconds
[2024-04-13T15:04:18.352-0400] {processor.py:161} INFO - Started process (PID=30302) to work on /Users/manideepakreddyaila/Desktop/projects/Legal_Insights_Engine/.venv/lib/python3.11/site-packages/airflow/example_dags/example_dag_decorator.py
[2024-04-13T15:04:18.352-0400] {processor.py:830} INFO - Processing file /Users/manideepakreddyaila/Desktop/projects/Legal_Insights_Engine/.venv/lib/python3.11/site-packages/airflow/example_dags/example_dag_decorator.py for tasks to queue
[2024-04-13T15:04:18.353-0400] {logging_mixin.py:188} INFO - [2024-04-13T15:04:18.352-0400] {dagbag.py:540} INFO - Filling up the DagBag from /Users/manideepakreddyaila/Desktop/projects/Legal_Insights_Engine/.venv/lib/python3.11/site-packages/airflow/example_dags/example_dag_decorator.py
[2024-04-13T15:04:18.463-0400] {processor.py:840} INFO - DAG(s) 'example_dag_decorator' retrieved from /Users/manideepakreddyaila/Desktop/projects/Legal_Insights_Engine/.venv/lib/python3.11/site-packages/airflow/example_dags/example_dag_decorator.py
[2024-04-13T15:04:18.540-0400] {logging_mixin.py:188} INFO - [2024-04-13T15:04:18.540-0400] {dag.py:3096} INFO - Sync 1 DAGs
[2024-04-13T15:04:18.543-0400] {logging_mixin.py:188} INFO - [2024-04-13T15:04:18.543-0400] {dag.py:3954} INFO - Setting next_dagrun for example_dag_decorator to None, run_after=None
[2024-04-13T15:04:18.550-0400] {processor.py:183} INFO - Processing /Users/manideepakreddyaila/Desktop/projects/Legal_Insights_Engine/.venv/lib/python3.11/site-packages/airflow/example_dags/example_dag_decorator.py took 0.199 seconds
[2024-04-13T15:06:17.380-0400] {processor.py:161} INFO - Started process (PID=30444) to work on /Users/manideepakreddyaila/Desktop/projects/Legal_Insights_Engine/.venv/lib/python3.11/site-packages/airflow/example_dags/example_dag_decorator.py
[2024-04-13T15:06:17.381-0400] {processor.py:830} INFO - Processing file /Users/manideepakreddyaila/Desktop/projects/Legal_Insights_Engine/.venv/lib/python3.11/site-packages/airflow/example_dags/example_dag_decorator.py for tasks to queue
[2024-04-13T15:06:17.381-0400] {logging_mixin.py:188} INFO - [2024-04-13T15:06:17.381-0400] {dagbag.py:540} INFO - Filling up the DagBag from /Users/manideepakreddyaila/Desktop/projects/Legal_Insights_Engine/.venv/lib/python3.11/site-packages/airflow/example_dags/example_dag_decorator.py
[2024-04-13T15:06:17.491-0400] {processor.py:840} INFO - DAG(s) 'example_dag_decorator' retrieved from /Users/manideepakreddyaila/Desktop/projects/Legal_Insights_Engine/.venv/lib/python3.11/site-packages/airflow/example_dags/example_dag_decorator.py
[2024-04-13T15:06:17.572-0400] {logging_mixin.py:188} INFO - [2024-04-13T15:06:17.572-0400] {dag.py:3096} INFO - Sync 1 DAGs
[2024-04-13T15:06:17.575-0400] {logging_mixin.py:188} INFO - [2024-04-13T15:06:17.575-0400] {dag.py:3954} INFO - Setting next_dagrun for example_dag_decorator to None, run_after=None
[2024-04-13T15:06:17.582-0400] {processor.py:183} INFO - Processing /Users/manideepakreddyaila/Desktop/projects/Legal_Insights_Engine/.venv/lib/python3.11/site-packages/airflow/example_dags/example_dag_decorator.py took 0.202 seconds
[2024-04-13T15:08:21.071-0400] {processor.py:161} INFO - Started process (PID=30604) to work on /Users/manideepakreddyaila/Desktop/projects/Legal_Insights_Engine/.venv/lib/python3.11/site-packages/airflow/example_dags/example_dag_decorator.py
[2024-04-13T15:08:21.072-0400] {processor.py:830} INFO - Processing file /Users/manideepakreddyaila/Desktop/projects/Legal_Insights_Engine/.venv/lib/python3.11/site-packages/airflow/example_dags/example_dag_decorator.py for tasks to queue
[2024-04-13T15:08:21.072-0400] {logging_mixin.py:188} INFO - [2024-04-13T15:08:21.072-0400] {dagbag.py:540} INFO - Filling up the DagBag from /Users/manideepakreddyaila/Desktop/projects/Legal_Insights_Engine/.venv/lib/python3.11/site-packages/airflow/example_dags/example_dag_decorator.py
[2024-04-13T15:08:21.197-0400] {processor.py:840} INFO - DAG(s) 'example_dag_decorator' retrieved from /Users/manideepakreddyaila/Desktop/projects/Legal_Insights_Engine/.venv/lib/python3.11/site-packages/airflow/example_dags/example_dag_decorator.py
[2024-04-13T15:08:21.283-0400] {logging_mixin.py:188} INFO - [2024-04-13T15:08:21.283-0400] {dag.py:3096} INFO - Sync 1 DAGs
[2024-04-13T15:08:21.286-0400] {logging_mixin.py:188} INFO - [2024-04-13T15:08:21.286-0400] {dag.py:3954} INFO - Setting next_dagrun for example_dag_decorator to None, run_after=None
[2024-04-13T15:08:21.295-0400] {processor.py:183} INFO - Processing /Users/manideepakreddyaila/Desktop/projects/Legal_Insights_Engine/.venv/lib/python3.11/site-packages/airflow/example_dags/example_dag_decorator.py took 0.226 seconds
[2024-04-13T15:15:33.264-0400] {processor.py:161} INFO - Started process (PID=30790) to work on /Users/manideepakreddyaila/Desktop/projects/Legal_Insights_Engine/.venv/lib/python3.11/site-packages/airflow/example_dags/example_dag_decorator.py
[2024-04-13T15:15:33.265-0400] {processor.py:830} INFO - Processing file /Users/manideepakreddyaila/Desktop/projects/Legal_Insights_Engine/.venv/lib/python3.11/site-packages/airflow/example_dags/example_dag_decorator.py for tasks to queue
[2024-04-13T15:15:33.265-0400] {logging_mixin.py:188} INFO - [2024-04-13T15:15:33.265-0400] {dagbag.py:540} INFO - Filling up the DagBag from /Users/manideepakreddyaila/Desktop/projects/Legal_Insights_Engine/.venv/lib/python3.11/site-packages/airflow/example_dags/example_dag_decorator.py
[2024-04-13T15:15:33.378-0400] {processor.py:840} INFO - DAG(s) 'example_dag_decorator' retrieved from /Users/manideepakreddyaila/Desktop/projects/Legal_Insights_Engine/.venv/lib/python3.11/site-packages/airflow/example_dags/example_dag_decorator.py
[2024-04-13T15:15:33.456-0400] {logging_mixin.py:188} INFO - [2024-04-13T15:15:33.456-0400] {dag.py:3096} INFO - Sync 1 DAGs
[2024-04-13T15:15:33.459-0400] {logging_mixin.py:188} INFO - [2024-04-13T15:15:33.459-0400] {dag.py:3954} INFO - Setting next_dagrun for example_dag_decorator to None, run_after=None
[2024-04-13T15:15:33.465-0400] {processor.py:183} INFO - Processing /Users/manideepakreddyaila/Desktop/projects/Legal_Insights_Engine/.venv/lib/python3.11/site-packages/airflow/example_dags/example_dag_decorator.py took 0.202 seconds
[2024-04-13T15:20:17.120-0400] {processor.py:161} INFO - Started process (PID=30922) to work on /Users/manideepakreddyaila/Desktop/projects/Legal_Insights_Engine/.venv/lib/python3.11/site-packages/airflow/example_dags/example_dag_decorator.py
[2024-04-13T15:20:17.120-0400] {processor.py:830} INFO - Processing file /Users/manideepakreddyaila/Desktop/projects/Legal_Insights_Engine/.venv/lib/python3.11/site-packages/airflow/example_dags/example_dag_decorator.py for tasks to queue
[2024-04-13T15:20:17.121-0400] {logging_mixin.py:188} INFO - [2024-04-13T15:20:17.120-0400] {dagbag.py:540} INFO - Filling up the DagBag from /Users/manideepakreddyaila/Desktop/projects/Legal_Insights_Engine/.venv/lib/python3.11/site-packages/airflow/example_dags/example_dag_decorator.py
[2024-04-13T15:20:17.249-0400] {processor.py:840} INFO - DAG(s) 'example_dag_decorator' retrieved from /Users/manideepakreddyaila/Desktop/projects/Legal_Insights_Engine/.venv/lib/python3.11/site-packages/airflow/example_dags/example_dag_decorator.py
[2024-04-13T15:20:17.340-0400] {logging_mixin.py:188} INFO - [2024-04-13T15:20:17.340-0400] {dag.py:3096} INFO - Sync 1 DAGs
[2024-04-13T15:20:17.343-0400] {logging_mixin.py:188} INFO - [2024-04-13T15:20:17.343-0400] {dag.py:3954} INFO - Setting next_dagrun for example_dag_decorator to None, run_after=None
[2024-04-13T15:20:17.350-0400] {processor.py:183} INFO - Processing /Users/manideepakreddyaila/Desktop/projects/Legal_Insights_Engine/.venv/lib/python3.11/site-packages/airflow/example_dags/example_dag_decorator.py took 0.232 seconds
[2024-04-13T16:01:54.352-0400] {processor.py:161} INFO - Started process (PID=31064) to work on /Users/manideepakreddyaila/Desktop/projects/Legal_Insights_Engine/.venv/lib/python3.11/site-packages/airflow/example_dags/example_dag_decorator.py
[2024-04-13T16:01:54.352-0400] {processor.py:830} INFO - Processing file /Users/manideepakreddyaila/Desktop/projects/Legal_Insights_Engine/.venv/lib/python3.11/site-packages/airflow/example_dags/example_dag_decorator.py for tasks to queue
[2024-04-13T16:01:54.352-0400] {logging_mixin.py:188} INFO - [2024-04-13T16:01:54.352-0400] {dagbag.py:540} INFO - Filling up the DagBag from /Users/manideepakreddyaila/Desktop/projects/Legal_Insights_Engine/.venv/lib/python3.11/site-packages/airflow/example_dags/example_dag_decorator.py
[2024-04-13T16:01:54.464-0400] {processor.py:840} INFO - DAG(s) 'example_dag_decorator' retrieved from /Users/manideepakreddyaila/Desktop/projects/Legal_Insights_Engine/.venv/lib/python3.11/site-packages/airflow/example_dags/example_dag_decorator.py
[2024-04-13T16:01:54.546-0400] {logging_mixin.py:188} INFO - [2024-04-13T16:01:54.546-0400] {dag.py:3096} INFO - Sync 1 DAGs
[2024-04-13T16:01:54.549-0400] {logging_mixin.py:188} INFO - [2024-04-13T16:01:54.549-0400] {dag.py:3954} INFO - Setting next_dagrun for example_dag_decorator to None, run_after=None
[2024-04-13T16:01:54.556-0400] {processor.py:183} INFO - Processing /Users/manideepakreddyaila/Desktop/projects/Legal_Insights_Engine/.venv/lib/python3.11/site-packages/airflow/example_dags/example_dag_decorator.py took 0.206 seconds
[2024-04-13T17:53:37.008-0400] {processor.py:161} INFO - Started process (PID=31240) to work on /Users/manideepakreddyaila/Desktop/projects/Legal_Insights_Engine/.venv/lib/python3.11/site-packages/airflow/example_dags/example_dag_decorator.py
[2024-04-13T17:53:37.009-0400] {processor.py:830} INFO - Processing file /Users/manideepakreddyaila/Desktop/projects/Legal_Insights_Engine/.venv/lib/python3.11/site-packages/airflow/example_dags/example_dag_decorator.py for tasks to queue
[2024-04-13T17:53:37.009-0400] {logging_mixin.py:188} INFO - [2024-04-13T17:53:37.009-0400] {dagbag.py:540} INFO - Filling up the DagBag from /Users/manideepakreddyaila/Desktop/projects/Legal_Insights_Engine/.venv/lib/python3.11/site-packages/airflow/example_dags/example_dag_decorator.py
[2024-04-13T17:53:37.121-0400] {processor.py:840} INFO - DAG(s) 'example_dag_decorator' retrieved from /Users/manideepakreddyaila/Desktop/projects/Legal_Insights_Engine/.venv/lib/python3.11/site-packages/airflow/example_dags/example_dag_decorator.py
[2024-04-13T17:53:37.199-0400] {logging_mixin.py:188} INFO - [2024-04-13T17:53:37.199-0400] {dag.py:3096} INFO - Sync 1 DAGs
[2024-04-13T17:53:37.202-0400] {logging_mixin.py:188} INFO - [2024-04-13T17:53:37.202-0400] {dag.py:3954} INFO - Setting next_dagrun for example_dag_decorator to None, run_after=None
[2024-04-13T17:53:37.208-0400] {processor.py:183} INFO - Processing /Users/manideepakreddyaila/Desktop/projects/Legal_Insights_Engine/.venv/lib/python3.11/site-packages/airflow/example_dags/example_dag_decorator.py took 0.201 seconds
[2024-04-13T18:21:15.065-0400] {processor.py:161} INFO - Started process (PID=31367) to work on /Users/manideepakreddyaila/Desktop/projects/Legal_Insights_Engine/.venv/lib/python3.11/site-packages/airflow/example_dags/example_dag_decorator.py
[2024-04-13T18:21:15.066-0400] {processor.py:830} INFO - Processing file /Users/manideepakreddyaila/Desktop/projects/Legal_Insights_Engine/.venv/lib/python3.11/site-packages/airflow/example_dags/example_dag_decorator.py for tasks to queue
[2024-04-13T18:21:15.067-0400] {logging_mixin.py:188} INFO - [2024-04-13T18:21:15.067-0400] {dagbag.py:540} INFO - Filling up the DagBag from /Users/manideepakreddyaila/Desktop/projects/Legal_Insights_Engine/.venv/lib/python3.11/site-packages/airflow/example_dags/example_dag_decorator.py
[2024-04-13T18:21:15.175-0400] {processor.py:840} INFO - DAG(s) 'example_dag_decorator' retrieved from /Users/manideepakreddyaila/Desktop/projects/Legal_Insights_Engine/.venv/lib/python3.11/site-packages/airflow/example_dags/example_dag_decorator.py
[2024-04-13T18:21:15.252-0400] {logging_mixin.py:188} INFO - [2024-04-13T18:21:15.252-0400] {dag.py:3096} INFO - Sync 1 DAGs
[2024-04-13T18:21:15.255-0400] {logging_mixin.py:188} INFO - [2024-04-13T18:21:15.255-0400] {dag.py:3954} INFO - Setting next_dagrun for example_dag_decorator to None, run_after=None
[2024-04-13T18:21:15.262-0400] {processor.py:183} INFO - Processing /Users/manideepakreddyaila/Desktop/projects/Legal_Insights_Engine/.venv/lib/python3.11/site-packages/airflow/example_dags/example_dag_decorator.py took 0.198 seconds
[2024-04-13T19:02:38.512-0400] {processor.py:161} INFO - Started process (PID=31498) to work on /Users/manideepakreddyaila/Desktop/projects/Legal_Insights_Engine/.venv/lib/python3.11/site-packages/airflow/example_dags/example_dag_decorator.py
[2024-04-13T19:02:38.513-0400] {processor.py:830} INFO - Processing file /Users/manideepakreddyaila/Desktop/projects/Legal_Insights_Engine/.venv/lib/python3.11/site-packages/airflow/example_dags/example_dag_decorator.py for tasks to queue
[2024-04-13T19:02:38.513-0400] {logging_mixin.py:188} INFO - [2024-04-13T19:02:38.513-0400] {dagbag.py:540} INFO - Filling up the DagBag from /Users/manideepakreddyaila/Desktop/projects/Legal_Insights_Engine/.venv/lib/python3.11/site-packages/airflow/example_dags/example_dag_decorator.py
[2024-04-13T19:02:38.626-0400] {processor.py:840} INFO - DAG(s) 'example_dag_decorator' retrieved from /Users/manideepakreddyaila/Desktop/projects/Legal_Insights_Engine/.venv/lib/python3.11/site-packages/airflow/example_dags/example_dag_decorator.py
[2024-04-13T19:02:38.705-0400] {logging_mixin.py:188} INFO - [2024-04-13T19:02:38.705-0400] {dag.py:3096} INFO - Sync 1 DAGs
[2024-04-13T19:02:38.708-0400] {logging_mixin.py:188} INFO - [2024-04-13T19:02:38.708-0400] {dag.py:3954} INFO - Setting next_dagrun for example_dag_decorator to None, run_after=None
[2024-04-13T19:02:38.714-0400] {processor.py:183} INFO - Processing /Users/manideepakreddyaila/Desktop/projects/Legal_Insights_Engine/.venv/lib/python3.11/site-packages/airflow/example_dags/example_dag_decorator.py took 0.204 seconds
