[2024-04-13T14:58:22.934-0400] {processor.py:161} INFO - Started process (PID=29988) to work on /Users/manideepakreddyaila/Desktop/projects/Legal_Insights_Engine/.venv/lib/python3.11/site-packages/airflow/example_dags/example_display_name.py
[2024-04-13T14:58:22.935-0400] {processor.py:830} INFO - Processing file /Users/manideepakreddyaila/Desktop/projects/Legal_Insights_Engine/.venv/lib/python3.11/site-packages/airflow/example_dags/example_display_name.py for tasks to queue
[2024-04-13T14:58:22.935-0400] {logging_mixin.py:188} INFO - [2024-04-13T14:58:22.935-0400] {dagbag.py:540} INFO - Filling up the DagBag from /Users/manideepakreddyaila/Desktop/projects/Legal_Insights_Engine/.venv/lib/python3.11/site-packages/airflow/example_dags/example_display_name.py
[2024-04-13T14:58:22.975-0400] {processor.py:840} INFO - DAG(s) 'example_display_name' retrieved from /Users/manideepakreddyaila/Desktop/projects/Legal_Insights_Engine/.venv/lib/python3.11/site-packages/airflow/example_dags/example_display_name.py
[2024-04-13T14:58:23.043-0400] {logging_mixin.py:188} INFO - [2024-04-13T14:58:23.043-0400] {override.py:1829} INFO - Created Permission View: can delete on DAG:example_display_name
[2024-04-13T14:58:23.046-0400] {logging_mixin.py:188} INFO - [2024-04-13T14:58:23.046-0400] {override.py:1829} INFO - Created Permission View: can edit on DAG:example_display_name
[2024-04-13T14:58:23.049-0400] {logging_mixin.py:188} INFO - [2024-04-13T14:58:23.048-0400] {override.py:1829} INFO - Created Permission View: can read on DAG:example_display_name
[2024-04-13T14:58:23.049-0400] {logging_mixin.py:188} INFO - [2024-04-13T14:58:23.049-0400] {dag.py:3096} INFO - Sync 1 DAGs
[2024-04-13T14:58:23.053-0400] {logging_mixin.py:188} INFO - [2024-04-13T14:58:23.052-0400] {dag.py:3118} INFO - Creating ORM DAG for example_display_name
[2024-04-13T14:58:23.053-0400] {logging_mixin.py:188} INFO - [2024-04-13T14:58:23.053-0400] {dag.py:3954} INFO - Setting next_dagrun for example_display_name to None, run_after=None
[2024-04-13T14:58:23.059-0400] {processor.py:183} INFO - Processing /Users/manideepakreddyaila/Desktop/projects/Legal_Insights_Engine/.venv/lib/python3.11/site-packages/airflow/example_dags/example_display_name.py took 0.125 seconds
[2024-04-13T15:00:18.872-0400] {processor.py:161} INFO - Started process (PID=30095) to work on /Users/manideepakreddyaila/Desktop/projects/Legal_Insights_Engine/.venv/lib/python3.11/site-packages/airflow/example_dags/example_display_name.py
[2024-04-13T15:00:18.872-0400] {processor.py:830} INFO - Processing file /Users/manideepakreddyaila/Desktop/projects/Legal_Insights_Engine/.venv/lib/python3.11/site-packages/airflow/example_dags/example_display_name.py for tasks to queue
[2024-04-13T15:00:18.873-0400] {logging_mixin.py:188} INFO - [2024-04-13T15:00:18.873-0400] {dagbag.py:540} INFO - Filling up the DagBag from /Users/manideepakreddyaila/Desktop/projects/Legal_Insights_Engine/.venv/lib/python3.11/site-packages/airflow/example_dags/example_display_name.py
[2024-04-13T15:00:18.911-0400] {processor.py:840} INFO - DAG(s) 'example_display_name' retrieved from /Users/manideepakreddyaila/Desktop/projects/Legal_Insights_Engine/.venv/lib/python3.11/site-packages/airflow/example_dags/example_display_name.py
[2024-04-13T15:00:18.946-0400] {logging_mixin.py:188} INFO - [2024-04-13T15:00:18.946-0400] {dag.py:3096} INFO - Sync 1 DAGs
[2024-04-13T15:00:18.950-0400] {logging_mixin.py:188} INFO - [2024-04-13T15:00:18.949-0400] {dag.py:3954} INFO - Setting next_dagrun for example_display_name to None, run_after=None
[2024-04-13T15:00:18.955-0400] {processor.py:183} INFO - Processing /Users/manideepakreddyaila/Desktop/projects/Legal_Insights_Engine/.venv/lib/python3.11/site-packages/airflow/example_dags/example_display_name.py took 0.085 seconds
[2024-04-13T15:02:12.795-0400] {processor.py:161} INFO - Started process (PID=30186) to work on /Users/manideepakreddyaila/Desktop/projects/Legal_Insights_Engine/.venv/lib/python3.11/site-packages/airflow/example_dags/example_display_name.py
[2024-04-13T15:02:12.796-0400] {processor.py:830} INFO - Processing file /Users/manideepakreddyaila/Desktop/projects/Legal_Insights_Engine/.venv/lib/python3.11/site-packages/airflow/example_dags/example_display_name.py for tasks to queue
[2024-04-13T15:02:12.796-0400] {logging_mixin.py:188} INFO - [2024-04-13T15:02:12.796-0400] {dagbag.py:540} INFO - Filling up the DagBag from /Users/manideepakreddyaila/Desktop/projects/Legal_Insights_Engine/.venv/lib/python3.11/site-packages/airflow/example_dags/example_display_name.py
[2024-04-13T15:02:12.836-0400] {processor.py:840} INFO - DAG(s) 'example_display_name' retrieved from /Users/manideepakreddyaila/Desktop/projects/Legal_Insights_Engine/.venv/lib/python3.11/site-packages/airflow/example_dags/example_display_name.py
[2024-04-13T15:02:12.870-0400] {logging_mixin.py:188} INFO - [2024-04-13T15:02:12.870-0400] {dag.py:3096} INFO - Sync 1 DAGs
[2024-04-13T15:02:12.874-0400] {logging_mixin.py:188} INFO - [2024-04-13T15:02:12.874-0400] {dag.py:3954} INFO - Setting next_dagrun for example_display_name to None, run_after=None
[2024-04-13T15:02:12.881-0400] {processor.py:183} INFO - Processing /Users/manideepakreddyaila/Desktop/projects/Legal_Insights_Engine/.venv/lib/python3.11/site-packages/airflow/example_dags/example_display_name.py took 0.086 seconds
[2024-04-13T15:04:14.579-0400] {processor.py:161} INFO - Started process (PID=30300) to work on /Users/manideepakreddyaila/Desktop/projects/Legal_Insights_Engine/.venv/lib/python3.11/site-packages/airflow/example_dags/example_display_name.py
[2024-04-13T15:04:14.580-0400] {processor.py:830} INFO - Processing file /Users/manideepakreddyaila/Desktop/projects/Legal_Insights_Engine/.venv/lib/python3.11/site-packages/airflow/example_dags/example_display_name.py for tasks to queue
[2024-04-13T15:04:14.580-0400] {logging_mixin.py:188} INFO - [2024-04-13T15:04:14.580-0400] {dagbag.py:540} INFO - Filling up the DagBag from /Users/manideepakreddyaila/Desktop/projects/Legal_Insights_Engine/.venv/lib/python3.11/site-packages/airflow/example_dags/example_display_name.py
[2024-04-13T15:04:14.618-0400] {processor.py:840} INFO - DAG(s) 'example_display_name' retrieved from /Users/manideepakreddyaila/Desktop/projects/Legal_Insights_Engine/.venv/lib/python3.11/site-packages/airflow/example_dags/example_display_name.py
[2024-04-13T15:04:14.652-0400] {logging_mixin.py:188} INFO - [2024-04-13T15:04:14.652-0400] {dag.py:3096} INFO - Sync 1 DAGs
[2024-04-13T15:04:14.655-0400] {logging_mixin.py:188} INFO - [2024-04-13T15:04:14.655-0400] {dag.py:3954} INFO - Setting next_dagrun for example_display_name to None, run_after=None
[2024-04-13T15:04:14.662-0400] {processor.py:183} INFO - Processing /Users/manideepakreddyaila/Desktop/projects/Legal_Insights_Engine/.venv/lib/python3.11/site-packages/airflow/example_dags/example_display_name.py took 0.084 seconds
[2024-04-13T15:06:14.383-0400] {processor.py:161} INFO - Started process (PID=30440) to work on /Users/manideepakreddyaila/Desktop/projects/Legal_Insights_Engine/.venv/lib/python3.11/site-packages/airflow/example_dags/example_display_name.py
[2024-04-13T15:06:14.384-0400] {processor.py:830} INFO - Processing file /Users/manideepakreddyaila/Desktop/projects/Legal_Insights_Engine/.venv/lib/python3.11/site-packages/airflow/example_dags/example_display_name.py for tasks to queue
[2024-04-13T15:06:14.384-0400] {logging_mixin.py:188} INFO - [2024-04-13T15:06:14.384-0400] {dagbag.py:540} INFO - Filling up the DagBag from /Users/manideepakreddyaila/Desktop/projects/Legal_Insights_Engine/.venv/lib/python3.11/site-packages/airflow/example_dags/example_display_name.py
[2024-04-13T15:06:14.425-0400] {processor.py:840} INFO - DAG(s) 'example_display_name' retrieved from /Users/manideepakreddyaila/Desktop/projects/Legal_Insights_Engine/.venv/lib/python3.11/site-packages/airflow/example_dags/example_display_name.py
[2024-04-13T15:06:14.461-0400] {logging_mixin.py:188} INFO - [2024-04-13T15:06:14.461-0400] {dag.py:3096} INFO - Sync 1 DAGs
[2024-04-13T15:06:14.465-0400] {logging_mixin.py:188} INFO - [2024-04-13T15:06:14.465-0400] {dag.py:3954} INFO - Setting next_dagrun for example_display_name to None, run_after=None
[2024-04-13T15:06:14.472-0400] {processor.py:183} INFO - Processing /Users/manideepakreddyaila/Desktop/projects/Legal_Insights_Engine/.venv/lib/python3.11/site-packages/airflow/example_dags/example_display_name.py took 0.089 seconds
[2024-04-13T15:08:16.788-0400] {processor.py:161} INFO - Started process (PID=30578) to work on /Users/manideepakreddyaila/Desktop/projects/Legal_Insights_Engine/.venv/lib/python3.11/site-packages/airflow/example_dags/example_display_name.py
[2024-04-13T15:08:16.788-0400] {processor.py:830} INFO - Processing file /Users/manideepakreddyaila/Desktop/projects/Legal_Insights_Engine/.venv/lib/python3.11/site-packages/airflow/example_dags/example_display_name.py for tasks to queue
[2024-04-13T15:08:16.788-0400] {logging_mixin.py:188} INFO - [2024-04-13T15:08:16.788-0400] {dagbag.py:540} INFO - Filling up the DagBag from /Users/manideepakreddyaila/Desktop/projects/Legal_Insights_Engine/.venv/lib/python3.11/site-packages/airflow/example_dags/example_display_name.py
[2024-04-13T15:08:16.827-0400] {processor.py:840} INFO - DAG(s) 'example_display_name' retrieved from /Users/manideepakreddyaila/Desktop/projects/Legal_Insights_Engine/.venv/lib/python3.11/site-packages/airflow/example_dags/example_display_name.py
[2024-04-13T15:08:16.861-0400] {logging_mixin.py:188} INFO - [2024-04-13T15:08:16.861-0400] {dag.py:3096} INFO - Sync 1 DAGs
[2024-04-13T15:08:16.865-0400] {logging_mixin.py:188} INFO - [2024-04-13T15:08:16.864-0400] {dag.py:3954} INFO - Setting next_dagrun for example_display_name to None, run_after=None
[2024-04-13T15:08:16.871-0400] {processor.py:183} INFO - Processing /Users/manideepakreddyaila/Desktop/projects/Legal_Insights_Engine/.venv/lib/python3.11/site-packages/airflow/example_dags/example_display_name.py took 0.085 seconds
[2024-04-13T15:15:29.502-0400] {processor.py:161} INFO - Started process (PID=30788) to work on /Users/manideepakreddyaila/Desktop/projects/Legal_Insights_Engine/.venv/lib/python3.11/site-packages/airflow/example_dags/example_display_name.py
[2024-04-13T15:15:29.503-0400] {processor.py:830} INFO - Processing file /Users/manideepakreddyaila/Desktop/projects/Legal_Insights_Engine/.venv/lib/python3.11/site-packages/airflow/example_dags/example_display_name.py for tasks to queue
[2024-04-13T15:15:29.503-0400] {logging_mixin.py:188} INFO - [2024-04-13T15:15:29.503-0400] {dagbag.py:540} INFO - Filling up the DagBag from /Users/manideepakreddyaila/Desktop/projects/Legal_Insights_Engine/.venv/lib/python3.11/site-packages/airflow/example_dags/example_display_name.py
[2024-04-13T15:15:29.544-0400] {processor.py:840} INFO - DAG(s) 'example_display_name' retrieved from /Users/manideepakreddyaila/Desktop/projects/Legal_Insights_Engine/.venv/lib/python3.11/site-packages/airflow/example_dags/example_display_name.py
[2024-04-13T15:15:29.578-0400] {logging_mixin.py:188} INFO - [2024-04-13T15:15:29.578-0400] {dag.py:3096} INFO - Sync 1 DAGs
[2024-04-13T15:15:29.581-0400] {logging_mixin.py:188} INFO - [2024-04-13T15:15:29.581-0400] {dag.py:3954} INFO - Setting next_dagrun for example_display_name to None, run_after=None
[2024-04-13T15:15:29.587-0400] {processor.py:183} INFO - Processing /Users/manideepakreddyaila/Desktop/projects/Legal_Insights_Engine/.venv/lib/python3.11/site-packages/airflow/example_dags/example_display_name.py took 0.086 seconds
[2024-04-13T15:17:42.983-0400] {processor.py:161} INFO - Started process (PID=30905) to work on /Users/manideepakreddyaila/Desktop/projects/Legal_Insights_Engine/.venv/lib/python3.11/site-packages/airflow/example_dags/example_display_name.py
[2024-04-13T15:17:42.984-0400] {processor.py:830} INFO - Processing file /Users/manideepakreddyaila/Desktop/projects/Legal_Insights_Engine/.venv/lib/python3.11/site-packages/airflow/example_dags/example_display_name.py for tasks to queue
[2024-04-13T15:17:42.984-0400] {logging_mixin.py:188} INFO - [2024-04-13T15:17:42.984-0400] {dagbag.py:540} INFO - Filling up the DagBag from /Users/manideepakreddyaila/Desktop/projects/Legal_Insights_Engine/.venv/lib/python3.11/site-packages/airflow/example_dags/example_display_name.py
[2024-04-13T15:17:43.023-0400] {processor.py:840} INFO - DAG(s) 'example_display_name' retrieved from /Users/manideepakreddyaila/Desktop/projects/Legal_Insights_Engine/.venv/lib/python3.11/site-packages/airflow/example_dags/example_display_name.py
[2024-04-13T15:17:43.056-0400] {logging_mixin.py:188} INFO - [2024-04-13T15:17:43.056-0400] {dag.py:3096} INFO - Sync 1 DAGs
[2024-04-13T15:17:43.060-0400] {logging_mixin.py:188} INFO - [2024-04-13T15:17:43.060-0400] {dag.py:3954} INFO - Setting next_dagrun for example_display_name to None, run_after=None
[2024-04-13T15:17:43.066-0400] {processor.py:183} INFO - Processing /Users/manideepakreddyaila/Desktop/projects/Legal_Insights_Engine/.venv/lib/python3.11/site-packages/airflow/example_dags/example_display_name.py took 0.084 seconds
[2024-04-13T15:44:31.770-0400] {processor.py:161} INFO - Started process (PID=31062) to work on /Users/manideepakreddyaila/Desktop/projects/Legal_Insights_Engine/.venv/lib/python3.11/site-packages/airflow/example_dags/example_display_name.py
[2024-04-13T15:44:31.770-0400] {processor.py:830} INFO - Processing file /Users/manideepakreddyaila/Desktop/projects/Legal_Insights_Engine/.venv/lib/python3.11/site-packages/airflow/example_dags/example_display_name.py for tasks to queue
[2024-04-13T15:44:31.771-0400] {logging_mixin.py:188} INFO - [2024-04-13T15:44:31.770-0400] {dagbag.py:540} INFO - Filling up the DagBag from /Users/manideepakreddyaila/Desktop/projects/Legal_Insights_Engine/.venv/lib/python3.11/site-packages/airflow/example_dags/example_display_name.py
[2024-04-13T15:44:31.809-0400] {processor.py:840} INFO - DAG(s) 'example_display_name' retrieved from /Users/manideepakreddyaila/Desktop/projects/Legal_Insights_Engine/.venv/lib/python3.11/site-packages/airflow/example_dags/example_display_name.py
[2024-04-13T15:44:31.843-0400] {logging_mixin.py:188} INFO - [2024-04-13T15:44:31.843-0400] {dag.py:3096} INFO - Sync 1 DAGs
[2024-04-13T15:44:31.846-0400] {logging_mixin.py:188} INFO - [2024-04-13T15:44:31.846-0400] {dag.py:3954} INFO - Setting next_dagrun for example_display_name to None, run_after=None
[2024-04-13T15:44:31.853-0400] {processor.py:183} INFO - Processing /Users/manideepakreddyaila/Desktop/projects/Legal_Insights_Engine/.venv/lib/python3.11/site-packages/airflow/example_dags/example_display_name.py took 0.084 seconds
[2024-04-13T17:53:33.879-0400] {processor.py:161} INFO - Started process (PID=31238) to work on /Users/manideepakreddyaila/Desktop/projects/Legal_Insights_Engine/.venv/lib/python3.11/site-packages/airflow/example_dags/example_display_name.py
[2024-04-13T17:53:33.880-0400] {processor.py:830} INFO - Processing file /Users/manideepakreddyaila/Desktop/projects/Legal_Insights_Engine/.venv/lib/python3.11/site-packages/airflow/example_dags/example_display_name.py for tasks to queue
[2024-04-13T17:53:33.881-0400] {logging_mixin.py:188} INFO - [2024-04-13T17:53:33.881-0400] {dagbag.py:540} INFO - Filling up the DagBag from /Users/manideepakreddyaila/Desktop/projects/Legal_Insights_Engine/.venv/lib/python3.11/site-packages/airflow/example_dags/example_display_name.py
[2024-04-13T17:53:33.919-0400] {processor.py:840} INFO - DAG(s) 'example_display_name' retrieved from /Users/manideepakreddyaila/Desktop/projects/Legal_Insights_Engine/.venv/lib/python3.11/site-packages/airflow/example_dags/example_display_name.py
[2024-04-13T17:53:33.953-0400] {logging_mixin.py:188} INFO - [2024-04-13T17:53:33.953-0400] {dag.py:3096} INFO - Sync 1 DAGs
[2024-04-13T17:53:33.957-0400] {logging_mixin.py:188} INFO - [2024-04-13T17:53:33.957-0400] {dag.py:3954} INFO - Setting next_dagrun for example_display_name to None, run_after=None
[2024-04-13T17:53:33.963-0400] {processor.py:183} INFO - Processing /Users/manideepakreddyaila/Desktop/projects/Legal_Insights_Engine/.venv/lib/python3.11/site-packages/airflow/example_dags/example_display_name.py took 0.086 seconds
[2024-04-13T18:20:44.183-0400] {processor.py:161} INFO - Started process (PID=31361) to work on /Users/manideepakreddyaila/Desktop/projects/Legal_Insights_Engine/.venv/lib/python3.11/site-packages/airflow/example_dags/example_display_name.py
[2024-04-13T18:20:44.184-0400] {processor.py:830} INFO - Processing file /Users/manideepakreddyaila/Desktop/projects/Legal_Insights_Engine/.venv/lib/python3.11/site-packages/airflow/example_dags/example_display_name.py for tasks to queue
[2024-04-13T18:20:44.184-0400] {logging_mixin.py:188} INFO - [2024-04-13T18:20:44.184-0400] {dagbag.py:540} INFO - Filling up the DagBag from /Users/manideepakreddyaila/Desktop/projects/Legal_Insights_Engine/.venv/lib/python3.11/site-packages/airflow/example_dags/example_display_name.py
[2024-04-13T18:20:44.222-0400] {processor.py:840} INFO - DAG(s) 'example_display_name' retrieved from /Users/manideepakreddyaila/Desktop/projects/Legal_Insights_Engine/.venv/lib/python3.11/site-packages/airflow/example_dags/example_display_name.py
[2024-04-13T18:20:44.256-0400] {logging_mixin.py:188} INFO - [2024-04-13T18:20:44.256-0400] {dag.py:3096} INFO - Sync 1 DAGs
[2024-04-13T18:20:44.260-0400] {logging_mixin.py:188} INFO - [2024-04-13T18:20:44.260-0400] {dag.py:3954} INFO - Setting next_dagrun for example_display_name to None, run_after=None
[2024-04-13T18:20:44.266-0400] {processor.py:183} INFO - Processing /Users/manideepakreddyaila/Desktop/projects/Legal_Insights_Engine/.venv/lib/python3.11/site-packages/airflow/example_dags/example_display_name.py took 0.083 seconds
[2024-04-13T19:02:34.740-0400] {processor.py:161} INFO - Started process (PID=31496) to work on /Users/manideepakreddyaila/Desktop/projects/Legal_Insights_Engine/.venv/lib/python3.11/site-packages/airflow/example_dags/example_display_name.py
[2024-04-13T19:02:34.741-0400] {processor.py:830} INFO - Processing file /Users/manideepakreddyaila/Desktop/projects/Legal_Insights_Engine/.venv/lib/python3.11/site-packages/airflow/example_dags/example_display_name.py for tasks to queue
[2024-04-13T19:02:34.741-0400] {logging_mixin.py:188} INFO - [2024-04-13T19:02:34.741-0400] {dagbag.py:540} INFO - Filling up the DagBag from /Users/manideepakreddyaila/Desktop/projects/Legal_Insights_Engine/.venv/lib/python3.11/site-packages/airflow/example_dags/example_display_name.py
[2024-04-13T19:02:34.782-0400] {processor.py:840} INFO - DAG(s) 'example_display_name' retrieved from /Users/manideepakreddyaila/Desktop/projects/Legal_Insights_Engine/.venv/lib/python3.11/site-packages/airflow/example_dags/example_display_name.py
[2024-04-13T19:02:34.817-0400] {logging_mixin.py:188} INFO - [2024-04-13T19:02:34.817-0400] {dag.py:3096} INFO - Sync 1 DAGs
[2024-04-13T19:02:34.821-0400] {logging_mixin.py:188} INFO - [2024-04-13T19:02:34.821-0400] {dag.py:3954} INFO - Setting next_dagrun for example_display_name to None, run_after=None
[2024-04-13T19:02:34.827-0400] {processor.py:183} INFO - Processing /Users/manideepakreddyaila/Desktop/projects/Legal_Insights_Engine/.venv/lib/python3.11/site-packages/airflow/example_dags/example_display_name.py took 0.088 seconds
