[2024-04-13T14:57:38.442-0400] {processor.py:161} INFO - Started process (PID=29935) to work on /Users/manideepakreddyaila/Desktop/projects/Legal_Insights_Engine/.venv/lib/python3.11/site-packages/airflow/example_dags/example_task_group.py
[2024-04-13T14:57:38.442-0400] {processor.py:830} INFO - Processing file /Users/manideepakreddyaila/Desktop/projects/Legal_Insights_Engine/.venv/lib/python3.11/site-packages/airflow/example_dags/example_task_group.py for tasks to queue
[2024-04-13T14:57:38.442-0400] {logging_mixin.py:188} INFO - [2024-04-13T14:57:38.442-0400] {dagbag.py:540} INFO - Filling up the DagBag from /Users/manideepakreddyaila/Desktop/projects/Legal_Insights_Engine/.venv/lib/python3.11/site-packages/airflow/example_dags/example_task_group.py
[2024-04-13T14:57:38.474-0400] {processor.py:840} INFO - DAG(s) 'example_task_group' retrieved from /Users/manideepakreddyaila/Desktop/projects/Legal_Insights_Engine/.venv/lib/python3.11/site-packages/airflow/example_dags/example_task_group.py
[2024-04-13T14:57:38.544-0400] {logging_mixin.py:188} INFO - [2024-04-13T14:57:38.544-0400] {override.py:1829} INFO - Created Permission View: can delete on DAG:example_task_group
[2024-04-13T14:57:38.547-0400] {logging_mixin.py:188} INFO - [2024-04-13T14:57:38.547-0400] {override.py:1829} INFO - Created Permission View: can edit on DAG:example_task_group
[2024-04-13T14:57:38.549-0400] {logging_mixin.py:188} INFO - [2024-04-13T14:57:38.549-0400] {override.py:1829} INFO - Created Permission View: can read on DAG:example_task_group
[2024-04-13T14:57:38.549-0400] {logging_mixin.py:188} INFO - [2024-04-13T14:57:38.549-0400] {dag.py:3096} INFO - Sync 1 DAGs
[2024-04-13T14:57:38.553-0400] {logging_mixin.py:188} INFO - [2024-04-13T14:57:38.553-0400] {dag.py:3118} INFO - Creating ORM DAG for example_task_group
[2024-04-13T14:57:38.556-0400] {logging_mixin.py:188} INFO - [2024-04-13T14:57:38.555-0400] {dag.py:3954} INFO - Setting next_dagrun for example_task_group to 2024-04-12 00:00:00+00:00, run_after=2024-04-13 00:00:00+00:00
[2024-04-13T14:57:38.561-0400] {processor.py:183} INFO - Processing /Users/manideepakreddyaila/Desktop/projects/Legal_Insights_Engine/.venv/lib/python3.11/site-packages/airflow/example_dags/example_task_group.py took 0.121 seconds
[2024-04-13T14:59:10.550-0400] {processor.py:161} INFO - Started process (PID=30028) to work on /Users/manideepakreddyaila/Desktop/projects/Legal_Insights_Engine/.venv/lib/python3.11/site-packages/airflow/example_dags/example_task_group.py
[2024-04-13T14:59:10.550-0400] {processor.py:830} INFO - Processing file /Users/manideepakreddyaila/Desktop/projects/Legal_Insights_Engine/.venv/lib/python3.11/site-packages/airflow/example_dags/example_task_group.py for tasks to queue
[2024-04-13T14:59:10.551-0400] {logging_mixin.py:188} INFO - [2024-04-13T14:59:10.551-0400] {dagbag.py:540} INFO - Filling up the DagBag from /Users/manideepakreddyaila/Desktop/projects/Legal_Insights_Engine/.venv/lib/python3.11/site-packages/airflow/example_dags/example_task_group.py
[2024-04-13T14:59:10.579-0400] {processor.py:840} INFO - DAG(s) 'example_task_group' retrieved from /Users/manideepakreddyaila/Desktop/projects/Legal_Insights_Engine/.venv/lib/python3.11/site-packages/airflow/example_dags/example_task_group.py
[2024-04-13T14:59:10.615-0400] {logging_mixin.py:188} INFO - [2024-04-13T14:59:10.615-0400] {dag.py:3096} INFO - Sync 1 DAGs
[2024-04-13T14:59:10.620-0400] {logging_mixin.py:188} INFO - [2024-04-13T14:59:10.620-0400] {dag.py:3954} INFO - Setting next_dagrun for example_task_group to 2024-04-12 00:00:00+00:00, run_after=2024-04-13 00:00:00+00:00
[2024-04-13T14:59:10.627-0400] {processor.py:183} INFO - Processing /Users/manideepakreddyaila/Desktop/projects/Legal_Insights_Engine/.venv/lib/python3.11/site-packages/airflow/example_dags/example_task_group.py took 0.078 seconds
[2024-04-13T15:00:09.236-0400] {processor.py:161} INFO - Started process (PID=30072) to work on /Users/manideepakreddyaila/Desktop/projects/Legal_Insights_Engine/.venv/lib/python3.11/site-packages/airflow/example_dags/example_task_group.py
[2024-04-13T15:00:09.237-0400] {processor.py:830} INFO - Processing file /Users/manideepakreddyaila/Desktop/projects/Legal_Insights_Engine/.venv/lib/python3.11/site-packages/airflow/example_dags/example_task_group.py for tasks to queue
[2024-04-13T15:00:09.237-0400] {logging_mixin.py:188} INFO - [2024-04-13T15:00:09.237-0400] {dagbag.py:540} INFO - Filling up the DagBag from /Users/manideepakreddyaila/Desktop/projects/Legal_Insights_Engine/.venv/lib/python3.11/site-packages/airflow/example_dags/example_task_group.py
[2024-04-13T15:00:09.266-0400] {processor.py:840} INFO - DAG(s) 'example_task_group' retrieved from /Users/manideepakreddyaila/Desktop/projects/Legal_Insights_Engine/.venv/lib/python3.11/site-packages/airflow/example_dags/example_task_group.py
[2024-04-13T15:00:09.302-0400] {logging_mixin.py:188} INFO - [2024-04-13T15:00:09.302-0400] {dag.py:3096} INFO - Sync 1 DAGs
[2024-04-13T15:00:09.307-0400] {logging_mixin.py:188} INFO - [2024-04-13T15:00:09.307-0400] {dag.py:3954} INFO - Setting next_dagrun for example_task_group to 2024-04-12 00:00:00+00:00, run_after=2024-04-13 00:00:00+00:00
[2024-04-13T15:00:09.313-0400] {processor.py:183} INFO - Processing /Users/manideepakreddyaila/Desktop/projects/Legal_Insights_Engine/.venv/lib/python3.11/site-packages/airflow/example_dags/example_task_group.py took 0.078 seconds
[2024-04-13T15:01:10.382-0400] {processor.py:161} INFO - Started process (PID=30128) to work on /Users/manideepakreddyaila/Desktop/projects/Legal_Insights_Engine/.venv/lib/python3.11/site-packages/airflow/example_dags/example_task_group.py
[2024-04-13T15:01:10.385-0400] {processor.py:830} INFO - Processing file /Users/manideepakreddyaila/Desktop/projects/Legal_Insights_Engine/.venv/lib/python3.11/site-packages/airflow/example_dags/example_task_group.py for tasks to queue
[2024-04-13T15:01:10.385-0400] {logging_mixin.py:188} INFO - [2024-04-13T15:01:10.385-0400] {dagbag.py:540} INFO - Filling up the DagBag from /Users/manideepakreddyaila/Desktop/projects/Legal_Insights_Engine/.venv/lib/python3.11/site-packages/airflow/example_dags/example_task_group.py
[2024-04-13T15:01:10.414-0400] {processor.py:840} INFO - DAG(s) 'example_task_group' retrieved from /Users/manideepakreddyaila/Desktop/projects/Legal_Insights_Engine/.venv/lib/python3.11/site-packages/airflow/example_dags/example_task_group.py
[2024-04-13T15:01:10.449-0400] {logging_mixin.py:188} INFO - [2024-04-13T15:01:10.449-0400] {dag.py:3096} INFO - Sync 1 DAGs
[2024-04-13T15:01:10.454-0400] {logging_mixin.py:188} INFO - [2024-04-13T15:01:10.454-0400] {dag.py:3954} INFO - Setting next_dagrun for example_task_group to 2024-04-12 00:00:00+00:00, run_after=2024-04-13 00:00:00+00:00
[2024-04-13T15:01:10.461-0400] {processor.py:183} INFO - Processing /Users/manideepakreddyaila/Desktop/projects/Legal_Insights_Engine/.venv/lib/python3.11/site-packages/airflow/example_dags/example_task_group.py took 0.080 seconds
[2024-04-13T15:03:03.700-0400] {processor.py:161} INFO - Started process (PID=30229) to work on /Users/manideepakreddyaila/Desktop/projects/Legal_Insights_Engine/.venv/lib/python3.11/site-packages/airflow/example_dags/example_task_group.py
[2024-04-13T15:03:03.700-0400] {processor.py:830} INFO - Processing file /Users/manideepakreddyaila/Desktop/projects/Legal_Insights_Engine/.venv/lib/python3.11/site-packages/airflow/example_dags/example_task_group.py for tasks to queue
[2024-04-13T15:03:03.701-0400] {logging_mixin.py:188} INFO - [2024-04-13T15:03:03.700-0400] {dagbag.py:540} INFO - Filling up the DagBag from /Users/manideepakreddyaila/Desktop/projects/Legal_Insights_Engine/.venv/lib/python3.11/site-packages/airflow/example_dags/example_task_group.py
[2024-04-13T15:03:03.730-0400] {processor.py:840} INFO - DAG(s) 'example_task_group' retrieved from /Users/manideepakreddyaila/Desktop/projects/Legal_Insights_Engine/.venv/lib/python3.11/site-packages/airflow/example_dags/example_task_group.py
[2024-04-13T15:03:03.767-0400] {logging_mixin.py:188} INFO - [2024-04-13T15:03:03.767-0400] {dag.py:3096} INFO - Sync 1 DAGs
[2024-04-13T15:03:03.772-0400] {logging_mixin.py:188} INFO - [2024-04-13T15:03:03.772-0400] {dag.py:3954} INFO - Setting next_dagrun for example_task_group to 2024-04-12 00:00:00+00:00, run_after=2024-04-13 00:00:00+00:00
[2024-04-13T15:03:03.779-0400] {processor.py:183} INFO - Processing /Users/manideepakreddyaila/Desktop/projects/Legal_Insights_Engine/.venv/lib/python3.11/site-packages/airflow/example_dags/example_task_group.py took 0.080 seconds
[2024-04-13T15:04:03.909-0400] {processor.py:161} INFO - Started process (PID=30284) to work on /Users/manideepakreddyaila/Desktop/projects/Legal_Insights_Engine/.venv/lib/python3.11/site-packages/airflow/example_dags/example_task_group.py
[2024-04-13T15:04:03.910-0400] {processor.py:830} INFO - Processing file /Users/manideepakreddyaila/Desktop/projects/Legal_Insights_Engine/.venv/lib/python3.11/site-packages/airflow/example_dags/example_task_group.py for tasks to queue
[2024-04-13T15:04:03.910-0400] {logging_mixin.py:188} INFO - [2024-04-13T15:04:03.910-0400] {dagbag.py:540} INFO - Filling up the DagBag from /Users/manideepakreddyaila/Desktop/projects/Legal_Insights_Engine/.venv/lib/python3.11/site-packages/airflow/example_dags/example_task_group.py
[2024-04-13T15:04:03.939-0400] {processor.py:840} INFO - DAG(s) 'example_task_group' retrieved from /Users/manideepakreddyaila/Desktop/projects/Legal_Insights_Engine/.venv/lib/python3.11/site-packages/airflow/example_dags/example_task_group.py
[2024-04-13T15:04:03.974-0400] {logging_mixin.py:188} INFO - [2024-04-13T15:04:03.974-0400] {dag.py:3096} INFO - Sync 1 DAGs
[2024-04-13T15:04:03.980-0400] {logging_mixin.py:188} INFO - [2024-04-13T15:04:03.980-0400] {dag.py:3954} INFO - Setting next_dagrun for example_task_group to 2024-04-12 00:00:00+00:00, run_after=2024-04-13 00:00:00+00:00
[2024-04-13T15:04:03.986-0400] {processor.py:183} INFO - Processing /Users/manideepakreddyaila/Desktop/projects/Legal_Insights_Engine/.venv/lib/python3.11/site-packages/airflow/example_dags/example_task_group.py took 0.078 seconds
[2024-04-13T15:05:03.716-0400] {processor.py:161} INFO - Started process (PID=30333) to work on /Users/manideepakreddyaila/Desktop/projects/Legal_Insights_Engine/.venv/lib/python3.11/site-packages/airflow/example_dags/example_task_group.py
[2024-04-13T15:05:03.716-0400] {processor.py:830} INFO - Processing file /Users/manideepakreddyaila/Desktop/projects/Legal_Insights_Engine/.venv/lib/python3.11/site-packages/airflow/example_dags/example_task_group.py for tasks to queue
[2024-04-13T15:05:03.717-0400] {logging_mixin.py:188} INFO - [2024-04-13T15:05:03.717-0400] {dagbag.py:540} INFO - Filling up the DagBag from /Users/manideepakreddyaila/Desktop/projects/Legal_Insights_Engine/.venv/lib/python3.11/site-packages/airflow/example_dags/example_task_group.py
[2024-04-13T15:05:03.752-0400] {processor.py:840} INFO - DAG(s) 'example_task_group' retrieved from /Users/manideepakreddyaila/Desktop/projects/Legal_Insights_Engine/.venv/lib/python3.11/site-packages/airflow/example_dags/example_task_group.py
[2024-04-13T15:05:03.789-0400] {logging_mixin.py:188} INFO - [2024-04-13T15:05:03.789-0400] {dag.py:3096} INFO - Sync 1 DAGs
[2024-04-13T15:05:03.794-0400] {logging_mixin.py:188} INFO - [2024-04-13T15:05:03.794-0400] {dag.py:3954} INFO - Setting next_dagrun for example_task_group to 2024-04-12 00:00:00+00:00, run_after=2024-04-13 00:00:00+00:00
[2024-04-13T15:05:03.800-0400] {processor.py:183} INFO - Processing /Users/manideepakreddyaila/Desktop/projects/Legal_Insights_Engine/.venv/lib/python3.11/site-packages/airflow/example_dags/example_task_group.py took 0.085 seconds
[2024-04-13T15:06:03.817-0400] {processor.py:161} INFO - Started process (PID=30424) to work on /Users/manideepakreddyaila/Desktop/projects/Legal_Insights_Engine/.venv/lib/python3.11/site-packages/airflow/example_dags/example_task_group.py
[2024-04-13T15:06:03.818-0400] {processor.py:830} INFO - Processing file /Users/manideepakreddyaila/Desktop/projects/Legal_Insights_Engine/.venv/lib/python3.11/site-packages/airflow/example_dags/example_task_group.py for tasks to queue
[2024-04-13T15:06:03.818-0400] {logging_mixin.py:188} INFO - [2024-04-13T15:06:03.818-0400] {dagbag.py:540} INFO - Filling up the DagBag from /Users/manideepakreddyaila/Desktop/projects/Legal_Insights_Engine/.venv/lib/python3.11/site-packages/airflow/example_dags/example_task_group.py
[2024-04-13T15:06:03.847-0400] {processor.py:840} INFO - DAG(s) 'example_task_group' retrieved from /Users/manideepakreddyaila/Desktop/projects/Legal_Insights_Engine/.venv/lib/python3.11/site-packages/airflow/example_dags/example_task_group.py
[2024-04-13T15:06:03.883-0400] {logging_mixin.py:188} INFO - [2024-04-13T15:06:03.883-0400] {dag.py:3096} INFO - Sync 1 DAGs
[2024-04-13T15:06:03.889-0400] {logging_mixin.py:188} INFO - [2024-04-13T15:06:03.888-0400] {dag.py:3954} INFO - Setting next_dagrun for example_task_group to 2024-04-12 00:00:00+00:00, run_after=2024-04-13 00:00:00+00:00
[2024-04-13T15:06:03.895-0400] {processor.py:183} INFO - Processing /Users/manideepakreddyaila/Desktop/projects/Legal_Insights_Engine/.venv/lib/python3.11/site-packages/airflow/example_dags/example_task_group.py took 0.078 seconds
[2024-04-13T15:07:04.913-0400] {processor.py:161} INFO - Started process (PID=30487) to work on /Users/manideepakreddyaila/Desktop/projects/Legal_Insights_Engine/.venv/lib/python3.11/site-packages/airflow/example_dags/example_task_group.py
[2024-04-13T15:07:04.914-0400] {processor.py:830} INFO - Processing file /Users/manideepakreddyaila/Desktop/projects/Legal_Insights_Engine/.venv/lib/python3.11/site-packages/airflow/example_dags/example_task_group.py for tasks to queue
[2024-04-13T15:07:04.915-0400] {logging_mixin.py:188} INFO - [2024-04-13T15:07:04.914-0400] {dagbag.py:540} INFO - Filling up the DagBag from /Users/manideepakreddyaila/Desktop/projects/Legal_Insights_Engine/.venv/lib/python3.11/site-packages/airflow/example_dags/example_task_group.py
[2024-04-13T15:07:04.943-0400] {processor.py:840} INFO - DAG(s) 'example_task_group' retrieved from /Users/manideepakreddyaila/Desktop/projects/Legal_Insights_Engine/.venv/lib/python3.11/site-packages/airflow/example_dags/example_task_group.py
[2024-04-13T15:07:04.980-0400] {logging_mixin.py:188} INFO - [2024-04-13T15:07:04.979-0400] {dag.py:3096} INFO - Sync 1 DAGs
[2024-04-13T15:07:04.985-0400] {logging_mixin.py:188} INFO - [2024-04-13T15:07:04.985-0400] {dag.py:3954} INFO - Setting next_dagrun for example_task_group to 2024-04-12 00:00:00+00:00, run_after=2024-04-13 00:00:00+00:00
[2024-04-13T15:07:04.992-0400] {processor.py:183} INFO - Processing /Users/manideepakreddyaila/Desktop/projects/Legal_Insights_Engine/.venv/lib/python3.11/site-packages/airflow/example_dags/example_task_group.py took 0.079 seconds
[2024-04-13T15:08:05.946-0400] {processor.py:161} INFO - Started process (PID=30561) to work on /Users/manideepakreddyaila/Desktop/projects/Legal_Insights_Engine/.venv/lib/python3.11/site-packages/airflow/example_dags/example_task_group.py
[2024-04-13T15:08:05.947-0400] {processor.py:830} INFO - Processing file /Users/manideepakreddyaila/Desktop/projects/Legal_Insights_Engine/.venv/lib/python3.11/site-packages/airflow/example_dags/example_task_group.py for tasks to queue
[2024-04-13T15:08:05.947-0400] {logging_mixin.py:188} INFO - [2024-04-13T15:08:05.947-0400] {dagbag.py:540} INFO - Filling up the DagBag from /Users/manideepakreddyaila/Desktop/projects/Legal_Insights_Engine/.venv/lib/python3.11/site-packages/airflow/example_dags/example_task_group.py
[2024-04-13T15:08:05.978-0400] {processor.py:840} INFO - DAG(s) 'example_task_group' retrieved from /Users/manideepakreddyaila/Desktop/projects/Legal_Insights_Engine/.venv/lib/python3.11/site-packages/airflow/example_dags/example_task_group.py
[2024-04-13T15:08:06.015-0400] {logging_mixin.py:188} INFO - [2024-04-13T15:08:06.015-0400] {dag.py:3096} INFO - Sync 1 DAGs
[2024-04-13T15:08:06.021-0400] {logging_mixin.py:188} INFO - [2024-04-13T15:08:06.021-0400] {dag.py:3954} INFO - Setting next_dagrun for example_task_group to 2024-04-12 00:00:00+00:00, run_after=2024-04-13 00:00:00+00:00
[2024-04-13T15:08:06.027-0400] {processor.py:183} INFO - Processing /Users/manideepakreddyaila/Desktop/projects/Legal_Insights_Engine/.venv/lib/python3.11/site-packages/airflow/example_dags/example_task_group.py took 0.082 seconds
[2024-04-13T15:14:18.558-0400] {processor.py:161} INFO - Started process (PID=30702) to work on /Users/manideepakreddyaila/Desktop/projects/Legal_Insights_Engine/.venv/lib/python3.11/site-packages/airflow/example_dags/example_task_group.py
[2024-04-13T15:14:18.559-0400] {processor.py:830} INFO - Processing file /Users/manideepakreddyaila/Desktop/projects/Legal_Insights_Engine/.venv/lib/python3.11/site-packages/airflow/example_dags/example_task_group.py for tasks to queue
[2024-04-13T15:14:18.559-0400] {logging_mixin.py:188} INFO - [2024-04-13T15:14:18.559-0400] {dagbag.py:540} INFO - Filling up the DagBag from /Users/manideepakreddyaila/Desktop/projects/Legal_Insights_Engine/.venv/lib/python3.11/site-packages/airflow/example_dags/example_task_group.py
[2024-04-13T15:14:18.647-0400] {processor.py:840} INFO - DAG(s) 'example_task_group' retrieved from /Users/manideepakreddyaila/Desktop/projects/Legal_Insights_Engine/.venv/lib/python3.11/site-packages/airflow/example_dags/example_task_group.py
[2024-04-13T15:14:18.743-0400] {logging_mixin.py:188} INFO - [2024-04-13T15:14:18.743-0400] {dag.py:3096} INFO - Sync 1 DAGs
[2024-04-13T15:14:18.761-0400] {logging_mixin.py:188} INFO - [2024-04-13T15:14:18.761-0400] {dag.py:3954} INFO - Setting next_dagrun for example_task_group to 2024-04-12 00:00:00+00:00, run_after=2024-04-13 00:00:00+00:00
[2024-04-13T15:14:18.778-0400] {processor.py:183} INFO - Processing /Users/manideepakreddyaila/Desktop/projects/Legal_Insights_Engine/.venv/lib/python3.11/site-packages/airflow/example_dags/example_task_group.py took 0.223 seconds
[2024-04-13T15:15:19.919-0400] {processor.py:161} INFO - Started process (PID=30770) to work on /Users/manideepakreddyaila/Desktop/projects/Legal_Insights_Engine/.venv/lib/python3.11/site-packages/airflow/example_dags/example_task_group.py
[2024-04-13T15:15:19.920-0400] {processor.py:830} INFO - Processing file /Users/manideepakreddyaila/Desktop/projects/Legal_Insights_Engine/.venv/lib/python3.11/site-packages/airflow/example_dags/example_task_group.py for tasks to queue
[2024-04-13T15:15:19.920-0400] {logging_mixin.py:188} INFO - [2024-04-13T15:15:19.920-0400] {dagbag.py:540} INFO - Filling up the DagBag from /Users/manideepakreddyaila/Desktop/projects/Legal_Insights_Engine/.venv/lib/python3.11/site-packages/airflow/example_dags/example_task_group.py
[2024-04-13T15:15:19.949-0400] {processor.py:840} INFO - DAG(s) 'example_task_group' retrieved from /Users/manideepakreddyaila/Desktop/projects/Legal_Insights_Engine/.venv/lib/python3.11/site-packages/airflow/example_dags/example_task_group.py
[2024-04-13T15:15:19.985-0400] {logging_mixin.py:188} INFO - [2024-04-13T15:15:19.985-0400] {dag.py:3096} INFO - Sync 1 DAGs
[2024-04-13T15:15:19.990-0400] {logging_mixin.py:188} INFO - [2024-04-13T15:15:19.990-0400] {dag.py:3954} INFO - Setting next_dagrun for example_task_group to 2024-04-12 00:00:00+00:00, run_after=2024-04-13 00:00:00+00:00
[2024-04-13T15:15:19.996-0400] {processor.py:183} INFO - Processing /Users/manideepakreddyaila/Desktop/projects/Legal_Insights_Engine/.venv/lib/python3.11/site-packages/airflow/example_dags/example_task_group.py took 0.078 seconds
[2024-04-13T15:16:19.848-0400] {processor.py:161} INFO - Started process (PID=30832) to work on /Users/manideepakreddyaila/Desktop/projects/Legal_Insights_Engine/.venv/lib/python3.11/site-packages/airflow/example_dags/example_task_group.py
[2024-04-13T15:16:19.849-0400] {processor.py:830} INFO - Processing file /Users/manideepakreddyaila/Desktop/projects/Legal_Insights_Engine/.venv/lib/python3.11/site-packages/airflow/example_dags/example_task_group.py for tasks to queue
[2024-04-13T15:16:19.849-0400] {logging_mixin.py:188} INFO - [2024-04-13T15:16:19.849-0400] {dagbag.py:540} INFO - Filling up the DagBag from /Users/manideepakreddyaila/Desktop/projects/Legal_Insights_Engine/.venv/lib/python3.11/site-packages/airflow/example_dags/example_task_group.py
[2024-04-13T15:16:19.885-0400] {processor.py:840} INFO - DAG(s) 'example_task_group' retrieved from /Users/manideepakreddyaila/Desktop/projects/Legal_Insights_Engine/.venv/lib/python3.11/site-packages/airflow/example_dags/example_task_group.py
[2024-04-13T15:16:19.926-0400] {logging_mixin.py:188} INFO - [2024-04-13T15:16:19.926-0400] {dag.py:3096} INFO - Sync 1 DAGs
[2024-04-13T15:16:19.931-0400] {logging_mixin.py:188} INFO - [2024-04-13T15:16:19.931-0400] {dag.py:3954} INFO - Setting next_dagrun for example_task_group to 2024-04-12 00:00:00+00:00, run_after=2024-04-13 00:00:00+00:00
[2024-04-13T15:16:19.937-0400] {processor.py:183} INFO - Processing /Users/manideepakreddyaila/Desktop/projects/Legal_Insights_Engine/.venv/lib/python3.11/site-packages/airflow/example_dags/example_task_group.py took 0.090 seconds
[2024-04-13T15:25:53.628-0400] {processor.py:161} INFO - Started process (PID=30995) to work on /Users/manideepakreddyaila/Desktop/projects/Legal_Insights_Engine/.venv/lib/python3.11/site-packages/airflow/example_dags/example_task_group.py
[2024-04-13T15:25:53.628-0400] {processor.py:830} INFO - Processing file /Users/manideepakreddyaila/Desktop/projects/Legal_Insights_Engine/.venv/lib/python3.11/site-packages/airflow/example_dags/example_task_group.py for tasks to queue
[2024-04-13T15:25:53.629-0400] {logging_mixin.py:188} INFO - [2024-04-13T15:25:53.628-0400] {dagbag.py:540} INFO - Filling up the DagBag from /Users/manideepakreddyaila/Desktop/projects/Legal_Insights_Engine/.venv/lib/python3.11/site-packages/airflow/example_dags/example_task_group.py
[2024-04-13T15:25:53.658-0400] {processor.py:840} INFO - DAG(s) 'example_task_group' retrieved from /Users/manideepakreddyaila/Desktop/projects/Legal_Insights_Engine/.venv/lib/python3.11/site-packages/airflow/example_dags/example_task_group.py
[2024-04-13T15:25:53.693-0400] {logging_mixin.py:188} INFO - [2024-04-13T15:25:53.693-0400] {dag.py:3096} INFO - Sync 1 DAGs
[2024-04-13T15:25:53.699-0400] {logging_mixin.py:188} INFO - [2024-04-13T15:25:53.699-0400] {dag.py:3954} INFO - Setting next_dagrun for example_task_group to 2024-04-12 00:00:00+00:00, run_after=2024-04-13 00:00:00+00:00
[2024-04-13T15:25:53.705-0400] {processor.py:183} INFO - Processing /Users/manideepakreddyaila/Desktop/projects/Legal_Insights_Engine/.venv/lib/python3.11/site-packages/airflow/example_dags/example_task_group.py took 0.078 seconds
[2024-04-13T17:50:56.810-0400] {processor.py:161} INFO - Started process (PID=31170) to work on /Users/manideepakreddyaila/Desktop/projects/Legal_Insights_Engine/.venv/lib/python3.11/site-packages/airflow/example_dags/example_task_group.py
[2024-04-13T17:50:56.811-0400] {processor.py:830} INFO - Processing file /Users/manideepakreddyaila/Desktop/projects/Legal_Insights_Engine/.venv/lib/python3.11/site-packages/airflow/example_dags/example_task_group.py for tasks to queue
[2024-04-13T17:50:56.811-0400] {logging_mixin.py:188} INFO - [2024-04-13T17:50:56.811-0400] {dagbag.py:540} INFO - Filling up the DagBag from /Users/manideepakreddyaila/Desktop/projects/Legal_Insights_Engine/.venv/lib/python3.11/site-packages/airflow/example_dags/example_task_group.py
[2024-04-13T17:50:56.840-0400] {processor.py:840} INFO - DAG(s) 'example_task_group' retrieved from /Users/manideepakreddyaila/Desktop/projects/Legal_Insights_Engine/.venv/lib/python3.11/site-packages/airflow/example_dags/example_task_group.py
[2024-04-13T17:50:56.876-0400] {logging_mixin.py:188} INFO - [2024-04-13T17:50:56.876-0400] {dag.py:3096} INFO - Sync 1 DAGs
[2024-04-13T17:50:56.881-0400] {logging_mixin.py:188} INFO - [2024-04-13T17:50:56.881-0400] {dag.py:3954} INFO - Setting next_dagrun for example_task_group to 2024-04-12 00:00:00+00:00, run_after=2024-04-13 00:00:00+00:00
[2024-04-13T17:50:56.887-0400] {processor.py:183} INFO - Processing /Users/manideepakreddyaila/Desktop/projects/Legal_Insights_Engine/.venv/lib/python3.11/site-packages/airflow/example_dags/example_task_group.py took 0.078 seconds
[2024-04-13T18:17:58.085-0400] {processor.py:161} INFO - Started process (PID=31309) to work on /Users/manideepakreddyaila/Desktop/projects/Legal_Insights_Engine/.venv/lib/python3.11/site-packages/airflow/example_dags/example_task_group.py
[2024-04-13T18:17:58.086-0400] {processor.py:830} INFO - Processing file /Users/manideepakreddyaila/Desktop/projects/Legal_Insights_Engine/.venv/lib/python3.11/site-packages/airflow/example_dags/example_task_group.py for tasks to queue
[2024-04-13T18:17:58.086-0400] {logging_mixin.py:188} INFO - [2024-04-13T18:17:58.086-0400] {dagbag.py:540} INFO - Filling up the DagBag from /Users/manideepakreddyaila/Desktop/projects/Legal_Insights_Engine/.venv/lib/python3.11/site-packages/airflow/example_dags/example_task_group.py
[2024-04-13T18:17:58.116-0400] {processor.py:840} INFO - DAG(s) 'example_task_group' retrieved from /Users/manideepakreddyaila/Desktop/projects/Legal_Insights_Engine/.venv/lib/python3.11/site-packages/airflow/example_dags/example_task_group.py
[2024-04-13T18:17:58.152-0400] {logging_mixin.py:188} INFO - [2024-04-13T18:17:58.152-0400] {dag.py:3096} INFO - Sync 1 DAGs
[2024-04-13T18:17:58.158-0400] {logging_mixin.py:188} INFO - [2024-04-13T18:17:58.158-0400] {dag.py:3954} INFO - Setting next_dagrun for example_task_group to 2024-04-12 00:00:00+00:00, run_after=2024-04-13 00:00:00+00:00
[2024-04-13T18:17:58.164-0400] {processor.py:183} INFO - Processing /Users/manideepakreddyaila/Desktop/projects/Legal_Insights_Engine/.venv/lib/python3.11/site-packages/airflow/example_dags/example_task_group.py took 0.080 seconds
[2024-04-13T18:58:38.300-0400] {processor.py:161} INFO - Started process (PID=31433) to work on /Users/manideepakreddyaila/Desktop/projects/Legal_Insights_Engine/.venv/lib/python3.11/site-packages/airflow/example_dags/example_task_group.py
[2024-04-13T18:58:38.300-0400] {processor.py:830} INFO - Processing file /Users/manideepakreddyaila/Desktop/projects/Legal_Insights_Engine/.venv/lib/python3.11/site-packages/airflow/example_dags/example_task_group.py for tasks to queue
[2024-04-13T18:58:38.300-0400] {logging_mixin.py:188} INFO - [2024-04-13T18:58:38.300-0400] {dagbag.py:540} INFO - Filling up the DagBag from /Users/manideepakreddyaila/Desktop/projects/Legal_Insights_Engine/.venv/lib/python3.11/site-packages/airflow/example_dags/example_task_group.py
[2024-04-13T18:58:38.335-0400] {processor.py:840} INFO - DAG(s) 'example_task_group' retrieved from /Users/manideepakreddyaila/Desktop/projects/Legal_Insights_Engine/.venv/lib/python3.11/site-packages/airflow/example_dags/example_task_group.py
[2024-04-13T18:58:38.373-0400] {logging_mixin.py:188} INFO - [2024-04-13T18:58:38.372-0400] {dag.py:3096} INFO - Sync 1 DAGs
[2024-04-13T18:58:38.378-0400] {logging_mixin.py:188} INFO - [2024-04-13T18:58:38.378-0400] {dag.py:3954} INFO - Setting next_dagrun for example_task_group to 2024-04-12 00:00:00+00:00, run_after=2024-04-13 00:00:00+00:00
[2024-04-13T18:58:38.384-0400] {processor.py:183} INFO - Processing /Users/manideepakreddyaila/Desktop/projects/Legal_Insights_Engine/.venv/lib/python3.11/site-packages/airflow/example_dags/example_task_group.py took 0.085 seconds
[2024-04-13T19:09:53.326-0400] {processor.py:161} INFO - Started process (PID=31538) to work on /Users/manideepakreddyaila/Desktop/projects/Legal_Insights_Engine/.venv/lib/python3.11/site-packages/airflow/example_dags/example_task_group.py
[2024-04-13T19:09:53.327-0400] {processor.py:830} INFO - Processing file /Users/manideepakreddyaila/Desktop/projects/Legal_Insights_Engine/.venv/lib/python3.11/site-packages/airflow/example_dags/example_task_group.py for tasks to queue
[2024-04-13T19:09:53.327-0400] {logging_mixin.py:188} INFO - [2024-04-13T19:09:53.327-0400] {dagbag.py:540} INFO - Filling up the DagBag from /Users/manideepakreddyaila/Desktop/projects/Legal_Insights_Engine/.venv/lib/python3.11/site-packages/airflow/example_dags/example_task_group.py
[2024-04-13T19:09:53.356-0400] {processor.py:840} INFO - DAG(s) 'example_task_group' retrieved from /Users/manideepakreddyaila/Desktop/projects/Legal_Insights_Engine/.venv/lib/python3.11/site-packages/airflow/example_dags/example_task_group.py
[2024-04-13T19:09:53.392-0400] {logging_mixin.py:188} INFO - [2024-04-13T19:09:53.392-0400] {dag.py:3096} INFO - Sync 1 DAGs
[2024-04-13T19:09:53.397-0400] {logging_mixin.py:188} INFO - [2024-04-13T19:09:53.397-0400] {dag.py:3954} INFO - Setting next_dagrun for example_task_group to 2024-04-12 00:00:00+00:00, run_after=2024-04-13 00:00:00+00:00
[2024-04-13T19:09:53.403-0400] {processor.py:183} INFO - Processing /Users/manideepakreddyaila/Desktop/projects/Legal_Insights_Engine/.venv/lib/python3.11/site-packages/airflow/example_dags/example_task_group.py took 0.078 seconds
