[2024-04-13T14:58:06.973-0400] {processor.py:161} INFO - Started process (PID=29959) to work on /Users/manideepakreddyaila/Desktop/projects/Legal_Insights_Engine/.venv/lib/python3.11/site-packages/airflow/example_dags/example_params_trigger_ui.py
[2024-04-13T14:58:06.974-0400] {processor.py:830} INFO - Processing file /Users/manideepakreddyaila/Desktop/projects/Legal_Insights_Engine/.venv/lib/python3.11/site-packages/airflow/example_dags/example_params_trigger_ui.py for tasks to queue
[2024-04-13T14:58:06.974-0400] {logging_mixin.py:188} INFO - [2024-04-13T14:58:06.974-0400] {dagbag.py:540} INFO - Filling up the DagBag from /Users/manideepakreddyaila/Desktop/projects/Legal_Insights_Engine/.venv/lib/python3.11/site-packages/airflow/example_dags/example_params_trigger_ui.py
[2024-04-13T14:58:07.018-0400] {processor.py:840} INFO - DAG(s) 'example_params_trigger_ui' retrieved from /Users/manideepakreddyaila/Desktop/projects/Legal_Insights_Engine/.venv/lib/python3.11/site-packages/airflow/example_dags/example_params_trigger_ui.py
[2024-04-13T14:58:07.089-0400] {logging_mixin.py:188} INFO - [2024-04-13T14:58:07.089-0400] {override.py:1829} INFO - Created Permission View: can edit on DAG:example_params_trigger_ui
[2024-04-13T14:58:07.092-0400] {logging_mixin.py:188} INFO - [2024-04-13T14:58:07.092-0400] {override.py:1829} INFO - Created Permission View: can read on DAG:example_params_trigger_ui
[2024-04-13T14:58:07.093-0400] {logging_mixin.py:188} INFO - [2024-04-13T14:58:07.093-0400] {override.py:1829} INFO - Created Permission View: can delete on DAG:example_params_trigger_ui
[2024-04-13T14:58:07.094-0400] {logging_mixin.py:188} INFO - [2024-04-13T14:58:07.093-0400] {dag.py:3096} INFO - Sync 1 DAGs
[2024-04-13T14:58:07.097-0400] {logging_mixin.py:188} INFO - [2024-04-13T14:58:07.097-0400] {dag.py:3118} INFO - Creating ORM DAG for example_params_trigger_ui
[2024-04-13T14:58:07.097-0400] {logging_mixin.py:188} INFO - [2024-04-13T14:58:07.097-0400] {dag.py:3954} INFO - Setting next_dagrun for example_params_trigger_ui to None, run_after=None
[2024-04-13T14:58:07.103-0400] {processor.py:183} INFO - Processing /Users/manideepakreddyaila/Desktop/projects/Legal_Insights_Engine/.venv/lib/python3.11/site-packages/airflow/example_dags/example_params_trigger_ui.py took 0.131 seconds
[2024-04-13T14:59:35.281-0400] {processor.py:161} INFO - Started process (PID=30051) to work on /Users/manideepakreddyaila/Desktop/projects/Legal_Insights_Engine/.venv/lib/python3.11/site-packages/airflow/example_dags/example_params_trigger_ui.py
[2024-04-13T14:59:35.282-0400] {processor.py:830} INFO - Processing file /Users/manideepakreddyaila/Desktop/projects/Legal_Insights_Engine/.venv/lib/python3.11/site-packages/airflow/example_dags/example_params_trigger_ui.py for tasks to queue
[2024-04-13T14:59:35.282-0400] {logging_mixin.py:188} INFO - [2024-04-13T14:59:35.282-0400] {dagbag.py:540} INFO - Filling up the DagBag from /Users/manideepakreddyaila/Desktop/projects/Legal_Insights_Engine/.venv/lib/python3.11/site-packages/airflow/example_dags/example_params_trigger_ui.py
[2024-04-13T14:59:35.322-0400] {processor.py:840} INFO - DAG(s) 'example_params_trigger_ui' retrieved from /Users/manideepakreddyaila/Desktop/projects/Legal_Insights_Engine/.venv/lib/python3.11/site-packages/airflow/example_dags/example_params_trigger_ui.py
[2024-04-13T14:59:35.366-0400] {logging_mixin.py:188} INFO - [2024-04-13T14:59:35.365-0400] {dag.py:3096} INFO - Sync 1 DAGs
[2024-04-13T14:59:35.369-0400] {logging_mixin.py:188} INFO - [2024-04-13T14:59:35.369-0400] {dag.py:3954} INFO - Setting next_dagrun for example_params_trigger_ui to None, run_after=None
[2024-04-13T14:59:35.376-0400] {processor.py:183} INFO - Processing /Users/manideepakreddyaila/Desktop/projects/Legal_Insights_Engine/.venv/lib/python3.11/site-packages/airflow/example_dags/example_params_trigger_ui.py took 0.096 seconds
[2024-04-13T15:01:32.819-0400] {processor.py:161} INFO - Started process (PID=30160) to work on /Users/manideepakreddyaila/Desktop/projects/Legal_Insights_Engine/.venv/lib/python3.11/site-packages/airflow/example_dags/example_params_trigger_ui.py
[2024-04-13T15:01:32.819-0400] {processor.py:830} INFO - Processing file /Users/manideepakreddyaila/Desktop/projects/Legal_Insights_Engine/.venv/lib/python3.11/site-packages/airflow/example_dags/example_params_trigger_ui.py for tasks to queue
[2024-04-13T15:01:32.820-0400] {logging_mixin.py:188} INFO - [2024-04-13T15:01:32.819-0400] {dagbag.py:540} INFO - Filling up the DagBag from /Users/manideepakreddyaila/Desktop/projects/Legal_Insights_Engine/.venv/lib/python3.11/site-packages/airflow/example_dags/example_params_trigger_ui.py
[2024-04-13T15:01:32.860-0400] {processor.py:840} INFO - DAG(s) 'example_params_trigger_ui' retrieved from /Users/manideepakreddyaila/Desktop/projects/Legal_Insights_Engine/.venv/lib/python3.11/site-packages/airflow/example_dags/example_params_trigger_ui.py
[2024-04-13T15:01:32.901-0400] {logging_mixin.py:188} INFO - [2024-04-13T15:01:32.901-0400] {dag.py:3096} INFO - Sync 1 DAGs
[2024-04-13T15:01:32.904-0400] {logging_mixin.py:188} INFO - [2024-04-13T15:01:32.904-0400] {dag.py:3954} INFO - Setting next_dagrun for example_params_trigger_ui to None, run_after=None
[2024-04-13T15:01:32.912-0400] {processor.py:183} INFO - Processing /Users/manideepakreddyaila/Desktop/projects/Legal_Insights_Engine/.venv/lib/python3.11/site-packages/airflow/example_dags/example_params_trigger_ui.py took 0.095 seconds
[2024-04-13T15:03:28.349-0400] {processor.py:161} INFO - Started process (PID=30261) to work on /Users/manideepakreddyaila/Desktop/projects/Legal_Insights_Engine/.venv/lib/python3.11/site-packages/airflow/example_dags/example_params_trigger_ui.py
[2024-04-13T15:03:28.350-0400] {processor.py:830} INFO - Processing file /Users/manideepakreddyaila/Desktop/projects/Legal_Insights_Engine/.venv/lib/python3.11/site-packages/airflow/example_dags/example_params_trigger_ui.py for tasks to queue
[2024-04-13T15:03:28.351-0400] {logging_mixin.py:188} INFO - [2024-04-13T15:03:28.350-0400] {dagbag.py:540} INFO - Filling up the DagBag from /Users/manideepakreddyaila/Desktop/projects/Legal_Insights_Engine/.venv/lib/python3.11/site-packages/airflow/example_dags/example_params_trigger_ui.py
[2024-04-13T15:03:28.390-0400] {processor.py:840} INFO - DAG(s) 'example_params_trigger_ui' retrieved from /Users/manideepakreddyaila/Desktop/projects/Legal_Insights_Engine/.venv/lib/python3.11/site-packages/airflow/example_dags/example_params_trigger_ui.py
[2024-04-13T15:03:28.431-0400] {logging_mixin.py:188} INFO - [2024-04-13T15:03:28.431-0400] {dag.py:3096} INFO - Sync 1 DAGs
[2024-04-13T15:03:28.434-0400] {logging_mixin.py:188} INFO - [2024-04-13T15:03:28.434-0400] {dag.py:3954} INFO - Setting next_dagrun for example_params_trigger_ui to None, run_after=None
[2024-04-13T15:03:28.445-0400] {processor.py:183} INFO - Processing /Users/manideepakreddyaila/Desktop/projects/Legal_Insights_Engine/.venv/lib/python3.11/site-packages/airflow/example_dags/example_params_trigger_ui.py took 0.097 seconds
[2024-04-13T15:05:28.658-0400] {processor.py:161} INFO - Started process (PID=30386) to work on /Users/manideepakreddyaila/Desktop/projects/Legal_Insights_Engine/.venv/lib/python3.11/site-packages/airflow/example_dags/example_params_trigger_ui.py
[2024-04-13T15:05:28.659-0400] {processor.py:830} INFO - Processing file /Users/manideepakreddyaila/Desktop/projects/Legal_Insights_Engine/.venv/lib/python3.11/site-packages/airflow/example_dags/example_params_trigger_ui.py for tasks to queue
[2024-04-13T15:05:28.659-0400] {logging_mixin.py:188} INFO - [2024-04-13T15:05:28.659-0400] {dagbag.py:540} INFO - Filling up the DagBag from /Users/manideepakreddyaila/Desktop/projects/Legal_Insights_Engine/.venv/lib/python3.11/site-packages/airflow/example_dags/example_params_trigger_ui.py
[2024-04-13T15:05:28.699-0400] {processor.py:840} INFO - DAG(s) 'example_params_trigger_ui' retrieved from /Users/manideepakreddyaila/Desktop/projects/Legal_Insights_Engine/.venv/lib/python3.11/site-packages/airflow/example_dags/example_params_trigger_ui.py
[2024-04-13T15:05:28.740-0400] {logging_mixin.py:188} INFO - [2024-04-13T15:05:28.740-0400] {dag.py:3096} INFO - Sync 1 DAGs
[2024-04-13T15:05:28.744-0400] {logging_mixin.py:188} INFO - [2024-04-13T15:05:28.744-0400] {dag.py:3954} INFO - Setting next_dagrun for example_params_trigger_ui to None, run_after=None
[2024-04-13T15:05:28.750-0400] {processor.py:183} INFO - Processing /Users/manideepakreddyaila/Desktop/projects/Legal_Insights_Engine/.venv/lib/python3.11/site-packages/airflow/example_dags/example_params_trigger_ui.py took 0.093 seconds
[2024-04-13T15:07:29.734-0400] {processor.py:161} INFO - Started process (PID=30540) to work on /Users/manideepakreddyaila/Desktop/projects/Legal_Insights_Engine/.venv/lib/python3.11/site-packages/airflow/example_dags/example_params_trigger_ui.py
[2024-04-13T15:07:29.735-0400] {processor.py:830} INFO - Processing file /Users/manideepakreddyaila/Desktop/projects/Legal_Insights_Engine/.venv/lib/python3.11/site-packages/airflow/example_dags/example_params_trigger_ui.py for tasks to queue
[2024-04-13T15:07:29.735-0400] {logging_mixin.py:188} INFO - [2024-04-13T15:07:29.735-0400] {dagbag.py:540} INFO - Filling up the DagBag from /Users/manideepakreddyaila/Desktop/projects/Legal_Insights_Engine/.venv/lib/python3.11/site-packages/airflow/example_dags/example_params_trigger_ui.py
[2024-04-13T15:07:29.775-0400] {processor.py:840} INFO - DAG(s) 'example_params_trigger_ui' retrieved from /Users/manideepakreddyaila/Desktop/projects/Legal_Insights_Engine/.venv/lib/python3.11/site-packages/airflow/example_dags/example_params_trigger_ui.py
[2024-04-13T15:07:29.819-0400] {logging_mixin.py:188} INFO - [2024-04-13T15:07:29.819-0400] {dag.py:3096} INFO - Sync 1 DAGs
[2024-04-13T15:07:29.823-0400] {logging_mixin.py:188} INFO - [2024-04-13T15:07:29.823-0400] {dag.py:3954} INFO - Setting next_dagrun for example_params_trigger_ui to None, run_after=None
[2024-04-13T15:07:29.830-0400] {processor.py:183} INFO - Processing /Users/manideepakreddyaila/Desktop/projects/Legal_Insights_Engine/.venv/lib/python3.11/site-packages/airflow/example_dags/example_params_trigger_ui.py took 0.097 seconds
[2024-04-13T15:14:42.824-0400] {processor.py:161} INFO - Started process (PID=30735) to work on /Users/manideepakreddyaila/Desktop/projects/Legal_Insights_Engine/.venv/lib/python3.11/site-packages/airflow/example_dags/example_params_trigger_ui.py
[2024-04-13T15:14:42.825-0400] {processor.py:830} INFO - Processing file /Users/manideepakreddyaila/Desktop/projects/Legal_Insights_Engine/.venv/lib/python3.11/site-packages/airflow/example_dags/example_params_trigger_ui.py for tasks to queue
[2024-04-13T15:14:42.825-0400] {logging_mixin.py:188} INFO - [2024-04-13T15:14:42.825-0400] {dagbag.py:540} INFO - Filling up the DagBag from /Users/manideepakreddyaila/Desktop/projects/Legal_Insights_Engine/.venv/lib/python3.11/site-packages/airflow/example_dags/example_params_trigger_ui.py
[2024-04-13T15:14:42.865-0400] {processor.py:840} INFO - DAG(s) 'example_params_trigger_ui' retrieved from /Users/manideepakreddyaila/Desktop/projects/Legal_Insights_Engine/.venv/lib/python3.11/site-packages/airflow/example_dags/example_params_trigger_ui.py
[2024-04-13T15:14:42.906-0400] {logging_mixin.py:188} INFO - [2024-04-13T15:14:42.906-0400] {dag.py:3096} INFO - Sync 1 DAGs
[2024-04-13T15:14:42.910-0400] {logging_mixin.py:188} INFO - [2024-04-13T15:14:42.910-0400] {dag.py:3954} INFO - Setting next_dagrun for example_params_trigger_ui to None, run_after=None
[2024-04-13T15:14:42.916-0400] {processor.py:183} INFO - Processing /Users/manideepakreddyaila/Desktop/projects/Legal_Insights_Engine/.venv/lib/python3.11/site-packages/airflow/example_dags/example_params_trigger_ui.py took 0.094 seconds
[2024-04-13T15:16:40.883-0400] {processor.py:161} INFO - Started process (PID=30853) to work on /Users/manideepakreddyaila/Desktop/projects/Legal_Insights_Engine/.venv/lib/python3.11/site-packages/airflow/example_dags/example_params_trigger_ui.py
[2024-04-13T15:16:40.885-0400] {processor.py:830} INFO - Processing file /Users/manideepakreddyaila/Desktop/projects/Legal_Insights_Engine/.venv/lib/python3.11/site-packages/airflow/example_dags/example_params_trigger_ui.py for tasks to queue
[2024-04-13T15:16:40.885-0400] {logging_mixin.py:188} INFO - [2024-04-13T15:16:40.885-0400] {dagbag.py:540} INFO - Filling up the DagBag from /Users/manideepakreddyaila/Desktop/projects/Legal_Insights_Engine/.venv/lib/python3.11/site-packages/airflow/example_dags/example_params_trigger_ui.py
[2024-04-13T15:16:40.925-0400] {processor.py:840} INFO - DAG(s) 'example_params_trigger_ui' retrieved from /Users/manideepakreddyaila/Desktop/projects/Legal_Insights_Engine/.venv/lib/python3.11/site-packages/airflow/example_dags/example_params_trigger_ui.py
[2024-04-13T15:16:40.965-0400] {logging_mixin.py:188} INFO - [2024-04-13T15:16:40.965-0400] {dag.py:3096} INFO - Sync 1 DAGs
[2024-04-13T15:16:40.969-0400] {logging_mixin.py:188} INFO - [2024-04-13T15:16:40.969-0400] {dag.py:3954} INFO - Setting next_dagrun for example_params_trigger_ui to None, run_after=None
[2024-04-13T15:16:40.976-0400] {processor.py:183} INFO - Processing /Users/manideepakreddyaila/Desktop/projects/Legal_Insights_Engine/.venv/lib/python3.11/site-packages/airflow/example_dags/example_params_trigger_ui.py took 0.093 seconds
[2024-04-13T15:28:46.069-0400] {processor.py:161} INFO - Started process (PID=31035) to work on /Users/manideepakreddyaila/Desktop/projects/Legal_Insights_Engine/.venv/lib/python3.11/site-packages/airflow/example_dags/example_params_trigger_ui.py
[2024-04-13T15:28:46.070-0400] {processor.py:830} INFO - Processing file /Users/manideepakreddyaila/Desktop/projects/Legal_Insights_Engine/.venv/lib/python3.11/site-packages/airflow/example_dags/example_params_trigger_ui.py for tasks to queue
[2024-04-13T15:28:46.070-0400] {logging_mixin.py:188} INFO - [2024-04-13T15:28:46.070-0400] {dagbag.py:540} INFO - Filling up the DagBag from /Users/manideepakreddyaila/Desktop/projects/Legal_Insights_Engine/.venv/lib/python3.11/site-packages/airflow/example_dags/example_params_trigger_ui.py
[2024-04-13T15:28:46.114-0400] {processor.py:840} INFO - DAG(s) 'example_params_trigger_ui' retrieved from /Users/manideepakreddyaila/Desktop/projects/Legal_Insights_Engine/.venv/lib/python3.11/site-packages/airflow/example_dags/example_params_trigger_ui.py
[2024-04-13T15:28:46.177-0400] {logging_mixin.py:188} INFO - [2024-04-13T15:28:46.176-0400] {dag.py:3096} INFO - Sync 1 DAGs
[2024-04-13T15:28:46.184-0400] {logging_mixin.py:188} INFO - [2024-04-13T15:28:46.184-0400] {dag.py:3954} INFO - Setting next_dagrun for example_params_trigger_ui to None, run_after=None
[2024-04-13T15:28:46.191-0400] {processor.py:183} INFO - Processing /Users/manideepakreddyaila/Desktop/projects/Legal_Insights_Engine/.venv/lib/python3.11/site-packages/airflow/example_dags/example_params_trigger_ui.py took 0.123 seconds
[2024-04-13T17:52:54.828-0400] {processor.py:161} INFO - Started process (PID=31202) to work on /Users/manideepakreddyaila/Desktop/projects/Legal_Insights_Engine/.venv/lib/python3.11/site-packages/airflow/example_dags/example_params_trigger_ui.py
[2024-04-13T17:52:54.829-0400] {processor.py:830} INFO - Processing file /Users/manideepakreddyaila/Desktop/projects/Legal_Insights_Engine/.venv/lib/python3.11/site-packages/airflow/example_dags/example_params_trigger_ui.py for tasks to queue
[2024-04-13T17:52:54.829-0400] {logging_mixin.py:188} INFO - [2024-04-13T17:52:54.829-0400] {dagbag.py:540} INFO - Filling up the DagBag from /Users/manideepakreddyaila/Desktop/projects/Legal_Insights_Engine/.venv/lib/python3.11/site-packages/airflow/example_dags/example_params_trigger_ui.py
[2024-04-13T17:52:54.870-0400] {processor.py:840} INFO - DAG(s) 'example_params_trigger_ui' retrieved from /Users/manideepakreddyaila/Desktop/projects/Legal_Insights_Engine/.venv/lib/python3.11/site-packages/airflow/example_dags/example_params_trigger_ui.py
[2024-04-13T17:52:54.912-0400] {logging_mixin.py:188} INFO - [2024-04-13T17:52:54.912-0400] {dag.py:3096} INFO - Sync 1 DAGs
[2024-04-13T17:52:54.916-0400] {logging_mixin.py:188} INFO - [2024-04-13T17:52:54.916-0400] {dag.py:3954} INFO - Setting next_dagrun for example_params_trigger_ui to None, run_after=None
[2024-04-13T17:52:54.923-0400] {processor.py:183} INFO - Processing /Users/manideepakreddyaila/Desktop/projects/Legal_Insights_Engine/.venv/lib/python3.11/site-packages/airflow/example_dags/example_params_trigger_ui.py took 0.095 seconds
[2024-04-13T18:19:58.397-0400] {processor.py:161} INFO - Started process (PID=31348) to work on /Users/manideepakreddyaila/Desktop/projects/Legal_Insights_Engine/.venv/lib/python3.11/site-packages/airflow/example_dags/example_params_trigger_ui.py
[2024-04-13T18:19:58.398-0400] {processor.py:830} INFO - Processing file /Users/manideepakreddyaila/Desktop/projects/Legal_Insights_Engine/.venv/lib/python3.11/site-packages/airflow/example_dags/example_params_trigger_ui.py for tasks to queue
[2024-04-13T18:19:58.398-0400] {logging_mixin.py:188} INFO - [2024-04-13T18:19:58.398-0400] {dagbag.py:540} INFO - Filling up the DagBag from /Users/manideepakreddyaila/Desktop/projects/Legal_Insights_Engine/.venv/lib/python3.11/site-packages/airflow/example_dags/example_params_trigger_ui.py
[2024-04-13T18:19:58.437-0400] {processor.py:840} INFO - DAG(s) 'example_params_trigger_ui' retrieved from /Users/manideepakreddyaila/Desktop/projects/Legal_Insights_Engine/.venv/lib/python3.11/site-packages/airflow/example_dags/example_params_trigger_ui.py
[2024-04-13T18:19:58.479-0400] {logging_mixin.py:188} INFO - [2024-04-13T18:19:58.478-0400] {dag.py:3096} INFO - Sync 1 DAGs
[2024-04-13T18:19:58.482-0400] {logging_mixin.py:188} INFO - [2024-04-13T18:19:58.482-0400] {dag.py:3954} INFO - Setting next_dagrun for example_params_trigger_ui to None, run_after=None
[2024-04-13T18:19:58.488-0400] {processor.py:183} INFO - Processing /Users/manideepakreddyaila/Desktop/projects/Legal_Insights_Engine/.venv/lib/python3.11/site-packages/airflow/example_dags/example_params_trigger_ui.py took 0.093 seconds
[2024-04-13T19:02:07.951-0400] {processor.py:161} INFO - Started process (PID=31470) to work on /Users/manideepakreddyaila/Desktop/projects/Legal_Insights_Engine/.venv/lib/python3.11/site-packages/airflow/example_dags/example_params_trigger_ui.py
[2024-04-13T19:02:07.955-0400] {processor.py:830} INFO - Processing file /Users/manideepakreddyaila/Desktop/projects/Legal_Insights_Engine/.venv/lib/python3.11/site-packages/airflow/example_dags/example_params_trigger_ui.py for tasks to queue
[2024-04-13T19:02:07.955-0400] {logging_mixin.py:188} INFO - [2024-04-13T19:02:07.955-0400] {dagbag.py:540} INFO - Filling up the DagBag from /Users/manideepakreddyaila/Desktop/projects/Legal_Insights_Engine/.venv/lib/python3.11/site-packages/airflow/example_dags/example_params_trigger_ui.py
[2024-04-13T19:02:08.103-0400] {processor.py:840} INFO - DAG(s) 'example_params_trigger_ui' retrieved from /Users/manideepakreddyaila/Desktop/projects/Legal_Insights_Engine/.venv/lib/python3.11/site-packages/airflow/example_dags/example_params_trigger_ui.py
[2024-04-13T19:02:08.345-0400] {logging_mixin.py:188} INFO - [2024-04-13T19:02:08.344-0400] {dag.py:3096} INFO - Sync 1 DAGs
[2024-04-13T19:02:08.421-0400] {logging_mixin.py:188} INFO - [2024-04-13T19:02:08.420-0400] {dag.py:3954} INFO - Setting next_dagrun for example_params_trigger_ui to None, run_after=None
[2024-04-13T19:02:08.705-0400] {processor.py:183} INFO - Processing /Users/manideepakreddyaila/Desktop/projects/Legal_Insights_Engine/.venv/lib/python3.11/site-packages/airflow/example_dags/example_params_trigger_ui.py took 0.761 seconds
[2024-04-13T19:10:48.377-0400] {processor.py:161} INFO - Started process (PID=31567) to work on /Users/manideepakreddyaila/Desktop/projects/Legal_Insights_Engine/.venv/lib/python3.11/site-packages/airflow/example_dags/example_params_trigger_ui.py
[2024-04-13T19:10:48.377-0400] {processor.py:830} INFO - Processing file /Users/manideepakreddyaila/Desktop/projects/Legal_Insights_Engine/.venv/lib/python3.11/site-packages/airflow/example_dags/example_params_trigger_ui.py for tasks to queue
[2024-04-13T19:10:48.378-0400] {logging_mixin.py:188} INFO - [2024-04-13T19:10:48.378-0400] {dagbag.py:540} INFO - Filling up the DagBag from /Users/manideepakreddyaila/Desktop/projects/Legal_Insights_Engine/.venv/lib/python3.11/site-packages/airflow/example_dags/example_params_trigger_ui.py
[2024-04-13T19:10:48.417-0400] {processor.py:840} INFO - DAG(s) 'example_params_trigger_ui' retrieved from /Users/manideepakreddyaila/Desktop/projects/Legal_Insights_Engine/.venv/lib/python3.11/site-packages/airflow/example_dags/example_params_trigger_ui.py
[2024-04-13T19:10:48.458-0400] {logging_mixin.py:188} INFO - [2024-04-13T19:10:48.458-0400] {dag.py:3096} INFO - Sync 1 DAGs
[2024-04-13T19:10:48.461-0400] {logging_mixin.py:188} INFO - [2024-04-13T19:10:48.461-0400] {dag.py:3954} INFO - Setting next_dagrun for example_params_trigger_ui to None, run_after=None
[2024-04-13T19:10:48.468-0400] {processor.py:183} INFO - Processing /Users/manideepakreddyaila/Desktop/projects/Legal_Insights_Engine/.venv/lib/python3.11/site-packages/airflow/example_dags/example_params_trigger_ui.py took 0.092 seconds
