[2024-04-13T14:58:38.657-0400] {processor.py:161} INFO - Started process (PID=29998) to work on /Users/manideepakreddyaila/Desktop/projects/Legal_Insights_Engine/.venv/lib/python3.11/site-packages/airflow/example_dags/example_branch_datetime_operator.py
[2024-04-13T14:58:38.658-0400] {processor.py:830} INFO - Processing file /Users/manideepakreddyaila/Desktop/projects/Legal_Insights_Engine/.venv/lib/python3.11/site-packages/airflow/example_dags/example_branch_datetime_operator.py for tasks to queue
[2024-04-13T14:58:38.658-0400] {logging_mixin.py:188} INFO - [2024-04-13T14:58:38.658-0400] {dagbag.py:540} INFO - Filling up the DagBag from /Users/manideepakreddyaila/Desktop/projects/Legal_Insights_Engine/.venv/lib/python3.11/site-packages/airflow/example_dags/example_branch_datetime_operator.py
[2024-04-13T14:58:38.688-0400] {processor.py:840} INFO - DAG(s) 'example_branch_datetime_operator_3', 'example_branch_datetime_operator', 'example_branch_datetime_operator_2' retrieved from /Users/manideepakreddyaila/Desktop/projects/Legal_Insights_Engine/.venv/lib/python3.11/site-packages/airflow/example_dags/example_branch_datetime_operator.py
[2024-04-13T14:58:38.751-0400] {logging_mixin.py:188} INFO - [2024-04-13T14:58:38.751-0400] {override.py:1829} INFO - Created Permission View: can delete on DAG:example_branch_datetime_operator_3
[2024-04-13T14:58:38.754-0400] {logging_mixin.py:188} INFO - [2024-04-13T14:58:38.754-0400] {override.py:1829} INFO - Created Permission View: can read on DAG:example_branch_datetime_operator_3
[2024-04-13T14:58:38.756-0400] {logging_mixin.py:188} INFO - [2024-04-13T14:58:38.756-0400] {override.py:1829} INFO - Created Permission View: can edit on DAG:example_branch_datetime_operator_3
[2024-04-13T14:58:38.761-0400] {logging_mixin.py:188} INFO - [2024-04-13T14:58:38.761-0400] {override.py:1829} INFO - Created Permission View: can delete on DAG:example_branch_datetime_operator
[2024-04-13T14:58:38.763-0400] {logging_mixin.py:188} INFO - [2024-04-13T14:58:38.763-0400] {override.py:1829} INFO - Created Permission View: can read on DAG:example_branch_datetime_operator
[2024-04-13T14:58:38.764-0400] {logging_mixin.py:188} INFO - [2024-04-13T14:58:38.764-0400] {override.py:1829} INFO - Created Permission View: can edit on DAG:example_branch_datetime_operator
[2024-04-13T14:58:38.768-0400] {logging_mixin.py:188} INFO - [2024-04-13T14:58:38.768-0400] {override.py:1829} INFO - Created Permission View: can delete on DAG:example_branch_datetime_operator_2
[2024-04-13T14:58:38.771-0400] {logging_mixin.py:188} INFO - [2024-04-13T14:58:38.771-0400] {override.py:1829} INFO - Created Permission View: can read on DAG:example_branch_datetime_operator_2
[2024-04-13T14:58:38.774-0400] {logging_mixin.py:188} INFO - [2024-04-13T14:58:38.774-0400] {override.py:1829} INFO - Created Permission View: can edit on DAG:example_branch_datetime_operator_2
[2024-04-13T14:58:38.774-0400] {logging_mixin.py:188} INFO - [2024-04-13T14:58:38.774-0400] {dag.py:3096} INFO - Sync 3 DAGs
[2024-04-13T14:58:38.778-0400] {logging_mixin.py:188} INFO - [2024-04-13T14:58:38.778-0400] {dag.py:3118} INFO - Creating ORM DAG for example_branch_datetime_operator_2
[2024-04-13T14:58:38.778-0400] {logging_mixin.py:188} INFO - [2024-04-13T14:58:38.778-0400] {dag.py:3118} INFO - Creating ORM DAG for example_branch_datetime_operator_3
[2024-04-13T14:58:38.778-0400] {logging_mixin.py:188} INFO - [2024-04-13T14:58:38.778-0400] {dag.py:3118} INFO - Creating ORM DAG for example_branch_datetime_operator
[2024-04-13T14:58:38.781-0400] {logging_mixin.py:188} INFO - [2024-04-13T14:58:38.781-0400] {dag.py:3954} INFO - Setting next_dagrun for example_branch_datetime_operator to 2024-04-12 00:00:00+00:00, run_after=2024-04-13 00:00:00+00:00
[2024-04-13T14:58:38.782-0400] {logging_mixin.py:188} INFO - [2024-04-13T14:58:38.782-0400] {dag.py:3954} INFO - Setting next_dagrun for example_branch_datetime_operator_2 to 2024-04-12 00:00:00+00:00, run_after=2024-04-13 00:00:00+00:00
[2024-04-13T14:58:38.782-0400] {logging_mixin.py:188} INFO - [2024-04-13T14:58:38.782-0400] {dag.py:3954} INFO - Setting next_dagrun for example_branch_datetime_operator_3 to 2024-04-12 00:00:00+00:00, run_after=2024-04-13 00:00:00+00:00
[2024-04-13T14:58:38.790-0400] {processor.py:183} INFO - Processing /Users/manideepakreddyaila/Desktop/projects/Legal_Insights_Engine/.venv/lib/python3.11/site-packages/airflow/example_dags/example_branch_datetime_operator.py took 0.134 seconds
[2024-04-13T15:00:35.534-0400] {processor.py:161} INFO - Started process (PID=30107) to work on /Users/manideepakreddyaila/Desktop/projects/Legal_Insights_Engine/.venv/lib/python3.11/site-packages/airflow/example_dags/example_branch_datetime_operator.py
[2024-04-13T15:00:35.535-0400] {processor.py:830} INFO - Processing file /Users/manideepakreddyaila/Desktop/projects/Legal_Insights_Engine/.venv/lib/python3.11/site-packages/airflow/example_dags/example_branch_datetime_operator.py for tasks to queue
[2024-04-13T15:00:35.535-0400] {logging_mixin.py:188} INFO - [2024-04-13T15:00:35.535-0400] {dagbag.py:540} INFO - Filling up the DagBag from /Users/manideepakreddyaila/Desktop/projects/Legal_Insights_Engine/.venv/lib/python3.11/site-packages/airflow/example_dags/example_branch_datetime_operator.py
[2024-04-13T15:00:35.566-0400] {processor.py:840} INFO - DAG(s) 'example_branch_datetime_operator', 'example_branch_datetime_operator_3', 'example_branch_datetime_operator_2' retrieved from /Users/manideepakreddyaila/Desktop/projects/Legal_Insights_Engine/.venv/lib/python3.11/site-packages/airflow/example_dags/example_branch_datetime_operator.py
[2024-04-13T15:00:35.603-0400] {logging_mixin.py:188} INFO - [2024-04-13T15:00:35.603-0400] {dag.py:3096} INFO - Sync 3 DAGs
[2024-04-13T15:00:35.608-0400] {logging_mixin.py:188} INFO - [2024-04-13T15:00:35.608-0400] {dag.py:3954} INFO - Setting next_dagrun for example_branch_datetime_operator to 2024-04-12 00:00:00+00:00, run_after=2024-04-13 00:00:00+00:00
[2024-04-13T15:00:35.610-0400] {logging_mixin.py:188} INFO - [2024-04-13T15:00:35.610-0400] {dag.py:3954} INFO - Setting next_dagrun for example_branch_datetime_operator_2 to 2024-04-12 00:00:00+00:00, run_after=2024-04-13 00:00:00+00:00
[2024-04-13T15:00:35.610-0400] {logging_mixin.py:188} INFO - [2024-04-13T15:00:35.610-0400] {dag.py:3954} INFO - Setting next_dagrun for example_branch_datetime_operator_3 to 2024-04-12 00:00:00+00:00, run_after=2024-04-13 00:00:00+00:00
[2024-04-13T15:00:35.616-0400] {processor.py:183} INFO - Processing /Users/manideepakreddyaila/Desktop/projects/Legal_Insights_Engine/.venv/lib/python3.11/site-packages/airflow/example_dags/example_branch_datetime_operator.py took 0.083 seconds
[2024-04-13T15:02:29.312-0400] {processor.py:161} INFO - Started process (PID=30209) to work on /Users/manideepakreddyaila/Desktop/projects/Legal_Insights_Engine/.venv/lib/python3.11/site-packages/airflow/example_dags/example_branch_datetime_operator.py
[2024-04-13T15:02:29.313-0400] {processor.py:830} INFO - Processing file /Users/manideepakreddyaila/Desktop/projects/Legal_Insights_Engine/.venv/lib/python3.11/site-packages/airflow/example_dags/example_branch_datetime_operator.py for tasks to queue
[2024-04-13T15:02:29.313-0400] {logging_mixin.py:188} INFO - [2024-04-13T15:02:29.313-0400] {dagbag.py:540} INFO - Filling up the DagBag from /Users/manideepakreddyaila/Desktop/projects/Legal_Insights_Engine/.venv/lib/python3.11/site-packages/airflow/example_dags/example_branch_datetime_operator.py
[2024-04-13T15:02:29.343-0400] {processor.py:840} INFO - DAG(s) 'example_branch_datetime_operator_2', 'example_branch_datetime_operator_3', 'example_branch_datetime_operator' retrieved from /Users/manideepakreddyaila/Desktop/projects/Legal_Insights_Engine/.venv/lib/python3.11/site-packages/airflow/example_dags/example_branch_datetime_operator.py
[2024-04-13T15:02:29.381-0400] {logging_mixin.py:188} INFO - [2024-04-13T15:02:29.381-0400] {dag.py:3096} INFO - Sync 3 DAGs
[2024-04-13T15:02:29.387-0400] {logging_mixin.py:188} INFO - [2024-04-13T15:02:29.387-0400] {dag.py:3954} INFO - Setting next_dagrun for example_branch_datetime_operator to 2024-04-12 00:00:00+00:00, run_after=2024-04-13 00:00:00+00:00
[2024-04-13T15:02:29.388-0400] {logging_mixin.py:188} INFO - [2024-04-13T15:02:29.388-0400] {dag.py:3954} INFO - Setting next_dagrun for example_branch_datetime_operator_2 to 2024-04-12 00:00:00+00:00, run_after=2024-04-13 00:00:00+00:00
[2024-04-13T15:02:29.389-0400] {logging_mixin.py:188} INFO - [2024-04-13T15:02:29.389-0400] {dag.py:3954} INFO - Setting next_dagrun for example_branch_datetime_operator_3 to 2024-04-12 00:00:00+00:00, run_after=2024-04-13 00:00:00+00:00
[2024-04-13T15:02:29.396-0400] {processor.py:183} INFO - Processing /Users/manideepakreddyaila/Desktop/projects/Legal_Insights_Engine/.venv/lib/python3.11/site-packages/airflow/example_dags/example_branch_datetime_operator.py took 0.085 seconds
[2024-04-13T15:04:31.007-0400] {processor.py:161} INFO - Started process (PID=30309) to work on /Users/manideepakreddyaila/Desktop/projects/Legal_Insights_Engine/.venv/lib/python3.11/site-packages/airflow/example_dags/example_branch_datetime_operator.py
[2024-04-13T15:04:31.008-0400] {processor.py:830} INFO - Processing file /Users/manideepakreddyaila/Desktop/projects/Legal_Insights_Engine/.venv/lib/python3.11/site-packages/airflow/example_dags/example_branch_datetime_operator.py for tasks to queue
[2024-04-13T15:04:31.009-0400] {logging_mixin.py:188} INFO - [2024-04-13T15:04:31.008-0400] {dagbag.py:540} INFO - Filling up the DagBag from /Users/manideepakreddyaila/Desktop/projects/Legal_Insights_Engine/.venv/lib/python3.11/site-packages/airflow/example_dags/example_branch_datetime_operator.py
[2024-04-13T15:04:31.045-0400] {processor.py:840} INFO - DAG(s) 'example_branch_datetime_operator_3', 'example_branch_datetime_operator', 'example_branch_datetime_operator_2' retrieved from /Users/manideepakreddyaila/Desktop/projects/Legal_Insights_Engine/.venv/lib/python3.11/site-packages/airflow/example_dags/example_branch_datetime_operator.py
[2024-04-13T15:04:31.083-0400] {logging_mixin.py:188} INFO - [2024-04-13T15:04:31.083-0400] {dag.py:3096} INFO - Sync 3 DAGs
[2024-04-13T15:04:31.089-0400] {logging_mixin.py:188} INFO - [2024-04-13T15:04:31.089-0400] {dag.py:3954} INFO - Setting next_dagrun for example_branch_datetime_operator to 2024-04-12 00:00:00+00:00, run_after=2024-04-13 00:00:00+00:00
[2024-04-13T15:04:31.090-0400] {logging_mixin.py:188} INFO - [2024-04-13T15:04:31.090-0400] {dag.py:3954} INFO - Setting next_dagrun for example_branch_datetime_operator_2 to 2024-04-12 00:00:00+00:00, run_after=2024-04-13 00:00:00+00:00
[2024-04-13T15:04:31.091-0400] {logging_mixin.py:188} INFO - [2024-04-13T15:04:31.091-0400] {dag.py:3954} INFO - Setting next_dagrun for example_branch_datetime_operator_3 to 2024-04-12 00:00:00+00:00, run_after=2024-04-13 00:00:00+00:00
[2024-04-13T15:04:31.096-0400] {processor.py:183} INFO - Processing /Users/manideepakreddyaila/Desktop/projects/Legal_Insights_Engine/.venv/lib/python3.11/site-packages/airflow/example_dags/example_branch_datetime_operator.py took 0.091 seconds
[2024-04-13T15:06:30.279-0400] {processor.py:161} INFO - Started process (PID=30461) to work on /Users/manideepakreddyaila/Desktop/projects/Legal_Insights_Engine/.venv/lib/python3.11/site-packages/airflow/example_dags/example_branch_datetime_operator.py
[2024-04-13T15:06:30.280-0400] {processor.py:830} INFO - Processing file /Users/manideepakreddyaila/Desktop/projects/Legal_Insights_Engine/.venv/lib/python3.11/site-packages/airflow/example_dags/example_branch_datetime_operator.py for tasks to queue
[2024-04-13T15:06:30.280-0400] {logging_mixin.py:188} INFO - [2024-04-13T15:06:30.280-0400] {dagbag.py:540} INFO - Filling up the DagBag from /Users/manideepakreddyaila/Desktop/projects/Legal_Insights_Engine/.venv/lib/python3.11/site-packages/airflow/example_dags/example_branch_datetime_operator.py
[2024-04-13T15:06:30.312-0400] {processor.py:840} INFO - DAG(s) 'example_branch_datetime_operator_3', 'example_branch_datetime_operator_2', 'example_branch_datetime_operator' retrieved from /Users/manideepakreddyaila/Desktop/projects/Legal_Insights_Engine/.venv/lib/python3.11/site-packages/airflow/example_dags/example_branch_datetime_operator.py
[2024-04-13T15:06:30.349-0400] {logging_mixin.py:188} INFO - [2024-04-13T15:06:30.349-0400] {dag.py:3096} INFO - Sync 3 DAGs
[2024-04-13T15:06:30.355-0400] {logging_mixin.py:188} INFO - [2024-04-13T15:06:30.355-0400] {dag.py:3954} INFO - Setting next_dagrun for example_branch_datetime_operator to 2024-04-12 00:00:00+00:00, run_after=2024-04-13 00:00:00+00:00
[2024-04-13T15:06:30.356-0400] {logging_mixin.py:188} INFO - [2024-04-13T15:06:30.356-0400] {dag.py:3954} INFO - Setting next_dagrun for example_branch_datetime_operator_2 to 2024-04-12 00:00:00+00:00, run_after=2024-04-13 00:00:00+00:00
[2024-04-13T15:06:30.357-0400] {logging_mixin.py:188} INFO - [2024-04-13T15:06:30.357-0400] {dag.py:3954} INFO - Setting next_dagrun for example_branch_datetime_operator_3 to 2024-04-12 00:00:00+00:00, run_after=2024-04-13 00:00:00+00:00
[2024-04-13T15:06:30.362-0400] {processor.py:183} INFO - Processing /Users/manideepakreddyaila/Desktop/projects/Legal_Insights_Engine/.venv/lib/python3.11/site-packages/airflow/example_dags/example_branch_datetime_operator.py took 0.084 seconds
[2024-04-13T15:08:34.141-0400] {processor.py:161} INFO - Started process (PID=30640) to work on /Users/manideepakreddyaila/Desktop/projects/Legal_Insights_Engine/.venv/lib/python3.11/site-packages/airflow/example_dags/example_branch_datetime_operator.py
[2024-04-13T15:08:34.142-0400] {processor.py:830} INFO - Processing file /Users/manideepakreddyaila/Desktop/projects/Legal_Insights_Engine/.venv/lib/python3.11/site-packages/airflow/example_dags/example_branch_datetime_operator.py for tasks to queue
[2024-04-13T15:08:34.142-0400] {logging_mixin.py:188} INFO - [2024-04-13T15:08:34.142-0400] {dagbag.py:540} INFO - Filling up the DagBag from /Users/manideepakreddyaila/Desktop/projects/Legal_Insights_Engine/.venv/lib/python3.11/site-packages/airflow/example_dags/example_branch_datetime_operator.py
[2024-04-13T15:08:34.174-0400] {processor.py:840} INFO - DAG(s) 'example_branch_datetime_operator_3', 'example_branch_datetime_operator_2', 'example_branch_datetime_operator' retrieved from /Users/manideepakreddyaila/Desktop/projects/Legal_Insights_Engine/.venv/lib/python3.11/site-packages/airflow/example_dags/example_branch_datetime_operator.py
[2024-04-13T15:08:34.212-0400] {logging_mixin.py:188} INFO - [2024-04-13T15:08:34.212-0400] {dag.py:3096} INFO - Sync 3 DAGs
[2024-04-13T15:08:34.218-0400] {logging_mixin.py:188} INFO - [2024-04-13T15:08:34.218-0400] {dag.py:3954} INFO - Setting next_dagrun for example_branch_datetime_operator to 2024-04-12 00:00:00+00:00, run_after=2024-04-13 00:00:00+00:00
[2024-04-13T15:08:34.219-0400] {logging_mixin.py:188} INFO - [2024-04-13T15:08:34.219-0400] {dag.py:3954} INFO - Setting next_dagrun for example_branch_datetime_operator_2 to 2024-04-12 00:00:00+00:00, run_after=2024-04-13 00:00:00+00:00
[2024-04-13T15:08:34.220-0400] {logging_mixin.py:188} INFO - [2024-04-13T15:08:34.220-0400] {dag.py:3954} INFO - Setting next_dagrun for example_branch_datetime_operator_3 to 2024-04-12 00:00:00+00:00, run_after=2024-04-13 00:00:00+00:00
[2024-04-13T15:08:34.226-0400] {processor.py:183} INFO - Processing /Users/manideepakreddyaila/Desktop/projects/Legal_Insights_Engine/.venv/lib/python3.11/site-packages/airflow/example_dags/example_branch_datetime_operator.py took 0.087 seconds
[2024-04-13T15:15:46.417-0400] {processor.py:161} INFO - Started process (PID=30800) to work on /Users/manideepakreddyaila/Desktop/projects/Legal_Insights_Engine/.venv/lib/python3.11/site-packages/airflow/example_dags/example_branch_datetime_operator.py
[2024-04-13T15:15:46.419-0400] {processor.py:830} INFO - Processing file /Users/manideepakreddyaila/Desktop/projects/Legal_Insights_Engine/.venv/lib/python3.11/site-packages/airflow/example_dags/example_branch_datetime_operator.py for tasks to queue
[2024-04-13T15:15:46.419-0400] {logging_mixin.py:188} INFO - [2024-04-13T15:15:46.419-0400] {dagbag.py:540} INFO - Filling up the DagBag from /Users/manideepakreddyaila/Desktop/projects/Legal_Insights_Engine/.venv/lib/python3.11/site-packages/airflow/example_dags/example_branch_datetime_operator.py
[2024-04-13T15:15:46.449-0400] {processor.py:840} INFO - DAG(s) 'example_branch_datetime_operator_3', 'example_branch_datetime_operator_2', 'example_branch_datetime_operator' retrieved from /Users/manideepakreddyaila/Desktop/projects/Legal_Insights_Engine/.venv/lib/python3.11/site-packages/airflow/example_dags/example_branch_datetime_operator.py
[2024-04-13T15:15:46.486-0400] {logging_mixin.py:188} INFO - [2024-04-13T15:15:46.486-0400] {dag.py:3096} INFO - Sync 3 DAGs
[2024-04-13T15:15:46.491-0400] {logging_mixin.py:188} INFO - [2024-04-13T15:15:46.491-0400] {dag.py:3954} INFO - Setting next_dagrun for example_branch_datetime_operator to 2024-04-12 00:00:00+00:00, run_after=2024-04-13 00:00:00+00:00
[2024-04-13T15:15:46.493-0400] {logging_mixin.py:188} INFO - [2024-04-13T15:15:46.493-0400] {dag.py:3954} INFO - Setting next_dagrun for example_branch_datetime_operator_2 to 2024-04-12 00:00:00+00:00, run_after=2024-04-13 00:00:00+00:00
[2024-04-13T15:15:46.493-0400] {logging_mixin.py:188} INFO - [2024-04-13T15:15:46.493-0400] {dag.py:3954} INFO - Setting next_dagrun for example_branch_datetime_operator_3 to 2024-04-12 00:00:00+00:00, run_after=2024-04-13 00:00:00+00:00
[2024-04-13T15:15:46.499-0400] {processor.py:183} INFO - Processing /Users/manideepakreddyaila/Desktop/projects/Legal_Insights_Engine/.venv/lib/python3.11/site-packages/airflow/example_dags/example_branch_datetime_operator.py took 0.083 seconds
[2024-04-13T15:22:04.826-0400] {processor.py:161} INFO - Started process (PID=30947) to work on /Users/manideepakreddyaila/Desktop/projects/Legal_Insights_Engine/.venv/lib/python3.11/site-packages/airflow/example_dags/example_branch_datetime_operator.py
[2024-04-13T15:22:04.826-0400] {processor.py:830} INFO - Processing file /Users/manideepakreddyaila/Desktop/projects/Legal_Insights_Engine/.venv/lib/python3.11/site-packages/airflow/example_dags/example_branch_datetime_operator.py for tasks to queue
[2024-04-13T15:22:04.827-0400] {logging_mixin.py:188} INFO - [2024-04-13T15:22:04.826-0400] {dagbag.py:540} INFO - Filling up the DagBag from /Users/manideepakreddyaila/Desktop/projects/Legal_Insights_Engine/.venv/lib/python3.11/site-packages/airflow/example_dags/example_branch_datetime_operator.py
[2024-04-13T15:22:04.858-0400] {processor.py:840} INFO - DAG(s) 'example_branch_datetime_operator_3', 'example_branch_datetime_operator', 'example_branch_datetime_operator_2' retrieved from /Users/manideepakreddyaila/Desktop/projects/Legal_Insights_Engine/.venv/lib/python3.11/site-packages/airflow/example_dags/example_branch_datetime_operator.py
[2024-04-13T15:22:04.897-0400] {logging_mixin.py:188} INFO - [2024-04-13T15:22:04.897-0400] {dag.py:3096} INFO - Sync 3 DAGs
[2024-04-13T15:22:04.903-0400] {logging_mixin.py:188} INFO - [2024-04-13T15:22:04.903-0400] {dag.py:3954} INFO - Setting next_dagrun for example_branch_datetime_operator to 2024-04-12 00:00:00+00:00, run_after=2024-04-13 00:00:00+00:00
[2024-04-13T15:22:04.904-0400] {logging_mixin.py:188} INFO - [2024-04-13T15:22:04.904-0400] {dag.py:3954} INFO - Setting next_dagrun for example_branch_datetime_operator_2 to 2024-04-12 00:00:00+00:00, run_after=2024-04-13 00:00:00+00:00
[2024-04-13T15:22:04.905-0400] {logging_mixin.py:188} INFO - [2024-04-13T15:22:04.905-0400] {dag.py:3954} INFO - Setting next_dagrun for example_branch_datetime_operator_3 to 2024-04-12 00:00:00+00:00, run_after=2024-04-13 00:00:00+00:00
[2024-04-13T15:22:04.910-0400] {processor.py:183} INFO - Processing /Users/manideepakreddyaila/Desktop/projects/Legal_Insights_Engine/.venv/lib/python3.11/site-packages/airflow/example_dags/example_branch_datetime_operator.py took 0.086 seconds
[2024-04-13T18:15:38.931-0400] {processor.py:161} INFO - Started process (PID=31270) to work on /Users/manideepakreddyaila/Desktop/projects/Legal_Insights_Engine/.venv/lib/python3.11/site-packages/airflow/example_dags/example_branch_datetime_operator.py
[2024-04-13T18:15:38.932-0400] {processor.py:830} INFO - Processing file /Users/manideepakreddyaila/Desktop/projects/Legal_Insights_Engine/.venv/lib/python3.11/site-packages/airflow/example_dags/example_branch_datetime_operator.py for tasks to queue
[2024-04-13T18:15:38.933-0400] {logging_mixin.py:188} INFO - [2024-04-13T18:15:38.933-0400] {dagbag.py:540} INFO - Filling up the DagBag from /Users/manideepakreddyaila/Desktop/projects/Legal_Insights_Engine/.venv/lib/python3.11/site-packages/airflow/example_dags/example_branch_datetime_operator.py
[2024-04-13T18:15:38.963-0400] {processor.py:840} INFO - DAG(s) 'example_branch_datetime_operator_3', 'example_branch_datetime_operator', 'example_branch_datetime_operator_2' retrieved from /Users/manideepakreddyaila/Desktop/projects/Legal_Insights_Engine/.venv/lib/python3.11/site-packages/airflow/example_dags/example_branch_datetime_operator.py
[2024-04-13T18:15:39.000-0400] {logging_mixin.py:188} INFO - [2024-04-13T18:15:39.000-0400] {dag.py:3096} INFO - Sync 3 DAGs
[2024-04-13T18:15:39.005-0400] {logging_mixin.py:188} INFO - [2024-04-13T18:15:39.005-0400] {dag.py:3954} INFO - Setting next_dagrun for example_branch_datetime_operator to 2024-04-12 00:00:00+00:00, run_after=2024-04-13 00:00:00+00:00
[2024-04-13T18:15:39.007-0400] {logging_mixin.py:188} INFO - [2024-04-13T18:15:39.007-0400] {dag.py:3954} INFO - Setting next_dagrun for example_branch_datetime_operator_2 to 2024-04-12 00:00:00+00:00, run_after=2024-04-13 00:00:00+00:00
[2024-04-13T18:15:39.007-0400] {logging_mixin.py:188} INFO - [2024-04-13T18:15:39.007-0400] {dag.py:3954} INFO - Setting next_dagrun for example_branch_datetime_operator_3 to 2024-04-12 00:00:00+00:00, run_after=2024-04-13 00:00:00+00:00
[2024-04-13T18:15:39.013-0400] {processor.py:183} INFO - Processing /Users/manideepakreddyaila/Desktop/projects/Legal_Insights_Engine/.venv/lib/python3.11/site-packages/airflow/example_dags/example_branch_datetime_operator.py took 0.083 seconds
[2024-04-13T18:21:50.966-0400] {processor.py:161} INFO - Started process (PID=31380) to work on /Users/manideepakreddyaila/Desktop/projects/Legal_Insights_Engine/.venv/lib/python3.11/site-packages/airflow/example_dags/example_branch_datetime_operator.py
[2024-04-13T18:21:50.966-0400] {processor.py:830} INFO - Processing file /Users/manideepakreddyaila/Desktop/projects/Legal_Insights_Engine/.venv/lib/python3.11/site-packages/airflow/example_dags/example_branch_datetime_operator.py for tasks to queue
[2024-04-13T18:21:50.967-0400] {logging_mixin.py:188} INFO - [2024-04-13T18:21:50.967-0400] {dagbag.py:540} INFO - Filling up the DagBag from /Users/manideepakreddyaila/Desktop/projects/Legal_Insights_Engine/.venv/lib/python3.11/site-packages/airflow/example_dags/example_branch_datetime_operator.py
[2024-04-13T18:21:50.997-0400] {processor.py:840} INFO - DAG(s) 'example_branch_datetime_operator_3', 'example_branch_datetime_operator_2', 'example_branch_datetime_operator' retrieved from /Users/manideepakreddyaila/Desktop/projects/Legal_Insights_Engine/.venv/lib/python3.11/site-packages/airflow/example_dags/example_branch_datetime_operator.py
[2024-04-13T18:21:51.035-0400] {logging_mixin.py:188} INFO - [2024-04-13T18:21:51.035-0400] {dag.py:3096} INFO - Sync 3 DAGs
[2024-04-13T18:21:51.041-0400] {logging_mixin.py:188} INFO - [2024-04-13T18:21:51.040-0400] {dag.py:3954} INFO - Setting next_dagrun for example_branch_datetime_operator to 2024-04-12 00:00:00+00:00, run_after=2024-04-13 00:00:00+00:00
[2024-04-13T18:21:51.042-0400] {logging_mixin.py:188} INFO - [2024-04-13T18:21:51.042-0400] {dag.py:3954} INFO - Setting next_dagrun for example_branch_datetime_operator_2 to 2024-04-12 00:00:00+00:00, run_after=2024-04-13 00:00:00+00:00
[2024-04-13T18:21:51.042-0400] {logging_mixin.py:188} INFO - [2024-04-13T18:21:51.042-0400] {dag.py:3954} INFO - Setting next_dagrun for example_branch_datetime_operator_3 to 2024-04-12 00:00:00+00:00, run_after=2024-04-13 00:00:00+00:00
[2024-04-13T18:21:51.048-0400] {processor.py:183} INFO - Processing /Users/manideepakreddyaila/Desktop/projects/Legal_Insights_Engine/.venv/lib/python3.11/site-packages/airflow/example_dags/example_branch_datetime_operator.py took 0.083 seconds
[2024-04-13T19:36:07.538-0400] {processor.py:161} INFO - Started process (PID=31583) to work on /Users/manideepakreddyaila/Desktop/projects/Legal_Insights_Engine/.venv/lib/python3.11/site-packages/airflow/example_dags/example_branch_datetime_operator.py
[2024-04-13T19:36:07.538-0400] {processor.py:830} INFO - Processing file /Users/manideepakreddyaila/Desktop/projects/Legal_Insights_Engine/.venv/lib/python3.11/site-packages/airflow/example_dags/example_branch_datetime_operator.py for tasks to queue
[2024-04-13T19:36:07.538-0400] {logging_mixin.py:188} INFO - [2024-04-13T19:36:07.538-0400] {dagbag.py:540} INFO - Filling up the DagBag from /Users/manideepakreddyaila/Desktop/projects/Legal_Insights_Engine/.venv/lib/python3.11/site-packages/airflow/example_dags/example_branch_datetime_operator.py
[2024-04-13T19:36:07.570-0400] {processor.py:840} INFO - DAG(s) 'example_branch_datetime_operator_3', 'example_branch_datetime_operator_2', 'example_branch_datetime_operator' retrieved from /Users/manideepakreddyaila/Desktop/projects/Legal_Insights_Engine/.venv/lib/python3.11/site-packages/airflow/example_dags/example_branch_datetime_operator.py
[2024-04-13T19:36:07.608-0400] {logging_mixin.py:188} INFO - [2024-04-13T19:36:07.608-0400] {dag.py:3096} INFO - Sync 3 DAGs
[2024-04-13T19:36:07.614-0400] {logging_mixin.py:188} INFO - [2024-04-13T19:36:07.614-0400] {dag.py:3954} INFO - Setting next_dagrun for example_branch_datetime_operator to 2024-04-12 00:00:00+00:00, run_after=2024-04-13 00:00:00+00:00
[2024-04-13T19:36:07.615-0400] {logging_mixin.py:188} INFO - [2024-04-13T19:36:07.615-0400] {dag.py:3954} INFO - Setting next_dagrun for example_branch_datetime_operator_2 to 2024-04-12 00:00:00+00:00, run_after=2024-04-13 00:00:00+00:00
[2024-04-13T19:36:07.616-0400] {logging_mixin.py:188} INFO - [2024-04-13T19:36:07.616-0400] {dag.py:3954} INFO - Setting next_dagrun for example_branch_datetime_operator_3 to 2024-04-12 00:00:00+00:00, run_after=2024-04-13 00:00:00+00:00
[2024-04-13T19:36:07.621-0400] {processor.py:183} INFO - Processing /Users/manideepakreddyaila/Desktop/projects/Legal_Insights_Engine/.venv/lib/python3.11/site-packages/airflow/example_dags/example_branch_datetime_operator.py took 0.085 seconds
