[2024-04-13T14:58:31.982-0400] {processor.py:161} INFO - Started process (PID=29993) to work on /Users/manideepakreddyaila/Desktop/projects/Legal_Insights_Engine/.venv/lib/python3.11/site-packages/airflow/example_dags/example_branch_operator_decorator.py
[2024-04-13T14:58:31.982-0400] {processor.py:830} INFO - Processing file /Users/manideepakreddyaila/Desktop/projects/Legal_Insights_Engine/.venv/lib/python3.11/site-packages/airflow/example_dags/example_branch_operator_decorator.py for tasks to queue
[2024-04-13T14:58:31.982-0400] {logging_mixin.py:188} INFO - [2024-04-13T14:58:31.982-0400] {dagbag.py:540} INFO - Filling up the DagBag from /Users/manideepakreddyaila/Desktop/projects/Legal_Insights_Engine/.venv/lib/python3.11/site-packages/airflow/example_dags/example_branch_operator_decorator.py
[2024-04-13T14:58:32.016-0400] {processor.py:842} WARNING - No viable dags retrieved from /Users/manideepakreddyaila/Desktop/projects/Legal_Insights_Engine/.venv/lib/python3.11/site-packages/airflow/example_dags/example_branch_operator_decorator.py
[2024-04-13T14:58:32.042-0400] {processor.py:183} INFO - Processing /Users/manideepakreddyaila/Desktop/projects/Legal_Insights_Engine/.venv/lib/python3.11/site-packages/airflow/example_dags/example_branch_operator_decorator.py took 0.061 seconds
[2024-04-13T15:00:28.404-0400] {processor.py:161} INFO - Started process (PID=30103) to work on /Users/manideepakreddyaila/Desktop/projects/Legal_Insights_Engine/.venv/lib/python3.11/site-packages/airflow/example_dags/example_branch_operator_decorator.py
[2024-04-13T15:00:28.405-0400] {processor.py:830} INFO - Processing file /Users/manideepakreddyaila/Desktop/projects/Legal_Insights_Engine/.venv/lib/python3.11/site-packages/airflow/example_dags/example_branch_operator_decorator.py for tasks to queue
[2024-04-13T15:00:28.405-0400] {logging_mixin.py:188} INFO - [2024-04-13T15:00:28.405-0400] {dagbag.py:540} INFO - Filling up the DagBag from /Users/manideepakreddyaila/Desktop/projects/Legal_Insights_Engine/.venv/lib/python3.11/site-packages/airflow/example_dags/example_branch_operator_decorator.py
[2024-04-13T15:00:28.439-0400] {processor.py:842} WARNING - No viable dags retrieved from /Users/manideepakreddyaila/Desktop/projects/Legal_Insights_Engine/.venv/lib/python3.11/site-packages/airflow/example_dags/example_branch_operator_decorator.py
[2024-04-13T15:00:28.464-0400] {processor.py:183} INFO - Processing /Users/manideepakreddyaila/Desktop/projects/Legal_Insights_Engine/.venv/lib/python3.11/site-packages/airflow/example_dags/example_branch_operator_decorator.py took 0.061 seconds
[2024-04-13T15:02:21.868-0400] {processor.py:161} INFO - Started process (PID=30204) to work on /Users/manideepakreddyaila/Desktop/projects/Legal_Insights_Engine/.venv/lib/python3.11/site-packages/airflow/example_dags/example_branch_operator_decorator.py
[2024-04-13T15:02:21.870-0400] {processor.py:830} INFO - Processing file /Users/manideepakreddyaila/Desktop/projects/Legal_Insights_Engine/.venv/lib/python3.11/site-packages/airflow/example_dags/example_branch_operator_decorator.py for tasks to queue
[2024-04-13T15:02:21.870-0400] {logging_mixin.py:188} INFO - [2024-04-13T15:02:21.870-0400] {dagbag.py:540} INFO - Filling up the DagBag from /Users/manideepakreddyaila/Desktop/projects/Legal_Insights_Engine/.venv/lib/python3.11/site-packages/airflow/example_dags/example_branch_operator_decorator.py
[2024-04-13T15:02:21.902-0400] {processor.py:842} WARNING - No viable dags retrieved from /Users/manideepakreddyaila/Desktop/projects/Legal_Insights_Engine/.venv/lib/python3.11/site-packages/airflow/example_dags/example_branch_operator_decorator.py
[2024-04-13T15:02:21.927-0400] {processor.py:183} INFO - Processing /Users/manideepakreddyaila/Desktop/projects/Legal_Insights_Engine/.venv/lib/python3.11/site-packages/airflow/example_dags/example_branch_operator_decorator.py took 0.060 seconds
[2024-04-13T15:04:24.117-0400] {processor.py:161} INFO - Started process (PID=30305) to work on /Users/manideepakreddyaila/Desktop/projects/Legal_Insights_Engine/.venv/lib/python3.11/site-packages/airflow/example_dags/example_branch_operator_decorator.py
[2024-04-13T15:04:24.118-0400] {processor.py:830} INFO - Processing file /Users/manideepakreddyaila/Desktop/projects/Legal_Insights_Engine/.venv/lib/python3.11/site-packages/airflow/example_dags/example_branch_operator_decorator.py for tasks to queue
[2024-04-13T15:04:24.118-0400] {logging_mixin.py:188} INFO - [2024-04-13T15:04:24.118-0400] {dagbag.py:540} INFO - Filling up the DagBag from /Users/manideepakreddyaila/Desktop/projects/Legal_Insights_Engine/.venv/lib/python3.11/site-packages/airflow/example_dags/example_branch_operator_decorator.py
[2024-04-13T15:04:24.155-0400] {processor.py:842} WARNING - No viable dags retrieved from /Users/manideepakreddyaila/Desktop/projects/Legal_Insights_Engine/.venv/lib/python3.11/site-packages/airflow/example_dags/example_branch_operator_decorator.py
[2024-04-13T15:04:24.180-0400] {processor.py:183} INFO - Processing /Users/manideepakreddyaila/Desktop/projects/Legal_Insights_Engine/.venv/lib/python3.11/site-packages/airflow/example_dags/example_branch_operator_decorator.py took 0.065 seconds
[2024-04-13T15:06:23.149-0400] {processor.py:161} INFO - Started process (PID=30453) to work on /Users/manideepakreddyaila/Desktop/projects/Legal_Insights_Engine/.venv/lib/python3.11/site-packages/airflow/example_dags/example_branch_operator_decorator.py
[2024-04-13T15:06:23.150-0400] {processor.py:830} INFO - Processing file /Users/manideepakreddyaila/Desktop/projects/Legal_Insights_Engine/.venv/lib/python3.11/site-packages/airflow/example_dags/example_branch_operator_decorator.py for tasks to queue
[2024-04-13T15:06:23.150-0400] {logging_mixin.py:188} INFO - [2024-04-13T15:06:23.150-0400] {dagbag.py:540} INFO - Filling up the DagBag from /Users/manideepakreddyaila/Desktop/projects/Legal_Insights_Engine/.venv/lib/python3.11/site-packages/airflow/example_dags/example_branch_operator_decorator.py
[2024-04-13T15:06:23.183-0400] {processor.py:842} WARNING - No viable dags retrieved from /Users/manideepakreddyaila/Desktop/projects/Legal_Insights_Engine/.venv/lib/python3.11/site-packages/airflow/example_dags/example_branch_operator_decorator.py
[2024-04-13T15:06:23.208-0400] {processor.py:183} INFO - Processing /Users/manideepakreddyaila/Desktop/projects/Legal_Insights_Engine/.venv/lib/python3.11/site-packages/airflow/example_dags/example_branch_operator_decorator.py took 0.060 seconds
[2024-04-13T15:08:26.977-0400] {processor.py:161} INFO - Started process (PID=30634) to work on /Users/manideepakreddyaila/Desktop/projects/Legal_Insights_Engine/.venv/lib/python3.11/site-packages/airflow/example_dags/example_branch_operator_decorator.py
[2024-04-13T15:08:26.979-0400] {processor.py:830} INFO - Processing file /Users/manideepakreddyaila/Desktop/projects/Legal_Insights_Engine/.venv/lib/python3.11/site-packages/airflow/example_dags/example_branch_operator_decorator.py for tasks to queue
[2024-04-13T15:08:26.980-0400] {logging_mixin.py:188} INFO - [2024-04-13T15:08:26.980-0400] {dagbag.py:540} INFO - Filling up the DagBag from /Users/manideepakreddyaila/Desktop/projects/Legal_Insights_Engine/.venv/lib/python3.11/site-packages/airflow/example_dags/example_branch_operator_decorator.py
[2024-04-13T15:08:27.016-0400] {processor.py:842} WARNING - No viable dags retrieved from /Users/manideepakreddyaila/Desktop/projects/Legal_Insights_Engine/.venv/lib/python3.11/site-packages/airflow/example_dags/example_branch_operator_decorator.py
[2024-04-13T15:08:27.042-0400] {processor.py:183} INFO - Processing /Users/manideepakreddyaila/Desktop/projects/Legal_Insights_Engine/.venv/lib/python3.11/site-packages/airflow/example_dags/example_branch_operator_decorator.py took 0.066 seconds
[2024-04-13T15:15:38.993-0400] {processor.py:161} INFO - Started process (PID=30793) to work on /Users/manideepakreddyaila/Desktop/projects/Legal_Insights_Engine/.venv/lib/python3.11/site-packages/airflow/example_dags/example_branch_operator_decorator.py
[2024-04-13T15:15:38.993-0400] {processor.py:830} INFO - Processing file /Users/manideepakreddyaila/Desktop/projects/Legal_Insights_Engine/.venv/lib/python3.11/site-packages/airflow/example_dags/example_branch_operator_decorator.py for tasks to queue
[2024-04-13T15:15:38.994-0400] {logging_mixin.py:188} INFO - [2024-04-13T15:15:38.994-0400] {dagbag.py:540} INFO - Filling up the DagBag from /Users/manideepakreddyaila/Desktop/projects/Legal_Insights_Engine/.venv/lib/python3.11/site-packages/airflow/example_dags/example_branch_operator_decorator.py
[2024-04-13T15:15:39.027-0400] {processor.py:842} WARNING - No viable dags retrieved from /Users/manideepakreddyaila/Desktop/projects/Legal_Insights_Engine/.venv/lib/python3.11/site-packages/airflow/example_dags/example_branch_operator_decorator.py
[2024-04-13T15:15:39.052-0400] {processor.py:183} INFO - Processing /Users/manideepakreddyaila/Desktop/projects/Legal_Insights_Engine/.venv/lib/python3.11/site-packages/airflow/example_dags/example_branch_operator_decorator.py took 0.061 seconds
[2024-04-13T15:20:22.561-0400] {processor.py:161} INFO - Started process (PID=30936) to work on /Users/manideepakreddyaila/Desktop/projects/Legal_Insights_Engine/.venv/lib/python3.11/site-packages/airflow/example_dags/example_branch_operator_decorator.py
[2024-04-13T15:20:22.561-0400] {processor.py:830} INFO - Processing file /Users/manideepakreddyaila/Desktop/projects/Legal_Insights_Engine/.venv/lib/python3.11/site-packages/airflow/example_dags/example_branch_operator_decorator.py for tasks to queue
[2024-04-13T15:20:22.562-0400] {logging_mixin.py:188} INFO - [2024-04-13T15:20:22.562-0400] {dagbag.py:540} INFO - Filling up the DagBag from /Users/manideepakreddyaila/Desktop/projects/Legal_Insights_Engine/.venv/lib/python3.11/site-packages/airflow/example_dags/example_branch_operator_decorator.py
[2024-04-13T15:20:22.599-0400] {processor.py:842} WARNING - No viable dags retrieved from /Users/manideepakreddyaila/Desktop/projects/Legal_Insights_Engine/.venv/lib/python3.11/site-packages/airflow/example_dags/example_branch_operator_decorator.py
[2024-04-13T15:20:22.625-0400] {processor.py:183} INFO - Processing /Users/manideepakreddyaila/Desktop/projects/Legal_Insights_Engine/.venv/lib/python3.11/site-packages/airflow/example_dags/example_branch_operator_decorator.py took 0.065 seconds
[2024-04-13T16:19:14.584-0400] {processor.py:161} INFO - Started process (PID=31080) to work on /Users/manideepakreddyaila/Desktop/projects/Legal_Insights_Engine/.venv/lib/python3.11/site-packages/airflow/example_dags/example_branch_operator_decorator.py
[2024-04-13T16:19:14.584-0400] {processor.py:830} INFO - Processing file /Users/manideepakreddyaila/Desktop/projects/Legal_Insights_Engine/.venv/lib/python3.11/site-packages/airflow/example_dags/example_branch_operator_decorator.py for tasks to queue
[2024-04-13T16:19:14.585-0400] {logging_mixin.py:188} INFO - [2024-04-13T16:19:14.585-0400] {dagbag.py:540} INFO - Filling up the DagBag from /Users/manideepakreddyaila/Desktop/projects/Legal_Insights_Engine/.venv/lib/python3.11/site-packages/airflow/example_dags/example_branch_operator_decorator.py
[2024-04-13T16:19:14.619-0400] {processor.py:842} WARNING - No viable dags retrieved from /Users/manideepakreddyaila/Desktop/projects/Legal_Insights_Engine/.venv/lib/python3.11/site-packages/airflow/example_dags/example_branch_operator_decorator.py
[2024-04-13T16:19:14.643-0400] {processor.py:183} INFO - Processing /Users/manideepakreddyaila/Desktop/projects/Legal_Insights_Engine/.venv/lib/python3.11/site-packages/airflow/example_dags/example_branch_operator_decorator.py took 0.061 seconds
[2024-04-13T18:11:30.064-0400] {processor.py:161} INFO - Started process (PID=31254) to work on /Users/manideepakreddyaila/Desktop/projects/Legal_Insights_Engine/.venv/lib/python3.11/site-packages/airflow/example_dags/example_branch_operator_decorator.py
[2024-04-13T18:11:30.065-0400] {processor.py:830} INFO - Processing file /Users/manideepakreddyaila/Desktop/projects/Legal_Insights_Engine/.venv/lib/python3.11/site-packages/airflow/example_dags/example_branch_operator_decorator.py for tasks to queue
[2024-04-13T18:11:30.065-0400] {logging_mixin.py:188} INFO - [2024-04-13T18:11:30.065-0400] {dagbag.py:540} INFO - Filling up the DagBag from /Users/manideepakreddyaila/Desktop/projects/Legal_Insights_Engine/.venv/lib/python3.11/site-packages/airflow/example_dags/example_branch_operator_decorator.py
[2024-04-13T18:11:30.098-0400] {processor.py:842} WARNING - No viable dags retrieved from /Users/manideepakreddyaila/Desktop/projects/Legal_Insights_Engine/.venv/lib/python3.11/site-packages/airflow/example_dags/example_branch_operator_decorator.py
[2024-04-13T18:11:30.123-0400] {processor.py:183} INFO - Processing /Users/manideepakreddyaila/Desktop/projects/Legal_Insights_Engine/.venv/lib/python3.11/site-packages/airflow/example_dags/example_branch_operator_decorator.py took 0.060 seconds
[2024-04-13T18:21:20.812-0400] {processor.py:161} INFO - Started process (PID=31372) to work on /Users/manideepakreddyaila/Desktop/projects/Legal_Insights_Engine/.venv/lib/python3.11/site-packages/airflow/example_dags/example_branch_operator_decorator.py
[2024-04-13T18:21:20.814-0400] {processor.py:830} INFO - Processing file /Users/manideepakreddyaila/Desktop/projects/Legal_Insights_Engine/.venv/lib/python3.11/site-packages/airflow/example_dags/example_branch_operator_decorator.py for tasks to queue
[2024-04-13T18:21:20.814-0400] {logging_mixin.py:188} INFO - [2024-04-13T18:21:20.814-0400] {dagbag.py:540} INFO - Filling up the DagBag from /Users/manideepakreddyaila/Desktop/projects/Legal_Insights_Engine/.venv/lib/python3.11/site-packages/airflow/example_dags/example_branch_operator_decorator.py
[2024-04-13T18:21:20.848-0400] {processor.py:842} WARNING - No viable dags retrieved from /Users/manideepakreddyaila/Desktop/projects/Legal_Insights_Engine/.venv/lib/python3.11/site-packages/airflow/example_dags/example_branch_operator_decorator.py
[2024-04-13T18:21:20.873-0400] {processor.py:183} INFO - Processing /Users/manideepakreddyaila/Desktop/projects/Legal_Insights_Engine/.venv/lib/python3.11/site-packages/airflow/example_dags/example_branch_operator_decorator.py took 0.061 seconds
[2024-04-13T19:02:42.452-0400] {processor.py:161} INFO - Started process (PID=31501) to work on /Users/manideepakreddyaila/Desktop/projects/Legal_Insights_Engine/.venv/lib/python3.11/site-packages/airflow/example_dags/example_branch_operator_decorator.py
[2024-04-13T19:02:42.453-0400] {processor.py:830} INFO - Processing file /Users/manideepakreddyaila/Desktop/projects/Legal_Insights_Engine/.venv/lib/python3.11/site-packages/airflow/example_dags/example_branch_operator_decorator.py for tasks to queue
[2024-04-13T19:02:42.453-0400] {logging_mixin.py:188} INFO - [2024-04-13T19:02:42.453-0400] {dagbag.py:540} INFO - Filling up the DagBag from /Users/manideepakreddyaila/Desktop/projects/Legal_Insights_Engine/.venv/lib/python3.11/site-packages/airflow/example_dags/example_branch_operator_decorator.py
[2024-04-13T19:02:42.486-0400] {processor.py:842} WARNING - No viable dags retrieved from /Users/manideepakreddyaila/Desktop/projects/Legal_Insights_Engine/.venv/lib/python3.11/site-packages/airflow/example_dags/example_branch_operator_decorator.py
[2024-04-13T19:02:42.511-0400] {processor.py:183} INFO - Processing /Users/manideepakreddyaila/Desktop/projects/Legal_Insights_Engine/.venv/lib/python3.11/site-packages/airflow/example_dags/example_branch_operator_decorator.py took 0.060 seconds
