[2024-04-13T14:58:28.936-0400] {processor.py:161} INFO - Started process (PID=29991) to work on /Users/manideepakreddyaila/Desktop/projects/Legal_Insights_Engine/.venv/lib/python3.11/site-packages/airflow/example_dags/example_complex.py
[2024-04-13T14:58:28.938-0400] {processor.py:830} INFO - Processing file /Users/manideepakreddyaila/Desktop/projects/Legal_Insights_Engine/.venv/lib/python3.11/site-packages/airflow/example_dags/example_complex.py for tasks to queue
[2024-04-13T14:58:28.938-0400] {logging_mixin.py:188} INFO - [2024-04-13T14:58:28.938-0400] {dagbag.py:540} INFO - Filling up the DagBag from /Users/manideepakreddyaila/Desktop/projects/Legal_Insights_Engine/.venv/lib/python3.11/site-packages/airflow/example_dags/example_complex.py
[2024-04-13T14:58:28.968-0400] {processor.py:840} INFO - DAG(s) 'example_complex' retrieved from /Users/manideepakreddyaila/Desktop/projects/Legal_Insights_Engine/.venv/lib/python3.11/site-packages/airflow/example_dags/example_complex.py
[2024-04-13T14:58:29.036-0400] {logging_mixin.py:188} INFO - [2024-04-13T14:58:29.036-0400] {override.py:1829} INFO - Created Permission View: can delete on DAG:example_complex
[2024-04-13T14:58:29.039-0400] {logging_mixin.py:188} INFO - [2024-04-13T14:58:29.039-0400] {override.py:1829} INFO - Created Permission View: can read on DAG:example_complex
[2024-04-13T14:58:29.041-0400] {logging_mixin.py:188} INFO - [2024-04-13T14:58:29.041-0400] {override.py:1829} INFO - Created Permission View: can edit on DAG:example_complex
[2024-04-13T14:58:29.041-0400] {logging_mixin.py:188} INFO - [2024-04-13T14:58:29.041-0400] {dag.py:3096} INFO - Sync 1 DAGs
[2024-04-13T14:58:29.045-0400] {logging_mixin.py:188} INFO - [2024-04-13T14:58:29.045-0400] {dag.py:3118} INFO - Creating ORM DAG for example_complex
[2024-04-13T14:58:29.045-0400] {logging_mixin.py:188} INFO - [2024-04-13T14:58:29.045-0400] {dag.py:3954} INFO - Setting next_dagrun for example_complex to None, run_after=None
[2024-04-13T14:58:29.051-0400] {processor.py:183} INFO - Processing /Users/manideepakreddyaila/Desktop/projects/Legal_Insights_Engine/.venv/lib/python3.11/site-packages/airflow/example_dags/example_complex.py took 0.115 seconds
[2024-04-13T15:00:24.654-0400] {processor.py:161} INFO - Started process (PID=30101) to work on /Users/manideepakreddyaila/Desktop/projects/Legal_Insights_Engine/.venv/lib/python3.11/site-packages/airflow/example_dags/example_complex.py
[2024-04-13T15:00:24.655-0400] {processor.py:830} INFO - Processing file /Users/manideepakreddyaila/Desktop/projects/Legal_Insights_Engine/.venv/lib/python3.11/site-packages/airflow/example_dags/example_complex.py for tasks to queue
[2024-04-13T15:00:24.655-0400] {logging_mixin.py:188} INFO - [2024-04-13T15:00:24.655-0400] {dagbag.py:540} INFO - Filling up the DagBag from /Users/manideepakreddyaila/Desktop/projects/Legal_Insights_Engine/.venv/lib/python3.11/site-packages/airflow/example_dags/example_complex.py
[2024-04-13T15:00:24.687-0400] {processor.py:840} INFO - DAG(s) 'example_complex' retrieved from /Users/manideepakreddyaila/Desktop/projects/Legal_Insights_Engine/.venv/lib/python3.11/site-packages/airflow/example_dags/example_complex.py
[2024-04-13T15:00:24.727-0400] {logging_mixin.py:188} INFO - [2024-04-13T15:00:24.727-0400] {dag.py:3096} INFO - Sync 1 DAGs
[2024-04-13T15:00:24.730-0400] {logging_mixin.py:188} INFO - [2024-04-13T15:00:24.730-0400] {dag.py:3954} INFO - Setting next_dagrun for example_complex to None, run_after=None
[2024-04-13T15:00:24.736-0400] {processor.py:183} INFO - Processing /Users/manideepakreddyaila/Desktop/projects/Legal_Insights_Engine/.venv/lib/python3.11/site-packages/airflow/example_dags/example_complex.py took 0.083 seconds
[2024-04-13T15:02:18.586-0400] {processor.py:161} INFO - Started process (PID=30202) to work on /Users/manideepakreddyaila/Desktop/projects/Legal_Insights_Engine/.venv/lib/python3.11/site-packages/airflow/example_dags/example_complex.py
[2024-04-13T15:02:18.589-0400] {processor.py:830} INFO - Processing file /Users/manideepakreddyaila/Desktop/projects/Legal_Insights_Engine/.venv/lib/python3.11/site-packages/airflow/example_dags/example_complex.py for tasks to queue
[2024-04-13T15:02:18.589-0400] {logging_mixin.py:188} INFO - [2024-04-13T15:02:18.589-0400] {dagbag.py:540} INFO - Filling up the DagBag from /Users/manideepakreddyaila/Desktop/projects/Legal_Insights_Engine/.venv/lib/python3.11/site-packages/airflow/example_dags/example_complex.py
[2024-04-13T15:02:18.620-0400] {processor.py:840} INFO - DAG(s) 'example_complex' retrieved from /Users/manideepakreddyaila/Desktop/projects/Legal_Insights_Engine/.venv/lib/python3.11/site-packages/airflow/example_dags/example_complex.py
[2024-04-13T15:02:18.659-0400] {logging_mixin.py:188} INFO - [2024-04-13T15:02:18.659-0400] {dag.py:3096} INFO - Sync 1 DAGs
[2024-04-13T15:02:18.662-0400] {logging_mixin.py:188} INFO - [2024-04-13T15:02:18.662-0400] {dag.py:3954} INFO - Setting next_dagrun for example_complex to None, run_after=None
[2024-04-13T15:02:18.668-0400] {processor.py:183} INFO - Processing /Users/manideepakreddyaila/Desktop/projects/Legal_Insights_Engine/.venv/lib/python3.11/site-packages/airflow/example_dags/example_complex.py took 0.084 seconds
[2024-04-13T15:04:20.359-0400] {processor.py:161} INFO - Started process (PID=30303) to work on /Users/manideepakreddyaila/Desktop/projects/Legal_Insights_Engine/.venv/lib/python3.11/site-packages/airflow/example_dags/example_complex.py
[2024-04-13T15:04:20.360-0400] {processor.py:830} INFO - Processing file /Users/manideepakreddyaila/Desktop/projects/Legal_Insights_Engine/.venv/lib/python3.11/site-packages/airflow/example_dags/example_complex.py for tasks to queue
[2024-04-13T15:04:20.360-0400] {logging_mixin.py:188} INFO - [2024-04-13T15:04:20.360-0400] {dagbag.py:540} INFO - Filling up the DagBag from /Users/manideepakreddyaila/Desktop/projects/Legal_Insights_Engine/.venv/lib/python3.11/site-packages/airflow/example_dags/example_complex.py
[2024-04-13T15:04:20.391-0400] {processor.py:840} INFO - DAG(s) 'example_complex' retrieved from /Users/manideepakreddyaila/Desktop/projects/Legal_Insights_Engine/.venv/lib/python3.11/site-packages/airflow/example_dags/example_complex.py
[2024-04-13T15:04:20.430-0400] {logging_mixin.py:188} INFO - [2024-04-13T15:04:20.430-0400] {dag.py:3096} INFO - Sync 1 DAGs
[2024-04-13T15:04:20.433-0400] {logging_mixin.py:188} INFO - [2024-04-13T15:04:20.433-0400] {dag.py:3954} INFO - Setting next_dagrun for example_complex to None, run_after=None
[2024-04-13T15:04:20.439-0400] {processor.py:183} INFO - Processing /Users/manideepakreddyaila/Desktop/projects/Legal_Insights_Engine/.venv/lib/python3.11/site-packages/airflow/example_dags/example_complex.py took 0.081 seconds
[2024-04-13T15:06:19.408-0400] {processor.py:161} INFO - Started process (PID=30445) to work on /Users/manideepakreddyaila/Desktop/projects/Legal_Insights_Engine/.venv/lib/python3.11/site-packages/airflow/example_dags/example_complex.py
[2024-04-13T15:06:19.409-0400] {processor.py:830} INFO - Processing file /Users/manideepakreddyaila/Desktop/projects/Legal_Insights_Engine/.venv/lib/python3.11/site-packages/airflow/example_dags/example_complex.py for tasks to queue
[2024-04-13T15:06:19.409-0400] {logging_mixin.py:188} INFO - [2024-04-13T15:06:19.409-0400] {dagbag.py:540} INFO - Filling up the DagBag from /Users/manideepakreddyaila/Desktop/projects/Legal_Insights_Engine/.venv/lib/python3.11/site-packages/airflow/example_dags/example_complex.py
[2024-04-13T15:06:19.440-0400] {processor.py:840} INFO - DAG(s) 'example_complex' retrieved from /Users/manideepakreddyaila/Desktop/projects/Legal_Insights_Engine/.venv/lib/python3.11/site-packages/airflow/example_dags/example_complex.py
[2024-04-13T15:06:19.480-0400] {logging_mixin.py:188} INFO - [2024-04-13T15:06:19.480-0400] {dag.py:3096} INFO - Sync 1 DAGs
[2024-04-13T15:06:19.483-0400] {logging_mixin.py:188} INFO - [2024-04-13T15:06:19.483-0400] {dag.py:3954} INFO - Setting next_dagrun for example_complex to None, run_after=None
[2024-04-13T15:06:19.489-0400] {processor.py:183} INFO - Processing /Users/manideepakreddyaila/Desktop/projects/Legal_Insights_Engine/.venv/lib/python3.11/site-packages/airflow/example_dags/example_complex.py took 0.082 seconds
[2024-04-13T15:08:23.152-0400] {processor.py:161} INFO - Started process (PID=30626) to work on /Users/manideepakreddyaila/Desktop/projects/Legal_Insights_Engine/.venv/lib/python3.11/site-packages/airflow/example_dags/example_complex.py
[2024-04-13T15:08:23.153-0400] {processor.py:830} INFO - Processing file /Users/manideepakreddyaila/Desktop/projects/Legal_Insights_Engine/.venv/lib/python3.11/site-packages/airflow/example_dags/example_complex.py for tasks to queue
[2024-04-13T15:08:23.153-0400] {logging_mixin.py:188} INFO - [2024-04-13T15:08:23.153-0400] {dagbag.py:540} INFO - Filling up the DagBag from /Users/manideepakreddyaila/Desktop/projects/Legal_Insights_Engine/.venv/lib/python3.11/site-packages/airflow/example_dags/example_complex.py
[2024-04-13T15:08:23.187-0400] {processor.py:840} INFO - DAG(s) 'example_complex' retrieved from /Users/manideepakreddyaila/Desktop/projects/Legal_Insights_Engine/.venv/lib/python3.11/site-packages/airflow/example_dags/example_complex.py
[2024-04-13T15:08:23.227-0400] {logging_mixin.py:188} INFO - [2024-04-13T15:08:23.227-0400] {dag.py:3096} INFO - Sync 1 DAGs
[2024-04-13T15:08:23.230-0400] {logging_mixin.py:188} INFO - [2024-04-13T15:08:23.230-0400] {dag.py:3954} INFO - Setting next_dagrun for example_complex to None, run_after=None
[2024-04-13T15:08:23.237-0400] {processor.py:183} INFO - Processing /Users/manideepakreddyaila/Desktop/projects/Legal_Insights_Engine/.venv/lib/python3.11/site-packages/airflow/example_dags/example_complex.py took 0.086 seconds
[2024-04-13T15:15:35.252-0400] {processor.py:161} INFO - Started process (PID=30791) to work on /Users/manideepakreddyaila/Desktop/projects/Legal_Insights_Engine/.venv/lib/python3.11/site-packages/airflow/example_dags/example_complex.py
[2024-04-13T15:15:35.252-0400] {processor.py:830} INFO - Processing file /Users/manideepakreddyaila/Desktop/projects/Legal_Insights_Engine/.venv/lib/python3.11/site-packages/airflow/example_dags/example_complex.py for tasks to queue
[2024-04-13T15:15:35.253-0400] {logging_mixin.py:188} INFO - [2024-04-13T15:15:35.253-0400] {dagbag.py:540} INFO - Filling up the DagBag from /Users/manideepakreddyaila/Desktop/projects/Legal_Insights_Engine/.venv/lib/python3.11/site-packages/airflow/example_dags/example_complex.py
[2024-04-13T15:15:35.283-0400] {processor.py:840} INFO - DAG(s) 'example_complex' retrieved from /Users/manideepakreddyaila/Desktop/projects/Legal_Insights_Engine/.venv/lib/python3.11/site-packages/airflow/example_dags/example_complex.py
[2024-04-13T15:15:35.323-0400] {logging_mixin.py:188} INFO - [2024-04-13T15:15:35.323-0400] {dag.py:3096} INFO - Sync 1 DAGs
[2024-04-13T15:15:35.326-0400] {logging_mixin.py:188} INFO - [2024-04-13T15:15:35.326-0400] {dag.py:3954} INFO - Setting next_dagrun for example_complex to None, run_after=None
[2024-04-13T15:15:35.332-0400] {processor.py:183} INFO - Processing /Users/manideepakreddyaila/Desktop/projects/Legal_Insights_Engine/.venv/lib/python3.11/site-packages/airflow/example_dags/example_complex.py took 0.081 seconds
[2024-04-13T15:20:18.687-0400] {processor.py:161} INFO - Started process (PID=30932) to work on /Users/manideepakreddyaila/Desktop/projects/Legal_Insights_Engine/.venv/lib/python3.11/site-packages/airflow/example_dags/example_complex.py
[2024-04-13T15:20:18.688-0400] {processor.py:830} INFO - Processing file /Users/manideepakreddyaila/Desktop/projects/Legal_Insights_Engine/.venv/lib/python3.11/site-packages/airflow/example_dags/example_complex.py for tasks to queue
[2024-04-13T15:20:18.688-0400] {logging_mixin.py:188} INFO - [2024-04-13T15:20:18.688-0400] {dagbag.py:540} INFO - Filling up the DagBag from /Users/manideepakreddyaila/Desktop/projects/Legal_Insights_Engine/.venv/lib/python3.11/site-packages/airflow/example_dags/example_complex.py
[2024-04-13T15:20:18.722-0400] {processor.py:840} INFO - DAG(s) 'example_complex' retrieved from /Users/manideepakreddyaila/Desktop/projects/Legal_Insights_Engine/.venv/lib/python3.11/site-packages/airflow/example_dags/example_complex.py
[2024-04-13T15:20:18.762-0400] {logging_mixin.py:188} INFO - [2024-04-13T15:20:18.762-0400] {dag.py:3096} INFO - Sync 1 DAGs
[2024-04-13T15:20:18.765-0400] {logging_mixin.py:188} INFO - [2024-04-13T15:20:18.765-0400] {dag.py:3954} INFO - Setting next_dagrun for example_complex to None, run_after=None
[2024-04-13T15:20:18.771-0400] {processor.py:183} INFO - Processing /Users/manideepakreddyaila/Desktop/projects/Legal_Insights_Engine/.venv/lib/python3.11/site-packages/airflow/example_dags/example_complex.py took 0.085 seconds
[2024-04-13T16:01:56.389-0400] {processor.py:161} INFO - Started process (PID=31074) to work on /Users/manideepakreddyaila/Desktop/projects/Legal_Insights_Engine/.venv/lib/python3.11/site-packages/airflow/example_dags/example_complex.py
[2024-04-13T16:01:56.390-0400] {processor.py:830} INFO - Processing file /Users/manideepakreddyaila/Desktop/projects/Legal_Insights_Engine/.venv/lib/python3.11/site-packages/airflow/example_dags/example_complex.py for tasks to queue
[2024-04-13T16:01:56.390-0400] {logging_mixin.py:188} INFO - [2024-04-13T16:01:56.390-0400] {dagbag.py:540} INFO - Filling up the DagBag from /Users/manideepakreddyaila/Desktop/projects/Legal_Insights_Engine/.venv/lib/python3.11/site-packages/airflow/example_dags/example_complex.py
[2024-04-13T16:01:56.420-0400] {processor.py:840} INFO - DAG(s) 'example_complex' retrieved from /Users/manideepakreddyaila/Desktop/projects/Legal_Insights_Engine/.venv/lib/python3.11/site-packages/airflow/example_dags/example_complex.py
[2024-04-13T16:01:56.459-0400] {logging_mixin.py:188} INFO - [2024-04-13T16:01:56.459-0400] {dag.py:3096} INFO - Sync 1 DAGs
[2024-04-13T16:01:56.462-0400] {logging_mixin.py:188} INFO - [2024-04-13T16:01:56.462-0400] {dag.py:3954} INFO - Setting next_dagrun for example_complex to None, run_after=None
[2024-04-13T16:01:56.468-0400] {processor.py:183} INFO - Processing /Users/manideepakreddyaila/Desktop/projects/Legal_Insights_Engine/.venv/lib/python3.11/site-packages/airflow/example_dags/example_complex.py took 0.080 seconds
[2024-04-13T18:11:25.844-0400] {processor.py:161} INFO - Started process (PID=31242) to work on /Users/manideepakreddyaila/Desktop/projects/Legal_Insights_Engine/.venv/lib/python3.11/site-packages/airflow/example_dags/example_complex.py
[2024-04-13T18:11:25.849-0400] {processor.py:830} INFO - Processing file /Users/manideepakreddyaila/Desktop/projects/Legal_Insights_Engine/.venv/lib/python3.11/site-packages/airflow/example_dags/example_complex.py for tasks to queue
[2024-04-13T18:11:25.850-0400] {logging_mixin.py:188} INFO - [2024-04-13T18:11:25.849-0400] {dagbag.py:540} INFO - Filling up the DagBag from /Users/manideepakreddyaila/Desktop/projects/Legal_Insights_Engine/.venv/lib/python3.11/site-packages/airflow/example_dags/example_complex.py
[2024-04-13T18:11:25.981-0400] {processor.py:840} INFO - DAG(s) 'example_complex' retrieved from /Users/manideepakreddyaila/Desktop/projects/Legal_Insights_Engine/.venv/lib/python3.11/site-packages/airflow/example_dags/example_complex.py
[2024-04-13T18:11:26.100-0400] {logging_mixin.py:188} INFO - [2024-04-13T18:11:26.100-0400] {dag.py:3096} INFO - Sync 1 DAGs
[2024-04-13T18:11:26.105-0400] {logging_mixin.py:188} INFO - [2024-04-13T18:11:26.105-0400] {dag.py:3954} INFO - Setting next_dagrun for example_complex to None, run_after=None
[2024-04-13T18:11:26.115-0400] {processor.py:183} INFO - Processing /Users/manideepakreddyaila/Desktop/projects/Legal_Insights_Engine/.venv/lib/python3.11/site-packages/airflow/example_dags/example_complex.py took 0.281 seconds
[2024-04-13T18:21:17.074-0400] {processor.py:161} INFO - Started process (PID=31369) to work on /Users/manideepakreddyaila/Desktop/projects/Legal_Insights_Engine/.venv/lib/python3.11/site-packages/airflow/example_dags/example_complex.py
[2024-04-13T18:21:17.074-0400] {processor.py:830} INFO - Processing file /Users/manideepakreddyaila/Desktop/projects/Legal_Insights_Engine/.venv/lib/python3.11/site-packages/airflow/example_dags/example_complex.py for tasks to queue
[2024-04-13T18:21:17.074-0400] {logging_mixin.py:188} INFO - [2024-04-13T18:21:17.074-0400] {dagbag.py:540} INFO - Filling up the DagBag from /Users/manideepakreddyaila/Desktop/projects/Legal_Insights_Engine/.venv/lib/python3.11/site-packages/airflow/example_dags/example_complex.py
[2024-04-13T18:21:17.106-0400] {processor.py:840} INFO - DAG(s) 'example_complex' retrieved from /Users/manideepakreddyaila/Desktop/projects/Legal_Insights_Engine/.venv/lib/python3.11/site-packages/airflow/example_dags/example_complex.py
[2024-04-13T18:21:17.146-0400] {logging_mixin.py:188} INFO - [2024-04-13T18:21:17.146-0400] {dag.py:3096} INFO - Sync 1 DAGs
[2024-04-13T18:21:17.149-0400] {logging_mixin.py:188} INFO - [2024-04-13T18:21:17.149-0400] {dag.py:3954} INFO - Setting next_dagrun for example_complex to None, run_after=None
[2024-04-13T18:21:17.155-0400] {processor.py:183} INFO - Processing /Users/manideepakreddyaila/Desktop/projects/Legal_Insights_Engine/.venv/lib/python3.11/site-packages/airflow/example_dags/example_complex.py took 0.082 seconds
[2024-04-13T19:02:39.715-0400] {processor.py:161} INFO - Started process (PID=31499) to work on /Users/manideepakreddyaila/Desktop/projects/Legal_Insights_Engine/.venv/lib/python3.11/site-packages/airflow/example_dags/example_complex.py
[2024-04-13T19:02:39.716-0400] {processor.py:830} INFO - Processing file /Users/manideepakreddyaila/Desktop/projects/Legal_Insights_Engine/.venv/lib/python3.11/site-packages/airflow/example_dags/example_complex.py for tasks to queue
[2024-04-13T19:02:39.716-0400] {logging_mixin.py:188} INFO - [2024-04-13T19:02:39.716-0400] {dagbag.py:540} INFO - Filling up the DagBag from /Users/manideepakreddyaila/Desktop/projects/Legal_Insights_Engine/.venv/lib/python3.11/site-packages/airflow/example_dags/example_complex.py
[2024-04-13T19:02:39.746-0400] {processor.py:840} INFO - DAG(s) 'example_complex' retrieved from /Users/manideepakreddyaila/Desktop/projects/Legal_Insights_Engine/.venv/lib/python3.11/site-packages/airflow/example_dags/example_complex.py
[2024-04-13T19:02:39.785-0400] {logging_mixin.py:188} INFO - [2024-04-13T19:02:39.785-0400] {dag.py:3096} INFO - Sync 1 DAGs
[2024-04-13T19:02:39.788-0400] {logging_mixin.py:188} INFO - [2024-04-13T19:02:39.788-0400] {dag.py:3954} INFO - Setting next_dagrun for example_complex to None, run_after=None
[2024-04-13T19:02:39.794-0400] {processor.py:183} INFO - Processing /Users/manideepakreddyaila/Desktop/projects/Legal_Insights_Engine/.venv/lib/python3.11/site-packages/airflow/example_dags/example_complex.py took 0.080 seconds
