[2024-04-13T14:57:25.621-0400] {processor.py:161} INFO - Started process (PID=29922) to work on /Users/manideepakreddyaila/Desktop/projects/Legal_Insights_Engine/.venv/lib/python3.11/site-packages/airflow/example_dags/example_xcom.py
[2024-04-13T14:57:25.622-0400] {processor.py:830} INFO - Processing file /Users/manideepakreddyaila/Desktop/projects/Legal_Insights_Engine/.venv/lib/python3.11/site-packages/airflow/example_dags/example_xcom.py for tasks to queue
[2024-04-13T14:57:25.624-0400] {logging_mixin.py:188} INFO - [2024-04-13T14:57:25.623-0400] {dagbag.py:540} INFO - Filling up the DagBag from /Users/manideepakreddyaila/Desktop/projects/Legal_Insights_Engine/.venv/lib/python3.11/site-packages/airflow/example_dags/example_xcom.py
[2024-04-13T14:57:25.733-0400] {processor.py:840} INFO - DAG(s) 'example_xcom' retrieved from /Users/manideepakreddyaila/Desktop/projects/Legal_Insights_Engine/.venv/lib/python3.11/site-packages/airflow/example_dags/example_xcom.py
[2024-04-13T14:57:25.922-0400] {logging_mixin.py:188} INFO - [2024-04-13T14:57:25.921-0400] {override.py:1829} INFO - Created Permission View: can edit on DAG:example_xcom
[2024-04-13T14:57:25.930-0400] {logging_mixin.py:188} INFO - [2024-04-13T14:57:25.930-0400] {override.py:1829} INFO - Created Permission View: can read on DAG:example_xcom
[2024-04-13T14:57:25.935-0400] {logging_mixin.py:188} INFO - [2024-04-13T14:57:25.935-0400] {override.py:1829} INFO - Created Permission View: can delete on DAG:example_xcom
[2024-04-13T14:57:25.935-0400] {logging_mixin.py:188} INFO - [2024-04-13T14:57:25.935-0400] {dag.py:3096} INFO - Sync 1 DAGs
[2024-04-13T14:57:25.941-0400] {logging_mixin.py:188} INFO - [2024-04-13T14:57:25.941-0400] {dag.py:3118} INFO - Creating ORM DAG for example_xcom
[2024-04-13T14:57:25.961-0400] {logging_mixin.py:188} INFO - [2024-04-13T14:57:25.960-0400] {dag.py:3954} INFO - Setting next_dagrun for example_xcom to 2021-01-01 00:00:00+00:00, run_after=2021-01-01 00:00:00+00:00
[2024-04-13T14:57:25.984-0400] {processor.py:183} INFO - Processing /Users/manideepakreddyaila/Desktop/projects/Legal_Insights_Engine/.venv/lib/python3.11/site-packages/airflow/example_dags/example_xcom.py took 0.368 seconds
[2024-04-13T14:59:03.247-0400] {processor.py:161} INFO - Started process (PID=30016) to work on /Users/manideepakreddyaila/Desktop/projects/Legal_Insights_Engine/.venv/lib/python3.11/site-packages/airflow/example_dags/example_xcom.py
[2024-04-13T14:59:03.247-0400] {processor.py:830} INFO - Processing file /Users/manideepakreddyaila/Desktop/projects/Legal_Insights_Engine/.venv/lib/python3.11/site-packages/airflow/example_dags/example_xcom.py for tasks to queue
[2024-04-13T14:59:03.247-0400] {logging_mixin.py:188} INFO - [2024-04-13T14:59:03.247-0400] {dagbag.py:540} INFO - Filling up the DagBag from /Users/manideepakreddyaila/Desktop/projects/Legal_Insights_Engine/.venv/lib/python3.11/site-packages/airflow/example_dags/example_xcom.py
[2024-04-13T14:59:03.286-0400] {processor.py:840} INFO - DAG(s) 'example_xcom' retrieved from /Users/manideepakreddyaila/Desktop/projects/Legal_Insights_Engine/.venv/lib/python3.11/site-packages/airflow/example_dags/example_xcom.py
[2024-04-13T14:59:03.321-0400] {logging_mixin.py:188} INFO - [2024-04-13T14:59:03.321-0400] {dag.py:3096} INFO - Sync 1 DAGs
[2024-04-13T14:59:03.327-0400] {logging_mixin.py:188} INFO - [2024-04-13T14:59:03.327-0400] {dag.py:3954} INFO - Setting next_dagrun for example_xcom to 2021-01-01 00:00:00+00:00, run_after=2021-01-01 00:00:00+00:00
[2024-04-13T14:59:03.333-0400] {processor.py:183} INFO - Processing /Users/manideepakreddyaila/Desktop/projects/Legal_Insights_Engine/.venv/lib/python3.11/site-packages/airflow/example_dags/example_xcom.py took 0.087 seconds
[2024-04-13T15:00:01.435-0400] {processor.py:161} INFO - Started process (PID=30067) to work on /Users/manideepakreddyaila/Desktop/projects/Legal_Insights_Engine/.venv/lib/python3.11/site-packages/airflow/example_dags/example_xcom.py
[2024-04-13T15:00:01.436-0400] {processor.py:830} INFO - Processing file /Users/manideepakreddyaila/Desktop/projects/Legal_Insights_Engine/.venv/lib/python3.11/site-packages/airflow/example_dags/example_xcom.py for tasks to queue
[2024-04-13T15:00:01.436-0400] {logging_mixin.py:188} INFO - [2024-04-13T15:00:01.436-0400] {dagbag.py:540} INFO - Filling up the DagBag from /Users/manideepakreddyaila/Desktop/projects/Legal_Insights_Engine/.venv/lib/python3.11/site-packages/airflow/example_dags/example_xcom.py
[2024-04-13T15:00:01.476-0400] {processor.py:840} INFO - DAG(s) 'example_xcom' retrieved from /Users/manideepakreddyaila/Desktop/projects/Legal_Insights_Engine/.venv/lib/python3.11/site-packages/airflow/example_dags/example_xcom.py
[2024-04-13T15:00:01.511-0400] {logging_mixin.py:188} INFO - [2024-04-13T15:00:01.511-0400] {dag.py:3096} INFO - Sync 1 DAGs
[2024-04-13T15:00:01.516-0400] {logging_mixin.py:188} INFO - [2024-04-13T15:00:01.516-0400] {dag.py:3954} INFO - Setting next_dagrun for example_xcom to 2021-01-01 00:00:00+00:00, run_after=2021-01-01 00:00:00+00:00
[2024-04-13T15:00:01.522-0400] {processor.py:183} INFO - Processing /Users/manideepakreddyaila/Desktop/projects/Legal_Insights_Engine/.venv/lib/python3.11/site-packages/airflow/example_dags/example_xcom.py took 0.088 seconds
[2024-04-13T15:01:01.043-0400] {processor.py:161} INFO - Started process (PID=30123) to work on /Users/manideepakreddyaila/Desktop/projects/Legal_Insights_Engine/.venv/lib/python3.11/site-packages/airflow/example_dags/example_xcom.py
[2024-04-13T15:01:01.044-0400] {processor.py:830} INFO - Processing file /Users/manideepakreddyaila/Desktop/projects/Legal_Insights_Engine/.venv/lib/python3.11/site-packages/airflow/example_dags/example_xcom.py for tasks to queue
[2024-04-13T15:01:01.044-0400] {logging_mixin.py:188} INFO - [2024-04-13T15:01:01.044-0400] {dagbag.py:540} INFO - Filling up the DagBag from /Users/manideepakreddyaila/Desktop/projects/Legal_Insights_Engine/.venv/lib/python3.11/site-packages/airflow/example_dags/example_xcom.py
[2024-04-13T15:01:01.083-0400] {processor.py:840} INFO - DAG(s) 'example_xcom' retrieved from /Users/manideepakreddyaila/Desktop/projects/Legal_Insights_Engine/.venv/lib/python3.11/site-packages/airflow/example_dags/example_xcom.py
[2024-04-13T15:01:01.118-0400] {logging_mixin.py:188} INFO - [2024-04-13T15:01:01.118-0400] {dag.py:3096} INFO - Sync 1 DAGs
[2024-04-13T15:01:01.125-0400] {logging_mixin.py:188} INFO - [2024-04-13T15:01:01.125-0400] {dag.py:3954} INFO - Setting next_dagrun for example_xcom to 2021-01-01 00:00:00+00:00, run_after=2021-01-01 00:00:00+00:00
[2024-04-13T15:01:01.131-0400] {processor.py:183} INFO - Processing /Users/manideepakreddyaila/Desktop/projects/Legal_Insights_Engine/.venv/lib/python3.11/site-packages/airflow/example_dags/example_xcom.py took 0.089 seconds
[2024-04-13T15:01:59.169-0400] {processor.py:161} INFO - Started process (PID=30176) to work on /Users/manideepakreddyaila/Desktop/projects/Legal_Insights_Engine/.venv/lib/python3.11/site-packages/airflow/example_dags/example_xcom.py
[2024-04-13T15:01:59.170-0400] {processor.py:830} INFO - Processing file /Users/manideepakreddyaila/Desktop/projects/Legal_Insights_Engine/.venv/lib/python3.11/site-packages/airflow/example_dags/example_xcom.py for tasks to queue
[2024-04-13T15:01:59.170-0400] {logging_mixin.py:188} INFO - [2024-04-13T15:01:59.170-0400] {dagbag.py:540} INFO - Filling up the DagBag from /Users/manideepakreddyaila/Desktop/projects/Legal_Insights_Engine/.venv/lib/python3.11/site-packages/airflow/example_dags/example_xcom.py
[2024-04-13T15:01:59.210-0400] {processor.py:840} INFO - DAG(s) 'example_xcom' retrieved from /Users/manideepakreddyaila/Desktop/projects/Legal_Insights_Engine/.venv/lib/python3.11/site-packages/airflow/example_dags/example_xcom.py
[2024-04-13T15:01:59.246-0400] {logging_mixin.py:188} INFO - [2024-04-13T15:01:59.246-0400] {dag.py:3096} INFO - Sync 1 DAGs
[2024-04-13T15:01:59.252-0400] {logging_mixin.py:188} INFO - [2024-04-13T15:01:59.252-0400] {dag.py:3954} INFO - Setting next_dagrun for example_xcom to 2021-01-01 00:00:00+00:00, run_after=2021-01-01 00:00:00+00:00
[2024-04-13T15:01:59.258-0400] {processor.py:183} INFO - Processing /Users/manideepakreddyaila/Desktop/projects/Legal_Insights_Engine/.venv/lib/python3.11/site-packages/airflow/example_dags/example_xcom.py took 0.091 seconds
[2024-04-13T15:02:54.699-0400] {processor.py:161} INFO - Started process (PID=30224) to work on /Users/manideepakreddyaila/Desktop/projects/Legal_Insights_Engine/.venv/lib/python3.11/site-packages/airflow/example_dags/example_xcom.py
[2024-04-13T15:02:54.700-0400] {processor.py:830} INFO - Processing file /Users/manideepakreddyaila/Desktop/projects/Legal_Insights_Engine/.venv/lib/python3.11/site-packages/airflow/example_dags/example_xcom.py for tasks to queue
[2024-04-13T15:02:54.700-0400] {logging_mixin.py:188} INFO - [2024-04-13T15:02:54.700-0400] {dagbag.py:540} INFO - Filling up the DagBag from /Users/manideepakreddyaila/Desktop/projects/Legal_Insights_Engine/.venv/lib/python3.11/site-packages/airflow/example_dags/example_xcom.py
[2024-04-13T15:02:54.743-0400] {processor.py:840} INFO - DAG(s) 'example_xcom' retrieved from /Users/manideepakreddyaila/Desktop/projects/Legal_Insights_Engine/.venv/lib/python3.11/site-packages/airflow/example_dags/example_xcom.py
[2024-04-13T15:02:54.779-0400] {logging_mixin.py:188} INFO - [2024-04-13T15:02:54.779-0400] {dag.py:3096} INFO - Sync 1 DAGs
[2024-04-13T15:02:54.785-0400] {logging_mixin.py:188} INFO - [2024-04-13T15:02:54.784-0400] {dag.py:3954} INFO - Setting next_dagrun for example_xcom to 2021-01-01 00:00:00+00:00, run_after=2021-01-01 00:00:00+00:00
[2024-04-13T15:02:54.790-0400] {processor.py:183} INFO - Processing /Users/manideepakreddyaila/Desktop/projects/Legal_Insights_Engine/.venv/lib/python3.11/site-packages/airflow/example_dags/example_xcom.py took 0.092 seconds
[2024-04-13T15:03:54.944-0400] {processor.py:161} INFO - Started process (PID=30277) to work on /Users/manideepakreddyaila/Desktop/projects/Legal_Insights_Engine/.venv/lib/python3.11/site-packages/airflow/example_dags/example_xcom.py
[2024-04-13T15:03:54.945-0400] {processor.py:830} INFO - Processing file /Users/manideepakreddyaila/Desktop/projects/Legal_Insights_Engine/.venv/lib/python3.11/site-packages/airflow/example_dags/example_xcom.py for tasks to queue
[2024-04-13T15:03:54.945-0400] {logging_mixin.py:188} INFO - [2024-04-13T15:03:54.945-0400] {dagbag.py:540} INFO - Filling up the DagBag from /Users/manideepakreddyaila/Desktop/projects/Legal_Insights_Engine/.venv/lib/python3.11/site-packages/airflow/example_dags/example_xcom.py
[2024-04-13T15:03:54.985-0400] {processor.py:840} INFO - DAG(s) 'example_xcom' retrieved from /Users/manideepakreddyaila/Desktop/projects/Legal_Insights_Engine/.venv/lib/python3.11/site-packages/airflow/example_dags/example_xcom.py
[2024-04-13T15:03:55.020-0400] {logging_mixin.py:188} INFO - [2024-04-13T15:03:55.020-0400] {dag.py:3096} INFO - Sync 1 DAGs
[2024-04-13T15:03:55.025-0400] {logging_mixin.py:188} INFO - [2024-04-13T15:03:55.025-0400] {dag.py:3954} INFO - Setting next_dagrun for example_xcom to 2021-01-01 00:00:00+00:00, run_after=2021-01-01 00:00:00+00:00
[2024-04-13T15:03:55.031-0400] {processor.py:183} INFO - Processing /Users/manideepakreddyaila/Desktop/projects/Legal_Insights_Engine/.venv/lib/python3.11/site-packages/airflow/example_dags/example_xcom.py took 0.089 seconds
[2024-04-13T15:04:55.817-0400] {processor.py:161} INFO - Started process (PID=30324) to work on /Users/manideepakreddyaila/Desktop/projects/Legal_Insights_Engine/.venv/lib/python3.11/site-packages/airflow/example_dags/example_xcom.py
[2024-04-13T15:04:55.818-0400] {processor.py:830} INFO - Processing file /Users/manideepakreddyaila/Desktop/projects/Legal_Insights_Engine/.venv/lib/python3.11/site-packages/airflow/example_dags/example_xcom.py for tasks to queue
[2024-04-13T15:04:55.818-0400] {logging_mixin.py:188} INFO - [2024-04-13T15:04:55.818-0400] {dagbag.py:540} INFO - Filling up the DagBag from /Users/manideepakreddyaila/Desktop/projects/Legal_Insights_Engine/.venv/lib/python3.11/site-packages/airflow/example_dags/example_xcom.py
[2024-04-13T15:04:55.857-0400] {processor.py:840} INFO - DAG(s) 'example_xcom' retrieved from /Users/manideepakreddyaila/Desktop/projects/Legal_Insights_Engine/.venv/lib/python3.11/site-packages/airflow/example_dags/example_xcom.py
[2024-04-13T15:04:55.892-0400] {logging_mixin.py:188} INFO - [2024-04-13T15:04:55.892-0400] {dag.py:3096} INFO - Sync 1 DAGs
[2024-04-13T15:04:55.898-0400] {logging_mixin.py:188} INFO - [2024-04-13T15:04:55.898-0400] {dag.py:3954} INFO - Setting next_dagrun for example_xcom to 2021-01-01 00:00:00+00:00, run_after=2021-01-01 00:00:00+00:00
[2024-04-13T15:04:55.904-0400] {processor.py:183} INFO - Processing /Users/manideepakreddyaila/Desktop/projects/Legal_Insights_Engine/.venv/lib/python3.11/site-packages/airflow/example_dags/example_xcom.py took 0.088 seconds
[2024-04-13T15:05:54.796-0400] {processor.py:161} INFO - Started process (PID=30411) to work on /Users/manideepakreddyaila/Desktop/projects/Legal_Insights_Engine/.venv/lib/python3.11/site-packages/airflow/example_dags/example_xcom.py
[2024-04-13T15:05:54.796-0400] {processor.py:830} INFO - Processing file /Users/manideepakreddyaila/Desktop/projects/Legal_Insights_Engine/.venv/lib/python3.11/site-packages/airflow/example_dags/example_xcom.py for tasks to queue
[2024-04-13T15:05:54.797-0400] {logging_mixin.py:188} INFO - [2024-04-13T15:05:54.796-0400] {dagbag.py:540} INFO - Filling up the DagBag from /Users/manideepakreddyaila/Desktop/projects/Legal_Insights_Engine/.venv/lib/python3.11/site-packages/airflow/example_dags/example_xcom.py
[2024-04-13T15:05:54.836-0400] {processor.py:840} INFO - DAG(s) 'example_xcom' retrieved from /Users/manideepakreddyaila/Desktop/projects/Legal_Insights_Engine/.venv/lib/python3.11/site-packages/airflow/example_dags/example_xcom.py
[2024-04-13T15:05:54.871-0400] {logging_mixin.py:188} INFO - [2024-04-13T15:05:54.871-0400] {dag.py:3096} INFO - Sync 1 DAGs
[2024-04-13T15:05:54.876-0400] {logging_mixin.py:188} INFO - [2024-04-13T15:05:54.876-0400] {dag.py:3954} INFO - Setting next_dagrun for example_xcom to 2021-01-01 00:00:00+00:00, run_after=2021-01-01 00:00:00+00:00
[2024-04-13T15:05:54.882-0400] {processor.py:183} INFO - Processing /Users/manideepakreddyaila/Desktop/projects/Legal_Insights_Engine/.venv/lib/python3.11/site-packages/airflow/example_dags/example_xcom.py took 0.087 seconds
[2024-04-13T15:06:55.515-0400] {processor.py:161} INFO - Started process (PID=30482) to work on /Users/manideepakreddyaila/Desktop/projects/Legal_Insights_Engine/.venv/lib/python3.11/site-packages/airflow/example_dags/example_xcom.py
[2024-04-13T15:06:55.516-0400] {processor.py:830} INFO - Processing file /Users/manideepakreddyaila/Desktop/projects/Legal_Insights_Engine/.venv/lib/python3.11/site-packages/airflow/example_dags/example_xcom.py for tasks to queue
[2024-04-13T15:06:55.516-0400] {logging_mixin.py:188} INFO - [2024-04-13T15:06:55.516-0400] {dagbag.py:540} INFO - Filling up the DagBag from /Users/manideepakreddyaila/Desktop/projects/Legal_Insights_Engine/.venv/lib/python3.11/site-packages/airflow/example_dags/example_xcom.py
[2024-04-13T15:06:55.556-0400] {processor.py:840} INFO - DAG(s) 'example_xcom' retrieved from /Users/manideepakreddyaila/Desktop/projects/Legal_Insights_Engine/.venv/lib/python3.11/site-packages/airflow/example_dags/example_xcom.py
[2024-04-13T15:06:55.591-0400] {logging_mixin.py:188} INFO - [2024-04-13T15:06:55.591-0400] {dag.py:3096} INFO - Sync 1 DAGs
[2024-04-13T15:06:55.596-0400] {logging_mixin.py:188} INFO - [2024-04-13T15:06:55.596-0400] {dag.py:3954} INFO - Setting next_dagrun for example_xcom to 2021-01-01 00:00:00+00:00, run_after=2021-01-01 00:00:00+00:00
[2024-04-13T15:06:55.602-0400] {processor.py:183} INFO - Processing /Users/manideepakreddyaila/Desktop/projects/Legal_Insights_Engine/.venv/lib/python3.11/site-packages/airflow/example_dags/example_xcom.py took 0.088 seconds
[2024-04-13T15:07:57.548-0400] {processor.py:161} INFO - Started process (PID=30556) to work on /Users/manideepakreddyaila/Desktop/projects/Legal_Insights_Engine/.venv/lib/python3.11/site-packages/airflow/example_dags/example_xcom.py
[2024-04-13T15:07:57.548-0400] {processor.py:830} INFO - Processing file /Users/manideepakreddyaila/Desktop/projects/Legal_Insights_Engine/.venv/lib/python3.11/site-packages/airflow/example_dags/example_xcom.py for tasks to queue
[2024-04-13T15:07:57.549-0400] {logging_mixin.py:188} INFO - [2024-04-13T15:07:57.549-0400] {dagbag.py:540} INFO - Filling up the DagBag from /Users/manideepakreddyaila/Desktop/projects/Legal_Insights_Engine/.venv/lib/python3.11/site-packages/airflow/example_dags/example_xcom.py
[2024-04-13T15:07:57.587-0400] {processor.py:840} INFO - DAG(s) 'example_xcom' retrieved from /Users/manideepakreddyaila/Desktop/projects/Legal_Insights_Engine/.venv/lib/python3.11/site-packages/airflow/example_dags/example_xcom.py
[2024-04-13T15:07:57.622-0400] {logging_mixin.py:188} INFO - [2024-04-13T15:07:57.622-0400] {dag.py:3096} INFO - Sync 1 DAGs
[2024-04-13T15:07:57.628-0400] {logging_mixin.py:188} INFO - [2024-04-13T15:07:57.628-0400] {dag.py:3954} INFO - Setting next_dagrun for example_xcom to 2021-01-01 00:00:00+00:00, run_after=2021-01-01 00:00:00+00:00
[2024-04-13T15:07:57.634-0400] {processor.py:183} INFO - Processing /Users/manideepakreddyaila/Desktop/projects/Legal_Insights_Engine/.venv/lib/python3.11/site-packages/airflow/example_dags/example_xcom.py took 0.087 seconds
[2024-04-13T15:14:08.732-0400] {processor.py:161} INFO - Started process (PID=30683) to work on /Users/manideepakreddyaila/Desktop/projects/Legal_Insights_Engine/.venv/lib/python3.11/site-packages/airflow/example_dags/example_xcom.py
[2024-04-13T15:14:08.733-0400] {processor.py:830} INFO - Processing file /Users/manideepakreddyaila/Desktop/projects/Legal_Insights_Engine/.venv/lib/python3.11/site-packages/airflow/example_dags/example_xcom.py for tasks to queue
[2024-04-13T15:14:08.733-0400] {logging_mixin.py:188} INFO - [2024-04-13T15:14:08.733-0400] {dagbag.py:540} INFO - Filling up the DagBag from /Users/manideepakreddyaila/Desktop/projects/Legal_Insights_Engine/.venv/lib/python3.11/site-packages/airflow/example_dags/example_xcom.py
[2024-04-13T15:14:08.782-0400] {processor.py:840} INFO - DAG(s) 'example_xcom' retrieved from /Users/manideepakreddyaila/Desktop/projects/Legal_Insights_Engine/.venv/lib/python3.11/site-packages/airflow/example_dags/example_xcom.py
[2024-04-13T15:14:08.820-0400] {logging_mixin.py:188} INFO - [2024-04-13T15:14:08.820-0400] {dag.py:3096} INFO - Sync 1 DAGs
[2024-04-13T15:14:08.827-0400] {logging_mixin.py:188} INFO - [2024-04-13T15:14:08.827-0400] {dag.py:3954} INFO - Setting next_dagrun for example_xcom to 2021-01-01 00:00:00+00:00, run_after=2021-01-01 00:00:00+00:00
[2024-04-13T15:14:08.833-0400] {processor.py:183} INFO - Processing /Users/manideepakreddyaila/Desktop/projects/Legal_Insights_Engine/.venv/lib/python3.11/site-packages/airflow/example_dags/example_xcom.py took 0.102 seconds
[2024-04-13T15:15:12.677-0400] {processor.py:161} INFO - Started process (PID=30756) to work on /Users/manideepakreddyaila/Desktop/projects/Legal_Insights_Engine/.venv/lib/python3.11/site-packages/airflow/example_dags/example_xcom.py
[2024-04-13T15:15:12.678-0400] {processor.py:830} INFO - Processing file /Users/manideepakreddyaila/Desktop/projects/Legal_Insights_Engine/.venv/lib/python3.11/site-packages/airflow/example_dags/example_xcom.py for tasks to queue
[2024-04-13T15:15:12.678-0400] {logging_mixin.py:188} INFO - [2024-04-13T15:15:12.678-0400] {dagbag.py:540} INFO - Filling up the DagBag from /Users/manideepakreddyaila/Desktop/projects/Legal_Insights_Engine/.venv/lib/python3.11/site-packages/airflow/example_dags/example_xcom.py
[2024-04-13T15:15:12.717-0400] {processor.py:840} INFO - DAG(s) 'example_xcom' retrieved from /Users/manideepakreddyaila/Desktop/projects/Legal_Insights_Engine/.venv/lib/python3.11/site-packages/airflow/example_dags/example_xcom.py
[2024-04-13T15:15:12.753-0400] {logging_mixin.py:188} INFO - [2024-04-13T15:15:12.753-0400] {dag.py:3096} INFO - Sync 1 DAGs
[2024-04-13T15:15:12.758-0400] {logging_mixin.py:188} INFO - [2024-04-13T15:15:12.758-0400] {dag.py:3954} INFO - Setting next_dagrun for example_xcom to 2021-01-01 00:00:00+00:00, run_after=2021-01-01 00:00:00+00:00
[2024-04-13T15:15:12.764-0400] {processor.py:183} INFO - Processing /Users/manideepakreddyaila/Desktop/projects/Legal_Insights_Engine/.venv/lib/python3.11/site-packages/airflow/example_dags/example_xcom.py took 0.088 seconds
[2024-04-13T15:16:10.819-0400] {processor.py:161} INFO - Started process (PID=30815) to work on /Users/manideepakreddyaila/Desktop/projects/Legal_Insights_Engine/.venv/lib/python3.11/site-packages/airflow/example_dags/example_xcom.py
[2024-04-13T15:16:10.820-0400] {processor.py:830} INFO - Processing file /Users/manideepakreddyaila/Desktop/projects/Legal_Insights_Engine/.venv/lib/python3.11/site-packages/airflow/example_dags/example_xcom.py for tasks to queue
[2024-04-13T15:16:10.820-0400] {logging_mixin.py:188} INFO - [2024-04-13T15:16:10.820-0400] {dagbag.py:540} INFO - Filling up the DagBag from /Users/manideepakreddyaila/Desktop/projects/Legal_Insights_Engine/.venv/lib/python3.11/site-packages/airflow/example_dags/example_xcom.py
[2024-04-13T15:16:10.859-0400] {processor.py:840} INFO - DAG(s) 'example_xcom' retrieved from /Users/manideepakreddyaila/Desktop/projects/Legal_Insights_Engine/.venv/lib/python3.11/site-packages/airflow/example_dags/example_xcom.py
[2024-04-13T15:16:10.894-0400] {logging_mixin.py:188} INFO - [2024-04-13T15:16:10.894-0400] {dag.py:3096} INFO - Sync 1 DAGs
[2024-04-13T15:16:10.900-0400] {logging_mixin.py:188} INFO - [2024-04-13T15:16:10.900-0400] {dag.py:3954} INFO - Setting next_dagrun for example_xcom to 2021-01-01 00:00:00+00:00, run_after=2021-01-01 00:00:00+00:00
[2024-04-13T15:16:10.906-0400] {processor.py:183} INFO - Processing /Users/manideepakreddyaila/Desktop/projects/Legal_Insights_Engine/.venv/lib/python3.11/site-packages/airflow/example_dags/example_xcom.py took 0.087 seconds
[2024-04-13T15:17:07.250-0400] {processor.py:161} INFO - Started process (PID=30871) to work on /Users/manideepakreddyaila/Desktop/projects/Legal_Insights_Engine/.venv/lib/python3.11/site-packages/airflow/example_dags/example_xcom.py
[2024-04-13T15:17:07.251-0400] {processor.py:830} INFO - Processing file /Users/manideepakreddyaila/Desktop/projects/Legal_Insights_Engine/.venv/lib/python3.11/site-packages/airflow/example_dags/example_xcom.py for tasks to queue
[2024-04-13T15:17:07.251-0400] {logging_mixin.py:188} INFO - [2024-04-13T15:17:07.251-0400] {dagbag.py:540} INFO - Filling up the DagBag from /Users/manideepakreddyaila/Desktop/projects/Legal_Insights_Engine/.venv/lib/python3.11/site-packages/airflow/example_dags/example_xcom.py
[2024-04-13T15:17:07.300-0400] {processor.py:840} INFO - DAG(s) 'example_xcom' retrieved from /Users/manideepakreddyaila/Desktop/projects/Legal_Insights_Engine/.venv/lib/python3.11/site-packages/airflow/example_dags/example_xcom.py
[2024-04-13T15:17:07.337-0400] {logging_mixin.py:188} INFO - [2024-04-13T15:17:07.337-0400] {dag.py:3096} INFO - Sync 1 DAGs
[2024-04-13T15:17:07.343-0400] {logging_mixin.py:188} INFO - [2024-04-13T15:17:07.342-0400] {dag.py:3954} INFO - Setting next_dagrun for example_xcom to 2021-01-01 00:00:00+00:00, run_after=2021-01-01 00:00:00+00:00
[2024-04-13T15:17:07.349-0400] {processor.py:183} INFO - Processing /Users/manideepakreddyaila/Desktop/projects/Legal_Insights_Engine/.venv/lib/python3.11/site-packages/airflow/example_dags/example_xcom.py took 0.100 seconds
[2024-04-13T15:25:44.137-0400] {processor.py:161} INFO - Started process (PID=30983) to work on /Users/manideepakreddyaila/Desktop/projects/Legal_Insights_Engine/.venv/lib/python3.11/site-packages/airflow/example_dags/example_xcom.py
[2024-04-13T15:25:44.150-0400] {processor.py:830} INFO - Processing file /Users/manideepakreddyaila/Desktop/projects/Legal_Insights_Engine/.venv/lib/python3.11/site-packages/airflow/example_dags/example_xcom.py for tasks to queue
[2024-04-13T15:25:44.150-0400] {logging_mixin.py:188} INFO - [2024-04-13T15:25:44.150-0400] {dagbag.py:540} INFO - Filling up the DagBag from /Users/manideepakreddyaila/Desktop/projects/Legal_Insights_Engine/.venv/lib/python3.11/site-packages/airflow/example_dags/example_xcom.py
[2024-04-13T15:25:44.223-0400] {processor.py:840} INFO - DAG(s) 'example_xcom' retrieved from /Users/manideepakreddyaila/Desktop/projects/Legal_Insights_Engine/.venv/lib/python3.11/site-packages/airflow/example_dags/example_xcom.py
[2024-04-13T15:25:44.280-0400] {logging_mixin.py:188} INFO - [2024-04-13T15:25:44.280-0400] {dag.py:3096} INFO - Sync 1 DAGs
[2024-04-13T15:25:44.315-0400] {logging_mixin.py:188} INFO - [2024-04-13T15:25:44.314-0400] {dag.py:3954} INFO - Setting next_dagrun for example_xcom to 2021-01-01 00:00:00+00:00, run_after=2021-01-01 00:00:00+00:00
[2024-04-13T15:25:44.340-0400] {processor.py:183} INFO - Processing /Users/manideepakreddyaila/Desktop/projects/Legal_Insights_Engine/.venv/lib/python3.11/site-packages/airflow/example_dags/example_xcom.py took 0.204 seconds
[2024-04-13T17:33:17.972-0400] {processor.py:161} INFO - Started process (PID=31149) to work on /Users/manideepakreddyaila/Desktop/projects/Legal_Insights_Engine/.venv/lib/python3.11/site-packages/airflow/example_dags/example_xcom.py
[2024-04-13T17:33:17.973-0400] {processor.py:830} INFO - Processing file /Users/manideepakreddyaila/Desktop/projects/Legal_Insights_Engine/.venv/lib/python3.11/site-packages/airflow/example_dags/example_xcom.py for tasks to queue
[2024-04-13T17:33:17.973-0400] {logging_mixin.py:188} INFO - [2024-04-13T17:33:17.973-0400] {dagbag.py:540} INFO - Filling up the DagBag from /Users/manideepakreddyaila/Desktop/projects/Legal_Insights_Engine/.venv/lib/python3.11/site-packages/airflow/example_dags/example_xcom.py
[2024-04-13T17:33:18.012-0400] {processor.py:840} INFO - DAG(s) 'example_xcom' retrieved from /Users/manideepakreddyaila/Desktop/projects/Legal_Insights_Engine/.venv/lib/python3.11/site-packages/airflow/example_dags/example_xcom.py
[2024-04-13T17:33:18.047-0400] {logging_mixin.py:188} INFO - [2024-04-13T17:33:18.047-0400] {dag.py:3096} INFO - Sync 1 DAGs
[2024-04-13T17:33:18.053-0400] {logging_mixin.py:188} INFO - [2024-04-13T17:33:18.053-0400] {dag.py:3954} INFO - Setting next_dagrun for example_xcom to 2021-01-01 00:00:00+00:00, run_after=2021-01-01 00:00:00+00:00
[2024-04-13T17:33:18.059-0400] {processor.py:183} INFO - Processing /Users/manideepakreddyaila/Desktop/projects/Legal_Insights_Engine/.venv/lib/python3.11/site-packages/airflow/example_dags/example_xcom.py took 0.088 seconds
[2024-04-13T18:17:14.175-0400] {processor.py:161} INFO - Started process (PID=31297) to work on /Users/manideepakreddyaila/Desktop/projects/Legal_Insights_Engine/.venv/lib/python3.11/site-packages/airflow/example_dags/example_xcom.py
[2024-04-13T18:17:14.176-0400] {processor.py:830} INFO - Processing file /Users/manideepakreddyaila/Desktop/projects/Legal_Insights_Engine/.venv/lib/python3.11/site-packages/airflow/example_dags/example_xcom.py for tasks to queue
[2024-04-13T18:17:14.177-0400] {logging_mixin.py:188} INFO - [2024-04-13T18:17:14.177-0400] {dagbag.py:540} INFO - Filling up the DagBag from /Users/manideepakreddyaila/Desktop/projects/Legal_Insights_Engine/.venv/lib/python3.11/site-packages/airflow/example_dags/example_xcom.py
[2024-04-13T18:17:14.216-0400] {processor.py:840} INFO - DAG(s) 'example_xcom' retrieved from /Users/manideepakreddyaila/Desktop/projects/Legal_Insights_Engine/.venv/lib/python3.11/site-packages/airflow/example_dags/example_xcom.py
[2024-04-13T18:17:14.250-0400] {logging_mixin.py:188} INFO - [2024-04-13T18:17:14.250-0400] {dag.py:3096} INFO - Sync 1 DAGs
[2024-04-13T18:17:14.255-0400] {logging_mixin.py:188} INFO - [2024-04-13T18:17:14.255-0400] {dag.py:3954} INFO - Setting next_dagrun for example_xcom to 2021-01-01 00:00:00+00:00, run_after=2021-01-01 00:00:00+00:00
[2024-04-13T18:17:14.262-0400] {processor.py:183} INFO - Processing /Users/manideepakreddyaila/Desktop/projects/Legal_Insights_Engine/.venv/lib/python3.11/site-packages/airflow/example_dags/example_xcom.py took 0.087 seconds
[2024-04-13T18:40:05.618-0400] {processor.py:161} INFO - Started process (PID=31412) to work on /Users/manideepakreddyaila/Desktop/projects/Legal_Insights_Engine/.venv/lib/python3.11/site-packages/airflow/example_dags/example_xcom.py
[2024-04-13T18:40:05.619-0400] {processor.py:830} INFO - Processing file /Users/manideepakreddyaila/Desktop/projects/Legal_Insights_Engine/.venv/lib/python3.11/site-packages/airflow/example_dags/example_xcom.py for tasks to queue
[2024-04-13T18:40:05.619-0400] {logging_mixin.py:188} INFO - [2024-04-13T18:40:05.619-0400] {dagbag.py:540} INFO - Filling up the DagBag from /Users/manideepakreddyaila/Desktop/projects/Legal_Insights_Engine/.venv/lib/python3.11/site-packages/airflow/example_dags/example_xcom.py
[2024-04-13T18:40:05.659-0400] {processor.py:840} INFO - DAG(s) 'example_xcom' retrieved from /Users/manideepakreddyaila/Desktop/projects/Legal_Insights_Engine/.venv/lib/python3.11/site-packages/airflow/example_dags/example_xcom.py
[2024-04-13T18:40:05.695-0400] {logging_mixin.py:188} INFO - [2024-04-13T18:40:05.694-0400] {dag.py:3096} INFO - Sync 1 DAGs
[2024-04-13T18:40:05.700-0400] {logging_mixin.py:188} INFO - [2024-04-13T18:40:05.700-0400] {dag.py:3954} INFO - Setting next_dagrun for example_xcom to 2021-01-01 00:00:00+00:00, run_after=2021-01-01 00:00:00+00:00
[2024-04-13T18:40:05.706-0400] {processor.py:183} INFO - Processing /Users/manideepakreddyaila/Desktop/projects/Legal_Insights_Engine/.venv/lib/python3.11/site-packages/airflow/example_dags/example_xcom.py took 0.089 seconds
[2024-04-13T19:03:34.415-0400] {processor.py:161} INFO - Started process (PID=31524) to work on /Users/manideepakreddyaila/Desktop/projects/Legal_Insights_Engine/.venv/lib/python3.11/site-packages/airflow/example_dags/example_xcom.py
[2024-04-13T19:03:34.416-0400] {processor.py:830} INFO - Processing file /Users/manideepakreddyaila/Desktop/projects/Legal_Insights_Engine/.venv/lib/python3.11/site-packages/airflow/example_dags/example_xcom.py for tasks to queue
[2024-04-13T19:03:34.416-0400] {logging_mixin.py:188} INFO - [2024-04-13T19:03:34.416-0400] {dagbag.py:540} INFO - Filling up the DagBag from /Users/manideepakreddyaila/Desktop/projects/Legal_Insights_Engine/.venv/lib/python3.11/site-packages/airflow/example_dags/example_xcom.py
[2024-04-13T19:03:34.455-0400] {processor.py:840} INFO - DAG(s) 'example_xcom' retrieved from /Users/manideepakreddyaila/Desktop/projects/Legal_Insights_Engine/.venv/lib/python3.11/site-packages/airflow/example_dags/example_xcom.py
[2024-04-13T19:03:34.490-0400] {logging_mixin.py:188} INFO - [2024-04-13T19:03:34.489-0400] {dag.py:3096} INFO - Sync 1 DAGs
[2024-04-13T19:03:34.495-0400] {logging_mixin.py:188} INFO - [2024-04-13T19:03:34.495-0400] {dag.py:3954} INFO - Setting next_dagrun for example_xcom to 2021-01-01 00:00:00+00:00, run_after=2021-01-01 00:00:00+00:00
[2024-04-13T19:03:34.501-0400] {processor.py:183} INFO - Processing /Users/manideepakreddyaila/Desktop/projects/Legal_Insights_Engine/.venv/lib/python3.11/site-packages/airflow/example_dags/example_xcom.py took 0.087 seconds
