[2024-04-13T14:57:18.169-0400] {processor.py:161} INFO - Started process (PID=29918) to work on /Users/manideepakreddyaila/Desktop/projects/Legal_Insights_Engine/.venv/lib/python3.11/site-packages/airflow/example_dags/tutorial_objectstorage.py
[2024-04-13T14:57:18.170-0400] {processor.py:830} INFO - Processing file /Users/manideepakreddyaila/Desktop/projects/Legal_Insights_Engine/.venv/lib/python3.11/site-packages/airflow/example_dags/tutorial_objectstorage.py for tasks to queue
[2024-04-13T14:57:18.170-0400] {logging_mixin.py:188} INFO - [2024-04-13T14:57:18.170-0400] {dagbag.py:540} INFO - Filling up the DagBag from /Users/manideepakreddyaila/Desktop/projects/Legal_Insights_Engine/.venv/lib/python3.11/site-packages/airflow/example_dags/tutorial_objectstorage.py
[2024-04-13T14:57:18.225-0400] {processor.py:840} INFO - DAG(s) 'tutorial_objectstorage' retrieved from /Users/manideepakreddyaila/Desktop/projects/Legal_Insights_Engine/.venv/lib/python3.11/site-packages/airflow/example_dags/tutorial_objectstorage.py
[2024-04-13T14:57:18.290-0400] {logging_mixin.py:188} INFO - [2024-04-13T14:57:18.289-0400] {override.py:1829} INFO - Created Permission View: can read on DAG:tutorial_objectstorage
[2024-04-13T14:57:18.292-0400] {logging_mixin.py:188} INFO - [2024-04-13T14:57:18.292-0400] {override.py:1829} INFO - Created Permission View: can delete on DAG:tutorial_objectstorage
[2024-04-13T14:57:18.294-0400] {logging_mixin.py:188} INFO - [2024-04-13T14:57:18.294-0400] {override.py:1829} INFO - Created Permission View: can edit on DAG:tutorial_objectstorage
[2024-04-13T14:57:18.294-0400] {logging_mixin.py:188} INFO - [2024-04-13T14:57:18.294-0400] {dag.py:3096} INFO - Sync 1 DAGs
[2024-04-13T14:57:18.298-0400] {logging_mixin.py:188} INFO - [2024-04-13T14:57:18.298-0400] {dag.py:3118} INFO - Creating ORM DAG for tutorial_objectstorage
[2024-04-13T14:57:18.298-0400] {logging_mixin.py:188} INFO - [2024-04-13T14:57:18.298-0400] {dag.py:3954} INFO - Setting next_dagrun for tutorial_objectstorage to None, run_after=None
[2024-04-13T14:57:18.304-0400] {processor.py:183} INFO - Processing /Users/manideepakreddyaila/Desktop/projects/Legal_Insights_Engine/.venv/lib/python3.11/site-packages/airflow/example_dags/tutorial_objectstorage.py took 0.136 seconds
[2024-04-13T14:58:56.574-0400] {processor.py:161} INFO - Started process (PID=30012) to work on /Users/manideepakreddyaila/Desktop/projects/Legal_Insights_Engine/.venv/lib/python3.11/site-packages/airflow/example_dags/tutorial_objectstorage.py
[2024-04-13T14:58:56.575-0400] {processor.py:830} INFO - Processing file /Users/manideepakreddyaila/Desktop/projects/Legal_Insights_Engine/.venv/lib/python3.11/site-packages/airflow/example_dags/tutorial_objectstorage.py for tasks to queue
[2024-04-13T14:58:56.575-0400] {logging_mixin.py:188} INFO - [2024-04-13T14:58:56.575-0400] {dagbag.py:540} INFO - Filling up the DagBag from /Users/manideepakreddyaila/Desktop/projects/Legal_Insights_Engine/.venv/lib/python3.11/site-packages/airflow/example_dags/tutorial_objectstorage.py
[2024-04-13T14:58:56.638-0400] {processor.py:840} INFO - DAG(s) 'tutorial_objectstorage' retrieved from /Users/manideepakreddyaila/Desktop/projects/Legal_Insights_Engine/.venv/lib/python3.11/site-packages/airflow/example_dags/tutorial_objectstorage.py
[2024-04-13T14:58:56.674-0400] {logging_mixin.py:188} INFO - [2024-04-13T14:58:56.674-0400] {dag.py:3096} INFO - Sync 1 DAGs
[2024-04-13T14:58:56.677-0400] {logging_mixin.py:188} INFO - [2024-04-13T14:58:56.677-0400] {dag.py:3954} INFO - Setting next_dagrun for tutorial_objectstorage to None, run_after=None
[2024-04-13T14:58:56.684-0400] {processor.py:183} INFO - Processing /Users/manideepakreddyaila/Desktop/projects/Legal_Insights_Engine/.venv/lib/python3.11/site-packages/airflow/example_dags/tutorial_objectstorage.py took 0.110 seconds
[2024-04-13T14:59:55.535-0400] {processor.py:161} INFO - Started process (PID=30063) to work on /Users/manideepakreddyaila/Desktop/projects/Legal_Insights_Engine/.venv/lib/python3.11/site-packages/airflow/example_dags/tutorial_objectstorage.py
[2024-04-13T14:59:55.535-0400] {processor.py:830} INFO - Processing file /Users/manideepakreddyaila/Desktop/projects/Legal_Insights_Engine/.venv/lib/python3.11/site-packages/airflow/example_dags/tutorial_objectstorage.py for tasks to queue
[2024-04-13T14:59:55.536-0400] {logging_mixin.py:188} INFO - [2024-04-13T14:59:55.536-0400] {dagbag.py:540} INFO - Filling up the DagBag from /Users/manideepakreddyaila/Desktop/projects/Legal_Insights_Engine/.venv/lib/python3.11/site-packages/airflow/example_dags/tutorial_objectstorage.py
[2024-04-13T14:59:55.599-0400] {processor.py:840} INFO - DAG(s) 'tutorial_objectstorage' retrieved from /Users/manideepakreddyaila/Desktop/projects/Legal_Insights_Engine/.venv/lib/python3.11/site-packages/airflow/example_dags/tutorial_objectstorage.py
[2024-04-13T14:59:55.633-0400] {logging_mixin.py:188} INFO - [2024-04-13T14:59:55.633-0400] {dag.py:3096} INFO - Sync 1 DAGs
[2024-04-13T14:59:55.636-0400] {logging_mixin.py:188} INFO - [2024-04-13T14:59:55.636-0400] {dag.py:3954} INFO - Setting next_dagrun for tutorial_objectstorage to None, run_after=None
[2024-04-13T14:59:55.642-0400] {processor.py:183} INFO - Processing /Users/manideepakreddyaila/Desktop/projects/Legal_Insights_Engine/.venv/lib/python3.11/site-packages/airflow/example_dags/tutorial_objectstorage.py took 0.109 seconds
[2024-04-13T15:00:54.050-0400] {processor.py:161} INFO - Started process (PID=30119) to work on /Users/manideepakreddyaila/Desktop/projects/Legal_Insights_Engine/.venv/lib/python3.11/site-packages/airflow/example_dags/tutorial_objectstorage.py
[2024-04-13T15:00:54.051-0400] {processor.py:830} INFO - Processing file /Users/manideepakreddyaila/Desktop/projects/Legal_Insights_Engine/.venv/lib/python3.11/site-packages/airflow/example_dags/tutorial_objectstorage.py for tasks to queue
[2024-04-13T15:00:54.051-0400] {logging_mixin.py:188} INFO - [2024-04-13T15:00:54.051-0400] {dagbag.py:540} INFO - Filling up the DagBag from /Users/manideepakreddyaila/Desktop/projects/Legal_Insights_Engine/.venv/lib/python3.11/site-packages/airflow/example_dags/tutorial_objectstorage.py
[2024-04-13T15:00:54.117-0400] {processor.py:840} INFO - DAG(s) 'tutorial_objectstorage' retrieved from /Users/manideepakreddyaila/Desktop/projects/Legal_Insights_Engine/.venv/lib/python3.11/site-packages/airflow/example_dags/tutorial_objectstorage.py
[2024-04-13T15:00:54.153-0400] {logging_mixin.py:188} INFO - [2024-04-13T15:00:54.153-0400] {dag.py:3096} INFO - Sync 1 DAGs
[2024-04-13T15:00:54.156-0400] {logging_mixin.py:188} INFO - [2024-04-13T15:00:54.156-0400] {dag.py:3954} INFO - Setting next_dagrun for tutorial_objectstorage to None, run_after=None
[2024-04-13T15:00:54.163-0400] {processor.py:183} INFO - Processing /Users/manideepakreddyaila/Desktop/projects/Legal_Insights_Engine/.venv/lib/python3.11/site-packages/airflow/example_dags/tutorial_objectstorage.py took 0.114 seconds
[2024-04-13T15:01:52.084-0400] {processor.py:161} INFO - Started process (PID=30172) to work on /Users/manideepakreddyaila/Desktop/projects/Legal_Insights_Engine/.venv/lib/python3.11/site-packages/airflow/example_dags/tutorial_objectstorage.py
[2024-04-13T15:01:52.085-0400] {processor.py:830} INFO - Processing file /Users/manideepakreddyaila/Desktop/projects/Legal_Insights_Engine/.venv/lib/python3.11/site-packages/airflow/example_dags/tutorial_objectstorage.py for tasks to queue
[2024-04-13T15:01:52.085-0400] {logging_mixin.py:188} INFO - [2024-04-13T15:01:52.085-0400] {dagbag.py:540} INFO - Filling up the DagBag from /Users/manideepakreddyaila/Desktop/projects/Legal_Insights_Engine/.venv/lib/python3.11/site-packages/airflow/example_dags/tutorial_objectstorage.py
[2024-04-13T15:01:52.154-0400] {processor.py:840} INFO - DAG(s) 'tutorial_objectstorage' retrieved from /Users/manideepakreddyaila/Desktop/projects/Legal_Insights_Engine/.venv/lib/python3.11/site-packages/airflow/example_dags/tutorial_objectstorage.py
[2024-04-13T15:01:52.192-0400] {logging_mixin.py:188} INFO - [2024-04-13T15:01:52.191-0400] {dag.py:3096} INFO - Sync 1 DAGs
[2024-04-13T15:01:52.195-0400] {logging_mixin.py:188} INFO - [2024-04-13T15:01:52.195-0400] {dag.py:3954} INFO - Setting next_dagrun for tutorial_objectstorage to None, run_after=None
[2024-04-13T15:01:52.201-0400] {processor.py:183} INFO - Processing /Users/manideepakreddyaila/Desktop/projects/Legal_Insights_Engine/.venv/lib/python3.11/site-packages/airflow/example_dags/tutorial_objectstorage.py took 0.118 seconds
[2024-04-13T15:02:47.478-0400] {processor.py:161} INFO - Started process (PID=30220) to work on /Users/manideepakreddyaila/Desktop/projects/Legal_Insights_Engine/.venv/lib/python3.11/site-packages/airflow/example_dags/tutorial_objectstorage.py
[2024-04-13T15:02:47.480-0400] {processor.py:830} INFO - Processing file /Users/manideepakreddyaila/Desktop/projects/Legal_Insights_Engine/.venv/lib/python3.11/site-packages/airflow/example_dags/tutorial_objectstorage.py for tasks to queue
[2024-04-13T15:02:47.480-0400] {logging_mixin.py:188} INFO - [2024-04-13T15:02:47.480-0400] {dagbag.py:540} INFO - Filling up the DagBag from /Users/manideepakreddyaila/Desktop/projects/Legal_Insights_Engine/.venv/lib/python3.11/site-packages/airflow/example_dags/tutorial_objectstorage.py
[2024-04-13T15:02:47.542-0400] {processor.py:840} INFO - DAG(s) 'tutorial_objectstorage' retrieved from /Users/manideepakreddyaila/Desktop/projects/Legal_Insights_Engine/.venv/lib/python3.11/site-packages/airflow/example_dags/tutorial_objectstorage.py
[2024-04-13T15:02:47.576-0400] {logging_mixin.py:188} INFO - [2024-04-13T15:02:47.576-0400] {dag.py:3096} INFO - Sync 1 DAGs
[2024-04-13T15:02:47.579-0400] {logging_mixin.py:188} INFO - [2024-04-13T15:02:47.579-0400] {dag.py:3954} INFO - Setting next_dagrun for tutorial_objectstorage to None, run_after=None
[2024-04-13T15:02:47.586-0400] {processor.py:183} INFO - Processing /Users/manideepakreddyaila/Desktop/projects/Legal_Insights_Engine/.venv/lib/python3.11/site-packages/airflow/example_dags/tutorial_objectstorage.py took 0.108 seconds
[2024-04-13T15:03:47.358-0400] {processor.py:161} INFO - Started process (PID=30273) to work on /Users/manideepakreddyaila/Desktop/projects/Legal_Insights_Engine/.venv/lib/python3.11/site-packages/airflow/example_dags/tutorial_objectstorage.py
[2024-04-13T15:03:47.358-0400] {processor.py:830} INFO - Processing file /Users/manideepakreddyaila/Desktop/projects/Legal_Insights_Engine/.venv/lib/python3.11/site-packages/airflow/example_dags/tutorial_objectstorage.py for tasks to queue
[2024-04-13T15:03:47.358-0400] {logging_mixin.py:188} INFO - [2024-04-13T15:03:47.358-0400] {dagbag.py:540} INFO - Filling up the DagBag from /Users/manideepakreddyaila/Desktop/projects/Legal_Insights_Engine/.venv/lib/python3.11/site-packages/airflow/example_dags/tutorial_objectstorage.py
[2024-04-13T15:03:47.421-0400] {processor.py:840} INFO - DAG(s) 'tutorial_objectstorage' retrieved from /Users/manideepakreddyaila/Desktop/projects/Legal_Insights_Engine/.venv/lib/python3.11/site-packages/airflow/example_dags/tutorial_objectstorage.py
[2024-04-13T15:03:47.455-0400] {logging_mixin.py:188} INFO - [2024-04-13T15:03:47.455-0400] {dag.py:3096} INFO - Sync 1 DAGs
[2024-04-13T15:03:47.458-0400] {logging_mixin.py:188} INFO - [2024-04-13T15:03:47.458-0400] {dag.py:3954} INFO - Setting next_dagrun for tutorial_objectstorage to None, run_after=None
[2024-04-13T15:03:47.464-0400] {processor.py:183} INFO - Processing /Users/manideepakreddyaila/Desktop/projects/Legal_Insights_Engine/.venv/lib/python3.11/site-packages/airflow/example_dags/tutorial_objectstorage.py took 0.108 seconds
[2024-04-13T15:04:49.047-0400] {processor.py:161} INFO - Started process (PID=30320) to work on /Users/manideepakreddyaila/Desktop/projects/Legal_Insights_Engine/.venv/lib/python3.11/site-packages/airflow/example_dags/tutorial_objectstorage.py
[2024-04-13T15:04:49.048-0400] {processor.py:830} INFO - Processing file /Users/manideepakreddyaila/Desktop/projects/Legal_Insights_Engine/.venv/lib/python3.11/site-packages/airflow/example_dags/tutorial_objectstorage.py for tasks to queue
[2024-04-13T15:04:49.048-0400] {logging_mixin.py:188} INFO - [2024-04-13T15:04:49.048-0400] {dagbag.py:540} INFO - Filling up the DagBag from /Users/manideepakreddyaila/Desktop/projects/Legal_Insights_Engine/.venv/lib/python3.11/site-packages/airflow/example_dags/tutorial_objectstorage.py
[2024-04-13T15:04:49.112-0400] {processor.py:840} INFO - DAG(s) 'tutorial_objectstorage' retrieved from /Users/manideepakreddyaila/Desktop/projects/Legal_Insights_Engine/.venv/lib/python3.11/site-packages/airflow/example_dags/tutorial_objectstorage.py
[2024-04-13T15:04:49.146-0400] {logging_mixin.py:188} INFO - [2024-04-13T15:04:49.146-0400] {dag.py:3096} INFO - Sync 1 DAGs
[2024-04-13T15:04:49.149-0400] {logging_mixin.py:188} INFO - [2024-04-13T15:04:49.149-0400] {dag.py:3954} INFO - Setting next_dagrun for tutorial_objectstorage to None, run_after=None
[2024-04-13T15:04:49.155-0400] {processor.py:183} INFO - Processing /Users/manideepakreddyaila/Desktop/projects/Legal_Insights_Engine/.venv/lib/python3.11/site-packages/airflow/example_dags/tutorial_objectstorage.py took 0.109 seconds
[2024-04-13T15:05:47.580-0400] {processor.py:161} INFO - Started process (PID=30407) to work on /Users/manideepakreddyaila/Desktop/projects/Legal_Insights_Engine/.venv/lib/python3.11/site-packages/airflow/example_dags/tutorial_objectstorage.py
[2024-04-13T15:05:47.581-0400] {processor.py:830} INFO - Processing file /Users/manideepakreddyaila/Desktop/projects/Legal_Insights_Engine/.venv/lib/python3.11/site-packages/airflow/example_dags/tutorial_objectstorage.py for tasks to queue
[2024-04-13T15:05:47.581-0400] {logging_mixin.py:188} INFO - [2024-04-13T15:05:47.581-0400] {dagbag.py:540} INFO - Filling up the DagBag from /Users/manideepakreddyaila/Desktop/projects/Legal_Insights_Engine/.venv/lib/python3.11/site-packages/airflow/example_dags/tutorial_objectstorage.py
[2024-04-13T15:05:47.642-0400] {processor.py:840} INFO - DAG(s) 'tutorial_objectstorage' retrieved from /Users/manideepakreddyaila/Desktop/projects/Legal_Insights_Engine/.venv/lib/python3.11/site-packages/airflow/example_dags/tutorial_objectstorage.py
[2024-04-13T15:05:47.677-0400] {logging_mixin.py:188} INFO - [2024-04-13T15:05:47.676-0400] {dag.py:3096} INFO - Sync 1 DAGs
[2024-04-13T15:05:47.680-0400] {logging_mixin.py:188} INFO - [2024-04-13T15:05:47.680-0400] {dag.py:3954} INFO - Setting next_dagrun for tutorial_objectstorage to None, run_after=None
[2024-04-13T15:05:47.686-0400] {processor.py:183} INFO - Processing /Users/manideepakreddyaila/Desktop/projects/Legal_Insights_Engine/.venv/lib/python3.11/site-packages/airflow/example_dags/tutorial_objectstorage.py took 0.107 seconds
[2024-04-13T15:06:48.038-0400] {processor.py:161} INFO - Started process (PID=30475) to work on /Users/manideepakreddyaila/Desktop/projects/Legal_Insights_Engine/.venv/lib/python3.11/site-packages/airflow/example_dags/tutorial_objectstorage.py
[2024-04-13T15:06:48.038-0400] {processor.py:830} INFO - Processing file /Users/manideepakreddyaila/Desktop/projects/Legal_Insights_Engine/.venv/lib/python3.11/site-packages/airflow/example_dags/tutorial_objectstorage.py for tasks to queue
[2024-04-13T15:06:48.039-0400] {logging_mixin.py:188} INFO - [2024-04-13T15:06:48.039-0400] {dagbag.py:540} INFO - Filling up the DagBag from /Users/manideepakreddyaila/Desktop/projects/Legal_Insights_Engine/.venv/lib/python3.11/site-packages/airflow/example_dags/tutorial_objectstorage.py
[2024-04-13T15:06:48.100-0400] {processor.py:840} INFO - DAG(s) 'tutorial_objectstorage' retrieved from /Users/manideepakreddyaila/Desktop/projects/Legal_Insights_Engine/.venv/lib/python3.11/site-packages/airflow/example_dags/tutorial_objectstorage.py
[2024-04-13T15:06:48.135-0400] {logging_mixin.py:188} INFO - [2024-04-13T15:06:48.135-0400] {dag.py:3096} INFO - Sync 1 DAGs
[2024-04-13T15:06:48.138-0400] {logging_mixin.py:188} INFO - [2024-04-13T15:06:48.138-0400] {dag.py:3954} INFO - Setting next_dagrun for tutorial_objectstorage to None, run_after=None
[2024-04-13T15:06:48.144-0400] {processor.py:183} INFO - Processing /Users/manideepakreddyaila/Desktop/projects/Legal_Insights_Engine/.venv/lib/python3.11/site-packages/airflow/example_dags/tutorial_objectstorage.py took 0.107 seconds
[2024-04-13T15:07:49.916-0400] {processor.py:161} INFO - Started process (PID=30552) to work on /Users/manideepakreddyaila/Desktop/projects/Legal_Insights_Engine/.venv/lib/python3.11/site-packages/airflow/example_dags/tutorial_objectstorage.py
[2024-04-13T15:07:49.916-0400] {processor.py:830} INFO - Processing file /Users/manideepakreddyaila/Desktop/projects/Legal_Insights_Engine/.venv/lib/python3.11/site-packages/airflow/example_dags/tutorial_objectstorage.py for tasks to queue
[2024-04-13T15:07:49.917-0400] {logging_mixin.py:188} INFO - [2024-04-13T15:07:49.917-0400] {dagbag.py:540} INFO - Filling up the DagBag from /Users/manideepakreddyaila/Desktop/projects/Legal_Insights_Engine/.venv/lib/python3.11/site-packages/airflow/example_dags/tutorial_objectstorage.py
[2024-04-13T15:07:49.979-0400] {processor.py:840} INFO - DAG(s) 'tutorial_objectstorage' retrieved from /Users/manideepakreddyaila/Desktop/projects/Legal_Insights_Engine/.venv/lib/python3.11/site-packages/airflow/example_dags/tutorial_objectstorage.py
[2024-04-13T15:07:50.013-0400] {logging_mixin.py:188} INFO - [2024-04-13T15:07:50.013-0400] {dag.py:3096} INFO - Sync 1 DAGs
[2024-04-13T15:07:50.016-0400] {logging_mixin.py:188} INFO - [2024-04-13T15:07:50.016-0400] {dag.py:3954} INFO - Setting next_dagrun for tutorial_objectstorage to None, run_after=None
[2024-04-13T15:07:50.022-0400] {processor.py:183} INFO - Processing /Users/manideepakreddyaila/Desktop/projects/Legal_Insights_Engine/.venv/lib/python3.11/site-packages/airflow/example_dags/tutorial_objectstorage.py took 0.107 seconds
[2024-04-13T15:08:53.330-0400] {processor.py:161} INFO - Started process (PID=30653) to work on /Users/manideepakreddyaila/Desktop/projects/Legal_Insights_Engine/.venv/lib/python3.11/site-packages/airflow/example_dags/tutorial_objectstorage.py
[2024-04-13T15:08:53.330-0400] {processor.py:830} INFO - Processing file /Users/manideepakreddyaila/Desktop/projects/Legal_Insights_Engine/.venv/lib/python3.11/site-packages/airflow/example_dags/tutorial_objectstorage.py for tasks to queue
[2024-04-13T15:08:53.330-0400] {logging_mixin.py:188} INFO - [2024-04-13T15:08:53.330-0400] {dagbag.py:540} INFO - Filling up the DagBag from /Users/manideepakreddyaila/Desktop/projects/Legal_Insights_Engine/.venv/lib/python3.11/site-packages/airflow/example_dags/tutorial_objectstorage.py
[2024-04-13T15:08:53.393-0400] {processor.py:840} INFO - DAG(s) 'tutorial_objectstorage' retrieved from /Users/manideepakreddyaila/Desktop/projects/Legal_Insights_Engine/.venv/lib/python3.11/site-packages/airflow/example_dags/tutorial_objectstorage.py
[2024-04-13T15:08:53.428-0400] {logging_mixin.py:188} INFO - [2024-04-13T15:08:53.428-0400] {dag.py:3096} INFO - Sync 1 DAGs
[2024-04-13T15:08:53.432-0400] {logging_mixin.py:188} INFO - [2024-04-13T15:08:53.431-0400] {dag.py:3954} INFO - Setting next_dagrun for tutorial_objectstorage to None, run_after=None
[2024-04-13T15:08:53.438-0400] {processor.py:183} INFO - Processing /Users/manideepakreddyaila/Desktop/projects/Legal_Insights_Engine/.venv/lib/python3.11/site-packages/airflow/example_dags/tutorial_objectstorage.py took 0.109 seconds
[2024-04-13T15:15:05.117-0400] {processor.py:161} INFO - Started process (PID=30752) to work on /Users/manideepakreddyaila/Desktop/projects/Legal_Insights_Engine/.venv/lib/python3.11/site-packages/airflow/example_dags/tutorial_objectstorage.py
[2024-04-13T15:15:05.117-0400] {processor.py:830} INFO - Processing file /Users/manideepakreddyaila/Desktop/projects/Legal_Insights_Engine/.venv/lib/python3.11/site-packages/airflow/example_dags/tutorial_objectstorage.py for tasks to queue
[2024-04-13T15:15:05.118-0400] {logging_mixin.py:188} INFO - [2024-04-13T15:15:05.117-0400] {dagbag.py:540} INFO - Filling up the DagBag from /Users/manideepakreddyaila/Desktop/projects/Legal_Insights_Engine/.venv/lib/python3.11/site-packages/airflow/example_dags/tutorial_objectstorage.py
[2024-04-13T15:15:05.182-0400] {processor.py:840} INFO - DAG(s) 'tutorial_objectstorage' retrieved from /Users/manideepakreddyaila/Desktop/projects/Legal_Insights_Engine/.venv/lib/python3.11/site-packages/airflow/example_dags/tutorial_objectstorage.py
[2024-04-13T15:15:05.216-0400] {logging_mixin.py:188} INFO - [2024-04-13T15:15:05.216-0400] {dag.py:3096} INFO - Sync 1 DAGs
[2024-04-13T15:15:05.219-0400] {logging_mixin.py:188} INFO - [2024-04-13T15:15:05.219-0400] {dag.py:3954} INFO - Setting next_dagrun for tutorial_objectstorage to None, run_after=None
[2024-04-13T15:15:05.225-0400] {processor.py:183} INFO - Processing /Users/manideepakreddyaila/Desktop/projects/Legal_Insights_Engine/.venv/lib/python3.11/site-packages/airflow/example_dags/tutorial_objectstorage.py took 0.109 seconds
[2024-04-13T15:16:03.362-0400] {processor.py:161} INFO - Started process (PID=30811) to work on /Users/manideepakreddyaila/Desktop/projects/Legal_Insights_Engine/.venv/lib/python3.11/site-packages/airflow/example_dags/tutorial_objectstorage.py
[2024-04-13T15:16:03.363-0400] {processor.py:830} INFO - Processing file /Users/manideepakreddyaila/Desktop/projects/Legal_Insights_Engine/.venv/lib/python3.11/site-packages/airflow/example_dags/tutorial_objectstorage.py for tasks to queue
[2024-04-13T15:16:03.363-0400] {logging_mixin.py:188} INFO - [2024-04-13T15:16:03.363-0400] {dagbag.py:540} INFO - Filling up the DagBag from /Users/manideepakreddyaila/Desktop/projects/Legal_Insights_Engine/.venv/lib/python3.11/site-packages/airflow/example_dags/tutorial_objectstorage.py
[2024-04-13T15:16:03.427-0400] {processor.py:840} INFO - DAG(s) 'tutorial_objectstorage' retrieved from /Users/manideepakreddyaila/Desktop/projects/Legal_Insights_Engine/.venv/lib/python3.11/site-packages/airflow/example_dags/tutorial_objectstorage.py
[2024-04-13T15:16:03.462-0400] {logging_mixin.py:188} INFO - [2024-04-13T15:16:03.462-0400] {dag.py:3096} INFO - Sync 1 DAGs
[2024-04-13T15:16:03.465-0400] {logging_mixin.py:188} INFO - [2024-04-13T15:16:03.465-0400] {dag.py:3954} INFO - Setting next_dagrun for tutorial_objectstorage to None, run_after=None
[2024-04-13T15:16:03.471-0400] {processor.py:183} INFO - Processing /Users/manideepakreddyaila/Desktop/projects/Legal_Insights_Engine/.venv/lib/python3.11/site-packages/airflow/example_dags/tutorial_objectstorage.py took 0.110 seconds
[2024-04-13T15:16:59.950-0400] {processor.py:161} INFO - Started process (PID=30867) to work on /Users/manideepakreddyaila/Desktop/projects/Legal_Insights_Engine/.venv/lib/python3.11/site-packages/airflow/example_dags/tutorial_objectstorage.py
[2024-04-13T15:16:59.951-0400] {processor.py:830} INFO - Processing file /Users/manideepakreddyaila/Desktop/projects/Legal_Insights_Engine/.venv/lib/python3.11/site-packages/airflow/example_dags/tutorial_objectstorage.py for tasks to queue
[2024-04-13T15:16:59.951-0400] {logging_mixin.py:188} INFO - [2024-04-13T15:16:59.951-0400] {dagbag.py:540} INFO - Filling up the DagBag from /Users/manideepakreddyaila/Desktop/projects/Legal_Insights_Engine/.venv/lib/python3.11/site-packages/airflow/example_dags/tutorial_objectstorage.py
[2024-04-13T15:17:00.013-0400] {processor.py:840} INFO - DAG(s) 'tutorial_objectstorage' retrieved from /Users/manideepakreddyaila/Desktop/projects/Legal_Insights_Engine/.venv/lib/python3.11/site-packages/airflow/example_dags/tutorial_objectstorage.py
[2024-04-13T15:17:00.048-0400] {logging_mixin.py:188} INFO - [2024-04-13T15:17:00.048-0400] {dag.py:3096} INFO - Sync 1 DAGs
[2024-04-13T15:17:00.051-0400] {logging_mixin.py:188} INFO - [2024-04-13T15:17:00.051-0400] {dag.py:3954} INFO - Setting next_dagrun for tutorial_objectstorage to None, run_after=None
[2024-04-13T15:17:00.058-0400] {processor.py:183} INFO - Processing /Users/manideepakreddyaila/Desktop/projects/Legal_Insights_Engine/.venv/lib/python3.11/site-packages/airflow/example_dags/tutorial_objectstorage.py took 0.109 seconds
[2024-04-13T15:24:55.976-0400] {processor.py:161} INFO - Started process (PID=30977) to work on /Users/manideepakreddyaila/Desktop/projects/Legal_Insights_Engine/.venv/lib/python3.11/site-packages/airflow/example_dags/tutorial_objectstorage.py
[2024-04-13T15:24:55.976-0400] {processor.py:830} INFO - Processing file /Users/manideepakreddyaila/Desktop/projects/Legal_Insights_Engine/.venv/lib/python3.11/site-packages/airflow/example_dags/tutorial_objectstorage.py for tasks to queue
[2024-04-13T15:24:55.977-0400] {logging_mixin.py:188} INFO - [2024-04-13T15:24:55.976-0400] {dagbag.py:540} INFO - Filling up the DagBag from /Users/manideepakreddyaila/Desktop/projects/Legal_Insights_Engine/.venv/lib/python3.11/site-packages/airflow/example_dags/tutorial_objectstorage.py
[2024-04-13T15:24:56.047-0400] {processor.py:840} INFO - DAG(s) 'tutorial_objectstorage' retrieved from /Users/manideepakreddyaila/Desktop/projects/Legal_Insights_Engine/.venv/lib/python3.11/site-packages/airflow/example_dags/tutorial_objectstorage.py
[2024-04-13T15:24:56.083-0400] {logging_mixin.py:188} INFO - [2024-04-13T15:24:56.083-0400] {dag.py:3096} INFO - Sync 1 DAGs
[2024-04-13T15:24:56.086-0400] {logging_mixin.py:188} INFO - [2024-04-13T15:24:56.086-0400] {dag.py:3954} INFO - Setting next_dagrun for tutorial_objectstorage to None, run_after=None
[2024-04-13T15:24:56.092-0400] {processor.py:183} INFO - Processing /Users/manideepakreddyaila/Desktop/projects/Legal_Insights_Engine/.venv/lib/python3.11/site-packages/airflow/example_dags/tutorial_objectstorage.py took 0.118 seconds
[2024-04-13T17:18:07.824-0400] {processor.py:161} INFO - Started process (PID=31134) to work on /Users/manideepakreddyaila/Desktop/projects/Legal_Insights_Engine/.venv/lib/python3.11/site-packages/airflow/example_dags/tutorial_objectstorage.py
[2024-04-13T17:18:07.824-0400] {processor.py:830} INFO - Processing file /Users/manideepakreddyaila/Desktop/projects/Legal_Insights_Engine/.venv/lib/python3.11/site-packages/airflow/example_dags/tutorial_objectstorage.py for tasks to queue
[2024-04-13T17:18:07.825-0400] {logging_mixin.py:188} INFO - [2024-04-13T17:18:07.825-0400] {dagbag.py:540} INFO - Filling up the DagBag from /Users/manideepakreddyaila/Desktop/projects/Legal_Insights_Engine/.venv/lib/python3.11/site-packages/airflow/example_dags/tutorial_objectstorage.py
[2024-04-13T17:18:07.889-0400] {processor.py:840} INFO - DAG(s) 'tutorial_objectstorage' retrieved from /Users/manideepakreddyaila/Desktop/projects/Legal_Insights_Engine/.venv/lib/python3.11/site-packages/airflow/example_dags/tutorial_objectstorage.py
[2024-04-13T17:18:07.925-0400] {logging_mixin.py:188} INFO - [2024-04-13T17:18:07.924-0400] {dag.py:3096} INFO - Sync 1 DAGs
[2024-04-13T17:18:07.928-0400] {logging_mixin.py:188} INFO - [2024-04-13T17:18:07.928-0400] {dag.py:3954} INFO - Setting next_dagrun for tutorial_objectstorage to None, run_after=None
[2024-04-13T17:18:07.934-0400] {processor.py:183} INFO - Processing /Users/manideepakreddyaila/Desktop/projects/Legal_Insights_Engine/.venv/lib/python3.11/site-packages/airflow/example_dags/tutorial_objectstorage.py took 0.111 seconds
[2024-04-13T18:17:07.399-0400] {processor.py:161} INFO - Started process (PID=31292) to work on /Users/manideepakreddyaila/Desktop/projects/Legal_Insights_Engine/.venv/lib/python3.11/site-packages/airflow/example_dags/tutorial_objectstorage.py
[2024-04-13T18:17:07.400-0400] {processor.py:830} INFO - Processing file /Users/manideepakreddyaila/Desktop/projects/Legal_Insights_Engine/.venv/lib/python3.11/site-packages/airflow/example_dags/tutorial_objectstorage.py for tasks to queue
[2024-04-13T18:17:07.400-0400] {logging_mixin.py:188} INFO - [2024-04-13T18:17:07.400-0400] {dagbag.py:540} INFO - Filling up the DagBag from /Users/manideepakreddyaila/Desktop/projects/Legal_Insights_Engine/.venv/lib/python3.11/site-packages/airflow/example_dags/tutorial_objectstorage.py
[2024-04-13T18:17:07.462-0400] {processor.py:840} INFO - DAG(s) 'tutorial_objectstorage' retrieved from /Users/manideepakreddyaila/Desktop/projects/Legal_Insights_Engine/.venv/lib/python3.11/site-packages/airflow/example_dags/tutorial_objectstorage.py
[2024-04-13T18:17:07.495-0400] {logging_mixin.py:188} INFO - [2024-04-13T18:17:07.495-0400] {dag.py:3096} INFO - Sync 1 DAGs
[2024-04-13T18:17:07.498-0400] {logging_mixin.py:188} INFO - [2024-04-13T18:17:07.498-0400] {dag.py:3954} INFO - Setting next_dagrun for tutorial_objectstorage to None, run_after=None
[2024-04-13T18:17:07.504-0400] {processor.py:183} INFO - Processing /Users/manideepakreddyaila/Desktop/projects/Legal_Insights_Engine/.venv/lib/python3.11/site-packages/airflow/example_dags/tutorial_objectstorage.py took 0.106 seconds
[2024-04-13T18:22:15.681-0400] {processor.py:161} INFO - Started process (PID=31407) to work on /Users/manideepakreddyaila/Desktop/projects/Legal_Insights_Engine/.venv/lib/python3.11/site-packages/airflow/example_dags/tutorial_objectstorage.py
[2024-04-13T18:22:15.681-0400] {processor.py:830} INFO - Processing file /Users/manideepakreddyaila/Desktop/projects/Legal_Insights_Engine/.venv/lib/python3.11/site-packages/airflow/example_dags/tutorial_objectstorage.py for tasks to queue
[2024-04-13T18:22:15.681-0400] {logging_mixin.py:188} INFO - [2024-04-13T18:22:15.681-0400] {dagbag.py:540} INFO - Filling up the DagBag from /Users/manideepakreddyaila/Desktop/projects/Legal_Insights_Engine/.venv/lib/python3.11/site-packages/airflow/example_dags/tutorial_objectstorage.py
[2024-04-13T18:22:15.747-0400] {processor.py:840} INFO - DAG(s) 'tutorial_objectstorage' retrieved from /Users/manideepakreddyaila/Desktop/projects/Legal_Insights_Engine/.venv/lib/python3.11/site-packages/airflow/example_dags/tutorial_objectstorage.py
[2024-04-13T18:22:15.782-0400] {logging_mixin.py:188} INFO - [2024-04-13T18:22:15.782-0400] {dag.py:3096} INFO - Sync 1 DAGs
[2024-04-13T18:22:15.785-0400] {logging_mixin.py:188} INFO - [2024-04-13T18:22:15.785-0400] {dag.py:3954} INFO - Setting next_dagrun for tutorial_objectstorage to None, run_after=None
[2024-04-13T18:22:15.791-0400] {processor.py:183} INFO - Processing /Users/manideepakreddyaila/Desktop/projects/Legal_Insights_Engine/.venv/lib/python3.11/site-packages/airflow/example_dags/tutorial_objectstorage.py took 0.111 seconds
[2024-04-13T19:03:27.336-0400] {processor.py:161} INFO - Started process (PID=31519) to work on /Users/manideepakreddyaila/Desktop/projects/Legal_Insights_Engine/.venv/lib/python3.11/site-packages/airflow/example_dags/tutorial_objectstorage.py
[2024-04-13T19:03:27.337-0400] {processor.py:830} INFO - Processing file /Users/manideepakreddyaila/Desktop/projects/Legal_Insights_Engine/.venv/lib/python3.11/site-packages/airflow/example_dags/tutorial_objectstorage.py for tasks to queue
[2024-04-13T19:03:27.337-0400] {logging_mixin.py:188} INFO - [2024-04-13T19:03:27.337-0400] {dagbag.py:540} INFO - Filling up the DagBag from /Users/manideepakreddyaila/Desktop/projects/Legal_Insights_Engine/.venv/lib/python3.11/site-packages/airflow/example_dags/tutorial_objectstorage.py
[2024-04-13T19:03:27.401-0400] {processor.py:840} INFO - DAG(s) 'tutorial_objectstorage' retrieved from /Users/manideepakreddyaila/Desktop/projects/Legal_Insights_Engine/.venv/lib/python3.11/site-packages/airflow/example_dags/tutorial_objectstorage.py
[2024-04-13T19:03:27.437-0400] {logging_mixin.py:188} INFO - [2024-04-13T19:03:27.437-0400] {dag.py:3096} INFO - Sync 1 DAGs
[2024-04-13T19:03:27.440-0400] {logging_mixin.py:188} INFO - [2024-04-13T19:03:27.440-0400] {dag.py:3954} INFO - Setting next_dagrun for tutorial_objectstorage to None, run_after=None
[2024-04-13T19:03:27.446-0400] {processor.py:183} INFO - Processing /Users/manideepakreddyaila/Desktop/projects/Legal_Insights_Engine/.venv/lib/python3.11/site-packages/airflow/example_dags/tutorial_objectstorage.py took 0.110 seconds
