[2024-04-13T14:57:21.197-0400] {processor.py:161} INFO - Started process (PID=29920) to work on /Users/manideepakreddyaila/Desktop/projects/Legal_Insights_Engine/.venv/lib/python3.11/site-packages/airflow/example_dags/tutorial.py
[2024-04-13T14:57:21.198-0400] {processor.py:830} INFO - Processing file /Users/manideepakreddyaila/Desktop/projects/Legal_Insights_Engine/.venv/lib/python3.11/site-packages/airflow/example_dags/tutorial.py for tasks to queue
[2024-04-13T14:57:21.198-0400] {logging_mixin.py:188} INFO - [2024-04-13T14:57:21.198-0400] {dagbag.py:540} INFO - Filling up the DagBag from /Users/manideepakreddyaila/Desktop/projects/Legal_Insights_Engine/.venv/lib/python3.11/site-packages/airflow/example_dags/tutorial.py
[2024-04-13T14:57:21.236-0400] {processor.py:840} INFO - DAG(s) 'tutorial' retrieved from /Users/manideepakreddyaila/Desktop/projects/Legal_Insights_Engine/.venv/lib/python3.11/site-packages/airflow/example_dags/tutorial.py
[2024-04-13T14:57:21.302-0400] {logging_mixin.py:188} INFO - [2024-04-13T14:57:21.302-0400] {override.py:1829} INFO - Created Permission View: can read on DAG:tutorial
[2024-04-13T14:57:21.305-0400] {logging_mixin.py:188} INFO - [2024-04-13T14:57:21.304-0400] {override.py:1829} INFO - Created Permission View: can delete on DAG:tutorial
[2024-04-13T14:57:21.306-0400] {logging_mixin.py:188} INFO - [2024-04-13T14:57:21.306-0400] {override.py:1829} INFO - Created Permission View: can edit on DAG:tutorial
[2024-04-13T14:57:21.306-0400] {logging_mixin.py:188} INFO - [2024-04-13T14:57:21.306-0400] {dag.py:3096} INFO - Sync 1 DAGs
[2024-04-13T14:57:21.310-0400] {logging_mixin.py:188} INFO - [2024-04-13T14:57:21.310-0400] {dag.py:3118} INFO - Creating ORM DAG for tutorial
[2024-04-13T14:57:21.313-0400] {logging_mixin.py:188} INFO - [2024-04-13T14:57:21.313-0400] {dag.py:3954} INFO - Setting next_dagrun for tutorial to 2024-04-12 00:00:00+00:00, run_after=2024-04-13 00:00:00+00:00
[2024-04-13T14:57:21.318-0400] {processor.py:183} INFO - Processing /Users/manideepakreddyaila/Desktop/projects/Legal_Insights_Engine/.venv/lib/python3.11/site-packages/airflow/example_dags/tutorial.py took 0.123 seconds
[2024-04-13T14:58:59.513-0400] {processor.py:161} INFO - Started process (PID=30014) to work on /Users/manideepakreddyaila/Desktop/projects/Legal_Insights_Engine/.venv/lib/python3.11/site-packages/airflow/example_dags/tutorial.py
[2024-04-13T14:58:59.513-0400] {processor.py:830} INFO - Processing file /Users/manideepakreddyaila/Desktop/projects/Legal_Insights_Engine/.venv/lib/python3.11/site-packages/airflow/example_dags/tutorial.py for tasks to queue
[2024-04-13T14:58:59.513-0400] {logging_mixin.py:188} INFO - [2024-04-13T14:58:59.513-0400] {dagbag.py:540} INFO - Filling up the DagBag from /Users/manideepakreddyaila/Desktop/projects/Legal_Insights_Engine/.venv/lib/python3.11/site-packages/airflow/example_dags/tutorial.py
[2024-04-13T14:58:59.542-0400] {processor.py:840} INFO - DAG(s) 'tutorial' retrieved from /Users/manideepakreddyaila/Desktop/projects/Legal_Insights_Engine/.venv/lib/python3.11/site-packages/airflow/example_dags/tutorial.py
[2024-04-13T14:58:59.578-0400] {logging_mixin.py:188} INFO - [2024-04-13T14:58:59.578-0400] {dag.py:3096} INFO - Sync 1 DAGs
[2024-04-13T14:58:59.584-0400] {logging_mixin.py:188} INFO - [2024-04-13T14:58:59.584-0400] {dag.py:3954} INFO - Setting next_dagrun for tutorial to 2024-04-12 00:00:00+00:00, run_after=2024-04-13 00:00:00+00:00
[2024-04-13T14:58:59.590-0400] {processor.py:183} INFO - Processing /Users/manideepakreddyaila/Desktop/projects/Legal_Insights_Engine/.venv/lib/python3.11/site-packages/airflow/example_dags/tutorial.py took 0.078 seconds
[2024-04-13T14:59:58.134-0400] {processor.py:161} INFO - Started process (PID=30065) to work on /Users/manideepakreddyaila/Desktop/projects/Legal_Insights_Engine/.venv/lib/python3.11/site-packages/airflow/example_dags/tutorial.py
[2024-04-13T14:59:58.135-0400] {processor.py:830} INFO - Processing file /Users/manideepakreddyaila/Desktop/projects/Legal_Insights_Engine/.venv/lib/python3.11/site-packages/airflow/example_dags/tutorial.py for tasks to queue
[2024-04-13T14:59:58.135-0400] {logging_mixin.py:188} INFO - [2024-04-13T14:59:58.135-0400] {dagbag.py:540} INFO - Filling up the DagBag from /Users/manideepakreddyaila/Desktop/projects/Legal_Insights_Engine/.venv/lib/python3.11/site-packages/airflow/example_dags/tutorial.py
[2024-04-13T14:59:58.164-0400] {processor.py:840} INFO - DAG(s) 'tutorial' retrieved from /Users/manideepakreddyaila/Desktop/projects/Legal_Insights_Engine/.venv/lib/python3.11/site-packages/airflow/example_dags/tutorial.py
[2024-04-13T14:59:58.200-0400] {logging_mixin.py:188} INFO - [2024-04-13T14:59:58.200-0400] {dag.py:3096} INFO - Sync 1 DAGs
[2024-04-13T14:59:58.205-0400] {logging_mixin.py:188} INFO - [2024-04-13T14:59:58.205-0400] {dag.py:3954} INFO - Setting next_dagrun for tutorial to 2024-04-12 00:00:00+00:00, run_after=2024-04-13 00:00:00+00:00
[2024-04-13T14:59:58.211-0400] {processor.py:183} INFO - Processing /Users/manideepakreddyaila/Desktop/projects/Legal_Insights_Engine/.venv/lib/python3.11/site-packages/airflow/example_dags/tutorial.py took 0.078 seconds
[2024-04-13T15:00:57.799-0400] {processor.py:161} INFO - Started process (PID=30121) to work on /Users/manideepakreddyaila/Desktop/projects/Legal_Insights_Engine/.venv/lib/python3.11/site-packages/airflow/example_dags/tutorial.py
[2024-04-13T15:00:57.800-0400] {processor.py:830} INFO - Processing file /Users/manideepakreddyaila/Desktop/projects/Legal_Insights_Engine/.venv/lib/python3.11/site-packages/airflow/example_dags/tutorial.py for tasks to queue
[2024-04-13T15:00:57.801-0400] {logging_mixin.py:188} INFO - [2024-04-13T15:00:57.801-0400] {dagbag.py:540} INFO - Filling up the DagBag from /Users/manideepakreddyaila/Desktop/projects/Legal_Insights_Engine/.venv/lib/python3.11/site-packages/airflow/example_dags/tutorial.py
[2024-04-13T15:00:57.829-0400] {processor.py:840} INFO - DAG(s) 'tutorial' retrieved from /Users/manideepakreddyaila/Desktop/projects/Legal_Insights_Engine/.venv/lib/python3.11/site-packages/airflow/example_dags/tutorial.py
[2024-04-13T15:00:57.864-0400] {logging_mixin.py:188} INFO - [2024-04-13T15:00:57.864-0400] {dag.py:3096} INFO - Sync 1 DAGs
[2024-04-13T15:00:57.870-0400] {logging_mixin.py:188} INFO - [2024-04-13T15:00:57.870-0400] {dag.py:3954} INFO - Setting next_dagrun for tutorial to 2024-04-12 00:00:00+00:00, run_after=2024-04-13 00:00:00+00:00
[2024-04-13T15:00:57.876-0400] {processor.py:183} INFO - Processing /Users/manideepakreddyaila/Desktop/projects/Legal_Insights_Engine/.venv/lib/python3.11/site-packages/airflow/example_dags/tutorial.py took 0.078 seconds
[2024-04-13T15:01:55.437-0400] {processor.py:161} INFO - Started process (PID=30174) to work on /Users/manideepakreddyaila/Desktop/projects/Legal_Insights_Engine/.venv/lib/python3.11/site-packages/airflow/example_dags/tutorial.py
[2024-04-13T15:01:55.438-0400] {processor.py:830} INFO - Processing file /Users/manideepakreddyaila/Desktop/projects/Legal_Insights_Engine/.venv/lib/python3.11/site-packages/airflow/example_dags/tutorial.py for tasks to queue
[2024-04-13T15:01:55.438-0400] {logging_mixin.py:188} INFO - [2024-04-13T15:01:55.438-0400] {dagbag.py:540} INFO - Filling up the DagBag from /Users/manideepakreddyaila/Desktop/projects/Legal_Insights_Engine/.venv/lib/python3.11/site-packages/airflow/example_dags/tutorial.py
[2024-04-13T15:01:55.468-0400] {processor.py:840} INFO - DAG(s) 'tutorial' retrieved from /Users/manideepakreddyaila/Desktop/projects/Legal_Insights_Engine/.venv/lib/python3.11/site-packages/airflow/example_dags/tutorial.py
[2024-04-13T15:01:55.503-0400] {logging_mixin.py:188} INFO - [2024-04-13T15:01:55.503-0400] {dag.py:3096} INFO - Sync 1 DAGs
[2024-04-13T15:01:55.509-0400] {logging_mixin.py:188} INFO - [2024-04-13T15:01:55.509-0400] {dag.py:3954} INFO - Setting next_dagrun for tutorial to 2024-04-12 00:00:00+00:00, run_after=2024-04-13 00:00:00+00:00
[2024-04-13T15:01:55.516-0400] {processor.py:183} INFO - Processing /Users/manideepakreddyaila/Desktop/projects/Legal_Insights_Engine/.venv/lib/python3.11/site-packages/airflow/example_dags/tutorial.py took 0.080 seconds
[2024-04-13T15:02:50.913-0400] {processor.py:161} INFO - Started process (PID=30222) to work on /Users/manideepakreddyaila/Desktop/projects/Legal_Insights_Engine/.venv/lib/python3.11/site-packages/airflow/example_dags/tutorial.py
[2024-04-13T15:02:50.913-0400] {processor.py:830} INFO - Processing file /Users/manideepakreddyaila/Desktop/projects/Legal_Insights_Engine/.venv/lib/python3.11/site-packages/airflow/example_dags/tutorial.py for tasks to queue
[2024-04-13T15:02:50.914-0400] {logging_mixin.py:188} INFO - [2024-04-13T15:02:50.914-0400] {dagbag.py:540} INFO - Filling up the DagBag from /Users/manideepakreddyaila/Desktop/projects/Legal_Insights_Engine/.venv/lib/python3.11/site-packages/airflow/example_dags/tutorial.py
[2024-04-13T15:02:50.942-0400] {processor.py:840} INFO - DAG(s) 'tutorial' retrieved from /Users/manideepakreddyaila/Desktop/projects/Legal_Insights_Engine/.venv/lib/python3.11/site-packages/airflow/example_dags/tutorial.py
[2024-04-13T15:02:50.977-0400] {logging_mixin.py:188} INFO - [2024-04-13T15:02:50.977-0400] {dag.py:3096} INFO - Sync 1 DAGs
[2024-04-13T15:02:50.983-0400] {logging_mixin.py:188} INFO - [2024-04-13T15:02:50.983-0400] {dag.py:3954} INFO - Setting next_dagrun for tutorial to 2024-04-12 00:00:00+00:00, run_after=2024-04-13 00:00:00+00:00
[2024-04-13T15:02:50.989-0400] {processor.py:183} INFO - Processing /Users/manideepakreddyaila/Desktop/projects/Legal_Insights_Engine/.venv/lib/python3.11/site-packages/airflow/example_dags/tutorial.py took 0.077 seconds
[2024-04-13T15:03:51.127-0400] {processor.py:161} INFO - Started process (PID=30275) to work on /Users/manideepakreddyaila/Desktop/projects/Legal_Insights_Engine/.venv/lib/python3.11/site-packages/airflow/example_dags/tutorial.py
[2024-04-13T15:03:51.127-0400] {processor.py:830} INFO - Processing file /Users/manideepakreddyaila/Desktop/projects/Legal_Insights_Engine/.venv/lib/python3.11/site-packages/airflow/example_dags/tutorial.py for tasks to queue
[2024-04-13T15:03:51.127-0400] {logging_mixin.py:188} INFO - [2024-04-13T15:03:51.127-0400] {dagbag.py:540} INFO - Filling up the DagBag from /Users/manideepakreddyaila/Desktop/projects/Legal_Insights_Engine/.venv/lib/python3.11/site-packages/airflow/example_dags/tutorial.py
[2024-04-13T15:03:51.156-0400] {processor.py:840} INFO - DAG(s) 'tutorial' retrieved from /Users/manideepakreddyaila/Desktop/projects/Legal_Insights_Engine/.venv/lib/python3.11/site-packages/airflow/example_dags/tutorial.py
[2024-04-13T15:03:51.191-0400] {logging_mixin.py:188} INFO - [2024-04-13T15:03:51.191-0400] {dag.py:3096} INFO - Sync 1 DAGs
[2024-04-13T15:03:51.197-0400] {logging_mixin.py:188} INFO - [2024-04-13T15:03:51.197-0400] {dag.py:3954} INFO - Setting next_dagrun for tutorial to 2024-04-12 00:00:00+00:00, run_after=2024-04-13 00:00:00+00:00
[2024-04-13T15:03:51.203-0400] {processor.py:183} INFO - Processing /Users/manideepakreddyaila/Desktop/projects/Legal_Insights_Engine/.venv/lib/python3.11/site-packages/airflow/example_dags/tutorial.py took 0.078 seconds
[2024-04-13T15:04:52.844-0400] {processor.py:161} INFO - Started process (PID=30322) to work on /Users/manideepakreddyaila/Desktop/projects/Legal_Insights_Engine/.venv/lib/python3.11/site-packages/airflow/example_dags/tutorial.py
[2024-04-13T15:04:52.844-0400] {processor.py:830} INFO - Processing file /Users/manideepakreddyaila/Desktop/projects/Legal_Insights_Engine/.venv/lib/python3.11/site-packages/airflow/example_dags/tutorial.py for tasks to queue
[2024-04-13T15:04:52.845-0400] {logging_mixin.py:188} INFO - [2024-04-13T15:04:52.845-0400] {dagbag.py:540} INFO - Filling up the DagBag from /Users/manideepakreddyaila/Desktop/projects/Legal_Insights_Engine/.venv/lib/python3.11/site-packages/airflow/example_dags/tutorial.py
[2024-04-13T15:04:52.874-0400] {processor.py:840} INFO - DAG(s) 'tutorial' retrieved from /Users/manideepakreddyaila/Desktop/projects/Legal_Insights_Engine/.venv/lib/python3.11/site-packages/airflow/example_dags/tutorial.py
[2024-04-13T15:04:52.910-0400] {logging_mixin.py:188} INFO - [2024-04-13T15:04:52.910-0400] {dag.py:3096} INFO - Sync 1 DAGs
[2024-04-13T15:04:52.916-0400] {logging_mixin.py:188} INFO - [2024-04-13T15:04:52.916-0400] {dag.py:3954} INFO - Setting next_dagrun for tutorial to 2024-04-12 00:00:00+00:00, run_after=2024-04-13 00:00:00+00:00
[2024-04-13T15:04:52.922-0400] {processor.py:183} INFO - Processing /Users/manideepakreddyaila/Desktop/projects/Legal_Insights_Engine/.venv/lib/python3.11/site-packages/airflow/example_dags/tutorial.py took 0.079 seconds
[2024-04-13T15:05:51.050-0400] {processor.py:161} INFO - Started process (PID=30409) to work on /Users/manideepakreddyaila/Desktop/projects/Legal_Insights_Engine/.venv/lib/python3.11/site-packages/airflow/example_dags/tutorial.py
[2024-04-13T15:05:51.051-0400] {processor.py:830} INFO - Processing file /Users/manideepakreddyaila/Desktop/projects/Legal_Insights_Engine/.venv/lib/python3.11/site-packages/airflow/example_dags/tutorial.py for tasks to queue
[2024-04-13T15:05:51.051-0400] {logging_mixin.py:188} INFO - [2024-04-13T15:05:51.051-0400] {dagbag.py:540} INFO - Filling up the DagBag from /Users/manideepakreddyaila/Desktop/projects/Legal_Insights_Engine/.venv/lib/python3.11/site-packages/airflow/example_dags/tutorial.py
[2024-04-13T15:05:51.080-0400] {processor.py:840} INFO - DAG(s) 'tutorial' retrieved from /Users/manideepakreddyaila/Desktop/projects/Legal_Insights_Engine/.venv/lib/python3.11/site-packages/airflow/example_dags/tutorial.py
[2024-04-13T15:05:51.115-0400] {logging_mixin.py:188} INFO - [2024-04-13T15:05:51.115-0400] {dag.py:3096} INFO - Sync 1 DAGs
[2024-04-13T15:05:51.120-0400] {logging_mixin.py:188} INFO - [2024-04-13T15:05:51.120-0400] {dag.py:3954} INFO - Setting next_dagrun for tutorial to 2024-04-12 00:00:00+00:00, run_after=2024-04-13 00:00:00+00:00
[2024-04-13T15:05:51.126-0400] {processor.py:183} INFO - Processing /Users/manideepakreddyaila/Desktop/projects/Legal_Insights_Engine/.venv/lib/python3.11/site-packages/airflow/example_dags/tutorial.py took 0.077 seconds
[2024-04-13T15:06:51.656-0400] {processor.py:161} INFO - Started process (PID=30479) to work on /Users/manideepakreddyaila/Desktop/projects/Legal_Insights_Engine/.venv/lib/python3.11/site-packages/airflow/example_dags/tutorial.py
[2024-04-13T15:06:51.656-0400] {processor.py:830} INFO - Processing file /Users/manideepakreddyaila/Desktop/projects/Legal_Insights_Engine/.venv/lib/python3.11/site-packages/airflow/example_dags/tutorial.py for tasks to queue
[2024-04-13T15:06:51.656-0400] {logging_mixin.py:188} INFO - [2024-04-13T15:06:51.656-0400] {dagbag.py:540} INFO - Filling up the DagBag from /Users/manideepakreddyaila/Desktop/projects/Legal_Insights_Engine/.venv/lib/python3.11/site-packages/airflow/example_dags/tutorial.py
[2024-04-13T15:06:51.686-0400] {processor.py:840} INFO - DAG(s) 'tutorial' retrieved from /Users/manideepakreddyaila/Desktop/projects/Legal_Insights_Engine/.venv/lib/python3.11/site-packages/airflow/example_dags/tutorial.py
[2024-04-13T15:06:51.723-0400] {logging_mixin.py:188} INFO - [2024-04-13T15:06:51.722-0400] {dag.py:3096} INFO - Sync 1 DAGs
[2024-04-13T15:06:51.729-0400] {logging_mixin.py:188} INFO - [2024-04-13T15:06:51.729-0400] {dag.py:3954} INFO - Setting next_dagrun for tutorial to 2024-04-12 00:00:00+00:00, run_after=2024-04-13 00:00:00+00:00
[2024-04-13T15:06:51.735-0400] {processor.py:183} INFO - Processing /Users/manideepakreddyaila/Desktop/projects/Legal_Insights_Engine/.venv/lib/python3.11/site-packages/airflow/example_dags/tutorial.py took 0.081 seconds
[2024-04-13T15:07:53.801-0400] {processor.py:161} INFO - Started process (PID=30554) to work on /Users/manideepakreddyaila/Desktop/projects/Legal_Insights_Engine/.venv/lib/python3.11/site-packages/airflow/example_dags/tutorial.py
[2024-04-13T15:07:53.802-0400] {processor.py:830} INFO - Processing file /Users/manideepakreddyaila/Desktop/projects/Legal_Insights_Engine/.venv/lib/python3.11/site-packages/airflow/example_dags/tutorial.py for tasks to queue
[2024-04-13T15:07:53.802-0400] {logging_mixin.py:188} INFO - [2024-04-13T15:07:53.802-0400] {dagbag.py:540} INFO - Filling up the DagBag from /Users/manideepakreddyaila/Desktop/projects/Legal_Insights_Engine/.venv/lib/python3.11/site-packages/airflow/example_dags/tutorial.py
[2024-04-13T15:07:53.838-0400] {processor.py:840} INFO - DAG(s) 'tutorial' retrieved from /Users/manideepakreddyaila/Desktop/projects/Legal_Insights_Engine/.venv/lib/python3.11/site-packages/airflow/example_dags/tutorial.py
[2024-04-13T15:07:53.874-0400] {logging_mixin.py:188} INFO - [2024-04-13T15:07:53.874-0400] {dag.py:3096} INFO - Sync 1 DAGs
[2024-04-13T15:07:53.879-0400] {logging_mixin.py:188} INFO - [2024-04-13T15:07:53.879-0400] {dag.py:3954} INFO - Setting next_dagrun for tutorial to 2024-04-12 00:00:00+00:00, run_after=2024-04-13 00:00:00+00:00
[2024-04-13T15:07:53.885-0400] {processor.py:183} INFO - Processing /Users/manideepakreddyaila/Desktop/projects/Legal_Insights_Engine/.venv/lib/python3.11/site-packages/airflow/example_dags/tutorial.py took 0.085 seconds
[2024-04-13T15:14:04.597-0400] {processor.py:161} INFO - Started process (PID=30677) to work on /Users/manideepakreddyaila/Desktop/projects/Legal_Insights_Engine/.venv/lib/python3.11/site-packages/airflow/example_dags/tutorial.py
[2024-04-13T15:14:04.598-0400] {processor.py:830} INFO - Processing file /Users/manideepakreddyaila/Desktop/projects/Legal_Insights_Engine/.venv/lib/python3.11/site-packages/airflow/example_dags/tutorial.py for tasks to queue
[2024-04-13T15:14:04.598-0400] {logging_mixin.py:188} INFO - [2024-04-13T15:14:04.598-0400] {dagbag.py:540} INFO - Filling up the DagBag from /Users/manideepakreddyaila/Desktop/projects/Legal_Insights_Engine/.venv/lib/python3.11/site-packages/airflow/example_dags/tutorial.py
[2024-04-13T15:14:04.637-0400] {processor.py:840} INFO - DAG(s) 'tutorial' retrieved from /Users/manideepakreddyaila/Desktop/projects/Legal_Insights_Engine/.venv/lib/python3.11/site-packages/airflow/example_dags/tutorial.py
[2024-04-13T15:14:04.686-0400] {logging_mixin.py:188} INFO - [2024-04-13T15:14:04.686-0400] {dag.py:3096} INFO - Sync 1 DAGs
[2024-04-13T15:14:04.693-0400] {logging_mixin.py:188} INFO - [2024-04-13T15:14:04.693-0400] {dag.py:3954} INFO - Setting next_dagrun for tutorial to 2024-04-12 00:00:00+00:00, run_after=2024-04-13 00:00:00+00:00
[2024-04-13T15:14:04.700-0400] {processor.py:183} INFO - Processing /Users/manideepakreddyaila/Desktop/projects/Legal_Insights_Engine/.venv/lib/python3.11/site-packages/airflow/example_dags/tutorial.py took 0.104 seconds
[2024-04-13T15:15:08.904-0400] {processor.py:161} INFO - Started process (PID=30754) to work on /Users/manideepakreddyaila/Desktop/projects/Legal_Insights_Engine/.venv/lib/python3.11/site-packages/airflow/example_dags/tutorial.py
[2024-04-13T15:15:08.904-0400] {processor.py:830} INFO - Processing file /Users/manideepakreddyaila/Desktop/projects/Legal_Insights_Engine/.venv/lib/python3.11/site-packages/airflow/example_dags/tutorial.py for tasks to queue
[2024-04-13T15:15:08.905-0400] {logging_mixin.py:188} INFO - [2024-04-13T15:15:08.905-0400] {dagbag.py:540} INFO - Filling up the DagBag from /Users/manideepakreddyaila/Desktop/projects/Legal_Insights_Engine/.venv/lib/python3.11/site-packages/airflow/example_dags/tutorial.py
[2024-04-13T15:15:08.933-0400] {processor.py:840} INFO - DAG(s) 'tutorial' retrieved from /Users/manideepakreddyaila/Desktop/projects/Legal_Insights_Engine/.venv/lib/python3.11/site-packages/airflow/example_dags/tutorial.py
[2024-04-13T15:15:08.969-0400] {logging_mixin.py:188} INFO - [2024-04-13T15:15:08.968-0400] {dag.py:3096} INFO - Sync 1 DAGs
[2024-04-13T15:15:08.974-0400] {logging_mixin.py:188} INFO - [2024-04-13T15:15:08.974-0400] {dag.py:3954} INFO - Setting next_dagrun for tutorial to 2024-04-12 00:00:00+00:00, run_after=2024-04-13 00:00:00+00:00
[2024-04-13T15:15:08.980-0400] {processor.py:183} INFO - Processing /Users/manideepakreddyaila/Desktop/projects/Legal_Insights_Engine/.venv/lib/python3.11/site-packages/airflow/example_dags/tutorial.py took 0.078 seconds
[2024-04-13T15:16:07.101-0400] {processor.py:161} INFO - Started process (PID=30813) to work on /Users/manideepakreddyaila/Desktop/projects/Legal_Insights_Engine/.venv/lib/python3.11/site-packages/airflow/example_dags/tutorial.py
[2024-04-13T15:16:07.102-0400] {processor.py:830} INFO - Processing file /Users/manideepakreddyaila/Desktop/projects/Legal_Insights_Engine/.venv/lib/python3.11/site-packages/airflow/example_dags/tutorial.py for tasks to queue
[2024-04-13T15:16:07.102-0400] {logging_mixin.py:188} INFO - [2024-04-13T15:16:07.102-0400] {dagbag.py:540} INFO - Filling up the DagBag from /Users/manideepakreddyaila/Desktop/projects/Legal_Insights_Engine/.venv/lib/python3.11/site-packages/airflow/example_dags/tutorial.py
[2024-04-13T15:16:07.130-0400] {processor.py:840} INFO - DAG(s) 'tutorial' retrieved from /Users/manideepakreddyaila/Desktop/projects/Legal_Insights_Engine/.venv/lib/python3.11/site-packages/airflow/example_dags/tutorial.py
[2024-04-13T15:16:07.166-0400] {logging_mixin.py:188} INFO - [2024-04-13T15:16:07.166-0400] {dag.py:3096} INFO - Sync 1 DAGs
[2024-04-13T15:16:07.172-0400] {logging_mixin.py:188} INFO - [2024-04-13T15:16:07.172-0400] {dag.py:3954} INFO - Setting next_dagrun for tutorial to 2024-04-12 00:00:00+00:00, run_after=2024-04-13 00:00:00+00:00
[2024-04-13T15:16:07.178-0400] {processor.py:183} INFO - Processing /Users/manideepakreddyaila/Desktop/projects/Legal_Insights_Engine/.venv/lib/python3.11/site-packages/airflow/example_dags/tutorial.py took 0.078 seconds
[2024-04-13T15:17:03.212-0400] {processor.py:161} INFO - Started process (PID=30869) to work on /Users/manideepakreddyaila/Desktop/projects/Legal_Insights_Engine/.venv/lib/python3.11/site-packages/airflow/example_dags/tutorial.py
[2024-04-13T15:17:03.213-0400] {processor.py:830} INFO - Processing file /Users/manideepakreddyaila/Desktop/projects/Legal_Insights_Engine/.venv/lib/python3.11/site-packages/airflow/example_dags/tutorial.py for tasks to queue
[2024-04-13T15:17:03.213-0400] {logging_mixin.py:188} INFO - [2024-04-13T15:17:03.213-0400] {dagbag.py:540} INFO - Filling up the DagBag from /Users/manideepakreddyaila/Desktop/projects/Legal_Insights_Engine/.venv/lib/python3.11/site-packages/airflow/example_dags/tutorial.py
[2024-04-13T15:17:03.241-0400] {processor.py:840} INFO - DAG(s) 'tutorial' retrieved from /Users/manideepakreddyaila/Desktop/projects/Legal_Insights_Engine/.venv/lib/python3.11/site-packages/airflow/example_dags/tutorial.py
[2024-04-13T15:17:03.277-0400] {logging_mixin.py:188} INFO - [2024-04-13T15:17:03.277-0400] {dag.py:3096} INFO - Sync 1 DAGs
[2024-04-13T15:17:03.283-0400] {logging_mixin.py:188} INFO - [2024-04-13T15:17:03.283-0400] {dag.py:3954} INFO - Setting next_dagrun for tutorial to 2024-04-12 00:00:00+00:00, run_after=2024-04-13 00:00:00+00:00
[2024-04-13T15:17:03.289-0400] {processor.py:183} INFO - Processing /Users/manideepakreddyaila/Desktop/projects/Legal_Insights_Engine/.venv/lib/python3.11/site-packages/airflow/example_dags/tutorial.py took 0.078 seconds
[2024-04-13T15:24:59.760-0400] {processor.py:161} INFO - Started process (PID=30981) to work on /Users/manideepakreddyaila/Desktop/projects/Legal_Insights_Engine/.venv/lib/python3.11/site-packages/airflow/example_dags/tutorial.py
[2024-04-13T15:24:59.761-0400] {processor.py:830} INFO - Processing file /Users/manideepakreddyaila/Desktop/projects/Legal_Insights_Engine/.venv/lib/python3.11/site-packages/airflow/example_dags/tutorial.py for tasks to queue
[2024-04-13T15:24:59.761-0400] {logging_mixin.py:188} INFO - [2024-04-13T15:24:59.761-0400] {dagbag.py:540} INFO - Filling up the DagBag from /Users/manideepakreddyaila/Desktop/projects/Legal_Insights_Engine/.venv/lib/python3.11/site-packages/airflow/example_dags/tutorial.py
[2024-04-13T15:24:59.789-0400] {processor.py:840} INFO - DAG(s) 'tutorial' retrieved from /Users/manideepakreddyaila/Desktop/projects/Legal_Insights_Engine/.venv/lib/python3.11/site-packages/airflow/example_dags/tutorial.py
[2024-04-13T15:24:59.825-0400] {logging_mixin.py:188} INFO - [2024-04-13T15:24:59.825-0400] {dag.py:3096} INFO - Sync 1 DAGs
[2024-04-13T15:24:59.831-0400] {logging_mixin.py:188} INFO - [2024-04-13T15:24:59.831-0400] {dag.py:3954} INFO - Setting next_dagrun for tutorial to 2024-04-12 00:00:00+00:00, run_after=2024-04-13 00:00:00+00:00
[2024-04-13T15:24:59.837-0400] {processor.py:183} INFO - Processing /Users/manideepakreddyaila/Desktop/projects/Legal_Insights_Engine/.venv/lib/python3.11/site-packages/airflow/example_dags/tutorial.py took 0.077 seconds
[2024-04-13T17:18:11.278-0400] {processor.py:161} INFO - Started process (PID=31146) to work on /Users/manideepakreddyaila/Desktop/projects/Legal_Insights_Engine/.venv/lib/python3.11/site-packages/airflow/example_dags/tutorial.py
[2024-04-13T17:18:11.278-0400] {processor.py:830} INFO - Processing file /Users/manideepakreddyaila/Desktop/projects/Legal_Insights_Engine/.venv/lib/python3.11/site-packages/airflow/example_dags/tutorial.py for tasks to queue
[2024-04-13T17:18:11.279-0400] {logging_mixin.py:188} INFO - [2024-04-13T17:18:11.279-0400] {dagbag.py:540} INFO - Filling up the DagBag from /Users/manideepakreddyaila/Desktop/projects/Legal_Insights_Engine/.venv/lib/python3.11/site-packages/airflow/example_dags/tutorial.py
[2024-04-13T17:18:11.308-0400] {processor.py:840} INFO - DAG(s) 'tutorial' retrieved from /Users/manideepakreddyaila/Desktop/projects/Legal_Insights_Engine/.venv/lib/python3.11/site-packages/airflow/example_dags/tutorial.py
[2024-04-13T17:18:11.343-0400] {logging_mixin.py:188} INFO - [2024-04-13T17:18:11.343-0400] {dag.py:3096} INFO - Sync 1 DAGs
[2024-04-13T17:18:11.348-0400] {logging_mixin.py:188} INFO - [2024-04-13T17:18:11.348-0400] {dag.py:3954} INFO - Setting next_dagrun for tutorial to 2024-04-12 00:00:00+00:00, run_after=2024-04-13 00:00:00+00:00
[2024-04-13T17:18:11.355-0400] {processor.py:183} INFO - Processing /Users/manideepakreddyaila/Desktop/projects/Legal_Insights_Engine/.venv/lib/python3.11/site-packages/airflow/example_dags/tutorial.py took 0.078 seconds
[2024-04-13T18:17:10.469-0400] {processor.py:161} INFO - Started process (PID=31295) to work on /Users/manideepakreddyaila/Desktop/projects/Legal_Insights_Engine/.venv/lib/python3.11/site-packages/airflow/example_dags/tutorial.py
[2024-04-13T18:17:10.470-0400] {processor.py:830} INFO - Processing file /Users/manideepakreddyaila/Desktop/projects/Legal_Insights_Engine/.venv/lib/python3.11/site-packages/airflow/example_dags/tutorial.py for tasks to queue
[2024-04-13T18:17:10.470-0400] {logging_mixin.py:188} INFO - [2024-04-13T18:17:10.470-0400] {dagbag.py:540} INFO - Filling up the DagBag from /Users/manideepakreddyaila/Desktop/projects/Legal_Insights_Engine/.venv/lib/python3.11/site-packages/airflow/example_dags/tutorial.py
[2024-04-13T18:17:10.498-0400] {processor.py:840} INFO - DAG(s) 'tutorial' retrieved from /Users/manideepakreddyaila/Desktop/projects/Legal_Insights_Engine/.venv/lib/python3.11/site-packages/airflow/example_dags/tutorial.py
[2024-04-13T18:17:10.533-0400] {logging_mixin.py:188} INFO - [2024-04-13T18:17:10.533-0400] {dag.py:3096} INFO - Sync 1 DAGs
[2024-04-13T18:17:10.538-0400] {logging_mixin.py:188} INFO - [2024-04-13T18:17:10.538-0400] {dag.py:3954} INFO - Setting next_dagrun for tutorial to 2024-04-12 00:00:00+00:00, run_after=2024-04-13 00:00:00+00:00
[2024-04-13T18:17:10.544-0400] {processor.py:183} INFO - Processing /Users/manideepakreddyaila/Desktop/projects/Legal_Insights_Engine/.venv/lib/python3.11/site-packages/airflow/example_dags/tutorial.py took 0.076 seconds
[2024-04-13T18:22:19.422-0400] {processor.py:161} INFO - Started process (PID=31409) to work on /Users/manideepakreddyaila/Desktop/projects/Legal_Insights_Engine/.venv/lib/python3.11/site-packages/airflow/example_dags/tutorial.py
[2024-04-13T18:22:19.423-0400] {processor.py:830} INFO - Processing file /Users/manideepakreddyaila/Desktop/projects/Legal_Insights_Engine/.venv/lib/python3.11/site-packages/airflow/example_dags/tutorial.py for tasks to queue
[2024-04-13T18:22:19.423-0400] {logging_mixin.py:188} INFO - [2024-04-13T18:22:19.423-0400] {dagbag.py:540} INFO - Filling up the DagBag from /Users/manideepakreddyaila/Desktop/projects/Legal_Insights_Engine/.venv/lib/python3.11/site-packages/airflow/example_dags/tutorial.py
[2024-04-13T18:22:19.451-0400] {processor.py:840} INFO - DAG(s) 'tutorial' retrieved from /Users/manideepakreddyaila/Desktop/projects/Legal_Insights_Engine/.venv/lib/python3.11/site-packages/airflow/example_dags/tutorial.py
[2024-04-13T18:22:19.488-0400] {logging_mixin.py:188} INFO - [2024-04-13T18:22:19.487-0400] {dag.py:3096} INFO - Sync 1 DAGs
[2024-04-13T18:22:19.493-0400] {logging_mixin.py:188} INFO - [2024-04-13T18:22:19.493-0400] {dag.py:3954} INFO - Setting next_dagrun for tutorial to 2024-04-12 00:00:00+00:00, run_after=2024-04-13 00:00:00+00:00
[2024-04-13T18:22:19.499-0400] {processor.py:183} INFO - Processing /Users/manideepakreddyaila/Desktop/projects/Legal_Insights_Engine/.venv/lib/python3.11/site-packages/airflow/example_dags/tutorial.py took 0.078 seconds
[2024-04-13T19:03:31.184-0400] {processor.py:161} INFO - Started process (PID=31521) to work on /Users/manideepakreddyaila/Desktop/projects/Legal_Insights_Engine/.venv/lib/python3.11/site-packages/airflow/example_dags/tutorial.py
[2024-04-13T19:03:31.185-0400] {processor.py:830} INFO - Processing file /Users/manideepakreddyaila/Desktop/projects/Legal_Insights_Engine/.venv/lib/python3.11/site-packages/airflow/example_dags/tutorial.py for tasks to queue
[2024-04-13T19:03:31.185-0400] {logging_mixin.py:188} INFO - [2024-04-13T19:03:31.185-0400] {dagbag.py:540} INFO - Filling up the DagBag from /Users/manideepakreddyaila/Desktop/projects/Legal_Insights_Engine/.venv/lib/python3.11/site-packages/airflow/example_dags/tutorial.py
[2024-04-13T19:03:31.214-0400] {processor.py:840} INFO - DAG(s) 'tutorial' retrieved from /Users/manideepakreddyaila/Desktop/projects/Legal_Insights_Engine/.venv/lib/python3.11/site-packages/airflow/example_dags/tutorial.py
[2024-04-13T19:03:31.250-0400] {logging_mixin.py:188} INFO - [2024-04-13T19:03:31.250-0400] {dag.py:3096} INFO - Sync 1 DAGs
[2024-04-13T19:03:31.256-0400] {logging_mixin.py:188} INFO - [2024-04-13T19:03:31.256-0400] {dag.py:3954} INFO - Setting next_dagrun for tutorial to 2024-04-12 00:00:00+00:00, run_after=2024-04-13 00:00:00+00:00
[2024-04-13T19:03:31.264-0400] {processor.py:183} INFO - Processing /Users/manideepakreddyaila/Desktop/projects/Legal_Insights_Engine/.venv/lib/python3.11/site-packages/airflow/example_dags/tutorial.py took 0.080 seconds
