[2024-04-13T14:57:16.197-0400] {processor.py:161} INFO - Started process (PID=29917) to work on /Users/manideepakreddyaila/Desktop/projects/Legal_Insights_Engine/.venv/lib/python3.11/site-packages/airflow/example_dags/tutorial_taskflow_api.py
[2024-04-13T14:57:16.197-0400] {processor.py:830} INFO - Processing file /Users/manideepakreddyaila/Desktop/projects/Legal_Insights_Engine/.venv/lib/python3.11/site-packages/airflow/example_dags/tutorial_taskflow_api.py for tasks to queue
[2024-04-13T14:57:16.198-0400] {logging_mixin.py:188} INFO - [2024-04-13T14:57:16.198-0400] {dagbag.py:540} INFO - Filling up the DagBag from /Users/manideepakreddyaila/Desktop/projects/Legal_Insights_Engine/.venv/lib/python3.11/site-packages/airflow/example_dags/tutorial_taskflow_api.py
[2024-04-13T14:57:16.247-0400] {processor.py:840} INFO - DAG(s) 'tutorial_taskflow_api' retrieved from /Users/manideepakreddyaila/Desktop/projects/Legal_Insights_Engine/.venv/lib/python3.11/site-packages/airflow/example_dags/tutorial_taskflow_api.py
[2024-04-13T14:57:16.337-0400] {logging_mixin.py:188} INFO - [2024-04-13T14:57:16.337-0400] {override.py:1829} INFO - Created Permission View: can delete on DAG:tutorial_taskflow_api
[2024-04-13T14:57:16.340-0400] {logging_mixin.py:188} INFO - [2024-04-13T14:57:16.340-0400] {override.py:1829} INFO - Created Permission View: can read on DAG:tutorial_taskflow_api
[2024-04-13T14:57:16.341-0400] {logging_mixin.py:188} INFO - [2024-04-13T14:57:16.341-0400] {override.py:1829} INFO - Created Permission View: can edit on DAG:tutorial_taskflow_api
[2024-04-13T14:57:16.342-0400] {logging_mixin.py:188} INFO - [2024-04-13T14:57:16.341-0400] {dag.py:3096} INFO - Sync 1 DAGs
[2024-04-13T14:57:16.345-0400] {logging_mixin.py:188} INFO - [2024-04-13T14:57:16.345-0400] {dag.py:3118} INFO - Creating ORM DAG for tutorial_taskflow_api
[2024-04-13T14:57:16.345-0400] {logging_mixin.py:188} INFO - [2024-04-13T14:57:16.345-0400] {dag.py:3954} INFO - Setting next_dagrun for tutorial_taskflow_api to None, run_after=None
[2024-04-13T14:57:16.350-0400] {processor.py:183} INFO - Processing /Users/manideepakreddyaila/Desktop/projects/Legal_Insights_Engine/.venv/lib/python3.11/site-packages/airflow/example_dags/tutorial_taskflow_api.py took 0.155 seconds
[2024-04-13T14:58:54.621-0400] {processor.py:161} INFO - Started process (PID=30011) to work on /Users/manideepakreddyaila/Desktop/projects/Legal_Insights_Engine/.venv/lib/python3.11/site-packages/airflow/example_dags/tutorial_taskflow_api.py
[2024-04-13T14:58:54.621-0400] {processor.py:830} INFO - Processing file /Users/manideepakreddyaila/Desktop/projects/Legal_Insights_Engine/.venv/lib/python3.11/site-packages/airflow/example_dags/tutorial_taskflow_api.py for tasks to queue
[2024-04-13T14:58:54.622-0400] {logging_mixin.py:188} INFO - [2024-04-13T14:58:54.622-0400] {dagbag.py:540} INFO - Filling up the DagBag from /Users/manideepakreddyaila/Desktop/projects/Legal_Insights_Engine/.venv/lib/python3.11/site-packages/airflow/example_dags/tutorial_taskflow_api.py
[2024-04-13T14:58:54.669-0400] {processor.py:840} INFO - DAG(s) 'tutorial_taskflow_api' retrieved from /Users/manideepakreddyaila/Desktop/projects/Legal_Insights_Engine/.venv/lib/python3.11/site-packages/airflow/example_dags/tutorial_taskflow_api.py
[2024-04-13T14:58:54.716-0400] {logging_mixin.py:188} INFO - [2024-04-13T14:58:54.716-0400] {dag.py:3096} INFO - Sync 1 DAGs
[2024-04-13T14:58:54.720-0400] {logging_mixin.py:188} INFO - [2024-04-13T14:58:54.720-0400] {dag.py:3954} INFO - Setting next_dagrun for tutorial_taskflow_api to None, run_after=None
[2024-04-13T14:58:54.727-0400] {processor.py:183} INFO - Processing /Users/manideepakreddyaila/Desktop/projects/Legal_Insights_Engine/.venv/lib/python3.11/site-packages/airflow/example_dags/tutorial_taskflow_api.py took 0.107 seconds
[2024-04-13T14:59:53.629-0400] {processor.py:161} INFO - Started process (PID=30062) to work on /Users/manideepakreddyaila/Desktop/projects/Legal_Insights_Engine/.venv/lib/python3.11/site-packages/airflow/example_dags/tutorial_taskflow_api.py
[2024-04-13T14:59:53.630-0400] {processor.py:830} INFO - Processing file /Users/manideepakreddyaila/Desktop/projects/Legal_Insights_Engine/.venv/lib/python3.11/site-packages/airflow/example_dags/tutorial_taskflow_api.py for tasks to queue
[2024-04-13T14:59:53.630-0400] {logging_mixin.py:188} INFO - [2024-04-13T14:59:53.630-0400] {dagbag.py:540} INFO - Filling up the DagBag from /Users/manideepakreddyaila/Desktop/projects/Legal_Insights_Engine/.venv/lib/python3.11/site-packages/airflow/example_dags/tutorial_taskflow_api.py
[2024-04-13T14:59:53.671-0400] {processor.py:840} INFO - DAG(s) 'tutorial_taskflow_api' retrieved from /Users/manideepakreddyaila/Desktop/projects/Legal_Insights_Engine/.venv/lib/python3.11/site-packages/airflow/example_dags/tutorial_taskflow_api.py
[2024-04-13T14:59:53.713-0400] {logging_mixin.py:188} INFO - [2024-04-13T14:59:53.713-0400] {dag.py:3096} INFO - Sync 1 DAGs
[2024-04-13T14:59:53.716-0400] {logging_mixin.py:188} INFO - [2024-04-13T14:59:53.716-0400] {dag.py:3954} INFO - Setting next_dagrun for tutorial_taskflow_api to None, run_after=None
[2024-04-13T14:59:53.723-0400] {processor.py:183} INFO - Processing /Users/manideepakreddyaila/Desktop/projects/Legal_Insights_Engine/.venv/lib/python3.11/site-packages/airflow/example_dags/tutorial_taskflow_api.py took 0.094 seconds
[2024-04-13T15:00:52.119-0400] {processor.py:161} INFO - Started process (PID=30118) to work on /Users/manideepakreddyaila/Desktop/projects/Legal_Insights_Engine/.venv/lib/python3.11/site-packages/airflow/example_dags/tutorial_taskflow_api.py
[2024-04-13T15:00:52.132-0400] {processor.py:830} INFO - Processing file /Users/manideepakreddyaila/Desktop/projects/Legal_Insights_Engine/.venv/lib/python3.11/site-packages/airflow/example_dags/tutorial_taskflow_api.py for tasks to queue
[2024-04-13T15:00:52.133-0400] {logging_mixin.py:188} INFO - [2024-04-13T15:00:52.133-0400] {dagbag.py:540} INFO - Filling up the DagBag from /Users/manideepakreddyaila/Desktop/projects/Legal_Insights_Engine/.venv/lib/python3.11/site-packages/airflow/example_dags/tutorial_taskflow_api.py
[2024-04-13T15:00:52.175-0400] {processor.py:840} INFO - DAG(s) 'tutorial_taskflow_api' retrieved from /Users/manideepakreddyaila/Desktop/projects/Legal_Insights_Engine/.venv/lib/python3.11/site-packages/airflow/example_dags/tutorial_taskflow_api.py
[2024-04-13T15:00:52.218-0400] {logging_mixin.py:188} INFO - [2024-04-13T15:00:52.218-0400] {dag.py:3096} INFO - Sync 1 DAGs
[2024-04-13T15:00:52.222-0400] {logging_mixin.py:188} INFO - [2024-04-13T15:00:52.222-0400] {dag.py:3954} INFO - Setting next_dagrun for tutorial_taskflow_api to None, run_after=None
[2024-04-13T15:00:52.228-0400] {processor.py:183} INFO - Processing /Users/manideepakreddyaila/Desktop/projects/Legal_Insights_Engine/.venv/lib/python3.11/site-packages/airflow/example_dags/tutorial_taskflow_api.py took 0.110 seconds
[2024-04-13T15:01:50.091-0400] {processor.py:161} INFO - Started process (PID=30171) to work on /Users/manideepakreddyaila/Desktop/projects/Legal_Insights_Engine/.venv/lib/python3.11/site-packages/airflow/example_dags/tutorial_taskflow_api.py
[2024-04-13T15:01:50.093-0400] {processor.py:830} INFO - Processing file /Users/manideepakreddyaila/Desktop/projects/Legal_Insights_Engine/.venv/lib/python3.11/site-packages/airflow/example_dags/tutorial_taskflow_api.py for tasks to queue
[2024-04-13T15:01:50.093-0400] {logging_mixin.py:188} INFO - [2024-04-13T15:01:50.093-0400] {dagbag.py:540} INFO - Filling up the DagBag from /Users/manideepakreddyaila/Desktop/projects/Legal_Insights_Engine/.venv/lib/python3.11/site-packages/airflow/example_dags/tutorial_taskflow_api.py
[2024-04-13T15:01:50.136-0400] {processor.py:840} INFO - DAG(s) 'tutorial_taskflow_api' retrieved from /Users/manideepakreddyaila/Desktop/projects/Legal_Insights_Engine/.venv/lib/python3.11/site-packages/airflow/example_dags/tutorial_taskflow_api.py
[2024-04-13T15:01:50.179-0400] {logging_mixin.py:188} INFO - [2024-04-13T15:01:50.179-0400] {dag.py:3096} INFO - Sync 1 DAGs
[2024-04-13T15:01:50.183-0400] {logging_mixin.py:188} INFO - [2024-04-13T15:01:50.182-0400] {dag.py:3954} INFO - Setting next_dagrun for tutorial_taskflow_api to None, run_after=None
[2024-04-13T15:01:50.189-0400] {processor.py:183} INFO - Processing /Users/manideepakreddyaila/Desktop/projects/Legal_Insights_Engine/.venv/lib/python3.11/site-packages/airflow/example_dags/tutorial_taskflow_api.py took 0.099 seconds
[2024-04-13T15:02:45.612-0400] {processor.py:161} INFO - Started process (PID=30219) to work on /Users/manideepakreddyaila/Desktop/projects/Legal_Insights_Engine/.venv/lib/python3.11/site-packages/airflow/example_dags/tutorial_taskflow_api.py
[2024-04-13T15:02:45.613-0400] {processor.py:830} INFO - Processing file /Users/manideepakreddyaila/Desktop/projects/Legal_Insights_Engine/.venv/lib/python3.11/site-packages/airflow/example_dags/tutorial_taskflow_api.py for tasks to queue
[2024-04-13T15:02:45.613-0400] {logging_mixin.py:188} INFO - [2024-04-13T15:02:45.613-0400] {dagbag.py:540} INFO - Filling up the DagBag from /Users/manideepakreddyaila/Desktop/projects/Legal_Insights_Engine/.venv/lib/python3.11/site-packages/airflow/example_dags/tutorial_taskflow_api.py
[2024-04-13T15:02:45.653-0400] {processor.py:840} INFO - DAG(s) 'tutorial_taskflow_api' retrieved from /Users/manideepakreddyaila/Desktop/projects/Legal_Insights_Engine/.venv/lib/python3.11/site-packages/airflow/example_dags/tutorial_taskflow_api.py
[2024-04-13T15:02:45.696-0400] {logging_mixin.py:188} INFO - [2024-04-13T15:02:45.696-0400] {dag.py:3096} INFO - Sync 1 DAGs
[2024-04-13T15:02:45.699-0400] {logging_mixin.py:188} INFO - [2024-04-13T15:02:45.699-0400] {dag.py:3954} INFO - Setting next_dagrun for tutorial_taskflow_api to None, run_after=None
[2024-04-13T15:02:45.706-0400] {processor.py:183} INFO - Processing /Users/manideepakreddyaila/Desktop/projects/Legal_Insights_Engine/.venv/lib/python3.11/site-packages/airflow/example_dags/tutorial_taskflow_api.py took 0.095 seconds
[2024-04-13T15:03:45.467-0400] {processor.py:161} INFO - Started process (PID=30272) to work on /Users/manideepakreddyaila/Desktop/projects/Legal_Insights_Engine/.venv/lib/python3.11/site-packages/airflow/example_dags/tutorial_taskflow_api.py
[2024-04-13T15:03:45.467-0400] {processor.py:830} INFO - Processing file /Users/manideepakreddyaila/Desktop/projects/Legal_Insights_Engine/.venv/lib/python3.11/site-packages/airflow/example_dags/tutorial_taskflow_api.py for tasks to queue
[2024-04-13T15:03:45.468-0400] {logging_mixin.py:188} INFO - [2024-04-13T15:03:45.467-0400] {dagbag.py:540} INFO - Filling up the DagBag from /Users/manideepakreddyaila/Desktop/projects/Legal_Insights_Engine/.venv/lib/python3.11/site-packages/airflow/example_dags/tutorial_taskflow_api.py
[2024-04-13T15:03:45.507-0400] {processor.py:840} INFO - DAG(s) 'tutorial_taskflow_api' retrieved from /Users/manideepakreddyaila/Desktop/projects/Legal_Insights_Engine/.venv/lib/python3.11/site-packages/airflow/example_dags/tutorial_taskflow_api.py
[2024-04-13T15:03:45.550-0400] {logging_mixin.py:188} INFO - [2024-04-13T15:03:45.550-0400] {dag.py:3096} INFO - Sync 1 DAGs
[2024-04-13T15:03:45.554-0400] {logging_mixin.py:188} INFO - [2024-04-13T15:03:45.554-0400] {dag.py:3954} INFO - Setting next_dagrun for tutorial_taskflow_api to None, run_after=None
[2024-04-13T15:03:45.560-0400] {processor.py:183} INFO - Processing /Users/manideepakreddyaila/Desktop/projects/Legal_Insights_Engine/.venv/lib/python3.11/site-packages/airflow/example_dags/tutorial_taskflow_api.py took 0.094 seconds
[2024-04-13T15:04:47.158-0400] {processor.py:161} INFO - Started process (PID=30319) to work on /Users/manideepakreddyaila/Desktop/projects/Legal_Insights_Engine/.venv/lib/python3.11/site-packages/airflow/example_dags/tutorial_taskflow_api.py
[2024-04-13T15:04:47.159-0400] {processor.py:830} INFO - Processing file /Users/manideepakreddyaila/Desktop/projects/Legal_Insights_Engine/.venv/lib/python3.11/site-packages/airflow/example_dags/tutorial_taskflow_api.py for tasks to queue
[2024-04-13T15:04:47.159-0400] {logging_mixin.py:188} INFO - [2024-04-13T15:04:47.159-0400] {dagbag.py:540} INFO - Filling up the DagBag from /Users/manideepakreddyaila/Desktop/projects/Legal_Insights_Engine/.venv/lib/python3.11/site-packages/airflow/example_dags/tutorial_taskflow_api.py
[2024-04-13T15:04:47.199-0400] {processor.py:840} INFO - DAG(s) 'tutorial_taskflow_api' retrieved from /Users/manideepakreddyaila/Desktop/projects/Legal_Insights_Engine/.venv/lib/python3.11/site-packages/airflow/example_dags/tutorial_taskflow_api.py
[2024-04-13T15:04:47.242-0400] {logging_mixin.py:188} INFO - [2024-04-13T15:04:47.242-0400] {dag.py:3096} INFO - Sync 1 DAGs
[2024-04-13T15:04:47.246-0400] {logging_mixin.py:188} INFO - [2024-04-13T15:04:47.245-0400] {dag.py:3954} INFO - Setting next_dagrun for tutorial_taskflow_api to None, run_after=None
[2024-04-13T15:04:47.252-0400] {processor.py:183} INFO - Processing /Users/manideepakreddyaila/Desktop/projects/Legal_Insights_Engine/.venv/lib/python3.11/site-packages/airflow/example_dags/tutorial_taskflow_api.py took 0.095 seconds
[2024-04-13T15:05:46.500-0400] {processor.py:161} INFO - Started process (PID=30406) to work on /Users/manideepakreddyaila/Desktop/projects/Legal_Insights_Engine/.venv/lib/python3.11/site-packages/airflow/example_dags/tutorial_taskflow_api.py
[2024-04-13T15:05:46.501-0400] {processor.py:830} INFO - Processing file /Users/manideepakreddyaila/Desktop/projects/Legal_Insights_Engine/.venv/lib/python3.11/site-packages/airflow/example_dags/tutorial_taskflow_api.py for tasks to queue
[2024-04-13T15:05:46.501-0400] {logging_mixin.py:188} INFO - [2024-04-13T15:05:46.501-0400] {dagbag.py:540} INFO - Filling up the DagBag from /Users/manideepakreddyaila/Desktop/projects/Legal_Insights_Engine/.venv/lib/python3.11/site-packages/airflow/example_dags/tutorial_taskflow_api.py
[2024-04-13T15:05:46.541-0400] {processor.py:840} INFO - DAG(s) 'tutorial_taskflow_api' retrieved from /Users/manideepakreddyaila/Desktop/projects/Legal_Insights_Engine/.venv/lib/python3.11/site-packages/airflow/example_dags/tutorial_taskflow_api.py
[2024-04-13T15:05:46.579-0400] {logging_mixin.py:188} INFO - [2024-04-13T15:05:46.579-0400] {dag.py:3096} INFO - Sync 1 DAGs
[2024-04-13T15:05:46.583-0400] {logging_mixin.py:188} INFO - [2024-04-13T15:05:46.583-0400] {dag.py:3954} INFO - Setting next_dagrun for tutorial_taskflow_api to None, run_after=None
[2024-04-13T15:05:46.590-0400] {processor.py:183} INFO - Processing /Users/manideepakreddyaila/Desktop/projects/Legal_Insights_Engine/.venv/lib/python3.11/site-packages/airflow/example_dags/tutorial_taskflow_api.py took 0.091 seconds
[2024-04-13T15:06:46.144-0400] {processor.py:161} INFO - Started process (PID=30473) to work on /Users/manideepakreddyaila/Desktop/projects/Legal_Insights_Engine/.venv/lib/python3.11/site-packages/airflow/example_dags/tutorial_taskflow_api.py
[2024-04-13T15:06:46.145-0400] {processor.py:830} INFO - Processing file /Users/manideepakreddyaila/Desktop/projects/Legal_Insights_Engine/.venv/lib/python3.11/site-packages/airflow/example_dags/tutorial_taskflow_api.py for tasks to queue
[2024-04-13T15:06:46.145-0400] {logging_mixin.py:188} INFO - [2024-04-13T15:06:46.145-0400] {dagbag.py:540} INFO - Filling up the DagBag from /Users/manideepakreddyaila/Desktop/projects/Legal_Insights_Engine/.venv/lib/python3.11/site-packages/airflow/example_dags/tutorial_taskflow_api.py
[2024-04-13T15:06:46.185-0400] {processor.py:840} INFO - DAG(s) 'tutorial_taskflow_api' retrieved from /Users/manideepakreddyaila/Desktop/projects/Legal_Insights_Engine/.venv/lib/python3.11/site-packages/airflow/example_dags/tutorial_taskflow_api.py
[2024-04-13T15:06:46.228-0400] {logging_mixin.py:188} INFO - [2024-04-13T15:06:46.228-0400] {dag.py:3096} INFO - Sync 1 DAGs
[2024-04-13T15:06:46.232-0400] {logging_mixin.py:188} INFO - [2024-04-13T15:06:46.232-0400] {dag.py:3954} INFO - Setting next_dagrun for tutorial_taskflow_api to None, run_after=None
[2024-04-13T15:06:46.238-0400] {processor.py:183} INFO - Processing /Users/manideepakreddyaila/Desktop/projects/Legal_Insights_Engine/.venv/lib/python3.11/site-packages/airflow/example_dags/tutorial_taskflow_api.py took 0.095 seconds
[2024-04-13T15:07:48.166-0400] {processor.py:161} INFO - Started process (PID=30551) to work on /Users/manideepakreddyaila/Desktop/projects/Legal_Insights_Engine/.venv/lib/python3.11/site-packages/airflow/example_dags/tutorial_taskflow_api.py
[2024-04-13T15:07:48.167-0400] {processor.py:830} INFO - Processing file /Users/manideepakreddyaila/Desktop/projects/Legal_Insights_Engine/.venv/lib/python3.11/site-packages/airflow/example_dags/tutorial_taskflow_api.py for tasks to queue
[2024-04-13T15:07:48.167-0400] {logging_mixin.py:188} INFO - [2024-04-13T15:07:48.167-0400] {dagbag.py:540} INFO - Filling up the DagBag from /Users/manideepakreddyaila/Desktop/projects/Legal_Insights_Engine/.venv/lib/python3.11/site-packages/airflow/example_dags/tutorial_taskflow_api.py
[2024-04-13T15:07:48.208-0400] {processor.py:840} INFO - DAG(s) 'tutorial_taskflow_api' retrieved from /Users/manideepakreddyaila/Desktop/projects/Legal_Insights_Engine/.venv/lib/python3.11/site-packages/airflow/example_dags/tutorial_taskflow_api.py
[2024-04-13T15:07:48.250-0400] {logging_mixin.py:188} INFO - [2024-04-13T15:07:48.249-0400] {dag.py:3096} INFO - Sync 1 DAGs
[2024-04-13T15:07:48.254-0400] {logging_mixin.py:188} INFO - [2024-04-13T15:07:48.254-0400] {dag.py:3954} INFO - Setting next_dagrun for tutorial_taskflow_api to None, run_after=None
[2024-04-13T15:07:48.262-0400] {processor.py:183} INFO - Processing /Users/manideepakreddyaila/Desktop/projects/Legal_Insights_Engine/.venv/lib/python3.11/site-packages/airflow/example_dags/tutorial_taskflow_api.py took 0.097 seconds
[2024-04-13T15:08:51.811-0400] {processor.py:161} INFO - Started process (PID=30652) to work on /Users/manideepakreddyaila/Desktop/projects/Legal_Insights_Engine/.venv/lib/python3.11/site-packages/airflow/example_dags/tutorial_taskflow_api.py
[2024-04-13T15:08:51.812-0400] {processor.py:830} INFO - Processing file /Users/manideepakreddyaila/Desktop/projects/Legal_Insights_Engine/.venv/lib/python3.11/site-packages/airflow/example_dags/tutorial_taskflow_api.py for tasks to queue
[2024-04-13T15:08:51.812-0400] {logging_mixin.py:188} INFO - [2024-04-13T15:08:51.812-0400] {dagbag.py:540} INFO - Filling up the DagBag from /Users/manideepakreddyaila/Desktop/projects/Legal_Insights_Engine/.venv/lib/python3.11/site-packages/airflow/example_dags/tutorial_taskflow_api.py
[2024-04-13T15:08:51.852-0400] {processor.py:840} INFO - DAG(s) 'tutorial_taskflow_api' retrieved from /Users/manideepakreddyaila/Desktop/projects/Legal_Insights_Engine/.venv/lib/python3.11/site-packages/airflow/example_dags/tutorial_taskflow_api.py
[2024-04-13T15:08:51.899-0400] {logging_mixin.py:188} INFO - [2024-04-13T15:08:51.899-0400] {dag.py:3096} INFO - Sync 1 DAGs
[2024-04-13T15:08:51.903-0400] {logging_mixin.py:188} INFO - [2024-04-13T15:08:51.903-0400] {dag.py:3954} INFO - Setting next_dagrun for tutorial_taskflow_api to None, run_after=None
[2024-04-13T15:08:51.910-0400] {processor.py:183} INFO - Processing /Users/manideepakreddyaila/Desktop/projects/Legal_Insights_Engine/.venv/lib/python3.11/site-packages/airflow/example_dags/tutorial_taskflow_api.py took 0.100 seconds
[2024-04-13T15:15:03.551-0400] {processor.py:161} INFO - Started process (PID=30751) to work on /Users/manideepakreddyaila/Desktop/projects/Legal_Insights_Engine/.venv/lib/python3.11/site-packages/airflow/example_dags/tutorial_taskflow_api.py
[2024-04-13T15:15:03.552-0400] {processor.py:830} INFO - Processing file /Users/manideepakreddyaila/Desktop/projects/Legal_Insights_Engine/.venv/lib/python3.11/site-packages/airflow/example_dags/tutorial_taskflow_api.py for tasks to queue
[2024-04-13T15:15:03.552-0400] {logging_mixin.py:188} INFO - [2024-04-13T15:15:03.552-0400] {dagbag.py:540} INFO - Filling up the DagBag from /Users/manideepakreddyaila/Desktop/projects/Legal_Insights_Engine/.venv/lib/python3.11/site-packages/airflow/example_dags/tutorial_taskflow_api.py
[2024-04-13T15:15:03.592-0400] {processor.py:840} INFO - DAG(s) 'tutorial_taskflow_api' retrieved from /Users/manideepakreddyaila/Desktop/projects/Legal_Insights_Engine/.venv/lib/python3.11/site-packages/airflow/example_dags/tutorial_taskflow_api.py
[2024-04-13T15:15:03.633-0400] {logging_mixin.py:188} INFO - [2024-04-13T15:15:03.633-0400] {dag.py:3096} INFO - Sync 1 DAGs
[2024-04-13T15:15:03.638-0400] {logging_mixin.py:188} INFO - [2024-04-13T15:15:03.638-0400] {dag.py:3954} INFO - Setting next_dagrun for tutorial_taskflow_api to None, run_after=None
[2024-04-13T15:15:03.645-0400] {processor.py:183} INFO - Processing /Users/manideepakreddyaila/Desktop/projects/Legal_Insights_Engine/.venv/lib/python3.11/site-packages/airflow/example_dags/tutorial_taskflow_api.py took 0.095 seconds
[2024-04-13T15:16:02.339-0400] {processor.py:161} INFO - Started process (PID=30810) to work on /Users/manideepakreddyaila/Desktop/projects/Legal_Insights_Engine/.venv/lib/python3.11/site-packages/airflow/example_dags/tutorial_taskflow_api.py
[2024-04-13T15:16:02.340-0400] {processor.py:830} INFO - Processing file /Users/manideepakreddyaila/Desktop/projects/Legal_Insights_Engine/.venv/lib/python3.11/site-packages/airflow/example_dags/tutorial_taskflow_api.py for tasks to queue
[2024-04-13T15:16:02.340-0400] {logging_mixin.py:188} INFO - [2024-04-13T15:16:02.340-0400] {dagbag.py:540} INFO - Filling up the DagBag from /Users/manideepakreddyaila/Desktop/projects/Legal_Insights_Engine/.venv/lib/python3.11/site-packages/airflow/example_dags/tutorial_taskflow_api.py
[2024-04-13T15:16:02.380-0400] {processor.py:840} INFO - DAG(s) 'tutorial_taskflow_api' retrieved from /Users/manideepakreddyaila/Desktop/projects/Legal_Insights_Engine/.venv/lib/python3.11/site-packages/airflow/example_dags/tutorial_taskflow_api.py
[2024-04-13T15:16:02.423-0400] {logging_mixin.py:188} INFO - [2024-04-13T15:16:02.423-0400] {dag.py:3096} INFO - Sync 1 DAGs
[2024-04-13T15:16:02.427-0400] {logging_mixin.py:188} INFO - [2024-04-13T15:16:02.426-0400] {dag.py:3954} INFO - Setting next_dagrun for tutorial_taskflow_api to None, run_after=None
[2024-04-13T15:16:02.433-0400] {processor.py:183} INFO - Processing /Users/manideepakreddyaila/Desktop/projects/Legal_Insights_Engine/.venv/lib/python3.11/site-packages/airflow/example_dags/tutorial_taskflow_api.py took 0.095 seconds
[2024-04-13T15:16:58.069-0400] {processor.py:161} INFO - Started process (PID=30866) to work on /Users/manideepakreddyaila/Desktop/projects/Legal_Insights_Engine/.venv/lib/python3.11/site-packages/airflow/example_dags/tutorial_taskflow_api.py
[2024-04-13T15:16:58.070-0400] {processor.py:830} INFO - Processing file /Users/manideepakreddyaila/Desktop/projects/Legal_Insights_Engine/.venv/lib/python3.11/site-packages/airflow/example_dags/tutorial_taskflow_api.py for tasks to queue
[2024-04-13T15:16:58.070-0400] {logging_mixin.py:188} INFO - [2024-04-13T15:16:58.070-0400] {dagbag.py:540} INFO - Filling up the DagBag from /Users/manideepakreddyaila/Desktop/projects/Legal_Insights_Engine/.venv/lib/python3.11/site-packages/airflow/example_dags/tutorial_taskflow_api.py
[2024-04-13T15:16:58.111-0400] {processor.py:840} INFO - DAG(s) 'tutorial_taskflow_api' retrieved from /Users/manideepakreddyaila/Desktop/projects/Legal_Insights_Engine/.venv/lib/python3.11/site-packages/airflow/example_dags/tutorial_taskflow_api.py
[2024-04-13T15:16:58.161-0400] {logging_mixin.py:188} INFO - [2024-04-13T15:16:58.160-0400] {dag.py:3096} INFO - Sync 1 DAGs
[2024-04-13T15:16:58.165-0400] {logging_mixin.py:188} INFO - [2024-04-13T15:16:58.165-0400] {dag.py:3954} INFO - Setting next_dagrun for tutorial_taskflow_api to None, run_after=None
[2024-04-13T15:16:58.171-0400] {processor.py:183} INFO - Processing /Users/manideepakreddyaila/Desktop/projects/Legal_Insights_Engine/.venv/lib/python3.11/site-packages/airflow/example_dags/tutorial_taskflow_api.py took 0.103 seconds
[2024-04-13T15:24:54.086-0400] {processor.py:161} INFO - Started process (PID=30976) to work on /Users/manideepakreddyaila/Desktop/projects/Legal_Insights_Engine/.venv/lib/python3.11/site-packages/airflow/example_dags/tutorial_taskflow_api.py
[2024-04-13T15:24:54.087-0400] {processor.py:830} INFO - Processing file /Users/manideepakreddyaila/Desktop/projects/Legal_Insights_Engine/.venv/lib/python3.11/site-packages/airflow/example_dags/tutorial_taskflow_api.py for tasks to queue
[2024-04-13T15:24:54.088-0400] {logging_mixin.py:188} INFO - [2024-04-13T15:24:54.088-0400] {dagbag.py:540} INFO - Filling up the DagBag from /Users/manideepakreddyaila/Desktop/projects/Legal_Insights_Engine/.venv/lib/python3.11/site-packages/airflow/example_dags/tutorial_taskflow_api.py
[2024-04-13T15:24:54.131-0400] {processor.py:840} INFO - DAG(s) 'tutorial_taskflow_api' retrieved from /Users/manideepakreddyaila/Desktop/projects/Legal_Insights_Engine/.venv/lib/python3.11/site-packages/airflow/example_dags/tutorial_taskflow_api.py
[2024-04-13T15:24:54.174-0400] {logging_mixin.py:188} INFO - [2024-04-13T15:24:54.174-0400] {dag.py:3096} INFO - Sync 1 DAGs
[2024-04-13T15:24:54.178-0400] {logging_mixin.py:188} INFO - [2024-04-13T15:24:54.178-0400] {dag.py:3954} INFO - Setting next_dagrun for tutorial_taskflow_api to None, run_after=None
[2024-04-13T15:24:54.185-0400] {processor.py:183} INFO - Processing /Users/manideepakreddyaila/Desktop/projects/Legal_Insights_Engine/.venv/lib/python3.11/site-packages/airflow/example_dags/tutorial_taskflow_api.py took 0.100 seconds
[2024-04-13T17:07:05.556-0400] {processor.py:161} INFO - Started process (PID=31131) to work on /Users/manideepakreddyaila/Desktop/projects/Legal_Insights_Engine/.venv/lib/python3.11/site-packages/airflow/example_dags/tutorial_taskflow_api.py
[2024-04-13T17:07:05.557-0400] {processor.py:830} INFO - Processing file /Users/manideepakreddyaila/Desktop/projects/Legal_Insights_Engine/.venv/lib/python3.11/site-packages/airflow/example_dags/tutorial_taskflow_api.py for tasks to queue
[2024-04-13T17:07:05.557-0400] {logging_mixin.py:188} INFO - [2024-04-13T17:07:05.557-0400] {dagbag.py:540} INFO - Filling up the DagBag from /Users/manideepakreddyaila/Desktop/projects/Legal_Insights_Engine/.venv/lib/python3.11/site-packages/airflow/example_dags/tutorial_taskflow_api.py
[2024-04-13T17:07:05.597-0400] {processor.py:840} INFO - DAG(s) 'tutorial_taskflow_api' retrieved from /Users/manideepakreddyaila/Desktop/projects/Legal_Insights_Engine/.venv/lib/python3.11/site-packages/airflow/example_dags/tutorial_taskflow_api.py
[2024-04-13T17:07:05.639-0400] {logging_mixin.py:188} INFO - [2024-04-13T17:07:05.639-0400] {dag.py:3096} INFO - Sync 1 DAGs
[2024-04-13T17:07:05.643-0400] {logging_mixin.py:188} INFO - [2024-04-13T17:07:05.643-0400] {dag.py:3954} INFO - Setting next_dagrun for tutorial_taskflow_api to None, run_after=None
[2024-04-13T17:07:05.649-0400] {processor.py:183} INFO - Processing /Users/manideepakreddyaila/Desktop/projects/Legal_Insights_Engine/.venv/lib/python3.11/site-packages/airflow/example_dags/tutorial_taskflow_api.py took 0.094 seconds
[2024-04-13T18:17:06.447-0400] {processor.py:161} INFO - Started process (PID=31291) to work on /Users/manideepakreddyaila/Desktop/projects/Legal_Insights_Engine/.venv/lib/python3.11/site-packages/airflow/example_dags/tutorial_taskflow_api.py
[2024-04-13T18:17:06.448-0400] {processor.py:830} INFO - Processing file /Users/manideepakreddyaila/Desktop/projects/Legal_Insights_Engine/.venv/lib/python3.11/site-packages/airflow/example_dags/tutorial_taskflow_api.py for tasks to queue
[2024-04-13T18:17:06.448-0400] {logging_mixin.py:188} INFO - [2024-04-13T18:17:06.448-0400] {dagbag.py:540} INFO - Filling up the DagBag from /Users/manideepakreddyaila/Desktop/projects/Legal_Insights_Engine/.venv/lib/python3.11/site-packages/airflow/example_dags/tutorial_taskflow_api.py
[2024-04-13T18:17:06.487-0400] {processor.py:840} INFO - DAG(s) 'tutorial_taskflow_api' retrieved from /Users/manideepakreddyaila/Desktop/projects/Legal_Insights_Engine/.venv/lib/python3.11/site-packages/airflow/example_dags/tutorial_taskflow_api.py
[2024-04-13T18:17:06.530-0400] {logging_mixin.py:188} INFO - [2024-04-13T18:17:06.530-0400] {dag.py:3096} INFO - Sync 1 DAGs
[2024-04-13T18:17:06.534-0400] {logging_mixin.py:188} INFO - [2024-04-13T18:17:06.534-0400] {dag.py:3954} INFO - Setting next_dagrun for tutorial_taskflow_api to None, run_after=None
[2024-04-13T18:17:06.540-0400] {processor.py:183} INFO - Processing /Users/manideepakreddyaila/Desktop/projects/Legal_Insights_Engine/.venv/lib/python3.11/site-packages/airflow/example_dags/tutorial_taskflow_api.py took 0.094 seconds
[2024-04-13T18:22:13.777-0400] {processor.py:161} INFO - Started process (PID=31405) to work on /Users/manideepakreddyaila/Desktop/projects/Legal_Insights_Engine/.venv/lib/python3.11/site-packages/airflow/example_dags/tutorial_taskflow_api.py
[2024-04-13T18:22:13.778-0400] {processor.py:830} INFO - Processing file /Users/manideepakreddyaila/Desktop/projects/Legal_Insights_Engine/.venv/lib/python3.11/site-packages/airflow/example_dags/tutorial_taskflow_api.py for tasks to queue
[2024-04-13T18:22:13.778-0400] {logging_mixin.py:188} INFO - [2024-04-13T18:22:13.778-0400] {dagbag.py:540} INFO - Filling up the DagBag from /Users/manideepakreddyaila/Desktop/projects/Legal_Insights_Engine/.venv/lib/python3.11/site-packages/airflow/example_dags/tutorial_taskflow_api.py
[2024-04-13T18:22:13.819-0400] {processor.py:840} INFO - DAG(s) 'tutorial_taskflow_api' retrieved from /Users/manideepakreddyaila/Desktop/projects/Legal_Insights_Engine/.venv/lib/python3.11/site-packages/airflow/example_dags/tutorial_taskflow_api.py
[2024-04-13T18:22:13.863-0400] {logging_mixin.py:188} INFO - [2024-04-13T18:22:13.863-0400] {dag.py:3096} INFO - Sync 1 DAGs
[2024-04-13T18:22:13.867-0400] {logging_mixin.py:188} INFO - [2024-04-13T18:22:13.867-0400] {dag.py:3954} INFO - Setting next_dagrun for tutorial_taskflow_api to None, run_after=None
[2024-04-13T18:22:13.873-0400] {processor.py:183} INFO - Processing /Users/manideepakreddyaila/Desktop/projects/Legal_Insights_Engine/.venv/lib/python3.11/site-packages/airflow/example_dags/tutorial_taskflow_api.py took 0.097 seconds
[2024-04-13T19:03:25.414-0400] {processor.py:161} INFO - Started process (PID=31516) to work on /Users/manideepakreddyaila/Desktop/projects/Legal_Insights_Engine/.venv/lib/python3.11/site-packages/airflow/example_dags/tutorial_taskflow_api.py
[2024-04-13T19:03:25.415-0400] {processor.py:830} INFO - Processing file /Users/manideepakreddyaila/Desktop/projects/Legal_Insights_Engine/.venv/lib/python3.11/site-packages/airflow/example_dags/tutorial_taskflow_api.py for tasks to queue
[2024-04-13T19:03:25.415-0400] {logging_mixin.py:188} INFO - [2024-04-13T19:03:25.415-0400] {dagbag.py:540} INFO - Filling up the DagBag from /Users/manideepakreddyaila/Desktop/projects/Legal_Insights_Engine/.venv/lib/python3.11/site-packages/airflow/example_dags/tutorial_taskflow_api.py
[2024-04-13T19:03:25.454-0400] {processor.py:840} INFO - DAG(s) 'tutorial_taskflow_api' retrieved from /Users/manideepakreddyaila/Desktop/projects/Legal_Insights_Engine/.venv/lib/python3.11/site-packages/airflow/example_dags/tutorial_taskflow_api.py
[2024-04-13T19:03:25.497-0400] {logging_mixin.py:188} INFO - [2024-04-13T19:03:25.497-0400] {dag.py:3096} INFO - Sync 1 DAGs
[2024-04-13T19:03:25.500-0400] {logging_mixin.py:188} INFO - [2024-04-13T19:03:25.500-0400] {dag.py:3954} INFO - Setting next_dagrun for tutorial_taskflow_api to None, run_after=None
[2024-04-13T19:03:25.507-0400] {processor.py:183} INFO - Processing /Users/manideepakreddyaila/Desktop/projects/Legal_Insights_Engine/.venv/lib/python3.11/site-packages/airflow/example_dags/tutorial_taskflow_api.py took 0.094 seconds
