[2024-04-13T14:57:19.280-0400] {processor.py:161} INFO - Started process (PID=29919) to work on /Users/manideepakreddyaila/Desktop/projects/Legal_Insights_Engine/.venv/lib/python3.11/site-packages/airflow/example_dags/tutorial_dag.py
[2024-04-13T14:57:19.281-0400] {processor.py:830} INFO - Processing file /Users/manideepakreddyaila/Desktop/projects/Legal_Insights_Engine/.venv/lib/python3.11/site-packages/airflow/example_dags/tutorial_dag.py for tasks to queue
[2024-04-13T14:57:19.281-0400] {logging_mixin.py:188} INFO - [2024-04-13T14:57:19.281-0400] {dagbag.py:540} INFO - Filling up the DagBag from /Users/manideepakreddyaila/Desktop/projects/Legal_Insights_Engine/.venv/lib/python3.11/site-packages/airflow/example_dags/tutorial_dag.py
[2024-04-13T14:57:19.316-0400] {processor.py:840} INFO - DAG(s) 'tutorial_dag' retrieved from /Users/manideepakreddyaila/Desktop/projects/Legal_Insights_Engine/.venv/lib/python3.11/site-packages/airflow/example_dags/tutorial_dag.py
[2024-04-13T14:57:19.379-0400] {logging_mixin.py:188} INFO - [2024-04-13T14:57:19.379-0400] {override.py:1829} INFO - Created Permission View: can delete on DAG:tutorial_dag
[2024-04-13T14:57:19.382-0400] {logging_mixin.py:188} INFO - [2024-04-13T14:57:19.382-0400] {override.py:1829} INFO - Created Permission View: can read on DAG:tutorial_dag
[2024-04-13T14:57:19.384-0400] {logging_mixin.py:188} INFO - [2024-04-13T14:57:19.383-0400] {override.py:1829} INFO - Created Permission View: can edit on DAG:tutorial_dag
[2024-04-13T14:57:19.384-0400] {logging_mixin.py:188} INFO - [2024-04-13T14:57:19.384-0400] {dag.py:3096} INFO - Sync 1 DAGs
[2024-04-13T14:57:19.387-0400] {logging_mixin.py:188} INFO - [2024-04-13T14:57:19.387-0400] {dag.py:3118} INFO - Creating ORM DAG for tutorial_dag
[2024-04-13T14:57:19.387-0400] {logging_mixin.py:188} INFO - [2024-04-13T14:57:19.387-0400] {dag.py:3954} INFO - Setting next_dagrun for tutorial_dag to None, run_after=None
[2024-04-13T14:57:19.392-0400] {processor.py:183} INFO - Processing /Users/manideepakreddyaila/Desktop/projects/Legal_Insights_Engine/.venv/lib/python3.11/site-packages/airflow/example_dags/tutorial_dag.py took 0.113 seconds
[2024-04-13T14:58:58.470-0400] {processor.py:161} INFO - Started process (PID=30013) to work on /Users/manideepakreddyaila/Desktop/projects/Legal_Insights_Engine/.venv/lib/python3.11/site-packages/airflow/example_dags/tutorial_dag.py
[2024-04-13T14:58:58.470-0400] {processor.py:830} INFO - Processing file /Users/manideepakreddyaila/Desktop/projects/Legal_Insights_Engine/.venv/lib/python3.11/site-packages/airflow/example_dags/tutorial_dag.py for tasks to queue
[2024-04-13T14:58:58.470-0400] {logging_mixin.py:188} INFO - [2024-04-13T14:58:58.470-0400] {dagbag.py:540} INFO - Filling up the DagBag from /Users/manideepakreddyaila/Desktop/projects/Legal_Insights_Engine/.venv/lib/python3.11/site-packages/airflow/example_dags/tutorial_dag.py
[2024-04-13T14:58:58.505-0400] {processor.py:840} INFO - DAG(s) 'tutorial_dag' retrieved from /Users/manideepakreddyaila/Desktop/projects/Legal_Insights_Engine/.venv/lib/python3.11/site-packages/airflow/example_dags/tutorial_dag.py
[2024-04-13T14:58:58.539-0400] {logging_mixin.py:188} INFO - [2024-04-13T14:58:58.539-0400] {dag.py:3096} INFO - Sync 1 DAGs
[2024-04-13T14:58:58.542-0400] {logging_mixin.py:188} INFO - [2024-04-13T14:58:58.542-0400] {dag.py:3954} INFO - Setting next_dagrun for tutorial_dag to None, run_after=None
[2024-04-13T14:58:58.548-0400] {processor.py:183} INFO - Processing /Users/manideepakreddyaila/Desktop/projects/Legal_Insights_Engine/.venv/lib/python3.11/site-packages/airflow/example_dags/tutorial_dag.py took 0.080 seconds
[2024-04-13T14:59:56.997-0400] {processor.py:161} INFO - Started process (PID=30064) to work on /Users/manideepakreddyaila/Desktop/projects/Legal_Insights_Engine/.venv/lib/python3.11/site-packages/airflow/example_dags/tutorial_dag.py
[2024-04-13T14:59:56.998-0400] {processor.py:830} INFO - Processing file /Users/manideepakreddyaila/Desktop/projects/Legal_Insights_Engine/.venv/lib/python3.11/site-packages/airflow/example_dags/tutorial_dag.py for tasks to queue
[2024-04-13T14:59:56.998-0400] {logging_mixin.py:188} INFO - [2024-04-13T14:59:56.998-0400] {dagbag.py:540} INFO - Filling up the DagBag from /Users/manideepakreddyaila/Desktop/projects/Legal_Insights_Engine/.venv/lib/python3.11/site-packages/airflow/example_dags/tutorial_dag.py
[2024-04-13T14:59:57.041-0400] {processor.py:840} INFO - DAG(s) 'tutorial_dag' retrieved from /Users/manideepakreddyaila/Desktop/projects/Legal_Insights_Engine/.venv/lib/python3.11/site-packages/airflow/example_dags/tutorial_dag.py
[2024-04-13T14:59:57.076-0400] {logging_mixin.py:188} INFO - [2024-04-13T14:59:57.076-0400] {dag.py:3096} INFO - Sync 1 DAGs
[2024-04-13T14:59:57.079-0400] {logging_mixin.py:188} INFO - [2024-04-13T14:59:57.079-0400] {dag.py:3954} INFO - Setting next_dagrun for tutorial_dag to None, run_after=None
[2024-04-13T14:59:57.085-0400] {processor.py:183} INFO - Processing /Users/manideepakreddyaila/Desktop/projects/Legal_Insights_Engine/.venv/lib/python3.11/site-packages/airflow/example_dags/tutorial_dag.py took 0.091 seconds
[2024-04-13T15:00:55.953-0400] {processor.py:161} INFO - Started process (PID=30120) to work on /Users/manideepakreddyaila/Desktop/projects/Legal_Insights_Engine/.venv/lib/python3.11/site-packages/airflow/example_dags/tutorial_dag.py
[2024-04-13T15:00:55.954-0400] {processor.py:830} INFO - Processing file /Users/manideepakreddyaila/Desktop/projects/Legal_Insights_Engine/.venv/lib/python3.11/site-packages/airflow/example_dags/tutorial_dag.py for tasks to queue
[2024-04-13T15:00:55.955-0400] {logging_mixin.py:188} INFO - [2024-04-13T15:00:55.955-0400] {dagbag.py:540} INFO - Filling up the DagBag from /Users/manideepakreddyaila/Desktop/projects/Legal_Insights_Engine/.venv/lib/python3.11/site-packages/airflow/example_dags/tutorial_dag.py
[2024-04-13T15:00:55.989-0400] {processor.py:840} INFO - DAG(s) 'tutorial_dag' retrieved from /Users/manideepakreddyaila/Desktop/projects/Legal_Insights_Engine/.venv/lib/python3.11/site-packages/airflow/example_dags/tutorial_dag.py
[2024-04-13T15:00:56.023-0400] {logging_mixin.py:188} INFO - [2024-04-13T15:00:56.023-0400] {dag.py:3096} INFO - Sync 1 DAGs
[2024-04-13T15:00:56.026-0400] {logging_mixin.py:188} INFO - [2024-04-13T15:00:56.026-0400] {dag.py:3954} INFO - Setting next_dagrun for tutorial_dag to None, run_after=None
[2024-04-13T15:00:56.032-0400] {processor.py:183} INFO - Processing /Users/manideepakreddyaila/Desktop/projects/Legal_Insights_Engine/.venv/lib/python3.11/site-packages/airflow/example_dags/tutorial_dag.py took 0.080 seconds
[2024-04-13T15:01:54.001-0400] {processor.py:161} INFO - Started process (PID=30173) to work on /Users/manideepakreddyaila/Desktop/projects/Legal_Insights_Engine/.venv/lib/python3.11/site-packages/airflow/example_dags/tutorial_dag.py
[2024-04-13T15:01:54.002-0400] {processor.py:830} INFO - Processing file /Users/manideepakreddyaila/Desktop/projects/Legal_Insights_Engine/.venv/lib/python3.11/site-packages/airflow/example_dags/tutorial_dag.py for tasks to queue
[2024-04-13T15:01:54.002-0400] {logging_mixin.py:188} INFO - [2024-04-13T15:01:54.002-0400] {dagbag.py:540} INFO - Filling up the DagBag from /Users/manideepakreddyaila/Desktop/projects/Legal_Insights_Engine/.venv/lib/python3.11/site-packages/airflow/example_dags/tutorial_dag.py
[2024-04-13T15:01:54.038-0400] {processor.py:840} INFO - DAG(s) 'tutorial_dag' retrieved from /Users/manideepakreddyaila/Desktop/projects/Legal_Insights_Engine/.venv/lib/python3.11/site-packages/airflow/example_dags/tutorial_dag.py
[2024-04-13T15:01:54.072-0400] {logging_mixin.py:188} INFO - [2024-04-13T15:01:54.072-0400] {dag.py:3096} INFO - Sync 1 DAGs
[2024-04-13T15:01:54.076-0400] {logging_mixin.py:188} INFO - [2024-04-13T15:01:54.075-0400] {dag.py:3954} INFO - Setting next_dagrun for tutorial_dag to None, run_after=None
[2024-04-13T15:01:54.082-0400] {processor.py:183} INFO - Processing /Users/manideepakreddyaila/Desktop/projects/Legal_Insights_Engine/.venv/lib/python3.11/site-packages/airflow/example_dags/tutorial_dag.py took 0.082 seconds
[2024-04-13T15:02:49.076-0400] {processor.py:161} INFO - Started process (PID=30221) to work on /Users/manideepakreddyaila/Desktop/projects/Legal_Insights_Engine/.venv/lib/python3.11/site-packages/airflow/example_dags/tutorial_dag.py
[2024-04-13T15:02:49.077-0400] {processor.py:830} INFO - Processing file /Users/manideepakreddyaila/Desktop/projects/Legal_Insights_Engine/.venv/lib/python3.11/site-packages/airflow/example_dags/tutorial_dag.py for tasks to queue
[2024-04-13T15:02:49.077-0400] {logging_mixin.py:188} INFO - [2024-04-13T15:02:49.077-0400] {dagbag.py:540} INFO - Filling up the DagBag from /Users/manideepakreddyaila/Desktop/projects/Legal_Insights_Engine/.venv/lib/python3.11/site-packages/airflow/example_dags/tutorial_dag.py
[2024-04-13T15:02:49.116-0400] {processor.py:840} INFO - DAG(s) 'tutorial_dag' retrieved from /Users/manideepakreddyaila/Desktop/projects/Legal_Insights_Engine/.venv/lib/python3.11/site-packages/airflow/example_dags/tutorial_dag.py
[2024-04-13T15:02:49.150-0400] {logging_mixin.py:188} INFO - [2024-04-13T15:02:49.150-0400] {dag.py:3096} INFO - Sync 1 DAGs
[2024-04-13T15:02:49.153-0400] {logging_mixin.py:188} INFO - [2024-04-13T15:02:49.153-0400] {dag.py:3954} INFO - Setting next_dagrun for tutorial_dag to None, run_after=None
[2024-04-13T15:02:49.159-0400] {processor.py:183} INFO - Processing /Users/manideepakreddyaila/Desktop/projects/Legal_Insights_Engine/.venv/lib/python3.11/site-packages/airflow/example_dags/tutorial_dag.py took 0.085 seconds
[2024-04-13T15:03:49.260-0400] {processor.py:161} INFO - Started process (PID=30274) to work on /Users/manideepakreddyaila/Desktop/projects/Legal_Insights_Engine/.venv/lib/python3.11/site-packages/airflow/example_dags/tutorial_dag.py
[2024-04-13T15:03:49.261-0400] {processor.py:830} INFO - Processing file /Users/manideepakreddyaila/Desktop/projects/Legal_Insights_Engine/.venv/lib/python3.11/site-packages/airflow/example_dags/tutorial_dag.py for tasks to queue
[2024-04-13T15:03:49.261-0400] {logging_mixin.py:188} INFO - [2024-04-13T15:03:49.261-0400] {dagbag.py:540} INFO - Filling up the DagBag from /Users/manideepakreddyaila/Desktop/projects/Legal_Insights_Engine/.venv/lib/python3.11/site-packages/airflow/example_dags/tutorial_dag.py
[2024-04-13T15:03:49.301-0400] {processor.py:840} INFO - DAG(s) 'tutorial_dag' retrieved from /Users/manideepakreddyaila/Desktop/projects/Legal_Insights_Engine/.venv/lib/python3.11/site-packages/airflow/example_dags/tutorial_dag.py
[2024-04-13T15:03:49.336-0400] {logging_mixin.py:188} INFO - [2024-04-13T15:03:49.335-0400] {dag.py:3096} INFO - Sync 1 DAGs
[2024-04-13T15:03:49.339-0400] {logging_mixin.py:188} INFO - [2024-04-13T15:03:49.338-0400] {dag.py:3954} INFO - Setting next_dagrun for tutorial_dag to None, run_after=None
[2024-04-13T15:03:49.345-0400] {processor.py:183} INFO - Processing /Users/manideepakreddyaila/Desktop/projects/Legal_Insights_Engine/.venv/lib/python3.11/site-packages/airflow/example_dags/tutorial_dag.py took 0.086 seconds
[2024-04-13T15:04:50.951-0400] {processor.py:161} INFO - Started process (PID=30321) to work on /Users/manideepakreddyaila/Desktop/projects/Legal_Insights_Engine/.venv/lib/python3.11/site-packages/airflow/example_dags/tutorial_dag.py
[2024-04-13T15:04:50.952-0400] {processor.py:830} INFO - Processing file /Users/manideepakreddyaila/Desktop/projects/Legal_Insights_Engine/.venv/lib/python3.11/site-packages/airflow/example_dags/tutorial_dag.py for tasks to queue
[2024-04-13T15:04:50.952-0400] {logging_mixin.py:188} INFO - [2024-04-13T15:04:50.952-0400] {dagbag.py:540} INFO - Filling up the DagBag from /Users/manideepakreddyaila/Desktop/projects/Legal_Insights_Engine/.venv/lib/python3.11/site-packages/airflow/example_dags/tutorial_dag.py
[2024-04-13T15:04:50.988-0400] {processor.py:840} INFO - DAG(s) 'tutorial_dag' retrieved from /Users/manideepakreddyaila/Desktop/projects/Legal_Insights_Engine/.venv/lib/python3.11/site-packages/airflow/example_dags/tutorial_dag.py
[2024-04-13T15:04:51.023-0400] {logging_mixin.py:188} INFO - [2024-04-13T15:04:51.022-0400] {dag.py:3096} INFO - Sync 1 DAGs
[2024-04-13T15:04:51.026-0400] {logging_mixin.py:188} INFO - [2024-04-13T15:04:51.026-0400] {dag.py:3954} INFO - Setting next_dagrun for tutorial_dag to None, run_after=None
[2024-04-13T15:04:51.032-0400] {processor.py:183} INFO - Processing /Users/manideepakreddyaila/Desktop/projects/Legal_Insights_Engine/.venv/lib/python3.11/site-packages/airflow/example_dags/tutorial_dag.py took 0.082 seconds
[2024-04-13T15:05:49.480-0400] {processor.py:161} INFO - Started process (PID=30408) to work on /Users/manideepakreddyaila/Desktop/projects/Legal_Insights_Engine/.venv/lib/python3.11/site-packages/airflow/example_dags/tutorial_dag.py
[2024-04-13T15:05:49.480-0400] {processor.py:830} INFO - Processing file /Users/manideepakreddyaila/Desktop/projects/Legal_Insights_Engine/.venv/lib/python3.11/site-packages/airflow/example_dags/tutorial_dag.py for tasks to queue
[2024-04-13T15:05:49.481-0400] {logging_mixin.py:188} INFO - [2024-04-13T15:05:49.481-0400] {dagbag.py:540} INFO - Filling up the DagBag from /Users/manideepakreddyaila/Desktop/projects/Legal_Insights_Engine/.venv/lib/python3.11/site-packages/airflow/example_dags/tutorial_dag.py
[2024-04-13T15:05:49.516-0400] {processor.py:840} INFO - DAG(s) 'tutorial_dag' retrieved from /Users/manideepakreddyaila/Desktop/projects/Legal_Insights_Engine/.venv/lib/python3.11/site-packages/airflow/example_dags/tutorial_dag.py
[2024-04-13T15:05:49.550-0400] {logging_mixin.py:188} INFO - [2024-04-13T15:05:49.550-0400] {dag.py:3096} INFO - Sync 1 DAGs
[2024-04-13T15:05:49.553-0400] {logging_mixin.py:188} INFO - [2024-04-13T15:05:49.553-0400] {dag.py:3954} INFO - Setting next_dagrun for tutorial_dag to None, run_after=None
[2024-04-13T15:05:49.559-0400] {processor.py:183} INFO - Processing /Users/manideepakreddyaila/Desktop/projects/Legal_Insights_Engine/.venv/lib/python3.11/site-packages/airflow/example_dags/tutorial_dag.py took 0.080 seconds
[2024-04-13T15:06:49.779-0400] {processor.py:161} INFO - Started process (PID=30477) to work on /Users/manideepakreddyaila/Desktop/projects/Legal_Insights_Engine/.venv/lib/python3.11/site-packages/airflow/example_dags/tutorial_dag.py
[2024-04-13T15:06:49.780-0400] {processor.py:830} INFO - Processing file /Users/manideepakreddyaila/Desktop/projects/Legal_Insights_Engine/.venv/lib/python3.11/site-packages/airflow/example_dags/tutorial_dag.py for tasks to queue
[2024-04-13T15:06:49.780-0400] {logging_mixin.py:188} INFO - [2024-04-13T15:06:49.780-0400] {dagbag.py:540} INFO - Filling up the DagBag from /Users/manideepakreddyaila/Desktop/projects/Legal_Insights_Engine/.venv/lib/python3.11/site-packages/airflow/example_dags/tutorial_dag.py
[2024-04-13T15:06:49.818-0400] {processor.py:840} INFO - DAG(s) 'tutorial_dag' retrieved from /Users/manideepakreddyaila/Desktop/projects/Legal_Insights_Engine/.venv/lib/python3.11/site-packages/airflow/example_dags/tutorial_dag.py
[2024-04-13T15:06:49.852-0400] {logging_mixin.py:188} INFO - [2024-04-13T15:06:49.852-0400] {dag.py:3096} INFO - Sync 1 DAGs
[2024-04-13T15:06:49.855-0400] {logging_mixin.py:188} INFO - [2024-04-13T15:06:49.855-0400] {dag.py:3954} INFO - Setting next_dagrun for tutorial_dag to None, run_after=None
[2024-04-13T15:06:49.861-0400] {processor.py:183} INFO - Processing /Users/manideepakreddyaila/Desktop/projects/Legal_Insights_Engine/.venv/lib/python3.11/site-packages/airflow/example_dags/tutorial_dag.py took 0.083 seconds
[2024-04-13T15:07:51.827-0400] {processor.py:161} INFO - Started process (PID=30553) to work on /Users/manideepakreddyaila/Desktop/projects/Legal_Insights_Engine/.venv/lib/python3.11/site-packages/airflow/example_dags/tutorial_dag.py
[2024-04-13T15:07:51.828-0400] {processor.py:830} INFO - Processing file /Users/manideepakreddyaila/Desktop/projects/Legal_Insights_Engine/.venv/lib/python3.11/site-packages/airflow/example_dags/tutorial_dag.py for tasks to queue
[2024-04-13T15:07:51.828-0400] {logging_mixin.py:188} INFO - [2024-04-13T15:07:51.828-0400] {dagbag.py:540} INFO - Filling up the DagBag from /Users/manideepakreddyaila/Desktop/projects/Legal_Insights_Engine/.venv/lib/python3.11/site-packages/airflow/example_dags/tutorial_dag.py
[2024-04-13T15:07:51.866-0400] {processor.py:840} INFO - DAG(s) 'tutorial_dag' retrieved from /Users/manideepakreddyaila/Desktop/projects/Legal_Insights_Engine/.venv/lib/python3.11/site-packages/airflow/example_dags/tutorial_dag.py
[2024-04-13T15:07:51.905-0400] {logging_mixin.py:188} INFO - [2024-04-13T15:07:51.905-0400] {dag.py:3096} INFO - Sync 1 DAGs
[2024-04-13T15:07:51.909-0400] {logging_mixin.py:188} INFO - [2024-04-13T15:07:51.909-0400] {dag.py:3954} INFO - Setting next_dagrun for tutorial_dag to None, run_after=None
[2024-04-13T15:07:51.929-0400] {processor.py:183} INFO - Processing /Users/manideepakreddyaila/Desktop/projects/Legal_Insights_Engine/.venv/lib/python3.11/site-packages/airflow/example_dags/tutorial_dag.py took 0.103 seconds
[2024-04-13T15:14:01.263-0400] {processor.py:161} INFO - Started process (PID=30655) to work on /Users/manideepakreddyaila/Desktop/projects/Legal_Insights_Engine/.venv/lib/python3.11/site-packages/airflow/example_dags/tutorial_dag.py
[2024-04-13T15:14:01.296-0400] {processor.py:830} INFO - Processing file /Users/manideepakreddyaila/Desktop/projects/Legal_Insights_Engine/.venv/lib/python3.11/site-packages/airflow/example_dags/tutorial_dag.py for tasks to queue
[2024-04-13T15:14:01.299-0400] {logging_mixin.py:188} INFO - [2024-04-13T15:14:01.299-0400] {dagbag.py:540} INFO - Filling up the DagBag from /Users/manideepakreddyaila/Desktop/projects/Legal_Insights_Engine/.venv/lib/python3.11/site-packages/airflow/example_dags/tutorial_dag.py
[2024-04-13T15:14:01.503-0400] {processor.py:840} INFO - DAG(s) 'tutorial_dag' retrieved from /Users/manideepakreddyaila/Desktop/projects/Legal_Insights_Engine/.venv/lib/python3.11/site-packages/airflow/example_dags/tutorial_dag.py
[2024-04-13T15:14:01.561-0400] {logging_mixin.py:188} INFO - [2024-04-13T15:14:01.560-0400] {dag.py:3096} INFO - Sync 1 DAGs
[2024-04-13T15:14:01.568-0400] {logging_mixin.py:188} INFO - [2024-04-13T15:14:01.568-0400] {dag.py:3954} INFO - Setting next_dagrun for tutorial_dag to None, run_after=None
[2024-04-13T15:14:01.580-0400] {processor.py:183} INFO - Processing /Users/manideepakreddyaila/Desktop/projects/Legal_Insights_Engine/.venv/lib/python3.11/site-packages/airflow/example_dags/tutorial_dag.py took 0.324 seconds
[2024-04-13T15:15:07.027-0400] {processor.py:161} INFO - Started process (PID=30753) to work on /Users/manideepakreddyaila/Desktop/projects/Legal_Insights_Engine/.venv/lib/python3.11/site-packages/airflow/example_dags/tutorial_dag.py
[2024-04-13T15:15:07.027-0400] {processor.py:830} INFO - Processing file /Users/manideepakreddyaila/Desktop/projects/Legal_Insights_Engine/.venv/lib/python3.11/site-packages/airflow/example_dags/tutorial_dag.py for tasks to queue
[2024-04-13T15:15:07.027-0400] {logging_mixin.py:188} INFO - [2024-04-13T15:15:07.027-0400] {dagbag.py:540} INFO - Filling up the DagBag from /Users/manideepakreddyaila/Desktop/projects/Legal_Insights_Engine/.venv/lib/python3.11/site-packages/airflow/example_dags/tutorial_dag.py
[2024-04-13T15:15:07.062-0400] {processor.py:840} INFO - DAG(s) 'tutorial_dag' retrieved from /Users/manideepakreddyaila/Desktop/projects/Legal_Insights_Engine/.venv/lib/python3.11/site-packages/airflow/example_dags/tutorial_dag.py
[2024-04-13T15:15:07.097-0400] {logging_mixin.py:188} INFO - [2024-04-13T15:15:07.097-0400] {dag.py:3096} INFO - Sync 1 DAGs
[2024-04-13T15:15:07.101-0400] {logging_mixin.py:188} INFO - [2024-04-13T15:15:07.101-0400] {dag.py:3954} INFO - Setting next_dagrun for tutorial_dag to None, run_after=None
[2024-04-13T15:15:07.109-0400] {processor.py:183} INFO - Processing /Users/manideepakreddyaila/Desktop/projects/Legal_Insights_Engine/.venv/lib/python3.11/site-packages/airflow/example_dags/tutorial_dag.py took 0.084 seconds
[2024-04-13T15:16:05.251-0400] {processor.py:161} INFO - Started process (PID=30812) to work on /Users/manideepakreddyaila/Desktop/projects/Legal_Insights_Engine/.venv/lib/python3.11/site-packages/airflow/example_dags/tutorial_dag.py
[2024-04-13T15:16:05.252-0400] {processor.py:830} INFO - Processing file /Users/manideepakreddyaila/Desktop/projects/Legal_Insights_Engine/.venv/lib/python3.11/site-packages/airflow/example_dags/tutorial_dag.py for tasks to queue
[2024-04-13T15:16:05.253-0400] {logging_mixin.py:188} INFO - [2024-04-13T15:16:05.252-0400] {dagbag.py:540} INFO - Filling up the DagBag from /Users/manideepakreddyaila/Desktop/projects/Legal_Insights_Engine/.venv/lib/python3.11/site-packages/airflow/example_dags/tutorial_dag.py
[2024-04-13T15:16:05.287-0400] {processor.py:840} INFO - DAG(s) 'tutorial_dag' retrieved from /Users/manideepakreddyaila/Desktop/projects/Legal_Insights_Engine/.venv/lib/python3.11/site-packages/airflow/example_dags/tutorial_dag.py
[2024-04-13T15:16:05.321-0400] {logging_mixin.py:188} INFO - [2024-04-13T15:16:05.321-0400] {dag.py:3096} INFO - Sync 1 DAGs
[2024-04-13T15:16:05.324-0400] {logging_mixin.py:188} INFO - [2024-04-13T15:16:05.324-0400] {dag.py:3954} INFO - Setting next_dagrun for tutorial_dag to None, run_after=None
[2024-04-13T15:16:05.330-0400] {processor.py:183} INFO - Processing /Users/manideepakreddyaila/Desktop/projects/Legal_Insights_Engine/.venv/lib/python3.11/site-packages/airflow/example_dags/tutorial_dag.py took 0.080 seconds
[2024-04-13T15:17:01.845-0400] {processor.py:161} INFO - Started process (PID=30868) to work on /Users/manideepakreddyaila/Desktop/projects/Legal_Insights_Engine/.venv/lib/python3.11/site-packages/airflow/example_dags/tutorial_dag.py
[2024-04-13T15:17:01.846-0400] {processor.py:830} INFO - Processing file /Users/manideepakreddyaila/Desktop/projects/Legal_Insights_Engine/.venv/lib/python3.11/site-packages/airflow/example_dags/tutorial_dag.py for tasks to queue
[2024-04-13T15:17:01.846-0400] {logging_mixin.py:188} INFO - [2024-04-13T15:17:01.846-0400] {dagbag.py:540} INFO - Filling up the DagBag from /Users/manideepakreddyaila/Desktop/projects/Legal_Insights_Engine/.venv/lib/python3.11/site-packages/airflow/example_dags/tutorial_dag.py
[2024-04-13T15:17:01.881-0400] {processor.py:840} INFO - DAG(s) 'tutorial_dag' retrieved from /Users/manideepakreddyaila/Desktop/projects/Legal_Insights_Engine/.venv/lib/python3.11/site-packages/airflow/example_dags/tutorial_dag.py
[2024-04-13T15:17:01.915-0400] {logging_mixin.py:188} INFO - [2024-04-13T15:17:01.915-0400] {dag.py:3096} INFO - Sync 1 DAGs
[2024-04-13T15:17:01.918-0400] {logging_mixin.py:188} INFO - [2024-04-13T15:17:01.918-0400] {dag.py:3954} INFO - Setting next_dagrun for tutorial_dag to None, run_after=None
[2024-04-13T15:17:01.924-0400] {processor.py:183} INFO - Processing /Users/manideepakreddyaila/Desktop/projects/Legal_Insights_Engine/.venv/lib/python3.11/site-packages/airflow/example_dags/tutorial_dag.py took 0.080 seconds
[2024-04-13T15:24:57.904-0400] {processor.py:161} INFO - Started process (PID=30978) to work on /Users/manideepakreddyaila/Desktop/projects/Legal_Insights_Engine/.venv/lib/python3.11/site-packages/airflow/example_dags/tutorial_dag.py
[2024-04-13T15:24:57.905-0400] {processor.py:830} INFO - Processing file /Users/manideepakreddyaila/Desktop/projects/Legal_Insights_Engine/.venv/lib/python3.11/site-packages/airflow/example_dags/tutorial_dag.py for tasks to queue
[2024-04-13T15:24:57.905-0400] {logging_mixin.py:188} INFO - [2024-04-13T15:24:57.905-0400] {dagbag.py:540} INFO - Filling up the DagBag from /Users/manideepakreddyaila/Desktop/projects/Legal_Insights_Engine/.venv/lib/python3.11/site-packages/airflow/example_dags/tutorial_dag.py
[2024-04-13T15:24:57.940-0400] {processor.py:840} INFO - DAG(s) 'tutorial_dag' retrieved from /Users/manideepakreddyaila/Desktop/projects/Legal_Insights_Engine/.venv/lib/python3.11/site-packages/airflow/example_dags/tutorial_dag.py
[2024-04-13T15:24:57.975-0400] {logging_mixin.py:188} INFO - [2024-04-13T15:24:57.975-0400] {dag.py:3096} INFO - Sync 1 DAGs
[2024-04-13T15:24:57.978-0400] {logging_mixin.py:188} INFO - [2024-04-13T15:24:57.978-0400] {dag.py:3954} INFO - Setting next_dagrun for tutorial_dag to None, run_after=None
[2024-04-13T15:24:57.984-0400] {processor.py:183} INFO - Processing /Users/manideepakreddyaila/Desktop/projects/Legal_Insights_Engine/.venv/lib/python3.11/site-packages/airflow/example_dags/tutorial_dag.py took 0.081 seconds
[2024-04-13T17:18:09.425-0400] {processor.py:161} INFO - Started process (PID=31143) to work on /Users/manideepakreddyaila/Desktop/projects/Legal_Insights_Engine/.venv/lib/python3.11/site-packages/airflow/example_dags/tutorial_dag.py
[2024-04-13T17:18:09.426-0400] {processor.py:830} INFO - Processing file /Users/manideepakreddyaila/Desktop/projects/Legal_Insights_Engine/.venv/lib/python3.11/site-packages/airflow/example_dags/tutorial_dag.py for tasks to queue
[2024-04-13T17:18:09.426-0400] {logging_mixin.py:188} INFO - [2024-04-13T17:18:09.426-0400] {dagbag.py:540} INFO - Filling up the DagBag from /Users/manideepakreddyaila/Desktop/projects/Legal_Insights_Engine/.venv/lib/python3.11/site-packages/airflow/example_dags/tutorial_dag.py
[2024-04-13T17:18:09.461-0400] {processor.py:840} INFO - DAG(s) 'tutorial_dag' retrieved from /Users/manideepakreddyaila/Desktop/projects/Legal_Insights_Engine/.venv/lib/python3.11/site-packages/airflow/example_dags/tutorial_dag.py
[2024-04-13T17:18:09.496-0400] {logging_mixin.py:188} INFO - [2024-04-13T17:18:09.495-0400] {dag.py:3096} INFO - Sync 1 DAGs
[2024-04-13T17:18:09.499-0400] {logging_mixin.py:188} INFO - [2024-04-13T17:18:09.498-0400] {dag.py:3954} INFO - Setting next_dagrun for tutorial_dag to None, run_after=None
[2024-04-13T17:18:09.505-0400] {processor.py:183} INFO - Processing /Users/manideepakreddyaila/Desktop/projects/Legal_Insights_Engine/.venv/lib/python3.11/site-packages/airflow/example_dags/tutorial_dag.py took 0.081 seconds
[2024-04-13T18:17:09.290-0400] {processor.py:161} INFO - Started process (PID=31294) to work on /Users/manideepakreddyaila/Desktop/projects/Legal_Insights_Engine/.venv/lib/python3.11/site-packages/airflow/example_dags/tutorial_dag.py
[2024-04-13T18:17:09.290-0400] {processor.py:830} INFO - Processing file /Users/manideepakreddyaila/Desktop/projects/Legal_Insights_Engine/.venv/lib/python3.11/site-packages/airflow/example_dags/tutorial_dag.py for tasks to queue
[2024-04-13T18:17:09.291-0400] {logging_mixin.py:188} INFO - [2024-04-13T18:17:09.291-0400] {dagbag.py:540} INFO - Filling up the DagBag from /Users/manideepakreddyaila/Desktop/projects/Legal_Insights_Engine/.venv/lib/python3.11/site-packages/airflow/example_dags/tutorial_dag.py
[2024-04-13T18:17:09.328-0400] {processor.py:840} INFO - DAG(s) 'tutorial_dag' retrieved from /Users/manideepakreddyaila/Desktop/projects/Legal_Insights_Engine/.venv/lib/python3.11/site-packages/airflow/example_dags/tutorial_dag.py
[2024-04-13T18:17:09.362-0400] {logging_mixin.py:188} INFO - [2024-04-13T18:17:09.362-0400] {dag.py:3096} INFO - Sync 1 DAGs
[2024-04-13T18:17:09.365-0400] {logging_mixin.py:188} INFO - [2024-04-13T18:17:09.365-0400] {dag.py:3954} INFO - Setting next_dagrun for tutorial_dag to None, run_after=None
[2024-04-13T18:17:09.371-0400] {processor.py:183} INFO - Processing /Users/manideepakreddyaila/Desktop/projects/Legal_Insights_Engine/.venv/lib/python3.11/site-packages/airflow/example_dags/tutorial_dag.py took 0.083 seconds
[2024-04-13T18:22:17.554-0400] {processor.py:161} INFO - Started process (PID=31408) to work on /Users/manideepakreddyaila/Desktop/projects/Legal_Insights_Engine/.venv/lib/python3.11/site-packages/airflow/example_dags/tutorial_dag.py
[2024-04-13T18:22:17.555-0400] {processor.py:830} INFO - Processing file /Users/manideepakreddyaila/Desktop/projects/Legal_Insights_Engine/.venv/lib/python3.11/site-packages/airflow/example_dags/tutorial_dag.py for tasks to queue
[2024-04-13T18:22:17.556-0400] {logging_mixin.py:188} INFO - [2024-04-13T18:22:17.556-0400] {dagbag.py:540} INFO - Filling up the DagBag from /Users/manideepakreddyaila/Desktop/projects/Legal_Insights_Engine/.venv/lib/python3.11/site-packages/airflow/example_dags/tutorial_dag.py
[2024-04-13T18:22:17.590-0400] {processor.py:840} INFO - DAG(s) 'tutorial_dag' retrieved from /Users/manideepakreddyaila/Desktop/projects/Legal_Insights_Engine/.venv/lib/python3.11/site-packages/airflow/example_dags/tutorial_dag.py
[2024-04-13T18:22:17.623-0400] {logging_mixin.py:188} INFO - [2024-04-13T18:22:17.623-0400] {dag.py:3096} INFO - Sync 1 DAGs
[2024-04-13T18:22:17.627-0400] {logging_mixin.py:188} INFO - [2024-04-13T18:22:17.626-0400] {dag.py:3954} INFO - Setting next_dagrun for tutorial_dag to None, run_after=None
[2024-04-13T18:22:17.633-0400] {processor.py:183} INFO - Processing /Users/manideepakreddyaila/Desktop/projects/Legal_Insights_Engine/.venv/lib/python3.11/site-packages/airflow/example_dags/tutorial_dag.py took 0.079 seconds
[2024-04-13T19:03:29.284-0400] {processor.py:161} INFO - Started process (PID=31520) to work on /Users/manideepakreddyaila/Desktop/projects/Legal_Insights_Engine/.venv/lib/python3.11/site-packages/airflow/example_dags/tutorial_dag.py
[2024-04-13T19:03:29.285-0400] {processor.py:830} INFO - Processing file /Users/manideepakreddyaila/Desktop/projects/Legal_Insights_Engine/.venv/lib/python3.11/site-packages/airflow/example_dags/tutorial_dag.py for tasks to queue
[2024-04-13T19:03:29.286-0400] {logging_mixin.py:188} INFO - [2024-04-13T19:03:29.286-0400] {dagbag.py:540} INFO - Filling up the DagBag from /Users/manideepakreddyaila/Desktop/projects/Legal_Insights_Engine/.venv/lib/python3.11/site-packages/airflow/example_dags/tutorial_dag.py
[2024-04-13T19:03:29.321-0400] {processor.py:840} INFO - DAG(s) 'tutorial_dag' retrieved from /Users/manideepakreddyaila/Desktop/projects/Legal_Insights_Engine/.venv/lib/python3.11/site-packages/airflow/example_dags/tutorial_dag.py
[2024-04-13T19:03:29.357-0400] {logging_mixin.py:188} INFO - [2024-04-13T19:03:29.357-0400] {dag.py:3096} INFO - Sync 1 DAGs
[2024-04-13T19:03:29.360-0400] {logging_mixin.py:188} INFO - [2024-04-13T19:03:29.360-0400] {dag.py:3954} INFO - Setting next_dagrun for tutorial_dag to None, run_after=None
[2024-04-13T19:03:29.366-0400] {processor.py:183} INFO - Processing /Users/manideepakreddyaila/Desktop/projects/Legal_Insights_Engine/.venv/lib/python3.11/site-packages/airflow/example_dags/tutorial_dag.py took 0.082 seconds
