[2024-04-15T20:32:05.068-0400] {local_task_job_runner.py:120} INFO - ::group::Pre task execution logs
[2024-04-15T20:32:05.087-0400] {taskinstance.py:2073} INFO - Dependencies all met for dep_context=non-requeueable deps ti=<TaskInstance: preprocessing_dag.bash_task scheduled__2024-03-04T00:00:00+00:00 [queued]>
[2024-04-15T20:32:05.091-0400] {taskinstance.py:2073} INFO - Dependencies all met for dep_context=requeueable deps ti=<TaskInstance: preprocessing_dag.bash_task scheduled__2024-03-04T00:00:00+00:00 [queued]>
[2024-04-15T20:32:05.091-0400] {taskinstance.py:2303} INFO - Starting attempt 1 of 2
[2024-04-15T20:32:05.097-0400] {taskinstance.py:2327} INFO - Executing <Task(BashOperator): bash_task> on 2024-03-04 00:00:00+00:00
[2024-04-15T20:32:05.102-0400] {standard_task_runner.py:63} INFO - Started process 52450 to run task
[2024-04-15T20:32:05.107-0400] {standard_task_runner.py:90} INFO - Running: ['airflow', 'tasks', 'run', 'preprocessing_dag', 'bash_task', 'scheduled__2024-03-04T00:00:00+00:00', '--job-id', '179', '--raw', '--subdir', 'DAGS_FOLDER/preprocessing_dag.py', '--cfg-path', '/var/folders/rf/bv8hf2w15f1f30n5rv6mfypr0000gn/T/tmpio10to66']
[2024-04-15T20:32:05.109-0400] {standard_task_runner.py:91} INFO - Job 179: Subtask bash_task
[2024-04-15T20:32:05.131-0400] {task_command.py:426} INFO - Running <TaskInstance: preprocessing_dag.bash_task scheduled__2024-03-04T00:00:00+00:00 [running]> on host manis-macbook-air.local
[2024-04-15T20:32:05.171-0400] {taskinstance.py:2644} INFO - Exporting env vars: AIRFLOW_CTX_DAG_OWNER='airflow' AIRFLOW_CTX_DAG_ID='preprocessing_dag' AIRFLOW_CTX_TASK_ID='bash_task' AIRFLOW_CTX_EXECUTION_DATE='2024-03-04T00:00:00+00:00' AIRFLOW_CTX_TRY_NUMBER='1' AIRFLOW_CTX_DAG_RUN_ID='scheduled__2024-03-04T00:00:00+00:00'
[2024-04-15T20:32:05.171-0400] {taskinstance.py:430} INFO - ::endgroup::
[2024-04-15T20:32:05.180-0400] {subprocess.py:63} INFO - Tmp dir root location: /var/folders/rf/bv8hf2w15f1f30n5rv6mfypr0000gn/T
[2024-04-15T20:32:05.181-0400] {subprocess.py:75} INFO - Running command: ['/bin/bash', '-c', 'cd /Users/manideepakreddyaila/Desktop/projects/Legal_Insights_Engine/cap_dbt && dbt run']
[2024-04-15T20:32:05.186-0400] {subprocess.py:86} INFO - Output:
[2024-04-15T20:32:07.383-0400] {subprocess.py:93} INFO - [0m00:32:07  Running with dbt=1.7.11
[2024-04-15T20:32:08.636-0400] {subprocess.py:93} INFO - [0m00:32:08  Registered adapter: snowflake=1.7.3
[2024-04-15T20:32:08.788-0400] {subprocess.py:93} INFO - [0m00:32:08  Found 3 models, 1 source, 0 exposures, 0 metrics, 544 macros, 0 groups, 0 semantic models
[2024-04-15T20:32:08.790-0400] {subprocess.py:93} INFO - [0m00:32:08
[2024-04-15T20:32:09.922-0400] {subprocess.py:93} INFO - [0m00:32:09  Concurrency: 1 threads (target='dev')
[2024-04-15T20:32:09.923-0400] {subprocess.py:93} INFO - [0m00:32:09
[2024-04-15T20:32:09.926-0400] {subprocess.py:93} INFO - [0m00:32:09  1 of 3 START sql view model DEV.raw_data_processing ............................ [RUN]
[2024-04-15T20:32:10.676-0400] {subprocess.py:93} INFO - [0m00:32:10  1 of 3 OK created sql view model DEV.raw_data_processing ....................... [[32mSUCCESS 1[0m in 0.75s]
[2024-04-15T20:32:10.678-0400] {subprocess.py:93} INFO - [0m00:32:10  2 of 3 START sql view model DEV.flatten ........................................ [RUN]
[2024-04-15T20:32:11.486-0400] {subprocess.py:93} INFO - [0m00:32:11  2 of 3 OK created sql view model DEV.flatten ................................... [[32mSUCCESS 1[0m in 0.81s]
[2024-04-15T20:32:11.489-0400] {subprocess.py:93} INFO - [0m00:32:11  3 of 3 START sql table model DEV.aggregation ................................... [RUN]
[2024-04-15T20:32:12.612-0400] {subprocess.py:93} INFO - [0m00:32:12  3 of 3 OK created sql table model DEV.aggregation .............................. [[32mSUCCESS 1[0m in 1.12s]
[2024-04-15T20:32:12.615-0400] {subprocess.py:93} INFO - [0m00:32:12
[2024-04-15T20:32:12.616-0400] {subprocess.py:93} INFO - [0m00:32:12  Finished running 2 view models, 1 table model in 0 hours 0 minutes and 3.82 seconds (3.82s).
[2024-04-15T20:32:12.626-0400] {subprocess.py:93} INFO - [0m00:32:12
[2024-04-15T20:32:12.627-0400] {subprocess.py:93} INFO - [0m00:32:12  [32mCompleted successfully[0m
[2024-04-15T20:32:12.628-0400] {subprocess.py:93} INFO - [0m00:32:12
[2024-04-15T20:32:12.629-0400] {subprocess.py:93} INFO - [0m00:32:12  Done. PASS=3 WARN=0 ERROR=0 SKIP=0 TOTAL=3
[2024-04-15T20:32:13.164-0400] {subprocess.py:97} INFO - Command exited with return code 0
[2024-04-15T20:32:13.167-0400] {taskinstance.py:441} INFO - ::group::Post task execution logs
[2024-04-15T20:32:13.184-0400] {taskinstance.py:1205} INFO - Marking task as SUCCESS. dag_id=preprocessing_dag, task_id=bash_task, execution_date=20240304T000000, start_date=20240416T003205, end_date=20240416T003213
[2024-04-15T20:32:13.218-0400] {local_task_job_runner.py:240} INFO - Task exited with return code 0
[2024-04-15T20:32:13.231-0400] {taskinstance.py:3482} INFO - 1 downstream tasks scheduled from follow-on schedule check
[2024-04-15T20:32:13.232-0400] {local_task_job_runner.py:222} INFO - ::endgroup::
