[2024-04-13T14:57:05.170-0400] {processor.py:161} INFO - Started process (PID=29895) to work on /Users/manideepakreddyaila/Desktop/projects/Legal_Insights_Engine/.venv/lib/python3.11/site-packages/airflow/example_dags/subdags/subdag.py
[2024-04-13T14:57:05.170-0400] {processor.py:830} INFO - Processing file /Users/manideepakreddyaila/Desktop/projects/Legal_Insights_Engine/.venv/lib/python3.11/site-packages/airflow/example_dags/subdags/subdag.py for tasks to queue
[2024-04-13T14:57:05.170-0400] {logging_mixin.py:188} INFO - [2024-04-13T14:57:05.170-0400] {dagbag.py:540} INFO - Filling up the DagBag from /Users/manideepakreddyaila/Desktop/projects/Legal_Insights_Engine/.venv/lib/python3.11/site-packages/airflow/example_dags/subdags/subdag.py
[2024-04-13T14:57:05.172-0400] {processor.py:842} WARNING - No viable dags retrieved from /Users/manideepakreddyaila/Desktop/projects/Legal_Insights_Engine/.venv/lib/python3.11/site-packages/airflow/example_dags/subdags/subdag.py
[2024-04-13T14:57:05.233-0400] {processor.py:183} INFO - Processing /Users/manideepakreddyaila/Desktop/projects/Legal_Insights_Engine/.venv/lib/python3.11/site-packages/airflow/example_dags/subdags/subdag.py took 0.065 seconds
[2024-04-13T14:58:44.465-0400] {processor.py:161} INFO - Started process (PID=30002) to work on /Users/manideepakreddyaila/Desktop/projects/Legal_Insights_Engine/.venv/lib/python3.11/site-packages/airflow/example_dags/subdags/subdag.py
[2024-04-13T14:58:44.465-0400] {processor.py:830} INFO - Processing file /Users/manideepakreddyaila/Desktop/projects/Legal_Insights_Engine/.venv/lib/python3.11/site-packages/airflow/example_dags/subdags/subdag.py for tasks to queue
[2024-04-13T14:58:44.465-0400] {logging_mixin.py:188} INFO - [2024-04-13T14:58:44.465-0400] {dagbag.py:540} INFO - Filling up the DagBag from /Users/manideepakreddyaila/Desktop/projects/Legal_Insights_Engine/.venv/lib/python3.11/site-packages/airflow/example_dags/subdags/subdag.py
[2024-04-13T14:58:44.467-0400] {processor.py:842} WARNING - No viable dags retrieved from /Users/manideepakreddyaila/Desktop/projects/Legal_Insights_Engine/.venv/lib/python3.11/site-packages/airflow/example_dags/subdags/subdag.py
[2024-04-13T14:58:44.519-0400] {processor.py:183} INFO - Processing /Users/manideepakreddyaila/Desktop/projects/Legal_Insights_Engine/.venv/lib/python3.11/site-packages/airflow/example_dags/subdags/subdag.py took 0.055 seconds
[2024-04-13T14:59:42.287-0400] {processor.py:161} INFO - Started process (PID=30056) to work on /Users/manideepakreddyaila/Desktop/projects/Legal_Insights_Engine/.venv/lib/python3.11/site-packages/airflow/example_dags/subdags/subdag.py
[2024-04-13T14:59:42.288-0400] {processor.py:830} INFO - Processing file /Users/manideepakreddyaila/Desktop/projects/Legal_Insights_Engine/.venv/lib/python3.11/site-packages/airflow/example_dags/subdags/subdag.py for tasks to queue
[2024-04-13T14:59:42.288-0400] {logging_mixin.py:188} INFO - [2024-04-13T14:59:42.288-0400] {dagbag.py:540} INFO - Filling up the DagBag from /Users/manideepakreddyaila/Desktop/projects/Legal_Insights_Engine/.venv/lib/python3.11/site-packages/airflow/example_dags/subdags/subdag.py
[2024-04-13T14:59:42.289-0400] {processor.py:842} WARNING - No viable dags retrieved from /Users/manideepakreddyaila/Desktop/projects/Legal_Insights_Engine/.venv/lib/python3.11/site-packages/airflow/example_dags/subdags/subdag.py
[2024-04-13T14:59:42.341-0400] {processor.py:183} INFO - Processing /Users/manideepakreddyaila/Desktop/projects/Legal_Insights_Engine/.venv/lib/python3.11/site-packages/airflow/example_dags/subdags/subdag.py took 0.055 seconds
[2024-04-13T15:00:41.202-0400] {processor.py:161} INFO - Started process (PID=30111) to work on /Users/manideepakreddyaila/Desktop/projects/Legal_Insights_Engine/.venv/lib/python3.11/site-packages/airflow/example_dags/subdags/subdag.py
[2024-04-13T15:00:41.203-0400] {processor.py:830} INFO - Processing file /Users/manideepakreddyaila/Desktop/projects/Legal_Insights_Engine/.venv/lib/python3.11/site-packages/airflow/example_dags/subdags/subdag.py for tasks to queue
[2024-04-13T15:00:41.203-0400] {logging_mixin.py:188} INFO - [2024-04-13T15:00:41.203-0400] {dagbag.py:540} INFO - Filling up the DagBag from /Users/manideepakreddyaila/Desktop/projects/Legal_Insights_Engine/.venv/lib/python3.11/site-packages/airflow/example_dags/subdags/subdag.py
[2024-04-13T15:00:41.205-0400] {processor.py:842} WARNING - No viable dags retrieved from /Users/manideepakreddyaila/Desktop/projects/Legal_Insights_Engine/.venv/lib/python3.11/site-packages/airflow/example_dags/subdags/subdag.py
[2024-04-13T15:00:41.258-0400] {processor.py:183} INFO - Processing /Users/manideepakreddyaila/Desktop/projects/Legal_Insights_Engine/.venv/lib/python3.11/site-packages/airflow/example_dags/subdags/subdag.py took 0.058 seconds
[2024-04-13T15:01:39.035-0400] {processor.py:161} INFO - Started process (PID=30164) to work on /Users/manideepakreddyaila/Desktop/projects/Legal_Insights_Engine/.venv/lib/python3.11/site-packages/airflow/example_dags/subdags/subdag.py
[2024-04-13T15:01:39.035-0400] {processor.py:830} INFO - Processing file /Users/manideepakreddyaila/Desktop/projects/Legal_Insights_Engine/.venv/lib/python3.11/site-packages/airflow/example_dags/subdags/subdag.py for tasks to queue
[2024-04-13T15:01:39.035-0400] {logging_mixin.py:188} INFO - [2024-04-13T15:01:39.035-0400] {dagbag.py:540} INFO - Filling up the DagBag from /Users/manideepakreddyaila/Desktop/projects/Legal_Insights_Engine/.venv/lib/python3.11/site-packages/airflow/example_dags/subdags/subdag.py
[2024-04-13T15:01:39.037-0400] {processor.py:842} WARNING - No viable dags retrieved from /Users/manideepakreddyaila/Desktop/projects/Legal_Insights_Engine/.venv/lib/python3.11/site-packages/airflow/example_dags/subdags/subdag.py
[2024-04-13T15:01:39.090-0400] {processor.py:183} INFO - Processing /Users/manideepakreddyaila/Desktop/projects/Legal_Insights_Engine/.venv/lib/python3.11/site-packages/airflow/example_dags/subdags/subdag.py took 0.056 seconds
[2024-04-13T15:02:35.068-0400] {processor.py:161} INFO - Started process (PID=30212) to work on /Users/manideepakreddyaila/Desktop/projects/Legal_Insights_Engine/.venv/lib/python3.11/site-packages/airflow/example_dags/subdags/subdag.py
[2024-04-13T15:02:35.069-0400] {processor.py:830} INFO - Processing file /Users/manideepakreddyaila/Desktop/projects/Legal_Insights_Engine/.venv/lib/python3.11/site-packages/airflow/example_dags/subdags/subdag.py for tasks to queue
[2024-04-13T15:02:35.069-0400] {logging_mixin.py:188} INFO - [2024-04-13T15:02:35.069-0400] {dagbag.py:540} INFO - Filling up the DagBag from /Users/manideepakreddyaila/Desktop/projects/Legal_Insights_Engine/.venv/lib/python3.11/site-packages/airflow/example_dags/subdags/subdag.py
[2024-04-13T15:02:35.071-0400] {processor.py:842} WARNING - No viable dags retrieved from /Users/manideepakreddyaila/Desktop/projects/Legal_Insights_Engine/.venv/lib/python3.11/site-packages/airflow/example_dags/subdags/subdag.py
[2024-04-13T15:02:35.125-0400] {processor.py:183} INFO - Processing /Users/manideepakreddyaila/Desktop/projects/Legal_Insights_Engine/.venv/lib/python3.11/site-packages/airflow/example_dags/subdags/subdag.py took 0.058 seconds
[2024-04-13T15:03:35.666-0400] {processor.py:161} INFO - Started process (PID=30265) to work on /Users/manideepakreddyaila/Desktop/projects/Legal_Insights_Engine/.venv/lib/python3.11/site-packages/airflow/example_dags/subdags/subdag.py
[2024-04-13T15:03:35.667-0400] {processor.py:830} INFO - Processing file /Users/manideepakreddyaila/Desktop/projects/Legal_Insights_Engine/.venv/lib/python3.11/site-packages/airflow/example_dags/subdags/subdag.py for tasks to queue
[2024-04-13T15:03:35.667-0400] {logging_mixin.py:188} INFO - [2024-04-13T15:03:35.667-0400] {dagbag.py:540} INFO - Filling up the DagBag from /Users/manideepakreddyaila/Desktop/projects/Legal_Insights_Engine/.venv/lib/python3.11/site-packages/airflow/example_dags/subdags/subdag.py
[2024-04-13T15:03:35.669-0400] {processor.py:842} WARNING - No viable dags retrieved from /Users/manideepakreddyaila/Desktop/projects/Legal_Insights_Engine/.venv/lib/python3.11/site-packages/airflow/example_dags/subdags/subdag.py
[2024-04-13T15:03:35.720-0400] {processor.py:183} INFO - Processing /Users/manideepakreddyaila/Desktop/projects/Legal_Insights_Engine/.venv/lib/python3.11/site-packages/airflow/example_dags/subdags/subdag.py took 0.055 seconds
[2024-04-13T15:04:36.297-0400] {processor.py:161} INFO - Started process (PID=30312) to work on /Users/manideepakreddyaila/Desktop/projects/Legal_Insights_Engine/.venv/lib/python3.11/site-packages/airflow/example_dags/subdags/subdag.py
[2024-04-13T15:04:36.298-0400] {processor.py:830} INFO - Processing file /Users/manideepakreddyaila/Desktop/projects/Legal_Insights_Engine/.venv/lib/python3.11/site-packages/airflow/example_dags/subdags/subdag.py for tasks to queue
[2024-04-13T15:04:36.298-0400] {logging_mixin.py:188} INFO - [2024-04-13T15:04:36.298-0400] {dagbag.py:540} INFO - Filling up the DagBag from /Users/manideepakreddyaila/Desktop/projects/Legal_Insights_Engine/.venv/lib/python3.11/site-packages/airflow/example_dags/subdags/subdag.py
[2024-04-13T15:04:36.300-0400] {processor.py:842} WARNING - No viable dags retrieved from /Users/manideepakreddyaila/Desktop/projects/Legal_Insights_Engine/.venv/lib/python3.11/site-packages/airflow/example_dags/subdags/subdag.py
[2024-04-13T15:04:36.352-0400] {processor.py:183} INFO - Processing /Users/manideepakreddyaila/Desktop/projects/Legal_Insights_Engine/.venv/lib/python3.11/site-packages/airflow/example_dags/subdags/subdag.py took 0.056 seconds
[2024-04-13T15:05:35.841-0400] {processor.py:161} INFO - Started process (PID=30390) to work on /Users/manideepakreddyaila/Desktop/projects/Legal_Insights_Engine/.venv/lib/python3.11/site-packages/airflow/example_dags/subdags/subdag.py
[2024-04-13T15:05:35.842-0400] {processor.py:830} INFO - Processing file /Users/manideepakreddyaila/Desktop/projects/Legal_Insights_Engine/.venv/lib/python3.11/site-packages/airflow/example_dags/subdags/subdag.py for tasks to queue
[2024-04-13T15:05:35.842-0400] {logging_mixin.py:188} INFO - [2024-04-13T15:05:35.842-0400] {dagbag.py:540} INFO - Filling up the DagBag from /Users/manideepakreddyaila/Desktop/projects/Legal_Insights_Engine/.venv/lib/python3.11/site-packages/airflow/example_dags/subdags/subdag.py
[2024-04-13T15:05:35.844-0400] {processor.py:842} WARNING - No viable dags retrieved from /Users/manideepakreddyaila/Desktop/projects/Legal_Insights_Engine/.venv/lib/python3.11/site-packages/airflow/example_dags/subdags/subdag.py
[2024-04-13T15:05:35.896-0400] {processor.py:183} INFO - Processing /Users/manideepakreddyaila/Desktop/projects/Legal_Insights_Engine/.venv/lib/python3.11/site-packages/airflow/example_dags/subdags/subdag.py took 0.057 seconds
[2024-04-13T15:06:35.997-0400] {processor.py:161} INFO - Started process (PID=30465) to work on /Users/manideepakreddyaila/Desktop/projects/Legal_Insights_Engine/.venv/lib/python3.11/site-packages/airflow/example_dags/subdags/subdag.py
[2024-04-13T15:06:35.997-0400] {processor.py:830} INFO - Processing file /Users/manideepakreddyaila/Desktop/projects/Legal_Insights_Engine/.venv/lib/python3.11/site-packages/airflow/example_dags/subdags/subdag.py for tasks to queue
[2024-04-13T15:06:35.998-0400] {logging_mixin.py:188} INFO - [2024-04-13T15:06:35.997-0400] {dagbag.py:540} INFO - Filling up the DagBag from /Users/manideepakreddyaila/Desktop/projects/Legal_Insights_Engine/.venv/lib/python3.11/site-packages/airflow/example_dags/subdags/subdag.py
[2024-04-13T15:06:35.999-0400] {processor.py:842} WARNING - No viable dags retrieved from /Users/manideepakreddyaila/Desktop/projects/Legal_Insights_Engine/.venv/lib/python3.11/site-packages/airflow/example_dags/subdags/subdag.py
[2024-04-13T15:06:36.053-0400] {processor.py:183} INFO - Processing /Users/manideepakreddyaila/Desktop/projects/Legal_Insights_Engine/.venv/lib/python3.11/site-packages/airflow/example_dags/subdags/subdag.py took 0.057 seconds
[2024-04-13T15:07:36.679-0400] {processor.py:161} INFO - Started process (PID=30544) to work on /Users/manideepakreddyaila/Desktop/projects/Legal_Insights_Engine/.venv/lib/python3.11/site-packages/airflow/example_dags/subdags/subdag.py
[2024-04-13T15:07:36.680-0400] {processor.py:830} INFO - Processing file /Users/manideepakreddyaila/Desktop/projects/Legal_Insights_Engine/.venv/lib/python3.11/site-packages/airflow/example_dags/subdags/subdag.py for tasks to queue
[2024-04-13T15:07:36.680-0400] {logging_mixin.py:188} INFO - [2024-04-13T15:07:36.680-0400] {dagbag.py:540} INFO - Filling up the DagBag from /Users/manideepakreddyaila/Desktop/projects/Legal_Insights_Engine/.venv/lib/python3.11/site-packages/airflow/example_dags/subdags/subdag.py
[2024-04-13T15:07:36.681-0400] {processor.py:842} WARNING - No viable dags retrieved from /Users/manideepakreddyaila/Desktop/projects/Legal_Insights_Engine/.venv/lib/python3.11/site-packages/airflow/example_dags/subdags/subdag.py
[2024-04-13T15:07:36.733-0400] {processor.py:183} INFO - Processing /Users/manideepakreddyaila/Desktop/projects/Legal_Insights_Engine/.venv/lib/python3.11/site-packages/airflow/example_dags/subdags/subdag.py took 0.055 seconds
[2024-04-13T15:08:39.947-0400] {processor.py:161} INFO - Started process (PID=30644) to work on /Users/manideepakreddyaila/Desktop/projects/Legal_Insights_Engine/.venv/lib/python3.11/site-packages/airflow/example_dags/subdags/subdag.py
[2024-04-13T15:08:39.948-0400] {processor.py:830} INFO - Processing file /Users/manideepakreddyaila/Desktop/projects/Legal_Insights_Engine/.venv/lib/python3.11/site-packages/airflow/example_dags/subdags/subdag.py for tasks to queue
[2024-04-13T15:08:39.948-0400] {logging_mixin.py:188} INFO - [2024-04-13T15:08:39.948-0400] {dagbag.py:540} INFO - Filling up the DagBag from /Users/manideepakreddyaila/Desktop/projects/Legal_Insights_Engine/.venv/lib/python3.11/site-packages/airflow/example_dags/subdags/subdag.py
[2024-04-13T15:08:39.950-0400] {processor.py:842} WARNING - No viable dags retrieved from /Users/manideepakreddyaila/Desktop/projects/Legal_Insights_Engine/.venv/lib/python3.11/site-packages/airflow/example_dags/subdags/subdag.py
[2024-04-13T15:08:40.002-0400] {processor.py:183} INFO - Processing /Users/manideepakreddyaila/Desktop/projects/Legal_Insights_Engine/.venv/lib/python3.11/site-packages/airflow/example_dags/subdags/subdag.py took 0.056 seconds
[2024-04-13T15:14:52.148-0400] {processor.py:161} INFO - Started process (PID=30742) to work on /Users/manideepakreddyaila/Desktop/projects/Legal_Insights_Engine/.venv/lib/python3.11/site-packages/airflow/example_dags/subdags/subdag.py
[2024-04-13T15:14:52.149-0400] {processor.py:830} INFO - Processing file /Users/manideepakreddyaila/Desktop/projects/Legal_Insights_Engine/.venv/lib/python3.11/site-packages/airflow/example_dags/subdags/subdag.py for tasks to queue
[2024-04-13T15:14:52.149-0400] {logging_mixin.py:188} INFO - [2024-04-13T15:14:52.149-0400] {dagbag.py:540} INFO - Filling up the DagBag from /Users/manideepakreddyaila/Desktop/projects/Legal_Insights_Engine/.venv/lib/python3.11/site-packages/airflow/example_dags/subdags/subdag.py
[2024-04-13T15:14:52.150-0400] {processor.py:842} WARNING - No viable dags retrieved from /Users/manideepakreddyaila/Desktop/projects/Legal_Insights_Engine/.venv/lib/python3.11/site-packages/airflow/example_dags/subdags/subdag.py
[2024-04-13T15:14:52.203-0400] {processor.py:183} INFO - Processing /Users/manideepakreddyaila/Desktop/projects/Legal_Insights_Engine/.venv/lib/python3.11/site-packages/airflow/example_dags/subdags/subdag.py took 0.056 seconds
[2024-04-13T15:15:51.745-0400] {processor.py:161} INFO - Started process (PID=30804) to work on /Users/manideepakreddyaila/Desktop/projects/Legal_Insights_Engine/.venv/lib/python3.11/site-packages/airflow/example_dags/subdags/subdag.py
[2024-04-13T15:15:51.746-0400] {processor.py:830} INFO - Processing file /Users/manideepakreddyaila/Desktop/projects/Legal_Insights_Engine/.venv/lib/python3.11/site-packages/airflow/example_dags/subdags/subdag.py for tasks to queue
[2024-04-13T15:15:51.746-0400] {logging_mixin.py:188} INFO - [2024-04-13T15:15:51.746-0400] {dagbag.py:540} INFO - Filling up the DagBag from /Users/manideepakreddyaila/Desktop/projects/Legal_Insights_Engine/.venv/lib/python3.11/site-packages/airflow/example_dags/subdags/subdag.py
[2024-04-13T15:15:51.748-0400] {processor.py:842} WARNING - No viable dags retrieved from /Users/manideepakreddyaila/Desktop/projects/Legal_Insights_Engine/.venv/lib/python3.11/site-packages/airflow/example_dags/subdags/subdag.py
[2024-04-13T15:15:51.801-0400] {processor.py:183} INFO - Processing /Users/manideepakreddyaila/Desktop/projects/Legal_Insights_Engine/.venv/lib/python3.11/site-packages/airflow/example_dags/subdags/subdag.py took 0.057 seconds
[2024-04-13T15:16:48.623-0400] {processor.py:161} INFO - Started process (PID=30858) to work on /Users/manideepakreddyaila/Desktop/projects/Legal_Insights_Engine/.venv/lib/python3.11/site-packages/airflow/example_dags/subdags/subdag.py
[2024-04-13T15:16:48.623-0400] {processor.py:830} INFO - Processing file /Users/manideepakreddyaila/Desktop/projects/Legal_Insights_Engine/.venv/lib/python3.11/site-packages/airflow/example_dags/subdags/subdag.py for tasks to queue
[2024-04-13T15:16:48.624-0400] {logging_mixin.py:188} INFO - [2024-04-13T15:16:48.624-0400] {dagbag.py:540} INFO - Filling up the DagBag from /Users/manideepakreddyaila/Desktop/projects/Legal_Insights_Engine/.venv/lib/python3.11/site-packages/airflow/example_dags/subdags/subdag.py
[2024-04-13T15:16:48.625-0400] {processor.py:842} WARNING - No viable dags retrieved from /Users/manideepakreddyaila/Desktop/projects/Legal_Insights_Engine/.venv/lib/python3.11/site-packages/airflow/example_dags/subdags/subdag.py
[2024-04-13T15:16:48.676-0400] {processor.py:183} INFO - Processing /Users/manideepakreddyaila/Desktop/projects/Legal_Insights_Engine/.venv/lib/python3.11/site-packages/airflow/example_dags/subdags/subdag.py took 0.054 seconds
[2024-04-13T15:22:10.577-0400] {processor.py:161} INFO - Started process (PID=30953) to work on /Users/manideepakreddyaila/Desktop/projects/Legal_Insights_Engine/.venv/lib/python3.11/site-packages/airflow/example_dags/subdags/subdag.py
[2024-04-13T15:22:10.577-0400] {processor.py:830} INFO - Processing file /Users/manideepakreddyaila/Desktop/projects/Legal_Insights_Engine/.venv/lib/python3.11/site-packages/airflow/example_dags/subdags/subdag.py for tasks to queue
[2024-04-13T15:22:10.578-0400] {logging_mixin.py:188} INFO - [2024-04-13T15:22:10.578-0400] {dagbag.py:540} INFO - Filling up the DagBag from /Users/manideepakreddyaila/Desktop/projects/Legal_Insights_Engine/.venv/lib/python3.11/site-packages/airflow/example_dags/subdags/subdag.py
[2024-04-13T15:22:10.579-0400] {processor.py:842} WARNING - No viable dags retrieved from /Users/manideepakreddyaila/Desktop/projects/Legal_Insights_Engine/.venv/lib/python3.11/site-packages/airflow/example_dags/subdags/subdag.py
[2024-04-13T15:22:10.631-0400] {processor.py:183} INFO - Processing /Users/manideepakreddyaila/Desktop/projects/Legal_Insights_Engine/.venv/lib/python3.11/site-packages/airflow/example_dags/subdags/subdag.py took 0.055 seconds
[2024-04-13T16:34:26.924-0400] {processor.py:161} INFO - Started process (PID=31098) to work on /Users/manideepakreddyaila/Desktop/projects/Legal_Insights_Engine/.venv/lib/python3.11/site-packages/airflow/example_dags/subdags/subdag.py
[2024-04-13T16:34:26.924-0400] {processor.py:830} INFO - Processing file /Users/manideepakreddyaila/Desktop/projects/Legal_Insights_Engine/.venv/lib/python3.11/site-packages/airflow/example_dags/subdags/subdag.py for tasks to queue
[2024-04-13T16:34:26.924-0400] {logging_mixin.py:188} INFO - [2024-04-13T16:34:26.924-0400] {dagbag.py:540} INFO - Filling up the DagBag from /Users/manideepakreddyaila/Desktop/projects/Legal_Insights_Engine/.venv/lib/python3.11/site-packages/airflow/example_dags/subdags/subdag.py
[2024-04-13T16:34:26.926-0400] {processor.py:842} WARNING - No viable dags retrieved from /Users/manideepakreddyaila/Desktop/projects/Legal_Insights_Engine/.venv/lib/python3.11/site-packages/airflow/example_dags/subdags/subdag.py
[2024-04-13T16:34:26.978-0400] {processor.py:183} INFO - Processing /Users/manideepakreddyaila/Desktop/projects/Legal_Insights_Engine/.venv/lib/python3.11/site-packages/airflow/example_dags/subdags/subdag.py took 0.056 seconds
[2024-04-13T18:16:33.597-0400] {processor.py:161} INFO - Started process (PID=31278) to work on /Users/manideepakreddyaila/Desktop/projects/Legal_Insights_Engine/.venv/lib/python3.11/site-packages/airflow/example_dags/subdags/subdag.py
[2024-04-13T18:16:33.598-0400] {processor.py:830} INFO - Processing file /Users/manideepakreddyaila/Desktop/projects/Legal_Insights_Engine/.venv/lib/python3.11/site-packages/airflow/example_dags/subdags/subdag.py for tasks to queue
[2024-04-13T18:16:33.598-0400] {logging_mixin.py:188} INFO - [2024-04-13T18:16:33.598-0400] {dagbag.py:540} INFO - Filling up the DagBag from /Users/manideepakreddyaila/Desktop/projects/Legal_Insights_Engine/.venv/lib/python3.11/site-packages/airflow/example_dags/subdags/subdag.py
[2024-04-13T18:16:33.599-0400] {processor.py:842} WARNING - No viable dags retrieved from /Users/manideepakreddyaila/Desktop/projects/Legal_Insights_Engine/.venv/lib/python3.11/site-packages/airflow/example_dags/subdags/subdag.py
[2024-04-13T18:16:33.650-0400] {processor.py:183} INFO - Processing /Users/manideepakreddyaila/Desktop/projects/Legal_Insights_Engine/.venv/lib/python3.11/site-packages/airflow/example_dags/subdags/subdag.py took 0.054 seconds
[2024-04-13T18:21:53.653-0400] {processor.py:161} INFO - Started process (PID=31392) to work on /Users/manideepakreddyaila/Desktop/projects/Legal_Insights_Engine/.venv/lib/python3.11/site-packages/airflow/example_dags/subdags/subdag.py
[2024-04-13T18:21:53.654-0400] {processor.py:830} INFO - Processing file /Users/manideepakreddyaila/Desktop/projects/Legal_Insights_Engine/.venv/lib/python3.11/site-packages/airflow/example_dags/subdags/subdag.py for tasks to queue
[2024-04-13T18:21:53.654-0400] {logging_mixin.py:188} INFO - [2024-04-13T18:21:53.654-0400] {dagbag.py:540} INFO - Filling up the DagBag from /Users/manideepakreddyaila/Desktop/projects/Legal_Insights_Engine/.venv/lib/python3.11/site-packages/airflow/example_dags/subdags/subdag.py
[2024-04-13T18:21:53.656-0400] {processor.py:842} WARNING - No viable dags retrieved from /Users/manideepakreddyaila/Desktop/projects/Legal_Insights_Engine/.venv/lib/python3.11/site-packages/airflow/example_dags/subdags/subdag.py
[2024-04-13T18:21:53.716-0400] {processor.py:183} INFO - Processing /Users/manideepakreddyaila/Desktop/projects/Legal_Insights_Engine/.venv/lib/python3.11/site-packages/airflow/example_dags/subdags/subdag.py took 0.063 seconds
[2024-04-13T19:02:47.540-0400] {processor.py:161} INFO - Started process (PID=31504) to work on /Users/manideepakreddyaila/Desktop/projects/Legal_Insights_Engine/.venv/lib/python3.11/site-packages/airflow/example_dags/subdags/subdag.py
[2024-04-13T19:02:47.541-0400] {processor.py:830} INFO - Processing file /Users/manideepakreddyaila/Desktop/projects/Legal_Insights_Engine/.venv/lib/python3.11/site-packages/airflow/example_dags/subdags/subdag.py for tasks to queue
[2024-04-13T19:02:47.541-0400] {logging_mixin.py:188} INFO - [2024-04-13T19:02:47.541-0400] {dagbag.py:540} INFO - Filling up the DagBag from /Users/manideepakreddyaila/Desktop/projects/Legal_Insights_Engine/.venv/lib/python3.11/site-packages/airflow/example_dags/subdags/subdag.py
[2024-04-13T19:02:47.542-0400] {processor.py:842} WARNING - No viable dags retrieved from /Users/manideepakreddyaila/Desktop/projects/Legal_Insights_Engine/.venv/lib/python3.11/site-packages/airflow/example_dags/subdags/subdag.py
[2024-04-13T19:02:47.593-0400] {processor.py:183} INFO - Processing /Users/manideepakreddyaila/Desktop/projects/Legal_Insights_Engine/.venv/lib/python3.11/site-packages/airflow/example_dags/subdags/subdag.py took 0.054 seconds
[2024-04-13T19:52:51.245-0400] {processor.py:161} INFO - Started process (PID=31594) to work on /Users/manideepakreddyaila/Desktop/projects/Legal_Insights_Engine/.venv/lib/python3.11/site-packages/airflow/example_dags/subdags/subdag.py
[2024-04-13T19:52:51.245-0400] {processor.py:830} INFO - Processing file /Users/manideepakreddyaila/Desktop/projects/Legal_Insights_Engine/.venv/lib/python3.11/site-packages/airflow/example_dags/subdags/subdag.py for tasks to queue
[2024-04-13T19:52:51.246-0400] {logging_mixin.py:188} INFO - [2024-04-13T19:52:51.246-0400] {dagbag.py:540} INFO - Filling up the DagBag from /Users/manideepakreddyaila/Desktop/projects/Legal_Insights_Engine/.venv/lib/python3.11/site-packages/airflow/example_dags/subdags/subdag.py
[2024-04-13T19:52:51.249-0400] {processor.py:842} WARNING - No viable dags retrieved from /Users/manideepakreddyaila/Desktop/projects/Legal_Insights_Engine/.venv/lib/python3.11/site-packages/airflow/example_dags/subdags/subdag.py
[2024-04-13T19:52:51.413-0400] {processor.py:183} INFO - Processing /Users/manideepakreddyaila/Desktop/projects/Legal_Insights_Engine/.venv/lib/python3.11/site-packages/airflow/example_dags/subdags/subdag.py took 0.170 seconds
