[2024-04-15T20:35:55.126-0400] {local_task_job_runner.py:120} INFO - ::group::Pre task execution logs
[2024-04-15T20:35:55.144-0400] {taskinstance.py:2073} INFO - Dependencies all met for dep_context=non-requeueable deps ti=<TaskInstance: preprocessing_dag.bash_task scheduled__2024-03-21T00:00:00+00:00 [queued]>
[2024-04-15T20:35:55.148-0400] {taskinstance.py:2073} INFO - Dependencies all met for dep_context=requeueable deps ti=<TaskInstance: preprocessing_dag.bash_task scheduled__2024-03-21T00:00:00+00:00 [queued]>
[2024-04-15T20:35:55.148-0400] {taskinstance.py:2303} INFO - Starting attempt 1 of 2
[2024-04-15T20:35:55.155-0400] {taskinstance.py:2327} INFO - Executing <Task(BashOperator): bash_task> on 2024-03-21 00:00:00+00:00
[2024-04-15T20:35:55.159-0400] {standard_task_runner.py:63} INFO - Started process 52787 to run task
[2024-04-15T20:35:55.163-0400] {standard_task_runner.py:90} INFO - Running: ['airflow', 'tasks', 'run', 'preprocessing_dag', 'bash_task', 'scheduled__2024-03-21T00:00:00+00:00', '--job-id', '213', '--raw', '--subdir', 'DAGS_FOLDER/preprocessing_dag.py', '--cfg-path', '/var/folders/rf/bv8hf2w15f1f30n5rv6mfypr0000gn/T/tmpvf28y7pg']
[2024-04-15T20:35:55.166-0400] {standard_task_runner.py:91} INFO - Job 213: Subtask bash_task
[2024-04-15T20:35:55.194-0400] {task_command.py:426} INFO - Running <TaskInstance: preprocessing_dag.bash_task scheduled__2024-03-21T00:00:00+00:00 [running]> on host manis-macbook-air.local
[2024-04-15T20:35:55.240-0400] {taskinstance.py:2644} INFO - Exporting env vars: AIRFLOW_CTX_DAG_OWNER='airflow' AIRFLOW_CTX_DAG_ID='preprocessing_dag' AIRFLOW_CTX_TASK_ID='bash_task' AIRFLOW_CTX_EXECUTION_DATE='2024-03-21T00:00:00+00:00' AIRFLOW_CTX_TRY_NUMBER='1' AIRFLOW_CTX_DAG_RUN_ID='scheduled__2024-03-21T00:00:00+00:00'
[2024-04-15T20:35:55.241-0400] {taskinstance.py:430} INFO - ::endgroup::
[2024-04-15T20:35:55.252-0400] {subprocess.py:63} INFO - Tmp dir root location: /var/folders/rf/bv8hf2w15f1f30n5rv6mfypr0000gn/T
[2024-04-15T20:35:55.253-0400] {subprocess.py:75} INFO - Running command: ['/bin/bash', '-c', 'cd /Users/manideepakreddyaila/Desktop/projects/Legal_Insights_Engine/cap_dbt && dbt run']
[2024-04-15T20:35:55.260-0400] {subprocess.py:86} INFO - Output:
[2024-04-15T20:35:57.331-0400] {subprocess.py:93} INFO - [0m00:35:57  Running with dbt=1.7.11
[2024-04-15T20:35:58.617-0400] {subprocess.py:93} INFO - [0m00:35:58  Registered adapter: snowflake=1.7.3
[2024-04-15T20:35:58.795-0400] {subprocess.py:93} INFO - [0m00:35:58  Found 3 models, 1 source, 0 exposures, 0 metrics, 544 macros, 0 groups, 0 semantic models
[2024-04-15T20:35:58.797-0400] {subprocess.py:93} INFO - [0m00:35:58
[2024-04-15T20:35:59.780-0400] {subprocess.py:93} INFO - [0m00:35:59  Concurrency: 1 threads (target='dev')
[2024-04-15T20:35:59.781-0400] {subprocess.py:93} INFO - [0m00:35:59
[2024-04-15T20:35:59.782-0400] {subprocess.py:93} INFO - [0m00:35:59  1 of 3 START sql view model DEV.raw_data_processing ............................ [RUN]
[2024-04-15T20:36:00.512-0400] {subprocess.py:93} INFO - [0m00:36:00  1 of 3 OK created sql view model DEV.raw_data_processing ....................... [[32mSUCCESS 1[0m in 0.73s]
[2024-04-15T20:36:00.514-0400] {subprocess.py:93} INFO - [0m00:36:00  2 of 3 START sql view model DEV.flatten ........................................ [RUN]
[2024-04-15T20:36:01.357-0400] {subprocess.py:93} INFO - [0m00:36:01  2 of 3 OK created sql view model DEV.flatten ................................... [[32mSUCCESS 1[0m in 0.84s]
[2024-04-15T20:36:01.360-0400] {subprocess.py:93} INFO - [0m00:36:01  3 of 3 START sql table model DEV.aggregation ................................... [RUN]
[2024-04-15T20:36:02.603-0400] {subprocess.py:93} INFO - [0m00:36:02  3 of 3 OK created sql table model DEV.aggregation .............................. [[32mSUCCESS 1[0m in 1.24s]
[2024-04-15T20:36:02.605-0400] {subprocess.py:93} INFO - [0m00:36:02
[2024-04-15T20:36:02.606-0400] {subprocess.py:93} INFO - [0m00:36:02  Finished running 2 view models, 1 table model in 0 hours 0 minutes and 3.81 seconds (3.81s).
[2024-04-15T20:36:02.616-0400] {subprocess.py:93} INFO - [0m00:36:02
[2024-04-15T20:36:02.617-0400] {subprocess.py:93} INFO - [0m00:36:02  [32mCompleted successfully[0m
[2024-04-15T20:36:02.617-0400] {subprocess.py:93} INFO - [0m00:36:02
[2024-04-15T20:36:02.618-0400] {subprocess.py:93} INFO - [0m00:36:02  Done. PASS=3 WARN=0 ERROR=0 SKIP=0 TOTAL=3
[2024-04-15T20:36:03.099-0400] {subprocess.py:97} INFO - Command exited with return code 0
[2024-04-15T20:36:03.101-0400] {taskinstance.py:441} INFO - ::group::Post task execution logs
[2024-04-15T20:36:03.121-0400] {taskinstance.py:1205} INFO - Marking task as SUCCESS. dag_id=preprocessing_dag, task_id=bash_task, execution_date=20240321T000000, start_date=20240416T003555, end_date=20240416T003603
[2024-04-15T20:36:03.171-0400] {local_task_job_runner.py:240} INFO - Task exited with return code 0
[2024-04-15T20:36:03.183-0400] {taskinstance.py:3482} INFO - 1 downstream tasks scheduled from follow-on schedule check
[2024-04-15T20:36:03.184-0400] {local_task_job_runner.py:222} INFO - ::endgroup::
