[2024-04-15T19:04:44.119-0400] {local_task_job_runner.py:120} INFO - ::group::Pre task execution logs
[2024-04-15T19:04:44.146-0400] {taskinstance.py:2073} INFO - Dependencies all met for dep_context=non-requeueable deps ti=<TaskInstance: preprocessing_dag.bash_task manual__2024-04-15T23:02:53.610827+00:00 [queued]>
[2024-04-15T19:04:44.150-0400] {taskinstance.py:2073} INFO - Dependencies all met for dep_context=requeueable deps ti=<TaskInstance: preprocessing_dag.bash_task manual__2024-04-15T23:02:53.610827+00:00 [queued]>
[2024-04-15T19:04:44.150-0400] {taskinstance.py:2303} INFO - Starting attempt 1 of 2
[2024-04-15T19:04:44.156-0400] {taskinstance.py:2327} INFO - Executing <Task(BashOperator): bash_task> on 2024-04-15 23:02:53.610827+00:00
[2024-04-15T19:04:44.161-0400] {standard_task_runner.py:63} INFO - Started process 49436 to run task
[2024-04-15T19:04:44.165-0400] {standard_task_runner.py:90} INFO - Running: ['airflow', 'tasks', 'run', 'preprocessing_dag', 'bash_task', 'manual__2024-04-15T23:02:53.610827+00:00', '--job-id', '87', '--raw', '--subdir', 'DAGS_FOLDER/preprocessing_dag.py', '--cfg-path', '/var/folders/rf/bv8hf2w15f1f30n5rv6mfypr0000gn/T/tmpt2opj42x']
[2024-04-15T19:04:44.167-0400] {standard_task_runner.py:91} INFO - Job 87: Subtask bash_task
[2024-04-15T19:04:44.195-0400] {task_command.py:426} INFO - Running <TaskInstance: preprocessing_dag.bash_task manual__2024-04-15T23:02:53.610827+00:00 [running]> on host manis-macbook-air.local
[2024-04-15T19:04:44.234-0400] {taskinstance.py:2644} INFO - Exporting env vars: AIRFLOW_CTX_DAG_OWNER='airflow' AIRFLOW_CTX_DAG_ID='preprocessing_dag' AIRFLOW_CTX_TASK_ID='bash_task' AIRFLOW_CTX_EXECUTION_DATE='2024-04-15T23:02:53.610827+00:00' AIRFLOW_CTX_TRY_NUMBER='1' AIRFLOW_CTX_DAG_RUN_ID='manual__2024-04-15T23:02:53.610827+00:00'
[2024-04-15T19:04:44.236-0400] {taskinstance.py:430} INFO - ::endgroup::
[2024-04-15T19:04:44.237-0400] {subprocess.py:63} INFO - Tmp dir root location: /var/folders/rf/bv8hf2w15f1f30n5rv6mfypr0000gn/T
[2024-04-15T19:04:44.238-0400] {subprocess.py:75} INFO - Running command: ['/bin/bash', '-c', 'cd /Users/manideepakreddyaila/Desktop/projects/Legal_Insights_Engine/cap_dbt && dbt run']
[2024-04-15T19:04:44.244-0400] {subprocess.py:86} INFO - Output:
[2024-04-15T19:04:46.126-0400] {subprocess.py:93} INFO - [0m23:04:46  Running with dbt=1.7.11
[2024-04-15T19:04:47.206-0400] {subprocess.py:93} INFO - [0m23:04:47  Registered adapter: snowflake=1.7.3
[2024-04-15T19:04:47.349-0400] {subprocess.py:93} INFO - [0m23:04:47  Found 3 models, 1 source, 0 exposures, 0 metrics, 544 macros, 0 groups, 0 semantic models
[2024-04-15T19:04:47.350-0400] {subprocess.py:93} INFO - [0m23:04:47
[2024-04-15T19:04:48.822-0400] {subprocess.py:93} INFO - [0m23:04:48  Concurrency: 1 threads (target='dev')
[2024-04-15T19:04:48.823-0400] {subprocess.py:93} INFO - [0m23:04:48
[2024-04-15T19:04:48.826-0400] {subprocess.py:93} INFO - [0m23:04:48  1 of 3 START sql view model DEV.raw_data_processing ............................ [RUN]
[2024-04-15T19:04:49.848-0400] {subprocess.py:93} INFO - [0m23:04:49  1 of 3 OK created sql view model DEV.raw_data_processing ....................... [[32mSUCCESS 1[0m in 1.02s]
[2024-04-15T19:04:49.849-0400] {subprocess.py:93} INFO - [0m23:04:49  2 of 3 START sql view model DEV.flatten ........................................ [RUN]
[2024-04-15T19:04:50.802-0400] {subprocess.py:93} INFO - [0m23:04:50  2 of 3 OK created sql view model DEV.flatten ................................... [[32mSUCCESS 1[0m in 0.95s]
[2024-04-15T19:04:50.806-0400] {subprocess.py:93} INFO - [0m23:04:50  3 of 3 START sql table model DEV.aggregation ................................... [RUN]
[2024-04-15T19:04:52.185-0400] {subprocess.py:93} INFO - [0m23:04:52  3 of 3 OK created sql table model DEV.aggregation .............................. [[32mSUCCESS 1[0m in 1.38s]
[2024-04-15T19:04:52.188-0400] {subprocess.py:93} INFO - [0m23:04:52
[2024-04-15T19:04:52.189-0400] {subprocess.py:93} INFO - [0m23:04:52  Finished running 2 view models, 1 table model in 0 hours 0 minutes and 4.84 seconds (4.84s).
[2024-04-15T19:04:52.200-0400] {subprocess.py:93} INFO - [0m23:04:52
[2024-04-15T19:04:52.201-0400] {subprocess.py:93} INFO - [0m23:04:52  [32mCompleted successfully[0m
[2024-04-15T19:04:52.202-0400] {subprocess.py:93} INFO - [0m23:04:52
[2024-04-15T19:04:52.202-0400] {subprocess.py:93} INFO - [0m23:04:52  Done. PASS=3 WARN=0 ERROR=0 SKIP=0 TOTAL=3
[2024-04-15T19:04:52.652-0400] {subprocess.py:97} INFO - Command exited with return code 0
[2024-04-15T19:04:52.653-0400] {taskinstance.py:441} INFO - ::group::Post task execution logs
[2024-04-15T19:04:52.667-0400] {taskinstance.py:1205} INFO - Marking task as SUCCESS. dag_id=preprocessing_dag, task_id=bash_task, execution_date=20240415T230253, start_date=20240415T230444, end_date=20240415T230452
[2024-04-15T19:04:52.676-0400] {local_task_job_runner.py:240} INFO - Task exited with return code 0
[2024-04-15T19:04:52.687-0400] {taskinstance.py:3482} INFO - 1 downstream tasks scheduled from follow-on schedule check
[2024-04-15T19:04:52.688-0400] {local_task_job_runner.py:222} INFO - ::endgroup::
