[2024-04-15T19:53:38.428-0400] {local_task_job_runner.py:120} INFO - ::group::Pre task execution logs
[2024-04-15T19:53:38.456-0400] {taskinstance.py:2073} INFO - Dependencies all met for dep_context=non-requeueable deps ti=<TaskInstance: preprocessing_dag.bash_task scheduled__2024-02-23T00:00:00+00:00 [queued]>
[2024-04-15T19:53:38.462-0400] {taskinstance.py:2073} INFO - Dependencies all met for dep_context=requeueable deps ti=<TaskInstance: preprocessing_dag.bash_task scheduled__2024-02-23T00:00:00+00:00 [queued]>
[2024-04-15T19:53:38.462-0400] {taskinstance.py:2303} INFO - Starting attempt 1 of 2
[2024-04-15T19:53:38.472-0400] {taskinstance.py:2327} INFO - Executing <Task(BashOperator): bash_task> on 2024-02-23 00:00:00+00:00
[2024-04-15T19:53:38.481-0400] {standard_task_runner.py:63} INFO - Started process 52173 to run task
[2024-04-15T19:53:38.486-0400] {standard_task_runner.py:90} INFO - Running: ['airflow', 'tasks', 'run', 'preprocessing_dag', 'bash_task', 'scheduled__2024-02-23T00:00:00+00:00', '--job-id', '160', '--raw', '--subdir', 'DAGS_FOLDER/preprocessing_dag.py', '--cfg-path', '/var/folders/rf/bv8hf2w15f1f30n5rv6mfypr0000gn/T/tmp9i1rjs_e']
[2024-04-15T19:53:38.489-0400] {standard_task_runner.py:91} INFO - Job 160: Subtask bash_task
[2024-04-15T19:53:38.542-0400] {task_command.py:426} INFO - Running <TaskInstance: preprocessing_dag.bash_task scheduled__2024-02-23T00:00:00+00:00 [running]> on host manis-macbook-air.local
[2024-04-15T19:53:38.636-0400] {taskinstance.py:2644} INFO - Exporting env vars: AIRFLOW_CTX_DAG_OWNER='airflow' AIRFLOW_CTX_DAG_ID='preprocessing_dag' AIRFLOW_CTX_TASK_ID='bash_task' AIRFLOW_CTX_EXECUTION_DATE='2024-02-23T00:00:00+00:00' AIRFLOW_CTX_TRY_NUMBER='1' AIRFLOW_CTX_DAG_RUN_ID='scheduled__2024-02-23T00:00:00+00:00'
[2024-04-15T19:53:38.638-0400] {taskinstance.py:430} INFO - ::endgroup::
[2024-04-15T19:53:38.658-0400] {subprocess.py:63} INFO - Tmp dir root location: /var/folders/rf/bv8hf2w15f1f30n5rv6mfypr0000gn/T
[2024-04-15T19:53:38.659-0400] {subprocess.py:75} INFO - Running command: ['/bin/bash', '-c', 'cd /Users/manideepakreddyaila/Desktop/projects/Legal_Insights_Engine/cap_dbt && dbt run']
[2024-04-15T19:53:38.668-0400] {subprocess.py:86} INFO - Output:
[2024-04-15T19:53:41.529-0400] {subprocess.py:93} INFO - [0m23:53:41  Running with dbt=1.7.11
[2024-04-15T19:53:43.018-0400] {subprocess.py:93} INFO - [0m23:53:43  Registered adapter: snowflake=1.7.3
[2024-04-15T19:53:43.453-0400] {subprocess.py:93} INFO - [0m23:53:43  Found 3 models, 1 source, 0 exposures, 0 metrics, 544 macros, 0 groups, 0 semantic models
[2024-04-15T19:53:43.456-0400] {subprocess.py:93} INFO - [0m23:53:43
[2024-04-15T19:53:45.956-0400] {subprocess.py:93} INFO - [0m23:53:45  Concurrency: 1 threads (target='dev')
[2024-04-15T19:53:45.958-0400] {subprocess.py:93} INFO - [0m23:53:45
[2024-04-15T19:53:45.959-0400] {subprocess.py:93} INFO - [0m23:53:45  1 of 3 START sql view model DEV.raw_data_processing ............................ [RUN]
[2024-04-15T19:53:48.031-0400] {subprocess.py:93} INFO - [0m23:53:48  1 of 3 OK created sql view model DEV.raw_data_processing ....................... [[32mSUCCESS 1[0m in 2.07s]
[2024-04-15T19:53:48.033-0400] {subprocess.py:93} INFO - [0m23:53:48  2 of 3 START sql view model DEV.flatten ........................................ [RUN]
[2024-04-15T19:53:48.695-0400] {subprocess.py:93} INFO - [0m23:53:48  2 of 3 OK created sql view model DEV.flatten ................................... [[32mSUCCESS 1[0m in 0.66s]
[2024-04-15T19:53:48.697-0400] {subprocess.py:93} INFO - [0m23:53:48  3 of 3 START sql table model DEV.aggregation ................................... [RUN]
[2024-04-15T19:53:50.062-0400] {subprocess.py:93} INFO - [0m23:53:50  3 of 3 OK created sql table model DEV.aggregation .............................. [[32mSUCCESS 1[0m in 1.36s]
[2024-04-15T19:53:50.067-0400] {subprocess.py:93} INFO - [0m23:53:50
[2024-04-15T19:53:50.068-0400] {subprocess.py:93} INFO - [0m23:53:50  Finished running 2 view models, 1 table model in 0 hours 0 minutes and 6.61 seconds (6.61s).
[2024-04-15T19:53:50.084-0400] {subprocess.py:93} INFO - [0m23:53:50
[2024-04-15T19:53:50.085-0400] {subprocess.py:93} INFO - [0m23:53:50  [32mCompleted successfully[0m
[2024-04-15T19:53:50.086-0400] {subprocess.py:93} INFO - [0m23:53:50
[2024-04-15T19:53:50.087-0400] {subprocess.py:93} INFO - [0m23:53:50  Done. PASS=3 WARN=0 ERROR=0 SKIP=0 TOTAL=3
[2024-04-15T19:53:50.587-0400] {subprocess.py:97} INFO - Command exited with return code 0
[2024-04-15T19:53:50.589-0400] {taskinstance.py:441} INFO - ::group::Post task execution logs
[2024-04-15T19:53:50.611-0400] {taskinstance.py:1205} INFO - Marking task as SUCCESS. dag_id=preprocessing_dag, task_id=bash_task, execution_date=20240223T000000, start_date=20240415T235338, end_date=20240415T235350
[2024-04-15T19:53:50.631-0400] {local_task_job_runner.py:240} INFO - Task exited with return code 0
[2024-04-15T19:53:50.646-0400] {taskinstance.py:3482} INFO - 1 downstream tasks scheduled from follow-on schedule check
[2024-04-15T19:53:50.646-0400] {local_task_job_runner.py:222} INFO - ::endgroup::
