[2024-04-15T21:26:56.185-0400] {local_task_job_runner.py:120} INFO - ::group::Pre task execution logs
[2024-04-15T21:26:56.193-0400] {taskinstance.py:2073} INFO - Dependencies all met for dep_context=non-requeueable deps ti=<TaskInstance: preprocessing_dag.bash_task manual__2024-04-16T01:26:51.147687+00:00 [queued]>
[2024-04-15T21:26:56.196-0400] {taskinstance.py:2073} INFO - Dependencies all met for dep_context=requeueable deps ti=<TaskInstance: preprocessing_dag.bash_task manual__2024-04-16T01:26:51.147687+00:00 [queued]>
[2024-04-15T21:26:56.197-0400] {taskinstance.py:2303} INFO - Starting attempt 1 of 1
[2024-04-15T21:26:56.204-0400] {taskinstance.py:2327} INFO - Executing <Task(BashOperator): bash_task> on 2024-04-16 01:26:51.147687+00:00
[2024-04-15T21:26:56.211-0400] {standard_task_runner.py:63} INFO - Started process 54655 to run task
[2024-04-15T21:26:56.215-0400] {standard_task_runner.py:90} INFO - Running: ['airflow', 'tasks', 'run', 'preprocessing_dag', 'bash_task', 'manual__2024-04-16T01:26:51.147687+00:00', '--job-id', '290', '--raw', '--subdir', 'DAGS_FOLDER/preprocessing_dag.py', '--cfg-path', '/var/folders/rf/bv8hf2w15f1f30n5rv6mfypr0000gn/T/tmp3k0uu69r']
[2024-04-15T21:26:56.218-0400] {standard_task_runner.py:91} INFO - Job 290: Subtask bash_task
[2024-04-15T21:26:56.259-0400] {task_command.py:426} INFO - Running <TaskInstance: preprocessing_dag.bash_task manual__2024-04-16T01:26:51.147687+00:00 [running]> on host manis-macbook-air.local
[2024-04-15T21:26:56.304-0400] {taskinstance.py:2644} INFO - Exporting env vars: AIRFLOW_CTX_DAG_OWNER='airflow' AIRFLOW_CTX_DAG_ID='preprocessing_dag' AIRFLOW_CTX_TASK_ID='bash_task' AIRFLOW_CTX_EXECUTION_DATE='2024-04-16T01:26:51.147687+00:00' AIRFLOW_CTX_TRY_NUMBER='1' AIRFLOW_CTX_DAG_RUN_ID='manual__2024-04-16T01:26:51.147687+00:00'
[2024-04-15T21:26:56.305-0400] {taskinstance.py:430} INFO - ::endgroup::
[2024-04-15T21:26:56.318-0400] {subprocess.py:63} INFO - Tmp dir root location: /var/folders/rf/bv8hf2w15f1f30n5rv6mfypr0000gn/T
[2024-04-15T21:26:56.319-0400] {subprocess.py:75} INFO - Running command: ['/bin/bash', '-c', 'cd /Users/manideepakreddyaila/Desktop/projects/Legal_Insights_Engine/cap_dbt && dbt run']
[2024-04-15T21:26:56.327-0400] {subprocess.py:86} INFO - Output:
[2024-04-15T21:26:58.541-0400] {subprocess.py:93} INFO - [0m01:26:58  Running with dbt=1.7.11
[2024-04-15T21:26:59.742-0400] {subprocess.py:93} INFO - [0m01:26:59  Registered adapter: snowflake=1.7.3
[2024-04-15T21:26:59.906-0400] {subprocess.py:93} INFO - [0m01:26:59  Found 3 models, 1 source, 0 exposures, 0 metrics, 544 macros, 0 groups, 0 semantic models
[2024-04-15T21:26:59.908-0400] {subprocess.py:93} INFO - [0m01:26:59
[2024-04-15T21:27:01.486-0400] {subprocess.py:93} INFO - [0m01:27:01  Concurrency: 1 threads (target='dev')
[2024-04-15T21:27:01.487-0400] {subprocess.py:93} INFO - [0m01:27:01
[2024-04-15T21:27:01.489-0400] {subprocess.py:93} INFO - [0m01:27:01  1 of 3 START sql view model DEV.raw_data_processing ............................ [RUN]
[2024-04-15T21:27:01.998-0400] {subprocess.py:93} INFO - [0m01:27:01  1 of 3 OK created sql view model DEV.raw_data_processing ....................... [[32mSUCCESS 1[0m in 0.51s]
[2024-04-15T21:27:01.999-0400] {subprocess.py:93} INFO - [0m01:27:01  2 of 3 START sql view model DEV.flatten ........................................ [RUN]
[2024-04-15T21:27:02.444-0400] {subprocess.py:93} INFO - [0m01:27:02  2 of 3 OK created sql view model DEV.flatten ................................... [[32mSUCCESS 1[0m in 0.44s]
[2024-04-15T21:27:02.447-0400] {subprocess.py:93} INFO - [0m01:27:02  3 of 3 START sql table model DEV.aggregation ................................... [RUN]
[2024-04-15T21:27:04.466-0400] {subprocess.py:93} INFO - [0m01:27:04  3 of 3 OK created sql table model DEV.aggregation .............................. [[32mSUCCESS 1[0m in 2.02s]
[2024-04-15T21:27:04.470-0400] {subprocess.py:93} INFO - [0m01:27:04
[2024-04-15T21:27:04.471-0400] {subprocess.py:93} INFO - [0m01:27:04  Finished running 2 view models, 1 table model in 0 hours 0 minutes and 4.56 seconds (4.56s).
[2024-04-15T21:27:04.493-0400] {subprocess.py:93} INFO - [0m01:27:04
[2024-04-15T21:27:04.497-0400] {subprocess.py:93} INFO - [0m01:27:04  [32mCompleted successfully[0m
[2024-04-15T21:27:04.510-0400] {subprocess.py:93} INFO - [0m01:27:04
[2024-04-15T21:27:04.512-0400] {subprocess.py:93} INFO - [0m01:27:04  Done. PASS=3 WARN=0 ERROR=0 SKIP=0 TOTAL=3
[2024-04-15T21:27:05.090-0400] {subprocess.py:97} INFO - Command exited with return code 0
[2024-04-15T21:27:05.091-0400] {taskinstance.py:441} INFO - ::group::Post task execution logs
[2024-04-15T21:27:05.113-0400] {taskinstance.py:1205} INFO - Marking task as SUCCESS. dag_id=preprocessing_dag, task_id=bash_task, execution_date=20240416T012651, start_date=20240416T012656, end_date=20240416T012705
[2024-04-15T21:27:05.169-0400] {local_task_job_runner.py:240} INFO - Task exited with return code 0
[2024-04-15T21:27:05.188-0400] {taskinstance.py:3482} INFO - 1 downstream tasks scheduled from follow-on schedule check
[2024-04-15T21:27:05.189-0400] {local_task_job_runner.py:222} INFO - ::endgroup::
