[2024-04-15T19:06:10.213-0400] {local_task_job_runner.py:120} INFO - ::group::Pre task execution logs
[2024-04-15T19:06:10.230-0400] {taskinstance.py:2073} INFO - Dependencies all met for dep_context=non-requeueable deps ti=<TaskInstance: preprocessing_dag.bash_task scheduled__2024-01-24T00:00:00+00:00 [queued]>
[2024-04-15T19:06:10.232-0400] {taskinstance.py:2073} INFO - Dependencies all met for dep_context=requeueable deps ti=<TaskInstance: preprocessing_dag.bash_task scheduled__2024-01-24T00:00:00+00:00 [queued]>
[2024-04-15T19:06:10.233-0400] {taskinstance.py:2303} INFO - Starting attempt 1 of 2
[2024-04-15T19:06:10.240-0400] {taskinstance.py:2327} INFO - Executing <Task(BashOperator): bash_task> on 2024-01-24 00:00:00+00:00
[2024-04-15T19:06:10.246-0400] {standard_task_runner.py:63} INFO - Started process 49513 to run task
[2024-04-15T19:06:10.250-0400] {standard_task_runner.py:90} INFO - Running: ['airflow', 'tasks', 'run', 'preprocessing_dag', 'bash_task', 'scheduled__2024-01-24T00:00:00+00:00', '--job-id', '97', '--raw', '--subdir', 'DAGS_FOLDER/preprocessing_dag.py', '--cfg-path', '/var/folders/rf/bv8hf2w15f1f30n5rv6mfypr0000gn/T/tmp6xumqw3_']
[2024-04-15T19:06:10.253-0400] {standard_task_runner.py:91} INFO - Job 97: Subtask bash_task
[2024-04-15T19:06:10.282-0400] {task_command.py:426} INFO - Running <TaskInstance: preprocessing_dag.bash_task scheduled__2024-01-24T00:00:00+00:00 [running]> on host manis-macbook-air.local
[2024-04-15T19:06:10.323-0400] {taskinstance.py:2644} INFO - Exporting env vars: AIRFLOW_CTX_DAG_OWNER='airflow' AIRFLOW_CTX_DAG_ID='preprocessing_dag' AIRFLOW_CTX_TASK_ID='bash_task' AIRFLOW_CTX_EXECUTION_DATE='2024-01-24T00:00:00+00:00' AIRFLOW_CTX_TRY_NUMBER='1' AIRFLOW_CTX_DAG_RUN_ID='scheduled__2024-01-24T00:00:00+00:00'
[2024-04-15T19:06:10.324-0400] {taskinstance.py:430} INFO - ::endgroup::
[2024-04-15T19:06:10.325-0400] {subprocess.py:63} INFO - Tmp dir root location: /var/folders/rf/bv8hf2w15f1f30n5rv6mfypr0000gn/T
[2024-04-15T19:06:10.326-0400] {subprocess.py:75} INFO - Running command: ['/bin/bash', '-c', 'cd /Users/manideepakreddyaila/Desktop/projects/Legal_Insights_Engine/cap_dbt && dbt run']
[2024-04-15T19:06:10.333-0400] {subprocess.py:86} INFO - Output:
[2024-04-15T19:06:12.169-0400] {subprocess.py:93} INFO - [0m23:06:12  Running with dbt=1.7.11
[2024-04-15T19:06:13.282-0400] {subprocess.py:93} INFO - [0m23:06:13  Registered adapter: snowflake=1.7.3
[2024-04-15T19:06:13.422-0400] {subprocess.py:93} INFO - [0m23:06:13  Found 3 models, 1 source, 0 exposures, 0 metrics, 544 macros, 0 groups, 0 semantic models
[2024-04-15T19:06:13.423-0400] {subprocess.py:93} INFO - [0m23:06:13
[2024-04-15T19:06:14.486-0400] {subprocess.py:93} INFO - [0m23:06:14  Concurrency: 1 threads (target='dev')
[2024-04-15T19:06:14.486-0400] {subprocess.py:93} INFO - [0m23:06:14
[2024-04-15T19:06:14.489-0400] {subprocess.py:93} INFO - [0m23:06:14  1 of 3 START sql view model DEV.raw_data_processing ............................ [RUN]
[2024-04-15T19:06:15.521-0400] {subprocess.py:93} INFO - [0m23:06:15  1 of 3 OK created sql view model DEV.raw_data_processing ....................... [[32mSUCCESS 1[0m in 1.03s]
[2024-04-15T19:06:15.522-0400] {subprocess.py:93} INFO - [0m23:06:15  2 of 3 START sql view model DEV.flatten ........................................ [RUN]
[2024-04-15T19:06:16.113-0400] {subprocess.py:93} INFO - [0m23:06:16  2 of 3 OK created sql view model DEV.flatten ................................... [[32mSUCCESS 1[0m in 0.59s]
[2024-04-15T19:06:16.114-0400] {subprocess.py:93} INFO - [0m23:06:16  3 of 3 START sql table model DEV.aggregation ................................... [RUN]
[2024-04-15T19:06:17.346-0400] {subprocess.py:93} INFO - [0m23:06:17  3 of 3 OK created sql table model DEV.aggregation .............................. [[32mSUCCESS 1[0m in 1.23s]
[2024-04-15T19:06:17.348-0400] {subprocess.py:93} INFO - [0m23:06:17
[2024-04-15T19:06:17.349-0400] {subprocess.py:93} INFO - [0m23:06:17  Finished running 2 view models, 1 table model in 0 hours 0 minutes and 3.92 seconds (3.92s).
[2024-04-15T19:06:17.360-0400] {subprocess.py:93} INFO - [0m23:06:17
[2024-04-15T19:06:17.361-0400] {subprocess.py:93} INFO - [0m23:06:17  [32mCompleted successfully[0m
[2024-04-15T19:06:17.361-0400] {subprocess.py:93} INFO - [0m23:06:17
[2024-04-15T19:06:17.362-0400] {subprocess.py:93} INFO - [0m23:06:17  Done. PASS=3 WARN=0 ERROR=0 SKIP=0 TOTAL=3
[2024-04-15T19:06:17.831-0400] {subprocess.py:97} INFO - Command exited with return code 0
[2024-04-15T19:06:17.833-0400] {taskinstance.py:441} INFO - ::group::Post task execution logs
[2024-04-15T19:06:17.846-0400] {taskinstance.py:1205} INFO - Marking task as SUCCESS. dag_id=preprocessing_dag, task_id=bash_task, execution_date=20240124T000000, start_date=20240415T230610, end_date=20240415T230617
[2024-04-15T19:06:17.865-0400] {local_task_job_runner.py:240} INFO - Task exited with return code 0
[2024-04-15T19:06:17.874-0400] {taskinstance.py:3482} INFO - 1 downstream tasks scheduled from follow-on schedule check
[2024-04-15T19:06:17.875-0400] {local_task_job_runner.py:222} INFO - ::endgroup::
