[2024-04-15T20:49:33.871-0400] {local_task_job_runner.py:120} INFO - ::group::Pre task execution logs
[2024-04-15T20:49:33.894-0400] {taskinstance.py:2073} INFO - Dependencies all met for dep_context=non-requeueable deps ti=<TaskInstance: preprocessing_dag.bash_task manual__2024-04-16T00:39:38.374586+00:00 [queued]>
[2024-04-15T20:49:33.898-0400] {taskinstance.py:2073} INFO - Dependencies all met for dep_context=requeueable deps ti=<TaskInstance: preprocessing_dag.bash_task manual__2024-04-16T00:39:38.374586+00:00 [queued]>
[2024-04-15T20:49:33.898-0400] {taskinstance.py:2303} INFO - Starting attempt 1 of 2
[2024-04-15T20:49:33.906-0400] {taskinstance.py:2327} INFO - Executing <Task(BashOperator): bash_task> on 2024-04-16 00:39:38.374586+00:00
[2024-04-15T20:49:33.911-0400] {standard_task_runner.py:63} INFO - Started process 53475 to run task
[2024-04-15T20:49:33.914-0400] {standard_task_runner.py:90} INFO - Running: ['airflow', 'tasks', 'run', 'preprocessing_dag', 'bash_task', 'manual__2024-04-16T00:39:38.374586+00:00', '--job-id', '246', '--raw', '--subdir', 'DAGS_FOLDER/preprocessing_dag.py', '--cfg-path', '/var/folders/rf/bv8hf2w15f1f30n5rv6mfypr0000gn/T/tmpszgssnqa']
[2024-04-15T20:49:33.917-0400] {standard_task_runner.py:91} INFO - Job 246: Subtask bash_task
[2024-04-15T20:49:33.947-0400] {task_command.py:426} INFO - Running <TaskInstance: preprocessing_dag.bash_task manual__2024-04-16T00:39:38.374586+00:00 [running]> on host manis-macbook-air.local
[2024-04-15T20:49:33.984-0400] {taskinstance.py:2644} INFO - Exporting env vars: AIRFLOW_CTX_DAG_OWNER='airflow' AIRFLOW_CTX_DAG_ID='preprocessing_dag' AIRFLOW_CTX_TASK_ID='bash_task' AIRFLOW_CTX_EXECUTION_DATE='2024-04-16T00:39:38.374586+00:00' AIRFLOW_CTX_TRY_NUMBER='1' AIRFLOW_CTX_DAG_RUN_ID='manual__2024-04-16T00:39:38.374586+00:00'
[2024-04-15T20:49:33.985-0400] {taskinstance.py:430} INFO - ::endgroup::
[2024-04-15T20:49:33.997-0400] {subprocess.py:63} INFO - Tmp dir root location: /var/folders/rf/bv8hf2w15f1f30n5rv6mfypr0000gn/T
[2024-04-15T20:49:33.998-0400] {subprocess.py:75} INFO - Running command: ['/bin/bash', '-c', 'cd /Users/manideepakreddyaila/Desktop/projects/Legal_Insights_Engine/cap_dbt && dbt run']
[2024-04-15T20:49:34.003-0400] {subprocess.py:86} INFO - Output:
[2024-04-15T20:49:36.060-0400] {subprocess.py:93} INFO - [0m00:49:36  Running with dbt=1.7.11
[2024-04-15T20:49:38.894-0400] {subprocess.py:93} INFO - [0m00:49:38  Registered adapter: snowflake=1.7.3
[2024-04-15T20:49:39.417-0400] {subprocess.py:93} INFO - [0m00:49:39  Found 3 models, 1 source, 0 exposures, 0 metrics, 544 macros, 0 groups, 0 semantic models
[2024-04-15T20:49:39.420-0400] {subprocess.py:93} INFO - [0m00:49:39
[2024-04-15T20:49:40.624-0400] {subprocess.py:93} INFO - [0m00:49:40  Concurrency: 1 threads (target='dev')
[2024-04-15T20:49:40.627-0400] {subprocess.py:93} INFO - [0m00:49:40
[2024-04-15T20:49:40.629-0400] {subprocess.py:93} INFO - [0m00:49:40  1 of 3 START sql view model DEV.raw_data_processing ............................ [RUN]
[2024-04-15T20:49:41.536-0400] {subprocess.py:93} INFO - [0m00:49:41  1 of 3 OK created sql view model DEV.raw_data_processing ....................... [[32mSUCCESS 1[0m in 0.91s]
[2024-04-15T20:49:41.538-0400] {subprocess.py:93} INFO - [0m00:49:41  2 of 3 START sql view model DEV.flatten ........................................ [RUN]
[2024-04-15T20:49:42.065-0400] {subprocess.py:93} INFO - [0m00:49:42  2 of 3 OK created sql view model DEV.flatten ................................... [[32mSUCCESS 1[0m in 0.53s]
[2024-04-15T20:49:42.067-0400] {subprocess.py:93} INFO - [0m00:49:42  3 of 3 START sql table model DEV.aggregation ................................... [RUN]
[2024-04-15T20:49:43.927-0400] {subprocess.py:93} INFO - [0m00:49:43  3 of 3 OK created sql table model DEV.aggregation .............................. [[32mSUCCESS 1[0m in 1.86s]
[2024-04-15T20:49:43.936-0400] {subprocess.py:93} INFO - [0m00:49:43
[2024-04-15T20:49:43.937-0400] {subprocess.py:93} INFO - [0m00:49:43  Finished running 2 view models, 1 table model in 0 hours 0 minutes and 4.52 seconds (4.52s).
[2024-04-15T20:49:43.955-0400] {subprocess.py:93} INFO - [0m00:49:43
[2024-04-15T20:49:43.955-0400] {subprocess.py:93} INFO - [0m00:49:43  [32mCompleted successfully[0m
[2024-04-15T20:49:43.958-0400] {subprocess.py:93} INFO - [0m00:49:43
[2024-04-15T20:49:43.959-0400] {subprocess.py:93} INFO - [0m00:49:43  Done. PASS=3 WARN=0 ERROR=0 SKIP=0 TOTAL=3
[2024-04-15T20:49:44.885-0400] {subprocess.py:97} INFO - Command exited with return code 0
[2024-04-15T20:49:44.888-0400] {taskinstance.py:441} INFO - ::group::Post task execution logs
[2024-04-15T20:49:44.917-0400] {taskinstance.py:1205} INFO - Marking task as SUCCESS. dag_id=preprocessing_dag, task_id=bash_task, execution_date=20240416T003938, start_date=20240416T004933, end_date=20240416T004944
[2024-04-15T20:49:44.972-0400] {local_task_job_runner.py:240} INFO - Task exited with return code 0
[2024-04-15T20:49:44.987-0400] {taskinstance.py:3482} INFO - 1 downstream tasks scheduled from follow-on schedule check
[2024-04-15T20:49:44.988-0400] {local_task_job_runner.py:222} INFO - ::endgroup::
