[2024-04-15T19:11:54.980-0400] {local_task_job_runner.py:120} INFO - ::group::Pre task execution logs
[2024-04-15T19:11:54.998-0400] {taskinstance.py:2073} INFO - Dependencies all met for dep_context=non-requeueable deps ti=<TaskInstance: preprocessing_dag.bash_task scheduled__2024-02-12T00:00:00+00:00 [queued]>
[2024-04-15T19:11:55.002-0400] {taskinstance.py:2073} INFO - Dependencies all met for dep_context=requeueable deps ti=<TaskInstance: preprocessing_dag.bash_task scheduled__2024-02-12T00:00:00+00:00 [queued]>
[2024-04-15T19:11:55.002-0400] {taskinstance.py:2303} INFO - Starting attempt 1 of 2
[2024-04-15T19:11:55.010-0400] {taskinstance.py:2327} INFO - Executing <Task(BashOperator): bash_task> on 2024-02-12 00:00:00+00:00
[2024-04-15T19:11:55.015-0400] {standard_task_runner.py:63} INFO - Started process 49776 to run task
[2024-04-15T19:11:55.020-0400] {standard_task_runner.py:90} INFO - Running: ['airflow', 'tasks', 'run', 'preprocessing_dag', 'bash_task', 'scheduled__2024-02-12T00:00:00+00:00', '--job-id', '135', '--raw', '--subdir', 'DAGS_FOLDER/preprocessing_dag.py', '--cfg-path', '/var/folders/rf/bv8hf2w15f1f30n5rv6mfypr0000gn/T/tmpy3737bid']
[2024-04-15T19:11:55.023-0400] {standard_task_runner.py:91} INFO - Job 135: Subtask bash_task
[2024-04-15T19:11:55.048-0400] {task_command.py:426} INFO - Running <TaskInstance: preprocessing_dag.bash_task scheduled__2024-02-12T00:00:00+00:00 [running]> on host manis-macbook-air.local
[2024-04-15T19:11:55.086-0400] {taskinstance.py:2644} INFO - Exporting env vars: AIRFLOW_CTX_DAG_OWNER='airflow' AIRFLOW_CTX_DAG_ID='preprocessing_dag' AIRFLOW_CTX_TASK_ID='bash_task' AIRFLOW_CTX_EXECUTION_DATE='2024-02-12T00:00:00+00:00' AIRFLOW_CTX_TRY_NUMBER='1' AIRFLOW_CTX_DAG_RUN_ID='scheduled__2024-02-12T00:00:00+00:00'
[2024-04-15T19:11:55.087-0400] {taskinstance.py:430} INFO - ::endgroup::
[2024-04-15T19:11:55.088-0400] {subprocess.py:63} INFO - Tmp dir root location: /var/folders/rf/bv8hf2w15f1f30n5rv6mfypr0000gn/T
[2024-04-15T19:11:55.088-0400] {subprocess.py:75} INFO - Running command: ['/bin/bash', '-c', 'cd /Users/manideepakreddyaila/Desktop/projects/Legal_Insights_Engine/cap_dbt && dbt run']
[2024-04-15T19:11:55.093-0400] {subprocess.py:86} INFO - Output:
[2024-04-15T19:11:56.918-0400] {subprocess.py:93} INFO - [0m23:11:56  Running with dbt=1.7.11
[2024-04-15T19:11:58.009-0400] {subprocess.py:93} INFO - [0m23:11:58  Registered adapter: snowflake=1.7.3
[2024-04-15T19:11:58.159-0400] {subprocess.py:93} INFO - [0m23:11:58  Found 3 models, 1 source, 0 exposures, 0 metrics, 544 macros, 0 groups, 0 semantic models
[2024-04-15T19:11:58.161-0400] {subprocess.py:93} INFO - [0m23:11:58
[2024-04-15T19:11:59.205-0400] {subprocess.py:93} INFO - [0m23:11:59  Concurrency: 1 threads (target='dev')
[2024-04-15T19:11:59.206-0400] {subprocess.py:93} INFO - [0m23:11:59
[2024-04-15T19:11:59.208-0400] {subprocess.py:93} INFO - [0m23:11:59  1 of 3 START sql view model DEV.raw_data_processing ............................ [RUN]
[2024-04-15T19:11:59.826-0400] {subprocess.py:93} INFO - [0m23:11:59  1 of 3 OK created sql view model DEV.raw_data_processing ....................... [[32mSUCCESS 1[0m in 0.62s]
[2024-04-15T19:11:59.827-0400] {subprocess.py:93} INFO - [0m23:11:59  2 of 3 START sql view model DEV.flatten ........................................ [RUN]
[2024-04-15T19:12:00.343-0400] {subprocess.py:93} INFO - [0m23:12:00  2 of 3 OK created sql view model DEV.flatten ................................... [[32mSUCCESS 1[0m in 0.51s]
[2024-04-15T19:12:00.344-0400] {subprocess.py:93} INFO - [0m23:12:00  3 of 3 START sql table model DEV.aggregation ................................... [RUN]
[2024-04-15T19:12:01.924-0400] {subprocess.py:93} INFO - [0m23:12:01  3 of 3 OK created sql table model DEV.aggregation .............................. [[32mSUCCESS 1[0m in 1.58s]
[2024-04-15T19:12:01.927-0400] {subprocess.py:93} INFO - [0m23:12:01
[2024-04-15T19:12:01.928-0400] {subprocess.py:93} INFO - [0m23:12:01  Finished running 2 view models, 1 table model in 0 hours 0 minutes and 3.77 seconds (3.77s).
[2024-04-15T19:12:01.937-0400] {subprocess.py:93} INFO - [0m23:12:01
[2024-04-15T19:12:01.938-0400] {subprocess.py:93} INFO - [0m23:12:01  [32mCompleted successfully[0m
[2024-04-15T19:12:01.938-0400] {subprocess.py:93} INFO - [0m23:12:01
[2024-04-15T19:12:01.939-0400] {subprocess.py:93} INFO - [0m23:12:01  Done. PASS=3 WARN=0 ERROR=0 SKIP=0 TOTAL=3
[2024-04-15T19:12:02.420-0400] {subprocess.py:97} INFO - Command exited with return code 0
[2024-04-15T19:12:02.422-0400] {taskinstance.py:441} INFO - ::group::Post task execution logs
[2024-04-15T19:12:02.440-0400] {taskinstance.py:1205} INFO - Marking task as SUCCESS. dag_id=preprocessing_dag, task_id=bash_task, execution_date=20240212T000000, start_date=20240415T231154, end_date=20240415T231202
[2024-04-15T19:12:02.452-0400] {local_task_job_runner.py:240} INFO - Task exited with return code 0
[2024-04-15T19:12:02.463-0400] {taskinstance.py:3482} INFO - 1 downstream tasks scheduled from follow-on schedule check
[2024-04-15T19:12:02.463-0400] {local_task_job_runner.py:222} INFO - ::endgroup::
