[2024-04-15T20:31:37.404-0400] {local_task_job_runner.py:120} INFO - ::group::Pre task execution logs
[2024-04-15T20:31:37.428-0400] {taskinstance.py:2073} INFO - Dependencies all met for dep_context=non-requeueable deps ti=<TaskInstance: preprocessing_dag.bash_task scheduled__2024-03-02T00:00:00+00:00 [queued]>
[2024-04-15T20:31:37.432-0400] {taskinstance.py:2073} INFO - Dependencies all met for dep_context=requeueable deps ti=<TaskInstance: preprocessing_dag.bash_task scheduled__2024-03-02T00:00:00+00:00 [queued]>
[2024-04-15T20:31:37.432-0400] {taskinstance.py:2303} INFO - Starting attempt 1 of 2
[2024-04-15T20:31:37.444-0400] {taskinstance.py:2327} INFO - Executing <Task(BashOperator): bash_task> on 2024-03-02 00:00:00+00:00
[2024-04-15T20:31:37.448-0400] {standard_task_runner.py:63} INFO - Started process 52410 to run task
[2024-04-15T20:31:37.457-0400] {standard_task_runner.py:90} INFO - Running: ['airflow', 'tasks', 'run', 'preprocessing_dag', 'bash_task', 'scheduled__2024-03-02T00:00:00+00:00', '--job-id', '176', '--raw', '--subdir', 'DAGS_FOLDER/preprocessing_dag.py', '--cfg-path', '/var/folders/rf/bv8hf2w15f1f30n5rv6mfypr0000gn/T/tmp85xtcq05']
[2024-04-15T20:31:37.462-0400] {standard_task_runner.py:91} INFO - Job 176: Subtask bash_task
[2024-04-15T20:31:37.494-0400] {task_command.py:426} INFO - Running <TaskInstance: preprocessing_dag.bash_task scheduled__2024-03-02T00:00:00+00:00 [running]> on host manis-macbook-air.local
[2024-04-15T20:31:37.545-0400] {taskinstance.py:2644} INFO - Exporting env vars: AIRFLOW_CTX_DAG_OWNER='airflow' AIRFLOW_CTX_DAG_ID='preprocessing_dag' AIRFLOW_CTX_TASK_ID='bash_task' AIRFLOW_CTX_EXECUTION_DATE='2024-03-02T00:00:00+00:00' AIRFLOW_CTX_TRY_NUMBER='1' AIRFLOW_CTX_DAG_RUN_ID='scheduled__2024-03-02T00:00:00+00:00'
[2024-04-15T20:31:37.546-0400] {taskinstance.py:430} INFO - ::endgroup::
[2024-04-15T20:31:37.561-0400] {subprocess.py:63} INFO - Tmp dir root location: /var/folders/rf/bv8hf2w15f1f30n5rv6mfypr0000gn/T
[2024-04-15T20:31:37.563-0400] {subprocess.py:75} INFO - Running command: ['/bin/bash', '-c', 'cd /Users/manideepakreddyaila/Desktop/projects/Legal_Insights_Engine/cap_dbt && dbt run']
[2024-04-15T20:31:37.568-0400] {subprocess.py:86} INFO - Output:
[2024-04-15T20:31:41.016-0400] {subprocess.py:93} INFO - [0m00:31:41  Running with dbt=1.7.11
[2024-04-15T20:31:42.692-0400] {subprocess.py:93} INFO - [0m00:31:42  Registered adapter: snowflake=1.7.3
[2024-04-15T20:31:42.860-0400] {subprocess.py:93} INFO - [0m00:31:42  Found 3 models, 1 source, 0 exposures, 0 metrics, 544 macros, 0 groups, 0 semantic models
[2024-04-15T20:31:42.863-0400] {subprocess.py:93} INFO - [0m00:31:42
[2024-04-15T20:31:44.706-0400] {subprocess.py:93} INFO - [0m00:31:44  Concurrency: 1 threads (target='dev')
[2024-04-15T20:31:44.707-0400] {subprocess.py:93} INFO - [0m00:31:44
[2024-04-15T20:31:44.709-0400] {subprocess.py:93} INFO - [0m00:31:44  1 of 3 START sql view model DEV.raw_data_processing ............................ [RUN]
[2024-04-15T20:31:45.229-0400] {subprocess.py:93} INFO - [0m00:31:45  1 of 3 OK created sql view model DEV.raw_data_processing ....................... [[32mSUCCESS 1[0m in 0.52s]
[2024-04-15T20:31:45.232-0400] {subprocess.py:93} INFO - [0m00:31:45  2 of 3 START sql view model DEV.flatten ........................................ [RUN]
[2024-04-15T20:31:45.703-0400] {subprocess.py:93} INFO - [0m00:31:45  2 of 3 OK created sql view model DEV.flatten ................................... [[32mSUCCESS 1[0m in 0.47s]
[2024-04-15T20:31:45.709-0400] {subprocess.py:93} INFO - [0m00:31:45  3 of 3 START sql table model DEV.aggregation ................................... [RUN]
[2024-04-15T20:31:47.783-0400] {subprocess.py:93} INFO - [0m00:31:47  3 of 3 OK created sql table model DEV.aggregation .............................. [[32mSUCCESS 1[0m in 2.08s]
[2024-04-15T20:31:47.786-0400] {subprocess.py:93} INFO - [0m00:31:47
[2024-04-15T20:31:47.787-0400] {subprocess.py:93} INFO - [0m00:31:47  Finished running 2 view models, 1 table model in 0 hours 0 minutes and 4.92 seconds (4.92s).
[2024-04-15T20:31:47.798-0400] {subprocess.py:93} INFO - [0m00:31:47
[2024-04-15T20:31:47.799-0400] {subprocess.py:93} INFO - [0m00:31:47  [32mCompleted successfully[0m
[2024-04-15T20:31:47.800-0400] {subprocess.py:93} INFO - [0m00:31:47
[2024-04-15T20:31:47.801-0400] {subprocess.py:93} INFO - [0m00:31:47  Done. PASS=3 WARN=0 ERROR=0 SKIP=0 TOTAL=3
[2024-04-15T20:31:48.415-0400] {subprocess.py:97} INFO - Command exited with return code 0
[2024-04-15T20:31:48.418-0400] {taskinstance.py:441} INFO - ::group::Post task execution logs
[2024-04-15T20:31:48.440-0400] {taskinstance.py:1205} INFO - Marking task as SUCCESS. dag_id=preprocessing_dag, task_id=bash_task, execution_date=20240302T000000, start_date=20240416T003137, end_date=20240416T003148
[2024-04-15T20:31:48.474-0400] {local_task_job_runner.py:240} INFO - Task exited with return code 0
[2024-04-15T20:31:48.489-0400] {taskinstance.py:3482} INFO - 1 downstream tasks scheduled from follow-on schedule check
[2024-04-15T20:31:48.490-0400] {local_task_job_runner.py:222} INFO - ::endgroup::
