[2024-04-15T19:11:29.004-0400] {local_task_job_runner.py:120} INFO - ::group::Pre task execution logs
[2024-04-15T19:11:29.024-0400] {taskinstance.py:2073} INFO - Dependencies all met for dep_context=non-requeueable deps ti=<TaskInstance: preprocessing_dag.bash_task scheduled__2024-02-10T00:00:00+00:00 [queued]>
[2024-04-15T19:11:29.027-0400] {taskinstance.py:2073} INFO - Dependencies all met for dep_context=requeueable deps ti=<TaskInstance: preprocessing_dag.bash_task scheduled__2024-02-10T00:00:00+00:00 [queued]>
[2024-04-15T19:11:29.028-0400] {taskinstance.py:2303} INFO - Starting attempt 1 of 2
[2024-04-15T19:11:29.035-0400] {taskinstance.py:2327} INFO - Executing <Task(BashOperator): bash_task> on 2024-02-10 00:00:00+00:00
[2024-04-15T19:11:29.041-0400] {standard_task_runner.py:63} INFO - Started process 49754 to run task
[2024-04-15T19:11:29.046-0400] {standard_task_runner.py:90} INFO - Running: ['airflow', 'tasks', 'run', 'preprocessing_dag', 'bash_task', 'scheduled__2024-02-10T00:00:00+00:00', '--job-id', '132', '--raw', '--subdir', 'DAGS_FOLDER/preprocessing_dag.py', '--cfg-path', '/var/folders/rf/bv8hf2w15f1f30n5rv6mfypr0000gn/T/tmp49ue0ik3']
[2024-04-15T19:11:29.049-0400] {standard_task_runner.py:91} INFO - Job 132: Subtask bash_task
[2024-04-15T19:11:29.096-0400] {task_command.py:426} INFO - Running <TaskInstance: preprocessing_dag.bash_task scheduled__2024-02-10T00:00:00+00:00 [running]> on host manis-macbook-air.local
[2024-04-15T19:11:29.137-0400] {taskinstance.py:2644} INFO - Exporting env vars: AIRFLOW_CTX_DAG_OWNER='airflow' AIRFLOW_CTX_DAG_ID='preprocessing_dag' AIRFLOW_CTX_TASK_ID='bash_task' AIRFLOW_CTX_EXECUTION_DATE='2024-02-10T00:00:00+00:00' AIRFLOW_CTX_TRY_NUMBER='1' AIRFLOW_CTX_DAG_RUN_ID='scheduled__2024-02-10T00:00:00+00:00'
[2024-04-15T19:11:29.138-0400] {taskinstance.py:430} INFO - ::endgroup::
[2024-04-15T19:11:29.139-0400] {subprocess.py:63} INFO - Tmp dir root location: /var/folders/rf/bv8hf2w15f1f30n5rv6mfypr0000gn/T
[2024-04-15T19:11:29.139-0400] {subprocess.py:75} INFO - Running command: ['/bin/bash', '-c', 'cd /Users/manideepakreddyaila/Desktop/projects/Legal_Insights_Engine/cap_dbt && dbt run']
[2024-04-15T19:11:29.150-0400] {subprocess.py:86} INFO - Output:
[2024-04-15T19:11:31.108-0400] {subprocess.py:93} INFO - [0m23:11:31  Running with dbt=1.7.11
[2024-04-15T19:11:32.257-0400] {subprocess.py:93} INFO - [0m23:11:32  Registered adapter: snowflake=1.7.3
[2024-04-15T19:11:32.412-0400] {subprocess.py:93} INFO - [0m23:11:32  Found 3 models, 1 source, 0 exposures, 0 metrics, 544 macros, 0 groups, 0 semantic models
[2024-04-15T19:11:32.413-0400] {subprocess.py:93} INFO - [0m23:11:32
[2024-04-15T19:11:33.747-0400] {subprocess.py:93} INFO - [0m23:11:33  Concurrency: 1 threads (target='dev')
[2024-04-15T19:11:33.748-0400] {subprocess.py:93} INFO - [0m23:11:33
[2024-04-15T19:11:33.750-0400] {subprocess.py:93} INFO - [0m23:11:33  1 of 3 START sql view model DEV.raw_data_processing ............................ [RUN]
[2024-04-15T19:11:34.296-0400] {subprocess.py:93} INFO - [0m23:11:34  1 of 3 OK created sql view model DEV.raw_data_processing ....................... [[32mSUCCESS 1[0m in 0.55s]
[2024-04-15T19:11:34.298-0400] {subprocess.py:93} INFO - [0m23:11:34  2 of 3 START sql view model DEV.flatten ........................................ [RUN]
[2024-04-15T19:11:35.030-0400] {subprocess.py:93} INFO - [0m23:11:35  2 of 3 OK created sql view model DEV.flatten ................................... [[32mSUCCESS 1[0m in 0.73s]
[2024-04-15T19:11:35.032-0400] {subprocess.py:93} INFO - [0m23:11:35  3 of 3 START sql table model DEV.aggregation ................................... [RUN]
[2024-04-15T19:11:36.124-0400] {subprocess.py:93} INFO - [0m23:11:36  3 of 3 OK created sql table model DEV.aggregation .............................. [[32mSUCCESS 1[0m in 1.09s]
[2024-04-15T19:11:36.126-0400] {subprocess.py:93} INFO - [0m23:11:36
[2024-04-15T19:11:36.126-0400] {subprocess.py:93} INFO - [0m23:11:36  Finished running 2 view models, 1 table model in 0 hours 0 minutes and 3.71 seconds (3.71s).
[2024-04-15T19:11:36.138-0400] {subprocess.py:93} INFO - [0m23:11:36
[2024-04-15T19:11:36.139-0400] {subprocess.py:93} INFO - [0m23:11:36  [32mCompleted successfully[0m
[2024-04-15T19:11:36.139-0400] {subprocess.py:93} INFO - [0m23:11:36
[2024-04-15T19:11:36.140-0400] {subprocess.py:93} INFO - [0m23:11:36  Done. PASS=3 WARN=0 ERROR=0 SKIP=0 TOTAL=3
[2024-04-15T19:11:36.649-0400] {subprocess.py:97} INFO - Command exited with return code 0
[2024-04-15T19:11:36.651-0400] {taskinstance.py:441} INFO - ::group::Post task execution logs
[2024-04-15T19:11:36.665-0400] {taskinstance.py:1205} INFO - Marking task as SUCCESS. dag_id=preprocessing_dag, task_id=bash_task, execution_date=20240210T000000, start_date=20240415T231129, end_date=20240415T231136
[2024-04-15T19:11:36.719-0400] {local_task_job_runner.py:240} INFO - Task exited with return code 0
[2024-04-15T19:11:36.730-0400] {taskinstance.py:3482} INFO - 1 downstream tasks scheduled from follow-on schedule check
[2024-04-15T19:11:36.730-0400] {local_task_job_runner.py:222} INFO - ::endgroup::
