[2024-04-15T19:11:06.365-0400] {local_task_job_runner.py:120} INFO - ::group::Pre task execution logs
[2024-04-15T19:11:06.383-0400] {taskinstance.py:2073} INFO - Dependencies all met for dep_context=non-requeueable deps ti=<TaskInstance: preprocessing_dag.bash_task scheduled__2024-02-09T00:00:00+00:00 [queued]>
[2024-04-15T19:11:06.387-0400] {taskinstance.py:2073} INFO - Dependencies all met for dep_context=requeueable deps ti=<TaskInstance: preprocessing_dag.bash_task scheduled__2024-02-09T00:00:00+00:00 [queued]>
[2024-04-15T19:11:06.388-0400] {taskinstance.py:2303} INFO - Starting attempt 1 of 2
[2024-04-15T19:11:06.394-0400] {taskinstance.py:2327} INFO - Executing <Task(BashOperator): bash_task> on 2024-02-09 00:00:00+00:00
[2024-04-15T19:11:06.400-0400] {standard_task_runner.py:63} INFO - Started process 49735 to run task
[2024-04-15T19:11:06.405-0400] {standard_task_runner.py:90} INFO - Running: ['airflow', 'tasks', 'run', 'preprocessing_dag', 'bash_task', 'scheduled__2024-02-09T00:00:00+00:00', '--job-id', '129', '--raw', '--subdir', 'DAGS_FOLDER/preprocessing_dag.py', '--cfg-path', '/var/folders/rf/bv8hf2w15f1f30n5rv6mfypr0000gn/T/tmp63_yfank']
[2024-04-15T19:11:06.411-0400] {standard_task_runner.py:91} INFO - Job 129: Subtask bash_task
[2024-04-15T19:11:06.443-0400] {task_command.py:426} INFO - Running <TaskInstance: preprocessing_dag.bash_task scheduled__2024-02-09T00:00:00+00:00 [running]> on host manis-macbook-air.local
[2024-04-15T19:11:06.487-0400] {taskinstance.py:2644} INFO - Exporting env vars: AIRFLOW_CTX_DAG_OWNER='airflow' AIRFLOW_CTX_DAG_ID='preprocessing_dag' AIRFLOW_CTX_TASK_ID='bash_task' AIRFLOW_CTX_EXECUTION_DATE='2024-02-09T00:00:00+00:00' AIRFLOW_CTX_TRY_NUMBER='1' AIRFLOW_CTX_DAG_RUN_ID='scheduled__2024-02-09T00:00:00+00:00'
[2024-04-15T19:11:06.489-0400] {taskinstance.py:430} INFO - ::endgroup::
[2024-04-15T19:11:06.490-0400] {subprocess.py:63} INFO - Tmp dir root location: /var/folders/rf/bv8hf2w15f1f30n5rv6mfypr0000gn/T
[2024-04-15T19:11:06.492-0400] {subprocess.py:75} INFO - Running command: ['/bin/bash', '-c', 'cd /Users/manideepakreddyaila/Desktop/projects/Legal_Insights_Engine/cap_dbt && dbt run']
[2024-04-15T19:11:06.498-0400] {subprocess.py:86} INFO - Output:
[2024-04-15T19:11:08.558-0400] {subprocess.py:93} INFO - [0m23:11:08  Running with dbt=1.7.11
[2024-04-15T19:11:09.769-0400] {subprocess.py:93} INFO - [0m23:11:09  Registered adapter: snowflake=1.7.3
[2024-04-15T19:11:09.950-0400] {subprocess.py:93} INFO - [0m23:11:09  Found 3 models, 1 source, 0 exposures, 0 metrics, 544 macros, 0 groups, 0 semantic models
[2024-04-15T19:11:09.952-0400] {subprocess.py:93} INFO - [0m23:11:09
[2024-04-15T19:11:11.321-0400] {subprocess.py:93} INFO - [0m23:11:11  Concurrency: 1 threads (target='dev')
[2024-04-15T19:11:11.321-0400] {subprocess.py:93} INFO - [0m23:11:11
[2024-04-15T19:11:11.325-0400] {subprocess.py:93} INFO - [0m23:11:11  1 of 3 START sql view model DEV.raw_data_processing ............................ [RUN]
[2024-04-15T19:11:11.842-0400] {subprocess.py:93} INFO - [0m23:11:11  1 of 3 OK created sql view model DEV.raw_data_processing ....................... [[32mSUCCESS 1[0m in 0.52s]
[2024-04-15T19:11:11.844-0400] {subprocess.py:93} INFO - [0m23:11:11  2 of 3 START sql view model DEV.flatten ........................................ [RUN]
[2024-04-15T19:11:12.331-0400] {subprocess.py:93} INFO - [0m23:11:12  2 of 3 OK created sql view model DEV.flatten ................................... [[32mSUCCESS 1[0m in 0.49s]
[2024-04-15T19:11:12.333-0400] {subprocess.py:93} INFO - [0m23:11:12  3 of 3 START sql table model DEV.aggregation ................................... [RUN]
[2024-04-15T19:11:13.626-0400] {subprocess.py:93} INFO - [0m23:11:13  3 of 3 OK created sql table model DEV.aggregation .............................. [[32mSUCCESS 1[0m in 1.29s]
[2024-04-15T19:11:13.633-0400] {subprocess.py:93} INFO - [0m23:11:13
[2024-04-15T19:11:13.633-0400] {subprocess.py:93} INFO - [0m23:11:13  Finished running 2 view models, 1 table model in 0 hours 0 minutes and 3.68 seconds (3.68s).
[2024-04-15T19:11:13.648-0400] {subprocess.py:93} INFO - [0m23:11:13
[2024-04-15T19:11:13.649-0400] {subprocess.py:93} INFO - [0m23:11:13  [32mCompleted successfully[0m
[2024-04-15T19:11:13.649-0400] {subprocess.py:93} INFO - [0m23:11:13
[2024-04-15T19:11:13.650-0400] {subprocess.py:93} INFO - [0m23:11:13  Done. PASS=3 WARN=0 ERROR=0 SKIP=0 TOTAL=3
[2024-04-15T19:11:14.455-0400] {subprocess.py:97} INFO - Command exited with return code 0
[2024-04-15T19:11:14.458-0400] {taskinstance.py:441} INFO - ::group::Post task execution logs
[2024-04-15T19:11:14.488-0400] {taskinstance.py:1205} INFO - Marking task as SUCCESS. dag_id=preprocessing_dag, task_id=bash_task, execution_date=20240209T000000, start_date=20240415T231106, end_date=20240415T231114
[2024-04-15T19:11:14.524-0400] {local_task_job_runner.py:240} INFO - Task exited with return code 0
[2024-04-15T19:11:14.549-0400] {taskinstance.py:3482} INFO - 1 downstream tasks scheduled from follow-on schedule check
[2024-04-15T19:11:14.550-0400] {local_task_job_runner.py:222} INFO - ::endgroup::
