[2024-04-15T13:34:17.230-0400] {local_task_job_runner.py:120} INFO - ::group::Pre task execution logs
[2024-04-15T13:34:17.241-0400] {taskinstance.py:2073} INFO - Dependencies all met for dep_context=non-requeueable deps ti=<TaskInstance: preprocessing_dag.bash_task scheduled__2024-01-05T00:00:00+00:00 [queued]>
[2024-04-15T13:34:17.243-0400] {taskinstance.py:2073} INFO - Dependencies all met for dep_context=requeueable deps ti=<TaskInstance: preprocessing_dag.bash_task scheduled__2024-01-05T00:00:00+00:00 [queued]>
[2024-04-15T13:34:17.243-0400] {taskinstance.py:2303} INFO - Starting attempt 1 of 2
[2024-04-15T13:34:17.247-0400] {taskinstance.py:2327} INFO - Executing <Task(BashOperator): bash_task> on 2024-01-05 00:00:00+00:00
[2024-04-15T13:34:17.251-0400] {standard_task_runner.py:63} INFO - Started process 47785 to run task
[2024-04-15T13:34:17.253-0400] {standard_task_runner.py:90} INFO - Running: ['airflow', 'tasks', 'run', 'preprocessing_dag', 'bash_task', 'scheduled__2024-01-05T00:00:00+00:00', '--job-id', '16', '--raw', '--subdir', 'DAGS_FOLDER/preprocessing_dag.py', '--cfg-path', '/var/folders/rf/bv8hf2w15f1f30n5rv6mfypr0000gn/T/tmpyccbeomh']
[2024-04-15T13:34:17.255-0400] {standard_task_runner.py:91} INFO - Job 16: Subtask bash_task
[2024-04-15T13:34:17.282-0400] {task_command.py:426} INFO - Running <TaskInstance: preprocessing_dag.bash_task scheduled__2024-01-05T00:00:00+00:00 [running]> on host manis-macbook-air.local
[2024-04-15T13:34:17.303-0400] {taskinstance.py:2644} INFO - Exporting env vars: AIRFLOW_CTX_DAG_OWNER='airflow' AIRFLOW_CTX_DAG_ID='preprocessing_dag' AIRFLOW_CTX_TASK_ID='bash_task' AIRFLOW_CTX_EXECUTION_DATE='2024-01-05T00:00:00+00:00' AIRFLOW_CTX_TRY_NUMBER='1' AIRFLOW_CTX_DAG_RUN_ID='scheduled__2024-01-05T00:00:00+00:00'
[2024-04-15T13:34:17.304-0400] {taskinstance.py:430} INFO - ::endgroup::
[2024-04-15T13:34:17.305-0400] {subprocess.py:63} INFO - Tmp dir root location: /var/folders/rf/bv8hf2w15f1f30n5rv6mfypr0000gn/T
[2024-04-15T13:34:17.305-0400] {subprocess.py:75} INFO - Running command: ['/bin/bash', '-c', 'cd /Users/manideepakreddyaila/Desktop/projects/Legal_Insights_Engine/cap_dbt && dbt run']
[2024-04-15T13:34:17.309-0400] {subprocess.py:86} INFO - Output:
[2024-04-15T13:34:18.381-0400] {subprocess.py:93} INFO - [0m17:34:18  Running with dbt=1.7.11
[2024-04-15T13:34:19.018-0400] {subprocess.py:93} INFO - [0m17:34:19  Registered adapter: snowflake=1.7.3
[2024-04-15T13:34:19.108-0400] {subprocess.py:93} INFO - [0m17:34:19  Found 3 models, 1 source, 0 exposures, 0 metrics, 544 macros, 0 groups, 0 semantic models
[2024-04-15T13:34:19.109-0400] {subprocess.py:93} INFO - [0m17:34:19
[2024-04-15T13:34:20.143-0400] {subprocess.py:93} INFO - [0m17:34:20  Concurrency: 1 threads (target='dev')
[2024-04-15T13:34:20.145-0400] {subprocess.py:93} INFO - [0m17:34:20
[2024-04-15T13:34:20.151-0400] {subprocess.py:93} INFO - [0m17:34:20  1 of 3 START sql view model DEV.raw_data_processing ............................ [RUN]
[2024-04-15T13:34:21.011-0400] {subprocess.py:93} INFO - [0m17:34:21  1 of 3 OK created sql view model DEV.raw_data_processing ....................... [[32mSUCCESS 1[0m in 0.86s]
[2024-04-15T13:34:21.015-0400] {subprocess.py:93} INFO - [0m17:34:21  2 of 3 START sql view model DEV.flatten ........................................ [RUN]
[2024-04-15T13:34:21.583-0400] {subprocess.py:93} INFO - [0m17:34:21  2 of 3 OK created sql view model DEV.flatten ................................... [[32mSUCCESS 1[0m in 0.56s]
[2024-04-15T13:34:21.587-0400] {subprocess.py:93} INFO - [0m17:34:21  3 of 3 START sql table model DEV.aggregation ................................... [RUN]
[2024-04-15T13:34:23.355-0400] {subprocess.py:93} INFO - [0m17:34:23  3 of 3 OK created sql table model DEV.aggregation .............................. [[32mSUCCESS 1[0m in 1.76s]
[2024-04-15T13:34:23.364-0400] {subprocess.py:93} INFO - [0m17:34:23
[2024-04-15T13:34:23.365-0400] {subprocess.py:93} INFO - [0m17:34:23  Finished running 2 view models, 1 table model in 0 hours 0 minutes and 4.25 seconds (4.25s).
[2024-04-15T13:34:23.385-0400] {subprocess.py:93} INFO - [0m17:34:23
[2024-04-15T13:34:23.386-0400] {subprocess.py:93} INFO - [0m17:34:23  [32mCompleted successfully[0m
[2024-04-15T13:34:23.387-0400] {subprocess.py:93} INFO - [0m17:34:23
[2024-04-15T13:34:23.388-0400] {subprocess.py:93} INFO - [0m17:34:23  Done. PASS=3 WARN=0 ERROR=0 SKIP=0 TOTAL=3
[2024-04-15T13:34:23.714-0400] {subprocess.py:97} INFO - Command exited with return code 0
[2024-04-15T13:34:23.715-0400] {taskinstance.py:441} INFO - ::group::Post task execution logs
[2024-04-15T13:34:23.725-0400] {taskinstance.py:1205} INFO - Marking task as SUCCESS. dag_id=preprocessing_dag, task_id=bash_task, execution_date=20240105T000000, start_date=20240415T173417, end_date=20240415T173423
[2024-04-15T13:34:23.746-0400] {local_task_job_runner.py:240} INFO - Task exited with return code 0
[2024-04-15T13:34:23.755-0400] {taskinstance.py:3482} INFO - 1 downstream tasks scheduled from follow-on schedule check
[2024-04-15T13:34:23.756-0400] {local_task_job_runner.py:222} INFO - ::endgroup::
