[2024-04-15T19:07:43.829-0400] {local_task_job_runner.py:120} INFO - ::group::Pre task execution logs
[2024-04-15T19:07:43.847-0400] {taskinstance.py:2073} INFO - Dependencies all met for dep_context=non-requeueable deps ti=<TaskInstance: preprocessing_dag.bash_task scheduled__2024-01-30T00:00:00+00:00 [queued]>
[2024-04-15T19:07:43.851-0400] {taskinstance.py:2073} INFO - Dependencies all met for dep_context=requeueable deps ti=<TaskInstance: preprocessing_dag.bash_task scheduled__2024-01-30T00:00:00+00:00 [queued]>
[2024-04-15T19:07:43.851-0400] {taskinstance.py:2303} INFO - Starting attempt 1 of 2
[2024-04-15T19:07:43.857-0400] {taskinstance.py:2327} INFO - Executing <Task(BashOperator): bash_task> on 2024-01-30 00:00:00+00:00
[2024-04-15T19:07:43.862-0400] {standard_task_runner.py:63} INFO - Started process 49578 to run task
[2024-04-15T19:07:43.868-0400] {standard_task_runner.py:90} INFO - Running: ['airflow', 'tasks', 'run', 'preprocessing_dag', 'bash_task', 'scheduled__2024-01-30T00:00:00+00:00', '--job-id', '109', '--raw', '--subdir', 'DAGS_FOLDER/preprocessing_dag.py', '--cfg-path', '/var/folders/rf/bv8hf2w15f1f30n5rv6mfypr0000gn/T/tmpslafgwzi']
[2024-04-15T19:07:43.872-0400] {standard_task_runner.py:91} INFO - Job 109: Subtask bash_task
[2024-04-15T19:07:43.900-0400] {task_command.py:426} INFO - Running <TaskInstance: preprocessing_dag.bash_task scheduled__2024-01-30T00:00:00+00:00 [running]> on host manis-macbook-air.local
[2024-04-15T19:07:43.939-0400] {taskinstance.py:2644} INFO - Exporting env vars: AIRFLOW_CTX_DAG_OWNER='airflow' AIRFLOW_CTX_DAG_ID='preprocessing_dag' AIRFLOW_CTX_TASK_ID='bash_task' AIRFLOW_CTX_EXECUTION_DATE='2024-01-30T00:00:00+00:00' AIRFLOW_CTX_TRY_NUMBER='1' AIRFLOW_CTX_DAG_RUN_ID='scheduled__2024-01-30T00:00:00+00:00'
[2024-04-15T19:07:43.941-0400] {taskinstance.py:430} INFO - ::endgroup::
[2024-04-15T19:07:43.941-0400] {subprocess.py:63} INFO - Tmp dir root location: /var/folders/rf/bv8hf2w15f1f30n5rv6mfypr0000gn/T
[2024-04-15T19:07:43.942-0400] {subprocess.py:75} INFO - Running command: ['/bin/bash', '-c', 'cd /Users/manideepakreddyaila/Desktop/projects/Legal_Insights_Engine/cap_dbt && dbt run']
[2024-04-15T19:07:43.948-0400] {subprocess.py:86} INFO - Output:
[2024-04-15T19:07:45.794-0400] {subprocess.py:93} INFO - [0m23:07:45  Running with dbt=1.7.11
[2024-04-15T19:07:46.892-0400] {subprocess.py:93} INFO - [0m23:07:46  Registered adapter: snowflake=1.7.3
[2024-04-15T19:07:47.036-0400] {subprocess.py:93} INFO - [0m23:07:47  Found 3 models, 1 source, 0 exposures, 0 metrics, 544 macros, 0 groups, 0 semantic models
[2024-04-15T19:07:47.038-0400] {subprocess.py:93} INFO - [0m23:07:47
[2024-04-15T19:07:48.386-0400] {subprocess.py:93} INFO - [0m23:07:48  Concurrency: 1 threads (target='dev')
[2024-04-15T19:07:48.387-0400] {subprocess.py:93} INFO - [0m23:07:48
[2024-04-15T19:07:48.390-0400] {subprocess.py:93} INFO - [0m23:07:48  1 of 3 START sql view model DEV.raw_data_processing ............................ [RUN]
[2024-04-15T19:07:49.417-0400] {subprocess.py:93} INFO - [0m23:07:49  1 of 3 OK created sql view model DEV.raw_data_processing ....................... [[32mSUCCESS 1[0m in 1.03s]
[2024-04-15T19:07:49.418-0400] {subprocess.py:93} INFO - [0m23:07:49  2 of 3 START sql view model DEV.flatten ........................................ [RUN]
[2024-04-15T19:07:49.871-0400] {subprocess.py:93} INFO - [0m23:07:49  2 of 3 OK created sql view model DEV.flatten ................................... [[32mSUCCESS 1[0m in 0.45s]
[2024-04-15T19:07:49.873-0400] {subprocess.py:93} INFO - [0m23:07:49  3 of 3 START sql table model DEV.aggregation ................................... [RUN]
[2024-04-15T19:07:51.343-0400] {subprocess.py:93} INFO - [0m23:07:51  3 of 3 OK created sql table model DEV.aggregation .............................. [[32mSUCCESS 1[0m in 1.47s]
[2024-04-15T19:07:51.345-0400] {subprocess.py:93} INFO - [0m23:07:51
[2024-04-15T19:07:51.346-0400] {subprocess.py:93} INFO - [0m23:07:51  Finished running 2 view models, 1 table model in 0 hours 0 minutes and 4.31 seconds (4.31s).
[2024-04-15T19:07:51.356-0400] {subprocess.py:93} INFO - [0m23:07:51
[2024-04-15T19:07:51.357-0400] {subprocess.py:93} INFO - [0m23:07:51  [32mCompleted successfully[0m
[2024-04-15T19:07:51.358-0400] {subprocess.py:93} INFO - [0m23:07:51
[2024-04-15T19:07:51.359-0400] {subprocess.py:93} INFO - [0m23:07:51  Done. PASS=3 WARN=0 ERROR=0 SKIP=0 TOTAL=3
[2024-04-15T19:07:51.840-0400] {subprocess.py:97} INFO - Command exited with return code 0
[2024-04-15T19:07:51.841-0400] {taskinstance.py:441} INFO - ::group::Post task execution logs
[2024-04-15T19:07:51.854-0400] {taskinstance.py:1205} INFO - Marking task as SUCCESS. dag_id=preprocessing_dag, task_id=bash_task, execution_date=20240130T000000, start_date=20240415T230743, end_date=20240415T230751
[2024-04-15T19:07:51.874-0400] {local_task_job_runner.py:240} INFO - Task exited with return code 0
[2024-04-15T19:07:51.884-0400] {taskinstance.py:3482} INFO - 1 downstream tasks scheduled from follow-on schedule check
[2024-04-15T19:07:51.884-0400] {local_task_job_runner.py:222} INFO - ::endgroup::
