[2024-04-15T19:09:45.580-0400] {local_task_job_runner.py:120} INFO - ::group::Pre task execution logs
[2024-04-15T19:09:45.607-0400] {taskinstance.py:2073} INFO - Dependencies all met for dep_context=non-requeueable deps ti=<TaskInstance: preprocessing_dag.bash_task scheduled__2024-02-04T00:00:00+00:00 [queued]>
[2024-04-15T19:09:45.611-0400] {taskinstance.py:2073} INFO - Dependencies all met for dep_context=requeueable deps ti=<TaskInstance: preprocessing_dag.bash_task scheduled__2024-02-04T00:00:00+00:00 [queued]>
[2024-04-15T19:09:45.611-0400] {taskinstance.py:2303} INFO - Starting attempt 1 of 2
[2024-04-15T19:09:45.619-0400] {taskinstance.py:2327} INFO - Executing <Task(BashOperator): bash_task> on 2024-02-04 00:00:00+00:00
[2024-04-15T19:09:45.624-0400] {standard_task_runner.py:63} INFO - Started process 49662 to run task
[2024-04-15T19:09:45.628-0400] {standard_task_runner.py:90} INFO - Running: ['airflow', 'tasks', 'run', 'preprocessing_dag', 'bash_task', 'scheduled__2024-02-04T00:00:00+00:00', '--job-id', '120', '--raw', '--subdir', 'DAGS_FOLDER/preprocessing_dag.py', '--cfg-path', '/var/folders/rf/bv8hf2w15f1f30n5rv6mfypr0000gn/T/tmpqq9le_mb']
[2024-04-15T19:09:45.633-0400] {standard_task_runner.py:91} INFO - Job 120: Subtask bash_task
[2024-04-15T19:09:45.665-0400] {task_command.py:426} INFO - Running <TaskInstance: preprocessing_dag.bash_task scheduled__2024-02-04T00:00:00+00:00 [running]> on host manis-macbook-air.local
[2024-04-15T19:09:45.699-0400] {taskinstance.py:2644} INFO - Exporting env vars: AIRFLOW_CTX_DAG_OWNER='airflow' AIRFLOW_CTX_DAG_ID='preprocessing_dag' AIRFLOW_CTX_TASK_ID='bash_task' AIRFLOW_CTX_EXECUTION_DATE='2024-02-04T00:00:00+00:00' AIRFLOW_CTX_TRY_NUMBER='1' AIRFLOW_CTX_DAG_RUN_ID='scheduled__2024-02-04T00:00:00+00:00'
[2024-04-15T19:09:45.700-0400] {taskinstance.py:430} INFO - ::endgroup::
[2024-04-15T19:09:45.701-0400] {subprocess.py:63} INFO - Tmp dir root location: /var/folders/rf/bv8hf2w15f1f30n5rv6mfypr0000gn/T
[2024-04-15T19:09:45.702-0400] {subprocess.py:75} INFO - Running command: ['/bin/bash', '-c', 'cd /Users/manideepakreddyaila/Desktop/projects/Legal_Insights_Engine/cap_dbt && dbt run']
[2024-04-15T19:09:45.708-0400] {subprocess.py:86} INFO - Output:
[2024-04-15T19:09:47.721-0400] {subprocess.py:93} INFO - [0m23:09:47  Running with dbt=1.7.11
[2024-04-15T19:09:48.856-0400] {subprocess.py:93} INFO - [0m23:09:48  Registered adapter: snowflake=1.7.3
[2024-04-15T19:09:48.999-0400] {subprocess.py:93} INFO - [0m23:09:48  Found 3 models, 1 source, 0 exposures, 0 metrics, 544 macros, 0 groups, 0 semantic models
[2024-04-15T19:09:49.000-0400] {subprocess.py:93} INFO - [0m23:09:49
[2024-04-15T19:09:50.135-0400] {subprocess.py:93} INFO - [0m23:09:50  Concurrency: 1 threads (target='dev')
[2024-04-15T19:09:50.136-0400] {subprocess.py:93} INFO - [0m23:09:50
[2024-04-15T19:09:50.137-0400] {subprocess.py:93} INFO - [0m23:09:50  1 of 3 START sql view model DEV.raw_data_processing ............................ [RUN]
[2024-04-15T19:09:50.626-0400] {subprocess.py:93} INFO - [0m23:09:50  1 of 3 OK created sql view model DEV.raw_data_processing ....................... [[32mSUCCESS 1[0m in 0.49s]
[2024-04-15T19:09:50.627-0400] {subprocess.py:93} INFO - [0m23:09:50  2 of 3 START sql view model DEV.flatten ........................................ [RUN]
[2024-04-15T19:09:51.469-0400] {subprocess.py:93} INFO - [0m23:09:51  2 of 3 OK created sql view model DEV.flatten ................................... [[32mSUCCESS 1[0m in 0.84s]
[2024-04-15T19:09:51.470-0400] {subprocess.py:93} INFO - [0m23:09:51  3 of 3 START sql table model DEV.aggregation ................................... [RUN]
[2024-04-15T19:09:52.720-0400] {subprocess.py:93} INFO - [0m23:09:52  3 of 3 OK created sql table model DEV.aggregation .............................. [[32mSUCCESS 1[0m in 1.25s]
[2024-04-15T19:09:52.722-0400] {subprocess.py:93} INFO - [0m23:09:52
[2024-04-15T19:09:52.722-0400] {subprocess.py:93} INFO - [0m23:09:52  Finished running 2 view models, 1 table model in 0 hours 0 minutes and 3.72 seconds (3.72s).
[2024-04-15T19:09:52.731-0400] {subprocess.py:93} INFO - [0m23:09:52
[2024-04-15T19:09:52.732-0400] {subprocess.py:93} INFO - [0m23:09:52  [32mCompleted successfully[0m
[2024-04-15T19:09:52.733-0400] {subprocess.py:93} INFO - [0m23:09:52
[2024-04-15T19:09:52.733-0400] {subprocess.py:93} INFO - [0m23:09:52  Done. PASS=3 WARN=0 ERROR=0 SKIP=0 TOTAL=3
[2024-04-15T19:09:53.188-0400] {subprocess.py:97} INFO - Command exited with return code 0
[2024-04-15T19:09:53.190-0400] {taskinstance.py:441} INFO - ::group::Post task execution logs
[2024-04-15T19:09:53.202-0400] {taskinstance.py:1205} INFO - Marking task as SUCCESS. dag_id=preprocessing_dag, task_id=bash_task, execution_date=20240204T000000, start_date=20240415T230945, end_date=20240415T230953
[2024-04-15T19:09:53.253-0400] {local_task_job_runner.py:240} INFO - Task exited with return code 0
[2024-04-15T19:09:53.263-0400] {taskinstance.py:3482} INFO - 1 downstream tasks scheduled from follow-on schedule check
[2024-04-15T19:09:53.264-0400] {local_task_job_runner.py:222} INFO - ::endgroup::
