[2024-04-15T19:48:35.283-0400] {local_task_job_runner.py:120} INFO - ::group::Pre task execution logs
[2024-04-15T19:48:35.305-0400] {taskinstance.py:2073} INFO - Dependencies all met for dep_context=non-requeueable deps ti=<TaskInstance: preprocessing_dag.bash_task scheduled__2024-02-18T00:00:00+00:00 [queued]>
[2024-04-15T19:48:35.309-0400] {taskinstance.py:2073} INFO - Dependencies all met for dep_context=requeueable deps ti=<TaskInstance: preprocessing_dag.bash_task scheduled__2024-02-18T00:00:00+00:00 [queued]>
[2024-04-15T19:48:35.309-0400] {taskinstance.py:2303} INFO - Starting attempt 2 of 2
[2024-04-15T19:48:35.316-0400] {taskinstance.py:2327} INFO - Executing <Task(BashOperator): bash_task> on 2024-02-18 00:00:00+00:00
[2024-04-15T19:48:35.321-0400] {standard_task_runner.py:63} INFO - Started process 50173 to run task
[2024-04-15T19:48:35.326-0400] {standard_task_runner.py:90} INFO - Running: ['airflow', 'tasks', 'run', 'preprocessing_dag', 'bash_task', 'scheduled__2024-02-18T00:00:00+00:00', '--job-id', '150', '--raw', '--subdir', 'DAGS_FOLDER/preprocessing_dag.py', '--cfg-path', '/var/folders/rf/bv8hf2w15f1f30n5rv6mfypr0000gn/T/tmphgnonyki']
[2024-04-15T19:48:35.328-0400] {standard_task_runner.py:91} INFO - Job 150: Subtask bash_task
[2024-04-15T19:48:35.363-0400] {task_command.py:426} INFO - Running <TaskInstance: preprocessing_dag.bash_task scheduled__2024-02-18T00:00:00+00:00 [running]> on host manis-macbook-air.local
[2024-04-15T19:48:35.411-0400] {taskinstance.py:2644} INFO - Exporting env vars: AIRFLOW_CTX_DAG_OWNER='airflow' AIRFLOW_CTX_DAG_ID='preprocessing_dag' AIRFLOW_CTX_TASK_ID='bash_task' AIRFLOW_CTX_EXECUTION_DATE='2024-02-18T00:00:00+00:00' AIRFLOW_CTX_TRY_NUMBER='2' AIRFLOW_CTX_DAG_RUN_ID='scheduled__2024-02-18T00:00:00+00:00'
[2024-04-15T19:48:35.412-0400] {taskinstance.py:430} INFO - ::endgroup::
[2024-04-15T19:48:35.426-0400] {subprocess.py:63} INFO - Tmp dir root location: /var/folders/rf/bv8hf2w15f1f30n5rv6mfypr0000gn/T
[2024-04-15T19:48:35.426-0400] {subprocess.py:75} INFO - Running command: ['/bin/bash', '-c', 'cd /Users/manideepakreddyaila/Desktop/projects/Legal_Insights_Engine/cap_dbt && dbt run']
[2024-04-15T19:48:35.434-0400] {subprocess.py:86} INFO - Output:
[2024-04-15T19:48:38.313-0400] {subprocess.py:93} INFO - [0m23:48:38  Running with dbt=1.7.11
[2024-04-15T19:48:42.573-0400] {subprocess.py:93} INFO - [0m23:48:42  Registered adapter: snowflake=1.7.3
[2024-04-15T19:48:43.058-0400] {subprocess.py:93} INFO - [0m23:48:43  Found 3 models, 1 source, 0 exposures, 0 metrics, 544 macros, 0 groups, 0 semantic models
[2024-04-15T19:48:43.061-0400] {subprocess.py:93} INFO - [0m23:48:43
[2024-04-15T19:48:44.939-0400] {subprocess.py:93} INFO - [0m23:48:44  Concurrency: 1 threads (target='dev')
[2024-04-15T19:48:44.971-0400] {subprocess.py:93} INFO - [0m23:48:44
[2024-04-15T19:48:44.979-0400] {subprocess.py:93} INFO - [0m23:48:44  1 of 3 START sql view model DEV.raw_data_processing ............................ [RUN]
[2024-04-15T19:48:46.410-0400] {subprocess.py:93} INFO - [0m23:48:46  1 of 3 OK created sql view model DEV.raw_data_processing ....................... [[32mSUCCESS 1[0m in 1.40s]
[2024-04-15T19:48:46.443-0400] {subprocess.py:93} INFO - [0m23:48:46  2 of 3 START sql view model DEV.flatten ........................................ [RUN]
[2024-04-15T19:48:47.272-0400] {subprocess.py:93} INFO - [0m23:48:47  2 of 3 OK created sql view model DEV.flatten ................................... [[32mSUCCESS 1[0m in 0.83s]
[2024-04-15T19:48:47.273-0400] {subprocess.py:93} INFO - [0m23:48:47  3 of 3 START sql table model DEV.aggregation ................................... [RUN]
[2024-04-15T19:48:49.660-0400] {subprocess.py:93} INFO - [0m23:48:49  3 of 3 OK created sql table model DEV.aggregation .............................. [[32mSUCCESS 1[0m in 2.37s]
[2024-04-15T19:48:49.672-0400] {subprocess.py:93} INFO - [0m23:48:49
[2024-04-15T19:48:49.673-0400] {subprocess.py:93} INFO - [0m23:48:49  Finished running 2 view models, 1 table model in 0 hours 0 minutes and 6.61 seconds (6.61s).
[2024-04-15T19:48:49.701-0400] {subprocess.py:93} INFO - [0m23:48:49
[2024-04-15T19:48:49.702-0400] {subprocess.py:93} INFO - [0m23:48:49  [32mCompleted successfully[0m
[2024-04-15T19:48:49.703-0400] {subprocess.py:93} INFO - [0m23:48:49
[2024-04-15T19:48:49.703-0400] {subprocess.py:93} INFO - [0m23:48:49  Done. PASS=3 WARN=0 ERROR=0 SKIP=0 TOTAL=3
[2024-04-15T19:48:50.499-0400] {subprocess.py:97} INFO - Command exited with return code 0
[2024-04-15T19:48:50.501-0400] {taskinstance.py:441} INFO - ::group::Post task execution logs
[2024-04-15T19:48:50.527-0400] {taskinstance.py:1205} INFO - Marking task as SUCCESS. dag_id=preprocessing_dag, task_id=bash_task, execution_date=20240218T000000, start_date=20240415T234835, end_date=20240415T234850
[2024-04-15T19:48:50.557-0400] {local_task_job_runner.py:240} INFO - Task exited with return code 0
[2024-04-15T19:48:50.592-0400] {taskinstance.py:3482} INFO - 1 downstream tasks scheduled from follow-on schedule check
[2024-04-15T19:48:50.593-0400] {local_task_job_runner.py:222} INFO - ::endgroup::
