[2024-04-15T19:10:10.587-0400] {local_task_job_runner.py:120} INFO - ::group::Pre task execution logs
[2024-04-15T19:10:10.605-0400] {taskinstance.py:2073} INFO - Dependencies all met for dep_context=non-requeueable deps ti=<TaskInstance: preprocessing_dag.bash_task scheduled__2024-02-06T00:00:00+00:00 [queued]>
[2024-04-15T19:10:10.609-0400] {taskinstance.py:2073} INFO - Dependencies all met for dep_context=requeueable deps ti=<TaskInstance: preprocessing_dag.bash_task scheduled__2024-02-06T00:00:00+00:00 [queued]>
[2024-04-15T19:10:10.609-0400] {taskinstance.py:2303} INFO - Starting attempt 1 of 2
[2024-04-15T19:10:10.615-0400] {taskinstance.py:2327} INFO - Executing <Task(BashOperator): bash_task> on 2024-02-06 00:00:00+00:00
[2024-04-15T19:10:10.620-0400] {standard_task_runner.py:63} INFO - Started process 49680 to run task
[2024-04-15T19:10:10.625-0400] {standard_task_runner.py:90} INFO - Running: ['airflow', 'tasks', 'run', 'preprocessing_dag', 'bash_task', 'scheduled__2024-02-06T00:00:00+00:00', '--job-id', '123', '--raw', '--subdir', 'DAGS_FOLDER/preprocessing_dag.py', '--cfg-path', '/var/folders/rf/bv8hf2w15f1f30n5rv6mfypr0000gn/T/tmp4l1rpt2w']
[2024-04-15T19:10:10.627-0400] {standard_task_runner.py:91} INFO - Job 123: Subtask bash_task
[2024-04-15T19:10:10.655-0400] {task_command.py:426} INFO - Running <TaskInstance: preprocessing_dag.bash_task scheduled__2024-02-06T00:00:00+00:00 [running]> on host manis-macbook-air.local
[2024-04-15T19:10:10.690-0400] {taskinstance.py:2644} INFO - Exporting env vars: AIRFLOW_CTX_DAG_OWNER='airflow' AIRFLOW_CTX_DAG_ID='preprocessing_dag' AIRFLOW_CTX_TASK_ID='bash_task' AIRFLOW_CTX_EXECUTION_DATE='2024-02-06T00:00:00+00:00' AIRFLOW_CTX_TRY_NUMBER='1' AIRFLOW_CTX_DAG_RUN_ID='scheduled__2024-02-06T00:00:00+00:00'
[2024-04-15T19:10:10.691-0400] {taskinstance.py:430} INFO - ::endgroup::
[2024-04-15T19:10:10.692-0400] {subprocess.py:63} INFO - Tmp dir root location: /var/folders/rf/bv8hf2w15f1f30n5rv6mfypr0000gn/T
[2024-04-15T19:10:10.692-0400] {subprocess.py:75} INFO - Running command: ['/bin/bash', '-c', 'cd /Users/manideepakreddyaila/Desktop/projects/Legal_Insights_Engine/cap_dbt && dbt run']
[2024-04-15T19:10:10.699-0400] {subprocess.py:86} INFO - Output:
[2024-04-15T19:10:12.527-0400] {subprocess.py:93} INFO - [0m23:10:12  Running with dbt=1.7.11
[2024-04-15T19:10:13.568-0400] {subprocess.py:93} INFO - [0m23:10:13  Registered adapter: snowflake=1.7.3
[2024-04-15T19:10:13.716-0400] {subprocess.py:93} INFO - [0m23:10:13  Found 3 models, 1 source, 0 exposures, 0 metrics, 544 macros, 0 groups, 0 semantic models
[2024-04-15T19:10:13.718-0400] {subprocess.py:93} INFO - [0m23:10:13
[2024-04-15T19:10:14.994-0400] {subprocess.py:93} INFO - [0m23:10:14  Concurrency: 1 threads (target='dev')
[2024-04-15T19:10:14.995-0400] {subprocess.py:93} INFO - [0m23:10:14
[2024-04-15T19:10:14.997-0400] {subprocess.py:93} INFO - [0m23:10:14  1 of 3 START sql view model DEV.raw_data_processing ............................ [RUN]
[2024-04-15T19:10:15.804-0400] {subprocess.py:93} INFO - [0m23:10:15  1 of 3 OK created sql view model DEV.raw_data_processing ....................... [[32mSUCCESS 1[0m in 0.81s]
[2024-04-15T19:10:15.806-0400] {subprocess.py:93} INFO - [0m23:10:15  2 of 3 START sql view model DEV.flatten ........................................ [RUN]
[2024-04-15T19:10:16.471-0400] {subprocess.py:93} INFO - [0m23:10:16  2 of 3 OK created sql view model DEV.flatten ................................... [[32mSUCCESS 1[0m in 0.66s]
[2024-04-15T19:10:16.473-0400] {subprocess.py:93} INFO - [0m23:10:16  3 of 3 START sql table model DEV.aggregation ................................... [RUN]
[2024-04-15T19:10:18.211-0400] {subprocess.py:93} INFO - [0m23:10:18  3 of 3 OK created sql table model DEV.aggregation .............................. [[32mSUCCESS 1[0m in 1.74s]
[2024-04-15T19:10:18.215-0400] {subprocess.py:93} INFO - [0m23:10:18
[2024-04-15T19:10:18.216-0400] {subprocess.py:93} INFO - [0m23:10:18  Finished running 2 view models, 1 table model in 0 hours 0 minutes and 4.50 seconds (4.50s).
[2024-04-15T19:10:18.225-0400] {subprocess.py:93} INFO - [0m23:10:18
[2024-04-15T19:10:18.226-0400] {subprocess.py:93} INFO - [0m23:10:18  [32mCompleted successfully[0m
[2024-04-15T19:10:18.227-0400] {subprocess.py:93} INFO - [0m23:10:18
[2024-04-15T19:10:18.227-0400] {subprocess.py:93} INFO - [0m23:10:18  Done. PASS=3 WARN=0 ERROR=0 SKIP=0 TOTAL=3
[2024-04-15T19:10:18.743-0400] {subprocess.py:97} INFO - Command exited with return code 0
[2024-04-15T19:10:18.746-0400] {taskinstance.py:441} INFO - ::group::Post task execution logs
[2024-04-15T19:10:18.761-0400] {taskinstance.py:1205} INFO - Marking task as SUCCESS. dag_id=preprocessing_dag, task_id=bash_task, execution_date=20240206T000000, start_date=20240415T231010, end_date=20240415T231018
[2024-04-15T19:10:18.781-0400] {local_task_job_runner.py:240} INFO - Task exited with return code 0
[2024-04-15T19:10:18.790-0400] {taskinstance.py:3482} INFO - 1 downstream tasks scheduled from follow-on schedule check
[2024-04-15T19:10:18.791-0400] {local_task_job_runner.py:222} INFO - ::endgroup::
