[2024-04-15T20:34:36.728-0400] {local_task_job_runner.py:120} INFO - ::group::Pre task execution logs
[2024-04-15T20:34:36.746-0400] {taskinstance.py:2073} INFO - Dependencies all met for dep_context=non-requeueable deps ti=<TaskInstance: preprocessing_dag.bash_task scheduled__2024-03-15T00:00:00+00:00 [queued]>
[2024-04-15T20:34:36.750-0400] {taskinstance.py:2073} INFO - Dependencies all met for dep_context=requeueable deps ti=<TaskInstance: preprocessing_dag.bash_task scheduled__2024-03-15T00:00:00+00:00 [queued]>
[2024-04-15T20:34:36.750-0400] {taskinstance.py:2303} INFO - Starting attempt 1 of 2
[2024-04-15T20:34:36.757-0400] {taskinstance.py:2327} INFO - Executing <Task(BashOperator): bash_task> on 2024-03-15 00:00:00+00:00
[2024-04-15T20:34:36.762-0400] {standard_task_runner.py:63} INFO - Started process 52683 to run task
[2024-04-15T20:34:36.767-0400] {standard_task_runner.py:90} INFO - Running: ['airflow', 'tasks', 'run', 'preprocessing_dag', 'bash_task', 'scheduled__2024-03-15T00:00:00+00:00', '--job-id', '201', '--raw', '--subdir', 'DAGS_FOLDER/preprocessing_dag.py', '--cfg-path', '/var/folders/rf/bv8hf2w15f1f30n5rv6mfypr0000gn/T/tmpznjg9fal']
[2024-04-15T20:34:36.769-0400] {standard_task_runner.py:91} INFO - Job 201: Subtask bash_task
[2024-04-15T20:34:36.793-0400] {task_command.py:426} INFO - Running <TaskInstance: preprocessing_dag.bash_task scheduled__2024-03-15T00:00:00+00:00 [running]> on host manis-macbook-air.local
[2024-04-15T20:34:36.836-0400] {taskinstance.py:2644} INFO - Exporting env vars: AIRFLOW_CTX_DAG_OWNER='airflow' AIRFLOW_CTX_DAG_ID='preprocessing_dag' AIRFLOW_CTX_TASK_ID='bash_task' AIRFLOW_CTX_EXECUTION_DATE='2024-03-15T00:00:00+00:00' AIRFLOW_CTX_TRY_NUMBER='1' AIRFLOW_CTX_DAG_RUN_ID='scheduled__2024-03-15T00:00:00+00:00'
[2024-04-15T20:34:36.836-0400] {taskinstance.py:430} INFO - ::endgroup::
[2024-04-15T20:34:36.848-0400] {subprocess.py:63} INFO - Tmp dir root location: /var/folders/rf/bv8hf2w15f1f30n5rv6mfypr0000gn/T
[2024-04-15T20:34:36.849-0400] {subprocess.py:75} INFO - Running command: ['/bin/bash', '-c', 'cd /Users/manideepakreddyaila/Desktop/projects/Legal_Insights_Engine/cap_dbt && dbt run']
[2024-04-15T20:34:36.854-0400] {subprocess.py:86} INFO - Output:
[2024-04-15T20:34:39.081-0400] {subprocess.py:93} INFO - [0m00:34:39  Running with dbt=1.7.11
[2024-04-15T20:34:40.414-0400] {subprocess.py:93} INFO - [0m00:34:40  Registered adapter: snowflake=1.7.3
[2024-04-15T20:34:40.609-0400] {subprocess.py:93} INFO - [0m00:34:40  Found 3 models, 1 source, 0 exposures, 0 metrics, 544 macros, 0 groups, 0 semantic models
[2024-04-15T20:34:40.612-0400] {subprocess.py:93} INFO - [0m00:34:40
[2024-04-15T20:34:42.095-0400] {subprocess.py:93} INFO - [0m00:34:42  Concurrency: 1 threads (target='dev')
[2024-04-15T20:34:42.096-0400] {subprocess.py:93} INFO - [0m00:34:42
[2024-04-15T20:34:42.098-0400] {subprocess.py:93} INFO - [0m00:34:42  1 of 3 START sql view model DEV.raw_data_processing ............................ [RUN]
[2024-04-15T20:34:42.613-0400] {subprocess.py:93} INFO - [0m00:34:42  1 of 3 OK created sql view model DEV.raw_data_processing ....................... [[32mSUCCESS 1[0m in 0.51s]
[2024-04-15T20:34:42.615-0400] {subprocess.py:93} INFO - [0m00:34:42  2 of 3 START sql view model DEV.flatten ........................................ [RUN]
[2024-04-15T20:34:43.459-0400] {subprocess.py:93} INFO - [0m00:34:43  2 of 3 OK created sql view model DEV.flatten ................................... [[32mSUCCESS 1[0m in 0.84s]
[2024-04-15T20:34:43.461-0400] {subprocess.py:93} INFO - [0m00:34:43  3 of 3 START sql table model DEV.aggregation ................................... [RUN]
[2024-04-15T20:34:44.674-0400] {subprocess.py:93} INFO - [0m00:34:44  3 of 3 OK created sql table model DEV.aggregation .............................. [[32mSUCCESS 1[0m in 1.21s]
[2024-04-15T20:34:44.676-0400] {subprocess.py:93} INFO - [0m00:34:44
[2024-04-15T20:34:44.677-0400] {subprocess.py:93} INFO - [0m00:34:44  Finished running 2 view models, 1 table model in 0 hours 0 minutes and 4.06 seconds (4.06s).
[2024-04-15T20:34:44.686-0400] {subprocess.py:93} INFO - [0m00:34:44
[2024-04-15T20:34:44.686-0400] {subprocess.py:93} INFO - [0m00:34:44  [32mCompleted successfully[0m
[2024-04-15T20:34:44.687-0400] {subprocess.py:93} INFO - [0m00:34:44
[2024-04-15T20:34:44.688-0400] {subprocess.py:93} INFO - [0m00:34:44  Done. PASS=3 WARN=0 ERROR=0 SKIP=0 TOTAL=3
[2024-04-15T20:34:45.189-0400] {subprocess.py:97} INFO - Command exited with return code 0
[2024-04-15T20:34:45.191-0400] {taskinstance.py:441} INFO - ::group::Post task execution logs
[2024-04-15T20:34:45.208-0400] {taskinstance.py:1205} INFO - Marking task as SUCCESS. dag_id=preprocessing_dag, task_id=bash_task, execution_date=20240315T000000, start_date=20240416T003436, end_date=20240416T003445
[2024-04-15T20:34:45.239-0400] {local_task_job_runner.py:240} INFO - Task exited with return code 0
[2024-04-15T20:34:45.252-0400] {taskinstance.py:3482} INFO - 1 downstream tasks scheduled from follow-on schedule check
[2024-04-15T20:34:45.253-0400] {local_task_job_runner.py:222} INFO - ::endgroup::
