[2024-04-15T20:38:06.624-0400] {local_task_job_runner.py:120} INFO - ::group::Pre task execution logs
[2024-04-15T20:38:06.692-0400] {taskinstance.py:2073} INFO - Dependencies all met for dep_context=non-requeueable deps ti=<TaskInstance: preprocessing_dag.bash_task scheduled__2024-03-29T00:00:00+00:00 [queued]>
[2024-04-15T20:38:06.699-0400] {taskinstance.py:2073} INFO - Dependencies all met for dep_context=requeueable deps ti=<TaskInstance: preprocessing_dag.bash_task scheduled__2024-03-29T00:00:00+00:00 [queued]>
[2024-04-15T20:38:06.699-0400] {taskinstance.py:2303} INFO - Starting attempt 1 of 2
[2024-04-15T20:38:06.712-0400] {taskinstance.py:2327} INFO - Executing <Task(BashOperator): bash_task> on 2024-03-29 00:00:00+00:00
[2024-04-15T20:38:06.718-0400] {standard_task_runner.py:63} INFO - Started process 52952 to run task
[2024-04-15T20:38:06.723-0400] {standard_task_runner.py:90} INFO - Running: ['airflow', 'tasks', 'run', 'preprocessing_dag', 'bash_task', 'scheduled__2024-03-29T00:00:00+00:00', '--job-id', '231', '--raw', '--subdir', 'DAGS_FOLDER/preprocessing_dag.py', '--cfg-path', '/var/folders/rf/bv8hf2w15f1f30n5rv6mfypr0000gn/T/tmpekj7icvc']
[2024-04-15T20:38:06.739-0400] {standard_task_runner.py:91} INFO - Job 231: Subtask bash_task
[2024-04-15T20:38:06.864-0400] {task_command.py:426} INFO - Running <TaskInstance: preprocessing_dag.bash_task scheduled__2024-03-29T00:00:00+00:00 [running]> on host manis-macbook-air.local
[2024-04-15T20:38:06.981-0400] {taskinstance.py:2644} INFO - Exporting env vars: AIRFLOW_CTX_DAG_OWNER='airflow' AIRFLOW_CTX_DAG_ID='preprocessing_dag' AIRFLOW_CTX_TASK_ID='bash_task' AIRFLOW_CTX_EXECUTION_DATE='2024-03-29T00:00:00+00:00' AIRFLOW_CTX_TRY_NUMBER='1' AIRFLOW_CTX_DAG_RUN_ID='scheduled__2024-03-29T00:00:00+00:00'
[2024-04-15T20:38:06.982-0400] {taskinstance.py:430} INFO - ::endgroup::
[2024-04-15T20:38:07.017-0400] {subprocess.py:63} INFO - Tmp dir root location: /var/folders/rf/bv8hf2w15f1f30n5rv6mfypr0000gn/T
[2024-04-15T20:38:07.019-0400] {subprocess.py:75} INFO - Running command: ['/bin/bash', '-c', 'cd /Users/manideepakreddyaila/Desktop/projects/Legal_Insights_Engine/cap_dbt && dbt run']
[2024-04-15T20:38:07.061-0400] {subprocess.py:86} INFO - Output:
[2024-04-15T20:38:11.822-0400] {subprocess.py:93} INFO - [0m00:38:11  Running with dbt=1.7.11
[2024-04-15T20:38:14.038-0400] {subprocess.py:93} INFO - [0m00:38:14  Registered adapter: snowflake=1.7.3
[2024-04-15T20:38:14.546-0400] {subprocess.py:93} INFO - [0m00:38:14  Found 3 models, 1 source, 0 exposures, 0 metrics, 544 macros, 0 groups, 0 semantic models
[2024-04-15T20:38:14.552-0400] {subprocess.py:93} INFO - [0m00:38:14
[2024-04-15T20:38:16.581-0400] {subprocess.py:93} INFO - [0m00:38:16  Concurrency: 1 threads (target='dev')
[2024-04-15T20:38:16.584-0400] {subprocess.py:93} INFO - [0m00:38:16
[2024-04-15T20:38:16.593-0400] {subprocess.py:93} INFO - [0m00:38:16  1 of 3 START sql view model DEV.raw_data_processing ............................ [RUN]
[2024-04-15T20:38:17.656-0400] {subprocess.py:93} INFO - [0m00:38:17  1 of 3 OK created sql view model DEV.raw_data_processing ....................... [[32mSUCCESS 1[0m in 1.06s]
[2024-04-15T20:38:17.669-0400] {subprocess.py:93} INFO - [0m00:38:17  2 of 3 START sql view model DEV.flatten ........................................ [RUN]
[2024-04-15T20:38:18.313-0400] {subprocess.py:93} INFO - [0m00:38:18  2 of 3 OK created sql view model DEV.flatten ................................... [[32mSUCCESS 1[0m in 0.64s]
[2024-04-15T20:38:18.320-0400] {subprocess.py:93} INFO - [0m00:38:18  3 of 3 START sql table model DEV.aggregation ................................... [RUN]
[2024-04-15T20:38:19.784-0400] {subprocess.py:93} INFO - [0m00:38:19  3 of 3 OK created sql table model DEV.aggregation .............................. [[32mSUCCESS 1[0m in 1.46s]
[2024-04-15T20:38:19.799-0400] {subprocess.py:93} INFO - [0m00:38:19
[2024-04-15T20:38:19.800-0400] {subprocess.py:93} INFO - [0m00:38:19  Finished running 2 view models, 1 table model in 0 hours 0 minutes and 5.24 seconds (5.24s).
[2024-04-15T20:38:19.854-0400] {subprocess.py:93} INFO - [0m00:38:19
[2024-04-15T20:38:19.855-0400] {subprocess.py:93} INFO - [0m00:38:19  [32mCompleted successfully[0m
[2024-04-15T20:38:19.856-0400] {subprocess.py:93} INFO - [0m00:38:19
[2024-04-15T20:38:19.857-0400] {subprocess.py:93} INFO - [0m00:38:19  Done. PASS=3 WARN=0 ERROR=0 SKIP=0 TOTAL=3
[2024-04-15T20:38:20.702-0400] {subprocess.py:97} INFO - Command exited with return code 0
[2024-04-15T20:38:20.705-0400] {taskinstance.py:441} INFO - ::group::Post task execution logs
[2024-04-15T20:38:20.742-0400] {taskinstance.py:1205} INFO - Marking task as SUCCESS. dag_id=preprocessing_dag, task_id=bash_task, execution_date=20240329T000000, start_date=20240416T003806, end_date=20240416T003820
[2024-04-15T20:38:20.762-0400] {local_task_job_runner.py:240} INFO - Task exited with return code 0
[2024-04-15T20:38:20.789-0400] {taskinstance.py:3482} INFO - 1 downstream tasks scheduled from follow-on schedule check
[2024-04-15T20:38:20.790-0400] {local_task_job_runner.py:222} INFO - ::endgroup::
