[2024-04-15T19:09:00.307-0400] {local_task_job_runner.py:120} INFO - ::group::Pre task execution logs
[2024-04-15T19:09:00.323-0400] {taskinstance.py:2073} INFO - Dependencies all met for dep_context=non-requeueable deps ti=<TaskInstance: preprocessing_dag.bash_task scheduled__2024-02-01T00:00:00+00:00 [queued]>
[2024-04-15T19:09:00.326-0400] {taskinstance.py:2073} INFO - Dependencies all met for dep_context=requeueable deps ti=<TaskInstance: preprocessing_dag.bash_task scheduled__2024-02-01T00:00:00+00:00 [queued]>
[2024-04-15T19:09:00.326-0400] {taskinstance.py:2303} INFO - Starting attempt 1 of 2
[2024-04-15T19:09:00.332-0400] {taskinstance.py:2327} INFO - Executing <Task(BashOperator): bash_task> on 2024-02-01 00:00:00+00:00
[2024-04-15T19:09:00.337-0400] {standard_task_runner.py:63} INFO - Started process 49624 to run task
[2024-04-15T19:09:00.341-0400] {standard_task_runner.py:90} INFO - Running: ['airflow', 'tasks', 'run', 'preprocessing_dag', 'bash_task', 'scheduled__2024-02-01T00:00:00+00:00', '--job-id', '114', '--raw', '--subdir', 'DAGS_FOLDER/preprocessing_dag.py', '--cfg-path', '/var/folders/rf/bv8hf2w15f1f30n5rv6mfypr0000gn/T/tmps_uadbvd']
[2024-04-15T19:09:00.344-0400] {standard_task_runner.py:91} INFO - Job 114: Subtask bash_task
[2024-04-15T19:09:00.384-0400] {task_command.py:426} INFO - Running <TaskInstance: preprocessing_dag.bash_task scheduled__2024-02-01T00:00:00+00:00 [running]> on host manis-macbook-air.local
[2024-04-15T19:09:00.419-0400] {taskinstance.py:2644} INFO - Exporting env vars: AIRFLOW_CTX_DAG_OWNER='airflow' AIRFLOW_CTX_DAG_ID='preprocessing_dag' AIRFLOW_CTX_TASK_ID='bash_task' AIRFLOW_CTX_EXECUTION_DATE='2024-02-01T00:00:00+00:00' AIRFLOW_CTX_TRY_NUMBER='1' AIRFLOW_CTX_DAG_RUN_ID='scheduled__2024-02-01T00:00:00+00:00'
[2024-04-15T19:09:00.420-0400] {taskinstance.py:430} INFO - ::endgroup::
[2024-04-15T19:09:00.420-0400] {subprocess.py:63} INFO - Tmp dir root location: /var/folders/rf/bv8hf2w15f1f30n5rv6mfypr0000gn/T
[2024-04-15T19:09:00.420-0400] {subprocess.py:75} INFO - Running command: ['/bin/bash', '-c', 'cd /Users/manideepakreddyaila/Desktop/projects/Legal_Insights_Engine/cap_dbt && dbt run']
[2024-04-15T19:09:00.427-0400] {subprocess.py:86} INFO - Output:
[2024-04-15T19:09:02.136-0400] {subprocess.py:93} INFO - [0m23:09:02  Running with dbt=1.7.11
[2024-04-15T19:09:03.200-0400] {subprocess.py:93} INFO - [0m23:09:03  Registered adapter: snowflake=1.7.3
[2024-04-15T19:09:03.341-0400] {subprocess.py:93} INFO - [0m23:09:03  Found 3 models, 1 source, 0 exposures, 0 metrics, 544 macros, 0 groups, 0 semantic models
[2024-04-15T19:09:03.343-0400] {subprocess.py:93} INFO - [0m23:09:03
[2024-04-15T19:09:04.999-0400] {subprocess.py:93} INFO - [0m23:09:04  Concurrency: 1 threads (target='dev')
[2024-04-15T19:09:05.001-0400] {subprocess.py:93} INFO - [0m23:09:04
[2024-04-15T19:09:05.003-0400] {subprocess.py:93} INFO - [0m23:09:05  1 of 3 START sql view model DEV.raw_data_processing ............................ [RUN]
[2024-04-15T19:09:05.539-0400] {subprocess.py:93} INFO - [0m23:09:05  1 of 3 OK created sql view model DEV.raw_data_processing ....................... [[32mSUCCESS 1[0m in 0.54s]
[2024-04-15T19:09:05.540-0400] {subprocess.py:93} INFO - [0m23:09:05  2 of 3 START sql view model DEV.flatten ........................................ [RUN]
[2024-04-15T19:09:06.004-0400] {subprocess.py:93} INFO - [0m23:09:06  2 of 3 OK created sql view model DEV.flatten ................................... [[32mSUCCESS 1[0m in 0.46s]
[2024-04-15T19:09:06.006-0400] {subprocess.py:93} INFO - [0m23:09:06  3 of 3 START sql table model DEV.aggregation ................................... [RUN]
[2024-04-15T19:09:07.625-0400] {subprocess.py:93} INFO - [0m23:09:07  3 of 3 OK created sql table model DEV.aggregation .............................. [[32mSUCCESS 1[0m in 1.62s]
[2024-04-15T19:09:07.627-0400] {subprocess.py:93} INFO - [0m23:09:07
[2024-04-15T19:09:07.628-0400] {subprocess.py:93} INFO - [0m23:09:07  Finished running 2 view models, 1 table model in 0 hours 0 minutes and 4.28 seconds (4.28s).
[2024-04-15T19:09:07.636-0400] {subprocess.py:93} INFO - [0m23:09:07
[2024-04-15T19:09:07.637-0400] {subprocess.py:93} INFO - [0m23:09:07  [32mCompleted successfully[0m
[2024-04-15T19:09:07.638-0400] {subprocess.py:93} INFO - [0m23:09:07
[2024-04-15T19:09:07.639-0400] {subprocess.py:93} INFO - [0m23:09:07  Done. PASS=3 WARN=0 ERROR=0 SKIP=0 TOTAL=3
[2024-04-15T19:09:08.739-0400] {subprocess.py:97} INFO - Command exited with return code 0
[2024-04-15T19:09:08.742-0400] {taskinstance.py:441} INFO - ::group::Post task execution logs
[2024-04-15T19:09:08.754-0400] {taskinstance.py:1205} INFO - Marking task as SUCCESS. dag_id=preprocessing_dag, task_id=bash_task, execution_date=20240201T000000, start_date=20240415T230900, end_date=20240415T230908
[2024-04-15T19:09:08.803-0400] {local_task_job_runner.py:240} INFO - Task exited with return code 0
[2024-04-15T19:09:08.812-0400] {taskinstance.py:3482} INFO - 1 downstream tasks scheduled from follow-on schedule check
[2024-04-15T19:09:08.812-0400] {local_task_job_runner.py:222} INFO - ::endgroup::
