[2024-04-15T20:31:51.962-0400] {local_task_job_runner.py:120} INFO - ::group::Pre task execution logs
[2024-04-15T20:31:51.980-0400] {taskinstance.py:2073} INFO - Dependencies all met for dep_context=non-requeueable deps ti=<TaskInstance: preprocessing_dag.bash_task scheduled__2024-03-03T00:00:00+00:00 [queued]>
[2024-04-15T20:31:51.983-0400] {taskinstance.py:2073} INFO - Dependencies all met for dep_context=requeueable deps ti=<TaskInstance: preprocessing_dag.bash_task scheduled__2024-03-03T00:00:00+00:00 [queued]>
[2024-04-15T20:31:51.983-0400] {taskinstance.py:2303} INFO - Starting attempt 1 of 2
[2024-04-15T20:31:51.989-0400] {taskinstance.py:2327} INFO - Executing <Task(BashOperator): bash_task> on 2024-03-03 00:00:00+00:00
[2024-04-15T20:31:51.994-0400] {standard_task_runner.py:63} INFO - Started process 52436 to run task
[2024-04-15T20:31:51.999-0400] {standard_task_runner.py:90} INFO - Running: ['airflow', 'tasks', 'run', 'preprocessing_dag', 'bash_task', 'scheduled__2024-03-03T00:00:00+00:00', '--job-id', '177', '--raw', '--subdir', 'DAGS_FOLDER/preprocessing_dag.py', '--cfg-path', '/var/folders/rf/bv8hf2w15f1f30n5rv6mfypr0000gn/T/tmpchtrk3xl']
[2024-04-15T20:31:52.001-0400] {standard_task_runner.py:91} INFO - Job 177: Subtask bash_task
[2024-04-15T20:31:52.027-0400] {task_command.py:426} INFO - Running <TaskInstance: preprocessing_dag.bash_task scheduled__2024-03-03T00:00:00+00:00 [running]> on host manis-macbook-air.local
[2024-04-15T20:31:52.067-0400] {taskinstance.py:2644} INFO - Exporting env vars: AIRFLOW_CTX_DAG_OWNER='airflow' AIRFLOW_CTX_DAG_ID='preprocessing_dag' AIRFLOW_CTX_TASK_ID='bash_task' AIRFLOW_CTX_EXECUTION_DATE='2024-03-03T00:00:00+00:00' AIRFLOW_CTX_TRY_NUMBER='1' AIRFLOW_CTX_DAG_RUN_ID='scheduled__2024-03-03T00:00:00+00:00'
[2024-04-15T20:31:52.068-0400] {taskinstance.py:430} INFO - ::endgroup::
[2024-04-15T20:31:52.076-0400] {subprocess.py:63} INFO - Tmp dir root location: /var/folders/rf/bv8hf2w15f1f30n5rv6mfypr0000gn/T
[2024-04-15T20:31:52.077-0400] {subprocess.py:75} INFO - Running command: ['/bin/bash', '-c', 'cd /Users/manideepakreddyaila/Desktop/projects/Legal_Insights_Engine/cap_dbt && dbt run']
[2024-04-15T20:31:52.083-0400] {subprocess.py:86} INFO - Output:
[2024-04-15T20:31:54.307-0400] {subprocess.py:93} INFO - [0m00:31:54  Running with dbt=1.7.11
[2024-04-15T20:31:55.523-0400] {subprocess.py:93} INFO - [0m00:31:55  Registered adapter: snowflake=1.7.3
[2024-04-15T20:31:55.706-0400] {subprocess.py:93} INFO - [0m00:31:55  Found 3 models, 1 source, 0 exposures, 0 metrics, 544 macros, 0 groups, 0 semantic models
[2024-04-15T20:31:55.709-0400] {subprocess.py:93} INFO - [0m00:31:55
[2024-04-15T20:31:57.111-0400] {subprocess.py:93} INFO - [0m00:31:57  Concurrency: 1 threads (target='dev')
[2024-04-15T20:31:57.111-0400] {subprocess.py:93} INFO - [0m00:31:57
[2024-04-15T20:31:57.114-0400] {subprocess.py:93} INFO - [0m00:31:57  1 of 3 START sql view model DEV.raw_data_processing ............................ [RUN]
[2024-04-15T20:31:57.645-0400] {subprocess.py:93} INFO - [0m00:31:57  1 of 3 OK created sql view model DEV.raw_data_processing ....................... [[32mSUCCESS 1[0m in 0.53s]
[2024-04-15T20:31:57.646-0400] {subprocess.py:93} INFO - [0m00:31:57  2 of 3 START sql view model DEV.flatten ........................................ [RUN]
[2024-04-15T20:31:58.133-0400] {subprocess.py:93} INFO - [0m00:31:58  2 of 3 OK created sql view model DEV.flatten ................................... [[32mSUCCESS 1[0m in 0.49s]
[2024-04-15T20:31:58.134-0400] {subprocess.py:93} INFO - [0m00:31:58  3 of 3 START sql table model DEV.aggregation ................................... [RUN]
[2024-04-15T20:32:00.284-0400] {subprocess.py:93} INFO - [0m00:32:00  3 of 3 OK created sql table model DEV.aggregation .............................. [[32mSUCCESS 1[0m in 2.15s]
[2024-04-15T20:32:00.287-0400] {subprocess.py:93} INFO - [0m00:32:00
[2024-04-15T20:32:00.288-0400] {subprocess.py:93} INFO - [0m00:32:00  Finished running 2 view models, 1 table model in 0 hours 0 minutes and 4.58 seconds (4.58s).
[2024-04-15T20:32:00.297-0400] {subprocess.py:93} INFO - [0m00:32:00
[2024-04-15T20:32:00.298-0400] {subprocess.py:93} INFO - [0m00:32:00  [32mCompleted successfully[0m
[2024-04-15T20:32:00.299-0400] {subprocess.py:93} INFO - [0m00:32:00
[2024-04-15T20:32:00.299-0400] {subprocess.py:93} INFO - [0m00:32:00  Done. PASS=3 WARN=0 ERROR=0 SKIP=0 TOTAL=3
[2024-04-15T20:32:01.372-0400] {subprocess.py:97} INFO - Command exited with return code 0
[2024-04-15T20:32:01.374-0400] {taskinstance.py:441} INFO - ::group::Post task execution logs
[2024-04-15T20:32:01.397-0400] {taskinstance.py:1205} INFO - Marking task as SUCCESS. dag_id=preprocessing_dag, task_id=bash_task, execution_date=20240303T000000, start_date=20240416T003151, end_date=20240416T003201
[2024-04-15T20:32:01.422-0400] {local_task_job_runner.py:240} INFO - Task exited with return code 0
[2024-04-15T20:32:01.433-0400] {taskinstance.py:3482} INFO - 1 downstream tasks scheduled from follow-on schedule check
[2024-04-15T20:32:01.434-0400] {local_task_job_runner.py:222} INFO - ::endgroup::
