[2024-04-15T20:38:44.170-0400] {local_task_job_runner.py:120} INFO - ::group::Pre task execution logs
[2024-04-15T20:38:44.190-0400] {taskinstance.py:2073} INFO - Dependencies all met for dep_context=non-requeueable deps ti=<TaskInstance: preprocessing_dag.bash_task scheduled__2024-03-31T00:00:00+00:00 [queued]>
[2024-04-15T20:38:44.193-0400] {taskinstance.py:2073} INFO - Dependencies all met for dep_context=requeueable deps ti=<TaskInstance: preprocessing_dag.bash_task scheduled__2024-03-31T00:00:00+00:00 [queued]>
[2024-04-15T20:38:44.194-0400] {taskinstance.py:2303} INFO - Starting attempt 1 of 2
[2024-04-15T20:38:44.201-0400] {taskinstance.py:2327} INFO - Executing <Task(BashOperator): bash_task> on 2024-03-31 00:00:00+00:00
[2024-04-15T20:38:44.205-0400] {standard_task_runner.py:63} INFO - Started process 52991 to run task
[2024-04-15T20:38:44.210-0400] {standard_task_runner.py:90} INFO - Running: ['airflow', 'tasks', 'run', 'preprocessing_dag', 'bash_task', 'scheduled__2024-03-31T00:00:00+00:00', '--job-id', '236', '--raw', '--subdir', 'DAGS_FOLDER/preprocessing_dag.py', '--cfg-path', '/var/folders/rf/bv8hf2w15f1f30n5rv6mfypr0000gn/T/tmp42u_u9ct']
[2024-04-15T20:38:44.217-0400] {standard_task_runner.py:91} INFO - Job 236: Subtask bash_task
[2024-04-15T20:38:44.274-0400] {task_command.py:426} INFO - Running <TaskInstance: preprocessing_dag.bash_task scheduled__2024-03-31T00:00:00+00:00 [running]> on host manis-macbook-air.local
[2024-04-15T20:38:44.361-0400] {taskinstance.py:2644} INFO - Exporting env vars: AIRFLOW_CTX_DAG_OWNER='airflow' AIRFLOW_CTX_DAG_ID='preprocessing_dag' AIRFLOW_CTX_TASK_ID='bash_task' AIRFLOW_CTX_EXECUTION_DATE='2024-03-31T00:00:00+00:00' AIRFLOW_CTX_TRY_NUMBER='1' AIRFLOW_CTX_DAG_RUN_ID='scheduled__2024-03-31T00:00:00+00:00'
[2024-04-15T20:38:44.364-0400] {taskinstance.py:430} INFO - ::endgroup::
[2024-04-15T20:38:44.405-0400] {subprocess.py:63} INFO - Tmp dir root location: /var/folders/rf/bv8hf2w15f1f30n5rv6mfypr0000gn/T
[2024-04-15T20:38:44.413-0400] {subprocess.py:75} INFO - Running command: ['/bin/bash', '-c', 'cd /Users/manideepakreddyaila/Desktop/projects/Legal_Insights_Engine/cap_dbt && dbt run']
[2024-04-15T20:38:44.434-0400] {subprocess.py:86} INFO - Output:
[2024-04-15T20:38:47.452-0400] {subprocess.py:93} INFO - [0m00:38:47  Running with dbt=1.7.11
[2024-04-15T20:38:48.980-0400] {subprocess.py:93} INFO - [0m00:38:48  Registered adapter: snowflake=1.7.3
[2024-04-15T20:38:49.426-0400] {subprocess.py:93} INFO - [0m00:38:49  Found 3 models, 1 source, 0 exposures, 0 metrics, 544 macros, 0 groups, 0 semantic models
[2024-04-15T20:38:49.427-0400] {subprocess.py:93} INFO - [0m00:38:49
[2024-04-15T20:38:50.584-0400] {subprocess.py:93} INFO - [0m00:38:50  Concurrency: 1 threads (target='dev')
[2024-04-15T20:38:50.585-0400] {subprocess.py:93} INFO - [0m00:38:50
[2024-04-15T20:38:50.588-0400] {subprocess.py:93} INFO - [0m00:38:50  1 of 3 START sql view model DEV.raw_data_processing ............................ [RUN]
[2024-04-15T20:38:51.447-0400] {subprocess.py:93} INFO - [0m00:38:51  1 of 3 OK created sql view model DEV.raw_data_processing ....................... [[32mSUCCESS 1[0m in 0.86s]
[2024-04-15T20:38:51.449-0400] {subprocess.py:93} INFO - [0m00:38:51  2 of 3 START sql view model DEV.flatten ........................................ [RUN]
[2024-04-15T20:38:52.275-0400] {subprocess.py:93} INFO - [0m00:38:52  2 of 3 OK created sql view model DEV.flatten ................................... [[32mSUCCESS 1[0m in 0.83s]
[2024-04-15T20:38:52.278-0400] {subprocess.py:93} INFO - [0m00:38:52  3 of 3 START sql table model DEV.aggregation ................................... [RUN]
[2024-04-15T20:38:53.509-0400] {subprocess.py:93} INFO - [0m00:38:53  3 of 3 OK created sql table model DEV.aggregation .............................. [[32mSUCCESS 1[0m in 1.23s]
[2024-04-15T20:38:53.512-0400] {subprocess.py:93} INFO - [0m00:38:53
[2024-04-15T20:38:53.513-0400] {subprocess.py:93} INFO - [0m00:38:53  Finished running 2 view models, 1 table model in 0 hours 0 minutes and 4.08 seconds (4.08s).
[2024-04-15T20:38:53.525-0400] {subprocess.py:93} INFO - [0m00:38:53
[2024-04-15T20:38:53.526-0400] {subprocess.py:93} INFO - [0m00:38:53  [32mCompleted successfully[0m
[2024-04-15T20:38:53.526-0400] {subprocess.py:93} INFO - [0m00:38:53
[2024-04-15T20:38:53.527-0400] {subprocess.py:93} INFO - [0m00:38:53  Done. PASS=3 WARN=0 ERROR=0 SKIP=0 TOTAL=3
[2024-04-15T20:38:54.026-0400] {subprocess.py:97} INFO - Command exited with return code 0
[2024-04-15T20:38:54.028-0400] {taskinstance.py:441} INFO - ::group::Post task execution logs
[2024-04-15T20:38:54.042-0400] {taskinstance.py:1205} INFO - Marking task as SUCCESS. dag_id=preprocessing_dag, task_id=bash_task, execution_date=20240331T000000, start_date=20240416T003844, end_date=20240416T003854
[2024-04-15T20:38:54.070-0400] {local_task_job_runner.py:240} INFO - Task exited with return code 0
[2024-04-15T20:38:54.084-0400] {taskinstance.py:3482} INFO - 1 downstream tasks scheduled from follow-on schedule check
[2024-04-15T20:38:54.085-0400] {local_task_job_runner.py:222} INFO - ::endgroup::
