[2024-04-15T20:35:43.402-0400] {local_task_job_runner.py:120} INFO - ::group::Pre task execution logs
[2024-04-15T20:35:43.421-0400] {taskinstance.py:2073} INFO - Dependencies all met for dep_context=non-requeueable deps ti=<TaskInstance: preprocessing_dag.bash_task scheduled__2024-03-20T00:00:00+00:00 [queued]>
[2024-04-15T20:35:43.425-0400] {taskinstance.py:2073} INFO - Dependencies all met for dep_context=requeueable deps ti=<TaskInstance: preprocessing_dag.bash_task scheduled__2024-03-20T00:00:00+00:00 [queued]>
[2024-04-15T20:35:43.425-0400] {taskinstance.py:2303} INFO - Starting attempt 1 of 2
[2024-04-15T20:35:43.434-0400] {taskinstance.py:2327} INFO - Executing <Task(BashOperator): bash_task> on 2024-03-20 00:00:00+00:00
[2024-04-15T20:35:43.438-0400] {standard_task_runner.py:63} INFO - Started process 52773 to run task
[2024-04-15T20:35:43.441-0400] {standard_task_runner.py:90} INFO - Running: ['airflow', 'tasks', 'run', 'preprocessing_dag', 'bash_task', 'scheduled__2024-03-20T00:00:00+00:00', '--job-id', '212', '--raw', '--subdir', 'DAGS_FOLDER/preprocessing_dag.py', '--cfg-path', '/var/folders/rf/bv8hf2w15f1f30n5rv6mfypr0000gn/T/tmpjm3nvyc8']
[2024-04-15T20:35:43.444-0400] {standard_task_runner.py:91} INFO - Job 212: Subtask bash_task
[2024-04-15T20:35:43.469-0400] {task_command.py:426} INFO - Running <TaskInstance: preprocessing_dag.bash_task scheduled__2024-03-20T00:00:00+00:00 [running]> on host manis-macbook-air.local
[2024-04-15T20:35:43.518-0400] {taskinstance.py:2644} INFO - Exporting env vars: AIRFLOW_CTX_DAG_OWNER='airflow' AIRFLOW_CTX_DAG_ID='preprocessing_dag' AIRFLOW_CTX_TASK_ID='bash_task' AIRFLOW_CTX_EXECUTION_DATE='2024-03-20T00:00:00+00:00' AIRFLOW_CTX_TRY_NUMBER='1' AIRFLOW_CTX_DAG_RUN_ID='scheduled__2024-03-20T00:00:00+00:00'
[2024-04-15T20:35:43.519-0400] {taskinstance.py:430} INFO - ::endgroup::
[2024-04-15T20:35:43.529-0400] {subprocess.py:63} INFO - Tmp dir root location: /var/folders/rf/bv8hf2w15f1f30n5rv6mfypr0000gn/T
[2024-04-15T20:35:43.530-0400] {subprocess.py:75} INFO - Running command: ['/bin/bash', '-c', 'cd /Users/manideepakreddyaila/Desktop/projects/Legal_Insights_Engine/cap_dbt && dbt run']
[2024-04-15T20:35:43.537-0400] {subprocess.py:86} INFO - Output:
[2024-04-15T20:35:45.495-0400] {subprocess.py:93} INFO - [0m00:35:45  Running with dbt=1.7.11
[2024-04-15T20:35:46.857-0400] {subprocess.py:93} INFO - [0m00:35:46  Registered adapter: snowflake=1.7.3
[2024-04-15T20:35:47.051-0400] {subprocess.py:93} INFO - [0m00:35:47  Found 3 models, 1 source, 0 exposures, 0 metrics, 544 macros, 0 groups, 0 semantic models
[2024-04-15T20:35:47.053-0400] {subprocess.py:93} INFO - [0m00:35:47
[2024-04-15T20:35:48.362-0400] {subprocess.py:93} INFO - [0m00:35:48  Concurrency: 1 threads (target='dev')
[2024-04-15T20:35:48.363-0400] {subprocess.py:93} INFO - [0m00:35:48
[2024-04-15T20:35:48.365-0400] {subprocess.py:93} INFO - [0m00:35:48  1 of 3 START sql view model DEV.raw_data_processing ............................ [RUN]
[2024-04-15T20:35:49.328-0400] {subprocess.py:93} INFO - [0m00:35:49  1 of 3 OK created sql view model DEV.raw_data_processing ....................... [[32mSUCCESS 1[0m in 0.96s]
[2024-04-15T20:35:49.329-0400] {subprocess.py:93} INFO - [0m00:35:49  2 of 3 START sql view model DEV.flatten ........................................ [RUN]
[2024-04-15T20:35:49.868-0400] {subprocess.py:93} INFO - [0m00:35:49  2 of 3 OK created sql view model DEV.flatten ................................... [[32mSUCCESS 1[0m in 0.54s]
[2024-04-15T20:35:49.870-0400] {subprocess.py:93} INFO - [0m00:35:49  3 of 3 START sql table model DEV.aggregation ................................... [RUN]
[2024-04-15T20:35:51.335-0400] {subprocess.py:93} INFO - [0m00:35:51  3 of 3 OK created sql table model DEV.aggregation .............................. [[32mSUCCESS 1[0m in 1.46s]
[2024-04-15T20:35:51.338-0400] {subprocess.py:93} INFO - [0m00:35:51
[2024-04-15T20:35:51.339-0400] {subprocess.py:93} INFO - [0m00:35:51  Finished running 2 view models, 1 table model in 0 hours 0 minutes and 4.28 seconds (4.28s).
[2024-04-15T20:35:51.349-0400] {subprocess.py:93} INFO - [0m00:35:51
[2024-04-15T20:35:51.350-0400] {subprocess.py:93} INFO - [0m00:35:51  [32mCompleted successfully[0m
[2024-04-15T20:35:51.350-0400] {subprocess.py:93} INFO - [0m00:35:51
[2024-04-15T20:35:51.351-0400] {subprocess.py:93} INFO - [0m00:35:51  Done. PASS=3 WARN=0 ERROR=0 SKIP=0 TOTAL=3
[2024-04-15T20:35:51.820-0400] {subprocess.py:97} INFO - Command exited with return code 0
[2024-04-15T20:35:51.822-0400] {taskinstance.py:441} INFO - ::group::Post task execution logs
[2024-04-15T20:35:51.841-0400] {taskinstance.py:1205} INFO - Marking task as SUCCESS. dag_id=preprocessing_dag, task_id=bash_task, execution_date=20240320T000000, start_date=20240416T003543, end_date=20240416T003551
[2024-04-15T20:35:51.857-0400] {local_task_job_runner.py:240} INFO - Task exited with return code 0
[2024-04-15T20:35:51.869-0400] {taskinstance.py:3482} INFO - 1 downstream tasks scheduled from follow-on schedule check
[2024-04-15T20:35:51.870-0400] {local_task_job_runner.py:222} INFO - ::endgroup::
