[2024-04-15T20:51:42.266-0400] {local_task_job_runner.py:120} INFO - ::group::Pre task execution logs
[2024-04-15T20:51:42.288-0400] {taskinstance.py:2073} INFO - Dependencies all met for dep_context=non-requeueable deps ti=<TaskInstance: preprocessing_dag.bash_task scheduled__2024-04-11T00:00:00+00:00 [queued]>
[2024-04-15T20:51:42.292-0400] {taskinstance.py:2073} INFO - Dependencies all met for dep_context=requeueable deps ti=<TaskInstance: preprocessing_dag.bash_task scheduled__2024-04-11T00:00:00+00:00 [queued]>
[2024-04-15T20:51:42.292-0400] {taskinstance.py:2303} INFO - Starting attempt 1 of 2
[2024-04-15T20:51:42.299-0400] {taskinstance.py:2327} INFO - Executing <Task(BashOperator): bash_task> on 2024-04-11 00:00:00+00:00
[2024-04-15T20:51:42.304-0400] {standard_task_runner.py:63} INFO - Started process 53615 to run task
[2024-04-15T20:51:42.309-0400] {standard_task_runner.py:90} INFO - Running: ['airflow', 'tasks', 'run', 'preprocessing_dag', 'bash_task', 'scheduled__2024-04-11T00:00:00+00:00', '--job-id', '264', '--raw', '--subdir', 'DAGS_FOLDER/preprocessing_dag.py', '--cfg-path', '/var/folders/rf/bv8hf2w15f1f30n5rv6mfypr0000gn/T/tmponw5samb']
[2024-04-15T20:51:42.311-0400] {standard_task_runner.py:91} INFO - Job 264: Subtask bash_task
[2024-04-15T20:51:42.342-0400] {task_command.py:426} INFO - Running <TaskInstance: preprocessing_dag.bash_task scheduled__2024-04-11T00:00:00+00:00 [running]> on host manis-macbook-air.local
[2024-04-15T20:51:42.386-0400] {taskinstance.py:2644} INFO - Exporting env vars: AIRFLOW_CTX_DAG_OWNER='airflow' AIRFLOW_CTX_DAG_ID='preprocessing_dag' AIRFLOW_CTX_TASK_ID='bash_task' AIRFLOW_CTX_EXECUTION_DATE='2024-04-11T00:00:00+00:00' AIRFLOW_CTX_TRY_NUMBER='1' AIRFLOW_CTX_DAG_RUN_ID='scheduled__2024-04-11T00:00:00+00:00'
[2024-04-15T20:51:42.392-0400] {taskinstance.py:430} INFO - ::endgroup::
[2024-04-15T20:51:42.407-0400] {subprocess.py:63} INFO - Tmp dir root location: /var/folders/rf/bv8hf2w15f1f30n5rv6mfypr0000gn/T
[2024-04-15T20:51:42.407-0400] {subprocess.py:75} INFO - Running command: ['/bin/bash', '-c', 'cd /Users/manideepakreddyaila/Desktop/projects/Legal_Insights_Engine/cap_dbt && dbt run']
[2024-04-15T20:51:42.413-0400] {subprocess.py:86} INFO - Output:
[2024-04-15T20:51:44.537-0400] {subprocess.py:93} INFO - [0m00:51:44  Running with dbt=1.7.11
[2024-04-15T20:51:45.826-0400] {subprocess.py:93} INFO - [0m00:51:45  Registered adapter: snowflake=1.7.3
[2024-04-15T20:51:45.982-0400] {subprocess.py:93} INFO - [0m00:51:45  Found 3 models, 1 source, 0 exposures, 0 metrics, 544 macros, 0 groups, 0 semantic models
[2024-04-15T20:51:45.983-0400] {subprocess.py:93} INFO - [0m00:51:45
[2024-04-15T20:51:47.309-0400] {subprocess.py:93} INFO - [0m00:51:47  Concurrency: 1 threads (target='dev')
[2024-04-15T20:51:47.310-0400] {subprocess.py:93} INFO - [0m00:51:47
[2024-04-15T20:51:47.311-0400] {subprocess.py:93} INFO - [0m00:51:47  1 of 3 START sql view model DEV.raw_data_processing ............................ [RUN]
[2024-04-15T20:51:48.039-0400] {subprocess.py:93} INFO - [0m00:51:48  1 of 3 OK created sql view model DEV.raw_data_processing ....................... [[32mSUCCESS 1[0m in 0.73s]
[2024-04-15T20:51:48.041-0400] {subprocess.py:93} INFO - [0m00:51:48  2 of 3 START sql view model DEV.flatten ........................................ [RUN]
[2024-04-15T20:51:48.957-0400] {subprocess.py:93} INFO - [0m00:51:48  2 of 3 OK created sql view model DEV.flatten ................................... [[32mSUCCESS 1[0m in 0.91s]
[2024-04-15T20:51:48.959-0400] {subprocess.py:93} INFO - [0m00:51:48  3 of 3 START sql table model DEV.aggregation ................................... [RUN]
[2024-04-15T20:51:50.408-0400] {subprocess.py:93} INFO - [0m00:51:50  3 of 3 OK created sql table model DEV.aggregation .............................. [[32mSUCCESS 1[0m in 1.45s]
[2024-04-15T20:51:50.411-0400] {subprocess.py:93} INFO - [0m00:51:50
[2024-04-15T20:51:50.412-0400] {subprocess.py:93} INFO - [0m00:51:50  Finished running 2 view models, 1 table model in 0 hours 0 minutes and 4.43 seconds (4.43s).
[2024-04-15T20:51:50.423-0400] {subprocess.py:93} INFO - [0m00:51:50
[2024-04-15T20:51:50.425-0400] {subprocess.py:93} INFO - [0m00:51:50  [32mCompleted successfully[0m
[2024-04-15T20:51:50.425-0400] {subprocess.py:93} INFO - [0m00:51:50
[2024-04-15T20:51:50.426-0400] {subprocess.py:93} INFO - [0m00:51:50  Done. PASS=3 WARN=0 ERROR=0 SKIP=0 TOTAL=3
[2024-04-15T20:51:50.943-0400] {subprocess.py:97} INFO - Command exited with return code 0
[2024-04-15T20:51:50.944-0400] {taskinstance.py:441} INFO - ::group::Post task execution logs
[2024-04-15T20:51:50.970-0400] {taskinstance.py:1205} INFO - Marking task as SUCCESS. dag_id=preprocessing_dag, task_id=bash_task, execution_date=20240411T000000, start_date=20240416T005142, end_date=20240416T005150
[2024-04-15T20:51:51.000-0400] {local_task_job_runner.py:240} INFO - Task exited with return code 0
[2024-04-15T20:51:51.017-0400] {taskinstance.py:3482} INFO - 1 downstream tasks scheduled from follow-on schedule check
[2024-04-15T20:51:51.019-0400] {local_task_job_runner.py:222} INFO - ::endgroup::
