[2024-04-15T19:12:27.084-0400] {local_task_job_runner.py:120} INFO - ::group::Pre task execution logs
[2024-04-15T19:12:27.100-0400] {taskinstance.py:2073} INFO - Dependencies all met for dep_context=non-requeueable deps ti=<TaskInstance: preprocessing_dag.bash_task scheduled__2024-02-14T00:00:00+00:00 [queued]>
[2024-04-15T19:12:27.105-0400] {taskinstance.py:2073} INFO - Dependencies all met for dep_context=requeueable deps ti=<TaskInstance: preprocessing_dag.bash_task scheduled__2024-02-14T00:00:00+00:00 [queued]>
[2024-04-15T19:12:27.105-0400] {taskinstance.py:2303} INFO - Starting attempt 1 of 2
[2024-04-15T19:12:27.111-0400] {taskinstance.py:2327} INFO - Executing <Task(BashOperator): bash_task> on 2024-02-14 00:00:00+00:00
[2024-04-15T19:12:27.116-0400] {standard_task_runner.py:63} INFO - Started process 49806 to run task
[2024-04-15T19:12:27.121-0400] {standard_task_runner.py:90} INFO - Running: ['airflow', 'tasks', 'run', 'preprocessing_dag', 'bash_task', 'scheduled__2024-02-14T00:00:00+00:00', '--job-id', '139', '--raw', '--subdir', 'DAGS_FOLDER/preprocessing_dag.py', '--cfg-path', '/var/folders/rf/bv8hf2w15f1f30n5rv6mfypr0000gn/T/tmp6bdoajrz']
[2024-04-15T19:12:27.128-0400] {standard_task_runner.py:91} INFO - Job 139: Subtask bash_task
[2024-04-15T19:12:27.153-0400] {task_command.py:426} INFO - Running <TaskInstance: preprocessing_dag.bash_task scheduled__2024-02-14T00:00:00+00:00 [running]> on host manis-macbook-air.local
[2024-04-15T19:12:27.192-0400] {taskinstance.py:2644} INFO - Exporting env vars: AIRFLOW_CTX_DAG_OWNER='airflow' AIRFLOW_CTX_DAG_ID='preprocessing_dag' AIRFLOW_CTX_TASK_ID='bash_task' AIRFLOW_CTX_EXECUTION_DATE='2024-02-14T00:00:00+00:00' AIRFLOW_CTX_TRY_NUMBER='1' AIRFLOW_CTX_DAG_RUN_ID='scheduled__2024-02-14T00:00:00+00:00'
[2024-04-15T19:12:27.194-0400] {taskinstance.py:430} INFO - ::endgroup::
[2024-04-15T19:12:27.195-0400] {subprocess.py:63} INFO - Tmp dir root location: /var/folders/rf/bv8hf2w15f1f30n5rv6mfypr0000gn/T
[2024-04-15T19:12:27.196-0400] {subprocess.py:75} INFO - Running command: ['/bin/bash', '-c', 'cd /Users/manideepakreddyaila/Desktop/projects/Legal_Insights_Engine/cap_dbt && dbt run']
[2024-04-15T19:12:27.211-0400] {subprocess.py:86} INFO - Output:
[2024-04-15T19:12:29.126-0400] {subprocess.py:93} INFO - [0m23:12:29  Running with dbt=1.7.11
[2024-04-15T19:12:30.302-0400] {subprocess.py:93} INFO - [0m23:12:30  Registered adapter: snowflake=1.7.3
[2024-04-15T19:12:30.461-0400] {subprocess.py:93} INFO - [0m23:12:30  Found 3 models, 1 source, 0 exposures, 0 metrics, 544 macros, 0 groups, 0 semantic models
[2024-04-15T19:12:30.463-0400] {subprocess.py:93} INFO - [0m23:12:30
[2024-04-15T19:12:31.256-0400] {subprocess.py:93} INFO - [0m23:12:31  Concurrency: 1 threads (target='dev')
[2024-04-15T19:12:31.257-0400] {subprocess.py:93} INFO - [0m23:12:31
[2024-04-15T19:12:31.259-0400] {subprocess.py:93} INFO - [0m23:12:31  1 of 3 START sql view model DEV.raw_data_processing ............................ [RUN]
[2024-04-15T19:12:32.243-0400] {subprocess.py:93} INFO - [0m23:12:32  1 of 3 OK created sql view model DEV.raw_data_processing ....................... [[32mSUCCESS 1[0m in 0.98s]
[2024-04-15T19:12:32.245-0400] {subprocess.py:93} INFO - [0m23:12:32  2 of 3 START sql view model DEV.flatten ........................................ [RUN]
[2024-04-15T19:12:32.953-0400] {subprocess.py:93} INFO - [0m23:12:32  2 of 3 OK created sql view model DEV.flatten ................................... [[32mSUCCESS 1[0m in 0.71s]
[2024-04-15T19:12:32.955-0400] {subprocess.py:93} INFO - [0m23:12:32  3 of 3 START sql table model DEV.aggregation ................................... [RUN]
[2024-04-15T19:12:34.405-0400] {subprocess.py:93} INFO - [0m23:12:34  3 of 3 OK created sql table model DEV.aggregation .............................. [[32mSUCCESS 1[0m in 1.45s]
[2024-04-15T19:12:34.408-0400] {subprocess.py:93} INFO - [0m23:12:34
[2024-04-15T19:12:34.408-0400] {subprocess.py:93} INFO - [0m23:12:34  Finished running 2 view models, 1 table model in 0 hours 0 minutes and 3.94 seconds (3.94s).
[2024-04-15T19:12:34.418-0400] {subprocess.py:93} INFO - [0m23:12:34
[2024-04-15T19:12:34.419-0400] {subprocess.py:93} INFO - [0m23:12:34  [32mCompleted successfully[0m
[2024-04-15T19:12:34.419-0400] {subprocess.py:93} INFO - [0m23:12:34
[2024-04-15T19:12:34.420-0400] {subprocess.py:93} INFO - [0m23:12:34  Done. PASS=3 WARN=0 ERROR=0 SKIP=0 TOTAL=3
[2024-04-15T19:12:34.872-0400] {subprocess.py:97} INFO - Command exited with return code 0
[2024-04-15T19:12:34.873-0400] {taskinstance.py:441} INFO - ::group::Post task execution logs
[2024-04-15T19:12:34.890-0400] {taskinstance.py:1205} INFO - Marking task as SUCCESS. dag_id=preprocessing_dag, task_id=bash_task, execution_date=20240214T000000, start_date=20240415T231227, end_date=20240415T231234
[2024-04-15T19:12:34.933-0400] {local_task_job_runner.py:240} INFO - Task exited with return code 0
[2024-04-15T19:12:34.945-0400] {taskinstance.py:3482} INFO - 1 downstream tasks scheduled from follow-on schedule check
[2024-04-15T19:12:34.946-0400] {local_task_job_runner.py:222} INFO - ::endgroup::
