[2024-04-15T20:36:18.566-0400] {local_task_job_runner.py:120} INFO - ::group::Pre task execution logs
[2024-04-15T20:36:18.582-0400] {taskinstance.py:2073} INFO - Dependencies all met for dep_context=non-requeueable deps ti=<TaskInstance: preprocessing_dag.bash_task scheduled__2024-02-29T00:00:00+00:00 [queued]>
[2024-04-15T20:36:18.585-0400] {taskinstance.py:2073} INFO - Dependencies all met for dep_context=requeueable deps ti=<TaskInstance: preprocessing_dag.bash_task scheduled__2024-02-29T00:00:00+00:00 [queued]>
[2024-04-15T20:36:18.585-0400] {taskinstance.py:2303} INFO - Starting attempt 2 of 2
[2024-04-15T20:36:18.592-0400] {taskinstance.py:2327} INFO - Executing <Task(BashOperator): bash_task> on 2024-02-29 00:00:00+00:00
[2024-04-15T20:36:18.596-0400] {standard_task_runner.py:63} INFO - Started process 52813 to run task
[2024-04-15T20:36:18.600-0400] {standard_task_runner.py:90} INFO - Running: ['airflow', 'tasks', 'run', 'preprocessing_dag', 'bash_task', 'scheduled__2024-02-29T00:00:00+00:00', '--job-id', '217', '--raw', '--subdir', 'DAGS_FOLDER/preprocessing_dag.py', '--cfg-path', '/var/folders/rf/bv8hf2w15f1f30n5rv6mfypr0000gn/T/tmpd8qi3ncx']
[2024-04-15T20:36:18.604-0400] {standard_task_runner.py:91} INFO - Job 217: Subtask bash_task
[2024-04-15T20:36:18.630-0400] {task_command.py:426} INFO - Running <TaskInstance: preprocessing_dag.bash_task scheduled__2024-02-29T00:00:00+00:00 [running]> on host manis-macbook-air.local
[2024-04-15T20:36:18.675-0400] {taskinstance.py:2644} INFO - Exporting env vars: AIRFLOW_CTX_DAG_OWNER='airflow' AIRFLOW_CTX_DAG_ID='preprocessing_dag' AIRFLOW_CTX_TASK_ID='bash_task' AIRFLOW_CTX_EXECUTION_DATE='2024-02-29T00:00:00+00:00' AIRFLOW_CTX_TRY_NUMBER='2' AIRFLOW_CTX_DAG_RUN_ID='scheduled__2024-02-29T00:00:00+00:00'
[2024-04-15T20:36:18.675-0400] {taskinstance.py:430} INFO - ::endgroup::
[2024-04-15T20:36:18.684-0400] {subprocess.py:63} INFO - Tmp dir root location: /var/folders/rf/bv8hf2w15f1f30n5rv6mfypr0000gn/T
[2024-04-15T20:36:18.685-0400] {subprocess.py:75} INFO - Running command: ['/bin/bash', '-c', 'cd /Users/manideepakreddyaila/Desktop/projects/Legal_Insights_Engine/cap_dbt && dbt run']
[2024-04-15T20:36:18.690-0400] {subprocess.py:86} INFO - Output:
[2024-04-15T20:36:20.906-0400] {subprocess.py:93} INFO - [0m00:36:20  Running with dbt=1.7.11
[2024-04-15T20:36:22.148-0400] {subprocess.py:93} INFO - [0m00:36:22  Registered adapter: snowflake=1.7.3
[2024-04-15T20:36:22.323-0400] {subprocess.py:93} INFO - [0m00:36:22  Found 3 models, 1 source, 0 exposures, 0 metrics, 544 macros, 0 groups, 0 semantic models
[2024-04-15T20:36:22.325-0400] {subprocess.py:93} INFO - [0m00:36:22
[2024-04-15T20:36:23.336-0400] {subprocess.py:93} INFO - [0m00:36:23  Concurrency: 1 threads (target='dev')
[2024-04-15T20:36:23.337-0400] {subprocess.py:93} INFO - [0m00:36:23
[2024-04-15T20:36:23.340-0400] {subprocess.py:93} INFO - [0m00:36:23  1 of 3 START sql view model DEV.raw_data_processing ............................ [RUN]
[2024-04-15T20:36:24.137-0400] {subprocess.py:93} INFO - [0m00:36:24  1 of 3 OK created sql view model DEV.raw_data_processing ....................... [[32mSUCCESS 1[0m in 0.80s]
[2024-04-15T20:36:24.138-0400] {subprocess.py:93} INFO - [0m00:36:24  2 of 3 START sql view model DEV.flatten ........................................ [RUN]
[2024-04-15T20:36:25.253-0400] {subprocess.py:93} INFO - [0m00:36:25  2 of 3 OK created sql view model DEV.flatten ................................... [[32mSUCCESS 1[0m in 1.11s]
[2024-04-15T20:36:25.255-0400] {subprocess.py:93} INFO - [0m00:36:25  3 of 3 START sql table model DEV.aggregation ................................... [RUN]
[2024-04-15T20:36:26.465-0400] {subprocess.py:93} INFO - [0m00:36:26  3 of 3 OK created sql table model DEV.aggregation .............................. [[32mSUCCESS 1[0m in 1.21s]
[2024-04-15T20:36:26.468-0400] {subprocess.py:93} INFO - [0m00:36:26
[2024-04-15T20:36:26.469-0400] {subprocess.py:93} INFO - [0m00:36:26  Finished running 2 view models, 1 table model in 0 hours 0 minutes and 4.14 seconds (4.14s).
[2024-04-15T20:36:26.482-0400] {subprocess.py:93} INFO - [0m00:36:26
[2024-04-15T20:36:26.483-0400] {subprocess.py:93} INFO - [0m00:36:26  [32mCompleted successfully[0m
[2024-04-15T20:36:26.483-0400] {subprocess.py:93} INFO - [0m00:36:26
[2024-04-15T20:36:26.484-0400] {subprocess.py:93} INFO - [0m00:36:26  Done. PASS=3 WARN=0 ERROR=0 SKIP=0 TOTAL=3
[2024-04-15T20:36:26.965-0400] {subprocess.py:97} INFO - Command exited with return code 0
[2024-04-15T20:36:26.967-0400] {taskinstance.py:441} INFO - ::group::Post task execution logs
[2024-04-15T20:36:26.986-0400] {taskinstance.py:1205} INFO - Marking task as SUCCESS. dag_id=preprocessing_dag, task_id=bash_task, execution_date=20240229T000000, start_date=20240416T003618, end_date=20240416T003626
[2024-04-15T20:36:27.002-0400] {local_task_job_runner.py:240} INFO - Task exited with return code 0
[2024-04-15T20:36:27.013-0400] {taskinstance.py:3482} INFO - 1 downstream tasks scheduled from follow-on schedule check
[2024-04-15T20:36:27.014-0400] {local_task_job_runner.py:222} INFO - ::endgroup::
