[2024-04-15T19:05:36.044-0400] {local_task_job_runner.py:120} INFO - ::group::Pre task execution logs
[2024-04-15T19:05:36.062-0400] {taskinstance.py:2073} INFO - Dependencies all met for dep_context=non-requeueable deps ti=<TaskInstance: preprocessing_dag.bash_task scheduled__2024-01-22T00:00:00+00:00 [queued]>
[2024-04-15T19:05:36.064-0400] {taskinstance.py:2073} INFO - Dependencies all met for dep_context=requeueable deps ti=<TaskInstance: preprocessing_dag.bash_task scheduled__2024-01-22T00:00:00+00:00 [queued]>
[2024-04-15T19:05:36.064-0400] {taskinstance.py:2303} INFO - Starting attempt 1 of 2
[2024-04-15T19:05:36.072-0400] {taskinstance.py:2327} INFO - Executing <Task(BashOperator): bash_task> on 2024-01-22 00:00:00+00:00
[2024-04-15T19:05:36.079-0400] {standard_task_runner.py:63} INFO - Started process 49477 to run task
[2024-04-15T19:05:36.087-0400] {standard_task_runner.py:90} INFO - Running: ['airflow', 'tasks', 'run', 'preprocessing_dag', 'bash_task', 'scheduled__2024-01-22T00:00:00+00:00', '--job-id', '93', '--raw', '--subdir', 'DAGS_FOLDER/preprocessing_dag.py', '--cfg-path', '/var/folders/rf/bv8hf2w15f1f30n5rv6mfypr0000gn/T/tmpcdokhpae']
[2024-04-15T19:05:36.090-0400] {standard_task_runner.py:91} INFO - Job 93: Subtask bash_task
[2024-04-15T19:05:36.114-0400] {task_command.py:426} INFO - Running <TaskInstance: preprocessing_dag.bash_task scheduled__2024-01-22T00:00:00+00:00 [running]> on host manis-macbook-air.local
[2024-04-15T19:05:36.155-0400] {taskinstance.py:2644} INFO - Exporting env vars: AIRFLOW_CTX_DAG_OWNER='airflow' AIRFLOW_CTX_DAG_ID='preprocessing_dag' AIRFLOW_CTX_TASK_ID='bash_task' AIRFLOW_CTX_EXECUTION_DATE='2024-01-22T00:00:00+00:00' AIRFLOW_CTX_TRY_NUMBER='1' AIRFLOW_CTX_DAG_RUN_ID='scheduled__2024-01-22T00:00:00+00:00'
[2024-04-15T19:05:36.156-0400] {taskinstance.py:430} INFO - ::endgroup::
[2024-04-15T19:05:36.157-0400] {subprocess.py:63} INFO - Tmp dir root location: /var/folders/rf/bv8hf2w15f1f30n5rv6mfypr0000gn/T
[2024-04-15T19:05:36.157-0400] {subprocess.py:75} INFO - Running command: ['/bin/bash', '-c', 'cd /Users/manideepakreddyaila/Desktop/projects/Legal_Insights_Engine/cap_dbt && dbt run']
[2024-04-15T19:05:36.162-0400] {subprocess.py:86} INFO - Output:
[2024-04-15T19:05:38.164-0400] {subprocess.py:93} INFO - [0m23:05:38  Running with dbt=1.7.11
[2024-04-15T19:05:39.390-0400] {subprocess.py:93} INFO - [0m23:05:39  Registered adapter: snowflake=1.7.3
[2024-04-15T19:05:39.555-0400] {subprocess.py:93} INFO - [0m23:05:39  Found 3 models, 1 source, 0 exposures, 0 metrics, 544 macros, 0 groups, 0 semantic models
[2024-04-15T19:05:39.557-0400] {subprocess.py:93} INFO - [0m23:05:39
[2024-04-15T19:05:41.021-0400] {subprocess.py:93} INFO - [0m23:05:41  Concurrency: 1 threads (target='dev')
[2024-04-15T19:05:41.037-0400] {subprocess.py:93} INFO - [0m23:05:41
[2024-04-15T19:05:41.054-0400] {subprocess.py:93} INFO - [0m23:05:41  1 of 3 START sql view model DEV.raw_data_processing ............................ [RUN]
[2024-04-15T19:05:41.959-0400] {subprocess.py:93} INFO - [0m23:05:41  1 of 3 OK created sql view model DEV.raw_data_processing ....................... [[32mSUCCESS 1[0m in 0.90s]
[2024-04-15T19:05:41.964-0400] {subprocess.py:93} INFO - [0m23:05:41  2 of 3 START sql view model DEV.flatten ........................................ [RUN]
[2024-04-15T19:05:42.498-0400] {subprocess.py:93} INFO - [0m23:05:42  2 of 3 OK created sql view model DEV.flatten ................................... [[32mSUCCESS 1[0m in 0.53s]
[2024-04-15T19:05:42.500-0400] {subprocess.py:93} INFO - [0m23:05:42  3 of 3 START sql table model DEV.aggregation ................................... [RUN]
[2024-04-15T19:05:43.767-0400] {subprocess.py:93} INFO - [0m23:05:43  3 of 3 OK created sql table model DEV.aggregation .............................. [[32mSUCCESS 1[0m in 1.27s]
[2024-04-15T19:05:43.770-0400] {subprocess.py:93} INFO - [0m23:05:43
[2024-04-15T19:05:43.770-0400] {subprocess.py:93} INFO - [0m23:05:43  Finished running 2 view models, 1 table model in 0 hours 0 minutes and 4.21 seconds (4.21s).
[2024-04-15T19:05:43.780-0400] {subprocess.py:93} INFO - [0m23:05:43
[2024-04-15T19:05:43.781-0400] {subprocess.py:93} INFO - [0m23:05:43  [32mCompleted successfully[0m
[2024-04-15T19:05:43.781-0400] {subprocess.py:93} INFO - [0m23:05:43
[2024-04-15T19:05:43.782-0400] {subprocess.py:93} INFO - [0m23:05:43  Done. PASS=3 WARN=0 ERROR=0 SKIP=0 TOTAL=3
[2024-04-15T19:05:44.588-0400] {subprocess.py:97} INFO - Command exited with return code 0
[2024-04-15T19:05:44.592-0400] {taskinstance.py:441} INFO - ::group::Post task execution logs
[2024-04-15T19:05:44.626-0400] {taskinstance.py:1205} INFO - Marking task as SUCCESS. dag_id=preprocessing_dag, task_id=bash_task, execution_date=20240122T000000, start_date=20240415T230536, end_date=20240415T230544
[2024-04-15T19:05:44.679-0400] {local_task_job_runner.py:240} INFO - Task exited with return code 0
[2024-04-15T19:05:44.737-0400] {taskinstance.py:3482} INFO - 1 downstream tasks scheduled from follow-on schedule check
[2024-04-15T19:05:44.739-0400] {local_task_job_runner.py:222} INFO - ::endgroup::
