[2024-04-15T13:42:26.499-0400] {local_task_job_runner.py:120} INFO - ::group::Pre task execution logs
[2024-04-15T13:42:26.518-0400] {taskinstance.py:2073} INFO - Dependencies all met for dep_context=non-requeueable deps ti=<TaskInstance: preprocessing_dag.bash_task manual__2024-04-15T17:37:34.824181+00:00 [queued]>
[2024-04-15T13:42:26.522-0400] {taskinstance.py:2073} INFO - Dependencies all met for dep_context=requeueable deps ti=<TaskInstance: preprocessing_dag.bash_task manual__2024-04-15T17:37:34.824181+00:00 [queued]>
[2024-04-15T13:42:26.523-0400] {taskinstance.py:2303} INFO - Starting attempt 1 of 2
[2024-04-15T13:42:26.529-0400] {taskinstance.py:2327} INFO - Executing <Task(BashOperator): bash_task> on 2024-04-15 17:37:34.824181+00:00
[2024-04-15T13:42:26.535-0400] {standard_task_runner.py:63} INFO - Started process 48270 to run task
[2024-04-15T13:42:26.539-0400] {standard_task_runner.py:90} INFO - Running: ['airflow', 'tasks', 'run', 'preprocessing_dag', 'bash_task', 'manual__2024-04-15T17:37:34.824181+00:00', '--job-id', '53', '--raw', '--subdir', 'DAGS_FOLDER/preprocessing_dag.py', '--cfg-path', '/var/folders/rf/bv8hf2w15f1f30n5rv6mfypr0000gn/T/tmpqndrvbcu']
[2024-04-15T13:42:26.542-0400] {standard_task_runner.py:91} INFO - Job 53: Subtask bash_task
[2024-04-15T13:42:26.574-0400] {task_command.py:426} INFO - Running <TaskInstance: preprocessing_dag.bash_task manual__2024-04-15T17:37:34.824181+00:00 [running]> on host manis-macbook-air.local
[2024-04-15T13:42:26.609-0400] {taskinstance.py:2644} INFO - Exporting env vars: AIRFLOW_CTX_DAG_OWNER='airflow' AIRFLOW_CTX_DAG_ID='preprocessing_dag' AIRFLOW_CTX_TASK_ID='bash_task' AIRFLOW_CTX_EXECUTION_DATE='2024-04-15T17:37:34.824181+00:00' AIRFLOW_CTX_TRY_NUMBER='1' AIRFLOW_CTX_DAG_RUN_ID='manual__2024-04-15T17:37:34.824181+00:00'
[2024-04-15T13:42:26.610-0400] {taskinstance.py:430} INFO - ::endgroup::
[2024-04-15T13:42:26.611-0400] {subprocess.py:63} INFO - Tmp dir root location: /var/folders/rf/bv8hf2w15f1f30n5rv6mfypr0000gn/T
[2024-04-15T13:42:26.612-0400] {subprocess.py:75} INFO - Running command: ['/bin/bash', '-c', 'cd /Users/manideepakreddyaila/Desktop/projects/Legal_Insights_Engine/cap_dbt && dbt run']
[2024-04-15T13:42:26.618-0400] {subprocess.py:86} INFO - Output:
[2024-04-15T13:42:28.637-0400] {subprocess.py:93} INFO - [0m17:42:28  Running with dbt=1.7.11
[2024-04-15T13:42:29.762-0400] {subprocess.py:93} INFO - [0m17:42:29  Registered adapter: snowflake=1.7.3
[2024-04-15T13:42:29.909-0400] {subprocess.py:93} INFO - [0m17:42:29  Found 3 models, 1 source, 0 exposures, 0 metrics, 544 macros, 0 groups, 0 semantic models
[2024-04-15T13:42:29.911-0400] {subprocess.py:93} INFO - [0m17:42:29
[2024-04-15T13:42:31.200-0400] {subprocess.py:93} INFO - [0m17:42:31  Concurrency: 1 threads (target='dev')
[2024-04-15T13:42:31.201-0400] {subprocess.py:93} INFO - [0m17:42:31
[2024-04-15T13:42:31.204-0400] {subprocess.py:93} INFO - [0m17:42:31  1 of 3 START sql view model DEV.raw_data_processing ............................ [RUN]
[2024-04-15T13:42:31.616-0400] {subprocess.py:93} INFO - [0m17:42:31  1 of 3 OK created sql view model DEV.raw_data_processing ....................... [[32mSUCCESS 1[0m in 0.41s]
[2024-04-15T13:42:31.617-0400] {subprocess.py:93} INFO - [0m17:42:31  2 of 3 START sql view model DEV.flatten ........................................ [RUN]
[2024-04-15T13:42:32.217-0400] {subprocess.py:93} INFO - [0m17:42:32  2 of 3 OK created sql view model DEV.flatten ................................... [[32mSUCCESS 1[0m in 0.60s]
[2024-04-15T13:42:32.218-0400] {subprocess.py:93} INFO - [0m17:42:32  3 of 3 START sql table model DEV.aggregation ................................... [RUN]
[2024-04-15T13:42:34.209-0400] {subprocess.py:93} INFO - [0m17:42:34  3 of 3 OK created sql table model DEV.aggregation .............................. [[32mSUCCESS 1[0m in 1.99s]
[2024-04-15T13:42:34.212-0400] {subprocess.py:93} INFO - [0m17:42:34
[2024-04-15T13:42:34.212-0400] {subprocess.py:93} INFO - [0m17:42:34  Finished running 2 view models, 1 table model in 0 hours 0 minutes and 4.30 seconds (4.30s).
[2024-04-15T13:42:34.223-0400] {subprocess.py:93} INFO - [0m17:42:34
[2024-04-15T13:42:34.223-0400] {subprocess.py:93} INFO - [0m17:42:34  [32mCompleted successfully[0m
[2024-04-15T13:42:34.224-0400] {subprocess.py:93} INFO - [0m17:42:34
[2024-04-15T13:42:34.224-0400] {subprocess.py:93} INFO - [0m17:42:34  Done. PASS=3 WARN=0 ERROR=0 SKIP=0 TOTAL=3
[2024-04-15T13:42:34.686-0400] {subprocess.py:97} INFO - Command exited with return code 0
[2024-04-15T13:42:34.688-0400] {taskinstance.py:441} INFO - ::group::Post task execution logs
[2024-04-15T13:42:34.701-0400] {taskinstance.py:1205} INFO - Marking task as SUCCESS. dag_id=preprocessing_dag, task_id=bash_task, execution_date=20240415T173734, start_date=20240415T174226, end_date=20240415T174234
[2024-04-15T13:42:34.732-0400] {local_task_job_runner.py:240} INFO - Task exited with return code 0
[2024-04-15T13:42:34.743-0400] {taskinstance.py:3482} INFO - 1 downstream tasks scheduled from follow-on schedule check
[2024-04-15T13:42:34.744-0400] {local_task_job_runner.py:222} INFO - ::endgroup::
