[2024-04-15T19:50:22.209-0400] {local_task_job_runner.py:120} INFO - ::group::Pre task execution logs
[2024-04-15T19:50:22.248-0400] {taskinstance.py:2073} INFO - Dependencies all met for dep_context=non-requeueable deps ti=<TaskInstance: preprocessing_dag.bash_task scheduled__2024-02-20T00:00:00+00:00 [queued]>
[2024-04-15T19:50:22.252-0400] {taskinstance.py:2073} INFO - Dependencies all met for dep_context=requeueable deps ti=<TaskInstance: preprocessing_dag.bash_task scheduled__2024-02-20T00:00:00+00:00 [queued]>
[2024-04-15T19:50:22.253-0400] {taskinstance.py:2303} INFO - Starting attempt 1 of 2
[2024-04-15T19:50:22.263-0400] {taskinstance.py:2327} INFO - Executing <Task(BashOperator): bash_task> on 2024-02-20 00:00:00+00:00
[2024-04-15T19:50:22.268-0400] {standard_task_runner.py:63} INFO - Started process 50253 to run task
[2024-04-15T19:50:22.273-0400] {standard_task_runner.py:90} INFO - Running: ['airflow', 'tasks', 'run', 'preprocessing_dag', 'bash_task', 'scheduled__2024-02-20T00:00:00+00:00', '--job-id', '153', '--raw', '--subdir', 'DAGS_FOLDER/preprocessing_dag.py', '--cfg-path', '/var/folders/rf/bv8hf2w15f1f30n5rv6mfypr0000gn/T/tmpifas_eu_']
[2024-04-15T19:50:22.276-0400] {standard_task_runner.py:91} INFO - Job 153: Subtask bash_task
[2024-04-15T19:50:22.339-0400] {task_command.py:426} INFO - Running <TaskInstance: preprocessing_dag.bash_task scheduled__2024-02-20T00:00:00+00:00 [running]> on host manis-macbook-air.local
[2024-04-15T19:50:22.418-0400] {taskinstance.py:2644} INFO - Exporting env vars: AIRFLOW_CTX_DAG_OWNER='airflow' AIRFLOW_CTX_DAG_ID='preprocessing_dag' AIRFLOW_CTX_TASK_ID='bash_task' AIRFLOW_CTX_EXECUTION_DATE='2024-02-20T00:00:00+00:00' AIRFLOW_CTX_TRY_NUMBER='1' AIRFLOW_CTX_DAG_RUN_ID='scheduled__2024-02-20T00:00:00+00:00'
[2024-04-15T19:50:22.419-0400] {taskinstance.py:430} INFO - ::endgroup::
[2024-04-15T19:50:22.438-0400] {subprocess.py:63} INFO - Tmp dir root location: /var/folders/rf/bv8hf2w15f1f30n5rv6mfypr0000gn/T
[2024-04-15T19:50:22.439-0400] {subprocess.py:75} INFO - Running command: ['/bin/bash', '-c', 'cd /Users/manideepakreddyaila/Desktop/projects/Legal_Insights_Engine/cap_dbt && dbt run']
[2024-04-15T19:50:22.446-0400] {subprocess.py:86} INFO - Output:
[2024-04-15T19:50:26.012-0400] {subprocess.py:93} INFO - [0m23:50:26  Running with dbt=1.7.11
[2024-04-15T19:50:27.603-0400] {subprocess.py:93} INFO - [0m23:50:27  Registered adapter: snowflake=1.7.3
[2024-04-15T19:50:27.789-0400] {subprocess.py:93} INFO - [0m23:50:27  Found 3 models, 1 source, 0 exposures, 0 metrics, 544 macros, 0 groups, 0 semantic models
[2024-04-15T19:50:27.791-0400] {subprocess.py:93} INFO - [0m23:50:27
[2024-04-15T19:50:29.071-0400] {subprocess.py:93} INFO - [0m23:50:29  Concurrency: 1 threads (target='dev')
[2024-04-15T19:50:29.073-0400] {subprocess.py:93} INFO - [0m23:50:29
[2024-04-15T19:50:29.076-0400] {subprocess.py:93} INFO - [0m23:50:29  1 of 3 START sql view model DEV.raw_data_processing ............................ [RUN]
[2024-04-15T19:50:29.963-0400] {subprocess.py:93} INFO - [0m23:50:29  1 of 3 OK created sql view model DEV.raw_data_processing ....................... [[32mSUCCESS 1[0m in 0.88s]
[2024-04-15T19:50:29.965-0400] {subprocess.py:93} INFO - [0m23:50:29  2 of 3 START sql view model DEV.flatten ........................................ [RUN]
[2024-04-15T19:50:30.896-0400] {subprocess.py:93} INFO - [0m23:50:30  2 of 3 OK created sql view model DEV.flatten ................................... [[32mSUCCESS 1[0m in 0.93s]
[2024-04-15T19:50:30.898-0400] {subprocess.py:93} INFO - [0m23:50:30  3 of 3 START sql table model DEV.aggregation ................................... [RUN]
[2024-04-15T19:50:32.753-0400] {subprocess.py:93} INFO - [0m23:50:32  3 of 3 OK created sql table model DEV.aggregation .............................. [[32mSUCCESS 1[0m in 1.85s]
[2024-04-15T19:50:32.762-0400] {subprocess.py:93} INFO - [0m23:50:32
[2024-04-15T19:50:32.763-0400] {subprocess.py:93} INFO - [0m23:50:32  Finished running 2 view models, 1 table model in 0 hours 0 minutes and 4.97 seconds (4.97s).
[2024-04-15T19:50:32.827-0400] {subprocess.py:93} INFO - [0m23:50:32
[2024-04-15T19:50:32.829-0400] {subprocess.py:93} INFO - [0m23:50:32  [32mCompleted successfully[0m
[2024-04-15T19:50:32.830-0400] {subprocess.py:93} INFO - [0m23:50:32
[2024-04-15T19:50:32.832-0400] {subprocess.py:93} INFO - [0m23:50:32  Done. PASS=3 WARN=0 ERROR=0 SKIP=0 TOTAL=3
[2024-04-15T19:50:33.622-0400] {subprocess.py:97} INFO - Command exited with return code 0
[2024-04-15T19:50:33.624-0400] {taskinstance.py:441} INFO - ::group::Post task execution logs
[2024-04-15T19:50:33.645-0400] {taskinstance.py:1205} INFO - Marking task as SUCCESS. dag_id=preprocessing_dag, task_id=bash_task, execution_date=20240220T000000, start_date=20240415T235022, end_date=20240415T235033
[2024-04-15T19:50:33.677-0400] {local_task_job_runner.py:240} INFO - Task exited with return code 0
[2024-04-15T19:50:33.694-0400] {taskinstance.py:3482} INFO - 1 downstream tasks scheduled from follow-on schedule check
[2024-04-15T19:50:33.696-0400] {local_task_job_runner.py:222} INFO - ::endgroup::
