[2024-04-15T20:37:47.675-0400] {local_task_job_runner.py:120} INFO - ::group::Pre task execution logs
[2024-04-15T20:37:47.701-0400] {taskinstance.py:2073} INFO - Dependencies all met for dep_context=non-requeueable deps ti=<TaskInstance: preprocessing_dag.bash_task scheduled__2024-03-28T00:00:00+00:00 [queued]>
[2024-04-15T20:37:47.704-0400] {taskinstance.py:2073} INFO - Dependencies all met for dep_context=requeueable deps ti=<TaskInstance: preprocessing_dag.bash_task scheduled__2024-03-28T00:00:00+00:00 [queued]>
[2024-04-15T20:37:47.705-0400] {taskinstance.py:2303} INFO - Starting attempt 1 of 2
[2024-04-15T20:37:47.716-0400] {taskinstance.py:2327} INFO - Executing <Task(BashOperator): bash_task> on 2024-03-28 00:00:00+00:00
[2024-04-15T20:37:47.721-0400] {standard_task_runner.py:63} INFO - Started process 52922 to run task
[2024-04-15T20:37:47.726-0400] {standard_task_runner.py:90} INFO - Running: ['airflow', 'tasks', 'run', 'preprocessing_dag', 'bash_task', 'scheduled__2024-03-28T00:00:00+00:00', '--job-id', '229', '--raw', '--subdir', 'DAGS_FOLDER/preprocessing_dag.py', '--cfg-path', '/var/folders/rf/bv8hf2w15f1f30n5rv6mfypr0000gn/T/tmpzy0bzhma']
[2024-04-15T20:37:47.729-0400] {standard_task_runner.py:91} INFO - Job 229: Subtask bash_task
[2024-04-15T20:37:47.774-0400] {task_command.py:426} INFO - Running <TaskInstance: preprocessing_dag.bash_task scheduled__2024-03-28T00:00:00+00:00 [running]> on host manis-macbook-air.local
[2024-04-15T20:37:47.827-0400] {taskinstance.py:2644} INFO - Exporting env vars: AIRFLOW_CTX_DAG_OWNER='airflow' AIRFLOW_CTX_DAG_ID='preprocessing_dag' AIRFLOW_CTX_TASK_ID='bash_task' AIRFLOW_CTX_EXECUTION_DATE='2024-03-28T00:00:00+00:00' AIRFLOW_CTX_TRY_NUMBER='1' AIRFLOW_CTX_DAG_RUN_ID='scheduled__2024-03-28T00:00:00+00:00'
[2024-04-15T20:37:47.827-0400] {taskinstance.py:430} INFO - ::endgroup::
[2024-04-15T20:37:47.838-0400] {subprocess.py:63} INFO - Tmp dir root location: /var/folders/rf/bv8hf2w15f1f30n5rv6mfypr0000gn/T
[2024-04-15T20:37:47.839-0400] {subprocess.py:75} INFO - Running command: ['/bin/bash', '-c', 'cd /Users/manideepakreddyaila/Desktop/projects/Legal_Insights_Engine/cap_dbt && dbt run']
[2024-04-15T20:37:47.845-0400] {subprocess.py:86} INFO - Output:
[2024-04-15T20:37:50.222-0400] {subprocess.py:93} INFO - [0m00:37:50  Running with dbt=1.7.11
[2024-04-15T20:37:52.717-0400] {subprocess.py:93} INFO - [0m00:37:52  Registered adapter: snowflake=1.7.3
[2024-04-15T20:37:53.284-0400] {subprocess.py:93} INFO - [0m00:37:53  Found 3 models, 1 source, 0 exposures, 0 metrics, 544 macros, 0 groups, 0 semantic models
[2024-04-15T20:37:53.285-0400] {subprocess.py:93} INFO - [0m00:37:53
[2024-04-15T20:37:54.529-0400] {subprocess.py:93} INFO - [0m00:37:54  Concurrency: 1 threads (target='dev')
[2024-04-15T20:37:54.548-0400] {subprocess.py:93} INFO - [0m00:37:54
[2024-04-15T20:37:54.556-0400] {subprocess.py:93} INFO - [0m00:37:54  1 of 3 START sql view model DEV.raw_data_processing ............................ [RUN]
[2024-04-15T20:37:55.300-0400] {subprocess.py:93} INFO - [0m00:37:55  1 of 3 OK created sql view model DEV.raw_data_processing ....................... [[32mSUCCESS 1[0m in 0.73s]
[2024-04-15T20:37:55.313-0400] {subprocess.py:93} INFO - [0m00:37:55  2 of 3 START sql view model DEV.flatten ........................................ [RUN]
[2024-04-15T20:37:56.317-0400] {subprocess.py:93} INFO - [0m00:37:56  2 of 3 OK created sql view model DEV.flatten ................................... [[32mSUCCESS 1[0m in 1.00s]
[2024-04-15T20:37:56.322-0400] {subprocess.py:93} INFO - [0m00:37:56  3 of 3 START sql table model DEV.aggregation ................................... [RUN]
[2024-04-15T20:37:58.210-0400] {subprocess.py:93} INFO - [0m00:37:58  3 of 3 OK created sql table model DEV.aggregation .............................. [[32mSUCCESS 1[0m in 1.88s]
[2024-04-15T20:37:58.233-0400] {subprocess.py:93} INFO - [0m00:37:58
[2024-04-15T20:37:58.234-0400] {subprocess.py:93} INFO - [0m00:37:58  Finished running 2 view models, 1 table model in 0 hours 0 minutes and 4.94 seconds (4.94s).
[2024-04-15T20:37:58.253-0400] {subprocess.py:93} INFO - [0m00:37:58
[2024-04-15T20:37:58.254-0400] {subprocess.py:93} INFO - [0m00:37:58  [32mCompleted successfully[0m
[2024-04-15T20:37:58.255-0400] {subprocess.py:93} INFO - [0m00:37:58
[2024-04-15T20:37:58.256-0400] {subprocess.py:93} INFO - [0m00:37:58  Done. PASS=3 WARN=0 ERROR=0 SKIP=0 TOTAL=3
[2024-04-15T20:37:59.328-0400] {subprocess.py:97} INFO - Command exited with return code 0
[2024-04-15T20:37:59.331-0400] {taskinstance.py:441} INFO - ::group::Post task execution logs
[2024-04-15T20:37:59.379-0400] {taskinstance.py:1205} INFO - Marking task as SUCCESS. dag_id=preprocessing_dag, task_id=bash_task, execution_date=20240328T000000, start_date=20240416T003747, end_date=20240416T003759
[2024-04-15T20:37:59.437-0400] {local_task_job_runner.py:240} INFO - Task exited with return code 0
[2024-04-15T20:37:59.463-0400] {taskinstance.py:3482} INFO - 1 downstream tasks scheduled from follow-on schedule check
[2024-04-15T20:37:59.464-0400] {local_task_job_runner.py:222} INFO - ::endgroup::
