[2024-04-15T13:37:19.062-0400] {local_task_job_runner.py:120} INFO - ::group::Pre task execution logs
[2024-04-15T13:37:19.072-0400] {taskinstance.py:2073} INFO - Dependencies all met for dep_context=non-requeueable deps ti=<TaskInstance: preprocessing_dag.bash_task manual__2024-04-15T17:37:15.327473+00:00 [queued]>
[2024-04-15T13:37:19.074-0400] {taskinstance.py:2073} INFO - Dependencies all met for dep_context=requeueable deps ti=<TaskInstance: preprocessing_dag.bash_task manual__2024-04-15T17:37:15.327473+00:00 [queued]>
[2024-04-15T13:37:19.074-0400] {taskinstance.py:2303} INFO - Starting attempt 1 of 2
[2024-04-15T13:37:19.078-0400] {taskinstance.py:2327} INFO - Executing <Task(BashOperator): bash_task> on 2024-04-15 17:37:15.327473+00:00
[2024-04-15T13:37:19.082-0400] {standard_task_runner.py:63} INFO - Started process 48000 to run task
[2024-04-15T13:37:19.085-0400] {standard_task_runner.py:90} INFO - Running: ['airflow', 'tasks', 'run', 'preprocessing_dag', 'bash_task', 'manual__2024-04-15T17:37:15.327473+00:00', '--job-id', '39', '--raw', '--subdir', 'DAGS_FOLDER/preprocessing_dag.py', '--cfg-path', '/var/folders/rf/bv8hf2w15f1f30n5rv6mfypr0000gn/T/tmpgkuzwa5b']
[2024-04-15T13:37:19.087-0400] {standard_task_runner.py:91} INFO - Job 39: Subtask bash_task
[2024-04-15T13:37:19.117-0400] {task_command.py:426} INFO - Running <TaskInstance: preprocessing_dag.bash_task manual__2024-04-15T17:37:15.327473+00:00 [running]> on host manis-macbook-air.local
[2024-04-15T13:37:19.142-0400] {taskinstance.py:2644} INFO - Exporting env vars: AIRFLOW_CTX_DAG_OWNER='airflow' AIRFLOW_CTX_DAG_ID='preprocessing_dag' AIRFLOW_CTX_TASK_ID='bash_task' AIRFLOW_CTX_EXECUTION_DATE='2024-04-15T17:37:15.327473+00:00' AIRFLOW_CTX_TRY_NUMBER='1' AIRFLOW_CTX_DAG_RUN_ID='manual__2024-04-15T17:37:15.327473+00:00'
[2024-04-15T13:37:19.142-0400] {taskinstance.py:430} INFO - ::endgroup::
[2024-04-15T13:37:19.143-0400] {subprocess.py:63} INFO - Tmp dir root location: /var/folders/rf/bv8hf2w15f1f30n5rv6mfypr0000gn/T
[2024-04-15T13:37:19.144-0400] {subprocess.py:75} INFO - Running command: ['/bin/bash', '-c', 'cd /Users/manideepakreddyaila/Desktop/projects/Legal_Insights_Engine/cap_dbt && dbt run']
[2024-04-15T13:37:19.148-0400] {subprocess.py:86} INFO - Output:
[2024-04-15T13:37:20.247-0400] {subprocess.py:93} INFO - [0m17:37:20  Running with dbt=1.7.11
[2024-04-15T13:37:21.127-0400] {subprocess.py:93} INFO - [0m17:37:21  Registered adapter: snowflake=1.7.3
[2024-04-15T13:37:21.311-0400] {subprocess.py:93} INFO - [0m17:37:21  Found 3 models, 1 source, 0 exposures, 0 metrics, 544 macros, 0 groups, 0 semantic models
[2024-04-15T13:37:21.312-0400] {subprocess.py:93} INFO - [0m17:37:21
[2024-04-15T13:37:22.571-0400] {subprocess.py:93} INFO - [0m17:37:22  Concurrency: 1 threads (target='dev')
[2024-04-15T13:37:22.572-0400] {subprocess.py:93} INFO - [0m17:37:22
[2024-04-15T13:37:22.574-0400] {subprocess.py:93} INFO - [0m17:37:22  1 of 3 START sql view model DEV.raw_data_processing ............................ [RUN]
[2024-04-15T13:37:23.023-0400] {subprocess.py:93} INFO - [0m17:37:23  1 of 3 OK created sql view model DEV.raw_data_processing ....................... [[32mSUCCESS 1[0m in 0.45s]
[2024-04-15T13:37:23.024-0400] {subprocess.py:93} INFO - [0m17:37:23  2 of 3 START sql view model DEV.flatten ........................................ [RUN]
[2024-04-15T13:37:23.445-0400] {subprocess.py:93} INFO - [0m17:37:23  2 of 3 OK created sql view model DEV.flatten ................................... [[32mSUCCESS 1[0m in 0.42s]
[2024-04-15T13:37:23.448-0400] {subprocess.py:93} INFO - [0m17:37:23  3 of 3 START sql table model DEV.aggregation ................................... [RUN]
[2024-04-15T13:37:24.761-0400] {subprocess.py:93} INFO - [0m17:37:24  3 of 3 OK created sql table model DEV.aggregation .............................. [[32mSUCCESS 1[0m in 1.31s]
[2024-04-15T13:37:24.764-0400] {subprocess.py:93} INFO - [0m17:37:24
[2024-04-15T13:37:24.764-0400] {subprocess.py:93} INFO - [0m17:37:24  Finished running 2 view models, 1 table model in 0 hours 0 minutes and 3.45 seconds (3.45s).
[2024-04-15T13:37:24.774-0400] {subprocess.py:93} INFO - [0m17:37:24
[2024-04-15T13:37:24.775-0400] {subprocess.py:93} INFO - [0m17:37:24  [32mCompleted successfully[0m
[2024-04-15T13:37:24.776-0400] {subprocess.py:93} INFO - [0m17:37:24
[2024-04-15T13:37:24.776-0400] {subprocess.py:93} INFO - [0m17:37:24  Done. PASS=3 WARN=0 ERROR=0 SKIP=0 TOTAL=3
[2024-04-15T13:37:25.200-0400] {subprocess.py:97} INFO - Command exited with return code 0
[2024-04-15T13:37:25.201-0400] {taskinstance.py:441} INFO - ::group::Post task execution logs
[2024-04-15T13:37:25.213-0400] {taskinstance.py:1205} INFO - Marking task as SUCCESS. dag_id=preprocessing_dag, task_id=bash_task, execution_date=20240415T173715, start_date=20240415T173719, end_date=20240415T173725
[2024-04-15T13:37:25.257-0400] {local_task_job_runner.py:240} INFO - Task exited with return code 0
[2024-04-15T13:37:25.266-0400] {taskinstance.py:3482} INFO - 1 downstream tasks scheduled from follow-on schedule check
[2024-04-15T13:37:25.266-0400] {local_task_job_runner.py:222} INFO - ::endgroup::
